1285056115 305666 59.871006 10.657725 175104 1019
1285056116 306676 59.871006 10.657725 144208 1010
1285056117 307677 59.871009 10.657743 192888 1001
1285056118 308686 59.871017 10.657746 190152 1009
1285056119 309696 59.871027 10.657767 142840 1010
1285056120 310708 59.871027 10.657767 180576 1012
1285056121 311716 59.871038 10.657788 140104 1008
1285056122 312726 59.871044 10.657809 119016 1010
1285056123 313746 59.871057 10.657812 119016 1019
1285056124 314849 59.871057 10.657812 16384 1103
1285056125 315856 59.871063 10.657833 229056 1007
1285056126 316866 59.871081 10.657857 146376 1010
1285056127 317876 59.871093 10.65786 132696 1010
1285056128 318887 59.871093 10.65786 129160 1011
1285056129 319896 59.871104 10.657881 165528 1009
1285056130 320906 59.871118 10.657905 149680 1010
1285056131 321916 59.871128 10.657926 98496 1010
1285056132 322926 59.871128 10.657926 129960 1010
1285056133 323936 59.871139 10.657947 146376 1010
1285056134 324946 59.871159 10.657954 101800 1010
1285056135 325966 59.871173 10.657978 102600 1020
1285056136 326976 59.871173 10.657978 84816 1010
1285056137 327987 59.871183 10.657998 131328 1011
1285056138 328988 59.871202 10.658023 89488 1001
1285056139 329996 59.871221 10.658029 119016 1008
1285056140 331026 59.871221 10.658029 127224 1030
1285056141 332036 59.87124 10.658053 118216 1010
1285056142 333046 59.87125 10.658074 177840 1010
1285056143 334056 59.871269 10.658098 184680 1010
1285056144 335066 59.871269 10.658098 152416 1010
1285056145 336076 59.871287 10.658123 177840 1010
1285056146 337086 59.871307 10.658129 171568 1010
1285056147 338087 59.871325 10.658153 160056 1001
1285056148 339095 59.871325 10.658153 149112 1008
1285056149 340105 59.871351 10.658181 129160 1010
1285056150 341106 59.87137 10.658205 102600 1001
1285056151 342116 59.871388 10.658229 147744 1010
1285056152 343136 59.871388 10.658229 156520 1020
1285056153 344146 59.871411 10.658253 232560 1010
1285056154 345155 59.871438 10.658263 161992 1009
1285056155 346166 59.871456 10.658287 171000 1011
1285056156 347265 59.871456 10.658287 148312 1099
1285056157 348286 59.871482 10.658315 106704 1021
1285056158 349316 59.871505 10.658339 103968 1030
1285056159 350325 59.871533 10.658349 138168 1009
1285056160 351346 59.871533 10.658349 148312 1021
1285056161 352355 59.871551 10.658373 187416 1009
1285056162 353365 59.871581 10.6584 137368 1010
1285056163 354376 59.8716 10.658424 161424 1011
1285056164 355395 59.8716 10.658424 173736 1019
1285056165 356405 59.871626 10.658452 134632 1010
1285056166 357406 59.871656 10.658479 187416 1001
1285056167 358415 59.871682 10.658507 170201 1009
1285056168 359426 59.871682 10.658507 196992 1011
1285056170 360596 59.871713 10.658534 203032 1170
1285056171 361605 59.871739 10.658562 205200 1009
1285056172 362715 59.871769 10.658589 203032 1110
1285056173 363716 59.871769 10.658589 201096 1001
1285056174 364717 59.871795 10.658617 187416 1001
1285056175 365732 59.871825 10.658644 152416 1015
1285056176 366735 59.87186 10.658657 214776 1003
1285056177 367736 59.87186 10.658657 182512 1001
1285056178 368745 59.871891 10.658685 196992 1009
1285056179 369755 59.871921 10.658712 181144 1010
1285056180 370765 59.871947 10.65874 250344 1010
1285056181 371766 59.871947 10.65874 192088 1001
1285056182 372775 59.871985 10.65877 246240 1009
1285056183 373776 59.872016 10.658798 198928 1001
1285056184 374785 59.872046 10.658825 244872 1009
1285056185 375795 59.872046 10.658825 157888 1010
1285056186 376796 59.872084 10.658856 218880 1001
1285056187 377805 59.87211 10.658883 174304 1009
1285056188 378815 59.872148 10.658914 191520 1010
1285056189 379826 59.872148 10.658914 160624 1011
1285056190 380835 59.872187 10.658945 125856 1009
1285056191 381845 59.872216 10.65899 131328 1010
1285056192 382855 59.872254 10.659021 92224 1010
1285056193 383865 59.872254 10.659021 106704 1010
1285056194 384866 59.87228 10.659048 153216 1001
1285056195 385885 59.872316 10.659096 157888 1019
1285056196 386895 59.872354 10.659127 165528 1010
1285056197 387896 59.872354 10.659127 134064 1001
1285056198 388905 59.872385 10.659155 119584 1009
1285056199 389925 59.872421 10.659203 79344 1020
1285056202 392806 59.87246 10.659234 64264 2881
1285056203 393825 59.87246 10.659234 255048 1019
1285056204 394855 59.872496 10.659282 53352 1030
1285056206 396852 59.872527 10.659309 12312 1997
1285056207 397865 59.872565 10.65934 105336 1013
1285056208 398895 59.872565 10.65934 76608 1030
1285056209 399905 59.872601 10.659389 68400 1010
1285056210 400925 59.87264 10.659419 71704 1020
1285056211 401935 59.872676 10.659468 60192 1010
1285056212 402945 59.872676 10.659468 105336 1010
1285056213 403965 59.872714 10.659498 67032 1020
1285056214 404985 59.872752 10.659529 35632 1020
1285056215 405995 59.872789 10.659577 86120 1010
1285056216 407005 59.872789 10.659577 93592 1010
1285056217 408025 59.872827 10.659608 112176 1020
1285056218 409055 59.872865 10.659639 87552 1030
1285056219 410075 59.872902 10.659687 57456 1020
1285056220 411115 59.872902 10.659687 54720 1040
1285056221 412285 59.87294 10.659718 59392 1170
1285056222 413305 59.872981 10.659766 72504 1020
1285056223 414306 59.873019 10.659797 53352 1001
1285056224 415374 59.873019 10.659797 57456 1068
1285056228 418605 59.873056 10.659845 8208 3231
1285056229 419614 59.873102 10.659879 272800 1008
1285056230 420915 59.873138 10.659928 90288 1301
1285056231 421925 59.873138 10.659928 103968 1010
1285056233 423615 59.873181 10.659958 58824 1690
1285056234 424624 59.873219 10.659989 172936 1008
1285056235 425627 59.873256 10.660037 128592 1003
1285056236 426634 59.873256 10.660037 147744 1007
1285056237 427644 59.873301 10.660072 111376 1010
1285056238 428654 59.873342 10.66012 90288 1010
1285056239 429655 59.873381 10.660151 114912 1001
1285056240 430684 59.873381 10.660151 106704 1029
1285056241 431708 59.873425 10.660202 79911 1024
1285056242 432734 59.873463 10.660233 38304 1026
1285056243 433765 59.873506 10.660264 47880 1031
1285056244 435495 59.873506 10.660264 4104 1730
1285056245 436505 59.87355 10.660315 273600 1010
1285056246 437515 59.873588 10.660346 114112 1010
1285056247 438526 59.873637 10.660398 162792 1011
1285056248 439534 59.873637 10.660398 135432 1008
1285056250 440553 59.873675 10.660428 86752 1019
1285056251 441554 59.873724 10.66048 101232 1001
1285056252 442564 59.873762 10.660511 91656 1010
1285056253 444244 59.873762 10.660511 9576 1680
1285056254 445274 59.873798 10.660559 138736 1030
1285056256 446605 59.873849 10.660593 47880 1331
1285056257 447615 59.873885 10.660641 82080 1010
1285056258 448624 59.873885 10.660641 71136 1009
1285056259 449644 59.873931 10.660675 54720 1020
1285056260 450654 59.873972 10.660724 68400 1010
1285056261 451656 59.874018 10.660758 97696 1002
1285056262 452664 59.874018 10.660758 146376 1008
1285056263 453674 59.874059 10.660806 143640 1010
1285056264 454684 59.874105 10.66084 107272 1010
1285056265 455685 59.874153 10.660892 113544 1001
1285056266 456694 59.874153 10.660892 101232 1009
1285056267 457708 59.874192 10.660923 90288 1014
1285056268 458724 59.874236 10.660974 61560 1016
1285056269 459744 59.874278 10.661005 40240 1020
1285056270 461005 59.874278 10.661005 17784 1261
1285056271 462044 59.874324 10.661039 79344 1039
1285056272 463074 59.874373 10.661091 30096 1030
1285056273 464474 59.874411 10.661121 50616 1400
1285056276 467236 59.874411 10.661121 8208 2609
1285056277 468245 59.87446 10.661173 99864 1009
1285056278 469274 59.874506 10.661207 43776 1029
1285056279 470314 59.874547 10.661255 38304 1040
1285056286 476555 59.874547 10.661255 37504 6241
1285056287 477570 59.874592 10.661289 80712 1015
1285056288 478584 59.874641 10.661341 83448 1014
1285056289 479591 59.874679 10.661372 64296 1007
1285056290 480604 59.874679 10.661372 67032 1013
1285056291 481614 59.874724 10.661423 86184 1010
1285056292 482624 59.874774 10.661457 77176 1010
1285056293 483644 59.87481 10.661506 77976 1020
1285056294 484654 59.87481 10.661506 36936 1010
1285056295 485784 59.874861 10.66154 24624 1130
1285056308 498748 59.874905 10.661591 1368 12964
1285056309 499758 59.874946 10.66164 80712 1010
1285056310 500788 59.874946 10.66164 88920 1030
1285056311 502008 59.874992 10.661674 49816 1220
1285056312 503038 59.875033 10.661722 51984 1030
1285056313 504049 59.875079 10.661756 86184 1011
1285056314 505058 59.875079 10.661756 112176 1009
1285056315 506069 59.875123 10.661808 108104 1011
1285056316 507108 59.875164 10.661856 52520 1039
1285056317 508158 59.87521 10.66189 28728 1050
1285056318 509168 59.87521 10.66189 28728 1010
1285056319 510178 59.875259 10.661942 62928 1010
1285056320 511188 59.875295 10.66199 106704 1010
1285056321 512208 59.875346 10.662024 108072 1020
1285056322 513218 59.875346 10.662024 73072 1010
1285056323 514318 59.875382 10.662072 94392 1100
1285056324 515328 59.875427 10.662124 131328 1010
1285056325 516338 59.875477 10.662158 123120 1010
1285056326 517348 59.875477 10.662158 93592 1010
1285056327 518358 59.875513 10.662206 132696 1010
1285056328 519368 59.875562 10.662258 140904 1010
1285056329 520388 59.875608 10.662292 131896 1020
1285056330 521408 59.875608 10.662292 160056 1020
1285056331 522409 59.875649 10.66234 145008 1001
1285056332 523418 59.875695 10.662374 136000 1009
1285056333 524428 59.875744 10.662426 150480 1010
1285056334 525438 59.875744 10.662426 146376 1010
1285056335 526458 59.87578 10.662474 115480 1020
1285056336 527459 59.87583 10.662508 116280 1001
1285056337 528468 59.875875 10.66256 95760 1009
1285056338 529488 59.875875 10.66256 99864 1020
1285056339 530498 59.875913 10.662591 77176 1010
1285056340 531508 59.875962 10.662642 97128 1010
1285056341 532518 59.876012 10.662676 106704 1010
1285056342 533528 59.876012 10.662676 101232 1010
1285056343 534529 59.876056 10.662728 78544 1001
1285056344 535537 59.876094 10.662759 109440 1008
1285056346 536558 59.876143 10.66281 121752 1021
1285056347 537559 59.876143 10.66281 124488 1001
1285056348 538568 59.876187 10.662862 101800 1009
1285056349 539589 59.87623 10.662893 136800 1021
1285056350 540598 59.876274 10.662944 140904 1009
1285056351 541608 59.876274 10.662944 116848 1010
1285056352 542617 59.876324 10.662978 113544 1009
1285056353 543637 59.876369 10.66303 105336 1020
1285056354 544647 59.87641 10.663078 113544 1010
1285056355 545667 59.87641 10.663078 116848 1020
1285056356 546677 59.876456 10.663112 128592 1010
1285056357 547678 59.876504 10.663164 136800 1001
1285056358 548698 59.876541 10.663212 157889 1020
1285056359 549708 59.876541 10.663212 194256 1010
1285056360 550709 59.876585 10.663264 172936 1001
1285056361 551711 59.876634 10.663315 172368 1002
1285056362 552717 59.876672 10.663346 162792 1006
1285056363 553727 59.876672 10.663346 142840 1010
1285056364 554737 59.876721 10.663398 173736 1010
1285056365 555738 59.876758 10.663446 146944 1001
1285056366 556748 59.876806 10.663498 140904 1010
1285056367 557757 59.876806 10.663498 142272 1009
1285056368 558758 59.876851 10.663549 131896 1001
1285056369 559767 59.876887 10.663598 162792 1009
1285056370 560778 59.876936 10.663649 166896 1011
1285056371 561788 59.876936 10.663649 133264 1010
1285056372 562797 59.876973 10.663698 149112 1009
1285056373 563917 59.87702 10.663767 161992 1120
1285056374 564918 59.877057 10.663815 164160 1001
1285056375 565927 59.877057 10.663815 175104 1009
1285056376 566937 59.877101 10.663867 138736 1010
1285056377 567938 59.877142 10.663915 180576 1001
1285056378 568947 59.877185 10.663984 163360 1009
1285056379 569957 59.877185 10.663984 187416 1010
1285056380 570967 59.877222 10.664032 192888 1010
1285056381 571968 59.877265 10.664102 152416 1001
1285056382 572977 59.877306 10.66415 161424 1009
1285056383 573997 59.877306 10.66415 149680 1020
1285056384 574998 59.877349 10.664219 135432 1001
1285056385 576007 59.877385 10.664267 166896 1009
1285056386 577017 59.877429 10.664319 140104 1010
1285056387 578027 59.877429 10.664319 184680 1010
1285056388 579037 59.877469 10.664385 166096 1010
1285056389 580047 59.877514 10.664437 164160 1010
1285056390 581057 59.877549 10.664502 124488 1010
1285056391 582067 59.877549 10.664502 114912 1010
1285056392 583077 59.877598 10.664554 84016 1010
1285056393 584087 59.877634 10.664602 76608 1010
1285056394 585097 59.877677 10.664671 90288 1010
1285056395 586107 59.877677 10.664671 97128 1010
1285056396 587117 59.877718 10.66472 84016 1010
1285056397 588127 59.877762 10.664771 97128 1010
1285056398 589128 59.877805 10.664841 103968 1001
1285056399 590137 59.877805 10.664841 106704 1009
1285056400 591147 59.877846 10.664889 100432 1010
1285056401 592157 59.877891 10.66494 103968 1010
1285056402 593177 59.877932 10.664989 88920 1020
1285056403 594187 59.877932 10.664989 62928 1010
1285056404 595217 59.877975 10.665058 86184 1030
1285056405 596227 59.878019 10.66511 96328 1010
1285056406 597247 59.87806 10.665158 119016 1020
1285056407 598257 59.87806 10.665158 135432 1010
1285056408 599267 59.878103 10.665227 112744 1010
1285056409 600268 59.87814 10.665275 140904 1001
1285056410 601277 59.878184 10.665327 160056 1009
1285056411 602287 59.878184 10.665327 138736 1010
1285056412 603297 59.878233 10.665379 146376 1010
1285056413 604307 59.878268 10.665444 165528 1010
1285056414 605317 59.878312 10.665496 120952 1010
1285056415 606327 59.878312 10.665496 134064 1010
1285056416 607337 59.878353 10.665544 139536 1010
1285056417 608367 59.878396 10.665614 93592 1030
1285056418 609368 59.878437 10.665662 131328 1001
1285056419 610377 59.878437 10.665662 127224 1009
1285056420 611378 59.878482 10.665713 131328 1001
1285056421 612387 59.878517 10.665779 122319 1009
1285056422 613407 59.878566 10.665831 140904 1020
1285056423 614417 59.878566 10.665831 138168 1010
1285056424 615427 59.878602 10.665879 96328 1010
1285056425 616447 59.878647 10.665931 142272 1020
1285056426 617457 59.878694 10.666 131328 1010
1285056427 618467 59.878694 10.666 112744 1010
1285056428 619487 59.878731 10.666048 132696 1020
1285056429 620496 59.878779 10.6661 103968 1009
1285056430 621506 59.878815 10.666166 88920 1010
1285056431 622517 59.878815 10.666166 75808 1011
1285056432 623526 59.878859 10.666217 76608 1009
1285056433 624536 59.8789 10.666266 110808 1010
1285056434 625537 59.878943 10.666335 127224 1001
1285056435 626538 59.878943 10.666335 82648 1001
1285056437 627547 59.87898 10.666383 166896 1009
1285056438 628557 59.879024 10.666435 151848 1010
1285056439 629566 59.879071 10.666504 114112 1009
1285056440 630587 59.879071 10.666504 142272 1021
1285056441 631606 59.879108 10.666552 150480 1019
1285056442 632607 59.879152 10.666604 114112 1001
1285056443 633626 59.879193 10.666652 158688 1019
1285056444 634637 59.879193 10.666652 165528 1011
1285056445 635647 59.879236 10.666721 149680 1010
1285056446 636656 59.87928 10.666773 155952 1009
1285056447 637666 59.879322 10.666821 130528 1010
1285056448 638668 59.879322 10.666821 169632 1002
1285056449 639687 59.879364 10.666891 171000 1019
1285056450 640688 59.879401 10.666939 141472 1001
1285056451 641708 59.879445 10.66699 158688 1019
1285056452 642716 59.879445 10.66699 168264 1008
1285056453 643726 59.879485 10.667056 123688 1010
1285056454 644736 59.879529 10.667108 139536 1010
1285056455 645746 59.879565 10.667174 120384 1010
1285056456 646756 59.879565 10.667174 92224 1010
1285056457 647757 59.879613 10.667225 116280 1001
1285056458 648766 59.879649 10.667291 106704 1009
1285056459 649776 59.879693 10.667343 113544 1010
1285056460 650786 59.879693 10.667343 89488 1010
1285056461 651806 59.879733 10.667409 128592 1020
1285056462 652816 59.879775 10.667478 112176 1010
1285056463 653826 59.879812 10.667526 82080 1010
1285056464 654836 59.879812 10.667526 53920 1010
1285056465 655846 59.879847 10.667592 68400 1010
1285056466 656856 59.879895 10.667661 64296 1010
1285056467 657866 59.879931 10.66771 39672 1010
1285056468 658896 59.879931 10.66771 34200 1030
1285056469 659906 59.879967 10.667776 50616 1010
1285056470 660916 59.880009 10.667845 69768 1010
1285056471 661966 59.880049 10.667911 47080 1050
1285056472 662976 59.880049 10.667911 97128 1010
1285056473 663986 59.880086 10.667959 93024 1010
1285056474 664996 59.880129 10.668028 95760 1010
1285056475 666006 59.880164 10.668094 75240 1010
1285056476 667146 59.880164 10.668094 44341 1140
1285056478 669296 59.880204 10.66816 23256 2150
1285056479 670306 59.880248 10.668211 80712 1010
1285056480 671316 59.880283 10.668277 72504 1010
1285056481 672336 59.880283 10.668277 56088 1020
1285056482 673376 59.880318 10.668343 41040 1040
1285056483 674406 59.880366 10.668412 34200 1030
1285056484 675415 59.880402 10.668461 49248 1009
1285056486 676595 59.880402 10.668461 52555 1180
1285056487 677606 59.880445 10.66853 84816 1010
1285056488 678626 59.88048 10.668596 73872 1020
1285056489 679656 59.880529 10.668647 83448 1030
1285056490 680666 59.880529 10.668647 53352 1010
1285056491 681708 59.880564 10.668713 34296 1042
1285056492 682716 59.8806 10.668779 47896 1008
1285056493 683735 59.880648 10.668831 51072 1019
1285056494 684745 59.880648 10.668831 77976 1010
1285056495 685746 59.880684 10.668897 134064 1001
1285056496 686748 59.880726 10.668966 177380 1002
1285056497 687756 59.880766 10.669032 140564 1008
1285056498 688766 59.880766 10.669032 132696 1010
1285056499 689767 59.880803 10.66908 91656 1001
1285056500 690795 59.880846 10.669149 45712 1028
1285056501 691806 59.880885 10.669215 71136 1010
1285056502 692816 59.880885 10.669215 77976 1010
1285056503 693825 59.88093 10.669267 53352 1009
1285056509 700139 59.880965 10.669332 16384 6314
1285056510 701155 59.881012 10.669402 214008 1016
1285056511 702185 59.881012 10.669402 53352 1030
1285056512 703195 59.881049 10.66945 49248 1010
1285056513 704225 59.881092 10.669519 31464 1030
1285056514 705245 59.881131 10.669585 34200 1020
1285056515 706275 59.881131 10.669585 76608 1030
1285056516 707285 59.881168 10.669633 76608 1010
1285056517 708315 59.881215 10.669702 60192 1030
1285056518 709335 59.881251 10.669768 40241 1020
1285056519 710345 59.881251 10.669768 53352 1010
1285056520 711355 59.881295 10.66982 39672 1010
1285056521 712375 59.881335 10.669886 45144 1020
1285056522 713395 59.881377 10.669955 54720 1020
1285056523 714425 59.881377 10.669955 51984 1030
1285056524 715435 59.881414 10.670003 30096 1010
1285056525 716455 59.881461 10.670072 41040 1020
1285056527 717545 59.881498 10.670121 58024 1090
1285056528 718554 59.881498 10.670121 87552 1009
1285056529 719555 59.881545 10.67019 91768 1001
1285056530 720565 59.881582 10.670238 76496 1010
1285056531 721575 59.881625 10.670307 82080 1010
1285056532 722645 59.881625 10.670307 71704 1070
1285056533 723675 59.881665 10.670373 61560 1030
1285056534 724685 59.881709 10.670425 68400 1010
1285056535 725686 59.881744 10.670491 132696 1001
1285056536 726695 59.881744 10.670491 139536 1009
1285056537 727696 59.881791 10.67056 123688 1001
1285056538 728708 59.881828 10.670608 142272 1012
1285056539 729715 59.881871 10.670678 128592 1007
1285056540 730725 59.881871 10.670678 68968 1010
1285056541 731735 59.881911 10.670743 106704 1010
1285056542 732745 59.881947 10.670792 95760 1010
1285056543 733746 59.88199 10.670861 95760 1001
1285056544 734765 59.88199 10.670861 90856 1019
1285056545 735785 59.88203 10.670927 120384 1020
1285056546 736795 59.882074 10.670978 125856 1010
1285056547 737815 59.882114 10.671044 117648 1020
1285056548 738826 59.882114 10.671044 99064 1011
1285056549 739835 59.882157 10.671113 132696 1009
1285056550 740845 59.882193 10.671162 124488 1010
1285056551 741852 59.882233 10.671228 108640 1007
1285056552 742855 59.882233 10.671228 119016 1003
1285056553 743865 59.882276 10.671297 119016 1010
1285056554 744895 59.882316 10.671363 71136 1030
1285056555 745905 59.88236 10.671414 49248 1010
1285056556 746925 59.88236 10.671414 51184 1020
1285056557 747935 59.882395 10.67148 82080 1010
1285056558 748954 59.882435 10.671546 64296 1019
1285056559 749955 59.882478 10.671615 49248 1001
1285056560 750985 59.882478 10.671615 49248 1030
1285056561 752005 59.882514 10.671664 67032 1020
1285056562 753015 59.882562 10.671733 62128 1010
1285056563 754025 59.882597 10.671799 116280 1010
1285056564 755045 59.882597 10.671799 135432 1020
1285056565 756195 59.882641 10.67185 157888 1150
1285056566 757205 59.882681 10.671916 161424 1010
1285056567 758206 59.882716 10.671982 136800 1001
1285056568 759254 59.882716 10.671982 111376 1048
1285056569 760255 59.882765 10.672034 116280 1001
1285056570 761265 59.8828 10.6721 142272 1010
1285056571 762274 59.882843 10.672169 140904 1009
1285056572 763275 59.882843 10.672169 111376 1001
1285056573 764285 59.882884 10.672217 114912 1010
1285056574 765294 59.882927 10.672286 105336 1009
1285056575 766315 59.882962 10.672352 101800 1021
1285056576 767345 59.882962 10.672352 75240 1030
1285056577 768355 59.883011 10.672404 72504 1010
1285056578 769374 59.883046 10.67247 67032 1019
1285056579 770414 59.883089 10.672539 65664 1040
1285056583 773890 59.883089 10.672539 24624 3476
1285056584 774950 59.88313 10.672587 12312 1060
1285056585 775970 59.883165 10.672653 12312 1020
1285056586 777030 59.883208 10.672722 12312 1060
1285056587 778140 59.883208 10.672722 13680 1110
1285056588 779209 59.883249 10.672771 13680 1069
1285056589 780240 59.883292 10.67284 12312 1031
1285056590 781270 59.883327 10.672906 12312 1030
1285056591 782280 59.883327 10.672906 53920 1010
1285056592 783290 59.883376 10.672957 136800 1010
1285056593 784310 59.883411 10.673023 142272 1020
1285056594 785311 59.883447 10.673089 112744 1001
1285056595 786320 59.883447 10.673089 103968 1009
1285056596 787340 59.883494 10.673158 116280 1020
1285056597 788370 59.883531 10.673206 101232 1030
1285056598 789380 59.883573 10.673276 77176 1010
1285056599 790400 59.883573 10.673276 95760 1020
1285056600 791410 59.883613 10.673342 106704 1010
1285056614 805514 59.883657 10.673393 84816 14104
1285056615 806515 59.883693 10.673459 94392 1001
1285056616 807516 59.883693 10.673459 235864 1001
1285056617 808524 59.883732 10.673525 319312 1008
1285056618 809525 59.883775 10.673594 251712 1001
1285056619 810535 59.883812 10.673642 304264 1010
1285056621 811544 59.883812 10.673642 186616 1009
1285056622 812554 59.883855 10.673712 228456 1010
1285056623 813555 59.883894 10.673778 331623 1001
1285056624 814559 59.883931 10.673826 341200 1004
1285056625 815564 59.883931 10.673826 322048 1005
1285056626 816604 59.883974 10.673895 352144 1040
1285056627 817605 59.884014 10.673961 381672 1001
1285056628 818606 59.884058 10.674013 364456 1001
1285056629 819614 59.884058 10.674013 345304 1008
1285056630 820615 59.884093 10.674078 337096 1001
1285056631 821624 59.884141 10.674148 250912 1009
1285056632 822684 59.884176 10.674214 367192 1060
1285056633 823685 59.884176 10.674214 373464 1001
1285056634 824695 59.884212 10.674262 346672 1010
1285056635 825696 59.884255 10.674331 357616 1001
1285056636 826708 59.884295 10.674397 324784 1012
1285056637 827714 59.884295 10.674397 316576 1006
1285056638 828724 59.88433 10.674463 290016 1010
1285056639 829734 59.884373 10.674532 181144 1010
1285056640 830744 59.88441 10.67458 175104 1010
1285056641 831745 59.88441 10.67458 207136 1001
1285056642 832755 59.884452 10.674649 283176 1010
1285056643 833764 59.884492 10.674715 278272 1009
1285056644 834765 59.884527 10.674781 305632 1001
1285056645 835774 59.884527 10.674781 270064 1009
1285056646 836784 59.88457 10.67485 294120 1010
1285056647 837785 59.884607 10.674899 276904 1001
1285056648 838793 59.884647 10.674965 272800 1008
1285056649 839794 59.884647 10.674965 314640 1001
1285056650 840795 59.884689 10.675034 237232 1001
1285056651 841814 59.884725 10.6751 238601 1019
1285056652 842824 59.884767 10.675169 332424 1010
1285056653 843834 59.884767 10.675169 297424 1010
1285056654 844835 59.884804 10.675217 302896 1001
1285056655 845844 59.884844 10.675283 289216 1009
1285056656 846863 59.884887 10.675352 217512 1019
1285056657 847864 59.884887 10.675352 211240 1001
1285056658 848873 59.884922 10.675418 309168 1009
1285056659 849883 59.884965 10.675487 201664 1010
1285056660 850884 59.885001 10.675536 205200 1001
1285056661 851893 59.885001 10.675536 153784 1009
1285056662 852895 59.885037 10.675602 213408 1002
1285056663 853904 59.885079 10.675671 192088 1009
1285056664 854923 59.885115 10.675737 261288 1019
1285056665 855924 59.885115 10.675737 193456 1001
1285056666 856936 59.885163 10.675788 210672 1012
1285056667 857943 59.885199 10.675854 194824 1007
1285056668 858953 59.885242 10.675923 227088 1010
1285056669 859963 59.885242 10.675923 174304 1010
1285056670 860964 59.885277 10.675989 192888 1001
1285056671 861973 59.885313 10.676038 152416 1009
1285056672 862975 59.885356 10.676107 172368 1002
1285056673 864324 59.885356 10.676107 5472 1349
1285056679 869939 59.885391 10.676173 16384 5615
1285056689 880120 59.885436 10.676224 99896 10181
1285056690 881480 59.885471 10.67629 68968 1360
1285056691 882490 59.885471 10.67629 86184 1010
1285056692 883500 59.885518 10.676359 61560 1010
1285056693 884533 59.885553 10.676425 51984 1033
1285056695 886340 59.88559 10.676474 5472 1807
1285056696 887360 59.88559 10.676474 68400 1020
1285056697 888370 59.885633 10.676543 134971 1010
1285056698 889380 59.885668 10.676609 117309 1010
1285056699 890390 59.885705 10.676657 124488 1010
1285056700 891391 59.885705 10.676657 165528 1001
1285056701 892400 59.885748 10.676726 141472 1009
1285056702 893410 59.885783 10.676792 125856 1010
1285056703 894420 59.885832 10.676844 114912 1010
1285056704 895421 59.885832 10.676844 112744 1001
1285056705 896432 59.885867 10.67691 143640 1011
1285056706 897440 59.88591 10.676979 80712 1008
1285056707 898460 59.885945 10.677045 91656 1020
1285056708 899480 59.885945 10.677045 74440 1020
1285056709 900490 59.885986 10.677093 99864 1010
1285056710 901500 59.886029 10.677162 93024 1010
1285056711 902511 59.886064 10.677228 106704 1011
1285056713 903540 59.886064 10.677228 60760 1029
1285056723 914080 59.886101 10.677277 27360 10540
1285056724 915090 59.886148 10.677346 168264 1010
1285056725 916100 59.886183 10.677412 172368 1010
1285056726 917110 59.886183 10.677412 88120 1010
1285056727 918111 59.886219 10.677477 240768 1001
1285056728 919120 59.886263 10.677529 205768 1009
1285056729 920181 59.886303 10.677595 136800 1061
1285056730 921190 59.886303 10.677595 204400 1009
1285056731 922200 59.886345 10.677664 231192 1010
1285056732 923210 59.886381 10.67773 207136 1010
1285056733 924211 59.886417 10.677778 229824 1001
1285056734 925212 59.886417 10.677778 207136 1001
1285056735 926220 59.886465 10.677848 250344 1008
1285056736 927221 59.8865 10.677914 230392 1001
1285056737 928230 59.886535 10.677979 244872 1009
1285056738 929231 59.886535 10.677979 224920 1001
1285056739 930240 59.886579 10.678031 207136 1009
1285056740 931241 59.886619 10.678097 206568 1001
1285056741 932244 59.886662 10.678166 16384 1003
1285056742 933250 59.886662 10.678166 365856 1006
1285056743 934330 59.886697 10.678232 216712 1080
1285056744 935340 59.886732 10.678298 216144 1010
1285056745 936420 59.886781 10.67835 193456 1080
1285056746 937430 59.886781 10.67835 195624 1010
1285056747 938450 59.886816 10.678415 203832 1020
1285056748 939451 59.886851 10.678481 185248 1001
1285056749 940459 59.8869 10.678533 194256 1008
1285056750 941460 59.8869 10.678533 175672 1001
1285056751 942470 59.886935 10.678599 191520 1010
1285056752 943479 59.886971 10.678665 163360 1009
1285056753 944490 59.887015 10.678716 190152 1011
1285056754 945509 59.887015 10.678716 189352 1019
1285056755 946520 59.887055 10.678782 183312 1011
1285056757 947560 59.887097 10.678852 177040 1040
1285056758 948570 59.887134 10.6789 171000 1010
1285056759 949579 59.887134 10.6789 171000 1009
1285056760 950589 59.887169 10.678966 145576 1010
1285056761 951599 59.887217 10.679035 124488 1010
1285056762 952609 59.887253 10.679083 102600 1010
1285056763 953619 59.887253 10.679083 75240 1010
1285056764 954629 59.887296 10.679152 32032 1010
1285056765 955639 59.887331 10.679218 36936 1010
1285056766 956640 59.887373 10.679267 64296 1001
1285056767 957649 59.887373 10.679267 119016 1009
1285056768 958651 59.887415 10.679336 121752 1002
1285056769 959670 59.887451 10.679402 84016 1019
1285056770 960679 59.887487 10.67945 135432 1009
1285056771 961690 59.887487 10.67945 154584 1011
1285056772 962710 59.887535 10.679519 166096 1020
1285056773 963719 59.88757 10.679585 181944 1009
1285056774 964749 59.887606 10.679634 160624 1030
1285056775 965750 59.887606 10.679634 201096 1001
1285056776 966769 59.887649 10.679703 194256 1019
1285056777 967779 59.887684 10.679769 179776 1010
1285056778 968790 59.887724 10.679835 147744 1011
1285056779 969799 59.887724 10.679835 99064 1009
1285056780 970809 59.887768 10.679886 114912 1010
1285056781 971810 59.887804 10.679952 173736 1001
1285056782 972829 59.887839 10.680018 172936 1019
1285056783 973839 59.887839 10.680018 164160 1010
1285056784 974840 59.887882 10.680087 149112 1001
1285056785 975849 59.887918 10.680136 120952 1009
1285056786 976869 59.887966 10.680205 138168 1020
1285056787 977879 59.887966 10.680205 139536 1010
1285056788 978899 59.888001 10.680271 120952 1020
1285056789 979919 59.888038 10.680319 158688 1020
1285056790 980929 59.88808 10.680388 161424 1010
1285056791 981939 59.88808 10.680388 114112 1010
1285056792 982949 59.888116 10.680454 153216 1010
1285056793 983959 59.888152 10.680502 147744 1010
1285056794 984969 59.888195 10.680572 114112 1010
1285056795 985989 59.888195 10.680572 105336 1020
1285056796 986999 59.88823 10.680638 95760 1010
1285056797 988099 59.888267 10.680686 110008 1100
1285056798 989109 59.88831 10.680755 106704 1010
1285056799 990119 59.88831 10.680755 139536 1010
1285056800 991129 59.888349 10.680821 110808 1010
1285056801 992149 59.888385 10.680887 75808 1020
1285056802 993179 59.888428 10.680956 76608 1030
1285056803 994189 59.888428 10.680956 58824 1010
1285056806 997080 59.888464 10.681004 49248 2891
1285056807 998200 59.888499 10.68107 13680 1120
1285056808 999320 59.888535 10.681136 13680 1120
1285056809 1000330 59.888535 10.681136 13680 1010
1285056810 1001400 59.888577 10.681205 13680 1070
1285056817 1008153 59.888619 10.681254 8208 6753
1285056819 1009591 59.888654 10.68132 140104 1438
1285056820 1010592 59.888654 10.68132 229824 1001
1285056821 1011941 59.888689 10.681386 177379 1349
1285056822 1012961 59.888732 10.681455 161085 1020
1285056823 1013962 59.888767 10.681521 181944 1001
1285056824 1014971 59.888767 10.681521 122320 1009
1285056825 1015981 59.888808 10.681569 175104 1010
1285056826 1016984 59.888843 10.681635 16384 1003
1285056827 1018010 59.888886 10.681704 271464 1026
1285056828 1019020 59.888886 10.681704 72504 1010
1285056829 1020040 59.888921 10.68177 67032 1020
1285056830 1021041 59.888961 10.681836 61560 1001
1285056831 1022130 59.889005 10.681888 100432 1089
1285056832 1023240 59.889005 10.681888 98496 1110
1285056833 1024250 59.889041 10.681953 86184 1010
1285056834 1025271 59.889076 10.682019 43776 1021
1285056835 1026272 59.889116 10.682085 121752 1001
1285056836 1027280 59.889116 10.682085 94960 1008
1285056837 1028281 59.88916 10.682137 65664 1001
1285056838 1029290 59.889195 10.682203 121752 1009
1285056839 1030301 59.88923 10.682269 106704 1011
1285056840 1031310 59.88923 10.682269 112744 1009
1285056841 1032320 59.889273 10.682338 108072 1010
1285056842 1033330 59.889314 10.682386 150480 1010
1285056843 1034340 59.889349 10.682452 130528 1010
1285056844 1035357 59.889349 10.682452 82080 1017
1285056845 1036360 59.889385 10.682518 51984 1003
1285056846 1037370 59.889428 10.682587 69768 1010
1285056847 1038380 59.889463 10.682653 142272 1010
1285056848 1039390 59.889463 10.682653 101800 1010
1285056849 1040400 59.889499 10.682702 98496 1010
1285056850 1041421 59.889542 10.682771 62928 1021
1285056851 1042441 59.889577 10.682837 39672 1020
1285056852 1043450 59.889577 10.682837 56088 1009
1285056853 1044461 59.889613 10.682903 97128 1011
1285056854 1045470 59.889657 10.682954 51184 1009
1285056856 1046580 59.889692 10.68302 46512 1110
1285056857 1047590 59.889692 10.68302 34200 1010
1285056858 1048610 59.889727 10.683086 62928 1020
1285056862 1052817 59.889776 10.683138 2736 4207
1285056863 1053827 59.889811 10.683204 102600 1010
1285056864 1054867 59.889811 10.683204 118216 1040
1285056865 1055877 59.889854 10.683273 164160 1010
1285056866 1056887 59.889889 10.683339 209304 1010
1285056867 1057907 59.889926 10.683387 171568 1020
1285056868 1058908 59.889926 10.683387 140904 1001
1285056869 1059917 59.889973 10.683456 134632 1009
1285056870 1060918 59.890009 10.683522 188784 1001
1285056871 1061927 59.890044 10.683588 181944 1009
1285056872 1062936 59.890044 10.683588 108640 1009
1285056873 1063947 59.890088 10.68364 114912 1011
1285056874 1064967 59.890123 10.683706 125856 1020
1285056875 1065977 59.890163 10.683772 161992 1010
1285056876 1066987 59.890163 10.683772 161424 1010
1285056877 1068107 59.890206 10.683841 179775 1120
1285056878 1069117 59.890242 10.683889 201096 1010
1285056879 1070118 59.890278 10.683955 188784 1001
1285056880 1071119 59.890278 10.683955 153784 1001
1285056881 1072127 59.89032 10.684024 186048 1008
1285056882 1073136 59.890362 10.684073 155152 1009
1285056883 1074137 59.890397 10.684138 195624 1001
1285056884 1075146 59.890397 10.684138 172936 1009
1285056885 1076156 59.89044 10.684208 181944 1010
1285056886 1077167 59.890475 10.684274 171000 1011
1285056887 1078176 59.89051 10.684339 134632 1009
1285056888 1079187 59.89051 10.684339 171000 1011
1285056889 1080196 59.890559 10.684391 144208 1009
1285056890 1081220 59.890594 10.684457 181944 1024
1285056891 1082227 59.890629 10.684523 205200 1007
1285056892 1083248 59.890629 10.684523 161992 1021
1285056893 1084256 59.890672 10.684592 210672 1008
1285056894 1085257 59.890709 10.684641 166096 1001
1285056895 1086277 59.890756 10.68471 194256 1020
1285056896 1087278 59.890756 10.68471 166096 1001
1285056897 1088296 59.890791 10.684776 183312 1018
1285056898 1089376 59.890828 10.684824 160624 1080
1285056899 1090377 59.890871 10.684893 176472 1001
1285056900 1091386 59.890871 10.684893 181944 1009
1285056901 1092396 59.890906 10.684959 122320 1010
1285056902 1093397 59.890947 10.685007 153216 1001
1285056903 1094406 59.89099 10.685077 177840 1009
1285056904 1095416 59.89099 10.685077 144208 1010
1285056905 1096418 59.891025 10.685143 175104 1002
1285056906 1097426 59.891069 10.685194 157888 1008
1285056907 1098427 59.891105 10.68526 201096 1001
1285056908 1099436 59.891105 10.68526 166096 1009
1285056909 1100447 59.891144 10.685326 186048 1011
1285056910 1101456 59.891187 10.685395 202464 1009
1285056911 1102467 59.891224 10.685444 175672 1011
1285056912 1103476 59.891224 10.685444 171000 1009
1285056913 1104486 59.891259 10.68551 131896 1010
1285056914 1105496 59.891302 10.685579 149112 1010
1285056915 1106506 59.891337 10.685645 142272 1010
1285056916 1107526 59.891337 10.685645 120952 1020
1285056917 1108536 59.891377 10.685711 149112 1010
1285056919 1109546 59.891421 10.685762 149112 1010
1285056920 1110554 59.891456 10.685828 122320 1008
1285056921 1111556 59.891456 10.685828 139536 1002
1285056922 1112566 59.891491 10.685894 149112 1010
1285056923 1113576 59.891527 10.68596 126424 1010
1285056924 1114586 59.89157 10.686029 139536 1010
1285056925 1115588 59.89157 10.686029 145008 1002
1285056926 1116596 59.891611 10.686078 136000 1008
1285056927 1117606 59.891646 10.686143 154584 1010
1285056928 1118666 59.891689 10.686213 159256 1060
1285056929 1119668 59.891689 10.686213 196992 1001
1285056930 1120676 59.891724 10.686279 201096 1008
1285056931 1121678 59.891759 10.686344 161992 1002
1285056932 1122708 59.891803 10.686396 194256 1030
1285056933 1123711 59.891803 10.686396 78544 1003
1285056934 1124716 59.891839 10.686462 166896 1005
1285056935 1125717 59.891874 10.686528 162792 1001
1285056936 1126726 59.891921 10.686597 134632 1009
1285056937 1127746 59.891921 10.686597 142272 1020
1285056938 1128748 59.891958 10.686646 175104 1002
1285056939 1129756 59.892001 10.686715 163360 1008
1285056940 1130766 59.892036 10.686781 154584 1010
1285056941 1131776 59.892036 10.686781 120952 1010
1285056942 1132786 59.892072 10.686829 155952 1010
1285056943 1133787 59.892115 10.686898 147744 1001
1285056944 1134806 59.892151 10.686964 125056 1019
1285056945 1135815 59.892151 10.686964 149112 1009
1285056946 1136816 59.892186 10.68703 172368 1001
1285056947 1137817 59.89223 10.687082 142840 1001
1285056948 1138826 59.89227 10.687148 166896 1009
1285056949 1139836 59.89227 10.687148 128592 1010
1285056950 1140845 59.892305 10.687214 93592 1009
1285056951 1141846 59.892348 10.687283 119016 1001
1285056952 1142855 59.892384 10.687331 112176 1009
1285056953 1143865 59.892384 10.687331 102600 1010
1285056954 1144875 59.89242 10.687397 84016 1010
1285056955 1145888 59.892462 10.687466 75240 1013
1285056956 1146915 59.892498 10.687532 84816 1027
1285056957 1147925 59.892498 10.687532 106704 1010
1285056958 1148936 59.892534 10.687581 104536 1011
1285056959 1149955 59.892582 10.68765 113544 1019
1285056960 1150956 59.892617 10.687716 95760 1001
1285056961 1151975 59.892617 10.687716 80712 1019
1285056962 1153005 59.892652 10.687782 76608 1030
1285056963 1154015 59.892696 10.687833 56656 1010
1285056964 1155025 59.892732 10.687899 109440 1010
1285056965 1156035 59.892732 10.687899 99864 1010
1285056966 1157055 59.892762 10.687965 99864 1020
1285056967 1158075 59.892797 10.688031 103168 1020
1285056968 1159076 59.89284 10.6881 138168 1001
1285056969 1160085 59.89284 10.6881 120384 1009
1285056970 1161165 59.892875 10.688166 105904 1080
1285056971 1162166 59.892911 10.688232 128592 1001
1285056972 1163176 59.892946 10.688298 98496 1010
1285056973 1164205 59.892946 10.688298 68400 1029
1285056974 1165215 59.892989 10.688367 53352 1010
1285056975 1166265 59.893024 10.688433 54720 1050
1285056993 1183947 59.893059 10.688499 8776 17682
1285056995 1185697 59.893059 10.688499 4104 1750
1285056996 1186787 59.893094 10.688565 17784 1090
1285056997 1187807 59.89313 10.688631 16416 1020
1285056998 1188827 59.893165 10.688697 51984 1020
1285056999 1189837 59.893165 10.688697 91656 1010
1285057000 1190847 59.893208 10.688766 79344 1010
1285057001 1191848 59.893243 10.688832 93024 1001
1285057002 1192857 59.893272 10.688915 88120 1009
1285057003 1193858 59.893272 10.688915 214776 1001
1285057004 1194867 59.893307 10.688981 186616 1009
1285057005 1195877 59.893342 10.689047 188784 1010
1285057006 1196878 59.893378 10.689113 94392 1001
1285057007 1197887 59.893378 10.689113 156520 1009
1285057008 1198888 59.893411 10.689197 129960 1001
1285057009 1199897 59.893442 10.689262 155952 1009
1285057010 1200907 59.893476 10.689346 103168 1010
1285057011 1201917 59.893476 10.689346 79344 1010
1285057012 1202927 59.893511 10.689412 77976 1010
1285057013 1203937 59.893545 10.689495 146376 1010
1285057014 1204957 59.893576 10.689561 153784 1020
1285057015 1205967 59.893576 10.689561 105336 1010
1285057016 1206977 59.893609 10.689645 87552 1010
1285057017 1207997 59.893635 10.689725 82080 1020
1285057018 1209008 59.893665 10.689808 107272 1011
1285057019 1210017 59.893665 10.689808 180576 1009
1285057020 1211027 59.8937 10.689874 155952 1010
1285057021 1212056 59.893722 10.689954 62128 1029
1285057022 1213196 59.893754 10.690055 34200 1140
1285057023 1214207 59.893754 10.690055 113544 1011
1285057024 1215247 59.893776 10.690136 215345 1040
1285057025 1216257 59.893805 10.690219 254448 1010
1285057026 1217268 59.893831 10.690299 220816 1011
1285057027 1218277 59.893831 10.690299 212040 1009
1285057028 1219278 59.893853 10.690379 233128 1001
1285057029 1220297 59.893873 10.690477 195624 1019
1285057030 1221336 59.893902 10.690561 60192 1039
1285057031 1222337 59.893902 10.690561 82645 1001
1285057032 1223347 59.893928 10.690641 105336 1010
1285057033 1224377 59.893948 10.690738 45144 1030
1285057035 1226267 59.89397 10.690819 31464 1890
1285057044 1234687 59.89397 10.690819 16384 8420
1285057045 1235696 59.89399 10.690916 186651 1009
1285057046 1237476 59.89401 10.691014 31432 1780
1285057047 1238487 59.894032 10.691094 83480 1011
1285057048 1239506 59.894032 10.691094 53352 1019
1285057049 1240526 59.894052 10.691192 65664 1020
1285057051 1241546 59.894074 10.691272 72504 1020
1285057052 1242937 59.894094 10.69137 34200 1391
1285057053 1243956 59.894094 10.69137 112744 1019
1285057054 1244976 59.894116 10.69145 91656 1020
1285057055 1245977 59.894136 10.691548 101232 1001
1285057056 1246986 59.894156 10.691645 112176 1009
1285057057 1247996 59.894156 10.691645 55288 1010
1285057058 1249006 59.894178 10.691725 65664 1010
1285057059 1250036 59.894198 10.691823 50616 1030
1285057060 1251046 59.894224 10.691903 51984 1010
1285057061 1252377 59.894224 10.691903 17784 1331
1285057062 1253398 59.894244 10.692001 67032 1021
1285057063 1254406 59.894266 10.692081 62928 1008
1285057064 1255416 59.894286 10.692179 51984 1010
1285057065 1256426 59.894286 10.692179 21888 1010
1285057066 1257436 59.894306 10.692277 29296 1010
1285057067 1258446 59.894328 10.692357 65664 1010
1285057068 1259466 59.894356 10.692458 83448 1020
1285057069 1260476 59.894356 10.692458 123120 1010
1285057070 1261477 59.894377 10.692538 152416 1001
1285057071 1262496 59.894397 10.692636 131328 1019
1285057072 1263516 59.894422 10.692733 119016 1020
1285057073 1264526 59.894422 10.692733 94392 1010
1285057074 1265536 59.894444 10.692814 51184 1010
1285057076 1266557 59.894464 10.692911 143640 1021
1285057077 1267777 59.894486 10.692991 175104 1220
1285057078 1268796 59.894486 10.692991 142840 1019
1285057079 1269806 59.894513 10.693092 79344 1010
1285057080 1270816 59.894535 10.693173 73872 1010
1285057081 1271826 59.89456 10.69327 72504 1010
1285057082 1272857 59.89456 10.69327 57456 1031
1285057083 1273916 59.894581 10.69335 24624 1059
1285057084 1274936 59.894609 10.693451 38872 1020
1285057085 1275946 59.894631 10.693532 145008 1010
1285057086 1276956 59.894631 10.693532 140904 1010
1285057087 1277976 59.894657 10.693612 43776 1020
1285057090 1280846 59.894677 10.69371 17560 2870
1285057091 1281856 59.894706 10.693793 103392 1010
1285057092 1282876 59.894706 10.693793 57456 1020
1285057093 1283906 59.894727 10.693891 47880 1030
1285057094 1285036 59.894753 10.693971 38304 1130
1285057095 1286046 59.89478 10.694072 64296 1010
1285057096 1287056 59.89478 10.694072 68400 1010
1285057097 1288076 59.894802 10.694152 92224 1020
1285057098 1289086 59.894827 10.69425 117648 1010
1285057099 1290095 59.894848 10.69433 134064 1009
1285057100 1291106 59.894848 10.69433 88920 1011
1285057101 1292127 59.894878 10.694413 60192 1021
1285057103 1293866 59.894898 10.694511 37501 1739
1285057104 1294876 59.894924 10.694591 134064 1010
1285057105 1295877 59.894924 10.694591 191520 1001
1285057106 1296895 59.894944 10.694689 235867 1018
1285057107 1297896 59.894973 10.694772 222984 1001
1285057108 1298906 59.894998 10.69487 212608 1010
1285057109 1299926 59.894998 10.69487 235864 1020
1285057110 1300936 59.89502 10.69495 206568 1010
1285057111 1302127 59.895048 10.695051 171568 1191
1285057112 1303146 59.895074 10.695132 251712 1019
1285057113 1304148 59.895074 10.695132 194821 1002
1285057114 1305156 59.895094 10.695229 269496 1008
1285057115 1306166 59.895116 10.695309 148315 1010
1285057116 1307175 59.895148 10.69541 88920 1009
1285057117 1308176 59.895148 10.69541 83448 1001
1285057118 1309185 59.895169 10.695491 95760 1009
1285057119 1310206 59.895191 10.695571 76608 1021
1285057120 1311226 59.895216 10.695669 34735 1020
1285057121 1312235 59.895216 10.695669 164192 1009
1285057122 1313246 59.895245 10.695752 194256 1011
1285057123 1314265 59.89527 10.69585 145576 1019
1285057124 1315275 59.895291 10.69593 132696 1010
1285057125 1316286 59.895291 10.69593 166096 1011
1285057126 1317295 59.895312 10.696028 158688 1009
1285057127 1318415 59.895345 10.696111 250912 1120
1285057128 1319416 59.895365 10.696209 296856 1001
1285057129 1320417 59.895365 10.696209 186616 1001
1285057131 1321645 59.895387 10.696289 335728 1228
1285057132 1323005 59.895421 10.696372 409600 1360
1285057133 1324135 59.895441 10.69647 179208 1130
1285057134 1325147 59.895441 10.69647 230392 1012
1285057135 1326156 59.895463 10.69655 446536 1009
1285057136 1327166 59.895487 10.696648 336528 1010
1285057137 1328176 59.895517 10.696732 163360 1010
1285057138 1329177 59.895517 10.696732 342568 1001
1285057139 1330185 59.895537 10.696829 371296 1008
1285057140 1331195 59.895563 10.696909 225720 1010
1285057141 1332196 59.895583 10.697007 239968 1001
1285057142 1333205 59.895583 10.697007 331624 1009
1285057143 1334206 59.895605 10.697087 274968 1001
1285057144 1335208 59.895637 10.697188 265960 1002
1285057145 1336215 59.895659 10.697268 307000 1007
1285057146 1337216 59.895659 10.697268 426016 1001
1285057147 1338226 59.895679 10.697366 410968 1010
1285057148 1339227 59.895701 10.697446 503992 1001
1285057149 1340235 59.895725 10.697544 473896 1008
1285057150 1341246 59.895725 10.697544 315208 1011
1285057151 1342306 59.895745 10.697642 300160 1060
1285057152 1343315 59.895767 10.697722 287280 1009
1285057153 1344316 59.895787 10.69782 239968 1001
1285057154 1345325 59.895787 10.69782 290584 1008
1285057155 1346326 59.895813 10.6979 294120 1001
1285057156 1347327 59.895841 10.698001 369928 1001
1285057157 1348336 59.895863 10.698081 402760 1009
1285057158 1349346 59.895863 10.698081 283744 1010
1285057159 1350347 59.895883 10.698179 277704 1001
1285057160 1351355 59.895908 10.698277 253648 1008
1285057161 1352356 59.895929 10.698357 289216 1001
1285057162 1353365 59.895929 10.698357 293320 1009
1285057163 1354395 59.895949 10.698454 402760 1030
1285057164 1355406 59.895971 10.698535 427384 1011
1285057165 1356407 59.896003 10.698636 384408 1001
1285057166 1357415 59.896003 10.698636 298792 1008
1285057167 1358425 59.896025 10.698716 301528 1010
1285057168 1359426 59.896045 10.698814 279640 1001
1285057169 1360427 59.896067 10.698894 324216 1001
1285057170 1361435 59.896067 10.698894 245440 1008
1285057171 1362436 59.896092 10.698991 227656 1001
1285057172 1363445 59.896121 10.699075 366624 1009
1285057173 1364446 59.896141 10.699173 298792 1001
1285057174 1365447 59.896141 10.699173 305632 1001
1285057175 1366448 59.896163 10.699253 302896 1001
1285057176 1367456 59.896187 10.69935 334360 1008
1285057177 1368465 59.896209 10.699431 320112 1009
1285057178 1369466 59.896209 10.699431 357616 1001
1285057179 1370475 59.896237 10.699532 371297 1009
1285057180 1371485 59.896258 10.699612 315208 1010
1285057181 1372486 59.896283 10.69971 335728 1001
1285057182 1373495 59.896283 10.69971 360352 1009
1285057183 1374505 59.896305 10.69979 340632 1010
1285057184 1375515 59.896325 10.699887 227656 1010
1285057185 1376525 59.896354 10.699971 294688 1010
1285057186 1377526 59.896354 10.699971 274968 1001
1285057187 1378534 59.896374 10.700069 229024 1008
1285057188 1379535 59.8964 10.700149 361720 1001
1285057190 1380555 59.896421 10.700247 305632 1020
1285057191 1381567 59.896421 10.700247 436960 1012
1285057192 1382568 59.896442 10.700327 540928 1001
1285057193 1383575 59.896462 10.700424 415072 1007
1285057194 1384576 59.896487 10.700522 386344 1001
1285057195 1385580 59.896487 10.700522 404128 1004
1285057196 1386581 59.896516 10.700606 421912 1001
1285057197 1387585 59.896537 10.700703 487576 1004
1285057198 1388586 59.896558 10.700784 460216 1001
1285057199 1389587 59.896558 10.700784 358984 1001
1285057200 1390605 59.896583 10.700881 376768 1018
1285057201 1391608 59.896604 10.700961 326152 1003
1285057202 1392615 59.896625 10.701059 415063 1007
1285057203 1393616 59.896625 10.701059 508105 1001
1285057204 1394617 59.896646 10.701139 478000 1001
1285057205 1395626 59.896679 10.70124 409600 1009
1285057206 1396635 59.8967 10.701321 338464 1009
1285057207 1397636 59.8967 10.701321 494416 1001
1285057208 1398637 59.89672 10.701418 482104 1001
1285057209 1399725 59.896742 10.701498 451208 1088
1285057210 1400726 59.896767 10.701596 449272 1001
1285057211 1401735 59.896767 10.701596 445168 1009
1285057212 1402737 59.896788 10.701676 441064 1002
1285057213 1403745 59.896816 10.701777 436960 1008
1285057214 1404746 59.896838 10.701858 519040 1001
1285057215 1405747 59.896838 10.701858 566920 1001
1285057216 1406764 59.896862 10.701955 418376 1017
1285057217 1407795 59.896884 10.702035 409600 1031
1285057218 1408805 59.896912 10.702137 473896 1010
1285057219 1409806 59.896912 10.702137 538192 1001
1285057220 1410807 59.896938 10.702217 523144 1001
1285057221 1411809 59.89696 10.702297 341200 1002
1285057222 1412814 59.89698 10.702395 356247 1005
1285057223 1413815 59.89698 10.702395 416440 1001
1285057224 1414816 59.897006 10.702475 391816 1001
1285057225 1415835 59.897034 10.702576 436960 1019
1285057226 1416836 59.897055 10.702656 357616 1001
1285057227 1417845 59.897055 10.702656 276904 1009
1285057228 1418846 59.89708 10.702754 318744 1001
1285057229 1419847 59.897102 10.702834 213957 1001
1285057230 1420895 59.897122 10.702932 282395 1048
1285057231 1422094 59.897122 10.702932 397288 1199
1285057232 1423095 59.897143 10.703012 392616 1001
1285057233 1424105 59.897168 10.70311 427952 1010
1285057234 1425107 59.897197 10.703193 476632 1002
1285057235 1426114 59.897197 10.703193 464320 1007
1285057236 1427125 59.897218 10.703291 350776 1010
1285057237 1428126 59.897239 10.703371 311904 1001
1285057238 1429134 59.897264 10.703469 267328 1008
1285057239 1430135 59.897264 10.703469 252280 1001
1285057240 1431154 59.897286 10.703549 332992 1019
1285057241 1432155 59.897306 10.703647 343368 1001
1285057242 1433164 59.897326 10.703744 317944 1009
1285057243 1434165 59.897326 10.703744 279640 1001
1285057244 1435166 59.897352 10.703824 338464 1001
1285057245 1436174 59.897372 10.703922 303696 1008
1285057246 1437184 59.897394 10.704002 263224 1010
1285057247 1438185 59.897394 10.704002 339832 1001
1285057248 1439195 59.897414 10.7041 406864 1010
1285057249 1440205 59.89744 10.70418 369928 1010
1285057250 1441206 59.897468 10.704281 316576 1001
1285057251 1442213 59.897468 10.704281 311904 1007
1285057252 1443214 59.89749 10.704361 283744 1001
1285057253 1444215 59.89751 10.704459 324784 1001
1285057254 1445224 59.897536 10.704539 338464 1009
1285057255 1446225 59.897536 10.704539 259920 1001
1285057256 1447234 59.897556 10.704637 237232 1009
1285057257 1448235 59.897578 10.704717 343936 1001
1285057258 1449304 59.897602 10.704815 356248 1069
1285057259 1450314 59.897602 10.704815 290016 1009
1285057260 1451324 59.897632 10.704899 257752 1010
1285057261 1452334 59.897652 10.704996 337096 1010
1285057262 1453344 59.897678 10.705076 348040 1010
1285057263 1454345 59.897678 10.705076 391248 1001
1285057264 1455346 59.897698 10.705174 413704 1001
1285057265 1456403 59.89772 10.705254 418376 1057
1285057266 1457405 59.897753 10.705338 311904 1001
1285057267 1458413 59.897753 10.705338 286480 1008
1285057268 1459424 59.897774 10.705436 424648 1011
1285057269 1460425 59.897795 10.705516 531352 1001
1285057270 1461426 59.89782 10.705613 352144 1001
1285057271 1462434 59.89782 10.705613 464320 1008
1285057272 1463464 59.897842 10.705694 497721 1030
1285057273 1464465 59.897875 10.705777 490312 1001
1285057274 1465474 59.897895 10.705875 394552 1009
1285057275 1466494 59.897895 10.705875 343936 1020
1285057276 1467503 59.897917 10.705955 347472 1008
1285057277 1468514 59.897942 10.706053 223552 1011
1285057278 1469534 59.897971 10.706136 248176 1020
1285057279 1470535 59.897971 10.706136 410968 1001
1285057281 1471574 59.897991 10.706234 408232 1039
1285057282 1472584 59.898017 10.706314 348840 1009
1285057283 1473604 59.898038 10.706412 261856 1020
1285057284 1474605 59.898038 10.706412 238600 1001
1285057285 1475673 59.898059 10.706492 378136 1068
1285057286 1476754 59.898087 10.706593 410968 1081
1285057287 1477756 59.898113 10.706673 406296 1002
1285057288 1478775 59.898113 10.706673 298792 1019
1285057289 1479776 59.898135 10.706754 353512 1001
1285057290 1480784 59.898155 10.706851 402757 1008
1285057291 1481794 59.898181 10.706931 346675 1010
1285057292 1482795 59.898181 10.706931 371296 1001
1285057293 1483805 59.898201 10.707029 349408 1010
1285057294 1484813 59.89823 10.707113 372664 1008
1285057295 1485823 59.898251 10.70721 313272 1010
1285057296 1486825 59.898251 10.70721 289216 1002
1285057297 1487827 59.898277 10.707291 317943 1002
1285057298 1488873 59.898297 10.707388 272800 1046
1285057299 1489874 59.898317 10.707486 324216 1001
1285057300 1490883 59.898317 10.707486 246808 1009
1285057301 1491893 59.898339 10.707566 188784 1010
1285057302 1492903 59.898363 10.707664 189352 1010
1285057303 1493905 59.898385 10.707744 198360 1002
1285057304 1494913 59.898385 10.707744 272800 1008
1285057305 1495915 59.898413 10.707845 326152 1002
1285057306 1496933 59.898439 10.707925 354880 1018
1285057307 1497943 59.898459 10.708023 229824 1010
1285057308 1498944 59.898459 10.708023 141472 1001
1285057309 1499945 59.898481 10.708103 233928 1001
1285057310 1500953 59.898501 10.708201 234496 1008
1285057311 1501965 59.898527 10.708281 239400 1012
1285057312 1502973 59.898527 10.708281 259120 1008
1285057313 1504053 59.898547 10.708379 248176 1080
1285057314 1505063 59.898569 10.708459 220248 1010
1285057315 1506123 59.898589 10.708557 187984 1060
1285057316 1507125 59.898589 10.708557 306432 1002
1285057317 1508126 59.898614 10.708655 285112 1001
