1296320454 1661062 59.871005 10.657238 339899 1001
1296320460 1667177 59.871017 10.657242 16384 6115
1296320483 1690034 59.871252 10.6575 83045 22857
1296320484 1691044 59.871252 10.6575 398723 1010
1296320485 1692054 59.871271 10.657524 321422 1010
1296320486 1693064 59.871289 10.657548 177278 1010
1296320487 1694085 59.8713 10.657569 179899 1020
1296320488 1695234 59.8713 10.657569 300837 1149
1296320489 1696344 59.871318 10.657593 297991 1110
1296320490 1697484 59.871338 10.6576 355432 1140
1296320491 1698485 59.871356 10.657624 377656 1001
1296320492 1699494 59.871356 10.657624 510210 1009
1296320493 1700500 59.871375 10.657648 397271 1005
1296320495 1701654 59.871385 10.657669 360390 1154
1296320496 1702655 59.871404 10.657693 554973 1001
1296320497 1703714 59.871404 10.657693 352814 1059
1296320498 1704894 59.871431 10.657703 426981 1180
1296320499 1706065 59.871449 10.657727 445954 1170
1296320500 1707066 59.871468 10.657751 447768 1001
1296320501 1708073 59.871468 10.657751 318306 1007
1296320502 1709074 59.871498 10.657778 325553 1001
1296320503 1710075 59.871516 10.657803 267183 1001
1296320504 1711273 59.871542 10.65783 335568 1198
1296320505 1712353 59.871542 10.65783 411611 1080
1296320506 1713355 59.871561 10.657854 427136 1001
1296320507 1714503 59.871587 10.657882 382050 1148
1296320509 1715623 59.871605 10.657906 428009 1119
1296320510 1716624 59.871605 10.657906 419840 1001
1296320511 1717634 59.871635 10.657933 449266 1010
1296320512 1718683 59.871661 10.657961 377245 1049
1296320513 1719684 59.87168 10.657985 502473 1001
1296320514 1720703 59.87168 10.657985 362943 1019
1296320515 1721714 59.871707 10.657995 341815 1011
1296320516 1722715 59.871733 10.658022 352704 1001
1296320517 1723893 59.871763 10.65805 408203 1178
1296320518 1724944 59.871763 10.65805 394325 1051
1296320519 1725953 59.871789 10.658077 314640 1009
1296320520 1726963 59.871815 10.658105 175199 1010
1296320521 1727964 59.871841 10.658132 238032 1001
1296320522 1728973 59.871841 10.658132 196706 1009
1296320523 1729974 59.871879 10.658163 290130 1001
1296320524 1730983 59.871905 10.65819 296455 1008
1296320525 1731993 59.871936 10.658218 364822 1010
1296320526 1732994 59.871936 10.658218 305064 1001
1296320527 1734003 59.871962 10.658245 270280 1009
1296320528 1735013 59.871995 10.658276 262712 1010
1296320529 1736016 59.872026 10.658303 426293 1002
1296320530 1737023 59.872026 10.658303 215700 1007
1296320531 1738093 59.872052 10.658331 405802 1070
1296320532 1739103 59.87209 10.658361 439296 1009
1296320533 1740283 59.872116 10.658389 337079 1180
1296320534 1741293 59.872116 10.658389 376196 1010
1296320535 1742294 59.872146 10.658416 495130 1001
1296320536 1743313 59.872184 10.658447 282115 1019
1296320537 1744332 59.87221 10.658475 264715 1019
1296320538 1745458 59.87221 10.658475 269464 1126
1296320539 1746463 59.872248 10.658505 519332 1005
1296320540 1747473 59.872279 10.658533 341110 1010
1296320541 1748474 59.872317 10.658564 324600 1001
1296320542 1749483 59.872317 10.658564 413607 1009
1296320543 1750503 59.872354 10.658612 356652 1020
1296320544 1751512 59.87238 10.658639 392416 1009
1296320545 1752513 59.872418 10.65867 379831 1001
1296320546 1753523 59.872418 10.65867 400294 1010
1296320547 1754524 59.872447 10.658715 371171 1001
1296320549 1755613 59.872485 10.658746 427601 1089
1296320550 1756614 59.872523 10.658777 422778 1001
1296320551 1757615 59.872523 10.658777 488255 1001
1296320552 1758723 59.872552 10.658822 452916 1108
1296320553 1759724 59.87259 10.658852 506714 1001
1296320554 1760725 59.872628 10.658883 499893 1001
1296320555 1761873 59.872628 10.658883 488709 1148
1296320556 1762883 59.872657 10.658928 455644 1010
1296320557 1763983 59.872695 10.658959 459624 1100
1296320558 1764984 59.872732 10.659007 528104 1001
1296320559 1765993 59.872732 10.659007 547494 1009
1296320560 1767183 59.87277 10.659038 508687 1190
1296320561 1768193 59.872808 10.659069 580798 1010
1296320562 1769302 59.872837 10.659114 477140 1109
1296320563 1770303 59.872837 10.659114 519626 1001
1296320565 1771554 59.872875 10.659144 486847 1250
1296320566 1772556 59.872912 10.659193 766966 1002
1296320567 1773563 59.872949 10.659241 198964 1007
1296320568 1774565 59.872949 10.659241 453153 1002
1296320569 1775567 59.872987 10.659272 532955 1002
1296320570 1776573 59.873025 10.659302 551774 1006
1296320571 1777574 59.873061 10.659351 527515 1001
1296320572 1778575 59.873061 10.659351 686736 1001
1296320573 1779577 59.873099 10.659381 548470 1002
1296320574 1780582 59.873136 10.65943 682632 1005
1296320575 1781583 59.873174 10.659461 459701 1001
1296320576 1782732 59.873174 10.659461 557142 1148
1296320577 1783733 59.873211 10.659509 589608 1001
1296320578 1784734 59.873249 10.65954 422865 1001
1296320579 1785736 59.873286 10.659588 501007 1002
1296320580 1786743 59.873286 10.659588 477744 1007
1296320581 1788133 59.873324 10.659619 621269 1172
1296320582 1789134 59.87336 10.659667 562248 1001
1296320583 1790135 59.873403 10.659698 488405 1001
1296320584 1791412 59.873403 10.659698 124019 1277
1296320585 1792413 59.873449 10.659732 840027 1001
1296320586 1793483 59.873485 10.65978 528278 1070
1296320587 1794484 59.873523 10.659811 645696 1001
1296320588 1795493 59.873523 10.659811 519535 1009
1296320589 1796494 59.87356 10.659859 567720 1001
1296320590 1797503 59.873603 10.65989 463309 1009
1296320591 1798504 59.873639 10.659938 626544 1001
1296320592 1799512 59.873639 10.659938 531441 1008
1296320598 1805430 59.873685 10.659972 16384 5917
1296320599 1806543 59.873723 10.660003 778033 1113
1296320601 1807561 59.87376 10.660051 247608 1018
1296320602 1808564 59.87376 10.660051 474696 1003
1296320603 1809565 59.873801 10.6601 413313 1001
1296320604 1810624 59.873847 10.660134 497902 1059
1296320605 1811633 59.873883 10.660182 522576 1008
1296320606 1812634 59.873883 10.660182 450273 1001
1296320607 1813635 59.873921 10.660213 536256 1001
1296320608 1815377 59.873964 10.660243 212766 1742
1296320609 1816383 59.874001 10.660292 718130 1006
1296320610 1817393 59.874001 10.660292 155260 1010
1296320611 1818513 59.874046 10.660326 175716 1120
1296320612 1819543 59.874088 10.660374 214734 1030
1296320613 1820544 59.874126 10.660405 204546 1001
1296320615 1821545 59.874126 10.660405 250701 1001
1296320616 1822573 59.874162 10.660453 243862 1028
1296320617 1823744 59.874213 10.660487 251184 1171
1296320618 1824763 59.874249 10.660536 264973 1019
1296320619 1825853 59.874249 10.660536 279571 1090
1296320620 1826854 59.874292 10.660566 241005 1001
1296320621 1827855 59.874336 10.660618 265928 1001
1296320622 1829063 59.874374 10.660649 230522 1208
1296320623 1830134 59.874374 10.660649 258917 1071
1296320624 1831144 59.874415 10.660697 225081 1010
1296320625 1832145 59.874461 10.660731 255466 1001
1296320626 1833147 59.874504 10.660762 226117 1002
1296320627 1834263 59.874504 10.660762 201167 1116
1296320628 1835343 59.87454 10.66081 252081 1080
1296320629 1836364 59.874586 10.660844 182213 1021
1296320630 1837365 59.874627 10.660892 218226 1001
1296320631 1838513 59.874627 10.660892 202914 1148
1296320632 1839514 59.874665 10.660923 214766 1001
1296320633 1840515 59.874714 10.660975 186827 1001
1296320634 1841542 59.874752 10.661006 122067 1027
1296320636 1842603 59.874752 10.661006 140250 1061
1296320637 1843663 59.874796 10.661057 195941 1060
1296320638 1844664 59.874839 10.661088 164109 1001
1296320639 1845722 59.874876 10.661136 176950 1058
1296320640 1846864 59.874876 10.661136 221089 1142
1296320641 1847873 59.874924 10.661188 190176 1009
1296320642 1848875 59.874963 10.661219 226618 1002
1296320643 1850023 59.875004 10.661267 188270 1148
1296320644 1851024 59.875004 10.661267 208055 1001
1296320645 1852122 59.875049 10.661301 234369 1098
1296320646 1853183 59.875091 10.661349 214749 1061
1296320647 1854263 59.875133 10.66138 230636 1080
1296320648 1855352 59.875133 10.66138 236970 1089
1296320649 1856403 59.87517 10.661428 206802 1050
1296320650 1857473 59.87522 10.661462 182692 1070
1296320652 1858662 59.875261 10.661511 231649 1189
1296320653 1859663 59.875261 10.661511 238297 1001
1296320654 1860664 59.875298 10.661559 211632 1001
1296320655 1861665 59.875341 10.66159 146326 1001
1296320656 1862667 59.875385 10.661641 221426 1002
1296320657 1863862 59.875385 10.661641 229441 1195
1296320658 1864864 59.875421 10.66169 246482 1002
1296320659 1865865 59.875464 10.66172 176064 1001
1296320660 1866882 59.875501 10.661769 209478 1017
1296320661 1867982 59.875501 10.661769 183064 1100
1296320662 1869133 59.875549 10.66182 230310 1151
1296320663 1870312 59.875588 10.661851 252125 1179
1296320664 1871314 59.875629 10.661899 298115 1001
1296320665 1872422 59.875629 10.661899 216379 1108
1296320666 1873423 59.875673 10.661951 240496 1001
1296320667 1874432 59.875716 10.661982 257116 1009
1296320668 1875532 59.875752 10.66203 155931 1100
1296320669 1876542 59.875752 10.66203 165957 1010
1296320671 1877555 59.875797 10.662082 106333 1013
1296320672 1878562 59.875839 10.662112 112666 1007
1296320673 1879563 59.875883 10.662164 139253 1001
1296320674 1880582 59.875883 10.662164 146538 1019
1296320675 1881585 59.875925 10.662212 233885 1002
1296320676 1882652 59.87597 10.662246 206094 1067
1296320677 1883853 59.876007 10.662295 262364 1201
1296320678 1885043 59.876007 10.662295 245345 1190
1296320679 1886143 59.876056 10.662346 235077 1100
1296320680 1887145 59.876098 10.662377 244646 1002
1296320681 1888146 59.876143 10.662429 191382 1001
1296320682 1889152 59.876143 10.662429 198194 1006
1296320683 1890153 59.876185 10.662459 197764 1001
1296320684 1891212 59.87623 10.662511 216081 1059
1296320685 1892213 59.876271 10.662559 196428 1001
1296320686 1893232 59.876271 10.662559 164519 1019
1296320687 1894233 59.876321 10.662593 235651 1001
1296320688 1895242 59.876358 10.662642 186673 1009
1296320689 1896362 59.876399 10.66269 198270 1120
1296320690 1897372 59.876399 10.66269 240399 1010
1296320691 1898442 59.876444 10.662724 241003 1070
1296320692 1899444 59.876486 10.662772 300960 1002
1296320693 1900452 59.876536 10.662806 263436 1008
1296320694 1901542 59.876536 10.662806 306997 1090
1296320696 1902652 59.876572 10.662855 323104 1110
1296320697 1903822 59.876621 10.662906 305496 1170
1296320698 1904832 59.876664 10.662937 337896 1009
1296320699 1905833 59.876664 10.662937 201803 1001
1296320700 1906842 59.876708 10.662989 222984 1009
1296320701 1907843 59.876751 10.663019 206318 1001
1296320702 1908852 59.876795 10.663071 235331 1009
1296320703 1909862 59.876795 10.663071 281572 1010
1296320704 1910872 59.876841 10.663105 248743 1009
1296320705 1911874 59.876882 10.663153 363409 1002
1296320706 1912875 59.876926 10.663205 362696 1001
1296320707 1913882 59.876926 10.663205 419976 1007
1296320708 1914883 59.876963 10.663253 345777 1001
1296320709 1915892 59.877007 10.663305 319081 1009
1296320710 1916902 59.87705 10.663336 270231 1010
1296320711 1917911 59.87705 10.663336 320112 1009
1296320712 1918912 59.877099 10.663387 238776 1001
1296320713 1919962 59.877135 10.663436 269712 1050
1296320714 1920963 59.877185 10.66347 309168 1001
1296320715 1921972 59.877185 10.66347 244281 1009
1296320716 1922981 59.87723 10.663521 313272 1009
1296320717 1923992 59.877272 10.663552 223993 1011
1296320718 1925001 59.877321 10.663604 292752 1009
1296320719 1926002 59.877321 10.663604 235599 1001
1296320720 1927012 59.877358 10.663652 283176 1010
1296320721 1928021 59.877408 10.663686 240764 1009
1296320722 1929022 59.877452 10.663738 262656 1001
1296320723 1930051 59.877452 10.663738 229413 1029
1296320725 1931772 59.877496 10.663789 1368 1720
1296320726 1932781 59.877533 10.663838 717352 1009
1296320727 1933782 59.877577 10.663889 362520 1001
1296320728 1934932 59.877577 10.663889 337629 1150
1296320729 1935933 59.877614 10.663938 387712 1001
1296320730 1936952 59.877658 10.663989 406751 1019
1296320731 1938201 59.877695 10.664037 462403 1001
1296320732 1939202 59.877695 10.664037 325564 1001
1296320733 1940212 59.877738 10.664107 293490 1010
1296320734 1941221 59.877788 10.664141 273600 1009
1296320735 1942222 59.877825 10.664189 186322 1001
1296320736 1943231 59.877825 10.664189 194676 1009
1296320737 1944232 59.877869 10.664241 248976 1001
1296320738 1945241 59.877918 10.664292 195676 1009
1296320739 1946242 59.877964 10.664326 250344 1001
1296320740 1947251 59.877964 10.664326 202654 1009
1296320741 1948252 59.878005 10.664375 266760 1001
1296320742 1949261 59.878053 10.664426 241632 1009
1296320743 1950262 59.878092 10.664457 280612 1001
1296320744 1951271 59.878092 10.664457 283868 1009
1296320746 1953510 59.87814 10.664509 117648 2239
1296320747 1954541 59.878185 10.66456 154837 1031
1296320748 1955542 59.878227 10.664591 285912 1001
1296320750 1956551 59.878227 10.664591 259487 1009
1296320751 1957561 59.878276 10.664643 203409 1010
1296320752 1958571 59.878313 10.664691 235296 1010
1296320753 1959591 59.878361 10.664743 149917 1019
1296320754 1960601 59.878361 10.664743 190152 1010
1296320755 1961602 59.878404 10.664773 176342 1001
1296320756 1962603 59.878448 10.664825 233868 1001
1296320757 1963611 59.87849 10.664873 235296 1008
1296320758 1964621 59.87849 10.664873 133708 1009
1296320759 1965630 59.878535 10.664907 120384 1009
1296320760 1967235 59.878576 10.664956 16384 1605
1296320761 1968250 59.878614 10.664986 184622 1014
1296320762 1969281 59.878614 10.664986 67032 1031
1296320763 1970290 59.878663 10.665038 72504 1009
1296320764 1971300 59.878704 10.665086 68547 1010
1296320765 1972301 59.87875 10.66512 99864 1001
1296320766 1973311 59.87875 10.66512 97128 1010
1296320767 1974331 59.878787 10.665169 83346 1020
1296320768 1975350 59.878836 10.66522 113544 1019
1296320769 1976491 59.878874 10.665251 68605 1141
1296320770 1977510 59.878874 10.665251 90288 1019
1296320771 1978520 59.878922 10.665303 95760 1010
1296320773 1979553 59.878959 10.665351 75331 1033
1296320774 1980561 59.879009 10.665385 68400 1008
1296320775 1981570 59.879009 10.665385 53556 1009
1296320776 1982580 59.879046 10.665433 58824 1010
1296320777 1983600 59.879096 10.665467 83600 1020
1296320778 1984620 59.879133 10.665516 56088 1020
1296320779 1985640 59.879133 10.665516 47880 1019
1296320780 1986650 59.879182 10.665567 33899 1010
1296320781 1987680 59.87922 10.665598 47880 1030
1296320782 1988710 59.879269 10.66565 39672 1030
1296320783 1989730 59.879269 10.66565 36936 1020
1296320784 1990760 59.879307 10.665681 30845 1030
1296320785 1991780 59.879355 10.665732 53352 1020
1296320786 1992810 59.879394 10.665763 42408 1030
1296320787 1993840 59.879394 10.665763 31092 1030
1296320788 1994901 59.879442 10.665815 27830 1061
1296320789 1995921 59.87948 10.665845 30096 1019
1296320790 1997170 59.879529 10.665897 30580 1249
1296320791 1998310 59.879529 10.665897 23256 1140
1296320792 1999350 59.879567 10.665928 27360 1040
1296320793 2000380 59.879616 10.665979 19711 1030
1296320795 2001560 59.879654 10.66601 23256 1180
1296320796 2002590 59.879654 10.66601 34200 1030
1296320797 2003600 59.879698 10.666062 23786 1010
1296320798 2004610 59.879737 10.666092 34200 1010
1296320799 2005650 59.879781 10.666144 32832 1040
1296320800 2006660 59.879781 10.666144 29710 1010
1296320801 2007680 59.879827 10.666178 35568 1020
1296320802 2008700 59.879868 10.666226 36936 1020
1296320803 2009710 59.879913 10.666261 20351 1010
1296320804 2010750 59.879913 10.666261 24624 1040
1296320805 2011770 59.879955 10.666309 17610 1020
1296320806 2012780 59.879991 10.666357 31464 1010
1296320807 2013790 59.880035 10.666409 47671 1010
1296320808 2014800 59.880035 10.666409 70939 1010
1296320809 2015890 59.88008 10.66646 66401 1090
1296320810 2016921 59.880125 10.666495 67601 1031
1296320811 2017943 59.880162 10.666543 51984 1022
1296320812 2018980 59.880162 10.666543 32406 1037
1296320813 2020009 59.880206 10.666594 31464 1029
1296320814 2021040 59.880243 10.666643 31464 1031
1296320815 2022050 59.880287 10.666694 28792 1010
1296320816 2023051 59.880287 10.666694 31464 1001
1296320817 2024070 59.880324 10.666743 41040 1019
1296320818 2025090 59.880368 10.666794 35799 1020
1296320819 2026130 59.880413 10.666846 36936 1040
1296320820 2027160 59.880413 10.666846 27706 1029
1296320821 2028170 59.880454 10.666894 40048 1010
1296320822 2029180 59.880498 10.666946 57456 1010
1296320823 2030190 59.880542 10.666998 73071 1010
1296320824 2031200 59.880542 10.666998 93132 1010
1296320825 2032360 59.880579 10.667046 100389 1159
1296320826 2033370 59.880628 10.667097 56088 1010
1296320827 2034380 59.880664 10.667146 47071 1010
1296320828 2035389 59.880664 10.667146 57456 1009
1296320829 2036409 59.880709 10.667197 49230 1020
1296320830 2037429 59.880745 10.667246 44590 1020
1296320831 2038460 59.880794 10.667297 45144 1024
1296320832 2039540 59.880794 10.667297 23372 1080
1296320834 2040560 59.880831 10.667346 28728 1020
1296320835 2041582 59.880866 10.667412 27360 1022
1296320836 2042639 59.880915 10.667463 14288 1057
1296320837 2043679 59.880915 10.667463 23256 1040
1296320838 2044710 59.880951 10.667511 23256 1031
1296320839 2045739 59.880988 10.66756 24191 1029
1296320840 2046750 59.881031 10.667629 38304 1011
1296320841 2047779 59.881031 10.667629 29764 1029
1296320842 2048799 59.881072 10.667677 38304 1020
1296320843 2049859 59.881107 10.667743 26269 1060
1296320844 2051150 59.881144 10.667791 27360 1291
1296320849 2056408 59.881144 10.667791 12312 5258
1296320850 2057418 59.881181 10.66784 67053 1010
1296320851 2058428 59.88122 10.667906 84573 1010
1296320852 2059458 59.881265 10.667957 49248 1030
1296320853 2060528 59.881265 10.667957 34200 1070
1296320855 2061548 59.881306 10.668006 25992 1020
1296320856 2062558 59.881342 10.668054 65664 1010
1296320857 2063560 59.881385 10.668123 105336 1002
1296320858 2064768 59.881385 10.668123 100965 1208
1296320859 2065769 59.881422 10.668171 68400 1001
1296320860 2066778 59.881463 10.66822 58824 1009
1296320861 2067798 59.881507 10.668271 31464 1020
1296320862 2069168 59.881507 10.668271 13680 1370
1296320870 2077037 59.881543 10.668337 2736 7869
1296320871 2078077 59.881584 10.668386 2736 1040
1296320872 2079097 59.881628 10.668437 6840 1020
1296320873 2080377 59.881628 10.668437 5472 1280
1296320874 2081516 59.881665 10.668485 9576 1139
1296320876 2082577 59.8817 10.668551 9576 1061
1296320877 2083617 59.881749 10.668603 9576 1040
1296320878 2084954 59.881749 10.668603 8208 1337
1296320879 2085974 59.881785 10.668651 15048 1020
1296320880 2087014 59.881822 10.6687 15048 1040
1296320881 2088273 59.881866 10.668751 10944 1259
1296320882 2089438 59.881866 10.668751 8208 1165
1296320884 2090554 59.881907 10.6688 6840 1116
1296320885 2091593 59.881943 10.668865 6840 1039
1296320886 2092634 59.881987 10.668917 6840 1041
1296321009 2216335 59.881987 10.668917 4104 123701
