1284990151 2272224 59.870996 10.657714 372664 1018
1284990152 2273225 59.871 10.657714 376768 1001
1284990153 2274244 59.871 10.657714 360352 1019
1284990154 2275245 59.871006 10.657735 356248 1001
1284990155 2276246 59.871019 10.657738 392616 1001
1284990156 2277248 59.871025 10.657759 363088 1002
1284990157 2278254 59.871025 10.657759 354880 1006
1284990158 2279255 59.871035 10.65778 342568 1001
1284990159 2280256 59.871048 10.657783 320680 1001
1284990160 2281264 59.871061 10.657808 353512 1008
1284990161 2282265 59.871061 10.657808 339832 1001
1284990162 2283345 59.871072 10.657828 398656 1080
1284990163 2284354 59.871084 10.657832 387144 1009
1284990164 2285355 59.871095 10.657853 361720 1001
1284990165 2286364 59.871095 10.657853 376768 1009
1284990166 2287365 59.871113 10.657877 346672 1001
1284990167 2288366 59.871119 10.657898 378136 1001
1284990168 2289373 59.87113 10.657918 363088 1007
1284990169 2290374 59.87113 10.657918 328888 1001
1284990170 2291375 59.871149 10.657943 352144 1001
1284990171 2292394 59.871159 10.657963 382240 1019
1284990172 2293396 59.871178 10.657988 376200 1002
1284990173 2294404 59.871178 10.657988 382240 1008
1284990174 2295414 59.87119 10.657991 368560 1010
1284990175 2296424 59.871208 10.658015 311104 1010
1284990176 2297433 59.871219 10.658036 233128 1009
1284990177 2298434 59.871219 10.658036 259920 1001
1284990178 2299435 59.871236 10.658078 231760 1001
1284990179 2300444 59.871246 10.658098 322048 1009
1284990181 2301554 59.871265 10.658123 382240 1110
1284990182 2302564 59.871265 10.658123 388512 1010
1284990183 2303565 59.871283 10.658147 364456 1001
1284990184 2304574 59.871301 10.658171 357616 1009
1284990185 2305585 59.871312 10.658192 330256 1011
1284990186 2306604 59.871312 10.658192 346672 1019
1284990187 2307623 59.871329 10.658233 323416 1019
1284990188 2308674 59.871347 10.658258 346672 1051
1284990189 2309683 59.871366 10.658282 328320 1009
1284990190 2310693 59.871366 10.658282 178409 1010
1284990191 2311703 59.871382 10.658323 186048 1010
1284990192 2312713 59.871401 10.658347 157888 1010
1284990193 2313715 59.871418 10.658389 240768 1002
1284990194 2314723 59.871418 10.658389 149680 1008
1284990195 2315733 59.871436 10.658413 162792 1010
1284990196 2316734 59.871453 10.658455 128592 1001
1284990197 2317743 59.871479 10.658482 122320 1009
1284990198 2318744 59.871479 10.658482 209304 1001
1284990199 2319745 59.871496 10.658524 261856 1001
1284990200 2320753 59.871522 10.658552 326952 1008
1284990201 2321763 59.871543 10.658593 268696 1010
1284990202 2322764 59.871543 10.658593 211240 1001
1284990203 2323773 59.871569 10.658621 309168 1009
1284990204 2324783 59.871586 10.658662 287848 1010
1284990205 2325784 59.871616 10.65869 287848 1001
1284990206 2326794 59.871616 10.65869 281008 1010
1284990207 2327803 59.871633 10.658732 258552 1009
1284990208 2328823 59.871662 10.658777 218080 1020
1284990209 2329824 59.871688 10.658804 233928 1001
1284990210 2330843 59.871688 10.658804 181144 1019
1284990211 2331844 59.871717 10.658849 290016 1001
1284990212 2332853 59.871743 10.658876 287848 1008
1284990213 2333854 59.871772 10.658921 259120 1001
1284990214 2334863 59.871772 10.658921 287280 1009
1284990215 2335873 59.871803 10.658949 248176 1010
1284990216 2336883 59.871827 10.658994 207136 1010
1284990217 2337893 59.871858 10.659021 316008 1010
1284990218 2338904 59.871858 10.659021 263224 1011
1284990219 2339913 59.871894 10.65907 259120 1009
1284990220 2340924 59.87192 10.659097 287280 1011
1284990221 2341933 59.871949 10.659142 245440 1009
1284990222 2343052 59.871949 10.659142 249544 1119
1284990223 2344053 59.871987 10.659173 285912 1001
1284990224 2345055 59.872012 10.659218 245431 1002
1284990225 2346063 59.87205 10.659249 287857 1008
1284990226 2347083 59.87205 10.659249 305064 1020
1284990227 2348084 59.872079 10.659294 285112 1001
1284990228 2349093 59.872117 10.659324 296056 1009
1284990229 2350103 59.872146 10.659369 277704 1010
1284990230 2351105 59.872146 10.659369 270064 1001
1284990231 2352113 59.872184 10.6594 308368 1008
1284990232 2353123 59.872216 10.659448 309736 1010
1284990233 2354125 59.872247 10.659476 339264 1002
1284990234 2355133 59.872247 10.659476 300160 1008
1284990235 2356153 59.872284 10.659524 276904 1020
1284990236 2357244 59.872322 10.659555 308368 1091
1284990237 2358245 59.872358 10.659603 309168 1001
1284990238 2359253 59.872358 10.659603 278272 1007
1284990239 2360263 59.872395 10.659651 253648 1010
1284990240 2361273 59.872425 10.659679 329688 1010
1284990241 2362274 59.872462 10.659727 294688 1001
1284990242 2363282 59.872462 10.659727 300160 1008
1284990243 2364283 59.872499 10.659776 282376 1001
1284990244 2365293 59.872537 10.659806 324216 1010
1284990245 2366294 59.872573 10.659855 320680 1001
1284990246 2367295 59.872573 10.659855 297424 1001
1284990247 2368303 59.872612 10.659885 304264 1008
1284990248 2369323 59.872648 10.659934 325584 1020
1284990249 2370324 59.872686 10.659964 270064 1001
1284990250 2371333 59.872686 10.659964 248176 1009
1284990251 2372343 59.872731 10.660016 192888 1010
1284990252 2373352 59.872773 10.660047 135432 1009
1284990253 2374362 59.87281 10.660095 134632 1010
1284990254 2375363 59.87281 10.660095 158688 1001
1284990255 2376372 59.872846 10.660143 157888 1009
1284990256 2377382 59.872885 10.660174 181944 1010
1284990257 2378392 59.872929 10.660226 175104 1010
1284990258 2379402 59.872929 10.660226 171567 1010
1284990259 2380403 59.87297 10.660274 221616 1001
1284990260 2381413 59.873008 10.660305 197560 1010
1284990261 2382423 59.873052 10.660356 221616 1010
1284990262 2383432 59.873052 10.660356 198928 1009
1284990263 2384433 59.873091 10.660387 257184 1001
1284990264 2385442 59.873132 10.660435 229024 1009
1284990265 2386482 59.873176 10.660487 190720 1040
1284990266 2387484 59.873176 10.660487 194256 1002
1284990267 2388492 59.873214 10.660518 164160 1008
1284990268 2389512 59.873258 10.660569 77176 1020
1284990269 2390522 59.873301 10.6606 49248 1010
1284990271 2391547 59.873301 10.6606 60192 1025
1284990272 2392552 59.873345 10.660652 97128 1005
1284990274 2394958 59.873382 10.6607 16384 2406
1284990275 2396232 59.873432 10.660734 242736 1006
1284990276 2397242 59.873432 10.660734 180576 1010
1284990277 2398262 59.873469 10.660782 152416 1020
1284990278 2399272 59.873513 10.660834 110808 1010
1284990279 2400282 59.873556 10.660865 116280 1010
1284990280 2401292 59.873556 10.660865 132696 1010
1284990281 2402293 59.8736 10.660916 120952 1001
1284990282 2403312 59.873637 10.660965 139536 1019
1284990283 2404322 59.873687 10.660999 90288 1010
1284990284 2405342 59.873687 10.660999 98496 1020
1284990285 2406352 59.873731 10.66105 114112 1010
1284990286 2407362 59.873768 10.661099 181944 1010
1284990287 2408363 59.873818 10.661133 185248 1001
1284990288 2409372 59.873818 10.661133 187416 1009
1284990289 2410411 59.873855 10.661181 155152 1039
1284990290 2411412 59.873899 10.661233 194256 1001
1284990291 2412413 59.873949 10.661267 187416 1001
1284990292 2413422 59.873949 10.661267 167464 1009
1284990293 2414432 59.873986 10.661315 210672 1010
1284990294 2415452 59.874031 10.661349 192088 1020
1284990295 2416462 59.87408 10.661401 213408 1010
1284990296 2417463 59.87408 10.661401 194824 1001
1284990297 2418472 59.874117 10.661449 248976 1009
1284990298 2419473 59.874163 10.661483 190720 1001
1284990299 2420492 59.874211 10.661535 176472 1019
1284990300 2421502 59.874211 10.661535 112744 1010
1284990301 2422512 59.87425 10.661565 196992 1010
1284990302 2423513 59.874294 10.661617 172936 1001
1284990303 2424522 59.874343 10.661669 198360 1009
1284990304 2425531 59.874343 10.661669 173736 1009
1284990305 2426532 59.874388 10.661703 166096 1001
1284990307 2427548 59.874425 10.661751 188784 1016
1284990308 2428562 59.874474 10.661802 157888 1014
1284990309 2429572 59.874474 10.661802 171000 1010
1284990310 2430573 59.874518 10.661854 166896 1001
1284990311 2431581 59.874561 10.661885 174304 1008
1284990312 2432591 59.874605 10.661936 203832 1010
1284990313 2433593 59.874605 10.661936 161992 1002
1284990314 2434602 59.874649 10.661988 213408 1009
1284990315 2435611 59.874693 10.66204 172936 1009
1284990316 2436621 59.874735 10.662088 196992 1010
1284990317 2437622 59.874735 10.662088 126424 1001
1284990318 2438651 59.87478 10.662122 99864 1029
1284990319 2439661 59.874829 10.662174 50616 1010
1284990320 2440671 59.874873 10.662225 42408 1010
1284990321 2441691 59.874873 10.662225 32832 1020
1284990322 2442761 59.87491 10.662274 34200 1070
1284990323 2443781 59.874959 10.662325 31464 1020
1284990324 2444811 59.875003 10.662377 25992 1030
1284990325 2445871 59.875003 10.662377 20520 1060
1284990326 2446891 59.875047 10.662428 20520 1020
1284990362 2483098 59.875096 10.66248 19152 36207
1284990363 2484118 59.875134 10.662511 33400 1020
1284990364 2485128 59.875134 10.662511 86184 1010
1284990365 2486148 59.875179 10.662562 127224 1020
1284990366 2487158 59.875227 10.662614 94392 1010
1284990367 2488178 59.875272 10.662666 82080 1020
1284990368 2489218 59.875272 10.662666 53920 1040
1284990369 2490248 59.875313 10.662714 69768 1030
1284990370 2491258 59.875357 10.662765 61560 1010
1284990371 2492268 59.875401 10.662817 47880 1010
1284990372 2493278 59.875401 10.662817 35568 1010
1284990373 2494308 59.87545 10.662869 31464 1030
1284990374 2495309 59.875487 10.662917 28728 1001
1284990375 2496318 59.875531 10.662969 34200 1009
1284990376 2497328 59.875531 10.662969 43776 1010
1284990377 2498348 59.87558 10.66302 47080 1020
1284990378 2499378 59.875624 10.663072 57456 1030
1284990379 2500418 59.875673 10.663123 56088 1040
1284990380 2501428 59.875673 10.663123 57456 1010
1284990381 2502458 59.87571 10.663172 60192 1030
1284990382 2503478 59.875758 10.663223 45144 1020
1284990383 2504488 59.875803 10.663275 46512 1010
1284990385 2505584 59.875803 10.663275 44344 1096
1284990386 2506618 59.875847 10.663327 38304 1034
1284990387 2507648 59.875888 10.663375 42408 1030
1284990388 2508688 59.875932 10.663426 35568 1040
1284990389 2509698 59.875932 10.663426 23256 1010
1284990390 2510738 59.875981 10.663478 28728 1040
1284990391 2511777 59.876026 10.66353 31464 1039
1284990392 2512778 59.876074 10.663581 35568 1001
1284990393 2513818 59.876074 10.663581 43776 1040
1284990394 2514858 59.876111 10.66363 35568 1040
1284990395 2515907 59.87616 10.663681 35568 1049
1284990396 2516937 59.876204 10.663733 36936 1030
1284990397 2517957 59.876204 10.663733 27928 1020
1284990398 2518977 59.876253 10.663784 27360 1020
1284990399 2519987 59.876289 10.663833 20520 1010
1284990400 2521038 59.876338 10.663884 23256 1051
1284990401 2522087 59.876338 10.663884 19152 1049
1284990402 2523157 59.876387 10.663936 13680 1070
1284990403 2524207 59.876431 10.663988 16416 1050
1284990404 2525277 59.876482 10.664022 13680 1070
1284990405 2526327 59.876482 10.664022 9576 1050
1284990406 2527367 59.876526 10.664073 13680 1040
1284990407 2528417 59.876567 10.664122 21888 1050
1284990408 2529427 59.876611 10.664173 17784 1010
1284990410 2531017 59.876611 10.664173 10944 1590
1284990411 2532227 59.87666 10.664225 8208 1210
1284990412 2533267 59.876704 10.664276 6840 1040
1284990413 2534287 59.876753 10.664328 13696 1020
1284990414 2535377 59.876753 10.664328 15032 1090
1284990415 2536417 59.876797 10.66438 19152 1040
1284990416 2537517 59.87684 10.66441 16416 1100
1284990419 2539664 59.876889 10.664462 5472 2147
1284990437 2557634 59.876889 10.664462 10944 17970
1284990438 2558662 59.876933 10.664514 16416 1028
1284990439 2559682 59.876982 10.664565 10944 1020
1284990440 2560842 59.877026 10.664617 8208 1160
1284990441 2561993 59.877026 10.664617 8208 1151
1284990442 2563152 59.877075 10.664668 8208 1159
1284990443 2564322 59.877125 10.664703 8208 1170
1284990444 2565472 59.877169 10.664754 8208 1150
1284990446 2566572 59.877169 10.664754 8208 1100
1284990447 2567742 59.877211 10.664802 8208 1170
1284990448 2568762 59.877259 10.664854 6840 1020
1284990449 2569792 59.877304 10.664906 5472 1030
1284990450 2571032 59.877304 10.664906 10144 1240
1284990451 2572062 59.877352 10.664957 36936 1030
1284990452 2573333 59.877397 10.665009 34200 1271
1284990453 2574353 59.877444 10.665078 61560 1020
1284990454 2575362 59.877444 10.665078 87552 1009
1284990455 2576372 59.877488 10.66513 109440 1009
1284990456 2577382 59.87753 10.665178 116848 1009
1284990457 2578392 59.877574 10.66523 128592 1010
1284990458 2579402 59.877574 10.66523 110808 1010
1284990459 2580413 59.877621 10.665299 87552 1011
1284990460 2581422 59.877665 10.66535 78544 1009
1284990461 2582442 59.877707 10.665399 72504 1019
1284990462 2583452 59.877707 10.665399 84816 1010
1284990463 2584470 59.877749 10.665468 109440 1018
1284990464 2585482 59.877794 10.66552 114112 1012
1284990465 2586502 59.877841 10.665589 113544 1020
1284990466 2587522 59.877841 10.665589 83448 1020
1284990467 2588523 59.877878 10.665637 88920 1001
1284990468 2589532 59.877925 10.665706 106704 1009
1284990470 2590552 59.877969 10.665758 148312 1020
1284990471 2591562 59.877969 10.665758 134064 1010
1284990472 2592572 59.878017 10.665827 159256 1010
1284990473 2593582 59.878061 10.665879 187416 1010
1284990474 2594592 59.878104 10.665948 109440 1010
1284990475 2595593 59.878104 10.665948 105904 1001
1284990476 2596602 59.878145 10.665996 187416 1009
1284990477 2597603 59.878188 10.666065 154584 1001
1284990478 2598612 59.878237 10.666117 123688 1009
1284990479 2599632 59.878237 10.666117 196992 1020
1284990480 2600662 59.878272 10.666183 93024 1030
1284990481 2601682 59.878316 10.666234 104536 1020
1284990482 2602702 59.878364 10.666303 76608 1020
1284990483 2603731 59.878364 10.666303 50616 1029
1284990484 2604761 59.878399 10.666369 42408 1030
1284990485 2605821 59.878448 10.666421 36936 1060
1284990486 2606872 59.878483 10.666487 17784 1050
1284990487 2608252 59.878483 10.666487 12312 1380
1284990488 2609321 59.87853 10.666556 20520 1069
1284990489 2610371 59.878574 10.666608 21888 1050
1284990507 2627546 59.878614 10.666673 9576 17175
1284990508 2628549 59.878614 10.666673 100432 1003
1284990509 2629550 59.878657 10.666743 337896 1001
1284990510 2630551 59.878698 10.666791 326152 1001
1284990511 2631552 59.878741 10.66686 275536 1001
1284990512 2632610 59.878741 10.66686 249544 1058
1284990513 2633620 59.878781 10.666926 290016 1009
1284990514 2634630 59.878824 10.666995 291953 1009
1284990515 2635639 59.878863 10.667061 192888 1009
1284990516 2636640 59.878863 10.667061 179776 1001
1284990517 2637649 59.878908 10.667113 236664 1009
1284990518 2638650 59.878947 10.667178 114112 1001
1284990519 2639659 59.87899 10.667248 125856 1009
1284990520 2640669 59.87899 10.667248 188784 1010
1284990521 2641680 59.87903 10.667313 155152 1011
1284990522 2642681 59.879073 10.667383 238032 1001
1284990523 2643689 59.879114 10.667431 245440 1008
1284990524 2644690 59.879114 10.667431 274168 1001
1284990525 2645780 59.879157 10.6675 335728 1090
1284990526 2646790 59.879192 10.667566 342000 1009
1284990527 2647791 59.879239 10.667635 322048 1001
1284990528 2648800 59.879239 10.667635 274168 1009
1284990529 2649809 59.879276 10.667683 289216 1009
1284990530 2650810 59.879323 10.667753 314640 1001
1284990531 2651821 59.879358 10.667819 309736 1010
1284990532 2652823 59.879358 10.667819 244072 1002
1284990533 2653829 59.879401 10.667888 270864 1006
1284990534 2654830 59.879442 10.667936 229024 1001
1284990535 2655839 59.879485 10.668005 287848 1009
1284990536 2656849 59.879485 10.668005 346104 1010
1284990537 2657860 59.87952 10.668071 215344 1011
1284990538 2658869 59.879569 10.668123 242701 1009
1284990539 2659870 59.879604 10.668189 318744 1001
1284990540 2660879 59.879604 10.668189 274171 1009
1284990541 2661880 59.879652 10.668258 315208 1001
1284990542 2662969 59.879688 10.668306 317944 1089
1284990543 2663970 59.879731 10.668375 291384 1001
1284990544 2664979 59.879731 10.668375 293320 1009
1284990545 2666000 59.879772 10.668424 320680 1021
1284990546 2667100 59.879815 10.668493 61560 1100
1284990547 2668109 59.879855 10.668559 383607 1009
1284990548 2669159 59.879855 10.668559 287848 1048
1284990549 2670160 59.879899 10.66861 329688 1001
1284990550 2671170 59.879939 10.668676 327520 1010
1284990551 2672179 59.879983 10.668728 265960 1008
1284990552 2673180 59.879983 10.668728 327520 1001
1284990553 2674189 59.880023 10.668794 367992 1009
1284990554 2675190 59.880072 10.668845 357616 1001
1284990555 2676191 59.880107 10.668911 341200 1001
1284990556 2677199 59.880107 10.668911 342568 1008
1284990557 2678200 59.880154 10.66898 339832 1001
1284990558 2679201 59.880203 10.669032 290584 1001
1284990559 2680209 59.880238 10.669098 288648 1008
1284990560 2681220 59.880238 10.669098 275536 1011
1284990561 2682221 59.880287 10.669149 337096 1001
1284990562 2683229 59.880322 10.669215 300960 1008
1284990563 2684230 59.88037 10.669284 211240 1001
1284990564 2685289 59.88037 10.669284 263224 1059
1284990565 2686329 59.880411 10.669333 357616 1040
1284990566 2687331 59.880454 10.669402 366624 1002
1284990567 2688339 59.880495 10.66945 308368 1008
1284990568 2689340 59.880495 10.66945 278272 1001
1284990569 2690348 59.880542 10.669519 346672 1008
1284990570 2691349 59.880582 10.669585 346672 1001
1284990571 2692364 59.880629 10.669654 273600 1015
1284990572 2693379 59.880629 10.669654 198928 1015
1284990573 2694419 59.880665 10.66972 338464 1040
1284990574 2695421 59.880713 10.669772 227088 1002
1284990575 2696501 59.880753 10.669838 301528 1080
1284990577 2697611 59.880753 10.669838 317944 1110
1284990578 2698659 59.8808 10.669907 382240 1048
1284990579 2699660 59.880836 10.669973 393984 1001
1284990580 2700669 59.880883 10.670042 313840 1009
1284990581 2701679 59.880883 10.670042 305632 1008
1284990582 2702680 59.88093 10.670111 244072 1001
1284990583 2703681 59.880966 10.670177 265392 1001
1284990584 2704689 59.881013 10.670246 207136 1008
1284990585 2705698 59.881013 10.670246 285912 1009
1284990586 2706700 59.88105 10.670294 257752 1002
1284990587 2707701 59.881097 10.670364 327520 1001
1284990588 2708719 59.881144 10.670433 323416 1018
1284990589 2709729 59.881144 10.670433 352144 1010
1284990590 2710730 59.881179 10.670499 362520 1001
1284990591 2711739 59.881227 10.670568 316576 1009
1284990592 2712740 59.881266 10.670634 342568 1001
1284990593 2713748 59.881266 10.670634 334360 1008
1284990594 2714799 59.881311 10.670685 282376 1051
1284990595 2715800 59.88135 10.670751 333792 1001
1284990596 2716801 59.881393 10.67082 324784 1001
1284990597 2717808 59.881393 10.67082 312472 1007
1284990598 2718809 59.881441 10.67089 297424 1001
1284990599 2719810 59.881476 10.670955 296856 1001
1284990600 2720818 59.881523 10.671025 211240 1008
1284990601 2721819 59.881523 10.671025 195624 1001
1284990602 2722828 59.881558 10.671091 141472 1009
1284990603 2724498 59.881607 10.671142 64296 1670
1284990604 2725499 59.88165 10.671211 108072 1001
1284990605 2726508 59.88165 10.671211 166896 1009
1284990606 2727519 59.88169 10.671277 122320 1010
1284990611 2732030 59.881733 10.671346 67032 4511
1284990612 2733224 59.881768 10.671412 5472 1194
1284990613 2734424 59.881768 10.671412 5472 1200
1284990615 2735625 59.881815 10.671481 5472 1201
1284990616 2736824 59.881852 10.67153 5472 1199
1284990617 2738024 59.881899 10.671599 5472 1200
1284990618 2739244 59.881899 10.671599 5472 1219
1284990619 2740484 59.881934 10.671665 5472 1240
1284990621 2741684 59.881982 10.671734 5472 1200
1284990622 2742944 59.882025 10.671803 5472 1260
1284990623 2744164 59.882025 10.671803 5472 1220
1284990624 2745364 59.882061 10.671852 5472 1200
1284990626 2746564 59.882109 10.671921 5472 1200
1284990627 2747584 59.882144 10.671987 4104 1020
1284990628 2748804 59.882144 10.671987 4104 1220
1284990629 2750025 59.882191 10.672056 5472 1221
1284990630 2751224 59.882234 10.672125 5472 1199
1284990631 2752484 59.882271 10.672173 5472 1260
1284990633 2753684 59.882271 10.672173 5472 1200
1284990634 2754964 59.882318 10.672242 5472 1280
1284990635 2756304 59.882353 10.672308 5472 1340
1284990637 2757584 59.882401 10.672377 4104 1280
1284990638 2758864 59.882401 10.672377 4104 1280
1284990639 2760144 59.882445 10.672429 4104 1280
1284990640 2761464 59.88248 10.672495 4104 1320
1284990642 2762744 59.882527 10.672564 4104 1280
1284990643 2764067 59.882527 10.672564 4104 1323
1284990644 2765344 59.882572 10.672616 4104 1277
1284990646 2766624 59.882611 10.672682 4104 1280
1284990647 2767924 59.882654 10.672751 4104 1300
1284990648 2769183 59.882654 10.672751 4104 1259
1284990649 2770464 59.882703 10.672803 4104 1281
1284990651 2771904 59.882738 10.672868 4104 1440
1284990652 2773243 59.882786 10.672938 4104 1339
1284990653 2774504 59.882786 10.672938 4104 1261
1284990655 2775783 59.88283 10.672989 4104 1279
1284990656 2777063 59.88287 10.673055 4104 1280
1284990657 2778343 59.882914 10.673107 4104 1280
1284990659 2779623 59.882914 10.673107 4104 1280
1284990660 2780943 59.882961 10.673176 4104 1320
1284990661 2782183 59.883005 10.673228 4104 1240
1284990662 2783463 59.883041 10.673293 4104 1280
1284990664 2784784 59.883041 10.673293 4104 1321
1284990665 2786104 59.883088 10.673363 4104 1320
1284990667 2787644 59.883132 10.673414 4104 1540
1284990668 2788943 59.883175 10.673483 4104 1299
1284990669 2790183 59.883175 10.673483 4104 1240
1284990670 2791463 59.883224 10.673535 4104 1280
1284990672 2792743 59.883259 10.673601 4104 1280
1284990673 2794523 59.883303 10.673653 3304 1780
1284990675 2795703 59.883303 10.673653 5472 1180
1284990677 2797809 59.883346 10.673722 8208 2106
1284990678 2798823 59.883389 10.673791 5472 1014
1284990679 2800023 59.88343 10.673839 5472 1200
1284990680 2801323 59.88343 10.673839 5472 1300
1284990681 2802503 59.883473 10.673908 5472 1180
1284990683 2803823 59.883517 10.67396 5472 1320
1284990684 2805063 59.88356 10.674029 5472 1240
1284990685 2806283 59.88356 10.674029 5472 1220
1284990686 2807423 59.883608 10.674098 4104 1140
1284990688 2808583 59.883643 10.674164 5472 1160
1284990689 2809783 59.883687 10.674216 5472 1200
1284990690 2811003 59.883687 10.674216 5472 1220
1284990691 2812203 59.88373 10.674285 5472 1200
1284990692 2813403 59.883777 10.674354 5472 1200
1284990694 2814563 59.883814 10.674403 6840 1160
1284990695 2815663 59.883814 10.674403 8208 1100
1284990696 2816666 59.883857 10.674472 69768 1003
1284990697 2817673 59.8839 10.674541 240308 1007
1284990698 2818693 59.883947 10.67461 100892 1020
1284990699 2819694 59.883947 10.67461 220248 1001
1284990700 2820703 59.883984 10.674659 156520 1009
1284990701 2821713 59.884026 10.674728 151848 1010
1284990702 2822714 59.884074 10.674797 165528 1001
1284990703 2823723 59.884074 10.674797 119584 1009
1284990704 2824733 59.884118 10.674849 151848 1010
1284990705 2826184 59.884153 10.674914 64296 1451
1284990706 2827243 59.884201 10.674984 21888 1059
1284990707 2828283 59.884201 10.674984 9576 1040
1284990708 2829304 59.884243 10.675053 19152 1020
1284990709 2830309 59.88428 10.675101 74440 1005
1284990710 2831313 59.884327 10.67517 214776 1004
1284990711 2832314 59.884327 10.67517 172936 1001
1284990712 2833323 59.88437 10.67524 199728 1009
1284990713 2834333 59.884406 10.675305 175104 1010
1284990714 2835344 59.88445 10.675357 149680 1009
1284990715 2836353 59.88445 10.675357 151848 1009
1284990716 2837363 59.884493 10.675426 142840 1010
1284990717 2838364 59.88454 10.675495 180576 1001
1284990718 2839383 59.884577 10.675544 165528 1019
1284990719 2840384 59.884577 10.675544 131896 1001
1284990720 2841393 59.884619 10.675613 180576 1009
1284990721 2842403 59.884662 10.675682 172936 1010
1284990722 2843404 59.884707 10.675734 201096 1001
1284990723 2844423 59.884707 10.675734 184680 1019
1284990724 2845443 59.884742 10.6758 181144 1020
1284990725 2846453 59.884786 10.675851 206568 1010
1284990726 2847454 59.884829 10.675921 175672 1001
1284990727 2848463 59.884829 10.675921 173736 1009
1284990728 2849473 59.884872 10.67599 133264 1010
1284990729 2850474 59.884908 10.676038 205200 1001
1284990730 2851482 59.884956 10.676107 201664 1008
1284990731 2852483 59.884956 10.676107 218880 1001
1284990732 2853493 59.884999 10.676176 155152 1010
1284990733 2854503 59.885043 10.676228 203832 1010
1284990735 2855633 59.885078 10.676294 200296 1130
1284990736 2856634 59.885078 10.676294 250344 1001
1284990737 2857635 59.885121 10.676363 204400 1001
1284990738 2858643 59.885165 10.676415 277704 1008
1284990739 2859644 59.8852 10.676481 260488 1001
1284990740 2860652 59.8852 10.676481 239968 1008
1284990741 2861663 59.885243 10.67655 261288 1011
1284990742 2862673 59.885288 10.676602 183880 1010
1284990746 2867512 59.885323 10.676667 113544 4838
1284990752 2872936 59.885323 10.676667 1368 5424
1284990753 2873950 59.885366 10.676737 186048 1014
1284990754 2874956 59.885405 10.676802 157888 1006
1284990755 2875957 59.885448 10.676872 258552 1001
1284990756 2876966 59.885448 10.676872 201665 1009
1284990757 2877980 59.885485 10.67692 86152 1014
1284990758 2878986 59.885528 10.676989 335760 1005
1284990759 2879988 59.885567 10.677055 265960 1002
1284990760 2880996 59.885567 10.677055 279072 1008
1284990761 2881997 59.885603 10.677121 227656 1001
1284990762 2883066 59.885645 10.67719 304264 1069
1284990763 2884086 59.885681 10.677256 314640 1019
1284990764 2885087 59.885681 10.677256 245440 1001
1284990765 2886096 59.885728 10.677325 289216 1009
1284990766 2887097 59.885765 10.677374 306432 1001
1284990767 2888116 59.885807 10.677443 248176 1019
1284990768 2889117 59.885807 10.677443 245440 1001
1284990769 2890118 59.885843 10.677509 231192 1001
1284990770 2891126 59.885882 10.677575 187984 1008
1284990771 2892146 59.885925 10.677644 166896 1020
1284990772 2893176 59.885925 10.677644 129960 1030
1284990773 2894186 59.88596 10.67771 111376 1010
1284990774 2895197 59.886008 10.677779 140904 1010
1284990775 2896206 59.886043 10.677845 108072 1009
1284990776 2897207 59.886043 10.677845 108072 1001
1284990777 2898218 59.886086 10.677914 74440 1011
1284990778 2899236 59.886122 10.677962 117648 1018
1284990779 2900245 59.88617 10.678031 125856 1009
1284990780 2901247 59.88617 10.678031 82080 1001
1284990781 2902266 59.886205 10.678097 60760 1019
1284990782 2903297 59.886248 10.678167 82080 1031
1284990783 2904305 59.886292 10.678218 79344 1008
1284990784 2905326 59.886292 10.678218 56088 1021
1284990785 2906336 59.886332 10.678284 65664 1010
1284990788 2909335 59.886375 10.678353 45144 2999
1284990789 2910463 59.886419 10.678405 15048 1128
1284990790 2911467 59.886419 10.678405 32832 1004
1284990791 2912475 59.886459 10.678471 30664 1008
1284990792 2913487 59.886503 10.678522 47880 1012
1284990793 2914508 59.886543 10.678588 42408 1021
1284990794 2915525 59.886543 10.678588 54720 1017
1284990796 2916545 59.886587 10.67864 41040 1020
1284990797 2917547 59.886634 10.678709 34200 1002
1284990798 2918570 59.886671 10.678758 24624 1023
1284990799 2919572 59.886671 10.678758 24624 1002
1284990800 2920585 59.886718 10.678827 32832 1013
1284990801 2921635 59.886761 10.678896 27360 1050
1284990802 2922645 59.886802 10.678944 34200 1010
1284990803 2923765 59.886802 10.678944 30664 1120
1284990804 2924835 59.886845 10.679013 19152 1070
1284990805 2926366 59.886894 10.679065 17784 1531
1284990806 2927386 59.886929 10.679131 77976 1020
1284990807 2928425 59.886929 10.679131 57456 1039
1284990808 2929435 59.886976 10.6792 64296 1010
1284990809 2930446 59.887021 10.679252 51984 1011
1284990810 2931485 59.887056 10.679318 25992 1039
1284990811 2932505 59.887056 10.679318 39672 1020
1284990813 2933535 59.887105 10.679369 46512 1030
1284990814 2934635 59.88714 10.679435 25192 1100
1284990815 2935665 59.887187 10.679505 90288 1030
1284990816 2936685 59.887187 10.679505 77976 1020
1284990817 2937865 59.887224 10.679553 20520 1180
1284990818 2938875 59.887271 10.679622 39672 1010
1284990819 2939925 59.887314 10.679691 20520 1050
1284990820 2940929 59.887314 10.679691 16384 1003
1284990821 2941945 59.887355 10.67974 315760 1016
1284990822 2942947 59.887398 10.679809 213408 1002
1284990823 2943955 59.887433 10.679875 166944 1008
1284990824 2944975 59.887433 10.679875 214776 1020
1284990825 2945985 59.887482 10.679926 161992 1010
1284990826 2947016 59.887525 10.679996 201096 1030
1284990827 2948017 59.88756 10.680061 219448 1001
1284990828 2949035 59.88756 10.680061 161424 1018
1284990829 2950045 59.887609 10.680113 84816 1010
1284990830 2951055 59.887644 10.680179 51184 1010
1284990831 2952056 59.887687 10.680248 50616 1001
1284990832 2953090 59.887687 10.680248 73872 1034
1284990833 2954095 59.887731 10.6803 50616 1005
1284990834 2955101 59.887771 10.680366 60192 1006
1284990835 2956135 59.887814 10.680435 56088 1034
1284990836 2957145 59.887814 10.680435 53352 1010
1284990837 2958225 59.887849 10.680501 44344 1080
1284990838 2959265 59.887898 10.680552 71136 1040
1284990839 2960274 59.887933 10.680618 51984 1009
1284990840 2961285 59.887933 10.680618 58824 1011
1284990841 2962286 59.887976 10.680688 106704 1001
1284990842 2963355 59.88802 10.680739 116848 1069
1284990843 2964366 59.88806 10.680805 158688 1011
1284990844 2965375 59.88806 10.680805 121752 1009
1284990845 2966385 59.888103 10.680874 128131 1010
1284990846 2967394 59.888147 10.680926 100893 1009
1284990847 2968405 59.888182 10.680992 157320 1011
1284990848 2969415 59.888182 10.680992 131328 1010
1284990849 2970434 59.888229 10.681061 78544 1019
1284990850 2971475 59.888274 10.681113 46512 1041
1284990851 2972515 59.888309 10.681179 28728 1040
1284990852 2973534 59.888309 10.681179 42408 1019
1284990854 2974554 59.888353 10.68123 28728 1020
1284990855 2975569 59.888393 10.681296 51984 1015
1284990856 2976574 59.888437 10.681348 119016 1005
1284990857 2977575 59.888437 10.681348 140104 1001
1284990858 2978576 59.88848 10.681417 274968 1001
1284990859 2979594 59.888521 10.681465 272800 1018
1284990860 2980595 59.888564 10.681535 294688 1001
1284990861 2981604 59.888564 10.681535 268128 1009
1284990862 2982615 59.888608 10.681586 186616 1009
1284990863 2983625 59.888648 10.681652 165528 1010
1284990864 2984626 59.888692 10.681704 155152 1001
1284990865 2985634 59.888692 10.681704 218880 1008
1284990866 2986644 59.888735 10.681773 222184 1010
1284990867 2987654 59.888772 10.681821 187416 1009
1284990868 2988664 59.888819 10.681891 101232 1010
1284990869 2989674 59.888819 10.681891 73072 1010
1284990870 2990708 59.888863 10.681942 47880 1034
1284990871 2991714 59.888899 10.682008 103968 1006
1284990872 2992715 59.888946 10.682077 190720 1001
1284990873 2993725 59.888946 10.682077 299592 1010
1284990874 2994745 59.888983 10.682126 248176 1020
1284990875 2995755 59.889025 10.682195 312472 1010
1284990876 2996764 59.889067 10.682243 351576 1009
1284990877 2997765 59.889067 10.682243 222184 1001
1284990878 2998784 59.889109 10.682312 203032 1019
1284990879 2999785 59.889154 10.682364 218880 1001
1284990880 3000794 59.889193 10.68243 224920 1009
1284990881 3001804 59.889193 10.68243 236664 1009
1284990882 3002834 59.889238 10.682482 138736 1030
1284990883 3003854 59.889273 10.682548 93024 1020
1284990884 3004885 59.889316 10.682617 62928 1031
1284990889 3010300 59.889316 10.682617 16384 5414
1284990890 3011314 59.889357 10.682665 291984 1014
1284990891 3012334 59.8894 10.682734 97128 1020
1284990892 3013340 59.889443 10.682804 88920 1006
1284990894 3014795 59.889443 10.682804 132728 1455
1284990895 3015804 59.889479 10.682852 101768 1009
1284990896 3016815 59.889527 10.682921 127224 1009
1284990897 3017824 59.889562 10.682987 283744 1009
1284990898 3018903 59.889562 10.682987 342567 1079
1284990899 3019915 59.889606 10.683039 339264 1011
1284990900 3020916 59.889641 10.683105 291952 1001
1284990901 3021924 59.889689 10.683174 255016 1008
1284990902 3022925 59.889689 10.683174 280440 1001
1284990903 3023926 59.889733 10.683225 256384 1001
1284990904 3024934 59.889768 10.683291 214316 1008
1284990905 3025935 59.889812 10.683343 222644 1001
1284990906 3026936 59.889812 10.683343 276904 1001
1284990907 3027944 59.889852 10.683409 172368 1008
1284990908 3028954 59.889895 10.683478 186616 1010
1284990909 3029955 59.889939 10.68353 354312 1001
1284990910 3030974 59.889939 10.68353 211240 1019
1284990911 3031984 59.889974 10.683596 192888 1010
1284990912 3032994 59.890022 10.683665 197560 1010
1284990913 3034016 59.890058 10.683713 176472 1022
1284990914 3035044 59.890058 10.683713 81280 1028
1284990915 3036064 59.890101 10.683782 103968 1020
1284990916 3037073 59.89015 10.683834 113544 1009
1284990917 3038124 59.890185 10.6839 168832 1051
1284990918 3039153 59.890185 10.6839 124488 1029
1284990919 3040154 59.890228 10.683969 47880 1001
1284990920 3041173 59.890277 10.684021 108072 1019
1284990921 3042174 59.890312 10.684087 197560 1001
1284990922 3043184 59.890312 10.684087 269496 1010
1284990923 3044194 59.890356 10.684138 226288 1010
1284990924 3045204 59.890404 10.684208 239400 1010
1284990925 3046214 59.89044 10.684256 204400 1010
1284990926 3047234 59.89044 10.684256 220816 1020
1284990927 3048243 59.890488 10.684325 225720 1009
1284990928 3049254 59.890532 10.684377 223552 1011
1284990929 3050264 59.890567 10.684443 255816 1010
1284990930 3051265 59.890567 10.684443 231760 1001
1284990931 3052274 59.890616 10.684494 269496 1009
1284990932 3053275 59.890659 10.684564 245440 1001
1284990933 3054284 59.890695 10.684612 248176 1009
1284990934 3055303 59.890695 10.684612 206568 1019
1284990935 3056313 59.890743 10.684681 148312 1010
1284990936 3057315 59.890787 10.684733 218880 1002
1284990937 3058340 59.890834 10.684802 194824 1025
1284990938 3059343 59.890834 10.684802 207936 1003
1284990939 3060363 59.89087 10.684868 113544 1020
1284990940 3061474 59.890914 10.68492 78545 1111
1284990941 3062484 59.890961 10.684989 128592 1010
1284990942 3063503 59.890961 10.684989 125856 1019
1284990943 3064523 59.890998 10.685037 109440 1020
1284990944 3065533 59.891041 10.685106 130528 1010
1284990946 3066553 59.891089 10.685158 207936 1020
1284990947 3067567 59.891089 10.685158 174304 1014
1284990948 3068573 59.891125 10.685224 127224 1006
1284990949 3069583 59.891169 10.685276 110808 1010
1284990950 3070843 59.891212 10.685345 112744 1259
1284990951 3071853 59.891212 10.685345 180576 1010
1284990952 3072883 59.891251 10.685411 106704 1029
1284990953 3073884 59.891296 10.685462 105336 1001
1284990954 3074893 59.891331 10.685528 222184 1009
1284990955 3075894 59.891331 10.685528 226288 1001
1284990956 3076913 59.891375 10.68558 160056 1019
1284990957 3077923 59.891423 10.685649 117648 1010
1284990958 3079003 59.891459 10.685698 110008 1080
1284990959 3080018 59.891459 10.685698 139536 1015
1284990960 3081033 59.891502 10.685767 114912 1015
1284990961 3082085 59.891546 10.685819 139536 1052
1284990962 3083103 59.891581 10.685884 125056 1018
1284990963 3084113 59.891581 10.685884 184680 1010
1284990964 3085124 59.89163 10.685936 148312 1011
1284990965 3086133 59.891673 10.686005 190152 1009
1284990966 3087143 59.89171 10.686054 166896 1010
1284990967 3088153 59.89171 10.686054 82648 1010
1284990968 3089165 59.891753 10.686123 125856 1012
1284990969 3090173 59.891797 10.686175 161424 1008
1284990970 3091178 59.891837 10.68624 145576 1005
1284990971 3092183 59.891837 10.68624 179208 1005
1284990972 3093193 59.891881 10.686292 198928 1010
1284990973 3094203 59.891924 10.686361 207936 1010
1284990974 3095204 59.891959 10.686427 153784 1001
1284990975 3096213 59.891959 10.686427 202464 1009
1284990976 3097223 59.892003 10.686479 222184 1010
1284990977 3098233 59.892038 10.686545 213408 1010
1284990978 3099243 59.892081 10.686614 201664 1010
1284990979 3100262 59.892081 10.686614 143640 1019
1284990980 3101264 59.892125 10.686666 127224 1002
1284990981 3102273 59.892161 10.686732 164728 1009
1284990982 3103283 59.892204 10.686801 213408 1010
1284990983 3104293 59.892204 10.686801 183880 1010
1284990984 3105303 59.892252 10.686853 199728 1010
1284990985 3106313 59.892288 10.686918 73872 1010
1284990986 3107333 59.89233 10.686988 61560 1020
1284990987 3108343 59.89233 10.686988 79912 1010
1284990988 3109353 59.892366 10.687054 110808 1010
1284990989 3110363 59.892408 10.687123 106704 1010
1284990990 3111383 59.892445 10.687171 145576 1020
1284990991 3112394 59.892445 10.687171 257184 1010
1284990992 3113403 59.892488 10.68724 212608 1009
1284990993 3114405 59.892523 10.687306 232560 1002
1284990994 3115413 59.89257 10.687376 194824 1008
1284990995 3116433 59.89257 10.687376 154584 1020
1284990996 3117443 59.892606 10.687441 155952 1010
1284990997 3118453 59.892648 10.687511 86752 1010
1284990998 3119463 59.892684 10.687577 203832 1010
1284990999 3120472 59.892684 10.687577 131328 1009
1284991000 3121473 59.892731 10.687646 133264 1001
1284991001 3122474 59.892766 10.687712 166896 1001
1284991002 3123482 59.892801 10.687778 133264 1008
1284991003 3124483 59.892801 10.687778 177840 1001
1284991004 3125513 59.892849 10.687847 183312 1030
1284991005 3126522 59.892884 10.687913 122320 1009
1284991006 3127532 59.892925 10.688 142272 1009
1284991008 3128553 59.892925 10.688 161424 1020
1284991009 3129558 59.892961 10.688065 204400 1005
1284991010 3130563 59.892996 10.688131 323416 1005
1284991011 3131623 59.893043 10.688201 308368 1060
1284991012 3132634 59.893043 10.688201 291384 1011
1284991013 3133643 59.893077 10.688284 218080 1009
1284991014 3134652 59.893112 10.68835 186048 1008
1284991015 3135662 59.893155 10.688419 187984 1009
1284991016 3136664 59.893155 10.688419 224352 1001
1284991017 3137673 59.893189 10.688503 155152 1009
1284991018 3138682 59.893228 10.688569 222984 1009
1284991019 3139683 59.893262 10.688652 248176 1001
1284991020 3140684 59.893262 10.688652 227088 1001
1284991021 3141692 59.893296 10.688735 281008 1008
1284991022 3142773 59.89333 10.688819 215344 1081
1284991023 3143782 59.893365 10.688885 186048 1009
1284991024 3144784 59.893365 10.688885 123120 1001
1284991025 3145803 59.893399 10.688968 155152 1019
1284991026 3146812 59.893425 10.689048 243504 1009
1284991027 3147814 59.893459 10.689132 239968 1001
1284991028 3148822 59.893459 10.689132 242136 1008
1284991029 3149823 59.893492 10.689215 134632 1001
1284991030 3150832 59.893518 10.689296 202464 1009
1284991031 3151842 59.893552 10.689379 194824 1010
1284991032 3152852 59.893552 10.689379 251712 1009
1284991033 3153853 59.893578 10.689459 285112 1001
1284991034 3154863 59.893611 10.68956 319312 1010
1284991035 3155872 59.893637 10.68964 289216 1009
1284991036 3156883 59.893637 10.68964 244872 1011
1284991037 3157892 59.893671 10.689724 242704 1009
1284991038 3158982 59.893697 10.689804 331623 1088
1284991039 3159984 59.893723 10.689884 233928 1002
1284991040 3160992 59.893723 10.689884 181144 1008
1284991041 3162004 59.893755 10.689985 117648 1012
1284991042 3163012 59.893781 10.690065 177840 1008
1284991043 3164013 59.893801 10.690163 216712 1001
1284991044 3165102 59.893801 10.690163 302896 1089
1284991045 3166112 59.893828 10.690243 305064 1010
1284991046 3167123 59.893854 10.690323 285112 1010
1284991047 3168132 59.893886 10.690424 317944 1009
1284991048 3169133 59.893886 10.690424 324784 1001
1284991049 3170134 59.893908 10.690505 381672 1001
1284991050 3171142 59.893932 10.690602 282376 1008
1284991051 3172153 59.893959 10.690682 311104 1011
1284991052 3173201 59.893959 10.690682 248176 1048
1284991053 3174203 59.893979 10.69078 336528 1001
1284991054 3175204 59.894005 10.69086 404128 1001
1284991055 3176223 59.894025 10.690958 358984 1019
1284991056 3177234 59.894025 10.690958 242704 1009
1284991057 3178251 59.89405 10.691056 296056 1017
1284991058 3179272 59.894071 10.691136 285912 1019
1284991059 3180274 59.894096 10.691234 401392 1001
1284991060 3181275 59.894096 10.691234 476632 1001
1284991061 3182283 59.894116 10.691331 434221 1008
1284991062 3183352 59.894138 10.691411 449843 1069
1284991063 3184353 59.894163 10.691509 494416 1001
1284991064 3185354 59.894163 10.691509 519040 1001
1284991065 3186355 59.894183 10.691607 558713 1001
1284991066 3187442 59.894215 10.691708 475832 1087
1284991067 3188444 59.894237 10.691788 404928 1002
1284991068 3189445 59.894237 10.691788 389080 1001
1284991069 3190522 59.894257 10.691886 436160 1077
1284991070 3191523 59.894282 10.691983 432856 1001
1284991072 3192601 59.894303 10.692064 384976 1078
1284991073 3193702 59.894303 10.692064 410968 1101
1284991074 3194713 59.894323 10.692161 395352 1010
1284991075 3195721 59.894348 10.692259 343936 1008
1284991076 3196732 59.89437 10.692339 323416 1011
1284991077 3197733 59.89437 10.692339 356248 1001
1284991078 3198734 59.89439 10.692437 365824 1001
1284991079 3199742 59.894416 10.692517 358965 1008
1284991080 3200891 59.894444 10.692618 312491 1149
1284991081 3201892 59.894444 10.692618 331056 1001
1284991082 3202893 59.89447 10.692698 394552 1001
1284991083 3203894 59.89449 10.692796 446536 1001
1284991084 3204895 59.894515 10.692894 419176 1001
1284991085 3205901 59.894515 10.692894 256384 1006
1284991086 3206911 59.894536 10.692974 113544 1010
1284991087 3207912 59.894569 10.693075 101800 1001
1284991088 3208921 59.89459 10.693155 172368 1009
1284991089 3209931 59.89459 10.693155 217512 1010
1284991090 3210933 59.894615 10.693253 248176 1002
1284991091 3211941 59.894644 10.693336 289216 1008
1284991092 3212942 59.894669 10.693434 315208 1001
1284991093 3213943 59.894669 10.693434 346104 1001
1284991094 3214951 59.894695 10.693514 320680 1008
1284991095 3215952 59.894723 10.693615 338464 1001
1284991096 3216953 59.894749 10.693695 341200 1001
1284991097 3217954 59.894749 10.693695 281008 1001
1284991098 3218962 59.894783 10.693779 388512 1008
1284991099 3219971 59.894803 10.693876 352144 1009
1284991100 3220991 59.894829 10.693957 245440 1020
1284991101 3221992 59.894829 10.693957 151848 1001
1284991102 3222993 59.894857 10.694058 198928 1001
1284991103 3223994 59.894883 10.694138 339832 1001
1284991104 3225001 59.894912 10.694221 352483 1007
1284991105 3226002 59.894912 10.694221 258213 1001
1284991106 3227011 59.894937 10.694319 279640 1009
1284991107 3228051 59.894959 10.694399 282376 1040
1284991108 3229053 59.894991 10.6945 272232 1001
1284991109 3230061 59.894991 10.6945 186616 1008
1284991110 3231142 59.895013 10.69458 361720 1081
1284991111 3232152 59.895045 10.694681 400824 1009
1284991112 3233162 59.895067 10.694762 308368 1010
1284991113 3234163 59.895067 10.694762 328888 1001
1284991114 3235171 59.895091 10.694859 346672 1008
1284991115 3236172 59.895113 10.694939 390448 1001
1284991116 3237173 59.895145 10.69504 315208 1001
1284991117 3238181 59.895145 10.69504 333792 1008
1284991118 3239191 59.895165 10.695138 291952 1010
1284991119 3240192 59.895187 10.695218 220816 1001
1284991120 3241201 59.895212 10.695316 269496 1009
1284991121 3242211 59.895212 10.695316 252280 1010
1284991122 3243212 59.89524 10.695417 268696 1001
1284991123 3244213 59.895261 10.695497 424648 1001
1284991124 3245221 59.895286 10.695595 405496 1008
1284991125 3246301 59.895286 10.695595 356248 1080
1284991126 3247302 59.895306 10.695693 363888 1001
1284991127 3248303 59.895334 10.695794 320677 1001
1284991128 3249311 59.895356 10.695874 369931 1008
1284991129 3250312 59.895356 10.695874 397288 1001
1284991130 3251321 59.89538 10.695972 358984 1009
1284991131 3252322 59.8954 10.696069 371296 1001
1284991132 3253323 59.895428 10.69617 393184 1001
1284991133 3254324 59.895428 10.69617 352143 1001
1284991134 3255331 59.89545 10.696251 352144 1007
1284991135 3256341 59.89547 10.696348 290016 1010
1284991136 3257351 59.895495 10.696446 265960 1010
1284991137 3258361 59.895495 10.696446 267328 1010
1284991138 3259362 59.895515 10.696544 314640 1001
1284991139 3260364 59.895544 10.696627 372664 1002
1284991140 3261370 59.895564 10.696725 368560 1006
1284991141 3262371 59.895564 10.696725 327520 1001
1284991142 3263372 59.895589 10.696823 465688 1001
1284991143 3264381 59.895611 10.696903 264592 1009
1284991144 3265390 59.895631 10.697001 214776 1009
1284991145 3266400 59.895631 10.697001 186616 1010
1284991146 3267401 59.895659 10.697102 253080 1001
1284991147 3268411 59.895685 10.697182 127792 1010
1284991148 3269421 59.895705 10.697279 212040 1010
1284991149 3270430 59.895705 10.697279 138168 1009
1284991150 3271431 59.895725 10.697377 141472 1001
1284991151 3272432 59.895747 10.697457 312472 1001
1284991152 3273510 59.895779 10.697558 389080 1078
1284991153 3274512 59.895779 10.697558 238032 1002
1284991154 3275530 59.895799 10.697656 265960 1018
1284991155 3276531 59.895825 10.697736 298224 1001
1284991157 3277547 59.895846 10.697834 181144 1016
1284991158 3278580 59.895846 10.697834 245440 1033
1284991159 3279581 59.895875 10.697917 415072 1001
1284991160 3280621 59.8959 10.698015 405496 1040
1284991161 3281630 59.895921 10.698095 423280 1009
1284991162 3282641 59.895921 10.698095 408232 1011
1284991163 3283721 59.895949 10.698196 397289 1080
1284991164 3284722 59.895974 10.698294 354312 1001
1284991165 3285723 59.895995 10.698374 312472 1001
1284991166 3286724 59.895995 10.698374 302896 1001
1284991167 3287725 59.89602 10.698472 499888 1001
1284991168 3288730 59.896049 10.698555 483472 1005
1284991169 3289731 59.896069 10.698653 402760 1001
1284991170 3290733 59.896069 10.698653 330253 1002
1284991171 3291740 59.896094 10.698751 270067 1007
1284991172 3292750 59.896123 10.698834 255816 1010
1284991173 3293751 59.896144 10.698932 276904 1001
1284991174 3294752 59.896144 10.698932 309736 1001
1284991175 3295762 59.89617 10.699012 410968 1010
1284991176 3296771 59.89619 10.69911 315208 1009
1284991177 3297940 59.896218 10.699211 389080 1169
1284991178 3299020 59.896218 10.699211 409600 1080
1284991179 3300090 59.896244 10.699291 409600 1070
1284991180 3301091 59.896264 10.699389 412336 1001
1284991181 3302100 59.896289 10.699487 361152 1009
1284991182 3303110 59.896289 10.699487 365824 1010
1284991183 3304111 59.896318 10.69957 311104 1001
1284991184 3305121 59.896338 10.699668 352144 1010
1284991185 3306122 59.896364 10.699748 337096 1001
1284991186 3307130 59.896364 10.699748 285912 1008
1284991187 3308140 59.896384 10.699846 317944 1010
1284991188 3309141 59.896412 10.699947 372663 1001
1284991189 3310150 59.896438 10.700027 450640 1009
1284991190 3311151 59.896438 10.700027 473896 1001
1284991191 3312153 59.896459 10.700125 415072 1002
1284991192 3313230 59.896483 10.700222 459416 1077
1284991193 3314270 59.896513 10.700306 409600 1039
1284991194 3315271 59.896513 10.700306 412336 1001
1284991195 3316280 59.896533 10.700404 385776 1009
1284991196 3317291 59.896557 10.700501 320680 1011
1284991197 3318300 59.896578 10.700599 272800 1009
1284991198 3319301 59.896578 10.700599 263224 1001
1284991199 3320310 59.896599 10.700679 296856 1009
1284991200 3321320 59.896632 10.70078 242704 1010
1284991201 3322330 59.896652 10.700878 263224 1010
1284991202 3323331 59.896652 10.700878 321480 1001
1284991203 3324340 59.896673 10.700958 301528 1009
1284991204 3325341 59.896698 10.701056 248176 1001
1284991205 3326349 59.896726 10.701157 309168 1008
1284991206 3327350 59.896726 10.701157 186616 1001
1284991207 3328360 59.896752 10.701237 225720 1010
1284991208 3329361 59.896772 10.701335 223552 1001
1284991209 3330370 59.896792 10.701433 264592 1009
1284991210 3331380 59.896792 10.701433 310536 1010
1284991211 3332381 59.896818 10.701513 267309 1001
1284991212 3333450 59.896846 10.701614 212627 1069
1284991213 3334451 59.896871 10.701711 284544 1001
1284991214 3335453 59.896871 10.701711 224920 1002
1284991215 3336460 59.896893 10.701792 283176 1007
1284991216 3337470 59.89692 10.701893 171568 1010
1284991217 3338479 59.896945 10.70199 231192 1009
1284991218 3339480 59.896945 10.70199 177040 1001
1284991220 3340540 59.896967 10.702071 263224 1060
1284991221 3341561 59.896995 10.702172 285912 1020
1284991222 3342570 59.897019 10.702269 259120 1009
1284991223 3343710 59.897019 10.702269 274168 1140
1284991224 3344721 59.897041 10.70235 348840 1010
1284991225 3345730 59.897061 10.702447 244072 1009
1284991226 3346740 59.897093 10.702548 263224 1010
1284991227 3347741 59.897093 10.702548 350208 1001
1284991228 3348750 59.897115 10.702628 300160 1009
1284991229 3349761 59.89714 10.702726 293320 1011
1284991230 3350780 59.89716 10.702824 320680 1019
1284991231 3351829 59.89716 10.702824 335728 1049
1284991232 3352840 59.897189 10.702907 344736 1011
1284991233 3353849 59.897209 10.703005 246808 1009
1284991234 3354850 59.897234 10.703103 229024 1001
1284991235 3355851 59.897234 10.703103 300960 1001
1284991236 3356859 59.897263 10.703186 196192 1008
1284991237 3357860 59.897283 10.703284 319652 1001
1284991238 3358869 59.897308 10.703382 269156 1009
1284991239 3359870 59.897308 10.703382 261856 1001
1284991240 3361149 59.89733 10.703462 289216 1279
1284991241 3362150 59.897362 10.703563 331056 1001
1284991242 3363159 59.897382 10.703661 291952 1009
1284991243 3364161 59.897382 10.703661 259120 1002
1284991244 3365162 59.897404 10.703741 339264 1001
1284991245 3366169 59.897428 10.703839 231760 1007
1284991246 3367170 59.897458 10.703922 220816 1001
1284991247 3368179 59.897458 10.703922 177840 1009
1284991248 3369239 59.897482 10.70402 196193 1060
1284991249 3370249 59.897503 10.704118 198360 1009
1284991250 3371260 59.897532 10.704201 158688 1011
1284991251 3372279 59.897532 10.704201 156520 1019
1284991252 3373280 59.897557 10.704299 220248 1001
1284991253 3374289 59.897577 10.704397 170200 1009
1284991254 3375300 59.897598 10.704477 253080 1011
1284991255 3376309 59.897598 10.704477 196192 1009
1284991256 3377319 59.897631 10.704578 191520 1010
1284991257 3378339 59.897652 10.704658 130528 1020
1284991258 3379359 59.897677 10.704756 181944 1020
1284991259 3380360 59.897677 10.704756 230392 1001
1284991260 3381361 59.897705 10.704857 284544 1001
1284991261 3382369 59.897726 10.704937 265960 1008
1284991262 3383379 59.897751 10.705035 209304 1010
1284991263 3384389 59.897751 10.705035 207136 1010
1284991264 3385449 59.89778 10.705118 222184 1060
1284991265 3386459 59.897805 10.705216 240768 1009
1284991266 3387460 59.897827 10.705296 194824 1001
1284991267 3388469 59.897827 10.705296 235296 1009
1284991268 3389479 59.897859 10.705397 231760 1010
1284991269 3390493 59.897879 10.705495 222984 1014
1284991270 3391499 59.897901 10.705575 201664 1006
1284991271 3392500 59.897901 10.705575 287280 1001
1284991272 3393509 59.897933 10.705676 253648 1009
1284991273 3394510 59.897953 10.705774 237232 1001
1284991274 3395519 59.897973 10.705872 292752 1009
1284991275 3396520 59.897973 10.705872 275536 1001
1284991276 3397522 59.898003 10.705955 286480 1002
1284991278 3398539 59.898027 10.706053 305064 1017
1284991279 3399560 59.898048 10.706151 211240 1021
1284991280 3400568 59.898048 10.706151 227656 1008
1284991281 3401569 59.898077 10.706234 231192 1001
1284991282 3402570 59.898097 10.706332 218080 1001
1284991283 3403571 59.898122 10.706429 340632 1001
1284991284 3404579 59.898122 10.706429 281008 1008
1284991285 3405588 59.898151 10.706513 246808 1009
1284991286 3406589 59.898171 10.706611 313840 1001
1284991287 3407598 59.898199 10.706712 274968 1009
1284991288 3408599 59.898199 10.706712 256384 1001
1284991289 3409600 59.898219 10.706809 297424 1001
1284991290 3410609 59.898245 10.70689 320112 1009
1284991291 3411619 59.898273 10.706991 245440 1010
1284991292 3412628 59.898273 10.706991 244072 1009
1284991293 3413629 59.898293 10.707088 268128 1001
1284991294 3414639 59.898322 10.707172 248176 1010
1284991295 3415748 59.898347 10.70727 291952 1109
1284991296 3416749 59.898347 10.70727 344736 1001
1284991297 3417750 59.898367 10.707367 175672 1001
1284991298 3418968 59.898396 10.707451 298792 1218
1284991299 3419970 59.898417 10.707549 300960 1001
1284991300 3420979 59.898417 10.707549 285112 1009
1284991301 3422018 59.898449 10.70765 233128 1039
1284991302 3423019 59.898471 10.70773 281808 1001
1284991303 3424020 59.898491 10.707828 276904 1001
1284991304 3425118 59.898491 10.707828 260488 1098
1284991305 3426129 59.89852 10.707911 292752 1010
1284991306 3427138 59.898545 10.708009 267328 1009
1284991307 3428139 59.898573 10.70811 267328 1001
1284991308 3429148 59.898573 10.70811 309168 1009
1284991309 3430149 59.898594 10.70819 301528 1001
1284991310 3431158 59.898619 10.708288 275536 1009
1284991311 3432159 59.898648 10.708371 309168 1001
1284991312 3433161 59.898648 10.708371 267328 1002
1284991313 3434168 59.898668 10.708469 259120 1007
