1296495015 204538 59.87092 10.657624 342635 1001
1296495016 205540 59.87092 10.657624 301760 1002
1296495017 206648 59.87092 10.657624 224300 1108
1296495018 207649 59.87092 10.657624 186739 1001
1296495019 208668 59.87092 10.657624 223082 1019
1296495021 209777 59.87092 10.657624 278839 1109
1296495022 210918 59.87092 10.657624 355432 1141
1296495023 211920 59.870927 10.657628 354391 1002
1296495024 212968 59.870927 10.657628 362475 1048
1296495025 214117 59.870927 10.657628 416423 1149
1296495026 215307 59.870926 10.657645 335286 1190
1296495027 216318 59.870926 10.657645 371208 1011
1296495028 217367 59.87093 10.657645 336791 1048
1296495029 218557 59.870938 10.657648 412687 1190
1296495031 219758 59.870938 10.657648 426998 1201
1296495032 220768 59.870949 10.657669 269554 1010
1296495033 221771 59.870949 10.657669 427248 1003
1296495034 222887 59.870949 10.657669 415403 1116
1296495035 223888 59.870959 10.65769 460071 1001
1296495036 224889 59.87097 10.657711 388920 1001
1296495037 225890 59.87097 10.657711 492031 1001
1296495038 226897 59.870981 10.657732 385594 1007
1296495039 227907 59.870993 10.657735 404756 1010
1296495040 228908 59.870993 10.657735 406399 1001
1296495041 230087 59.871004 10.657756 518382 1179
1296495042 231237 59.87101 10.657777 489209 1150
1296495043 232238 59.871022 10.65778 517323 1001
1296495044 233248 59.871033 10.657801 408084 1010
1296495045 234258 59.871043 10.657822 456590 1010
1296495046 235259 59.871051 10.657825 423206 1001
1296495047 236267 59.871062 10.657846 381866 1008
1296495048 237427 59.871072 10.657867 483848 1160
1296495049 238428 59.871091 10.657891 468178 1001
1296495050 239429 59.871097 10.657912 406881 1001
1296495051 240457 59.871108 10.657933 411922 1028
1296495052 241487 59.871118 10.657954 474029 1030
1296495053 242488 59.871137 10.657978 472216 1001
1296495054 243499 59.871147 10.657998 376594 1011
1296495055 244500 59.871161 10.658023 424014 1001
1296495056 245507 59.871172 10.658043 403483 1007
1296495057 246508 59.87119 10.658068 315134 1001
1296495058 247517 59.871199 10.658106 373559 1009
1296495059 248527 59.871218 10.65813 355117 1010
1296495060 249537 59.871236 10.658154 264333 1010
1296495061 250538 59.871254 10.658178 287963 1001
1296495062 251547 59.871273 10.658203 358062 1009
1296495063 252577 59.871291 10.658227 342926 1030
1296495064 253578 59.871309 10.658251 471824 1001
1296495065 254598 59.871331 10.658293 391277 1020
1296495066 255599 59.871349 10.658317 410326 1001
1296495067 256607 59.871367 10.658341 335209 1008
1296495068 257608 59.871386 10.658365 278138 1001
1296495069 258609 59.871416 10.658392 312462 1001
1296495070 259610 59.871435 10.658417 427064 1001
1296495072 260807 59.871479 10.658468 453048 1197
1296495073 261836 59.871479 10.658468 388269 1029
1296495074 262998 59.871528 10.65852 336762 1162
1296495075 264007 59.871545 10.658562 454048 1009
1296495076 265008 59.871545 10.658562 429963 1001
1296495077 266016 59.871601 10.658616 205616 1008
1296495078 267017 59.871619 10.658641 328123 1001
1296495079 268097 59.871619 10.658641 350403 1080
1296495080 269118 59.871667 10.65871 407427 1020
1296495081 270119 59.871697 10.658737 442820 1001
1296495082 271121 59.871697 10.658737 380527 1002
1296495083 272136 59.871754 10.658792 334399 1015
1296495084 273286 59.871778 10.658837 397331 1150
1296495085 274287 59.871809 10.658864 427178 1001
1296495086 275288 59.871839 10.658892 344894 1001
1296495087 276289 59.871865 10.658919 448595 1001
1296495088 277478 59.871895 10.658947 460817 1189
1296495089 278487 59.871921 10.658974 469741 1009
1296495090 279488 59.871952 10.659002 498076 1001
1296495091 280497 59.871981 10.659047 380074 1009
1296495092 281546 59.872011 10.659074 447682 1049
1296495093 282747 59.872045 10.659105 510153 1201
1296495094 283756 59.872075 10.659132 515452 1009
1296495096 284757 59.872142 10.659208 354196 1001
1296495097 285946 59.872142 10.659208 443151 1189
1296495098 286947 59.872199 10.659263 519164 1001
1296495099 287948 59.872236 10.659311 413339 1001
1296495100 288949 59.872236 10.659311 507958 1001
1296495101 289976 59.872304 10.65937 397280 1027
1296495102 290979 59.872329 10.659415 419932 1003
1296495103 292157 59.872329 10.659415 376313 1178
1296495104 293167 59.872396 10.65949 477163 1010
1296495105 294168 59.872434 10.659521 441225 1001
1296495106 295286 59.872464 10.659548 394013 1117
1296495107 296287 59.872501 10.659597 451403 1001
1296495108 297288 59.872539 10.659628 301117 1001
1296495109 298327 59.872571 10.659676 289656 1039
1296495110 299416 59.872602 10.659703 310848 1089
1296495111 300417 59.872638 10.659752 367992 1001
1296495117 306734 59.872676 10.659782 16384 6316
1296495119 308296 59.872855 10.659985 59615 1562
1296495120 309326 59.872968 10.660095 312502 1030
1296495121 310327 59.873009 10.660144 498584 1001
1296495122 311329 59.873047 10.660174 564750 1001
1296495123 312485 59.873084 10.660223 479740 1156
1296495124 313486 59.873122 10.660253 500765 1001
1296495125 314496 59.873166 10.660305 331788 1010
1296495126 315665 59.873204 10.660336 485728 1169
1296495127 316666 59.873242 10.660366 473341 1001
1296495128 317675 59.873279 10.660415 446591 1009
1296495129 318676 59.873321 10.660446 425292 1001
1296495131 319785 59.873404 10.660528 362815 1109
1296495132 320805 59.873441 10.660576 382967 1020
1296495133 321806 59.873441 10.660576 300943 1001
1296495134 322807 59.873515 10.660655 349249 1001
1296495135 323815 59.873565 10.660689 391772 1008
1296495136 324817 59.873565 10.660689 446997 1002
1296495137 325825 59.87364 10.660768 368282 1008
1296495138 326836 59.873677 10.660817 426169 1010
1296495139 327837 59.873677 10.660817 480956 1001
1296495140 328845 59.873764 10.660899 604656 1008
1296495141 329846 59.8738 10.660947 505115 1001
1296495142 330847 59.8738 10.660947 403538 1001
1296495143 331849 59.873881 10.661047 506182 1002
1296495144 332855 59.873923 10.661096 513347 1006
1296495145 333865 59.873923 10.661096 379539 1010
1296495146 335035 59.874005 10.661178 412849 1170
1296495147 336036 59.874049 10.661229 531230 1001
1296495148 337045 59.874049 10.661229 578664 1009
1296495149 338165 59.874127 10.661326 408636 1120
1296495150 339166 59.874171 10.661378 394841 1001
1296495151 340175 59.874171 10.661378 343652 1009
1296495152 341176 59.874252 10.661478 338453 1001
1296495153 342185 59.874293 10.661526 305161 1008
1296495154 343186 59.87433 10.661574 284545 1001
1296495155 344187 59.874374 10.661626 305641 1001
1296495156 345195 59.874411 10.661674 396716 1008
1296495157 346196 59.87446 10.661726 435777 1001
1296495158 347364 59.874496 10.661774 514585 1167
1296495159 348365 59.874541 10.661826 537238 1001
1296495160 349385 59.874577 10.661874 377444 1020
1296495161 350386 59.874626 10.661926 476608 1001
1296495162 351387 59.874663 10.661974 355543 1001
1296495163 352395 59.874707 10.662025 460964 1007
1296495164 353405 59.874751 10.662077 273094 1010
1296495165 354406 59.874793 10.662125 490892 1001
1296495166 355407 59.874837 10.662177 486754 1001
1296495167 356408 59.874873 10.662225 530240 1001
1296495168 357415 59.874922 10.662277 469869 1006
1296495169 358544 59.874959 10.662325 365696 1129
1296495170 359545 59.875003 10.662377 335160 1001
1296495171 360555 59.875052 10.662428 363850 1010
1296495172 361556 59.875089 10.662477 420347 1001
1296495173 362625 59.875133 10.662528 499848 1068
1296495174 363640 59.87518 10.662597 493728 1015
1296495175 364644 59.875217 10.662646 481391 1004
1296495176 365684 59.875261 10.662697 510906 1040
1296495177 366738 59.875302 10.662746 483619 1054
1296495178 367745 59.875347 10.662797 447961 1007
1296495179 368755 59.875432 10.662897 380167 1010
1296495181 369824 59.875432 10.662897 313100 1069
1296495182 370834 59.875521 10.663 385433 1010
1296495183 371835 59.87556 10.663066 333625 1001
1296495184 372845 59.87556 10.663066 304000 1009
1296495185 373855 59.875649 10.663169 448089 1010
1296495186 374856 59.87569 10.663218 470130 1001
1296495187 375857 59.87569 10.663218 495143 1001
1296495188 376864 59.875779 10.663321 517189 1007
1296495189 377865 59.87582 10.663369 474286 1001
1296495190 378866 59.87582 10.663369 513573 1001
1296495191 379867 59.875907 10.66349 483632 1001
1296495192 380874 59.875948 10.663538 464672 1007
1296495193 381875 59.875948 10.663538 437702 1001
1296495194 382885 59.876041 10.663642 413308 1009
1296495195 383894 59.876078 10.66369 395035 1009
1296495196 384895 59.876078 10.66369 363268 1001
1296495197 385914 59.876171 10.663793 381801 1019
1296495198 387084 59.876208 10.663841 368710 1170
1296495199 388085 59.876208 10.663841 440496 1001
1296495204 393600 59.876301 10.663945 4830 5515
1296495206 395070 59.876385 10.664062 1125 1470
1296495207 396080 59.876612 10.664317 350208 1010
1296495208 397089 59.876612 10.664317 279233 1009
1296495209 398100 59.876697 10.664417 333620 1011
1296495210 399200 59.87674 10.664486 370269 1100
1296495211 400209 59.876781 10.664534 306578 1009
1296495212 401210 59.876826 10.664586 303548 1001
1296495213 402229 59.87687 10.664637 311158 1019
1296495214 403230 59.876911 10.664686 313809 1001
1296495215 404231 59.876954 10.664755 349605 1001
1296495216 405240 59.876995 10.664803 394437 1009
1296495217 406249 59.877039 10.664855 378935 1008
1296495218 407250 59.877088 10.664907 348853 1001
1296495219 408251 59.877123 10.664972 357032 1001
1296495220 409252 59.877168 10.665024 308851 1001
1296495221 410349 59.877216 10.665076 273271 1097
1296495222 411369 59.877253 10.665124 280271 1019
1296495223 412379 59.8773 10.665193 338068 1010
1296495224 413429 59.877337 10.665241 342837 1050
1296495225 414530 59.877386 10.665293 340052 1101
1296495226 415669 59.87743 10.665345 332852 1139
1296495227 416679 59.877471 10.665393 257184 1010
1296495228 417689 59.877514 10.665462 158688 1010
1296495229 418699 59.877563 10.665514 151943 1010
1296495230 419712 59.8776 10.665562 243504 1013
1296495231 420719 59.877648 10.665614 186048 1006
1296495232 421729 59.877693 10.665665 142267 1010
1296495233 422750 59.877777 10.665783 209904 1021
1296495234 423751 59.877777 10.665783 270864 1001
1296495236 424759 59.877862 10.665883 324110 1008
1296495237 425770 59.877911 10.665934 287342 1011
1296495238 426778 59.877911 10.665934 264024 1008
1296495239 427779 59.877996 10.666034 151848 1001
1296495240 429009 59.878041 10.666086 123491 1230
1296495241 430010 59.878041 10.666086 175104 1001
1296495242 431019 59.878126 10.666186 290016 1009
1296495243 432029 59.878175 10.666237 114467 1009
1296495244 433229 59.878175 10.666237 193098 1200
1296495245 434239 59.878267 10.666358 225720 1010
1296495246 435240 59.878303 10.666406 245730 1001
1296495247 436249 59.878352 10.666458 271852 1009
1296495248 437419 59.878396 10.66651 319308 1169
1296495249 438420 59.878433 10.666558 362609 1001
1296495250 439421 59.87848 10.666627 400781 1001
1296495251 440539 59.878525 10.666679 359996 1118
1296495252 441549 59.878566 10.666727 387888 1010
1296495253 442559 59.87861 10.666779 431241 1009
1296495254 443709 59.878645 10.666845 387582 1150
1296495255 444710 59.878694 10.666896 405875 1001
1296495256 445711 59.878737 10.666965 404180 1001
1296495258 446878 59.878822 10.667065 404021 1167
1296495259 447909 59.878822 10.667065 357508 1031
1296495260 448910 59.878906 10.667183 365256 1001
1296495261 449919 59.878941 10.667249 273852 1009
1296495262 450928 59.878941 10.667249 303696 1009
1296495263 452029 59.879025 10.667366 226855 1101
1296495264 453031 59.87907 10.667418 194256 1002
1296495265 454110 59.87907 10.667418 225365 1079
1296495266 455118 59.879154 10.667535 125856 1008
1296495267 456119 59.879197 10.667604 155952 1001
1296495268 457128 59.879197 10.667604 210019 1009
1296495269 458138 59.879281 10.667722 187037 1010
1296495270 459139 59.879317 10.66777 238032 1001
1296495271 460148 59.879317 10.66777 231787 1009
1296495272 461149 59.879397 10.667888 265392 1001
1296495273 462158 59.879444 10.667957 154067 1009
1296495274 463168 59.879444 10.667957 166896 1010
1296495275 464169 59.879524 10.668074 147009 1001
1296495276 465170 59.879572 10.668126 190152 1001
1296495277 466171 59.879572 10.668126 180030 1001
1296495278 467178 59.879652 10.668243 266209 1007
1296495280 469461 59.879693 10.668292 264260 2282
1296495281 470468 59.87978 10.668413 726566 1007
1296495282 471469 59.879821 10.668461 372096 1001
1296495283 472638 59.879864 10.66853 354268 1169
1296495284 473639 59.879901 10.668578 377623 1001
1296495285 474640 59.879948 10.668648 433950 1001
1296495286 475648 59.879992 10.668699 393500 1008
1296495287 476649 59.880034 10.668747 384713 1001
1296495288 477729 59.880076 10.668817 282332 1080
1296495289 478730 59.880113 10.668865 354312 1001
1296495291 479899 59.880199 10.668965 367979 1169
1296495292 480901 59.880199 10.668965 425507 1002
1296495293 481902 59.88029 10.669086 368753 1001
1296495294 482903 59.880327 10.669134 291794 1001
1296495295 483908 59.880327 10.669134 406394 1005
1296495296 484909 59.880411 10.669252 403043 1001
1296495297 485958 59.88046 10.669303 280309 1049
1296495298 486959 59.88046 10.669303 506160 1001
1296495299 487966 59.880539 10.669421 368641 1007
1296495300 488968 59.880588 10.669472 476064 1002
1296495301 489969 59.880588 10.669472 467856 1001
1296495302 490983 59.880667 10.66959 293924 1014
1296495304 493198 59.880715 10.669659 194256 2215
1296495305 494208 59.880796 10.669759 877950 1010
1296495306 495209 59.880835 10.669825 422712 1001
1296495307 496350 59.88088 10.669876 433484 1141
1296495308 497359 59.880915 10.669942 491112 1009
1296495309 498360 59.880964 10.669994 385861 1001
1296495310 499361 59.880999 10.67006 441864 1001
1296495311 500368 59.881042 10.670129 385382 1007
1296495312 501378 59.881083 10.670177 427715 1010
1296495313 502379 59.881118 10.670243 511632 1001
1296495314 503380 59.881162 10.670295 433725 1001
1296495316 505438 59.881202 10.670361 243514 2058
1296495317 506447 59.881282 10.670478 768540 1009
1296495318 507448 59.88133 10.67053 243504 1001
1296495319 508458 59.881366 10.670596 140904 1010
1296495320 509487 59.88141 10.670647 50324 1029
1296495321 510508 59.88145 10.670713 54720 1021
1296495322 511517 59.881494 10.670765 77976 1008
1296495323 512527 59.881537 10.670834 101232 1010
1296495324 513537 59.88158 10.670903 113544 1010
1296495325 514547 59.881624 10.670955 136800 1010
1296495326 515548 59.881664 10.671021 137537 1001
1296495327 516568 59.881706 10.67109 209304 1019
1296495328 517577 59.881751 10.671141 224352 1009
1296495330 518977 59.881838 10.671262 118698 1400
1296495331 519987 59.881838 10.671262 114912 1010
1296495333 522193 59.881878 10.671328 16384 2206
1296495334 523197 59.882006 10.671497 225752 1004
1296495335 524227 59.882049 10.671566 51984 1030
1296495336 525237 59.882093 10.671618 46512 1010
1296495337 526247 59.882128 10.671684 38304 1010
1296495338 527287 59.882177 10.671736 43776 1040
1296495339 528297 59.882212 10.671801 39672 1010
1296495340 529307 59.882256 10.671853 39672 1010
1296495341 530348 59.882304 10.671922 28850 1041
1296495348 537568 59.88234 10.671971 32832 7220
1296495350 538869 59.882553 10.672257 6840 1301
1296495351 540148 59.882724 10.672496 5472 1279
1296495352 541548 59.882773 10.672547 5472 1400
1296495354 542829 59.882852 10.672665 5472 1281
1296495355 544108 59.882852 10.672665 5472 1279
1296495356 545389 59.882936 10.672782 5472 1281
1296495358 546829 59.882985 10.672834 5472 1440
1296495359 548029 59.883064 10.672951 5472 1200
1296495360 549069 59.883113 10.673003 4104 1040
1296495361 550349 59.883113 10.673003 5472 1280
1296495362 551437 59.883197 10.67312 4104 1088
1296495363 552697 59.883232 10.673186 8208 1260
1296495365 554037 59.883325 10.67329 8208 1340
1296495366 555318 59.883361 10.673356 4104 1281
1296495367 556737 59.883409 10.673407 4104 1419
1296495369 557857 59.883489 10.673525 6840 1120
1296495370 559077 59.883489 10.673525 8208 1220
1296495371 560308 59.883573 10.673642 28728 1231
1296495372 561328 59.883617 10.673694 24624 1020
1296495373 562357 59.883657 10.67376 32832 1029
1296495374 563377 59.883701 10.673811 34200 1020
1296495375 564427 59.883738 10.67386 35568 1050
1296495376 565438 59.883785 10.673929 41040 1011
1296495389 578137 59.883865 10.674046 16416 12699
1296495390 579639 59.883906 10.674095 1368 1502
1296495391 580708 59.884077 10.674333 5472 1069
1296495393 581816 59.884276 10.674634 8208 1108
1296495394 582920 59.88436 10.674751 16384 1104
1296495395 584259 59.884558 10.675052 10976 1338
1296495396 585296 59.884606 10.675122 15048 1037
1296495397 586461 59.884606 10.675122 9576 1165
1296495398 587497 59.884685 10.675239 13680 1036
1296495400 588759 59.884722 10.675287 10944 1262
1296495401 589901 59.884812 10.675426 15048 1142
1296495402 590937 59.884849 10.675474 9576 1036
1296495403 591980 59.884849 10.675474 13680 1043
1296495404 593078 59.884933 10.675592 13680 1098
1296495405 594319 59.884976 10.675661 9576 1241
1296495406 595359 59.885017 10.675709 9576 1040
1296495407 596722 59.885059 10.675778 9576 1363
1296495409 597759 59.885096 10.675827 13680 1037
1296495410 599080 59.885179 10.675962 19152 1321
1296495411 600159 59.885223 10.676013 19152 1079
1296495412 601481 59.885264 10.676062 15048 1322
1296495413 602660 59.885307 10.676131 16416 1179
1296495415 603799 59.885344 10.676179 16416 1139
1296495416 605637 59.885426 10.676314 10026 1838
1296495418 606776 59.885475 10.676366 8208 1139
1296495419 607855 59.885554 10.676484 9576 1079
1296495420 609000 59.885594 10.676549 8208 1145
1296495421 610099 59.885594 10.676549 12312 1099
1296495422 611120 59.885678 10.676667 13680 1020
1296495423 612161 59.885722 10.676719 16416 1041
1296495424 613177 59.885722 10.676719 12312 1016
1296495425 614437 59.885799 10.676833 10944 1260
1296495426 615739 59.885843 10.676884 9576 1302
1296495428 616976 59.885919 10.676999 10944 1237
1296495429 618160 59.885967 10.677068 8208 1184
1296495430 619339 59.885967 10.677068 5472 1179
1296495431 620395 59.886043 10.677182 5472 1056
1296495432 621518 59.886087 10.677234 1368 1122
1296495443 632019 59.886127 10.6773 5472 10501
1296495444 633725 59.886211 10.677417 1368 1706
1296495446 634902 59.88657 10.67795 20520 1177
1296495447 635936 59.886702 10.678137 28728 1034
1296495448 637017 59.886702 10.678137 24624 1081
1296495449 638037 59.886781 10.678254 23256 1020
1296495450 639057 59.886821 10.67832 20520 1020
1296495451 640118 59.886821 10.67832 20520 1061
1296495452 641156 59.8869 10.678438 20520 1038
1296495453 642199 59.886943 10.678507 20520 1043
1296495454 643256 59.88698 10.678555 20520 1057
1296495455 644276 59.887027 10.678624 19152 1020
1296495456 645338 59.887071 10.678676 20520 1061
1296495457 646376 59.887107 10.678742 20520 1038
1296495458 647438 59.887151 10.678794 20520 1062
1296495459 648439 59.887186 10.678859 20520 1001
1296495463 652550 59.887235 10.678911 16384 4111
1296495464 653599 59.887398 10.679146 86216 1049
1296495466 654757 59.887441 10.679215 17784 1158
1296495467 655769 59.887527 10.679315 19152 1012
1296495468 656816 59.887562 10.679381 12927 1047
1296495469 657837 59.887562 10.679381 20520 1021
1296495470 658879 59.887649 10.679502 15048 1042
1296495471 659996 59.88769 10.67955 15048 1117
1296495492 680917 59.88769 10.67955 17752 20921
1296495493 682034 59.888016 10.680038 99896 1117
1296495494 683196 59.888226 10.680342 8208 1162
1296495511 700056 59.88839 10.680578 20488 16860
1296495512 701074 59.888544 10.680827 16448 1018
1296495513 702156 59.888871 10.681297 13680 1082
1296495514 703211 59.889278 10.681885 17784 1055
1296495515 704213 59.889485 10.682172 13680 1002
1296495516 705412 59.889521 10.682238 12312 1199
1296495517 706554 59.889569 10.682289 9576 1142
1296495518 707633 59.889605 10.682355 6840 1079
1296495519 708755 59.889649 10.682407 8208 1122
1296495524 712855 59.889684 10.682473 4104 4100
1296495526 715463 59.889769 10.682573 16384 2608
1296495527 716619 59.889976 10.682877 26024 1156
1296495528 717657 59.890012 10.682925 19152 1038
1296495529 718717 59.890061 10.682977 19152 1060
1296495530 719737 59.890141 10.683095 19152 1020
1296495532 720775 59.890141 10.683095 20520 1038
1296495533 721838 59.890225 10.683212 19152 1063
1296495534 722876 59.89026 10.683278 20520 1038
1296495535 723896 59.89026 10.683278 19152 1020
1296495536 724897 59.890339 10.683396 19152 1001
1296495537 725898 59.890388 10.683447 15048 1001
