1285131726 216147 59.87103 10.657322 350776 1050
1285131727 217148 59.87103 10.657322 361152 1001
1285131728 218158 59.87103 10.657322 260488 1010
1285131729 219159 59.871035 10.657322 255016 1001
1285131730 220167 59.871042 10.657325 276336 1008
1285131731 221168 59.871042 10.657325 233128 1001
1285131732 222177 59.871042 10.657325 285112 1009
1285131733 223178 59.871045 10.657343 354312 1001
1285131734 224187 59.871053 10.657346 264592 1009
1285131735 225188 59.871061 10.657349 339832 1001
1285131736 226189 59.871061 10.657349 319312 1001
1285131737 227217 59.871065 10.657349 327520 1028
1285131738 228218 59.871071 10.65737 369360 1001
1285131739 229219 59.871083 10.657373 319312 1001
1285131740 230227 59.871083 10.657373 319311 1008
1285131741 231248 59.871083 10.657373 301528 1021
1285131742 232267 59.871094 10.657394 328888 1019
1285131743 233277 59.871102 10.657397 351576 1010
1285131744 234279 59.871102 10.657397 324784 1002
1285131745 235287 59.871114 10.657401 255016 1008
1285131746 236297 59.871132 10.657425 297424 1010
1285131747 237298 59.871144 10.657428 339264 1001
1285131748 238307 59.871144 10.657428 311104 1009
1285131749 239317 59.871156 10.657432 327520 1010
1285131750 240327 59.871167 10.657452 281008 1010
1285131751 241337 59.871182 10.657459 268128 1010
1285131752 242338 59.871182 10.657459 249544 1001
1285131753 243347 59.871193 10.65748 276904 1009
1285131754 244348 59.871205 10.657483 333792 1001
1285131755 245349 59.871224 10.657507 322048 1001
1285131756 246357 59.871224 10.657507 291952 1008
1285131757 247367 59.871234 10.657528 289216 1010
1285131758 248368 59.871254 10.657535 324216 1001
1285131759 249377 59.871272 10.657559 279640 1009
1285131760 250387 59.871272 10.657559 275536 1010
1285131761 251388 59.871292 10.657565 290016 1001
1285131762 252397 59.871307 10.657586 286480 1009
1285131763 253407 59.871326 10.65761 339832 1010
1285131764 254417 59.871326 10.65761 332992 1010
1285131765 255418 59.871345 10.657617 326133 1001
1285131766 256427 59.871364 10.657641 324216 1009
1285131767 257437 59.871382 10.657665 131915 1010
1285131768 258447 59.871382 10.657665 351116 1010
1285131769 259448 59.871402 10.657672 312933 1001
1285131770 260456 59.871425 10.657696 297424 1008
1285131771 261457 59.871451 10.657724 330256 1001
1285131772 262458 59.871451 10.657724 319312 1001
1285131773 263477 59.87147 10.65773 317376 1019
1285131774 264478 59.871493 10.657754 320680 1001
1285131775 265487 59.871512 10.657778 320680 1009
1285131776 266496 59.871512 10.657778 298792 1009
1285131777 267497 59.871539 10.657788 322848 1001
1285131778 268498 59.871562 10.657813 341200 1001
1285131779 269506 59.871588 10.65784 339832 1008
1285131780 270507 59.871588 10.65784 311104 1001
1285131781 271508 59.871612 10.657847 330256 1001
1285131782 272527 59.871638 10.657874 345304 1019
1285131784 273543 59.871668 10.657901 374832 1016
1285131785 274546 59.871668 10.657901 305632 1003
1285131786 275547 59.871687 10.657926 308368 1001
1285131787 276557 59.871719 10.657936 326152 1010
1285131788 277826 59.871745 10.657963 322048 1269
1285131789 278827 59.871745 10.657963 336528 1001
1285131790 279847 59.871775 10.65799 300160 1020
1285131791 280857 59.871798 10.658015 334360 1010
1285131792 281858 59.871824 10.658042 315208 1001
1285131793 282867 59.871824 10.658042 305064 1009
1285131794 283876 59.871854 10.658069 278272 1009
1285131795 284877 59.871885 10.658097 265960 1001
1285131796 285986 59.871918 10.658128 322047 1109
1285131797 286987 59.871918 10.658128 307800 1001
1285131798 287996 59.871949 10.658155 286480 1009
1285131799 288997 59.871979 10.658183 293320 1001
1285131800 290077 59.87201 10.65821 342568 1080
1285131801 291078 59.87201 10.65821 348840 1001
1285131802 292086 59.87204 10.658237 302896 1008
1285131803 293087 59.872078 10.658268 268696 1001
1285131804 294096 59.872109 10.658296 273600 1009
1285131805 295117 59.872109 10.658296 197560 1021
1285131806 296118 59.872147 10.658326 181944 1001
1285131807 297136 59.872177 10.658354 177040 1018
1285131808 298146 59.872215 10.658385 151848 1010
1285131809 299354 59.872215 10.658385 144208 1208
1285131810 300356 59.872247 10.658395 184680 1002
1285131811 301456 59.872285 10.658425 224920 1100
1285131812 302457 59.872324 10.658456 262656 1001
1285131813 303466 59.872324 10.658456 249544 1009
1285131814 304486 59.872362 10.658487 283176 1020
1285131815 305487 59.872392 10.658514 249544 1001
1285131816 306496 59.87243 10.658545 237232 1009
1285131817 307506 59.87243 10.658545 261288 1010
1285131818 308516 59.872468 10.658576 222184 1010
1285131820 309596 59.872506 10.658606 282376 1080
1285131821 310597 59.872544 10.658637 292752 1001
1285131822 311598 59.872544 10.658637 287845 1001
1285131823 312610 59.872583 10.658668 278275 1012
1285131824 313616 59.872621 10.658699 303696 1006
1285131825 314618 59.872659 10.658729 260488 1002
1285131826 315636 59.872659 10.658729 281008 1018
1285131827 316637 59.872701 10.65876 311904 1001
1285131828 317656 59.872739 10.658791 235864 1019
1285131829 318666 59.872777 10.658822 267328 1010
1285131830 319677 59.872777 10.658822 336528 1011
1285131831 320686 59.872816 10.658852 298793 1009
1285131832 321696 59.872854 10.658883 283744 1010
1285131833 322716 59.872892 10.658914 249544 1020
1285131834 323726 59.872892 10.658914 291384 1010
1285131835 324727 59.872934 10.658945 260488 1001
1285131836 325736 59.872971 10.658993 232560 1009
1285131837 326756 59.873017 10.659027 235864 1020
1285131838 327796 59.873017 10.659027 208504 1040
1285131839 328806 59.873055 10.659058 316008 1010
1285131840 329816 59.873093 10.659089 278272 1010
1285131841 330826 59.87313 10.659137 285112 1010
1285131842 331827 59.87313 10.659137 305064 1001
1285131843 332836 59.873172 10.659168 231760 1009
1285131844 333846 59.873218 10.659202 283744 1010
1285131845 334847 59.873256 10.659232 302328 1001
1285131846 335856 59.873256 10.659232 272800 1009
1285131847 336857 59.873293 10.659281 279640 1001
1285131848 337866 59.873335 10.659312 291384 1009
1285131849 338886 59.873381 10.659346 259120 1020
1285131850 339896 59.873381 10.659346 271432 1010
1285131851 340897 59.873418 10.659394 298224 1001
1285131852 341905 59.873456 10.659425 261856 1008
1285131853 342906 59.873506 10.659459 259120 1001
1285131854 343966 59.873506 10.659459 308368 1060
1285131855 344967 59.873543 10.659507 326952 1001
1285131856 345976 59.873581 10.659538 283744 1009
1285131857 346985 59.873625 10.659589 274168 1009
1285131858 347986 59.873625 10.659589 305064 1001
1285131859 348987 59.873663 10.65962 270064 1001
1285131860 349996 59.873704 10.659668 257752 1009
1285131861 351006 59.873748 10.65972 276336 1010
1285131862 352016 59.873748 10.65972 249543 1010
1285131863 353025 59.873787 10.659751 253648 1009
1285131864 354026 59.873823 10.659799 265392 1001
1285131865 355027 59.873869 10.659833 245440 1001
1285131866 356036 59.873869 10.659833 293320 1009
1285131867 357037 59.87391 10.659881 343368 1001
1285131868 358046 59.873956 10.659915 298792 1009
1285131869 359066 59.873992 10.659964 275536 1020
1285131870 360115 59.873992 10.659964 286480 1049
1285131871 361116 59.874029 10.660012 248976 1001
1285131872 362125 59.874079 10.660046 234496 1009
1285131873 363136 59.874116 10.660094 268128 1011
1285131874 364146 59.874116 10.660094 237232 1010
1285131875 365153 59.874154 10.660125 270064 1007
1285131876 366156 59.874203 10.660177 302328 1003
1285131877 367165 59.87424 10.660225 279640 1009
1285131878 368275 59.87424 10.660225 207136 1110
1285131879 369285 59.874284 10.660277 139536 1010
1285131880 370305 59.874322 10.660307 129960 1020
1285131881 371509 59.874363 10.660356 16384 1203
1285131882 372515 59.874363 10.660356 283776 1006
1285131884 373545 59.874407 10.660407 239400 1030
1285131885 374547 59.874444 10.660456 182512 1002
1285131886 375555 59.874487 10.660486 138168 1008
1285131887 376585 59.874487 10.660486 125056 1030
1285131888 377595 59.874531 10.660538 191520 1010
1285131889 378615 59.874568 10.660586 200296 1020
1285131890 379616 59.874618 10.66062 214776 1001
1285131891 380625 59.874618 10.66062 151848 1009
1285131892 381626 59.874654 10.660669 145576 1001
1285131893 382635 59.874703 10.66072 259920 1009
1285131894 383645 59.874741 10.660751 249544 1010
1285131895 384646 59.874741 10.660751 245440 1001
1285131896 385655 59.874786 10.660803 283176 1009
1285131897 386665 59.874827 10.660851 224920 1010
1285131898 387675 59.874865 10.660882 235296 1010
1285131899 388695 59.874865 10.660882 142840 1020
1285131900 389708 59.874909 10.660933 131328 1013
1285131901 390715 59.87495 10.660982 132696 1007
1285131902 391735 59.874996 10.661016 133265 1020
1285131903 392745 59.874996 10.661016 123120 1010
1285131904 393755 59.875037 10.661064 132696 1010
1285131905 394765 59.875081 10.661116 107272 1010
1285131906 395785 59.87512 10.661146 98496 1020
1285131907 396805 59.87512 10.661146 79344 1020
1285131908 397815 59.875168 10.661198 88920 1010
1285131909 398825 59.875205 10.661246 86184 1010
1285131910 399857 59.875251 10.66128 56656 1032
1285131911 400865 59.875251 10.66128 67032 1008
1285131912 401885 59.8753 10.661332 75240 1020
1285131913 402895 59.875336 10.66138 125856 1010
1285131914 403905 59.875386 10.661414 120952 1010
1285131915 404926 59.875386 10.661414 153216 1021
1285131916 405935 59.875423 10.661463 169632 1009
1285131917 406945 59.875467 10.661514 136000 1010
1285131918 407955 59.87551 10.661545 169632 1010
1285131919 408996 59.87551 10.661545 157888 1041
1285131920 410005 59.875554 10.661597 216144 1009
1285131921 411015 59.8756 10.661631 209872 1010
1285131922 412025 59.875641 10.661679 270864 1010
1285131923 413026 59.875641 10.661679 233128 1001
1285131924 414035 59.875685 10.66173 257184 1009
1285131925 415044 59.875728 10.661761 193456 1009
1285131926 416045 59.875772 10.661813 190152 1001
1285131927 417055 59.875772 10.661813 122320 1010
1285131928 418064 59.875822 10.661847 120384 1009
1285131929 419094 59.875859 10.661895 77976 1030
1285131930 420135 59.875903 10.661947 60192 1041
1285131931 421144 59.875903 10.661947 53352 1009
1285131932 422195 59.875946 10.661978 48448 1051
1285131933 423215 59.87599 10.662029 114912 1020
1285131934 424224 59.876035 10.662081 97128 1009
1285131935 425245 59.876035 10.662081 110808 1021
1285131936 426255 59.876077 10.662112 107272 1010
1285131937 427264 59.876121 10.662163 149112 1009
1285131938 428275 59.876163 10.662211 134064 1011
1285131939 429294 59.876163 10.662211 130528 1019
1285131940 430295 59.876207 10.662263 151848 1001
1285131941 431305 59.876245 10.662294 158688 1010
1285131942 432315 59.876294 10.662345 129160 1010
1285131943 433345 59.876294 10.662345 143640 1030
1285131944 434354 59.876338 10.662397 101232 1009
1285131945 435424 59.876376 10.662428 104536 1070
1285131946 436444 59.876425 10.662479 95760 1019
1285131947 437470 59.876425 10.662479 98496 1026
1285131948 438474 59.876462 10.662528 95760 1004
1285131949 439484 59.876506 10.662579 94392 1010
1285131950 440495 59.876556 10.662613 73072 1011
1285131951 441504 59.876556 10.662613 84816 1009
1285131952 442514 59.876593 10.662662 88920 1010
1285131953 443525 59.876642 10.662713 106704 1011
1285131955 444534 59.87668 10.662744 89488 1009
1285131956 445541 59.87668 10.662744 117648 1007
1285131957 446544 59.876724 10.662796 125856 1003
1285131958 447564 59.876773 10.662847 103968 1020
1285131959 448574 59.876811 10.662878 96328 1010
1285131960 449584 59.876811 10.662878 120384 1010
1285131961 450594 59.876855 10.66293 119016 1010
1285131962 451725 59.876904 10.662981 127792 1131
1285131963 452995 59.876942 10.663012 177840 1011
1285131964 454004 59.876942 10.663012 142272 1009
1285131965 455024 59.876986 10.663064 142840 1020
1285131966 456034 59.877027 10.663112 134064 1010
1285131967 457044 59.877072 10.663164 84816 1010
1285131968 458054 59.877072 10.663164 75240 1010
1285131969 459064 59.877116 10.663215 64864 1010
1285131970 460084 59.877159 10.663246 39672 1020
1285131985 474569 59.877203 10.663298 1368 14485
1285131986 475609 59.877203 10.663298 41040 1040
1285131987 476619 59.87724 10.663346 80712 1010
1285131988 477628 59.877284 10.663398 87552 1009
1285131989 478648 59.877325 10.663446 90288 1020
1285131990 479678 59.877325 10.663446 64864 1030
1285131991 480689 59.877369 10.663497 94392 1011
1285131992 481698 59.877406 10.663546 102600 1009
1285131993 482708 59.87745 10.663597 120384 1010
1285131994 483718 59.87745 10.663597 83448 1010
1285131995 484728 59.877499 10.663649 26560 1010
1285131996 485738 59.877536 10.663697 34200 1010
1285131997 486768 59.87758 10.663749 31464 1030
1285132000 489670 59.87758 10.663749 12312 2902
1285132001 490690 59.877617 10.663797 88920 1020
1285132002 491700 59.877665 10.663849 109440 1010
1285132003 492710 59.877702 10.663897 102600 1010
1285132004 493720 59.877702 10.663897 34768 1010
1285132005 494730 59.877746 10.663949 71136 1010
1285132006 495750 59.877783 10.663997 77976 1020
1285132007 496780 59.877832 10.664049 58824 1030
1285132008 497790 59.877832 10.664049 83448 1010
1285132009 498810 59.877868 10.664097 142840 1020
1285132010 499820 59.877913 10.664149 121752 1010
1285132011 500840 59.877954 10.664197 76608 1020
1285132012 501860 59.877954 10.664197 49248 1020
1285132013 502880 59.877998 10.664249 91656 1020
1285132014 503890 59.878042 10.6643 59392 1010
1285132015 504900 59.878079 10.664348 95760 1010
1285132016 505901 59.878079 10.664348 145008 1001
1285132017 506910 59.87812 10.664397 141472 1009
1285132018 507920 59.878164 10.664448 175104 1010
1285132019 508930 59.878201 10.664497 136800 1010
1285132020 509940 59.878201 10.664497 116848 1010
1285132021 510941 59.87825 10.664548 91656 1001
1285132022 511950 59.878287 10.664597 102600 1009
1285132023 512951 59.878335 10.664648 120384 1001
1285132024 513960 59.878335 10.664648 130528 1009
1285132025 514970 59.878372 10.664697 162792 1010
1285132026 515980 59.878416 10.664748 173736 1010
1285132027 516990 59.878457 10.664796 152416 1010
1285132028 518000 59.878457 10.664796 135432 1010
1285132029 519010 59.878494 10.664845 137368 1010
1285132030 520020 59.878543 10.664896 135432 1010
1285132031 521030 59.87858 10.664945 165528 1010
1285132032 522040 59.87858 10.664945 156520 1010
1285132033 523041 59.878624 10.664996 151848 1001
1285132034 524050 59.878666 10.665027 177840 1009
1285132035 525060 59.878711 10.665079 145576 1010
1285132036 526080 59.878711 10.665079 153216 1020
1285132037 527085 59.878752 10.665127 132696 1005
1285132038 528086 59.878796 10.665179 126424 1001
1285132039 529089 59.878833 10.665227 162792 1003
1285132040 530120 59.878833 10.665227 125056 1031
1285132041 531140 59.878882 10.665279 124488 1020
1285132042 532160 59.878918 10.665327 97128 1020
1285132043 533180 59.878959 10.665375 60192 1020
1285132071 561129 59.878959 10.665375 9576 27949
1285132072 562139 59.879004 10.665427 47880 1010
1285132074 563546 59.87904 10.665475 70336 1407
1285132075 564549 59.879089 10.665527 57456 1003
1285132076 566309 59.879089 10.665527 21888 1760
1285132078 567809 59.879126 10.665575 20520 1499
1285132079 568819 59.879175 10.665627 39672 1010
1285132080 569849 59.879211 10.665675 43608 1030
1285132081 570869 59.879211 10.665675 45312 1020
1285132082 571902 59.879256 10.665727 84816 1033
1285132083 572939 59.879297 10.665775 30096 1037
1285132084 573959 59.879341 10.665827 54720 1020
1285132085 574960 59.879341 10.665827 29296 1001
1285132086 575979 59.879378 10.665875 47880 1019
1285132087 576989 59.879428 10.665909 60192 1010
1285132088 578049 59.879464 10.665957 39672 1060
1285132094 583958 59.879464 10.665957 4104 5909
1285132095 584976 59.879513 10.666009 16416 1018
1285132096 585986 59.87955 10.666057 77976 1010
1285132097 586987 59.879594 10.666109 103968 1001
1285132098 588016 59.879594 10.666109 53920 1029
1285132099 589046 59.879635 10.666157 76608 1030
1285132100 590077 59.87968 10.666209 64296 1031
1285132101 591078 59.879716 10.666257 97128 1001
1285132102 592086 59.879716 10.666257 134064 1008
1285132103 593087 59.879765 10.666309 114112 1001
1285132104 594097 59.879802 10.666357 179208 1010
1285132105 595146 59.879846 10.666409 141472 1049
1285132106 596206 59.879846 10.666409 75240 1060
1285132110 599861 59.879887 10.666457 8208 3655
1285132111 600866 59.879931 10.666509 338464 1005
1285132112 601893 59.879967 10.666574 140904 1027
1285132113 602936 59.879967 10.666574 54520 1043
1285132119 609352 59.880015 10.666626 16384 6416
1285132120 610397 59.880052 10.666674 122216 1045
1285132121 611406 59.880096 10.666726 21656 1009
1285132130 620282 59.880096 10.666726 5472 8876
1285132131 621372 59.880136 10.666792 8208 1090
1285132132 622512 59.880173 10.66684 8208 1140
1285132134 623622 59.880217 10.666892 13680 1110
1285132135 624633 59.880217 10.666892 15616 1011
1285132136 625682 59.880258 10.66694 94392 1049
1285132137 626683 59.880301 10.667009 39672 1001
1285132138 627684 59.880338 10.667058 140904 1001
1285132139 628692 59.880338 10.667058 161992 1008
1285132140 629693 59.880379 10.667106 222984 1001
1285132141 630702 59.880422 10.667175 216712 1009
1285132142 631713 59.880458 10.667223 280440 1011
1285132143 632714 59.880458 10.667223 234496 1001
1285132144 633722 59.8805 10.667272 212040 1008
1285132145 634732 59.880542 10.667341 185248 1010
1285132146 635742 59.880579 10.667389 150480 1010
1285132147 636784 59.880579 10.667389 99064 1042
1285132148 637792 59.880628 10.667441 124488 1008
1285132152 641664 59.880663 10.667507 64296 3872
1285132153 642672 59.880712 10.667558 248176 1008
1285132154 643673 59.880712 10.667558 218912 1001
1285132155 644682 59.880748 10.667607 216680 1009
1285132156 645683 59.880793 10.667658 187416 1001
1285132157 646718 59.880832 10.667724 106704 1035
1285132158 647751 59.880832 10.667724 34200 1033
1285132159 648772 59.880877 10.667776 27928 1021
1285132160 649838 59.880918 10.667824 30096 1066
1285132161 651212 59.880962 10.667876 31432 1374
1285132163 652633 59.880962 10.667876 348072 1420
1285132164 653644 59.880997 10.667942 259920 1011
1285132165 654710 59.881046 10.667993 149680 1066
1285132166 655722 59.881083 10.668041 299592 1012
1285132167 656781 59.881083 10.668041 110008 1059
1285132170 660251 59.881132 10.668093 15048 3470
1285132171 661282 59.881174 10.668162 117648 1031
1285132172 662291 59.881216 10.668211 13680 1009
1285132173 663312 59.881216 10.668211 20520 1021
1285132177 666722 59.88126 10.668262 17752 3410
1285132178 667991 59.881295 10.668328 108104 1010
1285132179 669022 59.881344 10.66838 36936 1031
1285132180 670091 59.881344 10.66838 28728 1069
1285132181 671181 59.881381 10.668428 16416 1090
1285132182 672182 59.881425 10.66848 38872 1001
1285132183 673191 59.881465 10.668546 77976 1009
1285132186 675832 59.881465 10.668546 47848 2641
1285132187 676841 59.881509 10.668597 87584 1009
1285132188 677852 59.881544 10.668663 90288 1011
1285132189 678863 59.881588 10.668715 181144 1011
1285132190 679872 59.881588 10.668715 255816 1009
1285132191 680882 59.881628 10.668781 219448 1010
1285132192 681891 59.881665 10.668829 236664 1009
1285132193 682892 59.881708 10.668898 157888 1001
1285132194 684122 59.881708 10.668898 99864 1230
1285132195 685161 59.881744 10.668946 43776 1039
1285132197 686581 59.881787 10.669015 20520 1420
1285132198 687611 59.881822 10.669081 28728 1030
1285132199 689173 59.881822 10.669081 32832 1562
1285132200 690311 59.881859 10.66913 53920 1138
1285132201 691352 59.881902 10.669199 54720 1041
1285132202 692381 59.881941 10.669265 31464 1029
1285132205 695481 59.881941 10.669265 2736 3100
1285132206 696491 59.881978 10.669313 64296 1010
1285132215 704832 59.882013 10.669379 39704 8341
1285132216 705842 59.882056 10.669448 58792 1010
1285132217 706852 59.882056 10.669448 72504 1010
1285132218 707853 59.882093 10.669496 115480 1001
1285132219 708863 59.882128 10.669562 296856 1010
1285132220 709872 59.882171 10.669631 301528 1009
1285132221 710873 59.882171 10.669631 255016 1001
1285132222 711882 59.882208 10.66968 296856 1009
1285132223 712883 59.882243 10.669746 231760 1001
1285132224 713893 59.882279 10.669794 220248 1010
1285132225 714902 59.882279 10.669794 186616 1009
1285132226 715903 59.882322 10.669863 317943 1001
1285132227 716904 59.882362 10.669929 334360 1001
1285132228 717912 59.882399 10.669977 378936 1008
1285132229 718923 59.882399 10.669977 252280 1011
1285132230 719932 59.882434 10.670043 261856 1009
1285132231 720942 59.882477 10.670112 322048 1010
1285132232 721972 59.882513 10.670161 381672 1030
1285132233 722973 59.882513 10.670161 334360 1001
1285132234 723982 59.882549 10.670227 342568 1009
1285132235 724983 59.882585 10.670275 345304 1001
1285132236 725992 59.882633 10.670344 354880 1009
1285132237 727002 59.882633 10.670344 361720 1010
1285132238 728003 59.882669 10.670392 341200 1001
1285132239 729004 59.882704 10.670458 326952 1001
1285132240 730012 59.882741 10.670507 346672 1008
1285132241 731022 59.882741 10.670507 352144 1010
1285132242 732023 59.882784 10.670576 349408 1001
1285132243 733032 59.882819 10.670642 334360 1009
1285132244 734033 59.88286 10.67069 317376 1001
1285132245 735042 59.88286 10.67069 231760 1009
1285132246 736043 59.882896 10.670756 216712 1001
1285132247 737044 59.88294 10.670808 243504 1001
1285132254 743860 59.882975 10.670873 16384 6816
1285132256 745798 59.882975 10.670873 127824 1938
1285132257 746800 59.883012 10.670922 210672 1002
1285132258 747808 59.883047 10.670988 312472 1008
1285132259 748818 59.883091 10.671039 312472 1010
1285132260 749819 59.883091 10.671039 373464 1001
1285132261 750820 59.883131 10.671105 300160 1001
1285132262 751829 59.883166 10.671171 297424 1009
1285132263 752830 59.883203 10.671219 342568 1001
1285132264 753832 59.883203 10.671219 316576 1002
1285132265 754838 59.883246 10.671288 350208 1006
1285132266 755839 59.883281 10.671354 301528 1001
1285132267 756840 59.883317 10.671403 252280 1001
1285132268 757858 59.883317 10.671403 298224 1018
1285132269 758859 59.883353 10.671469 235864 1001
1285132270 759868 59.883395 10.671538 265960 1009
1285132271 760877 59.883432 10.671586 110808 1009
1285132272 761878 59.883432 10.671586 83448 1001
1285132273 762898 59.883472 10.671652 103968 1020
1285132274 763908 59.883515 10.671721 115480 1010
1285132275 764917 59.883551 10.671769 154584 1009
1285132276 765928 59.883551 10.671769 139536 1011
1285132277 766938 59.883587 10.671835 110008 1010
1285132278 767948 59.883622 10.671901 143640 1010
1285132279 768968 59.883666 10.671953 172368 1020
1285132280 769970 59.883666 10.671953 167464 1002
1285132281 770977 59.883701 10.672019 175104 1007
1285132282 771988 59.883738 10.672067 146944 1011
1285132283 772997 59.883781 10.672136 134064 1009
1285132284 773998 59.883781 10.672136 109440 1001
1285132285 775018 59.883816 10.672202 127792 1020
1285132286 776038 59.883853 10.67225 162792 1020
1285132287 777058 59.8839 10.67232 161424 1020
1285132288 778068 59.8839 10.67232 122320 1010
1285132289 779077 59.883935 10.672386 124488 1009
1285132290 780097 59.883972 10.672434 108072 1020
1285132291 781108 59.884007 10.6725 91656 1011
1285132292 782137 59.884007 10.6725 99064 1029
1285132293 783147 59.88405 10.672569 108072 1010
1285132294 784148 59.884087 10.672617 84816 1001
1285132295 785308 59.884122 10.672683 45144 1160
1285132296 786327 59.884122 10.672683 47880 1019
1285132297 787487 59.884166 10.672735 52552 1160
1285132298 788497 59.884206 10.672801 103968 1010
1285132299 789498 59.884242 10.672849 145008 1001
1285132300 790507 59.884242 10.672849 117648 1009
1285132301 791509 59.884285 10.672918 115480 1002
1285132302 792517 59.884322 10.672966 113544 1008
1285132304 793537 59.884357 10.673032 109440 1020
1285132305 794547 59.884357 10.673032 105336 1010
1285132306 795548 59.8844 10.673102 105904 1001
1285132307 796557 59.884437 10.67315 127224 1009
1285132308 797558 59.884472 10.673216 125856 1001
1285132309 798567 59.884472 10.673216 145576 1009
1285132310 799568 59.884513 10.673264 109440 1001
1285132311 800577 59.884556 10.673333 117648 1009
1285132312 801592 59.884591 10.673399 100432 1015
1285132313 802602 59.884591 10.673399 76608 1010
1285132314 803607 59.884635 10.673451 103968 1005
1285132315 804617 59.884671 10.673517 166896 1010
1285132316 805637 59.884706 10.673583 157888 1020
1285132317 806657 59.884706 10.673583 164160 1020
1285132318 807667 59.88475 10.673634 146944 1010
1285132330 819850 59.884785 10.6737 125856 12183
1285132331 820880 59.88482 10.673766 53352 1030
1285132332 821890 59.88482 10.673766 121752 1010
1285132333 822920 59.884857 10.673814 107273 1030
1285132334 823930 59.884904 10.673883 113544 1010
1285132335 824940 59.88494 10.673949 132696 1010
1285132336 825950 59.88494 10.673949 142272 1010
1285132337 826960 59.884975 10.674015 148312 1010
1285132338 827961 59.885018 10.674084 161424 1001
1285132339 828970 59.885054 10.674133 145576 1009
1285132340 829980 59.885054 10.674133 132696 1010
1285132341 831284 59.88509 10.674199 16384 1304
1285132342 832420 59.885125 10.674265 165560 1136
1285132343 833431 59.88516 10.67433 77173 1011
1285132344 834450 59.88516 10.67433 145008 1019
1285132345 835480 59.885203 10.6744 132696 1030
1285132346 836481 59.885238 10.674465 155155 1001
1285132347 837490 59.885273 10.674531 205200 1009
1285132348 838491 59.885273 10.674531 183880 1001
1285132349 839499 59.88531 10.67458 162792 1008
1285132350 840520 59.885345 10.674646 97128 1021
1285132351 841521 59.88538 10.674711 103968 1001
1285132353 842539 59.88538 10.674711 92224 1018
1285132354 843559 59.885423 10.674781 102600 1020
1285132355 844569 59.885458 10.674847 95760 1010
1285132356 845570 59.885494 10.674912 151848 1001
1285132357 846579 59.885494 10.674912 79912 1009
1285132358 847580 59.885533 10.674978 95760 1001
1285132359 848601 59.88557 10.675027 99864 1021
1285132360 849609 59.885613 10.675096 69768 1008
1285132361 850619 59.885613 10.675096 65664 1010
1285132362 851649 59.885648 10.675162 96328 1030
1285132363 852650 59.885683 10.675228 90288 1001
1285132364 853660 59.885718 10.675293 77976 1010
1285132402 892206 59.885718 10.675293 13680 38546
1285132403 893216 59.885761 10.675363 113544 1010
1285132404 894236 59.885798 10.675411 112744 1020
1285132405 895246 59.885833 10.675477 188784 1010
1285132406 896256 59.885833 10.675477 186616 1010
1285132407 897266 59.885868 10.675543 192888 1010
1285132408 898286 59.885904 10.675609 159256 1020
1285132409 899296 59.885946 10.675678 124488 1010
1285132410 900307 59.885946 10.675678 160056 1011
1285132411 901326 59.885982 10.675744 159256 1019
1285132412 902336 59.886018 10.675792 157320 1010
1285132413 903345 59.886053 10.675858 128592 1009
1285132414 904526 59.886053 10.675858 61560 1181
1285132416 905543 59.886101 10.675927 59392 1017
1285132417 906555 59.886136 10.675993 125856 1012
1285132418 907556 59.886171 10.676059 135432 1001
1285132419 908567 59.886171 10.676059 145573 1011
1285132420 909576 59.886206 10.676125 183312 1009
1285132421 910600 59.886243 10.676173 188784 1024
1285132422 911606 59.886286 10.676242 160627 1006
1285132423 912615 59.886286 10.676242 171000 1009
1285132424 913625 59.886321 10.676308 93592 1010
1285132425 914626 59.886356 10.676374 79344 1001
1285132426 915627 59.886393 10.676422 39672 1001
1285132427 916755 59.886393 10.676422 13680 1128
1285132428 917786 59.886436 10.676492 113544 1031
1285132429 918795 59.886471 10.676558 71136 1009
1285132430 919867 59.886511 10.676623 84016 1072
1285132431 920886 59.886511 10.676623 123120 1019
1285132432 922106 59.886547 10.676672 1368 1220
1285132433 923175 59.88659 10.676741 25992 1069
1285132434 924192 59.886625 10.676807 38304 1017
1285132438 928405 59.886625 10.676807 10944 4213
1285132513 1003028 59.886661 10.676873 6840 74623
1285132514 1004038 59.886697 10.676921 49280 1010
1285132515 1005039 59.88674 10.67699 80680 1001
1285132516 1006238 59.88674 10.67699 73072 1199
1285132517 1007248 59.886775 10.677056 125856 1010
1285132518 1008259 59.886815 10.677122 119016 1011
1285132519 1009268 59.88685 10.677188 121752 1009
1285132520 1010288 59.88685 10.677188 92221 1020
1285132521 1011303 59.886887 10.677236 105336 1015
1285132522 1012308 59.88693 10.677305 127224 1005
1285132523 1013368 59.886965 10.677371 127795 1060
1285132524 1014379 59.886965 10.677371 158688 1011
1285132525 1015389 59.887 10.677437 177840 1010
1285132526 1016408 59.887035 10.677503 120951 1019
1285132527 1017419 59.88708 10.677555 65664 1011
1285132528 1018448 59.88708 10.677555 62928 1029
1285132529 1019458 59.887119 10.677621 65664 1010
1285132530 1020488 59.887155 10.677687 86184 1030
1285132532 1021568 59.88719 10.677752 47880 1080
1285132533 1022594 59.88719 10.677752 23256 1026
1285132534 1023782 59.887225 10.677818 14248 1187
1285132535 1024798 59.887269 10.67787 28728 1016
1285132536 1025818 59.887305 10.677936 101232 1020
1285132537 1026828 59.887305 10.677936 146376 1010
1285132538 1027888 59.88734 10.678002 129160 1060
1285132539 1028958 59.887375 10.678068 60192 1070
1285132540 1030378 59.887416 10.678116 12312 1420
1285132541 1031398 59.887416 10.678116 124488 1020
1285132542 1032407 59.887459 10.678185 75240 1009
1285132543 1033408 59.887494 10.678251 53352 1001
1285132544 1034437 59.887529 10.678317 61560 1029
1285132545 1035438 59.887529 10.678317 33400 1001
1285132546 1036458 59.887566 10.678365 54720 1020
1285132547 1037488 59.887609 10.678435 57456 1030
1285132549 1038557 59.887644 10.6785 35568 1069
1285132550 1039587 59.887644 10.6785 31464 1029
1285132551 1040627 59.887684 10.678566 39672 1040
1285132552 1041628 59.88772 10.678615 88952 1001
1285132553 1042638 59.887756 10.678681 96296 1010
1285132554 1043648 59.887756 10.678681 127224 1010
1285132555 1044658 59.887798 10.67875 154584 1010
1285132556 1045668 59.887834 10.678816 149680 1010
1285132557 1046681 59.88787 10.678864 145008 1013
1285132558 1047688 59.88787 10.678864 109440 1007
1285132559 1048698 59.887906 10.67893 103968 1010
1285132560 1049708 59.887941 10.678996 62128 1010
1285132561 1050728 59.887988 10.679065 106704 1020
1285132562 1051729 59.887988 10.679065 150480 1001
1285132563 1052899 59.888025 10.679113 114112 1170
1285132564 1053908 59.88806 10.679179 132696 1009
1285132565 1054968 59.888095 10.679245 75240 1060
1285132566 1055977 59.888095 10.679245 69768 1009
1285132567 1056987 59.88813 10.679311 79344 1010
1285132568 1058007 59.888173 10.67938 60760 1020
1285132570 1059546 59.88821 10.679429 56088 1539
1285132571 1060558 59.88821 10.679429 45144 1012
1285132572 1061567 59.888245 10.679494 35568 1009
1285132580 1069689 59.88828 10.67956 16416 8122
1285132581 1070690 59.888316 10.679626 201096 1001
1285132582 1071692 59.888316 10.679626 181144 1002
1285132583 1072699 59.888355 10.679692 281008 1007
1285132584 1073710 59.888398 10.679761 305064 1011
1285132585 1074720 59.888435 10.67981 268696 1010
1285132586 1075729 59.888435 10.67981 257752 1009
1285132587 1076730 59.88847 10.679876 294120 1001
1285132588 1077731 59.888505 10.679941 227656 1001
1285132589 1078739 59.88854 10.680007 258552 1008
1285132590 1079740 59.88854 10.680007 219448 1001
1285132591 1080750 59.888577 10.680056 257752 1010
1285132592 1081759 59.88862 10.680125 314640 1009
1285132593 1082760 59.888655 10.680191 304264 1001
1285132594 1083770 59.888655 10.680191 331624 1010
1285132595 1084772 59.88869 10.680257 335728 1002
1285132596 1085779 59.888731 10.680305 315208 1007
1285132597 1086780 59.888767 10.680371 374832 1001
1285132598 1087790 59.888767 10.680371 341200 1010
1285132599 1088792 59.888809 10.68044 335728 1002
1285132600 1089799 59.888845 10.680506 308368 1007
1285132601 1090809 59.88888 10.680572 240768 1010
1285132602 1091810 59.88888 10.680572 88120 1001
1285132603 1092831 59.888916 10.68062 102600 1021
1285132604 1093839 59.888952 10.680686 53352 1008
1285132605 1094849 59.888987 10.680752 62928 1010
1285132606 1095870 59.888987 10.680752 91656 1021
1285132607 1096879 59.88903 10.680821 53920 1009
1285132608 1097889 59.889065 10.680887 84816 1010
1285132609 1098919 59.889102 10.680935 101232 1029
1285132610 1099929 59.889102 10.680935 77976 1010
1285132611 1100958 59.889137 10.681001 97128 1029
1285132612 1101969 59.889172 10.681067 82648 1011
1285132613 1103000 59.889207 10.681133 117648 1031
1285132614 1104002 59.889207 10.681133 181944 1002
1285132615 1105009 59.889247 10.681199 311104 1007
1285132616 1106010 59.88929 10.681268 265960 1001
1285132617 1107090 59.889325 10.681334 302896 1080
1285132618 1108100 59.889325 10.681334 292752 1010
1285132619 1109109 59.889362 10.681383 255016 1009
1285132620 1110119 59.889397 10.681448 281008 1010
1285132621 1111120 59.889432 10.681514 335160 1001
1285132622 1112129 59.889432 10.681514 293320 1009
1285132623 1113130 59.889467 10.68158 297424 1001
1285132624 1114149 59.88951 10.681649 320680 1019
1285132625 1115150 59.889545 10.681715 326952 1001
1285132626 1116159 59.889545 10.681715 267328 1009
1285132627 1117160 59.889581 10.681781 267328 1001
1285132628 1118169 59.889617 10.68183 294120 1009
1285132629 1119179 59.889652 10.681895 245440 1010
1285132630 1120188 59.889652 10.681895 230392 1009
1285132631 1121189 59.889688 10.681961 209304 1001
1285132632 1122190 59.88973 10.682031 185248 1001
1285132633 1123198 59.88977 10.682096 154584 1008
1285132634 1124218 59.88977 10.682096 60192 1020
1285132635 1125292 59.889807 10.682145 60192 1074
1285132636 1126359 59.889842 10.682211 305632 1007
1285132637 1127368 59.889877 10.682277 106704 1009
1285132638 1128388 59.889877 10.682277 121752 1020
1285132639 1129393 59.88992 10.682346 23824 1005
1285132640 1130408 59.889957 10.682394 262656 1015
1285132641 1131409 59.889992 10.68246 170200 1001
1285132642 1132422 59.889992 10.68246 173736 1013
1285132643 1133489 59.890027 10.682526 194825 1067
1285132644 1134491 59.890062 10.682592 262656 1001
1285132645 1135499 59.890105 10.682661 229024 1008
1285132646 1136518 59.890105 10.682661 186048 1019
1285132648 1137550 59.890142 10.682709 140104 1032
1285132649 1138559 59.890182 10.682775 202464 1009
1285132650 1139568 59.890217 10.682841 220816 1009
1285132651 1140569 59.890217 10.682841 261288 1001
1285132652 1141589 59.890261 10.682893 271432 1020
1285132653 1142639 59.890296 10.682959 274168 1050
1285132654 1143646 59.890331 10.683025 295488 1006
1285132655 1144659 59.890331 10.683025 252280 1013
1285132656 1145668 59.890367 10.683091 194256 1009
1285132657 1146689 59.890411 10.683142 122320 1021
1285132658 1147708 59.890446 10.683208 196992 1019
1285132659 1148718 59.890446 10.683208 209872 1010
1285132660 1149719 59.890481 10.683274 352944 1001
1285132661 1150739 59.890517 10.68334 246808 1020
1285132662 1151758 59.890556 10.683406 172368 1019
1285132663 1152759 59.890556 10.683406 118216 1001
1285132664 1153770 59.890599 10.683475 164160 1011
1285132665 1154779 59.890636 10.683523 152416 1009
1285132666 1155798 59.890671 10.683589 279072 1019
1285132667 1156808 59.890671 10.683589 203032 1010
1285132668 1157809 59.890706 10.683655 196992 1001
1285132669 1158818 59.890741 10.683721 237232 1009
1285132670 1159979 59.890784 10.68379 291952 1161
1285132671 1160998 59.890784 10.68379 225720 1019
1285132672 1162008 59.890819 10.683856 186616 1010
1285132673 1163009 59.890855 10.683922 187416 1001
1285132674 1164112 59.890891 10.683971 16384 1103
1285132675 1165118 59.890891 10.683971 423312 1006
1285132676 1166128 59.890926 10.684036 239968 1010
1285132677 1167129 59.890962 10.684102 276336 1001
1285132678 1168138 59.891004 10.684172 205768 1009
1285132679 1169148 59.891004 10.684172 196992 1010
1285132680 1170158 59.89104 10.684237 183880 1010
1285132681 1171168 59.891075 10.684303 168264 1010
1285132682 1172178 59.89111 10.684369 171559 1010
1285132683 1173198 59.89111 10.684369 165528 1020
1285132684 1174208 59.891145 10.684435 60192 1010
1285132685 1175248 59.891182 10.684484 36936 1040
1285132686 1176258 59.891225 10.684553 88920 1010
1285132687 1177259 59.891225 10.684553 177049 1001
1285132688 1178268 59.89126 10.684619 244872 1009
1285132689 1179278 59.891295 10.684685 201664 1010
1285132690 1180279 59.89133 10.68475 220248 1001
1285132691 1181287 59.89133 10.68475 193456 1008
1285132692 1182288 59.891366 10.684816 202464 1001
1285132693 1183289 59.891408 10.684886 166096 1001
1285132694 1184298 59.891445 10.684934 270064 1009
1285132695 1185299 59.891445 10.684934 265392 1001
1285132696 1186300 59.89148 10.685 281008 1001
1285132697 1187308 59.891516 10.685066 248976 1008
1285132698 1188317 59.891558 10.685135 133264 1009
1285132699 1189327 59.891558 10.685135 94392 1010
1285132700 1190337 59.891595 10.685183 80712 1010
1285132701 1191437 59.89163 10.685249 119584 1100
1285132702 1192438 59.891665 10.685315 169632 1001
1285132703 1193447 59.891665 10.685315 213408 1009
1285132704 1194448 59.891708 10.685384 211240 1001
1285132705 1195449 59.891745 10.685433 231760 1001
1285132706 1196458 59.89178 10.685499 239400 1009
1285132707 1197459 59.89178 10.685499 272800 1001
1285132708 1198467 59.89182 10.685565 281808 1008
1285132709 1199478 59.891855 10.68563 268696 1011
1285132710 1200479 59.891898 10.6857 271432 1001
1285132711 1201488 59.891898 10.6857 272232 1009
1285132712 1202490 59.891933 10.685766 161992 1002
1285132713 1203497 59.89197 10.685814 222984 1007
1285132714 1204498 59.892005 10.68588 192088 1001
1285132715 1205508 59.892005 10.68588 195624 1010
1285132716 1206509 59.89204 10.685946 203032 1001
1285132717 1207517 59.892083 10.686015 213408 1008
1285132718 1208518 59.892118 10.686081 190720 1001
1285132719 1209519 59.892118 10.686081 203832 1001
1285132720 1210528 59.892153 10.686147 207136 1009
1285132722 1211551 59.892189 10.686213 248976 1023
1285132723 1212557 59.892224 10.686279 196192 1006
1285132724 1213627 59.892224 10.686279 246808 1070
1285132725 1214629 59.892259 10.686344 292752 1002
1285132726 1215630 59.892294 10.68641 281008 1001
1285132727 1216647 59.892337 10.68648 341199 1017
1285132728 1217648 59.892337 10.68648 316576 1001
1285132729 1218657 59.892377 10.686546 316008 1009
1285132730 1219658 59.892412 10.686611 257752 1001
1285132731 1221437 59.892447 10.686677 242704 1779
1285132732 1222448 59.892447 10.686677 238032 1011
1285132733 1223457 59.892482 10.686743 171568 1009
1285132734 1224458 59.892518 10.686809 257184 1001
1285132735 1225468 59.892553 10.686875 237232 1010
1285132736 1226477 59.892553 10.686875 262656 1009
1285132737 1227479 59.892588 10.686941 229024 1002
1285132738 1228488 59.892623 10.687007 263224 1009
1285132739 1229497 59.892666 10.687076 270864 1009
1285132740 1230499 59.892666 10.687076 241336 1002
1285132741 1231507 59.892701 10.687142 331624 1008
1285132742 1232518 59.892735 10.687225 318744 1011
1285132743 1233519 59.89277 10.687291 201664 1001
1285132744 1234527 59.89277 10.687291 251712 1008
1285132745 1235529 59.892805 10.687357 278272 1002
1285132747 1236537 59.892841 10.687423 281008 1008
1285132748 1237539 59.892876 10.687489 214776 1002
1285132749 1238547 59.892876 10.687489 187984 1008
1285132750 1239548 59.892911 10.687555 270064 1001
1285132751 1240557 59.892945 10.687639 277704 1009
1285132752 1241558 59.89298 10.687704 282376 1001
1285132753 1242559 59.89298 10.687704 281008 1001
1285132754 1243567 59.893015 10.68777 313272 1008
1285132755 1244590 59.89305 10.687836 330256 1023
1285132756 1245597 59.893084 10.68792 446536 1007
1285132757 1246598 59.893084 10.68792 409600 1001
1285132758 1247607 59.893119 10.687986 300160 1009
1285132759 1248608 59.893155 10.688052 330256 1001
1285132760 1249609 59.89319 10.688117 389080 1001
1285132761 1250617 59.89319 10.688117 352144 1008
1285132762 1251618 59.893224 10.688201 306432 1001
1285132763 1252619 59.893259 10.688267 264592 1001
1285132764 1253638 59.893289 10.688333 401392 1019
1285132765 1254639 59.893289 10.688333 348040 1001
1285132766 1255648 59.893323 10.688416 293320 1009
1285132767 1256657 59.893351 10.688479 328320 1009
1285132768 1257658 59.893385 10.688562 307000 1001
1285132769 1258667 59.893385 10.688562 204400 1009
1285132770 1259668 59.89342 10.688628 265392 1001
1285132771 1260677 59.893454 10.688712 297424 1009
1285132772 1261678 59.893484 10.688778 322048 1001
1285132773 1262679 59.893484 10.688778 323416 1001
1285132774 1263687 59.893518 10.688861 277704 1008
1285132775 1264688 59.893546 10.688924 249544 1001
1285132776 1265697 59.893579 10.689007 327520 1009
1285132777 1266699 59.893579 10.689007 391816 1002
1285132778 1267708 59.893613 10.689091 374832 1009
1285132779 1268717 59.893644 10.689156 233128 1009
1285132780 1269737 59.89367 10.689237 231760 1020
1285132781 1270738 59.89367 10.689237 295488 1001
1285132782 1271747 59.893704 10.68932 271432 1009
1285132783 1272748 59.893725 10.6894 405496 1001
1285132784 1273749 59.893759 10.689484 397269 1001
1285132785 1274756 59.893759 10.689484 241355 1007
1285132786 1275757 59.893782 10.689546 331056 1001
1285132787 1276767 59.893816 10.68963 290585 1010
1285132788 1277768 59.893838 10.68971 305632 1001
1285132789 1278770 59.893838 10.68971 358984 1002
1285132790 1279857 59.893871 10.689793 338464 1087
1285132791 1280858 59.893893 10.689874 384408 1001
1285132792 1281868 59.893925 10.689975 345304 1010
1285132793 1282869 59.893925 10.689975 315208 1001
1285132794 1283877 59.893947 10.690055 316576 1008
1285132795 1284878 59.893973 10.690135 395920 1001
1285132796 1285887 59.893995 10.690215 443800 1009
1285132797 1286888 59.893995 10.690215 342568 1001
1285132798 1287889 59.894024 10.690299 338464 1001
1285132799 1288897 59.894049 10.690396 324216 1008
1285132800 1289907 59.89407 10.690476 282376 1010
1285132801 1290908 59.89407 10.690476 364456 1001
1285132802 1291909 59.894096 10.690557 445168 1001
1285132803 1292911 59.894118 10.690637 361720 1002
1285132804 1293917 59.894138 10.690734 400021 1006
1285132805 1294918 59.894138 10.690734 408235 1001
1285132806 1295927 59.894164 10.690815 424648 1009
1285132807 1296928 59.894194 10.690898 498520 1001
1285132808 1297930 59.894215 10.690978 464320 1002
1285132809 1298937 59.894215 10.690978 480736 1007
1285132810 1299938 59.89424 10.691076 350775 1001
1285132811 1300939 59.894262 10.691156 410968 1001
1285132812 1301947 59.894283 10.691236 436960 1008
1285132813 1302948 59.894283 10.691236 350776 1001
1285132814 1303957 59.894315 10.691337 383608 1009
1285132815 1304958 59.894337 10.691417 413704 1001
1285132816 1305967 59.894363 10.691498 291952 1009
1285132817 1306977 59.894363 10.691498 315208 1010
1285132818 1308006 59.894385 10.691578 358984 1029
1285132819 1309007 59.894405 10.691675 407664 1001
1285132820 1310008 59.894431 10.691756 345304 1001
1285132821 1311009 59.894431 10.691756 349408 1001
1285132822 1312016 59.89446 10.691839 368560 1007
1285132823 1313017 59.894481 10.691937 345304 1001
1285132824 1314018 59.894502 10.692017 405496 1001
1285132825 1315019 59.894502 10.692017 438328 1001
1285132826 1316026 59.894528 10.692097 438328 1007
1285132827 1317028 59.894549 10.692195 435592 1002
1285132828 1318036 59.89457 10.692275 350776 1008
1285132829 1319046 59.89457 10.692275 324784 1010
1285132830 1320047 59.894596 10.692355 346672 1001
1285132831 1321076 59.894617 10.692453 358984 1029
1285132832 1322077 59.894638 10.692533 314640 1001
1285132833 1323078 59.894638 10.692533 282376 1001
1285132834 1324086 59.894672 10.692617 327520 1008
1285132835 1325087 59.894692 10.692714 330256 1001
1285132836 1326136 59.894714 10.692794 383608 1049
1285132837 1327137 59.894714 10.692794 358416 1001
1285132838 1328138 59.894734 10.692892 348040 1001
1285132839 1329146 59.89476 10.692972 305632 1008
1285132840 1330147 59.894782 10.693052 332992 1001
1285132841 1331148 59.894782 10.693052 308368 1001
1285132842 1332156 59.894802 10.69315 362520 1008
1285132843 1333157 59.894828 10.69323 371296 1001
1285132844 1334166 59.89485 10.69331 361720 1009
1285132845 1335176 59.89485 10.69331 290584 1010
1285132846 1336177 59.894877 10.693411 415072 1001
1285132847 1337178 59.894904 10.693492 419176 1001
1285132848 1338186 59.894925 10.693572 445168 1008
1285132849 1339187 59.894925 10.693572 357616 1001
1285132850 1340196 59.894945 10.69367 291952 1009
1285132851 1341197 59.894972 10.69375 313272 1001
1285132852 1342198 59.894993 10.69383 352144 1001
1285132853 1343206 59.894993 10.69383 402760 1008
1285132854 1344207 59.895022 10.693913 322048 1001
1285132855 1345208 59.895047 10.694011 302896 1001
1285132856 1346236 59.895069 10.694091 302896 1028
1285132857 1347315 59.895069 10.694091 408232 1079
1285132858 1348316 59.89509 10.694171 438328 1001
1285132859 1349426 59.895115 10.694269 380872 1110
1285132860 1350436 59.895137 10.694349 354312 1010
1285132861 1351437 59.895137 10.694349 361720 1001
1285132862 1352438 59.895166 10.694433 361720 1001
1285132863 1353446 59.895191 10.69453 360352 1008
1285132864 1354447 59.895212 10.694611 356248 1001
1285132865 1355448 59.895212 10.694611 356248 1001
1285132866 1356449 59.895234 10.694691 326152 1001
1285132867 1357496 59.89526 10.694771 390448 1047
1285132869 1358584 59.89528 10.694869 409600 1088
1285132870 1359596 59.89528 10.694869 395352 1012
1285132871 1360597 59.89531 10.694952 404128 1001
1285132872 1361606 59.895336 10.695032 322048 1009
1285132873 1362607 59.895356 10.69513 268696 1001
1285132874 1363608 59.895356 10.69513 259120 1001
1285132875 1364616 59.895377 10.69521 292752 1008
1285132876 1365617 59.895404 10.69529 353512 1001
1285132877 1366626 59.895424 10.695388 402760 1009
1285132878 1367636 59.895424 10.695388 335728 1010
1285132879 1368645 59.895445 10.695468 324784 1009
1285132880 1369646 59.895475 10.695552 296856 1001
1285132881 1370656 59.895499 10.695649 343936 1010
1285132882 1371666 59.895499 10.695649 327520 1010
1285132883 1372667 59.895521 10.69573 283745 1001
1285132884 1373675 59.895543 10.69581 337096 1008
1285132885 1374676 59.895567 10.695907 295488 1001
1285132886 1375686 59.895567 10.695907 317944 1010
1285132887 1376687 59.895589 10.695988 346672 1001
1285132888 1377695 59.895611 10.696068 235864 1008
1285132889 1378696 59.895643 10.696169 383040 1001
1285132890 1379708 59.895643 10.696169 435131 1012
1285132891 1380776 59.895664 10.696249 410629 1068
1285132892 1381777 59.895686 10.696329 393984 1001
1285132893 1382827 59.895712 10.696409 427952 1050
1285132894 1383829 59.895712 10.696409 592912 1001
1285132895 1384835 59.895732 10.696507 486208 1006
1285132896 1385836 59.895762 10.696591 412336 1001
1285132897 1386837 59.895788 10.696671 486208 1001
1285132898 1387876 59.895788 10.696671 477181 1039
1285132899 1389095 59.895808 10.696768 409619 1219
1285132900 1390096 59.89583 10.696849 359784 1001
1285132901 1391156 59.895851 10.696929 459416 1060
1285132902 1392157 59.895851 10.696929 543664 1001
1285132903 1393159 59.895876 10.697026 475264 1002
1285132904 1394160 59.895898 10.697107 428752 1001
1285132905 1395166 59.895919 10.697187 497152 1006
1285132906 1396246 59.895919 10.697187 514136 1080
1285132907 1397256 59.895952 10.697288 521776 1010
1285132908 1398257 59.895973 10.697368 594280 1001
1285132909 1399306 59.895995 10.697448 522344 1049
1285132910 1400307 59.895995 10.697448 528616 1001
1285132911 1401316 59.896019 10.697546 587440 1009
1285132913 1402715 59.896041 10.697626 520976 1399
1285132914 1403716 59.896061 10.697724 555976 1001
1285132915 1404717 59.896061 10.697724 627112 1001
1285132916 1405727 59.896083 10.697804 546968 1010
1285132917 1406736 59.896109 10.697884 618904 1009
1285132918 1407738 59.896129 10.697982 527816 1002
1285132919 1408739 59.896129 10.697982 616168 1001
1285132920 1409835 59.896151 10.698062 603055 1096
1285132921 1410836 59.896172 10.698142 550504 1001
1285132922 1411846 59.896205 10.698243 564184 1010
1285132923 1412896 59.896205 10.698243 525080 1050
1285132924 1413897 59.896226 10.698323 586072 1001
1285132925 1414906 59.896248 10.698404 605224 1009
1285132926 1415907 59.896273 10.698501 499088 1001
1285132927 1416909 59.896273 10.698501 561448 1002
1285132928 1417915 59.896294 10.698581 547768 1006
1285132929 1418926 59.896316 10.698662 492248 1011
1285132930 1419927 59.896336 10.698759 524512 1001
1285132931 1420929 59.896336 10.698759 473896 1002
1285132932 1421935 59.896362 10.698839 523144 1006
1285132933 1422995 59.896384 10.69892 511400 1060
1285132934 1423996 59.896412 10.699021 524512 1001
1285132935 1424997 59.896412 10.699021 497152 1001
1285132936 1426004 59.896438 10.699101 490312 1007
1285132937 1427005 59.896459 10.699181 420545 1001
1285132938 1428006 59.896481 10.699261 472528 1001
1285132939 1429015 59.896481 10.699261 332992 1009
1285132940 1430016 59.896506 10.699359 334360 1001
1285132941 1431017 59.896527 10.699439 315208 1001
1285132942 1432026 59.896557 10.699523 339832 1009
1285132943 1433027 59.896557 10.699523 355680 1001
1285132944 1434045 59.896583 10.699603 375400 1018
1285132945 1435046 59.896603 10.6997 352144 1001
1285132946 1436047 59.896625 10.699781 316576 1001
1285132947 1437055 59.896625 10.699781 390448 1008
1285132948 1438065 59.896651 10.699861 400024 1010
1285132949 1439066 59.896671 10.699959 387712 1001
1285132950 1440067 59.8967 10.700042 424648 1001
1285132951 1441068 59.8967 10.700042 354880 1001
1285132952 1442069 59.896722 10.700122 405496 1001
1285132953 1443074 59.896746 10.70022 447904 1005
1285132954 1444075 59.896768 10.7003 471160 1001
1285132955 1445076 59.896768 10.7003 551872 1001
1285132956 1446085 59.89679 10.70038 475832 1009
1285132957 1447086 59.896811 10.70046 464320 1001
1285132958 1448087 59.896836 10.700558 484840 1001
1285132959 1449095 59.896836 10.700558 561448 1008
1285132960 1450135 59.896858 10.700638 520976 1040
1285132961 1451165 59.896879 10.700718 408232 1029
1285132962 1452166 59.896907 10.70082 347472 1001
1285132963 1453167 59.896907 10.70082 363088 1001
1285132964 1454169 59.896933 10.7009 383608 1002
1285132965 1455174 59.896953 10.700997 337096 1005
1285132966 1456175 59.896975 10.701078 345304 1001
1285132967 1457176 59.896975 10.701078 317944 1001
1285132968 1458185 59.897001 10.701158 306432 1009
1285132969 1459186 59.897021 10.701255 305632 1001
1285132970 1460187 59.897043 10.701336 371296 1001
1285132971 1461195 59.897043 10.701336 401392 1008
1285132972 1462206 59.897065 10.701416 369928 1011
1285132973 1463207 59.897091 10.701496 410968 1001
1285132974 1464214 59.897111 10.701594 397288 1007
1285132975 1465215 59.897111 10.701594 417808 1001
1285132976 1466225 59.89714 10.701677 393184 1010
1285132977 1467226 59.897162 10.701757 372664 1001
1285132978 1468227 59.897186 10.701855 461584 1001
1285132979 1469228 59.897186 10.701855 562816 1001
1285132980 1470235 59.897208 10.701935 503991 1007
1285132981 1471236 59.89723 10.702015 379504 1001
1285132982 1472237 59.897254 10.702113 386344 1001
1285132983 1473238 59.897254 10.702113 341200 1001
1285132984 1474244 59.897276 10.702193 323416 1006
1285132985 1475245 59.897298 10.702274 322048 1001
1285132986 1476246 59.89733 10.702375 352144 1001
1285132987 1477325 59.89733 10.702375 356248 1079
1285132988 1478334 59.897352 10.702455 351576 1009
1285132989 1479335 59.897373 10.702535 319312 1001
1285132990 1480336 59.897393 10.702633 386344 1001
1285132991 1481337 59.897393 10.702633 449272 1001
1285132992 1482494 59.89742 10.702713 541496 1157
1285132994 1483548 59.897441 10.702793 409600 1054
1285132995 1484575 59.897461 10.702891 576496 1027
1285132996 1485576 59.897461 10.702891 575128 1001
1285132997 1486579 59.897487 10.702971 489512 1003
1285132998 1487592 59.897517 10.703054 542296 1013
1285132999 1488594 59.897541 10.703152 428752 1002
1285133000 1489595 59.897541 10.703152 384976 1001
1285133001 1490609 59.897563 10.703232 391817 1014
1285133002 1491614 59.897585 10.703312 409600 1005
1285133003 1492616 59.897609 10.70341 462952 1002
1285133004 1493630 59.897609 10.70341 524512 1014
1285133005 1494665 59.897631 10.70349 538760 1035
1285133006 1495667 59.897653 10.703571 506728 1002
1285133007 1496668 59.897686 10.703654 464320 1001
1285133008 1497675 59.897686 10.703654 438328 1007
1285133009 1498676 59.897707 10.703752 352144 1001
1285133010 1499684 59.897733 10.703832 379504 1008
1285133011 1500685 59.897754 10.703912 417808 1001
1285133012 1501687 59.897754 10.703912 410968 1002
1285133013 1502688 59.897774 10.70401 391816 1001
1285133014 1503694 59.897801 10.70409 348040 1006
1285133015 1504744 59.89783 10.704174 387712 1050
1285133016 1505745 59.89783 10.704174 400824 1001
1285133017 1506746 59.897851 10.704254 300160 1001
1285133018 1507747 59.897876 10.704351 398656 1001
1285133019 1508754 59.897898 10.704432 378136 1007
1285133020 1509755 59.897898 10.704432 298792 1001
1285133021 1510764 59.897919 10.704512 300160 1009
1285133022 1511765 59.897944 10.70461 355680 1001
1285133023 1512774 59.897966 10.70469 330256 1009
1285133024 1513775 59.897966 10.70469 311104 1001
1285133025 1514784 59.897986 10.704787 302896 1009
1285133026 1515794 59.898012 10.704868 322048 1010
1285133027 1516864 59.898034 10.704948 395920 1070
1285133028 1517874 59.898034 10.704948 378936 1010
1285133029 1518875 59.898054 10.705046 378136 1001
1285133030 1519885 59.89808 10.705126 323416 1010
1285133031 1520893 59.898102 10.705206 316576 1008
1285133032 1521894 59.898102 10.705206 327520 1001
1285133033 1522904 59.898122 10.705304 394552 1010
1285133034 1523905 59.898148 10.705384 390448 1001
1285133035 1524906 59.898177 10.705467 408232 1001
1285133036 1525914 59.898177 10.705467 417808 1008
1285133037 1526915 59.898197 10.705565 391816 1001
1285133038 1527916 59.898223 10.705645 434224 1001
1285133039 1528934 59.898245 10.705725 406864 1018
1285133040 1529954 59.898245 10.705725 348040 1020
1285133041 1530955 59.898265 10.705823 362520 1001
1285133042 1531964 59.898291 10.705903 348040 1009
1285133043 1532965 59.898313 10.705983 308368 1001
1285133044 1533967 59.898313 10.705983 330256 1002
1285133045 1534974 59.898333 10.706081 332992 1007
1285133046 1536093 59.898367 10.706165 364456 1119
1285133047 1537094 59.898388 10.706245 339264 1001
1285133048 1538104 59.898388 10.706245 289216 1010
1285133049 1539105 59.898409 10.706343 391816 1001
1285133050 1540113 59.898435 10.706423 464320 1008
1285133051 1541114 59.898456 10.706503 479368 1001
1285133052 1542115 59.898456 10.706503 421912 1001
1285133053 1543174 59.898478 10.706583 482672 1059
1285133054 1544183 59.898503 10.706681 408232 1009
1285133055 1545184 59.898532 10.706764 406296 1001
1285133056 1546185 59.898532 10.706764 376768 1001
1285133057 1547187 59.898554 10.706845 335728 1002
1285133058 1548193 59.898578 10.706942 368560 1006
1285133059 1549195 59.8986 10.707022 346671 1002
1285133060 1550203 59.8986 10.707022 297424 1008
1285133061 1551294 59.898621 10.707103 327520 1091
1285133062 1552295 59.898642 10.7072 343368 1001
1285133063 1553303 59.898668 10.707281 331624 1008
1285133064 1554314 59.898668 10.707281 379504 1011
1285133065 1555315 59.898689 10.707361 350776 1001
1285133066 1556316 59.89871 10.707458 332992 1001
1285133067 1557323 59.898731 10.707539 312472 1007
1285133068 1558324 59.898731 10.707539 340632 1001
1285133069 1559333 59.898765 10.707622 293320 1009
1285133070 1560334 59.898785 10.70772 293320 1001
1285133071 1561363 59.898807 10.7078 297424 1029
1285133072 1562365 59.898807 10.7078 339264 1002
1285133073 1563366 59.898833 10.70788 302896 1001
1285133074 1564373 59.898853 10.707978 311104 1007
1285133075 1565374 59.898875 10.708058 320680 1001
1285133076 1566375 59.898875 10.708058 357048 1001
1285133077 1567384 59.898901 10.708138 341200 1009
1285133078 1568385 59.89893 10.708222 304264 1001
