1285083301 6412586 59.870974 10.657543 192888 1011
1285083302 6413587 59.870974 10.657543 198360 1001
1285083303 6414595 59.870974 10.657543 164728 1008
1285083304 6415605 59.870974 10.657543 168264 1010
1285083305 6416615 59.870978 10.657543 141472 1010
1285083306 6417625 59.870978 10.657543 164160 1010
1285083307 6418635 59.870978 10.657543 172368 1010
1285083308 6419650 59.870978 10.657543 157888 1015
1285083309 6420655 59.870978 10.657543 194256 1005
1285083310 6421656 59.870978 10.657543 167464 1001
1285083311 6422667 59.870977 10.657561 165528 1011
1285083312 6423675 59.870977 10.657561 157320 1008
1285083313 6424685 59.870984 10.657564 126424 1010
1285083314 6425686 59.870984 10.657564 149112 1001
1285083315 6426765 59.870984 10.657564 137368 1079
1285083316 6427775 59.870984 10.657564 142272 1010
1285083317 6428795 59.870984 10.657564 151848 1020
1285083318 6429805 59.870991 10.657585 120952 1010
1285083319 6430815 59.870995 10.657585 123120 1010
1285083320 6431825 59.870995 10.657585 101232 1010
1285083321 6432835 59.871003 10.657588 109440 1010
1285083322 6433845 59.871001 10.657606 89488 1010
1285083323 6434866 59.871013 10.657609 91656 1021
1285083324 6435875 59.871013 10.657609 73872 1009
1285083325 6436895 59.871021 10.657612 61560 1020
1285083326 6437905 59.871027 10.657633 60192 1010
1285083327 6438908 59.871032 10.657633 51984 1003
1285083328 6440266 59.871032 10.657633 51184 1358
1285083329 6441275 59.871038 10.657654 36936 1009
1285083330 6442285 59.871046 10.657657 47880 1010
1285083331 6443325 59.871056 10.657678 46512 1040
1285083332 6444355 59.871056 10.657678 44976 1030
1285083333 6445394 59.871062 10.657699 57624 1039
1285083334 6446414 59.871075 10.657702 50616 1020
1285083335 6447445 59.871093 10.657726 43776 1031
1285083336 6448464 59.871093 10.657726 61560 1019
1285083337 6449475 59.871099 10.657747 52551 1011
1285083338 6450484 59.871111 10.657751 75240 1009
1285083339 6451504 59.87113 10.657775 56088 1020
1285083340 6452535 59.87113 10.657775 61560 1031
1285083342 6453564 59.871136 10.657796 58824 1029
1285083343 6454574 59.871146 10.657816 46512 1010
1285083344 6455584 59.871166 10.657823 49248 1010
1285083345 6456595 59.871166 10.657823 40240 1011
1285083346 6457624 59.871185 10.657847 64296 1029
1285083347 6458644 59.871191 10.657868 57456 1020
1285083348 6459645 59.871209 10.657892 49248 1001
1285083349 6460864 59.871209 10.657892 46512 1219
1285083350 6461867 59.871227 10.657916 77976 1003
1285083351 6462884 59.871238 10.657937 41040 1017
1285083352 6463914 59.871256 10.657961 60240 1030
1285083353 6464915 59.871256 10.657961 60712 1001
1285083354 6465944 59.871276 10.657968 69768 1029
1285083368 6479728 59.871294 10.657992 30096 13784
1285083369 6480729 59.871313 10.658016 82080 1001
1285083370 6481749 59.871313 10.658016 142272 1020
1285083371 6482768 59.871331 10.65804 125056 1019
1285083372 6483769 59.871354 10.658065 162792 1001
1285083373 6484779 59.871365 10.658085 149680 1010
1285083374 6485791 59.871365 10.658085 161424 1011
1285083375 6486799 59.871383 10.65811 143640 1008
1285083376 6487803 59.871401 10.658134 16384 1004
1285083377 6488808 59.871427 10.658161 167496 1005
1285083378 6489838 59.871427 10.658161 53352 1030
1285083379 6490858 59.87145 10.658185 65664 1020
1285083380 6491859 59.871468 10.658209 72504 1001
1285083381 6492868 59.871487 10.658234 86184 1009
1285083382 6493878 59.871487 10.658234 58024 1010
1285083383 6494898 59.871517 10.658261 72504 1020
1285083384 6495918 59.871537 10.658268 43776 1020
1285083385 6496928 59.871563 10.658295 31464 1010
1285083386 6497958 59.871563 10.658295 35568 1030
1285083387 6498978 59.871593 10.658323 36936 1020
1285083388 6499979 59.871612 10.658347 32832 1001
1285083389 6500988 59.871642 10.658374 34200 1009
1285083390 6502008 59.871642 10.658374 35568 1020
1285083391 6503018 59.871661 10.658398 35568 1010
1285083392 6504028 59.871691 10.658426 32832 1010
1285083393 6505038 59.871721 10.658453 12880 1010
1285083394 6506149 59.871721 10.658453 4104 1111
1285083398 6509848 59.871747 10.658481 2736 3699
1285083399 6510860 59.871779 10.658491 9576 1012
1285083400 6511898 59.87181 10.658518 31464 1038
1285083401 6512908 59.87181 10.658518 41040 1010
1285083402 6513948 59.871836 10.658545 61560 1040
1285083403 6514949 59.871866 10.658573 98496 1001
1285083404 6515958 59.871904 10.658604 101232 1009
1285083405 6516968 59.871904 10.658604 75808 1010
1285083406 6518008 59.871936 10.658614 45144 1040
1285083407 6519018 59.871962 10.658641 27360 1010
1285083408 6520088 59.872 10.658672 21888 1070
1285083409 6521098 59.872 10.658672 19152 1010
1285083410 6522108 59.872031 10.658699 13680 1010
1285083436 6547981 59.872069 10.65873 6840 25873
1285083437 6548991 59.872099 10.658757 87552 1010
1285083438 6550001 59.872099 10.658757 121752 1010
1285083439 6551002 59.87213 10.658785 93592 1001
1285083440 6552021 59.872169 10.658798 125688 1019
1285083441 6553022 59.872207 10.658829 154752 1001
1285083442 6554031 59.872207 10.658829 161992 1009
1285083443 6555032 59.872238 10.658856 188784 1001
1285083444 6556041 59.872276 10.658887 177040 1009
1285083445 6557042 59.872314 10.658918 205200 1001
1285083446 6558051 59.872314 10.658918 190720 1009
1285083447 6559061 59.872344 10.658945 206568 1010
1285083448 6560071 59.872383 10.658976 189352 1010
1285083449 6561081 59.872421 10.659007 244872 1010
1285083450 6562091 59.872421 10.659007 219448 1010
1285083451 6563092 59.872459 10.659037 273600 1001
1285083452 6564093 59.872497 10.659068 271432 1001
1285083453 6565094 59.872535 10.659099 296056 1001
1285083454 6566141 59.872535 10.659099 205200 1047
1285083455 6567151 59.872578 10.65913 271432 1010
1285083456 6568152 59.872616 10.65916 238032 1001
1285083457 6569161 59.872654 10.659191 241336 1009
1285083458 6570181 59.872654 10.659191 235864 1020
1285083459 6571191 59.872692 10.659222 172368 1010
1285083460 6572192 59.872728 10.65927 157320 1001
1285083461 6573211 59.872771 10.659301 145576 1019
1285083462 6574212 59.872771 10.659301 202464 1001
1285083463 6575221 59.872809 10.659332 104536 1009
1285083464 6576231 59.872847 10.659363 101232 1010
1285083465 6577241 59.872885 10.659393 110808 1010
1285083466 6578281 59.872885 10.659393 187984 1040
1285083467 6579291 59.872926 10.659442 254448 1010
1285083468 6580301 59.872972 10.659476 211240 1010
1285083469 6581311 59.87301 10.659506 257184 1010
1285083470 6582312 59.87301 10.659506 183880 1001
1285083471 6583321 59.873048 10.659537 194256 1009
1285083472 6584341 59.873091 10.659568 97128 1020
1285083473 6585361 59.873135 10.659619 94960 1020
1285083474 6586371 59.873135 10.659619 147744 1010
1285083475 6587372 59.873173 10.65965 180576 1001
1285083476 6588381 59.873216 10.659681 233128 1009
1285083477 6589382 59.873262 10.659715 272800 1001
1285083478 6590401 59.873262 10.659715 181944 1019
1285083479 6591471 59.873298 10.659763 148312 1070
1285083480 6592481 59.873341 10.659794 165528 1010
1285083481 6593502 59.873385 10.659846 83448 1021
1285083482 6594531 59.873385 10.659846 54720 1029
1285083484 6595542 59.873428 10.659876 82080 1011
1285083485 6596552 59.873464 10.659925 177040 1010
1285083486 6597563 59.87351 10.659959 149112 1011
1285083487 6598571 59.87351 10.659959 190720 1008
1285083488 6599591 59.873551 10.660007 246240 1020
1285083489 6600592 59.873597 10.660041 219448 1001
1285083490 6601621 59.873638 10.660089 271432 1029
1285083491 6602631 59.873638 10.660089 238032 1010
1285083492 6603632 59.873675 10.660138 204400 1001
1285083493 6604641 59.873713 10.660169 190152 1009
1285083494 6605642 59.873762 10.66022 218080 1001
1285083495 6606650 59.873762 10.66022 128592 1008
1285083496 6607680 59.873798 10.660268 64296 1030
1285083497 6608681 59.87384 10.660317 82080 1001
1285083498 6609721 59.873884 10.660368 101800 1040
1285083499 6610722 59.873884 10.660368 214776 1001
1285083500 6611732 59.873922 10.660399 168264 1010
1285083501 6612741 59.873963 10.660447 142840 1009
1285083502 6613911 59.874007 10.660499 294688 1170
1285083503 6614921 59.874007 10.660499 257184 1010
1285083504 6615922 59.874044 10.660547 276904 1001
1285083505 6616931 59.874085 10.660596 279072 1009
1285083506 6617932 59.874129 10.660647 252280 1001
1285083507 6618933 59.874129 10.660647 245440 1001
1285083508 6619941 59.874166 10.660695 253080 1008
1285083509 6620960 59.874207 10.660744 172936 1019
1285083510 6621961 59.874252 10.660795 187416 1001
1285083511 6622970 59.874252 10.660795 205769 1009
1285083512 6623980 59.874288 10.660844 218880 1010
1285083513 6624990 59.874337 10.660895 219448 1010
1285083514 6625991 59.874372 10.660961 212040 1001
1285083515 6626992 59.874372 10.660961 181144 1001
1285083516 6628001 59.874409 10.661009 246240 1009
1285083517 6629012 59.874458 10.661061 234496 1011
1285083518 6630013 59.874494 10.661109 286480 1001
1285083519 6631021 59.874494 10.661109 313272 1008
1285083520 6632022 59.874536 10.661158 282376 1001
1285083521 6633031 59.87458 10.661209 253648 1009
1285083522 6634032 59.874616 10.661258 257184 1001
1285083523 6635033 59.874616 10.661258 286480 1001
1285083524 6636040 59.874656 10.661323 230392 1007
1285083525 6637041 59.874693 10.661372 191520 1001
1285083526 6638042 59.874737 10.661423 183312 1001
1285083527 6639051 59.874737 10.661423 234496 1009
1285083528 6640060 59.874778 10.661472 139536 1009
1285083529 6641061 59.874821 10.661541 155152 1001
1285083530 6642071 59.874862 10.661589 243504 1010
1285083531 6643090 59.874862 10.661589 141472 1019
1285083532 6644110 59.874899 10.661637 113544 1020
1285083533 6645111 59.874943 10.661689 125856 1001
1285083534 6646112 59.874984 10.661737 160624 1001
1285083535 6647121 59.874984 10.661737 303696 1009
1285083536 6648122 59.875029 10.661789 289216 1001
1285083537 6649132 59.875068 10.661855 332992 1010
1285083538 6650140 59.875113 10.661906 319312 1008
1285083539 6651141 59.875113 10.661906 350776 1001
1285083540 6652151 59.875154 10.661955 355680 1010
1285083541 6653152 59.875198 10.662006 311104 1001
1285083542 6654160 59.875239 10.662055 256384 1008
1285083543 6655170 59.875239 10.662055 268696 1010
1285083544 6656180 59.875284 10.662106 228456 1010
1285083545 6657181 59.875325 10.662154 125856 1001
1285083546 6658190 59.875369 10.662206 152416 1009
1285083547 6659191 59.875369 10.662206 224352 1001
1285083548 6660193 59.87541 10.662254 263224 1002
1285083549 6661200 59.875453 10.662324 233467 1007
1285083550 6662201 59.875502 10.662375 161085 1001
1285083551 6663211 59.875502 10.662375 143640 1010
1285083552 6664220 59.875538 10.662423 189352 1009
1285083553 6665290 59.875587 10.662475 326152 1070
1285083554 6666291 59.875624 10.662523 305064 1001
1285083555 6667300 59.875624 10.662523 297424 1009
1285083556 6668301 59.875673 10.662575 354880 1001
1285083557 6669303 59.875717 10.662627 323416 1002
1285083558 6670360 59.875758 10.662675 357616 1057
1285083559 6671361 59.875758 10.662675 398088 1001
1285083560 6672363 59.875802 10.662726 358984 1002
1285083561 6673370 59.875851 10.662778 353512 1007
1285083562 6674373 59.875888 10.662826 345304 1003
1285083563 6675375 59.875888 10.662826 360352 1002
1285083564 6676380 59.875935 10.662896 345304 1005
1285083565 6677440 59.875972 10.662944 296056 1060
1285083566 6678441 59.876021 10.662995 322848 1001
1285083567 6679442 59.876021 10.662995 353512 1001
1285083568 6680450 59.876065 10.663047 275536 1008
1285083569 6681470 59.876102 10.663095 184680 1020
1285083570 6682480 59.87615 10.663147 125056 1010
1285083571 6683510 59.87615 10.663147 165528 1030
1285083572 6684511 59.876187 10.663195 206568 1001
1285083573 6685512 59.876236 10.663247 290584 1001
1285083574 6686531 59.87628 10.663299 334360 1019
1285083576 6687541 59.87628 10.663299 220816 1010
1285083577 6688557 59.876321 10.663347 285912 1016
1285083578 6689561 59.876366 10.663398 335728 1004
1285083579 6690562 59.876407 10.663447 326151 1001
1285083580 6691570 59.876407 10.663447 357616 1008
1285083581 6692571 59.876451 10.663498 323416 1001
1285083582 6693580 59.876492 10.663547 376200 1009
1285083583 6694581 59.876536 10.663598 360352 1001
1285083584 6695582 59.876536 10.663598 346672 1001
1285083585 6696590 59.876585 10.66365 358984 1008
1285083586 6697601 59.876629 10.663702 360352 1011
1285083587 6698610 59.876671 10.66375 365824 1009
1285083588 6699611 59.876671 10.66375 364456 1001
1285083589 6700612 59.876713 10.663819 343936 1001
1285083590 6701680 59.876762 10.663871 387712 1068
1285083591 6702681 59.876799 10.663919 376200 1001
1285083592 6703690 59.876799 10.663919 335728 1009
1285083593 6704691 59.876848 10.663971 330256 1001
1285083594 6705692 59.876892 10.664022 320680 1001
1285083595 6706700 59.876929 10.66407 258552 1008
1285083596 6707710 59.876929 10.66407 167464 1010
1285083597 6708711 59.876977 10.664122 257184 1001
1285083598 6709720 59.877022 10.664174 229024 1009
1285083599 6710731 59.877063 10.664222 237232 1011
1285083600 6711740 59.877063 10.664222 273600 1009
1285083601 6712761 59.877107 10.664274 198928 1021
1285083602 6713770 59.87715 10.664343 255816 1009
1285083603 6714771 59.877191 10.664391 286480 1001
1285083604 6715772 59.877191 10.664391 308368 1001
1285083605 6716780 59.877235 10.664443 312472 1008
1285083606 6717781 59.877272 10.664491 309168 1001
1285083607 6718790 59.877319 10.66456 255016 1009
1285083608 6719800 59.877319 10.66456 256384 1010
1285083609 6720811 59.877356 10.664608 325584 1011
1285083610 6721812 59.8774 10.66466 317944 1001
1285083611 6722820 59.877449 10.664712 316576 1008
1285083612 6723830 59.877449 10.664712 371277 1010
1285083613 6724910 59.877484 10.664778 253667 1080
1285083614 6725911 59.877526 10.664826 251792 1001
1285083615 6726920 59.87757 10.664877 250832 1009
1285083616 6727921 59.87757 10.664877 246240 1001
1285083617 6728930 59.877605 10.664943 264592 1009
1285083618 6729931 59.877654 10.664995 194256 1001
1285083619 6731010 59.877698 10.665047 164728 1079
1285083620 6732019 59.877698 10.665047 16416 1009
1285083621 6733029 59.877735 10.665095 93024 1010
1285083622 6734070 59.877782 10.665164 157888 1041
1285083623 6735211 59.877819 10.665212 224352 1003
1285083624 6736212 59.877819 10.665212 253648 1001
1285083625 6737220 59.877863 10.665264 205200 1008
1285083626 6738230 59.877904 10.665312 186616 1010
1285083627 6739239 59.877949 10.665364 210672 1009
1285083628 6740240 59.877949 10.665364 205768 1001
1285083629 6741241 59.877991 10.665433 227088 1001
1285083630 6742242 59.878033 10.665481 227656 1001
1285083631 6743259 59.878077 10.665533 244872 1017
1285083632 6744261 59.878077 10.665533 215344 1002
1285083633 6745269 59.878113 10.665581 209304 1008
1285083634 6746300 59.878162 10.665633 131896 1031
1285083635 6747310 59.878205 10.665702 203832 1010
1285083636 6748330 59.878205 10.665702 156520 1020
1285083637 6749331 59.878246 10.66575 225720 1001
1285083638 6750339 59.878291 10.665802 182512 1008
1285083639 6751431 59.878327 10.66585 116280 1092
1285083640 6752439 59.878327 10.66585 214776 1008
1285083641 6753440 59.878375 10.665919 196192 1001
1285083642 6754441 59.878411 10.665968 222984 1001
1285083643 6755450 59.87846 10.666019 126424 1009
1285083644 6756460 59.87846 10.666019 125856 1010
1285083645 6757479 59.878495 10.666085 157320 1019
1285083646 6758489 59.878539 10.666137 157888 1010
1285083647 6759490 59.878579 10.666203 155952 1001
1285083648 6760491 59.878579 10.666203 193456 1001
1285083649 6761499 59.878623 10.666254 231192 1008
1285083650 6762510 59.878659 10.66632 114112 1011
1285083651 6763519 59.878707 10.666372 151848 1009
1285083652 6764520 59.878707 10.666372 165528 1001
1285083653 6765530 59.878743 10.666438 129160 1010
1285083655 6766560 59.878787 10.666489 131328 1030
1285083656 6767569 59.878827 10.666555 168264 1009
1285083657 6768580 59.878827 10.666555 160624 1011
1285083658 6769590 59.87887 10.666624 142272 1010
1285083659 6770591 59.878906 10.666673 175104 1001
1285083660 6771609 59.878941 10.666739 114112 1018
1285083661 6772619 59.878941 10.666739 116280 1010
1285083662 6773620 59.878989 10.666808 134064 1001
1285083663 6774639 59.879025 10.666856 149680 1019
1285083664 6775659 59.879068 10.666925 120384 1020
1285083665 6776669 59.879068 10.666925 134064 1010
1285083666 6777699 59.879103 10.666991 116848 1030
1285083667 6778700 59.879143 10.667057 183312 1001
1285083668 6779709 59.879187 10.667109 162792 1009
1285083669 6780731 59.879187 10.667109 104536 1022
1285083670 6781740 59.879223 10.667174 109440 1009
1285083671 6782757 59.879271 10.667226 123120 1017
1285083672 6783759 59.879307 10.667292 108640 1002
1285083673 6784779 59.879307 10.667292 93024 1020
1285083674 6785790 59.879342 10.667358 51984 1011
1285083675 6786799 59.879386 10.667409 84816 1009
1285083676 6788104 59.879426 10.667475 16384 1305
1285083677 6789109 59.879426 10.667475 220848 1005
1285083678 6790139 59.879469 10.667544 88920 1030
1285083679 6791159 59.879505 10.667593 75240 1020
1285083694 6806409 59.879553 10.667662 15048 15250
1285083695 6807439 59.879553 10.667662 24624 1030
1285083697 6809149 59.879588 10.667728 39672 1710
1285083698 6810169 59.879632 10.667779 50616 1020
1285083700 6811779 59.879667 10.667845 23824 1610
1285083701 6812789 59.879667 10.667845 28728 1010
1285083702 6813809 59.879709 10.667894 43776 1020
1285083703 6814819 59.879751 10.667963 36936 1010
1285083704 6815829 59.879788 10.668011 41040 1010
1285083705 6816839 59.879788 10.668011 49248 1010
1285083706 6817869 59.879831 10.66808 58824 1030
1285083707 6818949 59.879872 10.668129 23256 1080
1285083708 6820059 59.879915 10.668198 27360 1110
1285083709 6821079 59.879915 10.668198 42408 1020
1285083710 6822219 59.87995 10.668264 4104 1140
1285083711 6823249 59.879999 10.668315 53920 1030
1285083713 6824682 59.880034 10.668381 34200 1433
1285083714 6825689 59.880034 10.668381 123120 1007
1285083715 6826709 59.880078 10.668433 91656 1020
1285083716 6827739 59.880114 10.668499 56088 1030
1285083717 6828759 59.880162 10.66855 62928 1020
1285083718 6829789 59.880162 10.66855 41608 1030
1285083719 6830800 59.880198 10.668616 64296 1011
1285083720 6831829 59.880242 10.668668 76608 1029
1285083721 6832859 59.880282 10.668733 50616 1030
1285083722 6833889 59.880282 10.668733 47880 1030
1285083723 6834899 59.880326 10.668785 42408 1010
1285083724 6835903 59.880361 10.668851 57456 1004
1285083725 6836909 59.880405 10.668903 97696 1006
1285083726 6837919 59.880405 10.668903 158688 1010
1285083727 6838929 59.880445 10.668968 158688 1010
1285083728 6839930 59.880489 10.66902 126424 1001
1285083729 6840940 59.880525 10.669086 212040 1010
1285083730 6841949 59.880525 10.669086 211240 1009
1285083731 6842959 59.880568 10.669155 192888 1010
1285083732 6843969 59.880604 10.669203 145576 1010
1285083733 6844979 59.880644 10.669269 158688 1010
1285083734 6845989 59.880644 10.669269 171000 1010
1285083735 6846990 59.880688 10.669321 155152 1001
1285083736 6847999 59.880731 10.66939 199728 1009
1285083737 6849009 59.880768 10.669438 182512 1010
1285083738 6850019 59.880768 10.669438 184680 1010
1285083739 6851020 59.880807 10.669504 208504 1001
1285083740 6852029 59.88085 10.669573 212040 1009
1285083741 6853039 59.880887 10.669622 185248 1010
1285083742 6854059 59.880887 10.669622 188784 1020
1285083743 6855069 59.88093 10.669691 132696 1010
1285083744 6856080 59.880979 10.669743 81281 1011
1285083745 6857081 59.881014 10.669808 105336 1001
1285083746 6858089 59.881014 10.669808 147744 1008
1285083747 6859192 59.881058 10.66986 16384 1103
1285083748 6860199 59.881098 10.669926 260520 1006
1285083749 6861221 59.881142 10.669978 173736 1022
1285083750 6862229 59.881142 10.669978 145576 1008
1285083751 6863239 59.881177 10.670043 127224 1010
1285083752 6864240 59.881221 10.670095 127224 1001
1285083753 6865249 59.881261 10.670161 122320 1009
1285083754 6866259 59.881261 10.670161 155952 1010
1285083755 6867269 59.881305 10.670213 217512 1010
1285083756 6868289 59.881341 10.670278 209872 1020
1285083757 6869290 59.881384 10.670348 234496 1001
1285083758 6870299 59.881384 10.670348 279072 1009
1285083759 6871309 59.881425 10.670396 250912 1010
1285083760 6872379 59.88146 10.670462 278272 1070
1285083761 6873389 59.881504 10.670513 287280 1010
1285083762 6874391 59.881504 10.670513 213976 1002
1285083763 6875399 59.881539 10.670579 243504 1008
1285083764 6876409 59.881587 10.670649 244072 1010
1285083765 6877410 59.881623 10.670697 287848 1001
1285083766 6878429 59.881623 10.670697 337896 1019
1285083767 6879430 59.881666 10.670766 297424 1001
1285083768 6880439 59.881703 10.670814 282376 1009
1285083769 6881529 59.881746 10.670884 263224 1090
1285083770 6882539 59.881746 10.670884 257184 1009
1285083772 6883548 59.881785 10.670949 198928 1009
1285083773 6884559 59.88183 10.671001 262656 1011
1285083774 6885569 59.881865 10.671067 246808 1010
1285083775 6886579 59.881865 10.671067 213408 1010
1285083776 6887589 59.881908 10.671136 94960 1010
1285083777 6888600 59.881944 10.671184 123120 1011
1285083778 6889618 59.881992 10.671254 90288 1018
1285083779 6890619 59.881992 10.671254 117648 1001
1285083780 6891629 59.882027 10.671319 208504 1010
1285083781 6892709 59.882071 10.671371 233128 1080
1285083782 6893710 59.882107 10.671437 254448 1001
1285083783 6894728 59.882107 10.671437 205768 1018
1285083784 6895739 59.882142 10.671503 171000 1011
1285083785 6896908 59.882191 10.671554 187984 1169
1285083786 6897918 59.882226 10.67162 221616 1010
1285083787 6898928 59.882226 10.67162 179208 1010
1285083788 6899939 59.882269 10.67169 141472 1011
1285083789 6900940 59.882305 10.671738 150480 1001
1285083790 6901969 59.882348 10.671807 88920 1029
1285083791 6902988 59.882348 10.671807 100432 1019
1285083792 6904000 59.882388 10.671873 94392 1012
1285083793 6905008 59.882432 10.671925 77976 1008
1285083794 6906028 59.882467 10.67199 97128 1020
1285083795 6907048 59.882467 10.67199 105904 1020
1285083796 6908069 59.882502 10.672056 87552 1021
1285083797 6909088 59.882547 10.672108 56088 1019
1285083798 6910118 59.882586 10.672174 58824 1030
1285083799 6911138 59.882586 10.672174 35568 1020
1285083800 6912159 59.882629 10.672243 19152 1021
1285083801 6913208 59.882666 10.672291 15048 1049
1285083802 6914258 59.882709 10.67236 28728 1050
1285083803 6915268 59.882709 10.67236 32832 1010
1285083804 6916508 59.88275 10.672409 47080 1240
1285083805 6917528 59.882793 10.672478 51984 1020
1285083807 6918578 59.882828 10.672544 35568 1050
1285083808 6919628 59.882828 10.672544 25992 1050
1285083809 6920638 59.882877 10.672595 23256 1010
1285083810 6921668 59.882912 10.672661 38304 1030
1285083811 6922688 59.882956 10.672713 53352 1020
1285083812 6923718 59.882956 10.672713 53352 1030
1285083813 6924728 59.882996 10.672779 56088 1010
1285083814 6925738 59.88304 10.672831 41040 1010
1285083815 6926808 59.88308 10.672896 30664 1070
1285083816 6927839 59.88308 10.672896 36936 1031
1285083817 6928868 59.883123 10.672966 36936 1029
1285083818 6929918 59.883164 10.673014 32832 1050
1285083822 6934048 59.883207 10.673083 25992 4130
1285083823 6935508 59.883207 10.673083 58824 1460
1285083824 6936518 59.883244 10.673131 42408 1010
1285083827 6939426 59.883291 10.673201 16384 2908
1285083829 6940818 59.883328 10.673249 159288 1391
1285083830 6941848 59.883328 10.673249 20520 1030
1285083831 6943098 59.883375 10.673318 31464 1250
1285083832 6944128 59.883412 10.673366 35568 1030
1285083833 6945148 59.883459 10.673436 25992 1020
1285083834 6946199 59.883459 10.673436 24624 1051
1285083835 6947218 59.883496 10.673484 34112 1019
1285083836 6948239 59.883538 10.673553 45232 1021
1285083837 6949248 59.883579 10.673601 67032 1009
1285083838 6950273 59.883579 10.673601 56088 1025
1285083839 6951308 59.883622 10.673671 68968 1035
1285083840 6952338 59.883663 10.673719 80712 1030
1285083841 6953358 59.883706 10.673788 38304 1020
1285083842 6954368 59.883706 10.673788 30096 1010
1285083843 6955408 59.883747 10.673837 27360 1040
1285083844 6956439 59.88379 10.673906 30096 1031
1285083845 6957498 59.883827 10.673954 35568 1059
1285083846 6958538 59.883827 10.673954 16416 1040
1285083847 6959539 59.883874 10.674023 106704 1001
1285083849 6960551 59.88391 10.674089 142840 1012
1285083850 6961558 59.883946 10.674137 210672 1007
1285083851 6962559 59.883946 10.674137 229024 1001
1285083852 6963568 59.883994 10.674207 224352 1009
1285083853 6964569 59.884029 10.674272 183880 1001
1285083854 6965578 59.884073 10.674324 274968 1009
1285083855 6966588 59.884073 10.674324 215344 1010
1285083856 6967598 59.884108 10.67439 201664 1010
1285083857 6968608 59.884156 10.674459 109440 1010
1285083858 6969618 59.884192 10.674508 83448 1010
1285083859 6970628 59.884192 10.674508 71136 1010
1285083860 6971659 59.884235 10.674577 88920 1031
1285083861 6972808 59.884272 10.674625 56656 1149
1285083862 6973848 59.884319 10.674694 49248 1040
1285083863 6974878 59.884319 10.674694 27360 1030
1285083864 6975888 59.884362 10.674763 42408 1010
1285083865 6976908 59.884399 10.674812 21888 1020
1285083866 6977914 59.884441 10.674881 80712 1006
1285083867 6978918 59.884441 10.674881 71136 1004
1285083868 6979919 59.884477 10.674947 110808 1001
1285083869 6980928 59.884525 10.674998 146944 1009
1285083870 6981930 59.884561 10.675064 177840 1002
1285083871 6982938 59.884561 10.675064 157888 1008
1285083872 6983948 59.884603 10.675134 166896 1010
1285083873 6984958 59.88464 10.675182 171000 1010
1285083874 6985968 59.884683 10.675251 137368 1010
1285083875 6986978 59.884683 10.675251 162792 1010
1285083876 6987998 59.884718 10.675317 114112 1020
1285083877 6989007 59.884767 10.675369 127224 1009
1285083878 6990008 59.884802 10.675434 153216 1001
1285083879 6991009 59.884802 10.675434 144208 1001
1285083880 6992018 59.884845 10.675504 173736 1009
1285083881 6993019 59.884882 10.675552 205200 1001
1285083882 6994020 59.884924 10.675621 229024 1001
1285083883 6995028 59.884924 10.675621 223552 1008
1285083884 6996038 59.884964 10.675687 274968 1010
1285083885 6997039 59.885008 10.675739 218080 1001
1285083886 6998040 59.885044 10.675805 187416 1001
1285083887 6999041 59.885044 10.675805 208504 1001
1285083888 7000048 59.885088 10.675856 288648 1007
1285083889 7001049 59.885128 10.675922 204400 1001
1285083890 7002051 59.885172 10.675974 217512 1002
1285083891 7003058 59.885172 10.675974 197560 1007
1285083892 7004068 59.885207 10.67604 267328 1010
1285083893 7005069 59.885255 10.676109 284544 1001
1285083894 7006078 59.885299 10.67616 230392 1009
1285083895 7007087 59.885299 10.67616 236664 1009
1285083896 7008098 59.885334 10.676226 223552 1011
1285083897 7009099 59.885383 10.676278 234496 1001
1285083898 7010108 59.885418 10.676344 224352 1009
1285083899 7011118 59.885418 10.676344 242704 1010
1285083900 7012119 59.885462 10.676396 231192 1001
1285083901 7013127 59.885502 10.676461 201664 1008
1285083902 7014128 59.885546 10.676513 58824 1001
1285083903 7015138 59.885546 10.676513 250912 1010
1285083904 7016147 59.885586 10.676579 242136 1009
1285083905 7017158 59.88563 10.676631 242704 1011
1285083906 7018159 59.885665 10.676696 272232 1001
1285083907 7019160 59.885665 10.676696 244072 1001
1285083908 7020167 59.885714 10.676748 263224 1007
1285083909 7021168 59.885749 10.676814 250344 1001
1285083910 7022187 59.885798 10.676866 151048 1019
1285083911 7023207 59.885798 10.676866 98496 1020
1285083913 7024610 59.885833 10.676932 36936 1403
1285083914 7025633 59.885878 10.676983 56088 1023
1285083915 7026637 59.885917 10.677049 72504 1004
1285083916 7027667 59.885917 10.677049 56088 1030
1285083917 7028727 59.885962 10.677101 42408 1060
1285083918 7029767 59.885997 10.677167 14248 1040
1285083919 7030777 59.886046 10.677218 39672 1010
1285083920 7031797 59.886046 10.677218 71136 1020
1285083921 7032807 59.886089 10.677287 66864 1010
1285083922 7033817 59.886125 10.677336 42576 1010
1285083923 7034837 59.886173 10.677405 38304 1020
1285083924 7035857 59.886173 10.677405 151048 1020
1285083925 7036867 59.886208 10.677471 191520 1010
1285083926 7037869 59.886252 10.677523 76608 1002
1285083927 7038907 59.886292 10.677588 80712 1038
1285083928 7039917 59.886292 10.677588 50616 1010
1285083929 7040927 59.886336 10.67764 48448 1010
1285083930 7041997 59.886371 10.677706 36936 1070
1285083931 7042998 59.886416 10.677758 75240 1001
1285083932 7043999 59.886416 10.677758 209304 1001
1285083933 7045007 59.886451 10.677823 230392 1008
1285083934 7046008 59.886498 10.677893 260488 1001
1285083935 7047009 59.886535 10.677941 324216 1001
1285083936 7048017 59.886535 10.677941 279640 1008
1285083937 7049018 59.88657 10.678007 209872 1001
1285083938 7050024 59.886613 10.678076 248976 1006
1285083939 7051027 59.886649 10.678124 275535 1003
1285083940 7052028 59.886649 10.678124 251712 1001
1285083941 7053210 59.886692 10.678194 115480 1182
1285083942 7054217 59.886732 10.67826 127224 1007
1285083943 7055230 59.886776 10.678311 86184 1013
1285083944 7056257 59.886776 10.678311 97696 1027
1285083945 7057258 59.886811 10.678377 187416 1001
1285083946 7058267 59.886854 10.678446 110808 1009
1285083947 7059268 59.886891 10.678495 145576 1001
1285083948 7060287 59.886891 10.678495 298224 1019
1285083949 7061289 59.886934 10.678564 207136 1002
1285083950 7062297 59.886974 10.67863 232560 1008
1285083951 7063298 59.887018 10.678681 222184 1001
1285083952 7064299 59.887018 10.678681 255016 1001
1285083953 7065317 59.887053 10.678747 238032 1018
1285083954 7066318 59.887088 10.678813 205768 1001
1285083955 7067319 59.887132 10.678865 265392 1001
1285083956 7068337 59.887132 10.678865 315208 1018
1285083957 7069338 59.887172 10.678931 326152 1001
1285083958 7070347 59.887216 10.678982 301519 1009
1285083959 7071358 59.887252 10.679048 313272 1011
1285083960 7072359 59.887252 10.679048 257761 1001
1285083961 7073367 59.887295 10.679117 301528 1008
1285083962 7074417 59.887336 10.679166 323416 1050
1285083963 7075419 59.887379 10.679235 328320 1002
1285083964 7076427 59.887379 10.679235 260488 1008
1285083965 7077428 59.887415 10.679283 231760 1001
1285083966 7078436 59.887458 10.679352 214776 1008
1285083967 7079437 59.887499 10.679401 103968 1001
1285083968 7080457 59.887499 10.679401 88120 1020
1285083969 7081458 59.887542 10.67947 212040 1001
1285083971 7082687 59.887579 10.679518 197560 1229
1285083972 7083697 59.887621 10.679588 209304 1010
1285083973 7084708 59.887621 10.679588 233128 1011
1285083974 7085717 59.887661 10.679653 248976 1009
1285083975 7086737 59.887698 10.679702 148312 1020
1285083976 7087747 59.887741 10.679771 190152 1010
1285083977 7088752 59.887741 10.679771 128592 1005
1285083978 7089757 59.887777 10.679819 136000 1005
1285083979 7090758 59.887825 10.679889 160056 1001
1285083980 7091786 59.887861 10.679937 102600 1028
1285083981 7092787 59.887861 10.679937 97696 1001
1285083982 7093795 59.887904 10.680006 205200 1008
1285083983 7094796 59.887939 10.680072 187984 1001
1285083984 7095807 59.887984 10.680124 191520 1011
1285083985 7096826 59.887984 10.680124 113544 1019
1285083986 7097827 59.888023 10.68019 111376 1001
1285083987 7098876 59.88806 10.680238 93024 1049
1285083988 7099877 59.888103 10.680307 53352 1001
1285083989 7100887 59.888103 10.680307 136800 1010
1285083990 7101897 59.888138 10.680373 168832 1010
1285083991 7102898 59.888182 10.680425 191520 1001
1285083992 7103967 59.888222 10.680491 168832 1069
1285083993 7104986 59.888222 10.680491 165528 1019
1285083994 7105997 59.888266 10.680542 113544 1011
1285083995 7107006 59.888302 10.680608 110808 1009
1285083996 7108026 59.888344 10.680677 115480 1020
1285083997 7109037 59.888344 10.680677 113544 1011
1285083998 7110046 59.888381 10.680726 72504 1009
1285083999 7111047 59.888416 10.680792 151048 1001
1285084000 7112056 59.888465 10.680843 192888 1009
1285084001 7113057 59.888465 10.680843 215344 1001
1285084002 7114066 59.8885 10.680909 240768 1009
1285084003 7115076 59.888544 10.680961 160624 1010
1285084004 7116077 59.88858 10.681027 199728 1001
1285084005 7117087 59.88858 10.681027 157320 1010
1285084006 7118088 59.888628 10.681078 216712 1001
1285084007 7119096 59.888664 10.681144 212040 1008
1285084008 7120097 59.888708 10.681196 192088 1001
1285084009 7121128 59.888708 10.681196 136800 1031
1285084010 7122146 59.888748 10.681262 79344 1018
1285084011 7123156 59.888784 10.68131 75808 1010
1285084012 7124166 59.888827 10.681379 134064 1010
1285084015 7126569 59.888827 10.681379 58824 2403
1285084016 7127576 59.888864 10.681428 76608 1007
1285084017 7128781 59.888911 10.681497 85384 1205
1285084018 7129797 59.888948 10.681545 110808 1016
1285084019 7130798 59.888948 10.681545 123120 1001
1285084020 7131829 59.888991 10.681614 108072 1031
1285084021 7132836 59.889027 10.681663 99064 1007
1285084022 7133846 59.889067 10.681729 124488 1010
1285084023 7134847 59.889067 10.681729 164160 1001
1285084024 7135848 59.889111 10.68178 200296 1001
1285084025 7136871 59.889146 10.681846 213408 1023
1285084026 7137876 59.889191 10.681898 201664 1005
1285084027 7138878 59.889191 10.681898 272232 1002
1285084028 7139887 59.889226 10.681964 252280 1009
1285084029 7140897 59.889275 10.682015 290584 1010
1285084030 7141906 59.88931 10.682081 246240 1009
1285084031 7142916 59.88931 10.682081 198928 1010
1285084032 7143926 59.889354 10.682133 138168 1010
1285084033 7144936 59.889394 10.682199 72504 1010
1285084034 7145937 59.889431 10.682247 73072 1001
1285084035 7146946 59.889431 10.682247 129960 1009
1285084036 7147966 59.889473 10.682316 77976 1020
1285084037 7148976 59.88951 10.682365 108072 1010
1285084038 7149986 59.889557 10.682434 96328 1010
1285084039 7151016 59.889557 10.682434 123120 1030
1285084040 7152026 59.889594 10.682482 139536 1010
1285084041 7153046 59.889637 10.682552 156520 1020
1285084042 7154056 59.889674 10.6826 179208 1010
1285084043 7155066 59.889674 10.6826 97128 1010
1285084044 7156076 59.889709 10.682666 94392 1010
1285084045 7157086 59.889753 10.682717 67600 1010
1285084046 7158096 59.889793 10.682783 68400 1010
1285084047 7159116 59.889793 10.682783 86184 1020
1285084048 7160117 59.889837 10.682835 105336 1001
1285084049 7161126 59.889872 10.682901 146944 1009
1285084050 7162146 59.889915 10.68297 171000 1020
1285084051 7163156 59.889915 10.68297 112176 1010
1285084052 7164166 59.889952 10.683018 107272 1010
1285084053 7165176 59.889991 10.683084 131328 1010
1285084054 7166186 59.890036 10.683136 112176 1010
1285084055 7167196 59.890036 10.683136 137369 1010
1285084056 7168207 59.890071 10.683202 180576 1011
1285084057 7169327 59.890115 10.683254 218080 1120
1285084058 7170336 59.890155 10.683319 232560 1009
1285084059 7171356 59.890155 10.683319 116280 1020
1285084060 7172366 59.890199 10.683371 110008 1010
1285084061 7173376 59.890234 10.683437 190152 1010
1285084062 7174386 59.890279 10.683489 119016 1010
1285084063 7175406 59.890279 10.683489 68968 1020
1285084064 7176426 59.890318 10.683555 132696 1020
1285084065 7177436 59.890354 10.68362 210672 1010
1285084066 7178437 59.890398 10.683672 207136 1001
1285084067 7179476 59.890398 10.683672 250912 1039
1285084068 7180486 59.890433 10.683738 180576 1010
1285084069 7181496 59.890477 10.68379 196992 1010
1285084071 7183335 59.890513 10.683856 52549 1839
1285084072 7184346 59.890513 10.683856 23256 1010
1285084073 7185356 59.890561 10.683907 184680 1010
1285084074 7186365 59.890597 10.683973 134064 1009
1285084075 7187385 59.890633 10.684022 73075 1020
1285084076 7188395 59.890633 10.684022 151848 1010
1285084077 7189396 59.890676 10.684091 172368 1001
1285084078 7190406 59.890713 10.684139 166093 1010
1285084079 7191426 59.89076 10.684208 153216 1020
1285084080 7192427 59.89076 10.684208 124488 1001
1285084081 7193436 59.890797 10.684257 142843 1009
1285084082 7194445 59.890832 10.684323 158688 1009
1285084083 7195455 59.890875 10.684392 106704 1010
1285084084 7196456 59.890875 10.684392 133264 1001
1285084085 7197466 59.890916 10.68444 180576 1010
1285084087 7198556 59.89096 10.684492 120952 1090
1285084088 7199596 59.890995 10.684558 112176 1040
1285084089 7200597 59.890995 10.684558 97128 1001
1285084090 7201606 59.891044 10.684609 112176 1009
1285084091 7202625 59.891079 10.684675 111376 1019
1285084092 7203626 59.891122 10.684744 158688 1001
1285084093 7204636 59.891122 10.684744 153216 1010
1285084094 7205645 59.891159 10.684793 126424 1009
1285084095 7206655 59.891202 10.684862 95760 1010
1285084096 7207685 59.891243 10.68491 120384 1030
1285084097 7208698 59.891243 10.68491 136800 1013
1285084098 7209715 59.891278 10.684976 196192 1017
1285084099 7210716 59.891322 10.685028 393184 1001
1285084100 7211726 59.891357 10.685094 328888 1010
1285084101 7212735 59.891357 10.685094 315208 1009
1285084102 7213737 59.891406 10.685146 314640 1001
1285084103 7214750 59.891441 10.685211 279640 1013
1285084104 7215756 59.891478 10.68526 221616 1006
1285084105 7216757 59.891478 10.68526 253648 1001
1285084106 7217758 59.891525 10.685329 371296 1001
1285084107 7218766 59.891562 10.685377 378136 1008
1285084108 7219776 59.891605 10.685447 161424 1010
1285084109 7220785 59.891605 10.685447 129160 1009
1285084110 7221795 59.89164 10.685513 257184 1010
1285084111 7222806 59.891689 10.685564 211240 1011
1285084112 7223845 59.891724 10.68563 289216 1039
1285084113 7224855 59.891724 10.68563 259920 1010
1285084114 7225875 59.891761 10.685678 159256 1020
1285084115 7226885 59.891808 10.685748 210672 1010
1285084116 7227896 59.891845 10.685796 190720 1011
1285084117 7228915 59.891845 10.685796 228456 1019
1285084118 7229916 59.891889 10.685848 213976 1001
1285084119 7230935 59.891929 10.685914 194256 1019
1285084120 7231945 59.891973 10.685965 162792 1010
1285084121 7232947 59.891973 10.685965 108640 1002
1285084122 7233955 59.892008 10.686031 162792 1008
1285084123 7235055 59.892052 10.686083 156520 1100
1285084124 7236065 59.892092 10.686149 161424 1010
1285084125 7237086 59.892092 10.686149 160056 1021
1285084126 7238096 59.892136 10.6862 103168 1010
1285084127 7239105 59.892172 10.686266 124488 1009
1285084128 7240115 59.892207 10.686332 134064 1010
1285084129 7241116 59.892207 10.686332 204400 1001
1285084130 7242135 59.892256 10.686384 222984 1019
1285084131 7243145 59.892291 10.68645 185248 1010
1285084132 7244146 59.892334 10.686519 190152 1001
1285084133 7245155 59.892334 10.686519 149112 1009
1285084134 7246165 59.89237 10.686567 125056 1010
1285084135 7247175 59.892406 10.686633 143640 1010
1285084136 7248177 59.892448 10.686703 193456 1002
1285084137 7249205 59.892448 10.686703 205200 1028
1285084138 7250206 59.892484 10.686768 198928 1001
1285084139 7251215 59.892519 10.686834 217512 1009
1285084140 7252216 59.892562 10.686904 338464 1001
1285084141 7253225 59.892562 10.686904 428752 1009
1285084142 7254226 59.892597 10.686969 410968 1001
1285084143 7255227 59.892632 10.687035 430120 1001
1285084144 7256228 59.892667 10.687101 401392 1001
1285084145 7257235 59.892667 10.687101 409600 1007
1285084146 7258236 59.89271 10.687171 316576 1001
1285084147 7259245 59.892745 10.687236 250344 1009
1285084148 7260246 59.89278 10.687302 282376 1001
1285084149 7261247 59.89278 10.687302 387712 1001
1285084150 7262248 59.892816 10.687368 223552 1001
1285084151 7263265 59.892849 10.687452 364456 1017
1285084152 7264266 59.892885 10.687518 369360 1001
1285084153 7265275 59.892885 10.687518 317944 1009
1285084154 7266285 59.89292 10.687584 297424 1010
1285084155 7267286 59.892954 10.687667 400024 1001
1285084156 7268287 59.892989 10.687733 449272 1001
1285084157 7269288 59.892989 10.687733 327520 1001
1285084158 7270295 59.89302 10.687799 420544 1007
1285084159 7271296 59.893053 10.687882 406864 1001
1285084160 7272305 59.893089 10.687948 326152 1009
1285084161 7273306 59.893089 10.687948 296856 1001
1285084162 7274315 59.893122 10.688032 412336 1009
1285084163 7275316 59.893148 10.688112 389080 1001
1285084164 7276335 59.893179 10.688178 350776 1019
1285084165 7277345 59.893179 10.688178 332992 1010
1285084166 7278346 59.893213 10.688261 315207 1001
1285084167 7279347 59.893242 10.688345 321020 1001
1285084168 7280355 59.893268 10.688425 307460 1008
1285084169 7281356 59.893268 10.688425 301528 1001
1285084170 7282357 59.893302 10.688508 241336 1001
1285084171 7283365 59.893324 10.688588 307800 1008
1285084172 7284366 59.893357 10.688672 311104 1001
1285084173 7285367 59.893357 10.688672 253648 1001
1285084174 7286425 59.893387 10.688755 327520 1058
1285084175 7287436 59.893413 10.688836 384408 1011
1285084176 7288437 59.893434 10.688916 302896 1001
1285084177 7289445 59.893434 10.688916 249544 1008
1285084178 7290534 59.893468 10.688999 290584 1089
1285084179 7291535 59.89349 10.689079 358416 1001
1285084180 7292536 59.893516 10.689159 291952 1001
1285084182 7293545 59.893516 10.689159 286480 1009
1285084183 7294554 59.893544 10.68926 312472 1009
1285084184 7295555 59.893565 10.689341 313272 1001
1285084185 7296556 59.893592 10.689421 245440 1001
1285084186 7297557 59.893592 10.689421 317944 1001
1285084187 7298565 59.893612 10.689518 317376 1008
1285084188 7299566 59.893638 10.689599 279640 1001
1285084189 7300575 59.89366 10.689679 272800 1009
1285084190 7301585 59.89366 10.689679 296056 1010
1285084191 7302586 59.893687 10.68978 374832 1001
1285084192 7303596 59.893713 10.68986 294688 1010
1285084193 7304597 59.893735 10.68994 249544 1001
1285084194 7305605 59.893735 10.68994 291384 1008
1285084195 7306615 59.893755 10.690038 313840 1010
1285084196 7307616 59.893777 10.690118 274168 1001
1285084197 7308617 59.893802 10.690216 307000 1001
1285084198 7309625 59.893802 10.690216 368560 1008
1285084199 7310626 59.893823 10.690296 352944 1001
1285084200 7311635 59.893843 10.690394 305632 1009
1285084201 7312636 59.89387 10.690474 369928 1001
1285084202 7313637 59.89387 10.690474 456112 1001
1285084203 7314644 59.89389 10.690571 494416 1007
1285084204 7315655 59.893911 10.690652 354880 1011
1285084205 7316664 59.893932 10.690749 368560 1009
1285084206 7317665 59.893932 10.690749 334360 1001
1285084207 7318666 59.893953 10.690829 406864 1001
1285084208 7319674 59.893978 10.690927 384976 1008
1285084209 7320675 59.894 10.691007 319312 1001
1285084210 7321685 59.894 10.691007 365824 1010
1285084211 7322694 59.894012 10.691102 343368 1009
1285084212 7323695 59.894032 10.691199 324784 1001
1285084213 7324709 59.894058 10.69128 271432 1013
1285084214 7325714 59.894058 10.69128 335728 1005
1285084215 7326734 59.894079 10.691377 323416 1020
1285084216 7327735 59.8941 10.691457 290016 1001
1285084217 7328748 59.89412 10.691555 327520 1013
1285084218 7329754 59.89412 10.691555 272800 1006
1285084219 7330755 59.894142 10.691635 326952 1001
1285084220 7331765 59.894167 10.691733 285112 1010
1285084221 7332775 59.894188 10.691813 335729 1010
1285084222 7333784 59.894188 10.691813 271432 1009
1285084223 7334785 59.894209 10.691911 344736 1001
1285084224 7335795 59.89423 10.691991 291952 1010
1285084225 7336796 59.894255 10.692089 282376 1001
1285084226 7337797 59.894255 10.692089 334360 1001
1285084227 7338804 59.894275 10.692187 326152 1007
1285084228 7339815 59.894297 10.692267 354312 1011
1285084229 7340816 59.894309 10.692361 358965 1001
1285084230 7341845 59.894309 10.692361 209891 1029
1285084231 7342846 59.894331 10.692441 458848 1001
1285084232 7343847 59.894356 10.692539 426016 1001
1285084233 7344854 59.894377 10.692619 487576 1007
1285084234 7345855 59.894377 10.692619 447904 1001
1285084235 7346865 59.894405 10.69272 415072 1010
1285084236 7347866 59.894427 10.6928 395920 1001
1285084237 7348867 59.894451 10.692898 356248 1001
1285084238 7349874 59.894451 10.692898 369928 1007
1285084239 7350875 59.894473 10.692978 439696 1001
1285084240 7351876 59.894493 10.693076 551872 1001
1285084241 7352877 59.894515 10.693156 463520 1001
1285084242 7353884 59.894515 10.693156 449272 1007
1285084243 7354924 59.89454 10.693254 365823 1040
1285084244 7355934 59.894561 10.693334 409600 1010
1285084245 7356935 59.894581 10.693432 453376 1001
1285084246 7357936 59.894581 10.693432 510832 1001
1285084247 7358937 59.894603 10.693512 538192 1001
1285084248 7359938 59.894623 10.693609 543664 1001
1285084249 7360939 59.894649 10.69369 519608 1001
1285084250 7361944 59.894649 10.69369 536824 1005
1285084251 7362945 59.894669 10.693787 387712 1001
1285084252 7363946 59.894691 10.693868 494416 1001
1285084253 7365044 59.894711 10.693965 520976 1098
1285084254 7366054 59.894711 10.693965 528616 1010
1285084255 7367055 59.894733 10.694045 558712 1001
1285084256 7368144 59.894758 10.694143 551072 1089
1285084257 7369145 59.894779 10.694223 542296 1001
1285084258 7370334 59.894779 10.694223 276904 1189
1285084259 7371344 59.894799 10.694321 306432 1010
1285084260 7372345 59.894821 10.694401 354880 1001
1285084261 7373354 59.894846 10.694499 317944 1009
1285084262 7374355 59.894846 10.694499 452009 1001
1285084263 7375364 59.894867 10.694579 278272 1009
1285084264 7376365 59.894888 10.694677 273600 1001
1285084265 7377374 59.894909 10.694757 222184 1009
1285084266 7378375 59.894909 10.694757 305632 1001
1285084267 7379384 59.894934 10.694855 442432 1009
1285084268 7380385 59.894956 10.694935 529984 1001
1285084269 7381386 59.894983 10.695036 514936 1001
1285084270 7382435 59.894983 10.695036 507296 1049
1285084271 7383436 59.895005 10.695116 523144 1001
1285084272 7384437 59.89503 10.695214 458848 1001
1285084273 7385438 59.895051 10.695294 520408 1001
1285084274 7386439 59.895051 10.695294 524512 1001
1285084275 7387444 59.895071 10.695392 477200 1005
1285084276 7388446 59.895098 10.695472 528616 1002
1285084277 7389454 59.895118 10.695569 584704 1008
1285084278 7390455 59.895118 10.695569 503192 1001
1285084279 7391456 59.895139 10.69565 566920 1001
1285084280 7392457 59.895164 10.695747 476632 1001
1285084281 7393458 59.895193 10.695831 499888 1001
1285084283 7395064 59.895193 10.695831 479936 1606
1285084284 7396065 59.895214 10.695929 553240 1001
1285084285 7397074 59.895235 10.696009 434224 1009
1285084286 7398084 59.895261 10.696089 363088 1010
1285084287 7399094 59.895261 10.696089 289216 1010
1285084288 7400095 59.895281 10.696187 584704 1001
1285084289 7401105 59.895302 10.696284 571024 1010
1285084290 7402154 59.895328 10.696364 482672 1049
1285084291 7403155 59.895328 10.696364 532720 1001
1285084292 7404156 59.895348 10.696462 438328 1001
1285084293 7405165 59.895377 10.696546 454744 1009
1285084294 7406166 59.895399 10.696626 471160 1001
1285084295 7407173 59.895399 10.696626 364456 1007
1285084296 7408174 59.895424 10.696724 297424 1001
1285084297 7409183 59.895445 10.696804 313840 1009
1285084298 7410184 59.895465 10.696901 367992 1001
1285084299 7411185 59.895465 10.696901 430120 1001
1285084300 7412285 59.895492 10.696982 425216 1100
1285084301 7413344 59.895512 10.697079 408231 1059
1285084303 7414693 59.895541 10.697163 409600 1349
1285084304 7415694 59.895541 10.697163 288648 1001
1285084305 7416696 59.895566 10.69726 285112 1002
1285084306 7417703 59.895587 10.697341 320680 1007
1285084307 7418754 59.895607 10.697438 335728 1051
1285084308 7419763 59.895607 10.697438 357048 1009
1285084309 7420764 59.895629 10.697519 312472 1001
1285084310 7421765 59.895654 10.697616 503992 1001
1285084311 7422766 59.895675 10.697696 481304 1001
1285084312 7423775 59.895675 10.697696 618904 1009
1285084313 7424843 59.895696 10.697794 592112 1068
1285084314 7425844 59.895722 10.697874 576496 1001
1285084315 7426845 59.89575 10.697975 569656 1001
1285084316 7427884 59.89575 10.697975 494984 1039
1285084317 7428895 59.895776 10.698056 599752 1011
1285084318 7429974 59.895796 10.698153 627680 1079
1285084319 7430975 59.895817 10.698233 569656 1001
1285084320 7431976 59.895817 10.698233 527248 1001
1285084321 7433034 59.895844 10.698314 541493 1058
1285084322 7434035 59.895871 10.698415 605208 1001
1285084323 7435036 59.895893 10.698495 285131 1001
1285084324 7436043 59.895893 10.698495 372664 1007
1285084325 7437044 59.895918 10.698593 467056 1001
1285084326 7438045 59.895939 10.698673 439696 1001
1285084327 7439046 59.895964 10.69877 449272 1001
1285084328 7440048 59.895964 10.69877 380872 1002
1285084329 7441064 59.895986 10.698851 421912 1016
1285084330 7442073 59.896013 10.698952 322048 1009
1285084331 7443074 59.89604 10.699032 375400 1001
1285084332 7444083 59.89604 10.699032 404128 1009
1285084333 7445164 59.89606 10.699129 391816 1081
1285084334 7446443 59.896086 10.69921 532720 1006
1285084335 7447444 59.896106 10.699307 346672 1001
1285084337 7448543 59.896106 10.699307 348040 1099
1285084338 7449664 59.896135 10.699391 410968 1121
1285084339 7450703 59.896161 10.699471 408232 1038
1285084340 7451783 59.896182 10.699569 409600 1080
1285084341 7452784 59.896182 10.699569 365256 1001
1285084342 7453793 59.896208 10.699649 230392 1009
1285084343 7454794 59.896228 10.699747 339832 1001
1285084344 7455795 59.896257 10.69983 315208 1001
1285084345 7456903 59.896257 10.69983 387712 1108
1285084346 7457904 59.896282 10.699928 404928 1001
1285084347 7458905 59.896304 10.700008 365824 1001
1285084348 7459913 59.896328 10.700106 352144 1008
1285084349 7460915 59.896328 10.700106 345304 1002
1285084350 7461923 59.89635 10.700186 332992 1008
1285084351 7462925 59.896378 10.700287 339832 1002
1285084352 7463933 59.896404 10.700367 330256 1008
1285084353 7464934 59.896404 10.700367 381672 1001
1285084354 7466014 59.896424 10.700465 425216 1080
1285084355 7467015 59.89645 10.700545 497152 1001
1285084356 7468016 59.89647 10.700643 423280 1001
1285084357 7469024 59.89647 10.700643 421912 1008
1285084358 7470025 59.896492 10.700723 475264 1001
1285084359 7471026 59.896524 10.700824 386344 1001
1285084360 7472033 59.896546 10.700904 412336 1007
1285084361 7473034 59.896546 10.700904 341200 1001
1285084362 7474035 59.896571 10.701002 348040 1001
1285084363 7475036 59.896592 10.701082 358416 1001
1285084364 7476043 59.896612 10.70118 352144 1007
1285084365 7477044 59.896612 10.70118 365824 1001
1285084366 7478045 59.896646 10.701263 363089 1001
1285084367 7479046 59.896666 10.701361 432856 1001
1285084368 7480053 59.896688 10.701441 480736 1007
1285084369 7481055 59.896688 10.701441 412336 1002
1285084370 7482063 59.896713 10.701539 394552 1008
1285084371 7483064 59.896734 10.701619 398656 1001
1285084372 7484065 59.896762 10.70172 389080 1001
1285084373 7485066 59.896762 10.70172 499888 1001
1285084374 7486073 59.896788 10.7018 369928 1007
1285084375 7487183 59.896808 10.701898 478568 1110
1285084376 7488193 59.89683 10.701978 462952 1010
1285084377 7489194 59.89683 10.701978 452008 1001
