1296550825 471718 59.871063 10.657233 7965 1126
1296550835 481845 59.871063 10.657233 3861 10126
1296550839 485631 59.871063 10.657233 27999 3786
1296550840 486911 59.871063 10.657233 2736 1279
1296550845 491609 59.871063 10.657233 1368 4698
1296550846 492927 59.871063 10.657233 2736 1318
1296550847 494372 59.871071 10.657236 2736 1445
1296550848 495389 59.87107 10.657254 4104 1017
1296550852 498952 59.871077 10.657257 9576 3563
1296550859 505870 59.871085 10.65726 1368 6918
1296550864 511172 59.871085 10.65726 1368 5301
1296550866 512971 59.871095 10.657281 4104 1798
1296550867 514412 59.871118 10.657305 10944 1441
1296550869 515612 59.871147 10.65735 10944 1200
1296550870 516850 59.871173 10.657378 2736 1238
1296550871 518210 59.871245 10.657454 12312 1360
1296550872 519350 59.871268 10.657478 9576 1140
1296550873 520351 59.871286 10.657502 8208 1001
1296550874 521373 59.871297 10.657523 6840 1022
1296550875 522489 59.871317 10.657529 9576 1116
1296550877 523573 59.871327 10.65755 8208 1084
1296550878 524671 59.871339 10.657553 15048 1098
1296550879 525812 59.87137 10.657581 9576 1141
1296550880 526851 59.871388 10.657605 6840 1039
1296550881 527931 59.871388 10.657605 12794 1080
1296550882 528932 59.871414 10.657633 9576 1001
1296550883 530030 59.871425 10.657653 9576 1098
1296550884 531308 59.871425 10.657653 5472 1278
1296550885 532328 59.871461 10.657702 6840 1020
1296550887 533551 59.871481 10.657708 9576 1223
1296550888 535172 59.87151 10.657753 13680 1621
1296550889 536348 59.871529 10.657777 15048 1176
1296550890 537391 59.871547 10.657802 6840 1043
1296550891 538508 59.871571 10.657808 8208 1117
1296550893 539553 59.87159 10.657832 8208 1045
1296550894 540750 59.871608 10.657856 8208 1197
1296550895 542011 59.871645 10.657905 8208 1261
1296550896 543349 59.871645 10.657905 8208 1338
1296550897 544352 59.871681 10.657953 2736 1003
1296550906 553075 59.871704 10.657977 9576 8723
1296550907 554191 59.871901 10.658204 53834 1116
1296550908 555292 59.871927 10.658232 18266 1101
1296550909 556369 59.871956 10.658277 16416 1077
1296550910 557449 59.871974 10.658301 9576 1080
1296550911 558529 59.872005 10.658328 9576 1080
1296550913 559592 59.872031 10.658356 9576 1063
1296550914 560672 59.872053 10.65838 12312 1080
1296550915 561750 59.872078 10.658425 13680 1078
1296550916 562808 59.872134 10.65848 12312 1058
1296550917 563869 59.872134 10.65848 10944 1061
1296550918 564950 59.872189 10.658552 12312 1081
1296550919 565969 59.87222 10.65858 8208 1019
1296550920 567128 59.87222 10.65858 15048 1159
1296550921 568148 59.872275 10.658652 13680 1020
1296550923 569629 59.872305 10.65868 16012 1481
1296550924 570690 59.872336 10.658707 16416 1061
1296550925 571807 59.872391 10.65878 12312 1117
1296550926 573229 59.872391 10.65878 16656 1422
1296550927 574309 59.872453 10.658855 16416 1080
1296550928 575329 59.872482 10.6589 15048 1020
1296550929 576468 59.872513 10.658928 15048 1139
1296550931 577670 59.872545 10.658976 19152 1202
1296550932 578929 59.872575 10.659004 7350 1259
1296550933 579930 59.872604 10.659049 13680 1001
1296550934 581047 59.872673 10.659107 15048 1117
1296550937 584133 59.872673 10.659107 5472 3075
1296550939 585570 59.872765 10.659228 41240 1437
1296550940 586669 59.872839 10.659307 13680 1099
1296550941 587790 59.87287 10.659334 15048 1121
1296550942 588829 59.872937 10.65941 13680 1039
1296550943 590051 59.872974 10.659458 17784 1222
1296550944 591169 59.872974 10.659458 10695 1118
1296550945 592230 59.873048 10.659537 15048 1061
1296550946 593270 59.873079 10.659565 13680 1040
1296550947 594307 59.873115 10.659613 13680 1037
1296550948 595350 59.873152 10.659661 10431 1043
1296550949 596408 59.87319 10.659692 17784 1058
1296550950 597451 59.873227 10.65974 12312 1043
1296550952 598688 59.873265 10.659771 20520 1237
1296550953 599808 59.873302 10.659819 13680 1120
1296550954 600827 59.873369 10.659895 8465 1019
1296550955 601890 59.873405 10.659943 16416 1063
1296550956 602970 59.873405 10.659943 13680 1080
1296550957 604350 59.873488 10.660026 11602 1380
1296550958 605407 59.873524 10.660074 13680 1057
1296550959 606468 59.873563 10.660105 12312 1061
1296550961 607549 59.873599 10.660153 12312 1081
1296550962 608688 59.873637 10.660184 13697 1139
1296550963 609728 59.873682 10.660235 7967 1040
1296550964 610867 59.873756 10.660314 13680 1139
1296550965 611887 59.873756 10.660314 15048 1020
1296550966 612967 59.873839 10.660397 13680 1080
1296550967 614161 59.873875 10.660445 9591 1194
1296550968 615210 59.873875 10.660445 15048 1049
1296550969 616390 59.873958 10.660527 16416 1180
1296550971 618450 59.873996 10.660558 2736 2060
1296550973 619590 59.874081 10.660658 31589 1140
1296550974 620729 59.874119 10.660689 9576 1139
1296550975 621754 59.874164 10.66074 12312 1025
1296550976 622867 59.874243 10.66082 15048 1113
1296550980 627488 59.874243 10.66082 23224 4621
1296550998 645090 59.874456 10.661036 32823 17602
1296550999 646469 59.874498 10.661084 4104 1379
1296551001 647789 59.874665 10.661266 5472 1320
1296551002 648889 59.874792 10.661415 9576 1100
1296551003 649890 59.875009 10.661649 8208 1001
1296551004 650946 59.875268 10.661952 10944 1056
1296551005 652008 59.875485 10.662185 10944 1062
1296551007 654066 59.875521 10.662234 6663 2058
1296551008 655447 59.875614 10.662337 5472 1381
1296551010 656708 59.875656 10.662385 12312 1260
1296551011 657787 59.875701 10.662419 6840 1079
1296551012 659028 59.875787 10.662519 8208 1241
1296551013 660089 59.875787 10.662519 6840 1061
1296551014 661146 59.87588 10.662622 6840 1057
1296551015 662189 59.875924 10.662674 6840 1043
1296551017 663888 59.875924 10.662674 4901 1699
1296551018 665268 59.876058 10.662826 12312 1172
1296551019 666511 59.876058 10.662826 10944 1242
1296551021 667789 59.87618 10.662974 6840 1278
1296551023 669750 59.87618 10.662974 4104 1961
1296551024 670829 59.876309 10.663143 5472 1079
1296551025 671790 59.876309 10.663143 5472 961
