1296571199 661050 59.870866 10.657549 57609 1018
1296571200 662455 59.870866 10.657549 13680 1405
1296571201 663469 59.870866 10.657549 116280 1014
1296571202 664499 59.870866 10.657549 43776 1030
1296571203 665509 59.870866 10.657549 61560 1010
1296571204 666519 59.870866 10.657549 69768 1010
1296571206 667539 59.870866 10.657549 70250 1020
1296571207 668569 59.870866 10.657549 51984 1030
1296571208 669629 59.870866 10.657549 41040 1059
1296571209 670639 59.870866 10.657549 36936 1010
1296571210 671789 59.870866 10.657549 37736 1150
1296571211 672799 59.870865 10.657566 34200 1010
1296571212 673839 59.870865 10.657566 28728 1040
1296571213 674929 59.870865 10.657566 27870 1002
1296571215 676599 59.870865 10.657566 20520 1670
1296571221 682972 59.870865 10.657566 9576 6373
1296571222 683982 59.870875 10.657587 50816 1010
1296571223 684992 59.870875 10.657587 167759 1009
1296571224 686012 59.870875 10.657587 187865 1020
1296571225 687043 59.870882 10.657608 187323 1031
1296571226 688162 59.870882 10.657608 230804 1119
1296571227 689163 59.870882 10.657608 351590 1001
1296571228 690312 59.870882 10.657608 375324 1149
1296571229 691323 59.87088 10.657625 362261 1011
1296571230 692325 59.870885 10.657625 368118 1001
1296571231 693332 59.870885 10.657625 367974 1007
1296571232 694382 59.870895 10.657646 281201 1050
1296571233 695492 59.870895 10.657646 364568 1109
1296571234 696493 59.8709 10.657646 327206 1001
1296571235 697512 59.870906 10.657667 280368 1019
1296571237 698573 59.870906 10.657667 106762 1061
1296571238 699581 59.87091 10.657667 343800 1008
1296571239 700582 59.870921 10.657688 217074 1001
1296571240 701652 59.870921 10.657688 263993 1070
1296571241 702653 59.870921 10.657688 423135 1001
1296571242 703662 59.870924 10.657705 344780 1009
1296571243 704802 59.870924 10.657705 326867 1140
1296571244 705803 59.870935 10.657726 343734 1001
1296571245 706812 59.870943 10.65773 359236 1009
1296571246 707912 59.870946 10.657747 330884 1100
1296571247 709102 59.870953 10.65775 402295 1190
1296571248 710112 59.870956 10.657768 382364 1010
1296571249 711122 59.870964 10.657771 335746 1010
1296571250 712301 59.870975 10.657792 296321 1179
1296571251 713302 59.870975 10.657792 327171 1001
1296571252 714312 59.870985 10.657813 414344 1010
1296571253 715322 59.870985 10.657813 345152 1010
1296571254 716402 59.870996 10.657834 396704 1080
1296571255 717403 59.871004 10.657837 452956 1001
1296571256 718405 59.871022 10.657861 347870 1002
1296571257 719522 59.871022 10.657861 386720 1117
1296571258 720531 59.871039 10.657903 483226 1009
1296571260 721562 59.871047 10.657906 294705 1031
1296571261 722563 59.871047 10.657906 375277 1001
1296571262 723632 59.871065 10.65793 363114 1069
1296571263 724633 59.871076 10.657951 396536 1001
1296571264 725634 59.871076 10.657951 280696 1001
1296571265 726792 59.871082 10.657972 409426 1158
1296571266 727793 59.871094 10.657975 510198 1001
1296571267 728801 59.871094 10.657975 283099 1008
1296571268 729802 59.871112 10.658 332918 1001
1296571269 730812 59.871118 10.65802 435119 1010
1296571270 731821 59.871118 10.65802 341437 1009
1296571271 732823 59.871146 10.65803 202773 1002
1296571272 734001 59.871157 10.658051 279755 1178
1296571273 735011 59.871164 10.658054 389526 1010
1296571274 736202 59.871175 10.658075 359342 1191
1296571275 737212 59.871182 10.658079 348704 1009
1296571276 738213 59.871193 10.658099 406833 1001
1296571277 739221 59.871201 10.658103 329623 1008
1296571278 740222 59.871212 10.658124 329302 1001
1296571279 741261 59.871219 10.658127 314992 1039
1296571280 742262 59.871237 10.658151 334225 1001
1296571281 743263 59.871245 10.658154 288773 1001
1296571282 744271 59.871256 10.658175 318992 1008
1296571283 745282 59.871276 10.658182 267487 1011
1296571284 746291 59.871282 10.658203 189665 1009
1296571285 747430 59.871312 10.65823 235053 1139
1296571286 748431 59.871326 10.658254 201096 1001
1296571287 749441 59.871326 10.658254 179565 1010
1296571288 750451 59.871357 10.658282 218757 1010
1296571289 751452 59.871375 10.658306 188784 1001
1296571290 752461 59.871375 10.658306 306304 1009
1296571291 753501 59.871404 10.658351 290427 1040
1296571292 754511 59.871422 10.658375 135848 1010
1296571293 755520 59.871422 10.658375 177643 1009
1296571295 756722 59.871459 10.658423 274033 1202
1296571296 757731 59.871477 10.658447 278834 1009
1296571297 758751 59.871477 10.658447 257184 1020
1296571298 759771 59.871514 10.658496 203595 1020
1296571299 760781 59.871532 10.65852 176472 1010
1296571300 761791 59.871532 10.65852 87140 1010
1296571301 762792 59.87157 10.658551 176472 1001
1296571302 763812 59.871601 10.658578 351799 1020
1296571303 764813 59.871601 10.658578 324823 1001
1296571304 765841 59.871644 10.658647 339875 1028
1296571305 766842 59.871666 10.658671 423074 1001
1296571306 767851 59.871692 10.658699 368150 1008
1296571307 768852 59.871709 10.65874 459539 1001
1296571308 769981 59.871728 10.658765 16777 1129
1296571309 770982 59.871754 10.658792 448144 1001
1296571310 771983 59.871776 10.658816 568237 1001
1296571311 772985 59.871793 10.658858 515860 1001
1296571312 773986 59.871819 10.658885 407434 1001
1296571313 774991 59.871836 10.658927 383386 1005
1296571314 776001 59.871854 10.658951 351648 1010
1296571315 777002 59.87188 10.658979 243321 1001
1296571316 778011 59.871897 10.65902 237748 1008
1296571317 779022 59.871916 10.659044 303302 1011
1296571318 780041 59.871942 10.659072 333574 1019
1296571319 781051 59.871958 10.659114 358831 1010
1296571320 782052 59.871984 10.659141 219572 1001
1296571321 783161 59.872001 10.659183 270394 1108
1296571322 784171 59.872026 10.659228 251712 1010
1296571323 785172 59.872044 10.659252 223657 1001
1296571324 786190 59.872069 10.659297 215206 1018
1296571325 787211 59.872086 10.659339 246885 1021
1296571326 788232 59.872116 10.659366 253080 1020
1296571327 789241 59.872141 10.659411 173651 1009
1296571328 790242 59.872157 10.659453 177796 1001
1296571329 791320 59.872186 10.659498 222482 1078
1296571330 792330 59.872211 10.659543 261903 1010
1296571331 793371 59.872228 10.659584 341731 1040
1296571332 794373 59.872252 10.659629 345465 1002
1296571333 795374 59.87228 10.659692 379908 1001
1296571334 796382 59.872321 10.659779 410825 1008
1296571336 798230 59.872321 10.659779 307863 1848
1296571337 799261 59.872366 10.659883 79344 1031
1296571338 800262 59.872389 10.659945 179265 1001
1296571339 801310 59.872413 10.65999 308808 1048
1296571340 802311 59.872437 10.660053 424392 1001
1296571341 803312 59.872466 10.660098 405687 1001
1296571342 804320 59.872489 10.66016 469822 1007
1296571343 805321 59.872513 10.660205 452072 1001
1296571344 806322 59.872536 10.660268 425214 1001
1296571345 807520 59.872588 10.660376 433228 1198
1296571346 808521 59.872616 10.660438 347549 1001
1296571347 809530 59.872616 10.660438 396873 1008
1296571349 810581 59.872664 10.660546 313665 1051
1296571350 811590 59.872691 10.660608 299866 1009
1296571351 812601 59.872691 10.660608 240064 1011
1296571352 813660 59.872734 10.66073 237749 1059
1296571353 814665 59.872757 10.660792 228456 1005
1296571354 815670 59.872757 10.660792 213876 1005
1296571355 816800 59.872808 10.660918 222294 1130
1296571356 817801 59.872831 10.66098 309391 1001
1296571357 818830 59.872831 10.66098 287457 1029
1296571358 819831 59.872882 10.661105 383648 1001
1296571359 820861 59.872909 10.661168 299271 1030
1296571360 821870 59.872932 10.66123 330006 1009
1296571361 822871 59.872966 10.661314 363171 1001
1296571362 823872 59.872989 10.661376 358658 1001
1296571363 824880 59.873017 10.661439 336774 1007
1296571364 825890 59.87304 10.661501 259005 1010
1296571365 826911 59.873068 10.661564 227307 1021
1296571366 828110 59.873089 10.661644 225787 1199
1296571367 829120 59.87312 10.66171 171000 1010
1296571368 830300 59.873148 10.661772 239353 1179
1296571369 831301 59.873171 10.661835 264721 1001
1296571370 832310 59.873204 10.661918 301067 1009
1296571371 833461 59.873227 10.661981 320722 1151
1296571372 834470 59.873277 10.662123 288648 1009
1296571373 835471 59.873298 10.662203 206535 1001
1296571374 836480 59.873298 10.662203 210157 1009
1296571375 837490 59.873348 10.662346 198552 1010
1296571376 838500 59.873378 10.662412 207807 1010
1296571377 839510 59.873378 10.662412 213812 1010
1296571378 840520 59.873428 10.662555 220939 1010
1296571379 841530 59.873449 10.662635 190687 1010
1296571381 842540 59.873449 10.662635 188664 1010
1296571382 843541 59.873506 10.662781 204473 1001
1296571383 844720 59.873528 10.662861 220877 1179
1296571384 845730 59.873528 10.662861 196992 1010
1296571385 846740 59.873585 10.663007 180181 1010
1296571386 847750 59.873606 10.663087 218956 1010
1296571387 848760 59.873606 10.663087 204747 1010
1296571388 849770 59.873655 10.663229 220531 1010
1296571389 850780 59.873685 10.663313 233346 1010
1296571390 851790 59.873685 10.663313 202652 1010
1296571391 852800 59.873734 10.663455 187341 1010
1296571392 853810 59.87376 10.663535 194371 1010
1296571393 854811 59.87376 10.663535 177840 1001
1296571400 862199 59.873812 10.663681 107953 7387
1296571401 863200 59.873987 10.664228 205200 1001
1296571402 864201 59.87402 10.664311 320424 1001
1296571403 865202 59.874042 10.664391 317407 1001
1296571404 866209 59.874068 10.664471 348213 1007
1296571405 867229 59.874097 10.664555 226259 1020
1296571406 868239 59.874125 10.664617 248808 1010
1296571407 869349 59.874147 10.664697 273234 1110
1296571408 870350 59.874173 10.664778 277704 1001
1296571409 871359 59.874202 10.664861 174362 1009
1296571410 872361 59.874228 10.664941 232560 1002
1296571411 873369 59.87425 10.665021 210473 1008
1296571412 874379 59.874284 10.665104 234564 1010
1296571413 875390 59.874305 10.665185 316196 1011
1296571414 876400 59.874327 10.665265 385105 1010
1296571415 877420 59.874382 10.665428 406210 1020
1296571417 878630 59.874382 10.665428 294334 1210
1296571418 879639 59.87443 10.665588 342949 1009
1296571419 880640 59.874455 10.665686 282355 1001
1296571420 881642 59.874455 10.665686 366623 1002
1296571421 882649 59.874506 10.665849 313400 1007
1296571422 883659 59.874532 10.66593 325752 1009
1296571423 884666 59.874532 10.66593 417810 1007
1296571424 885669 59.874587 10.666093 446196 1003
1296571425 886800 59.874609 10.666173 360734 1131
1296571426 887801 59.874609 10.666173 440600 1001
1296571427 888970 59.874672 10.66634 388416 1169
1296571428 889989 59.874698 10.66642 319737 1019
1296571429 890991 59.874727 10.666503 382611 1002
1296571430 891992 59.874754 10.666584 403861 1001
1296571431 892999 59.874784 10.666649 403130 1007
1296571432 894019 59.874818 10.666733 302277 1020
1296571433 895029 59.874852 10.666816 194256 1010
1296571434 896031 59.874879 10.666879 144080 1002
1296571435 897039 59.874913 10.666962 288066 1008
1296571436 898050 59.874943 10.667046 308694 1011
1296571437 899250 59.874978 10.667111 384986 1199
1296571438 900259 59.875012 10.667195 306312 1009
1296571439 901269 59.875047 10.667261 171663 1010
1296571440 902279 59.875081 10.667344 242371 1010
1296571441 903329 59.875116 10.66741 247982 1050
1296571442 904330 59.87515 10.667493 413740 1001
1296571443 905509 59.875185 10.667559 387392 1179
1296571445 906551 59.875258 10.667708 286015 1042
1296571446 907559 59.875293 10.667774 302845 1008
1296571447 908560 59.875293 10.667774 275316 1001
1296571448 909568 59.875362 10.667924 302016 1007
1296571449 910569 59.875405 10.667993 250139 1001
1296571450 911579 59.875405 10.667993 338260 1010
1296571451 912669 59.875476 10.668124 325325 1090
1296571452 913670 59.87551 10.668208 274200 1001
1296571453 914672 59.87551 10.668208 342311 1001
1296571454 915679 59.875592 10.668343 422255 1007
1296571455 916800 59.875627 10.668409 403848 1121
1296571456 917869 59.875627 10.668409 418211 1069
1296571457 919038 59.875696 10.668558 357205 1169
1296571458 920039 59.875739 10.668627 263940 1001
1296571459 921048 59.875774 10.668693 204047 1009
1296571460 922049 59.875813 10.668776 175820 1001
1296571461 923050 59.875855 10.668846 262584 1001
1296571462 924189 59.875891 10.668911 275362 1139
1296571463 925199 59.875926 10.668977 400964 1010
1296571464 926200 59.875964 10.669061 283805 1001
1296571465 927219 59.876007 10.66913 329653 1019
1296571466 928229 59.876042 10.669196 390959 1010
1296571467 929231 59.876082 10.669262 329116 1002
1296571468 930233 59.876125 10.669331 512404 1002
1296571469 931249 59.87616 10.669397 434239 1016
1296571470 932268 59.876195 10.669462 241275 1019
1296571471 933269 59.876235 10.669528 273978 1001
1296571472 934270 59.876278 10.669597 385873 1001
1296571473 935279 59.876313 10.669663 389478 1008
1296571474 936409 59.876396 10.669798 389936 1130
1296571475 937411 59.876443 10.669867 355753 1002
1296571476 938508 59.876443 10.669867 254484 1097
1296571477 939509 59.876527 10.669985 340632 1001
1296571479 940568 59.876562 10.670051 254398 1058
1296571480 941570 59.876562 10.670051 352694 1002
1296571481 942579 59.876646 10.670168 392612 1009
1296571482 943580 59.87669 10.67022 301991 1001
1296571483 944581 59.87669 10.67022 228581 1001
1296571484 945628 59.876774 10.670337 241705 1046
1296571485 946629 59.876816 10.670386 256704 1001
1296571486 947638 59.876816 10.670386 264843 1009
1296571487 948639 59.876901 10.670486 336465 1001
1296571488 949779 59.876945 10.670537 323633 1140
1296571489 950928 59.876945 10.670537 367799 1149
1296571490 951929 59.877029 10.670655 441095 1001
1296571491 952930 59.87707 10.670703 418575 1001
1296571492 953939 59.877115 10.670755 393091 1009
1296571493 954940 59.877156 10.670803 436068 1001
1296571494 955941 59.8772 10.670855 345473 1001
1296571495 956948 59.877249 10.670906 365958 1007
1296571496 957949 59.877286 10.670955 262735 1001
1296571497 958950 59.877334 10.671006 342842 1001
1296571498 959958 59.877379 10.671058 306697 1008
1296571499 960968 59.87742 10.671106 268171 1010
1296571500 962129 59.877464 10.671158 301365 1161
1296571501 963130 59.877499 10.671224 379896 1001
1296571502 964138 59.877548 10.671275 343756 1008
1296571503 965139 59.877585 10.671324 382200 1001
1296571504 966148 59.877634 10.671375 255803 1009
1296571505 967149 59.877678 10.671427 325754 1001
1296571506 968198 59.877713 10.671493 273755 1049
1296571507 969208 59.877762 10.671544 273719 1010
1296571508 970209 59.877806 10.671596 281888 1001
1296571509 971329 59.877847 10.671644 294626 1120
1296571510 972348 59.877892 10.671696 227333 1019
1296571511 973349 59.877934 10.671765 305064 1001
1296571512 974358 59.877976 10.671813 265011 1009
1296571513 975368 59.87802 10.671865 252007 1010
1296571514 976370 59.878069 10.671917 247333 1001
1296571515 977371 59.878113 10.671968 250981 1001
1296571516 978378 59.878148 10.672034 223365 1007
1296571517 979388 59.878241 10.672137 209155 1010
1296571518 980397 59.878241 10.672137 181464 1009
1296571519 981408 59.878282 10.672186 170089 1011
1296571520 982418 59.878369 10.672306 213105 1010
1296571521 983419 59.878369 10.672306 264443 1001
1296571522 984497 59.878462 10.67241 242664 1078
1296571523 985507 59.878504 10.672458 272329 1009
1296571524 986508 59.878504 10.672458 299996 1001
1296571525 987518 59.878592 10.672561 280666 1009
1296571526 988519 59.878629 10.67261 250044 1001
1296571527 989528 59.878629 10.67261 272625 1009
1296571528 990529 59.87872 10.67273 251124 1001
1296571530 991537 59.878757 10.672779 291384 1008
1296571531 992673 59.878757 10.672779 201661 1135
1296571532 993678 59.878843 10.672879 251712 1005
1296571533 994689 59.878887 10.67293 193144 1011
1296571534 995697 59.878887 10.67293 201528 1008
1296571535 996709 59.87898 10.673034 209304 1012
1296571536 997717 59.879015 10.673099 185345 1008
1296571537 998718 59.879015 10.673099 200752 1001
1296571538 999727 59.879108 10.673203 219378 1009
1296571539 1000728 59.879157 10.673254 211830 1001
1296571540 1001738 59.879157 10.673254 220615 1010
1296571541 1002748 59.879236 10.673372 260021 1009
1296571542 1003758 59.879285 10.673423 244301 1010
1296571543 1004768 59.879285 10.673423 251483 1010
1296571544 1005788 59.879371 10.673523 281808 1020
1296571545 1006789 59.879414 10.673593 210664 1001
1296571546 1007797 59.879414 10.673593 212403 1007
1296571547 1008808 59.879499 10.673693 242228 1011
1296571548 1009818 59.879542 10.673762 239327 1010
1296571549 1010968 59.879578 10.67381 315863 1150
1296571550 1012098 59.879627 10.673862 384014 1130
1296571551 1013108 59.87967 10.673931 372470 1010
1296571552 1014118 59.879707 10.673979 283250 1010
1296571553 1015248 59.879756 10.674031 313676 1130
1296571554 1016249 59.8798 10.674082 285912 1001
1296571555 1017257 59.87984 10.674148 208268 1008
1296571556 1018258 59.879884 10.6742 209304 1001
1296571557 1019267 59.879928 10.674252 156789 1009
1296571558 1020269 59.879968 10.674317 120381 1002
1296571559 1021278 59.880012 10.674369 177840 1009
1296571560 1022287 59.880049 10.674417 144559 1009
1296571561 1023297 59.880093 10.674469 138454 1010
1296571562 1024298 59.880133 10.674535 140904 1001
1296571563 1025447 59.880177 10.674587 125875 1149
1296571564 1026448 59.880261 10.674704 184680 1001
1296571565 1027457 59.880305 10.674756 202444 1009
1296571566 1028467 59.880305 10.674756 273600 1010
1296571567 1029487 59.880389 10.674873 208674 1020
1296571568 1030488 59.880434 10.674925 246240 1001
1296571569 1031497 59.880434 10.674925 216418 1009
1296571570 1032507 59.880518 10.675042 209304 1010
1296571571 1033517 59.880554 10.675091 163212 1009
1296571572 1034527 59.880554 10.675091 165528 1010
1296571573 1035528 59.880638 10.675208 125856 1001
1296571575 1036550 59.880682 10.67526 90340 1022
1296571576 1037557 59.880682 10.67526 71136 1007
1296571577 1038567 59.880768 10.67536 49248 1009
1296571578 1039597 59.880815 10.675429 50616 1030
1296571579 1040627 59.880815 10.675429 47880 1030
1296571580 1041637 59.880901 10.675529 49248 1010
1296571581 1042677 59.880944 10.675598 43776 1040
1296571582 1043836 59.880944 10.675598 38494 1158
1296571583 1044847 59.881029 10.675698 69768 1010
1296571584 1045867 59.881064 10.675764 77976 1020
1296571585 1046877 59.881113 10.675816 95760 1010
1296571586 1047887 59.881157 10.675867 75240 1010
1296571587 1048907 59.881205 10.675936 63792 1020
1296571588 1049927 59.881241 10.675985 76608 1020
1296571589 1050947 59.881285 10.676036 67032 1020
1296571590 1051987 59.881334 10.676088 77976 1040
1296571591 1052988 59.881377 10.676157 45144 1001
1296571592 1054007 59.881418 10.676206 30268 1017
1296571593 1055016 59.881463 10.676257 36936 1009
1296571594 1056057 59.881505 10.676326 38304 1041
1296571595 1057076 59.881554 10.676378 38304 1019
1296571596 1058087 59.881592 10.676409 49248 1011
1296571597 1059117 59.881635 10.676478 49248 1029
1296571598 1060137 59.881684 10.67653 57456 1020
1296571599 1061166 59.881721 10.676578 43776 1029
1296571600 1062376 59.881768 10.676647 36260 1210
1296571601 1063416 59.881852 10.676765 38304 1040
1296571602 1064446 59.881852 10.676765 31464 1030
1296571603 1065486 59.881943 10.676885 25992 1040
1296571604 1066506 59.88198 10.676934 31464 1020
1296571610 1071823 59.882027 10.677003 16384 5317
1296571616 1077560 59.882111 10.67712 16448 5737
1296571617 1078690 59.88238 10.677462 9576 1130
1296571618 1079702 59.882516 10.677635 10944 1012
1296571619 1080720 59.882609 10.677738 13680 1018
1296571620 1081740 59.882649 10.677804 13680 1020
1296571621 1082750 59.882649 10.677804 13680 1010
1296571622 1083790 59.882742 10.677907 13680 1040
1296571623 1084840 59.882786 10.677959 15048 1050
1296571624 1085970 59.882834 10.678028 15048 1130
1296571625 1087010 59.882878 10.678079 15048 1040
1296571626 1088040 59.882927 10.678131 15048 1030
1296571627 1089120 59.882963 10.678179 15048 1080
1296571628 1090130 59.883007 10.678231 13680 1010
1296571629 1091160 59.883055 10.6783 12312 1030
1296571630 1092230 59.883099 10.678352 10944 1070
1296571631 1093240 59.883143 10.678404 10944 1010
1296571632 1094400 59.883191 10.678473 5725 1160
1296571633 1095430 59.88327 10.67859 23256 1030
1296571634 1096460 59.883319 10.678642 25992 1030
1296571635 1097500 59.883319 10.678642 34200 1040
1296571636 1098530 59.883411 10.678763 39672 1029
1296571638 1099560 59.883447 10.678811 35568 1030
1296571639 1100590 59.883447 10.678811 28728 1030
1296571640 1101630 59.883539 10.678932 21888 1040
1296571641 1102640 59.883583 10.678984 6840 1010
1296571642 1103741 59.883583 10.678984 17784 1101
1296571643 1104760 59.883667 10.679101 12312 1019
1296571644 1105780 59.88371 10.67917 13680 1020
1296571645 1106790 59.88371 10.67917 15048 1010
1296571664 1126080 59.883751 10.679219 1368 19290
1296571665 1127159 59.883963 10.679505 8208 1079
1296571666 1128519 59.884221 10.67984 8208 1359
1296571668 1129919 59.884351 10.679992 4104 1400
1296571669 1131279 59.884479 10.680161 4104 1360
1296571671 1132559 59.884612 10.68033 4104 1280
1296571677 1139476 59.884655 10.6804 9576 6917
1296571679 1140622 59.884788 10.680569 4104 1145
1296571680 1141760 59.884916 10.680738 4104 1138
1296571681 1142877 59.885087 10.680991 5472 1117
1296571682 1143957 59.885255 10.681226 5472 1080
1296571684 1145720 59.885382 10.681374 6840 1763
1296571685 1146800 59.885462 10.681474 5472 1080
1296571686 1148258 59.885511 10.681526 8208 1458
1296571687 1149425 59.8856 10.681629 4104 1167
1296571689 1150539 59.885649 10.681681 2736 1113
1296571690 1152019 59.885649 10.681681 6407 1479
1296571691 1153137 59.885737 10.681784 6840 1118
1296571692 1154241 59.885774 10.681832 8208 1104
1296571693 1155356 59.885823 10.681884 9576 1115
1296571698 1160073 59.885871 10.681936 1368 4717
1296571699 1161184 59.886077 10.682201 8208 1111
1296571700 1162193 59.886126 10.682253 6840 1009
1296571712 1173679 59.886175 10.682305 4104 11486
1296571713 1175396 59.886267 10.682426 1368 1717
1296571714 1176499 59.886389 10.682574 4104 1103
1296571716 1177616 59.88656 10.682812 9576 1117
1296571717 1178637 59.886723 10.683047 5472 1021
1296571718 1180076 59.8869 10.683268 8208 1439
1296571719 1181379 59.886936 10.683334 4104 1303
1296571721 1182800 59.887029 10.683437 5472 1421
1296571722 1183881 59.887071 10.683507 8208 1081
1296571723 1185079 59.887113 10.683555 9576 1198
1296571724 1186138 59.887155 10.683624 8208 1059
1296571725 1187158 59.887204 10.683676 8208 1020
1296571726 1188178 59.887241 10.683724 9576 1020
1296571727 1189220 59.887288 10.683793 10944 1042
1296571728 1190243 59.887332 10.683845 10944 1023
1296571729 1191296 59.887381 10.683897 12312 1053
1296571730 1192339 59.887416 10.683963 12312 1043
1296571731 1193438 59.887465 10.684014 15048 1099
1296571732 1194499 59.887549 10.684132 13680 1061
1296571734 1195616 59.887586 10.68418 13680 1117
1296571735 1196619 59.887586 10.68418 8208 1003
1296571736 1197680 59.887671 10.68428 13680 1061
1296571737 1198736 59.887719 10.684349 10944 1056
1296571738 1199779 59.887719 10.684349 15048 1043
1296571739 1200836 59.887804 10.684449 13680 1057
1296571740 1201857 59.887848 10.684501 12312 1021
1296571741 1202858 59.887848 10.684501 9576 1001
1296571752 1213989 59.887932 10.684619 16384 11130
1296571754 1215729 59.888253 10.685068 63905 1740
1296571755 1216837 59.888455 10.685387 6840 1108
1296571756 1217918 59.888498 10.685456 8208 1081
1296571757 1219118 59.888534 10.685504 5472 1200
1296571759 1220979 59.888569 10.68557 2736 1861
1296571760 1222158 59.888652 10.685705 10944 1179
1296571761 1223297 59.888689 10.685754 8208 1139
1296571762 1224398 59.888736 10.685823 6840 1101
1296571764 1225538 59.888808 10.685937 6840 1140
1296571765 1226677 59.888808 10.685937 6840 1139
1296571766 1228339 59.88889 10.686072 9576 1662
1296571768 1230177 59.888939 10.686124 6840 1838
1296571769 1231278 59.889011 10.686238 5472 1101
1296571770 1232419 59.889058 10.686307 1368 1140
1296571775 1236919 59.889103 10.686359 5472 4500
1296571776 1237939 59.889322 10.686649 56088 1020
1296571777 1239078 59.889371 10.686701 10944 1139
1296571778 1240177 59.889406 10.686767 8208 1099
1296571779 1241178 59.889443 10.686815 17784 1001
1296571780 1242260 59.889483 10.686881 19152 1082
1296571781 1243278 59.889519 10.686929 12312 1018
1296571782 1244419 59.889568 10.686981 9576 1141
1296571783 1245517 59.889645 10.687095 19152 1098
1296571785 1246656 59.889689 10.687147 9576 1139
1296571786 1248079 59.889689 10.687147 13680 1423
1296571787 1249098 59.889765 10.687261 10944 1019
1296571788 1250216 59.889817 10.687316 15048 1118
1296571789 1251318 59.889861 10.687368 16416 1102
1296571790 1252375 59.88991 10.687419 10944 1057
1296571791 1253396 59.889954 10.687471 5472 1021
1296571793 1254595 59.890042 10.687592 6840 1199
1296571794 1255915 59.890083 10.68764 4104 1320
1296571795 1257319 59.890083 10.68764 4104 1404
1296571797 1259395 59.890214 10.687813 5472 2076
1296571799 1260638 59.890214 10.687813 1368 1243
1296571800 1262000 59.890342 10.687982 8208 1362
1296571801 1263198 59.890342 10.687982 3541 1198
1296571802 1264219 59.890425 10.688117 6840 1021
1296571803 1265241 59.890465 10.688183 10944 1022
1296571805 1266937 59.890558 10.688286 12312 1696
1296571806 1267975 59.890601 10.688356 15048 1038
1296571807 1269056 59.89064 10.688422 20520 1081
1296571809 1270597 59.890727 10.688542 10944 1541
1296571810 1271658 59.890727 10.688542 15048 1061
1296571811 1272678 59.890807 10.68866 13680 1020
1296571812 1273939 59.890854 10.688729 15048 1261
1296571813 1275055 59.890897 10.688798 13680 1116
1296571814 1276218 59.890932 10.688864 2736 1163
1296571815 1277238 59.89098 10.688934 9576 1020
1296571816 1278257 59.891015 10.688999 13680 1019
1296571818 1280059 59.891093 10.689135 6840 1802
1296571825 1287077 59.891128 10.689201 16384 7018
1296571826 1288097 59.891387 10.689704 42637 1020
1296571827 1289118 59.891421 10.689787 5229 1021
1296571828 1290216 59.891463 10.689856 15048 1098
1296571829 1291255 59.891497 10.68994 21888 1039
1296571830 1292275 59.891531 10.690023 25992 1020
1296571831 1293318 59.891566 10.690089 24624 1043
1296571832 1294416 59.891629 10.690256 19152 1098
1296571833 1295455 59.891629 10.690256 20520 1039
1296571834 1296497 59.891685 10.69042 19152 1042
1296571836 1297536 59.891706 10.6905 10944 1039
1296571837 1298558 59.891706 10.6905 16416 1022
1296571838 1299596 59.891757 10.690663 27360 1038
1296571839 1300597 59.891791 10.690747 10277 1001
1296571840 1301598 59.891791 10.690747 25992 1001
1296571841 1302639 59.89184 10.690928 25992 1041
1296571842 1303878 59.891862 10.691008 24624 1239
1296571843 1305114 59.891887 10.691106 30096 1236
1296571844 1306144 59.891908 10.691186 31464 1030
1296571845 1307377 59.89193 10.691266 24624 1233
1296571846 1308379 59.89195 10.691364 31464 1002
1296571847 1309494 59.891996 10.691542 17914 1115
1296571848 1310516 59.891996 10.691542 27360 1022
1296571855 1317499 59.892026 10.691625 8208 6983
1296571856 1318518 59.892229 10.692347 125856 1019
1296571858 1319694 59.892229 10.692347 16416 1176
1296571862 1323715 59.892299 10.692626 20520 4021
1296571863 1324817 59.89237 10.692887 4104 1102
1296571864 1326158 59.89237 10.692887 10944 1341
1296571872 1333638 59.892416 10.693065 2750 7480
1296571873 1334935 59.892611 10.693695 13680 1297
1296571874 1336100 59.892665 10.693876 15048 1165
1296571876 1337575 59.892685 10.693974 2736 1474
1296571877 1338835 59.892748 10.694141 8208 1260
1296571879 1340558 59.892768 10.694239 6840 1723
1296571880 1341655 59.892829 10.694423 12312 1097
1296571881 1342659 59.892856 10.694503 8208 1004
1296571882 1343676 59.892856 10.694503 10944 1017
1296571883 1344696 59.892897 10.694681 12312 1020
1296571884 1345878 59.892927 10.694765 15048 1182
1296571885 1347216 59.892947 10.694862 10944 1338
1296571887 1348878 59.892993 10.69504 5472 1662
1296571896 1357803 59.893015 10.69512 16384 8925
1296571897 1358898 59.893213 10.695859 86216 1095
1296571898 1360134 59.893259 10.696037 9576 1236
1296571900 1361736 59.893284 10.696135 4104 1602
1296571901 1362798 59.893337 10.696316 8208 1062
1296571902 1363915 59.893362 10.696414 9576 1117
1296571904 1365876 59.893362 10.696414 2312 1961
1296571905 1367076 59.893442 10.696675 6840 1200
1296571906 1368156 59.89347 10.696776 8208 1080
1296571907 1369175 59.893496 10.696856 8208 1019
1296571908 1370274 59.893521 10.696954 8208 1099
1296571909 1371497 59.893579 10.697121 5472 1223
1296571911 1372596 59.893613 10.697204 6840 1099
1296571916 1377815 59.893613 10.697204 6840 5219
1296571917 1379154 59.893692 10.697483 4104 1339
1296571945 1407299 59.89378 10.697748 4104 28145
1296571947 1408782 59.893841 10.697947 1368 1482
1296571948 1409840 59.893962 10.698295 5472 1058
1296571949 1411062 59.894109 10.698741 8208 1222
1296571950 1412280 59.894247 10.699183 13680 1218
1296571952 1413765 59.894395 10.699612 10944 1485
1296571953 1414819 59.894608 10.70021 13680 1054
1296571954 1415940 59.89473 10.700558 5472 1121
1296571955 1417062 59.89487 10.700983 8208 1122
1296571956 1418118 59.89493 10.701147 10944 1056
1296571961 1423130 59.894954 10.701245 16384 5012
1296571962 1424180 59.895099 10.70167 27392 1050
1296571963 1425440 59.895145 10.701848 5472 1260
1296571965 1426621 59.895179 10.701931 8208 1181
1296571966 1427701 59.895179 10.701931 6840 1080
1296571967 1428860 59.89523 10.702109 5472 1159
1296571968 1430040 59.895263 10.702193 5472 1180
1296571976 1438483 59.895323 10.702356 4104 8443
1296571978 1439599 59.895508 10.702963 16416 1116
1296571979 1440823 59.895564 10.703126 8208 1224
1296571980 1442058 59.895596 10.703227 12312 1235
1296571982 1444519 59.895651 10.703391 25909 2461
1296571984 1445838 59.895681 10.703474 6840 1319
1296571985 1447022 59.895736 10.703638 10944 1184
1296571986 1448119 59.89577 10.703721 12312 1097
1296571987 1449424 59.895825 10.703885 8208 1305
1296571989 1450548 59.895859 10.703969 12312 1124
1296571990 1451599 59.895859 10.703969 13680 1051
1296571991 1452600 59.895914 10.704132 6840 1001
1296571992 1453662 59.895948 10.704216 5472 1062
1296571993 1454760 59.895948 10.704216 4104 1098
1296571994 1456121 59.896003 10.704379 4104 1361
1296571996 1457721 59.896037 10.704463 1368 1600
1296571998 1459601 59.896071 10.704546 1368 1880
1296571999 1460879 59.896134 10.704713 2736 1278
1296572000 1461899 59.896189 10.704877 1368 1020
1296572002 1463958 59.896223 10.704961 1368 2059
1296572006 1467918 59.896252 10.705044 1368 3960
1296572007 1469400 59.896341 10.705291 4104 1482
1296572008 1470437 59.89646 10.705622 5472 1037
1296572010 1471698 59.896484 10.70572 5472 1261
1296572012 1473701 59.896484 10.70572 2736 2003
1296572013 1474782 59.896577 10.70597 4104 1081
1296572014 1475821 59.896577 10.70597 5472 1039
1296572015 1477320 59.896632 10.706134 23224 1499
1296572016 1478402 59.896658 10.706214 9608 1082
1296572017 1479498 59.89672 10.706398 9576 1096
1296572020 1482045 59.896746 10.706479 2736 2547
1296572021 1483241 59.896809 10.706646 21258 1196
1296572022 1484280 59.896838 10.706729 6840 1039
1296572023 1485439 59.896838 10.706729 12312 1159
1296572024 1486459 59.896617 10.707033 9576 1020
1296572026 1487660 59.896623 10.707054 12312 1201
1296572027 1488720 59.896676 10.70713 12312 1060
1296572028 1489861 59.89673 10.707206 12312 1141
1296572029 1491061 59.896774 10.707296 16416 1200
1296572030 1492121 59.896816 10.707369 12312 1060
1296572031 1493141 59.896862 10.707441 15048 1020
1296572033 1494601 59.896908 10.707514 9107 1460
1296572034 1495639 59.896946 10.707583 9576 1038
1296572035 1496742 59.896991 10.707673 8208 1103
1296572036 1497822 59.897029 10.707742 8208 1080
1296572038 1500429 59.897067 10.707812 16384 2607
1296572040 1501638 59.897179 10.708055 16437 1209
1296572041 1502718 59.897222 10.708124 12312 1080
1296572042 1503798 59.897259 10.708211 10944 1080
1296572043 1504921 59.89729 10.708277 8208 1122
1296572044 1505940 59.897327 10.708363 10944 1019
1296572045 1507421 59.897362 10.708429 8208 1481
1296572047 1508598 59.897432 10.7086 8208 1177
1296572048 1509919 59.897462 10.708683 5348 1321
1296572049 1510998 59.897497 10.708749 6840 1079
1296572050 1512042 59.897538 10.708836 9576 1044
1296572051 1513074 59.897568 10.708919 13680 1031
1296572052 1514201 59.897644 10.708967 15048 1127
1296572053 1515281 59.897678 10.70905 19152 1080
1296572054 1516320 59.89774 10.709232 7123 1039
1296572055 1517459 59.897771 10.709312 16416 1139
1296572056 1518480 59.897803 10.709413 12312 1021
1296572058 1519577 59.897803 10.709413 10944 1097
1296572059 1520759 59.89783 10.709493 8208 1182
1296572060 1521960 59.897863 10.709577 1368 1201
1296572061 1522961 59.897923 10.70974 8208 1001
1296572062 1524060 59.897955 10.709841 6840 1099
1296572064 1525980 59.897955 10.709841 2526 1920
1296572065 1527318 59.898015 10.710005 4104 1338
1296572066 1528519 59.898075 10.710169 5472 1201
1296572068 1529680 59.898104 10.710252 4104 1161
1296572069 1530798 59.898129 10.71035 5472 1118
1296572070 1531961 59.898163 10.710433 5472 1163
1296572074 1535700 59.898184 10.710514 1368 3739
1296572075 1537080 59.898303 10.710844 39026 1380
1296572076 1538298 59.898329 10.710924 8208 1218
1296572077 1539319 59.898358 10.711008 12312 1021
1296572079 1540559 59.898426 10.711175 8208 1240
1296572080 1541999 59.898426 10.711175 1368 1440
1296572081 1543181 59.898486 10.711339 8208 1181
1296572082 1544220 59.898521 10.711405 5472 1039
1296572083 1545299 59.898547 10.711485 8208 1079
1296572084 1546361 59.898614 10.711652 5942 1062
1296572085 1547418 59.898641 10.711732 9576 1057
1296572087 1548720 59.898674 10.711815 13680 1302
1296572088 1549819 59.898708 10.711899 12312 1099
1296572089 1550839 59.898731 10.711962 9576 1020
1296572090 1551917 59.898765 10.712045 10944 1078
1296572091 1552998 59.898799 10.712129 10060 1081
1296572100 1562192 59.898799 10.712129 6840 9194
1296572101 1563272 59.898894 10.712358 6840 1080
1296572102 1564291 59.899018 10.712671 8208 1019
1296572103 1565432 59.899081 10.712838 5472 1141
1296572105 1566712 59.899142 10.712984 4104 1280
1296572111 1572904 59.899205 10.713151 19120 6192
1296572123 1584859 59.899274 10.713301 4136 11955
1296572124 1585867 59.899721 10.714505 42967 1008
1296572125 1586869 59.899819 10.714738 183456 1001
1296572126 1587877 59.899841 10.714818 175920 1008
1296572128 1589807 59.899841 10.714818 80616 1930
1296572129 1590817 59.89993 10.715066 55356 1010
1296572130 1591867 59.899959 10.715149 62129 1050
1296572131 1592877 59.899993 10.715233 121326 1010
1296572132 1593887 59.900019 10.715313 187711 1010
1296572133 1595057 59.900049 10.715396 181865 1170
1296572134 1596137 59.900082 10.71548 226352 1080
1296572135 1597267 59.900105 10.715542 263251 1130
1296572136 1598437 59.900139 10.715626 267580 1170
1296572137 1599439 59.900173 10.715709 252002 1002
1296572139 1600587 59.900207 10.715793 165428 1148
1296572140 1601597 59.900228 10.715873 162792 1010
1296572141 1602606 59.900262 10.715957 155575 1008
1296572142 1603777 59.900293 10.716023 207046 1171
1296572143 1604778 59.900326 10.716106 233680 1001
1296572144 1605847 59.90036 10.71619 174572 1069
1296572145 1606867 59.900382 10.71627 208302 1020
1296572146 1607877 59.90042 10.716353 190986 1010
1296572147 1608887 59.900454 10.716437 305970 1010
1296572148 1609897 59.900489 10.716503 301180 1010
1296572149 1611067 59.900523 10.716586 259238 1170
1296572150 1612077 59.900544 10.716666 279220 1010
1296572151 1613080 59.900578 10.71675 280954 1002
1296572152 1614087 59.900612 10.716834 294563 1007
1296572153 1615126 59.900646 10.716917 276146 1039
1296572154 1616127 59.900681 10.716983 258552 1001
1296572155 1617137 59.900707 10.717063 104573 1010
1296572156 1618156 59.900741 10.717147 117648 1019
1296572157 1619157 59.900774 10.71723 61560 1001
1296572158 1620167 59.900804 10.717314 157320 1010
1296572159 1621186 59.900839 10.71738 132696 1019
1296572160 1622187 59.900865 10.71746 137670 1001
1296572161 1623188 59.900894 10.717543 303696 1001
1296572162 1624196 59.900928 10.717627 272106 1008
1296572163 1625207 59.900954 10.717707 208871 1011
1296572164 1626218 59.900983 10.717791 213108 1011
1296572165 1627227 59.901017 10.717874 233494 1009
1296572166 1628237 59.901043 10.717954 238578 1009
1296572167 1629238 59.901077 10.718038 247753 1001
1296572168 1630247 59.901106 10.718121 262656 1009
1296572169 1631258 59.901134 10.718184 210655 1011
1296572170 1632267 59.901167 10.718267 233543 1009
1296572171 1633277 59.901197 10.718351 243290 1009
1296572172 1634326 59.90123 10.718435 265442 1049
1296572173 1635346 59.901258 10.718497 60192 1020
1296572174 1636356 59.901287 10.718581 108072 1010
1296572175 1637357 59.901321 10.718664 223840 1001
1296572176 1638367 59.901321 10.718664 253601 1009
1296572177 1639376 59.901352 10.71873 309371 1009
1296572178 1640386 59.901385 10.718814 312269 1010
1296572179 1641390 59.901407 10.718894 271002 1004
1296572180 1642527 59.901442 10.71896 320177 1136
1296572182 1643536 59.901511 10.719109 316008 1008
1296572183 1644552 59.901511 10.719109 233362 1016
1296572184 1645566 59.901537 10.71919 222072 1014
1296572185 1646576 59.901571 10.719273 205200 1010
1296572186 1647616 59.901605 10.719357 153040 1040
1296572187 1648641 59.90164 10.719423 165528 1025
1296572188 1649646 59.901674 10.719506 117648 1005
1296572189 1650657 59.901709 10.719572 194071 1011
1296572190 1651659 59.901735 10.719652 237511 1002
1296572191 1652667 59.90177 10.719718 263913 1008
1296572192 1653686 59.901804 10.719802 281211 1019
1296572193 1654816 59.901838 10.719885 361014 1130
1296572194 1655817 59.901873 10.719951 307800 1001
1296572195 1656826 59.901907 10.720035 227133 1009
1296572196 1657846 59.901937 10.720101 91656 1020
1296572197 1658866 59.901971 10.720184 61560 1020
1296572198 1659885 59.902006 10.72025 68400 1019
1296572199 1660888 59.902032 10.72033 16384 1003
1296572200 1661946 59.902067 10.720396 52089 1058
1296572201 1662986 59.902101 10.72048 54720 1040
1296572202 1663998 59.902136 10.720546 30096 1012
1296572203 1665176 59.90217 10.720629 239800 1178
1296572204 1666177 59.902239 10.720779 276336 1001
1296572205 1667186 59.902265 10.720859 133967 1009
1296572206 1668206 59.902296 10.720925 75240 1020
1296572207 1669226 59.902296 10.720925 121752 1020
1296572208 1670236 59.902334 10.721008 116706 1010
1296572209 1671246 59.902365 10.721074 123120 1010
1296572210 1672248 59.902399 10.721158 114912 1002
1296572211 1673286 59.902432 10.721241 54720 1038
1296572212 1674297 59.90246 10.721304 47880 1011
1296572213 1675316 59.902494 10.721388 53352 1018
1296572214 1676326 59.902529 10.721454 67032 1010
1296572215 1677336 59.902563 10.721537 94392 1010
1296572216 1678385 59.902596 10.721621 29761 1049
1296572217 1679418 59.902631 10.721687 23256 1033
1296572218 1680425 59.902661 10.72177 125856 1007
1296572219 1681457 59.902696 10.721836 75240 1032
1296572221 1682716 59.902722 10.721916 71136 1259
1296572222 1683735 59.902757 10.721982 58824 1019
1296572223 1684746 59.902791 10.722066 24624 1011
1296572224 1685756 59.902822 10.722132 51932 1010
1296572225 1686776 59.902855 10.722215 231192 1020
1296572226 1687955 59.902883 10.722278 157070 1179
1296572227 1688956 59.902952 10.722427 101232 1001
1296572228 1689957 59.902952 10.722427 140904 1001
1296572229 1690986 59.902981 10.722511 97710 1028
1296572230 1692016 59.903015 10.722594 53352 1030
1296572231 1693035 59.90305 10.72266 39672 1019
1296572232 1694036 59.903084 10.722744 64296 1001
1296572233 1695055 59.903119 10.72281 132200 1019
1296572234 1696066 59.90315 10.722876 195624 1010
1296572235 1697075 59.903185 10.722942 170356 1009
1296572236 1698076 59.903226 10.723029 183875 1001
1296572237 1699095 59.903257 10.723095 184680 1019
1296572238 1700105 59.903292 10.723161 163058 1010
1296572239 1701126 59.903326 10.723244 182652 1020
1296572240 1702245 59.903361 10.72331 206721 1119
1296572241 1703246 59.903396 10.723376 232560 1001
1296572242 1704255 59.903431 10.723442 198604 1009
1296572243 1705266 59.903473 10.723529 124648 1011
1296572244 1706275 59.903508 10.723595 164160 1009
1296572245 1707285 59.903543 10.723661 110450 1010
1296572246 1708296 59.903578 10.723727 179208 1011
1296572247 1709297 59.903617 10.723796 150055 1001
1296572248 1710316 59.90365 10.72388 152938 1019
1296572249 1711326 59.903686 10.723946 148664 1009
1296572250 1712336 59.903721 10.724012 210672 1010
1296572251 1713337 59.903764 10.724081 186867 1001
1296572252 1714345 59.903799 10.724147 125736 1008
1296572253 1715485 59.903834 10.724213 109427 1140
1296572254 1716495 59.903862 10.724275 145008 1010
1296572255 1717505 59.903897 10.724341 139566 1010
1296572256 1718515 59.90394 10.724411 144694 1010
1296572257 1719516 59.903975 10.724477 132417 1001
1296572258 1720525 59.904018 10.724546 155952 1009
1296572260 1721535 59.904053 10.724612 168264 1009
1296572261 1722537 59.904088 10.724678 57986 1002
1296572262 1723560 59.904132 10.72473 164160 1023
1296572263 1724575 59.904172 10.724796 172435 1015
1296572264 1725576 59.904215 10.724865 259920 1001
1296572265 1726577 59.90425 10.724931 224597 1001
1296572266 1727585 59.904286 10.724979 131328 1008
1296572267 1728605 59.904329 10.725049 60192 1020
1296572268 1729606 59.904369 10.725115 99997 1001
1296572269 1730615 59.904413 10.725166 160056 1009
1296572271 1732787 59.904441 10.725229 86184 2172
1296572272 1733795 59.904516 10.725361 185010 1008
1296572273 1734805 59.904551 10.725427 337896 1010
1296572274 1735806 59.904592 10.725475 279009 1001
1296572275 1736816 59.904635 10.725545 260867 1010
1296572276 1737817 59.904671 10.725593 220248 1001
1296572277 1738825 59.904716 10.725645 225720 1008
1296572278 1739835 59.904757 10.725693 132333 1010
1296572279 1740846 59.9048 10.725763 313272 1011
1296572280 1741855 59.904844 10.725814 291506 1009
1296572281 1742865 59.904877 10.725859 311904 1010
1296572282 1743866 59.904917 10.725925 240631 1001
1296572283 1744875 59.904951 10.72597 196044 1009
1296572284 1745885 59.904987 10.726019 221616 1010
1296572285 1746895 59.905028 10.726067 197673 1010
1296572286 1747897 59.905077 10.726119 242990 1001
1296572287 1749035 59.905118 10.726167 296417 1138
1296572288 1750045 59.905153 10.726233 298224 1010
1296572289 1751055 59.905198 10.726285 253120 1010
1296572290 1752065 59.905239 10.726334 249779 1010
1296572291 1753067 59.90528 10.726382 351704 1001
1296572292 1754075 59.905321 10.72643 372096 1008
1296572293 1755077 59.905367 10.726465 310221 1002
1296572294 1756095 59.905408 10.726513 293949 1018
1296572295 1757096 59.905457 10.726565 280898 1001
1296572296 1758105 59.905498 10.726613 298674 1008
1296572297 1759245 59.905534 10.726662 389061 1140
1296572298 1760246 59.905583 10.726713 376075 1001
1296572299 1761255 59.905633 10.726748 321319 1009
1296572300 1762265 59.90567 10.726796 359259 1010
1296572301 1763266 59.905719 10.726848 362747 1001
1296572302 1764275 59.90576 10.726896 521455 1009
1296572303 1765276 59.905804 10.726948 415883 1001
1296572304 1766277 59.905845 10.726996 345674 1001
1296572305 1767285 59.90589 10.727048 307906 1008
1296572306 1768286 59.905928 10.727079 347419 1001
1296572308 1769722 59.905976 10.727131 303664 1436
1296572309 1770744 59.906056 10.72721 257711 1022
1296572310 1771745 59.906101 10.727244 329688 1001
1296572311 1772885 59.906139 10.727275 405863 1140
1296572312 1773886 59.906181 10.727323 439521 1001
1296572313 1774896 59.906226 10.727358 417993 1010
1296572314 1775897 59.906264 10.727388 452985 1001
1296572315 1776937 59.90631 10.727423 249827 1040
1296572316 1777945 59.906348 10.727454 309336 1008
1296572317 1778955 59.906385 10.727502 276103 1010
1296572318 1779956 59.90643 10.727536 303005 1001
1296572319 1780965 59.906476 10.72757 283469 1009
1296572320 1781985 59.906508 10.727619 274108 1020
1296572321 1782995 59.906551 10.72765 326676 1010
1296572322 1784004 59.906591 10.727701 249005 1009
1296572323 1785005 59.906629 10.727732 260207 1001
1296572324 1786015 59.906664 10.72776 299180 1010
1296572325 1787024 59.906702 10.727791 381672 1009
1296572326 1788025 59.90674 10.727822 349466 1001
1296572327 1789035 59.906782 10.727838 380304 1009
1296572328 1790036 59.906808 10.727866 330583 1001
1296572329 1791045 59.906842 10.727897 364627 1009
1296572330 1792048 59.906885 10.727913 363477 1003
1296572331 1793055 59.90692 10.727926 352320 1007
1296572332 1794215 59.906955 10.72794 315387 1159
1296572333 1795225 59.906988 10.727971 264024 1010
1296572334 1796234 59.907028 10.727984 272846 1009
1296572335 1797245 59.907061 10.728015 217781 1011
1296572336 1798246 59.907089 10.728025 380304 1001
1296572337 1799255 59.907121 10.728035 212531 1009
1296572338 1800264 59.907154 10.728066 280440 1009
1296572339 1801265 59.907186 10.728076 302165 1001
1296572340 1802274 59.90722 10.728106 214353 1009
1296572341 1803294 59.907252 10.728116 146376 1020
1296572342 1804474 59.907287 10.72813 202010 1179
1296572343 1805475 59.907326 10.728143 274968 1001
1296572344 1806484 59.907361 10.728156 221462 1009
1296572345 1807494 59.907399 10.728187 281202 1010
1296572346 1808495 59.907434 10.728201 287280 1001
1296572347 1809504 59.907466 10.728211 198584 1008
1296572348 1810515 59.907501 10.728224 316008 1011
1296572350 1811535 59.907533 10.728234 268922 1020
1296572351 1812537 59.907567 10.728265 419976 1002
1296572352 1813544 59.907599 10.728275 314355 1007
1296572353 1814545 59.907638 10.728288 271394 1001
1296572354 1815546 59.907664 10.728316 373584 1001
1296572355 1816553 59.907688 10.728322 456990 1007
1296572356 1817555 59.907716 10.728332 321480 1002
1296572357 1818556 59.907748 10.728342 345857 1001
1296572358 1819565 59.907786 10.728373 374084 1009
1296572359 1820574 59.907805 10.72838 361964 1009
1296572360 1821724 59.907837 10.72839 337853 1150
1296572361 1822734 59.907865 10.7284 246240 1010
1296572362 1823735 59.907927 10.728437 174573 1001
1296572363 1824744 59.907947 10.728444 198117 1009
1296572364 1825754 59.907979 10.728454 270882 1010
1296572365 1826755 59.907979 10.728454 262656 1001
1296572366 1827764 59.908003 10.72846 219750 1009
1296572367 1828774 59.908053 10.728495 206568 1010
1296572368 1829776 59.908077 10.728501 138067 1002
1296572369 1830784 59.908105 10.728511 191520 1008
1296572370 1831785 59.908129 10.728518 257570 1001
1296572371 1832794 59.908129 10.728518 361624 1009
1296572372 1833804 59.908187 10.728555 303852 1010
1296572373 1834814 59.908211 10.728562 366624 1010
1296572374 1835821 59.908231 10.728569 270148 1007
1296572375 1836824 59.908263 10.728579 159922 1003
1296572376 1837834 59.908287 10.728585 277704 1010
1296572377 1838844 59.908314 10.728595 187412 1010
1296572378 1839845 59.908337 10.72862 288193 1001
1296572379 1840854 59.908365 10.72863 375385 1009
1296572380 1841864 59.908384 10.728636 333732 1010
1296572381 1842874 59.908409 10.728643 284571 1010
1296572382 1843964 59.908428 10.72865 236327 1090
1296572383 1844974 59.908459 10.728677 311904 1010
1296572384 1845984 59.908479 10.728684 170409 1010
1296572385 1846994 59.908497 10.728708 198360 1010
1296572386 1847997 59.908517 10.728715 197670 1003
1296572387 1849014 59.908536 10.728721 270051 1017
1296572388 1850183 59.908561 10.728728 276719 1169
1296572389 1851184 59.908579 10.728752 355680 1001
1296572390 1852185 59.908606 10.728762 357198 1001
1296572391 1853389 59.908631 10.728769 391043 1204
1296572392 1854494 59.908649 10.728793 347681 1105
1296572393 1855505 59.908669 10.7288 285205 1011
1296572394 1856513 59.908692 10.728824 359784 1008
1296572395 1857524 59.908711 10.72883 297603 1011
1296572397 1858534 59.908731 10.728837 195363 1010
1296572398 1859544 59.908754 10.728861 210340 1010
1296572399 1860574 59.908774 10.728868 216334 1030
1296572400 1861575 59.908798 10.728875 265392 1001
1296572401 1862584 59.908816 10.728899 238659 1009
1296572402 1863593 59.908836 10.728906 265392 1009
1296572403 1864594 59.90886 10.728912 252161 1001
1296572404 1865595 59.908879 10.728936 370879 1001
1296572405 1866604 59.908891 10.72894 280262 1009
1296572406 1867605 59.90891 10.728946 294578 1001
1296572407 1868725 59.908935 10.728953 349823 1120
1296572408 1870263 59.908953 10.728977 15048 1538
1296572409 1871274 59.908993 10.728991 756017 1011
1296572410 1872275 59.909017 10.728997 355680 1001
1296572411 1873284 59.909037 10.729004 242009 1009
1296572412 1874374 59.909049 10.729007 264088 1090
1296572413 1875376 59.909068 10.729014 259920 1002
1296572414 1876383 59.909088 10.72902 264791 1007
1296572415 1877473 59.909108 10.729027 252760 1090
1296572416 1878474 59.909126 10.729051 295488 1001
1296572417 1879485 59.909138 10.729055 304893 1011
1296572418 1880486 59.909158 10.729061 316459 1001
1296572419 1881503 59.909178 10.729068 226657 1017
1296572421 1882554 59.90919 10.729071 270880 1001
1296572422 1883563 59.909214 10.729078 240589 1009
1296572423 1884574 59.909225 10.729099 363888 1011
1296572424 1885583 59.909249 10.729106 228614 1009
1296572425 1886584 59.909261 10.729109 316008 1001
1296572426 1887593 59.909278 10.729112 256233 1008
1296572427 1888594 59.909296 10.729136 443232 1001
1296572428 1889604 59.909313 10.72914 346460 1010
1296572429 1890605 59.909325 10.729143 329688 1001
1296572430 1891613 59.909348 10.729167 225858 1008
1296572431 1892615 59.90936 10.729171 299592 1002
1296572432 1893616 59.909372 10.729174 298224 1001
1296572433 1894628 59.909384 10.729177 236664 1012
1296572435 1896534 59.909396 10.729181 12974 1906
1296572436 1897693 59.909428 10.729191 861631 1158
1296572437 1898694 59.909436 10.729194 238032 1001
1296572438 1899695 59.909448 10.729197 236664 1001
1296572439 1900703 59.909456 10.729201 205200 1008
1296572440 1901713 59.909479 10.72921 203832 1010
1296572441 1902714 59.909479 10.72921 266039 1001
1296572442 1903723 59.909486 10.729214 432288 1009
1296572443 1904725 59.909494 10.729217 300862 1002
1296572444 1905733 59.909506 10.72922 246240 1008
1296572445 1906735 59.909529 10.72923 293896 1002
1296572446 1907736 59.909537 10.729234 428184 1001
1296572447 1908743 59.909537 10.729234 281837 1007
1296572448 1909753 59.909549 10.729237 300960 1010
1296572449 1910763 59.909556 10.72924 155952 1010
1296572450 1911773 59.909584 10.72925 160056 1010
1296572452 1914313 59.909584 10.72925 52617 2540
1296572453 1915322 59.909611 10.72926 691853 1009
1296572454 1916323 59.909626 10.729267 157320 1001
1296572455 1917333 59.909635 10.729253 127224 1010
1296572456 1918363 59.909648 10.729256 114912 1029
1296572457 1919373 59.909655 10.729259 106704 1010
1296572458 1920375 59.90967 10.729266 147744 1002
1296572459 1921383 59.909678 10.729269 80624 1008
1296572460 1922392 59.909686 10.729273 109440 1009
1296572461 1923399 59.909693 10.729276 113544 1006
1296572462 1924402 59.909697 10.729265 171000 1003
1296572463 1925413 59.909709 10.729269 159249 1011
1296572464 1926422 59.909715 10.729289 127224 1009
1296572465 1927432 59.909727 10.729293 135432 1010
1296572466 1928438 59.909739 10.729296 145008 1006
1296572467 1929443 59.909747 10.729299 98806 1005
1296572468 1930453 59.909759 10.729303 160056 1010
1296572469 1931463 59.909767 10.729306 173736 1009
1296572470 1932473 59.909779 10.729309 363888 1010
1296572471 1933484 59.909786 10.729313 303108 1011
1296572472 1934493 59.909789 10.72933 358416 1009
1296572473 1935503 59.909797 10.729334 277746 1010
1296572474 1936512 59.909811 10.729319 190152 1009
1296572475 1937513 59.909818 10.729323 129960 1001
1296572476 1938523 59.909826 10.729326 246240 1010
1296572478 1940427 59.90983 10.729326 85184 1903
1296572479 1941443 59.909849 10.72935 761590 1016
1296572480 1942452 59.909856 10.729354 288648 1009
1296572481 1943453 59.909852 10.729368 205569 1001
1296572482 1944455 59.909864 10.729371 305064 1002
1296572483 1945462 59.909871 10.729374 255773 1007
1296572484 1946472 59.909876 10.729374 191520 1010
1296572485 1947492 59.909887 10.729395 146376 1020
1296572486 1948514 59.909887 10.729395 75240 1022
1296572487 1949523 59.909899 10.729399 117648 1009
1296572489 1951126 59.909906 10.729402 16384 1603
1296572490 1952133 59.909917 10.729423 464882 1006
1296572491 1953142 59.909929 10.729426 98496 1009
1296572492 1954224 59.909937 10.72943 46512 1082
1296572493 1955392 59.909941 10.72943 157376 1168
1296572494 1956393 59.909949 10.729433 307800 1001
1296572495 1957403 59.909952 10.72945 249897 1010
1296572496 1958408 59.909963 10.729471 198360 1005
1296572497 1959412 59.909967 10.729471 193134 1004
1296572498 1960422 59.909975 10.729475 358416 1010
1296572499 1961423 59.909986 10.729496 253678 1001
1296572500 1962432 59.90999 10.729496 283176 1009
1296572501 1963453 59.909998 10.729499 166896 1021
1296572502 1964462 59.91001 10.729502 141006 1009
1296572503 1965463 59.91001 10.729502 283176 1001
1296572504 1966464 59.910022 10.729506 220194 1001
1296572505 1967475 59.910026 10.729506 246240 1011
1296572506 1968482 59.910034 10.729509 201473 1006
1296572507 1969492 59.91004 10.729491 228456 1010
1296572508 1970502 59.910057 10.72948 192586 1010
1296572509 1971513 59.910064 10.729484 262656 1011
1296572510 1972522 59.910073 10.729469 235049 1009
1296572511 1973532 59.910086 10.729473 300185 1010
1296572513 1974533 59.910095 10.729459 308057 1001
1296572514 1975652 59.910099 10.729459 287389 1119
1296572515 1976843 59.910107 10.729462 303386 1191
1296572515 1976870 59.910119 10.729465 5472 27
