1.01 1.52631454006
2.01 1.58529470529
3.02 1.30736507937
4.03 1.33278415842
5.04 1.12057029703
6.05 1.30027722772
7.06 1.36529108911
8.07 1.24443743842
9.08 1.54631641791
10.08 1.33837362637
11.09 1.30981602374
12.1 1.24857142857
13.11 1.00137821782
14.11 1.1917042957
15.19 1.01848378128
16.2 1.12690693069
17.22 1.19096470588
18.23 0.95803564356
19.24 0.97520792079
20.25 0.80183762376
21.26 0.86685148515
22.27 0.70881584158
23.29 0.71816650343
24.3 0.58570465808
25.32 0.48282352941
26.33 0.47676831683
27.33 0.41462811565
28.69 0.3015257732
29.7 0.29285232904
30.71 0.37924752475
31.75 0.35778461538
32.78 0.34932815534
33.82 0.44368816169
34.84 0.39698823529
35.87 0.33967798254
36.89 0.48329735034
37.9 0.41583382789
38.91 0.59655104063
39.93 0.43990588235
40.96 0.47767216295
41.99 0.45732944606
43.0 0.36841188119
44.01 0.39008316832
45.02 0.31841740851
46.05 0.49987172012
47.07 0.45063529412
48.07 0.39359040959
49.29 0.30524692371
50.29 0.62194217348
51.31 0.32283185841
52.34 0.46788349515
53.34 0.48521078921
54.37 0.54241399417
68.15 0.01746720836
69.15 0.65598401598
70.17 1.11585882353
71.19 0.9817939156
72.19 1.30103496503
73.2 1.18558415842
74.22 1.27734124629
75.22 1.14
76.23 0.1305498008
77.23 1.33330149254
78.26 0.41438446602
79.28 0.51501176471
80.28 0.57945254745
81.29 0.68332210109
82.3 0.4595960396
83.32 0.56865882353
84.34 0.34334117647
85.35 0.24921980198
86.38 0.27625631068
87.4 0.28969411765
88.4 0.26239360639
89.41 0.27115956392
90.43 0.27896470588
91.44 0.28172673267
92.45 0.26005544554
93.46 0.10201980198
94.57 0.02955175518
98.27 0.00591727494
99.28 0.07569960474
100.32 0.24249710983
101.33 0.32506930693
102.37 0.47353846154
103.37 0.78718081918
104.38 0.80263230922
105.39 0.60045940594
106.43 0.34726153846
107.44 0.21671287129
108.51 0.16364859813
109.52 0.1516990099
110.53 0.10835643564
136.41 0.00211494608
137.42 0.69348118812
138.43 0.96437227723
139.43 0.74798801199
140.45 0.98675564279
141.45 1.23677922078
142.46 1.28437661051
143.46 1.50876323676
144.47 1.40368681863
145.47 1.63996003996
146.48 1.5121506442
147.49 1.63618217822
148.5 1.49981782178
149.51 1.93958019802
150.52 1.7382019802
151.52 2.18661338661
152.52 2.16928671329
153.52 2.36608191808
154.57 1.56790830946
155.58 2.14995643564
156.58 1.90235364635
157.59 1.91346679881
158.61 1.84991372549
159.62 1.36529108911
160.62 1.2573026973
161.64 1.14289303238
162.64 1.61809390609
163.65 0.82882854311
164.66 0.80183762376
165.66 0.87768712871
166.7 1.44603076923
167.71 2.01542970297
168.72 1.67318811881
169.73 2.0371009901
170.74 1.46957042957
171.74 1.54018632309
172.76 0.76178823529
173.78 0.74478431373
174.79 1.17024950495
175.8 1.44316483516
176.8 1.84838850347
177.81 2.18021978022
178.82 1.42841216879
179.89 1.10887476636
180.9 1.31111287129
181.93 0.65385308521
182.95 0.42542274052
183.97 0.64949554896
184.98 1.4022970297
185.99 1.17991691395
186.99 1.51365079365
188.01 1.93129411765
189.02 1.75383016983
190.04 2.1102585034
191.05 1.8854019802
192.06 1.63356643357
193.06 1.50764717542
194.07 1.7428971029
195.07 1.02057142857
196.1 0.49938640777
197.1 0.65598401598
198.14 0.78307692308
199.15 1.71649150849
200.16 1.33278415842
201.16 1.13252725471
202.33 2.01496068376
203.34 2.0371009901
204.35 2.21301898102
205.35 2.21266204163
206.36 2.01622377622
207.36 1.96155844156
208.36 2.00857142857
209.38 1.35769185476
210.38 1.49783016983
211.39 1.63146878097
212.4 1.7337029703
213.41 1.7382019802
214.41 1.69462537463
215.42 1.4477042957
216.42 1.95234886026
217.44 1.85555687438
218.44 2.28955044955
219.44 2.48628571429
220.45 2.25675124875
221.45 2.01108424182
222.46 2.05541658342
223.46 2.28955044955
224.46 1.83032373386
225.46 1.53062937063
226.47 1.46503096903
227.47 1.85923488603
228.48 1.10633102081
229.48 1.23997602398
230.49 1.92874455446
231.51 1.11067320903
232.53 0.89054117647
233.53 1.00584215784
234.54 1.28370829171
235.54 2.40789692765
236.55 2.31141658342
237.56 2.63756039604
238.56 2.53422222222
239.56 2.8034045954
240.57 2.81726732673
241.58 2.48634565435
242.58 2.03479365079
243.59 2.12828514851
244.6 1.80955247525
245.6 1.00584215784
246.61 1.20845193261
247.61 1.79302297702
248.62 2.10158882236
249.62 1.85475273088
250.62 1.28739260739
251.63 1.13774257426
252.64 1.50130426165
253.71 2.43851962617
254.71 2.43807392607
255.72 2.35816848365
256.72 2.8362037962
257.73 2.58216367265
258.78 2.70664900662
259.78 3.18152247752
260.79 2.86613972056
261.79 2.80843694141
262.8 2.75416949153
263.8 2.87706187625
264.8 2.74868855721
265.86 2.23438490566
266.86 2.5802037962
267.87 2.82527072927
268.87 2.18679365079
269.89 1.44847058824
270.9 0.99054257426
271.93 1.28565436893
272.93 1.65089310689
273.94 2.32234965035
274.95 2.62500490677
275.96 1.74903762376
276.98 2.25127559055
277.98 2.67512350598
278.99 2.6066013986
279.99 2.83822222222
280.99 2.58474325674
282.0 2.98275520317
283.0 2.87993606394
284.01 2.77060539461
285.01 2.84907936508
286.02 2.85145004946
287.03 2.9004876115
288.03 2.91273526474
289.04 2.74873926074
290.1 2.90420973783
291.1 3.00659340659
292.11 2.66186719524
293.11 2.63940859141
294.12 2.56287712288
295.12 2.052
296.13 1.32644752475
297.13 2.05541658342
298.14 1.8158493558
299.15 1.87720672601
300.16 2.1692765114
301.18 1.55869147894
302.19 2.02827353816
303.19 2.28955044955
304.2 2.46447952048
305.2 2.47993650794
306.2 2.47087312687
307.21 2.02193062438
308.22 2.03076435644
309.23 2.57633234421
310.24 2.54101098901
311.24 2.51250793651
312.25 2.94080792079
313.33 1.87901481481
314.33 2.01232367632
315.34 1.98875718533
316.34 1.96795204795
317.35 2.09785530228
318.35 1.5524955045
319.43 1.22133827618
320.44 0.13015659068
321.45 0.73682376238
322.49 1.21335638809
323.5 1.78944765703
324.5 2.02715684316
325.51 1.62857142857
326.52 1.47814653465
327.52 1.67034291378
328.53 1.6444995005
329.53 1.81488911089
330.53 1.81942857143
331.54 1.9262300885
332.55 1.71931337325
333.55 1.66114285714
334.59 1.02344131911
335.6 1.61451089109
336.62 1.22760784314
337.62 1.80395604396
338.62 1.44850793651
339.72 0.85186813187
340.72 1.70457142857
341.73 1.56796803197
342.73 1.78208991009
343.74 1.00237066402
344.75 0.99687920792
345.76 1.23509322866
346.77 1.2505980198
347.78 1.24636963037
348.78 1.5461018981
349.78 1.83485714286
350.8 0.90296340257
351.8 1.20394846383
352.81 1.3229010989
353.82 1.02304950495
354.85 1.02002330097
355.85 1.33410505451
356.87 1.27101088032
357.88 1.12690693069
358.88 1.39943256743
359.89 0.89675442043
360.9 0.92102970297
361.91 1.07144055944
362.92 1.17511285574
363.94 0.94418823529
364.95 1.06189306931
365.98 0.90755728155
366.99 1.46503096903
367.99 1.29071952428
369.02 0.81828571429
370.03 0.86771060456
371.04 0.96849557522
372.04 0.86738522954
373.06 0.7296
374.08 0.41134718101
375.08 0.67247571853
376.39 0.10043831418
377.39 1.75799402985
378.42 0.6906407767
379.44 0.59011764706
394.69 0.00789403279
395.72 0.19125436893
397.43 0.1856
398.45 0.39698823529
400.06 0.11838012422
401.07 0.22754851485
402.09 0.34334117647
403.1 0.29256237624
404.11 0.32506930693
405.12 0.39008316832
406.15 0.45688543689
407.23 0.17226666667
408.34 0.19718918919
409.36 0.33261176471
410.5 0.0288
411.53 0.4187961165
412.97 0.19092812282
413.97 0.97811320755
414.99 0.71887058824
416.02 0.43563495146
417.04 0.49355294118
418.07 0.32316893204
419.09 0.50877151335
420.11 0.59559183673
421.14 0.39313398058
422.17 0.37188349515
423.18 0.3359049505
424.19 0.45781673307
425.19 0.77690656064
426.2 1.25693465347
427.21 1.25693465347
428.22 1.01038161838
429.23 1.67952475248
430.23 1.67484638256
431.24 1.52782574257
432.25 1.15307722772
433.26 1.25693465347
434.27 1.35445544554
435.28 1.23997602398
436.28 1.58357185332
437.29 1.44563960396
438.3 1.46281188119
439.31 1.66636563437
440.31 1.68118929633
441.32 1.46731089109
442.34 1.48065882353
443.35 1.05105742574
444.37 0.64317309594
445.37 0.84184615385
446.37 1.17257142857
447.48 0.11883227561
448.48 2.07172962227
449.51 1.35996868885
450.51 1.15536507937
451.52 1.00771485149
452.52 1.01677522478
453.53 0.96983151635
454.54 1.23526336634
455.55 1.72286732673
456.57 1.64605490196
457.57 1.87409390609
458.58 2.21266204163
459.59 1.98742178218
460.66 2.08053831776
461.67 2.27548514851
462.68 1.70839121756
463.68 1.93257142857
464.69 1.93324356436
465.69 2.30048351648
466.71 2.65276545633
467.71 2.37701498501
468.72 2.23885827552
469.81 1.93191926606
470.82 2.03911992071
471.83 1.57722893954
472.84 2.07838575668
473.85 1.95491485149
474.86 1.69036039604
475.87 0.75215841584
476.88 0.97424332344
477.9 0.7095324165
478.9 0.94024375624
479.91 1.65151683168
480.99 1.72687407407
481.99 2.03355044955
483.01 1.61703732809
484.02 1.353115727
485.19 1.28646022241
486.2 1.75537425743
487.21 1.41946930693
488.22 1.11946191889
489.22 1.20263736264
490.25 0.69131195335
491.27 0.78847497547
492.28 0.74618181818
493.29 0.61885714286
494.31 0.76178823529
495.33 0.83061960784
496.35 0.68600979432
497.37 0.44033758587
498.4 0.45688543689
499.42 0.27896470588
500.44 0.15006464251
501.49 0.1147607245
502.54 0.21888
503.55 0.26005544554
504.79 0.30374193548
505.81 0.40771764706
506.86 0.27099428571
507.91 0.19803428571
508.92 0.18420594059
509.95 0.29750679612
510.97 0.41844705882
512.0 0.41438446602
513.01 0.44426138614
514.02 0.32506930693
515.09 0.2292635514
516.12 0.28660329777
517.15 0.28716034985
518.2 0.25014857143
522.33 0.05034769976
523.79 0.32232328767
524.8 0.3359049505
527.71 0.04507290234
529.1 0.91610639827
530.13 0.15937864078
531.38 0.2013696
532.41 0.27625631068
533.43 0.20385882353
534.48 0.18743292103
535.5 0.26780765456
536.52 0.35441332027
537.53 0.53147274529
538.56 0.43776
539.59 0.53308599034
540.62 0.62688932039
541.64 0.30042352941
542.65 0.23838415842
543.69 0.21046153846
544.72 0.233528613
545.78 0.26869121813
546.82 0.12627692308
547.82 0.85277922078
548.83 1.12916996047
549.84 1.67366037736
550.84 1.83036163836
551.85 1.77880673935
552.85 1.46957042957
553.86 2.18012289395
554.87 1.7056950495
555.88 1.59733861386
556.89 0.86685148515
557.9 0.66097425743
558.91 0.56345346535
559.94 0.68997090204
561.09 0.39447171453
562.13 0.37883076923
563.16 0.21250485437
564.17 0.3359049505
565.19 0.17167058824
566.2 0.64184493042
567.2 0.56682071713
568.2 0.88557842158
569.21 1.16506640238
570.21 1.41988023952
571.22 1.25307936508
572.23 1.32194851485
573.24 1.35445544554
574.25 1.08806336634
575.26 1.28944158416
576.28 0.89499607843
577.29 1.0087135778
578.29 1.2245034965
579.29 1.15251148851
580.3 1.37749058474
581.3 1.63996003996
582.3 1.83036163836
583.31 1.77422222222
584.32 2.17796435644
585.32 1.7428971029
586.32 1.49783016983
587.32 1.66636563437
588.33 2.29313207547
589.33 1.63356643357
590.33 1.73662275449
591.34 1.56949354518
592.35 2.11744950495
593.35 2.27407792208
594.36 1.82669573835
595.37 1.87642418236
596.38 1.76895746785
597.38 1.87409390609
598.39 1.77880673935
599.4 1.92240792079
600.4 1.84768831169
601.41 1.60050793651
602.41 0.47012187812
603.42 1.98742178218
604.43 1.91980971259
605.44 1.92050642928
606.44 2.17568031968
607.44 1.95062537463
608.45 2.09115392254
609.45 2.00075124875
610.47 1.18585279686
611.49 0.77251764706
612.89 0.21061154669
613.92 0.43861583578
614.92 0.57772111554
615.95 0.43563495146
617.01 0.32006037736
618.05 0.1096
619.06 0.31423366337
620.08 0.55792941176
621.09 0.52961584158
622.1 0.33723564356
623.12 0.30042352941
624.14 1.18469019608
625.15 1.51699009901
626.15 0.61164071856
627.19 0.62205780347
628.2 0.40091881188
629.21 0.38374653465
630.28 0.27615700935
631.28 0.60131868132
632.28 1.67275924076
633.29 1.82850793651
634.29 2.08182217782
635.29 2.59113686314
636.3 2.21936507937
637.3 1.6772987013
638.31 1.97992842942
639.31 2.19768693918
640.31 2.01168431568
641.49 0.78159052453
642.5 1.01071698113
643.51 0.68062388944
644.54 0.76102044791
645.54 1.49783016983
646.55 0.87855698712
647.55 1.16344455544
648.57 2.34130716389
649.57 1.65378043912
650.58 1.84571428571
651.58 1.7756963037
652.58 2.03808991009
653.6 1.87058546169
654.6 1.6444995005
655.6 2.12101498501
656.62 2.47707662083
657.62 2.60660939061
658.63 2.39063627354
659.64 2.47890801187
660.64 2.06002797203
661.65 2.39307936508
662.7 2.46412190476
663.7 2.62131736527
664.71 2.06736507937
665.71 1.85222777223
666.72 1.70457142857
667.72 0.83091308691
668.74 0.6911372549
669.74 1.69462537463
670.97 1.28598860862
671.98 1.65785346535
672.99 1.84473194857
674.0 1.97404162537
675.02 1.16323137255
676.03 1.50615445545
677.03 1.02361791045
678.04 1.08258706468
679.04 1.27916883117
680.07 0.79844357977
681.07 0.78078721279
682.08 1.62857142857
683.08 1.50236963037
684.09 1.51548961424
685.11 0.89141511286
686.11 0.89011788212
687.16 0.70942993327
688.16 0.42638961039
689.17 1.08356435644
690.18 1.33728316832
691.18 1.53062937063
692.25 1.26347614593
693.27 1.29953287537
694.28 0.89846884273
695.29 0.87855698712
696.31 0.9057254902
697.32 0.89846884273
698.33 0.57485827552
699.33 1.20717682318
700.34 1.52933994054
701.34 1.72103096903
702.35 1.90896333003
703.36 1.27226930693
704.36 1.59622777223
705.37 1.2460990099
706.37 1.73196403596
707.38 1.68285714286
708.38 1.53516883117
709.41 1.06149369544
710.43 0.62352848723
711.44 0.60045940594
712.45 1.06189306931
714.85 0.19583520599
715.86 0.60860377358
717.06 0.56686473029
718.08 0.87250393701
719.08 0.98397602398
720.11 0.8385800194
721.12 0.78700297915
722.13 0.98604356436
723.13 1.31196803197
724.13 1.60076723277
725.15 1.6688797654
726.16 1.60528557214
727.16 2.17350898204
728.17 2.00023785927
729.18 2.30165544554
730.19 1.95234886026
731.2 1.57566732673
732.21 1.0944
733.22 0.57428910891
734.22 0.58399200799
735.23 1.03040634291
736.25 0.61157647059
737.26 0.85601584158
738.27 0.76299405941
739.3 0.95627184466
740.31 1.10523564356
741.33 1.22760784314
742.34 1.41946930693
743.35 0.76933069307
744.36 0.74765940594
745.37 0.53544554455
746.38 0.54178217822
747.4 0.67595294118
748.4 0.84184615385
749.41 1.16506640238
750.43 1.34117647059
751.44 0.88852277228
752.45 0.84967920792
753.46 1.04022178218
754.47 0.88852277228
755.48 1.08807128713
756.49 1.42889020772
757.61 1.55771428571
758.62 1.84388503469
759.64 0.912
760.65 0.87135049505
761.66 1.50615445545
762.67 0.9427009901
763.69 0.5409254902
764.71 1.04075294118
765.72 1.66868910891
766.72 1.65543256743
767.76 1.93194995188
768.77 1.4303049505
769.78 1.56033267327
771.62 0.22859815117
772.63 0.18420594059
773.64 1.46281188119
774.65 1.06294549058
775.67 0.5731372549
776.68 1.20275643564
777.68 1.37756643357
778.69 1.31558811881
779.71 1.20169411765
780.71 0.99490909091
781.72 1.13255104063
782.73 1.25818037661
783.74 0.84518019802
784.74 1.06504695305
785.75 1.4303049505
786.84 0.88772110092
787.88 0.86289230769
788.88 0.77624775225
789.89 0.88940336967
790.91 0.87439450442
791.91 1.26823576424
792.92 1.21359207921
793.93 1.00237066402
794.94 0.7584950495
795.97 0.93502135922
796.98 1.08035538006
798.0 1.54329990167
799.0 3.14232967033
800.01 2.60505346535
801.02 2.49917145689
802.02 2.51460539461
803.03 2.2084106614
804.04 1.76235387674
805.04 2.02715684316
806.04 2.9674005994
807.05 3.00107936508
808.06 1.27860594059
809.07 1.02406342914
810.08 2.0371009901
811.09 1.67153313551
812.13 2.22687969201
813.14 2.05877227723
814.16 1.24906666667
815.17 1.66868910891
816.18 1.50915924827
817.2 1.79357016683
818.2 1.7100979021
819.22 1.52507163886
820.23 1.28944158416
821.23 0.86738522954
822.24 1.292
823.34 1.13832727273
824.35 1.27860594059
825.37 1.25411165524
826.38 0.81717227723
827.39 0.98702081269
828.4 1.06189306931
829.4 1.63356643357
830.42 1.75061040236
831.43 1.46731089109
832.43 1.5196963037
833.44 1.18225569871
834.45 0.99054257426
835.46 1.13774257426
836.46 1.54455888224
837.49 1.59688715953
838.49 1.58983416583
839.5 1.72457482656
840.5 2.70500699301
841.51 3.39942120912
842.51 3.28445954046
843.51 3.43752247752
844.51 3.20792807193
845.52 3.25402184707
846.52 2.53007792208
847.53 1.98488800793
848.53 2.25675124875
849.53 3.0985974026
850.53 1.78662937063
851.55 2.86691052114
852.55 2.95192807193
853.56 2.520864222
854.57 2.35583366337
855.57 3.196995005
856.57 3.59058541459
857.57 2.61754245754
858.58 3.3409652433
859.58 3.25166033966
860.59 2.58594251734
861.59 2.37247552448
862.6 3.26926461843
863.6 3.10953046953
864.62 2.7538842002
865.63 2.63756039604
866.63 2.51913686314
867.63 2.56559440559
868.64 2.44015873016
869.64 2.40981418581
870.64 1.92875924076
871.65 2.44285714286
872.65 2.48634565435
873.65 2.02715684316
874.71 2.47652173913
875.72 3.0418041543
876.72 2.42074725275
877.73 1.98050793651
878.81 2.13468503214
879.82 2.86446353646
880.82 2.33328271728
881.83 2.27139742319
882.83 2.47747869177
883.84 2.50367232767
884.84 1.96155844156
885.84 2.54101098901
886.85 2.51885714286
887.85 2.23488511489
888.86 2.16293359762
889.87 2.3449980198
890.87 2.99566033966
891.88 2.33416237624
892.88 1.99435764236
893.89 2.31257142857
894.9 2.48586138614
895.9 2.19115284715
896.9 2.45354645355
897.91 2.92507936508
898.91 2.82073126873
899.92 2.42324677899
900.92 2.95646753247
901.92 3.64525074925
902.92 3.92783316783
903.94 2.80815034619
904.94 2.92218037661
905.95 2.67220779221
906.95 3.25166033966
907.95 3.05536507937
908.96 2.55194405594
909.97 2.89761584158
910.97 2.7224420218
911.98 2.59567632368
912.99 2.1435893386
913.99 2.67246169154
915.01 2.53659607843
916.01 2.31781018981
917.03 2.58653504442
918.03 2.16938369781
919.03 2.613002997
920.04 2.25831287129
921.05 2.65923960396
922.06 2.15208721506
923.06 2.75513286713
924.07 2.31249108911
925.08 2.25675124875
926.08 2.67220779221
927.08 2.59107845084
928.09 2.80365578635
929.1 2.86885114885
930.12 1.63180563654
931.13 3.66711688312
932.13 3.40472327672
933.13 3.87349354518
934.13 3.57965234765
935.14 3.2876990099
936.15 3.1641958042
937.15 2.84713686314
938.15 2.93885203575
939.15 3.51405394605
940.16 4.41056543457
941.16 3.70445554446
942.16 3.56919165839
943.2 2.81402307692
944.21 3.24435643564
945.21 3.62338461538
946.22 4.08257342657
947.22 4.30123476523
948.22 4.34496703297
949.22 4.15271128871
950.22 4.27322587065
951.22 3.0985974026
952.23 3.95137662338
953.32 3.79581785064
954.33 4.18705742574
955.33 4.46523076923
956.42 4.04827915519
957.42 4.33403396603
958.61 1.86310513036
959.62 2.42718415842
960.62 2.8362037962
961.63 2.520864222
962.63 3.61245954046
963.64 2.20631912785
964.64 2.18661338661
965.65 1.76161744301
966.65 2.44261338661
967.66 3.50788503469
968.66 4.23563636364
969.67 4.11537262737
970.71 3.86879694948
971.72 4.18097102897
972.72 3.66711688312
973.72 4.1591048951
974.72 4.1919040959
975.72 3.79860696517
976.73 4.22048702595
977.73 4.64050793651
978.73 4.02151448551
979.74 4.53082917083
980.74 3.80924675325
981.74 3.99510889111
983.34 2.39071481943
984.34 4.4214985015
985.35 3.44280673935
986.36 2.87594455446
987.37 2.29081980198
988.37 4.67295904096
989.38 4.52296237624
990.43 3.68100667302
991.43 4.2575024975
992.44 3.50312087912
993.44 3.6055024777
994.45 3.76551448551
995.45 2.89538033764
996.45 2.37701498501
997.46 2.48832507433
998.46 2.940995005
999.46 3.43752247752
1000.56 3.09248
1001.62 3.083898017
1002.97 2.4290585619
1003.97 2.30687712288
1004.98 2.27634331337
1005.98 2.54760675273
1007.03 2.55549381541
1008.04 2.83090584737
1009.04 2.49727872128
1010.04 4.02790809191
1011.05 3.84658541459
1012.05 4.90706838454
1013.12 4.43529588015
1014.12 4.60736063936
1015.12 4.5526953047
1016.16 3.81123387873
1017.17 4.74581206726
1018.25 4.6537905468
1019.25 4.5526953047
1020.26 4.21377022977
1021.31 4.09446502836
1022.31 4.83682717283
1023.32 2.27876923077
1024.32 2.96058788481
1025.32 3.73271528472
1026.32 3.51405394605
1027.33 3.59058541459
1028.33 3.04089421158
1029.34 3.32214173228
1030.35 2.55340336967
1031.35 3.0001998002
1032.36 3.20418632309
1033.44 2.89965587419
1034.45 4.23634194831
1035.45 2.77060539461
1036.55 2.53350318471
1037.67 2.93286708296
1038.71 3.14629672447
1039.79 3.03407407407
1040.79 2.91912887113
1041.8 1.82669573835
1042.8 2.71594005994
1043.8 2.51914485514
1044.91 2.79936462094
1045.91 3.23618781219
1046.91 2.92366833167
1047.92 2.79479365079
1048.92 2.75691816367
1049.93 2.64279365079
1050.93 2.71322954092
1051.94 2.62107936508
1052.94 3.05032567433
1054.02 3.14974814815
1055.02 3.97324275724
1056.02 3.38285714286
1057.03 3.34850793651
1058.03 3.79831368631
1059.03 3.08766433566
1060.04 3.27575769613
1061.04 2.72687312687
1062.04 2.78153846154
1063.04 2.86446353646
1064.05 2.79756901688
1065.05 2.92366833167
1066.05 2.90181018981
1067.05 3.45938861139
1068.06 3.81915392254
1069.06 3.29210379242
1070.07 3.13136507937
1071.07 3.18606193806
1072.07 3.10953046953
1073.07 3.99510889111
1074.08 2.93885203575
1075.19 3.44913873874
1076.2 3.66694653465
1077.2 3.61245154845
