1.02 2.92859724951
2.02 3.01113286713
3.04 2.82906378803
4.04 2.84713686314
5.04 3.13779020979
6.04 2.89890618762
7.05 2.82210735586
8.05 2.73780619381
9.05 2.56287712288
10.06 2.80565079365
11.06 2.71594005994
12.14 2.95300740741
13.15 3.06952626363
14.15 2.89086913087
15.16 2.98725867195
16.16 2.77060539461
17.16 3.02206593407
18.17 2.88451241311
19.17 2.62847552448
20.17 2.81433766234
21.19 3.00090284593
22.19 3.00359281437
23.2 3.03365079365
24.21 2.91928712871
25.22 2.46419009901
26.23 1.84838850347
27.23 2.07728271728
28.23 1.85222777223
29.24 2.55340336967
30.35 2.75488288288
31.36 3.07732277228
32.36 2.91273526474
33.37 2.83540931615
34.38 2.6133016815
35.4 2.72166437684
36.42 2.53908537782
37.47 2.63879733587
38.48 2.60313181368
39.49 1.41314059406
40.5 1.47364752475
41.51 1.2505980198
42.51 1.9222994012
43.52 1.18793650794
44.53 1.28944158416
45.53 1.02770829171
46.54 0.96983151635
47.54 1.67275924076
48.54 2.09275524476
49.55 2.59485714286
50.56 2.12828514851
51.56 1.68823176823
52.57 2.45128245788
53.58 2.27998415842
54.58 2.30048351648
55.59 2.22580594059
56.6 2.04996630327
57.62 1.71043137255
58.62 1.86955444555
59.64 1.42213150147
60.64 2.31781018981
61.65 2.28450793651
62.65 2.07088911089
63.66 2.27774033697
64.67 1.96575049505
65.68 1.64068118812
66.69 2.50303366337
67.7 2.08288031652
68.71 2.05446977205
69.72 2.27323442136
70.73 1.94600594648
71.84 1.78405004468
72.85 2.28501098901
73.85 1.95952894212
74.86 2.28457936508
75.88 2.39265882353
76.88 2.27861738262
77.89 2.34732210109
78.9 2.19963564356
79.9 2.15835364635
80.91 2.44736507937
81.92 2.45335445545
82.92 2.70869461078
83.92 2.38222222222
84.94 2.17179607843
86.04 2.26117690192
87.04 2.47087312687
88.04 2.21070109235
89.05 2.00909306931
90.06 2.61139009901
91.07 2.35514885115
92.07 2.38222222222
93.07 2.25675124875
94.08 2.56804752475
95.09 2.56287712288
96.09 2.37701498501
97.09 2.41479365079
98.11 2.5536
99.12 2.15835364635
100.12 1.9676987116
101.13 1.52782574257
102.14 1.07379187314
103.15 1.06639207921
104.15 1.26823576424
105.16 1.25183746283
106.17 1.44114059406
107.18 1.38696237624
108.19 1.35894653465
109.19 1.77115684316
110.2 1.56483168317
111.21 1.75537425743
112.22 1.57722893954
113.22 2.05541658342
114.23 1.8158493558
115.27 1.46707692308
116.28 1.55094610778
117.28 1.30285714286
118.3 0.60530196078
119.31 0.39008316832
120.34 0.46979121951
121.34 0.77315820896
123.75 0.05447714048
124.76 1.93030616302
125.77 1.4303049505
126.79 1.19541960784
127.8 0.87768712871
128.81 0.92102970297
129.82 1.05105742574
130.82 0.96664935065
131.84 1.09547399411
132.85 0.71515247525
133.87 0.77251764706
134.88 0.90385742574
135.89 1.44114059406
136.89 1.4805034965
137.9 1.48595441031
138.93 1.19462560154
139.94 1.5524955045
140.94 1.49783016983
141.95 1.32776214073
142.96 1.66868910891
143.98 1.50657254902
144.99 1.69036039604
145.99 1.55703496503
147.0 1.97404162537
148.0 1.52423576424
149.02 1.38545240432
150.03 0.89302178218
151.04 1.56033267327
152.04 1.38210589411
153.05 1.57272547076
154.05 1.37749058474
155.06 1.32744055944
156.07 1.48648818898
157.09 1.24566469428
158.09 1.35445544554
159.1 1.33383416583
160.1 1.38336507937
161.11 1.61451089109
162.12 1.2933493014
163.12 1.69203567889
164.13 1.37114767096
165.14 1.56033267327
166.14 1.01038161838
167.17 0.77639650146
168.18 0.40091881188
169.19 0.3359049505
170.21 0.25750588235
171.28 0.25570093458
172.3 0.24677647059
173.33 0.20187961165
174.39 0.15486792453
175.41 0.16094117647
211.62 0.00423166791
212.64 0.26196078431
213.65 0.68264554455
214.67 0.99783529412
215.68 0.74765940594
216.7 0.64376470588
217.74 0.41476923077
218.77 0.54188737864
219.78 0.4876039604
220.79 0.37924752475
221.8 0.28172673267
222.83 0.24438058252
223.83 0.22959440559
224.84 0.27115956392
225.85 0.34674059406
226.87 0.36925490196
227.9 0.44626019417
228.94 0.43144615385
229.95 0.4550970297
230.98 0.46751067961
232.0 0.35407058824
233.01 0.36841188119
234.11 0.32367883212
235.14 0.29635589942
236.17 0.32938252427
237.21 0.2736
238.22 0.18420594059
239.26 0.22098461538
240.3 0.24226371511
241.3 0.28425974026
242.34 0.33673846154
243.38 0.2736
244.43 0.27125262154
245.46 0.2868815534
246.48 0.21904313725
247.5 0.21458823529
248.51 0.16253465347
249.56 0.17701998097
250.61 0.14605910391
251.68 0.10228037383
252.73 0.12507428571
253.8 0.10228037383
254.85 0.07296
255.89 0.10523076923
256.94 0.16676571429
257.95 0.14086336634
259.54 0.05506415094
260.75 0.0542677686
261.79 0.05261538462
262.81 0.10741960784
263.9 0.1103266055
264.94 0.14732307692
266.04 0.11938909091
268.19 0.02038938053
286.16 0.0048721202
287.18 0.12775097276
288.2 0.08583529412
289.36 0.05660689655
290.52 0.05704952215
291.67 0.0566557377
292.84 0.05612307692
293.99 0.05709913043
295.09 0.05969454545
296.26 0.05612307692
297.28 0.05364705882
298.31 0.04250097087
299.55 0.06544516129
300.58 0.2868815534
301.86 0.21526357199
302.88 0.48282352941
303.88 0.69416848365
304.89 0.86771060456
305.9 0.92644598612
306.91 1.01855049505
307.92 0.87768712871
308.93 0.69279525223
309.94 0.62274727453
310.96 0.56921687929
311.97 0.67180990099
312.99 0.86003929273
314.0 0.90207114625
315.02 0.89054117647
316.04 0.65449411765
317.04 0.71064935065
318.05 0.84601783944
319.07 1.16323137255
320.08 1.06189306931
321.09 1.26143366337
322.1 1.48448316832
323.11 0.86685148515
324.11 0.84638561439
325.12 1.48595441031
326.12 1.23543656344
327.13 0.98067789891
328.15 1.54503529412
329.18 0.72251650485
330.2 0.81989019608
331.22 0.60084705882
332.25 0.39351603499
333.28 0.32938252427
334.34 0.27876226415
335.39 0.13549714286
336.77 0.07137391304
337.84 0.15356407858
338.89 0.16676571429
356.06 0.00446043668
357.07 0.80105284148
358.07 2.70046753247
359.07 2.60660939061
360.07 2.20208591409
361.13 1.88691115312
362.14 2.29943310208
363.15 2.31479088206
364.16 1.52933994054
365.16 1.43677122877
366.17 1.87642418236
367.17 0.91198401598
368.18 0.99786719524
369.19 1.49531881188
370.2 1.22771117705
371.2 1.90235364635
372.21 1.94793650794
373.21 2.19115284715
374.3 2.4640587156
375.31 2.71159563925
376.31 2.57381018981
377.32 2.17377998018
378.32 2.29309018831
379.33 2.51460539461
380.34 2.45335445545
381.34 1.94867864271
382.34 2.15398807157
383.34 1.83036163836
384.35 2.28224380575
385.36 2.74141782178
386.37 1.70400791296
387.38 1.92428939544
388.38 2.5474045954
389.39 2.17380376611
390.39 2.51914485514
391.48 2.33567676768
392.48 2.32874325674
393.49 2.32562933598
394.51 2.51267384917
395.61 0.44770909091
396.62 3.0414826561
397.67 2.1973129771
398.67 2.63486913087
399.68 2.59421782178
400.69 2.11079365079
401.69 2.61754245754
402.7 2.91767690783
403.7 2.85806993007
404.7 2.72687312687
405.71 2.71879365079
406.71 2.71594005994
407.71 2.32234965035
408.72 2.29085714286
409.73 2.18030464886
410.73 2.69407392607
411.74 2.38857142857
412.74 1.68823176823
413.8 1.98847214353
414.84 2.75089230769
415.84 2.92713772455
416.85 2.44736507937
417.85 2.22395204795
418.86 2.75136507937
419.86 2.77060539461
420.88 2.15645320197
421.89 1.56790541872
422.93 2.60356923077
423.93 1.81307784431
425.01 2.23354074074
426.12 2.29148828829
427.17 2.91786259542
428.17 3.14872327672
429.18 2.48832507433
430.19 2.42565079365
431.19 1.95062537463
432.19 2.12101498501
433.2 1.64393650794
434.21 2.26689395441
435.21 2.0579001996
436.21 2.61754245754
437.23 2.54157956778
438.24 2.78925940594
439.24 2.89726273726
440.25 2.51001783944
441.25 2.73780619381
442.26 2.65365079365
443.31 2.14938915319
444.31 2.66766833167
445.31 2.59567632368
446.32 2.48239920556
447.32 2.37701498501
448.32 2.37247552448
449.33 1.67650793651
450.33 1.56342857143
451.34 1.12168087215
453.01 0.30800479042
454.01 0.86371228771
455.02 1.32325867195
456.03 0.96887128713
460.54 0.11887741077
461.73 0.03666331658
462.93 0.03648
464.13 0.03644962531
465.33 0.03651042535
466.53 0.03648
467.75 0.03591140279
468.99 0.03530322581
470.19 0.03648
471.45 0.03474285714
472.67 0.03588196721
473.87 0.03648
475.07 0.03648
476.09 0.03218823529
477.31 0.02691147541
478.53 0.03585257985
479.73 0.03651042535
480.99 0.03474285714
482.19 0.03648
483.47 0.0342
484.81 0.03266865672
486.09 0.02565
487.37 0.02565
488.65 0.02565
489.97 0.02487272727
491.25 0.02565
492.57 0.02481632653
493.85 0.02571025842
495.13 0.02565
496.43 0.02525538462
497.69 0.02607783956
498.97 0.02562997658
500.41 0.0228
501.75 0.02451979089
503.01 0.02603647898
504.29 0.02567005473
505.57 0.02565
506.85 0.02565
508.13 0.02565
509.45 0.02487272727
510.69 0.02647741935
511.97 0.02565
513.29 0.02485389856
514.61 0.02487272727
516.15 0.02131948052
517.45 0.02527482679
518.69 0.02647741935
519.97 0.02565
521.25 0.02565
523.03 0.0148494382
524.21 0.03709830508
526.32 0.03117948718
527.33 0.04317159763
528.53 0.03648
529.83 0.03367384615
531.01 0.03709830508
532.33 0.03316363636
533.57 0.03530322581
534.79 0.03588196721
535.93 0.0288
537.09 0.03773793103
538.29 0.03648
539.51 0.03588196721
540.71 0.03648
541.91 0.03648
543.07 0.04717241379
544.17 0.05969454545
545.17 0.55647457627
546.18 1.90910029791
547.2 0.79130980392
548.2 1.76022377622
549.21 1.24099108028
550.22 1.20275643564
551.22 1.3229010989
552.23 0.94813875124
553.24 1.20275643564
554.69 0.35449207443
555.75 0.16534844193
556.79 0.07366153846
557.81 0.15021176471
558.82 0.59255721393
559.82 1.7113625498
560.82 1.38210589411
561.83 1.58357185332
562.84 1.38696237624
563.85 1.18675916749
564.86 1.20394846383
565.87 1.13140594059
566.87 1.44316483516
567.89 1.29953287537
568.89 1.05411388611
569.9 1.43172249752
570.91 1.36979009901
571.91 1.60716083916
572.93 1.44989205103
573.95 1.4207372549
574.96 1.63618217822
575.96 1.40397202797
576.97 1.37749058474
577.98 1.05555643564
578.98 1.63996003996
579.99 1.60050793651
580.99 1.74929070929
582.0 1.22892673267
583.01 1.61451089109
584.14 1.41802477876
585.14 2.00075124875
586.14 1.63356643357
587.15 2.204
588.15 2.08182217782
589.16 1.90450793651
590.17 2.06756083086
591.18 1.45647524752
596.02 0.1877536172
601.44 0.00201769912
602.45 1.46783431953
603.46 1.25557057654
604.46 2.06634965035
605.47 1.5989296333
606.48 0.67970019724
607.49 2.67271641791
608.49 2.12343313373
609.5 2.21485714286
610.5 1.81942857143
611.57 2.27699906455
612.59 2.47018645731
613.59 1.96155844156
614.6 2.29309018831
615.6 2.44900699301
616.62 1.94838861629
617.62 1.96155844156
618.62 1.84768831169
619.63 1.49193650794
620.65 1.30898823529
621.68 1.00939805825
622.69 0.88218613861
623.7 1.11607128713
624.71 0.856864222
625.71 0.86371228771
626.72 0.58904055391
627.74 0.92454223969
628.75 0.99786719524
629.75 0.65598401598
630.77 0.47701668302
631.8 0.63689621726
632.8 0.62971428571
633.83 0.43947502449
634.84 0.52011089109
637.83 0.12042414138
638.96 0.10672340426
639.97 0.26160956175
640.97 0.24336507937
641.99 0.37849802372
643.01 0.33228599412
644.02 0.43044247788
645.04 0.32188235294
646.05 0.27305389222
647.07 0.19256304985
648.07 0.1965988024
649.08 0.25928529121
650.13 0.20845714286
651.14 0.27089108911
652.26 0.21902857143
653.33 0.14319252336
654.87 0.09292749837
655.89 0.61157647059
656.92 0.4423946102
657.93 0.50927524752
658.95 0.41134718101
659.98 0.20013089509
661.0 0.31115294118
662.03 0.36125825243
663.13 0.18321454545
664.16 0.70126601942
665.18 0.61157647059
666.36 0.13911864407
667.37 0.31423366337
668.42 0.15634285714
669.43 0.13067996012
670.44 2.4862992126
671.45 1.70385628743
672.45 1.32495238095
673.47 1.68451764706
674.48 1.2831049505
675.51 1.56191067961
676.51 1.75383016983
677.53 1.26855795678
678.54 0.67180990099
679.55 0.40541782178
680.55 0.40452347652
681.59 0.57154352031
682.59 0.40291343284
683.6 0.4786640159
684.63 0.43394970986
685.64 0.42259009901
686.72 0.32847407407
687.76 0.5472
688.77 0.41216253717
689.78 0.46547181009
690.78 0.85277922078
691.85 0.87444714687
692.86 1.25569139466
693.87 0.96532804757
694.88 1.0148990099
695.89 0.7999444995
696.9 1.24486646884
697.91 1.04022178218
698.93 0.61663591757
699.97 0.35744092219
701.01 0.22098461538
702.03 0.33293817468
703.05 0.22531764706
704.07 0.40972610837
705.07 0.94739104478
706.07 1.11971228771
707.07 2.19754645355
708.09 2.14381139489
709.09 2.35514885115
710.1 2.12589098117
711.11 1.47961149653
712.12 1.31111287129
713.12 1.23997602398
714.13 1.73714285714
715.14 1.75987326733
716.15 1.48595441031
717.16 0.80183762376
718.17 0.57878811881
719.2 0.37044487427
720.21 0.8267833002
721.21 1.52423576424
722.22 2.37300594059
723.24 1.94647843137
724.25 2.47502574257
725.26 2.78752031715
726.26 1.7756963037
727.28 1.59397055937
728.28 1.74929070929
729.29 1.78331020813
730.3 1.87642418236
731.33 1.07756116505
732.35 0.7296
733.38 0.4882870999
738.79 0.02420982638
739.81 2.30362130178
740.83 0.76178823529
741.83 0.70711729622
743.29 0.72977594502
744.3 0.80688206145
745.31 1.0087135778
746.31 2.24970465808
747.39 2.53988507878
748.4 2.68458160237
749.41 2.33328271728
750.41 2.02393650794
751.41 2.24127872128
752.42 2.04902297702
753.42 1.70092063492
754.42 1.77937262737
755.43 2.21301898102
756.43 1.368
757.44 1.47814653465
758.44 2.83166433566
759.46 1.65841020608
760.47 1.52782574257
761.48 1.56483168317
762.51 1.38138551859
763.53 0.63252918288
764.55 0.81543529412
765.56 0.90024975223
766.61 1.28511512845
767.64 0.96783673469
768.64 0.38265734266
769.66 0.84845534838
770.66 1.5789010989
771.67 2.13462178218
772.68 1.79238019802
773.69 1.89623762376
774.7 1.61900990099
775.72 1.73189019608
776.73 1.7896531219
777.74 1.76895746785
778.75 2.02626534653
779.75 1.85222777223
780.76 2.13673736373
781.76 1.96155844156
782.77 1.9676987116
783.79 1.62173110893
784.8 1.17474851485
785.8 1.74754491018
786.83 1.52057756098
787.83 1.65851246261
788.85 0.89054117647
789.96 0.56558055806
790.97 1.01855049505
791.99 0.98807458292
793.01 0.85835294118
794.02 1.03388514851
795.04 1.63087058824
796.06 1.37517948718
797.06 1.01172166998
798.07 0.87768712871
799.33 0.71640349484
800.34 1.4303049505
801.37 0.82957434402
802.37 0.84184615385
803.38 1.76161744301
804.38 1.8084955045
805.4 1.25657311089
806.41 0.93186534653
807.49 0.81487407407
808.51 1.099791133
809.52 0.90571034483
810.57 1.06111026616
811.59 0.98275834971
812.6 1.46281188119
813.61 1.17358654797
814.62 1.50764717542
815.63 1.32194851485
816.64 0.65463762376
817.65 0.99490909091
818.66 1.28114285714
819.67 1.15881393035
820.67 1.42653134328
821.68 1.57566732673
822.69 1.64701782178
823.69 1.22904295704
824.7 1.60526461843
825.71 1.75987326733
826.72 1.69036039604
827.73 1.59733861386
828.75 1.12769381747
829.75 1.01576047904
830.76 1.30606937562
831.77 1.69036039604
832.78 1.45647524752
833.79 1.5820039604
834.8 0.58512475248
835.82 0.48282352941
836.83 0.63296633663
837.84 0.87768712871
838.85 0.84518019802
839.87 1.14177254902
840.88 2.0371009901
841.89 1.68569276511
842.89 1.85676646707
843.9 1.54622222222
844.92 1.21242352941
845.93 1.23526336634
846.94 0.68714455446
847.95 1.61451089109
848.96 1.04125272547
849.96 1.06504695305
850.96 1.33383416583
851.97 1.05765079365
852.97 1.4212987013
854.0 1.42378252427
855.01 0.96983151635
856.02 1.12802378593
857.04 1.26607058824
858.04 1.62706467662
859.05 2.57445572139
860.11 2.32730566038
861.12 2.30570919881
862.13 1.72907829534
863.14 1.47657142857
864.14 1.49045787909
865.15 1.79302297702
866.15 1.23014469772
867.16 1.76796035679
868.16 1.98342457542
869.17 1.81488911089
870.17 2.23022222222
871.25 1.59366512488
872.26 1.47510802775
873.26 0.98397602398
874.28 1.21807262022
875.29 1.93065609514
876.29 1.91782617383
877.3 1.92171428571
878.3 1.07598001998
879.31 1.60526461843
880.32 1.54316039604
881.33 1.99573439049
882.33 2.27861738262
883.34 2.5292039604
884.35 2.29309018831
885.36 1.93766172107
886.37 1.92431318137
887.46 2.43840441176
888.46 1.86768862275
889.47 1.43765079365
890.48 0.93002371542
891.49 1.41142857143
892.49 1.73196403596
893.58 2.22513131313
894.59 2.41634851485
895.6 2.25831287129
896.61 2.520864222
897.61 2.59567632368
898.61 3.05032567433
899.62 2.24107936508
900.63 2.46175272008
901.68 1.89447328244
902.68 2.68953446553
903.68 3.22979420579
904.7 2.81832384691
905.71 1.92431318137
906.72 2.3288574238
907.74 2.24464769382
908.74 3.20792807193
909.74 3.80924675325
910.75 3.4461984127
911.82 3.36645837231
912.82 3.95137662338
913.82 4.14817182817
914.82 4.46523876124
915.91 3.50198344066
916.91 3.23295808383
917.91 3.10953046953
918.99 3.23981429898
919.99 3.45938861139
921.07 2.85696474954
922.17 2.9861435059
923.18 3.1315009901
924.19 2.72965079365
925.2 2.55917705242
926.2 2.84713686314
927.2 2.92366833167
928.21 2.84892857143
929.36 2.17574238468
930.36 2.6458021978
931.36 3.15326273726
932.36 3.56871928072
933.36 3.35005794206
934.37 2.0388389662
935.38 0.89935841584
936.38 0.81358641359
937.39 1.36664420218
938.4 1.72286732673
939.4 1.98144510978
940.41 2.29536507937
941.41 2.51914485514
942.41 2.76606593407
943.42 2.54507936508
944.42 2.70500699301
945.42 2.72687312687
946.42 2.24581818182
947.43 3.08342857143
948.44 2.79202378593
949.46 1.92501960784
950.46 1.21357042957
951.46 1.58983416583
952.46 2.71594005994
953.47 2.80026216485
954.47 2.06364035964
955.48 2.21716551041
956.52 2.17212307692
957.52 2.17568031968
958.53 1.48107936508
959.61 2.67692876966
960.62 3.1779900892
961.63 2.44251881188
962.63 2.62847552448
963.64 2.75136507937
964.64 3.12046353646
965.64 2.51914485514
966.65 2.64914285714
967.66 2.31249108911
968.66 1.76476323676
969.67 2.13673736373
970.68 1.99825742574
971.68 2.14742057942
972.68 3.39379020979
973.69 3.21822222222
974.77 2.63887407407
975.77 2.9081958042
976.77 2.56285314685
977.78 2.93596031746
978.78 3.17512887113
979.79 2.84625569871
980.79 2.9674005994
981.79 3.14232967033
982.79 2.81432967033
983.8 2.79756901688
984.81 2.29715643564
985.82 2.10661386139
986.83 2.11744950495
987.83 2.51460539461
988.83 2.97536127745
989.84 2.93089463221
990.84 2.61754245754
991.84 3.72178221778
992.85 2.09785530228
993.86 1.70288206145
994.87 1.47814653465
995.87 2.02261738262
996.88 1.01221386139
997.89 1.67952475248
998.9 1.09548463826
999.9 1.13064535465
1000.9 2.49727872128
1001.98 2.88742115028
1002.98 1.90045508982
1004.0 2.0900589391
1005.0 2.38340859141
1006.01 1.42633070866
1007.05 1.90079380445
1008.05 3.31725874126
1009.09 3.1192
1010.1 3.35603567889
1011.11 3.23032245302
1012.19 2.94288148148
1013.19 2.83166433566
1014.19 2.49727872128
1015.19 2.42074725275
1016.19 3.99510889111
1017.2 3.84853333333
1018.2 3.21886113886
1019.2 2.636750499
1020.21 2.14551737835
1021.22 2.02626534653
1022.22 2.21301898102
1023.22 2.47541258741
1024.23 3.25519207921
1025.24 2.49917145689
1026.41 2.66265183918
1027.49 3.03407407407
1028.56 3.06242990654
1029.56 3.29539260739
1030.57 2.86344499504
1031.58 2.89761584158
1032.58 2.48634565435
1033.59 2.78925940594
1034.59 2.69407392607
1035.6 2.26914285714
1036.61 2.51836831683
1037.61 2.97832567433
1038.62 3.57296333003
1039.62 3.78738061938
1040.62 3.31394810379
1041.7 3.41256081708
1042.74 3.15380173244
1043.74 3.29539260739
1044.75 3.05867988107
1045.76 2.53752720079
1046.77 2.16293359762
1047.77 2.10368831169
1048.78 2.35366501487
1049.79 1.92240792079
1050.8 2.08494257426
1051.8 2.56927072927
1052.81 2.39070763132
1053.81 1.98342457542
1054.81 2.45371428571
1055.82 1.49143656344
1056.83 1.78788118812
1057.83 1.78662937063
1058.84 2.09785530228
1059.85 2.45969108911
1060.85 2.13633566434
1061.92 1.59122170253
1062.92 2.27407792208
1063.92 1.79576846307
1064.93 2.24966037736
1065.94 1.35895445545
1066.94 1.83303865213
1067.95 1.41490509491
1069.01 1.98659622642
1070.03 2.24244705882
1071.03 2.05446977205
1072.17 1.92398596491
1073.18 2.76308910891
1074.19 1.93515956392
1075.2 2.08494257426
1076.2 2.79886513487
1077.21 2.37986124876
1078.22 2.32102868447
1079.24 2.51760549558
1080.29 2.56036606292
1081.3 2.72788130564
1082.31 1.95685232904
1083.31 1.83036163836
1084.31 2.40527472527
1085.32 1.55707936508
1086.32 2.55466133866
1087.33 2.13404162537
1088.33 2.09275524476
1089.61 1.80901329163
1090.61 2.6458021978
1091.62 2.31478295342
1092.62 2.06882235529
1093.63 2.7114005994
1094.63 1.84119165839
1095.63 1.76476323676
1096.64 1.41002973241
1097.7 1.48070188679
1098.71 1.57272547076
1099.72 1.25569139466
1100.74 1.22881256133
1101.74 1.76022377622
1102.75 1.34945490585
1103.76 2.00261127596
1104.77 1.55553617443
1105.78 1.51699009901
1106.8 1.02374901961
1107.82 1.42701176471
1108.82 1.84129470529
1109.82 2.27407792208
1110.83 2.11079365079
1111.84 1.65785346535
1112.85 1.64068118812
1113.91 1.67686037736
1114.92 1.90896333003
1115.92 1.55703496503
1116.93 1.8655777998
1117.94 1.83572277228
1118.95 1.75924260355
1119.96 1.60368986083
1120.96 2.29594405594
1121.97 2.01108424182
1122.97 1.89596003996
1123.98 2.3211258672
1124.98 2.20208591409
1125.98 2.28726546906
1127.0 2.39971681416
1128.02 1.65516160627
1129.03 1.80679365079
1130.03 1.84768831169
1131.03 1.7428971029
1132.03 2.72233366633
1133.04 2.23022222222
1134.05 1.95685232904
1135.05 2.50821178821
1136.06 2.18012289395
1137.06 2.04902297702
1138.06 2.37701498501
1139.07 2.53805351833
1140.08 1.94407920792
1141.09 1.93515956392
1142.09 2.14288111888
1143.1 1.96575049505
1144.21 2.10605590622
1145.21 2.75513286713
1146.21 1.40397202797
1147.43 1.9625090312
1148.43 2.40527472527
1149.44 2.26055104063
1150.48 1.79501828681
1151.48 2.25221178821
1152.48 2.21301898102
1153.58 1.89790892532
1154.59 2.31882772277
1155.6 2.11954806739
1156.6 2.13648751249
1157.61 2.45128245788
1158.61 2.40981418581
1159.62 2.18462636274
1160.62 2.47087312687
1161.62 2.13435528942
1162.63 2.05855014896
