1.01 3.01352079208
2.01 2.35164870259
3.04 1.48605447471
4.06 0.80672156863
5.1 1.27674615385
6.11 1.69672079208
7.11 2.44139060939
8.15 1.9572666025
9.16 2.91622551929
10.17 3.66564915758
11.17 2.683004995
12.35 2.41754707379
13.35 2.08423576424
14.35 3.36673978066
15.48 1.86292717584
16.49 3.12267722772
17.74 1.6809088
18.76 3.17478978389
19.76 3.62995812562
20.76 2.79106493506
21.78 3.44786653582
22.78 2.68885514486
23.78 3.88416383616
24.8 2.75024236453
25.8 3.20595608782
26.88 3.18648888889
27.88 3.97338661339
28.88 2.61966033966
30.02 3.43665787159
31.12 3.2901923775
32.3 3.33228837998
33.45 3.18737391304
34.55 1.76725750682
35.56 3.23876435644
36.6 2.56790769231
37.61 3.38646336634
38.68 2.67179813084
39.68 3.28852747253
40.68 2.61860539461
41.69 3.23746031746
42.69 3.27994405594
43.69 2.41880519481
44.7 3.26738888889
45.8 2.84903272727
46.81 3.58735049505
47.81 3.50501498501
48.94 2.80124822695
49.94 3.53948451548
50.94 2.46734065934
51.95 3.10098711596
52.96 2.62647920792
53.97 2.26862698413
55.08 2.50152072072
56.08 2.41555244755
57.09 1.9015579782
58.18 1.67079633028
59.19 3.06541641939
60.19 3.18733266733
61.27 2.70928133705
62.27 2.45017382617
63.28 2.90585530228
64.28 3.03836963037
65.28 3.04267732268
66.29 1.55587301587
67.29 1.92909415263
68.3 2.11638019802
69.32 2.10897725025
70.32 3.00256888008
71.33 2.67530869131
72.33 3.29148412698
73.36 2.50164660194
74.45 2.90615045872
75.46 2.91910578842
76.51 1.64691115312
77.52 1.78101898102
78.69 3.12989312977
79.7 3.66903496503
80.75 3.18686307838
81.77 3.5953254902
82.81 3.16567692308
83.95 3.22802807018
84.96 3.70688511489
85.96 2.39334786918
86.97 2.79571628372
88.16 3.11105921601
89.17 3.38163436563
90.17 2.28825548902
91.34 3.12823809524
92.34 2.75856943057
93.35 2.72485544554
94.36 3.20403984064
95.41 2.71353581662
96.41 3.92042021804
97.42 2.30472727273
98.42 3.2271555996
99.46 2.93616153846
100.47 2.78446732673
101.48 1.94037227723
102.59 1.54588108108
103.6 2.73312287712
104.6 1.84635877106
105.8 2.74106
106.81 3.54799207921
107.82 3.53643156843
108.82 3.8575024975
109.97 3.33316753022
110.98 2.63548451548
111.98 3.20461138861
113.05 2.39882003711
114.06 3.44610589411
115.06 2.90985133796
116.2 3.03458947368
117.21 3.43202376238
118.22 2.84234965035
119.22 2.71983349851
120.28 2.73355893536
121.36 3.03483088235
122.37 3.30372027972
123.42 3.55684985836
124.43 3.31633966034
125.43 2.71333201189
126.44 2.04501898102
127.44 2.06597402597
128.44 2.77685799404
129.45 1.59526660059
130.63 1.89454360711
131.64 2.3404990099
132.65 2.05851089109
133.65 2.29182817183
134.74 1.87973553719
135.76 2.63925765054
136.76 1.94423038729
137.77 2.43706930693
138.78 2.67064554455
139.79 2.09728571429
140.79 2.59174425574
141.93 2.14148551361
142.93 2.44435564436
143.94 2.37684836472
144.94 2.83106493506
146.18 1.94890572119
147.3 2.0383255814
148.3 2.65698301698
149.44 2.20553467954
150.46 2.75275294118
151.46 2.81755844156
152.46 3.97671128871
153.47 4.06151040634
154.51 3.02278412391
155.51 4.25689332004
156.67 3.52997250859
157.67 3.1395004995
158.67 3.15712287712
159.68 3.10492154916
160.68 3.39211188811
161.68 3.13323476523
163.3 1.61939184178
164.3 4.58277722278
165.3 3.32792015968
166.39 3.51402391904
167.39 3.76075124875
168.51 2.95764075067
169.51 4.07636726547
170.59 3.01533951763
171.59 4.11775424575
172.61 3.17512339585
173.61 3.37452947053
174.61 3.02100696517
175.63 3.08026035503
176.63 3.18067594433
177.63 3.09964435564
178.64 3.852432111
179.65 3.0673029703
180.65 3.38185229541
181.66 3.07715820896
182.83 3.55455536627
183.83 4.10876323676
184.84 3.24023153693
185.84 4.35440714995
186.84 3.65394605395
187.96 2.1232515667
188.96 2.95318281718
189.97 2.99954104847
190.97 3.06640559441
191.98 3.35045084409
193.05 3.00714766355
194.05 3.25960878244
195.06 2.9735
196.1 3.52421944177
197.1 4.2154005994
198.27 3.46453378956
199.39 3.37793398751
200.51 3.64514030384
201.94 2.69117202797
203.02 3.18714814815
204.03 3.88643323442
205.03 3.74994810379
206.04 2.86311817279
207.22 3.0742895851
208.62 2.64475768406
209.62 1.93515284715
210.63 1.88385332012
211.73 1.86125340599
212.74 2.80593267327
213.74 2.827004995
214.75 2.90818253968
215.75 4.02701992032
216.76 4.17716898608
217.84 3.42618518519
218.84 3.1398041958
219.84 3.01607992008
220.84 2.97442557443
221.98 3.00433743409
223.09 2.72798557259
224.09 2.75851348651
225.1 1.31226957384
226.1 2.05215584416
227.1 2.09505694306
228.11 2.00485714286
229.11 1.58951448551
230.11 2.5800999001
231.25 2.68904042179
232.25 2.89022754491
233.39 1.9410685413
234.39 2.49944455544
235.39 2.54474325674
236.4 2.58594444444
237.4 2.2273006993
238.41 2.23447920792
239.41 2.79666733267
240.42 2.70848412698
241.42 1.96980619381
242.42 3.16641758242
243.43 3.1519047619
244.46 2.44711370262
245.47 3.29496237624
246.48 1.78146785361
247.48 3.37508091908
248.59 1.76131053105
249.6 2.38811519364
250.6 2.54210778443
251.61 2.86628571429
252.61 2.7478041958
253.62 3.03788888889
254.62 3.99056943057
255.62 3.32808791209
256.63 3.21580971259
257.63 3.42926673327
258.64 3.49075396825
259.64 3.43098501499
260.64 1.9244995005
261.65 2.62816285998
262.66 2.24335381566
263.66 2.21558441558
264.67 3.18883647175
265.67 3.01893306693
266.68 2.77408126858
267.68 3.29354645355
268.68 4.2151048951
269.87 3.49276254181
270.97 3.5840653951
271.98 4.65461738262
272.98 4.22258541459
273.98 3.92493906094
275.12 3.68011857018
276.37 0.23810475423
277.41 6.19061201144
278.42 2.18293013972
279.51 2.26198178506
280.52 2.42074725275
281.52 2.30532539683
282.52 2.44900699301
283.53 1.62710802775
284.72 1.20462521008
285.72 2.06634965035
286.73 2.93596003996
287.73 2.24346853147
288.73 3.93361904762
289.74 4.18778021978
290.85 3.54450850492
291.86 4.15028855721
292.86 4.08909054726
293.87 3.02171881188
299.49 0.02335150543
301.11 1.78059741856
302.11 2.70046753247
303.2 2.57765289256
304.2 3.42157042957
305.2 3.13494505495
306.21 3.25966236346
307.21 3.18784415584
308.22 3.31476984127
309.22 1.32863936064
310.23 2.64027750248
311.23 2.86208991009
312.24 3.01094444444
313.29 3.03734095238
314.43 3.2028115688
315.44 3.18045148515
316.45 3.11899405941
317.45 2.93854145854
318.46 3.19033167825
319.46 3.0086953047
320.46 3.2095984016
321.47 3.18786507937
322.48 2.91601584158
323.48 2.90065934066
324.48 2.90372027972
325.49 2.52003174603
326.49 2.46398401598
327.5 2.38570465808
328.51 2.4526019802
329.51 2.6458021978
330.52 1.94371456888
331.53 2.23214257426
332.53 1.6645034965
333.54 1.53170267592
334.54 1.94608591409
335.55 1.44182720953
336.55 1.63996003996
337.56 1.41946930693
338.57 0.88852277228
339.59 0.58697254902
340.61 0.79397647059
345.11 0.019456
346.13 4.38505882353
347.13 1.93515284715
348.14 2.1692765114
349.15 1.69654653465
350.35 1.71774666667
351.35 2.23034565435
352.36 2.05908730159
353.37 1.3977980198
354.38 0.79712475248
355.39 1.46281188119
356.4 1.09798626104
357.42 0.7296
358.43 1.01855049505
359.44 0.62854653465
360.45 0.85601584158
361.6 0.88538434783
362.63 0.5206368932
363.64 0.42300891972
364.65 0.96532804757
365.65 1.55473053892
366.66 2.1226031746
367.78 2.10018198037
368.99 1.85359801489
370.06 1.8185046729
371.06 1.63996003996
372.08 1.30312770138
373.08 0.72158241758
374.09 0.59951635282
375.1 0.50877151335
376.11 0.32506930693
377.13 0.42959764475
378.14 0.93186534653
379.15 0.72704253215
380.16 0.99786719524
381.17 1.03336237624
382.18 0.80183762376
383.19 0.43342574257
384.21 0.41844705882
385.29 0.42899259259
386.31 0.56865882353
387.31 0.43732267732
388.34 0.4892361516
389.35 0.58512475248
390.37 0.43990588235
391.38 0.30181602374
392.39 0.40131615461
393.41 0.52574117647
394.46 0.21888
395.5 0.22098461538
396.51 0.29227299703
397.54 0.25525364431
398.56 0.25750588235
399.57 0.35757623762
400.79 0.32411484824
401.8 0.59537091988
402.81 0.93186534653
403.83 0.85835294118
404.84 0.67010089021
405.86 0.66587634936
406.88 0.63303529412
407.91 0.5636851312
408.92 0.37924752475
409.95 0.2446180758
411.16 0.20097109827
412.17 0.28172673267
413.18 0.35793062438
414.18 0.36079120879
415.21 0.28716034985
416.24 0.41438446602
417.25 0.3355727003
418.26 0.41175445545
419.32 0.40265660377
420.35 0.36125825243
421.36 0.25677623762
422.38 0.44033758587
423.38 0.67785014985
424.4 0.82778781925
426.0 0.08166479751
427.01 1.38786069652
428.03 0.34334117647
429.03 0.38265734266
430.04 0.75924677899
431.05 0.73682376238
432.06 0.70431683168
433.09 0.28135014549
434.13 0.34759576516
435.15 0.29983561644
436.16 0.29343396226
437.18 0.40771764706
438.2 0.27896470588
439.23 0.27652478134
448.51 0.00942838682
449.53 0.10729411765
450.57 0.10523076923
451.64 0.10228037383
452.66 0.09656470588
453.7 0.10523076923
454.79 0.1104440367
455.8 0.10835643564
456.81 0.09752079208
457.86 0.08338285714
459.11 0.0700416
460.19 0.04053333333
474.44 0.00460832339
475.6 0.44475862069
476.62 0.5472
477.63 0.39008316832
478.64 0.31423366337
479.67 0.44669387755
480.7 0.32938252427
482.57 0.08778609626
492.35 0.00671411043
493.37 0.20385882353
494.39 0.34334117647
495.47 0.2128
496.53 0.21681509434
497.55 0.28969411765
498.61 0.19616603774
499.73 0.12702857143
503.94 0.03112609831
507.35 0.21523004695
508.43 0.08106666667
509.47 0.14732307692
510.74 0.07755590551
523.42 0.00172672767
524.43 0.6061958457
525.49 0.54458923513
526.51 0.32188235294
527.59 0.22293333333
528.62 0.13812815534
529.68 0.11356981132
530.96 0.11886423584
532.02 0.19616603774
533.05 0.27625631068
534.06 0.21671287129
535.07 0.27089108911
536.12 0.28385014409
537.13 0.18420594059
538.48 0.00809467456
539.51 0.24485603113
540.52 0.31423366337
541.54 0.40771764706
542.55 0.58512475248
543.57 0.42917647059
544.57 0.32571428571
546.33 0.08079045997
547.37 0.38972858518
548.37 0.22959440559
549.41 0.23493358999
550.71 0.21046153846
551.75 0.92514121037
552.78 0.1700038835
553.82 0.35812897016
554.83 0.34674059406
555.84 0.55207121662
556.86 0.33261176471
558.59 0.20349099361
559.61 0.25550194553
560.65 0.3841
561.67 0.51501176471
562.7 0.31024046921
563.7 0.38
564.74 0.23150769231
565.79 0.22974045802
566.8 1.27825742574
567.89 1.30608440367
568.89 1.82582217782
570.04 1.34984160139
571.05 1.34361980198
572.07 0.62230588235
573.11 0.19993846154
574.12 0.25979821958
575.16 0.36830769231
576.17 0.3036987116
577.19 0.39698823529
578.21 0.22651764706
579.24 0.34000776699
580.26 0.19312941176
581.28 0.12862683643
582.31 0.19144023324
583.35 0.18941538462
584.36 0.24921980198
585.38 0.30042352941
586.4 0.36515799804
587.42 0.42917647059
594.71 0.05253600329
595.87 0.02830344828
597.03 0.02830344828
598.35 0.01658181818
599.55 0.01824
600.73 0.01854915254
601.87 0.0192
603.05 0.01854915254
604.35 0.01683692308
605.53 0.01854915254
606.67 0.0192
607.83 0.01886896552
608.91 0.03042817424
610.23 0.03316363636
611.29 0.03094439208
612.61 0.02485389856
613.83 0.01795570139
615.03 0.01824
654.04 0.0002805938
655.44 0.01556756757
673.63 0.00278691229
674.63 1.46503096903
675.69 2.03239245283
676.7 2.05877227723
677.71 1.71897435897
678.72 1.96904970179
679.77 1.68745853194
680.77 2.52553846154
681.77 1.96971828172
682.85 1.94316960148
683.87 2.31755294118
684.87 2.18150649351
685.88 2.12878493558
686.88 1.98893413174
687.89 2.36920754717
688.89 2.0122037962
689.9 1.51400594648
690.9 2.06634965035
691.91 1.54380178394
692.91 1.78208991009
694.07 0.57528151986
695.07 2.40527472527
696.07 1.52915084915
697.08 1.49266997027
698.17 1.76791184573
699.17 2.03355044955
700.18 1.53545292369
701.19 1.93848712871
702.21 2.45703529412
703.21 1.67311888112
704.22 1.04125272547
705.22 0.42638961039
706.25 0.50135402522
707.27 0.33135559921
722.43 0.01298991098
723.45 0.09656470588
724.49 0.10523076923
725.53 0.10523076923
726.56 0.10625242718
727.57 0.10835643564
728.62 0.11465142857
729.71 0.1104440367
730.82 0.10845405405
731.86 0.10523076923
732.91 0.10422857143
734.01 0.10944
735.1 0.1104440367
736.11 0.10835643564
737.14 0.10625242718
738.19 0.10422857143
739.2 0.10835643564
740.25 0.10422857143
741.28 0.10625242718
742.35 0.10237605239
743.44 0.11034280477
744.46 0.10729411765
745.46 0.37492107892
746.47 1.17991691395
747.58 1.12429215509
748.59 1.58514285714
749.59 1.29350649351
750.6 1.8854019802
751.6 2.33967632368
752.61 2.54624380575
753.61 2.89684715285
760.26 0.24513184828
761.26 1.28881437126
762.27 2.80584920635
763.4 2.75577718833
764.42 2.64202551521
765.42 1.79627572428
766.51 1.76323669725
767.52 1.96125148515
768.53 1.3446970297
769.7 1.51974679213
770.7 2.13194805195
771.78 1.53330120482
772.78 1.83675524476
773.94 1.19025366695
774.95 1.57116831683
776.05 1.60663272727
777.06 0.97520792079
778.09 0.2868815534
779.12 0.2868815534
780.15 0.6906407767
781.17 0.65449411765
782.2 0.38283495146
795.18 0.02107858243
796.34 0.02830344828
797.66 0.03316363636
798.83 0.03741538462
800.93 0.03116468913
802.02 0.04042105263
803.18 0.03773793103
804.46 0.0342
805.66 0.03648
806.9 0.03530322581
808.1 0.03648
809.5 0.03126857143
810.56 0.03077038425
811.88 0.04974545455
812.98 0.05969454545
814.3 0.04145454545
815.6 0.02525538462
816.64 0.02104615385
817.88 0.02647741935
818.92 0.02104615385
831.16 0.00089448304
832.24 0.0608
833.34 0.07966515014
834.4 0.13409236569
835.48 0.0912
836.77 0.09281727062
837.9 0.09762711864
839.1 0.09104825291
840.1 0.10933066933
841.2 0.13941401274
842.62 0.01189859155
843.67 0.09318448439
844.68 0.15306293706
845.98 0.10086635945
847.06 0.13185542169
848.08 0.10708414873
849.24 0.13219672131
850.26 0.13975638507
851.26 0.13106586826
852.28 0.12887929342
853.38 0.09940054496
854.47 0.12969188696
855.64 0.09402061856
856.72 0.14186666667
857.76 0.10543352601
859.09 0.08179372197
860.17 0.152
861.24 0.09274576271
862.32 0.10058823529
872.15 0.0133460951
873.24 0.34129422548
874.32 0.04030939227
875.41 0.02164921947
876.41 0.09820139581
877.61 0.12768
878.65 0.13719575699
879.65 0.15291017964
880.65 0.18586213786
881.75 0.1194977252
882.77 0.06431341822
883.79 0.13961923454
885.23 0.0684
886.48 0.01762318841
887.63 0.05670466321
888.65 0.07503232125
889.71 0.05162264151
890.83 0.05878603402
900.28 0.00115870831
912.51 0.00268344912
913.63 0.69802857143
914.63 1.73835764236
915.63 1.91065734266
916.64 2.22479365079
917.65 2.10517111771
918.66 2.36302874133
919.66 1.79941658342
920.67 1.80681863231
921.74 1.99074626866
922.75 2.25163492063
923.76 2.10264554455
924.77 2.1473980198
925.93 2.10480689655
926.94 1.67699104478
928.11 1.38885714286
929.11 1.84768831169
930.24 2.037
931.25 2.54637623762
932.25 1.91007392607
933.26 2.03911992071
934.26 1.92116683317
935.27 1.45341526264
936.29 1.20169411765
937.7 0.09335612536
938.7 2.47069582505
939.7 1.45264670659
940.71 1.30176984127
941.71 1.62902697303
942.72 1.47843805748
943.73 1.64865014866
944.73 1.06595004995
945.73 0.9611497006
946.74 1.06097318769
947.75 0.36804747774
948.76 0.68264554455
949.77 0.84518019802
950.78 1.04190248756
951.81 0.95257253385
952.82 0.83434455446
953.84 0.94450196078
954.85 1.01855049505
955.86 0.95448166501
956.87 1.125775571
957.89 1.05148235294
958.9 0.55207121662
959.97 0.81996632367
960.99 1.38409411765
962.0 0.98604356436
963.01 0.78016633663
964.08 0.22266168224
965.09 0.20587722772
966.1 0.6393029703
967.1 0.40411976048
968.12 0.93529273084
969.14 0.32188235294
970.15 0.4876039604
971.16 1.10278931751
972.17 1.56187908821
973.17 1.11883316683
974.18 1.76796035679
975.19 1.01127920792
976.2 1.07272871287
977.2 1.02668263473
978.2 1.05396203796
979.22 1.05251422964
980.23 0.79001188119
981.23 1.27916883117
982.24 1.36672222222
983.24 1.46503096903
984.25 1.36248166501
985.26 1.0944
986.27 0.81864566929
987.28 0.78482868526
988.29 0.31603168317
989.29 0.53572027972
990.31 0.42959764475
991.32 0.26005544554
992.32 0.78718081918
993.33 1.01067195243
994.34 0.82350891089
995.36 0.38625882353
996.37 1.07272871287
997.39 0.91208627451
998.4 0.80183762376
999.43 0.43563495146
1000.44 0.21671287129
1001.48 0.27386333013
1002.58 0.54357856494
1003.59 0.59655104063
1004.61 1.00856470588
1005.63 1.11585882353
1006.63 0.50241916168
1007.68 0.31358166189
1008.68 0.53656743257
1009.69 0.57428910891
1010.7 0.72598811881
1011.74 0.76818461538
1012.78 0.25255384615
1013.82 0.18959769009
1014.88 0.22692554194
1016.05 0.08418461538
1017.06 0.08626534653
1018.28 0.30499672131
1019.29 0.80183762376
1020.3 0.49843960396
1021.33 0.5636851312
1022.36 0.19106886518
1023.48 0.04885714286
1024.49 0.62352848723
1025.5 0.75438161838
1026.52 0.34334117647
1027.7 0.23343986543
1028.71 0.22754851485
1029.77 0.23949762131
1031.21 0.09063354037
1032.23 0.09656470588
1044.48 0.01340300457
1045.49 0.10857142857
1046.58 0.11074885005
1047.62 0.11542090125
1048.69 0.11250841121
1049.71 0.10729411765
1050.72 0.11919207921
1051.81 0.12048440367
1052.82 0.10835643564
1053.89 0.11261365762
1054.93 0.11575384615
1055.98 0.11454234063
1063.93 0.00137729675
1065.08 0.83833883579
1066.08 1.49217982018
1067.08 2.23621978022
1068.27 1.76458585859
1069.33 2.04901132075
1070.47 1.6074877193
1071.49 1.72724779628
1072.51 1.49155642787
1073.52 1.87355401388
1074.52 1.66087824351
1075.53 2.80888095238
1076.53 2.0126993007
1077.53 2.85353846154
1078.53 3.71363036963
1079.53 4.10396003996
1080.53 1.91627572428
1081.54 2.90790049751
1082.55 2.58218793274
1083.57 2.74706182532
1084.57 3.36608191808
1085.57 2.44900699301
1086.58 2.70824182359
1087.6 1.71482630029
1088.78 2.06769957806
1089.9 2.81991397849
1090.9 2.5474045954
1091.91 2.15149206349
1092.92 2.92272997033
1093.93 3.10528316832
1094.93 2.94965034965
1095.94 3.30477777778
1096.95 2.61234059406
1097.95 3.28054345654
1098.95 3.96672927073
1099.96 4.03292063492
1100.96 3.39574025974
1101.96 3.75687824351
1102.97 3.47503777336
1103.97 3.65906586826
1104.97 3.34153846154
1105.97 3.66172908367
1106.98 4.2651314741
1107.98 3.52934795613
1109.27 2.37874903475
1110.28 4.98440759241
1111.38 3.20390261497
1112.39 4.47604395604
1113.44 3.32464
1114.44 4.04254145854
1115.59 3.59189637306
1116.6 3.95127272727
1117.6 4.11389410589
1118.78 3.17538668913
1119.79 3.6321996008
1120.79 3.03864420218
1121.81 3.11514650934
1122.81 1.77358325025
1123.82 3.65683832335
1124.82 3.47211177645
1125.82 3.92998201798
1126.98 3.62391752577
1128.0 4.29879764244
1129.0 4.78756087824
1130.0 3.95469330669
1131.02 4.2683107178
1132.02 3.83281437126
1133.02 3.07255144855
1134.04 3.07293608653
1135.04 3.4379241517
1136.07 3.23224854369
1137.07 4.62124275724
1138.08 3.45354645355
1139.14 2.9392239925
1140.14 3.56266133866
1141.14 3.39265534466
1142.15 4.09287512488
1143.15 3.99154013875
1144.16 3.427996004
1145.16 2.99346825397
1146.16 4.05136463536
1147.17 3.33907692308
1148.18 4.19275516224
1149.22 0.684
1150.25 0.06375145631
1151.27 0.06437647059
1152.31 0.27890874159
1153.31 2.7393006993
1154.32 4.08544255744
1155.43 3.16913059034
1156.5 3.00198130841
1157.51 2.5885508982
1159.06 1.40048298009
1160.08 2.18955053974
1161.08 2.6458021978
1162.09 1.93289990089
1163.1 2.71749950544
1164.11 3.71676511397
1165.12 3.09010693069
1166.12 2.5802037962
1167.2 2.20540500463
1168.21 3.02314455446
1169.21 1.60797602398
1170.21 2.5474045954
1171.22 1.80185714286
1172.22 2.88632967033
1173.22 2.27709090909
1174.23 2.98331746032
1175.32 1.53436330275
1176.32 2.14288111888
1177.32 1.40417182817
1178.32 2.30687712288
1179.33 2.20823038729
1180.33 2.26401598402
1181.35 2.15841257367
1182.35 2.68294105894
1183.35 3.84441958042
1184.35 3.64053546454
1185.4 2.69185864374
1186.4 3.89171628372
1187.4 4.3565954046
1188.4 4.66828371628
1189.41 4.07059244533
1190.44 3.11316391853
1191.45 2.7278490566
1192.45 2.96974225774
1193.45 3.3488991009
1194.47 2.1167372549
1195.47 3.28871128871
1196.48 3.8485958292
1197.48 4.2353006993
1198.49 3.2238970297
1199.5 3.03559960357
1200.5 4.19323076923
1201.5 4.57603196803
1202.51 4.29242063492
1203.51 4.52593806194
1204.69 3.90553480475
1205.69 4.2493986014
1206.69 3.89183616384
1207.86 3.60656041131
1208.86 4.410997003
1209.86 4.29142057942
1210.87 3.9366984127
1211.88 3.35907418398
1212.89 4.05852673267
1213.91 3.58379607843
1214.91 4.38133066933
1215.91 3.48466733267
1216.91 4.62033166833
1217.91 3.50616367265
1218.92 4.2236812749
1219.92 3.14260939061
1220.92 3.85892507493
1221.93 3.28855850541
1222.94 4.53921278721
1223.95 4.27919207921
1225.02 3.74468037383
1226.02 4.56403596404
1227.02 4.24437962038
1228.04 3.53534774067
1229.04 4.61392207792
1230.04 3.18125124131
1231.15 3.90759242561
1232.31 3.59293712317
1233.47 3.7879862069
1234.47 4.42766833167
1235.48 4.13480919081
1236.48 3.14082539683
1237.48 4.10941058941
1238.49 3.49894905095
1239.64 3.68592
1240.64 4.01975624376
1241.64 4.5235387674
1242.65 3.7211960396
1243.66 3.56138613861
1244.67 4.53298217822
1245.67 4.58051548452
1246.68 1.77915079365
1247.69 3.51044752475
1248.83 4.07127719298
1249.83 4.77373026973
1250.83 4.52574625375
1251.84 3.6226746507
1252.84 4.45025149701
1253.84 3.89610358566
1254.84 3.56146253746
1255.87 3.21509727626
1256.87 3.12035964036
1257.88 3.81503078451
1258.88 3.79377422577
1259.88 3.36867132867
1260.89 4.65339405941
1261.89 4.31617982018
1262.89 3.98214585415
1263.9 3.10716186693
1264.9 2.67051348651
1266.02 3.41723076923
1267.02 3.00659340659
1268.02 2.51273453094
1269.03 4.05680952381
1270.03 3.20681718282
1271.03 3.68706493506
1272.03 3.70110689311
1273.05 3.58227559055
1274.19 0.21083012259
1275.21 6.1461611002
1276.28 2.11279252336
1277.28 2.8753966034
1278.29 2.88080712166
1279.29 3.77676723277
1280.35 3.17489498581
1281.35 3.59723476523
1282.5 3.66326196693
1283.5 3.64598601399
1284.51 2.84052329039
1285.52 2.69859009901
1286.52 2.43712287712
1287.52 3.64409190809
1288.53 4.28564519326
1289.53 3.65642357642
1290.53 4.0683956044
1291.54 2.60909632572
1292.54 2.13040559441
1293.55 2.2452011893
1294.56 2.76857821782
1295.56 2.331004995
1296.57 3.75154806739
1297.58 3.41442376238
1298.58 3.14772427572
1299.67 2.18389705882
1300.67 2.33734131737
1301.67 1.36469130869
1302.68 1.8040754717
1303.68 1.93515284715
1304.68 2.8485034965
1305.69 2.10628571429
1308.51 0.04932151719
1309.53 6.12366633955
1310.53 3.08447552448
1311.54 2.82125148515
1312.54 3.77190809191
1313.56 1.64605108055
1314.57 1.85558811881
1315.57 1.97532067932
1316.57 2.62771628372
1317.58 2.89598414272
1318.59 1.78698613861
1319.59 1.97888511489
1320.6 1.66739225422
1321.6 2.08821578422
1323.57 0.11672117826
1324.57 0.92931068931
1325.58 1.1605629336
1326.58 1.04957442557
1327.59 0.95890584737
1328.61 1.44847058824
1329.62 1.25693465347
1330.62 1.2901018981
1331.63 1.60526461843
1332.64 0.98290801187
1333.65 1.77880673935
1334.65 1.76022377622
1338.53 0.14338953338
1339.53 6.2977022977
1340.54 2.73324356436
1341.59 2.72825904762
1342.6 1.75711397423
1343.61 1.19192079208
1344.61 1.39535664336
1345.61 2.26794805195
1346.62 2.812
1347.63 1.99859009901
1348.63 2.12196603397
1349.63 2.1857022977
1350.64 1.54141269841
1351.65 2.04547326733
1352.66 2.28646336634
1353.68 2.01629803922
1354.69 1.89478811881
1355.69 1.62376823177
1356.69 1.80106293706
1357.7 1.60572790467
1358.7 1.60996603397
1359.71 1.24733399405
1360.71 1.40354845155
1361.71 1.26245754246
1362.71 1.78208991009
1363.72 1.74497619048
1364.73 1.57986152324
1365.74 1.46571428571
1366.74 1.67028171828
1367.85 1.7425644725
1368.85 2.15451748252
1369.89 2.09127237729
1370.89 2.07228771229
1371.9 2.13230891089
1372.91 2.05534257426
1373.91 1.4212987013
1375.06 0.84710801394
1376.06 1.49783016983
1377.06 2.3164995005
1378.07 2.58143904856
1379.08 1.84635877106
1380.09 1.80776261128
1381.1 1.39146138614
1382.35 1.59620143885
1383.36 1.76796035679
1384.37 2.11504459861
1385.37 1.61821378621
1386.37 2.25221178821
1387.38 2.59485714286
1388.38 2.03466933067
1389.38 3.00659340659
1390.39 2.13182160555
1391.39 2.78793206793
1392.4 2.06304063429
1393.4 1.55131746032
1394.41 1.0197002997
1395.41 1.77115684316
1396.41 1.63179365079
1397.43 1.456371909
1398.43 2.10419821606
1399.44 1.45147274529
1400.45 1.78611275964
1401.46 1.74061782178
1402.47 2.15088999009
1403.47 1.85764635365
1404.53 1.44454442344
1405.71 0.65793734124
1406.72 2.16955401388
1407.75 2.13838991271
1408.75 1.61809390609
1409.76 2.32342857143
1410.76 2.51904095904
1411.64 2.83227241771
