1.05 2.67257904762
2.05 2.88632967033
3.06 2.06327128713
4.06 2.03808991009
5.07 2.19314285714
6.07 1.86316083916
7.08 2.26055104063
8.08 2.83166433566
9.09 2.09785530228
10.09 2.71594005994
11.09 2.55194405594
12.12 2.54879377432
13.12 2.95192807193
14.12 2.55194405594
15.13 2.53421428571
16.15 2.36260920666
17.17 2.5820451423
18.18 2.78476039604
19.18 2.59308582834
20.19 2.02393650794
21.2 2.35583366337
22.2 2.7114005994
23.21 2.46663230922
24.22 2.59421782178
25.23 2.22580594059
26.24 2.12378613861
27.24 1.99435764236
28.25 2.19547274529
29.25 2.66766833167
30.25 2.57381018981
31.26 2.31707936508
32.27 2.29081980198
33.27 2.59113686314
34.28 2.21716551041
35.29 2.18246336634
36.29 2.31781018981
37.3 2.27139742319
38.31 2.69173861386
39.32 2.63756039604
40.32 2.60645754246
41.33 2.57059266601
42.34 1.04487128713
43.35 2.78111683168
44.35 2.50096303696
45.36 2.36050793651
46.36 2.63940859141
47.36 2.55194405594
48.38 2.49166633955
49.38 2.56287712288
50.39 2.54255698712
51.4 2.3690148662
52.4 2.5802037962
53.4 2.72687312687
54.41 2.69707936508
55.41 2.48634565435
56.41 2.63940859141
57.43 2.71092443572
58.45 2.95143307087
59.45 2.43774277168
60.45 2.46447952048
61.46 2.58338217822
62.73 2.03024743893
63.73 2.68953446553
64.75 2.35419607843
65.76 2.6483960396
66.76 2.51914485514
67.77 2.41874331021
68.78 2.20631912785
69.78 2.12555444555
70.89 2.32315238954
71.89 2.45994005994
72.9 2.27139742319
73.9 2.34421578422
74.98 2.53754074074
75.98 2.78793206793
76.99 2.40393650794
77.99 2.14742057942
79.0 2.1692765114
80.02 1.54797257591
81.02 1.4540979021
82.04 1.39127701375
83.05 1.20275643564
84.26 0.95501986755
85.26 1.47449101796
86.36 1.63578181818
87.36 2.09914885115
88.37 1.97854509415
89.39 2.22098823529
90.39 1.99435764236
91.4 1.88092765114
92.41 2.06960792079
93.42 1.75987326733
94.5 2.09167407407
95.5 2.33967632368
96.5 2.30045954046
97.51 2.19980237154
98.52 2.41507753479
99.52 2.07974451098
100.54 2.20831434185
101.54 2.49273926074
102.56 1.85172914622
103.57 2.11744950495
104.58 2.66293175074
105.59 2.36902279485
106.6 2.24747722772
107.62 1.95720784314
108.63 2.30799207921
109.63 2.08182217782
110.64 1.84388503469
111.66 1.84991372549
112.7 1.60387692308
113.71 2.50303366337
114.72 2.20413465347
115.73 2.25831287129
116.73 2.43807392607
117.74 1.83754212091
118.75 2.24747722772
119.75 2.41620779221
120.76 2.16293359762
121.76 2.23488511489
122.77 2.31027948464
123.79 2.03231372549
124.8 2.14995643564
125.8 2.38340859141
126.81 2.07822222222
127.81 2.07088911089
128.87 2.32730566038
129.87 2.613002997
130.88 2.24970465808
131.89 2.17377998018
132.89 2.43807392607
133.89 2.15835364635
134.9 2.04362338949
135.91 2.1888
136.92 1.97657821782
137.93 2.01108424182
138.93 2.12101498501
139.93 1.96155844156
140.94 2.32562933598
141.94 2.7441998002
142.95 2.3690148662
143.97 2.16106666667
145.02 2.18478551001
146.02 1.98981818182
147.03 1.85923488603
148.04 2.12168545994
149.05 1.87906534653
150.06 2.14549354518
151.06 2.41138983051
152.07 2.21716551041
153.18 1.49287207207
154.19 1.10523564356
155.21 1.01929411765
156.41 0.10895428096
157.42 2.25666799205
158.45 1.85941747573
159.45 1.45718163673
160.46 1.09657142857
161.49 0.97130873786
162.5 1.51699009901
163.52 1.57094901961
164.52 1.71649150849
165.53 1.20394846383
166.53 1.16344455544
167.54 2.06081268583
168.55 1.97658613861
169.55 1.96155844156
170.56 2.2452011893
171.57 1.78154455446
172.58 1.86373069307
173.6 1.12031372549
174.61 1.03714116486
175.62 1.05418867925
176.64 1.04521568627
177.65 0.97520792079
178.66 1.05105742574
179.67 0.84967920792
180.69 0.77251764706
181.71 0.62230588235
182.72 0.70431683168
183.73 0.68264554455
184.76 0.43919379845
185.77 0.532
186.79 0.59011764706
187.8 0.99687920792
188.81 0.95803564356
189.83 1.20051714006
190.84 1.34495143707
191.85 1.07722772277
192.86 1.34361980198
193.9 1.21335638809
194.91 1.713728444
195.92 1.66235247525
196.93 2.14545742574
197.93 1.86316083916
198.94 2.03911992071
199.95 1.53384340932
200.95 1.5196963037
201.96 0.96887128713
202.97 0.95448166501
204.0 0.60563883495
205.04 0.46257060519
206.05 0.42300891972
207.1 0.36877640343
208.12 0.90127058824
209.13 0.77009316155
210.15 0.86823114594
211.16 0.84967920792
212.17 1.18225569871
213.18 1.06084272997
214.2 1.02475368008
215.2 1.21357042957
216.21 1.25693465347
217.22 1.02304950495
218.25 1.11565048544
219.26 0.80263230922
220.33 0.78157757009
221.34 0.75179587831
222.37 0.768
223.37 0.76302788845
224.38 0.74765940594
225.4 0.57821562809
226.4 0.67247571853
227.41 0.70431683168
228.43 0.84434421365
229.43 0.70951833499
230.44 0.93464150943
231.44 1.00383649053
232.46 0.81543529412
233.47 0.76299405941
234.48 0.95353663366
235.49 0.9427009901
236.63 0.90392219275
237.64 1.40724035608
238.65 1.12802378593
239.67 1.12031372549
240.68 1.06189306931
241.69 0.67180990099
242.7 0.59596039604
243.71 0.51377425743
244.73 0.31115294118
259.21 0.00075554021
260.25 0.31569230769
261.26 0.6393029703
262.27 0.69416848365
263.29 0.70814117647
264.32 0.50379805825
265.33 0.74691988131
266.34 0.81347869177
267.35 0.95353663366
268.36 0.66097425743
269.37 0.21037623762
270.38 0.27089108911
271.41 0.24438058252
274.31 0.03394073053
275.33 0.69741176471
276.34 0.86685148515
277.35 0.81267326733
278.36 0.27539009901
279.37 0.56345346535
280.39 0.61157647059
281.42 0.45688543689
282.43 0.66097425743
283.45 1.12031372549
284.46 0.96437227723
285.48 0.60084705882
286.5 0.38625882353
287.52 0.71887058824
288.53 0.47043168317
289.54 0.7584950495
290.54 1.15890509491
291.55 1.12168087215
292.56 1.38696237624
293.57 1.08356435644
294.58 0.92552871287
295.58 0.73251548452
296.59 0.81347869177
297.59 0.96210989011
298.6 1.03490981169
299.61 1.28944158416
300.62 1.37612673267
301.63 1.20725544554
302.64 1.07272871287
303.65 1.08806336634
304.66 1.07272871287
305.67 1.31111287129
306.68 1.23976237624
307.68 1.21357042957
308.69 1.41002973241
309.7 1.15307722772
310.72 1.20169411765
311.73 1.05628656716
312.73 1.01038161838
313.73 1.29844067797
314.76 0.97036663434
315.78 0.97637647059
316.8 0.76178823529
317.82 0.47209411765
345.77 0.00274099252
346.78 0.37924752475
348.19 0.39992039801
349.19 0.45827318046
350.95 0.09949090909
352.45 0.10951300867
353.46 0.31423366337
354.49 0.33870291262
355.51 0.35538823529
356.54 0.65685188771
357.58 0.23217743491
358.6 0.42917647059
359.6 0.23413386613
360.62 0.37589793916
361.63 0.47676831683
362.69 0.29941132075
368.6 0.0055562701
369.62 0.12900589391
370.63 0.61763168317
371.63 0.83091308691
372.66 0.41920310982
373.69 0.59501359223
374.72 0.49890203686
375.72 0.77624775225
376.73 1.064
377.73 0.91198401598
378.74 1.41946930693
379.79 1.07890943756
380.85 0.5678490566
384.5 0.01796552668
385.51 2.69424079602
386.53 1.09759688413
387.58 0.41817833174
393.99 0.02042892768
395.04 0.93562488038
396.05 0.17170267592
404.92 0.00493195133
406.01 0.06024220183
407.15 0.0576
408.26 0.09859459459
409.27 0.12356874382
410.32 0.71986272641
411.32 0.31705894106
412.32 1.12610589411
413.33 1.28565079365
414.33 1.78208991009
415.34 1.71823191278
416.35 2.21910979228
417.35 1.87409390609
418.36 1.68285714286
419.37 1.46731089109
420.38 1.19192079208
421.42 0.7605681382
422.43 0.988
426.3 0.13284297521
427.31 1.96965079365
428.31 1.74954645355
429.32 1.71797819623
430.32 1.49783016983
431.36 0.82476521739
432.39 0.26485963214
433.41 0.21882859941
434.48 0.22586116323
435.85 0.18301018923
437.27 1.96096901408
438.28 2.05673590504
439.35 1.12330206379
440.36 2.36831620553
441.42 0.83103305005
444.89 0.03469279539
445.92 0.91288457808
446.93 0.10846382557
447.95 0.16078354554
451.36 0.04164692082
452.37 0.85626930693
453.4 0.28660329777
454.47 0.21498971001
455.56 0.12048440367
456.56 0.31066533467
457.57 0.61824380575
460.21 0.14493903824
461.22 0.6944222002
462.23 0.71444510386
463.24 1.43338476756
464.25 2.02827353816
465.26 1.7382019802
466.27 1.87642418236
467.27 1.26184215784
468.5 0.64952195122
469.54 0.33706256015
470.96 0.1156056338
471.99 0.22313009709
473.55 0.16815364917
474.69 0.37905096661
475.73 0.42051873199
476.76 0.2446180758
479.86 0.00706064516
480.87 0.50927524752
489.21 0.03808080566
490.22 0.46567920792
491.23 0.57428910891
492.23 0.92291708292
493.24 2.35133465347
494.25 2.39070763132
495.25 2.03808991009
496.26 2.35366501487
497.26 1.85222777223
498.27 1.74453861386
499.28 1.47961149653
500.28 2.541002997
501.28 2.67220779221
502.29 3.00742857143
503.3 1.99628090999
504.31 2.07616253717
505.32 2.55087524752
506.35 2.96444271845
507.35 2.67220779221
508.36 2.71609910803
509.36 2.75967232767
510.37 2.81371655104
511.38 2.86510891089
512.38 2.72687312687
513.38 2.613002997
514.39 2.75136507937
515.4 2.78925940594
516.4 2.79247152847
517.41 2.65102081269
518.41 2.53647152847
519.42 1.83754212091
520.42 1.73196403596
521.42 1.94608591409
528.24 0.01923004695
530.18 0.52765325077
531.18 1.68201197605
532.19 2.47993650794
533.2 2.47502574257
534.2 2.98472727273
535.2 2.39888111888
536.21 2.35816848365
537.21 2.73780619381
538.21 2.52755289421
539.22 2.78495427435
540.22 2.40981418581
541.22 2.01622377622
542.24 2.34360707269
543.24 1.88502697303
544.25 2.10870168484
545.26 0.87855698712
546.26 0.66691708292
547.28 0.81543529412
548.29 0.91469306931
549.3 1.22564122894
550.31 1.10414243323
551.32 0.87135049505
552.33 1.13774257426
553.35 1.35190588235
554.35 1.33703792415
555.36 1.39109433962
556.37 1.16276162216
557.38 1.06294549058
558.38 0.87464535465
559.4 1.00229019608
560.42 1.2768
561.44 1.26607058824
562.45 0.96887128713
563.46 0.98702081269
564.48 0.84762352941
565.49 0.72527002967
566.52 0.77017687075
567.53 0.85601584158
568.53 0.67785014985
569.69 0.31133793103
570.71 0.37589793916
571.87 0.36242758621
572.88 0.82350891089
573.88 1.15890509491
574.89 0.9327888999
575.89 0.92199600798
576.9 0.90114285714
577.92 0.85835294118
578.93 0.83434455446
579.93 0.84638561439
580.94 1.0087135778
581.94 1.00584215784
582.95 1.15422001982
583.95 0.87464535465
584.96 0.9327888999
585.97 0.79158226601
586.98 0.6067960396
587.99 0.82760597015
589.0 1.32194851485
590.02 1.2383372549
591.04 1.28752941176
592.05 1.16391287129
604.23 0.08264368382
605.26 0.41438446602
606.27 0.96437227723
607.3 0.83318834951
608.31 0.89935841584
609.32 1.05105742574
610.33 1.12690693069
611.34 1.17474851485
612.34 1.2901018981
613.35 1.15422001982
614.36 1.05105742574
615.66 0.10051533742
616.8 1.16591549296
617.81 0.61066666667
618.83 1.13843375859
619.86 1.03064854369
620.86 1.24
621.87 1.62695738355
622.87 1.46957042957
623.88 1.292
624.9 0.76104211557
625.9 0.83091308691
626.92 0.72474656189
627.94 0.80470588235
628.95 0.7584950495
629.95 1.21357042957
630.96 0.63359365709
631.96 0.76531468531
632.98 0.78247992165
633.99 0.55371428571
635.0 0.52011089109
636.03 0.74817864078
637.03 0.72158241758
638.04 0.61763168317
676.59 0.00283920511
677.6 0.89935841584
678.62 0.88426666667
679.63 1.49531881188
680.64 1.47814653465
681.65 1.52782574257
682.67 1.24906666667
683.68 0.98604356436
684.69 1.26651632047
685.71 1.25029244357
686.72 1.2460990099
687.73 1.01955996036
688.91 0.41700254022
689.92 0.46719370698
690.94 0.99490909091
691.94 1.08237362637
692.95 1.15191295747
693.96 1.45341526264
694.98 1.474875
695.99 1.27735188867
697.0 1.35579781962
698.01 0.74132277228
699.01 0.63411788212
700.01 0.31705894106
701.14 0.0970212766
702.17 0.88103976722
703.18 0.56401189296
704.25 0.62698507463
705.27 0.96659470069
706.49 0.0089704918
707.56 0.19451449953
708.57 0.30130973451
712.79 0.02078139093
787.41 0.00073328598
788.42 0.39033663366
789.42 0.6447952048
790.62 0.4875529608
791.63 0.99687920792
792.64 0.94176854599
793.65 0.96532804757
794.67 0.72330196078
795.68 0.83023448276
796.69 1.01272835821
797.75 0.96449056604
798.76 1.25569139466
799.77 1.40863366337
800.79 0.94956624141
801.8 0.51959643917
802.83 0.4892361516
803.84 0.52011089109
804.87 0.66939029126
805.95 0.35466666667
806.97 0.18133333333
808.16 0.09602695872
809.18 0.22620472441
810.2 0.79397647059
811.21 1.15941386139
812.27 0.97479245283
813.34 0.45003364486
814.76 0.06936338028
815.78 0.97637647059
816.79 0.59655104063
817.79 0.42638961039
818.82 0.47860058309
819.82 0.26693306693
820.84 0.42917647059
821.87 0.44626019417
822.94 0.2661777362
823.97 0.2446180758
825.01 0.30516923077
826.01 0.71090509491
827.02 0.76274059406
828.03 1.00771485149
829.04 1.22442772277
830.05 1.18558415842
831.06 1.14517670286
832.07 0.86943396226
833.08 0.82350891089
834.09 0.4921029703
835.11 0.83689411765
836.11 1.20263736264
837.28 0.78025299145
838.29 1.05209910803
839.35 0.5678490566
840.36 0.55316551041
841.37 0.62846732673
842.39 0.47654901961
843.92 0.29155555556
844.94 0.35686956522
845.95 0.28200594648
854.07 0.0161694164
855.07 1.60716083916
856.07 1.44625948104
857.08 2.23243694141
858.09 2.41395845697
859.1 2.12828514851
860.11 2.04362338949
861.11 2.35060939061
862.11 1.81942857143
863.12 2.052
864.12 1.75383016983
865.13 2.0416
866.14 2.49466798811
867.14 2.43168031968
868.15 2.62672475248
869.15 2.68046307385
870.16 2.50413505462
871.16 2.99566033966
872.17 2.70257425743
873.17 2.68046307385
874.18 2.44979543198
875.19 1.90707326733
876.19 0.70425574426
877.21 0.80391772772
878.22 0.42342857143
879.23 0.49843960396
880.25 0.71816650343
881.26 0.4275123885
882.27 0.67180990099
883.3 0.78703206997
884.31 0.61763168317
885.34 0.75512536443
886.35 0.6539901088
887.38 0.91288457808
888.38 1.45264670659
889.39 2.47153128103
890.39 2.12555444555
891.47 2.24367407407
892.48 2.31882772277
893.49 2.02193062438
894.5 2.22580594059
895.5 2.6786013986
896.51 2.32562933598
897.51 2.37701498501
898.53 2.51760549558
899.53 2.613002997
900.54 2.11954806739
901.54 2.13648751249
902.55 2.33197224975
903.56 1.94407920792
904.57 1.82669573835
905.57 1.67275924076
906.57 1.4805034965
907.58 1.22685714286
908.6 0.47209411765
909.67 0.4483575419
910.68 2.42805958292
911.69 0.84601783944
912.71 0.95491764706
913.71 0.18964378109
914.73 2.07019507389
915.73 1.36023976024
916.74 1.37205133268
917.81 1.46073102156
918.81 2.09914885115
919.82 1.81765079365
920.83 1.46063199215
921.87 1.08607751938
922.88 1.60526461843
923.88 1.75077106046
924.89 2.08821578422
925.91 2.12887843137
926.96 2.08889904762
927.96 2.34980516899
928.97 1.99233958539
929.98 1.54018632309
931.0 0.95843290891
932.02 1.5465515211
933.03 1.66235247525
934.03 2.82073126873
935.05 1.93574901961
936.07 1.35323258096
937.07 0.94478321678
938.09 1.29899109792
939.09 1.20845193261
940.11 2.19094798822
941.12 1.60817425743
942.12 1.57436163836
943.13 1.88092765114
944.29 2.01172782084
945.31 1.77209028459
946.32 1.47814653465
947.32 1.49783016983
948.43 0.11883227561
949.43 3.36629821074
950.44 1.90073663366
951.44 2.20847952048
952.45 1.63146085233
953.46 1.56033267327
954.47 1.45647524752
955.48 1.33278415842
956.49 1.35888316832
957.51 1.29825882353
958.52 0.47676831683
959.56 0.28412307692
960.57 0.70431683168
961.57 1.41497702298
962.58 1.9415024777
963.59 1.59733861386
964.59 1.76022377622
965.6 1.53536507937
966.6 1.61809390609
967.6 1.32744055944
968.61 2.14124083251
969.61 2.12101498501
970.62 2.24581818182
971.62 1.976
972.63 1.05660257681
973.64 0.74765940594
974.65 0.6393029703
975.75 0.86970181818
976.75 1.3557002997
977.76 1.69203567889
978.76 1.68823176823
979.76 1.85222777223
980.77 1.89811694747
981.77 2.18021978022
982.78 2.23657142857
983.79 2.12618001978
984.79 2.16928671329
985.8 2.15843012884
986.81 1.2933493014
987.81 1.77147169811
988.81 1.53516883117
989.82 1.5494970297
990.82 1.62263336663
991.83 1.69371428571
992.83 1.52423576424
993.83 1.62902697303
994.84 1.64230723489
995.87 1.94702639296
996.87 1.5601749503
997.94 1.84529345794
998.94 2.33734131737
999.95 2.24581818182
1000.96 2.68396460177
1001.96 2.53007792208
1002.97 2.50551437066
1003.97 2.05995604396
1005.75 1.09141765037
1006.76 1.88353709199
1007.77 1.3603012884
1008.77 2.05541658342
1009.78 1.87906534653
1010.79 2.08250545094
1011.79 1.82853493014
1012.8 2.08700891972
1013.81 2.14758374628
1014.81 1.92683433134
1015.82 2.63193650794
1016.83 2.52220771513
1017.83 1.6117002997
1018.84 1.99771428571
1019.84 2.22173253493
1020.85 2.23022222222
1021.85 1.71477844311
1022.86 1.49193650794
1023.86 2.15835364635
1024.87 2.20181565907
1025.87 2.25675124875
1026.87 2.24581818182
1027.88 2.48628571429
1028.91 2.58264711632
1029.91 3.54745580933
1030.91 3.27352647353
1031.92 2.37986124876
1032.92 2.63940859141
1033.92 3.10953046953
1034.93 2.79479365079
1035.93 2.44900699301
1036.93 2.11462137862
1037.95 3.15126202159
1038.95 2.78153846154
1039.96 2.32562933598
1040.97 2.60313181368
1041.97 2.45354645355
1042.98 1.62061446977
1043.98 2.12101498501
1044.99 2.35816848365
1045.99 2.57381018981
1046.99 2.58474325674
1048.0 2.204
1049.0 1.99435764236
1050.01 2.5967888999
1051.01 3.12827145709
1052.02 2.97190882061
1053.03 1.84838850347
1054.05 1.8177254902
1055.05 2.36154245754
1056.06 2.15208721506
1057.06 3.24072727273
1058.06 3.17497702298
1059.07 1.91741807349
1060.07 2.6458021978
1061.08 2.30166336634
1062.08 2.44261338661
1063.09 2.86613972056
1064.17 2.49099540018
1065.17 3.07219180819
1066.18 2.73508118812
1067.18 2.51914485514
1068.19 2.51250793651
1069.19 3.1641958042
1070.2 3.51873141724
1071.2 2.73780619381
1072.2 2.70500699301
1073.21 2.57314285714
1074.22 2.23664158416
1075.22 2.91273526474
1076.22 3.55778621379
1077.23 2.88798403194
1078.23 3.18108151093
1079.23 3.26261738262
1080.24 3.36688206145
1081.24 3.98417582418
1082.25 3.70714570858
1083.25 3.81915392254
1084.25 2.8033966034
1085.25 3.28445954046
1086.26 3.46793650794
1087.26 2.8034045954
1088.27 3.04149058474
1089.27 3.30632567433
1090.28 2.31478295342
1091.29 2.4966970297
1092.32 2.79093488824
1093.32 3.25805394605
1094.32 2.75967232767
1095.32 2.79247152847
1096.33 2.92798411122
1097.33 2.75967232767
1098.33 3.24072727273
1099.33 3.50312087912
1100.34 3.48224826216
1101.34 3.47778043912
1102.35 2.78393650794
1103.36 2.57254653465
1104.36 2.77060539461
1105.39 2.79093488824
1106.39 2.51460539461
1107.39 2.25675124875
1108.4 2.59936507937
1109.4 2.63940859141
1110.45 2.92551382269
1111.45 2.86446353646
1112.45 2.78153846154
1113.46 2.42565079365
1114.46 2.66127472527
1115.46 2.46447952048
1116.47 2.87714285714
1117.47 2.9674005994
1118.48 2.86794846383
1119.49 2.30165544554
1120.49 3.31725874126
1121.49 3.35005794206
1122.5 3.53307936508
1123.5 2.85806993007
1124.51 2.31478295342
1125.51 2.50367232767
1126.51 2.81433766234
1127.52 3.19650793651
1128.52 2.57381018981
1129.52 2.42074725275
1130.55 2.35716731518
1131.63 3.02674328082
1132.63 3.50312087912
1133.74 2.74502342342
1134.75 2.80643168317
1135.75 2.89086913087
1136.75 2.89086913087
1137.76 2.85993650794
1138.76 2.84713686314
1139.76 2.84713686314
1140.76 2.60660939061
1141.81 2.98336580707
1142.9 3.01176470588
1143.91 3.12531225296
1144.91 3.22979420579
1145.92 2.55340336967
1146.92 2.14742057942
1147.92 2.07088911089
1148.93 2.32342857143
1149.93 2.82527072927
1150.94 3.19333994054
1151.95 2.65923168317
1152.96 2.57509613479
1153.96 2.37247552448
1154.97 2.72424554455
1155.98 2.59421782178
1156.98 2.26769230769
1157.99 2.67536507937
1158.99 2.36154245754
1160.0 2.51836831683
1161.0 2.77060539461
1162.01 1.87193650794
1163.01 3.06125874126
1164.02 3.43977075099
1165.09 3.07587265918
1166.09 3.14872327672
1167.14 3.26058666667
1168.14 4.73855744256
1169.15 3.86646520875
1170.15 3.29539260739
1171.15 3.88577822178
1172.19 3.67415591915
1173.41 2.68822969647
1174.41 2.8753966034
1175.47 3.46729056604
1176.47 4.34496703297
1177.47 3.79452295409
1178.47 3.42658941059
1179.48 3.95349502982
1180.56 3.80841481481
1181.57 4.13287920792
1182.57 4.74949050949
1183.62 3.98355767398
1184.62 4.2247032967
1185.63 4.65760158573
1187.03 2.9791336669
1188.03 4.44336463536
1189.03 5.01188411588
1190.04 4.33241980198
1191.05 4.90706838454
1192.05 4.2140998004
1193.05 4.92441958042
1194.15 4.40186131387
1195.15 4.39963236763
1196.16 4.46878415842
1197.21 4.00060952381
1198.21 4.68389210789
1199.22 4.79860455897
1200.22 3.98871528472
1201.22 4.48261876248
1202.23 4.35600795229
1203.24 3.89513748764
1204.24 4.1919040959
1205.24 3.7836007984
1206.25 4.16019085487
1207.31 3.85962264151
1208.31 4.1919040959
1209.31 3.97324275724
1210.32 3.89522939424
1211.32 3.360999001
1212.32 3.77644755245
1213.33 2.64017443013
1214.33 2.67220779221
1215.33 2.51914485514
1216.34 2.69440634291
1217.34 2.8425974026
1218.36 2.95009823183
1219.36 2.81433766234
1220.36 2.53007792208
1221.37 3.09879365079
1222.38 3.16850693069
1223.38 3.0985974026
1224.38 3.39379020979
1225.38 2.8362037962
1226.38 3.24072727273
1227.39 3.56540497512
1228.39 3.76551448551
1229.39 4.41056543457
1230.4 3.77270168484
1231.4 3.71084915085
1232.4 3.87484515485
1233.41 4.45593650794
1234.45 4.00750769231
1235.48 3.17381535471
1236.48 2.776999001
1237.48 2.9018021978
1238.48 3.06273852295
1239.49 2.68335124378
1240.49 2.75967232767
1241.49 2.54101098901
1242.5 2.42958969277
1243.5 2.44261338661
1244.5 2.9674005994
1245.51 3.18565079365
1246.52 2.92722453017
1247.52 3.28445954046
1248.53 3.15621052632
1249.53 3.33912487512
1250.54 3.11432871287
1251.54 2.97833366633
1252.54 3.68898301698
1253.54 4.49802997003
1254.55 4.00390069513
1255.55 3.032999001
1256.55 3.08766433566
1257.55 2.72687312687
1258.56 2.57189662028
1259.56 2.57381018981
1260.56 2.81433766234
1261.64 2.6413197405
1262.65 2.78752031715
1263.65 2.55194405594
1264.65 3.08766433566
1265.65 3.59058541459
1266.81 3.74413828868
1267.86 3.10891840607
1268.89 4.49071859786
1269.89 4.59642757243
1270.89 3.90438285145
1271.91 4.28269299112
1272.91 3.42316966068
1273.91 3.07673126873
1274.92 3.09125838264
1275.93 3.26049751244
1276.93 3.69622355289
1277.94 4.1381617357
1278.98 4.16432850242
1279.98 4.04573253493
1280.98 3.71084915085
1281.99 3.48224826216
1282.99 2.81433766234
1284.0 3.01193650794
1285.0 3.33912487512
1286.0 3.28118163673
1287.0 3.1313966034
1288.01 2.76771371769
1289.06 2.95399619048
1290.06 3.20338861139
1291.06 2.39888111888
1292.06 3.18606193806
1293.07 3.00405958292
1294.07 2.38794805195
1295.08 2.37986124876
1296.08 2.8425974026
1297.09 2.61848166501
1298.09 2.48634565435
1299.1 2.40155401388
1300.11 2.55087524752
1301.18 2.96014953271
1302.19 3.00147326733
1303.19 3.02206593407
1304.2 2.56171089109
1305.21 2.51250793651
1306.21 2.61754245754
1307.22 3.12516435644
1308.22 3.12046353646
1309.22 3.26259340659
1310.23 3.31593650794
1311.23 3.1313966034
1312.23 3.47032167832
1313.25 3.19735952849
1314.27 2.7297254902
1315.27 2.89726273726
1316.28 2.75948463826
1317.28 2.46447952048
1318.28 2.6367744511
1319.29 2.64541807349
1320.41 2.60558355675
1321.41 2.7114005994
1322.42 2.29081980198
1323.42 3.1313966034
1324.43 3.68507936508
1325.43 3.83111288711
1326.43 3.37192407592
1327.49 3.64624740321
1328.5 3.23672547076
1329.5 3.24712087912
1330.5 3.01113286713
1331.5 2.68046307385
1332.51 2.93089463221
1333.51 2.76783233533
1334.52 2.36050793651
1335.61 2.4016131989
1336.61 2.7441998002
1337.62 2.63193650794
1338.63 3.00299901088
1339.63 2.8034045954
1340.63 2.66127472527
1341.64 2.48239920556
1342.64 2.72233366633
1343.65 2.32562933598
1344.65 2.34421578422
1345.68 2.31233430515
1346.68 2.70869461078
1347.68 2.42074725275
1348.69 2.47153128103
1349.69 2.56287712288
1350.69 2.85353046953
1351.7 2.70525272547
1352.7 2.43168031968
