1.0 3.44899100899
2.14 0.51317998244
3.14 1.28108691309
4.19 1.55408960915
5.21 1.35599608227
6.23 1.69601568627
7.24 2.3819960396
8.35 2.55181261261
9.35 3.25875724276
10.35 4.35092907093
11.47 2.50137634409
12.47 3.16808791209
13.47 4.16202197802
14.48 3.15526660059
15.48 3.10630969031
16.48 4.21163708873
17.66 3.27666157761
18.66 4.18711688312
19.67 3.34107722772
20.72 3.36273263559
21.89 3.69984931507
22.92 3.7988128031
23.92 3.25887712288
25.06 3.66339543058
26.2 3.43304561404
27.4 3.59068109908
28.46 3.40311992446
29.56 3.57160727273
30.62 3.458
31.75 3.48046017699
32.75 3.3322997003
33.76 3.1025952381
34.84 3.51088164026
35.92 3.52495588235
36.92 3.81621578422
37.92 4.41698301698
38.94 3.15554768928
40.09 3.46441043478
41.09 4.19024175824
42.1 3.29685714286
43.1 4.29916483516
44.1 3.15135264735
45.13 3.22227237354
46.23 3.61443636364
47.31 3.86687141536
48.31 3.27356487026
49.31 3.21713486513
50.32 3.2027833002
51.32 4.30961038961
52.33 3.36761904762
53.33 3.2120239521
54.34 4.46573982125
55.34 3.05258741259
56.35 2.70404757185
57.36 1.6888
58.37 2.22473663366
59.37 2.25898602794
60.38 2.95126190476
61.38 4.11847352647
62.39 3.22996031746
63.4 3.04476039604
64.41 3.83487016848
65.42 2.84411881188
66.43 3.19459009901
67.44 4.7535777998
68.58 3.49716593503
69.59 4.04267722772
70.59 2.95008991009
71.66 3.35424836601
72.83 3.47887179487
73.84 4.06111683168
74.84 3.30085914086
75.84 3.08891451292
76.85 3.87583616384
77.92 3.29789063948
78.93 4.26733266733
79.93 3.24066333666
81.0 3.74208534323
82.01 4.25787812188
83.02 3.50355643564
84.03 4.41780594059
85.03 3.42515084915
86.03 2.98598201798
87.03 3.22491360477
88.04 4.25545654346
89.04 3.34543056943
90.05 4.23510009911
91.06 4.23069436202
92.16 3.39261146497
93.16 4.10734530938
94.16 3.08450099404
95.2 3.18916923077
96.2 4.07240759241
97.21 3.54379220779
98.21 3.08880952381
99.21 3.31247152847
100.22 3.06956243756
101.22 3.29802380952
102.22 2.92687312687
103.23 4.31220634921
104.23 4.0868502994
105.24 3.04835749752
115.17 0.01320757759
116.31 1.33042657343
117.39 0.04057089898
118.57 0.03709830508
119.75 0.03709830508
120.83 0.02026666667
121.97 0.04804214223
123.55 0.04155949367
124.99 0.0304
126.25 0.02607783956
127.27 0.02145882353
128.53 0.02605714286
129.63 0.05969454545
131.01 0.04751374819
132.15 0.37472870939
133.18 0.39313398058
134.57 0.20156659467
135.58 0.3359049505
136.73 0.28524761077
137.74 0.44470168484
138.77 0.36125825243
139.8 0.29095145631
140.83 0.36125825243
141.83 0.32799200799
142.83 0.39359040959
143.85 0.27951277014
145.11 0.24762539683
146.15 0.2736
147.16 0.27089108911
148.23 0.19397014925
149.25 0.33326522593
150.28 0.2868815534
151.31 0.36125825243
152.33 0.3648
153.35 0.27980392157
154.41 0.28908679245
155.43 0.42917647059
156.49 0.33038490566
157.5 0.37962338949
158.52 0.27896470588
159.55 0.27598836081
160.59 0.2736
161.62 0.32970262391
162.62 0.1798041958
163.65 0.27572093023
164.67 0.26902654867
165.7 0.36125825243
166.72 0.36444270323
167.74 0.36515799804
168.76 0.3537238002
169.79 0.36125825243
170.82 0.36160932945
171.82 0.36079120879
172.84 0.27897939156
173.84 0.36079120879
174.86 0.36515799804
175.89 0.36125825243
177.0 0.26472207328
178.13 0.34139037433
179.15 0.40454474708
180.16 0.36841188119
181.17 0.25751287129
182.18 0.34674059406
183.19 0.27089108911
184.22 0.27625631068
185.27 0.20596571429
186.29 0.27008884501
187.31 0.24726129666
188.32 0.30071835132
189.33 0.28008712871
190.35 0.3648
191.38 0.36125825243
192.5 0.21222142857
193.56 0.40265660377
194.58 0.39698823529
195.84 0.24693968254
196.85 0.36841188119
197.88 0.32938252427
198.91 0.39313398058
199.92 0.28058613861
200.95 0.36125825243
202.05 0.3310284143
203.07 0.39351603499
204.08 0.2835009901
205.11 0.36125825243
206.12 0.36841188119
207.2 0.31413333333
208.23 0.4037592233
209.24 0.17336237624
210.26 0.3648
211.27 0.36841188119
212.28 0.3359049505
213.29 0.30854653465
214.31 0.3648
215.33 0.3648
216.42 0.30121100917
217.57 0.35046956522
218.59 0.30071835132
219.62 0.27598836081
220.63 0.27115956392
221.78 0.247214596
236.53 0.01229604504
237.97 0.0228
239.0 0.04221407907
240.0 0.04373226773
241.22 0.04485245902
242.28 0.06188878417
243.86 0.03465484484
244.87 0.04368862275
246.24 0.01587237128
247.42 0.0372244898
248.56 0.0288
249.7 0.03836634531
291.96 0.00129481082
293.47 0.01453386454
294.48 0.0756248766
295.84 0.01614159292
298.16 0.07611024978
299.28 0.03901604278
300.38 0.04983606557
301.54 0.04725388601
302.64 0.05931707317
303.74 0.03994160584
305.28 0.05677821012
306.68 0.03916964925
1301.57 0.0
