1.13 0.05658969805
11.25 0.0030503654
15.04 0.05916323296
16.32 0.01711336982
21.02 0.00232950192
22.33 0.01660698027
23.78 0.01514740484
24.8 0.03228318584
28.36 0.02150098232
35.28 0.0015819601
40.58 0.00206451613
42.38 0.01826028921
43.82 0.06075780708
45.02 0.07296
46.25 0.01768012924
47.61 0.07242352941
48.75 0.0672
49.76 0.0655984016
50.78 0.05354207436
51.89 0.06864516129
52.98 0.06057564576
54.08 0.10963934426
55.22 0.06714110429
56.26 0.05266602502
57.34 0.09477037037
58.34 0.07653146853
59.43 0.0697704918
60.71 0.03425352113
61.73 0.05364705882
62.96 0.06263941128
64.58 0.06751388032
65.75 0.10236734694
66.8 0.05246404602
67.91 0.05878603402
68.96 0.06283636364
70.15 0.05485714286
71.42 0.05207295797
72.75 0.04907623318
73.76 0.0218225324
82.48 0.00878229967
83.6 0.38590681004
84.7 0.13272297911
85.77 0.12193871866
86.85 0.07093333333
87.93 0.07093333333
89.0 0.07206773283
90.08 0.0912
91.15 0.10152133581
92.21 0.09309640832
93.27 0.08251837889
94.35 0.09111563367
95.37 0.06443964671
96.53 0.10386885246
97.55 0.10729411765
99.03 0.0864929102
100.09 0.12377756833
101.21 0.08817905103
102.63 0.09370464135
103.71 0.1216
104.73 0.11802352941
105.87 0.10569271291
107.07 0.12746755408
108.33 0.04670373312
109.33 0.10933066933
110.45 0.1077743957
113.53 0.01423609756
114.96 0.22958942241
116.06 0.09958143767
117.18 0.10738983051
118.22 0.10533205005
119.44 0.11642553191
120.56 0.07652951699
121.62 0.11346277097
122.66 0.10523076923
123.7 0.10553519769
124.74 0.08000767018
125.8 0.13447258979
126.84 0.09443528284
128.08 0.13270816492
129.2 0.09771428571
130.22 0.06645731109
131.28 0.12354468485
132.36 0.10133333333
133.74 0.06725797101
134.8 0.10353831599
135.86 0.09283317625
136.94 0.09111563367
138.08 0.09620368745
139.12 0.06128461538
140.26 0.09608428446
141.28 0.11802352941
142.36 0.10133333333
143.55 0.06426130653
144.6 0.1147607245
145.78 0.11129491525
147.84 0.01062524272
148.98 0.22167719298
150.12 0.06725899912
151.15 0.09609365854
152.26 0.10816172507
156.88 0.04020601601
174.48 0.01491785024
175.86 0.02380855693
177.18 0.03316363636
178.28 0.06964363636
179.28 0.0655984016
180.34 0.08290909091
181.4 0.08244067797
183.46 0.02590087464
184.84 0.03169876901
186.1 0.07817142857
187.18 0.05071362373
188.42 0.05291216761
189.48 0.0515739868
190.54 0.05176915799
191.58 0.05246404602
193.28 0.02307710418
194.45 0.08404095563
195.69 0.07049275362
196.97 0.04281690141
198.93 0.01674247833
200.01 0.04057089898
200.97 0.04555254943
