1.0 3.73325074925
6.52 0.02376645512
8.06 0.60483925113
9.13 0.3606779661
10.16 0.5838150289
11.17 0.74305694306
12.36 1.13450542118
13.44 1.29644444444
14.48 1.63919301649
15.55 2.14549026877
16.56 2.62103496503
17.56 2.95454145854
18.69 2.32212533098
19.84 2.34260960699
20.93 2.83868744271
22.04 3.41561767358
23.04 3.0095984016
24.18 3.10342405619
25.18 4.01588811189
26.19 3.0224222002
27.2 2.35468514851
28.2 2.2962957043
29.22 2.43843137255
30.22 2.79527672328
31.4 2.66508658744
32.4 2.82306586826
33.41 2.30947244094
34.41 1.67725074925
35.42 3.23739460539
36.42 3.87745054945
37.42 3.72730952381
38.43 3.0084955045
39.43 3.77638095238
40.44 3.58677045908
41.44 3.85116483516
42.44 2.58989264414
43.44 2.09686313686
44.45 2.13673736373
45.45 1.46594205794
46.47 1.7814302554
47.47 2.39434165834
48.48 2.59398609732
49.48 3.47204795205
50.54 3.20740377358
51.54 3.6152967033
52.54 3.87729070929
53.63 4.71715179393
54.64 3.21815445545
55.77 2.27535575221
56.77 3.05277922078
57.77 3.52597002997
58.78 3.28542857143
59.79 2.98358811881
60.79 2.99872927073
61.93 2.74411950791
63.02 2.6176293578
64.02 3.24552247752
65.02 3.19960839161
66.07 3.72401526718
67.08 3.14273392681
68.24 3.17813977567
69.24 3.22578221778
70.24 3.48668131868
71.25 2.19996825397
72.25 2.1893493014
73.27 2.77798035363
74.27 3.70630969031
75.27 2.12559440559
76.28 2.98715873016
77.3 2.39462745098
78.3 3.13679120879
79.47 3.8267965812
80.47 3.46813186813
81.47 3.60014385614
82.48 4.04491269841
83.48 4.06228971029
84.57 2.99263177227
85.57 3.33287512488
86.58 2.69807524752
87.58 2.07625174825
88.73 2.17949825784
89.73 3.44391608392
90.74 1.46905054509
91.87 1.95880353982
92.88 2.63306138614
93.88 2.00716883117
94.88 2.77798003992
95.89 2.26464950495
96.97 0.81037777778
97.97 2.06634965035
98.98 1.99403187251
99.98 1.68956175299
100.98 1.58529470529
101.99 1.7579960396
103.0 2.20301782178
104.01 1.85097029703
105.01 1.9939020979
106.01 2.05424975025
107.02 1.86133862959
108.02 2.34826347305
109.03 1.99616253717
110.04 2.30734588702
111.04 2.36792807193
112.04 2.38813186813
113.05 2.51592857143
114.06 3.19516981132
115.06 2.89342115768
116.23 3.23266324786
117.24 2.71974653465
118.4 2.38126660915
119.64 2.16697502015
120.64 2.60206993007
121.79 2.61848780488
122.8 3.51945346535
123.8 3.56170517928
124.8 3.56531468531
125.82 2.92163940887
126.99 1.70350727117
127.99 2.52553846154
128.99 2.60576223776
130.0 1.56638888889
131.0 3.24676923077
132.01 3.70804752475
133.01 3.80036763237
134.02 3.20899900892
135.02 3.21588011988
136.05 3.29883544304
137.05 3.53223576424
138.06 3.43233300297
139.07 2.75804356436
140.07 3.52108691309
141.07 3.62487912088
142.07 4.69652694611
143.78 1.62245811365
144.79 6.62403964321
145.79 2.39434165834
146.8 2.28858671952
147.8 2.45587212787
148.8 3.41111688312
149.8 3.30585044865
150.81 4.05509253731
151.81 3.68694505495
152.81 3.89403396603
153.82 3.31142857143
154.82 2.41198801199
155.82 4.00843113772
156.83 3.96373439049
157.83 3.54231368631
159.03 0.10895428096
160.05 6.61712820513
161.05 2.42595626243
162.06 2.6004055666
163.06 3.0076963037
164.07 2.83371428571
165.07 2.13425774226
166.08 2.13885714286
167.09 2.0371009901
168.09 1.74144255744
169.09 3.34833532934
170.1 3.28506349206
171.15 2.71878857143
172.29 2.52933333333
173.3 3.01295049505
174.36 2.67586415094
175.43 2.78212336449
176.52 2.73555229358
177.58 2.52038526912
178.58 2.63886513487
179.61 2.67596893204
180.62 2.62424578791
181.62 3.09392207792
182.71 2.84083746556
183.73 3.37627290448
184.74 2.77736915423
185.74 3.25138061938
186.74 3.84326873127
187.74 3.65429141717
188.95 3.70459038143
190.15 0.17313572023
193.67 1.84558726549
194.67 1.98981818182
195.67 2.50122677323
196.68 2.62499900892
197.68 2.77977222777
198.69 2.59659980139
199.7 2.0102019802
200.7 2.59113686314
201.71 1.91753419227
202.71 2.39195209581
203.72 1.85109036743
204.72 2.26314485514
205.73 1.16755029586
206.73 2.16917928287
207.74 2.45483316683
208.75 2.97095191364
209.89 2.41550175439
210.95 2.11726037736
212.07 2.08132142857
213.1 2.58777668952
214.1 3.75718962076
215.12 3.47832612967
216.12 3.41134065934
217.12 3.1065014985
218.22 2.27851851852
219.31 2.57186055046
220.32 2.39467722772
221.33 1.73801188119
222.34 1.71094653465
223.35 1.88727056492
224.36 1.46095351137
225.37 2.41620779221
226.37 1.01554806739
227.38 2.6458021978
228.38 2.30853518335
229.39 2.53444155844
230.39 2.42714085914
231.39 2.01511111111
232.4 2.15056633663
233.5 1.90858909091
234.51 1.52933994054
235.51 1.36101498501
236.52 1.78208991009
237.53 1.57847301276
238.54 1.62695738355
239.55 1.49484346959
240.55 1.43751340616
241.55 2.20847952048
242.56 2.33296303696
243.57 2.31982728165
244.58 1.92134131737
245.58 2.60206993007
246.59 2.49351833499
247.6 2.29996439169
248.61 3.30487128713
249.82 2.32428429752
250.83 2.32168213228
252.04 1.80271748136
253.05 2.33025742574
254.07 1.79357016683
255.08 0.51739405941
256.08 1.16983816184
257.09 1.6256333003
258.09 1.36558641359
259.12 1.56528932039
260.16 1.25104322767
261.17 1.88426190476
262.26 1.43238165138
263.27 1.90707326733
264.27 1.77115684316
265.27 1.95370634921
266.28 2.18661338661
267.28 1.80049950446
268.29 1.57504095904
269.29 2.06081268583
270.3 1.64761638362
271.3 1.60980773043
272.31 2.29594405594
273.33 1.57220392157
274.33 2.0933518335
275.34 1.35211988012
276.34 2.25604757185
277.35 1.72696103896
278.35 1.96319524281
279.36 1.63754455446
280.37 2.05877227723
281.38 1.47113663366
282.39 1.22442772277
283.41 0.89054117647
284.43 0.77838431373
285.45 1.05666206897
286.45 0.9256119403
287.47 0.92272941176
288.48 0.55363960396
289.49 0.83434455446
290.52 0.97847230321
291.55 0.48117167798
292.56 0.26005544554
293.57 0.58512475248
294.58 0.42259009901
295.59 0.59596039604
296.6 0.3756432111
297.6 0.38265734266
298.62 0.62291658489
299.62 0.65198001998
300.7 0.43613716404
301.73 0.26563106796
302.74 0.23838415842
303.78 0.23150769231
304.79 0.23097029703
305.81 0.39659941234
306.83 0.44673517787
307.84 0.43044247788
308.88 0.18941538462
310.16 0.11035128806
311.24 0.0608
329.4 0.00120561829
330.43 0.10625242718
331.45 0.10708414873
332.49 0.10543352601
333.63 0.07245614035
334.67 0.4651
335.7 0.5461592233
336.71 0.60374653465
337.73 0.38680274779
338.73 0.60362037962
339.73 0.53292307692
340.74 0.59914370664
341.75 0.57250693069
342.75 0.54944255744
343.77 0.55338174681
344.78 0.8659009901
345.88 0.53799272727
346.9 0.6118390579
347.91 0.6063049505
348.92 0.70559050445
349.94 0.97131305201
350.95 0.77192063492
351.99 0.503623439
353.03 0.32621538462
356.14 0.04217245817
357.14 1.33558483034
358.16 0.44047890088
359.28 0.17166428571
360.28 0.30612587413
361.3 0.12887929342
362.6 0.06005226749
363.71 0.07880468047
364.78 0.09213844715
365.85 0.09213844715
367.21 0.12861719324
368.22 0.35793062438
369.22 0.25251548452
370.24 0.41314229637
371.24 0.59653946054
372.26 0.50858488714
373.27 0.43677151335
374.29 0.4566437684
375.31 0.32829019608
376.34 0.2947249757
377.35 0.21649851632
378.5 0.1947154047
379.57 0.41245607477
380.58 0.45374257426
381.92 0.33934925373
383.0 0.45957777778
384.01 0.50158194308
385.06 0.50755047619
386.07 0.53572027972
387.07 0.29318533201
388.11 0.44400769231
389.12 0.44426138614
390.13 0.2372027972
391.19 0.2661777362
392.24 0.15634285714
393.26 0.12520784314
394.27 0.35757623762
395.29 0.19890909091
396.29 0.29314285714
397.31 0.19093333333
398.33 0.37552941176
399.35 0.17503529412
400.57 0.39287213115
401.59 0.51693333333
402.79 0.40881333333
403.84 0.26057142857
415.74 0.00459947886
416.75 0.04360159363
417.76 0.06462992126
419.14 0.03172173913
420.24 0.02597270246
421.26 0.00883137255
422.39 0.04838196286
423.46 0.16364859813
424.69 1.0545300813
425.7 0.99204752475
426.71 0.93653069307
427.71 1.16248551449
428.88 1.06884931507
429.88 1.33157242757
430.89 1.25586521308
432.04 1.36788879235
433.05 1.51413861386
434.21 1.07322174288
435.21 1.50876323676
436.22 1.2953029703
437.23 1.75711397423
438.23 1.30273726274
439.43 1.32075333333
440.44 1.71203168317
441.44 1.44732934132
442.45 1.56364647468
443.46 1.7464950495
444.46 1.63575624376
445.47 1.17026190476
446.49 0.90127058824
447.5 0.61180574827
448.59 0.64258348624
449.59 0.59072927073
450.6 1.33745887017
451.61 1.47364752475
452.61 1.25715884116
453.62 1.18986719524
454.63 1.07950891089
455.64 1.12579228487
456.65 0.91823191278
458.01 1.05261674009
459.02 1.21720754717
460.05 0.41848543689
461.07 0.64376470588
462.08 0.6201029703
463.09 0.82136237624
464.1 0.53094653465
465.11 0.88510891089
466.11 1.38560639361
467.12 1.82854653465
468.18 1.06285714286
469.2 1.04587980296
470.21 0.6134019802
471.22 0.73682376238
472.22 0.96641916168
473.23 1.73923015873
474.24 1.2046970297
475.25 1.48448316832
485.5 0.0064062439
486.5 0.79731736527
487.53 0.57550339476
488.68 0.69760835509
489.71 0.53269902913
490.81 0.38813818182
491.84 0.02125048544
492.91 0.87167102804
493.92 0.84175841584
494.93 0.79401188119
495.95 0.56130196078
496.96 0.39008316832
498.03 0.16216276894
499.06 0.42767378641
500.08 0.40811776251
501.08 0.49936463536
502.09 0.39272512315
503.11 0.62228965517
504.18 0.47048971963
505.32 0.22071290606
506.85 0.18585499673
507.87 0.36390588235
508.88 0.78110891089
510.1 0.78475471698
511.11 0.73985332012
512.13 0.39265817826
513.16 0.44996504854
514.17 0.57183746283
515.22 0.44178285714
516.29 0.37843738318
517.3 0.53864554455
518.31 0.43537425743
519.32 0.46593267327
520.43 0.15856576577
532.99 0.00174281392
534.03 0.31569230769
535.09 0.43267924528
536.13 0.81783846154
537.13 1.20867932068
538.25 1.23683687943
539.3 1.39900096061
540.31 1.31192871287
541.43 1.25274576271
542.43 1.25681746032
543.44 1.34434365634
544.44 1.52765634366
545.44 2.08323676324
546.53 1.84942647059
547.53 2.48775224775
548.53 2.34488888889
550.6 0.81658612324
551.74 0.60932985205
565.79 0.032729137
566.79 0.27332667333
567.8 0.6393029703
568.96 0.59042622951
569.96 1.04397202797
570.97 0.93649157582
571.98 1.10211485149
572.99 1.13259405941
574.2 0.84883305785
575.21 1.68828543112
576.27 1.05701886792
577.27 1.09929270729
578.29 1.01929411765
579.3 0.52510604559
580.31 1.00956987116
581.31 1.44584215784
582.37 1.29071698113
583.38 0.81347869177
600.17 0.01629153269
601.31 0.03833274956
602.39 0.06096935933
603.61 0.03588196721
604.79 0.03709830508
605.97 0.05564745763
607.03 0.05522946176
608.11 0.01844958372
609.29 0.03709830508
610.45 0.05660689655
611.86 0.04657021277
612.86 0.69663136863
613.87 1.1361506442
614.89 0.35407058824
615.92 0.41236081474
617.14 0.75768334701
618.16 1.13843921569
622.19 0.09778704393
623.2 0.48859464817
624.21 1.10980594059
625.22 1.57863762376
626.22 1.57941258741
627.28 1.89566761095
628.29 2.26030891089
629.34 2.11843660629
630.35 2.57217804154
631.53 1.77181016949
632.53 1.86651748252
633.54 1.72761072493
634.54 1.45798201798
635.55 1.24153815659
636.64 1.30192293578
637.8 1.37826012059
638.83 1.45348104956
639.83 1.07144055944
640.85 1.01029019608
641.87 1.26731305201
642.88 0.58297821782
643.9 1.19096470588
644.91 0.76607524752
645.91 1.07144055944
646.92 1.12919722498
647.93 0.98506824926
648.95 0.82616470588
649.96 0.63316551041
650.97 1.25693465347
651.97 1.09684715285
652.98 1.62695738355
653.98 1.11365434565
655.11 0.53314437555
656.11 0.69971628372
657.12 0.70981169475
658.13 1.04022178218
659.34 0.76879338843
660.35 1.36394065282
661.36 0.80953022795
662.37 0.58512475248
663.38 0.93186534653
664.62 0.11473548387
675.14 0.00311942993
676.28 0.05785374449
677.34 0.05162264151
678.48 0.0191496063
679.77 0.03398757764
680.94 0.03744739093
682.34 0.03126857143
683.36 0.05359451518
684.52 0.0566557377
685.62 0.03979636364
686.8 0.03709830508
688.0 0.03638902743
689.2 0.03657142857
690.44 0.03530322581
691.56 0.02931428571
692.7 0.048
693.86 0.06604137931
695.12 0.04342857143
696.42 0.03367384615
697.5 0.06051981567
698.67 0.0469296741
699.71 0.02138979788
700.73 0.28969411765
701.76 0.36125825243
702.8 0.26832307692
704.07 0.23843149606
705.07 0.30612587413
706.1 0.22486297376
707.13 0.30813203883
708.19 0.2310490566
709.2 0.3033980198
710.21 0.35757623762
711.22 0.27972277228
712.48 0.29467936508
713.49 0.35722255193
714.52 0.27571622935
715.62 0.32565554554
716.64 0.21991372549
717.65 0.43342574257
718.68 0.26942912621
719.69 0.31423366337
720.91 0.21257704918
721.96 0.27281303931
723.16 0.20797996661
724.18 0.27652478134
725.23 0.11465142857
726.55 0.11199393939
727.97 0.20166123317
729.34 0.15585486212
730.55 0.04552412646
731.57 0.32970262391
732.72 0.16172178478
733.75 0.31660559306
734.84 0.20430825688
735.87 0.36160932945
736.98 0.20414761476
738.01 0.4041516035
739.05 0.23317579251
740.09 0.30516923077
741.13 0.23939172281
742.14 0.3033980198
743.16 0.25457254902
744.17 0.26978437191
745.19 0.3648
746.2 0.2776
747.3 0.22888727273
748.32 0.42959764475
749.35 0.27520776699
750.51 0.27916551724
751.7 0.28485642317
752.72 0.37013542689
753.73 0.36213861386
754.75 0.2770745098
755.88 0.21053934571
756.91 0.44669387755
757.94 0.27473398058
758.98 0.30516923077
759.99 0.33798811881
761.07 0.26845185185
762.08 0.36841188119
763.11 0.2836815534
764.28 0.28037574722
765.31 0.3700447036
766.33 0.3648
767.35 0.23848627451
768.54 0.29404534005
769.55 0.34605351833
770.66 0.33491989199
771.68 0.2825279686
772.82 0.28487017544
774.53 0.192
775.54 0.16038773492
791.62 0.00204204503
794.03 0.00454862843
795.86 0.0119280654
797.1 0.01769442199
798.29 0.01847088608
799.4 0.01957781753
800.6 0.03648
801.64 0.0316300578
803.04 0.02345142857
804.46 0.03080647431
805.56 0.01993442623
807.04 0.01477920324
808.32 0.02569014085
809.4 0.02026666667
810.54 0.0288
812.04 0.02190260173
813.18 0.0288
814.24 0.03094439208
815.34 0.0298744313
816.34 0.0327992008
817.62 0.02567005473
818.82 0.02736
819.84 0.02542885182
821.16 0.00681907646
822.36 0.06384
823.36 0.1311968032
824.38 0.0748856305
825.46 0.14226183844
826.6 0.05754951797
827.62 0.08591952895
828.86 0.04698872786
829.96 0.09967213115
830.96 0.12026373626
832.02 0.11378449905
833.26 0.08811594203
834.38 0.11725714286
835.72 0.06132935026
836.88 0.09450777202
838.1 0.0357939493
839.8 0.01288287228
841.74 0.02258823529
842.86 0.03901604278
847.66 0.0045609502
849.1 0.03797362942
851.26 0.02534506716
853.48 0.00492972973
854.84 0.01608229243
856.14 0.01687586739
857.22 0.0304
858.36 0.0288
859.48 0.02834611954
860.48 0.00899800399
861.56 0.09094736842
862.64 0.11188104089
863.74 0.10944
864.76 0.11767741935
865.92 0.020204329
872.22 0.00520564452
873.25 0.55929251701
874.46 0.77798843931
875.47 0.95641980198
876.52 1.26335238095
877.62 1.48869090909
878.71 1.66060917431
879.71 2.27438961039
880.85 2.23774539069
881.86 2.34647128713
882.86 1.99447752248
883.98 2.00558355675
884.98 2.8441958042
885.99 1.67867591675
887.0 2.48335841584
888.01 3.08470259481
889.15 2.73222996516
890.16 3.58661127596
891.17 3.89820416254
892.36 2.86742857143
893.36 3.43972027972
894.44 3.08063881151
895.44 3.93394810379
896.44 3.49866933067
897.45 3.35301498501
898.45 3.22861569017
899.47 3.16476078431
900.47 3.13081318681
901.47 3.51136863137
902.49 2.86797246804
903.5 2.57050497018
904.53 2.09090135397
905.53 1.96795204795
906.53 2.03496503497
907.54 2.10952380952
908.54 1.90589410589
909.55 2.04926732673
910.56 1.65600792079
911.56 0.68326073926
912.56 2.18895504496
913.57 2.89490367428
914.57 2.91692307692
915.58 2.74436471754
916.59 2.51863627354
917.6 1.5338793274
918.84 0.55602580645
919.88 0.56934104046
920.88 1.21357042957
921.9 1.51478669276
927.41 0.04771226158
928.43 4.82107526882
929.45 1.36934778325
930.45 1.48495920398
931.48 2.05947184466
932.48 1.36663336663
933.49 1.25808489635
934.5 2.18919004975
935.5 1.94093413174
936.51 2.34334920635
937.52 1.76382574257
938.53 1.67736769078
939.69 1.65522068966
940.7 1.76796035679
941.7 1.16371628372
942.7 2.57897302697
943.71 2.69787115956
944.71 2.54546253746
945.72 2.14935976214
946.73 2.57888316832
947.74 1.47847279921
948.77 1.33203505355
949.77 0.73251548452
950.81 0.69519153032
951.83 0.57938823529
952.84 0.24696237624
953.85 1.36529108911
954.86 1.0087135778
955.86 0.68809580838
956.87 0.76344895937
957.87 1.68369230769
958.89 1.09260843965
959.95 1.31546415094
960.97 0.93254456415
961.98 0.65013861386
962.99 1.22429335976
963.99 1.4868971029
965.0 0.7430802775
966.77 0.1298440678
967.78 0.47724083251
968.79 1.10414243323
969.8 0.86731417245
970.81 0.9427009901
971.82 0.81417210682
972.85 0.87211661808
974.04 0.65146218487
975.04 1.06050749251
976.24 0.62535446205
977.25 0.70015748031
978.25 0.61225174825
979.3 0.32931160115
980.59 0.0848372093
981.61 1.24461176471
982.62 0.56326336634
983.63 1.06434851485
984.65 0.2556
985.66 0.97184950495
986.66 1.09088511489
987.67 1.11336372646
988.68 1.34457821782
989.69 1.40777821782
990.69 1.27271928072
991.71 1.42042001963
992.72 1.13888031652
993.72 1.08598412698
994.75 1.28317335945
995.76 1.48062868369
996.83 1.4523364486
997.97 1.75354250657
999.24 1.68557919622
1000.35 1.82246486486
1001.35 2.1968031968
1002.36 1.90966897919
1003.37 1.47963564356
1004.47 1.552
1005.63 1.78213264427
1006.64 1.6841958042
1008.14 0.76747976111
1009.14 1.77512887113
1010.31 2.16562735043
1011.31 2.06228971029
1012.32 2.18519080919
1013.32 2.17142857143
1014.33 1.87819405941
1015.33 2.47087312687
1016.34 1.46120911794
1017.35 2.23214257426
1018.35 1.96405994006
1019.36 2.29943310208
1020.51 1.72323759791
1021.51 2.12101498501
1022.52 1.80264285714
1023.52 2.42714085914
1024.52 2.32394005994
1025.52 2.07472527473
1026.53 1.96573584906
1027.54 2.26464950495
1028.66 0.81497765862
1029.67 1.4180652819
1030.67 1.48345254745
1031.68 1.31384126984
1032.7 0.95491764706
1033.71 1.12437586548
1034.72 2.52222001982
1035.72 1.82607792208
1036.73 1.86742857143
1037.73 1.42928542914
1038.75 1.79533202358
1039.75 1.4903016983
1040.76 2.07165906838
1041.76 1.54547052947
1042.77 2.19963564356
1043.78 1.6395
1044.95 1.95068717949
1045.96 2.61963204748
1046.96 2.40214985015
1047.97 2.24265873016
1048.97 2.4214985015
1050.1 1.84106288751
1051.1 2.37247552448
1052.11 1.90676190476
1053.11 1.76601798202
1054.11 2.41130869131
1055.12 1.73364285714
1056.12 2.17568031968
1057.13 1.37594444444
1058.25 2.11091428571
1059.25 3.08312487512
1060.25 2.9900979021
1061.25 2.13464135864
1062.25 3.81421778222
1063.27 3.1767394297
1064.27 2.56971828172
1065.27 3.54967432567
1066.27 3.59894505495
1067.28 4.37340497512
1068.28 3.5841038961
1069.28 3.42286513487
1070.29 2.33385714286
1071.3 3.26451485149
1072.31 2.99908118812
1073.32 2.61139009901
1074.32 2.45796603397
1075.33 2.56444796829
1076.33 3.13984415584
1077.33 3.22612587413
1078.4 2.80947565543
1079.4 3.74602197802
1080.41 3.0693518335
1081.41 3.36153022795
1082.42 2.45541386139
1083.43 2.28455544456
1084.43 3.54111397423
1086.77 0.99187345019
1087.77 6.26660539461
1088.79 1.9872627451
1089.92 2.39705673759
1091.03 2.85558918919
1092.13 3.03479019074
1093.13 4.04523476523
1094.14 1.96822222222
1095.15 2.04784142716
1096.15 2.52301796407
1097.16 2.09885998014
1098.16 2.02479840319
1099.17 2.46427750248
1100.17 2.50726873127
1101.17 2.28361238761
1102.18 2.76582755203
1103.19 2.32694549058
1104.2 2.09931417245
1105.2 2.43807392607
1106.21 1.9976
1107.22 2.29715643564
1108.34 1.84813583557
1109.34 2.52553846154
1110.35 2.25387512389
1111.35 2.30236963037
1112.35 2.15024975025
1113.46 1.83096750903
1114.61 2.00241181581
1115.61 2.70143712575
1116.62 3.31738629593
1117.62 2.7601038961
1118.76 2.75056842105
1119.82 2.92037016053
1120.98 2.57072413793
1121.98 2.66578221778
1123.13 2.4436205396
1124.14 2.94867789891
1125.15 3.72917227723
1126.15 3.13496103896
1127.16 2.11062041625
1128.21 1.53503145853
1129.22 2.16281188119
1130.22 2.53647152847
1131.22 2.42348851149
1132.23 2.20558969277
1133.24 2.99583366337
1134.42 2.25972519084
1135.42 2.80935064935
1136.42 3.03140859141
1137.43 3.19556349206
1138.43 3.34750849151
1139.43 3.89831536926
1140.44 3.4393968254
1141.45 2.30304063429
1142.45 2.45395404595
1143.46 2.40784158416
1144.5 2.20193262753
1145.59 2.55836330275
1146.59 2.99283832335
1147.69 2.59529026388
1148.7 3.22245391477
1149.7 3.44788011988
1150.89 2.23051976451
1151.89 3.07695504496
1153.06 2.73838152267
1154.18 2.5719821269
1155.24 2.86188679245
1156.27 2.69950291262
1157.27 2.76848751249
1158.28 3.41519920714
1159.29 2.95216633663
1160.31 2.14141960784
1161.31 1.86679441118
1162.31 1.91574451098
1163.52 2.36547927032
1164.71 2.94122352941
1165.72 2.78476039604
1166.73 1.97665742574
1167.74 3.16046732673
1168.74 3.12685714286
1169.74 2.74791608392
1170.75 2.95578947368
1171.77 2.19582370225
1172.86 2.85380348944
1173.86 2.49714285714
1174.87 1.65836563437
1175.95 1.88337190083
1176.96 2.89726273726
1177.96 2.27005794206
1178.97 2.25550842418
1179.98 2.99738613861
1180.99 2.15692673267
1181.99 2.99566033966
1182.99 1.73119047619
1184.0 2.04915884116
1185.19 1.76848707256
1186.2 2.16474725275
1187.2 2.04417839445
1188.22 2.47144664032
1189.22 2.67526190476
1190.3 3.20897105509
1191.3 3.56417982018
1193.58 0.90459090909
1194.59 6.01212774451
1195.68 2.14077959927
1196.69 2.613002997
1197.7 1.83371089109
1198.9 1.9657218543
1199.94 1.39902325581
1200.94 2.49466798811
1201.95 1.8068011988
1202.95 3.64071128871
1203.95 2.85453746254
1204.95 2.18508838133
1206.01 2.45366037736
1207.02 3.37831768232
1208.02 2.35403796204
1209.04 2.39758194308
1210.04 3.05085714286
1211.05 1.6526970297
1212.06 2.15629306931
1213.07 1.86086025768
1214.07 2.44900699301
1215.08 2.27684920635
1216.08 2.31781018981
1217.09 1.89343904856
1218.09 2.30826773227
1219.1 3.07257142857
1220.1 2.00561038961
1221.11 2.19402973241
1222.11 2.50367232767
1223.12 1.99961149653
1224.12 2.31806593407
1225.13 2.7072111001
1226.13 2.62400799201
1227.13 2.27935264735
1228.14 1.84448412698
1229.23 2.08265441176
1230.38 2.32869504778
1231.38 2.90529341317
1232.39 2.50298311817
1233.39 2.64713686314
1234.4 2.19788888889
1235.52 2.74692857143
1236.53 3.33500591716
1237.54 3.21321393035
1238.55 2.85625321464
1239.56 2.40254509415
1240.56 2.54966633367
1241.78 2.62943396226
1242.99 2.80483305785
1243.99 3.45385014985
1244.99 3.25805394605
1246.0 2.46579365079
1247.0 2.38146653347
1248.0 2.73326673327
1249.01 2.37272222222
1250.01 2.96769660679
1251.02 3.82171428571
1252.03 3.29595247525
1253.03 3.488999001
1254.03 3.03232767233
1255.04 2.16196031746
1256.14 1.66397090909
1257.15 2.25028118812
1258.15 2.43092107892
1259.16 3.40239207921
1260.17 3.14455500496
1261.2 2.88674052478
1262.2 3.00659340659
1263.2 2.73326673327
1264.22 2.03622789784
1265.22 2.79028571429
1266.22 2.38122677323
1267.23 3.76097502498
1268.23 2.96118281718
1269.23 3.04
1270.24 1.85862137862
1271.24 2.36952380952
1272.38 2.08087017544
1273.38 3.27992007992
1274.39 3.29771028971
1275.39 3.19725874126
1276.57 2.54960067397
1277.57 2.72142257742
1278.58 2.40759563925
1279.59 2.13215841584
1280.6 2.34064158416
1281.7 1.82853090909
1282.7 2.70614185814
1283.71 2.11812187812
1284.71 2.04174225774
1285.71 2.00248659384
1286.72 2.08452277228
1287.72 2.46509490509
1288.73 1.95397402597
1289.73 1.90130685204
1290.74 1.84860929773
1291.75 2.08875848303
1292.75 2.14255555556
1293.76 2.1223818002
1294.77 1.69790287413
1295.78 1.95436597428
1296.79 1.57041030723
1297.84 1.47534157945
1298.85 1.85862137862
1299.85 1.74647619048
1300.85 2.47087312687
1301.86 2.13755555556
1302.86 1.75178421578
1303.86 2.6786013986
1304.87 2.06956901688
1305.87 2.18056343656
1306.88 2.54889990089
1307.88 2.15393406593
1308.89 2.63828571429
1309.89 2.15381418581
1312.43 0.33664907444
1313.86 4.41387709497
1314.87 1.60526461843
1315.88 1.87679207921
1316.88 2.13068531469
1317.89 2.11794648167
1318.89 1.9055984016
1319.9 2.34281863231
1320.91 1.93458217822
1321.92 1.80761188119
1322.92 1.89142057942
1323.93 1.61378571429
1324.94 1.35910406343
1325.94 1.92421978022
1326.94 1.95604395604
1327.95 1.96134126984
1328.97 1.8368047105
1329.97 1.68369230769
1331.27 0.10952424942
1332.71 0.01862777778
1334.34 0.01342822086
1335.37 0.91644011685
1336.37 2.22811976048
1337.56 2.05285642317
1338.56 2.46840718563
1339.57 2.19447619048
1340.67 1.96127388535
1341.79 2.12632857143
1342.89 2.01704
1343.98 1.87698348624
1345.13 1.78610782609
1346.3 1.76880614859
1347.31 2.192864222
1348.31 1.88644155844
1349.33 2.1713816047
1350.34 2.82846918489
1351.34 2.33593625498
1352.35 2.22239363817
1353.35 2.7114005994
1354.11 1.90719367589
