1.0 1.67275924076
2.01 1.84838850347
3.01 2.85353046953
4.02 2.28224380575
5.02 1.96155844156
6.03 2.38620416254
7.03 2.47541258741
8.05 1.99134838077
9.05 2.38794805195
10.05 2.39434165834
11.06 2.26279365079
12.06 2.35279840319
13.07 2.47153128103
14.07 1.4212987013
15.08 2.21497029703
16.08 2.7441998002
17.09 2.21716551041
18.1 1.52148910891
19.11 2.27548514851
20.11 2.07088911089
21.12 2.3690148662
22.13 2.20618867925
23.13 2.33954137587
24.13 2.24581818182
25.14 2.56171089109
26.15 2.62482457879
27.16 2.45335445545
28.17 2.00909306931
29.17 2.47087312687
30.18 2.01108424182
31.19 2.03076435644
32.19 2.26314485514
33.21 2.10946418057
34.21 2.44263736264
35.22 2.28224380575
36.23 2.53303264095
37.25 2.38872620216
38.26 2.36666930693
39.26 2.46447952048
40.27 2.47542857143
41.27 2.12555444555
42.28 2.37844378109
43.29 2.56617931034
44.3 2.32102868447
45.31 2.58594251734
46.31 2.07088911089
47.32 2.3211258672
48.32 2.60400798403
49.34 2.5630805501
50.34 2.32234965035
51.35 2.32342857143
52.35 1.81942857143
53.36 2.14995643564
54.36 2.40527472527
55.37 2.16293359762
56.38 1.94600594648
57.38 1.92421978022
58.39 1.33728316832
59.4 1.63618217822
60.41 1.56638255699
61.41 2.05541658342
62.41 1.79756243756
63.42 2.32342857143
64.43 2.52670227498
65.44 2.65923168317
66.46 2.57951372549
67.47 2.6483960396
68.48 2.7404876115
69.48 2.34789210789
70.48 2.49727872128
71.49 2.47993650794
72.49 2.49727872128
73.5 2.51885714286
74.5 2.24581818182
75.51 2.23885827552
76.51 2.41620779221
77.52 2.33416237624
78.53 2.62932804757
79.53 2.65034165834
80.53 2.55194405594
81.54 2.48382160555
82.55 2.28224380575
83.55 2.33328271728
84.56 2.36451139742
85.56 2.22395204795
86.57 2.15209514371
87.57 2.13194805195
88.58 2.05446977205
89.59 1.67318811881
90.6 1.86373069307
91.6 1.93969230769
92.6 2.08821578422
93.61 2.08907936508
94.62 2.48586138614
95.62 2.45354645355
96.63 2.46212884044
97.64 2.25831287129
98.65 1.96575049505
99.66 2.24297821782
100.67 1.47814653465
101.67 2.16474725275
102.68 2.06531615461
103.69 2.27998415842
104.69 2.19754645355
105.7 1.9676987116
106.71 1.79238019802
107.71 2.16474725275
108.72 2.21716551041
109.77 1.8786527117
110.78 2.07165906838
111.78 1.90689310689
112.79 2.08250545094
113.8 1.85739405941
114.81 2.0416
115.82 2.21047128713
116.83 1.2831049505
117.84 1.21359207921
118.85 1.25693465347
119.86 0.92552871287
120.87 1.72286732673
121.88 1.45646732673
122.89 2.52220771513
123.9 2.04362338949
124.9 2.06882235529
125.91 2.28
126.93 1.94647843137
127.94 2.03076435644
128.95 2.01542970297
129.96 2.06327128713
130.96 2.16928671329
131.97 2.22571428571
132.97 1.85222777223
133.98 2.02626534653
134.99 1.93324356436
136.0 1.93324356436
137.01 2.09127920792
138.03 1.92501960784
139.07 1.96354956689
140.08 2.01343620178
141.08 1.60076723277
142.09 1.62857142857
143.1 1.33728316832
144.1 1.56342857143
145.11 1.64230723489
146.11 1.68369230769
147.11 1.72103096903
148.12 1.86717159763
149.13 1.72507064677
150.14 2.00459405941
151.15 1.78154455446
152.15 1.83675524476
153.16 1.70738553023
154.18 1.87058546169
155.19 1.55230860534
156.2 1.61291394659
157.21 0.85151587302
158.23 1.18979823702
159.24 1.06319920714
160.24 0.68214185814
161.25 1.07379187314
162.26 0.96341839763
163.38 0.69845218945
164.38 1.5930448654
165.39 1.22442772277
166.4 0.90385742574
167.41 1.02938613861
168.43 1.18023529412
169.44 1.05555643564
170.46 1.07294117647
171.47 0.81267326733
172.56 0.78731743119
173.57 0.83434455446
174.58 0.99687920792
175.58 0.93930538922
176.59 0.62336507937
177.6 0.68264554455
178.61 0.71515247525
179.63 0.84762352941
180.65 0.75105882353
181.65 0.48559440559
182.66 0.48808721506
183.67 0.32506930693
184.68 0.39008316832
189.39 0.02781073626
190.4 2.11314399206
191.41 1.65785346535
192.41 1.81942857143
193.42 1.9415024777
194.43 1.59733861386
195.44 1.76620990099
196.45 1.56483168317
197.46 2.0371009901
198.47 1.68402376238
199.47 1.68823176823
200.49 1.66469087341
201.5 1.53232475248
202.51 1.57116831683
203.63 1.46977142857
204.64 1.8528950495
205.64 1.66636563437
206.65 1.70288206145
207.67 1.26103238469
208.69 1.17907933399
209.7 1.12802378593
210.71 0.9246132542
211.72 0.72598811881
212.74 0.59967123288
213.76 0.50527308448
214.78 0.38625882353
215.83 0.3442821735
216.87 0.37883076923
217.9 0.25916585839
218.9 0.42596407186
219.91 0.33690566038
220.95 0.36830769231
221.95 0.47961752988
222.96 0.52217892644
223.99 0.60563883495
225.01 0.42917647059
226.03 0.58327130264
227.05 0.61217664377
228.08 0.42500970874
229.1 0.48282352941
230.13 0.39313398058
231.14 0.46593267327
232.15 0.3404039604
233.16 0.44426138614
234.2 0.4104
235.21 0.4550970297
236.24 0.51001165049
237.26 0.41844705882
238.28 0.45063529412
239.3 0.42917647059
240.31 0.54627326733
241.33 0.57938823529
242.35 0.70814117647
243.36 0.56345346535
244.38 0.67595294118
245.39 0.57878811881
246.41 0.52574117647
247.42 0.4876039604
248.43 0.49843960396
249.45 0.45063529412
250.47 0.39698823529
251.57 0.46178909091
252.59 0.63303529412
253.61 0.60084705882
254.66 0.66706285714
255.67 0.58512475248
256.69 0.35407058824
257.7 0.40541782178
258.7 0.96210989011
259.71 1.3124122894
260.71 1.4477042957
261.72 2.06081268583
262.73 1.7382019802
263.73 2.03355044955
264.75 1.42213150147
265.76 1.51699009901
266.77 1.10973465347
267.78 1.07272871287
268.8 1.01829578844
269.82 0.58441609421
270.86 0.34726153846
285.9 0.0160095751
286.91 0.40091881188
287.92 0.6067960396
288.93 0.76933069307
290.18 0.6340096
291.19 0.62846732673
292.2 0.82350891089
293.23 0.82876893204
294.24 0.89935841584
295.26 1.09885490196
296.28 0.92272941176
297.3 1.2383372549
298.31 1.33278415842
299.32 1.40863366337
300.32 1.21810989011
301.33 1.38833696729
302.33 1.41490509491
303.34 1.33410505451
304.36 1.72116078431
305.37 1.45197623762
306.39 1.10512941176
307.39 0.87305555556
308.41 0.69211067194
309.42 0.84518019802
310.43 0.59596039604
311.45 0.59011764706
312.46 0.31875643564
313.5 0.31569230769
314.59 0.15060550459
315.61 0.09665947007
316.66 0.12507428571
317.69 0.28660329777
318.7 0.40091881188
319.79 0.2911706422
321.1 0.02508174179
322.11 0.71957605496
323.24 0.6191043711
324.25 1.0944
325.26 0.84845534838
326.27 0.74765940594
327.29 0.68040784314
328.3 1.2573026973
329.32 1.03002352941
330.36 0.7936
331.36 0.90744455544
332.37 0.5267740668
333.41 0.32906304559
334.41 0.24946679881
335.43 0.23604705882
336.46 0.20345988258
337.52 0.15370786517
338.54 0.15021176471
339.63 0.10040366972
340.7 0.13296448598
381.0 0.00244406948
386.82 0.02006947549
390.7 0.00212177503
391.7 0.90114285714
392.71 1.19192079208
393.78 1.08842616822
394.79 1.41946930693
395.8 1.07272871287
396.81 1.29394059406
397.83 1.54959292035
398.83 1.33570488534
399.84 1.66868910891
400.91 1.31343551402
401.92 1.56033267327
402.92 1.41036563437
403.93 1.20845193261
404.94 1.12690693069
405.97 1.0570302439
406.97 0.91924378109
407.98 0.93186534653
408.99 1.04125272547
410.0 1.0192781655
411.01 0.92454223969
412.02 0.92102970297
413.03 1.08914172448
414.04 1.40724035608
415.05 1.51548961424
416.06 1.11971228771
417.06 1.2280754717
418.06 1.23997602398
419.06 1.49783016983
420.07 1.36664420218
421.08 0.8830604559
422.09 1.17024950495
423.1 1.16909198813
424.11 1.12057029703
425.12 1.59441823588
426.14 0.69741176471
427.16 0.51946666667
428.17 0.71515247525
429.17 1.11517282717
430.18 1.00237066402
431.19 1.30027722772
432.21 1.2112360431
433.22 1.13252725471
434.23 1.06084272997
435.24 0.69416848365
436.25 0.72598811881
437.25 0.79172027972
438.26 1.2364876115
439.27 1.25693465347
440.28 1.17474851485
441.29 1.83122376238
442.3 1.40090999011
443.31 1.58357185332
444.32 1.20725544554
445.34 1.12658823529
446.35 1.06189306931
447.35 0.72612187812
448.36 0.74840039643
449.4 0.45555856728
450.42 0.372969815
451.46 0.47353846154
455.67 0.03113349169
456.68 1.03516352825
457.69 0.35757623762
458.71 0.37552941176
459.73 0.5472
460.76 0.39313398058
461.79 0.34000776699
462.81 0.37552941176
463.87 0.35103396226
464.88 0.30004360753
465.92 0.11313846154
466.92 0.24052747253
467.94 0.3648
468.97 0.42500970874
470.01 0.4104
471.04 0.42500970874
472.06 0.43129064039
473.07 0.41013017751
474.09 0.34266927593
475.11 0.1761254902
476.14 0.36160932945
477.15 0.42300891972
478.16 0.43342574257
479.17 0.41175445545
480.18 0.42259009901
481.19 0.41213465347
482.2 0.31385346535
483.21 0.24921980198
484.23 0.1761254902
485.24 0.26005544554
486.3 0.21661074458
487.41 0.12794244604
488.44 0.10656280428
489.49 0.11454234063
490.54 0.10422857143
491.56 0.08608849558
492.57 0.09732806324
493.65 0.14186666667
494.7 0.17718857143
495.71 0.1516990099
496.72 0.13002772277
497.75 0.06375145631
498.77 0.07510588235
499.84 0.20456074766
500.9 0.16519245283
501.94 0.21046153846
502.95 0.15154896142
503.99 0.13693166506
505.01 0.23604705882
506.03 0.1866718903
507.06 0.26588921283
508.08 0.24677647059
509.12 0.22098461538
510.15 0.19125436893
511.17 0.21437806072
512.18 0.32539147671
513.2 0.33261176471
514.22 0.31115294118
515.25 0.29837669903
516.26 0.32418217822
517.28 0.28969411765
518.32 0.16221538462
519.4 0.22293333333
520.44 0.08418461538
521.5 0.10324528302
522.51 0.19504158416
523.57 0.21681509434
524.6 0.22313009709
526.72 0.04646037736
527.74 0.06437647059
536.46 0.0150294691
537.77 0.07549847095
541.18 0.00320938416
542.65 0.44669387755
543.7 0.25014857143
544.71 0.18366041461
545.75 0.18996335583
546.8 0.15634285714
547.8 0.1311968032
548.92 0.10186237712
549.93 0.54178217822
550.94 0.54178217822
551.95 0.7910019802
552.96 0.89935841584
553.96 0.61679120879
554.97 0.88940336967
555.97 1.09221556886
556.99 0.86003929273
558.0 0.71965148515
559.01 1.51699009901
560.02 1.47814653465
561.03 1.4303049505
562.03 1.4540979021
563.05 1.27177232581
564.05 1.31065868263
565.06 1.09022222222
566.07 0.98506824926
567.07 1.26697005988
568.08 1.44050894632
569.08 1.78208991009
570.09 1.4348039604
571.1 1.61611100099
572.1 1.30557442557
573.11 1.39503557312
574.12 1.48742857143
575.13 1.01321704658
576.15 0.88879843444
577.17 0.36551669941
578.19 0.26797257591
579.22 0.5206368932
580.25 0.3234829932
581.27 0.47209411765
582.29 0.3648
583.3 0.27089108911
584.33 0.39313398058
585.35 0.57938823529
586.36 0.67206336634
587.38 0.70161568627
588.4 0.91021526419
589.41 0.95448166501
590.42 0.96532804757
591.43 0.67630891089
592.44 0.72598811881
593.44 0.69971628372
594.46 0.53699705594
606.09 0.02823529412
607.13 0.31761832061
608.14 0.24052747253
609.15 1.17024950495
610.16 1.0944
611.18 0.80916078431
612.48 0.10051533742
613.49 2.04545526839
614.49 0.73755401388
615.51 0.58904055391
616.52 1.14857821782
617.52 1.35579781962
618.53 0.92292507493
619.53 1.07379187314
620.85 0.81684082254
621.88 1.34580544747
622.89 1.36529108911
623.97 1.04794074074
624.98 1.30027722772
625.99 1.15941386139
627.01 1.32417254902
628.01 1.75711397423
629.02 1.48898217822
630.03 1.89142057942
631.03 1.56638255699
632.04 1.50876323676
633.04 1.19760555005
634.05 2.02261738262
635.05 1.88092765114
636.08 1.96842228739
637.08 1.689040715
638.15 1.86574953271
639.16 2.16474725275
640.16 2.07616253717
641.17 1.82582217782
642.19 1.86064313725
643.19 2.01108424182
644.2 2.05541658342
645.21 1.2831049505
646.21 0.91109613479
647.22 1.65785346535
648.23 1.41313267327
649.24 0.98604356436
650.27 0.88189514563
651.3 0.35504466019
652.32 1.40724035608
653.35 1.78448508181
654.36 2.1888
655.37 1.73196403596
656.37 1.97404162537
657.38 1.90689310689
658.38 1.91980971259
659.39 1.7100979021
660.39 1.70738553023
661.4 1.85862137862
662.4 1.75077106046
663.41 2.25381386139
664.42 2.08494257426
665.43 2.07088911089
666.43 2.12589098117
667.44 1.99825742574
668.47 1.9700815534
669.49 2.20828486647
670.49 1.70738553023
671.5 2.02626534653
672.51 1.56483168317
673.52 1.59622777223
674.53 1.18585279686
675.55 1.13661721068
676.55 1.13887016848
677.56 0.93636435644
678.58 1.06221176471
679.59 1.13774257426
680.63 1.14086153846
681.64 0.93186534653
682.65 0.95117682318
683.65 0.74205748266
684.66 0.82350891089
685.67 1.02938613861
686.78 1.23652612613
687.79 1.61809390609
688.9 1.48086505809
689.91 1.95041584158
690.92 1.84655841584
691.95 1.0933281097
692.95 1.1605629336
693.96 1.38199405352
694.96 1.88048751249
695.97 1.02304950495
696.98 0.82432507433
697.98 0.98397602398
698.99 0.97970693069
700.0 1.17024950495
701.01 1.35445544554
702.02 1.19641980198
703.03 1.32194851485
704.04 1.18225569871
705.06 0.59399020568
706.07 0.42300891972
707.11 0.3711627907
708.12 0.53752455796
709.12 1.06050749251
710.18 0.39699338999
711.19 1.00771485149
712.2 1.2774019802
713.25 0.89655172414
714.26 0.83936283186
715.28 0.83689411765
716.29 0.65013861386
717.33 0.82476521739
718.33 0.40784063745
719.35 0.7296
720.38 0.62688932039
721.39 0.50927524752
722.42 0.51001165049
723.43 0.54628118812
724.44 0.72598811881
725.46 0.57938823529
726.47 0.49843960396
727.5 0.36125825243
728.51 0.22754851485
729.53 0.46363743842
730.53 0.63611542289
731.55 0.64376470588
732.61 0.33050566038
733.62 0.29256237624
734.63 0.1516990099
735.7 0.1227364486
738.11 0.01816431535
745.43 0.01196555966
757.11 0.0009369863
758.17 1.17083773585
759.17 2.16474725275
760.18 2.03277700694
761.25 2.18281869159
762.37 2.06177142857
763.38 0.74765940594
764.39 1.04472079208
765.45 0.58849811321
766.46 1.96575049505
767.47 2.13462178218
768.47 1.91782617383
769.59 2.05605714286
770.61 2.5238861629
771.61 2.47294211577
772.62 2.46907936508
773.62 2.35514885115
774.62 2.41620779221
775.63 2.49079365079
776.63 2.67220779221
777.64 2.45578592666
778.65 2.44885544554
779.66 2.4966970297
780.66 1.82853493014
781.73 2.50456928839
782.74 2.70891089109
783.74 2.55194405594
784.75 2.33647571853
785.84 2.00219449541
786.84 2.43807392607
787.85 2.07616253717
788.85 2.10368831169
789.85 2.5474045954
790.86 2.59936507937
791.86 2.65034165834
792.92 1.94505660377
793.93 2.67931020813
794.94 2.07410693069
795.98 2.32007729469
796.98 2.78135721393
797.98 2.91912887113
798.99 2.20413465347
800.01 2.53659607843
801.01 2.26768431568
802.02 2.68171428571
803.03 2.50505242334
804.04 2.64577645895
805.05 2.49079365079
806.06 2.45335445545
807.07 2.40789692765
808.07 1.88126819541
809.08 2.08907936508
810.09 2.00261127596
811.1 1.54468979187
812.11 2.58971881188
813.12 2.29309018831
814.12 2.31141658342
815.12 2.26768431568
816.14 2.34360707269
817.15 1.10863699308
818.16 1.64214017769
819.17 2.18026242545
820.18 1.72286732673
821.18 1.41490509491
822.2 1.688625
823.21 0.98458109453
824.23 0.80470588235
825.23 1.34476723277
826.23 1.6444995005
827.24 2.26914285714
828.25 2.29081980198
829.25 1.7100979021
830.25 2.12101498501
831.26 1.86107936508
832.29 1.94694083414
833.29 2.33967632368
834.3 1.28565079365
835.31 0.96437227723
836.31 1.62577866401
837.32 1.34126713009
838.33 0.95353663366
839.34 0.84518019802
840.34 1.5789010989
841.35 1.57272547076
842.36 1.16391287129
843.38 1.71670588235
844.38 1.84129470529
845.4 2.33502649657
846.4 2.76606593407
847.4 2.56287712288
848.41 2.66450793651
849.42 2.1932990099
850.45 0.85001941748
851.54 0.43173577982
852.76 0.3403207856
853.77 2.39307936508
854.77 2.10368831169
855.78 1.713728444
856.79 1.5602053307
857.8 1.86928301887
858.8 1.7428971029
859.81 2.28858671952
860.82 2.10661386139
861.82 2.12340918164
862.83 1.83485714286
863.84 1.55401980198
864.84 1.18077122877
865.85 1.18225569871
866.92 0.58724485981
867.93 0.95353663366
868.94 0.93186534653
869.96 0.71676246334
870.97 0.65724055666
872.0 0.82796508244
873.03 0.73314174757
874.04 0.98702081269
875.08 0.49847454371
876.1 1.39619234544
878.21 0.24884509711
879.21 1.16344455544
880.22 1.35579781962
881.24 1.65232941176
882.25 0.81717227723
883.36 0.75986293959
884.37 1.07166765579
885.37 1.36023976024
886.38 1.50764717542
887.4 0.6317964775
888.68 0.2520908379
889.69 0.52885207101
890.7 0.96628571429
891.72 0.91021526419
892.73 0.86307845084
893.74 0.75924677899
894.75 0.67114540059
895.76 0.79178592666
896.77 1.0988990099
897.77 1.4212987013
898.79 0.65449411765
899.79 0.83091308691
900.81 0.76697154073
901.82 1.11717740337
902.82 1.39943256743
903.83 1.70740931615
904.83 1.99435764236
905.84 1.98488800793
906.84 1.81942857143
907.84 2.20847952048
908.85 1.96965079365
910.1 1.37141666667
911.1 2.43589620758
912.1 2.00531468531
913.12 1.99134052993
914.12 2.32874325674
915.14 2.31354661433
916.14 2.10368831169
917.15 2.37535777998
918.15 1.81942857143
919.16 2.03277700694
920.16 2.20847952048
921.17 1.67484638256
922.18 2.27548514851
923.18 2.09275524476
924.19 1.91346679881
925.19 2.37247552448
926.2 2.00023785927
927.21 2.06327128713
928.21 2.63486913087
929.21 2.49727872128
930.22 2.28450793651
931.22 2.44261338661
932.23 2.3211258672
933.23 1.99435764236
934.28 1.74328449096
935.29 1.31371428571
936.31 1.49138823529
937.31 1.73196403596
938.32 1.74626759167
939.32 1.90689310689
940.33 1.82669573835
941.33 1.80395604396
942.34 2.31478295342
943.45 1.93641081081
944.47 2.47018645731
945.47 1.35903393214
946.48 1.8943620178
947.5 2.28356777996
948.5 2.9346013986
949.51 2.32562933598
950.51 1.73835764236
951.53 1.40065161923
952.54 1.77704554455
953.54 2.26768431568
954.55 2.5967888999
955.56 2.18012289395
956.56 1.68823176823
957.58 1.33175269872
958.6 0.96915181195
959.6 1.18077122877
960.69 0.23114049587
961.86 0.02806153846
962.87 2.33647571853
963.88 2.08044356436
964.88 2.0579001996
966.18 1.42841294299
967.19 2.17796435644
968.21 1.92501960784
969.24 2.33133980583
970.25 2.66556831683
971.25 2.13435528942
972.26 2.50165079365
973.27 2.97346534653
974.27 3.39379020979
975.28 2.86794846383
976.28 2.68953446553
977.29 2.3690148662
978.3 2.16079207921
979.31 2.25017029703
980.31 2.55562037962
981.32 2.53423015873
982.32 2.08182217782
983.33 2.08250545094
984.33 2.23488511489
985.34 2.08700891972
986.34 2.70046753247
987.47 2.9425840708
988.47 3.38285714286
989.48 2.61657142857
990.48 2.55194405594
991.48 3.62338461538
992.49 2.94387314172
993.49 3.78738061938
994.51 3.90060510806
995.51 4.59642757243
996.52 3.61634886026
997.52 2.33328271728
998.53 3.35271287129
999.53 4.34496703297
1000.53 4.37776623377
1001.54 2.40632373386
1002.54 3.17188822355
1003.54 3.56879120879
1004.55 4.26925124131
1005.56 4.04219188922
1006.57 3.92004757185
1007.57 3.26259340659
1008.66 4.54658348624
1009.66 4.23563636364
1010.66 4.84788811189
1011.66 4.38230569431
1012.66 4.01697502498
1013.67 3.03181691542
1014.72 2.26608761905
1015.73 2.92562376238
1021.94 0.02108962188
1024.89 0.06471617497
1025.89 2.49273926074
1026.89 3.49218781219
1027.91 3.77159921415
1028.91 4.31216783217
1029.91 5.16494705295
1030.92 4.73186507937
1031.92 4.41056543457
1032.92 4.40417182817
1033.92 4.71669130869
1035.01 4.57926770929
1036.02 4.49045544554
1037.02 4.68389210789
1038.08 3.66691595845
1039.09 4.4318892186
1040.09 5.14308091908
1041.1 3.73301587302
1042.11 4.20788855721
1043.11 4.25144676617
1044.11 4.32332135729
1045.11 5.14308091908
1046.11 4.88522677323
1047.12 5.22630616302
1048.12 5.00549050949
1049.12 5.79906493506
1050.12 4.91802597403
1051.12 4.94628571429
1052.15 3.24085769981
1053.15 4.78843912176
1054.23 4.67407599629
1055.23 5.03375024975
1056.23 5.10388811189
1057.24 4.30821052632
1058.24 3.10953046953
1059.24 5.03375024975
1060.24 5.04923076923
1061.26 4.97467716535
1062.26 3.81636726547
1063.27 4.74437264618
1064.29 4.4230343474
1065.3 4.6375628091
1066.3 4.86975424575
1067.3 4.65563236763
1068.3 5.16494705295
1069.31 3.78019463754
1070.31 5.06654945055
1071.32 4.81395441031
1072.32 4.2903016983
1073.37 4.93764885496
1074.37 5.31800999001
1075.37 4.13723076923
1076.37 3.93404995005
1077.37 5.25241158841
1078.38 4.48019085487
1079.38 4.95721878122
1080.38 4.7102977023
1081.39 4.35390287413
1082.39 3.75458141858
1083.4 3.65613505462
1084.41 4.23285375494
1085.6 2.90499073294
1086.6 3.55152095808
1087.6 4.91348651349
1088.62 3.67760629921
1089.62 2.95057228315
1090.62 3.50312087912
1091.64 4.30489499509
1092.64 5.30707692308
1093.65 4.80918811881
1094.66 5.24330624381
1095.67 4.31074851485
1096.67 3.18606193806
1097.68 3.27575769613
1098.68 5.43284630739
1099.78 3.79886545455
1100.78 3.83111288711
1101.78 5.46013986014
1102.78 5.18041958042
1103.79 5.10664015905
