1.08 0.0608
2.28 0.10895428096
3.29 2.28025396825
4.31 1.83204715128
5.31 1.78208991009
6.32 1.67318811881
7.32 2.03808991009
8.33 2.23657142857
9.34 2.25831287129
10.34 2.45354645355
11.34 2.56927072927
12.35 2.21936507937
13.35 2.15835364635
14.36 2.31882772277
15.37 2.05446977205
16.38 2.05243564356
17.38 2.28501098901
18.39 2.02193062438
19.39 2.21301898102
20.4 2.39705054509
21.41 2.08494257426
22.42 2.17162772277
23.43 2.26914851485
24.43 2.65673526474
25.44 2.3690148662
26.44 2.73780619381
27.45 2.73779187314
28.47 2.494625
29.49 2.54211023622
30.49 2.11462137862
31.5 2.02193062438
32.5 2.11008191808
33.51 1.69653914767
34.51 1.90235364635
35.52 2.11952428147
36.53 1.57116831683
37.54 1.13031058358
38.55 1.97404162537
39.55 2.24581818182
40.57 2.34422857143
41.57 2.64242231076
42.58 2.81726732673
43.59 2.5292039604
44.59 2.56287712288
45.6 2.43409316155
46.7 2.08349090909
47.7 2.8425974026
48.71 2.26055104063
49.71 2.26768431568
50.74 2.37614771623
51.74 2.66766833167
52.75 2.48832507433
53.75 2.50821178821
54.77 2.14170755643
55.78 2.31882772277
56.79 1.79238019802
57.8 1.72286732673
58.81 1.5865029703
59.82 1.8854019802
60.83 1.56483168317
61.83 1.80395604396
62.83 2.08182217782
63.84 2.33879365079
64.85 1.38833696729
65.85 0.97758241758
66.86 0.99687920792
67.87 1.41946930693
68.88 1.08806336634
69.89 1.38833696729
70.9 0.73682376238
71.92 0.93791372549
72.93 0.81267326733
73.95 1.01929411765
74.96 1.41173491592
75.98 0.90481889764
76.99 1.28435502959
78.0 1.63146085233
79.0 2.51460539461
80.01 2.41001188119
81.02 2.45578592666
82.03 1.57116831683
83.04 1.23976237624
84.05 1.50615445545
85.05 1.6117002997
86.06 1.73542120912
87.07 1.08698714144
88.08 2.17796435644
89.08 2.51914485514
90.09 2.58850793651
91.1 2.37515331355
92.11 2.48136237624
93.13 1.45577996071
94.13 1.79302297702
95.13 2.24581818182
96.14 2.40155401388
97.23 2.01408999082
98.23 1.69462537463
99.23 1.84129470529
100.24 2.38857142857
101.24 1.67730669331
102.32 2.06127407407
103.33 2.12589098117
104.34 1.81405148515
105.35 1.89623762376
106.35 1.81942857143
107.36 2.00658077304
108.37 1.78154455446
109.38 1.92240792079
110.39 2.15629306931
111.4 1.91157227723
112.41 2.17162772277
113.41 2.31781018981
114.42 2.01108424182
115.48 1.94529811321
116.49 2.06960792079
117.5 1.65151683168
118.51 1.63618217822
119.52 1.42396831683
120.53 1.32194851485
121.54 1.48448316832
122.55 1.2505980198
123.56 1.2460990099
124.56 1.0192781655
125.57 0.89116981132
126.58 0.7910019802
127.59 0.98604356436
128.6 0.86051485149
129.62 1.16950588235
130.63 1.45197623762
131.64 1.49981782178
132.65 1.66868910891
133.66 1.48898217822
134.68 0.98710588235
135.77 0.96715673694
136.79 0.64439646712
137.82 0.59501359223
138.83 0.77009316155
139.83 0.84184615385
140.84 0.69798019802
141.85 0.59655104063
142.87 0.45019392752
143.88 0.31423366337
144.89 0.24921980198
145.9 0.61763168317
146.91 0.67247571853
147.93 0.30487843137
148.93 0.46871713147
149.94 0.82596226415
150.95 0.81347869177
151.97 0.85207843137
152.97 1.07144055944
153.98 1.12690693069
155.12 0.936
156.12 1.36663336663
157.13 1.69036039604
158.14 1.54468979187
159.14 1.24636963037
160.16 0.62230588235
161.17 0.74205748266
162.19 1.10404701273
163.21 0.94511481845
164.22 0.76299405941
165.23 0.98604356436
166.23 1.16983816184
167.25 0.90661432777
168.26 0.76933069307
169.27 0.86685148515
170.27 0.83091308691
171.29 0.8636545633
172.29 1.63996003996
173.3 1.97658613861
174.31 2.14545742574
175.32 1.8917740337
176.36 1.84413448607
177.37 1.80049950446
178.39 1.48511372549
179.4 0.98604356436
180.41 1.05105742574
181.43 0.80470588235
182.43 0.98851548452
183.44 0.87855698712
184.47 0.68001553398
185.48 0.53094653465
186.49 0.70881584158
187.51 1.01829578844
188.52 1.03040634291
189.53 0.71515247525
190.54 0.62213069307
191.57 0.36125825243
192.6 0.23375533981
193.65 0.23972571429
194.71 0.19616603774
202.12 0.01767660148
203.15 1.68752030948
204.18 0.24438058252
205.19 0.28172673267
206.2 0.3033980198
207.23 0.24438058252
208.25 0.24677647059
209.26 0.3033980198
210.29 0.31875728155
211.33 0.4104
212.34 0.3033980198
213.37 0.27625631068
214.65 0.19165
215.66 0.31423366337
216.67 0.35757623762
217.71 0.33902032914
218.73 0.35103219512
219.73 0.30746853147
220.78 0.229521449
221.79 0.24897329377
227.02 0.00837497609
237.06 0.10142421525
238.06 0.84134260179
239.07 1.24486646884
240.09 1.18469019608
241.1 1.43172249752
242.11 1.47364752475
243.11 1.5461018981
244.12 1.91790891089
245.13 1.41453320119
246.13 1.12610589411
247.14 0.8307009901
248.15 0.77824380575
249.18 0.7218157129
250.21 0.28716034985
251.23 0.32188235294
252.23 0.57945254745
253.24 0.62213069307
254.26 1.02029440628
255.27 1.27734124629
256.28 1.25184539148
257.3 0.98710588235
258.3 0.86371228771
259.31 1.13140594059
260.32 1.50764717542
261.35 1.18887293889
262.36 1.19760555005
263.37 0.88852277228
264.39 0.71887058824
265.4 0.44426138614
266.41 0.36841188119
268.86 0.07801555465
269.86 0.09781132075
272.38 0.00435149105
273.39 0.58224236453
277.0 0.03633823122
278.26 1.79889698891
279.27 1.38696237624
280.35 1.73700740741
281.35 2.12101498501
282.36 1.664
283.37 2.07838575668
284.38 2.01108424182
285.43 1.80748190476
286.43 1.824
287.44 1.37885714286
288.45 0.93636435644
289.46 0.93186534653
290.47 0.71515247525
291.49 0.60084705882
292.5 0.6112950495
293.51 0.74765940594
294.52 0.70431683168
295.53 0.81267326733
296.54 0.67630891089
297.54 0.72158241758
298.58 0.53719345525
299.6 0.33261176471
300.61 0.40091881188
301.62 0.71515247525
302.63 0.42708910891
303.66 0.45688543689
306.84 0.05162264151
307.86 0.5472
308.88 0.67529089128
309.9 0.6873562316
310.94 0.57316650626
311.94 0.71064935065
312.98 0.42092307692
314.01 0.30843148688
315.04 0.27598836081
316.08 0.26307692308
317.14 0.20668555241
318.14 0.21866133866
332.95 0.00295544153
333.96 0.90475322101
334.97 1.55878931751
335.99 1.18139352306
336.99 1.00937325349
338.0 1.47657142857
339.01 1.42255984174
340.02 0.79178592666
341.02 1.04957442557
342.03 0.55316551041
343.04 0.47676831683
344.05 0.86051485149
345.05 0.90744455544
346.06 1.2364876115
347.07 1.34545454545
348.08 1.0846382557
349.09 1.16506640238
350.09 0.89651148851
351.1 1.48448316832
352.11 1.37926013848
353.12 1.368
354.12 1.4804955045
355.13 2.0371009901
356.14 1.67318811881
357.15 1.21359207921
358.21 1.37874976393
359.22 0.97520792079
360.23 0.78016633663
362.14 0.06884033613
363.14 2.84411928429
364.23 1.64074862385
365.23 1.91328671329
366.24 1.56638255699
367.24 1.93515284715
368.25 1.68569276511
369.25 2.00075124875
370.26 1.27353022795
371.27 1.18108514851
372.27 1.7100979021
373.27 1.01677522478
374.28 1.09657142857
375.28 1.22904295704
376.29 1.53866138614
377.72 0.99738923829
378.73 1.824
379.74 1.74903762376
380.75 1.8528950495
381.76 1.84655841584
382.77 2.17796435644
383.77 2.04697804391
384.85 1.4052096475
385.86 1.90707326733
386.87 1.39143762376
387.87 1.23543656344
388.88 1.67034291378
389.89 1.86825346535
390.91 1.67824313725
391.92 2.04591097923
392.93 1.79415659068
393.93 1.69462537463
394.94 1.69653914767
395.95 2.48855445545
396.97 2.46509803922
397.97 2.55195204795
398.97 2.54101098901
399.98 2.58850793651
400.98 2.78793206793
401.98 2.61754245754
403.0 2.5630805501
404.01 1.74903762376
405.02 1.76620990099
406.04 1.68897254902
407.05 2.04793663366
408.05 1.7428971029
409.05 2.75967232767
410.06 2.62742857143
411.06 2.39888111888
412.07 2.27139742319
413.07 2.48634565435
414.07 2.75967232767
415.08 3.08342857143
416.08 2.869002997
417.08 2.94553446553
418.09 2.85993650794
419.09 2.85806993007
420.1 2.68355996036
421.1 2.48634565435
422.12 2.58832580962
423.13 2.03958061325
424.13 2.15835364635
425.14 2.508
426.15 1.60816633663
427.16 1.55103270565
428.16 1.66636563437
429.17 2.22580594059
430.17 2.12101498501
431.18 2.30393657086
432.2 2.90139607843
433.21 2.95179405941
434.21 2.94259481038
435.23 2.9121254902
436.26 2.88946303502
437.26 3.23618781219
438.27 2.79202378593
439.27 2.65034165834
440.29 2.57130520118
441.3 2.24747722772
442.31 2.87594455446
443.32 2.86060990099
444.32 2.35514885115
445.33 2.88964122894
446.33 2.8362037962
447.33 2.81433766234
448.34 2.93885203575
449.38 2.65363304515
450.39 1.78788118812
451.39 1.5461018981
452.4 2.47297522299
453.4 2.19116083916
454.45 1.6944442326
455.46 2.63306138614
456.46 2.73780619381
457.47 2.71879365079
458.47 2.79247152847
459.48 2.70525272547
460.49 2.61704347826
461.5 1.94793650794
462.5 2.85806993007
463.5 2.82527072927
464.51 2.73779187314
465.53 2.85567874633
466.54 2.736
467.54 2.66127472527
468.54 2.15835364635
469.55 2.59936507937
470.56 2.84907936508
471.56 2.8834491018
472.56 2.49727872128
473.57 2.37280632411
474.58 1.99334260179
475.59 2.11295049505
476.59 2.08182217782
477.61 2.30280667321
478.62 2.51386930693
479.63 2.50505242334
480.65 2.83701960784
481.66 2.85710208127
482.66 2.89086913087
483.67 2.53171060456
484.68 3.03398019802
490.2 0.02376645512
492.57 0.02964408919
493.57 1.57436163836
494.58 1.90262041625
495.59 1.75537425743
496.6 1.74903762376
497.6 2.13194805195
498.61 2.17377998018
499.61 1.8084955045
500.62 2.19754645355
501.63 2.06855795678
502.64 2.0242611276
503.65 1.80500297324
504.67 1.62459607843
505.67 1.62902697303
506.68 1.83754212091
507.69 1.34361980198
508.7 1.63146085233
509.7 1.92421978022
510.7 1.5789010989
511.72 1.42046017699
512.72 1.46356886228
513.72 1.39303896104
514.74 1.23509322866
515.75 1.06744895937
516.75 1.20263736264
518.02 0.1724822695
519.02 0.41545654346
534.4 0.00711943794
535.41 0.71515247525
536.41 0.79172027972
537.42 1.01955996036
538.43 0.62846732673
539.45 0.62029803922
540.48 0.55891262136
541.5 0.92272941176
542.53 1.19002718447
543.54 0.92102970297
544.56 0.9682035225
545.57 0.62971428571
546.58 0.7910019802
547.6 0.46136470588
548.66 0.27876226415
549.75 0.15477431193
550.79 0.52615384615
551.8 0.46181746811
552.82 0.42105928854
553.83 0.89010109019
554.93 0.84980363636
555.94 0.87768712871
556.96 0.87981176471
557.98 0.92182566112
559.0 0.65959568204
560.03 0.9775223301
561.04 0.72598811881
562.05 0.56345346535
563.06 0.42259009901
564.29 0.34180162602
565.31 0.56865882353
566.32 0.76121687929
567.35 0.64944466019
568.42 0.31706915888
569.44 0.22619607843
570.46 0.37477647059
571.82 0.22051764706
574.92 0.00353032258
575.93 0.79811388611
576.94 1.00955446516
577.96 0.8667537092
578.96 1.03414866204
579.97 0.81998001998
580.98 0.80549558391
582.0 1.04075294118
583.01 0.92291708292
584.02 1.49531881188
585.02 1.34945490585
586.03 1.61809390609
587.03 1.4477042957
588.04 1.36531237721
589.07 1.23252815534
590.08 1.25090909091
591.08 1.68201197605
592.09 1.4572114061
593.1 1.83122376238
594.11 1.27277522478
595.11 1.61611100099
596.12 1.43677122877
597.12 1.62695738355
598.13 1.92875924076
599.13 2.33967632368
600.13 2.03479365079
601.14 1.96155844156
602.14 2.43807392607
603.14 2.00222222222
604.15 1.76476323676
605.15 1.98488800793
606.17 1.62823343225
607.17 1.80395604396
608.18 1.44502946955
609.19 1.7337029703
610.2 1.46957042957
611.2 1.60526461843
612.22 1.21687843137
613.23 1.47364752475
614.38 1.51707130435
615.39 1.68369230769
616.46 1.46476367006
617.47 1.76022377622
618.47 1.3124122894
619.48 1.33728316832
620.49 1.52782574257
621.5 1.19641980198
622.51 1.58529470529
623.51 1.29522299306
624.52 1.72742457542
625.52 1.29522299306
626.53 1.36529108911
627.55 0.96564705882
628.63 0.83514074074
629.64 1.90707326733
630.65 1.36979009901
631.66 1.49531881188
632.67 1.59622777223
633.67 1.41453320119
634.68 1.36529108911
635.69 1.35895445545
636.7 2.06960792079
637.71 1.87409390609
638.81 1.65211181244
639.82 2.01542970297
640.83 1.62263336663
641.83 1.94342857143
642.85 1.13104313725
643.86 1.37612673267
644.86 1.5196963037
645.87 1.29464135864
646.87 1.66114285714
647.88 1.60658358061
649.0 1.18234285714
650.01 0.98851548452
651.01 2.09542857143
652.01 1.73196403596
653.02 1.83675524476
654.02 2.15208721506
655.03 2.09577821782
656.05 2.29609411765
657.06 1.4362259663
658.23 2.0506233988
659.24 2.06081268583
660.24 1.68823176823
661.25 1.93958019802
662.26 1.6117002997
663.26 2.3786560319
664.27 1.80511527094
665.28 2.18246336634
666.28 2.49273926074
667.29 2.06327128713
668.3 1.92431318137
669.3 2.35060939061
670.31 1.84129470529
671.31 1.83936507937
672.32 2.0371009901
673.32 1.75383016983
674.33 1.66868910891
675.34 1.08914172448
676.36 1.12658823529
677.37 0.97520792079
678.38 0.13067996012
679.38 1.92838927507
680.39 1.10523564356
681.47 0.98714074074
682.49 1.18023529412
683.52 0.83939417476
684.53 1.08356435644
685.54 0.76299405941
686.57 0.76501747573
687.58 0.65013861386
688.61 0.40336760427
689.64 0.17016909621
690.7 0.25811320755
691.72 0.25928529121
692.72 0.12405958292
693.74 0.32188235294
694.82 0.2549860205
695.83 0.35511504425
696.84 0.41257142857
697.84 0.50241916168
698.89 0.39606857143
699.93 0.37858981748
700.94 0.34695738355
701.96 0.39071372549
703.01 0.36584527221
704.06 0.35336752137
705.1 0.26307692308
710.07 0.03303018109
711.08 0.39046977205
712.1 0.26823529412
713.11 0.27089108911
714.36 0.1575936
715.37 0.46593267327
716.42 0.23363047619
717.43 0.25979821958
718.46 0.39621135029
719.99 0.12096749025
721.01 0.66587634936
722.02 0.70362017804
723.02 1.27277522478
724.03 2.14758374628
725.04 1.87906534653
726.04 2.12101498501
727.05 1.5121506442
728.06 0.83434455446
729.06 0.89651148851
730.07 1.21929831516
731.08 1.74626759167
732.09 1.2373201581
733.12 0.88361089494
734.14 0.3648
735.18 0.33673846154
736.2 0.3648
737.25 0.18725475285
738.32 0.10247191011
739.33 0.11634695912
740.41 0.10805509642
741.49 0.22355431755
742.9 0.04657021277
743.94 0.4104
744.99 0.1457811608
746.19 0.0456
747.2 0.36731813677
748.21 0.25067722772
749.23 0.38625882353
750.26 0.21300194175
751.27 0.17286336634
752.28 0.22754851485
753.33 0.18743292103
754.43 0.14937215651
755.44 0.41625346535
756.45 0.74691988131
757.48 0.63751456311
758.52 0.34759576516
759.53 0.41067722772
760.54 0.47926911619
761.54 0.49551345962
762.56 0.88414581281
763.56 1.33941492537
764.56 1.86318481518
765.57 1.95234886026
766.57 1.44481754736
767.58 0.80422641509
768.59 0.84518019802
769.61 0.66967843137
770.63 0.77251764706
771.64 0.7910019802
772.66 0.68668235294
773.71 0.81575665399
774.72 1.15085714286
775.73 1.56033267327
776.74 1.32644752475
777.76 1.55576470588
778.79 0.86505631068
779.8 1.28944158416
780.82 0.83689411765
781.83 1.22892673267
782.83 1.86582652044
783.84 1.99334260179
784.85 1.82038811881
785.86 0.87135049505
786.87 1.41946930693
787.89 1.63798431373
788.9 1.39511287129
789.9 1.81488911089
790.91 1.16504261645
791.92 1.72286732673
792.93 1.74906138614
793.94 1.72457482656
794.94 1.73196403596
795.96 1.56649411765
796.97 1.15307722772
797.97 1.49633532934
798.98 1.31822222222
799.99 1.84388503469
800.99 1.38208191808
802.02 1.33878058252
803.12 1.23784
804.13 1.7337029703
805.15 1.29953287537
806.15 1.10877122877
807.16 1.96319524281
808.16 1.55703496503
809.17 1.64701782178
810.18 1.84838850347
811.25 1.73116713352
812.25 2.28501098901
813.26 1.87008126858
814.27 2.03911992071
815.28 1.54316039604
816.29 1.73198813056
817.3 1.67484638256
818.31 1.40724035608
819.32 1.60817425743
820.44 1.88017142857
821.45 1.82941246291
822.46 1.56638255699
823.47 1.63780376611
824.48 1.35445544554
825.48 0.66052347652
826.49 0.98604356436
827.49 0.36007178465
828.5 0.84854075547
829.52 0.8735372549
830.54 0.95491764706
831.55 1.05105742574
832.56 0.76933069307
833.57 0.55711683168
834.57 0.98397602398
835.66 1.65078899083
836.67 1.62213438735
837.68 0.90203773585
838.73 0.54198857143
839.74 0.23204752475
840.75 0.62846732673
841.76 1.33278415842
842.78 1.04075294118
843.79 1.00137821782
844.79 1.20263736264
845.8 1.37114767096
846.81 1.36529108911
847.81 1.60716083916
848.82 1.83754212091
849.83 1.54316039604
850.83 1.66182617383
851.84 1.67484638256
852.85 1.72286732673
853.91 1.3671245283
854.92 1.92874455446
855.92 1.53516883117
856.94 1.73987046124
857.99 1.2342247619
859.0 1.90707326733
860.01 1.57566732673
861.02 1.71203168317
862.03 1.58493372898
863.04 1.62695738355
864.18 1.17621773486
865.18 1.82582217782
866.19 1.91157227723
867.19 2.13194805195
868.2 1.82669573835
869.21 1.59283960396
870.29 0.45049119555
871.29 0.39359040959
872.3 0.42300891972
873.33 0.36090785645
874.35 0.56865882353
875.37 0.86908235294
876.38 0.49893359762
877.4 0.16539607843
878.41 0.83351928783
879.42 0.81267326733
880.43 0.78016633663
881.44 0.7050148662
882.45 0.37254203759
883.48 0.54241399417
884.52 0.36830769231
885.52 0.59038561439
886.53 1.24733399405
887.55 0.63624266145
888.56 0.65078295342
889.57 0.83517145689
890.6 0.68997090204
891.63 0.7056776699
892.64 0.7050148662
893.65 0.79021958457
894.66 0.89935841584
895.67 1.12057029703
896.68 1.14971655104
897.68 1.31065868263
898.7 1.19776817289
899.71 0.13015659068
900.71 1.31065868263
901.71 1.34930669331
902.73 1.16448472906
903.73 1.32026321037
904.74 0.84967920792
905.75 1.10523564356
906.76 0.71515247525
907.77 0.58396837945
908.79 0.50923650638
909.84 0.47990848427
910.85 0.31361264822
911.86 0.47771428571
912.89 0.44582735209
913.89 0.43732267732
914.9 0.77085714286
915.92 0.63749019608
916.93 1.32064094955
917.95 1.32101275761
918.97 0.77697254902
919.98 1.17024950495
921.07 1.31945688073
922.08 1.91790891089
923.21 1.18558584071
924.21 1.57279041916
925.23 1.62332416503
926.24 0.7304950495
927.26 0.86908235294
928.32 0.68141886792
929.36 0.33673846154
930.37 0.52011089109
931.39 0.42290196078
932.4 1.00771485149
933.41 1.30027722772
934.43 0.85124387855
935.46 0.62749854227
936.47 0.37924752475
937.48 0.81267326733
938.48 0.84184615385
939.49 1.04472079208
940.5 2.14758374628
941.51 1.53232475248
942.61 1.93074410163
943.63 2.03184282908
944.64 1.78154455446
945.65 1.96125148515
946.65 1.96155844156
947.66 2.20631912785
948.66 2.18661338661
949.67 1.8158493558
950.73 2.18276226415
951.73 2.15166467066
952.74 1.61136507937
953.75 2.10211485149
954.75 1.5789010989
955.76 1.75711397423
956.77 1.39146138614
957.77 1.3884995005
958.78 1.3603012884
959.79 2.04793663366
960.79 1.69916483516
961.95 2.12851078516
962.95 2.35060939061
963.97 1.65841020608
964.98 1.97208712871
965.99 1.56483168317
967.0 1.79871683168
968.0 1.5789010989
969.01 2.04114285714
970.01 1.69909290709
971.07 1.53238490566
972.08 2.10211485149
973.08 1.84129470529
974.09 2.35366501487
975.09 2.42074725275
976.09 2.07974451098
977.1 1.73886792453
978.1 3.032999001
979.1 2.65034165834
980.11 2.08028599801
981.11 1.91137724551
982.11 2.01622377622
983.11 3.24072727273
984.12 2.95265208748
985.12 2.39648702595
986.13 3.06587115956
987.13 2.53376223776
988.14 2.00222222222
989.24 1.82481454545
990.24 2.73326673327
991.25 1.79415659068
992.25 2.14742057942
993.26 3.0261407334
994.33 3.1353426704
995.33 2.8425974026
996.34 2.97936507937
997.34 2.62847552448
998.34 2.94553446553
999.35 1.8285
1000.35 1.58529470529
1001.37 1.4973110893
1002.37 1.73662275449
1003.38 1.38971428571
1004.38 2.18021978022
1005.38 3.56871928072
1006.39 3.00107936508
1007.4 1.62984554455
1008.4 2.20847952048
1009.41 2.02193062438
1010.42 1.83390702275
1011.42 2.613002997
1012.42 3.20792807193
1013.43 3.93870109235
1014.43 4.017500998
1015.44 3.48965079365
1016.46 2.26836078431
1017.53 3.06242990654
1018.54 3.71028910891
1019.54 3.65253493014
1020.54 4.26843556444
1021.54 4.08257342657
1022.54 4.10897902098
1023.55 3.82295029821
1024.56 3.46106930693
1025.58 3.02238272816
1026.58 2.68314085914
1027.66 2.83403151066
1028.73 3.06242990654
1029.81 3.04420740741
1030.81 3.56871928072
1031.82 3.50788503469
1032.82 3.61245154845
1033.82 3.64525074925
1034.83 2.91133399405
1035.84 2.64017443013
1036.9 2.79190943396
1038.02 2.91594285714
1039.02 4.21377022977
1040.03 4.10850793651
1041.03 4.04977422577
1042.04 3.46106930693
1043.05 3.20101386139
1044.05 3.09550499002
1045.06 2.85191658391
1046.06 2.72687312687
1047.06 2.78968463074
1048.08 2.17820255654
1049.32 2.57197419355
1050.32 2.82073126873
1051.33 2.56679365079
1052.33 3.62338461538
1053.39 3.83897358491
1054.4 4.60964752475
1055.4 3.45938861139
