1290524779 3360515 59.912333 10.750465 1126 1044
1290524780 3361525 59.912333 10.750465 116438 1010
1290524782 3362544 59.912334 10.750448 130249 1019
1290524783 3363548 59.912343 10.750433 128592 1004
1290524784 3364556 59.91234 10.750416 110307 1008
1290524785 3365595 59.912342 10.75036 114390 1039
1290524786 3366708 59.912345 10.750325 71336 1113
1290524787 3367714 59.912358 10.750181 72255 1006
1290524788 3368715 59.912369 10.750093 69255 1001
1290524789 3369734 59.912397 10.749917 83705 1019
1290524790 3370744 59.912413 10.74983 60850 1010
1290524791 3371944 59.91243 10.749742 66823 1200
1290524792 3372954 59.912448 10.749675 87677 1010
1290524793 3373975 59.912464 10.749587 83407 1021
1290524794 3374984 59.912468 10.749496 66855 1009
1290524795 3375995 59.912471 10.749422 85613 1011
1290524796 3376996 59.912463 10.749328 85893 1001
1290524797 3378004 59.912463 10.749328 100141 1008
1290524798 3379005 59.912393 10.749101 81442 1001
1290524799 3380054 59.912382 10.749004 71069 1049
1290524800 3381064 59.912382 10.749004 107014 1010
1290524801 3382094 59.912413 10.748793 44902 1030
1290524802 3383095 59.912432 10.748708 47016 1001
1290524803 3384114 59.912432 10.748708 56088 1019
1290524804 3385144 59.912479 10.748595 51346 1030
1290524805 3386166 59.912501 10.748529 35838 1022
1290524818 3399040 59.912501 10.748529 2736 12874
1290524819 3400160 59.912552 10.748416 36377 1120
1290524820 3401271 59.91258 10.748387 64907 1111
1290524821 3402272 59.91264 10.748351 88427 1001
1290524822 3403321 59.912699 10.748333 141896 1049
1290524823 3404421 59.912781 10.748377 179452 1100
1290524824 3405472 59.91277 10.74837 219750 1051
1290524825 3406511 59.912783 10.748226 210595 1039
1290524826 3407512 59.912802 10.748051 219582 1001
1290524827 3408513 59.912868 10.747853 255301 1001
1290524829 3409612 59.912936 10.74773 229441 1099
1290524830 3410620 59.912971 10.747652 225013 1008
1290524831 3411772 59.912993 10.747585 208444 1152
1290524832 3412971 59.91302 10.747504 241815 1199
1290524833 3413973 59.913036 10.747454 215434 1002
1290524834 3414991 59.913048 10.747405 213814 1018
1290524835 3416000 59.91306 10.747356 184709 1009
1290524836 3417036 59.913077 10.747306 190189 1036
1290524837 3418041 59.913113 10.747211 271729 1005
1290524838 3419141 59.913113 10.747211 227379 1100
1290524839 3420291 59.913151 10.747098 249845 1150
1290524840 3421411 59.913179 10.747052 246537 1120
1290524841 3422441 59.913179 10.747052 221195 1030
1290524843 3423611 59.913246 10.746984 204513 1169
1290524844 3424612 59.913283 10.7469296666667 194482 1001
1290524845 3425711 59.91332 10.7468753333333 278189 1099
1290524846 3426761 59.913357 10.746821 232395 1049
1290524847 3427762 59.913401 10.746743 185392 1001
1290524848 3428961 59.913417 10.746603 180734 1199
1290524849 3429962 59.913413 10.746456 245778 1001
1290524850 3430963 59.91339 10.746302 241313 1001
1290524851 3432161 59.913368 10.746092 246764 1198
1290524852 3433172 59.913358 10.746015 276955 1011
1290524853 3434200 59.913358 10.746015 290864 1028
1290524854 3435201 59.913338 10.745917 225716 1001
1290524855 3436290 59.913326 10.745876 215292 1089
1290524856 3437291 59.913326 10.745876 189264 1001
1290524857 3438302 59.9133 10.745795 211120 1011
1290524858 3439321 59.913293 10.74576 256220 1019
1290524859 3440482 59.913293 10.74576 242244 1161
1290524860 3441491 59.913268 10.745718 265517 1009
1290524861 3442492 59.913257 10.745698 206045 1001
1290524862 3443501 59.913257 10.745698 297332 1009
1290524863 3444502 59.913245 10.745642 243089 1001
1290524865 3445651 59.913235 10.745603 291532 1149
1290524866 3446652 59.913231 10.745565 265912 1001
1290524867 3447800 59.913229 10.745529 235560 1148
1290524868 3449000 59.913218 10.745509 262664 1200
1290524869 3450001 59.913208 10.745488 236384 1001
1290524870 3451007 59.913186 10.745446 225905 1006
1290524871 3452121 59.913168 10.745422 252884 1114
1290524872 3453271 59.913133 10.745356 255887 1150
1290524873 3454281 59.913115 10.745331 280809 1010
1290524874 3455461 59.913115 10.745331 212829 1180
1290524876 3456661 59.913072 10.745262 241184 1200
1290524877 3457840 59.913053 10.745238 246146 1179
1290524878 3459010 59.913029 10.745193 240491 1170
1290524879 3460020 59.912991 10.745162 168579 1010
1290524880 3461051 59.912991 10.745162 220353 1031
1290524881 3462052 59.912959 10.745099 221123 1001
1290524882 3463090 59.912939 10.74504 257200 1038
1290524883 3464229 59.912939 10.74504 285212 1139
1290524884 3465230 59.912896 10.744956 253129 1001
1290524885 3466410 59.912884 10.7449 202574 1180
1290524886 3467412 59.912884 10.7449 220066 1002
1290524887 3468420 59.912863 10.744844 204207 1008
1290524888 3469421 59.912846 10.744841 217037 1001
1290524889 3470422 59.912846 10.744841 228454 1001
1290524890 3471531 59.912838 10.744823 234527 1109
1290524891 3472532 59.912831 10.744806 255360 1001
1290524892 3473534 59.912831 10.744806 190325 1002
1290524894 3474700 59.912823 10.744788 195441 1166
1290524895 3475880 59.912826 10.744792 236950 1180
1290524896 3477091 59.912859 10.744878 270339 1211
1290524897 3478092 59.912885 10.744944 239382 1001
1290524898 3479279 59.912885 10.744944 224906 1187
1290524899 3480281 59.912931 10.745108 241772 1002
1290524900 3481282 59.912957 10.745174 190493 1001
1290524901 3482380 59.912957 10.745174 169947 1098
1290524903 3483541 59.913004 10.7453 223988 1161
1290524904 3484550 59.913014 10.745359 228219 1009
1290524905 3485580 59.913022 10.745401 180842 1030
1290524906 3486590 59.913027 10.745439 260948 1010
1290524907 3487780 59.91303 10.745443 238839 1190
1290524908 3488981 59.91303 10.745443 276744 1201
1290524909 3489982 59.913033 10.745446 268725 1001
1290524910 3490989 59.913041 10.745449 176572 1007
1290524911 3492010 59.913044 10.745453 215091 1021
1290524912 3493050 59.913047 10.745494 143972 1040
1290524913 3494161 59.913047 10.745494 189419 1111
1290524914 3495169 59.913045 10.745515 223527 1008
1290524915 3496171 59.913052 10.745519 182460 1002
1290524916 3497179 59.913052 10.745519 214182 1008
1290524917 3498259 59.913072 10.745564 212517 1077
1290524918 3499260 59.913083 10.745585 206257 1001
1290524919 3500261 59.913083 10.745585 212175 1001
1290524920 3501262 59.9131 10.745641 189093 1001
1290524921 3502270 59.913103 10.745658 181192 1008
1290524922 3503459 59.913103 10.745658 188811 1189
1290524924 3504579 59.913113 10.745693 180710 1120
1290524925 3505599 59.913121 10.745711 136853 1020
1290524926 3506739 59.913125 10.745711 196491 1140
1290524927 3507810 59.913137 10.745728 233852 1071
1290524928 3508819 59.913144 10.745764 196159 1009
1290524929 3509820 59.913159 10.745784 188325 1001
1290524930 3510879 59.91318 10.745826 134874 1059
1290524931 3511880 59.913215 10.745854 229503 1001
1290524932 3512881 59.913236 10.745896 249124 1001
1290524933 3513920 59.913266 10.745932 216582 1039
1290524934 3514940 59.913296 10.745968 192803 1020
1290524935 3515941 59.913325 10.746013 260544 1001
1290524936 3517129 59.913386 10.746107 258389 1188
1290524937 3518140 59.913386 10.746107 239771 1011
1290524938 3519150 59.913447 10.746239 266050 1010
1290524939 3520151 59.913467 10.7462713333333 243461 1001
1290524940 3521270 59.913487 10.7463036666667 221814 1119
1290524941 3522299 59.913507 10.746336 229228 1029
1290524942 3523300 59.913511 10.746283 222526 1001
1290524943 3524469 59.913511 10.746283 253910 1169
1290524944 3525470 59.913503 10.746189 248742 1001
1290524945 3526471 59.913489 10.746112 145227 1001
1290524947 3527749 59.91348 10.746035 202906 1278
1290524948 3528779 59.913471 10.745958 154031 1030
1290524949 3529969 59.913461 10.745881 234599 1190
1290524950 3530970 59.913452 10.745804 191665 1001
1290524951 3532069 59.913427 10.745706 248951 1099
1290524952 3533070 59.913427 10.745706 193676 1001
1290524953 3534079 59.913396 10.745588 185986 1009
1290524954 3535088 59.913382 10.745511 236302 1009
1290524955 3536089 59.913382 10.745511 118601 1001
1290524956 3537168 59.913364 10.745448 171567 1079
1290524957 3538178 59.91333 10.745326 99972 1010
1290524958 3539199 59.91333 10.745326 136516 1021
1290524959 3540200 59.913277 10.74518 164956 1001
1290524960 3541389 59.913265 10.745138 190443 1189
1290524961 3542408 59.913265 10.745138 151793 1019
1290524962 3543409 59.913256 10.745061 109461 1001
1290524963 3544489 59.9132574 10.7450168 114728 1080
1290524964 3545629 59.9132588 10.7449726 180294 1140
1290524965 3546630 59.9132602 10.7449284 187347 1001
1290524967 3547639 59.913263 10.74484 142429 1009
1290524968 3548649 59.913263 10.74484 214791 1010
1290524969 3549759 59.913322 10.744678 199157 1110
1290524970 3550878 59.91336 10.744618 197360 1118
1290524971 3551979 59.913385 10.744554 195884 1100
1290524972 3552980 59.913415 10.744491 223999 1001
1290524973 3553981 59.913453 10.74443 188480 1001
1290524974 3555008 59.913477 10.744384 198322 1027
1290524975 3556119 59.91351 10.744286 209117 1111
1290524976 3557149 59.91351 10.744286 210168 1030
1290524977 3558239 59.913531 10.744236 174103 1090
1290524978 3559288 59.913545 10.744222 192200 1049
1290524979 3560389 59.913545 10.744222 198998 1101
1290524980 3561399 59.913579 10.744211 215516 1010
1290524982 3562559 59.913608 10.744218 236280 1160
1290524983 3563560 59.913608 10.744218 190441 1001
1290524984 3564679 59.913652 10.744193 177404 1119
1290524985 3565680 59.913668 10.744196 211816 1001
1290524986 3566681 59.913693 10.744203 153827 1001
1290524987 3567688 59.913716 10.744227 120504 1007
1290524988 3568749 59.913747 10.744237 120748 1061
1290524989 3569751 59.913747 10.744237 116977 1001
1290524990 3570758 59.913795 10.744306 161948 1007
1290524991 3571759 59.9138125 10.74432 163074 1001
1290524992 3572929 59.91383 10.744334 236096 1170
1290524993 3573930 59.91384 10.744355 211337 1001
1290524994 3575009 59.913846 10.744337 163967 1079
1290524995 3576158 59.913856 10.744376 201419 1149
1290524996 3577289 59.913854 10.744393 214772 1130
1290524997 3578290 59.913854 10.744393 198972 1001
1290524998 3579318 59.913857 10.744449 162769 1028
1290524999 3580328 59.913864 10.74447 191409 1010
1290525000 3581329 59.913864 10.74447 158989 1001
1290525001 3582389 59.913873 10.744509 204779 1060
1290525002 3583398 59.913879 10.74453 234358 1009
1290525003 3584478 59.913879 10.74453 186356 1080
1290525005 3585589 59.913867 10.744617 163183 1111
1290525006 3586718 59.913872 10.744656 154377 1129
1290525007 3587919 59.913877 10.744694 185766 1201
1290525008 3588931 59.913881 10.744733 220243 1011
1290525009 3589938 59.913898 10.744774 207905 1007
1290525010 3591118 59.913953 10.744794 187822 1180
1290525011 3592119 59.913983 10.744769 193172 1001
1290525012 3593278 59.913983 10.744769 171752 1159
1290525013 3594279 59.914062 10.744743 174334 1001
1290525014 3595288 59.914108 10.744739 153919 1009
1290525015 3596289 59.914108 10.744739 115191 1001
1290525016 3597318 59.914155 10.744756 78680 1029
1290525017 3598328 59.9142066666667 10.7447766666667 52139 1010
1290525018 3599338 59.9142583333333 10.7447973333333 116089 1010
1290525019 3600479 59.91431 10.744818 152321 1141
1290525020 3601489 59.9143616666667 10.7448386666667 133868 1010
1290525022 3602698 59.914465 10.74488 85492 1209
1290525023 3603718 59.914526 10.744882 57456 1020
1290525024 3604820 59.914587 10.744885 21895 1102
1290525025 3605838 59.91464 10.744884 155864 1018
1290525026 3606849 59.914673 10.744876 119667 1011
1290525027 3607858 59.914703 10.744851 127632 1009
1290525028 3608868 59.914726 10.744823 100818 1010
1290525029 3609878 59.914751 10.744759 131379 1010
1290525030 3610958 59.914769 10.744692 126267 1080
1290525031 3611959 59.914789 10.744608 133680 1001
1290525032 3612968 59.914808 10.744523 147756 1009
1290525033 3614158 59.914829 10.744421 118249 1190
1290525034 3615183 59.914848 10.744337 121922 1025
1290525035 3616278 59.914884 10.744136 81359 1095
1290525036 3617288 59.914884 10.744136 82794 1010
1290525037 3618298 59.914908 10.744037 93433 1010
1290525038 3619428 59.91495 10.743857 72233 1130
1290525039 3620477 59.91495 10.743857 54761 1049
1290525040 3621488 59.914977 10.743762 43776 1011
1290525042 3622597 59.915023 10.743582 26818 1109
1290525043 3623717 59.915057 10.743522 78789 1120
1290525044 3624747 59.915088 10.743479 64182 1030
1290525045 3625757 59.915132 10.74344 47880 1010
1290525046 3626787 59.915132 10.74344 35080 1030
1290525047 3627807 59.9151755 10.743405 73087 1020
1290525048 3628828 59.915219 10.74337 69776 1021
1290525049 3629897 59.9152625 10.743335 73420 1069
1290525050 3630937 59.915306 10.7433 67032 1040
1290525051 3631957 59.915347 10.743296 29836 1020
1290525052 3632958 59.915347 10.743296 69768 1001
1290525053 3633977 59.9153578571429 10.7432842857143 49514 1019
1290525054 3634997 59.9153687142857 10.7432725714286 84333 1020
1290525055 3636007 59.9153795714286 10.7432608571429 81311 1010
1290525056 3637147 59.9153904285714 10.7432491428571 73827 1140
1290525057 3638157 59.9154012857143 10.7432374285714 72659 1010
1290525058 3639197 59.9154121428571 10.7432257142857 75337 1040
1290525059 3640217 59.915423 10.743214 63786 1020
1290525060 3641227 59.915423 10.743214 64633 1010
1290525061 3642247 59.915394 10.743169 56599 1020
1290525062 3643248 59.915331 10.74304 79700 1001
1290525063 3644249 59.915331 10.74304 87208 1001
1290525064 3645277 59.915311 10.742981 82907 1028
1290525065 3646287 59.915274 10.742841 59157 1010
1290525066 3647297 59.915274 10.742841 47662 1010
1290525067 3648337 59.9152673333333 10.7427643333333 59781 1040
1290525068 3649357 59.9152606666667 10.7426876666667 38304 1020
1290525069 3650377 59.915254 10.742611 26782 1020
1290525070 3651397 59.9152473333333 10.7425343333333 57456 1020
1290525071 3652407 59.9152406666667 10.7424576666667 51064 1010
1290525072 3653427 59.915234 10.742381 61183 1020
1290525073 3654450 59.9152273333333 10.7423043333333 57138 1023
1290525075 3656297 59.915214 10.742151 31464 1847
1290525076 3657328 59.9152126 10.7420676 23867 1031
1290525077 3658331 59.9152112 10.7419842 45364 1003
1290525078 3659348 59.9152098 10.7419008 49450 1017
1290525079 3660351 59.9152084 10.7418174 45144 1003
1290525080 3661357 59.915207 10.741734 40957 1006
1290525081 3662377 59.915207 10.741734 55065 1020
1290525082 3663457 59.915218 10.741741 56309 1080
1290525083 3664528 59.915227 10.741726 64620 1071
1290525085 3665553 59.915227 10.741726 58780 1025
1290525086 3666736 59.915232 10.741712 52610 1183
1290525087 3667747 59.915241 10.741698 31464 1010
1290525088 3668757 59.915241 10.741698 31464 1010
1290525089 3669777 59.915265 10.741599 44266 1020
1290525090 3670797 59.915289 10.741553 84282 1020
1290525091 3671806 59.915313 10.741507 65678 1009
1290525092 3672807 59.915336 10.741479 78751 1001
1290525093 3673816 59.915366 10.741454 104700 1009
1290525094 3674817 59.915366 10.741454 123236 1001
1290525095 3675897 59.915439 10.741368 85520 1080
1290525096 3676937 59.915473 10.741343 92235 1040
1290525097 3677938 59.915505 10.7413 122773 1001
1290525098 3678947 59.91554 10.741275 105116 1009
1290525099 3679957 59.9155715 10.741259 89605 1010
1290525100 3681147 59.915603 10.741243 72379 1190
1290525101 3682157 59.915653 10.741224 88361 1010
1290525102 3683167 59.915653 10.741224 80730 1010
1290525103 3684177 59.915673 10.741231 61364 1010
1290525104 3685186 59.915747 10.741328 73387 1009
1290525105 3686197 59.915747 10.741328 73164 1011
1290525106 3687216 59.915786 10.741394 56977 1019
1290525107 3688226 59.915841 10.741466 47880 1010
1290525108 3689236 59.915878 10.741515 31743 1010
1290525109 3690286 59.915878 10.741515 32832 1050
1290525130 3710979 59.915921 10.741584 25992 20693
1290525131 3712049 59.915959 10.741615 13680 1070
1290525132 3713129 59.915992 10.741608 13680 1080
1290525133 3714291 59.915992 10.741608 13680 1162
1290525134 3715499 59.916034 10.741586 10772 1208
1290525136 3716679 59.91604 10.741515 139651 1180
1290525137 3717778 59.915999 10.741443 145945 1099
1290525138 3718789 59.915933 10.741363 156800 1010
1290525139 3719799 59.915856 10.741225 144670 1010
1290525140 3720809 59.915807 10.741058 107835 1010
1290525141 3721839 59.915788 10.740865 82345 1030
1290525142 3723019 59.915796 10.740683 88330 1180
1290525143 3724029 59.9158 10.740515 90563 1010
1290525144 3725129 59.915814 10.740445 87873 1100
1290525145 3726139 59.915846 10.740325 124059 1010
1290525146 3727349 59.9158923333333 10.7401913333333 123387 1210
1290525147 3728359 59.9159386666667 10.7400576666667 130095 1010
1290525148 3729529 59.915985 10.739924 111177 1170
1290525149 3730532 59.916099 10.739831 128184 1003
1290525150 3731539 59.9161326923077 10.7397373846154 108987 1007
1290525151 3732559 59.9161663846154 10.7396437692308 88411 1020
1290525152 3733599 59.9162000769231 10.7395501538462 58189 1040
1290525153 3734789 59.9162337692308 10.7394565384615 65871 1190
1290525154 3735929 59.9162674615385 10.7393629230769 36936 1140
1290525155 3736939 59.9163011538462 10.7392693076923 49757 1010
1290525156 3737949 59.9163348461538 10.7391756923077 105712 1010
1290525157 3738958 59.9163685384615 10.7390820769231 81664 1009
1290525158 3739969 59.9164022307692 10.7389884615385 107699 1011
1290525159 3740978 59.9164359230769 10.7388948461538 105684 1009
1290525160 3741998 59.9164696153846 10.7388012307692 74562 1020
1290525162 3743018 59.916537 10.738614 52065 1020
1290525163 3744019 59.916537 10.738376 58194 1001
1290525164 3745032 59.916542 10.738323 47266 1013
1290525165 3746038 59.916553 10.738235 85329 1006
1290525166 3747158 59.916568 10.738204 72939 1120
1290525167 3748179 59.916618 10.738185 87938 1021
1290525168 3749182 59.916618 10.738185 77886 1003
1290525169 3750190 59.916656 10.738216 71152 1008
1290525170 3751198 59.916758 10.738253 81345 1008
1290525171 3752209 59.916758 10.738253 81159 1011
1290525172 3753337 59.916837 10.738227 89317 1128
1290525173 3754349 59.916869 10.738184 71752 1012
1290525174 3755358 59.916869 10.738184 123714 1009
1290525175 3756468 59.916911 10.738148 82896 1110
1290525177 3757649 59.916921 10.738134 121208 1180
1290525178 3758668 59.916921 10.738134 82701 1019
1290525179 3759678 59.916918 10.738116 65857 1010
1290525180 3760688 59.916907 10.738095 61643 1010
1290525181 3761758 59.916901 10.738074 81583 1070
1290525182 3762769 59.91689 10.738053 69161 1011
1290525183 3763781 59.916876 10.738029 65072 1012
1290525184 3764788 59.916876 10.738029 121024 1007
1290525185 3765789 59.916846 10.738002 100224 1001
1290525186 3766838 59.916821 10.737995 79411 1049
1290525187 3767878 59.916797 10.737988 90041 1040
1290525188 3768908 59.916764 10.737996 36936 1030
1290525189 3769938 59.916736 10.737986 30412 1030
1290525190 3770958 59.916711 10.737997 67349 1020
1290525191 3771978 59.916687 10.73799 102830 1020
1290525192 3773008 59.916662 10.737984 54720 1030
1290525193 3774018 59.916662 10.737984 35972 1010
1290525194 3775038 59.916641 10.737994 49248 1020
1290525195 3776058 59.916603 10.738002 50882 1020
1290525196 3777098 59.916587 10.737999 59111 1040
1290525197 3778258 59.916555 10.738027 48802 1160
1290525198 3779298 59.916555 10.738027 45144 1040
1290525199 3780308 59.91655 10.738027 39999 1010
1290525200 3781318 59.916538 10.738024 60097 1010
1290525201 3782338 59.916543 10.73801 39430 1020
1290525202 3783348 59.916543 10.73801 24624 1010
1290525203 3784388 59.916543 10.737995 25749 1040
1290525204 3785398 59.916552 10.737981 75258 1010
1290525205 3786408 59.916555 10.737932 92889 1010
1290525206 3787428 59.916564 10.737918 71572 1020
1290525207 3788448 59.916564 10.737918 61834 1020
1290525208 3789478 59.916588 10.737819 52959 1030
1290525209 3790508 59.916601 10.737752 43686 1030
1290525210 3791518 59.916601 10.737752 79674 1010
1290525211 3792548 59.9166146666667 10.737685 74280 1030
1290525213 3793553 59.916642 10.737551 74495 1005
1290525214 3794558 59.916642 10.737551 107206 1005
1290525215 3795598 59.916674 10.7374 128941 1040
1290525216 3796618 59.916689 10.737315 117726 1020
1290525217 3797619 59.916689 10.737315 58824 1001
1290525218 3798658 59.91671625 10.737184 43488 1039
1290525219 3799848 59.9167435 10.737053 48506 1190
1290525220 3801058 59.91677075 10.736922 79140 1210
1290525221 3802068 59.916798 10.736791 136286 1010
1290525222 3803078 59.916798 10.736791 139811 1010
1290525223 3804098 59.916798 10.7367 131906 1020
1290525224 3805359 59.916771 10.736451 173553 1261
1290525225 3806368 59.916771 10.736451 123411 1009
1290525226 3807518 59.916767 10.736318 131870 1150
1290525227 3808528 59.916796 10.736325 136625 1010
1290525228 3809529 59.916796 10.736325 101576 1001
1290525230 3810687 59.916856 10.736342 125618 1158
1290525231 3811728 59.916873 10.736345 112373 1041
1290525232 3812808 59.916903 10.736334 150821 1080
1290525233 3813829 59.916929 10.736323 123411 1021
1290525234 3814837 59.916951 10.736309 103521 1008
1290525235 3815887 59.916976 10.736316 124483 1050
1290525236 3817087 59.917015 10.736305 136975 1200
1290525237 3818158 59.917015 10.736305 129140 1070
1290525238 3819182 59.917022 10.736322 111926 1024
1290525239 3820228 59.917051 10.736329 124466 1046
1290525240 3821277 59.917051 10.736329 143241 1049
1290525241 3822278 59.917077 10.736332 145766 1001
1290525242 3823307 59.917081 10.736332 95533 1029
1290525243 3824328 59.917081 10.736332 99492 1021
1290525244 3825337 59.917086 10.736332 110878 1009
1290525245 3826338 59.917108 10.736318 68560 1001
1290525246 3827357 59.917108 10.736318 108948 1019
1290525247 3828517 59.917128 10.736286 88082 1160
1290525248 3829518 59.917141 10.736272 129075 1001
1290525249 3830527 59.917141 10.736272 131311 1009
1290525251 3831537 59.917158 10.736275 161938 1010
1290525252 3832631 59.917167 10.736261 131940 1094
1290525253 3833648 59.917173 10.736244 118599 1017
1290525254 3834657 59.917188 10.736212 133802 1009
1290525255 3835667 59.917202 10.736197 103520 1010
1290525256 3836668 59.917202 10.736197 98596 1001
1290525257 3837677 59.917215 10.736183 58600 1009
1290525258 3838717 59.917226 10.736151 75612 1040
1290525259 3839727 59.917239 10.736137 74077 1010
1290525260 3840927 59.917241 10.73612 84776 1200
1290525261 3841968 59.917248 10.736123 80443 1041
1290525262 3842977 59.917258 10.736109 57273 1009
1290525263 3843978 59.917258 10.736109 96169 1001
1290525264 3844987 59.917265 10.736112 97203 1009
1290525265 3845997 59.917274 10.736098 101804 1010
1290525266 3847027 59.917294 10.736066 81338 1030
1290525267 3848047 59.917294 10.736066 112179 1020
1290525268 3849048 59.917297 10.736031 81446 1001
1290525269 3850057 59.91733 10.735932 60935 1009
1290525270 3851257 59.91733 10.735932 72100 1200
1290525273 3853887 59.91733 10.735932 17784 2630
1290525274 3854897 59.91738 10.735767 89161 1010
1290525275 3855907 59.917415 10.73565 151160 1010
1290525276 3856908 59.917433 10.735583 101381 1001
1290525277 3857917 59.917433 10.735583 87805 1009
1290525278 3858937 59.917472 10.735506 43194 1020
1290525279 3859967 59.91749 10.735439 6840 1030
1290525280 3860997 59.917521 10.735357 25550 1030
1290525281 3862027 59.917553 10.735276 27360 1030
1290525282 3863086 59.917595 10.735216 27360 1059
1290525283 3864097 59.917595 10.735216 24624 1011
1290525295 3876489 59.91763 10.735152 20520 12392
1290525297 3877909 59.917675 10.73511 2736 1420
1290525299 3879669 59.917729 10.735053 1937 1760
1290525300 3880909 59.917797 10.73502 4104 1240
1290525301 3882310 59.917858 10.734984 4104 1401
1290525303 3883589 59.91792 10.734969 4104 1279
1290525304 3885029 59.91792 10.734969 4104 1440
1290525305 3886289 59.917979 10.73495 4104 1260
1290525311 3891604 59.918033 10.734932 16384 5315
1290525312 3892614 59.918088 10.734913 138896 1010
1290525313 3893615 59.918197 10.734876 194181 1001
1290525314 3894764 59.918305 10.734857 61976 1149
1290525315 3895953 59.9184 10.734834 109202 1189
1290525316 3896963 59.918497 10.7348113333333 74812 1010
1290525317 3897973 59.918594 10.7347886666667 86843 1010
1290525318 3899033 59.918691 10.734766 97238 1060
1290525319 3900054 59.9187435 10.734774 106619 1021
1290525320 3901073 59.918796 10.734782 74245 1019
1290525321 3902083 59.9187893333333 10.734775 56088 1010
1290525322 3903084 59.9187826666667 10.734768 52636 1001
1290525323 3904103 59.918776 10.734761 62737 1019
1290525324 3905123 59.918753 10.734737 72504 1020
1290525325 3906133 59.918738 10.734677 58264 1010
1290525326 3907143 59.918706 10.734615 85439 1010
1290525327 3908293 59.9186963333333 10.7345911666667 111189 1150
1290525328 3909294 59.9186866666667 10.7345673333333 181666 1001
1290525329 3910295 59.918677 10.7345435 174496 1001
1290525330 3911403 59.9186673333333 10.7345196666667 199055 1108
1290525332 3912586 59.918648 10.734472 152170 1183
1290525333 3913713 59.918706 10.73465425 180810 1126
1290525334 3914754 59.918764 10.7348365 156676 1041
1290525335 3915773 59.918822 10.73501875 147661 1019
1290525336 3916774 59.91888 10.735201 156657 1001
1290525337 3917775 59.918894 10.735187 155762 1001
1290525338 3918783 59.9189 10.735183 175901 1008
1290525339 3919854 59.918908 10.735145 157054 1071
1290525340 3920973 59.918925 10.73511 164712 1119
1290525341 3922183 59.918951 10.735033 199393 1210
1290525342 3923184 59.918951 10.735033 188585 1001
1290525343 3924334 59.918981 10.734998 159976 1150
1290525344 3925335 59.919002 10.734962 118154 1001
1290525345 3926453 59.919002 10.734962 134636 1118
1290525346 3927454 59.919039 10.734931 188865 1001
1290525348 3928633 59.919062 10.734916 168658 1179
1290525349 3929643 59.919062 10.734916 171591 1010
1290525350 3930644 59.919104 10.734832 171138 1001
1290525351 3931743 59.919131 10.734765 144352 1099
1290525352 3932753 59.919149 10.734712 168490 1010
1290525353 3933883 59.919174 10.734663 130768 1130
1290525354 3934884 59.919192 10.73461 154553 1001
1290525355 3935893 59.919227 10.734599 169697 1009
1290525356 3936984 59.919257 10.734588 132625 1091
1290525357 3937993 59.919281 10.734609 138698 1008
1290525358 3939003 59.91932 10.734637 130417 1010
1290525359 3940004 59.919403 10.734695 166841 1001
1290525360 3941023 59.919403 10.734695 131357 1019
1290525361 3942032 59.919424 10.734737 110890 1009
1290525362 3943154 59.919471 10.734768 108940 1122
1290525363 3944283 59.919471 10.734768 120228 1129
1290525364 3945293 59.919489 10.734754 147829 1010
1290525365 3946303 59.919536 10.734732 119911 1010
1290525366 3947312 59.919536 10.734732 112783 1009
1290525367 3948313 59.919574 10.734724 77196 1001
1290525368 3949343 59.919654 10.734748 41975 1030
1290525369 3950382 59.919654 10.734748 41040 1039
1290525370 3951384 59.919718 10.73482 77306 1002
1290525372 3952833 59.919752 10.734865 35382 1449
1290525373 3954003 59.91977 10.73489 140902 1170
1290525374 3955173 59.919791 10.734931 166241 1170
1290525375 3956303 59.919791 10.734931 124880 1122
1290525376 3957304 59.919818 10.735036 127088 1001
1290525377 3958323 59.919857 10.735035 126127 1019
1290525378 3959422 59.919857 10.735035 164911 1099
1290525379 3960424 59.919955 10.735057 172007 1001
1290525380 3961433 59.919996 10.735039 194492 1009
1290525381 3962435 59.919996 10.735039 147865 1002
1290525382 3963463 59.920049 10.734957 175065 1028
1290525383 3964473 59.920076 10.734914 171191 1010
1290525385 3965606 59.920076 10.734914 137109 1133
1290525386 3966623 59.92012 10.734808 131377 1017
1290525387 3967643 59.920146 10.734744 89058 1020
1290525388 3968644 59.92018 10.734666 124272 1001
1290525389 3969652 59.920227 10.734592 107591 1008
1290525390 3970752 59.920275 10.7345 130696 1100
1290525391 3971762 59.920275 10.7345 130598 1010
1290525392 3972924 59.920375 10.734333 137686 1162
1290525393 3973942 59.92042 10.734238 115678 1018
1290525394 3974952 59.920454 10.734174 95880 1010
1290525395 3976032 59.920549 10.733983 83923 1080
1290525396 3977042 59.920549 10.733983 145272 1010
1290525397 3978052 59.920592 10.733906 86273 1010
1290525398 3979053 59.920662 10.733764 107348 1001
1290525399 3980183 59.920662 10.733764 126375 1130
1290525400 3981302 59.92071 10.733672 125643 1119
1290525401 3982313 59.92072 10.73364 134374 1011
1290525402 3983322 59.92072 10.73364 162288 1009
1290525403 3984363 59.920735 10.733608 121523 1041
1290525404 3985492 59.920735 10.733608 125086 1129
1290525405 3986493 59.920735 10.733608 142194 1001
1290525407 3987544 59.920743 10.733612 86582 1051
1290525408 3988552 59.920746 10.733629 129540 1008
1290525409 3989572 59.920746 10.733629 96252 1020
1290525410 3990772 59.92077 10.733636 132019 1200
1290525411 3991773 59.920787 10.733639 147482 1001
1290525412 3992972 59.920801 10.733625 143948 1199
1290525413 3993982 59.920813 10.733628 139546 1010
1290525414 3994992 59.920822 10.733614 134491 1010
1290525415 3996012 59.920817 10.733614 99269 1020
1290525416 3997043 59.920826 10.7336 102676 1031
1290525417 3998132 59.920826 10.7336 95321 1089
1290525418 3999142 59.920834 10.733603 99938 1010
1290525419 4000152 59.920834 10.733603 99364 1010
1290525420 4001162 59.920834 10.733603 97842 1010
1290525421 4002172 59.920834 10.733603 98882 1010
1290525422 4003292 59.920858 10.733596 71216 1120
1290525423 4004481 59.920858 10.733596 65948 1189
1290525424 4005482 59.920878 10.733588 81028 1001
1290525425 4006492 59.920884 10.733556 76253 1010
1290525426 4007502 59.920884 10.733556 63785 1010
1290525427 4008522 59.920913 10.733496 74634 1020
1290525429 4009543 59.920923 10.733464 57574 1021
1290525430 4010592 59.920923 10.733464 49248 1049
1290525431 4011610 59.920961 10.733351 41460 1018
1290525432 4012612 59.920982 10.733288 72466 1002
1290525433 4013632 59.920982 10.733288 55366 1020
1290525434 4014634 59.921028 10.733122 115194 1002
1290525435 4015642 59.921055 10.733041 107465 1008
1290525436 4016651 59.921055 10.733041 125637 1009
1290525437 4017812 59.921111 10.732861 139008 1161
1290525438 4018892 59.921133 10.732794 112051 1079
1290525439 4020011 59.921157 10.732748 106927 1119
1290525440 4021222 59.921196 10.73267 122058 1211
1290525441 4022241 59.921196 10.73267 93778 1019
1290525442 4023271 59.921278 10.732571 101750 1030
1290525443 4024352 59.92131 10.732528 135775 1081
1290525444 4025358 59.92131 10.732528 107553 1006
1290525445 4026363 59.921405 10.732414 88403 1005
1290525446 4027372 59.92145 10.732357 106935 1009
1290525447 4028382 59.92145 10.732357 92423 1010
1290525448 4029391 59.921521 10.732236 102556 1009
1290525449 4030392 59.921559 10.732176 106884 1001
1290525450 4031402 59.921559 10.732176 150414 1010
1290525451 4032451 59.921634 10.732056 119516 1049
1290525452 4033452 59.921664 10.731992 89049 1001
1290525453 4034471 59.921664 10.731992 68392 1019
1290525454 4035483 59.921739 10.731871 66602 1012
1290525455 4036491 59.921789 10.731853 99248 1008
1290525456 4037501 59.921789 10.731853 92081 1010
1290525457 4038511 59.921883 10.731848 99386 1010
1290525458 4039522 59.921917 10.73184 87048 1011
1290525460 4040541 59.921917 10.73184 91770 1019
1290525461 4041581 59.922011 10.731835 80919 1040
1290525462 4042772 59.922061 10.731817 81964 1190
1290525463 4043781 59.922096 10.731791 101062 1009
1290525464 4044782 59.922143 10.73177 133894 1001
1290525465 4045902 59.922177 10.731744 124504 1120
1290525466 4046903 59.922223 10.73174 178902 1001
1290525467 4048022 59.92234 10.731707 178563 1119
1290525468 4049023 59.92234 10.731707 168660 1001
1290525469 4050031 59.922397 10.731706 127729 1008
1290525470 4051041 59.922515 10.731707 98256 1010
1290525471 4052151 59.922515 10.731707 133446 1110
1290525472 4053171 59.922581 10.73171 72399 1020
1290525473 4054181 59.92264 10.731691 62928 1010
1290525474 4055182 59.922696 10.731655 50802 1001
1290525475 4056202 59.922755 10.731637 110932 1020
1290525476 4057211 59.922875 10.73162 108653 1009
1290525477 4058221 59.922875 10.73162 145125 1010
1290525478 4059222 59.92292 10.731616 142756 1001
1290525479 4060401 59.92299125 10.731607 148871 1179
1290525480 4061411 59.9230625 10.731598 134894 1010
1290525481 4062421 59.92313375 10.731589 123292 1010
1290525482 4063481 59.923205 10.73158 126142 1060
1290525483 4064484 59.923205 10.73158 189720 1003
1290525484 4065491 59.923269 10.731546 154286 1007
1290525486 4066611 59.923397 10.731478 221461 1120
1290525487 4067612 59.923431 10.731471 162156 1001
1290525488 4068622 59.923429 10.731488 165911 1010
1290525489 4069631 59.923418 10.731548 180702 1009
1290525490 4070801 59.923407 10.731608 216482 1170
1290525491 4072081 59.923365 10.731759 267546 1280
1290525492 4073083 59.923365 10.731759 126528 1002
1290525493 4074121 59.92334 10.731823 134428 1038
1290525494 4075122 59.923317 10.731943 189176 1001
1290525495 4076131 59.923317 10.731943 162555 1009
1290525496 4077221 59.923307 10.732066 151640 1090
1290525497 4078223 59.923301 10.732136 162697 1002
1290525498 4079243 59.923301 10.732136 183621 1020
1290525499 4080251 59.923293 10.732189 168887 1008
1290525500 4081271 59.923284 10.732294 139252 1020
1290525501 4082282 59.923284 10.732294 176592 1011
1290525502 4083291 59.923275 10.732347 175258 1009
1290525503 4084391 59.923274 10.732364 188807 1100
1290525504 4085591 59.9232815 10.732371 239010 1200
1290525505 4086592 59.923289 10.732378 223232 1001
1290525507 4087606 59.923304 10.732392 211866 1014
1290525508 4088612 59.923304 10.732392 189633 1006
1290525509 4089613 59.923361 10.732285 159876 1001
1290525510 4090621 59.92338 10.732148 178010 1008
1290525511 4091632 59.923391 10.732025 176704 1011
1290525512 4092681 59.923375 10.731913 163590 1049
1290525513 4093701 59.923362 10.731819 158759 1020
1290525514 4094751 59.923345 10.731724 197603 1050
1290525515 4095781 59.923339 10.731651 195887 1030
1290525516 4096852 59.923321 10.731574 189777 1071
1290525517 4097911 59.923305 10.731514 181639 1059
1290525518 4098912 59.923294 10.731441 132507 1001
1290525519 4100011 59.923279 10.731381 182331 1099
1290525520 4101121 59.923259 10.731231 207173 1110
1290525521 4102131 59.923258 10.73114 203382 1010
1290525522 4103281 59.923258 10.73114 136119 1150
1290525523 4104291 59.923248 10.731019 160288 1010
1290525524 4105292 59.923238 10.730898 176106 1001
1290525525 4106470 59.923238 10.730898 149343 1178
1290525526 4107641 59.92324525 10.73085575 123779 1171
1290525527 4108642 59.9232525 10.7308135 152266 1001
1290525529 4109691 59.923267 10.730729 141317 1049
1290525530 4110721 59.923302 10.730704 156059 1030
1290525531 4111742 59.923349 10.73072 201915 1021
1290525532 4112860 59.92341 10.730723 164659 1118
1290525533 4113862 59.923484 10.73075 192364 1002
1290525534 4114950 59.923558 10.730794 94662 1088
1290525535 4116031 59.923694 10.730858 138272 1081
1290525536 4117050 59.923755 10.73086 120501 1019
1290525537 4118290 59.923755 10.73086 69651 1240
1290525538 4119455 59.923755 10.73086 15048 1165
1290525539 4120500 59.923981 10.730881 133291 1045
1290525541 4121603 59.924056 10.730907 165301 1103
1290525542 4122710 59.924127 10.730931 184925 1107
1290525543 4123911 59.924212 10.73094 253182 1201
1290525544 4124920 59.924212 10.73094 180851 1009
1290525545 4125930 59.924369 10.73092 160989 1010
1290525546 4126931 59.924441 10.730925 196207 1001
1290525547 4128071 59.9245715 10.7309035 182177 1140
1290525548 4129080 59.924702 10.730882 196996 1009
1290525549 4130200 59.924702 10.730882 131703 1120
1290525550 4131231 59.92479 10.730856 148744 1031
1290525551 4132360 59.924955 10.730783 156775 1129
1290525552 4133370 59.924955 10.730783 171774 1010
1290525553 4134371 59.925107 10.730777 151527 1001
1290525554 4135380 59.925173 10.730762 171152 1009
1290525555 4136390 59.925173 10.730762 114953 1010
1290525556 4137400 59.925273 10.730753 107776 1010
1290525557 4138440 59.925323 10.730749 100431 1040
1290525559 4139570 59.925372 10.730762 112541 1130
1290525560 4140580 59.925413 10.730772 96645 1010
1290525561 4141620 59.925466 10.730786 64180 1040
1290525562 4142701 59.925466 10.730786 26617 1081
1290525563 4143710 59.925564 10.730795 112544 1009
1290525564 4144720 59.925613 10.730808 80228 1010
1290525565 4145730 59.925651 10.730801 82938 1010
1290525566 4146740 59.925699 10.730814 68532 1010
1290525567 4147750 59.925741 10.730806 38748 1010
1290525568 4148762 59.925785 10.73082 38714 1012
1290525569 4149801 59.925822 10.73083 51131 1039
1290525570 4150840 59.925863 10.73084 49916 1039
1290525571 4151860 59.925887 10.730846 63030 1020
1290525572 4152870 59.925922 10.730874 70123 1010
1290525573 4153900 59.925945 10.730898 54856 1030
1290525574 4154920 59.925963 10.730922 48975 1020
1290525575 4156020 59.925994 10.731002 54624 1100
1290525576 4157030 59.925994 10.731002 64304 1010
1290525577 4158031 59.926006 10.731058 53489 1001
1290525578 4159059 59.926023 10.7311 53352 1028
1290525579 4160060 59.926043 10.73116 45958 1001
1290525580 4161061 59.926051 10.731216 75670 1001
1290525581 4162080 59.926051 10.731268 75649 1019
1290525582 4163090 59.926051 10.731268 37540 1010
1290525583 4164120 59.926048 10.731304 48300 1030
1290525584 4165130 59.926039 10.731318 91418 1010
1290525585 4166155 59.926039 10.731318 137857 1025
1290525586 4167259 59.926011 10.731308 117720 1104
1290525587 4168270 59.926001 10.731287 105830 1011
1290525588 4169271 59.926001 10.731287 146109 1001
1290525589 4170442 59.925978 10.731224 154058 1171
1290525590 4171482 59.925959 10.7312 156171 1040
1290525591 4172490 59.925959 10.7312 171336 1008
1290525592 4173501 59.925921 10.731169 146411 1011
1290525593 4174509 59.925915 10.731148 97312 1008
1290525594 4175530 59.925915 10.731148 79100 1021
1290525596 4176610 59.925898 10.731106 134193 1080
1290525597 4177739 59.925898 10.731106 152934 1129
1290525598 4178740 59.9259 10.731089 137048 1001
1290525599 4179744 59.925898 10.731106 118440 1004
1290525600 4180956 59.925898 10.731106 148167 1212
1290525601 4181980 59.925895 10.731142 119845 1024
1290525602 4183000 59.925894 10.731159 112644 1020
1290525603 4184001 59.925901 10.731162 150830 1001
1290525604 4185002 59.925894 10.731159 154584 1001
1290525605 4186010 59.925895 10.731142 130928 1008
1290525606 4187019 59.925895 10.731142 106024 1009
1290525607 4188039 59.925895 10.731142 72428 1020
1290525608 4189049 59.925876 10.731135 68903 1010
1290525609 4190210 59.925865 10.731114 110865 1161
1290525610 4191219 59.925847 10.73109 146359 1009
1290525611 4192329 59.925845 10.731016 98587 1110
1290525612 4193400 59.925845 10.731016 117876 1071
1290525613 4194419 59.925861 10.730967 100260 1019
1290525614 4195421 59.925876 10.730935 82810 1002
1290525615 4196430 59.925876 10.730935 96767 1009
1290525616 4197460 59.925926 10.730916 86468 1030
1290525617 4198489 59.925947 10.730906 73872 1029
1290525618 4199519 59.925947 10.730906 37479 1030
1290525620 4200629 59.926033 10.730953 31106 1110
1290525621 4201639 59.926068 10.730966 129160 1009
1290525622 4202689 59.926094 10.730994 116192 1050
1290525623 4203690 59.926133 10.731007 152251 1001
1290525624 4204889 59.926167 10.731038 164769 1199
1290525625 4206099 59.926234 10.731061 164562 1210
1290525626 4207230 59.926278 10.731075 197121 1131
1290525627 4208239 59.926278 10.731075 175279 1009
1290525628 4209279 59.926383 10.731143 155103 1040
1290525629 4210281 59.92644 10.731181 184860 1002
1290525630 4211299 59.92644 10.731181 126803 1018
1290525631 4212309 59.926547 10.731232 140935 1010
1290525632 4213310 59.926597 10.731266 151779 1001
1290525633 4214469 59.926597 10.731266 145576 1159
1290525634 4215479 59.926703 10.731317 144655 1010
1290525635 4216489 59.926766 10.731354 109301 1010
1290525637 4217619 59.926831 10.731409 175642 1130
1290525638 4218739 59.926904 10.731468 177005 1120
1290525639 4219749 59.926982 10.731526 98539 1010
1290525640 4220769 59.926982 10.731526 61356 1020
1290525641 4221819 59.92714 10.731646 74962 1050
1290525642 4222859 59.927213 10.731705 111431 1040
1290525643 4223869 59.927298 10.731805 110595 1010
1290525644 4224972 59.927382 10.731885 16416 1103
1290525645 4225979 59.927461 10.731964 174407 1007
1290525646 4226980 59.927542 10.732026 169418 1001
1290525647 4227989 59.927622 10.732087 209883 1009
1290525648 4228990 59.927703 10.732149 166908 1001
1290525649 4230089 59.927857 10.732269 172285 1099
1290525650 4231259 59.927918 10.732325 202353 1170
1290525651 4232429 59.927918 10.732325 194869 1170
1290525652 4233430 59.928064 10.732427 203503 1001
1290525653 4234449 59.928127 10.732447 172389 1019
1290525655 4235539 59.928193 10.73245 212954 1090
1290525656 4236540 59.928256 10.73247 212521 1001
1290525657 4237552 59.928328 10.732493 120149 1012
1290525658 4238609 59.92839 10.73253 140891 1057
1290525659 4239619 59.928459 10.732589 164377 1010
1290525660 4240621 59.928527 10.732647 159102 1002
1290525661 4241629 59.928527 10.732647 134353 1008
1290525662 4242639 59.92866 10.732726 107102 1010
1290525663 4243671 59.928729 10.732767 64109 1032
1290525664 4244679 59.928729 10.732767 74950 1008
1290525665 4245819 59.928868 10.732866 161261 1140
1290525666 4246959 59.928942 10.732907 216746 1140
1290525667 4248159 59.929075 10.732985 211683 1200
1290525668 4249161 59.929133 10.733023 209717 1002
1290525669 4250289 59.929133 10.733023 168056 1128
1290525670 4251299 59.929263 10.733119 203510 1010
1290525672 4252839 59.929321 10.733156 136544 1540
1290525673 4253841 59.929321 10.733156 102891 1002
1290525674 4254849 59.929414 10.733169 114697 1008
1290525675 4255859 59.929447 10.733161 177511 1010
1290525676 4256889 59.929482 10.733136 140001 1030
1290525677 4257898 59.929502 10.733143 184239 1009
1290525678 4258899 59.929518 10.733146 194007 1001
1290525679 4259900 59.929525 10.733167 204875 1001
1290525680 4260909 59.929535 10.733188 200968 1009
1290525681 4262008 59.929541 10.733209 203852 1099
1290525682 4263118 59.929551 10.733247 193757 1110
1290525683 4264122 59.929552 10.733268 193284 1004
1290525684 4265289 59.929552 10.733268 168014 1167
1290525685 4266298 59.929572 10.733261 195712 1009
1290525686 4267439 59.929578 10.733267 186521 1141
1290525688 4268638 59.929575 10.73325 197189 1199
1290525689 4269639 59.929568 10.733232 172668 1001
1290525690 4270648 59.929571 10.733235 137000 1009
1290525691 4271729 59.929574 10.733239 157760 1081
1290525692 4272919 59.929585 10.733245 181304 1190
1290525693 4274078 59.929591 10.733266 208647 1159
1290525694 4275080 59.929602 10.733273 229347 1002
1290525695 4276089 59.9296 10.733276 138422 1009
1290525696 4277240 59.9296 10.733276 194075 1151
1290525697 4278241 59.929599 10.73328 199355 1001
1290525698 4279320 59.929607 10.733283 152455 1079
1290525699 4280328 59.929607 10.733283 154991 1008
1290525700 4281338 59.929619 10.733272 92501 1010
1290525701 4282340 59.929616 10.733254 103396 1002
1290525702 4283348 59.929616 10.733254 131454 1008
1290525703 4284418 59.929636 10.733208 67672 1070
1290525704 4285428 59.929652 10.733198 166961 1010
1290525705 4286429 59.929652 10.733198 171001 1001
1290525707 4287618 59.929724 10.733259 169516 1189
1290525708 4288808 59.929768 10.733311 205496 1190
1290525709 4289809 59.929825 10.733366 199943 1001
1290525710 4290818 59.929881 10.733421 150564 1009
1290525711 4291918 59.929945 10.73348 128146 1100
1290525712 4293049 59.930065 10.733555 180735 1131
1290525713 4294058 59.930117 10.733572 186682 1009
1290525714 4295059 59.930117 10.733572 162530 1001
1290525715 4296068 59.930179 10.733609 119970 1009
1290525716 4297069 59.93029 10.733646 161474 1001
1290525717 4298088 59.93029 10.733646 154867 1019
1290525718 4299098 59.93034 10.73368 166019 1010
1290525719 4300298 59.9304223333333 10.7337243333333 188516 1200
1290525720 4301318 59.9305046666667 10.7337686666667 180580 1020
1290525721 4302418 59.930587 10.733813 182551 1100
1290525723 4303553 59.930669 10.733857 193140 1135
1290525724 4304558 59.930669 10.733857 161578 1005
1290525725 4305748 59.930798 10.733918 142038 1190
1290525726 4306838 59.930862 10.733938 136440 1090
1290525727 4307878 59.930932 10.733979 145220 1040
1290525728 4308888 59.931003 10.734002 135008 1010
1290525729 4309897 59.931067 10.734022 164303 1009
1290525730 4310898 59.93114 10.734028 117199 1001
1290525731 4311928 59.93121 10.734069 121395 1030
1290525732 4312947 59.931281 10.734092 123557 1019
1290525733 4313958 59.931281 10.734092 116450 1011
1290525734 4315008 59.931494 10.734218 70233 1050
1290525735 4316018 59.931494 10.734218 74071 1009
1290525736 4317038 59.931494 10.734218 61560 1020
1290525737 4318047 59.93164 10.734321 52030 1009
1290525738 4319057 59.931698 10.734358 55797 1010
1290525739 4320058 59.931698 10.734358 76608 1001
1290525740 4321088 59.931827 10.734419 86402 1030
1290525741 4322098 59.93188 10.734418 88874 1010
1290525742 4323118 59.93194 10.734438 83027 1020
1290525743 4324217 59.932036 10.734506 58372 1099
1290525744 4325237 59.932036 10.734506 71136 1020
1290525745 4326238 59.932078 10.734537 51124 1001
1290525746 4327258 59.932128 10.734572 68400 1020
1290525747 4328277 59.932168 10.734585 45922 1019
1290525748 4329307 59.932212 10.734598 57515 1030
1290525749 4330316 59.932283 10.734622 54969 1009
1290525750 4331387 59.932283 10.734622 73321 1071
1290525751 4332397 59.932367 10.734648 93539 1009
1290525752 4333427 59.932394 10.734658 41835 1030
1290525753 4334448 59.932394 10.734658 57494 1021
1290525754 4335457 59.932458 10.734678 78453 1009
1290525755 4336468 59.932497 10.734692 91091 1011
1290525756 4337477 59.932497 10.734692 114444 1009
1290525757 4338478 59.932548 10.734726 70758 1001
1290525758 4339488 59.932567 10.734732 93478 1010
1290525759 4340497 59.932567 10.734732 92651 1009
1290525760 4341507 59.932587 10.734753 108447 1010
1290525761 4342508 59.932586 10.734771 106646 1001
1290525763 4343687 59.932581 10.734771 138130 1179
1290525764 4344697 59.932574 10.734768 113269 1010
1290525765 4345777 59.932568 10.734785 81876 1080
1290525766 4346788 59.932568 10.734785 106425 1011
1290525767 4347797 59.932562 10.734788 82410 1009
1290525768 4348807 59.932557 10.734788 84752 1010
1290525769 4349877 59.932553 10.734788 89061 1070
1290525770 4350914 59.932547 10.734806 65351 1037
1290525771 4351917 59.932547 10.734806 95305 1003
1290525772 4352947 59.932544 10.734788 78626 1030
1290525773 4353948 59.932542 10.734806 68099 1001
1290525774 4354957 59.932538 10.734806 86680 1009
1290525775 4356037 59.93253 10.734803 80406 1080
1290525776 4357218 59.932521 10.734817 142138 1181
1290525777 4358227 59.932521 10.734817 118491 1009
1290525778 4359327 59.932509 10.734828 125637 1100
1290525779 4360337 59.932504 10.734842 103622 1010
1290525780 4361341 59.932504 10.734842 97078 1004
1290525781 4362347 59.932495 10.734871 92924 1006
1290525782 4363357 59.932488 10.734867 124511 1010
1290525783 4364517 59.932488 10.734867 105402 1160
1290525784 4365527 59.932471 10.734892 124175 1010
1290525786 4366537 59.932468 10.734889 92245 1010
1290525787 4367551 59.932468 10.734889 87533 1014
1290525788 4368577 59.93246 10.7349 80655 1026
1290525789 4369587 59.932451 10.734928 48148 1010
1290525790 4370596 59.932451 10.734928 54954 1009
1290525791 4371607 59.932467 10.734946 45224 1011
1290525792 4372637 59.932487 10.734967 45144 1030
1290525793 4373657 59.932487 10.734967 25799 1020
1290525794 4374687 59.932523 10.734977 38304 1030
1290525795 4375727 59.932601 10.734997 27232 1040
1290525796 4376757 59.932657 10.735014 44966 1030
1290525797 4377767 59.932704 10.735044 51984 1010
1290525798 4378796 59.932764 10.735061 35197 1029
1290525799 4379807 59.932764 10.735061 27360 1011
1290525800 4380907 59.932877 10.735109 10444 1100
1290525801 4381977 59.932947 10.735164 19152 1070
1290525802 4383168 59.932947 10.735164 13680 1191
1290525808 4388616 59.933107 10.735225 28592 5448
1290525809 4389627 59.933177 10.73528 50616 1011
1290525810 4390637 59.933241 10.735314 38325 1010
1290525824 4405004 59.933373 10.735421 28310 14367
1290525825 4406231 59.933499 10.735545 106929 1227
1290525826 4407242 59.933633 10.735621 133203 1011
1290525828 4408561 59.933707 10.735623 21888 1319
1290525829 4409672 59.933773 10.735569 30474 1111
1290525830 4410762 59.933975 10.735321 114512 1090
1290525831 4411821 59.934114 10.735129 113959 1059
1290525832 4412891 59.934187 10.735043 118433 1070
1290525833 4413892 59.934386 10.734763 103973 1001
1290525834 4415083 59.934511 10.734585 142557 1191
1290525837 4417571 59.934633 10.734443 131384 2488
1290525838 4418572 59.934768 10.734304 86422 1001
1290525839 4419581 59.934882 10.734158 115895 1009
1290525840 4420591 59.934944 10.734104 71572 1010
1290525841 4421601 59.935113 10.733902 112487 1010
1290525843 4423921 59.935164 10.733827 46729 2320
1290525844 4424922 59.935267 10.733678 129549 1001
1290525845 4425923 59.935354 10.733561 114430 1001
1290525846 4426931 59.935427 10.733461 115669 1008
1290525847 4428071 59.935483 10.733372 151144 1140
1290525848 4429201 59.935549 10.733266 134096 1129
1290525849 4430261 59.935597 10.733174 118807 1060
1290525850 4431321 59.935651 10.733064 142267 1060
1290525851 4432451 59.935716 10.732975 138426 1130
1290525852 4433492 59.935716 10.732975 103692 1041
1290525853 4434502 59.935775 10.732866 126075 1010
1290525855 4435611 59.935811 10.732823 121572 1109
1290525856 4436671 59.935843 10.732794 126914 1060
1290525857 4437691 59.93588 10.732734 115793 1020
1290525858 4438701 59.935909 10.732688 117976 1010
1290525859 4439731 59.935909 10.732688 105216 1030
1290525860 4440741 59.935981 10.732603 98418 1010
1290525861 4441882 59.93601 10.732557 128073 1140
1290525862 4442892 59.93601 10.732557 136795 1010
1290525863 4443901 59.936066 10.732468 103893 1009
1290525864 4444911 59.936098 10.732425 137658 1010
1290525865 4445931 59.936098 10.732425 56303 1020
1290525866 4446971 59.936125 10.732382 52538 1040
1290525867 4448191 59.936128 10.732386 63001 1220
1290525868 4449201 59.936128 10.732386 72564 1010
1290525869 4450220 59.936132 10.732371 61318 1019
1290525870 4451221 59.936132 10.732371 64976 1001
1290525871 4452231 59.93614 10.732375 70083 1010
1290525872 4453251 59.936136 10.732375 69927 1020
1290525873 4454451 59.936136 10.732375 53171 1200
1290525875 4455571 59.936142 10.732357 66891 1120
1290525876 4456591 59.936142 10.732357 71184 1020
1290525877 4457621 59.936142 10.732357 81195 1030
1290525878 4458631 59.936142 10.732357 70353 1010
1290525879 4459641 59.936137 10.732357 83336 1010
1290525880 4460660 59.936137 10.732357 73560 1019
1290525881 4461670 59.936134 10.73234 55576 1010
1290525882 4462711 59.936134 10.73234 60346 1041
1290525883 4463720 59.93613 10.73234 68395 1009
1290525884 4464721 59.93613 10.73234 70988 1001
1290525885 4465740 59.93613 10.73234 73646 1019
1290525886 4466750 59.93613 10.73234 66873 1010
1290525887 4467791 59.936125 10.73234 55954 1041
1290525888 4468810 59.936116 10.732354 53352 1019
1290525889 4469820 59.936116 10.732354 34535 1010
1290525890 4471030 59.936111 10.732354 53259 1210
1290525891 4472050 59.936111 10.732354 53352 1019
1290525892 4473060 59.936116 10.732354 47541 1010
1290525893 4474080 59.936131 10.732336 56014 1020
1290525894 4475110 59.936131 10.732336 65404 1030
1290525895 4476120 59.936146 10.732304 75433 1010
1290525896 4477121 59.936188 10.732244 84578 1001
1290525897 4478160 59.936188 10.732244 43776 1039
1290525898 4479300 59.936221 10.732198 81062 1140
1290525899 4480310 59.93625 10.732152 72504 1010
1290525900 4481320 59.93629 10.732109 62407 1010
1290525901 4482390 59.936325 10.732046 59420 1070
1290525902 4483410 59.936375 10.731989 53352 1020
1290525903 4484442 59.936418 10.731911 50491 1032
1290525904 4485450 59.936535 10.731748 31292 1008
1290525905 4486530 59.936586 10.731673 21888 1080
1290525907 4487620 59.936586 10.731673 21888 1090
1290525908 4488650 59.936637 10.731598 23256 1030
1290525909 4489770 59.936744 10.731449 13937 1120
1290525910 4490810 59.936744 10.731449 12312 1040
1290525911 4491830 59.936795 10.731375 46512 1020
1290525912 4492880 59.936902 10.731211 27428 1050
1290525913 4493930 59.936902 10.731211 39672 1050
1290525914 4495120 59.937038 10.731055 34252 1190
1290525915 4496170 59.937112 10.73099 41040 1050
1290525916 4497181 59.937112 10.73099 39502 1011
1290525917 4498200 59.937185 10.730905 56088 1019
1290525918 4499210 59.937334 10.730772 47322 1010
1290525919 4500230 59.937405 10.730704 43256 1020
1290525920 4501250 59.937471 10.730654 57456 1020
1290525921 4502270 59.937546 10.730625 43024 1020
1290525922 4503290 59.937546 10.730625 62928 1020
1290525923 4504300 59.937684 10.730542 39756 1010
1290525924 4505321 59.937761 10.730495 39672 1021
1290525925 4506360 59.937845 10.730469 22744 1039
1290525927 4507840 59.937922 10.730422 9576 1480
1290525928 4508900 59.938007 10.730378 84991 1060
1290525929 4509910 59.93809 10.730352 79344 1010
1290525930 4510959 59.938261 10.7303 78169 1049
1290525931 4511969 59.938261 10.7303 84494 1010
1290525932 4513030 59.938441 10.730248 33209 1061
1290525933 4514150 59.938529 10.730221 23256 1120
1290525934 4515170 59.938529 10.730221 63645 1020
1290525935 4516180 59.938694 10.730163 50223 1010
1290525936 4517242 59.938773 10.730151 28725 1062
1290525937 4518269 59.938773 10.730151 10702 1027
1290525938 4519280 59.938856 10.730139 50616 1011
1290525939 4520320 59.939011 10.730112 45370 1040
1290525940 4521340 59.939082 10.730097 42405 1020
1290525941 4522350 59.939153 10.730082 51984 1010
1290525942 4523380 59.939224 10.730066 43404 1030
1290525943 4524420 59.939341 10.730047 43134 1040
1290525945 4525600 59.939399 10.730046 50210 1180
1290525946 4526619 59.939399 10.730046 42408 1019
1290525947 4527620 59.939503 10.730023 41035 1001
1290525948 4528709 59.93955 10.730002 47880 1089
1290525949 4529719 59.93955 10.730002 25820 1010
1290525950 4530819 59.939629 10.72999 45225 1100
1290525951 4532079 59.939662 10.729982 60783 1260
1290525952 4533080 59.939662 10.729982 64296 1001
1290525953 4534099 59.939729 10.729967 49813 1019
1290525954 4535110 59.939762 10.729959 53803 1011
1290525955 4536129 59.939794 10.729931 55563 1019
1290525956 4537159 59.939861 10.729916 63404 1030
1290525957 4538169 59.939861 10.729916 55201 1010
1290525958 4539182 59.939894 10.729908 56838 1013
1290525959 4540229 59.939955 10.729911 58656 1046
1290525960 4541269 59.939955 10.729911 56655 1040
1290525961 4542310 59.939992 10.729889 58792 1041
1290525962 4543319 59.940055 10.729821 60386 1009
1290525963 4544329 59.940055 10.729821 58232 1010
1290525964 4545340 59.940085 10.729796 52357 1011
1290525965 4546370 59.940145 10.729707 59238 1030
1290525966 4547379 59.940145 10.729707 59965 1009
1290525967 4548489 59.940193 10.729615 65496 1110
1290525968 4549499 59.940213 10.729569 60788 1010
1290525969 4550509 59.940213 10.729569 64394 1010
1290525970 4551519 59.94026 10.729441 78503 1010
1290525972 4552540 59.940281 10.729378 83294 1021
1290525973 4553559 59.940281 10.729378 79709 1019
1290525974 4554569 59.940326 10.729268 67769 1010
1290525975 4555595 59.940342 10.729219 83143 1026
1290525976 4556769 59.940357 10.729187 73425 1174
1290525977 4557789 59.940366 10.729173 80522 1020
1290525978 4558799 59.940375 10.729158 81531 1010
1290525979 4559809 59.940375 10.729158 82258 1010
1290525980 4561000 59.940383 10.729162 79453 1191
1290525981 4562009 59.940383 10.729162 88121 1009
1290525982 4563030 59.940383 10.729162 88359 1021
1290525983 4564189 59.940374 10.729214 69561 1159
1290525984 4565229 59.940374 10.729214 82244 1040
1290525985 4566419 59.940347 10.729281 98225 1190
1290525986 4567429 59.940346 10.729299 104390 1010
1290525987 4568529 59.940346 10.729299 79717 1100
1290525989 4569539 59.940338 10.729334 89974 1010
1290525990 4570549 59.940325 10.729348 87520 1010
1290525991 4571552 59.940325 10.729348 59785 1003
1290525992 4572559 59.940317 10.729383 80867 1007
1290525993 4573809 59.940304 10.729398 71273 1250
1290525994 4574819 59.940304 10.729398 88044 1010
1290525995 4575829 59.940292 10.729394 85756 1010
1290525996 4576849 59.940296 10.72938 66519 1020
1290525997 4577889 59.940296 10.72938 27802 1040
1290525998 4578899 59.940313 10.729278 82631 1010
1290525999 4580108 59.940331 10.729211 80376 1209
1290526000 4581109 59.940356 10.729147 85427 1001
1290526001 4582119 59.940402 10.728982 88108 1010
1290526002 4583129 59.940402 10.728982 81134 1010
1290526003 4584159 59.940402 10.728982 88112 1030
1290526004 4585269 59.940488 10.728685 73929 1110
1290526005 4586279 59.940488 10.728685 85297 1010
1290526006 4587299 59.94053 10.728572 85323 1020
1290526007 4588309 59.940605 10.728346 85348 1010
1290526008 4589319 59.940605 10.728346 60093 1010
1290526009 4590379 59.940633 10.728247 57621 1060
1290526010 4591409 59.940714 10.728004 65189 1030
1290526011 4592428 59.940714 10.728004 62279 1019
1290526013 4593859 59.940795 10.72776 56609 1430
1290526014 4594879 59.940842 10.727647 63681 1020
1290526015 4595898 59.940876 10.727531 69715 1019
1290526016 4596919 59.940917 10.727435 75749 1021
1290526017 4597939 59.940951 10.727319 80265 1020
1290526018 4598949 59.940993 10.727206 84563 1010
1290526019 4599959 59.941032 10.727089 86950 1010
1290526020 4600969 59.941071 10.726973 85449 1010
1290526021 4601989 59.941119 10.726842 72591 1020
1290526022 4602999 59.941156 10.726743 81641 1010
1290526023 4604009 59.941198 10.72663 76945 1010
1290526024 4605020 59.941198 10.72663 82545 1011
1290526025 4606028 59.94129 10.726422 69648 1008
1290526026 4607029 59.941335 10.726326 67155 1001
1290526027 4608059 59.941386 10.726213 74252 1030
1290526028 4609068 59.941474 10.72604 70298 1009
1290526029 4610249 59.941474 10.72604 80832 1181
1290526030 4611299 59.941526 10.725965 78540 1050
1290526031 4612408 59.941615 10.725831 83168 1109
1290526032 4613429 59.941615 10.725831 82080 1021
1290526033 4614449 59.941686 10.72571 53575 1020
1290526034 4615468 59.94171 10.725664 72174 1019
1290526036 4616688 59.941735 10.725639 85106 1220
1290526037 4617708 59.94175 10.725607 66806 1020
1290526038 4618768 59.941769 10.725578 71304 1060
1290526039 4619788 59.941778 10.725564 69867 1020
1290526040 4620799 59.941779 10.725547 75047 1011
1290526041 4621818 59.941788 10.725532 76844 1019
1290526042 4622848 59.941794 10.725515 70616 1030
1290526043 4624018 59.94179 10.725515 75775 1170
1290526044 4625258 59.94179 10.725515 83210 1240
1290526045 4626418 59.941802 10.725518 78939 1160
1290526046 4627428 59.941802 10.725518 75240 1010
1290526047 4628438 59.941802 10.725518 60329 1010
1290526048 4629439 59.941794 10.725515 67173 1001
1290526049 4630449 59.941799 10.725515 70612 1010
1290526050 4631458 59.941799 10.725515 77768 1009
1290526051 4632468 59.941797 10.725532 88114 1010
1290526052 4633489 59.94179 10.725529 76076 1021
1290526053 4634498 59.94179 10.725529 63881 1009
1290526054 4635499 59.941794 10.725529 84857 1001
1290526056 4636658 59.941794 10.725529 75657 1159
1290526057 4637668 59.941794 10.725529 96728 1010
1290526058 4638678 59.941789 10.725543 99793 1010
1290526059 4639798 59.941794 10.725543 93948 1120
1290526060 4640799 59.941794 10.725543 115793 1001
1290526061 4641978 59.941804 10.725526 120098 1179
1290526062 4642988 59.941822 10.725511 142471 1010
1290526063 4643998 59.941843 10.725462 117625 1010
1290526064 4645008 59.941902 10.725352 106326 1010
1290526065 4646058 59.941902 10.725352 128671 1049
1290526066 4647088 59.941994 10.725196 145684 1030
1290526067 4648089 59.942039 10.725101 71212 1001
1290526068 4649098 59.942039 10.725101 72591 1009
1290526069 4650099 59.942076 10.725002 135031 1001
1290526070 4651238 59.94216 10.72479 75817 1139
1290526071 4652248 59.94216 10.72479 130843 1010
1290526072 4653258 59.942205 10.724695 84261 1010
1290526073 4654268 59.942309 10.724475 76754 1010
1290526074 4655278 59.942309 10.724475 108232 1010
1290526075 4656331 59.942417 10.724256 85733 1053
1290526077 4657538 59.942481 10.724132 124310 1207
1290526078 4658547 59.942481 10.724132 115061 1009
1290526079 4659708 59.942617 10.723866 80009 1161
1290526080 4660718 59.942691 10.723725 96564 1010
1290526081 4661748 59.942691 10.723725 102542 1030
1290526082 4662768 59.942841 10.723445 79954 1020
1290526083 4663778 59.942914 10.723321 66982 1010
1290526084 4664788 59.94298 10.723215 62085 1010
1290526085 4665808 59.943037 10.723123 66045 1020
1290526086 4666828 59.943069 10.723041 61490 1020
1290526087 4667868 59.943069 10.723041 38044 1040
1290526088 4669218 59.943116 10.722858 16506 1350
1290526089 4670227 59.943149 10.722759 65482 1009
1290526090 4671488 59.943178 10.72266 47581 1261
1290526091 4672498 59.943241 10.722445 97173 1010
1290526093 4673598 59.943278 10.722332 89151 1100
1290526094 4674599 59.94332 10.722219 106315 1001
1290526095 4675618 59.943361 10.722124 73113 1019
1290526096 4676628 59.943361 10.722124 109175 1010
1290526097 4677648 59.943454 10.721936 77053 1019
1290526098 4678658 59.943502 10.721844 106896 1010
1290526099 4679659 59.943502 10.721844 106626 1001
1290526100 4680709 59.943594 10.721674 85671 1050
1290526101 4681711 59.943632 10.721613 80141 1002
1290526102 4682717 59.943632 10.721613 101942 1005
1290526103 4683727 59.943705 10.721458 78070 1010
1290526104 4684738 59.943735 10.721394 68845 1011
1290526105 4685739 59.943735 10.721394 81605 1001
1290526106 4686749 59.943797 10.721288 111474 1010
1290526107 4687757 59.943821 10.721241 79214 1008
1290526108 4688758 59.943821 10.721241 112279 1001
1290526109 4689768 59.943862 10.721146 106907 1010
1290526110 4690947 59.943875 10.721132 101079 1179
1290526111 4692047 59.943884 10.721118 116353 1100
1290526112 4693048 59.9438895294118 10.7211083529412 107917 1001
1290526113 4694137 59.9438950588235 10.7210987058824 93292 1089
1290526114 4695148 59.9439005882353 10.7210890588235 102614 1011
1290526115 4696157 59.9439061176471 10.7210794117647 107802 1009
1290526116 4697217 59.9439116470588 10.7210697647059 81548 1060
1290526117 4698237 59.9439171764706 10.7210601176471 103949 1020
1290526118 4699427 59.9439227058824 10.7210504705882 96378 1190
1290526119 4700428 59.9439282352941 10.7210408235294 77063 1001
1290526120 4701437 59.9439337647059 10.7210311764706 94848 1009
1290526121 4702627 59.9439392941176 10.7210215294118 84075 1190
1290526122 4703637 59.9439448235294 10.7210118823529 90908 1010
1290526123 4704638 59.9439503529412 10.7210022352941 90328 1001
1290526124 4705647 59.9439558823529 10.7209925882353 107528 1009
1290526125 4706657 59.9439614117647 10.7209829411765 96478 1010
1290526126 4707658 59.9439669411765 10.7209732941176 77443 1001
1290526128 4708688 59.943978 10.720954 72403 1030
1290526129 4709709 59.943978 10.720954 110429 1021
1290526130 4710747 59.943963 10.720986 76248 1038
1290526131 4711748 59.94396 10.721021 108232 1001
1290526132 4712937 59.9439688 10.7210314 101942 1189
1290526133 4713938 59.9439776 10.7210418 107012 1001
1290526134 4715057 59.9439864 10.7210522 91315 1119
1290526135 4716067 59.9439952 10.7210626 107864 1010
1290526136 4717297 59.944004 10.721073 97986 1230
1290526137 4718318 59.944004 10.721073 100301 1021
1290526138 4719319 59.94406 10.72096 75391 1001
1290526139 4720328 59.944087 10.720893 112917 1009
1290526140 4721338 59.944087 10.720893 72411 1010
1290526141 4722388 59.944141 10.720759 85715 1050
1290526142 4723397 59.944173 10.720674 118155 1009
1290526143 4724467 59.944173 10.720674 92834 1070
1290526144 4725478 59.944221 10.720519 116260 1011
1290526146 4726627 59.944249 10.720435 108781 1149
1290526147 4727647 59.944249 10.720435 132237 1020
1290526148 4728657 59.944289 10.720224 114224 1010
1290526149 4729677 59.94432 10.720104 104516 1020
1290526150 4730747 59.944353 10.719967 66695 1070
1290526151 4731748 59.944375 10.719809 69178 1001
1290526152 4732757 59.944405 10.719654 82362 1009
1290526153 4733758 59.944405 10.719654 88822 1001
1290526154 4734767 59.944453 10.719285 64522 1009
1290526155 4735787 59.94447 10.719088 77006 1020
1290526156 4736987 59.944482 10.718909 71282 1200
1290526157 4737999 59.944508 10.718607 67304 1012
1290526158 4739038 59.944508 10.718607 63838 1039
1290526159 4740047 59.944518 10.718498 76900 1009
1290526160 4741507 59.944539 10.718248 56004 1460
1290526161 4742518 59.944539 10.718248 92046 1010
1290526162 4743519 59.94454 10.718048 86611 1001
1290526164 4744537 59.944535 10.717957 61630 1018
1290526165 4745557 59.944535 10.717957 46302 1020
1290526166 4746717 59.944552 10.717746 57964 1160
1290526167 4748097 59.944574 10.717627 70879 1380
1290526168 4749126 59.944574 10.717627 67032 1029
1290526169 4750137 59.944638 10.71745 43319 1011
1290526170 4751146 59.944684 10.717375 46929 1009
1290526171 4752158 59.944717 10.717315 45147 1012
1290526172 4753182 59.944769 10.717279 54720 1024
1290526173 4754479 59.944825 10.717243 17838 1297
1290526174 4755496 59.944875 10.717224 69768 1017
1290526175 4756517 59.945005 10.717215 66026 1021
1290526176 4757527 59.945005 10.717215 62694 1010
1290526178 4758547 59.945109 10.717248 59584 1020
1290526179 4759656 59.945153 10.717261 68483 1109
1290526180 4760717 59.945197 10.717275 70898 1061
1290526181 4761728 59.945241 10.717288 64296 1011
1290526182 4762736 59.945285 10.717301 55760 1008
1290526183 4763757 59.945329 10.717315 37455 1021
1290526184 4764767 59.945371 10.717345 49322 1010
1290526185 4765776 59.945403 10.717355 42167 1009
1290526186 4766796 59.945403 10.717355 40076 1020
1290526187 4767967 59.94546 10.717411 66490 1171
1290526188 4769086 59.945487 10.71742 69284 1119
1290526189 4770106 59.945498 10.717441 58801 1020
1290526190 4771116 59.945516 10.717466 66687 1010
1290526191 4772117 59.945516 10.717466 69643 1001
1290526192 4773181 59.945516 10.717466 81091 1064
1290526193 4774187 59.94551 10.717483 82550 1006
1290526194 4775207 59.94551 10.717483 87469 1020
1290526195 4776436 59.945501 10.717497 99930 1229
1290526196 4777446 59.945498 10.717533 89626 1010
1290526197 4778447 59.945498 10.717533 66305 1001
1290526198 4779457 59.945494 10.717585 83858 1010
1290526200 4780607 59.945492 10.717603 22461 1150
1290526201 4781636 59.945485 10.7176 59897 1029
1290526202 4782656 59.945485 10.7176 67880 1020
1290526203 4783666 59.945483 10.717617 70675 1010
1290526204 4784906 59.945477 10.717596 94275 1240
1290526205 4785997 59.945469 10.71754 86014 1090
1290526206 4787196 59.945469 10.71754 87773 1199
1290526207 4788426 59.945465 10.717502 96638 1230
1290526208 4789436 59.9454828333333 10.7174791666667 91279 1010
1290526209 4790446 59.9455006666667 10.7174563333333 88360 1010
1290526210 4791466 59.9455185 10.7174335 67787 1020
1290526211 4792636 59.9455363333333 10.7174106666667 46877 1170
1290526212 4793656 59.9455541666667 10.7173878333333 62928 1020
1290526213 4794677 59.945572 10.717365 20393 1021
1290526214 4795896 59.9455898333333 10.7173421666667 72885 1219
1290526215 4796986 59.9456076666667 10.7173193333333 63970 1090
1290526216 4798006 59.9456255 10.7172965 50374 1019
1290526217 4799016 59.9456433333333 10.7172736666667 52141 1010
1290526219 4800027 59.945679 10.717228 46762 1011
1290526220 4801076 59.945778 10.717352 39672 1049
1290526221 4802096 59.945882 10.717477 32597 1020
1290526222 4803116 59.945976 10.717563 57240 1020
1290526223 4804195 59.946161 10.717735 68727 1079
1290526224 4805206 59.946161 10.717735 69185 1010
1290526225 4806216 59.946239 10.717817 72548 1010
1290526226 4807246 59.946383 10.717923 61399 1030
1290526227 4808256 59.946383 10.717923 72561 1010
1290526228 4809266 59.946461 10.717967 76485 1010
1290526229 4810456 59.946613 10.718077 75242 1190
1290526230 4811465 59.946613 10.718077 71143 1009
1290526232 4812676 59.946764 10.718165 93984 1211
1290526233 4813736 59.946836 10.718188 63186 1060
1290526234 4814906 59.946836 10.718188 30096 1170
1290526235 4815957 59.946983 10.718221 101390 1050
1290526236 4817076 59.947045 10.718206 134621 1119
1290526237 4818286 59.947103 10.718152 133841 1210
1290526238 4819305 59.94716 10.718098 28728 1019
1290526240 4820608 59.947205 10.718041 25960 1303
1290526241 4821637 59.947257 10.717967 68216 1029
1290526242 4822776 59.947342 10.717776 60007 1139
1290526243 4823785 59.947342 10.717776 65443 1009
1290526244 4824935 59.947408 10.717578 51297 1150
1290526245 4825959 59.947433 10.717476 71136 1024
1290526246 4826965 59.947433 10.717476 56003 1006
1290526247 4827966 59.947504 10.717278 61144 1001
1290526248 4829006 59.947535 10.717197 59271 1040
1290526249 4830026 59.947559 10.717112 41498 1020
1290526250 4831036 59.947577 10.717007 45022 1010
1290526251 4832045 59.947577 10.717007 67906 1009
1290526252 4833056 59.947573 10.716951 65790 1011
1290526253 4834065 59.947577 10.71686 68988 1009
1290526254 4835086 59.947577 10.71686 60192 1021
1290526255 4836095 59.947577 10.716821 38963 1009
1290526256 4837117 59.947578 10.716765 38304 1022
1290526257 4838335 59.947581 10.71673 56612 1218
1290526258 4839365 59.947578 10.716674 42408 1030
1290526259 4840375 59.947585 10.716547 22981 1010
1290526260 4841385 59.947585 10.716547 80865 1010
1290526261 4842396 59.947587 10.716421 66573 1011
1290526262 4843416 59.94758 10.716365 56889 1020
1290526263 4844425 59.94758 10.716365 73557 1009
1290526264 4845445 59.947582875 10.716291625 59302 1020
1290526265 4846456 59.94758575 10.71621825 56088 1011
1290526266 4847476 59.947588625 10.716144875 62920 1020
1290526267 4848485 59.9475915 10.7160715 62326 1009
1290526268 4849495 59.947594375 10.715998125 73990 1010
1290526269 4850525 59.94759725 10.71592475 32867 1030
1290526271 4851765 59.947603 10.715778 48304 1240
1290526272 4852985 59.947612 10.715673 75982 1220
1290526273 4854055 59.947619 10.715585 76794 1070
1290526274 4855416 59.947635 10.715483 31464 1361
1290526276 4856545 59.947642 10.715395 52638 1129
1290526277 4857546 59.94768 10.715243 99280 1001
1290526278 4858735 59.94770225 10.715169 57061 1189
1290526279 4860185 59.9477245 10.715095 68211 1450
1290526280 4861195 59.94774675 10.715021 65664 1010
1290526281 4862235 59.947769 10.714947 41693 1040
1290526282 4863245 59.947795 10.714883 45867 1010
1290526283 4864285 59.947816 10.714834 59897 1040
1290526284 4865295 59.947845 10.714787 40798 1009
1290526285 4866345 59.947864 10.714756 49140 1050
1290526286 4867380 59.947882 10.714741 45144 1035
1290526287 4868406 59.947888 10.714724 36945 1026
1290526288 4868969 59.947893 10.714724 19152 563
