1.01 1.82541782178
2.01 2.64999800995
3.02 0.97576119403
4.03 1.76001582591
5.15 1.38281428571
6.15 2.71851497006
7.16 2.19129365079
8.16 2.54964235764
9.16 2.35428571429
10.17 3.19207142857
11.27 2.43026118721
12.27 2.4403036963
13.28 1.61711000991
14.28 2.33257942058
15.29 1.85078295342
16.3 1.31111287129
17.31 1.32377029703
18.32 1.3516039604
19.45 1.28746902655
20.47 1.5708125
21.48 1.49266003976
22.49 1.35388514851
23.5 1.15987326733
24.53 1.43440776699
25.66 0.5260460177
26.67 1.61451089109
27.69 1.05877647059
28.71 1.05148235294
29.72 0.87744158416
30.72 2.02261738262
31.73 1.27238057483
32.73 1.79337462537
33.73 2.13485714286
34.74 1.60329365079
35.74 1.90235364635
36.75 1.39123885035
37.77 1.7231372549
38.77 1.82004395604
39.78 1.92417839445
40.79 1.39915247525
41.8 1.41893069307
42.81 1.95396241345
43.88 1.76360373832
44.88 2.4152007992
45.89 1.54932539683
46.9 2.08424182359
47.9 2.19626773227
49.1 2.53763333333
50.14 2.70516153846
51.14 2.99566033966
52.15 2.27547274529
53.15 2.27498901099
54.16 1.76478097126
55.16 2.05541658342
56.17 1.54759167493
57.17 1.87588822355
58.17 1.55055344655
59.26 1.42745270891
60.26 1.44316483516
61.76 0.97552501668
63.61 0.07088804759
64.62 4.2118019802
65.63 1.53356831683
66.64 1.45086732673
67.65 2.00811881188
68.82 1.66299487179
69.92 1.66793454545
70.92 1.90235364635
71.93 1.58211298315
72.93 1.54360839161
73.95 1.4592
74.97 1.32103631011
75.98 1.50478183613
76.99 1.57532472691
77.99 1.93515284715
79.11 1.28571735242
80.12 1.65949653122
81.17 1.12265142857
82.17 1.90235364635
83.18 1.75552824579
84.18 2.0174271556
85.19 1.47218381618
86.2 1.86373069307
87.2 1.64444796829
88.21 1.94608591409
89.22 1.59634851485
90.23 2.0371009901
91.24 1.67490693069
92.24 1.55302297702
93.25 2.00658077304
94.25 1.5718243513
95.26 2.25381386139
96.26 1.6686993007
97.27 1.66438057483
98.28 2.1649851632
99.29 1.92420218038
100.29 2.20847952048
101.3 1.6423468781
102.3 1.59768231768
103.31 1.76915758176
104.32 2.22130693069
105.32 1.79382217782
106.33 1.76696927651
107.34 1.81035247525
108.42 2.06761481481
109.43 2.13885714286
110.43 1.70790809191
111.44 2.13673736373
112.44 1.98204995005
113.48 1.92106923077
114.49 2.47297522299
115.49 2.12713686314
116.49 2.01404995005
117.5 2.01276511397
118.51 2.18012289395
119.51 2.0277886341
120.52 1.48595441031
121.53 0.71342433234
122.55 1.02029440628
123.56 1.33146587537
124.63 1.48667164179
125.63 1.3557002997
126.64 1.53562055336
127.65 1.31501886792
128.65 0.86853946054
129.77 1.82972142857
130.79 2.17168328446
131.8 1.50615292949
132.83 2.24775898931
133.83 2.05541658342
134.85 1.28752941176
135.85 1.62871528472
136.85 2.39434165834
137.86 1.47583333333
138.87 1.83122376238
139.89 1.23388235294
140.9 0.85863762376
141.94 1.20899135447
142.96 1.37606286837
143.97 0.71590108803
145.06 1.62058088235
146.21 1.37879652174
147.22 1.68561584158
148.23 2.23500990099
149.24 1.88771485149
150.37 1.37431504425
151.41 1.75651538462
152.41 2.18661338661
153.42 2.00745346535
154.42 1.64641758242
155.43 1.99771428571
156.5 1.54829906542
157.51 1.95041584158
158.51 2.06222931206
159.52 1.68651439921
160.72 2.06377276525
161.72 2.52553846154
162.72 1.93655144855
164.12 0.81782987848
165.13 1.20394846383
166.14 1.10523564356
167.39 0.66050318471
168.71 0.27484931507
172.12 0.79810026385
173.13 0.95353663366
174.19 0.9588
175.2 2.01542970297
176.22 1.05998431373
177.25 0.68067638484
178.3 0.40610466223
179.32 0.42608627451
180.33 0.59596039604
181.35 0.49355294118
182.36 0.43342574257
183.39 0.19125436893
184.42 0.19341359223
185.59 0.11183617747
186.63 2.1972536162
187.63 1.90399200799
188.63 1.77516083916
189.64 1.03933333333
190.64 1.38597402597
191.65 1.10652673267
192.66 1.21136967294
193.9 0.99336129032
194.95 1.09612178877
195.96 1.17295575221
196.97 0.73178443114
197.97 0.65318163673
199.01 0.77721305182
200.02 1.75885714286
201.02 1.98471128871
202.02 1.92441158841
203.04 1.63766371681
204.2 2.02071317829
205.2 2.24216583417
206.38 1.84856318914
207.5 2.3079463807
208.51 2.26591683168
209.51 2.98472727273
210.51 2.70157042957
211.53 2.66839292731
212.53 2.19754645355
213.54 2.13251038576
214.55 1.90306349206
215.56 2.39467722772
216.58 1.57254117647
217.6 2.26133333333
218.61 1.81569721116
219.62 1.65785346535
220.63 1.75373465347
221.63 1.72165434565
222.63 2.19754645355
223.63 1.85926873127
224.64 1.62886025768
225.66 1.85618823529
226.67 1.23536633663
227.68 1.30027722772
228.68 1.12610589411
229.74 0.64482264151
230.76 0.50428235294
231.77 1.25693465347
232.78 0.85478019802
233.8 0.75179587831
234.8 0.60902994012
235.82 0.41926915521
237.01 0.92642016807
238.01 1.83487138584
239.02 1.58469910626
240.04 0.78324705882
241.04 1.00928671329
242.31 0.77137903861
243.31 0.89651148851
244.33 1.18023529412
245.35 0.67744313725
248.24 0.04529094679
249.27 1.23119844358
250.33 0.28008341232
251.38 0.18689943074
310.32 0.00037137331
311.35 0.48687040619
312.37 0.25552894995
313.49 0.09788908766
314.73 0.80705425101
316.03 0.94679326187
317.13 0.94399272727
318.14 0.95316435644
319.33 1.00975986566
320.34 1.1096531219
321.36 0.78404705882
322.39 0.83908349515
323.41 0.64376470588
324.41 0.60336463536
325.42 1.40400396432
326.42 1.47055344655
327.43 1.85775222993
328.57 1.17602105263
329.62 1.65386108468
330.62 2.40048751249
331.63 2.10182755203
332.64 2.09484241824
333.64 1.71589210789
334.69 1.81979751671
335.75 2.15069802446
336.75 2.70026347305
337.76 2.35624603175
338.78 2.8114015748
339.78 2.17791425723
340.84 1.15634716981
343.64 0.15611982882
344.71 0.2920262418
345.72 1.55851881188
346.72 1.95567632368
347.74 2.16659470069
348.95 2.54357720892
350.3 2.21194074074
351.3 2.93514485514
352.31 2.92711287129
353.32 2.9882814668
354.32 3.13397205589
355.33 2.59004761905
356.33 2.46731337325
357.45 2.13275134168
358.57 2.13558608385
359.57 1.99941658342
360.58 1.9641031746
361.59 1.78049108911
362.71 1.93035
363.71 2.39434165834
364.72 1.90341386139
365.74 2.20168792934
366.75 1.53808316832
367.77 1.63247105005
368.78 1.31933596838
369.79 1.62695738355
370.8 0.84585346535
371.81 1.02938613861
372.82 1.00671810089
373.83 1.26452277228
374.86 1.66237974684
375.9 0.40428461538
377.08 0.22240135478
378.1 1.21242352941
379.11 0.73755401388
380.11 1.21938861139
381.12 0.90024975223
382.12 1.00584215784
383.12 1.48635364635
384.13 1.45319326065
385.17 0.52869565217
386.2 0.53126213592
387.22 0.43990588235
388.24 0.06437647059
389.24 0.48899100899
390.45 1.24957886045
391.46 1.91790891089
392.47 1.46611485149
393.48 1.88598811881
394.49 1.65261782178
395.68 1.57971812081
396.69 1.84731020813
397.7 1.88197032641
398.71 1.42425371655
399.71 1.72819180819
400.73 1.64549852507
401.74 1.18108514851
402.75 1.20562055336
403.77 1.18440078585
404.77 1.53285914086
405.77 0.81174825175
406.79 0.57804906771
407.82 0.65876504854
408.82 0.58137574553
409.84 0.57202366864
410.84 0.77392828685
411.88 0.64832276657
412.88 1.23543656344
413.89 1.48619047619
414.9 1.2639446093
415.92 1.55382745098
416.93 1.27269047619
418.07 0.85999648815
419.08 1.11496735905
420.09 0.8270019802
421.09 1.38096303696
422.1 1.42722222222
423.12 1.51136532811
424.13 1.48115758176
425.14 1.27126409496
426.14 1.31445354645
427.15 1.50615445545
428.16 0.98339742319
429.18 1.33044705882
430.19 1.35445544554
431.2 0.74485089463
432.21 1.44114059406
433.22 1.54517111771
434.23 1.10472150644
435.32 0.9423706422
436.37 1.34470095238
437.41 1.19963076923
438.43 0.40879215686
439.47 0.17889230769
440.69 0.13455737705
441.73 0.05261538462
443.95 0.00985945946
447.14 0.01715360502
450.4 0.04699877301
451.5 0.11938909091
452.63 0.06743661972
453.66 0.171
454.95 0.10977984496
455.95 0.34985814186
456.96 0.4616531219
458.21 0.4439168
459.21 0.67258341658
460.22 0.76496633663
461.23 0.71682376238
462.24 0.77227353816
463.24 1.11411788212
464.24 1.28352447552
465.24 1.30006387226
466.38 1.15624604569
467.38 1.90528671329
468.39 1.5636031746
469.51 1.52187142857
470.52 1.86953663366
471.52 1.96328471528
472.53 1.73877227723
473.53 1.67334265734
474.55 2.27240744368
475.56 1.54978217822
476.75 1.49418334735
477.77 1.22315294118
478.77 1.2604063745
479.84 1.1992945591
480.84 1.81488911089
481.85 0.67244400396
483.86 0.23400895077
484.88 1.80890891283
485.89 1.56197423191
487.06 1.35703247863
488.47 1.48003971631
489.48 1.94661386139
490.49 1.90272475248
491.5 1.89386350148
492.56 1.76998109641
493.64 1.62602222222
494.65 1.51835410485
495.67 1.49776470588
496.67 1.84768831169
497.68 1.53408919722
498.68 1.67275924076
499.71 1.05266472303
500.72 2.05877227723
501.73 1.4449029703
502.73 1.81488911089
503.8 1.52858372311
504.81 2.10211485149
505.82 1.22666930693
506.83 1.84205940594
507.84 1.31933465347
508.84 1.70555844156
509.85 1.17193260654
510.86 1.67952475248
511.87 1.34067326733
512.87 1.30480719281
513.87 1.33383416583
514.89 0.99566208251
515.89 1.06911488511
517.06 1.18339777588
518.21 1.27551304348
519.21 1.76008773679
520.23 1.70918664047
521.37 1.41793684211
522.37 1.5812027972
523.48 1.86174211001
524.48 1.84768831169
525.49 1.55521902874
526.5 1.54266005946
527.5 1.40455544456
528.66 1.69571699741
529.72 1.63481998115
530.82 1.55965059145
531.83 1.41900692384
532.83 1.35498602794
533.95 1.61138461538
534.97 1.96348235294
535.97 1.35303896104
536.98 1.20708730159
537.98 1.72742457542
538.98 1.42918681319
539.99 1.79199207136
540.99 1.78208991009
542.0 0.77875916749
543.05 0.53156571429
544.06 0.57485827552
545.07 0.82269436202
546.1 0.63751456311
547.42 0.1520242608
549.13 0.0448
550.17 1.84446923077
551.18 1.41527920792
552.18 1.94856343656
553.21 1.34141885326
554.22 1.70842772277
555.23 1.35962772277
556.23 1.20456231306
557.25 1.60263520157
558.25 2.31447752248
559.26 2.48982178218
560.27 2.05308225966
561.28 2.24915643564
562.28 3.1315333998
563.29 2.66556831683
564.3 2.57244356436
565.31 1.72985530228
566.31 2.776999001
567.32 2.37969230769
568.32 2.59678721279
569.32 2.94698602794
570.32 2.70074725275
571.32 2.73957684631
572.32 3.42018781219
573.33 2.22834851485
574.35 3.01339079334
575.36 2.2014047619
576.37 2.29715643564
577.38 1.40883665339
578.39 1.75537425743
579.4 1.57683960396
580.4 2.17568031968
581.42 0.95110500491
582.42 1.96207171315
583.42 1.92594605395
584.42 2.59113686314
585.51 2.31711294766
586.51 3.44104695305
587.52 3.26716352825
588.52 3.70821978022
589.53 3.21178571429
590.53 3.05797402597
591.54 3.9589296333
592.54 2.60622577423
593.54 2.46937062937
594.55 2.04933994054
595.55 2.14527744511
596.56 2.13161111111
597.56 2.05556843157
598.77 2.31912582781
599.77 2.73326673327
600.78 1.22064618434
601.79 1.02836795252
602.8 0.76933069307
603.83 0.60622740525
605.06 0.3556133225
606.08 0.64528109696
607.1 0.2365108055
608.1 0.28341035857
609.14 0.581003861
610.82 0.42953480071
611.84 1.07648627451
612.84 1.26570687936
613.85 1.08255014896
614.86 1.4303049505
615.86 0.93695904096
616.91 1.02104861773
617.92 0.87768712871
618.95 0.76501747573
620.06 0.10822342342
621.08 0.24677647059
622.81 0.11419826087
623.85 1.73951294343
624.85 1.73144111776
625.86 1.30037227723
626.87 1.76726409496
627.88 1.38216848365
628.93 1.43705904762
629.94 1.99648412698
630.94 2.0005034965
631.94 1.81637562438
632.95 1.74316039604
633.97 1.83458546169
634.97 1.76675149105
635.98 1.59272150644
636.98 1.76326073926
638.05 1.68181682243
639.06 1.80395604396
640.06 0.87775396825
641.08 0.37552941176
642.09 0.37924752475
643.39 0.11776787087
645.09 0.01294382022
646.09 1.22442063492
647.13 1.1156
648.15 1.07294117647
649.15 0.77806993007
650.17 0.94511481845
651.29 0.73529285714
652.3 0.58745129225
653.3 0.50091940299
654.31 0.60739742319
655.32 0.69730563798
656.33 0.59038561439
657.33 0.39130952381
658.38 0.35403996194
659.41 0.2358158668
660.44 0.30575722543
661.46 0.34352987267
662.47 0.53094653465
663.48 0.30623366337
664.57 0.36879266055
665.63 0.40265660377
666.69 0.18584150943
667.7 0.12718415842
683.77 0.00544816428
684.85 0.35888148148
685.94 0.56917431193
686.96 0.56865882353
687.98 0.82666666667
688.99 0.6011258672
689.99 0.81205194805
691.0 1.03387722772
692.1 1.08905454545
693.11 1.64428371628
694.12 1.33471119843
695.34 1.39020180476
696.35 1.10394455446
697.36 0.95353663366
698.46 0.37532363636
699.46 1.39687512488
700.61 0.83400522193
701.65 0.67347692308
702.66 0.09742433234
703.73 0.05492984097
704.74 0.32506930693
705.99 0.39652118305
707.45 0.56267032214
708.47 0.93437487733
709.48 0.26849108911
710.48 0.81341858142
711.49 0.7153617443
712.5 1.00588142292
713.53 0.82957434402
714.55 0.48627048371
715.55 1.02367395626
716.55 1.07281518482
717.56 1.32028514851
718.57 1.19827948464
719.64 1.3757682243
720.65 1.9801980198
721.65 2.65673526474
722.66 2.19011671612
723.71 2.0542993327
724.74 1.33618604651
725.75 1.7348971029
726.75 1.92123932473
727.75 1.98634965035
728.76 1.93306930693
729.76 1.90351248751
730.93 1.84574657534
731.94 2.74141782178
732.94 2.30524675325
733.99 1.97648854962
734.99 2.613002997
736.0 1.87925248509
737.01 2.28
738.02 1.90882376238
739.02 1.95245554446
740.02 2.35060939061
741.04 1.7241138371
742.05 2.05962413452
743.12 2.23283068288
744.12 2.09914885115
745.12 1.96847152847
746.13 2.27325272547
747.24 2.11130873087
748.25 1.93065609514
749.26 1.49392475248
750.3 1.82225454545
751.31 1.13216733068
752.33 0.54666405485
753.39 0.18496901408
754.4 0.446027833
755.41 0.47771428571
756.44 0.3046770428
757.46 0.25750588235
758.49 0.23173051011
759.51 0.3355727003
760.53 0.66516618076
761.54 0.65272365805
763.03 0.34958226998
764.05 0.75032321254
765.06 0.60598019802
766.07 0.9427009901
767.08 0.779567889
768.08 0.91837762238
769.1 0.4672
771.12 0.08668514851
772.17 1.47507047619
773.25 1.18042222222
774.28 1.97893023256
775.41 1.46495204263
776.41 1.85907692308
777.42 1.83816848365
778.43 1.2827009901
779.44 1.67052673267
780.44 1.71121678322
781.45 1.63901684836
782.62 1.72424978614
783.8 1.9209220339
784.9 1.84960873521
785.92 1.63666209598
787.0 1.79320111214
788.0 1.90970629371
789.2 1.83092666667
790.2 2.18661338661
791.21 1.65857680872
792.21 1.29528871129
793.35 1.53738488576
794.35 1.95701898102
795.35 1.54795604396
796.36 1.58061111111
797.36 1.90235364635
798.36 1.53658788481
799.37 1.41056095144
800.37 1.66182617383
801.38 1.59478019802
802.39 1.81134588702
803.4 1.31086844708
804.41 1.36664420218
805.58 1.10506575576
806.59 1.71203168317
807.62 1.92940254652
808.62 1.27937363726
809.63 1.83122376238
810.65 1.55261176471
811.66 1.91790891089
812.86 1.52049333333
813.87 1.7011960396
814.88 1.78208991009
815.89 1.5689892051
816.9 2.08044356436
817.91 1.47256237624
818.92 1.84768831169
819.92 1.4242061447
820.93 1.64701782178
821.94 1.24065742574
822.95 1.25693465347
823.96 1.02734920635
824.97 1.40863366337
825.97 0.91486913087
827.16 1.05064423886
828.17 1.01855049505
829.18 1.20726693227
830.19 1.51699009901
831.19 0.59255144855
832.2 1.76620990099
833.21 1.55411485149
834.22 1.64830860534
835.22 2.04895904096
836.22 2.5935984016
837.23 2.00495238095
838.35 1.82489365505
839.55 2.31105412157
840.93 2.39630724638
842.05 2.76461016949
843.13 2.58647636701
844.26 2.66031858407
845.26 3.10499100899
846.26 2.69861876248
847.27 3.29256007944
848.27 3.36461814556
849.36 2.13613983441
850.49 2.49401061947
851.5 2.67375667656
852.51 2.24831714569
853.51 2.72835164835
854.7 2.44309503785
855.7 1.92776023976
856.71 2.04045193261
857.71 2.02075524476
858.71 2.08269330669
859.73 1.92664047151
860.74 1.90026138614
861.74 2.06414385614
862.83 1.90963452709
864.0 1.95691623932
865.01 2.39467722772
866.02 1.63453716551
867.78 0.07443043725
868.79 4.89208712871
869.8 2.02906508876
870.82 1.78985615764
873.45 0.06516546215
874.45 5.24284515485
875.46 1.8528950495
876.47 1.5477740337
877.47 2.06634965035
878.48 1.55539009901
879.49 1.56780178394
880.49 2.07990447761
881.49 1.42620579421
882.65 1.68264365833
883.66 2.08044356436
884.86 1.76343333333
885.87 2.05877227723
886.88 1.73241188119
887.89 1.7536379822
888.9 1.62360356789
889.91 1.86373069307
890.91 1.41625548902
891.91 1.93515284715
892.92 1.60245544554
894.06 1.56191747147
895.07 2.11295049505
896.22 1.75259826087
897.22 1.81488911089
898.4 1.98929702128
899.4 2.613002997
900.41 1.70977425743
901.46 0.918085796
902.46 0.88557842158
903.48 1.70678669276
904.54 1.03245283019
905.57 0.80595348837
906.79 1.2038195242
907.8 1.11717740337
908.82 1.17277179236
909.83 1.45341526264
910.83 0.98261738262
911.84 1.13887016848
913.04 1.04432666667
914.04 1.60716083916
915.06 0.93398233562
916.06 1.47596403596
917.08 0.91463002944
918.09 1.14857821782
919.09 1.02770829171
920.13 0.63334615385
921.14 1.04125272547
922.24 0.69565090909
923.25 0.85601584158
924.26 0.98506824926
925.27 0.70772854291
926.27 1.27028571429
927.29 0.90288627451
928.7 0.09322332859
929.71 3.15598409543
930.71 1.05953246753
931.72 0.97557185332
932.78 0.76233521657
933.9 0.72499023957
934.92 0.68668235294
935.93 0.69348118812
936.94 0.62981386139
937.96 0.53647058824
938.98 0.31691764706
939.99 0.6067960396
941.02 0.51001165049
942.05 0.30347961165
943.07 0.24677647059
944.08 0.91173678963
945.09 1.39249206349
946.09 1.3580654113
947.23 1.0561122807
948.24 1.51854257426
949.47 1.3447804878
950.48 1.74951448551
951.48 1.36686620416
952.49 1.70361638362
953.49 1.38904261645
954.5 1.62413586414
955.5 1.78050793651
956.51 1.60272205737
957.52 1.49833366633
958.52 1.64520911794
959.53 1.69597621407
960.72 1.42108907563
961.92 1.38285333333
963.06 1.52052631579
964.2 1.60646315789
965.21 2.0371009901
966.21 1.53389010989
967.22 1.97404162537
968.22 1.25799000999
969.23 1.42087611497
970.24 1.34361980198
971.27 0.94480776699
972.28 1.14857821782
973.28 1.1925034965
974.29 0.95255500496
975.31 1.18023529412
976.33 0.87783613031
977.52 1.01915455305
978.52 1.24636963037
979.53 1.05397227723
980.54 1.27860594059
981.55 1.04623984143
982.56 1.17359446093
983.57 1.37284315684
984.74 0.97524617997
985.82 1.32175373134
987.2 1.16892173913
988.2 1.25818037661
989.21 1.26431968032
990.21 1.64865014866
991.22 1.26187412587
992.24 1.23134901961
993.24 1.45341526264
994.25 1.15766633367
995.25 1.70555844156
996.26 1.14845589693
997.43 1.10417094017
998.44 1.25569139466
999.45 1.15238057483
1000.74 0.93569183359
1001.75 0.82771684945
1007.1 0.10623259287
1008.15 0.48467809524
1009.15 0.98062737263
1010.18 1.47656365403
1011.36 1.48126779661
1012.37 1.94747722772
1013.57 1.29853333333
1014.58 1.11931881188
1015.59 0.86580439122
1016.63 1.2811221374
1017.64 1.41946930693
1018.65 0.9244990099
1019.66 1.13251343284
1020.83 0.83529531915
1021.85 1.28752941176
1022.87 0.74743529412
1023.87 1.24636963037
1024.88 1.34495143707
1025.9 1.20301176471
1026.91 1.57116831683
1027.91 1.12401198801
1028.92 1.50764717542
1029.92 1.13241958042
1030.94 1.43774117647
1031.95 1.17449355798
1033.02 1.42398501873
1034.03 1.7011960396
1035.04 1.22071612265
1036.2 1.38895862069
1037.44 1.53638064516
1038.45 1.92425346535
1039.45 1.91682717283
1040.46 2.12081665015
1041.47 2.0901407334
1042.47 1.97699100899
1043.48 1.92683679525
1044.49 2.038271556
1045.49 1.94177022977
1046.65 1.66150819672
1047.66 1.6321506442
1048.66 1.82582217782
1050.11 0.0903321847
1051.12 4.18682259663
1052.12 2.06634965035
1053.14 1.72031403337
1054.14 2.29594405594
1055.15 1.85707829534
1056.15 1.70626973027
1057.16 2.00857142857
1058.16 1.252
1059.17 1.78057142857
1060.19 1.26938823529
1061.21 1.15877647059
1062.22 0.58512475248
1063.25 0.34000776699
1064.26 0.33623785927
1065.63 0.2476379562
1066.68 0.26081982841
1067.7 0.11802352941
1068.75 0.10422857143
1069.76 0.27089108911
1070.79 0.38250873786
1071.85 0.20941886792
1072.87 0.24653476983
1073.89 0.28997841021
1074.92 0.56313786408
1075.94 0.55896470588
1076.97 0.27436893204
1078.0 0.4037592233
1079.02 0.53594515181
1080.03 0.69833894945
1081.04 0.66003168317
1082.1 0.58428652215
1083.12 0.77251764706
1084.13 0.76833992095
1085.14 0.52434920635
1086.18 0.52615384615
1087.2 0.38625882353
1088.23 0.31209329446
1089.25 0.28941038198
1090.25 0.31674251497
1091.41 0.45448873484
1092.43 0.25750588235
1093.45 0.39582404692
1094.46 0.65462562066
1095.47 0.69008316832
1096.75 0.22640625
1097.87 0.20538337802
1098.88 0.5489851632
1099.89 0.54284241824
1100.89 0.42651497006
1101.92 0.42246213592
1113.19 0.00291373802
1114.2 0.17889108911
1115.2 0.36079120879
1116.27 0.42840785781
1117.36 0.60657142857
1118.42 0.9675769594
1119.43 1.19936633663
1120.57 1.21225964912
1121.57 1.41903696304
1122.59 1.44483611384
1123.65 1.43504150943
1124.7 1.49403428571
1125.7 1.9552047952
1126.88 1.55105004241
1127.88 1.6995004995
1128.93 1.99910857143
1130.05 1.94623255814
1131.22 1.91822222222
1132.79 1.4613656051
1133.79 1.12610589411
1134.79 1.96591857001
1135.79 2.01361038961
1136.8 2.06664023786
1137.8 2.03123276723
1139.05 1.701664
1140.12 2.10242095416
1141.24 1.99932857143
1142.4 1.96919310345
1143.44 1.81455384615
1144.45 1.88184554455
1145.45 1.91328671329
1146.48 0.60444703596
1147.49 1.39641543027
1148.54 1.35604957102
1149.54 1.73835764236
1150.67 1.15437876106
1151.71 1.26398460058
1152.84 1.29726613616
1153.85 1.26902675917
1154.86 1.18045589693
1155.88 0.96564705882
1156.89 0.78735586481
1157.89 0.87538308458
1158.91 0.86717647059
1159.92 0.93273339941
1160.97 1.15081142857
1162.0 1.35334761441
1163.0 1.20361238761
1164.0 1.3884995005
1165.02 1.05647843137
1166.08 1.28898113208
1167.09 1.77528783383
1168.1 0.85812487611
1169.11 1.13774257426
1170.12 1.37749058474
1171.13 0.82967920792
1172.13 1.20263736264
1173.27 0.82482879719
1174.88 0.0813101737
1175.89 2.79292063492
1177.06 0.94784957265
1178.07 1.19192079208
1179.08 0.93934257426
1180.1 0.95491764706
1181.14 0.62193076923
1182.15 0.6393029703
1183.2 0.42789333333
1184.21 0.84769811321
1185.22 0.78865942744
1186.23 0.7403968254
1187.24 0.74765940594
1188.25 0.70255192878
1189.26 0.84601783944
1190.29 0.80837281553
1191.37 0.90388148148
1192.38 1.08356435644
1193.39 0.72167128713
1194.41 1.36263529412
1195.42 0.7742970297
1196.44 0.71347740668
1197.44 1.13590419162
1198.49 0.62527238095
1199.51 0.39698823529
1200.52 0.6067960396
1201.53 0.39988118812
1202.54 0.5412462908
1203.57 0.35097376093
1204.84 0.23707716535
1205.88 0.29464615385
1206.89 0.28172673267
1207.93 0.28412307692
1209.18 0.27014354067
1210.22 0.2736
1211.25 0.25500582524
1212.29 0.27333717579
1213.34 0.28141714286
1214.56 0.42118032787
1215.57 0.49843960396
1216.58 0.36902970297
1217.59 0.52011089109
1218.59 0.40222177822
1219.66 0.3220505145
1220.68 0.6118745098
1221.7 0.64186666667
1222.73 0.60106304559
1223.74 0.61098116947
1224.75 0.56205148515
1225.75 0.4993006993
1226.76 0.37695143707
1227.79 0.55197672163
1228.82 0.32197473275
1229.83 0.30551545364
1230.84 0.2123009901
1231.86 0.24677647059
1232.88 0.20385882353
1233.92 0.13863854267
1234.92 0.1635059761
1238.98 0.03227579414
1239.99 0.75421782178
1241.01 0.22553876349
1242.04 0.12553009709
1243.06 0.26823529412
1244.07 0.38831256182
1245.28 0.4161530782
1246.31 0.25475848691
1247.33 0.30626666667
1248.36 0.4037592233
1249.4 0.29004042348
1250.51 0.33777857786
1251.52 0.48589306931
1252.52 0.63488159204
1253.53 0.78470049751
1254.76 0.60811697807
1255.77 0.73246382557
1256.79 0.65602352941
1257.81 0.68556862745
1258.83 0.67741176471
1259.83 1.02871528472
1261.02 0.87914550042
1262.05 0.99426796117
1263.05 1.16983816184
1264.06 0.88179980178
1265.06 0.88816783217
1266.07 1.07764519326
1267.07 1.10939460539
1268.08 0.98180376611
1269.08 1.35434730539
1270.09 1.08960951437
1271.26 1.11310769231
1272.27 1.45238453915
1273.31 1.29136923077
1274.32 1.72116320475
1275.32 1.38625374625
1276.36 1.42215976901
1277.36 1.88953293413
1278.56 1.40465054212
1279.57 0.47203968254
1280.62 1.27220473934
1282.0 1.12513372093
1283.0 1.63996003996
1284.0 1.61809390609
1285.02 1.22068369352
1286.03 1.5758490566
1287.03 1.29622333001
1288.04 1.55878931751
1289.06 1.40693228656
1290.06 1.12316483516
1292.47 0.50426899128
1293.65 2.1146779661
1294.66 1.56033267327
1295.73 1.22488971963
1296.74 1.59126409496
1297.76 1.6416
1298.77 1.19845391477
1299.91 0.11447336245
1300.92 2.65821293532
1301.94 1.11738025415
1302.95 1.53085714286
1303.96 1.23866138614
1304.96 1.1917042957
1305.98 0.81812180747
1306.99 0.89935841584
1307.99 0.8677002997
1309.01 0.86802747792
1310.04 0.74304558681
1311.04 0.56585014985
1312.05 0.82514285714
1313.07 0.53660392157
1314.07 0.92454291417
1315.09 0.98660665362
1316.1 1.12453174603
1317.1 0.96624975025
1318.11 1.18733926805
1319.33 1.10324876442
1320.33 1.20903792415
1321.34 1.38166105055
1322.37 0.54365825243
1323.4 1.16477669903
1324.52 1.14677390527
1325.62 1.12619800182
1326.63 0.87768712871
1327.63 1.03065734266
1328.64 1.13667460317
1329.65 1.06868774704
1330.66 0.96436075322
1331.67 1.05915247525
1332.69 1.1910745098
1333.69 1.1643956044
1334.7 1.21738751239
1335.7 1.26556643357
1336.8 1.56879344859
1337.81 1.98292277228
1338.81 1.10703696304
1339.82 1.48584554455
1340.86 1.39956923077
1341.86 1.06167793241
1342.88 1.7609792695
1343.88 1.40527472527
1344.89 1.83303865213
1345.9 1.32457142857
1346.93 0.90805436893
1347.94 0.73609495549
1348.95 0.7809395441
1349.95 0.72014356929
1350.96 0.81267326733
1351.97 0.59596039604
1352.99 0.64376470588
1354.0 0.55154104847
1355.02 0.74178388998
1356.04 0.83689411765
1357.05 0.70598019802
1358.06 0.83792475248
1359.06 0.99858541459
1360.06 1.10364143426
1361.06 1.26823576424
1362.08 0.80138823529
1363.08 1.30034765235
1364.1 1.22991952895
1365.11 1.40987908821
1366.12 1.23751287129
1367.13 1.45375841584
1368.13 1.07414985015
1369.15 1.26036506379
1370.16 1.69203567889
1371.17 1.40863366337
1372.18 1.34493465347
1373.19 1.83122376238
1374.2 1.06322376238
1375.21 1.69036039604
1376.27 1.1455245283
1377.27 1.46503096903
1378.28 1.00345346535
1379.29 1.3124122894
1380.29 1.00295704296
1381.3 0.62909018831
1382.31 0.83434455446
1383.31 1.10362437562
1384.36 1.24864823642
1385.37 1.09548463826
1386.37 1.03056143856
1387.38 1.60526461843
1388.38 1.45600799201
1389.39 1.11223785927
1390.39 1.30804780876
1391.4 0.82843556444
1392.4 1.69708151093
1393.4 1.0164227318
1394.41 1.46281188119
1395.42 1.27878019802
1396.43 1.39693161546
1397.46 0.71189126214
1398.48 0.50428235294
1399.49 0.76084752475
1400.5 1.41988023952
1401.5 0.94840832507
1402.51 1.08237362637
1403.54 0.94265631068
1404.55 0.90467260138
1405.56 0.7547537092
1406.57 1.00771485149
1407.58 0.78948118812
1408.59 0.62605351833
1409.59 0.51931268731
1410.79 0.65368193172
1411.79 0.97771028971
1412.86 0.76043405051
1413.86 1.47571628372
1414.97 1.04335135135
1415.97 0.6544159204
1417.0 0.69650146915
1418.0 0.70571428571
1419.02 0.50460333007
1420.12 0.11970045662
1421.27 1.1625974026
1422.28 1.46356886228
1423.29 1.08313974232
1424.3 1.30504554455
1425.39 1.12042529789
1426.4 1.21856095144
1427.41 1.21042376238
1428.41 1.43120879121
1429.41 1.00961904762
1430.42 0.82350891089
1431.44 0.64293570722
1432.44 0.81347869177
1433.45 1.11891308691
1434.47 1.29034697856
1435.48 1.19478884462
1436.48 1.32325867195
1437.49 1.16098007968
1438.5 1.14361072493
1439.51 1.37612673267
1440.51 1.179004995
1441.53 1.53093621197
1442.55 0.97637647059
1443.58 0.32938252427
1444.6 1.23787866928
1445.61 0.88911701082
1446.63 1.07166765579
1447.63 0.89488206145
1448.64 1.54156243756
1449.64 1.34176412289
1450.65 1.57398019802
1451.69 1.53154607177
1452.69 2.11008191808
1453.7 1.46693861386
1454.71 1.35110406343
1455.71 1.01677522478
1456.88 0.7915771526
1457.91 0.48876116505
1458.91 0.69901796407
1459.92 0.608
1460.94 0.55658039216
1461.94 0.87203187251
1462.94 0.84184615385
1463.97 0.72396893204
1464.98 1.07476523477
1465.98 1.52766433566
1466.98 1.28394041708
1468.2 1.20160655738
1469.24 1.43333846154
1470.24 1.2602037962
1471.26 1.50987242395
1472.28 1.45810196078
1473.29 1.30674059406
1474.3 1.24006336634
1475.31 1.60367524752
1476.32 1.14495049505
1477.74 0.85526197183
1478.75 0.82350891089
1479.75 1.0622977023
1480.76 1.39918334985
1481.77 1.11448712871
1482.77 1.22806793207
1483.84 1.27336950421
1484.86 1.59506666667
1485.87 1.56737425743
1486.88 1.30607524752
1487.89 0.91019405941
1488.9 0.71582574257
1489.9 1.97888511489
1490.91 1.60182217782
1491.91 1.83995238095
1492.92 1.4927636004
1493.93 1.2573026973
1494.93 1.04491575818
1495.94 1.5756003996
1496.94 1.66541922696
1498.02 1.98618587361
1499.02 2.24127872128
1500.03 1.4545728444
1501.04 1.22564122894
1502.14 1.00965818182
1503.16 0.98710588235
1504.17 0.67180990099
1505.92 0.2312552827
1506.93 0.8041029703
1507.93 1.34476723277
1508.94 0.60957936508
1509.95 0.81267326733
1511.11 0.58051335056
1512.13 0.79475564279
1513.14 1.16746138614
1514.15 1.01562017804
1515.17 0.99783529412
1516.18 0.68644598612
1517.18 1.41036563437
1518.19 1.53161188119
1519.2 1.82568712871
1520.22 1.43980392157
1521.23 1.60367524752
1522.24 0.93599207921
1523.25 1.22442772277
1524.26 1.24353968254
1525.26 1.20545854146
1526.27 1.1605629336
1527.28 1.10596435644
1528.28 1.04875924076
1529.28 1.54645354645
1530.4 1.07304285714
1531.4 1.04957442557
1532.46 0.84960906516
1533.49 0.94564660194
1534.5 0.61763168317
1536.03 0.15736470588
1537.05 0.28297254902
1538.08 0.23375533981
1539.17 0.14056513761
1540.23 0.15486792453
1541.3 0.16364859813
1548.49 0.0182246941
1549.5 0.82289572989
1550.54 0.18941538462
1551.58 0.21208461538
1552.6 0.35407058824
1553.79 0.26113613445
1554.8 0.23838415842
1555.86 0.29941132075
1556.86 0.3426013986
1557.88 0.38663788027
1558.89 0.3182512364
1559.91 0.28945882353
1561.19 0.3867146208
1562.2 0.42300891972
1563.21 0.29581800198
1564.26 0.37558055291
1565.26 0.52217382617
1566.27 0.82644752475
1567.27 1.04317131474
1568.36 0.78744014733
1569.36 1.18403196803
1570.58 0.91856091578
1571.66 0.84511255814
1572.83 0.83325811966
1573.84 1.30780990099
1574.85 1.13219009901
1576.06 0.95978181818
1577.22 1.15228251507
1578.43 1.16733829611
1579.56 1.17733097345
1580.56 1.33383416583
1581.58 1.02331697743
1582.59 1.26491790307
1583.6 1.37978196234
1584.62 1.25320784314
1585.63 1.49997230465
1586.64 1.71653861386
1587.71 1.86790280374
1588.71 2.19754645355
1589.72 1.54126732673
1590.73 1.67043805748
1591.74 2.04544158416
1592.74 1.79356643357
1593.76 1.75226719057
1594.76 1.85862137862
1595.78 1.39883921569
1596.79 1.34778613861
1597.8 1.1534271556
1598.81 1.46136498516
1599.82 1.06568712871
1600.99 1.13551452991
1602.0 1.60367524752
1603.02 1.1726745098
1604.03 1.25693465347
1605.05 0.77963137255
1606.05 1.27522077922
1607.08 1.27731778426
1608.23 1.14045217391
1609.23 1.31196803197
1610.24 1.18331813677
1611.26 1.45777081293
1612.27 1.3064047619
1613.43 1.08828275862
1614.44 1.34361980198
1615.45 1.00771485149
1616.46 0.67197626113
1617.47 0.33623785927
1618.71 0.18534193548
1619.72 0.82350891089
1620.74 0.49355294118
1621.75 0.37230891089
1622.76 0.65013861386
1623.77 0.7584950495
1624.79 0.51582745098
1625.82 0.66874102813
1626.83 0.58545887017
1627.85 0.50428235294
1628.86 0.46593267327
1629.88 0.52574117647
1630.92 0.43604995197
1631.94 0.53699705594
1632.96 0.44171764706
1633.96 0.54665334665
1634.97 0.47771428571
1635.99 0.23505882353
1637.01 0.38625882353
1638.04 0.39313398058
1639.06 0.265140625
1640.08 0.38625882353
1641.08 0.41545654346
1642.11 0.38218252427
1643.18 0.41285981308
1644.39 0.41564297521
1645.43 0.46301538462
1646.45 0.30050196078
1647.46 0.49138217822
1648.53 0.53148411215
1649.54 0.6435960396
1650.55 0.58695445545
1651.57 0.48327058824
1653.09 0.30006842105
1654.1 0.4550970297
1655.12 0.41862745098
1656.26 0.33651929825
1657.55 0.22535813953
1658.57 0.40771764706
1659.59 0.34376493634
1660.61 0.38150343474
1661.62 0.43342574257
1662.66 0.34224615385
1663.67 0.37434619189
1664.68 0.4038691774
1665.79 0.44814492754
1666.81 0.50676078431
1667.88 0.48829158879
1669.0 0.48492142857
1670.01 0.51480118694
1671.24 0.57816883117
1672.24 0.59137910448
1673.25 0.67702195609
1674.26 0.71940652819
1675.26 0.7536238806
1676.45 0.52232236287
1677.46 0.7814019802
1678.47 1.01032871287
1679.48 0.90973465347
1680.49 0.76768316832
1681.61 0.69943978591
1682.62 0.68264554455
1683.63 0.66774653465
1684.65 0.58263529412
1685.91 0.48835555556
1686.93 0.67595294118
1687.95 0.57861176471
1688.97 0.47209411765
1689.98 0.23120792079
1690.99 0.69348118812
1692.01 0.48631372549
1693.16 0.57050434783
1694.21 0.92719314938
1695.21 1.32864735265
1696.22 1.49133333333
1697.22 1.32844755245
1698.23 1.14883333333
1699.24 1.27534718101
1700.25 1.40869772052
1701.36 1.17868828829
1702.36 1.46503096903
1703.36 1.32214985015
1704.37 1.06149751738
1705.57 0.90241465445
1706.58 1.72457482656
1707.59 1.07264222002
1708.6 1.25569139466
1709.61 0.49082259663
1710.7 0.41165504587
1711.7 0.57945254745
1712.71 0.97722893954
1713.71 1.12314885115
1714.71 1.31576423576
1715.91 1.01130942452
1716.92 1.12690693069
1717.92 0.953
1719.09 0.71706666667
1720.11 0.69741176471
1721.13 0.66364705882
1722.14 0.6393029703
1723.33 0.76325925926
1724.35 1.12658823529
1725.36 0.51956435644
1726.37 0.52011089109
1727.42 0.45860571429
1728.61 0.29761344538
1729.62 0.46593267327
1730.7 0.1212506938
1731.71 1.25013280476
1732.72 0.86981386139
1733.72 1.13906893107
1734.83 0.95674661858
1735.83 0.79964035964
1736.84 0.87321308226
1737.84 1.06506293706
1738.85 0.90775817641
1740.05 0.77708666667
1741.06 1.00988328388
1742.16 1.11553048226
1743.17 1.50615445545
1744.17 1.25443356643
1745.18 1.21401197605
1746.18 1.25737301587
1747.2 1.29361264822
1748.4 1.31626843413
1749.61 1.2574214876
1750.8 1.2787697479
1752.4 0.93161
1753.41 1.4303049505
1754.43 0.99610196078
1755.44 1.46426164519
1756.44 1.01566433566
1757.62 1.10434576271
1758.63 1.5494970297
1759.64 1.21225346535
1760.82 1.24474576271
1761.95 1.32683893805
1763.05 0.62658181818
1764.18 0.74508222812
1765.19 0.78710009911
1766.2 1.0944
1767.21 0.88230278884
1768.22 1.21719685039
1769.23 0.9196990099
1770.24 1.33146587537
1771.25 0.94825768087
1772.26 1.31111287129
1773.26 1.04515484515
1774.41 1.03939478261
1775.42 1.50725748503
1776.58 1.3051369863
1777.59 1.68118929633
1778.6 1.27546587537
1779.61 1.75537425743
1780.61 1.33715884116
1781.65 1.37810202117
1782.66 1.55103270565
1783.84 0.58629152542
1784.93 0.41165504587
1786.1 0.21513846154
1787.21 0.3474678733
1788.23 0.45911414634
1789.26 0.49938640777
1790.29 0.35808932039
1791.33 0.41198455598
1793.48 0.06079406308
1796.36 0.27446560111
1797.37 0.86154455446
1798.38 0.56446732673
1799.39 0.71056633663
1800.4 0.35478811881
1801.4 0.76728071928
1802.58 0.64444519966
1803.69 0.79441944194
1804.81 0.84421090259
1805.81 0.86393606394
1806.82 0.856864222
1807.83 0.5156039604
1808.84 0.73682376238
1809.89 0.3648
1810.99 0.24538909091
1812.0 0.85601584158
1813.01 0.83407319486
1814.02 0.7739147671
1815.1 0.68597224792
1816.16 1.1677733711
1817.16 1.8052027972
1818.17 2.37442063492
1819.2 1.67583317168
1820.25 2.10989875836
1821.25 2.4042037962
1822.25 2.15648351648
1823.26 2.46693942403
1824.26 2.61446859422
1825.27 1.79911904762
1826.28 1.72704761905
1827.29 1.96125148515
1828.29 1.66435964036
1829.3 2.20692170466
1830.3 1.88048751249
1831.31 1.69546085233
1832.31 2.03673126873
1833.31 1.748
1834.32 1.32971089109
1835.54 2.20888521883
1836.73 2.48812010008
1837.97 2.10936774194
1838.98 1.83207192807
1840.03 1.48176770538
1841.05 1.95275294118
1842.06 1.86170629371
1843.06 2.06081268583
1844.07 1.6528238806
1845.07 1.87764378109
1846.08 2.15629306931
1847.09 1.89967696909
1848.09 1.85051042701
1849.1 2.36154245754
1850.11 1.70443521266
1851.11 2.20722222222
1852.27 2.07800521286
1853.27 2.24127872128
1854.28 2.01923488603
1855.39 2.17635746202
1856.41 2.30570919881
1857.42 1.81019405941
1858.43 2.01542970297
1859.43 1.57644577114
1860.46 2.1909271137
1861.46 1.5910969031
1862.48 1.67327968597
1863.48 2.14288111888
1864.49 1.97384980237
1865.49 3.13624775225
1866.49 3.25805394605
1867.5 2.78265873016
1868.64 2.23614736842
1869.64 3.1674251497
1870.66 2.8460451423
1871.68 2.31637291462
1872.82 2.05597192982
1873.82 2.48180619381
1874.82 2.37483316683
1875.93 2.42305415162
1876.93 2.77404995005
1877.94 3.09358565737
1878.94 2.79831075697
1880.15 2.70675041322
1881.16 3.58253386454
1882.16 3.84895522388
1883.17 2.38614441147
1884.17 2.77106893107
1885.23 2.58307082153
1886.23 3.49043756244
1887.26 2.66250873786
1888.27 3.36271683168
1889.28 3.16481908549
1890.28 2.814444666
1891.29 2.79895445545
1892.3 2.63615139442
1893.3 2.4071102284
1894.32 2.07630588235
1895.33 2.81479245283
1896.33 2.2475044955
1897.34 1.88437227723
1898.35 1.88722299306
1899.36 1.81731212724
1900.39 1.89756286267
1901.49 2.06805090909
1902.49 2.65716683317
1903.5 1.9504222002
1904.5 2.04545054945
1905.64 2.1976119403
1907.65 0.08163102934
1908.68 5.89060700389
1909.69 2.50303366337
1910.7 2.16712871287
1911.89 2.27688739496
1912.99 2.62656
1913.99 2.24253346653
1915.0 2.3536333003
1916.0 1.77208391608
1917.0 2.12361238761
1918.17 2.33237671233
1919.17 2.92191008991
1920.18 2.8725074331
1921.18 2.73326673327
1922.19 1.87563492063
1923.19 2.34460739261
1924.28 2.34231037649
1925.39 2.24339459459
1926.6 2.0058446281
1927.6 1.74929070929
1928.61 1.70538751239
1929.61 1.83572427572
1930.61 2.29111688312
1931.67 2.79524385633
1932.67 3.34551848152
1933.68 2.34564752475
1934.68 2.3037042957
1935.79 2.91181949458
1936.79 3.31271928072
1937.79 2.85595204795
1938.8 2.66926984127
1939.81 1.89602373887
1940.82 2.92562376238
1941.83 2.20036435644
1942.84 2.24348067393
1943.84 1.84968631369
1944.84 2.8097982018
1945.85 2.12718334985
1946.86 2.41108118812
1947.88 2.34490196078
1948.88 2.93594405594
1949.89 2.8742913776
1950.9 2.42345346535
1951.9 2.30560639361
1952.91 2.12547869177
1953.92 2.1887049505
1954.93 1.90034059406
1955.94 2.78476039604
1956.94 2.30855544456
1957.95 1.7902160555
1958.95 2.5474045954
1959.96 1.80976808722
1961.06 1.88981818182
1962.07 2.44885544554
1963.08 2.02306349206
1964.08 2.55833766234
1965.08 1.88804795205
1966.1 2.40811001965
1967.11 2.67905649158
1969.46 0.18545640153
1970.64 4.91148518205
1971.65 1.27028571429
1972.65 1.88048751249
1973.65 2.12101498501
1974.66 1.91901684836
1975.66 2.45994005994
1976.67 1.73087809713
1977.67 2.07520958084
1978.68 1.46156349206
1979.68 2.49273926074
1980.69 1.87369672944
1981.69 1.89727072927
1982.9 1.88539735099
1983.9 2.38340859141
1984.9 1.90197002997
1985.91 2.49466798811
1986.92 1.82757227723
1987.92 2.76606593407
1989.03 2.04947747748
1990.09 2.02788679245
1991.09 2.22940518962
1992.1 3.04
1993.11 2.48382160555
1995.92 0.45940946282
1997.2 4.53918373729
1998.2 1.82582217782
1999.2 2.12101498501
2000.37 1.84042429427
2001.37 2.63486913087
2002.38 2.87714285714
2003.38 2.48533066933
2004.38 3.35000399202
2005.39 2.48998609732
2006.4 1.37612673267
2007.54 0.53627368421
2008.86 0.38967272727
2009.86 0.10933066933
2011.02 1.56693609672
2012.15 2.85788152078
2013.16 3.13460455897
2014.37 2.52632066116
2015.37 3.36195804196
2016.37 1.88348412698
2017.38 1.72742457542
2018.38 1.48706493506
2019.39 2.27323564356
2020.4 1.87706640238
2021.48 1.85653333333
2022.49 2.21047128713
2023.5 1.20903762376
2024.5 1.40169430569
2025.5 1.98685714286
2026.51 1.55149700599
2027.52 1.64861843409
2028.56 1.55988461538
2029.57 1.99762904809
2030.58 1.76379405941
2031.59 1.84454653465
2032.61 1.91509396637
2033.61 1.61370069376
2034.62 1.81344158416
2035.63 1.88552871287
2036.64 1.61627722772
2037.65 1.67433366633
2038.89 1.38701935484
2039.91 2.35503797468
2040.92 1.83657028913
2041.93 1.91805940594
2042.93 2.07344875622
2043.93 2.05585614386
2044.93 2.22250549451
2045.93 2.12304495504
2046.93 2.02224975025
2047.94 1.99480995025
2049.0 2.02554863078
2050.0 2.95990419162
2051.0 2.31669130869
2052.02 2.50269676153
2053.02 2.83166433566
2054.03 2.33801387512
2055.03 2.26563346614
2056.04 2.47474925075
2057.06 2.60631292517
2058.07 2.89726273726
2059.07 2.01446184341
2060.08 2.04043650794
2061.08 2.11345454545
2062.21 2.27273049645
2063.21 2.70046753247
2064.21 1.91703496503
2065.22 1.9326031746
2066.23 2.19963564356
2067.23 2.05102097902
2068.24 2.2385173439
2069.24 2.59582017982
2070.35 2.48211020777
2071.38 2.12751115422
2072.58 2.197764804
2073.58 2.83166433566
2074.59 0.76568712871
2075.69 2.31942493176
2076.69 2.55833766234
2077.7 2.3339960396
2078.71 2.68990287413
2079.71 1.66726873127
2080.72 2.13869314796
2081.73 1.80163960396
2082.88 1.84548392702
2083.88 2.24127872128
2084.9 1.85985475957
2086.09 1.88045042017
2087.22 1.96479292035
2088.22 2.55578443114
2089.22 2.00257342657
2090.23 1.85714399206
2091.24 1.85128712871
2092.25 1.85683960396
2093.49 1.7701483871
2094.55 0.12295684803
2095.56 3.72655776892
2096.56 1.7184975025
2097.57 1.57690386521
2098.57 1.62292107892
2099.78 2.0627229115
2100.94 2.24849527085
2102.13 2.30957371525
2103.13 2.5474045954
2104.14 1.78938354807
2105.21 1.71355514019
2106.22 1.7896531219
2107.24 1.3789254902
2108.26 1.36263529412
2109.27 1.21359207921
2110.27 0.70098701299
2111.28 1.06505660377
2112.28 1.84584431138
2113.28 1.49483433134
2114.29 1.76971428571
2115.29 1.61194005994
2116.29 2.27407792208
2117.3 1.67685232904
2118.31 2.44885544554
2119.32 1.48523564356
2120.33 2.03911992071
2121.33 1.2579020979
2122.33 1.38711377246
2123.49 1.12764137931
2124.49 1.4212987013
2125.5 1.42228571429
2126.72 0.84322622951
2127.74 0.76058651026
2128.98 0.53794037067
2129.98 0.88872727273
2130.99 1.4314370664
2132.1 1.26066306306
2133.35 1.41071577262
2134.39 1.09927413127
2135.4 1.19683152709
2136.41 0.62383349851
2137.41 0.72158241758
2138.48 0.63473152479
2139.5 0.24653476983
2140.56 0.13434560907
2141.56 0.0655984016
2143.22 0.01324939467
2144.22 1.6016984127
2145.24 1.3181254902
2146.25 1.2801506442
2147.4 1.09974956522
2148.41 1.23456573705
2149.41 1.05486282306
2150.42 0.93702970297
2151.43 0.91801980198
2152.45 1.3164662096
2153.46 1.22590287413
2154.48 1.45488866995
2155.49 1.24006299213
2156.54 0.98742857143
2157.58 0.99724615385
2158.59 0.98702081269
2159.72 0.39089557522
2165.21 0.00797377049
2185.63 0.00053610267
2186.66 0.36125825243
2188.11 0.54659862069
2189.12 0.41175445545
2190.46 0.29342686567
2191.47 0.29018037661
2192.5 0.39275266731
2193.87 0.17565572575
2195.26 0.36340388769
2196.31 0.17718857143
2197.6 0.06765996909
2199.19 0.03439346323
2201.08 0.01158708311
2203.77 0.00406688963
2204.83 0.11014919736
2205.87 0.12627692308
2206.91 0.10523076923
2207.99 0.10133333333
2210.93 0.00744489796
2212.0 0.08705046729
2213.0 0.1073966034
2214.02 0.42959764475
2215.02 0.47434965035
2216.2 0.52987118644
2217.36 0.83055862069
2218.47 0.86483603604
2219.65 0.86634096692
2220.72 0.89670961718
2221.9 0.85552542373
2223.01 0.9341045045
2224.03 1.12402753196
2225.03 0.64695304695
2226.06 0.5483961165
2227.07 0.41216253717
2228.07 0.43598801199
2229.08 0.80130029732
2230.09 0.88111683168
2231.1 1.13541386139
2232.23 1.13646725664
2233.23 1.45567232767
2234.23 1.37208358209
2235.24 1.28195643564
2236.25 1.71777425743
2237.27 1.9593115727
2238.28 1.41184690873
2239.29 1.53237735849
2240.3 1.1606374502
2241.3 1.47950695825
2242.32 0.96018897638
2243.33 0.71671146245
2244.33 1.13703896104
2245.51 0.89477288136
2246.51 1.16983816184
2247.52 1.23526336634
2248.53 0.95076313181
2249.53 1.2901018981
2250.63 1.30557961783
2251.63 1.70555844156
2252.74 1.35953873874
2253.75 1.8528950495
2254.76 1.46666138614
2255.77 1.58061782178
2256.77 1.97888511489
2257.84 1.28031431244
2258.97 1.22611494253
2260.12 1.53349347258
2261.12 1.09940918164
2262.16 1.25427360308
2263.17 1.63618217822
2264.18 1.33060594059
2265.19 1.34557623762
2266.2 1.48533069307
2267.3 1.56012341198
2268.31 1.65028571429
2269.32 1.10908225966
2270.32 1.24636963037
2271.33 0.79555203171
2272.35 1.12658823529
2273.37 0.81226666667
2274.37 1.33383416583
2275.38 1.53302675917
2276.54 0.1128957795
2277.56 3.50655621302
2278.64 1.30438341014
2279.64 1.3229010989
2280.65 0.96363924678
2281.66 0.97176656775
2282.67 1.12802378593
2283.68 0.76347826087
2284.68 1.00072727273
2285.69 1.2288991009
2286.69 1.56187908821
2287.71 1.04065612648
2288.71 1.04228571429
2289.72 0.95298217822
2290.73 1.24636963037
2291.73 0.28842814668
2293.33 0.89511724138
2294.33 1.35164940239
2295.52 1.39852225021
2296.53 1.86619405941
2297.54 1.80666138614
2298.55 1.85103174603
2299.55 2.18601197605
2300.56 2.16855944056
2301.73 1.48609329941
2302.74 1.73405940594
2303.75 1.74884315684
2304.75 1.85741129832
2305.76 1.93484915085
2306.97 2.09289581624
2307.98 2.27407792208
2308.98 1.77985332012
2310.06 2.37805185185
2311.48 2.36908291991
2312.76 2.65203125
2313.9 2.55264751958
2314.91 1.96465134865
2315.91 1.90993006993
2316.91 2.72233366633
2317.91 2.50881918082
2318.91 2.69864811133
2319.92 2.88282917083
2320.92 2.80544255744
2322.11 2.43340901503
2323.12 3.07219180819
2324.12 2.71864935065
2325.13 2.4181407334
2326.13 2.37647152847
2327.14 2.34250148662
2328.15 3.19335311573
2329.15 2.84764835165
2330.15 2.42757852883
2331.15 3.35645154845
2332.16 2.81322222222
2333.16 3.13595204795
2334.42 1.89425893566
2335.45 1.77441553398
2336.45 1.49026173826
2337.51 2.33846153846
2338.51 2.75458941059
2339.51 3.33102897103
2340.52 3.51709811695
2341.53 3.65466138614
2342.55 3.68317485265
2343.55 3.64807992008
2344.72 3.47312733447
2345.73 4.30762837163
2346.73 3.7132765114
2347.74 4.14363236763
2348.74 4.51209514371
2350.09 0.25673378076
2351.11 6.03529640428
2352.12 3.69168862275
2353.12 2.77494505495
2354.35 2.85061277284
2355.36 4.1506746507
2356.36 2.5061449851
2357.36 3.01752647353
2358.39 2.73021574344
2359.4 3.27586124876
2361.4 0.407068
2363.12 3.82047236766
2364.15 1.39055674103
2365.15 2.28501098901
2366.16 2.14971428571
2367.16 1.61827772228
2368.28 1.77258571429
2369.3 2.56684592738
2370.31 1.90226706231
2371.5 1.57618855219
2372.51 1.71946245059
2373.52 1.29045787909
2374.53 1.99375841584
2375.54 1.47364752475
2376.56 1.11335686275
2377.71 1.53135596171
2378.76 2.02423596575
2379.77 2.25381386139
2380.77 1.87571628372
2381.77 2.35245554446
2382.78 2.88658730159
2383.78 2.30460739261
2384.78 3.93651148851
2385.79 2.52772249752
2386.89 1.42425477707
2387.89 2.38340859141
2388.89 2.31164035964
2389.9 1.7190802775
2390.91 2.2152950495
2391.98 2.25334331151
2393.11 2.47438584071
2394.26 2.52176849434
2395.27 2.47890801187
2396.29 1.92810948192
2397.95 0.07905428227
2398.97 4.98212365064
2400.11 1.89152982456
2401.12 1.87271216617
2402.13 1.81134588702
2403.14 1.57638773492
2404.16 1.4592
2405.17 1.25515247525
2406.17 1.94608591409
2407.17 1.58421578422
2408.22 1.71752727273
2409.22 1.3480239521
2410.23 1.64105660377
2411.23 1.49264670659
2412.25 1.4574488189
2413.25 2.01168431568
2414.27 2.08559528487
2415.28 1.21198415842
2416.28 2.07728271728
2417.29 1.96319524281
2419.93 0.03776448315
2420.97 4.82660250241
2421.98 1.92874455446
2423.0 0.95798431373
2424.01 1.09331750742
2425.03 0.5167576055
2427.34 0.14212987013
2428.34 2.3717002997
2429.35 1.67952475248
2430.36 1.13185332012
2431.37 1.30852173913
2432.38 1.52807142857
2433.39 1.55662574257
2434.39 1.53050949051
2435.39 1.04535714286
2436.42 0.68694368932
2437.43 0.34985814186
2438.44 0.21585798817
2439.46 0.18222135162
2441.56 0.02085564555
2442.61 0.71133777355
2443.65 0.1368
2444.7 0.229521449
2446.13 0.08418461538
2448.44 0.03320676203
2450.75 0.07573702422
2451.92 0.05713504274
2452.93 0.22732344214
2453.98 0.19444804576
2455.02 0.18941538462
2456.36 0.08152835821
2457.38 0.11802352941
2486.25 0.00265345849
2487.84 0.0068700565
2489.2 0.01607048458
2490.34 0.03843371378
2491.36 0.03143529412
2492.54 0.04407829787
2493.84 0.0069300538
2495.36 0.0360236998
2496.7 0.04086631815
2497.74 0.04197123682
2498.82 0.04053333333
2499.96 0.05754951797
2501.38 0.04637288136
2502.54 0.02795180723
2503.62 0.05066666667
2504.84 0.05386710418
2505.88 0.04213282002
2507.02 0.04795793164
2508.18 0.04717241379
2509.23 0.05181818182
2510.34 0.04961015413
2511.44 0.04979071884
2512.88 0.03315
2514.2 0.03313853142
2515.34 0.06731810193
2516.48 0.048
2517.57 0.04979071884
2518.58 0.04373226773
2519.78 0.03644962531
2521.14 0.04017621145
2522.25 0.04903225806
2523.36 0.03965217391
2525.6 0.02445040214
2527.14 0.0332770928
2528.3 0.03780310881
2529.49 0.03660200669
2530.71 0.01798520953
2532.15 0.02281584434
2533.25 0.02971221719
2534.55 0.02533333333
2537.16 0.00839585731
2538.36 0.10032
2539.36 0.17458025922
2540.46 0.07234972678
2541.46 0.16383233533
2550.69 0.0059278518
2551.69 0.5656983017
2552.7 1.27533465347
2553.71 1.35170664024
2554.71 1.13643156843
2555.85 1.49841403509
2556.85 1.98625374625
2557.88 2.19294849368
2558.89 2.42465014866
2559.89 2.51902497502
2560.91 1.5935984252
2561.93 0.84933202742
2562.94 0.7910019802
2563.94 1.66942115768
2564.95 1.73714285714
2565.96 1.17438888889
2566.97 2.0371009901
2567.98 1.38321584158
2568.99 1.79871683168
2570.05 2.07346067416
2571.08 1.4265884653
2572.09 1.36394065282
2573.1 1.2371031746
2574.12 1.03235294118
2575.13 1.25693465347
2576.14 1.1998974359
2577.14 1.77122077922
2578.14 1.94957042957
2579.16 1.617021611
2580.17 1.76796035679
2581.17 1.33774328358
2582.17 1.73835764236
2583.2 1.46567930029
2584.2 1.44302097902
2585.21 1.53772627373
2586.21 1.51039048563
2587.22 1.55938949455
2588.22 1.57056543457
2589.26 1.72431538462
2590.29 1.64136336925
2591.29 1.78845862413
2592.3 1.91502574257
2593.45 1.59487304348
2594.46 2.10211485149
2595.47 1.64190891089
2596.5 2.06664334305
2597.5 2.08664150943
2598.51 1.55685544554
2599.52 1.79302297702
2600.52 1.50035282458
2601.6 1.52269888476
2602.61 1.75147514911
2603.62 1.38043564356
2604.77 1.73085217391
2605.77 2.56726473526
2606.78 1.82026560951
2607.78 2.04971828172
2608.92 1.6549754386
2609.93 2.06960792079
2610.94 1.75763960396
2612.02 1.65432437442
2613.02 2.07728271728
2614.03 1.78239841427
2615.04 1.79153313551
2616.16 1.69823771224
2617.18 1.89724583741
2618.19 1.41104158416
2619.19 1.4757002997
2620.2 1.75885714286
2621.2 1.44957442557
2622.21 1.82038811881
2623.21 1.97888511489
2624.22 1.56628571429
2625.22 1.84768831169
2626.23 1.58304158416
2627.24 1.96125148515
2628.26 1.85945098039
2629.26 2.46840718563
2630.27 1.98058730159
2631.28 2.7955960396
2632.28 2.19745816733
2633.29 2.38384158416
2634.29 1.65890618762
2635.3 2.72514285714
2636.3 2.06248951049
2637.35 3.32494364852
2638.35 2.91529270729
2639.35 2.98372027972
2640.36 1.94607142857
2641.36 2.94262537463
2642.37 2.79559004975
2643.37 2.65701498501
2645.87 0.92075809676
2646.88 5.79977777778
2647.99 2.35997837838
2648.99 2.79886513487
2650.16 2.30711377246
2651.16 2.97379420579
2652.17 2.31919920714
2653.17 2.64736863137
2654.17 2.96286113886
2655.18 2.09212698413
2656.18 2.40800799201
2657.18 2.715249501
2658.18 2.89864811133
2659.19 3.25249150849
2660.19 2.73926190476
2661.19 2.23308691309
2662.2 2.01869573835
2663.26 2.07094796594
2664.26 2.71165634366
2665.29 2.11880272109
2666.3 2.34900890208
2667.31 2.411567889
2668.49 2.18910016978
2669.59 2.19068123862
2670.59 2.26314485514
2671.6 2.51611904762
2672.68 1.90101757632
2673.69 2.11857425743
2674.7 2.19093069307
2675.71 2.37834455446
2676.87 2.40348275862
2677.87 2.75513286713
2678.87 2.26261738262
2679.88 1.95865873016
2681.0 2.39579285714
2682.0 2.62393606394
2683.01 2.05987710605
2684.01 2.38340859141
2685.01 1.69622377622
2686.02 1.68727777778
2687.04 1.63868364349
2688.05 2.19096927651
2689.06 1.33953617443
2690.06 1.62254328358
2691.07 1.11424950495
2692.08 1.46281188119
2693.09 1.46281188119
2694.1 1.24012673267
2695.1 1.60716083916
2696.1 1.74929070929
2697.11 1.51198412698
2698.12 1.80776261128
2699.13 2.10211485149
2700.14 1.50633663366
2701.15 1.85473141724
2702.16 1.32890207715
2705.41 0.256
2706.41 1.16530139721
2707.42 1.47545688801
2708.43 1.33941386139
2709.24 1.82173416149
