1.0 0.9196003996
2.01 1.6307789891
3.03 1.78136986301
4.04 0.76252380952
5.05 0.79854257426
6.18 0.49045663717
7.19 0.70025346535
8.2 0.58716039604
9.39 0.42596302521
10.51 0.42027857143
11.55 0.29464615385
12.58 0.19222524272
13.6 0.20385882353
14.65 0.16676571429
15.67 0.25750588235
16.68 0.44393663366
17.69 0.62254257426
18.71 0.58289411765
19.72 0.54677227723
20.73 0.61982574257
21.75 0.47781176471
22.76 0.53094653465
23.78 0.28025882353
24.82 0.32621538462
25.84 0.32188235294
26.84 0.27637162837
27.85 0.55316551041
28.86 0.40145742574
29.89 0.4037592233
30.9 0.3398970297
31.92 0.42417254902
32.93 0.50057821782
33.94 0.39649108911
34.95 0.61103066271
35.96 0.75459009901
36.97 0.72135714286
38.11 0.60127719298
39.12 0.6507960396
40.14 0.4915407262
41.15 0.45464688427
42.18 0.43693980583
43.25 0.47780186916
44.26 0.89056633663
45.28 0.78079215686
46.29 1.11832079208
47.31 0.92090551181
48.32 0.79728316832
49.32 1.14790809191
50.33 0.84482854311
51.34 1.01035247525
52.34 0.61458167331
53.54 0.76359333333
54.56 0.92272941176
55.61 0.6180647619
56.72 0.07887567568
57.75 0.05292069632
58.77 0.05364705882
59.87 0.14923636364
60.9 0.15937864078
65.68 0.02741518511
66.87 0.66122972973
67.87 0.8576159204
68.87 0.77685514486
69.98 1.11324909747
70.99 0.76114851485
71.99 0.98535864136
73.0 1.1811009901
74.01 1.03843168317
75.02 0.77824603175
76.03 0.50927524752
77.04 0.44294945491
78.25 0.46089512799
79.27 0.41737524558
80.38 0.57272367237
81.75 0.23964963504
82.82 0.11250841121
83.86 0.22098461538
84.92 0.18584150943
86.09 0.13174017094
87.1 0.1516990099
88.13 0.15937864078
89.14 0.19340990099
90.15 0.55656126482
91.22 0.50934082397
92.24 0.25750588235
93.32 0.13173333333
94.47 0.09516521739
95.72 0.03408
96.75 0.07437669903
97.79 0.15784615385
98.85 0.11324929445
99.92 0.28133458294
101.0 0.13173333333
102.25 0.0087552
103.25 0.92596203796
104.42 0.54241231822
105.45 0.22313009709
106.75 0.10094388932
108.37 0.06759728227
109.49 0.1054
110.55 0.07220358153
111.59 0.1368
112.66 0.12296629213
113.8 0.03836634531
115.13 0.04111194591
116.8 0.01967165968
117.83 0.03184481086
119.21 0.01587237128
120.22 0.24272475248
121.25 0.21250485437
122.27 0.2358158668
123.31 0.2211973051
127.46 0.02116433735
128.48 0.38625882353
129.86 0.10309565217
130.99 0.11612743363
132.02 0.06375145631
133.09 0.1227364486
134.29 0.10953127606
135.54 0.35033733014
136.56 0.28969411765
137.65 0.24629460201
138.66 0.27169811321
139.73 0.29633613445
140.75 0.27316977429
141.79 0.17854894434
142.84 0.13562631077
143.85 0.2364990099
144.86 0.07622686567
145.86 0.29431075697
146.99 0.15439787798
148.0 0.54231912785
149.01 0.27711177052
150.03 0.47255740922
151.04 0.41034455446
152.18 0.37844912281
153.26 0.38203145236
154.32 0.40461132075
155.33 0.43748118812
156.34 0.76478415842
157.36 0.7358745098
158.37 1.16937958375
159.42 0.98539428571
160.43 0.63827326733
161.44 0.72060990099
162.45 0.86685148515
163.46 1.08471287129
164.47 1.43087524752
165.48 0.66609316155
166.5 0.67230588235
167.51 0.32506930693
168.55 0.25255384615
169.58 0.18045392823
170.65 0.11384097287
171.66 0.1516990099
172.7 0.22098461538
187.05 0.00762382445
188.09 0.06319923003
189.23 0.06714110429
190.26 0.06375145631
191.32 0.06200566572
192.45 0.06779469027
193.53 0.07086771508
194.54 0.18654257426
196.01 0.34031564626
197.25 0.51141935484
198.33 1.07857645968
199.41 1.05451111111
200.42 1.21581800198
201.43 1.06366699703
202.43 1.55263936064
203.44 0.85078295342
204.77 0.23827027027
205.97 1.18442070117
206.97 0.91746107784
208.02 0.75183206107
209.06 0.62274615385
210.07 1.00698613861
211.08 0.99063897132
212.1 0.5891501472
213.13 0.60563883495
214.16 0.22302135922
215.4 0.09708387097
216.4 1.50513486513
217.4 2.26801998002
218.41 1.25916352825
219.42 1.79892277228
220.43 1.19192079208
221.44 0.90404752475
222.51 1.11746542056
223.72 1.60316294458
224.73 1.54796439169
225.94 0.78068099174
226.95 1.05105742574
227.96 1.12690693069
228.97 1.15483052527
230.04 1.29832523364
231.28 1.84282352941
232.29 1.90707326733
233.29 2.0514045954
234.3 2.50858741259
235.3 2.22357936508
236.31 1.57694257426
237.35 1.82796923077
238.41 2.22298113208
239.42 2.50026508408
240.43 2.07245193261
241.5 1.7468635514
242.5 2.48166233766
243.51 2.37783151635
244.51 2.42714085914
245.52 1.5585952381
246.53 1.48921980198
247.54 1.78788118812
248.56 1.51780392157
249.56 1.74929070929
250.58 1.37422396857
251.59 1.56187908821
252.59 1.23236763237
253.6 1.84205940594
254.62 1.3743670265
255.82 1.77300332226
256.83 1.86373069307
257.84 1.48716749257
259.02 1.30171718882
260.03 1.19192079208
261.05 1.12769381747
262.06 0.58518694362
263.07 0.62909018831
264.08 0.56289614243
265.09 0.86902178218
266.1 0.92194251734
267.12 0.48235063663
268.15 0.4037592233
269.16 0.40617821782
270.2 0.22291367604
271.21 0.53094653465
272.36 0.9116173913
273.4 0.85236923077
274.42 0.28716034985
275.55 0.06833898305
276.97 0.12870422535
277.99 0.47209411765
279.01 0.49581960784
280.24 0.76474146341
281.29 0.99462857143
282.3 0.72598811881
283.31 0.70153663366
284.48 0.76165470085
285.5 0.99783529412
286.54 1.06913846154
287.54 1.69814985015
288.54 1.51245554446
289.56 1.62614901961
290.56 2.47613986014
291.57 2.54496729435
292.57 2.1664975025
293.57 2.24181418581
294.58 1.2548968254
295.58 0.79136863137
296.72 1.47498507463
297.73 2.17796435644
298.73 1.82667732268
299.78 1.11052812202
300.79 1.03919287834
301.79 1.13703896104
302.92 0.9699787234
303.92 0.61225174825
304.93 0.7910019802
305.94 0.90701288404
306.95 1.16909198813
307.96 1.77856633663
308.97 1.29925544554
309.98 1.47684752475
310.99 1.13238019802
312.0 1.29367920792
313.02 1.15783529412
314.04 1.38409411765
315.05 1.14281980198
316.22 1.04257777778
317.23 1.00771485149
318.23 0.98081918082
319.24 1.41002973241
320.35 0.5230990991
321.36 1.57576331361
322.47 1.19176936937
323.48 1.51699009901
324.49 1.13201186944
325.52 0.99056948494
326.53 1.22442772277
327.55 0.92214117647
328.55 1.2901018981
329.56 1.03146878097
330.56 1.67275924076
331.57 1.38724281467
332.6 1.0543223301
333.61 1.30027722772
334.62 0.96437227723
335.64 0.51510588235
337.72 0.07888515137
357.97 0.00756921253
359.25 0.35639410396
360.28 1.37092759295
361.28 0.51632539683
362.29 0.31104063429
363.3 1.10483168317
364.3 1.50165034965
365.31 1.69130624381
366.31 1.77353846154
367.44 1.67061946903
368.45 2.11027372627
369.45 2.04202180377
370.46 1.57503270565
371.47 2.04598612488
372.48 1.98791287129
373.48 2.10049150849
374.53 1.73619065777
375.54 1.46426164519
376.56 0.76104211557
377.59 0.55304956268
378.62 0.48876116505
379.63 0.1535049505
380.73 0.07952043597
381.83 0.08954181818
382.91 0.17226666667
383.93 0.21458823529
385.0 0.1227364486
386.03 0.15937864078
387.05 0.15021176471
388.05 0.21866133866
389.06 0.20608126858
390.11 0.17718857143
391.15 0.17975652174
392.17 0.15510588235
393.21 0.19993846154
394.23 0.16094117647
395.27 0.12627692308
396.33 0.06427169811
397.38 0.14592
398.41 0.22313009709
399.45 0.15272307692
400.47 0.17167058824
401.54 0.1841046729
402.57 0.15922405432
403.58 0.14362735382
404.62 0.22098461538
405.64 0.24541960784
406.65 0.21671287129
407.65 0.29519280719
408.66 0.56274331021
409.73 0.18243738318
410.74 0.44426138614
411.98 0.18445124899
413.01 0.1700038835
414.07 0.09292075472
415.37 0.02525538462
416.66 0.03396121024
420.56 0.03360820513
421.61 0.14288
422.62 0.09752079208
454.71 0.00170520411
455.72 0.39008316832
456.74 0.62660392157
457.84 1.37360217984
458.95 1.34159783589
459.95 1.42278521479
460.95 1.76234165834
462.12 1.82060958904
463.12 2.86755644356
464.13 2.30611485149
465.13 2.78536663337
466.14 4.31480673935
467.14 3.59332667333
468.15 2.75135777998
469.15 3.22715369261
470.15 2.78348851149
471.16 3.66930685204
472.16 2.40622577423
473.17 2.92903865213
474.3 2.41187964602
475.3 3.13876523477
476.31 3.11362537166
477.32 2.25970693069
478.32 3.09662337662
479.48 2.60918723037
480.48 3.5026506986
481.63 3.0421533101
482.64 2.35133465347
483.65 2.02074777448
484.65 2.71507692308
485.66 2.51
486.67 1.61291394659
487.68 1.69203567889
488.69 1.56033267327
489.71 0.80287843137
490.72 1.14292019704
491.73 0.61824380575
492.75 0.76178823529
493.76 0.93988910891
494.78 0.93345882353
495.82 0.49553757225
496.85 0.39313398058
497.87 0.30603137255
498.87 0.90744455544
499.9 1.02395335277
500.92 1.31284955752
501.93 0.80260594059
502.94 1.30981602374
503.95 0.88546283449
504.96 1.38696237624
505.97 0.96608126858
507.0 0.65876504854
508.02 0.51043137255
509.03 0.99687920792
510.03 0.65016583417
511.03 1.21235928144
512.03 0.78462885572
513.05 1.49431827112
514.06 0.98158325025
515.11 1.60383002833
516.12 1.8599049505
517.13 1.75013069307
518.29 2.13735875217
519.29 2.02485884692
520.3 2.28513267327
521.32 1.24
522.32 1.56871128871
523.5 2.11224427481
524.51 2.61259405941
525.51 2.99644355644
526.52 2.51226164519
527.53 1.79767920792
528.57 1.6416
529.59 0.93345882353
530.59 1.70366433566
531.59 2.40659104478
532.6 1.8055936255
533.62 1.19096470588
534.65 0.90314563107
535.65 0.81998001998
536.66 0.74840039643
537.77 0.17747027027
538.78 0.08668514851
539.82 0.10523076923
540.87 0.12507428571
541.9 0.15937864078
542.94 0.14732307692
544.34 0.07035428571
555.76 0.00095789934
565.72 0.00109956797
566.73 0.11150049554
567.88 0.98811389129
568.9 0.79158390579
569.91 0.6693016815
570.92 0.5308543112
571.92 0.70873926074
573.14 0.64832786885
574.21 0.43831618335
575.57 0.19298750918
576.58 0.22184554455
577.65 0.8603943662
578.65 0.55187263682
582.94 0.05867412587
583.99 0.11465142857
585.01 0.07490196078
586.07 0.23746415094
587.11 0.2736
588.14 0.22464125122
589.15 0.32491575818
590.23 0.25333333333
591.63 0.09826285714
592.64 0.52599405352
593.66 0.49176101861
594.69 0.47008746356
595.7 0.63952475248
596.7 0.47732267732
597.7 0.47427772228
598.71 0.47187301587
599.72 0.46292277228
600.73 0.52498217822
602.05 0.47012121212
603.2 1.05862956522
604.2 1.31358241758
605.39 1.11723465097
606.45 1.41116981132
607.45 1.55583616384
608.46 1.23826706231
609.46 1.50553446553
610.47 1.42076663357
611.47 1.43410989011
612.48 2.01542970297
613.49 1.37367690783
614.49 1.86955444555
615.5 1.46728712871
616.5 1.81488911089
617.5 1.55454145854
618.51 1.62114285714
619.53 1.7004627451
620.55 1.86691764706
621.57 1.11316078431
622.57 1.14101898102
623.63 1.11241470311
624.64 1.07485714286
625.69 0.19803428571
627.45 0.07451506538
628.46 0.30625519288
629.5 0.23150769231
630.51 0.17337029703
631.53 0.16094117647
632.57 0.09470769231
633.65 0.16123756906
634.73 0.12137523105
637.5 0.00790180505
639.08 0.22559388924
640.08 0.57485827552
641.11 0.31223300971
642.19 0.3416
643.21 0.75298823529
644.25 1.05220769231
645.26 1.22142657343
646.31 0.64643626062
647.33 0.96253214639
648.34 1.14483960396
649.35 1.34394455446
650.36 1.3952950495
651.37 1.11435247525
652.37 1.27734390486
653.39 1.12464490603
654.39 1.27102497502
655.4 1.6566580773
656.41 1.70617029703
657.42 1.6843009901
658.43 1.45310891089
659.53 1.60897454545
660.54 1.76620990099
661.55 1.30688316832
662.58 1.30371262136
663.59 1.51699009901
664.59 1.26680519481
665.6 1.27961942517
666.65 1.50760038059
667.67 1.42841216879
668.69 1.14775686275
669.69 1.2901018981
670.7 0.96019821606
671.7 1.21235928144
672.71 1.00431683168
673.71 1.13671928072
674.72 1.35579781962
675.73 0.96400792079
676.73 1.18165174129
677.74 1.37612673267
678.75 0.97623762376
679.76 1.13785346535
680.77 1.23526336634
681.78 1.11161226508
682.79 1.60526461843
683.8 1.28878415842
684.8 1.31345454545
686.02 1.29958032787
687.13 1.38674594595
688.14 1.63780376611
689.15 0.99042376238
690.15 1.04957442557
691.16 0.77924281467
692.17 0.92102970297
693.18 0.92011869436
694.19 0.98905346535
695.21 1.34117647059
696.22 0.90403960396
697.23 0.82918811881
698.24 0.97617443013
699.24 0.8076003996
700.26 1.36263529412
701.28 1.03897254902
702.29 1.21977821782
703.29 1.79302297702
704.38 0.89923966942
705.39 1.5400239521
706.4 1.32494257426
707.4 1.616
708.4 1.80200599401
709.5 1.98496087352
710.68 1.6202811177
711.69 2.37926190476
712.69 2.18937862138
713.75 2.24098774741
714.76 2.31257142857
715.85 1.87828414299
716.93 1.88700740741
717.93 2.40527472527
718.94 1.8203968254
719.95 2.25381386139
720.96 1.68551533136
721.97 2.21910979228
722.99 2.67424533857
723.99 1.40562874251
725.0 2.08457142857
726.01 1.49214667988
727.01 2.03152095808
728.03 1.45221960784
729.04 1.6237388724
730.06 1.19914425908
731.08 1.33044705882
732.09 0.83434455446
733.1 0.57298007968
734.11 0.74765940594
735.12 0.96532804757
736.21 1.08571219065
737.21 1.44316483516
738.21 1.21089243028
739.21 1.24199000999
740.23 1.1602043222
741.34 1.6251027027
742.36 1.6416
743.36 1.16118962076
744.37 1.29855302279
745.38 1.19153267327
746.39 1.15242772277
747.5 0.99053693694
748.5 1.4540979021
749.51 1.14612487611
750.52 0.92242927794
751.53 0.80263230922
752.58 0.31268571429
753.59 0.57062970297
754.69 1.49396363636
755.7 1.47364752475
756.71 1.52567920792
757.71 1.08893413174
758.72 1.02158490566
759.93 0.85117355372
760.94 0.74765940594
761.95 0.61763168317
763.23 0.1028822606
764.39 1.29789203085
765.4 1.48620019822
766.41 0.63867062315
767.42 0.27115956392
768.43 0.27089108911
769.43 0.15863336663
770.72 0.12715724245
772.95 0.01471627073
774.88 0.89497148782
775.88 1.27916883117
776.89 1.21224182359
777.9 1.4504950495
778.91 1.22342178218
779.91 1.47758641359
780.99 1.25057275255
782.0 1.49928712871
783.02 1.12656470588
784.05 1.01037900875
785.07 0.80036862745
786.08 0.8713980198
787.08 1.2901018981
788.09 0.96780971259
789.19 0.98613284804
790.19 1.23543656344
791.19 1.16866267465
792.2 1.12082376238
793.21 1.23793806194
794.22 1.36976633663
795.22 1.63780376611
796.23 1.20495049505
797.29 0.75306415094
798.31 1.06084272997
799.32 0.91289499509
800.34 0.42996862745
801.35 0.4876039604
802.36 0.52478721279
803.36 0.80904695305
808.97 0.01068519508
809.98 0.58512475248
810.99 0.80387326733
812.08 0.38040696609
813.33 0.29791513211
814.56 0.39705365854
815.76 0.42774
816.78 0.49355294118
817.81 0.22939805825
818.82 0.34674059406
819.86 0.33109230769
820.94 0.22541481481
821.95 0.27089108911
822.98 0.26306019417
823.99 0.39008316832
825.0 0.30184554455
826.11 0.3666954955
827.17 0.52278524125
828.27 0.52146112116
829.29 0.76180924287
830.3 0.69594455446
831.32 0.67493333333
832.33 0.64262178218
833.33 0.64148651349
834.34 0.49645148515
835.34 0.67993606394
836.35 0.70722057369
837.36 0.74301684836
838.36 0.83884915085
839.96 0.37539537789
840.97 0.84971258672
841.99 0.67859470069
843.0 0.75774480712
844.01 0.69282854311
845.02 0.6332990099
846.04 0.57938823529
847.08 0.3879807877
848.31 0.46102764228
849.34 0.49938640777
850.35 0.46506138614
851.36 0.80454995054
852.37 0.84601783944
853.38 0.69118415842
854.4 0.78437647059
855.41 0.83074059406
856.54 0.88895119787
857.55 1.13774257426
858.57 0.7265254902
859.57 0.81205994006
860.58 1.29134588702
861.58 1.42337051793
862.74 1.29186206897
864.16 1.1939943662
865.16 1.00584215784
866.17 0.78691774034
867.17 1.2245034965
868.18 0.75376984127
869.19 0.84897425743
870.34 1.02748521739
871.36 0.81543529412
872.37 0.32506930693
873.42 0.35437714286
874.43 0.65798019802
875.45 0.94418823529
876.45 0.70836363636
877.47 0.95718065153
878.48 1.59107269155
879.49 0.9412027972
880.5 1.17389306931
881.63 0.26149380531
882.73 0.32772413793
883.73 1.09506256207
884.76 0.76039960823
885.77 1.12690693069
886.89 0.80944157003
887.98 1.0533553719
888.99 0.99687920792
890.0 0.54453861386
891.02 0.92272941176
892.03 0.46340594059
893.06 0.38250873786
894.14 0.2432
895.2 0.20649056604
896.48 0.24199375
897.5 0.42875612145
898.5 0.52114285714
899.51 0.43721980198
900.71 0.33080100756
901.73 0.36428793774
902.77 0.4104
903.78 0.39008316832
904.8 0.44815686275
905.82 0.39519215686
906.85 0.39313398058
907.87 0.22169411765
908.94 0.17387663551
910.06 0.09771428571
911.13 0.08182429907
912.22 0.12048440367
914.04 0.06943437672
915.05 0.16077700694
916.16 0.34008280828
917.17 0.62211485149
918.19 0.44474509804
919.26 0.13409236569
920.26 0.31894444444
921.41 0.8183026087
922.65 0.68739207761
923.8 0.7159237435
924.86 0.38826210826
925.86 0.34811928429
926.87 0.3889029703
928.09 0.593125
929.22 0.89748853616
930.23 1.50166567755
931.24 1.18074132805
932.4 1.09299310345
933.41 1.25756831683
934.41 1.46646953047
935.44 0.9155451895
936.46 0.74512156863
937.47 0.90480792079
938.47 1.4868971029
939.48 1.16847524752
940.49 1.30842418236
941.49 1.44655344655
942.55 1.0737509434
943.56 1.33782178218
944.57 1.03047770069
945.64 1.24917273576
946.65 1.31111287129
947.66 1.27860594059
948.67 0.72614469772
949.67 1.24636963037
950.69 0.99168627451
951.7 1.33410505451
952.74 1.04266666667
953.75 1.41002973241
954.83 1.07225901943
955.84 1.45197623762
956.85 1.16112127237
957.86 0.73975347913
958.87 0.78016633663
959.87 0.60581818182
960.88 0.81347869177
961.89 0.57428910891
963.01 0.41895714286
964.02 0.70431683168
965.17 0.22839652174
966.19 0.41844705882
967.2 0.60440236686
968.22 0.2325254902
969.26 0.28412307692
970.28 0.32188235294
971.3 0.61040784314
972.33 0.5086180758
973.35 0.41844705882
974.38 0.32899417476
975.38 0.61225174825
976.41 0.46796501458
977.43 0.35913385827
978.45 0.53647058824
979.47 0.4988
980.49 0.37362352941
981.5 0.64949554896
982.51 0.53098116947
983.53 0.43382745098
984.56 0.34000776699
985.58 0.21976101861
986.71 0.33419309123
987.84 0.52695221239
988.92 0.50666666667
989.94 0.17031145935
991.0 0.20494382022
992.06 0.10324528302
993.1 0.10688246628
994.14 0.12627692308
995.17 0.08491949564
996.23 0.08267422096
998.21 0.06616456335
999.24 0.26145772595
1000.28 0.15784615385
1001.35 0.16841830065
1002.36 0.19504158416
1003.38 0.25775858685
1004.39 0.23310671937
1005.42 0.21437806072
1006.5 0.10662222222
1007.56 0.19616603774
1008.69 0.15495929204
1009.84 0.07613217391
1011.64 0.01824
1013.67 0.03654384236
1014.71 0.45199230769
1015.72 0.18228910891
1016.73 0.28172673267
1017.79 0.16383849765
1018.82 0.21354146341
1019.86 0.21236923077
1020.88 0.38625882353
1021.89 0.23651485149
1022.98 0.38217415215
1024.02 0.47399422522
1025.22 0.05782666667
1026.45 0.44598373984
1027.45 0.45918881119
1028.47 0.34534249264
1029.5 0.29026019417
1030.52 0.34334117647
1031.53 0.30874777448
1032.56 0.35415354713
1033.7 0.43603508772
1034.73 0.54555965082
1035.75 0.63382924436
1036.75 0.8308741328
1037.94 0.40397629128
1038.95 0.60202772277
1039.95 0.91936318408
1041.18 0.75648
1042.24 0.67373620206
1043.25 0.76743256743
1044.26 1.10523564356
1045.28 0.84462745098
1046.3 0.39305098039
1047.31 0.80555247525
1048.32 0.6393029703
1049.32 0.83212685828
1050.33 0.69738613861
1051.34 0.82028514851
1052.35 0.69641980198
1053.36 0.72068910891
1054.47 0.59145945946
1055.49 0.83351928783
1056.49 0.62055896928
1057.51 0.41844705882
1058.61 0.13928727273
1059.62 0.31928712871
1060.63 0.29519280719
1061.63 0.34708424182
1062.64 0.53094653465
1063.65 0.31539009901
1064.66 0.33258741259
1065.67 0.20215897939
1066.68 0.3033980198
1067.71 0.38342130987
1068.72 0.34348514851
1069.73 0.48302574257
1070.84 0.4962018018
1072.07 0.42463089431
1073.08 0.43342574257
1074.1 0.43741176471
1075.11 0.24322376238
1076.11 0.49374625375
1077.13 0.40850097847
1078.13 0.44759240759
1079.14 0.54451485149
1080.15 0.61938217822
1081.17 0.53901176471
1082.19 0.60050196078
1083.21 0.49061932939
1084.23 0.36864313725
1085.37 0.47625263158
1086.47 0.60699636364
1087.48 0.56959207921
1088.6 0.60128571429
1089.68 0.64939259259
1090.7 0.70005490196
1091.7 0.7419265144
1092.7 0.67785014985
1093.72 0.41650245339
1094.73 0.76856973294
1095.75 0.53842829077
1096.95 0.47384512906
1097.97 0.55033398821
1098.98 0.4876039604
1100.0 0.43786666667
1101.0 0.57945254745
1102.01 0.5060852329
1103.14 0.50937345133
1104.16 0.62230588235
1105.17 0.48403168317
1106.21 0.42092307692
1107.65 0.09113671062
1108.76 0.89683603604
1109.78 0.77098039216
1110.8 0.61850196078
1111.81 0.49283168317
1112.83 0.62927843137
1113.84 0.89161546085
1114.85 1.18130959446
1115.86 1.12147472745
1116.88 1.21589803922
1117.9 0.65449411765
1118.9 0.51896207585
1119.91 0.96532804757
1120.94 0.55147235694
1122.17 0.79595117982
1123.19 1.24367843137
1124.2 1.12753081511
1125.21 0.73137883284
1126.22 1.05209910803
1127.32 0.11894010889
1128.33 0.81264285714
1129.33 0.87464535465
1130.34 0.73339147671
1131.35 0.78016633663
1132.36 0.63847128713
1133.36 0.90744455544
1134.4 0.24491538462
1135.41 0.56345346535
1136.43 1.31214131501
1137.44 1.40061721068
1138.44 1.06198601399
1139.58 0.845618964
1140.59 1.48828514851
1141.61 1.27942745098
1142.62 0.79184158416
1143.65 0.75439223301
1144.68 0.31121477162
1145.7 0.26797257591
1146.71 0.34708424182
1147.73 0.51501176471
1148.75 0.31582370225
1149.77 0.21458823529
1150.8 0.66939029126
1151.82 0.55834509804
1152.83 0.59262636274
1154.33 0.60753630913
1155.34 1.07539009901
1156.35 0.89321980198
1157.39 0.82553076923
1158.41 0.67595294118
1159.44 0.43707677357
1160.44 0.80904695305
1161.44 0.55037125749
1162.45 0.39151683168
1163.46 0.66097425743
1164.47 0.48742178218
1165.7 0.60344715447
1166.72 0.6887079646
1167.73 0.45068514851
1168.92 0.57387563025
1169.94 0.61157647059
1170.95 0.49403564356
1171.97 0.66867380721
1172.99 0.43299703264
1173.99 0.3189851338
1175.0 0.7177029703
1176.02 0.84497725025
1177.04 0.51925364431
1178.06 0.56921687929
1179.17 0.2683060306
1180.18 0.18438850347
1181.94 0.01242930153
1182.96 0.25775858685
1183.97 0.32502970297
1185.0 0.23375533981
1186.13 0.14527433628
1187.26 0.08716460177
1188.45 0.04640270728
1189.45 0.67816666667
1190.5 0.30226285714
1191.63 0.12906902655
1192.65 0.49355294118
1193.67 0.17882859941
1194.74 0.1841046729
1195.77 0.13812815534
1196.82 0.08970666667
1197.94 0.0684
1199.21 0.06070364501
1200.46 0.0350208
1201.92 0.00749589041
1203.07 0.02854956522
1204.16 0.08032293578
1205.34 0.0649220339
1206.36 0.07510588235
1207.41 0.05680761905
1208.54 0.05810973451
1209.56 0.06437647059
1210.62 0.09292075472
1211.65 0.09562718447
1212.94 0.09317647059
1213.96 0.43453831041
1214.96 0.25821648461
1216.14 0.4345220339
1217.35 0.41172231405
1218.5 0.4099826087
1219.52 0.48769411765
1220.53 0.72751683168
1221.54 0.70799207921
1222.54 0.7254985015
1223.74 0.62128666667
1224.76 0.91701960784
1225.78 0.62574288518
1226.98 0.68444666667
1227.98 0.96013586414
1229.07 0.76770642202
1230.1 1.27511758989
1231.17 1.29436414566
1232.27 1.16985454545
1233.28 1.2392309217
1234.29 1.07478019802
1235.54 1.2755456
1236.67 1.37624778761
1237.69 0.61641106719
1238.74 0.27928922495
1239.75 0.16253465347
1240.76 0.42259009901
1241.77 0.82408712871
1242.78 1.15474851485
1243.78 1.10021178821
1244.8 1.2325966634
1245.8 1.25285114885
1246.81 1.17095531281
1247.82 0.9488
1248.83 0.9062970297
1249.84 0.92635410485
1250.84 1.23698203593
1251.85 0.96627435388
1253.08 0.77967181154
1254.09 1.0087135778
1255.1 0.65013861386
1256.12 0.67595294118
1257.12 0.61025374625
1258.14 0.64439646712
1259.16 0.56865882353
1260.17 0.61763168317
1261.28 0.47042882883
1262.28 0.54665334665
1263.29 0.61824380575
1264.39 0.39819073569
1265.41 0.80470588235
1266.43 0.52315603533
1267.44 0.65013861386
1268.46 0.30012928501
1269.47 0.20659663033
1270.47 0.20731405783
1271.48 0.55371428571
1272.49 0.44989494549
1273.5 0.46547181009
1274.94 0.0532
1276.21 0.06036879433
1277.21 1.14632567433
1278.22 0.97117938553
1279.22 1.1592007992
1280.26 1.3040692974
1281.47 1.12511735537
1282.5 0.5724038835
1283.51 0.65713946588
1284.52 0.88940336967
1285.55 0.59161941748
1286.56 0.6067960396
1287.57 0.46004752475
1288.58 0.65901678184
1289.6 0.45636184857
1290.73 0.53243893805
1291.75 0.51501176471
1292.76 0.33263241107
1293.77 0.39008316832
1294.79 0.25750588235
1295.83 0.16161538462
1296.86 0.35063300971
1297.88 0.24750442478
1298.89 0.26005544554
1299.9 0.22918811881
1300.95 0.17718857143
1302.06 0.09859459459
1303.07 0.09752079208
1304.1 0.05307468477
1305.35 0.04567493995
1306.91 0.34725432415
1307.93 0.87061176471
1309.03 0.75609454545
1310.04 0.79139009901
1311.05 0.60839643211
1312.06 0.43840158259
1313.08 0.38482272282
1314.1 0.54577428852
1315.11 0.69793267327
1316.12 0.62384158416
1317.13 0.91706138614
1318.15 0.88060392157
1319.16 0.95916039604
1320.16 0.89446553447
1321.17 1.05165510406
1322.18 1.12690693069
1323.19 0.87536633663
1324.2 0.73215430267
1325.21 0.86771060456
1326.21 0.61443356643
1327.23 0.92363493621
1328.24 0.47182591494
1329.26 0.79507752699
1330.27 0.85078019802
1331.28 0.90542433234
1332.38 0.88426569609
1333.38 1.09221556886
1334.6 0.98464918033
1335.61 1.40057142857
1336.83 1.38641113841
1337.84 1.98292277228
1338.85 1.81520792079
1339.86 1.61611100099
1340.87 1.06693780849
1341.89 1.57266141732
1342.89 0.55758641359
1343.9 0.96437227723
1344.9 0.73717365269
1345.91 1.0944
1346.93 0.91289499509
1347.93 0.5256983017
1348.95 0.69809617272
1350.0 0.49268965517
1351.02 0.37701068999
1352.03 0.49843960396
1353.04 0.69485714286
1354.04 0.71500998004
1355.05 1.12690693069
1356.07 0.74577254902
1357.09 0.7296
1358.12 0.55251262136
1359.13 0.38327128713
1360.14 0.82350891089
1361.16 0.34334117647
1362.25 0.18057247706
1363.31 0.33038490566
1364.34 0.22313009709
1365.45 0.2004972973
1366.5 0.10422857143
1367.66 0.52342758621
1368.76 0.76841063245
1369.86 0.7275166817
1370.87 1.01547722772
1371.95 0.90126610644
1373.0 1.28330122757
1374.01 1.43832079208
1375.02 1.26172227772
1376.28 1.1733015873
1377.29 1.36255049505
1378.29 1.8478001998
1379.29 1.26540659341
1380.3 2.19091445428
1381.31 2.11597202797
1382.32 2.24575049505
1383.33 2.3852039604
1384.34 2.24939405941
1385.42 2.01181481481
1386.42 2.71961676647
1387.44 2.06906090373
1388.45 2.37300594059
1390.32 0.06994236926
1391.33 5.98029423459
1392.45 2.41335
1393.45 3.45619180819
1394.48 2.02877669903
1395.49 2.98961584158
1396.49 2.8759000999
1397.49 3.17879441118
1398.49 3.63113233831
1399.5 4.37322677323
1400.5 2.26044796829
1401.52 2.67111462451
1403.76 0.7300562249
1404.78 4.8768627451
1405.79 1.97404162537
1406.79 1.7869112662
1407.79 2.05336526946
1408.8 1.55960278054
1409.98 1.67341016949
1410.98 2.27407792208
1411.99 1.89214638971
1413.0 2.38296134787
1414.01 2.3479049505
1415.16 2.45725913043
1416.18 2.17807058824
1417.18 1.80281318681
1418.19 2.6465173439
1419.21 2.32075294118
1420.22 2.11607128713
1421.22 2.39434165834
1422.23 1.5864975223
1423.24 1.79871683168
1424.24 1.42044710579
1425.37 2.01064539007
1426.38 2.13776633663
1427.38 1.98185229541
1428.39 1.72206349206
1429.4 1.8816
1430.4 1.96951848152
1431.42 1.67622374877
1432.42 1.71407792208
1433.43 1.53394648167
1434.43 1.72138261738
1435.55 1.76418230563
1436.56 1.77704554455
1437.56 1.24561838162
1438.79 1.48023414634
1439.79 1.71311888112
1440.88 1.55029568411
1441.93 1.67304380952
1442.93 2.15166467066
1443.94 1.79902380952
1444.95 2.0933518335
1445.95 1.59306293706
1446.95 1.53054945055
1447.96 1.68880872151
1448.97 1.76066468843
1449.98 1.61143762376
1450.99 2.0371009901
1452.0 1.51020990099
1453.01 1.39455302279
1454.03 1.46992941176
1455.16 1.32477168142
1456.16 1.92421978022
1457.17 1.71411485149
1458.19 2.06004705882
1459.19 1.73715884116
1460.2 1.83496531219
1461.2 2.47087312687
1462.2 1.56505094905
1463.21 1.5633968254
1464.22 1.28751683168
1465.41 1.45072941176
1466.42 1.76796035679
1467.42 1.24064735265
1468.43 1.95041584158
1469.44 2.03052673267
1470.45 1.76788910891
1471.5 1.8801752381
1472.74 2.27210967742
1473.74 3.03232767233
1474.75 2.67905649158
1475.75 1.83272727273
1476.78 1.5421574344
1477.85 0.34968224299
1478.86 1.83122376238
1479.87 1.04022178218
1480.89 0.62243137255
1481.91 1.93002561576
1482.91 2.26931468531
1483.96 2.1041447619
1484.96 2.32874325674
1485.97 1.22871428571
1486.97 1.61809390609
1487.98 1.40369474727
1488.99 1.21359207921
1490.0 1.15826706231
1491.01 1.15693465347
1492.02 1.5820039604
1493.03 0.84
1494.03 1.58529470529
1495.04 1.08219623389
1496.05 1.41002973241
1497.06 0.537487636
1498.08 1.3762111437
1499.14 1.27606433302
1500.21 1.39457943925
1501.4 1.45499159664
1502.41 1.71203168317
1503.43 1.46816470588
1504.44 1.61103366337
1505.48 1.60958461538
1506.49 1.3977980198
1507.5 1.05283168317
1508.5 1.43063336663
1509.52 1.46269803922
1510.53 1.85887016848
1511.54 1.4022055336
1512.55 1.5161984127
1513.55 1.64581018981
1514.57 1.50425907753
1515.58 1.57116831683
1516.59 1.30582178218
1517.63 1.83595384615
1518.63 1.99966433566
1519.64 1.6956987116
1520.64 2.12027972028
1521.8 2.07766005177
1522.8 2.75513286713
1523.81 2.51008919722
1524.81 2.43564071856
1525.88 1.93590262172
1526.89 2.45725816024
1527.9 1.72062574257
1528.9 2.56927072927
1529.9 2.16923876124
1530.91 2.17035948361
1532.08 2.24365128205
1533.09 2.01542970297
1534.1 1.64887128713
1535.1 2.00075124875
1536.11 1.53133795837
1537.12 2.27548514851
1538.25 1.78228672566
1539.26 2.10419821606
1540.26 1.81488911089
1541.27 1.36883960396
1542.28 1.84205940594
1543.3 1.40265882353
1544.32 1.89724583741
1545.34 1.90283693517
1546.36 1.47468235294
1547.36 2.13194805195
1548.37 1.80566336634
1549.46 2.08509090909
1550.46 2.5802037962
1551.48 2.13453974485
1552.51 1.97150727449
1553.52 2.29943310208
1554.52 1.88551448551
1555.52 2.15495531281
1556.64 2.05965714286
1557.65 2.48180619381
1558.65 2.01892507493
1559.67 1.77608635918
1560.67 2.17568031968
1561.68 1.55466138614
1562.68 1.78208991009
1563.69 2.23435480674
1564.69 2.03466133866
1565.69 1.95535329341
1566.69 2.70046753247
1567.7 1.74854761905
1568.7 1.77480919081
1569.71 2.24935968379
1570.72 1.92516385303
1571.81 1.75989734189
1572.82 2.08044356436
1575.29 0.37472064777
1576.32 5.36484496124
1577.34 1.57877134446
1578.35 1.7896531219
1579.36 2.09127920792
1580.37 1.22442772277
1581.38 1.12329365079
1582.38 1.58529470529
1583.38 2.23034565435
1584.4 1.52974459725
1585.41 1.79871683168
1586.42 1.17205153617
1587.43 1.50615445545
1588.44 1.44148910891
1589.44 1.84768831169
1590.45 1.39888206145
1591.46 1.69036039604
1592.58 1.25960714286
1593.59 1.7337029703
1594.59 1.51076123876
1595.7 1.97812804328
1596.7 2.39434165834
1597.72 1.78260392157
1598.73 1.96454311199
1599.73 1.67156043956
1600.88 1.65488
1601.89 1.76971428571
1602.89 1.30306493506
1604.04 1.81303394256
1605.05 2.32735905045
1606.07 2.02500584795
1607.07 2.41744655345
1608.07 2.24926273726
1609.08 2.5885508982
1610.09 2.02965815324
1611.1 1.84118281718
1612.27 1.76218490246
1613.28 1.96125148515
1614.32 1.36270769231
1615.33 1.60367524752
1616.34 1.89142057942
1617.35 1.16283564356
1618.35 1.3124122894
1619.36 1.14857821782
1620.37 1.55093706294
1621.43 1.48888306829
1622.45 1.19074183976
1624.75 0.28438284972
1625.76 2.13648316832
1626.77 1.2791048951
1627.77 1.55103270565
1628.79 1.34634223541
1629.79 1.24066600595
1630.8 0.89222970297
1631.81 0.83434455446
1632.85 0.98233076923
1633.86 1.16983816184
1635.02 0.72456458512
1636.03 1.08129341317
1637.22 0.44762604341
1638.23 0.22754851485
1639.48 0.20650160772
1640.51 0.25361089494
1643.81 0.01985006046
1647.42 0.06074937552
1648.5 0.41546666667
1649.54 0.39987692308
1650.56 0.43990588235
1651.57 0.29299009901
1653.01 0.29531063238
1654.02 0.53641147379
1655.04 0.34782370225
1656.52 0.13319269777
1658.98 0.04852011377
1660.01 0.60118950437
1661.01 1.03801798202
1662.02 0.87086620416
1663.03 0.97188118812
1664.05 0.80856470588
1665.23 0.84631864407
1666.42 0.90870588235
1667.43 0.65013861386
1668.44 0.75814653465
1669.45 1.15316666667
1670.53 0.5686
1671.53 1.10650545094
1672.54 1.0934025974
1673.7 0.96257931034
1674.71 1.08002376238
1675.71 1.09789221557
1676.71 0.98898113208
1677.89 0.36091525424
1679.2 0.00841199078
1682.59 0.00321977052
1709.7 0.00403703567
1765.16 0.00019734208
1770.81 0.0019356208
1775.16 0.00251933702
1825.29 0.00043658123
1826.31 0.37552941176
1827.32 0.91914455446
1828.34 0.39509019608
1829.51 0.55254017094
1830.51 0.92453946054
1831.69 1.0221475827
1832.69 1.52863136863
1833.7 1.61805351833
1834.7 1.78405594406
1835.71 2.25450549451
1836.71 2.15214299901
1837.72 2.18301879327
1838.72 2.21072527473
1839.75 3.0637265625
1840.75 2.82796410768
1841.8 3.00418285714
1842.8 2.87986427146
1843.8 3.06752447552
1844.81 3.23404595405
1845.81 2.92742743539
1846.88 2.74317009346
1847.88 3.49957242757
1848.88 4.14277722278
1849.94 3.75550519358
1850.94 4.36192607393
1851.96 3.99048478901
1852.96 3.99286313686
1853.96 3.40100699301
1854.97 3.47395238095
1856.02 4.05499332698
1857.03 4.87121661721
1858.61 1.2369047014
1859.61 7.23026467662
1860.61 4.59188811189
1861.61 3.84219560878
1862.62 4.28900598802
1863.68 3.16918685446
1864.68 3.18152247752
1865.68 2.61346653347
1866.69 4.16501090188
1867.69 3.62375224775
1868.7 3.34761904762
1869.8 4.20427586207
1870.8 5.19320679321
1871.81 3.99697902098
1872.81 3.67685402185
1873.96 0.37309090909
1874.96 6.4191142006
1875.97 4.08085459941
1876.99 3.98061176471
1878.0 3.35280719281
1879.17 3.63650933786
1880.17 4.76681718282
1881.18 2.86925668979
1882.37 3.29133445378
1883.37 4.60282117882
1884.38 3.83366501487
1885.39 3.6737245509
1886.46 3.94851948052
1887.47 3.91166732673
1888.47 1.70640559441
1889.57 2.80893903549
1890.66 3.20517431193
1891.71 3.27336380952
1892.72 2.37065875371
1893.73 2.17516039604
1894.74 3.59015262636
1895.74 1.9404995005
1897.52 0.37695313382
1898.53 6.25493123772
1899.53 2.7114005994
1900.54 3.06615445545
1901.55 3.44533866134
1902.55 3.03774603175
1903.72 2.25520683761
1904.72 3.51445354645
1905.73 3.51923960396
1906.74 3.60045508982
1907.76 3.18033463035
1908.77 3.26299300699
1909.77 4.59188811189
1910.77 2.9688182721
1911.77 2.940995005
1912.78 2.8782017982
1913.78 4.65309811695
1914.79 3.96032767233
1916.85 1.30842718447
1917.85 6.40053546454
1918.85 2.41077259186
1919.85 2.54382417582
1921.02 2.58957057314
1922.02 3.48764835165
1923.18 1.95223448276
1924.19 3.42711287129
1925.34 2.82319304348
1926.35 2.9081958042
1927.35 1.95929435084
1928.36 1.72851485149
1929.37 1.27987314172
1930.38 1.11408110781
1931.39 1.25105367793
1932.4 1.06990891089
1933.41 0.89935841584
1934.41 0.54527872128
1935.44 0.87126990291
1936.46 1.03407874016
1937.48 0.57194509804
1938.49 0.61763168317
1939.5 0.32506930693
1940.51 0.87768712871
1941.69 1.1575021097
1942.7 1.32852537313
1943.72 0.90701369863
1944.73 1.10852830189
1945.74 0.60838019802
1946.94 1.51004163197
1947.95 2.15629306931
1948.95 1.81297102897
1949.96 2.23775396825
1950.97 1.79209495549
1951.98 1.65196432111
1952.98 1.73193206793
1953.98 2.62393606394
1954.98 2.51774625375
1955.98 2.53094905095
1956.99 3.31165873016
1957.99 3.15338261738
1959.0 2.43246031746
1960.37 1.72922627737
1961.37 2.86446353646
1962.37 2.49834825871
1963.38 3.42745688801
1964.39 2.63101782178
1965.4 3.08815841584
1967.45 0.144
1968.46 6.65848959366
1969.46 2.60756043956
1970.47 2.60451932607
1971.78 1.53282200153
1972.79 2.4921980198
1973.79 2.03590809191
1974.9 1.66749143372
1975.9 2.31781018981
1976.91 1.43418037661
1977.91 1.71649150849
1978.92 1.41205946482
1979.93 2.06960792079
1980.94 1.86607524752
1981.94 2.32874325674
1982.94 2.07981618382
1983.95 1.93576214073
1985.08 1.94973451327
1986.09 2.47052673267
1987.1 1.63011298315
1988.1 1.81178821179
1989.11 2.07165906838
1990.11 1.58991408591
1991.12 2.03911992071
1992.14 0.75741960784
1993.15 0.80183762376
1994.16 0.99687920792
1995.18 0.92795298727
1996.2 1.12658823529
1997.22 0.71957605496
1998.25 0.83284660194
1999.26 0.97617443013
2000.27 0.57428910891
2001.28 0.7910019802
2002.3 0.51513418217
2003.31 0.49843960396
2004.33 0.41803721841
2005.47 0.4157826468
2006.48 0.74765940594
2007.49 0.57526336634
2008.52 0.44626019417
2009.55 0.34266927593
2010.58 0.29721823472
2011.71 0.21228697963
2012.75 0.25255384615
2013.78 0.25500582524
2014.83 0.23972571429
2016.0 0.15010598291
2017.04 0.14732307692
2200.77 0.00011912744
