1.0 1.80517882118
2.04 1.53102598653
3.15 1.26663546355
4.16 1.17587326733
5.17 1.45822001982
6.17 0.90203396603
7.18 1.37859266601
8.18 1.91119280719
9.2 1.1619313052
10.21 1.23138217822
11.25 1.10707692308
12.25 1.67947252747
13.26 1.36012685828
14.31 1.74020571429
15.41 1.28068425842
16.42 0.89846884273
17.55 1.50129317981
18.55 1.90694905095
19.81 1.48197138315
20.85 0.92131412104
21.86 1.91980971259
22.91 1.48886692015
23.92 1.84500793651
24.92 1.95709381238
25.93 2.07314285714
26.94 1.95087524752
27.95 1.93916205534
28.96 1.95080952381
30.11 1.91260521739
31.12 1.89623762376
32.13 1.03376015857
33.13 1.02770829171
34.15 1.05182745098
35.21 1.39655849057
36.22 1.64701782178
37.24 1.25181960784
38.26 1.44061176471
39.27 2.11295049505
40.28 1.45991674926
41.28 1.19685914086
42.57 0.98829480217
43.57 1.16983816184
44.59 1.05282352941
45.59 1.13422931206
46.6 0.85601584158
47.61 0.59596039604
48.62 0.43890693069
49.64 0.76178823529
50.65 0.90203773585
51.66 0.40091881188
52.69 0.32330873786
53.71 0.59011764706
54.75 0.95031700288
55.76 1.12340931615
56.76 1.23858541459
57.96 1.50943119266
58.96 1.35973626374
59.97 1.13694350842
60.98 1.12611485149
61.99 1.07222200198
63.01 0.98041919687
64.02 1.11897029703
65.11 1.26800733945
66.12 1.66868910891
67.12 1.31577644711
68.13 1.17147619048
69.14 1.46281188119
70.14 1.26595004995
71.14 1.31454145854
72.3 1.57383765112
73.31 1.75537425743
74.31 1.43111288711
75.32 1.51117542121
76.47 1.18754086957
77.48 1.64701782178
78.49 1.34929376855
79.5 1.52788107037
80.5 1.54360839161
81.51 2.0995944334
82.52 1.37615049505
83.52 1.30155932203
84.53 1.60845283019
85.53 1.58476723277
86.54 1.73137883284
87.54 1.46823435948
88.55 1.77704554455
89.56 1.47884115884
90.56 1.41078295342
91.57 1.52782574257
92.58 1.24287016848
93.59 1.47364752475
94.6 1.28105346535
95.61 1.50615445545
96.62 1.23105649158
97.63 1.10243168317
98.64 1.39525099602
99.64 1.00137848606
100.64 1.29844067797
101.65 0.88823015873
102.66 1.18225569871
103.67 0.90821760633
104.68 1.19310208127
105.69 0.86026930693
106.69 1.20263736264
107.7 0.93867722772
108.8 1.13741818182
109.82 1.24583316977
110.89 0.51679850746
111.9 1.19651241311
113.07 1.02836239316
114.07 1.12610589411
115.08 0.7409950446
116.09 1.02938613861
117.1 0.83860455897
118.25 0.80907037359
119.26 1.05105742574
120.28 1.0944
121.29 0.9781407334
122.3 1.54018632309
123.3 1.10199400599
124.31 0.89040237859
125.32 1.0944
126.33 0.96450693069
127.34 0.96559762141
128.35 1.04022178218
129.36 0.74934653465
130.37 1.20275643564
131.37 0.894001998
132.38 1.23771428571
133.39 0.92151928783
134.4 1.10633102081
135.5 0.53884363636
136.52 0.87981176471
137.52 0.82203369673
138.53 0.98593267327
139.67 1.21060300619
140.67 1.14971655104
141.68 0.95961980198
142.69 1.50615445545
143.7 0.99202378593
144.71 1.07037125749
145.81 0.86015509468
146.83 1.06084272997
147.83 1.18225569871
148.85 0.84047058824
149.86 0.95637735849
150.86 0.54676769691
151.87 0.90024975223
152.88 0.68141832669
154.05 0.59038095238
155.07 0.49403729146
156.08 0.24897329377
157.16 0.10208955224
158.17 1.36930563798
159.17 1.22044532803
160.18 1.23622924901
161.19 1.31153968254
162.19 1.31863336663
163.2 1.36965544554
164.21 1.6216
165.22 1.49379228487
166.23 1.14919480519
167.23 1.48215873016
168.24 1.38681980198
169.37 1.54178210806
170.47 1.80940363636
171.65 1.73242033898
172.66 2.0242611276
173.67 1.51687301587
174.68 1.52851434224
175.69 1.49286818632
176.7 1.72116320475
177.7 1.26061938062
178.71 1.16604955401
179.72 1.43172249752
180.76 1.03816923077
181.77 1.08356435644
182.78 0.72527002967
184.19 0.09335612536
185.2 1.08378325123
186.23 0.59501359223
187.24 0.9427009901
188.26 0.71151372549
189.29 0.47813592233
190.3 0.35757623762
191.36 0.28935977337
192.54 0.12046740051
193.55 0.55316551041
194.56 1.0670019802
195.58 0.76912941176
196.6 0.9161373896
197.61 0.59596039604
198.63 0.57134117647
199.71 0.39556626506
200.74 0.16188372093
201.75 0.86771060456
202.76 0.53797227723
204.93 0.28735115207
206.01 0.87722962963
207.03 0.81543529412
208.05 0.87669803922
209.05 1.25410589411
210.07 0.83704808636
211.25 0.79029830508
212.27 0.76152156863
213.48 0.62609586777
214.49 0.67180990099
215.5 0.57067457962
216.51 0.83517145689
217.52 0.56841980198
218.53 0.74840039643
219.65 0.50081712756
220.67 0.75179587831
221.68 0.36057029703
222.79 0.49297297297
223.79 0.53572027972
224.8 0.50023762376
225.81 0.47629673591
227.03 0.59835274815
228.05 0.71887058824
229.07 0.67595294118
230.12 0.25475809524
231.16 0.32621538462
234.3 0.11838268067
235.31 0.86865079365
236.34 0.49590679612
237.39 0.30883047619
238.39 0.29519280719
239.65 0.1738522637
240.66 0.17773465347
241.7 0.14732307692
242.83 0.07747964602
244.61 0.04918651685
246.61 0.05196011964
247.63 0.18174925962
248.9 0.31575433071
249.91 0.50927524752
250.92 0.53984158416
251.93 0.60948910891
253.13 0.4965
254.14 0.5852990099
255.15 0.64129108911
256.16 0.41886108374
257.18 0.59539704433
258.21 0.49133203883
259.23 0.40771764706
260.24 0.26366732673
261.26 0.34288627451
262.27 0.32506930693
263.43 0.4734
264.46 0.5206368932
265.61 0.21475478261
266.65 0.24203076923
267.75 0.44109190173
268.88 0.48082758621
270.51 0.31760981595
271.86 0.17024
272.92 0.19616603774
273.96 0.14287692308
274.99 0.14875339806
276.0 0.24061843409
277.02 0.08386287953
278.18 0.24550819672
279.37 0.12836302521
280.38 0.23838415842
281.41 0.2868815534
282.45 0.21540115163
283.73 0.32010015649
284.74 0.43342574257
285.74 0.24194251734
286.79 0.33641498559
287.8 0.28172673267
288.82 0.29595294118
289.85 0.39836893204
290.86 0.37991756624
292.01 0.38682559159
293.15 0.40684912281
294.15 0.50397621407
295.3 0.36806956522
296.64 0.36226865672
297.7 0.16519245283
298.71 0.17337029703
299.73 0.17109396637
300.81 0.32426666667
301.81 0.37403592814
302.81 0.48819860973
303.83 0.48124233432
304.85 0.43247843137
305.85 0.54479286422
306.86 0.49497821782
307.89 0.42233888345
308.9 0.51455841584
309.9 0.43207135778
311.36 0.30467263956
312.36 0.61153617443
313.37 0.66845154845
314.48 0.61675675676
315.49 0.66830891089
316.5 0.66377029703
317.5 0.73435084242
318.53 0.62737708129
319.54 0.39543081452
320.57 0.71816650343
321.78 0.59653486464
322.93 0.40921043478
325.64 0.04840177253
326.66 1.09440313112
327.68 0.45374925962
328.68 0.25737437934
329.69 0.34674059406
330.72 0.32445048544
331.76 0.31569230769
332.78 0.22531764706
333.8 0.24121568627
334.93 0.31718230088
335.94 0.46380990099
337.45 0.30514437086
339.08 0.18112392638
340.12 0.35726923077
341.14 0.29927058824
342.48 0.13740298507
343.49 0.28172673267
344.51 0.26109019608
345.53 0.25370980392
346.57 0.34726153846
347.94 0.17544158707
348.96 0.32335082604
349.99 0.28716034985
350.99 0.19533266733
352.06 0.22692554194
353.08 0.17016909621
354.14 0.24778867925
355.16 0.13516078431
356.2 0.23150769231
357.23 0.20207580175
358.25 0.16078354554
359.29 0.08219230769
360.34 0.13562631077
361.36 0.20365915769
362.74 0.11102608696
363.83 0.06948760331
364.85 0.27869147894
365.86 0.2624950495
366.87 0.32539147671
367.88 0.21143762376
368.89 0.3033980198
369.96 0.23771962617
371.02 0.31975871819
372.11 0.20996323529
373.13 0.35407058824
374.15 0.28843921569
375.33 0.33388474576
376.42 0.22929174312
377.44 0.33261176471
378.44 0.32674650699
379.49 0.46947569113
380.51 0.38325417076
381.53 0.35002352941
382.56 0.27625631068
383.57 0.29015445545
384.6 0.27572093023
385.67 0.13321348315
386.78 0.11353037171
388.04 0.19714601421
389.05 0.2505980198
390.33 0.35707103825
391.45 0.45188203753
392.54 0.45731376147
393.8 0.38358762887
394.81 0.5027960396
395.89 0.79857645968
396.99 0.83527272727
398.12 1.02732743363
399.19 1.05112978525
400.2 1.28448702595
401.2 1.33835948361
402.28 0.97342962963
403.3 1.17773947111
404.31 1.33010109019
405.33 1.21610969638
406.34 1.65949653122
407.34 1.37273126873
408.35 1.2638493558
409.36 1.32845940594
410.38 1.31613333333
411.39 1.61291394659
412.53 1.43615803336
413.53 2.17568031968
414.54 1.73434126984
415.55 1.62373861386
416.55 1.36508291708
417.56 1.29087809713
418.56 1.3567952048
419.57 1.44190287413
420.58 1.44427353816
421.59 1.39263366337
422.59 1.44258941059
423.6 1.27585361029
424.64 1.45806352262
425.66 1.75361727184
426.67 1.50422970297
427.82 1.24152347826
428.83 1.77583366337
429.83 1.7393006993
430.83 1.58298501499
431.85 1.65823182711
432.88 1.66109514563
433.89 2.36451139742
434.91 1.93327058824
435.92 1.78788118812
436.93 1.69203567889
437.93 1.5069010989
438.94 1.66868910891
439.96 1.5265697446
440.96 1.18886713287
442.1 1.35981035996
443.11 1.6886884273
444.12 1.16840436075
445.13 1.22564122894
446.16 0.98814757282
447.24 0.66307407407
448.25 0.6067960396
449.25 0.69901796407
450.26 1.11434126984
451.3 1.09334870317
452.83 0.84765126871
453.84 1.25289110889
454.96 1.17609277431
455.97 1.46281188119
456.98 1.13944895937
457.99 1.56961424332
459.0 1.26931219029
460.0 1.59622777223
461.01 1.20757185332
462.06 1.26772571429
463.06 1.41036563437
464.07 1.25619821606
465.17 1.33314909091
466.18 1.50466468843
467.19 1.10262178218
468.29 1.26348363636
469.29 1.3557002997
471.85 0.20567096522
472.86 1.13887016848
473.86 1.28665734266
474.87 1.30680673935
475.87 1.39247952048
476.88 1.44026957384
478.0 1.25741302409
479.01 1.9577029703
480.16 1.38133565217
481.24 1.7636107507
482.24 2.46650698603
483.25 1.6776
484.25 1.77735054618
485.27 1.75107418398
486.28 1.94157623762
487.28 2.30687712288
488.28 1.75623809524
489.3 1.86240949555
490.3 1.89142057942
491.31 1.42735841584
492.31 1.51253546454
493.32 2.20181565907
494.33 1.69871952428
495.35 1.53479215686
496.39 1.59824594852
497.4 2.11295049505
498.42 1.69468503937
499.42 1.6906374502
500.58 1.53118055556
501.58 1.89142057942
502.58 1.34790049751
503.58 1.55785229541
504.59 1.90896333003
505.62 1.394785645
506.63 1.672
507.63 1.72742457542
508.64 1.15734390486
509.9 0.99836320381
510.91 0.52062636274
512.19 0.24795
513.19 0.86371228771
514.21 0.84192156863
515.23 0.92496957802
516.25 0.94511481845
517.31 0.6961734213
518.35 1.26276923077
519.38 0.66471387003
520.43 0.40765616046
521.55 0.57684924175
522.57 0.7595542522
523.62 0.16740344168
524.63 0.2720555005
525.65 0.34334117647
526.67 0.5472
527.71 0.30293076923
528.72 0.32314455446
529.74 0.53594515181
530.75 0.60329038652
531.76 0.89687042532
532.77 1.10768681863
533.77 1.21290709291
534.77 1.2534985015
535.78 1.14661645193
536.79 1.36424182359
537.87 1.06025925926
538.87 1.31508491508
539.88 0.98153419227
540.89 1.1786481665
541.9 0.63301285856
542.91 0.48808721506
543.93 0.62655686275
544.95 1.37232941176
545.98 0.6906407767
547.0 0.40839254171
548.01 0.55316551041
549.04 0.56941860465
550.2 0.49017054264
551.24 1.15915830116
552.25 0.29256237624
553.83 0.23550379747
554.83 0.33623785927
555.85 0.42217210682
556.88 0.62677281553
558.22 0.17138255034
559.23 0.19523488603
560.93 0.07687507331
561.97 0.51698850575
562.98 0.18457142857
564.01 0.17116715543
565.04 0.21219417476
566.05 0.34674059406
567.07 0.35317647059
568.09 0.3648
569.18 0.15147889908
570.33 0.51690434783
571.38 0.54296380952
572.38 0.77239246779
573.42 0.6579243453
574.47 0.45860571429
575.48 0.40873663366
576.49 0.38342970297
577.5 0.55536800785
578.51 0.59790891089
579.52 0.74855445545
580.54 0.24897329377
581.58 0.25985891325
582.59 0.29256237624
583.64 0.27848380952
584.71 0.29661308411
585.84 0.08716460177
586.87 0.38041919687
587.88 0.81334653465
589.03 0.6947299396
590.04 1.07042557443
591.05 1.08551128557
592.06 1.45257821782
593.07 0.97552047952
594.17 1.06893417493
595.21 0.684
596.22 0.47416237624
605.75 0.11371284635
606.79 0.23110769231
607.83 0.49860769231
608.85 0.60340392157
609.89 0.98213846154
611.08 1.27315630252
612.08 1.71637962038
613.09 2.5228543112
614.1 2.18678019802
615.14 1.72409230769
616.15 2.0046970297
617.22 1.54596635514
618.22 1.95701898102
619.25 1.55836734694
620.26 2.17142288557
621.26 2.82676739563
622.26 3.16269330669
623.28 2.90094373149
624.28 2.70981890547
625.28 2.85107692308
626.3 3.2935256917
627.3 3.25483101392
628.3 3.19866533467
629.31 3.30074455446
630.31 3.23742657343
631.5 2.56221735468
632.5 2.66885114885
633.5 2.38745254745
634.54 2.1081849711
635.55 2.70891089109
636.57 1.73284396467
637.76 2.46450377834
638.77 3.70946283449
639.88 2.41027027027
640.88 3.16696103896
641.88 3.45484915085
642.89 3.40596031746
643.95 3.13255419416
644.97 0.16062622309
645.98 6.32505555556
646.98 4.08185414585
648.01 3.20673929961
649.02 4.92534124629
650.02 3.99104895105
651.02 4.11335864136
652.02 4.23976023976
653.03 4.29723260437
654.03 3.21432167832
655.04 2.77247175421
656.16 2.51639285714
657.16 3.17058941059
658.17 3.20007928642
659.18 3.4726884273
660.18 3.41225974026
661.18 3.51448303393
662.27 3.98055248619
663.93 0.23636538462
664.94 6.17211133201
665.95 1.92344103072
666.95 1.98852347652
667.96 2.26689395441
668.96 2.0127952048
669.97 2.27669375619
670.98 2.070140455
671.98 2.73326673327
673.0 1.95525663717
674.01 1.5494970297
675.06 0.95291428571
676.1 0.45249230769
677.12 0.33261176471
678.12 0.30430188679
679.81 0.10404278075
681.09 0.05975663027
682.11 1.12880157171
683.11 1.35986427146
684.12 1.65508730159
685.13 1.72286732673
686.14 1.75537425743
687.15 0.99293465347
688.15 1.33383416583
689.16 1.52933994054
690.17 1.3968
691.18 1.75194455446
692.18 1.4844995005
693.37 1.38694028595
694.39 0.912
695.4 0.8768189911
696.41 0.41649157582
697.42 0.6067960396
698.42 0.60131868132
699.43 0.37962338949
700.45 0.34334117647
701.49 0.32621538462
702.64 0.23912967798
703.64 0.57945254745
706.35 0.04840177253
707.35 1.59857884232
708.35 0.76952191235
709.36 1.17946719682
710.37 0.54178217822
711.62 0.2451456
715.22 0.11423111111
716.23 0.41216253717
717.26 0.32906304559
719.25 0.14408044243
720.26 0.42175494071
721.3 0.15554186718
722.32 0.27896470588
723.35 0.25002137998
724.35 0.31705894106
725.39 0.16457362849
726.56 0.4475764304
727.57 0.76227326733
728.58 0.79727272727
729.75 0.58006164384
730.76 0.40131615461
731.8 0.23892411143
732.86 0.20668555241
734.16 0.07511384615
735.25 0.37771009174
736.26 0.83440792079
737.27 0.70963960396
738.29 0.95989019608
739.31 0.64379607843
740.32 0.95198415842
741.32 0.82745254745
742.35 1.09166958212
743.37 0.66522352941
744.38 0.39008316832
745.44 0.20692075472
746.45 0.11919207921
747.89 0.0456
748.92 0.26563106796
750.04 0.09771428571
751.52 0.16268108108
752.77 0.1663488
753.93 0.13655172414
754.96 0.13812815534
755.99 0.15937864078
756.99 0.1967952048
758.02 0.19042954325
759.07 0.23972571429
760.18 0.13815689811
761.28 0.14220526794
762.33 0.12507428571
763.34 0.44072871287
764.36 0.24677647059
765.46 0.14741090909
766.49 0.23375533981
767.51 0.34334117647
768.55 0.30747256978
769.59 0.23150769231
770.6 0.16613861386
771.61 0.39008316832
772.62 0.39436920039
773.64 0.814906588
774.65 0.80963168317
775.66 0.75561622156
776.67 0.85796630327
778.06 0.72350251618
779.19 0.8834770318
780.21 1.4414159292
781.23 1.49721568627
782.43 1.3034044665
783.44 1.42193006993
784.45 1.94382574257
785.46 1.37476557864
786.47 1.43111199207
787.48 1.41847920792
788.48 2.11303096903
789.48 2.22588095238
790.65 2.17071452991
791.66 2.876995005
792.67 2.67175662414
793.68 2.24497425743
794.69 2.1512967033
795.7 2.37300594059
796.7 1.62721428571
797.7 2.01534465534
798.71 2.31047352647
799.72 3.05313948919
800.72 1.86300899101
801.73 1.93415384615
802.73 1.99643650794
803.76 1.92971650485
804.77 2.65210682493
805.78 1.68298909812
806.79 1.35445544554
807.81 1.02223356232
808.81 1.14797202797
809.82 1.06294549058
810.84 0.83698039216
811.85 1.40584980237
812.86 1.20173015873
813.87 1.00771485149
814.88 1.20275643564
816.05 1.01094017094
817.05 1.41988023952
818.06 1.14738888889
819.09 1.06149369544
820.11 0.97733464181
821.12 0.77237227723
822.13 1.12579228487
823.13 1.02953846154
824.15 1.42841216879
825.16 1.28031714569
826.18 1.09679293425
827.19 1.3977980198
828.19 1.03005794206
829.2 0.90024975223
830.21 0.54462512364
831.22 0.84685714286
832.23 1.19042376238
833.32 1.46373577982
834.32 2.30075524476
835.47 2.54093646649
836.47 2.36933466533
837.47 2.07993606394
838.49 2.08250687623
839.49 2.30358441558
840.49 2.03355044955
841.51 1.94191543756
842.51 2.5474045954
843.52 2.27774033697
844.53 1.87081980198
845.53 2.19754645355
846.54 1.67786507937
847.55 1.63618217822
848.56 1.14532277228
849.57 1.34361980198
850.57 1.25231568432
851.57 2.36154245754
852.67 3.02722474977
853.73 2.66827573182
854.73 3.77190809191
855.75 3.08621786065
856.75 3.10368831169
857.75 3.13440959041
858.76 2.88891518738
859.77 3.03998406375
860.77 3.01268331668
861.78 3.22315163528
862.78 3.40652947053
863.91 3.15527787611
864.92 3.82877304262
865.92 3.23718962076
866.94 3.16158742633
867.94 3.57573626374
868.96 3.13412365064
869.96 3.09901298701
870.97 2.10854653465
871.98 2.13885714286
872.98 1.77081318681
873.99 2.0371009901
875.0 1.57587326733
876.0 2.12115884116
877.01 1.88727056492
878.02 1.36269573835
879.03 1.15941386139
880.06 1.2644038835
881.06 0.72077522478
882.07 0.97617443013
883.08 1.23526336634
884.08 1.10732467532
885.09 1.32325867195
886.09 1.36663336663
887.1 1.03414866204
888.1 1.3229010989
889.12 1.10743866536
890.16 0.81027692308
891.18 0.74032941176
892.21 0.42500970874
893.22 0.53094653465
894.6 0.28134492754
895.61 0.65013861386
896.73 0.342
897.74 0.86209108911
898.86 1.24622142857
899.98 1.22692142857
900.98 1.62420779221
901.99 1.42049554014
903.01 1.34601568627
904.02 1.20302574257
905.15 1.14971327434
906.15 1.79003396603
907.16 1.39131813677
908.17 1.55475643564
909.18 1.67952475248
910.19 1.21831287129
911.34 0.94065391304
912.35 1.22442772277
913.49 0.53741878841
914.49 0.39319760479
915.56 0.13296448598
916.57 0.44470168484
917.69 0.07817142857
918.7 1.16126858276
919.73 0.6906407767
920.74 0.44343422354
921.76 0.5155171737
922.76 0.72887112887
923.77 0.62909018831
924.78 0.60739742319
925.89 0.30302702703
926.91 0.9576
928.04 0.42517418214
929.05 0.72670763132
930.08 0.6661592233
931.09 0.62291658489
932.1 0.60588211788
933.11 0.95357623762
934.12 1.04525148515
935.12 0.77084920635
936.13 0.6888
937.13 0.67785014985
938.14 0.54231912785
939.14 0.62572627373
940.16 0.55902554028
941.2 0.54676923077
942.23 0.52229912023
943.23 0.38037735849
944.51 0.26285625
945.53 0.67595294118
946.55 0.90826248776
947.56 0.82100793651
948.6 0.81232245681
949.61 0.81428571429
950.62 0.0648213228
951.66 0.18700096432
952.69 0.76501747573
953.71 0.42231372549
954.84 0.12590442478
955.85 0.62524356436
957.04 0.3611697479
958.07 0.22313009709
959.1 0.15937864078
960.12 0.27087843137
961.14 0.34633040078
962.18 0.42488717454
963.19 0.36841188119
964.21 0.28699607843
965.23 0.28969411765
967.01 0.14512808989
968.04 0.38250873786
969.82 0.11831460674
970.84 0.50428235294
971.85 0.49720515362
972.86 0.65771881188
973.87 0.68161584158
974.93 0.89298867925
975.98 0.95572163966
977.0 0.99876078431
978.01 1.17814653465
979.03 1.20617254902
980.04 1.10486336634
981.06 0.62552156863
982.14 0.65067160037
983.16 0.79553634578
984.17 0.62353221011
985.23 1.0127728558
986.24 1.39897821782
987.25 1.84036471754
988.26 1.95591304348
989.28 1.85453831041
990.45 1.96970940171
991.45 2.39434165834
992.46 1.95737301587
993.47 2.01503366337
994.47 1.98729270729
995.48 2.11744697721
996.48 1.86854291417
997.49 2.00056405164
998.5 1.81793267327
999.5 2.52553846154
1000.51 1.9024222002
1001.51 2.0841958042
1002.6 1.77400364299
1003.62 1.91601186944
1004.62 1.45324275724
1005.62 1.63018867925
1006.62 0.96872727273
1007.63 1.11607128713
1008.66 1.15606262231
1009.67 1.48356777996
1010.68 1.09854145854
1011.68 1.30285714286
1012.69 1.35445544554
1013.69 1.24623376623
1014.7 2.13462178218
1015.71 1.6324039604
1016.72 1.75711397423
1017.72 1.48597002997
1018.73 1.5307009901
1019.74 1.55792269574
1020.91 1.68248888889
1021.91 2.20847952048
1022.92 1.94112190287
1023.94 1.5842043222
1024.96 1.06221176471
1025.97 0.97429871414
1026.98 1.14971655104
1028.01 0.50752186589
1029.02 0.69348118812
1030.03 0.55207121662
1031.04 1.16572447968
1032.04 1.06773226773
1033.06 1.68782711198
1034.11 0.30692293054
1035.14 0.42542274052
1036.15 0.7910019802
1037.16 0.71586124876
1038.18 0.6560235525
1039.19 0.80183762376
1040.2 0.85601584158
1041.21 0.42284356436
1042.25 0.66423121387
1043.27 0.43947502449
1044.33 0.45427924528
1045.39 0.26843773585
1046.92 0.12875294118
1047.92 0.97225174825
1048.93 1.83492566898
1049.97 0.97363076923
1050.98 1.30815841584
1052.16 1.08170847458
1053.17 1.31246686449
1054.18 1.34579187314
1055.19 1.12366369931
1056.21 0.99523137255
1057.26 0.76414871306
1058.27 0.96437227723
1059.28 0.89766501487
1060.29 0.92102970297
1061.31 0.29516862745
1062.31 0.52478721279
1063.32 1.19140594059
1064.33 1.25961188119
1065.35 0.60084705882
1066.55 0.30049040867
1067.61 0.05162264151
1068.61 1.2075387674
1069.82 1.00169256198
1070.82 1.35714685315
1071.9 1.30522222222
1072.91 1.43957936508
1073.92 1.17018613861
1074.92 1.33109290709
1076.04 0.7789383378
1077.04 1.23543656344
1078.05 1.43587301587
1079.05 1.24031168831
1080.09 1.4725466795
1081.11 1.43774117647
1082.12 0.96147181009
1083.12 1.46503096903
1084.14 1.06613176008
1085.15 1.54018632309
1086.16 1.04513043478
1087.17 1.26911111111
1088.18 1.43971513353
1089.18 0.9859020979
1090.19 1.28697619048
1091.2 1.67952475248
1092.2 1.32058341658
1093.22 1.30176817289
1094.23 1.17318811881
1095.37 1.29002985075
1096.42 1.45011809524
1097.55 1.36631653404
1098.56 1.38787326733
1099.57 1.39854905847
1100.58 1.41187734916
1101.59 1.72457482656
1102.6 1.48270623145
1103.6 1.41293106893
1104.61 1.38791269841
1105.62 1.33146587537
1106.63 1.26722695738
1107.64 1.39103366337
1108.64 1.27052947053
1109.65 1.26897125867
1110.72 1.25086834734
1111.74 1.62173110893
1112.74 1.18174625375
1113.75 1.30661645193
1114.76 1.64538872404
1115.76 1.41962037962
1116.79 1.63006225681
1117.79 2.08821578422
1118.81 1.64932679097
1119.84 1.8577631068
1120.84 2.17568031968
1121.84 1.86926673327
1122.85 2.18228571429
1123.86 1.61294257426
1124.87 1.89623762376
1125.88 1.21329108911
1126.88 1.68369230769
1127.89 1.07035877106
1128.9 1.88353709199
1129.9 1.44842857143
1130.91 1.90707326733
1131.92 1.35168031968
1132.92 1.82582217782
1133.92 1.38917460317
1134.93 1.44114059406
1135.94 1.40733333333
1136.95 1.60050592885
1137.96 1.24920634921
1138.97 1.36394065282
1140.13 1.02495336788
1141.13 1.2573026973
1142.13 1.14948502994
1143.27 1.31663268893
1144.27 1.67275924076
1145.28 1.31176214073
1146.34 1.3215047259
1147.34 1.49783016983
1148.35 1.83552126607
1149.35 1.42436763237
1150.36 0.76075471698
1151.38 0.76253581943
1153.58 0.0594430839
1154.59 1.9382584493
1155.6 1.48008687068
1156.75 1.25681604185
1157.76 1.55103270565
1158.76 1.41848303393
1159.82 1.50849480642
1160.83 1.65949653122
1161.83 1.17209190809
1162.85 1.66305882353
1163.86 1.32880079286
1164.86 1.73835764236
1165.86 1.55502897103
1166.87 1.6788039604
1167.9 2.14277939747
1168.97 2.21089616464
1169.97 1.97888511489
1170.98 1.59441823588
1171.99 1.28247373637
1173.0 1.84205940594
1174.01 1.70687524752
1175.03 1.8916875
1176.04 1.86026242545
1179.56 0.32208468315
1180.57 5.44718415842
1181.66 1.2888293578
1182.67 1.58043916914
1183.68 1.0467789891
1184.69 1.5494970297
1185.7 1.32763564356
1186.71 1.24945742574
1187.71 1.53062937063
1188.72 1.24319524281
1189.73 1.54981386139
1190.78 1.44584380952
1191.79 1.55292673267
1192.89 1.46676363636
1193.9 1.51699009901
1194.91 1.36251881188
1195.91 1.56315684316
1196.92 1.71390287413
1197.94 1.93361334642
1198.95 1.71103366337
1199.96 2.15629306931
1200.97 1.83596039604
1201.98 2.01542970297
1202.99 1.51977799802
1204.0 2.06960792079
1205.01 1.63697425743
1206.01 1.63780376611
1207.03 1.38258039216
1208.04 1.76022377622
1209.07 1.40625216554
1210.08 1.74453861386
1211.09 1.66408791209
1212.09 1.976
1213.1 1.49531881188
1214.12 1.10384313725
1215.12 1.46503096903
1216.19 1.03512815716
1217.2 1.48448316832
1218.21 1.4303049505
1219.23 1.09341960784
1220.24 1.34361980198
1221.25 1.15590882061
1222.26 1.24027833002
1223.26 2.14737848606
1224.27 1.79558019802
1225.28 1.93288404361
1226.31 1.40610526316
1227.31 1.51364776119
1228.32 1.20406349206
1229.49 1.10126046114
1230.5 1.19192079208
1231.51 0.9327888999
1232.51 1.18095504496
1233.52 1.43172249752
1234.53 1.14739009901
1235.53 1.19692307692
1236.54 0.91738613861
1237.55 1.48448316832
1238.57 0.59543081452
1239.58 0.65966798419
1240.6 0.74105593719
1241.62 0.80470588235
1244.33 0.04843754619
1245.33 0.82538922156
1246.41 0.23306666667
1247.42 0.16173399015
1248.45 0.2562497561
1249.48 0.22291367604
1250.52 0.1368
1251.54 0.21479882237
1252.64 0.15918545455
1253.67 0.54188737864
1254.81 0.14174736842
1255.82 0.67180990099
1255.9 0.84184615385
