1.08 0.60625508318
6.59 0.02378370532
7.67 3.10269266481
8.82 0.07408181027
9.92 0.53052861035
10.98 1.08268426013
12.01 0.95521088435
13.02 1.15201584158
14.03 0.92122650841
15.07 0.87257747834
16.1 0.91369484937
17.2 0.92107538601
18.29 0.98452892562
19.3 1.31541839763
20.31 0.94817046581
21.32 0.9063818002
22.32 0.99532467532
23.49 1.10545081266
24.72 0.75364035801
25.74 0.96381960784
26.83 1.07782218148
27.95 1.01172857143
28.97 1.11258096173
30.08 1.00011521152
31.27 0.96178151261
32.41 0.98033362599
33.5 0.93787327824
34.68 1.0230042337
35.8 0.95578909741
36.92 0.91717857143
37.94 0.84240235525
38.98 0.94939230769
40.0 0.93557647059
41.04 0.98526923077
42.17 0.93001769912
43.19 1.047952895
44.2 1.0881980198
45.2 1.03115284715
46.21 1.16589306931
47.22 1.27035877106
48.22 1.40936372646
49.23 1.2697980198
50.24 1.3763009901
51.25 1.36274925075
52.36 1.04017889088
53.37 1.56793612774
54.59 0.95348852459
55.59 1.04875124875
56.69 0.95465696087
57.97 1.18405
59.05 1.28174104683
60.06 1.13057342657
61.13 1.3691862836
62.16 0.69063300971
63.4 0.74626451613
64.42 1.08968627451
65.44 1.04780392157
66.46 1.33409411765
67.65 0.93896470588
68.66 1.3752950495
69.67 1.37948514851
70.68 1.08377222777
71.68 1.3238041958
72.68 1.38946031746
73.77 0.94463177227
74.77 1.3918001998
76.0 1.10837723577
77.02 1.13617425743
78.02 1.20757185332
79.28 0.65539248601
80.28 0.66219226957
81.29 0.9984015984
82.3 0.98823762376
83.31 0.89801980198
84.32 1.21775841584
85.33 0.98286732673
86.34 1.11352871287
87.35 1.05105742574
88.36 1.15074851485
89.48 1.04453571429
90.5 1.08152156863
91.5 0.72707234886
92.52 1.06659545005
93.54 0.9714745098
94.54 0.83552824579
95.55 0.92479207921
96.8 0.61257050766
97.8 0.8487135778
98.98 0.42506575576
100.0 0.544625
101.01 0.45302857143
102.03 0.49552156863
103.04 0.4100990099
104.05 0.56583762376
105.06 0.54820338983
106.1 0.61443695861
107.1 0.3903968254
108.11 0.68990891089
109.3 0.85596638655
110.31 1.1300990099
111.32 0.83086513487
112.55 0.65880871671
113.56 0.55215841584
114.71 0.44260173913
115.79 0.57131851852
116.83 0.64513076923
117.85 0.9246041461
118.85 0.86798808342
119.86 0.82227326733
120.88 0.65823748773
121.88 0.67431768232
122.89 0.70149050949
124.07 0.73788393608
125.18 0.89489009009
126.19 0.89551248751
127.25 0.96119738073
128.67 0.7956
129.68 0.64343762376
130.82 1.15867368421
131.86 1.13580769231
132.97 0.98825945946
134.11 1.36902546093
135.23 1.35776428571
136.41 1.28932881356
137.41 1.1758961039
138.44 0.71290184645
139.45 1.34416633663
140.45 0.90158641359
141.46 0.80555004955
142.59 1.14677522124
143.61 1.11735686275
144.62 1.13508910891
145.63 1.23262574257
146.71 1.19322962963
147.72 1.20609108911
148.73 1.14905346535
149.73 1.34392007992
150.9 0.93571257485
151.9 1.06182617383
152.91 1.07391008991
153.91 0.66402380952
155.1 0.53946218487
156.25 0.64955130435
157.26 0.58091089109
158.27 0.55169108911
159.47 0.51159299416
160.49 0.49380821918
161.51 0.42812573674
162.54 0.44592621359
163.55 0.35708514851
164.58 0.39506796117
165.61 0.54188737864
166.64 0.49194563107
167.67 0.47961941748
168.69 0.35512941176
169.7 0.39545346535
170.71 0.50927524752
171.72 0.44066534653
172.73 0.4444039604
173.74 0.50459405941
174.75 0.69498613861
175.79 0.45345384615
177.02 0.32447479675
178.04 0.44594509804
179.05 0.46930959446
180.08 0.42829873909
181.2 0.43853105311
182.23 0.34793063584
183.27 0.34335322425
184.29 0.4475372549
185.3 0.40612091179
186.3 0.50648551449
187.32 0.50294117647
188.33 0.45022574257
189.34 0.46975841584
190.35 0.48438019802
191.37 0.56539607843
192.4 0.48908737864
193.63 0.42880650407
194.64 0.42259009901
195.66 0.42633169774
196.69 0.30432589719
197.7 0.46825074627
198.72 0.30315707317
199.74 0.3518745098
200.75 0.4550970297
201.79 0.34003846154
202.8 0.38825768087
203.86 0.34255849057
204.91 0.46677069458
205.95 0.49912307692
206.97 0.61217664377
207.97 0.4503016983
209.04 0.42274392523
210.17 0.45047568523
211.3 0.4748768822
212.53 0.47549918699
213.76 0.49648130081
214.77 0.40091881188
215.78 0.36350445986
216.86 0.2604773358
217.87 0.60131485149
218.89 0.73887058824
219.91 0.69854901961
221.0 0.54783471074
222.0 0.76404395604
223.01 0.70874455446
224.15 0.59489824561
225.29 0.72693333333
226.46 0.78425982906
227.47 0.77104459861
228.48 0.63386745796
229.49 0.7878019802
230.5 0.51497029703
231.52 0.8502745098
232.55 0.51928474247
233.74 0.47154285714
234.75 0.59453716551
235.76 0.67694257426
236.82 0.53623396226
237.83 0.47101782178
238.86 0.53106019417
240.04 0.53791186441
241.04 0.50244155844
242.06 0.5104
243.09 0.39839223301
244.1 0.3891456888
245.11 0.31423366337
246.13 0.21672941176
247.37 0.07049275362
248.4 0.74179766537
249.41 0.83763402572
250.46 0.72178455672
251.46 1.03262337662
252.57 0.82330810811
253.75 0.86787118644
254.78 0.92711456311
255.79 0.88872871287
256.8 1.00788107037
257.8 0.89994805195
258.81 1.04223587711
259.85 1.04281538462
260.94 1.34101558203
262.11 1.06728485885
263.22 1.03928648649
264.22 1.03693906094
265.22 1.38926673327
266.24 1.19316977429
267.25 1.20440751731
268.26 1.14566501487
269.27 1.02555401388
270.29 1.23882468168
271.29 1.40935064935
272.3 0.87023634558
273.31 0.80266930693
274.43 0.85850714286
275.44 1.07385346535
276.54 0.66983272727
277.55 0.76183151635
278.55 0.66341658342
279.58 0.50631456311
280.59 0.66524479683
281.6 0.37171909001
282.66 0.22713962264
283.68 0.27671050049
284.68 0.56656143856
285.72 0.33339230769
286.75 0.37188349515
287.77 0.23077526987
288.79 0.37516160627
289.83 0.30712307692
290.84 0.48977601586
291.87 0.29561904762
293.17 0.21013824885
294.2 0.52076264591
295.22 0.48763137255
296.29 0.29684328358
297.32 0.22356420233
298.33 0.19465612648
299.34 0.27514285714
300.5 0.17925517241
301.84 0.03186278896
302.86 0.44033758587
303.86 0.35645954046
304.88 0.54765063788
306.01 0.60106100796
307.02 0.68165708622
308.13 0.72506547085
309.14 0.96309163347
310.15 0.56731948566
311.16 0.70851485149
312.17 0.76551533136
313.24 0.49954307116
314.25 0.49678415842
315.26 0.55105742574
316.38 0.60078501338
317.39 1.12168880079
318.39 0.92641758242
319.59 0.91661050876
320.59 1.06592666006
321.73 0.96473684211
322.79 0.8786831589
323.79 1.07590809191
324.94 0.76156131261
325.95 0.70523564356
326.97 0.6861027668
327.97 0.55027777778
329.18 0.54637801832
330.34 0.45425491873
331.38 0.39987692308
332.49 0.14231425976
333.61 0.34904517272
334.63 0.7797586548
335.75 0.57326483614
336.77 0.40052225519
337.78 0.40842021804
338.79 0.33522376238
339.84 0.34408380952
340.86 0.40771764706
341.99 0.19320353982
343.01 0.27625631068
344.97 0.14550076884
345.98 0.58817046581
347.0 0.23604705882
348.01 0.16331764706
350.57 0.07290282132
351.61 0.38455014327
352.94 0.09113096139
354.43 0.0657078052
355.62 0.30163361345
356.65 0.54188737864
357.67 0.29111372549
358.68 0.49843960396
359.72 0.25941538462
360.74 0.33261176471
362.04 0.27608929946
363.05 0.44470168484
364.1 0.2186717412
365.2 0.1144
366.23 0.14889795918
367.25 0.29716192345
368.56 0.36849427918
369.58 0.40811776251
370.59 0.41585742574
371.83 0.3690516129
372.84 0.37962338949
373.85 0.41096237624
374.86 0.67098613861
375.89 0.4935557711
376.9 0.53094653465
377.93 0.17380194175
379.01 0.15214087118
380.02 0.14086336634
381.06 0.15466153846
382.08 0.24677647059
383.35 0.21342362205
384.64 0.3942556158
385.66 0.44077013752
386.68 0.26420392157
387.69 0.32603773585
388.74 0.15446445498
389.76 0.30071835132
390.78 0.21854367026
391.8 0.24629354207
393.0 0.18916430359
394.01 0.42300891972
395.03 0.29162352941
396.08 0.2915623216
397.09 0.17058473736
398.16 0.2552238806
399.19 0.25259143969
400.49 0.28557538462
401.53 0.33673846154
402.55 0.19977254902
403.57 0.28969411765
404.58 0.11925544554
405.64 0.16519245283
406.81 0.07483076923
408.11 0.10860923077
409.13 0.30042352941
410.14 0.23838415842
411.15 0.16892673267
412.19 0.09470769231
413.38 0.27096470588
414.61 0.43815934959
415.64 0.48571871969
417.35 0.13447864248
418.36 0.72443564356
419.37 0.31631683168
422.38 0.05090232558
423.45 0.35278504673
424.85 0.17179428571
426.13 0.177175
427.16 0.19106886518
428.17 0.64853914767
429.19 0.57165848871
430.19 0.44825574426
431.22 0.28614965986
432.44 0.36127108927
433.51 0.16364859813
435.84 0.10322403433
436.9 0.12088385269
437.91 0.32474777448
438.93 0.20189019608
439.95 0.25775858685
440.97 0.25725367287
442.01 0.1809
443.02 0.37924752475
444.04 0.26133071639
445.06 0.34334117647
446.08 0.31624681685
447.09 0.39008316832
448.11 0.27631010795
449.36 0.1761215028
450.37 0.20608126858
451.38 0.20547035573
452.42 0.16418094321
453.46 0.2211973051
454.6 0.1997122807
455.68 0.11126062847
456.73 0.18796946565
457.76 0.19427572816
458.8 0.19993846154
460.04 0.07943225806
461.08 0.10523076923
462.13 0.08147809524
467.02 0.03575623722
468.09 0.32189906542
469.1 0.14086336634
470.19 0.07021814849
471.86 0.02622887957
472.98 0.01954285714
474.15 0.03741538462
475.55 0.01418233618
476.61 0.35039393939
477.98 0.05496058394
479.85 0.04096684492
481.08 0.31764552846
482.21 0.47149026549
483.59 0.3648
484.68 0.16995229358
485.71 0.26563106796
486.93 0.16139443535
488.38 0.16639115411
489.46 0.0304
490.54 0.07093333333
491.55 0.31702970297
492.64 0.10040366972
493.66 0.18222135162
494.71 0.21545801527
495.78 0.34742857143
496.83 0.14592
497.97 0.07209130817
499.09 0.03905084746
500.1 0.07584950495
501.16 0.10324528302
502.25 0.10040366972
503.41 0.08491034483
504.48 0.08182429907
505.52 0.06793455245
506.74 0.04485245902
507.83 0.04016146789
508.84 0.05407114625
510.01 0.04684931507
511.17 0.05660689655
512.27 0.08954181818
513.35 0.10133333333
514.38 0.12750291262
515.39 0.06055445545
516.68 0.10180465116
517.69 0.14072403561
518.7 0.11931020813
519.73 0.10625242718
521.0 0.09390866142
522.02 0.24677647059
523.08 0.19616603774
524.32 0.1029483871
525.33 0.36841188119
526.37 0.17038232469
527.67 0.43765538462
528.68 0.58645787909
529.87 0.85610075567
530.89 1.08420392157
531.9 0.80126732673
533.02 0.8454691689
534.02 1.19866798811
535.03 0.91258341658
536.04 0.8787960396
537.05 0.9201029703
538.16 0.97222898032
539.29 1.03139823009
540.3 1.23934257426
541.31 0.90952079208
542.33 0.89853868756
543.34 0.9534019802
544.35 0.91505294705
545.35 0.77619047619
546.36 1.00940850643
547.37 1.06083960396
548.39 1.07290196078
549.47 1.06758109361
550.58 1.10863726373
551.62 0.96350336862
552.67 0.96106666667
553.85 1.16219661017
554.85 1.5387972028
555.86 1.29729470529
557.07 0.97031198686
558.08 1.04702574257
565.1 0.01868187001
566.34 0.19126919968
567.37 0.2868815534
568.39 0.36763921569
569.41 0.43947502449
570.45 0.67776708373
571.57 1.05204285714
572.58 1.2848189911
573.58 1.34272255489
574.59 1.34637537239
575.75 1.05275862069
576.76 1.18148910891
577.87 0.81143783784
578.87 1.1777022977
579.88 1.26786534653
581.09 1.05514640199
582.09 1.20780819181
583.1 1.11523488603
584.53 0.82525314685
585.54 1.00342178218
586.54 0.98956243756
587.62 0.58952875696
588.62 0.51385414585
589.63 0.70507829534
590.64 0.79825742574
591.68 0.70879847182
592.72 0.76111519845
593.74 1.00975686275
594.74 1.1432864222
595.75 1.07907292707
596.77 1.05813333333
597.77 0.85695936571
598.78 1.13537662338
599.79 1.15497546614
600.8 1.28906293706
601.8 1.29548051948
602.9 0.81739350181
603.91 1.21566433566
604.91 1.22032539683
605.91 1.04329270729
606.92 1.28975024975
607.92 1.23080919081
608.92 1.36387301587
609.93 1.41599200799
611.1 1.02992190153
612.11 1.36284638256
613.11 1.11417382617
614.12 1.20803992016
615.26 0.99129616725
616.3 1.18756923077
617.51 1.32167933884
618.52 1.20825371655
619.59 0.91149906542
620.87 0.63164375
621.87 0.80546653347
623.01 0.42473046532
624.05 0.91084726225
625.18 0.96517271922
626.18 1.04083916084
627.19 1.0536
628.22 0.80928932039
629.36 0.83365759438
630.54 0.83225063506
631.64 0.88066302368
632.74 0.95124294813
633.82 0.94876296296
634.88 0.96636380773
635.89 1.02657680872
636.91 1.05894901961
637.91 1.1746013986
638.91 1.21412187812
640.05 0.93427768014
641.15 0.85378181818
642.67 0.33752105263
643.91 0.88449032258
644.99 1.03840740741
646.1 1.05411341134
647.15 1.03344137274
648.23 1.03542222222
649.24 0.90857821782
650.39 0.51962434783
651.4 0.77424950495
652.44 0.49670769231
653.46 0.744047105
654.55 0.75216880734
655.69 0.91233684211
656.81 0.87222857143
657.89 0.8516962963
658.91 0.78130980392
659.94 0.66121941748
661.01 0.29926286249
662.91 0.05756970016
663.93 0.76434151129
664.98 0.37830095238
665.98 0.65598401598
667.02 0.65668461538
668.03 1.07025569871
669.03 0.89643156843
670.11 0.8698
671.15 0.98096153846
672.18 1.06263168124
673.22 0.94638461538
674.23 0.58715727003
675.24 0.69671287129
676.25 0.69224182359
677.26 0.47676831683
678.31 0.31463619048
679.36 0.21888
680.37 0.20587722772
681.38 0.10909306931
682.41 0.42500970874
683.64 0.3564097561
684.97 0.44227798648
685.99 0.73450980392
687.02 0.55146355685
688.02 1.00173426573
689.03 1.00989306931
690.07 1.18303076923
691.11 1.33630798845
692.19 1.33551851852
693.19 1.30853946054
694.39 1.40370975813
696.15 0.56014082907
697.16 1.0245
698.19 0.64014771623
699.22 0.47813592233
700.23 0.18651089109
701.25 0.21458823529
702.26 0.28719287834
703.27 0.54231912785
704.31 0.32771538462
705.33 0.48170980392
706.63 0.27023384615
707.7 0.33752523364
708.71 0.41214257426
709.72 0.4560950495
710.73 0.2763009901
711.82 0.41066422018
712.83 0.90821386139
713.85 0.7769254902
714.98 0.66058053097
716.17 0.49730420168
717.18 0.67235643564
718.2 0.56333333333
719.21 0.85421782178
720.22 1.25398811881
721.23 1.16123564356
722.33 0.69188717015
723.52 0.75258438287
724.53 1.17073538157
725.53 1.11571628372
726.55 0.83438132296
727.56 0.53000599401
728.68 0.27330714286
729.71 0.7724038835
730.74 0.61422912621
731.75 0.83491485149
732.8 0.4921170916
733.81 0.41545654346
734.83 0.40492905734
735.84 0.522997003
736.87 0.47813592233
737.87 0.2107012987
738.89 0.28084789009
740.41 0.26606147809
741.42 0.44605794206
742.44 0.80116078431
743.45 0.96761188119
744.46 0.76312463199
745.68 0.18489182494
746.72 0.30255100095
747.76 0.26264615385
748.77 0.5452990099
749.8 0.5012866861
750.93 0.46319292035
752.0 0.45689635854
753.04 0.28439653513
754.09 0.18284952381
755.09 0.51024975025
756.1 0.78445940594
757.11 1.08822200198
758.11 1.19268731269
759.12 1.03864420218
760.12 1.12712087912
761.13 1.2737982018
762.25 1.50327659574
763.25 1.19266333666
764.47 0.98866885246
765.48 1.22651337958
766.48 0.84878321678
767.5 0.8275407262
768.52 0.87831372549
769.73 1.19332122213
770.75 1.12186849853
771.81 0.57237735849
772.83 0.69933333333
773.85 0.66361568627
775.03 0.60011525424
776.18 0.98320764553
777.19 1.29088602577
778.28 1.02641246563
779.36 0.81315291937
780.38 0.91628235294
781.39 1.04168087215
782.63 0.71430967742
783.64 0.94932277228
784.65 0.76160158573
785.66 0.68854491609
786.68 1.05885265226
787.69 1.10888404361
788.88 0.82512941176
789.89 1.12906138614
790.9 1.20068910891
791.9 1.29944455544
792.91 1.11479365079
794.06 0.89016854909
795.19 1.39113628319
796.24 0.62381714286
797.32 0.98506666667
798.54 0.9924979525
799.59 1.12128122021
800.61 1.30682630029
801.81 1.10822666667
802.99 1.15731976251
804.08 0.96356697248
805.29 0.94720396367
806.3 1.32970919881
807.46 0.92963448276
808.47 1.15924603175
809.47 1.19061738262
810.48 1.1990019802
811.58 0.92333635539
812.59 1.71776762661
813.59 1.55822577423
814.71 1.26259874888
815.73 1.54776840039
816.95 1.37303606557
817.95 1.73226773227
818.96 1.03738354807
820.06 1.02595992714
821.06 1.42204391218
822.06 1.17584015984
823.07 1.32170634921
824.08 1.11683481701
825.14 0.93012075472
826.16 1.37492654261
827.17 1.03903174603
828.17 1.00736863137
829.18 1.20401186944
830.19 1.06882539683
831.19 0.73182817183
832.2 1.28344895937
833.33 1.04068672566
834.34 1.47532344214
835.5 1.04231924072
836.71 0.9422133995
837.71 1.15176823177
838.78 0.65228063611
839.78 0.93525674326
841.0 0.94556849877
842.03 0.87072621359
843.04 1.13586534653
844.05 0.68583762376
845.06 0.6393029703
846.07 0.35931089109
847.11 0.25076153846
848.15 0.26307692308
849.16 0.11435247525
850.22 0.25811320755
851.27 0.20272
852.35 0.3030962963
853.37 0.47209411765
854.71 0.50202985075
855.77 0.62412830189
856.9 0.54080707965
857.93 0.51001165049
858.95 0.29712941176
859.97 0.35625098039
860.98 0.6735049505
862.11 0.92251327434
863.13 0.96725417076
864.33 0.65910666667
865.33 0.64455544456
866.34 0.71594053518
867.36 0.36818021548
868.37 0.40091881188
869.43 0.24764494806
870.44 0.23862041625
871.54 0.21267938238
872.57 0.25525364431
873.7 0.26289655172
874.71 0.39008316832
875.73 0.27983513248
876.74 0.31423366337
877.75 0.31026706231
878.78 0.30861030126
879.79 0.40091881188
880.8 0.37945796241
881.82 0.58543529412
882.86 0.36940904716
883.88 0.40219392752
884.97 0.42734251607
886.03 0.39085714286
887.03 0.1152318408
888.09 0.18584150943
889.12 0.1700038835
890.24 0.16841428571
891.44 0.12864483627
892.49 0.33353142857
893.53 0.30471687321
894.56 0.32121165049
895.57 0.43061386139
896.58 0.42259009901
897.59 0.40770693069
898.61 0.39223529412
899.7 0.31125137615
900.71 0.1743049505
901.72 0.17337029703
902.75 0.19125436893
903.79 0.25578461538
904.82 0.25725367287
905.84 0.20207580175
906.92 0.09105925926
907.97 0.17718857143
909.01 0.19993846154
910.16 0.13759304348
911.27 0.11928065395
912.27 0.17354212091
913.29 0.20796862745
915.17 0.00481453768
916.25 0.1306446281
917.26 0.27089108911
918.27 0.20118019802
919.4 0.09684955752
920.43 0.2868815534
921.47 0.12616923077
922.54 0.17387663551
923.56 0.08583529412
924.77 0.10061869313
925.78 0.15154896142
928.13 0.05127086882
929.18 0.22686259542
930.52 0.05712751678
931.54 0.1824
932.73 0.15491337258
933.76 0.10614936954
934.78 0.21522123894
935.79 0.17968743818
936.83 0.105129683
937.83 0.20772827173
939.07 0.36035541195
940.08 0.54534653465
941.1 0.60551372549
942.11 0.53883564356
943.12 0.59838415842
944.32 0.88746666667
945.42 0.95577454545
946.58 0.46083865401
947.62 0.47308357349
948.64 0.37145882353
949.66 0.42428962818
950.97 0.32631192661
952.1 0.69422852081
953.17 1.0747588785
954.17 1.28060739261
955.18 1.34442814668
956.18 0.72557842158
957.19 0.89219463754
958.19 0.97852043868
959.19 1.1565954046
960.37 0.93094057725
961.47 0.98726545455
962.64 0.80584615385
963.74 0.85312
964.75 1.16960792079
965.87 0.90295093666
966.87 1.5591048951
967.96 1.11371900826
968.97 1.0063666997
969.98 0.46466534653
971.0 0.3648
972.01 0.27249108911
973.04 0.2573592233
974.05 0.29227299703
975.1 0.23548091603
976.13 0.42500970874
977.15 0.33556078431
978.47 0.3446969697
979.48 0.52011089109
980.49 0.3133201581
981.51 0.33229076621
982.88 0.36865985401
983.89 0.54178217822
984.9 0.35855841584
986.04 0.31442807018
987.06 0.39698823529
988.08 0.40419607843
989.09 0.38921188119
990.11 0.4738745098
991.12 0.64415841584
992.13 0.80081584158
993.35 0.9656497545
994.36 0.5825938431
995.36 0.6521958042
996.37 0.42840039643
997.37 0.94268931069
998.43 0.97106415094
999.51 0.94651343837
1000.52 0.73950445986
1001.58 0.38070188679
1002.63 0.16676571429
1003.66 0.36376061776
1004.72 1.01293649289
1005.72 1.40403174603
1006.73 1.28035164835
1007.78 1.10871388102
1008.79 1.32433966034
1009.97 1.61591253154
1010.98 1.30246553447
1012.05 1.07377943925
1013.05 1.2583976024
1014.05 1.56927872128
1015.05 1.13752835821
1016.06 1.20003171457
1017.06 1.04881518482
1018.08 0.58770923379
1019.09 0.35278415842
1020.22 0.30791474245
1021.22 0.348812749
1022.43 0.3323402147
1023.63 0.85606
1024.63 1.60426773227
1025.63 1.25318681319
1026.65 1.47791748527
1027.66 1.43221386139
1028.8 1.4231943958
1029.81 1.87672222222
1030.99 1.57814237288
1031.99 1.78257742258
1032.99 1.47732267732
1034.01 1.39196066863
1035.44 1.02994670407
1036.44 1.06955134596
1037.45 1.10029306931
1038.53 1.53693246994
1039.56 1.40049708738
1040.65 1.42901284404
1041.7 0.89311725453
1042.73 1.19500582524
1043.76 1.3510647343
1044.79 1.62605068226
1045.83 1.02081538462
1046.95 1.38759606792
1048.08 1.58048141593
1049.13 1.49080875357
1050.22 1.37174655647
1051.22 1.64347652348
1052.23 1.26239048563
1053.65 0.96564441321
1054.66 1.19644885799
1056.29 0.12085398773
1057.32 0.31293203883
1058.36 0.17703076923
1059.48 0.35280786416
1060.51 0.34000776699
1061.54 0.23952621359
1062.61 0.45286728972
1063.76 0.53216695652
1064.76 0.73379420579
1065.77 0.68287809713
1066.92 0.58132173913
1067.95 0.62719844358
1068.96 0.60248712871
1069.96 0.84001598402
1070.97 0.89475520317
1071.98 0.58881584158
1073.04 0.34264778093
1074.04 0.2839760479
1075.24 0.1085932063
1076.25 0.64491017964
1077.25 0.71715079365
1078.26 0.83114485514
1079.26 0.77624775225
1080.27 0.78234455446
1081.46 0.78798655462
1082.47 1.03751287129
1083.48 0.996
1084.49 1.44035643564
1085.5 1.47222156281
1086.5 1.00883916084
1087.57 1.09513108614
1088.66 1.06989164371
1089.77 1.01124324324
1090.86 0.96151926606
1091.97 1.28282522523
1092.97 0.96243756244
1094.01 0.57272519084
1095.02 0.47991217565
1096.03 0.80164915758
1097.04 0.57714622179
1098.05 0.83128071928
1099.06 0.73207920792
1100.07 0.75525024534
1101.13 0.36135849057
1102.14 0.51032705649
1103.23 0.32396700275
1104.24 0.73029930624
1105.24 0.66058741259
1106.25 0.79832871287
1107.36 0.69571171171
1108.38 0.87272227674
1109.41 0.48769708738
1110.57 0.79188965517
1111.68 0.85476756757
1113.05 0.77121517141
1114.06 0.85080673935
1115.07 0.87017821782
1116.08 0.69924752475
1117.2 0.85423571429
1118.21 0.96109306931
1119.22 0.71760792079
1120.25 0.59436893204
1121.26 0.53394059406
1122.27 0.67630464886
1123.28 0.93256343656
1124.41 0.90276977153
1125.52 0.88414414414
1126.71 1.00779159664
1127.71 1.12548251748
1128.72 0.7657086224
1129.93 1.00725950413
1130.93 0.96338861139
1131.94 1.14143904856
1132.94 1.06821978022
1133.95 0.99394851485
1134.96 0.77760158573
1135.96 0.93305094905
1137.15 1.06687973087
1138.3 1.02606608696
1139.34 1.10215384615
1140.59 0.9482944
1141.6 0.82057821782
1142.71 0.40731531532
1143.86 0.24742956522
1144.88 0.75166241413
1145.9 0.86979607843
1147.02 0.84197142857
1148.04 0.89893491124
1149.05 1.00751181102
1150.06 0.63644356436
1151.08 0.61440628067
1152.08 0.37172427572
1153.09 0.54324752475
1154.1 0.67284836472
1155.11 0.49075889328
1156.11 0.51925674326
1157.12 0.59107936508
1158.36 0.46378606159
1159.37 0.51469026549
1160.38 0.38
1161.38 0.38641358641
1162.4 0.46429019608
1163.41 0.50993267327
1164.42 0.53959960357
1165.55 0.47272791519
1166.56 0.70492857143
1167.56 0.79542057942
1168.61 0.6267047619
1169.62 0.82062239841
1170.7 0.70585013876
1171.71 0.96387326733
1172.71 0.89348251748
1173.73 0.75337389598
1174.74 0.85664950495
1175.75 0.88127524752
1176.93 0.91892111959
1178.12 0.86654575987
1179.13 0.94747722772
1180.15 0.52568172888
1181.22 0.88325981308
1182.3 0.91236296296
1183.59 0.71705590062
1184.59 0.78752447552
1185.6 1.06132804757
1186.62 0.83471372549
1187.75 0.83580884956
1188.93 1.26481964437
1189.94 0.84233333333
1190.94 0.95402197802
1191.95 1.06753617443
1192.95 1.26706586826
1193.96 1.19896927651
1194.97 1.19880277502
1195.97 1.21129270729
1197.13 1.0222704565
1198.14 1.24472547076
1199.25 0.92526600541
1200.26 1.36804752475
1201.28 0.92095592556
1202.51 0.75257933279
1203.51 0.83566101695
1204.52 0.80235948361
1205.53 0.81401980198
1206.72 0.84927058824
1207.72 1.10073126873
1208.75 0.64319533528
1209.98 0.56265150284
1211.19 1.08572561983
1212.19 1.06762837163
1213.2 1.25991269841
1214.2 1.38709290709
1215.37 1.01125064157
1216.38 1.22579009901
1217.43 1.05485061846
1218.54 1.0731902615
1219.56 0.97741960784
1220.58 0.46364671246
1222.39 0.12086140254
1223.42 0.3463223301
1224.42 0.69286713287
1225.43 1.01578592666
1226.51 1.17387407407
1227.6 1.04178348624
1228.7 0.87760727273
1229.72 0.71023356232
1230.83 0.36688388839
1232.03 1.02908547718
1233.03 0.74010379242
1234.2 1.15691143594
1235.2 1.42334465534
1236.21 1.24428939544
1237.22 0.9572039604
1238.22 1.04966233766
1239.23 1.26147076313
1240.41 1.04993220339
1241.41 1.25497005988
1242.42 1.30355555556
1243.49 1.15121495327
1244.5 1.39203165183
1246.06 0.73166110398
1247.06 0.48541858142
1248.07 0.7251984127
1249.1 0.69370320078
1250.11 0.29994455446
1251.12 0.78903762376
1252.19 0.61185899814
1253.3 0.88470417423
1254.31 1.08213069307
1255.32 0.55968316832
1256.33 0.83743366337
1257.34 0.60373439049
1258.34 0.68293812375
1259.37 0.66389883268
1260.37 0.90655744256
1261.41 0.72555384615
1262.44 0.58963106796
1263.5 0.50879697828
1264.51 0.57703762376
1265.66 0.45529105126
1266.67 0.39046977205
1267.68 0.35005940594
1268.73 0.7118552381
1269.85 0.72912142857
1270.88 0.79245048544
1271.89 0.77066930693
1273.08 0.6020907563
1274.1 0.60050196078
1275.11 0.57820990099
1276.12 0.69007524752
1277.14 0.75106666667
1278.36 0.83154754098
1279.36 1.11754645355
1280.37 0.78342120912
1281.58 0.84224793388
1282.6 0.78349803922
1283.61 0.41242772277
1284.62 0.4875960396
1285.63 0.9580039604
1286.64 1.09723564356
1287.65 0.64384158416
1288.67 0.67204701273
1289.77 0.57222929936
1290.78 0.65288712871
1291.84 0.69747169811
1292.85 0.56113267327
1294.03 0.98642628475
1295.03 1.23375648703
1296.07 0.6967
1297.09 1.11482213439
1298.09 0.92936507937
1299.17 0.86614814815
1300.18 0.95117623762
1301.4 0.74398687449
1302.62 0.85036065574
1303.64 0.64045669291
1304.64 0.59593220339
1305.64 0.67905694306
1306.73 0.60355229358
1307.74 0.61766501487
1308.76 0.69114818449
1309.77 0.6188644906
1310.78 0.93382755203
1311.79 0.55776063304
1312.98 0.62136470588
1313.99 0.95276984127
1315.05 0.56785687382
1316.16 0.98270990991
1317.17 1.0089197225
1318.17 0.83353446553
1319.18 0.84435643564
1320.19 0.89309018831
1321.2 0.73606317868
1322.24 0.51762391514
1323.25 0.87451632047
1324.47 0.89891386382
1325.48 1.02605148515
1326.5 1.19932482826
1327.5 1.11811576846
1328.51 0.93338888889
1329.52 0.57598415842
1330.52 0.77232367632
1331.62 0.83258962693
1332.62 1.04245354645
1333.81 0.84905634987
1334.82 0.78800792079
1335.87 0.59756190476
1336.88 0.64718415842
1337.89 0.65013861386
1338.92 0.3747961165
1339.97 0.19803428571
1341.06 0.54175412844
1342.06 1.01688711289
1343.08 0.81366830226
1344.16 0.96026641998
1345.36 0.8168206839
1346.54 0.81085182049
1347.68 0.84592280702
1348.69 0.88677106046
1349.8 0.44672317403
1351.02 0.34872131148
1352.03 0.45271287129
1353.04 0.46986138614
1354.05 0.60494257426
1355.14 0.39104587156
1356.15 0.57685544554
1357.16 0.88753128103
1358.18 0.66986510264
1359.19 0.67983366337
1360.2 0.56453069307
1361.21 0.56071287129
1362.24 0.43890485437
1363.25 0.71062970297
1364.26 0.93204752475
1365.27 0.53446336634
1366.28 1.10224158416
1367.29 0.97238019802
1368.29 1.08728071928
1369.3 0.86938354807
1370.31 0.90184554455
1371.32 1.10269306931
1372.32 1.17638361638
1373.48 0.9116893874
1374.49 1.03712475248
1375.5 0.83092277228
1376.51 0.90052277228
1377.57 0.88489056604
1378.66 0.83639633028
1379.82 0.85833103448
1380.82 1.26385614386
1381.92 0.58960509554
1382.93 0.39008316832
1383.94 0.45244796829
1385.06 0.64003571429
1386.07 0.53682457879
1387.11 0.32621538462
1388.11 0.49444955045
1389.12 0.57831516353
1390.16 0.52803842459
1391.16 0.74443912176
1392.28 0.70090161002
1393.29 0.70156039604
1394.37 0.71560333642
1395.37 1.10649350649
1396.39 0.91484705882
1397.4 0.27737029703
1398.41 0.776
1399.42 0.84086956522
1400.44 0.89122669284
1401.45 0.66824182359
1402.46 0.59081305638
1403.47 0.52928444004
1404.56 0.67369385885
1405.56 1.03948851149
1406.65 1.08097704316
1407.69 1.18784615385
1408.7 1.36438019802
1409.72 0.84701176471
1410.75 1.00536699029
1411.93 0.98580491942
1412.94 0.99505252725
1413.94 0.92523476523
1414.95 0.76458613861
1415.95 1.10482317682
1416.98 0.610692607
1417.99 1.02104554455
1418.99 1.114997003
1420.06 1.24283146067
1421.06 1.49067732268
1422.06 1.08672127872
1423.07 1.1418446411
1424.17 0.76965719523
1425.17 1.1674965035
1426.28 1.46764221825
1427.47 1.42453109244
1428.49 0.98318496538
1428.58 2.85
