1.0 1.23353293413
2.01 1.88619303483
3.03 1.14675294118
4.04 1.27465609514
5.05 1.19672079208
6.2 0.82251259774
7.22 1.17060392157
8.24 0.96488321884
9.24 1.27817782218
10.42 1.0321764207
11.43 1.19021167161
12.46 1.39770651118
13.46 1.37462537463
14.64 1.02735877863
15.66 1.251165524
16.66 1.33830969031
17.66 1.24091908092
18.82 0.99559550562
19.83 1.17667326733
20.86 1.26878758487
21.88 1.45653333333
23.03 0.9154464752
24.04 1.35230069238
25.04 1.3586973027
26.16 0.96769946333
27.16 1.36051148851
28.25 0.86889990817
29.42 1.30339931741
30.43 1.35609117939
31.44 1.23188107037
32.45 0.99067722772
33.69 0.84745806452
34.78 1.14783119266
35.87 1.15111192661
36.92 1.12327619048
37.93 1.32628910891
39.08 0.77099130435
40.28 0.64794666667
41.29 1.11171485149
42.31 0.82896470588
43.31 1.0162957043
44.43 0.8261233244
45.44 0.89397819623
46.44 0.85195604396
47.44 0.81948451548
48.66 0.82223461854
49.7 0.79855245428
50.71 0.63867062315
51.72 0.68140336967
52.74 0.57478550441
53.74 0.82548651349
54.76 0.82129146222
55.78 0.81029803922
56.79 0.43384737364
57.79 0.37715884116
58.8 0.34674059406
60.01 0.51251612903
61.02 0.99375049505
62.04 0.84709803922
63.22 1.02025402202
64.3 0.95592592593
65.53 1.00474146341
66.54 1.08692277228
67.54 1.54296103896
68.55 0.97009316155
69.57 0.9520235525
70.57 0.52453146853
71.58 0.71276831683
72.71 0.48635044248
73.72 0.82711595639
74.72 0.87315084915
75.72 1.0905974026
76.73 1.20357142857
77.74 1.0428090999
78.75 1.04928444004
79.75 1.0665014985
80.76 0.98823762376
81.92 1.03752200173
83.08 1.23893103448
84.08 1.10174625375
85.09 0.70246977205
86.1 1.05105742574
87.1 0.94465534466
88.12 0.79257311089
89.34 0.65392131148
90.35 1.03805148515
91.42 1.11040747664
92.53 1.18871134942
93.67 1.02751578947
94.68 1.11698701299
95.68 1.02654509415
96.69 1.00289310689
97.69 1.06267591675
98.7 0.85311488511
99.7 1.02457086224
100.78 0.94307376284
101.78 1.0757185332
102.79 1.15471683168
103.8 0.91821778222
104.81 1.07145346535
105.82 1.1156990099
106.82 0.93529154229
107.89 1.21147858473
108.9 1.05065609514
109.98 0.78745925926
110.98 1.12765634366
111.99 1.21655500496
113.2 0.90105785124
114.21 1.03519207921
115.38 0.67048888889
116.38 0.9280959041
117.62 0.61150605327
118.63 0.88182178218
119.83 0.9001
120.84 0.99337821782
121.87 0.52388726919
122.87 0.71701098901
123.88 0.70055445545
124.89 0.81071683168
126.14 0.6385408
127.28 0.67914310799
128.29 0.79601978239
129.3 0.85124281467
130.31 0.76662178218
131.31 0.51283116883
132.32 0.88861843409
133.81 0.26198391421
134.97 0.51915789474
135.99 0.20385882353
137.02 0.44780430528
138.02 0.42822641509
139.06 0.3669
140.08 0.51501176471
141.24 0.43962068966
142.24 1.03563636364
143.26 1.01098039216
144.37 0.59847344734
145.38 0.89976984127
146.39 0.90892673267
147.46 0.66540469484
148.46 0.96477932406
149.62 0.73966896552
150.64 0.83557312253
151.87 0.53855896607
152.88 0.7405
154.1 0.59874098361
155.12 0.78756078431
156.16 0.5444
157.18 0.67821176471
158.21 0.67664015519
159.22 0.66422200198
160.23 0.63752079208
161.28 0.47805714286
162.29 0.60527002967
163.3 0.52947181009
164.31 0.58776984127
165.35 0.57811538462
166.37 0.54773751224
167.38 0.47532210109
168.39 0.44623366337
169.41 0.58203330069
170.42 0.55467988107
171.45 0.56418640777
172.46 0.50430921705
173.47 0.34314455446
174.5 0.20129332043
175.52 0.85026548673
176.52 0.64184615385
177.6 0.7514884152
178.71 0.76016591524
179.75 0.90099519693
180.82 0.90124859813
181.88 0.91101038716
182.9 0.9570745098
183.91 0.95154896142
184.92 0.94795639247
186.03 1.16562882883
187.13 1.05631941924
188.2 1.0368988764
189.25 1.03300571429
190.25 1.15896103896
191.49 0.91525423729
192.59 1.16396724295
193.85 0.88897700238
194.95 1.03876979072
195.97 0.54375710088
196.98 1.00322695738
198.0 0.69709019608
199.0 0.95583233533
200.08 0.9259536608
201.09 1.0970703667
202.26 0.71598632479
203.32 0.87596981132
204.34 0.65607850834
205.36 0.47209411765
206.38 0.41368627451
207.41 0.38961784675
208.45 0.39846775746
209.47 0.58685490196
210.65 0.60351864407
211.66 0.64324752475
213.09 0.23655384615
214.09 0.80701698302
215.11 0.79917566241
216.12 0.69856633663
217.12 0.64163817097
218.13 0.53410358566
219.24 0.77422702703
220.26 0.74563921569
221.29 0.49808932039
222.29 0.37390609391
223.33 0.31621174206
224.35 0.30042352941
225.35 0.2367952048
226.51 0.80987586207
227.54 0.97551797862
228.63 0.69368285976
229.65 0.82403137255
230.66 0.67724876115
231.67 0.59801783944
232.83 0.42430318691
233.85 0.25986287953
234.86 0.30348463826
235.88 0.64418039216
236.92 0.58791930836
237.93 0.79759207921
239.01 0.53910579577
240.02 0.57069061876
241.03 0.55992871287
242.16 0.55614159292
243.17 0.56289614243
244.18 0.52837264618
245.19 0.63898613861
246.2 0.75759207921
247.37 0.67667292912
248.38 0.81449355798
249.39 0.75680792079
250.53 0.86467368421
251.74 1.05004958678
252.75 1.13856379822
253.86 0.64192779783
254.86 1.00276523477
255.91 0.86043428571
256.92 0.84512983152
257.92 0.73968431568
258.95 0.54090097087
260.09 0.51122874671
261.12 0.59203879728
268.64 0.01742746975
270.2 0.25165685019
271.36 0.42626896552
272.4 0.4452
273.41 0.46593267327
274.41 0.39962437562
276.24 0.06585557987
277.25 0.2070019802
278.25 0.45918881119
279.26 0.32445940594
280.29 0.33279844961
281.43 0.47351845343
282.59 0.53474482759
283.62 0.49938640777
284.63 0.36464158416
285.65 0.48592360431
286.67 0.49670519099
287.68 0.50823435948
288.69 0.49600791296
289.7 0.31109613479
290.71 0.40091881188
291.75 0.35205379443
292.78 0.32938252427
293.81 0.18260194175
294.82 0.3036987116
295.82 0.37342657343
296.83 0.50705742574
297.84 0.31333069307
298.86 0.3270107949
300.02 0.43433591731
301.03 0.64300990099
302.3 0.36138691883
303.31 0.48521980198
304.31 0.336999001
305.32 0.16260852329
306.34 0.15021176471
309.71 0.03572225519
310.94 0.08897560976
312.02 0.19161481481
313.04 0.86141707556
314.05 0.6268039604
315.12 0.42786181139
316.14 0.47635721295
317.25 0.48626618705
318.27 0.38701768173
319.28 0.32926732673
320.28 0.49198801199
321.31 0.46496404276
322.42 0.18732972973
323.44 0.34201568627
324.45 0.38832047478
325.66 0.6309611249
326.67 0.46673267327
327.72 0.41133714286
328.74 0.22531764706
329.87 0.19755260831
330.89 0.33326522593
331.92 0.41107572816
332.93 0.6061027668
333.94 0.58628571429
334.95 0.24897329377
335.96 0.21897619048
337.0 0.20163062201
339.61 0.06301727447
340.67 0.36419622642
341.68 0.57428910891
342.69 0.67563204748
343.71 0.59154465162
344.75 0.64594615385
345.76 0.75208712871
346.77 0.93172277228
347.91 0.77452631579
348.91 1.01817382617
349.92 1.18181962339
350.95 0.82625800194
352.05 0.81624
353.06 0.61596828543
354.07 0.68574480712
355.14 0.53841721235
356.16 0.89876050831
357.17 0.64065143992
358.21 0.59103846154
359.21 0.41545654346
360.24 0.1833385214
361.27 0.21250485437
362.29 0.22531764706
363.29 0.18356043956
364.44 0.49293913043
365.56 0.56854334227
366.6 0.39987692308
367.8 0.37074666667
368.81 0.61458916256
369.82 0.52741501976
370.82 0.6505014985
371.83 0.53819405941
372.85 0.61310588235
373.86 0.65424158416
374.87 0.58312079208
375.88 0.50848316832
376.89 0.59513663366
377.9 0.46047524752
379.32 0.21594926004
380.38 0.32466982025
381.38 0.50191824526
382.61 0.26401949634
383.85 0.62023225806
384.86 0.61356039604
385.88 0.5250794897
386.89 0.54556039604
388.03 0.44816126205
389.05 0.55156820412
390.06 0.52850642928
391.24 0.47721355932
392.25 0.64994251734
393.25 0.62995404595
394.41 0.4614137931
395.42 0.86326263627
396.42 0.70478321678
397.5 0.55736296296
398.51 0.84446382557
399.62 0.76523492349
400.65 0.92931635651
401.65 0.73603968254
402.66 0.81513663366
403.7 0.65465384615
404.7 0.83828171828
405.86 0.69822068966
406.87 0.94724281467
407.88 0.73435387674
408.89 0.53670216963
409.92 0.64453152279
410.93 0.74626759167
412.0 0.70677383178
413.19 0.74564705882
414.23 0.45123076923
415.24 0.48435643564
416.26 0.53306666667
417.28 0.82538039216
418.3 0.73259607843
419.31 0.59389306931
420.33 0.57749019608
421.34 0.63391683168
422.38 0.37303846154
423.39 0.71069306931
424.48 0.77803849679
425.5 0.5929185476
426.51 0.33623785927
427.51 0.57931668332
428.51 0.66211388611
429.53 1.0060686948
430.54 0.73544554455
431.77 0.40149593496
432.83 0.36169971671
433.83 0.30316883117
434.84 0.50621782178
435.85 0.52567128713
436.94 0.61061284404
437.95 0.62472079208
438.96 0.65725148515
439.97 0.58995643564
441.0 0.66939045764
442.02 0.60202739726
443.03 0.77070623145
444.1 0.28638504673
445.11 0.42371286142
446.11 0.40931082423
447.13 0.5472
448.14 0.4375049505
449.15 0.56969672944
450.18 0.52503300971
451.2 0.44474509804
452.22 0.59415686275
453.25 0.45631037827
454.27 0.65397647059
455.36 0.55205137615
456.37 0.71788514851
457.42 0.54509818875
458.43 0.81707722772
459.43 0.69888511489
460.44 1.19808316832
461.45 0.97486626747
462.56 0.90845478962
463.68 0.61856199822
464.7 0.98739941119
465.7 0.62545454545
466.7 0.75912887113
467.87 0.89121917808
468.87 1.03325474525
469.88 0.74395247525
470.89 1.02706534653
471.91 0.72176643768
472.96 0.87164190476
474.13 0.8304765158
475.15 0.9218842002
476.2 0.63067428571
477.42 0.70508763309
478.43 0.95107234886
479.49 0.72724528302
480.49 0.68334065934
481.5 0.7318691774
482.51 0.7520950495
483.54 0.71071067961
484.55 0.60351683168
485.57 0.83133333333
486.6 0.6489631068
487.61 0.69108118812
488.63 0.57698039216
489.65 0.54659607843
490.66 0.48956831683
491.67 0.74652923687
492.75 0.5916373728
493.76 0.50927524752
494.82 0.1871245283
495.84 0.45229803922
496.84 0.83438961039
497.85 0.81153617443
498.85 0.82874725275
499.92 0.47123666978
500.93 0.70071754212
502.26 0.2861112782
503.27 0.58231287129
504.43 0.74597931034
505.44 0.92018199802
506.45 0.88581962339
507.46 0.94064158416
508.67 0.6588231405
509.68 0.84992475248
510.73 0.64587428571
511.74 0.86807920792
512.75 0.6251960396
513.97 0.7232
515.0 0.85195732299
516.21 0.72736476427
517.22 0.9345029703
518.42 0.7430274771
519.43 0.74161264822
520.71 0.65177133908
521.71 0.82837162837
522.76 0.64273784557
523.76 0.91999200799
524.77 0.62032111001
525.78 0.82607730426
526.81 0.59660911736
527.83 0.84180392157
528.84 0.82821010902
529.9 0.66654099906
530.92 0.89574142997
531.94 0.3494249264
532.95 0.67339544103
533.95 0.84453946054
534.96 0.92302274975
535.98 0.66835363458
536.99 0.93841345203
538.05 0.67780377358
539.06 0.90678811881
540.08 0.6733006856
541.09 0.95462438057
542.1 0.73142970297
543.13 0.91979008746
544.34 0.63127993394
545.35 0.91109613479
546.37 0.46001568627
547.64 0.16579071597
548.64 0.97118081918
549.81 0.8122260274
551.0 0.33593294216
552.06 0.52804541154
553.06 0.86457542458
554.07 0.74898711596
555.07 0.72858341658
556.08 1.02516205534
557.16 0.70086536676
558.17 0.72853069307
559.37 1.26535230126
560.56 0.79792941176
561.56 0.96196603397
562.58 0.88252301665
563.58 0.83358887786
564.64 0.76958325404
565.83 0.83906588824
567.01 0.90448813559
568.02 0.5818762475
569.1 0.91229411765
570.31 0.84509090909
571.42 0.91498637602
572.42 0.98266798811
573.44 0.9408189911
574.51 0.39002780352
575.52 0.61030738523
576.53 0.75556777996
577.54 0.93965234765
578.58 0.96590769231
579.69 0.98085433423
580.76 1.04207850467
581.84 1.04838095238
582.84 0.95016848365
583.86 1.11058358061
584.86 1.06662438057
585.87 0.79007524752
586.88 1.06227326733
587.92 0.792
588.93 1.14850749251
589.94 1.10578217822
590.94 0.63160356789
592.02 0.41755699722
593.03 0.66351730959
594.19 1.13595172414
595.23 0.99722040423
596.23 0.15567632368
597.25 0.41844705882
598.27 0.5874745098
599.28 0.94091881188
600.29 1.15037762238
601.29 1.25756643357
602.44 1.005208981
603.45 1.08163960396
604.6 1.33590252393
605.66 1.3805994345
606.68 1.3889297725
607.68 1.25768880079
608.7 1.29400593472
609.85 1.07671440897
610.94 1.31333577982
612.1 1.16518377912
613.33 1.009754671
614.34 1.15058870168
615.37 0.93551891368
616.38 1.13194846383
617.42 1.01542252166
618.42 1.04444355644
619.47 0.56485795996
620.47 0.56738461538
621.54 0.56393271028
622.55 0.50977998018
623.66 0.50866306306
624.68 0.80920039487
625.68 0.47620258193
626.7 0.50869019608
627.77 0.52749158879
628.87 0.51370909091
629.95 0.54795555556
631.22 0.20665302911
632.26 0.55879114533
633.28 0.44530980392
634.3 0.51501176471
635.56 0.35467301587
636.59 0.43462524272
637.61 0.33071372549
638.65 0.35832307692
639.88 0.38259512195
640.88 0.87592407592
641.89 0.83954059406
642.9 1.09441427156
643.91 1.05092277228
644.97 0.75756981132
645.98 1.17542178218
647.0 0.40739607843
648.01 0.46547181009
649.2 0.28252985702
650.32 0.56537622878
651.56 0.59179354839
652.8 0.46441290323
653.86 0.49557735849
655.16 0.27021401078
656.21 0.57155047619
657.22 0.75060594059
658.3 0.91322222222
659.3 1.41469860279
660.39 0.97065441176
661.61 0.94856393443
662.74 1.22959292035
663.95 1.01233057851
664.95 1.10857142857
666.12 0.98590932421
667.16 1.23429230769
668.16 1.28063872255
669.17 1.81585728444
670.18 1.26435714286
671.19 1.24815825915
672.38 0.97118250631
673.39 1.37024727992
674.52 0.96475752212
675.53 1.33467591675
676.53 1.42622977023
677.53 1.43128071928
678.55 1.30424337586
679.56 0.79131881188
680.57 1.23207128713
681.57 0.80254945055
682.59 1.27821786065
683.61 1.08883921569
684.61 1.02783616384
685.84 0.82462540717
686.85 1.02608902077
688.02 0.97985970915
689.04 1.03235294118
690.08 0.71276153846
691.08 1.0987012987
692.09 1.24988701685
693.14 0.86218666667
694.15 1.25908910891
695.16 1.17901782178
696.17 1.16636363636
697.39 0.9690828548
698.39 1.19561238761
699.59 1.13765471226
700.81 0.68041967213
701.81 1.35664670659
703.11 1.01606779661
704.12 1.41112388503
705.35 1.03674796748
706.36 1.20454653465
707.54 1.00627942422
708.6 1.07453068933
709.89 0.81484031008
711.08 0.82856470588
712.23 0.82061217391
713.23 1.05696606786
714.24 1.10634920635
715.25 1.43738613861
716.25 0.87424575425
717.27 1.13553680079
718.27 1.27792207792
719.28 1.26689395441
720.29 0.87674455446
721.4 0.77765045045
722.4 1.18824375624
723.41 0.93684836472
724.46 1.01100190476
725.49 1.30181747573
726.52 0.93806601942
727.53 0.75421782178
728.54 0.77407524752
729.56 0.5263372549
730.65 0.53417814509
731.66 0.35793062438
732.66 0.1967952048
733.67 0.09761744301
734.71 0.11990769231
735.81 0.11938909091
736.83 0.20385882353
737.85 0.29358979392
738.86 0.56345346535
739.87 0.52368743818
740.9 0.76782896016
741.91 0.48031683168
742.91 0.42638961039
743.95 0.22899230769
744.95 0.53518562874
745.96 0.54634359484
746.97 0.8310970297
747.99 0.7407372549
749.01 0.7185518591
750.11 0.72919381256
751.15 0.55863715111
752.18 0.37188349515
753.19 0.15597230465
754.24 0.21908865586
755.27 0.27486601942
756.96 0.05063039622
759.35 0.12363514644
760.81 0.05996712329
762.19 0.20813333333
763.27 0.20266666667
764.32 0.08969304099
765.52 0.10934887594
766.57 0.13562631077
794.77 0.00349239443
795.83 0.07975871819
796.84 0.17337029703
797.85 0.06533731343
799.06 0.07211861614
800.06 0.20680919081
801.07 0.29285232904
802.1 0.30104364694
803.3 0.30258
804.31 0.2277740337
805.33 0.12825
806.35 0.27184329089
807.45 0.00999452055
808.46 0.47646382557
809.68 0.17043934426
810.72 0.29636923077
812.19 0.10422857143
813.2 0.3036987116
814.7 0.05585609594
816.73 0.07001574803
817.74 0.27169811321
818.76 0.26351372549
819.76 0.27332667333
820.81 0.20417159199
821.83 0.40771764706
823.67 0.13949918699
824.68 0.47109433962
825.71 0.456
826.76 0.43851851852
827.78 0.25411253702
828.8 0.56865882353
829.97 0.18281025641
831.02 0.33353142857
832.03 0.1568
833.05 0.44033758587
834.09 0.3457
835.11 0.33228599412
836.13 0.24194700687
837.4 0.21906141732
838.43 1.07451694095
839.44 0.83354915591
840.45 1.11596039604
841.77 0.61902865762
842.78 0.67418109453
843.81 0.75081712062
844.82 0.72537029703
845.82 0.75756243756
846.99 0.90712745937
848.08 1.08096146789
849.17 1.07141338222
850.28 1.06845085663
851.31 1.01961941748
852.42 1.17635315315
853.44 1.14338039216
854.45 1.05883564356
855.45 1.08314885115
856.47 0.74710893032
857.58 0.68614774775
858.58 0.84084836472
859.59 0.81798201798
860.71 0.86697608503
861.73 0.99308407517
862.73 1.09747472745
863.77 0.7618
864.78 0.96099800399
865.92 1.12710801394
866.93 1.5724995005
867.98 1.17376
868.99 1.50987722772
870.05 1.12669662921
871.18 1.38304509284
872.22 1.6192
873.35 1.70687433628
874.47 1.53522857143
875.48 1.428995005
876.57 1.21201091902
877.58 1.31207128713
878.67 1.22980203515
879.69 1.06996078431
880.69 1.47193606394
881.69 1.10021052632
882.72 1.22911348206
883.87 1.16121148825
885.05 1.09698471986
886.06 1.34016633663
887.06 0.98063536464
888.07 0.85851089109
889.08 0.88973637265
890.09 0.79935841584
891.23 0.99696140351
892.41 0.9450440678
893.57 1.00219310345
894.57 1.1234045954
895.58 0.93920317146
896.58 0.84855944056
897.59 1.25715758176
898.6 0.96056126482
899.61 1.01253968254
900.62 0.92423762376
901.63 0.94687524752
902.75 0.96428571429
903.79 1.05134615385
904.81 1.08231372549
905.82 0.73771089109
906.82 1.08023976024
907.84 0.75754268891
908.85 1.2036990099
909.86 0.76422970297
910.88 0.92250196078
911.88 1.13603996004
912.89 1.18350842418
913.91 0.92222745098
914.93 0.92356078431
915.95 0.88018823529
917.05 0.57969454545
918.07 0.78675294118
919.09 0.85792156863
920.12 0.53737475728
921.15 0.68268737864
922.2 0.14809904762
923.21 0.43885940594
924.22 0.80332673267
925.24 0.85676787463
926.25 1.56432903865
927.37 1.27140714286
928.38 1.49676039604
929.45 1.15866915888
930.52 1.45264299065
931.65 1.34317168142
932.75 1.31264727273
933.78 1.51071067961
934.82 1.72444615385
935.89 1.0086953271
936.93 1.27319230769
937.93 1.42892307692
938.93 1.48506693307
939.94 1.41381746032
941.1 1.38740689655
942.11 1.56517227723
943.13 1.54709803922
944.14 1.49234851485
945.2 1.37988312912
946.31 1.28655004509
947.48 1.57416752137
948.48 1.60667332667
949.48 1.37731068931
950.58 1.0553151184
951.64 1.1193509434
952.65 0.98455500496
953.66 0.60863366337
954.66 0.48748051948
955.79 0.50673982301
956.8 1.29452027695
957.84 1.471761079
958.84 1.35655544456
959.85 1.48160158573
960.89 1.29692987512
961.9 1.57012698413
962.91 1.11820990099
963.93 0.65530980392
964.96 0.92530485437
965.96 1.53627972028
967.11 1.35769043478
968.12 1.91090584737
969.13 2.35214257426
970.27 1.48687719298
971.28 1.66411892963
972.31 1.52121941748
973.49 1.50854915254
974.49 1.74222577423
975.61 1.39466666667
976.61 1.81000599401
977.65 1.69630828516
978.78 1.29656637168
979.79 1.15892170466
980.79 1.27667532468
981.8 1.75384371909
982.93 1.20511347518
983.93 1.34205794206
984.94 1.34673538157
985.94 1.27297502498
987.02 1.2245931418
988.03 1.06942574257
989.03 1.4608031968
990.06 1.18550679612
991.07 1.1255579782
992.07 1.14854745255
993.15 0.87457275255
994.15 1.52205394605
995.16 1.26657680872
996.17 1.22305742574
997.18 0.93917623762
998.27 1.00988623853
999.37 1.18216727273
1000.49 0.97719179304
1001.61 1.0845509839
1002.62 0.93382970297
1003.75 0.79008849558
1004.77 0.68994721408
1005.78 0.59650446872
1006.79 0.62485544554
1007.8 0.62642136499
1008.81 0.6524876115
1009.82 0.69519207921
1010.88 0.86661132075
1011.89 1.09814653465
1012.9 0.91786138614
1013.91 0.85002772277
1014.91 0.80662041625
1016.03 0.21671287129
1017.03 0.1305498008
1018.04 0.53697830375
1019.22 0.67982372881
1020.23 0.91770069376
1021.25 0.33261176471
1022.48 0.15621913328
1023.48 0.93552380952
1024.48 0.94340859141
1025.49 0.93664285714
1026.49 1.35661477046
1027.59 0.99841165756
1028.6 1.07137425743
1029.67 0.8693880597
1030.8 0.88604428698
1031.8 0.76907092907
1032.82 0.60495874263
1033.84 0.37618039216
1034.86 0.13679215686
1035.88 0.32188235294
1036.9 0.20905098039
1037.94 0.26307692308
1038.96 0.19741176471
1040.0 0.19993846154
1041.44 0.0456
1042.45 0.15121506442
1043.46 0.54178217822
1044.49 0.21009135083
1045.53 0.0525648415
1046.87 0.01633432836
1047.89 0.27956777996
1048.89 0.71128143713
1049.91 0.8582745098
1050.92 0.99023366337
1051.93 0.53044752475
1052.97 0.53376153846
1054.03 0.86877735849
1055.13 0.94538909091
1056.14 0.66495049505
1057.3 0.66752413793
1058.37 0.9537046729
1059.44 0.95879626168
1060.5 0.85588679245
1061.51 0.80420594059
1062.73 0.56670819672
1063.74 0.76932277228
1064.89 0.95400694444
1066.03 1.25642179262
1067.04 1.22936237624
1068.04 1.1572027972
1069.21 0.73481608212
1070.22 0.79732277228
1071.22 0.76815984016
1072.22 0.52425974026
1073.23 0.60226190476
1074.24 0.79309306931
1075.25 0.9081980198
1076.31 0.68635626767
1077.32 0.62256491576
1078.33 0.54316039604
1079.37 0.41079499519
1080.38 0.15545004946
1081.39 0.28172673267
1082.41 0.25165063788
1083.41 0.24052747253
1084.48 0.19534328358
1085.5 0.30101375246
1086.57 0.19125233645
1087.63 0.21701983003
1088.63 0.21866133866
1089.64 0.31005940594
1090.68 0.31731533269
1091.72 0.5009059501
1092.72 0.87214385614
1093.73 0.49832871287
1094.74 0.32539147671
1095.86 0.20768571429
1097.48 0.02021674877
1098.49 0.45645283019
1099.5 0.68542319128
1100.6 0.47232727273
1101.72 0.42508474576
1102.8 0.33697126969
1103.85 0.19803428571
1104.93 0.08106666667
1106.04 0.08865526553
1107.08 0.11151491819
1108.08 0.43732267732
1109.27 0.49545500421
1110.27 0.50253746254
1111.29 0.3436781158
1112.3 0.46765940594
1113.44 0.53131929825
1114.48 0.34626270374
1115.51 0.24167478092
1116.53 0.3648
1117.55 0.30042352941
1118.58 0.39819029126
1119.62 0.25073076923
1120.63 0.54678019802
1121.67 0.49148126801
1122.69 0.24701864573
1123.85 0.41786206897
1124.89 0.49314615385
1125.96 0.47854953271
1126.97 0.53094653465
1127.98 0.5531009901
1128.99 0.55029871414
1130.02 0.62787172012
1131.03 0.52712957468
1132.05 0.61979195289
1133.06 0.54842772277
1134.07 0.54607524752
1135.08 0.49550891089
1136.26 0.47671864407
1137.27 0.57428910891
1138.3 0.36020970874
1139.32 0.27380392157
1140.35 0.34000776699
1141.37 0.2492627451
1142.38 0.37924752475
1143.39 0.36946534653
1144.39 0.83277522478
1145.4 0.84566897919
1146.41 0.8391049505
1147.42 0.46870168484
1148.42 0.46539060939
1149.43 0.97819405941
1150.44 0.6899960396
1151.51 0.6614728972
1152.69 0.8224081287
1153.84 1.11133159269
1154.91 1.1418317757
1155.94 1.43380194175
1156.94 1.68573826174
1157.96 1.2562983317
1158.98 1.48163921569
1159.99 1.48777029703
1161.04 1.15907809524
1162.06 1.14698823529
1163.07 1.27995252226
1164.12 0.76153288847
1165.22 0.88720727273
1166.23 1.13606330366
1167.24 1.05226560951
1168.37 0.92194690265
1169.53 0.91545517241
1170.58 0.95606482364
1171.58 0.85767032967
1172.61 0.92529708738
1173.62 0.99222178218
1174.64 1.03355446516
1175.66 0.6616
1176.68 0.86656440511
1177.68 0.58224526421
1178.69 0.83264094955
1179.7 0.75644268775
1180.71 1.10302284012
1181.73 0.55189030362
1182.76 0.6887371484
1183.77 0.54618253968
1184.79 0.42177473066
1185.8 0.50922497522
1186.82 0.57776470588
1187.89 0.46097943925
1188.9 0.37924752475
1189.92 0.29241919687
1190.93 0.40658077304
1192.0 0.41469402985
1193.02 0.66100589391
1194.02 0.65958841159
1195.03 0.60398810704
1196.42 0.13355922469
1197.43 0.45972166998
1198.44 0.90174480712
1199.44 1.52357242757
1200.54 1.26799271403
1201.55 1.35615841584
1202.56 1.09506534653
1203.76 1.12696752706
1204.76 1.33707784431
1205.96 0.94318462824
1207.14 1.18536949153
1208.31 1.01673846154
1209.32 0.70515643564
1210.51 0.99295462185
1211.52 0.90148910891
1212.54 0.82711372549
1213.55 0.61994856578
1214.56 0.55673339941
1215.57 0.45295841584
1216.58 0.38653465347
1217.59 0.38733926805
1218.62 0.63813411079
1219.72 0.45943687557
1220.73 0.49496927651
1221.82 0.18724264706
1222.82 0.44825574426
1223.85 0.47677356657
1224.94 0.47631559633
1225.94 0.89771828172
1226.96 0.40047890088
1228.0 0.31353698367
1229.02 0.38625882353
1230.12 0.13875636364
1231.33 0.09044628099
1232.35 0.34747006869
1233.54 0.71830058774
1234.58 1.14303076923
1235.67 1.00970275229
1236.68 1.00506138614
1237.68 0.94138661339
1238.69 0.97261446977
1239.7 1.09157227723
1240.89 1.02576955425
1241.91 0.91670910872
1243.01 0.58609264305
1244.02 0.57542857143
1245.04 0.51537254902
1246.06 0.82388235294
1247.07 0.91065479723
1248.16 0.67965504587
1249.39 0.71776260163
1250.5 0.74446209386
1251.51 0.83158019802
1252.52 0.44281980198
1253.53 0.68461782178
1254.53 0.44830921705
1255.55 0.43586152324
1256.58 0.3645503876
1257.6 0.19800584226
1258.67 0.26592897196
1260.68 0.06533998006
1261.87 0.59027805695
1262.88 1.32830891089
1263.9 1.08340828402
1264.9 1.13203180915
1265.91 1.03235643564
1266.97 0.70163018868
1267.99 0.77262745098
1269.01 0.67554509804
1270.03 0.77036078431
1271.04 0.54354059406
1272.2 0.48573103448
1273.21 0.56012673267
1274.34 0.76996814159
1275.35 0.95181655035
1276.37 0.51834079844
1277.38 0.6356990099
1278.4 0.75615686275
1279.56 0.68062758621
1280.58 0.8136
1281.68 0.71816727273
1282.7 0.83330196078
1283.91 0.81724297521
1284.93 0.83796078431
1286.12 0.67242388562
1287.23 0.696
1288.24 0.92023762376
1289.27 0.7155184466
1290.28 0.88552871287
1291.49 0.87496859504
1292.57 0.89628148148
1293.67 0.94669818182
1294.87 0.8692176814
1295.96 0.93139816514
1297.15 0.81549537426
1298.15 0.92531468531
1299.17 0.80380392157
1300.18 0.85291881188
1301.36 0.49789830508
1302.37 0.69233696729
1303.37 0.77926873127
1304.38 0.75532673267
1305.39 0.75694211577
1306.59 0.77050538525
1307.73 1.1449745837
1308.73 1.51039360639
1309.91 1.0024495335
1310.92 1.08945742574
1312.15 1.08003902439
1313.16 1.27354091816
1314.16 1.12641269841
1315.17 1.07115163528
1316.24 1.06231775701
1317.25 1.23993669634
1318.25 1.13436963037
1319.26 1.19833663366
1320.27 1.1440952381
1321.27 0.99665934066
1322.28 0.94220812686
1323.29 0.7089029703
1324.32 0.53063821532
1325.33 0.68336967294
1326.33 0.54923476523
1327.4 0.56220767072
1328.41 0.71928712871
1329.41 0.69492107892
1330.42 0.83132739862
1331.44 0.68474509804
1332.45 1.07601189296
1333.46 1.13201189296
1334.46 0.93452295409
1335.57 1.02644765343
1336.58 1.0986983185
1337.58 1.06444755245
1338.59 0.87697125867
1340.11 0.25862804477
1341.12 0.80604356436
1342.14 0.65908235294
1343.15 0.87766897919
1344.15 0.79152847153
1345.16 1.05328047572
1346.18 0.95198431373
1347.27 0.99184587156
1348.37 1.03552406903
1349.5 1.06242123894
1350.52 1.07346810599
1351.52 1.33193206793
1352.54 1.26881568627
1353.55 0.8249197225
1354.55 1.08
1355.64 0.97719742883
1356.65 1.05146930693
1357.65 0.93442557443
1358.66 1.02324110672
1359.67 1.01627805362
1360.68 1.30705742574
1361.69 0.84463366337
1362.7 0.68595643564
1363.72 0.43795878312
1364.86 0.55439088519
1365.87 0.61451881188
1366.9 0.83924660194
1367.96 1.03994716981
1368.96 1.12866333666
1369.97 1.12662041625
1370.98 1.06721584158
1371.99 1.09161188119
1373.0 1.35406732673
1374.13 0.89854159292
1375.14 1.02278811881
1376.15 1.09124752475
1377.31 0.92844137931
1378.31 1.07486113886
1379.32 1.13297918731
1380.33 1.13941386139
1381.47 1.19915087719
1382.48 1.09373465347
1383.49 1.16731089109
1384.51 1.05856410256
1385.51 1.17142743539
1386.69 0.93018305085
1387.71 1.03862745098
1388.72 1.04883168317
1389.73 0.84038019802
1390.8 0.83847333957
1391.9 0.11872463768
1393.03 0.9506642984
1394.14 0.80344194419
1395.2 0.95412275732
1396.33 0.92696637168
1397.33 0.93755844156
1398.45 0.99525
1399.48 1.07015145631
1400.49 1.1295952381
1401.51 1.13322624878
1402.53 1.18479293425
1403.53 1.1126953047
1404.58 0.90581333333
1405.59 1.36134786918
1406.6 1.24782556987
1407.6 1.34886713287
1408.61 1.12177425743
1409.62 0.85520792079
1410.63 1.20763528246
1411.64 0.89495172414
1412.77 0.90144711111
1413.77 1.1051988012
1414.78 0.95578613861
1415.8 1.29985882353
1416.81 0.84355203171
1417.83 0.91250196078
1418.83 0.77838161838
1420.03 0.94043035863
1421.03 1.24842357642
1422.04 0.80967294351
1423.05 1.01534257426
1424.06 0.81568285431
1425.08 0.91861960784
1426.08 0.99773826174
1427.1 0.90546025515
1428.27 0.95271794872
1428.38 1.27028571429
