1.06 1.22567231638
2.06 2.48642557443
3.07 0.62611111111
4.17 1.36637818182
5.33 1.19151724138
6.34 1.37447128713
7.55 1.01322084367
8.79 1.18401288245
9.8 1.40577425743
10.81 1.50711595639
11.91 1.11381818182
12.91 1.40805594406
13.92 1.30379365079
14.99 1.0226031746
15.99 1.43036963037
17.17 1.08266666667
18.17 1.2876003996
19.18 1.40143508424
20.44 1.00028594122
21.44 1.38881118881
22.54 0.69966545455
23.55 1.45626138614
24.68 1.07970973451
25.69 1.42007128713
26.77 0.93944444444
27.77 1.41252347652
28.91 0.94881546573
29.92 1.21621364985
30.93 0.9212765114
32.1 0.88445811966
33.29 0.81019647355
34.31 1.13839685658
35.31 0.96345254745
36.33 1.03037487733
37.49 1.02068965517
38.5 1.18136237624
39.51 1.02928316832
40.52 0.81965940594
41.62 1.13576021798
42.76 1.06226514486
43.89 0.97907964602
44.89 0.98325674326
45.9 1.06641823588
46.9 0.88181237525
48.04 0.94712126538
49.06 1.10648574238
50.15 0.72716559927
51.15 1.07694705295
52.21 0.95067044381
53.22 0.73681584158
54.55 0.67107969925
55.56 0.72122772277
56.56 0.93708691309
57.7 0.66251097454
58.71 0.4876039604
59.79 0.65966666667
60.79 1.28282917083
61.79 1.12526673327
62.85 0.90313799622
63.85 1.02910689311
64.86 1.17617443013
65.86 1.32993406593
66.87 0.73730029732
67.88 0.62275222113
68.95 0.85758200562
70.0 0.19803428571
77.12 0.01841674863
78.48 0.13664374543
79.49 0.89739405941
80.65 0.67694482759
81.66 0.86576984127
82.67 0.6230019802
83.7 0.93360232784
84.73 0.69918756074
85.74 1.06437227723
87.32 0.40184810127
88.47 0.89137391304
89.47 1.24327672328
90.48 1.04575396825
91.49 1.15097922849
92.49 1.24705694306
93.51 1.19805299313
94.52 1.34034851485
95.53 1.36442418236
96.53 1.23068131868
97.65 1.12902142857
98.66 1.17292857143
99.78 0.98680714286
100.78 1.20219560878
101.8 1.33779960707
102.82 1.21600785083
103.83 0.80151928783
104.83 1.34970858283
105.92 0.89742042318
106.99 1.42027663551
108.0 1.41801780415
109.15 0.96717841601
110.15 1.31075324675
111.16 1.31121506442
112.17 1.30837586548
113.3 0.90319220549
114.31 1.21395643564
115.5 1.03063414634
116.5 1.16726473526
117.7 1.02512093411
118.7 1.16243756244
119.72 0.58419627085
120.94 0.94658360656
121.95 1.16542574257
122.95 1.00513086913
123.96 1.15226164519
125.04 1.10941481481
126.05 1.21652277228
127.16 0.94865585586
128.17 0.75287920792
129.18 0.86414257426
130.2 0.54619607843
131.21 0.7252039604
132.22 0.59288712871
133.23 0.48038811881
134.24 0.32123564356
135.25 0.22557623762
136.26 0.56838057483
137.26 0.82945054945
138.27 0.98167920792
139.27 0.42347357926
140.29 0.33267256637
141.3 0.81511287129
142.45 0.69237565217
143.49 0.53534615385
144.5 0.64887128713
145.51 0.62732210109
146.52 0.81095944609
147.53 0.8526019802
148.58 0.77546666667
149.76 0.89400677966
150.91 0.83817580505
151.92 0.9377980198
153.07 0.46250434783
154.14 0.81476003735
155.15 0.92053861386
156.3 0.99994434783
157.42 1.00515
158.43 1.00583762376
159.43 1.08318881119
160.44 1.3345952381
161.67 0.97457026807
162.68 1.11167524752
163.69 1.30895540139
164.69 1.03543656344
165.75 0.77601510859
166.76 1.05035014837
167.77 0.76611485149
168.77 0.91325396825
169.85 0.88316296296
170.86 0.86902970297
171.91 0.93705142857
173.04 0.91505403012
174.04 1.23577222777
175.06 0.67543081452
176.06 0.8600999001
177.07 0.69843409316
178.08 0.59374257426
179.08 0.54978621379
180.15 0.50166510758
181.16 0.58323960396
182.17 0.73649500998
183.17 0.96831746032
184.2 0.5241631068
185.22 0.40293333333
186.25 0.33989126214
187.26 0.37924752475
188.29 0.29157281553
189.32 0.65106849315
190.32 0.76557936508
191.33 0.23544554455
192.46 0.37281415929
193.47 0.32506930693
194.49 0.44191304348
195.49 0.8228968254
196.5 0.90830891089
197.51 0.67497821782
198.51 1.020995005
199.57 0.83943396226
200.59 0.88973503435
201.6 0.76951928783
202.62 0.73629048086
203.65 0.60250097087
204.66 0.49708622398
205.66 0.51516483516
206.81 0.47454323144
207.82 0.4891270936
208.83 0.5196432111
209.86 0.3502929195
210.86 0.09636763237
211.92 0.13434560907
212.93 0.20587722772
213.95 0.15529411765
215.02 0.39825794393
216.18 0.39260689655
217.27 0.41020183486
218.3 0.42500970874
219.31 0.26010703667
220.36 0.45859047619
221.37 0.53047128713
222.38 0.45043960396
223.46 0.29888148148
224.71 0.41075420336
225.76 0.47110857143
226.76 0.50314485514
227.77 0.39761347869
228.78 0.50255841584
229.8 0.49355294118
230.81 0.4601029703
231.83 0.66224313725
232.84 0.25409108911
233.88 0.31569230769
234.9 0.30796862745
235.93 0.37188349515
236.96 0.24226796117
237.99 0.27598836081
239.0 0.16746878097
240.01 0.42405544554
241.03 0.47362045231
242.11 0.42688088643
243.14 0.46684772066
244.15 0.52053069307
245.18 0.496101069
246.19 0.4256
247.23 0.47947742555
248.25 0.43718155054
249.26 0.62611275964
250.28 0.74301960784
251.52 0.54850686037
252.54 0.67288627451
253.72 0.65822372881
254.77 0.31238820171
255.83 0.24778867925
256.91 0.10039592969
257.92 0.35828571429
258.96 0.19033076923
260.12 0.5030137931
261.13 0.53094653465
262.15 0.25850980392
263.34 0.23186554622
265.39 0.04802340322
268.84 0.02221165555
270.05 0.25013068652
271.36 0.36214351145
272.55 0.45727058824
273.87 0.46607854985
275.08 1.06073631841
276.1 1.16080078508
277.11 0.97019980218
278.12 0.92726263627
279.13 0.64992475248
280.13 0.66183050847
281.14 0.79234955313
282.16 0.94647600392
283.34 0.70239185751
284.35 0.71712475248
285.62 0.57614488189
286.63 0.65126336634
287.64 0.48808721506
294.46 0.01922158674
296.03 0.00672
297.07 0.21036923077
298.08 0.24921980198
299.1 0.11149019608
300.11 0.11919207921
301.14 0.12750291262
302.15 0.08668514851
303.2 0.12507428571
304.27 0.07410289991
305.3 0.10614936954
306.4 0.10944
307.71 0.08354198473
309.45 0.13014376078
310.46 0.49843960396
311.47 0.48383366337
312.49 0.35764705882
313.51 0.64740392157
314.72 0.51137241949
315.73 0.6154047619
316.74 0.71972304649
318.5 0.20025014213
319.51 0.6734970297
320.73 0.67917377049
321.74 0.86087128713
322.75 0.6292990099
323.78 0.50253346266
324.79 0.21588899901
325.8 0.69933135509
326.81 0.58561744301
327.84 0.3712808552
329.15 0.244
331.31 0.00506432207
332.52 0.32587593052
333.55 0.17899805825
334.56 0.29256237624
335.59 0.19686213592
336.73 0.29129824561
337.74 0.3033980198
338.75 0.18785361029
339.76 0.16285714286
340.77 0.21671287129
341.78 0.1777980198
342.79 0.20587722772
343.8 0.20587722772
344.81 0.23174653465
345.82 0.36841188119
346.96 0.26778947368
348.05 0.02834495413
349.07 0.12875294118
350.13 0.11356981132
351.29 0.10377931034
352.36 0.11170093458
353.42 0.15408859566
354.5 0.08131232623
355.53 0.21250485437
356.84 0.14085125858
357.99 0.09524804178
359.01 0.09656470588
360.07 0.12389433962
361.23 0.07403448276
362.36 0.20315752212
363.52 0.1969862069
364.52 0.2839760479
365.54 0.77982711198
366.76 0.7634295082
367.76 0.78690618762
368.99 0.98408469055
370.0 1.15155643564
371.08 0.93726666667
372.09 1.19607920792
373.12 0.97109902913
374.25 1.13972389381
375.26 0.95492277228
376.32 0.98134088763
377.34 1.03902745098
378.34 0.92976623377
379.42 0.87368303985
380.52 0.83166545455
381.65 0.94959078831
382.79 0.97119298246
383.92 1.04608141593
385.09 1.07504273504
392.2 0.01841674863
393.61 0.51788218595
394.61 1.06786427146
395.81 1.24418348624
396.82 1.36739009901
397.83 1.38534653465
398.84 1.40704950495
400.03 1.08586038688
401.04 1.36951137488
402.27 1.15003577236
403.28 1.44605940594
404.32 0.8897
405.33 1.39228514851
406.51 1.08945084746
407.51 1.39996803197
408.52 1.39040634291
409.54 1.33066666667
410.69 1.05616013925
411.71 1.1481254902
412.79 1.20420740741
413.9 0.96484324324
414.91 1.20698613861
416.03 0.73385
417.05 0.76660392157
418.18 0.47949734513
419.18 0.95883316683
420.19 0.94930693069
421.2 1.04324752475
422.21 1.18372249752
423.21 1.32331668332
424.22 1.3741031746
425.38 1.04881309216
426.39 1.29124752475
427.39 1.47786613387
428.52 1.0301364039
429.53 1.34851932607
430.76 1.11002926829
431.76 1.57342657343
432.99 1.06993002441
434.01 1.36305098039
435.02 1.38628910891
436.13 1.0276036036
437.14 1.2302970297
438.22 0.81305185185
439.22 1.31468531469
440.42 0.89752126772
441.42 1.39168831169
442.48 1.41842492918
443.49 1.30031194472
444.68 1.0431811289
445.68 1.56681718282
446.69 1.27712983152
447.9 1.17077024793
448.9 1.22673326673
449.91 1.29634920635
451.08 1.02734073442
452.09 1.19588118812
453.1 1.4464950495
454.1 1.25116483516
455.12 1.32077723258
456.13 1.14097425743
457.29 0.96400689655
458.3 1.37833102081
459.31 1.12207524752
460.5 0.97440672269
461.52 1.27078431373
462.52 1.18382417582
463.53 0.9202061447
464.53 0.90437562438
465.56 0.81268027211
466.56 1.07804195804
467.65 0.98640955005
468.75 1.07978161965
469.75 1.37395404595
470.76 1.00776237624
471.76 1.42222577423
472.95 0.94879058032
473.97 1.13407843137
474.98 1.09028118812
475.99 1.0944950495
477.01 1.08203921569
478.11 0.88169608735
479.12 1.0411009901
480.35 0.43196097561
482.1 0.2312552827
488.32 0.01575028158
489.64 0.00677802859
490.67 0.22313009709
491.84 0.25673162393
492.85 0.68438811881
493.86 0.75382652044
494.87 1.05763492063
495.87 1.08685827552
496.9 0.90529285015
497.9 0.72635877106
498.91 1.05116831683
499.92 0.88962376238
500.94 1.20248466864
501.95 0.86159207921
503.04 0.87800545951
504.05 0.95017821782
505.06 0.98014785215
506.22 1.11874080411
507.43 0.97564297521
508.44 0.96053069307
509.46 0.52716078431
510.48 1.25752941176
511.61 0.94068672566
512.76 0.94591304348
513.96 1.01989658048
514.97 1.01940594059
516.19 0.78091803279
517.19 0.90139460539
518.24 0.5528465205
519.26 0.53538883448
520.33 0.72711693171
521.37 0.24203076923
522.66 0.31588837209
523.7 0.70174615385
524.71 1.13211089109
525.73 0.86654117647
526.74 0.5634421365
527.75 0.5397185332
528.99 0.44443225806
530.08 0.94905688073
531.09 0.99846488625
532.28 0.88433305299
533.3 0.83015686275
534.31 0.54476039604
535.34 0.54858252427
536.37 0.38320776699
537.38 0.43047128713
538.39 0.74376261128
539.41 0.49990186457
540.43 0.38094117647
541.47 0.28667570184
542.48 0.35015929204
543.49 0.84031683168
544.84 0.38762074074
545.86 0.39973149062
546.87 0.3322792527
547.89 0.37892836114
548.9 0.7245578635
549.93 0.63763883495
551.13 0.70944
552.14 1.15172277228
553.16 0.97047843137
554.31 0.53463652174
555.32 0.84356435644
556.38 0.62569056604
557.4 0.73447058824
558.63 0.44667317073
559.65 0.40811776251
560.81 0.53433793103
561.82 1.12712957468
562.82 1.26008391608
563.96 0.95628446005
565.15 1.50164705882
566.19 1.23607692308
567.19 1.49131668332
568.2 1.52839643211
569.21 1.12342517344
570.22 0.7568189911
571.25 0.81090485437
572.25 0.7424975025
573.29 0.92876997113
574.31 1.04497742885
575.31 0.74150649351
576.51 1.19804503753
577.52 1.31173069307
578.53 1.02122772277
579.6 1.02862488307
580.61 1.07630891089
581.62 0.84019009901
582.63 1.35474851485
583.7 1.26628785047
584.71 1.37094152626
585.71 1.42762837163
586.73 1.28965652601
587.9 0.88332307692
588.97 1.13679925303
589.99 1.08304125737
591.02 1.11714674441
592.02 1.38998601399
593.14 1.1490974084
594.14 1.45659140859
595.16 1.03325613346
596.35 0.93841813602
597.36 1.30702874133
598.42 0.76981886792
599.57 0.61906086957
600.58 0.97550939664
601.58 1.20788011988
602.59 0.9435
603.68 1.05411376147
604.69 1.67276039604
606.18 0.50341935484
607.18 0.83851348651
608.26 1.11429101019
609.41 1.18561251086
610.61 1.09630025021
611.62 1.22791287129
612.67 0.82828952381
613.72 1.16290285714
614.78 1.08613584906
615.94 1.16513793103
617.12 1.05768813559
618.37 1.077472
619.53 1.15394482759
620.54 1.62853069307
621.75 1.33449380677
622.76 1.88904451039
623.92 1.31601381693
625.02 1.27858909091
626.02 1.49326673327
627.13 0.88434265104
628.13 1.09388211788
629.27 1.28225460931
630.52 1.1374144
631.58 1.04730566038
632.65 1.02310280374
633.65 1.03542057942
634.67 1.06761138371
635.67 1.57138983051
636.84 1.13144815767
637.85 1.21812277228
638.91 0.78325283019
640.13 1.00410491803
641.13 1.09284315684
642.31 1.05452078032
643.32 1.3272950495
644.46 0.91013333333
645.49 0.85244703596
646.5 0.92377029703
647.5 0.68313974232
648.51 1.08885514486
649.52 1.06779405941
650.57 0.97587157696
651.58 1.02242376238
652.59 1.11764705882
653.61 0.92863157895
654.62 0.70604558969
655.62 0.74471128871
656.63 0.86855104063
657.64 0.56997032641
658.65 0.79695540139
659.73 0.83703977798
660.78 0.54745801527
661.8 0.38625882353
662.88 0.17043703704
663.92 0.25231123919
664.97 0.21149285033
665.99 0.27896470588
667.02 0.31762330097
668.03 0.54807920792
669.03 0.59261538462
670.04 0.68298909812
671.04 1.02567032967
672.09 0.50079238095
673.11 0.53472816487
674.12 0.49091485149
675.13 0.42058951533
676.14 0.46054419067
677.14 0.77559281437
678.14 0.63777022977
679.15 0.64349653122
680.25 0.59274114441
681.26 0.57566666667
682.63 0.28757372263
687.47 0.03165619835
688.51 0.1261556196
689.54 0.16962330097
744.95 0.00374415247
745.95 0.49351448551
746.97 0.59751128557
747.98 1.18567920792
748.98 0.98970629371
749.99 1.0375024777
751.06 1.17493084112
752.07 1.5221031746
753.08 1.3820990099
754.08 0.96695304695
755.11 1.10230515063
756.14 0.92055145631
757.15 1.22917227723
758.16 1.50842772277
759.29 1.32693191866
760.31 1.44100490677
761.31 1.42226573427
762.48 1.63981506849
763.5 1.18337316357
764.52 1.51244705882
765.68 1.05992413793
766.69 1.00045148515
767.71 1.30122352941
768.73 1.16455686275
769.73 1.352999001
770.74 1.37890188305
771.79 1.27098001903
772.8 1.44327452924
773.81 1.4337980198
774.93 1.07849285714
775.93 1.85532067932
777.08 0.94812880766
778.13 1.34336761905
779.14 1.01692581602
780.16 1.0438745098
781.17 0.76676313181
782.2 0.66258640777
783.21 0.80731089109
784.22 0.69005736894
785.24 0.74171540726
786.25 0.79393267327
787.39 0.82523508772
788.41 0.91574117647
789.5 0.82768044077
790.5 1.25975624376
791.51 1.13426534653
792.52 1.15527128713
793.53 1.23085148515
794.63 1.02814545455
795.64 1.23878931751
796.65 1.33519920714
797.78 0.61950752879
798.79 0.71847920792
799.8 0.89920792079
800.8 0.78351248751
802.0 0.81743452877
803.02 0.88105098039
804.02 0.62925074925
805.02 0.67347052947
806.03 0.56145094153
807.09 0.78222641509
808.1 1.14894747275
809.11 0.78638415842
810.23 0.91244285714
811.23 1.29988047809
812.24 1.39511729622
813.41 1.24981725021
814.42 1.62537029703
815.43 1.31164356436
816.5 1.35480373832
817.65 1.87132463011
818.66 1.98514851485
819.82 1.33158003442
820.83 1.76569276511
821.95 1.19590714286
822.97 1.55152156863
824.1 1.06362477876
825.1 1.69098101898
826.22 1.66452189455
827.27 1.66373307912
828.27 1.84746453546
829.38 1.97569702435
830.42 2.02810769231
831.62 1.70966031483
832.81 1.76908967851
833.99 1.8754779661
834.99 2.10970629371
835.99 2.14617382617
836.99 1.6434045954
838.0 1.22711904762
839.01 1.82168483647
840.01 1.57401996008
841.01 1.57769092722
842.04 1.47115707317
843.05 1.39466138614
844.14 1.29588990826
845.16 1.65475294118
846.3 1.58569675723
847.31 1.80065014866
848.36 1.39783619048
849.44 1.4695037037
850.5 1.31170566038
851.5 1.50141858142
852.64 2.05998244074
853.64 2.07251148851
854.78 1.56235087719
855.94 1.66638136324
857.08 1.54602807018
858.08 1.78161347869
859.1 1.69555687438
860.25 1.71356521739
861.35 1.76775272727
862.43 1.87165472911
863.44 2.51977622378
864.53 1.68434576888
865.72 1.97290431837
866.84 1.81346324181
867.96 1.93385
868.97 2.44187812188
870.01 1.77512307692
871.1 1.52504954128
872.3 1.48030666667
873.38 1.35714233242
874.46 1.62487407407
875.47 2.25210789211
876.49 2.48975704568
877.51 2.45819038273
878.51 2.42352047952
879.69 1.82644745763
880.7 2.132003996
881.85 1.91144779983
882.86 2.1156043956
883.93 1.71555143652
885.04 1.80111898274
886.13 1.75092993631
887.18 1.66111238095
888.25 1.58583925234
889.31 1.60428328612
890.49 1.57616934801
891.61 1.71992142857
892.76 1.98947954743
893.93 1.86753885568
895.07 1.87624561404
896.24 2.00639316239
897.25 2.04254945055
898.37 1.70028697963
899.38 2.15471728272
900.64 1.20275078864
901.65 1.34870029674
902.67 1.33891265947
903.69 1.15143473994
904.69 1.50778021978
905.72 1.58526724976
906.72 1.954997003
907.72 2.46025974026
908.76 1.44550529355
909.76 2.28019180819
910.93 1.90561643836
912.07 1.76518141981
913.13 1.94123773585
914.24 1.61406126126
915.42 1.8253220339
916.55 1.88210973451
917.59 1.87353994225
918.74 1.76827106864
919.82 1.83295644115
920.89 1.75306069094
922.03 1.7469499561
923.19 2.03246206897
924.23 2.46561538462
925.23 2.57285914086
926.34 1.9285915239
927.53 1.95949579832
928.66 1.85587964602
929.82 1.88045556514
930.82 2.21326673327
931.98 1.44697842968
932.98 1.43322954092
934.02 1.16648502415
935.05 1.64717669903
936.05 1.85603996004
937.05 1.79197602398
938.17 1.67894906166
939.34 1.9571257485
940.34 2.27983216783
941.43 1.72600918274
942.59 1.9583862069
943.59 2.28106081755
944.7 1.7495501355
945.77 2.01295700935
946.91 2.02939176161
948.01 2.54857454545
949.02 1.86656888008
950.04 1.73718431373
951.05 1.30795247525
952.06 1.30382574257
953.07 1.74302477701
954.08 1.34339009901
955.11 1.29672162949
956.12 1.54228741328
957.12 1.23381418581
958.26 1.62825502183
959.27 1.99152143569
960.3 1.49113482056
961.47 1.22902994012
962.47 1.55201587302
963.48 1.56322077922
964.65 1.54794529915
965.66 1.37524752475
966.67 0.83180990099
967.67 1.16007192807
968.82 1.48718608696
969.92 1.5478944495
971.05 1.58296637168
972.05 1.66081268583
973.26 0.97580016653
974.26 1.46873339941
975.27 1.35220779221
976.36 1.09799635701
977.36 1.65973226773
978.49 1.29675110717
979.5 1.75504158416
980.53 1.38583899127
981.54 1.56330624381
982.54 1.34973826174
983.65 1.13949864743
984.66 1.05812277228
985.69 1.00366340509
986.69 1.21722222222
987.77 1.042
988.77 1.24349250749
989.9 1.3773534101
990.91 1.14001186944
991.94 1.44939941691
992.99 0.39543619048
993.99 0.97018981019
995.0 0.8494826561
996.01 0.85219009901
997.02 1.07232475248
998.08 1.25774339623
999.08 1.24811188811
1000.09 1.22193855302
1001.09 1.35208791209
1002.1 0.95850941526
1003.11 0.81492215569
1004.26 0.80122970639
1005.26 1.33337062937
1006.4 1.27756979807
1007.4 1.55666733267
1008.41 1.4432111001
1009.42 1.43203960396
1010.43 0.95442376238
1011.43 1.38588611389
1012.49 1.10211898017
1013.49 1.16139060939
1014.5 0.86987512389
1015.51 1.1772039604
1016.52 0.98758811881
1017.69 1.20637948718
1018.89 1.42170469799
1019.89 1.58901587302
1020.9 1.20109306931
1021.92 1.11546666667
1022.92 0.74283316683
1023.93 1.31593260654
1024.94 0.96973465347
1026.12 0.61611525424
1027.13 0.348812749
1028.13 0.29357455268
1029.17 0.47584526112
1030.18 0.25877438424
1031.41 0.14410406504
1032.42 0.59781386139
1033.47 0.92677333333
1034.48 0.54130426165
1035.49 1.1106231454
1036.49 1.13195604396
1037.5 1.06001189296
1038.51 1.28610693069
1039.52 1.13948514851
1040.58 1.1764754717
1041.58 1.59598801199
1042.59 1.03547619048
1043.59 0.31088111888
1044.6 0.777839445
1045.6 1.24091108891
1046.61 0.63625346535
1047.62 0.50239048563
1048.62 0.64836763237
1049.64 0.63454367026
1050.64 0.69643156843
1051.68 0.45146153846
1052.69 0.39855698712
1053.7 0.57375272008
1054.72 0.45654117647
1055.74 0.30071835132
1056.74 0.22959440559
1057.76 0.96390551181
1058.76 1.15569721116
1059.91 1.05501217391
1060.92 1.25674455446
1061.94 0.63505882353
1063.01 0.20475210477
1064.04 0.07437669903
1065.05 0.55097720515
1066.22 0.5902852263
1067.23 0.42300891972
1068.24 0.63950939664
1069.4 0.54025194133
1070.41 0.86066204163
1071.42 0.80801582591
1072.61 0.47162994113
1073.62 0.61607121662
1074.64 0.65858823529
1075.66 0.60687058824
1076.67 0.37832309217
1077.7 0.49662912621
1078.73 0.33934883721
1079.75 0.25797249509
1080.76 0.41175445545
1081.78 0.45283137255
1082.8 0.49076862745
1083.81 0.68944158416
1084.82 0.57599207921
1085.87 0.50451809524
1086.88 0.80241584158
1087.89 0.61603960396
1088.9 0.54731881188
1090.06 0.94684827586
1091.06 1.24240319361
1092.07 1.13335714286
1093.08 1.2065029703
1094.09 1.28291485149
1095.11 1.22432156863
1096.24 0.9840920354
1097.25 1.30186930693
1098.26 1.28601980198
1099.28 1.29563921569
1100.29 1.12655049505
1101.3 1.42224158416
1102.31 0.84577425743
1103.47 0.7810137931
1104.48 0.85805148515
1105.49 0.87822574257
1106.5 0.61560552268
1107.51 0.4337972167
1108.52 0.5481980198
1109.53 0.48348514851
1110.88 0.01621333333
1111.89 1.15345742574
1112.91 1.11250196078
1113.93 1.23525490196
1114.94 0.90088712871
1116.11 0.85647863248
1117.12 1.14352475248
1118.13 1.0744950495
1119.14 0.99179344588
1120.2 0.89260583255
1121.25 1.02074666667
1122.41 0.97972413793
1123.56 0.77984
1124.58 0.94792156863
1125.6 0.73998037291
1126.65 0.78659047619
1127.67 0.43776470588
1128.68 0.76078493558
1129.86 0.87313220339
1130.86 0.98216183816
1131.87 0.56796825397
1133.02 0.42855256299
1134.28 0.17371428571
1135.29 0.49226560951
1136.49 0.79484666667
1137.5 1.02096142433
1138.51 1.16670891089
1139.52 1.24024554455
1140.71 1.02275630252
1141.73 1.27659259259
1142.75 1.10275345168
1143.89 0.88244912281
1144.9 0.91971456888
1146.08 0.85915521628
1147.08 1.00476323676
1148.29 0.99299173554
1149.41 0.78791778374
1150.58 0.8636034188
1151.63 0.99759238095
1152.63 1.03595604396
1153.79 0.87677653149
1154.8 1.24181206726
1155.81 0.96577998018
1156.81 1.05747052947
1157.83 1.0400703125
1158.85 0.74527684729
1159.85 0.77488911089
1161.43 0.21573654212
1162.44 1.20392079208
1163.46 0.9566183953
1164.53 0.97848689139
1165.64 1.25237477477
1166.64 1.08306893107
1167.7 0.58772830189
1168.71 0.88224380575
1169.72 0.95258613861
1170.73 0.96835643564
1171.74 1.09846092977
1172.74 1.02128271728
1173.79 0.92896946565
1174.8 1.02575667656
1175.81 0.84831714569
1176.82 0.65853214639
1177.83 0.90781477833
1178.84 0.95957768924
1179.94 1.09450909091
1180.98 1.23558885687
1181.99 1.2483009901
1182.99 1.17761904762
1184.0 1.12714455446
1185.35 0.87548444444
1186.44 1.08362627197
1187.52 1.04265441176
1188.55 1.13345242718
1189.66 1.09444324324
1190.83 1.1372034188
1191.9 1.1453682243
1193.06 0.91253793103
1194.21 0.91334144222
1195.34 1.02261116032
1196.41 1.06394024276
1197.46 1.05211058151
1198.47 1.11528712871
1199.57 1.04061818182
1200.67 1.00708363636
1201.83 0.93090344828
1202.91 0.93094814815
1203.92 0.98628344896
1205.02 0.98655767484
1206.03 1.208
1207.04 0.90932277228
1208.05 0.69640356083
1209.23 0.45317048346
1210.24 1.06616451933
1211.24 0.91453346653
1212.25 0.95759446093
1213.26 0.90608730159
1214.27 0.92493768546
1215.28 1.11374257426
1216.33 0.80763428571
1217.33 0.79749050949
1218.56 0.77137835639
1219.63 1.02480074836
1220.64 0.60754059406
1221.65 0.9019901088
1222.67 0.97883415113
1223.83 1.00859310345
1225.16 0.75829902329
1226.17 1.30683845391
1227.32 1.03211826087
1228.34 1.09138823529
1229.36 1.02330196078
1230.43 1.13350280374
1231.58 0.97532580365
1232.61 1.03544854369
1233.62 1.0810148662
1234.62 1.12018381618
1235.65 1.08671624266
1236.85 1.17890066225
1237.88 1.11373980583
1238.89 1.15333861386
1239.9 1.29105252725
1241.02 1.0098
1242.03 0.99931881188
1243.04 0.70161584158
1244.05 0.92929772502
1245.23 0.90841355932
1246.24 1.11837462834
1247.24 1.14221778222
1248.25 1.07984950495
1249.26 1.32129236868
1250.26 1.08672927073
1251.26 1.05524075924
1252.31 1.07729007634
1253.31 1.23981618382
1254.32 1.08196630327
1255.33 1.02694653465
1256.33 1.02873126873
1257.34 1.02429335976
1258.35 0.98777821782
1259.36 1.1580990099
1260.37 0.9993029703
1261.37 1.2505974026
1262.53 0.99140638481
1263.56 0.74036504854
1264.57 1.19421562809
1265.58 1.14201783944
1266.58 1.23964035964
1267.59 1.18102675917
1268.6 1.26928316832
1269.61 1.2263049505
1270.61 1.08510689311
1271.62 0.85479365079
1272.62 0.68778421578
1273.64 0.70038431373
1274.65 0.61051881188
1275.66 0.69192871287
1276.67 0.65220218038
1277.68 0.83417821782
1278.68 0.74672527473
1279.79 0.65272792793
1280.8 0.65750644202
1281.81 0.59172304649
1282.82 0.64921188119
1283.83 0.66423130608
1284.84 0.65816322517
1286.02 0.65517288136
1287.03 0.6904950495
1288.04 1.07912871287
1289.05 0.88655841584
1290.06 1.05306930693
1291.07 1.10307234886
1292.07 1.12622577423
1293.07 1.08326073926
1294.08 0.99359365709
1295.1 1.08391756624
1296.1 1.01805394605
1297.11 1.04464618434
1298.12 1.32472403561
1299.13 0.90060990099
1300.14 1.17466138614
1301.14 1.23386213786
1302.15 1.10294549058
1303.35 1.10602
1304.51 1.31589991372
1305.66 1.14908964317
1306.67 1.53618199802
1307.69 1.39540842311
1308.7 1.47156349206
1309.71 1.15764193867
1310.89 1.25907379135
1311.9 1.30520515362
1312.9 1.37404995005
1313.9 1.54212187812
1314.97 1.15628411215
1315.99 1.65703732809
1317.04 1.24989353612
1318.1 1.12530812854
1319.12 1.22878746327
1320.13 1.40938751239
1321.27 1.05767017544
1322.27 1.27974425574
1323.31 1.29443076923
1324.33 1.79312941176
1325.33 1.30523076923
1326.34 1.63132606541
1327.35 1.20883168317
1328.36 1.66340535183
1329.37 1.57555687438
1330.5 1.14475819309
1331.5 1.33071728272
1332.57 1.0468635514
1333.58 1.26321506442
1334.76 1.12410847458
1335.96 1.17855786844
1336.97 1.66692063492
1337.97 1.4799760479
1339.09 1.29302142857
1340.23 1.32691132572
1341.32 1.35981651376
1342.37 1.12764190476
1343.48 1.27173357336
1344.49 1.54183548067
1345.66 1.21681981213
1346.67 1.51875520317
1347.78 1.16818738739
1348.96 1.16663728814
1349.97 1.28090999011
1350.97 1.05931668332
1352.05 1.23862835959
1353.06 1.26375396825
1354.06 1.19399000999
1355.07 1.10193855302
1356.08 0.97745742574
1357.09 1.1219009901
1358.1 0.95076435644
1359.12 1.11144313725
1360.13 0.95764752475
1361.29 0.83337931034
1362.45 0.7064137931
1363.61 0.79605176877
1364.68 1.08036669785
1365.86 1.02435932203
1366.92 1.24011320755
1368.01 1.13539082569
1369.07 1.14774339623
1370.2 1.00463418955
1371.31 0.91936690647
1372.47 0.89847109577
1373.47 0.81534920635
1374.53 0.48852830189
1375.8 0.22476130056
1377.63 0.11362622951
1378.75 0.58831532329
1379.76 0.38265734266
1380.78 0.2939372549
1381.83 0.44429714286
1382.85 0.37224489796
1383.92 0.24755513666
1384.98 0.18878645343
1386.02 0.48128489484
1387.03 0.13877227723
1388.05 0.40771764706
1388.3 0.33765853659
