1.0 1.75955244755
2.21 1.90825827815
3.3 0.11468623853
4.31 0.57409297725
5.51 0.96067333333
6.59 0.93963367253
7.6 0.78438057483
8.82 0.79929180328
9.84 0.84730196078
10.85 0.9151049505
11.97 0.78940714286
13.04 0.97077902622
14.29 0.85982385909
15.29 0.92791208791
16.37 1.06300740741
17.39 0.97410980392
18.42 1.05486381323
19.48 1.18336663525
20.48 1.23991208791
21.48 1.22998601399
22.5 1.17076620825
23.65 1.05579826087
24.65 1.27401398601
25.65 1.46043556444
26.8 1.0227456446
27.8 1.25647952048
28.81 1.28284638256
30.0 1.05629579832
31.01 1.18581386139
32.02 0.93424950495
33.02 1.15012987013
34.22 0.87388981636
35.24 0.47209411765
36.25 0.76156676558
37.27 0.92207058824
38.35 0.92776296296
39.57 0.79093770492
40.57 1.1795964036
41.58 0.93412091179
42.78 0.81179649708
43.78 1.05711776447
44.79 1.10010703667
45.81 1.3756627451
46.82 0.92559207921
47.86 1.0052666025
48.87 1.17869306931
49.88 1.06697821782
50.89 0.76306534653
51.9 0.8452011893
53.0 0.48617059891
54.11 1.00247430117
55.11 1.36458741259
56.15 0.94316073147
57.22 0.86333457944
58.23 1.47874851485
59.26 0.7067961165
60.4 0.85087269535
61.44 1.15928530259
62.45 1.25392094862
63.49 1.10809248555
64.5 1.29306930693
65.5 1.37672727273
66.74 1.1344826473
67.74 1.74316083916
68.78 1.07005009634
69.88 1.07224
71.01 0.96387621574
72.02 1.39631683168
73.19 1.08123866553
74.19 1.3051497006
75.41 1.15537981952
76.41 1.35076123876
77.41 1.0661984127
78.46 0.97640730067
79.46 1.35996828543
80.47 0.82770829171
81.52 0.98866730219
82.55 0.92349951503
83.74 1.0327333894
84.75 1.20168712871
85.89 0.78523508772
86.91 0.76404705882
87.99 0.34274074074
89.01 0.61727843137
90.02 0.65957227723
91.02 0.66333666334
92.03 0.67931020813
93.04 0.68700990099
94.2 0.61313793103
95.2 0.76259481038
96.21 0.54555555556
97.22 0.44948118812
98.24 0.56821960784
99.25 0.5852990099
100.26 0.68463366337
101.27 0.65931881188
102.3 0.50429514563
103.35 0.66011428571
104.36 0.7472
105.57 0.56719934372
106.58 0.94643756244
107.58 1.04444796829
108.61 0.90034084231
109.61 1.07784215784
110.62 0.90984251969
112.08 0.69058224363
113.09 1.20907722772
114.09 0.85626984127
115.09 0.87147252747
116.1 1.01025173439
117.11 0.85692581602
118.12 0.90926673327
119.12 1.0723015873
120.14 0.94320784314
121.14 1.01556043956
122.32 0.67917966102
123.33 0.81680792079
124.46 1.02455978742
125.6 1.03708516242
126.66 1.0245509434
127.66 1.40698602794
128.67 1.16098412698
129.85 1.06859661017
130.96 1.13612252252
131.97 1.08255049505
132.97 1.07848151848
134.19 0.90495159967
135.19 1.43517282717
136.2 1.26135445545
137.21 1.25969474727
138.21 1.27649150849
139.23 1.242
140.45 1.16112131148
141.46 1.32628910891
142.47 1.20821407334
143.64 0.98726837607
144.65 1.35146085233
145.78 0.8517380531
146.78 1.04939060939
147.88 1.18592174704
148.88 1.24214985015
150.06 0.87160644614
151.07 1.0718970297
152.12 1.09942095238
153.13 1.05363960396
154.18 1.16906666667
155.24 1.060101983
156.24 0.98543856144
157.24 0.93548051948
158.26 0.94422767419
159.27 1.02794455446
160.27 0.88806387226
161.29 0.87905697446
162.3 0.81728316832
163.42 0.84989830508
164.44 1.10186666667
165.45 0.65111595639
166.46 0.71395643564
167.58 0.88981428571
168.7 1.01729285714
169.88 0.90016624258
171.06 0.86418966977
172.07 0.96735777998
173.08 1.01131089109
174.09 0.5585029703
175.11 1.00257254902
176.15 0.6873
177.21 0.57591690274
178.22 0.9484990099
179.22 0.79733866134
180.36 0.71595434592
181.37 1.06400791296
182.48 0.97665644725
183.48 1.21053346653
184.54 1.11539187913
185.92 0.7639448876
186.96 0.9947
187.97 1.08434851485
188.98 0.85982953419
190.08 0.84853818182
191.17 0.86981083563
192.36 0.8346868178
193.37 0.93184950495
194.37 0.72733666334
195.37 0.81312287712
196.6 0.74226568867
197.61 0.90559841741
198.71 0.58595814377
199.71 0.86469772052
200.72 0.6773518335
201.73 0.72277227723
202.83 0.63914181818
203.84 0.67327524752
204.89 0.39619809524
205.98 0.2307167736
207.11 0.07021434898
208.24 0.42594690265
209.47 0.02667099919
210.64 0.70854405475
211.69 0.86390857143
212.71 0.92858823529
213.82 0.99507027027
214.96 1.17251929825
216.07 1.28061981982
217.15 1.11875555556
218.15 1.19504495504
219.16 1.12781764123
220.17 1.01870623145
221.25 1.02330305839
222.27 1.39355577493
223.27 1.34989473684
224.27 1.21335464535
225.44 0.90400684346
226.6 1.24604827586
227.61 1.03021782178
228.69 0.87003703704
229.7 1.21471683168
230.7 0.72514685315
232.05 0.77815270571
233.06 0.97143762376
234.27 0.49778369384
235.27 0.67125322741
236.28 0.7181894317
237.3 0.5294255112
238.31 0.50322453017
239.34 0.44823300971
240.35 0.51096237624
241.43 0.32189454209
242.6 0.41149315068
243.6 0.82487912088
244.6 0.70055544456
245.61 0.46200598205
246.63 0.26590439024
247.78 0.30973611111
249.99 0.0943876532
251.16 0.65981632653
252.32 0.53971724138
253.87 0.32370580645
255.0 0.44093451327
256.01 0.56717623762
257.02 0.72909990109
258.18 0.5830137931
259.21 0.82737743191
260.39 0.9816115352
261.46 0.83488328665
262.47 0.92778592666
263.48 1.03287042532
264.49 0.82226984127
265.49 1.11701898102
266.5 0.74180811078
267.5 1.14157042957
268.51 1.10938629593
269.51 0.78044355644
270.66 0.57475478261
271.67 0.88413465347
272.81 0.76348070175
273.92 0.88104410441
275.03 0.97424706943
276.04 0.97873267327
277.13 0.8215412844
278.14 1.02942574257
279.33 0.78125042017
280.51 0.91791687871
281.64 0.49613451327
282.65 0.62003168317
283.67 0.46091283056
284.68 0.22526732673
285.74 0.25762711864
287.17 0.09228952916
288.18 0.25685207101
289.19 0.27089108911
290.22 0.20308826382
291.24 0.60084705882
292.25 0.58193062438
293.27 0.45890196078
294.28 0.5412462908
295.31 0.23928474247
296.32 0.44023738872
297.34 0.65602352941
298.37 0.56771234208
299.58 0.43246942149
300.59 0.57372106825
301.6 0.4217980198
302.63 0.30732427184
303.64 0.45554806739
304.66 0.45596078431
305.76 0.30202909091
306.77 0.47676831683
307.81 0.29146153846
308.83 0.27896470588
309.86 0.17815145631
310.88 0.27896470588
311.92 0.20528461538
313.22 0.18520615385
314.24 0.50025098039
315.25 0.28053861386
316.56 0.39525858124
317.59 0.47860058309
318.64 0.1326247619
319.68 0.17889230769
320.86 0.24280677966
322.13 0.44715955766
323.29 0.44872852234
324.57 0.3498875
325.63 0.3887667611
326.65 0.38739823009
327.65 0.2292003988
328.66 0.42152079208
329.66 0.41504191617
330.68 0.35001373896
331.69 0.38465014866
332.87 0.36397966102
334.04 0.42764816396
335.06 0.51397841021
336.13 0.58496448598
337.29 0.47636551724
338.29 0.56716083916
339.3 0.47532210109
340.33 0.45468737864
341.38 0.36647148289
342.41 0.45777431907
343.42 0.28014229249
344.46 0.26333012512
345.69 0.32388254486
346.69 0.71684147557
347.7 0.59397227723
348.71 0.52217821782
350.46 0.19583323815
351.51 0.35471496663
352.53 0.32728627451
353.61 0.46337037037
354.71 0.43907636364
355.72 0.58064950495
356.73 0.74552871287
357.75 0.61462745098
358.76 0.53382970297
360.32 0.55778974359
361.33 0.65772673267
362.46 0.78070088496
363.53 1.03588785047
364.7 1.0676034188
365.71 1.13177821782
366.72 0.76562933598
367.87 0.53780712424
368.89 0.64598431373
369.9 0.72585346535
370.91 0.70506930693
372.07 0.53933793103
373.08 0.47676831683
374.08 0.33385074627
375.1 0.48751921182
376.29 0.34141848739
377.31 0.24677647059
378.35 0.19993846154
379.41 0.1520754717
380.76 0.08917333333
381.8 0.1368
383.13 0.19516390977
384.2 0.14319252336
385.21 0.11919207921
386.23 0.15021176471
387.26 0.15420582524
388.29 0.26563106796
389.3 0.19504158416
390.6 0.14998153846
391.66 0.20629594722
392.69 0.19119144801
393.73 0.10183846154
394.88 0.3865716768
395.91 0.60033430515
397.11 0.37224666667
398.13 0.35441805692
399.13 0.60238961039
400.14 0.53226930693
401.15 0.46807128713
402.34 0.31114621849
404.61 0.11570748899
405.67 0.36819622642
406.7 0.14875339806
407.71 0.28144807122
408.82 0.25042380523
409.83 0.21671287129
411.05 0.19735081967
412.09 0.17405197305
413.11 0.23604705882
414.32 0.15750082645
415.35 0.14875339806
416.39 0.15784615385
417.42 0.21729708738
418.45 0.34000776699
419.46 0.24246336634
420.52 0.33449056604
421.79 0.35839370079
422.82 0.38250873786
423.84 0.2248
424.89 0.23705904762
425.95 0.35103396226
426.96 0.28431683168
427.97 0.30613069307
428.99 0.23988235294
430.01 0.42875612145
431.04 0.2540952381
432.06 0.30478431373
433.07 0.44963960396
434.08 0.46593267327
435.14 0.21090566038
436.35 0.26743801653
437.37 0.33261176471
439.28 0.06873203985
440.31 0.47406001936
441.9 0.09636226415
443.65 0.33458823529
444.66 0.65078295342
445.67 0.80694757666
446.72 0.72479694948
447.86 0.88519298246
449.02 0.88150344828
450.07 0.8454552381
451.07 0.97858941059
452.36 0.49952521334
453.43 0.70042537313
454.44 0.90191857001
455.51 0.71319626168
456.62 0.77672858431
457.64 0.98994509804
458.64 0.83469330669
459.87 0.9409275834
461.08 0.9468892562
462.29 0.99432727273
463.38 1.07316697248
464.49 1.04536216216
465.51 1.03047058824
466.64 0.91113628319
467.8 0.91015331611
468.8 1.1712047952
469.81 1.24653320119
470.82 1.13306640238
471.82 1.06567832168
472.84 0.66330196078
473.85 1.19095341923
474.89 0.44228461538
475.89 1.01894105894
476.9 0.9497086224
477.9 1.17456143856
479.01 1.29748602344
480.13 1.22965
481.3 0.87169204448
482.48 0.90264521592
483.57 0.85118089991
484.61 0.90098461538
485.7 1.02577616015
486.79 1.12299449541
487.87 1.13977217554
488.92 1.00144287063
489.93 1.07805940594
490.94 1.12181418581
491.94 1.11612387612
492.94 1.25089310689
494.02 0.84231830727
495.18 1.09409655172
496.22 1.14256153846
497.41 1.2104605042
498.42 1.12957623762
499.44 0.98572888016
500.45 0.9691009901
501.56 0.89375855856
502.64 0.95160740741
503.65 1.02597423191
504.68 0.67863300971
505.69 0.87384554455
506.74 0.59548190476
507.75 0.84739009901
508.79 0.92470769231
509.79 0.30612587413
510.93 0.6541808604
511.94 1.31984142716
512.94 1.39613986014
513.94 1.31255944056
515.11 1.03478767123
516.29 1.0570440678
517.34 1.38541714286
518.34 1.42343256743
519.54 1.07576980817
520.73 1.27001175483
521.73 1.30001198801
522.91 1.07092517007
523.92 1.40480792079
525.14 0.97340771124
526.14 1.32568231768
527.35 0.96950868486
528.35 1.2114011976
529.55 0.58768614357
530.82 0.88013847364
531.83 1.06307234886
532.83 1.13360479042
533.84 0.82829365079
534.85 0.88727128713
535.89 0.98744177093
537.1 0.84524958678
538.11 1.04563402572
539.12 0.94825396825
540.13 1.10321661721
541.13 1.10462337662
542.31 0.93296434635
543.31 1.06825174825
544.43 1.08034316354
545.61 1.08942372881
546.84 1.08909918699
547.85 0.92741444115
548.86 0.78353221011
549.88 0.50163921569
551.1 0.10605245902
552.22 0.94699285714
553.23 1.00033267327
554.36 0.5318300885
555.5 0.95208421053
556.52 1.23123921569
557.58 1.06914716981
558.58 1.35644355644
559.59 1.12635877106
560.59 1.09830969031
561.6 0.92709613479
562.74 0.98112982456
563.75 1.03663366337
564.76 0.87798019802
565.77 1.21998037291
566.78 0.8551048951
567.79 0.71944554455
568.8 1.07134257426
569.84 0.63403076923
571.01 0.93375726496
572.1 0.8247559633
573.21 1.0869981982
574.27 1.02113376988
575.38 1.0652036036
576.41 0.98721253673
577.42 0.77846942801
578.42 1.06170517928
579.43 1.06436435644
580.44 1.3770049456
581.45 1.20530426165
582.46 1.31477227723
583.57 1.13166126126
584.58 0.87982556987
585.62 0.57498461538
586.8 0.69918644068
588.02 0.2780852459
589.05 0.76876893204
590.08 0.51947235694
591.09 0.70555401388
592.32 1.10998537774
593.56 0.55620984665
594.57 0.86354851485
595.58 1.1139960396
596.59 0.75686336634
597.61 0.50311984283
598.62 0.62889020772
599.63 0.62607319486
600.64 0.60303666997
601.78 0.37402979842
602.8 0.77111678116
603.81 0.46281070367
604.91 0.75841598547
605.91 1.01737462537
606.93 0.87442590775
607.95 0.84180392157
609.17 0.46490491803
610.18 0.48449108911
611.19 0.28200594648
612.2 0.43887636004
613.2 0.32438761239
614.23 0.24522178988
615.24 0.29227299703
616.24 0.26634965035
617.27 0.24311587147
618.38 0.38960720721
619.41 0.26485963214
620.45 0.18976277724
621.47 0.35407058824
622.48 0.88104347826
623.59 1.02704418395
624.6 1.19642772277
625.61 1.39247524752
626.8 0.52370420168
627.83 0.52114285714
628.87 0.48726153846
629.88 0.65795450049
630.89 0.24920948617
631.9 0.49652432969
632.91 0.4550970297
633.92 0.28666271019
634.92 0.29519280719
635.96 0.46475529865
637.15 0.77769941226
638.15 1.29067732268
639.16 1.7077740337
640.31 1.29784562012
641.33 1.10729133858
642.33 1.20892707293
643.55 1.21547497949
644.55 1.54173026973
645.71 1.14870060397
646.81 1.14655272727
647.89 1.11385185185
649.09 1.14606666667
650.1 1.28095841584
651.15 0.8536152381
652.37 1.26989508197
653.55 1.11963389831
654.56 1.37828118812
655.59 0.72189105058
656.6 0.44144664032
657.65 1.05939370829
658.67 1.26243614931
659.73 1.25432015066
661.19 1.09611514736
662.19 0.91941658342
663.19 0.89862137862
664.2 1.31579405941
665.21 0.92395238095
666.22 1.11283168317
667.31 0.93381484876
668.32 1.12232309217
669.32 1.11527672328
670.33 1.08439246779
671.34 0.99838255699
672.34 1.09433766234
673.51 0.8441025641
674.52 1.03505555556
675.52 0.79076923077
676.53 1.29780773043
677.7 0.85175384615
678.71 1.3830019802
679.72 1.10290801187
680.73 1.20181565907
681.74 1.27163564356
682.74 1.23771655104
683.75 1.42539060939
684.75 1.25816451933
685.76 1.35046553447
686.88 0.91745714286
687.88 1.31716154609
688.89 1.37986013986
689.9 1.21067722772
690.9 1.29481863231
691.91 1.08807992008
692.98 1.09472897196
693.98 1.47185728444
694.99 1.1494985015
695.99 1.1738592666
697.0 1.13096503497
698.17 0.91232136752
699.17 1.14590287413
700.34 1.18699487179
701.56 1.34430388109
702.9 1.25486567164
703.9 1.53653546454
704.91 1.50835282458
705.91 1.32318881119
706.95 0.96770992366
707.96 1.54764870259
708.96 1.13988888889
710.14 0.89639624253
711.15 1.13273405299
712.17 0.92756862745
713.18 0.9268039604
714.23 1.0866167147
715.36 1.03052502195
716.37 1.20330869131
717.56 0.89656046706
718.57 1.27212787213
719.58 1.30417425743
720.59 1.22685940594
721.72 1.10240561896
722.73 1.31798811881
723.83 0.73668363636
724.84 0.9164990099
725.85 0.77489791873
726.95 0.85533818182
728.13 0.90133559322
729.14 0.88945742574
730.15 0.77265742574
731.17 0.78724387855
732.19 0.87300589391
733.2 0.43956435644
734.22 0.36433300686
735.26 0.24296525097
736.32 0.14532455315
737.35 0.24438058252
738.38 0.22020194175
739.39 0.34674059406
740.41 0.33307798618
741.42 0.45841494592
742.54 0.50580714286
743.55 0.81543026706
744.56 0.52187722772
745.62 0.44603018868
746.63 0.62933597621
747.64 0.64527524752
748.75 0.68403603604
749.77 0.9060627451
750.79 0.88436862745
751.81 0.76921687929
752.84 0.40555339806
753.86 0.37552941176
754.87 0.21074059406
756.84 0.00555532995
757.98 0.22099385426
759.44 0.01498151951
760.45 0.43377865613
761.46 0.29314285714
762.51 0.18745471878
765.8 0.08648753799
766.98 0.16754499151
767.99 0.34639762611
769.1 0.19814774775
770.13 0.48876116505
771.18 0.21478095238
772.55 0.11973741794
773.73 0.06497709924
775.77 0.01072941176
777.26 0.08074044266
778.41 0.07948476936
780.43 0.01624542306
781.78 0.03245070423
782.83 0.03123882017
786.92 0.00802934703
788.03 0.0492972973
789.09 0.13421886792
790.38 0.10269147287
791.53 0.08564869565
792.61 0.11146666667
793.9 0.09324864446
795.13 0.07129641694
797.07 0.01692371134
798.08 0.3499147671
799.12 0.29563846154
800.16 0.21046153846
801.45 0.13579519007
802.73 0.1539
803.74 0.1516990099
804.87 0.17128495575
805.88 0.52011089109
806.9 0.2848627451
807.92 0.48538823529
808.94 0.45096180215
809.95 0.47345094153
811.17 0.31830163934
812.18 0.53202769535
813.31 0.47494960212
814.33 0.48377210216
815.38 0.22878932316
816.39 0.37081188119
817.59 0.64522666667
818.6 0.84563960396
819.61 0.67046336634
820.7 0.5975266055
821.7 1.18738061938
822.91 1.32
823.91 1.0822913776
824.92 0.90778021978
825.92 1.15808126858
826.95 0.98655533981
827.96 1.4507009901
828.97 0.64604391218
830.17 1.12805960265
831.26 1.01045756458
832.26 0.91868787276
833.35 1.04563922294
834.35 1.35636868186
835.55 1.1213
836.56 1.45615049505
837.59 0.77228737864
838.62 0.66650873786
839.63 0.39203168317
840.64 0.36841188119
841.65 0.30202772277
842.67 0.28363137255
843.71 0.48406153846
844.74 0.33625631068
845.76 0.36270588235
846.77 0.44426138614
847.8 0.34546796117
849.04 0.37969677419
850.05 0.47676831683
851.07 0.31208627451
852.08 0.49843960396
853.09 0.40300990099
854.12 0.32327166504
855.28 0.3364677558
856.31 0.35063300971
857.35 0.31803846154
858.36 0.46686732673
859.4 0.33486923077
860.49 0.35141284404
861.5 0.61888316832
862.56 0.686
863.57 0.79652277228
864.58 0.90829170829
865.58 1.0361308226
866.59 1.2583976024
867.59 1.22059861249
868.76 1.17793626184
869.77 1.26388118812
870.77 1.37860539461
871.78 1.08722299306
872.79 1.0991049505
874.01 0.68853507341
875.03 0.56550293542
876.14 0.28592432432
877.3 0.33254780362
878.32 0.87203925417
879.36 1.05257692308
880.37 1.38610778443
881.37 1.15137301587
882.38 1.28216237624
883.43 1.4055847619
884.45 1.33621176471
885.46 0.98193267327
886.51 0.99007238095
887.51 1.31936863137
888.59 1.00665060241
889.6 1.15124752475
890.61 1.09179405941
891.69 0.80887407407
892.7 1.19366336634
893.71 1.06208574277
894.72 1.042273353
895.78 0.64735849057
896.79 0.92310802775
897.79 0.39636363636
898.8 0.32995837463
899.81 0.46262041625
900.81 0.64166233766
901.83 0.32098823529
902.84 1.07673986152
903.87 1.162515625
904.91 1.2508861244
905.91 1.35075449102
915.9 0.08433326657
916.91 1.01268447082
917.91 1.59764235764
918.92 1.25432539683
920.07 1.31226434783
921.08 1.46612277228
922.08 1.50435964036
923.09 1.169728444
924.24 1.1010226087
925.24 1.15021778222
926.24 1.26404795205
927.25 1.06614285714
928.25 0.88685714286
929.42 0.91787852866
930.43 1.20835643564
931.43 1.45620758483
932.44 1.53625396825
933.46 1.61022745098
934.58 1.39948571429
935.71 1.45934867257
936.89 1.23747118644
937.92 1.12059805825
938.98 1.39782641509
939.99 1.3432950495
941.0 1.32578217822
942.01 1.22124356436
943.17 1.24026896552
944.17 1.43916167665
945.19 1.46326129666
946.19 1.05913286713
947.25 1.34584150943
948.33 1.28605925926
949.4 1.34355098223
950.47 1.18197752809
951.57 1.15841885766
952.58 1.53112388503
953.63 1.04680380952
954.79 1.1673862069
955.79 1.28676923077
956.81 0.85504219823
957.81 1.41854945055
958.82 1.36364285714
959.98 1.31529655172
960.99 1.20064158416
962.0 0.65313267327
963.02 0.29423091977
964.53 0.08714893617
966.58 0.27125962007
967.59 0.89323564356
968.77 0.55577268872
969.78 0.51032871287
970.78 0.6294985015
971.79 0.7950702275
972.79 1.25689421158
973.95 1.172653414
974.95 1.55024175824
975.96 1.09058473736
977.11 1.17514509123
978.17 1.3258133836
979.25 1.32052592593
980.26 1.2696031746
981.27 1.00575841584
982.27 1.26535864136
983.28 1.31579781962
984.28 1.24682517483
985.29 1.47073141724
986.3 1.52375445545
987.39 1.42261157025
988.53 1.43620350877
989.69 1.20906206897
990.86 1.29694358974
992.05 1.30252225021
993.14 1.17771323529
994.31 1.3078974359
995.32 1.53756987116
996.34 1.10636862745
997.36 1.32337254902
998.36 1.12307692308
999.47 0.97811171171
1000.65 1.26981694915
1001.66 0.94811496531
1002.8 0.9149122807
1003.81 1.30867655786
1004.82 0.82066997027
1005.83 0.94459405941
1007.08 0.6095872
1008.09 0.56034025717
1009.09 0.58662698413
1010.11 0.58909519136
1011.12 0.99169660679
1012.13 1.17518415842
1013.13 1.12446753247
1014.13 0.85211904762
1015.17 0.92183899127
1016.17 0.62856689792
1017.86 0.28594774347
1018.87 0.46825984252
1019.88 0.71724356436
1020.89 0.57229306931
1021.91 0.65032941176
1022.92 0.68255302279
1023.95 0.63051018429
1024.97 0.36652404318
1026.01 0.34020365034
1027.02 0.4876039604
1028.06 0.45923864734
1029.08 0.41825
1030.09 0.37561226508
1031.1 0.8084990099
1032.26 0.98619310345
1033.3 1.30743076923
1034.31 1.32201398601
1035.49 1.02641547519
1036.5 1.23889791873
1037.51 0.98775445545
1038.52 1.14885544554
1039.7 1.17947914894
1040.7 1.58212139303
1041.75 1.29143619048
1042.92 1.34538803419
1044.09 1.44703507271
1045.1 1.60716831683
1046.11 1.29642814668
1047.11 1.68828771229
1048.16 1.23392578497
1049.34 1.39614588634
1050.35 1.36290693069
1051.35 1.40986213786
1052.45 1.30741401274
1053.46 1.74437227723
1054.46 1.26233766234
1055.46 1.65026973027
1056.52 1.65407939509
1057.52 1.57806193806
1058.69 1.28625641026
1059.7 1.2714011976
1060.7 1.21648605578
1061.71 1.41175769613
1062.72 1.0162290227
1063.79 0.95777736202
1064.79 1.00141458541
1065.81 0.69965063788
1066.83 0.4096627451
1068.09 0.32835527359
1069.11 0.2902632613
1070.12 0.66137007874
1071.13 0.98262948207
1072.13 0.95664335664
1073.14 0.94561584158
1074.14 0.82090709291
1075.2 1.04965439093
1076.34 1.02945263158
1077.35 1.05928245788
1078.36 0.8894271556
1079.36 0.72894117647
1080.38 0.81071905697
1081.38 0.57438561439
1082.42 0.86002307692
1083.43 1.05380594059
1084.52 0.55412844037
1085.53 0.93508910891
1086.53 1.46414385614
1087.71 0.7841426146
1088.73 0.45044705882
1089.74 0.30836003956
1090.84 0.71961454545
1091.98 0.98826666667
1093.07 1.05824793388
1094.07 1.25880519481
1095.08 1.05275568744
1096.09 0.97813280476
1097.11 1.07462745098
1098.12 1.05068249258
1099.13 1.15533333333
1100.21 0.92902962963
1101.24 1.09789147287
1102.25 1.07361111111
1103.43 1.15223031329
1104.52 1.07420917431
1105.52 1.30058741259
1106.53 0.91515392254
1107.63 0.85919272727
1108.74 1.07597837838
1109.8 1.07742884072
1110.8 1.15038561439
1111.81 0.87127777778
1112.81 1.0239040959
1114.02 1.11262809917
1115.03 1.07024158416
1116.04 1.20148118812
1117.04 1.12322877123
1118.05 1.11996825397
1119.06 0.96006330366
1120.07 1.09661843409
1121.07 1.06785214785
1122.08 0.9624975223
1123.08 1.064
1124.08 1.11131268731
1125.09 1.0190049554
1126.1 0.98324975321
1127.3 1.14334448161
1128.3 1.36326873127
1129.4 1.16339327884
1130.56 1.1011216566
1131.57 0.86159207921
1132.58 0.91714059406
1133.58 1.00156643357
1134.59 1.20892857143
1135.59 1.01945254745
1136.61 1.1057254902
1137.63 0.68442787046
1138.73 0.61957090909
1139.74 0.78976633663
1140.8 0.87843018868
1141.8 1.22189010989
1142.84 0.99812307692
1143.85 1.05740336967
1144.9 0.81743101808
1145.9 1.19298301698
1146.91 1.01332011893
1148.13 0.82757377049
1149.15 1.17156078431
1150.15 1.30304895105
1151.16 1.18648412698
1152.16 1.04158093347
1153.17 1.12445862413
1154.17 0.91381418581
1155.31 1.07847719298
1156.42 1.33711091073
1157.43 1.14240792079
1158.43 0.88497102897
1159.44 1.16223936696
1160.45 1.20424603175
1161.63 0.91359322034
1162.63 1.23035364635
1163.78 1.01569391304
1164.78 1.23198401598
1165.8 1.07686444008
1166.8 1.20514685315
1167.8 1.01998801199
1168.81 1.03249255214
1169.82 1.04144807122
1170.83 0.73445391477
1171.85 0.76529411765
1172.89 0.55422307692
1173.9 0.66341386139
1174.91 0.50189306931
1175.92 0.45793076162
1176.94 0.63284003925
1177.95 0.53266534653
1178.96 0.41891988131
1179.97 0.53041030723
1180.98 0.61487524752
1181.98 0.51388611389
1182.99 0.58082854311
1184.0 0.55430267062
1185.02 0.72242590775
1186.05 0.35698640777
1187.09 0.29464615385
1188.11 0.29440784314
1189.14 0.40448496605
1190.15 0.5503666997
1191.16 0.72613861386
1192.17 0.87326732673
1193.17 0.70604595405
1194.28 0.79695135135
1195.29 0.98924083251
1196.29 1.15031368631
1197.31 0.99870461237
1198.32 0.99750988142
1199.33 1.04137301587
1200.34 0.82289108911
1201.35 1.07142970297
1202.36 0.99402772277
1203.36 1.27856943057
1204.37 1.19076313181
1205.37 1.17484915085
1206.37 1.13008591409
1207.45 1.03917625232
1208.57 1.05287857143
1209.57 1.05381818182
1210.58 1.26068118812
1211.59 1.07810505451
1212.59 1.1600959041
1213.6 1.09251932607
1214.61 1.12458613861
1215.61 1.05150849151
1216.72 1.02240720721
1217.73 1.05003766105
1218.74 0.67145346535
1219.77 1.06524271845
1220.77 1.20940659341
1221.78 0.82805946482
1222.98 1.00376666667
1224.14 1.0291862069
1225.28 1.10849122807
1226.45 1.13310941476
1227.46 1.11673663366
1228.48 1.08102745098
1229.64 1.07686206897
1230.65 1.06232871287
1231.66 1.0302977023
1232.66 1.24718334985
1233.73 1.0152
1234.74 1.09114455446
1235.76 0.97502745098
1236.78 1.07821176471
1237.79 0.98993267327
1238.8 1.39614785215
1239.81 1.12597448479
1240.82 1.29952447552
1241.86 0.89095138227
1242.92 1.01914716981
1243.93 0.95903366337
1244.96 1.12840744368
1245.97 0.98598626104
1246.98 1.34884315684
1248.03 1.3076713881
1249.16 1.2804460177
1250.17 1.26474325674
1251.17 1.15160356789
1252.22 0.95219904306
1253.35 1.29767048458
1254.49 1.30244912281
1255.57 1.11251851852
1256.7 1.24319574845
1257.78 1.43235555556
1258.9 1.32110714286
1260.04 1.46999298246
1261.21 1.40675555556
1262.35 1.40819649123
1263.48 1.24932389381
1264.48 1.48945454545
1265.67 1.32549032801
1266.67 1.79712287712
1267.78 1.36509025271
1268.79 1.50167128713
1269.79 1.33385814186
1270.88 1.34292844037
1271.88 1.52196603397
1272.89 1.36715079365
1273.89 1.57487312687
1274.92 1.28747910593
1275.93 1.75312475248
1276.98 1.34372571429
1277.98 1.47818581419
1279.13 1.27514012185
1280.13 1.39186413586
1281.14 1.32166501487
1282.14 1.21564035964
1283.33 1.12867283431
1284.34 1.60372277228
1292.04 0.11881735516
1293.04 0.88031168831
1294.05 1.1353980198
1295.08 1.26808923375
1296.16 1.59618906395
1297.33 1.45190076989
1298.33 1.6173026973
1299.37 1.18596153846
1300.38 1.55996035679
1301.4 1.24283137255
1302.46 1.23592823418
1303.63 1.50499145299
1304.79 1.19189664083
1305.81 1.21297254902
1306.83 1.22113444553
1307.95 1.33088571429
1309.06 1.20443963964
1310.07 1.16792079208
1311.08 1.35973069307
1312.26 0.69644067797
1313.7 0.41402222222
1314.93 0.46823759154
1315.93 0.78192207792
1316.94 0.43460059465
1317.95 0.36103762376
1318.96 0.40098217822
1320.0 0.35778461538
1321.03 0.24069126214
1322.05 0.28912720157
1322.73 0.21802067947
