1.01 1.64635247525
2.01 1.95070529471
3.07 0.24423796034
4.07 0.27332667333
5.14 0.22557904584
6.4 0.38540952381
7.42 0.48533855186
8.44 0.72717485265
9.6 1.04056551724
10.61 1.22398414272
11.61 1.05024575425
12.62 1.21971060456
13.83 0.86819173554
14.84 1.34326336634
15.85 1.27517938553
16.85 1.3436963037
17.85 0.9598001998
18.85 1.30197802198
20.1 0.99953883106
21.3 1.24544666667
22.3 1.23438161838
23.3 1.33133266733
24.31 1.33901092354
25.49 1.05797966102
26.49 1.35465868263
27.69 1.1252754591
28.83 1.16423157895
29.83 1.01403396603
30.98 1.10053263708
31.99 1.02194648167
33.05 0.85897358491
34.05 1.02365634366
35.25 1.31789157631
36.26 1.28622924901
37.45 1.13233305299
38.47 1.34627228208
39.49 1.48197647059
40.87 0.90254387237
41.97 1.41830027298
43.15 1.21428619814
44.17 1.23423529412
45.23 1.21719357885
46.47 1.11529411765
47.6 1.05718230088
48.62 1.11117647059
49.76 1.09598596491
50.85 0.7712293578
51.85 0.85084515485
52.93 0.97078293135
53.98 1.28052521408
55.13 1.22306782609
56.14 0.95157185332
57.18 0.54227965284
58.26 1.19795571956
59.26 1.37034965035
60.27 1.21548463826
61.27 1.31542857143
62.47 1.02185154295
63.61 1.44544561404
64.61 1.86565434565
65.62 0.89760951437
66.64 1.16110588235
67.64 0.94354445554
68.72 0.884
69.73 0.69885148515
70.73 0.78752447552
71.75 0.92494117647
72.75 0.85217982018
73.76 1.06268384539
74.77 1.07395837463
75.78 1.09078019802
76.84 1.27216619452
77.84 1.33312287712
78.85 0.74109811695
79.92 0.83934205607
81.02 0.94978383288
82.03 0.82212091179
83.04 0.7790970297
84.05 0.80179009901
85.05 0.8169740519
86.06 0.59750793651
87.06 0.94605394605
88.07 0.76868979187
89.08 0.5599049505
90.14 0.68175849057
91.24 1.02464727273
92.38 1.01737423313
93.39 1.10026560951
94.39 0.99508491508
95.4 0.94303366337
96.41 0.90526065411
97.44 0.93902429543
98.46 0.83715851272
99.47 1.26557936508
100.48 0.92087128713
101.49 1.10396039604
102.55 0.70171320755
103.59 1.14584615385
104.6 1.38905054509
105.79 0.8517279597
106.85 0.85474598678
107.86 0.92256633663
108.95 0.91530275229
110.08 0.88294513274
111.09 1.02683564356
112.1 1.0609029703
113.11 1.04985346535
114.35 0.69927096774
115.35 0.99908091908
116.36 1.23318136769
117.56 1.1191993383
118.59 1.40792164545
119.75 1.31075862069
120.76 1.29554896142
121.77 1.1390604559
122.81 0.77401538462
123.82 1.06221782178
124.82 1.09385814186
126.07 0.88381745396
127.17 1.17997111913
128.19 1.14426086957
129.19 1.06203396603
130.2 1.08198216056
131.21 0.97160830861
132.38 1.0742994012
133.53 1.06877913043
134.53 0.91594805195
135.55 0.94933856722
136.55 0.91836963037
137.56 0.85410505451
138.58 0.83818823529
139.65 0.84413716404
140.75 0.89260494959
141.76 1.10345346535
142.96 0.6919
143.98 0.92087058824
145.09 0.68534048257
146.22 0.90718287244
147.45 1.0
148.65 0.86857333333
149.67 1.11153680079
150.69 0.72618039216
151.84 0.87273043478
152.9 0.83723018868
153.9 0.88591408591
154.91 1.01634093162
155.92 0.84643168317
156.97 0.90839619048
157.99 0.84234791059
159.08 0.90005550416
160.19 0.93301161752
161.2 1.27211881188
162.21 0.86163960396
163.22 0.90003960396
164.23 1.04243409316
165.35 0.95735714286
166.43 0.92474074074
167.44 1.30359563925
168.45 0.73486053412
169.46 1.1099009901
170.61 0.97366956522
171.62 0.73461248761
172.63 0.83739663699
173.72 0.99191926606
174.79 0.98915140187
175.87 0.90061909175
176.87 1.24180619381
178.1 0.94004231082
179.1 0.89747052947
180.12 0.71481059863
181.29 0.51945982906
182.31 0.58685490196
183.33 0.60706903353
184.34 0.36435433071
185.36 0.42235294118
186.37 0.36841188119
187.43 0.10230943396
188.44 0.47428684471
189.47 0.48363848397
190.49 0.39821176471
191.51 0.54276499508
192.6 0.8279086758
193.61 0.98798412698
194.67 0.44645014245
195.68 0.79780314961
196.79 0.61205045045
197.82 0.98473786408
198.83 1.03748367953
199.89 0.98353163362
201.1 1.10800661157
202.11 0.73075643564
203.17 0.71391698113
204.38 0.78890578512
205.53 0.7488
206.73 0.75592
207.8 0.48748459384
208.84 0.53371976967
209.86 0.83155162242
210.87 0.77230891089
211.93 0.64566792453
212.94 0.90987722772
213.94 0.81906893107
214.95 0.7384975223
215.96 0.65292185955
217.18 0.46061361772
218.2 0.48912830558
219.22 0.36515799804
220.23 0.35086620416
221.24 0.53823145401
222.24 0.35407792208
223.28 0.35847398844
224.28 0.28109490509
225.3 0.33261176471
226.56 0.21155555556
227.57 0.3664950495
228.63 0.40350943396
229.73 0.49653818182
230.75 0.60855686275
231.85 0.48243636364
232.86 0.69415445545
233.9 0.34759576516
234.9 0.30523076923
235.93 0.35097376093
236.93 0.17116483516
237.95 0.84745829244
238.95 0.83418981019
239.96 0.84273267327
240.96 0.72242157842
242.35 0.21530835735
243.53 0.01853344623
244.57 0.53196153846
245.66 0.30121100917
246.67 0.39120792079
247.73 0.56726792453
248.75 0.89464313725
249.76 0.73593663366
250.78 1.02986666667
251.89 0.91878088368
252.9 1.15288625124
254.08 0.88808142494
255.2 0.91803571429
256.34 0.84830175439
257.57 0.92907317073
258.61 0.5041
259.62 0.49414653465
260.65 0.40406608358
261.8 0.07606602954
262.81 0.53048959366
263.97 0.31106976744
264.98 0.61987326733
266.03 0.52504380952
267.04 0.86971315529
268.27 0.47874369406
269.29 0.6618955665
270.37 0.63319557196
271.41 0.67153121998
272.42 0.4650148662
274.78 0.09734180432
275.93 0.16999129678
276.99 0.17551698113
278.12 0.09684955752
279.27 0.1413773913
280.42 0.11419826087
281.49 0.08182429907
282.53 0.05261538462
283.6 0.04091214953
284.71 0.08946306306
285.72 0.22732344214
286.75 0.29210495627
287.78 0.35063300971
288.84 0.16948679245
289.87 0.24438058252
290.88 0.2585980198
291.93 0.12299619772
292.95 0.21500982318
293.98 0.25500582524
294.99 0.18471287129
295.99 0.22959440559
297.01 0.1718390579
298.04 0.26563106796
299.06 0.18421176471
300.08 0.24677647059
301.09 0.1436039604
302.1 0.26005544554
303.24 0.1152
304.29 0.16963047619
305.3 0.37924752475
306.31 0.42708118812
307.34 0.63751456311
308.35 0.2284039604
309.37 0.22531764706
311.2 0.04186229508
312.21 0.67596831683
313.23 0.26823529412
314.75 0.12534210526
315.76 0.49843960396
316.77 0.27074851485
317.81 0.22098461538
319.2 0.09448057554
320.24 0.09470769231
321.37 0.04450265487
322.39 0.17167058824
323.4 0.42350891089
324.41 0.56826930693
325.43 0.80288408644
326.54 0.55074100719
327.54 0.82568631369
328.55 0.75267460317
329.56 0.67217425743
330.57 0.5070019802
331.8 0.50760618389
332.8 0.86302497502
333.89 0.60203302752
334.9 0.81200792079
335.92 0.80714509804
336.93 0.67326190476
337.93 1.16646706587
338.94 0.67324356436
339.98 0.30150769231
341.0 0.17167058824
344.61 0.03630803324
346.12 0.28860437376
347.13 0.1516990099
348.27 0.55198596491
349.28 0.74407128713
350.29 0.7166970297
351.36 0.72817196262
352.49 1.09295575221
353.5 1.24064158416
354.51 0.84577425743
355.52 0.70179009901
356.52 0.58442315369
357.53 0.62563492063
358.74 0.49961652893
359.75 0.63505928854
360.78 0.45613899614
361.82 0.24203076923
362.96 0.27578245614
364.0 0.50661493695
365.23 0.36146569814
366.24 0.30582035928
367.26 0.20886381323
368.28 0.23814836795
369.33 0.14598095238
370.37 0.22098461538
371.46 0.12945586897
372.7 0.04412903226
374.4 0.03157151265
376.16 0.3206132879
377.22 0.22735410765
378.23 0.24897329377
379.24 0.17856888008
380.3 0.30973584906
381.31 0.24103762376
382.44 0.30757522124
383.45 0.3359049505
386.06 0.06229578544
387.6 0.43713315927
388.62 0.26588921283
389.63 0.37374257426
390.64 0.4468971029
391.64 0.22607936508
392.66 0.19312941176
393.66 0.17492907093
394.7 0.21901828681
395.78 0.1216
397.5 0.06999069767
399.83 0.09393991416
401.1 0.02781102362
402.14 0.26282420749
403.15 0.33623785927
404.19 0.22168992248
405.31 0.26195744681
406.82 0.02174304636
407.82 0.18921078921
408.83 0.2277740337
409.84 0.20234455446
410.86 0.28033891626
411.86 0.22668258706
412.88 0.32188235294
414.18 0.23732307692
415.19 0.19504158416
416.8 0.08166479751
417.82 0.39885268293
418.84 0.30071835132
419.97 0.22763185841
420.98 0.36841188119
421.99 0.38712871287
423.02 0.40516504854
424.08 0.39839245283
425.09 0.28172673267
426.12 0.21041553398
427.14 0.32188235294
428.17 0.26865242718
429.22 0.25014857143
430.31 0.12868990826
431.32 0.19504158416
432.35 0.15937864078
433.36 0.4707960396
434.37 0.35356039604
435.64 0.10237480315
436.66 0.70839802956
437.66 0.84513432836
438.82 0.93664827586
439.83 1.13375841584
440.84 0.77965148515
441.85 1.12244752475
442.86 0.71040792079
443.96 1.01674181818
444.99 1.00375557711
446.03 1.09896438884
447.24 0.96179834711
448.33 1.04868990826
449.34 1.1433029703
450.34 0.91258341658
451.35 0.78204955401
452.39 0.88116042267
453.4 0.84840436075
454.51 0.88764684685
455.52 1.25327524752
456.53 0.89828118812
457.53 0.90596603397
458.55 0.86750932287
459.65 0.76152
460.68 0.81796504854
461.69 1.00348514851
462.7 1.01093861386
463.7 1.04874325674
464.71 1.05421782178
465.93 1.26816078753
466.95 1.01242352941
467.95 1.05557642358
469.04 1.14595408632
470.1 1.06461886792
471.1 1.14181818182
472.11 1.16845986125
473.12 0.63623343225
474.51 0.75020302376
475.68 0.77846153846
476.68 0.68074325674
477.78 1.02913193813
478.78 1.18804395604
479.91 1.00513020372
481.0 1.11383486239
482.04 1.11423846154
483.07 1.12655533981
484.12 1.00102857143
485.17 0.98619157088
486.24 0.98205204461
487.25 1.11742574257
488.26 1.16944950495
489.27 1.13194455446
490.27 1.00007992008
491.28 0.85492170466
492.3 1.00643921569
499.42 0.01841416128
502.43 0.0910003319
503.44 0.77587326733
504.47 1.07857864078
505.48 1.21434455446
506.49 1.17756831683
507.54 1.09444571429
508.54 1.29102897103
509.55 1.26866997027
510.7 1.02598956522
511.7 1.25314685315
512.71 1.2901978022
513.71 1.27949206349
514.83 1.05646428571
515.84 1.40780217606
516.99 1.02272584856
517.99 1.12705694306
519.09 0.81322404372
520.16 0.90973669468
521.17 1.33874103586
522.18 1.43789183874
523.19 1.2472
524.2 1.41398601399
525.2 1.29996425025
526.34 1.01346888694
527.38 0.95956153846
528.38 1.28807192807
529.39 1.34354013875
530.54 0.99712
531.54 1.69685514486
532.68 1.02770149254
533.68 1.25385814186
534.69 1.30867532468
535.69 1.3047388282
536.7 1.23014836795
537.71 1.35111992071
538.71 1.3385974026
539.71 1.33565634366
540.78 0.96042656688
541.8 1.25823529412
543.0 1.0157
544.0 1.28603396603
545.01 1.22224777007
546.16 0.96380521739
547.17 1.31932135729
548.34 1.05685568761
549.35 1.19840792079
550.35 0.70969030969
551.36 0.69374625375
552.39 0.78189595376
553.4 0.84530426165
554.41 0.76945742574
555.42 0.69051632047
556.72 0.38488067744
557.89 0.45465982906
558.91 0.48235063663
559.94 0.21750048591
561.03 0.21084770642
562.64 0.08166479751
563.66 0.34655219512
564.67 0.43109613479
566.21 0.24024902724
567.22 0.52627948464
568.3 0.39602222222
569.31 0.686884273
570.37 0.57047025496
571.38 0.78318415842
572.4 0.57250196078
573.42 0.6282745098
574.92 0.28868266667
575.93 0.60102970297
576.93 0.72445954046
577.94 0.90078097126
578.95 1.0190970297
579.96 1.18242532146
580.97 0.89443012884
582.09 1.00063571429
583.11 0.82266666667
584.11 1.00576223776
585.14 1.04053644315
586.15 1.18346930693
587.34 0.77171764706
588.43 0.99575779817
589.44 1.4168
590.49 0.91256380952
591.64 0.4853426087
592.93 0.3399255814
593.96 0.58438834951
594.99 0.47874174757
596.19 0.76833333333
597.62 0.30655462185
599.08 0.23842407661
600.17 0.22048351648
601.18 0.44106349206
602.18 0.95478921079
603.28 0.75223293904
604.35 0.14332647334
605.49 0.09591586328
606.6 0.07894679892
607.7 0.08946049046
608.72 0.09656470588
610.16 0.05896872828
611.17 0.60981492537
612.18 0.2291496063
613.21 0.99444660194
614.23 0.88209411765
615.25 0.72312156863
616.28 0.81757823129
617.28 0.64184615385
618.32 0.62659230769
619.33 0.53675247525
620.34 0.66240792079
621.35 0.91603168317
622.54 0.57078553406
623.58 0.52839230769
624.59 0.40091881188
625.67 0.18760407031
626.68 0.36877700694
627.69 0.27216617211
628.7 0.78987722772
629.73 0.74521165049
630.74 0.94463429138
631.84 0.55118545455
632.85 0.62648712871
633.88 0.53126213592
634.89 0.17764589515
635.91 0.30042352941
636.93 0.20446017699
637.94 0.20065547878
638.95 0.29285232904
640.0 0.17320647003
641.0 0.29519280719
642.01 0.25052380952
643.01 0.33892507493
644.03 0.24756035329
645.06 0.233528613
646.1 0.26863522618
647.46 0.56195882353
648.86 0.35907560628
649.96 0.26616196542
650.96 0.55758641359
651.98 0.54882514735
653.08 0.98076225045
654.1 0.89557605496
655.12 0.66022418879
656.12 0.62126420738
657.31 0.5066980656
658.48 0.73248847139
659.49 0.93796630327
660.53 0.64159230769
661.54 1.01424332344
662.72 0.83413061917
663.92 0.60808006672
664.93 0.45464688427
665.93 0.63491708292
667.02 0.77419449541
668.03 0.73917938553
669.05 0.94176470588
670.21 1.06765517241
671.22 0.88823738872
672.23 0.74208919722
673.26 0.76987961165
674.32 0.85513962264
675.36 0.79192307692
676.63 0.69545826772
677.64 0.70823762376
678.87 0.50120325203
679.88 0.57408316832
680.92 0.53782307692
681.94 0.62429019608
682.95 1.0031049505
684.12 0.76788376068
685.13 0.89935841584
686.14 0.5798019802
687.17 0.87126990291
688.3 0.54180530973
689.45 0.76215652174
690.46 0.84650148662
691.49 0.30480776699
692.55 0.20649056604
693.56 0.69910187933
694.66 0.8257033667
695.67 0.93574628345
696.68 1.06705742574
697.69 0.64862574257
698.71 0.7359372549
699.72 0.65507326733
700.76 0.83425384615
701.78 1.10294901961
702.79 1.26316831683
703.97 1.19072542373
704.97 1.78225774226
706.02 1.03963393708
707.18 1.08724827586
708.38 1.00246666667
709.38 1.13763036963
710.39 1.01910009911
711.52 0.89686371681
712.54 1.26063529412
713.61 1.01058691589
714.62 1.24773069307
715.8 0.96674576271
716.8 1.12165434565
717.81 1.05905555556
718.82 1.34828514851
720.04 1.02908196721
721.06 1.03401766438
722.07 0.57267326733
723.29 0.94379016393
724.39 1.09172363636
725.51 1.0502
726.76 0.85451638689
727.77 1.26082854311
728.79 0.77505004907
729.8 0.8289851632
730.8 0.79821778222
731.8 1.38825174825
732.99 0.89206734007
734.0 0.9660990099
735.2 1.08664
736.2 1.45301098901
737.21 1.25566666667
738.21 0.97868787276
739.38 0.72142268041
740.39 0.96992666006
741.6 0.97171263419
742.62 1.1132404318
743.69 1.18405228758
744.69 1.33595204795
745.8 1.12056266907
746.81 1.04463032706
747.81 1.17553646354
748.98 0.99134302823
749.98 1.04238722555
750.99 1.15199207136
752.0 1.32855390702
753.23 1.42096013019
754.35 1.15389285714
755.4 0.86875119161
756.44 0.85973846154
757.45 1.15982574257
758.45 0.88995804196
759.58 0.89065486726
760.7 0.93988203753
761.92 0.81489836066
762.93 0.86395247525
763.95 0.36389803922
764.99 0.34053076923
766.08 0.24096880734
767.29 0.13727603306
768.41 0.14657142857
769.45 0.11575384615
784.09 0.00074728576
785.14 0.31644952381
786.18 0.927
787.24 1.03473207547
788.24 0.62941858142
789.25 0.73232111001
790.27 0.50800784314
791.43 0.95962068966
792.43 1.11018581419
793.44 0.67758176412
794.48 0.50403079885
795.49 0.31963600396
796.51 0.40229469548
797.55 0.46301538462
798.56 0.4055049505
799.57 0.6851009901
800.58 0.66608316832
801.76 0.63985084746
802.77 0.82354059406
803.79 0.98010577865
804.8 1.32753221011
805.81 1.5336
806.86 1.20764190476
807.86 1.38502195609
808.89 0.95036575875
809.9 1.19150891089
811.05 1.00220521739
812.2 0.94751304348
813.21 0.6073980198
814.41 0.84523333333
815.42 0.83493069307
816.44 0.73640784314
817.45 0.94835643564
818.46 0.44993267327
819.5 0.27972307692
821.22 0.13998139535
822.26 0.23398461538
823.3 0.18941538462
824.34 0.18941538462
825.36 0.15243921569
826.43 0.18427689429
827.45 0.20365915769
828.47 0.14210009814
829.53 0.15472196041
830.56 0.1595335277
831.57 0.11626508408
832.63 0.49172075472
833.66 0.4037592233
834.7 0.17473481196
835.72 0.37479452055
836.73 0.31485657765
837.74 0.3359049505
839.16 0.11585038814
840.38 0.52206219313
841.42 0.62568461538
842.85 0.28316643357
843.96 0.07104864865
844.99 0.47813592233
846.13 0.4732495637
847.15 0.56137007874
848.16 0.55126911619
849.16 0.52293306693
850.21 0.22384848485
851.26 0.19917241379
852.27 0.34839169139
853.42 0.62831358885
854.42 0.93109290709
855.43 0.9550148368
856.5 0.93567041199
857.5 1.13776623377
858.51 1.04482376238
859.51 1.36434765235
860.62 1.01210459874
861.63 0.94235247525
862.64 0.87998414272
863.64 1.4317042957
864.71 1.05819065421
865.71 1.59272727273
866.73 1.06175466143
867.82 1.41852477064
868.9 0.98306666667
870.34 0.63227797081
871.48 1.24583157895
872.51 1.17512147716
873.52 1.50186930693
874.57 1.18660623229
875.73 1.27051034483
876.74 1.31511287129
877.83 1.2791412844
878.96 1.48210973451
880.16 1.5095
881.25 1.54294949495
882.31 1.38523836657
883.53 1.00917455139
884.56 0.95973540856
885.67 0.88955675676
886.68 0.80061721068
887.81 0.68517980514
888.82 1.02644752475
889.83 0.97578613861
890.86 0.91910243902
891.97 0.98377060932
892.98 0.99612265084
894.05 0.92511610487
895.05 1.09624775225
896.06 0.67164391691
897.08 0.99783316977
898.09 0.66222574257
899.22 0.78808134394
900.23 0.78724603175
901.24 0.58102178218
902.31 0.49597009346
903.31 1.07682717283
904.32 0.85795044599
905.33 0.97477227723
906.34 0.65844510386
907.35 1.06521308226
908.53 0.4325559322
909.54 0.686743083
910.56 0.79934052993
911.58 0.4582531894
912.6 0.54192360431
913.61 1.04863429138
914.63 1.06909019608
915.64 1.45994455446
916.75 1.22761476148
917.96 1.27053884298
919.16 1.18819683069
920.36 1.37150374688
921.47 1.52817312894
922.47 1.80402797203
923.48 1.37851337958
924.48 0.91741058941
925.49 0.74659266601
926.5 1.20522772277
927.6 0.60934545455
928.61 0.72598019802
929.63 0.7573254902
930.64 0.64175936884
931.67 0.54016
932.72 0.82852571429
933.73 0.89887524752
934.74 0.78944158416
935.83 0.84038899083
936.86 1.01323495146
938.05 0.87435294118
939.11 1.27575849057
940.13 1.56952941176
941.14 1.67767258383
942.17 1.12715789474
943.18 1.05052673267
944.22 0.93933076923
945.23 1.27228514851
946.24 1.11544554455
947.26 0.89684705882
948.27 0.89201584158
949.28 0.76334387352
950.31 0.86540077821
951.49 0.68911864407
952.5 0.81395643564
953.62 0.89745714286
954.72 1.12400363967
955.84 0.99780196253
956.92 1.01038739574
957.94 0.78621960784
959.1 0.82115172414
960.19 0.94598165138
961.19 1.64641916168
962.22 1.27550631681
963.23 1.72996630327
964.24 1.85371881188
965.29 1.26348190476
966.3 1.44502857143
967.31 1.45425498008
968.36 1.28348952381
969.37 0.75604360753
970.47 0.64354909091
971.48 0.77278415842
972.48 0.84896703297
973.56 0.75415013902
974.56 1.2151048951
975.57 0.78594251734
976.57 0.92456343656
977.65 0.95191836735
978.66 0.97334915925
979.67 0.66373042616
980.68 0.45595247525
982.38 0.09650793651
983.38 0.67092063492
984.39 0.70365940594
985.41 0.25856126482
986.42 0.42659332024
987.59 0.41529715762
988.73 0.81293333333
989.79 0.91495603368
990.89 0.80445421245
992.03 0.72396515679
993.05 0.92731764706
994.06 0.88147052947
995.07 0.6973280943
996.08 0.84598811881
997.09 0.75080514342
998.1 0.91901684836
999.19 0.6135266055
1000.22 0.31875728155
1001.26 0.12627692308
1002.32 0.08873962264
1003.83 0.29943311258
1004.84 0.04329970326
1005.86 0.64760745829
1006.88 0.60617860648
1007.88 0.76867132867
1008.96 0.71472592593
1010.12 0.9277588286
1011.14 1.05833530572
1012.15 1.04377536946
1013.17 0.91496470588
1014.21 0.68756923077
1015.24 0.51001165049
1016.3 0.69274269557
1017.37 0.85223573433
1018.5 1.01466666667
1019.5 1.18488888889
1020.51 0.75656237624
1021.52 0.80960792079
1022.53 0.6758970297
1023.54 0.47664158416
1024.64 0.63790545455
1025.65 0.85460594059
1026.66 0.39405940594
1027.67 0.29485940594
1028.68 0.29790891089
1029.68 0.46888311688
1030.73 0.88246857143
1031.79 0.84767516525
1032.8 0.78217029703
1033.81 0.96714455446
1034.98 0.76701538462
1036.0 0.98145882353
1037.03 0.57624854369
1038.04 0.47138217822
1039.06 0.46076862745
1040.07 0.72997227723
1041.29 0.73535135135
1042.3 1.22070916335
1043.3 0.85010945274
1044.31 0.99868514851
1045.32 1.13582574257
1046.36 0.6707
1047.42 0.23746415094
1051.13 0.03531985988
1052.3 1.01782876712
1053.31 0.71231683168
1054.32 0.57466138614
1055.33 0.4479446093
1056.36 0.35622934888
1057.4 0.30981538462
1058.43 0.38250873786
1059.56 0.08443185841
1060.58 0.44033758587
1061.7 0.48233363069
1062.71 1.0468990099
1063.71 1.0474965035
1064.72 0.87743904856
1065.82 0.8624
1066.83 0.88857821782
1067.92 0.63034862385
1069.1 0.91559322034
1070.1 1.11661138861
1071.2 1.2417033667
1072.21 1.47535381566
1073.21 1.03892215569
1074.34 1.32478014184
1075.44 1.28680727273
1076.44 1.4907972028
1077.46 1.16717566241
1078.46 1.16581818182
1079.47 1.98762338949
1080.48 1.8296
1081.57 1.35874495413
1082.57 1.88323353293
1083.61 1.47206936416
1084.61 1.53267864271
1085.61 1.46414385614
1086.65 1.37668659595
1087.8 1.44204521739
1088.81 1.51813254204
1089.82 1.14883647175
1090.86 1.1419
1091.87 1.09680792079
1092.96 1.23815045872
1094.1 0.89611929825
1095.28 1.10511186441
1096.43 0.99245913043
1097.44 0.94092368682
1098.45 0.87848862512
1099.63 1.32471186441
1100.72 1.55191192661
1101.72 1.47948851149
1102.76 1.35379403272
1103.76 1.56802397602
1104.77 1.10989890981
1105.8 0.93252038835
1106.99 0.87195966387
1107.99 1.49542457542
1109.0 1.47460852329
1110.17 1.05880102477
1111.17 1.3598001998
1112.18 1.5231984127
1113.19 0.84278019802
1114.2 1.65002973241
1115.34 1.63032427695
1116.35 1.35318929633
1117.41 0.814700661
1118.42 0.70145994065
1119.43 0.55973042616
1120.45 0.61891764706
1121.48 0.43474174757
1123.85 0.17515611814
1124.86 1.07346679881
1125.87 1.12648862512
1126.87 0.9999760479
1128.05 0.79453095844
1129.19 0.93528358209
1130.25 0.94090857681
1131.26 1.18501587302
1132.31 1.00484871551
1133.35 0.94990769231
1134.39 0.92692307692
1135.51 1.01293297587
1136.52 1.09277151335
1137.54 0.70827085378
1138.54 0.91321478521
1139.55 0.65405940594
1140.58 0.40328862974
1141.59 1.05552475248
1142.61 0.94358472086
1143.62 0.78347670961
1144.64 0.45335686275
1145.65 0.41008902077
1146.67 0.31474779195
1147.69 0.3858805093
1148.7 0.42679088206
1149.88 0.7750440678
1150.9 1.07918431373
1152.03 0.74676814159
1153.04 0.44952871287
1154.15 0.08873513514
1155.16 0.43307722772
1156.17 0.99838255699
1157.17 1.29010989011
1158.18 1.05967096135
1159.19 1.11881188119
1160.19 1.05154845155
1161.26 0.92299345182
1162.28 0.91266666667
1163.29 0.76932277228
1164.29 0.87915284715
1165.31 0.85126594701
1166.35 0.6747
1167.4 0.98457904762
1168.4 1.01954845155
1169.42 1.17201175318
1170.43 1.04216666667
1171.44 0.8339009901
1172.45 0.63878140455
1173.46 0.80476511397
1174.48 0.90335029354
1175.55 0.97483146067
1176.58 1.09923106796
1177.62 1.25086923077
1178.63 1.22576377953
1179.64 1.22271585244
1180.72 0.58178518519
1181.72 1.1235964036
1182.73 1.06166897919
1183.73 1.14509490509
1184.74 1.28155401388
1185.75 1.06937029703
1186.75 0.97418581419
1187.76 0.97261446977
1188.77 1.03739405941
1189.77 0.97653546454
1190.78 0.9515952381
1191.78 1.0928991009
1192.78 1.28814385614
1193.79 1.27165079365
1194.79 1.46166633367
1195.8 1.08400792079
1196.81 1.24019782394
1197.91 0.79640831075
1198.92 1.14404795205
1199.93 0.91588526212
1201.12 0.94745836838
1202.13 1.36023738872
1203.13 0.93897507478
1204.27 1.02272838428
1205.35 1.03163398693
1206.49 1.15173333333
1207.49 1.26781218781
1208.64 1.11609399478
1209.65 1.29359446093
1210.86 0.87691645988
1211.87 1.22733465347
1212.91 0.98934615385
1214.0 1.12204036697
1216.93 0.11214197952
1217.93 0.30871528472
1218.94 0.41937760159
1219.97 0.62220756547
1220.98 1.15774826561
1222.11 0.91187964602
1223.11 1.4714005994
1224.11 1.24142063492
1225.13 1.23695162883
1226.13 1.09147169811
1227.14 1.24576223776
1228.24 1.00180505415
1229.42 1.23013559322
1230.42 1.39247152847
1231.51 1.00104315886
1232.61 1.13125090909
1233.8 1.28895462185
1234.8 0.91466133866
1235.89 0.84293112948
1236.98 1.13355820348
1238.1 1.0974155496
1239.19 0.9734335472
1240.21 1.1113669634
1241.21 1.0688444004
1242.22 1.03184950495
1243.23 0.87701883053
1244.26 0.87815145631
1245.26 1.09935664336
1246.27 1.21703072349
1247.27 0.90595004995
1248.29 0.93683877349
1249.29 1.00706349206
1250.32 1.02531910766
1251.34 1.04582531894
1252.46 0.95916428571
1253.59 1.05531975199
1254.59 1.10176223776
1255.74 0.62524630113
1256.74 0.7022977023
1257.75 0.71590089197
1258.75 0.82319280719
1259.76 1.13169108911
1260.77 1.0156990099
1261.9 0.98820903454
1263.09 1.18438319328
1264.14 1.13044571429
1265.15 1.26087920792
1266.26 1.09795315315
1267.28 1.15610196078
1268.34 0.94353962264
1269.48 1.08716564417
1270.55 1.099494855
1271.56 1.14975841584
1272.65 0.91092844037
1273.8 0.9400973913
1274.98 0.9569220339
1275.99 0.85333069307
1277.0 0.8771009901
1278.0 0.62264935065
1279.01 0.86582358771
1280.01 0.86650949051
1281.03 1.33840235525
1282.04 0.9355960396
1283.04 1.09398601399
1284.05 1.09535049505
1285.12 1.06850093458
1286.13 1.24444444444
1287.3 0.71567863248
1288.3 0.81588811189
1289.31 0.71724876115
1290.38 0.68409354537
1291.38 0.64854345654
1292.58 0.55668666667
1293.59 0.69916039604
1295.03 0.49045555556
1296.04 0.6736
1297.04 0.72155844156
1298.05 0.7020654113
1299.14 0.53448807339
1300.15 0.8017980198
1301.17 0.71752156863
1302.25 0.52177777778
1303.26 0.68712079208
1304.27 0.67538217822
1305.32 0.69795809524
1306.33 0.98985346535
1307.34 0.71976237624
1308.34 0.73679120879
1309.35 1.15740733399
1310.36 1.01394851485
1311.37 0.90706534653
1312.38 0.95903366337
1313.38 1.06242714571
1314.41 0.87004859086
1315.43 0.58830225711
1316.44 0.72160792079
1317.45 0.75933465347
1318.46 0.54027722772
1319.53 0.51885607477
1320.55 0.52815701668
1321.59 0.83387512008
1322.6 1.09887524752
1323.6 1.20422777223
1324.72 0.91959285714
1325.73 1.19605946482
1326.74 1.27586534653
1327.74 0.88268263473
1328.75 1.0868015873
1329.83 1.11148148148
1330.84 1.1888
1330.99 1.18313513514
