1.06 0.92172727273
11.78 0.01221888692
12.82 2.93448607109
13.83 0.42578842315
14.84 1.06987819253
16.0 1.08043092963
17.01 0.84777843719
18.01 1.34588611389
19.22 1.04568874172
20.25 1.36706886518
21.45 0.96746044963
22.46 1.48273015873
23.47 1.3520553907
24.8 0.93928775357
25.8 1.35936444886
26.81 1.34075524476
27.94 0.9545699115
28.94 1.31091308691
29.94 1.2876003996
30.95 1.32682539683
32.16 1.03174876033
33.16 1.36695341923
34.39 1.07820487805
35.41 1.32360830861
36.41 1.38699206349
37.46 0.81787250238
38.47 1.36903072349
39.69 0.90039344262
40.69 1.36101498501
41.89 1.04575145955
42.89 1.40410789211
44.04 1.00894608696
45.04 1.34828371628
46.05 1.36278921079
47.05 1.30036507937
48.06 1.46742970297
49.08 1.31882468168
50.09 1.38885914086
51.1 1.09420825147
52.12 1.45350588235
53.2 0.88319259259
54.37 1.0685988024
55.38 1.34862116716
56.38 1.36265334665
57.39 1.39648412698
58.39 1.08209390609
59.77 1.01922318841
60.99 0.79503199344
61.99 0.40452347652
63.01 0.32821982336
64.17 0.94964827586
65.29 1.03816592328
66.3 1.1287135778
67.35 1.14981333333
68.37 1.29897254902
69.37 1.41050949051
70.46 1.4680697888
71.47 1.34336633663
72.48 1.21547722772
73.49 1.00858613861
74.5 0.8436990099
75.64 0.78482105263
76.66 0.87704313725
77.66 0.8581978022
78.67 0.94304063429
79.77 0.97477090909
80.93 0.97189655172
82.02 0.9304
83.04 1.21892262488
84.06 1.00224533857
85.25 0.99624201681
86.26 0.94529108911
87.27 0.49813069307
88.28 0.75277700694
89.28 0.79589210789
90.28 0.9172987013
91.3 0.78473870334
92.3 0.56632967033
93.3 0.74381618382
94.31 0.60291269841
95.32 0.69139465875
96.38 0.88070943396
97.45 0.53778691589
98.46 0.5460852329
99.47 0.6335049505
100.47 0.77428971029
101.48 0.64263230922
102.56 0.73338760407
103.57 1.05617443013
104.59 0.47835616438
105.81 0.81282101806
106.81 0.86735664336
107.98 0.67993156544
108.99 1.17458358061
110.01 0.81394509804
111.11 0.94512
112.25 0.87038454785
113.46 0.88154710744
114.48 0.80878431373
115.48 1.10758841159
116.49 0.86368063872
117.49 0.90968818272
118.49 0.97134865135
119.51 1.00991560353
121.06 0.25987096774
122.06 0.7562037962
123.07 0.86181962339
124.08 0.62343762376
125.26 0.74272542373
126.26 0.83624375624
127.58 0.61543636364
128.61 0.57837900875
129.62 1.11759207921
130.67 0.86751238095
131.88 0.79559008264
132.88 1.15376623377
134.01 0.93524889283
135.01 1.23839360639
136.09 0.96576830399
137.32 1.02528130081
138.32 1.01575224775
139.34 1.03999213373
140.34 0.97185628743
141.34 1.17225174825
142.35 1.14389692765
143.35 1.0575024975
144.35 1.19977622378
145.36 1.03063762376
146.38 0.70827504912
147.55 1.02661196581
148.64 1.1175706422
149.64 0.99247952048
150.65 0.7635123885
151.87 0.69969180328
152.88 0.85195639247
153.88 0.82654145854
154.89 0.76644752475
156.02 0.71624778761
157.02 0.85453892216
158.04 0.93352455796
159.05 0.78955247525
160.06 0.79996039604
161.12 0.72280490104
162.35 0.82813680782
163.35 0.9968991009
164.45 0.66161237489
165.45 0.88665734266
166.45 0.71606793207
167.46 0.79917542121
168.58 0.90587857143
169.58 0.95217582418
170.59 0.95481466799
171.6 1.06951287129
172.61 0.73807524752
173.72 0.77544877607
174.72 0.99215109344
175.72 0.93918881119
176.75 0.93925436893
177.76 1.21633333333
178.76 0.82970629371
179.8 0.87491819057
180.9 1.03484831971
181.91 1.02717623762
183.03 0.459717605
184.04 0.65481188119
185.04 0.59038561439
186.05 0.29488206145
187.06 0.51287128713
188.09 0.43563495146
189.1 0.41775841584
190.12 0.38576297747
191.13 0.26031318137
192.56 0.10279804333
193.69 0.09693534101
194.7 0.60462574257
195.71 0.53387192118
197.22 0.22345249169
198.32 0.40754223433
199.34 0.73344313725
200.52 0.80496949153
201.62 0.96217454545
202.63 0.97394648167
203.63 1.4386013986
204.64 1.10053069307
205.65 1.14585530228
206.65 1.03355044955
207.87 0.6728269073
208.87 0.7634045954
209.88 0.86895351137
210.89 1.28554518371
211.9 0.90287636004
212.9 1.27894505495
213.91 1.11203964321
214.92 1.06487833828
216.15 0.74570917953
217.19 1.06321387283
218.31 0.98859285714
219.32 1.09118415842
220.32 0.76795204795
221.42 0.87778707916
222.43 0.86948910891
223.44 0.49864554455
224.44 0.60776846307
225.46 0.49750884086
226.47 0.44001584158
227.48 0.50659266601
228.48 0.42463936064
229.49 0.78288316832
230.64 0.66708869565
231.81 0.57726495726
232.84 0.36090785645
233.86 0.25775858685
234.98 0.14628571429
236.0 0.88237795276
237.01 0.7564418146
238.04 0.53410669253
239.05 0.42444444444
240.09 0.34915658021
241.2 0.34145585586
242.22 0.35407058824
243.27 0.20166857143
244.46 0.37450084034
245.47 0.65496927651
246.48 1.03811298315
247.62 0.72188606486
248.63 0.96528571429
249.64 0.76476679842
250.84 0.63432
251.86 0.83683611384
252.87 0.98231287129
253.98 0.80065585586
254.99 0.89869047619
256.15 0.6228630491
257.16 0.9234421365
258.17 1.0494047619
259.17 1.19526873127
260.17 1.03053968254
261.18 1.07021157685
262.19 0.83965422397
263.28 0.39981651376
264.3 0.60816470588
265.31 0.60124356436
266.33 0.41844705882
267.34 0.18621782178
268.42 0.35923809524
269.48 0.24570252572
270.53 0.16676571429
271.73 0.06197333333
272.98 0.05291216761
273.99 0.08591952895
275.17 0.07419661017
276.31 0.1056
277.32 0.05417821782
278.52 0.02756675063
279.97 0.01437697053
282.01 0.01609411765
283.78 0.2564205766
285.07 0.40755383424
286.23 0.40568275862
287.24 0.52381782178
288.26 0.22429019608
289.28 0.52302851524
290.36 0.26265558633
291.4 0.32652935515
292.4 0.23953646354
293.42 0.28969411765
294.52 0.21098909091
295.59 0.22501682243
296.76 0.18685811966
297.78 0.47069803922
298.8 0.5206745098
299.83 0.40740970874
300.84 0.56728712871
301.97 0.52101238938
302.99 0.78324705882
304.04 0.28889904762
305.05 0.24946679881
306.08 0.12737924345
307.12 0.10403079885
308.14 0.34300489716
309.15 0.32369108911
310.19 0.38811934552
311.2 0.32350891089
312.22 0.35521099117
313.23 0.36380237154
314.24 0.2478015873
315.25 0.35124752475
316.52 0.29275845791
317.54 0.22241257367
318.55 0.30309792285
319.58 0.30843148688
320.6 0.22581960784
321.62 0.31115294118
322.63 0.32506930693
323.64 0.21854257426
324.83 0.20448026868
325.84 0.27115956392
326.87 0.2046013579
327.89 0.22531764706
328.97 0.16228359592
330.49 0.25498421053
331.5 0.3033980198
332.52 0.3536
333.57 0.23058285714
334.59 0.23720985222
335.62 0.29606956522
336.64 0.24677647059
337.67 0.13158058252
338.68 0.49843960396
339.69 0.47036039604
340.71 0.40757647059
341.76 0.51692190476
342.76 0.63504495504
343.78 0.79952894995
344.79 0.64407920792
345.91 0.93452988403
346.92 0.96885629336
347.98 0.84479245283
349.0 0.94792941176
350.07 0.44586168224
351.08 0.55275247525
352.1 0.5144627451
353.11 0.68198019802
354.13 0.42088627451
355.18 0.54377925785
356.2 0.38663788027
357.28 0.18026666667
358.29 0.54178217822
359.31 0.50211764706
360.32 0.34817425743
361.37 0.28141714286
362.4 0.27625631068
363.46 0.18242115203
369.84 0.02225956113
370.85 0.69124752475
371.87 0.20365915769
372.88 0.20587722772
374.07 0.11955630252
375.91 0.07429875068
377.09 0.25013740458
378.11 0.30786287953
379.12 0.53301883053
380.17 0.4000152381
381.43 0.55383980967
382.6 0.53294097519
383.92 0.45536969697
384.93 1.06727128713
385.94 0.83493861386
387.02 0.96545185185
388.15 0.98142756184
389.19 0.59467695275
390.21 0.51205490196
391.24 0.39313398058
392.26 0.29277165354
393.26 0.31579701493
394.27 0.12719920714
395.28 0.18420594059
396.38 0.17908363636
397.56 0.08093559322
398.62 0.15486792453
399.69 0.1841046729
400.71 0.12792156863
401.73 0.26823529412
402.75 0.19977254902
403.78 0.26537342386
404.8 0.20412168793
405.81 0.27089108911
406.82 0.18313663366
407.86 0.29436311239
408.9 0.1854566474
409.93 0.22313009709
410.94 0.23838415842
411.96 0.19810196078
412.98 0.28969411765
414.05 0.19683738318
415.08 0.27625631068
416.11 0.2205592233
417.12 0.26005544554
418.14 0.20232156863
419.16 0.31115294118
420.2 0.25457692308
421.22 0.23627870461
422.26 0.21025936599
423.43 0.07943247863
424.47 0.24203076923
425.51 0.23150769231
426.53 0.13638469087
427.58 0.22908468126
428.66 0.22293333333
430.0 0.03266865672
436.82 0.00797653615
438.48 0.00541997593
439.58 1.2748
440.58 1.30081918082
441.59 1.33418434093
442.6 1.29978989098
443.73 1.03093097345
444.74 1.40152380952
445.82 0.91009805735
446.83 0.67051089109
447.84 1.03353663366
448.84 0.85221178821
449.92 1.04358850788
450.97 1.21897904762
451.97 1.40334530938
452.99 1.37467976424
454.19 1.03556
455.19 1.20628171828
456.2 1.50047968285
457.2 1.02166633367
458.21 1.29428741328
459.25 0.58203846154
460.39 0.93371929825
461.5 1.04821641118
462.67 1.00963279249
463.68 1.22076831683
464.69 0.920864222
465.7 0.91684106614
466.72 1.02961886051
467.72 1.07649150849
468.84 0.75615370867
469.87 0.86328543689
470.99 0.88825
472.15 0.88604306632
473.15 1.61506493506
474.16 1.16447619048
475.17 1.01161188119
476.4 0.90810073111
477.45 1.29813740458
478.45 1.18893906094
479.46 1.28573465347
480.47 1.26658473736
481.68 1.02881585467
482.68 1.14644555445
483.8 0.99206440072
484.89 1.08099816514
485.91 1.12327058824
487.08 1.03678906917
488.25 0.99128143713
489.26 0.99567524752
490.45 1.01327731092
491.45 1.05042157842
492.47 1.01550539745
493.47 1.13840559441
494.48 1.37532673267
495.7 1.02651391162
496.71 1.34454761905
497.88 1.01115897436
499.1 0.73229508197
500.39 0.92978122576
501.4 1.05285232904
502.48 1.27351111111
503.65 1.15991794872
504.65 1.33342914172
505.67 1.30173451327
506.82 0.95687771032
507.83 1.1793015873
508.98 0.75058333333
510.03 1.168
511.13 1.10972363636
512.14 1.11504158416
513.23 0.88849174312
514.25 1.29404705882
515.27 1.03095686275
516.27 1.09783016983
517.44 0.83940461933
518.51 1.19635140187
519.53 1.26152941176
520.71 1.12797288136
521.9 1.08993613445
523.23 0.87362406015
524.24 1.11271287129
525.27 0.52805442177
526.27 0.80561038961
527.48 0.64101902399
528.58 0.52743272727
529.63 0.73852952381
530.63 0.63024175824
531.69 0.66276109537
532.78 0.68479266055
533.79 0.83434455446
534.96 0.46611784799
536.15 0.61746677881
537.33 0.98778341794
538.35 1.0054720314
539.36 0.69502477701
540.37 0.74412673267
541.4 0.76243646945
542.41 0.4793419227
543.57 0.50711455642
544.58 0.60431683168
545.6 0.42101668302
546.63 0.24438058252
547.64 0.10835643564
548.66 0.1824
549.68 0.33512941176
550.7 0.51164705882
551.81 1.08927567568
552.83 0.5232
553.85 0.84816470588
554.86 0.69502766798
555.88 0.95358742633
557.05 0.83090691716
558.07 0.8419077527
559.18 0.6082018018
560.22 0.53006923077
561.23 0.7398019802
562.25 0.89800784314
563.26 1.07744950495
564.26 0.91892907093
565.26 0.92492307692
566.27 1.1499047619
567.28 0.40583762376
568.46 0.71021026072
569.53 1.04270654206
570.54 1.1462970297
571.68 0.96278596491
572.69 1.13649108911
573.7 1.25879402985
574.7 0.79060696517
575.71 1.23087524752
576.86 0.94583537653
578.15 0.52263149728
579.15 1.0416333003
580.36 1.06204958678
581.37 1.41630891089
582.38 1.04523564356
583.39 1.15303896104
584.39 0.85982539683
585.39 0.87693906094
586.4 1.20168631369
587.43 1.18592492782
588.44 1.17224375624
591.37 0.14597073835
592.43 0.50341076487
593.44 0.1516990099
594.72 0.2901375
595.74 0.1824
596.76 0.11802352941
597.77 0.13002772277
598.77 0.10103496503
599.82 1.15436952381
600.84 0.59405490196
601.99 0.49096581946
603.0 1.6569495549
604.19 1.1172754591
605.2 1.63422177822
606.2 1.55321308226
607.21 1.24005594406
608.21 1.34350049554
609.22 0.97394648167
610.34 1.01953638814
611.38 1.17333333333
612.42 1.0494678194
613.43 0.93342574257
614.52 1.07682201835
615.59 1.02017943925
616.6 1.15013676908
617.66 1.04319698398
618.67 1.15443756244
619.67 1.38528444004
620.89 1.20758688525
621.9 1.25953617443
622.9 1.31566033966
623.96 1.3617963844
624.96 1.43441269841
626.12 0.73615172414
627.2 1.177
628.2 1.58095504496
629.2 1.37125396825
630.21 0.44437661051
631.37 1.05107321275
632.54 1.12035585971
633.61 1.23666542056
634.61 1.15258341658
635.76 1.01788850174
636.96 1.04118666667
638.1 1.01293333333
639.27 1.08894358974
640.47 1.09019333333
641.7 1.06708748978
642.7 1.24085799404
643.7 1.05500899101
644.71 1.09867195243
645.72 0.93459009901
646.73 1.70401582591
647.82 1.24066115702
648.82 1.24969430569
649.83 1.08167920792
650.84 1.07562338949
652.0 0.89644827586
653.0 1.26028371628
654.0 1.14072327672
655.04 1.31967598843
656.04 1.53367432567
657.13 1.21133944954
658.22 0.93079633028
659.45 1.4292921074
660.45 1.55506893107
661.46 1.19495738355
662.53 1.06813071895
663.78 0.96331144916
664.79 1.44815857284
665.86 0.86176150235
666.87 1.10036578171
667.88 1.05809316155
669.09 0.83398347107
670.13 0.87106923077
671.24 0.95706402164
672.25 1.08998811881
673.25 1.19765834166
674.26 1.15438652131
675.27 1.23913663366
676.36 1.06065321101
677.37 0.8010148662
678.37 1.16120679321
679.38 1.00579583746
680.41 1.06758834951
681.42 1.06925148515
682.42 1.04131068931
683.7 0.79718530102
684.78 0.83811285846
685.86 0.96324745134
686.98 1.01439285714
687.99 0.8007826087
689.14 0.58241811847
690.14 0.59972027972
691.18 0.37262752647
692.35 0.33684102564
693.38 0.29750679612
694.41 0.14622135922
696.2 0.13450726257
697.23 0.46296699029
698.24 0.46948910891
699.25 0.70032475248
700.26 0.79123960396
701.45 0.45029915966
702.46 0.49947722772
703.47 0.68264554455
704.47 0.59732267732
705.47 0.75901698302
706.59 0.78824329159
707.62 0.79414368932
708.63 0.6817029703
709.64 0.51408316832
710.66 0.4016
711.67 0.36841188119
712.7 0.27289320388
713.74 0.33673846154
714.83 0.21616896235
715.85 0.24557268293
716.9 0.2304
717.91 0.1612210109
718.93 0.21437806072
719.95 0.23604705882
720.99 0.18612307692
722.0 0.27089108911
723.01 0.29256237624
724.04 0.20518834951
725.12 0.43706666667
726.15 0.43563495146
727.16 0.48099009901
728.18 0.41043921569
729.19 0.53182953419
730.2 0.52666930693
731.21 0.44701879327
732.25 0.29614615385
733.28 0.43605830904
734.29 0.3578239367
735.33 0.32815399423
736.34 0.65013861386
737.4 0.59548350613
738.41 0.7844990099
739.43 0.84821982336
740.44 0.6089029703
741.46 0.45414901961
742.47 0.49584950495
743.6 0.68964809903
744.62 0.54773699706
745.64 0.50106666667
746.64 0.79852947053
747.66 0.64548773307
748.68 0.32509019608
749.69 0.27089108911
750.69 0.15306293706
752.86 0.07531581374
753.86 0.05466533467
754.87 0.19504158416
756.77 0.06876810073
757.96 0.10230938292
759.0 0.1156426513
760.06 0.14467988669
761.11 0.19803428571
762.14 0.15309514563
763.21 0.2454728972
764.51 0.08418461538
765.54 0.09235728155
766.56 0.22531764706
767.56 0.20752095808
768.6 0.18181888247
769.85 0.2591296
770.88 0.34000776699
771.91 0.29466407767
773.05 0.28719298246
774.06 0.26057142857
775.2 0.24303327496
776.22 0.39698823529
777.25 0.20376699029
788.19 0.01099799013
789.25 0.04129811321
790.59 0.02451979089
795.2 0.00475515968
796.48 0.03412003118
798.52 0.07704313725
799.62 0.09922030825
800.8 0.11157858963
801.96 0.16052459016
803.23 0.07651683634
804.42 0.13900084674
805.48 0.17518644068
806.56 0.152
807.61 0.10533333333
808.61 0.163996004
809.63 0.16094117647
817.14 0.01846235843
818.21 0.58872523364
819.22 1.27955643564
820.38 1.39688275862
821.4 1.13242352941
822.59 1.1656154492
823.59 1.83753046953
824.77 1.79164715861
825.79 1.26044357213
826.8 0.72095143707
827.81 1.04510891089
828.81 0.56676923077
829.84 0.67675339806
830.85 1.08424086871
831.87 0.76750393701
832.91 0.51627692308
833.92 0.66162933598
834.97 0.48181160799
835.98 1.06148118812
836.99 1.20653465347
837.99 0.96604195804
839.14 1.12284769365
840.15 1.1060039604
841.17 0.99391372549
842.24 0.97303648269
843.24 0.93567232767
844.25 0.79659068385
845.25 0.89456858847
846.26 0.59262151394
847.37 1.0613045045
848.38 1.29133926805
849.39 1.54155489614
850.45 0.94056710775
851.45 1.23056943057
852.57 0.89354781055
853.58 1.24477304262
854.63 0.55167238095
855.73 0.90942286751
856.83 0.95065938069
857.97 0.95197195443
859.2 0.95497477624
860.33 1.68479295154
861.34 2.00276739563
862.34 1.40004795205
863.44 1.85425136612
864.62 1.79169543147
865.63 1.80631287129
866.67 0.96026179018
867.71 1.28161538462
868.73 1.32952941176
870.19 0.73518356164
871.19 1.49241958042
872.19 1.75039360639
873.29 1.38346812386
874.29 1.82388811189
875.34 1.08666412214
876.52 1.06422353937
877.54 1.2521844946
878.54 1.24214985015
879.63 1.65546372819
880.77 1.82773707274
881.94 1.77003934987
882.94 1.93277122877
883.95 1.58234291378
884.95 1.36019161677
885.96 1.71126190476
886.98 1.68330980392
887.99 2.47658613861
889.04 1.41222454805
890.04 1.84139720559
891.05 1.93409145129
892.23 1.69123389831
893.23 1.94228971029
894.39 1.82076712329
895.4 2.01183616384
896.54 1.60532631579
897.82 1.16050892164
898.83 1.5845994006
899.87 2.11281601525
900.98 1.87029972752
902.05 1.65332096475
903.08 1.2189485936
904.09 1.20080719281
905.1 1.32467583497
906.1 1.32294905095
907.23 1.20727015058
908.32 1.06195417049
909.33 1.11714171657
910.33 1.16406793207
911.51 1.06419561551
912.51 1.253002997
913.57 1.12956208531
914.57 1.54643824701
915.58 1.66820594059
916.63 1.05988179218
917.63 1.55538061938
918.82 1.07865433137
920.02 0.87330666667
921.13 0.90942934293
922.14 1.0150802775
923.14 1.15148851149
924.15 1.26110604559
925.16 1.18193267327
926.34 1.08196443692
927.35 1.18448364718
928.35 1.37337862138
929.58 1.13370870627
930.68 1.36223069936
931.77 1.62000733945
932.78 1.59104158416
933.79 1.83135113749
934.95 1.91945470233
935.96 1.69775049505
936.97 1.54467864271
937.97 1.57004170804
938.98 0.8721107814
940.0 0.92142100098
941.01 1.3286970297
942.02 0.49552475248
943.04 0.19312941176
944.06 0.3227553816
945.27 0.18119205298
946.28 0.61353419227
947.29 0.41062178218
948.3 0.35569108911
949.32 0.41844705882
950.33 0.3980990099
951.36 0.45675339806
952.37 0.45268910891
953.38 1.0935049505
954.44 0.41498113208
955.45 0.80216237624
956.46 1.09313776016
957.82 0.82540484938
958.83 0.95007524752
959.83 1.18483916084
960.97 0.92565784832
961.97 1.23734925373
963.15 0.72825021133
964.16 1.0418510427
965.17 0.98966336634
966.18 0.91994455446
967.19 0.73685629336
968.21 0.81136924584
969.22 0.96777821782
970.31 0.60036730946
971.32 0.77189317507
972.32 0.79541716567
973.33 0.66995238095
974.34 0.61136633663
975.36 0.70489411765
976.37 0.5456950495
977.54 0.69971282051
978.54 0.659004995
979.56 0.5421157998
980.58 0.48134901961
981.6 0.48329735034
982.61 0.50315247525
983.85 0.53014239482
984.98 0.86466960352
985.99 0.86172447968
986.99 1.08384415584
987.99 1.0991968032
989.09 1.14882620564
990.1 0.81896939783
992.52 0.0512384106
993.53 0.36841188119
994.67 0.49187368421
995.69 0.46546456693
996.7 0.59893491124
997.7 0.74146906188
998.74 0.38898171319
999.77 0.08229348882
1001.01 0.36952258065
1002.01 0.42596407186
1003.02 0.42429306931
1004.05 0.3213463035
1005.06 0.30250592885
1006.08 0.38701768173
1007.09 0.44732673267
1008.24 0.66557775847
1009.26 0.92872227674
1010.27 0.85316435644
1011.27 1.16231768232
1012.29 1.11404906771
1013.29 0.96538661339
1014.32 1.0409699321
1015.33 1.1960952381
1016.33 0.98204195804
1017.34 0.71299900892
1018.34 1.32517082917
1019.34 0.99638761239
1020.35 0.84050793651
1021.36 0.99618217822
1022.36 0.96533066933
1023.36 1.39038561439
1024.37 1.19518253968
1025.41 1.13355619597
1026.41 1.56079120879
1027.46 0.78092366412
1028.57 1.23908468468
1029.58 1.31894653465
1030.59 1.13884075173
1031.69 1.35969509982
1032.78 1.36462615101
1033.78 1.51090509491
1034.79 1.38605555556
1035.9 0.91781818182
1036.92 0.96983529412
1037.93 1.04978217822
1038.94 1.28596636993
1040.05 1.10821280433
1041.07 0.90133333333
1042.09 0.97084705882
1043.13 0.66130769231
1044.14 0.83382178218
1045.15 0.89363168317
1046.15 0.93142057942
1047.18 0.72776676385
1048.19 0.71438415842
1049.2 0.59002576809
1050.21 0.56427299703
1051.22 0.79490693069
1052.23 0.8188039604
1053.24 0.79857425743
1054.35 0.57857297297
1055.38 0.51786977648
1056.98 0.21888
1057.99 0.5393029703
1059.0 0.99676831683
1060.0 0.79207992008
1061.05 0.91260247855
1062.05 1.1781978022
1063.06 0.95784126984
1064.06 1.00756843157
1065.06 0.99518881119
1066.35 0.51925523662
1067.39 0.71598075072
1068.47 0.6012
1069.49 0.99205490196
1070.51 0.80202352941
1071.53 0.48594509804
1072.57 0.52248461538
1073.57 0.85277922078
1074.62 0.73878095238
1075.63 0.94401585728
1076.64 0.39762376238
1077.64 0.26239360639
1078.65 0.63450545094
1079.66 1.03074183976
1080.66 1.00726473526
1081.67 1.11199206349
1082.67 1.0641038961
1083.8 1.02523294951
1084.9 0.95325090909
1086.06 1.11869879518
1087.07 1.31670634921
1088.08 0.64753267327
1089.09 0.56986138614
1090.17 0.81825185185
1091.18 0.93451881188
1092.18 0.82388822355
1093.59 0.51054442075
1094.99 0.03908571429
1096.0 0.74769108911
1097.02 0.71752399608
1098.02 0.64505094905
1099.02 1.05162037962
1100.08 0.97299526963
1101.17 1.06089092576
1102.2 1.04052866861
1103.21 0.90803168317
1104.22 0.72840356083
1105.24 0.86903238469
1106.38 0.70945263158
1107.38 0.65089310689
1108.42 0.62643846154
1109.43 0.69416848365
1110.44 0.55447128713
1111.46 0.52709892262
1112.47 0.55104063429
1113.48 0.58669306931
1114.5 0.73169411765
1115.51 0.57290782953
1116.52 0.54556676558
1117.53 0.47501288404
1118.53 0.4848991009
1119.54 0.53779624135
1120.56 0.54578999019
1121.58 0.52382745098
1122.59 0.53632507433
1123.7 0.51306570657
1124.7 0.76386813187
1125.71 0.77771258672
1126.72 0.61708514851
1127.73 0.77318533201
1128.74 0.73815232443
1129.74 0.82393606394
1130.75 0.94369047619
1131.75 0.74288911089
1132.76 0.81801980198
1133.76 0.78117131474
1134.77 0.671960199
1135.79 0.93217560976
1136.82 0.57917348928
1137.93 0.59819657349
1139.11 0.69171525424
1140.12 0.76990702275
1141.14 0.84109696376
1142.15 1.23043650794
1143.15 1.08176623377
1144.22 1.12958504673
1145.23 1.43304554455
1146.41 1.25604749788
1147.41 1.23637162837
1148.42 1.42392871287
1149.42 1.55993606394
1150.43 1.37374603175
1151.43 1.26698101898
1152.44 0.96806336634
1153.63 0.8559058032
1154.64 1.00727128713
1155.64 1.01903696304
1156.65 1.07475123885
1157.67 0.88624313725
1158.67 0.76315684316
1159.68 0.79671754212
1160.87 1.04721344538
1161.94 0.96957009346
1163.04 0.88606545455
1164.05 0.57563564356
1165.06 0.91151778656
1166.07 0.79007936508
1167.07 1.03735464535
1168.08 0.95162735382
1169.09 1.00939405941
1170.1 0.99253808111
1171.27 0.89035414885
1172.3 0.56029514563
1173.3 0.70998601399
1174.46 0.77050129199
1175.47 0.91764285714
1176.48 0.74683564356
1177.61 0.71997876106
1178.63 0.72043137255
1179.64 0.60716039604
1180.66 1.07065882353
1181.67 1.01991287129
1182.67 1.23207192807
1183.85 1.02144868533
1184.86 1.14277349159
1186.04 0.8405971162
1187.04 0.92538661339
1188.05 1.06955004955
1189.06 1.22373069307
1190.06 1.4364035964
1191.16 1.15573430391
1192.34 1.07733559322
1193.42 1.10536296296
1194.51 1.12212110092
1195.51 1.20100699301
1196.52 1.024864222
1197.53 1.01314851485
1198.54 0.82477623762
1199.55 0.7956039604
1200.57 0.85272156863
1201.58 0.87923168317
1202.61 1.03889708738
1203.62 1.26670891089
1204.66 1.05743374643
1205.7 1.13416876819
1206.71 1.18068910891
1207.72 1.3105029703
1208.73 1.19244356436
1209.75 1.29545882353
1210.75 1.19661138861
1211.86 1.05912353472
1212.86 1.40946253746
1213.94 1.01939573679
1214.94 1.35061738262
1215.94 1.06848351648
1217.05 1.18048375451
1218.05 1.45584815185
1219.06 0.75281665015
1220.06 1.03359365709
1221.07 1.0510970297
1222.08 1.25958041958
1223.09 1.06233663366
1224.09 1.01313886114
1225.09 1.0699047619
1226.1 1.05100998004
1227.1 1.07331746032
1228.22 0.88311071107
1229.22 1.24145454545
1230.22 0.94984126984
1231.23 1.08381782178
1232.24 1.0151048951
1233.26 0.86144217687
1234.36 1.00673454545
1235.43 1.11312897196
1236.52 0.7952440367
1237.54 1.18872156863
1238.69 0.84138434783
1239.7 1.05366336634
1240.71 0.96346138614
1241.72 1.03801798202
1242.82 0.93374932372
1243.98 0.99251724138
1245.17 1.17233978133
1246.24 1.18197383178
1247.34 1.07370909091
1248.35 1.22147326733
1249.36 1.14998811881
1250.37 0.89665742574
1251.37 0.93355444555
1252.39 1.05622767419
1253.57 1.00534237288
1254.57 1.06173826174
1255.59 0.77207458292
1256.6 0.96132277228
1257.6 1.22610989011
1258.62 0.99542296369
1259.65 1.03867961165
1260.68 1.15780194175
1261.69 1.60195626243
1262.69 1.24324302789
1263.7 0.92951287129
1264.82 1.03809285714
1265.86 1.07244615385
1266.96 1.17610181818
1267.97 1.03324233432
1269.12 0.42004181185
1270.15 0.55197672163
1271.17 0.22130196078
1272.2 0.65013022352
1273.21 0.67114540059
1274.24 0.26399222546
1275.32 0.28697037037
1276.59 0.32542992126
1277.6 0.11919207921
1278.66 0.32412878788
1279.68 0.320625
1280.71 0.16462790698
1281.72 0.28228571429
1282.22 0.22020120724
