1.0 1.77237962038
2.01 2.38064158416
3.29 0.7287375
4.46 1.22745687447
5.59 1.19621276596
6.88 1.08455460883
7.88 1.27615169661
8.89 1.27054617676
10.0 1.32199459946
11.19 1.65434482759
12.19 1.86166633367
13.22 0.65876504854
14.26 0.78730134357
15.27 1.20206554121
16.29 0.56905098039
17.29 0.91467732268
18.3 0.93534985134
19.31 0.96429306931
20.47 0.9405232358
21.48 1.37481954138
22.69 0.96493168724
23.7 1.23729108911
24.95 1.0857344
25.97 1.33175686275
26.98 1.32233663366
27.99 1.34253465347
28.99 1.45334665335
30.14 0.9597075718
31.16 1.48029019608
32.16 1.60314885115
33.2 1.22597882579
34.2 1.63072927073
35.29 1.34798898072
36.3 1.56291988131
37.31 1.71077106046
38.41 1.26172363636
39.58 1.34196239316
40.6 1.39862857143
41.6 1.2855936255
42.73 1.57802657219
43.87 1.47882807018
45.05 1.56166638442
46.28 1.56165853659
47.3 1.97249411765
48.31 1.3310702275
49.32 1.50879682854
50.33 1.18851727542
51.36 0.64940077821
52.37 0.9801984127
53.56 0.80974117647
54.59 0.5206368932
55.6 0.68264554455
56.61 0.56345346535
57.64 0.42446601942
58.65 0.69348118812
59.66 0.50041188119
60.68 0.66522352941
61.69 0.58820594059
62.69 0.90744455544
63.7 0.73298711596
64.72 0.90127058824
65.74 0.34367843137
66.77 0.42500970874
67.9 0.40694513274
68.94 0.5472
69.97 0.44626019417
70.99 0.29729411765
72.02 0.47813592233
73.05 0.2868815534
74.06 0.70431683168
75.07 0.71351928783
76.25 0.78888549618
77.26 0.87768712871
78.27 0.8312
79.28 1.10841188119
80.3 0.98964705882
81.32 1.25534117647
82.33 0.59904158416
83.34 0.84518019802
84.35 0.55296633663
85.36 0.98604356436
86.37 0.90895049505
87.4 0.94813605442
88.41 0.96639207921
89.42 0.74340594059
90.43 1.12471754212
91.43 0.87751448551
92.44 1.30971881188
93.44 1.32437162837
94.45 1.32574826561
95.47 1.42520547945
96.48 1.77147169811
97.69 1.1299818332
98.7 1.45366336634
99.7 1.70385628743
100.72 1.35209430255
101.73 1.59424158416
103.23 1.124752
104.47 0.81076351897
105.59 1.49226381462
106.6 1.45315643564
107.71 1.7522380523
108.75 2.0529059501
109.77 1.83314060964
110.77 1.87452547453
111.81 1.43281538462
112.81 1.51437362637
113.83 1.5190578999
116.74 0.39126022688
117.76 0.11250146915
118.77 1.11717740337
119.77 1.17266733267
120.78 1.17193663366
121.8 1.11768627451
122.97 1.15926153846
123.98 1.40724035608
125.04 1.11625708885
126.04 1.34476723277
127.05 1.47364752475
128.06 1.08030952381
129.06 1.33383416583
135.28 0.02107605724
136.63 0.24520971302
137.64 1.32806387226
138.64 1.71588095238
139.65 1.20921980198
141.07 0.72411267606
142.08 1.03864135864
143.09 0.74440039254
144.12 0.87542524272
145.13 1.31111287129
146.14 1.2127888999
147.14 1.23346253746
148.15 1.22426930693
149.2 1.33486367969
150.22 1.41648627451
151.23 1.73788047809
152.24 1.44114059406
153.25 0.90212277228
154.26 1.40724035608
155.27 1.1736984127
156.27 1.06279320679
157.28 1.15941386139
158.28 1.20604195804
159.29 1.41661050545
160.39 1.3355793291
161.4 1.91025223436
162.41 1.23309415263
163.42 1.50615445545
164.43 0.97065346535
165.45 1.21361334642
166.45 0.8236963037
167.46 1.0944
168.47 0.79729133858
169.47 1.03864135864
170.47 0.79357442557
171.48 0.93836889332
172.49 0.65793650794
173.5 0.88828514851
174.51 0.95121491658
175.54 0.2531184466
176.59 0.15649189704
177.6 0.62846732673
179.43 0.0782295082
181.8 0.55390636862
182.81 1.66868910891
183.83 1.47146666667
184.84 1.31177622378
185.85 1.72913052012
186.86 1.52909306931
187.87 1.41532867133
188.93 1.41358278765
189.94 1.78208991009
190.94 1.34093650794
192.02 1.4837372803
193.1 1.65399814643
194.11 1.77193612774
195.11 1.4823016983
196.12 1.60574459725
197.13 1.52038850347
198.17 1.39532756964
199.26 1.44554637282
200.27 1.45811275964
201.29 1.31112070658
202.42 1.1875539823
203.43 1.37779624135
204.62 0.9315697479
205.72 1.09041454545
206.9 0.94507888041
207.91 0.89935841584
209.52 0.08166479751
210.54 1.21045073171
211.54 0.61225174825
212.55 0.39581367691
213.55 0.86371228771
214.56 0.45328047572
215.62 0.37168301887
216.78 0.20755862069
217.79 1.13641980198
218.8 1.21359207921
219.81 1.13297425743
220.83 1.18023529412
221.85 0.74032941176
223.25 0.26173142857
224.28 0.5636851312
225.31 0.36125825243
226.74 0.22943396226
227.74 0.65201998002
228.75 1.18786124876
229.76 1.41946930693
230.77 0.94202176063
231.78 1.1082259663
232.79 0.95167524752
233.86 0.92192897196
234.87 1.17024950495
235.88 0.81631714569
236.89 1.13774257426
237.89 0.8573986014
238.9 1.17140931615
239.91 1.18108514851
240.92 0.85121428571
241.93 0.99563636364
243.14 0.9664516129
244.15 1.1684272997
245.16 0.96435714286
246.17 0.76617391304
247.18 0.85044027641
248.19 0.99464811133
249.2 0.75924677899
250.22 0.27783529412
251.24 0.45063529412
252.49 0.05244728435
253.64 0.17159581882
254.7 0.10314797361
255.9 0.05476563803
256.95 0.03126857143
258.04 0.08032293578
259.08 0.21046153846
260.65 0.14752611465
261.67 0.21437806072
262.74 0.16380168382
263.92 0.05564745763
265.0 0.07067158672
266.01 0.68535984095
267.6 0.22713459119
268.61 0.52011089109
269.61 0.52478721279
270.63 0.43470068695
271.65 0.59011764706
272.66 0.73609495549
273.67 0.45367690783
274.68 0.3033980198
275.7 0.3648
276.91 0.2492892562
277.94 0.27625631068
278.98 0.2736
279.99 0.22754851485
281.03 0.14888461538
283.72 0.04068401487
284.74 1.15570196078
285.75 0.27089108911
286.76 0.54178217822
287.84 0.56016296296
288.89 0.37522285714
289.95 0.27876226415
290.96 0.09752079208
292.05 0.08039669421
293.1 0.1457811608
295.31 0.05941613781
296.36 0.34226780627
297.42 0.10324528302
298.47 0.08346234509
299.48 0.16237388724
300.53 0.12519351764
301.55 0.10718903036
302.59 0.28412307692
303.62 0.45688543689
305.03 0.16328510638
306.06 0.30813203883
307.09 0.39351603499
308.09 0.29519280719
309.16 0.18427689429
310.19 0.21250485437
311.2 0.24897329377
312.22 0.06543670265
313.25 0.26537342386
314.45 0.2373177648
315.45 0.26239360639
316.49 0.23173051011
317.51 0.27896470588
318.54 0.2868815534
319.56 0.20036078431
320.58 0.28969411765
321.59 0.20587722772
322.62 0.14875339806
323.64 0.45063529412
326.6 0.03326443769
327.62 0.89260843965
328.69 0.3068411215
329.69 0.60131868132
330.7 0.60739742319
331.71 0.50182970297
332.72 0.73682376238
333.73 0.62440436075
334.73 0.92931068931
335.74 0.9275009901
336.76 1.00019627085
337.86 1.26876363636
338.87 1.45197623762
339.88 1.00361546085
340.89 0.92102970297
341.89 0.74344855145
342.89 0.42770634921
343.9 1.08356435644
344.91 0.89935841584
345.92 0.6851009901
346.97 0.47308357349
347.97 0.42300891972
348.98 0.54178217822
349.99 0.34738217822
351.0 0.39241434263
352.03 0.29606956522
353.04 0.29256237624
354.06 0.28941038198
355.07 0.18457142857
356.09 0.27869147894
357.26 0.14402051282
358.28 0.27923846909
359.29 0.3355727003
360.31 0.33261176471
361.34 0.27625631068
364.65 0.03962273277
365.66 0.8687826087
366.67 0.2277740337
367.67 0.24052747253
368.74 0.25570093458
369.76 0.19312941176
370.79 0.11059417476
371.8 0.29256237624
372.83 0.21271137026
373.86 0.20168380213
375.31 0.12076137931
376.35 0.13693166506
377.38 0.10798446602
378.38 0.28425974026
379.43 0.26081982841
380.45 0.23604705882
381.89 0.24450555556
382.9 0.2706231454
383.97 0.15356407858
385.01 0.19993846154
386.05 0.17889230769
387.31 0.11291428571
388.49 0.09274576271
389.89 0.10629142857
390.91 0.19312941176
391.92 0.26005544554
393.11 0.34027563025
394.23 0.36415714286
395.26 0.37188349515
396.27 0.3359049505
397.51 0.28758064516
398.55 0.33673846154
399.56 0.27089108911
400.6 0.30726153846
401.62 0.42917647059
402.64 0.39698823529
403.65 0.33508910891
404.66 0.53094653465
405.87 0.4493553719
406.87 0.57945254745
407.88 0.60739742319
408.9 0.47176470588
409.93 0.58438834951
410.94 0.57428910891
411.95 0.4550970297
412.96 0.4876039604
413.99 0.40594174757
415.0 0.41134718101
416.02 0.41885770363
417.03 0.32571428571
418.06 0.2868815534
419.1 0.21046153846
420.15 0.22930285714
421.19 0.11575384615
424.54 0.02613492537
425.55 0.05033663366
427.45 0.78642947368
428.49 1.34139230769
429.63 1.28616140351
430.63 1.73835764236
431.64 1.21009316155
432.65 1.28346930693
433.66 1.37403369673
434.67 1.41157227723
435.68 1.77704554455
436.68 1.32623376623
437.68 1.33442557443
438.69 1.33150347567
439.82 1.29222654867
441.05 1.3135804878
442.23 1.19934915254
443.24 1.38402373887
444.25 1.33311397423
445.26 1.06625742574
446.34 1.14750695088
447.34 1.81485714286
448.46 1.40506428571
449.47 1.93869306931
450.48 1.70261386139
451.49 1.31252277228
452.5 1.41519207921
453.5 1.52785628743
454.57 1.16574531835
455.58 1.74258217822
456.58 1.72984615385
457.59 1.80597026759
458.71 1.38272256913
459.73 1.87547347741
460.8 1.8262953271
461.8 1.69864271457
462.81 1.76538095238
463.82 1.76171881188
464.84 1.7414720314
465.88 1.3865
466.88 1.65100998004
467.88 1.62127472527
468.89 1.10170974155
469.89 1.45287611497
470.99 0.94835304823
471.99 1.11706693307
473.01 1.20436078431
474.07 1.3109509434
475.21 1.21924780316
476.44 1.1236133225
477.46 0.77327576055
478.48 0.39567058824
479.49 0.65013861386
480.69 1.25104
481.69 1.7935984016
482.69 1.84217382617
483.71 1.50446319921
484.71 1.58193006993
485.72 1.47867729084
486.72 1.57278884462
487.73 1.6354421365
488.73 1.64222177822
489.75 1.63212586037
490.75 1.62642157842
491.75 1.42113886114
492.77 1.27431827112
493.78 1.12802378593
494.78 0.77930869131
495.79 1.12741269841
496.79 1.44611388611
497.8 1.48595441031
498.81 1.25526409496
499.82 1.57328316832
500.83 1.71904158416
501.85 2.02465161923
502.85 1.90905094905
503.92 1.41155472404
505.02 1.30356323931
506.02 1.14797202797
507.03 1.44137958375
508.05 1.34636078431
509.17 1.24761634103
510.18 1.51284462151
511.18 0.82812774451
512.19 1.61230525273
513.21 1.41224313725
514.22 1.50252527255
515.22 1.49651148851
516.29 1.5422787652
517.29 2.04448351648
518.3 1.45928245788
519.31 1.50784158416
520.32 1.49274455446
521.34 1.04238665358
522.35 1.32495049505
523.36 1.46750891089
524.37 1.11787722772
525.38 1.15941386139
526.57 0.29685547201
527.64 0.90684745763
528.65 1.09660138477
529.65 1.17150849151
530.66 0.98170634921
531.66 1.31502897103
532.66 1.4743976024
533.67 1.22271428571
534.67 1.36471057884
535.68 1.515
536.69 1.56890386521
537.69 1.4561998002
538.89 0.97196997498
539.89 1.13887016848
540.9 1.03574825175
541.91 1.25425742574
542.91 1.17257942058
543.91 1.41232539683
544.93 1.24064094955
545.93 1.3067988107
547.4 0.50768435374
548.55 0.8198466899
549.7 0.65834434783
550.71 1.60367524752
551.72 1.27441345203
552.73 1.29173439049
553.74 1.35097029703
554.85 1.27945945946
555.86 1.3151541502
556.87 1.80474603175
557.87 1.52507784431
558.88 1.29375396825
559.88 1.87290219561
560.89 1.01401587302
561.9 0.88747722772
562.91 0.73783151635
563.91 0.85277922078
564.96 0.42897131931
565.98 0.32837536657
567.0 0.67595294118
568.11 0.70722162162
569.13 0.84762352941
570.14 0.70431683168
571.17 1.4125859375
572.28 1.82959139785
573.29 2.15629306931
574.31 1.77652600589
575.31 2.03355044955
576.32 1.83143818002
577.33 1.82561744301
578.34 1.85816237624
579.34 1.72467532468
580.35 1.77190882061
581.38 1.45544023324
582.5 1.41821231044
583.52 1.15991364082
584.53 0.48808721506
585.54 0.61781998022
586.55 0.92102970297
587.67 0.94459338695
588.68 0.61763168317
589.69 0.44470168484
590.77 0.20247918594
592.11 0.13077221807
593.12 0.51959643917
594.17 0.35471496663
595.19 0.23425098039
596.2 0.3033980198
597.2 0.40452347652
598.23 0.36160932945
599.25 0.31115294118
600.34 0.30121100917
601.4 0.17551698113
603.2 0.26125930039
604.22 1.28752941176
605.35 0.30049955713
606.38 0.83158834951
607.38 0.69832103689
608.41 0.67134566699
609.42 0.65013861386
610.45 0.35134757282
611.49 0.2736
612.54 0.16676571429
613.56 0.61157647059
614.56 1.23485314685
615.79 2.02209120521
616.79 2.35918562874
617.8 1.60373015873
618.81 1.64998019802
619.89 2.01521554117
620.9 2.14545742574
621.91 1.44577205154
622.91 1.824
623.92 1.32720634921
624.93 2.00459405941
625.93 1.69038161838
626.93 1.73833366633
628.14 1.3669205298
629.15 1.90078097126
630.15 2.54165034965
631.15 2.12266933067
632.15 2.10029170829
633.16 1.8317790927
634.2 1.97510251451
635.36 1.96897241379
636.36 2.23984815185
637.37 2.11688888889
638.37 2.09675924076
639.38 1.99544103072
640.38 1.52545854146
641.47 1.72696323529
642.47 2.00237362637
643.48 0.69224182359
644.49 1.11570693069
645.5 1.40863366337
646.5 1.81690386521
647.51 1.71753046953
648.52 1.49542970297
649.53 1.59692247301
650.54 1.38615445545
651.55 1.60526461843
652.58 0.3525675413
653.58 1.70555844156
654.59 1.6255777998
655.6 1.57666468843
656.61 1.27215049505
657.64 1.60430709427
658.65 1.37749058474
659.66 1.2166019802
660.7 1.7181556196
661.71 1.79533795837
662.71 1.96650549451
663.72 1.64848412698
664.88 1.36408275862
665.88 1.82582217782
666.9 1.26158194308
668.12 1.73520590648
669.13 1.92352917903
670.14 2.02633894945
671.14 1.51237562438
672.14 2.0922037962
673.16 1.91180314961
674.16 1.90201197605
675.17 1.32337883284
676.18 1.62695738355
677.19 1.19473267327
678.21 1.59868235294
679.21 0.80453146853
680.42 1.08727634855
681.42 1.55875697211
682.42 1.28933466533
683.42 1.69293413174
684.43 1.21701587302
685.44 1.64865014866
686.45 1.11607128713
687.47 0.94699901865
688.51 0.93655384615
689.55 0.35778461538
690.58 0.29750679612
691.61 0.18062912621
692.64 0.22313009709
693.68 0.29436311239
694.69 0.34708424182
695.7 0.40536748768
696.71 0.80582686567
697.72 0.83517145689
698.73 0.87176237624
699.73 1.04852694611
700.74 0.75749206349
701.74 0.91837762238
702.94 0.47810350584
703.95 0.52011089109
704.96 0.76705231984
705.98 0.9307480315
706.99 1.05105742574
708.0 0.77027326733
709.22 0.80375081967
710.27 0.67748571429
711.3 0.27625631068
712.31 0.27923846909
713.35 0.32906304559
714.36 0.17251485149
715.37 0.29256237624
720.78 0.02420535549
721.79 1.83317554241
722.81 0.69279525223
723.93 0.75547857143
724.94 1.01855049505
725.94 0.87160839161
726.95 1.18186719524
728.09 1.13683550914
729.11 1.25569139466
730.11 1.10053518335
731.12 1.24150898204
732.27 1.13548476936
733.45 1.26709503785
734.46 1.02938613861
735.48 0.70362017804
736.49 0.54352475248
737.5 0.62291658489
738.52 0.45063529412
739.53 0.42259009901
740.55 0.36590306627
741.58 0.5737631068
742.59 0.46181746811
743.63 0.42459747818
744.65 0.26475220372
745.67 0.30873151751
746.91 0.10590967742
748.78 0.09949090909
750.16 0.23947483589
751.21 0.19635127479
752.28 0.16364859813
753.31 0.12837536657
754.32 0.19369911504
759.99 0.00193288591
761.08 0.04019834711
762.2 0.0484676705
783.73 0.00101662796
784.81 0.26678618114
785.82 0.83434455446
786.82 0.84601783944
787.83 0.87875324675
788.84 1.53866138614
789.85 1.17375841584
790.87 0.62230588235
791.89 0.384
792.9 0.90321912351
793.9 2.12589098117
794.91 1.95989620758
795.91 2.26914285714
796.92 2.88234965035
797.93 3.05465346535
799.0 2.14240747664
800.0 2.85006193806
801.0 2.93442557443
802.02 2.75326522593
803.02 2.48167032967
804.16 2.13124041812
805.17 2.73366633367
806.17 2.61984415584
807.17 2.8248951049
808.24 2.4515505618
809.25 3.37067722772
810.4 2.15021372719
811.48 2.06986468953
812.66 1.76245584525
813.81 1.57892173913
814.86 1.54964073007
815.86 1.48188611389
817.01 1.4159447323
818.17 1.60738835795
819.17 2.02827353816
820.18 1.56768031968
821.18 1.58377006938
822.19 1.6611960396
823.2 1.52606732673
824.21 1.38822777223
825.22 1.38696237624
826.25 1.30042733397
827.26 1.69462537463
828.26 1.44986507937
829.27 1.59533465347
830.27 2.04448351648
831.28 1.9398041958
832.28 1.93118881119
833.28 1.92041351889
834.29 1.43476435644
835.29 1.5524955045
836.31 1.20248221344
837.31 1.37498311817
838.32 2.1661958457
839.52 3.22531543624
840.52 3.38794836147
841.52 3.23056943057
842.52 3.06422377622
843.53 3.45378621379
844.53 2.57088888889
845.59 2.72234183192
846.6 2.73745094153
847.6 3.11934465534
848.6 3.35140918164
849.62 3.69081102362
850.63 2.27825742574
851.64 2.06723168317
852.65 2.10419821606
853.65 1.91426173826
854.65 3.19136063936
855.65 3.63313486513
856.66 3.08883333333
857.78 2.99837567084
858.78 4.61289860835
859.89 4.01161594203
860.9 4.93855841584
862.03 3.86632920354
863.03 4.47522077922
864.18 3.66366550523
865.18 4.63433366633
866.21 3.61377648202
867.21 4.82345654346
868.26 3.8778036225
869.26 3.87115284715
870.26 4.51493306693
871.26 5.45955644356
872.27 3.80033366435
873.27 4.62320958084
874.28 3.3575024777
875.29 2.84639048563
876.29 3.18506293706
877.29 2.89674325674
878.3 2.65978239367
879.3 2.67983233533
880.33 1.9644921875
881.42 2.1287706422
882.42 2.45977644711
883.55 2.20141259982
884.55 2.19535329341
885.56 1.976
886.57 1.19687920792
887.58 1.14857821782
888.58 1.51666600199
889.58 2.14288111888
890.58 1.99991243781
891.59 2.47087312687
892.65 1.15051460886
893.65 2.42354716981
894.66 1.43788514851
895.76 1.42683378747
896.77 1.67034291378
897.78 1.26285148515
898.79 1.73316334661
899.79 1.79987276342
900.8 1.97617443013
901.81 2.0371009901
902.89 0.46613333333
903.9 1.20275643564
904.91 1.23915247525
905.92 1.46281188119
906.93 1.04188701685
907.93 1.12416383616
909.1 1.69950769231
910.1 1.94414371257
911.11 1.57068253968
912.11 2.08821578422
913.12 1.88830339321
914.14 1.87078481013
915.14 1.99875449102
916.25 1.93755956679
917.26 2.95813069307
918.45 0.97180151388
919.45 1.89142057942
920.46 1.63780376611
921.47 0.88626534653
922.52 0.1664486692
923.78 0.06954090548
924.8 0.79475564279
927.71 0.04505740804
928.71 2.88505682951
929.72 1.05209910803
930.73 1.24733399405
931.74 0.67276039604
932.8 1.04179453346
933.8 0.94024375624
934.8 1.12672927073
935.81 1.43314285714
936.82 1.3977980198
937.83 1.38500594059
938.84 1.63618217822
939.84 1.57436163836
940.85 1.30907646475
941.85 1.74929070929
942.86 1.18751683168
943.87 1.65785346535
944.88 1.39884241824
945.88 1.73835764236
946.89 1.5123567889
947.9 1.4180652819
948.91 0.87855698712
949.92 0.94284356436
950.92 1.14682634731
951.93 0.87855698712
952.95 0.73031599607
953.95 0.54213173653
954.97 0.72028290766
955.98 1.17758736426
956.99 1.06611530815
958.0 0.86519485658
959.01 1.36664420218
960.01 1.50091508492
961.02 1.51849355798
962.02 0.66691708292
963.16 0.14387379492
964.6 0.06351043115
965.63 0.12750291262
966.64 0.40052225519
967.65 0.53147274529
968.67 0.64376470588
969.68 0.98604356436
970.69 0.67371258672
978.59 0.05125022149
979.59 5.33533666334
980.61 0.88756035329
981.61 1.71649150849
982.62 1.35579781962
983.62 1.08129341317
984.63 1.54784508441
985.65 1.35190588235
986.66 1.33278415842
987.69 1.10609912536
988.72 0.43412197483
989.74 1.29544990177
990.75 1.21359207921
991.76 1.26777029703
992.77 1.5494970297
993.77 1.27916883117
994.78 1.07489328063
995.79 1.3176358209
996.79 0.92931068931
997.81 0.77327576055
998.81 0.81998001998
999.82 1.02900297324
1000.83 1.39918334985
1001.84 0.85516913947
1002.85 0.71586124876
1003.85 0.72158241758
1004.85 0.79257142857
1011.94 0.01438101963
1013.49 3.49087483871
1014.5 0.98604356436
1015.51 0.82350891089
1016.52 1.09331750742
1017.52 1.14
1018.54 0.95491764706
1019.56 0.67455588526
1020.58 0.84020991254
1021.59 1.2245034965
1022.59 1.74929070929
1023.62 1.2995451895
1024.64 0.99783529412
1025.65 0.71957605496
1026.68 0.54188737864
1027.82 0.77411140584
1028.82 1.35714285714
1029.87 0.73917411989
1030.89 0.53699705594
1032.18 0.16119069767
1033.19 0.26108946322
1034.2 0.71373913043
1035.2 1.63996003996
1036.2 1.51817964072
1037.21 1.25965873016
1038.22 1.824
1039.23 1.64538872404
1040.26 1.22034596696
1041.27 1.16909198813
1042.31 0.81027692308
1043.33 0.67661629048
1044.34 0.47676831683
1045.36 0.51501176471
1046.38 0.79319882468
1047.4 1.25657311089
1048.42 1.13483022571
1049.42 1.73835764236
1050.43 1.67952475248
1051.44 1.3124122894
1055.24 0.05423789474
1056.26 5.26701960784
1057.28 0.95491764706
1058.29 1.37612673267
1059.3 1.59283960396
1060.48 1.40765423729
1061.49 1.49383976261
1062.5 1.672
1063.63 1.33736637168
1064.63 1.59622777223
1065.64 1.68118929633
1066.65 1.62534653465
1067.67 1.13292850147
1068.68 0.90024975223
1069.7 0.78324705882
1073.91 0.0311113221
1074.92 5.29268389662
1075.92 1.74929070929
1076.93 1.27086844708
1077.94 1.73714285714
1078.95 1.67786350148
1079.96 1.04331746032
1080.98 0.71327626459
1081.99 0.60981492537
1083.01 0.66718584071
1084.01 1.5196963037
1087.13 0.2547008328
1088.14 6.00996226415
1089.15 1.14575841584
1090.15 1.76022377622
1091.16 1.8655777998
1092.17 1.54505346535
1093.18 1.19310208127
1094.19 1.23509322866
1095.2 0.85601584158
1096.21 0.87464535465
1097.31 0.67537454545
1098.31 0.60739742319
1099.32 1.2901018981
1100.33 1.83122376238
1101.33 1.76796035679
1102.34 1.36111088911
1103.37 1.59051395573
1104.38 1.4540979021
1105.38 1.28114285714
1106.38 1.46503096903
1107.52 1.41637928007
1108.52 1.58529470529
1114.59 0.20921292024
1115.6 5.20110891089
1116.61 0.96437227723
1118.16 0.11297032258
1119.16 0.89432167832
1120.17 0.99786719524
1121.21 0.84184615385
1122.23 0.39698823529
1123.26 0.65812609117
1124.27 0.66162933598
1125.28 0.53094653465
1126.3 0.42875612145
1127.32 0.63365652601
1128.34 0.84762352941
1129.35 1.15941386139
1130.37 1.19170866142
1131.37 1.56186826347
1132.37 1.56342857143
1133.38 1.48595441031
1134.38 1.39943256743
1135.39 1.17382539683
1136.4 1.48448316832
1137.42 1.53430588235
1138.43 1.30635247525
1139.45 1.50211764706
1140.46 1.26523564356
1141.62 1.3113442623
1142.63 1.53866138614
1143.63 1.29370629371
1144.64 1.73542120912
1145.65 1.3076990099
1146.66 1.61623785927
1147.77 1.72411531532
1148.78 1.57116831683
1149.79 0.84103072349
1150.79 1.10423976024
1151.8 0.99713267327
1152.81 1.49531881188
1153.83 1.22286162905
1154.83 1.5196963037
1155.84 1.68118929633
1156.85 0.87022574257
1157.86 1.64701782178
1158.88 1.14115294118
1159.89 1.48448316832
1160.9 1.30156590684
1161.9 1.13711088911
1162.91 1.21479484638
1163.91 0.89651148851
1164.92 0.92692277228
1165.93 1.0087135778
1166.94 1.17991691395
1167.95 1.4069296333
1168.95 1.63996003996
1169.95 1.4164955045
1170.95 1.68452830189
1171.98 1.35576885406
1172.98 1.61809390609
1173.99 1.28927308448
1175.2 1.32614876033
1176.21 1.80955247525
1177.22 1.54735664336
1178.22 1.68118929633
1179.23 1.42544950495
1180.24 1.25377822178
1181.24 1.43172249752
1182.26 1.36103659743
1183.26 1.30156590684
1184.27 1.63996003996
1185.28 1.19244749755
1186.29 1.72286732673
1187.3 1.3056
1188.31 1.32194851485
1189.32 1.34878415842
1190.33 1.53616633663
1191.47 1.50595087719
1192.48 1.79871683168
1193.49 1.59283960396
1194.5 1.07497029703
1195.51 1.80955247525
1196.52 1.41081318681
1197.52 1.84768831169
1198.58 1.31853932584
1199.59 1.76022377622
1200.59 1.31436273538
1201.6 1.51699009901
1202.62 1.34229080119
1203.62 1.57272547076
1204.63 1.24
1205.64 1.61451089109
1206.65 1.83122376238
1207.66 1.52051148851
1208.66 1.59441823588
1209.86 1.19436
1210.87 1.59283960396
1211.88 1.49531881188
1212.89 1.22726336634
1213.9 1.5820039604
1214.96 1.00966792453
1215.97 1.5524955045
1217.03 1.50307951356
1218.04 1.62534653465
1219.05 1.7011960396
1220.07 1.63552156863
1221.08 1.49883845391
1222.28 1.69563363863
1223.29 2.20847952048
1224.29 1.67873141724
1224.68 2.11450652742
