1.01 0.98537821782
2.02 1.22671683168
3.03 1.19539345887
4.08 0.73656380952
5.08 0.76939060939
6.09 0.92346481665
7.1 0.8275529179
8.11 0.76650148662
9.21 0.62413793103
10.38 1.07718733961
11.4 0.89540392157
12.56 0.84709655172
13.63 0.99034611787
14.63 1.09277122877
15.78 1.34697998259
16.79 1.10123046489
17.81 1.19137254902
18.81 1.34564635365
20.01 0.93813021703
21.03 1.2380489716
22.04 1.35475123885
23.04 1.17826973027
24.21 1.06445166809
25.22 1.38240792079
26.22 1.27948051948
27.22 0.93285914086
28.24 1.48928220256
29.34 0.77088727273
30.34 1.31257542458
31.54 0.95494
32.54 1.39065734266
33.66 0.97557781753
34.66 1.26116283716
35.68 1.3177668952
36.81 0.98012056738
37.83 1.24980215475
38.84 1.38829306931
39.86 1.39690373281
40.86 1.34681318681
41.87 1.44131485149
42.87 1.4569030969
44.05 1.11117147708
45.05 1.4482957043
46.16 1.008122633
47.32 1.08632413793
48.32 1.31836163836
49.45 1.18772389381
50.62 1.05346324786
51.63 1.05756194252
52.72 0.91359266055
53.73 0.73681584158
54.81 0.83655555556
56.04 0.97225365854
57.04 0.96151848152
58.05 1.01240039643
59.06 1.01923960396
60.08 1.11925490196
61.21 0.94008495575
62.22 1.03897821782
63.23 0.78155247525
64.25 0.92744313725
65.26 1.06886336634
66.27 0.67155643564
67.28 0.73443960396
68.3 0.65682352941
69.32 0.61494013739
70.36 0.33720769231
71.53 0.47575705731
72.53 1.01958041958
73.55 0.808047105
74.55 0.81446553447
75.56 1.09380594059
76.63 1.07470159027
77.82 0.93819831933
78.83 1.06805143422
79.85 1.33474386654
80.87 0.8986745098
82.03 0.9654
83.11 0.89237037037
84.18 0.95684485981
85.19 1.23306138614
86.19 0.97191608392
87.42 1.12052074858
88.65 1.21364552846
89.86 1.00669090909
90.97 1.01305945946
92.11 1.00284210526
93.2 1.04291901729
94.21 1.06162376238
95.23 1.02870029674
96.25 1.07789803922
97.34 0.97683669725
98.34 1.19502874133
99.39 1.22855715658
100.41 1.05143529412
101.42 1.23077227723
102.45 1.33311067961
103.45 1.27574025974
104.6 1.00603799655
105.67 0.85618691589
106.68 1.21512087912
107.69 1.1395009901
108.88 0.91160535117
109.89 1.29080199005
111.05 0.48234685073
112.05 1.26083516484
113.1 0.46316110582
114.29 0.97229024187
115.3 1.2087032967
116.3 1.0188543112
117.31 1.1724035964
118.31 1.4046993007
119.37 1.1676928839
120.5 1.35606371681
121.51 1.24126732673
122.52 1.03896903097
123.52 0.9964876115
124.68 0.80235172414
125.69 1.28554455446
126.7 0.76536237624
127.89 0.93014453782
129.06 0.97986324786
130.08 0.9759764475
131.19 0.77613693694
132.2 1.11516039604
133.21 0.80517227723
134.42 0.93199338843
135.54 0.84935714286
136.72 0.84168135593
138.23 0.64939337748
139.24 0.8748039604
140.31 0.85005243446
141.5 0.98389924433
142.74 0.8990516129
143.78 0.84002307692
144.88 0.92600727273
146.04 0.87668275862
147.05 1.12887920792
148.08 0.72930866602
149.24 0.7772244196
150.25 1.01495445545
151.32 0.76281869159
152.41 0.89493577982
153.46 0.80844190476
154.47 0.86595643564
155.48 1.08319524281
156.49 1.11941386139
157.49 0.80652147852
158.5 0.87232507433
159.51 1.01915247525
160.53 0.96271372549
161.66 1.16112566372
162.69 1.02069126214
163.87 0.97484067797
164.89 1.04150736016
165.94 0.95116190476
166.94 1.42334465534
167.95 0.88816650149
168.96 1.01338354807
170.03 0.90243137255
171.05 0.7274033366
172.05 0.92229370629
173.16 0.89517117117
174.22 0.99848301887
175.24 0.95271372549
176.25 1.30788503469
177.26 1.0591049505
178.29 0.63656699029
179.3 0.98026508408
180.3 0.70555844156
181.31 0.79933399405
182.35 0.53743846154
183.36 0.77404162537
184.38 0.6320627451
185.46 0.45891851852
186.57 0.44306306306
187.59 0.46795294118
188.84 0.3401856
189.89 0.26057142857
190.89 0.1305498008
192.02 0.68949068323
193.24 0.71339016393
194.33 0.88811019284
195.33 0.98638161838
196.37 0.88605009634
197.49 0.9594
198.56 1.17778691589
199.67 1.09677837838
200.67 1.07305494505
201.68 1.09791080278
202.68 0.90399200799
203.69 0.99663032706
204.87 0.89774915254
205.88 1.36635247525
206.96 1.23421686747
208.08 1.12375
209.18 1.04683121597
210.19 0.97545238095
211.27 0.94311111111
212.28 1.1961029703
213.28 0.87344655345
214.32 1.02162078922
215.33 0.91798019802
216.35 0.93964278705
217.44 0.50044281793
218.46 0.50527308448
219.47 0.68026190476
220.48 0.49743366337
221.48 0.51713086913
222.49 0.89691089109
223.51 0.70896470588
224.52 0.5548458498
225.54 0.51120628684
226.86 0.29104242424
227.88 0.75045490196
228.89 0.58926732673
230.05 0.35851034483
231.16 0.6208981064
232.39 0.49516747967
233.41 0.42875612145
235.1 0.09935346359
236.23 0.59354199823
237.37 0.65842105263
238.38 0.96187908821
239.39 0.78668249258
240.41 0.76420804711
241.59 0.51703979678
242.68 0.49609550046
243.76 0.48672710453
245.21 0.76416551724
246.22 0.89506534653
247.22 0.90636563437
248.23 0.82490386521
249.3 0.83039851715
250.53 0.85833251433
251.54 1.06609108911
252.67 0.85125197542
253.76 0.84757816836
254.82 0.79781478017
255.86 0.50383705141
256.89 0.2106641001
257.9 0.69798811881
258.92 0.53417681729
259.93 0.32493280632
260.96 0.52164980545
261.98 0.36661176471
263.3 0.2756969697
264.84 0.1065974026
265.88 0.19993846154
266.89 0.26303366337
267.91 0.48282352941
268.92 0.42708118812
269.94 0.3648
271.0 0.25892830189
272.01 0.80183762376
273.24 0.62098211382
274.3 0.56771320755
275.31 0.73243564356
276.33 0.53738039216
277.35 0.60561568627
278.36 0.5816950495
279.39 0.30555339806
280.41 0.28969411765
281.42 0.24057821782
282.45 0.29750679612
283.46 0.21153267327
284.49 0.31875728155
285.51 0.28375960591
286.51 0.50100696517
287.59 0.24354074074
288.6 0.4133916501
289.61 0.3227960396
290.62 0.36135445545
291.63 0.33183778437
292.97 0.33458999253
294.0 0.13826239067
295.06 0.15472196041
296.07 0.19504158416
297.1 0.18076116505
298.11 0.34674059406
299.12 0.17298711596
300.17 0.35403996194
301.18 0.15118334985
302.19 0.23838415842
305.26 0.02851856678
306.31 0.1169096099
308.53 0.08376767222
320.11 0.00661554404
321.12 0.42499009901
323.25 0.37913239437
324.48 0.21371521562
325.51 0.10400775946
326.6 0.13076470588
327.66 0.09292075472
328.68 0.11802352941
329.72 0.15784615385
330.76 0.13819230769
331.77 0.22754851485
332.79 0.20405888126
333.8 0.2056735905
334.84 0.15433301251
335.87 0.25401934236
336.89 0.32283185841
337.9 0.42051932607
338.95 0.2915623216
340.01 0.12401133144
341.07 0.08766069746
342.1 0.1595335277
343.14 0.16836923077
344.19 0.19458285714
345.25 0.23746415094
346.26 0.18575049505
347.29 0.31875728155
348.5 0.21127663088
349.52 0.26849852797
350.63 0.37283603604
351.66 0.2868815534
352.68 0.19312941176
353.72 0.22021538462
354.73 0.27089108911
355.77 0.24123076923
356.79 0.33261176471
357.92 0.20819115044
358.95 0.47813592233
360.09 0.23321784777
361.1 0.21714285714
362.14 0.2211973051
363.19 0.17403428571
364.19 0.30490746269
365.21 0.18078423645
366.22 0.40091881188
367.24 0.28441568627
368.28 0.32412307692
369.3 0.24487843137
370.35 0.18761142857
371.36 0.15051089109
372.39 0.36125825243
373.4 0.18798415842
374.41 0.21671287129
375.46 0.19803428571
376.49 0.21850481696
377.5 0.31705894106
378.54 0.41229230769
379.55 0.35462178218
380.56 0.40091881188
381.59 0.29460194175
382.63 0.1886
383.64 0.24921980198
384.67 0.29346019417
385.69 0.28975686275
386.7 0.44426138614
387.71 0.31316435644
388.79 0.28971111111
389.83 0.44196923077
390.84 0.29758415842
391.85 0.44691485149
392.86 0.59333861386
393.89 0.46598834951
395.04 0.39200695652
396.06 0.43990588235
397.07 0.17712266928
398.17 0.17052978918
399.27 0.11842019838
400.29 0.12989910979
401.33 0.1220514776
402.44 0.06958038147
403.49 0.09300849858
404.51 0.16094117647
405.56 0.2185975024
406.57 0.5155171737
407.58 0.3166970297
408.59 0.28172673267
409.64 0.24156621881
410.67 0.16769171484
411.7 0.18062912621
412.71 0.17337029703
413.72 0.19836039604
414.75 0.22313009709
415.78 0.22160235064
417.01 0.23860162602
418.05 0.23106333973
419.06 0.19369911504
420.11 0.19974639769
421.12 0.17388812561
422.14 0.28969411765
423.22 0.29973482726
424.23 0.30071835132
425.24 0.29256237624
426.26 0.38093333333
427.27 0.4088
428.29 0.55934901961
429.3 0.34534265734
430.31 0.40600588813
431.52 0.40320133111
432.55 0.49361078998
433.59 0.58858583899
434.59 0.42983548067
435.61 0.34205490196
436.64 0.51745242718
437.65 0.58168712871
438.66 0.61683960396
439.67 0.72621782178
440.86 0.6059697479
441.88 0.73499607843
442.89 0.82407185629
443.89 0.74467460317
445.02 0.75118584071
446.03 0.85825742574
447.04 0.97366633367
448.13 0.80826933576
449.14 1.00400792079
450.17 0.68361941748
451.19 1.06873986152
452.19 0.76175222993
453.29 0.94984
454.3 0.96064950495
455.41 0.50541981982
456.43 0.95596862745
457.6 0.65775726496
458.62 0.75999215686
459.63 0.88188611389
460.93 0.64293353705
461.94 0.86220634921
463.03 0.60013932172
464.05 0.75048221344
465.05 0.56011904762
466.14 0.43872293578
467.15 0.55575817641
468.15 0.80477922078
469.28 0.75897962799
470.3 0.90659607843
471.3 0.62314485514
472.31 0.97220594059
473.32 0.94847524752
474.48 0.69552413793
475.49 0.83907234886
476.49 0.79510889111
477.5 0.69871952428
478.51 1.03409108911
479.52 0.72723960396
480.53 0.65563564356
481.55 0.51476349362
482.56 0.63572700297
483.58 0.57765652601
484.59 0.57417029703
485.59 0.46153846154
486.62 0.43605830904
492.14 0.0093050571
493.2 0.0084657277
494.21 0.6622019802
495.21 1.31044155844
496.29 1.1988952734
497.3 1.56568712871
498.31 1.26168712871
499.31 1.21333066933
500.38 1.13165543071
501.39 1.16954302671
502.84 1.00343409248
503.85 1.54492581602
504.85 1.44433966034
505.92 1.20414593078
507.09 1.30259709153
508.12 1.19738506305
509.16 0.63866794995
510.16 1.50341658342
511.26 1.2455177434
512.27 1.70470425321
513.28 1.58028514851
514.29 1.14326263627
515.42 1.24642970822
516.53 1.30143913436
517.53 1.56728871129
518.74 1.22912820513
519.79 1.01002666667
520.8 1.48686956522
521.87 0.86850187266
522.87 1.39059340659
523.97 1.09904276615
525.09 1.06139037433
526.12 1.69303790087
527.13 1.78376237624
528.14 1.49612685828
529.14 1.437002997
530.27 1.1277023915
531.43 1.46888544358
532.43 1.41585614386
533.48 1.35191595033
534.53 1.5245300286
535.66 1.48546772767
536.67 1.40537029703
537.67 1.59681918082
538.7 1.05757823129
539.71 1.40833267327
540.76 1.20938036225
541.76 1.25817964072
542.93 1.24486986301
544.0 1.40340186916
545.08 1.43313438369
546.27 1.31566386555
547.27 1.136
548.28 1.26678295342
549.3 0.83962352941
550.3 1.09946853147
551.32 0.64536997056
552.33 0.89735445545
553.39 1.02378113208
554.5 1.51252612613
555.51 1.54960792079
556.6 1.13949357798
557.64 1.06910769231
558.98 0.37177910448
560.0 0.7412
561.02 0.47696470588
562.02 0.61445754246
563.03 0.58872547076
564.19 0.77282068966
565.27 0.49214814815
566.3 0.99181341108
567.38 1.29106382979
568.53 1.56339478261
569.54 1.8380654113
570.55 1.36613861386
571.74 1.45136806723
572.86 1.42890714286
573.96 1.49084363636
574.99 1.6893592233
575.99 1.70068331668
577.0 1.68254509415
578.09 1.31627155963
579.1 1.18902675917
580.1 0.25507292707
581.11 0.31423366337
582.13 0.34228851816
583.13 1.01315484515
584.15 0.68471050049
585.17 0.64669803922
586.2 0.36755728155
587.22 0.22531764706
588.26 0.21290471607
589.46 0.62546666667
590.47 0.64812673267
591.47 0.55618781219
592.49 0.46136470588
593.52 0.4643961165
594.54 0.34952698724
595.56 0.40771764706
596.62 0.41851320755
597.64 0.15317531832
598.81 0.40073846154
599.93 0.849856
600.97 1.18023620523
601.97 1.34119480519
602.98 1.14967690783
603.99 0.99727794263
605.03 0.72151684312
606.04 0.32304047384
607.05 0.80224031778
608.07 0.44431372549
609.08 0.51548514851
610.11 0.80362718447
611.25 0.71097633655
612.38 0.91607440213
613.39 0.30083611384
614.41 0.19123137255
615.5 1.20262752294
616.51 1.64823976024
617.51 1.64805594406
618.64 1.63836203866
619.91 1.2447496063
620.92 1.31956843157
621.93 1.21331237721
622.94 0.81937091988
623.95 0.75747076313
625.08 0.90478584071
626.09 0.77119207921
627.12 0.42287378641
628.23 0.32342342342
629.42 0.76484033613
630.51 1.06943853211
631.72 1.05294545455
632.78 1.2747756654
633.93 1.09863212435
634.93 1.35233566434
636.08 1.49801218451
637.08 1.54431168831
638.09 1.8905974026
639.09 1.74738095238
640.1 1.06332673267
641.28 1.35658983051
642.44 1.21340689655
643.45 1.28044400396
644.47 1.22678942214
645.53 1.34129056604
646.54 1.37004356436
647.65 1.19057297297
648.82 1.39733333333
649.83 1.72303366337
650.83 1.24254945055
651.84 1.15234093162
652.84 1.55161638362
653.85 1.1460852329
654.86 1.28921308226
655.88 1.27232156863
656.91 1.40046601942
657.99 1.22121964782
659.15 1.38455862069
660.16 1.43956435644
661.28 1.172
662.32 1.45061790183
663.59 1.25923779528
664.6 1.3459009901
665.62 1.53442829077
666.63 1.14613649852
667.63 1.49456143856
668.63 1.1478041958
669.7 1.26764386129
670.77 1.57919553073
671.82 1.41261509074
673.03 1.48334545455
674.18 1.62428546562
675.25 1.31926728972
676.25 1.60421178821
677.38 1.6072
678.39 1.72392871287
679.41 1.76083921569
680.48 1.37118504673
681.5 1.54056918548
682.5 1.30806793207
683.59 0.93394306703
684.6 1.63832871287
685.64 1.26156153846
686.82 1.53561355932
687.82 1.72839160839
688.83 1.92843564356
689.84 1.3497086224
690.89 1.57772190476
692.07 1.2941220339
693.17 1.37431119199
694.28 1.40464864865
695.38 1.48624
696.47 1.67802930403
697.62 1.56316521739
698.63 1.57622200198
699.75 1.18703842717
700.75 1.29773426573
701.77 1.43481800391
702.85 0.91112592593
703.86 1.03802184707
704.88 0.49309019608
705.89 0.53583366337
706.9 0.59422574257
707.91 0.84185346535
708.92 0.74072079208
709.92 1.15819123506
710.93 1.63144333996
712.01 0.99638518519
713.09 1.20902962963
714.11 1.07900392157
715.11 1.10115484515
716.13 1.23464313725
717.14 1.28675520317
718.15 1.07321980198
719.16 1.00573465347
720.17 1.00163168317
721.17 0.87865734266
722.18 0.84121308226
723.2 0.77749950932
724.37 1.00244842285
725.4 0.95060564752
726.41 0.53708514851
727.44 0.48865242718
728.45 0.43424727992
729.58 0.49930619469
730.6 0.73675368008
731.6 0.77366633367
732.6 1.05792607393
733.62 0.83613333333
734.78 1.04272884283
735.79 1.03991295747
736.8 1.18568712871
737.81 1.23422001982
738.88 1.10932586368
740.02 1.01762105263
741.07 1.07148903718
742.08 1.00061782178
743.09 0.81663366337
744.14 0.75136761905
745.2 0.51298113208
746.2 1.03371828172
747.21 0.96773861386
748.24 0.75581359223
749.24 0.96464335664
750.24 1.17149250749
751.36 1.02578890877
752.52 1.14076551724
753.53 0.9433419227
754.71 0.96248135593
755.89 0.90103728814
756.91 0.59416470588
757.93 0.57301960784
758.95 0.74065882353
759.99 0.87574615385
761.02 0.51585242718
762.07 0.30512761905
763.43 0.01608229243
764.44 0.40052225519
765.45 0.19081746032
766.51 0.27823728814
767.54 0.15940077821
768.55 0.27089108911
769.79 0.16769032258
770.98 0.08186733837
772.0 0.40811776251
773.03 0.19284660194
774.07 0.19993846154
775.18 0.15775135135
776.19 0.23936633663
777.37 0.45254622561
778.39 0.30042352941
779.41 0.23049173955
780.6 0.46259102456
781.64 0.36514775977
783.22 0.19521722609
784.23 0.70917227723
785.29 0.44298113208
786.32 0.68469582119
787.34 0.60025857003
788.35 0.23400199402
789.36 0.29083464567
790.41 0.6322991371
791.42 0.68464236453
792.42 0.73496103896
793.55 0.93996460177
794.75 0.86091075897
795.75 0.69074925075
796.92 0.86343931624
798.05 1.08036138175
799.08 1.24762754607
800.13 1.26408380952
801.29 0.95375172414
802.31 1.0472519685
803.31 1.62442231076
804.39 1.42448888889
805.48 1.34524770642
806.58 1.04660236579
807.74 1.60850946644
808.77 1.58462256809
809.82 1.60246329838
810.83 1.77962772277
811.84 1.27471683168
812.93 1.58797428834
814.05 1.31047142857
815.12 1.48323738318
816.12 1.59674725275
817.32 1.55031192661
818.32 1.89002997003
819.33 1.65702380952
820.33 1.34332867133
821.34 1.60343422354
822.53 1.27175777965
823.55 1.24509803922
824.56 1.19950842418
825.56 1.19852147852
826.7 0.976976295
827.7 1.06710578842
828.71 0.97020634921
829.81 0.87624727273
830.83 0.88632156863
832.06 0.77825691057
833.07 1.07027326733
834.09 1.07849411765
835.28 1.02041680672
836.28 1.08103792415
837.35 0.91370037453
838.46 0.98761801802
839.65 1.02756302521
840.83 0.88810847458
841.99 0.8710137931
843.1 0.9029981982
844.11 1.1628990099
845.12 1.23818613861
846.13 0.80268514851
847.14 0.9848
848.14 0.91515852443
849.15 1.1216285998
850.16 1.11192079208
851.2 0.85444615385
852.21 1.09566732673
853.22 0.70667722772
854.23 0.66993267327
855.24 0.78846382557
856.24 0.69595204795
857.24 0.93470529471
858.25 1.31780376611
859.25 2.20931068931
860.41 1.71139257981
861.59 1.85574237288
862.6 1.83670634921
863.75 1.49080347826
864.86 1.92573177318
865.86 1.74343256743
866.87 1.02822418879
867.88 1.4288991009
868.88 1.34774825175
869.89 1.24199406528
870.93 1.31167692308
872.06 1.26705673759
873.15 1.22217247706
874.61 0.87157260274
875.74 1.11106548673
876.9 1.12213103448
877.9 1.24904590818
878.96 1.00064272212
879.96 1.15725668979
881.24 0.65107159717
882.27 1.13422912621
883.35 1.56515078631
884.38 1.55719339164
885.46 1.51068888889
886.52 1.58764528302
887.57 1.05778368121
888.59 0.95746341463
889.61 1.17731355094
890.64 1.28187961165
891.66 1.76982278481
892.82 1.62644926279
893.83 1.33811187439
894.93 0.70568
896.01 0.99805970149
897.01 1.34649350649
898.01 1.03176961271
899.2 1.21444705882
900.21 1.52458741259
901.32 1.32432529044
902.33 0.67167524752
903.49 1.11389655172
904.53 1.42724345296
905.53 2.0364995005
906.72 1.27335912532
907.83 1.30055495495
908.96 1.28499385426
909.97 1.27012187812
911.01 1.05317692308
912.15 1.3222767624
913.16 1.1344015984
914.18 1.13497254902
915.18 0.96999000999
916.37 0.8781836394
917.45 0.88194814815
918.46 1.06965544554
919.47 0.90294653465
920.54 0.88731962617
921.56 0.96824313725
922.57 0.77261782178
923.58 0.79696303696
924.68 0.7565374211
925.82 0.92327719298
926.86 0.90104615385
927.87 0.86113086913
928.89 0.69614901961
929.91 0.5636851312
930.92 0.88632079208
932.08 0.93684137931
933.09 1.40902195609
934.23 1.03360418483
935.35 1.37091168599
936.37 1.53892625369
937.37 1.50374425574
938.41 0.60592877767
939.43 1.28655544652
940.58 1.13673043478
941.59 0.60752475248
942.61 0.2358158668
943.82 0.10877344398
945.38 0.10297186701
946.84 0.03747945205
947.85 1.1784950495
948.86 0.86960792079
949.86 0.71276723277
950.89 0.70699319728
951.9 0.62411892963
952.9 0.54909090909
953.91 0.718271556
955.04 0.82402122016
956.05 0.89113181368
957.06 0.96716122651
958.07 0.97688712871
959.08 0.85413861386
960.21 0.68059521701
961.22 0.72841938675
962.23 0.96384539148
963.23 1.02539060939
964.24 1.10394455446
965.26 0.65160784314
966.27 1.04894350842
967.41 0.57558632778
968.42 0.70208126858
969.43 0.72960633037
970.47 0.86815014437
971.49 0.73208627451
972.51 0.46136470588
973.53 0.3229254902
974.63 0.29021818182
975.63 0.82647752248
976.69 0.77313692162
977.69 1.28963836164
978.7 1.03146878097
979.71 1.31934257426
980.71 1.18448751249
981.77 1.68145935728
982.79 1.12296180215
986.66 0.1951255814
987.7 0.0315389049
988.71 0.19458473736
989.73 0.51501176471
990.74 1.12893465347
991.74 0.87157642358
992.76 0.13920939335
993.77 0.45922542205
994.91 0.29813847502
995.93 0.587218842
996.96 0.39666019417
998.14 0.40347118644
999.19 0.30226285714
1000.2 0.48544158416
1001.67 0.15340408163
1002.69 0.51435294118
1003.74 0.5905752381
1004.75 0.85611892963
1005.83 0.87657777778
1007.01 1.22147118644
1008.17 0.85075172414
1009.18 1.11551683168
1010.3 0.87879393399
1011.38 1.0568081557
1012.39 1.11642772277
1013.4 1.30721584158
1014.44 1.02633846154
1015.44 1.64619380619
1016.61 1.13181864842
1017.63 1.01931764706
1018.64 1.12592269574
1019.65 1.36744444444
1020.65 0.98001596806
1021.66 1.35594455446
1022.68 1.00529931305
1023.83 1.06507826087
1024.84 0.97363726462
1025.85 0.91135049505
1026.86 1.08713663366
1027.88 1.02942745098
1028.93 0.94031588963
1030.12 1.06827516779
1031.13 1.47905555556
1032.18 1.20013714286
1033.18 1.7280959041
1034.19 1.8295024777
1035.21 1.14749019608
1036.39 1.56221016949
1037.52 1.5390894597
1038.67 1.70355516942
1039.81 1.60020350877
1040.85 1.6864
1041.86 1.83631683168
1042.86 1.4788971029
1043.87 1.62013492063
1044.92 1.25818458611
1045.92 1.62452694611
1046.93 1.32554761905
1048.0 1.32945182413
1049.15 1.44356869565
1050.22 1.40009638554
1051.34 1.35410261026
1052.4 1.24079245283
1053.4 1.39884915085
1054.4 1.74602581927
1055.4 1.89186813187
1056.41 1.53930869131
1057.55 1.24350913838
1058.68 1.70419823009
1059.69 1.99987314172
1060.74 1.40013714286
1061.84 1.57306642402
1062.87 1.3362407767
1063.88 0.88690693069
1064.89 1.16471287129
1065.89 1.05505694306
1066.9 0.83644003964
1067.91 0.77393267327
1068.94 0.62264854369
1069.96 0.25615686275
1071.12 0.09434482759
1072.17 0.69981714286
1073.18 1.12337091988
1074.19 1.10417425743
1075.2 0.53815659068
1076.4 0.54483333333
1077.47 0.65499906629
1078.48 0.47638606965
1079.64 0.40718213058
1080.67 0.39351603499
1081.69 0.47866013712
1082.88 0.71682016807
1083.91 0.81571875
1084.92 0.70795275591
1086.07 0.94916869565
1087.11 0.93075384615
1088.24 0.45519220549
1089.26 0.24677647059
1090.52 0.08685714286
1091.53 0.50056237624
1092.6 0.65694205607
1093.65 0.75040458015
1094.66 0.67954896142
1095.66 0.80608191808
1096.67 0.68952079208
1097.67 0.54464606181
1098.68 0.68544255744
1099.68 0.62187673956
1100.75 0.84248971963
1101.84 0.90785674931
1102.85 0.78716831683
1103.87 0.63566699314
1104.87 0.72785614386
1106.01 0.77006156552
1107.01 1.02523076923
1108.04 0.88347961165
1109.07 0.86512512124
1110.09 0.86364705882
1111.1 0.79847619048
1112.14 0.7811
1113.14 0.87637962038
1114.18 0.62779595765
1115.23 0.90416761905
1116.36 1.21687002653
1117.6 0.98083104285
1118.6 0.71545254745
1119.73 0.67706643047
1120.73 0.56867132867
1121.95 0.46669073011
1122.95 0.71731468531
1123.97 0.78945882353
1125.1 0.6769105403
1126.17 0.8203364486
1127.19 0.84455239961
1128.22 0.58945772595
1129.23 0.50173689416
1130.24 0.50587115956
1131.25 0.46598019802
1132.35 0.48989090909
1133.35 0.76435564436
1134.36 0.62238255699
1135.47 0.78254545455
1136.48 0.74558572844
1137.49 0.56341386139
1138.5 0.72820594059
1139.51 0.51678733927
1140.56 0.49688465205
1141.58 0.72055686275
1142.6 0.83132482826
1143.68 0.77873820537
1144.71 0.99246556741
1145.72 0.95839048563
1146.73 0.89688625124
1147.74 0.86697324083
1148.83 0.81106788991
1149.84 0.90930693069
1150.95 0.83211531532
1152.12 0.9364034188
1153.13 1.03916831683
1154.13 0.96984615385
1155.14 0.81588095238
1156.14 0.95043356643
1157.16 0.68344313725
1158.17 1.00565544554
1159.18 0.71550445986
1160.31 0.97011494253
1161.35 0.86773896353
1162.36 0.9185526839
1163.41 0.65375451951
1164.43 0.73161568627
1165.44 0.98755996036
1166.51 0.67353874883
1167.52 1.05852130823
1168.52 0.91422177822
1169.54 0.45591364082
1170.63 0.31866060055
1171.64 0.47079320679
1172.64 0.90703666997
1173.71 0.85560791706
1174.71 0.9848951049
1175.71 0.95325396825
1176.72 0.86867864271
1177.73 1.02132804757
1178.8 0.97632622799
1179.86 1.00870188679
1180.87 1.08164635365
1181.89 1.1249254902
1182.9 1.18081256133
1183.91 1.01349050949
1184.91 0.99956043956
1186.05 0.94885714286
1187.06 1.11342257742
1188.43 0.9690275762
1189.55 0.8710647482
1190.6 1.07860113422
1191.67 0.94921869159
1192.83 0.92729715762
1193.85 1.07333464181
1194.91 1.02868237512
1195.93 1.05336997056
1196.93 0.95861738262
1197.94 0.91298315164
1198.98 0.92260769231
1199.99 0.84036435644
1200.99 0.95649150849
1202.0 1.0581407334
1203.01 0.87661782178
1204.14 0.74368849558
1205.2 0.83177358491
1206.24 0.49129230769
1207.24 1.01813386613
1208.37 0.86487156776
1209.53 0.8887862069
1210.67 0.98606315789
1211.69 1.03441568627
1212.69 1.09376223776
1213.7 0.9948543112
1214.7 1.14374425574
1215.76 0.86497450425
1216.77 1.27517623762
1217.77 1.04423576424
1218.78 1.03089791873
1219.79 0.7889980198
1220.8 0.75372673267
1222.01 0.61979504132
1223.04 0.78361904762
1224.13 0.71875229358
1225.21 1.35788888889
1226.22 1.49021562809
1227.24 1.6442955665
1228.34 1.46432608696
1229.34 1.36714485514
1230.34 1.42343256743
1231.48 1.2468400703
1232.48 1.77176047904
1233.5 1.27594896958
1234.62 1.0715924933
1235.63 1.62439840637
1236.72 1.2237080292
1237.73 1.1723009901
1238.77 1.07450769231
1239.84 1.12775304022
1240.95 1.17107747748
1241.95 1.06224975025
1242.96 1.01836831683
1243.96 0.84975824176
1244.98 0.99943473994
1246.07 1.06924036697
1247.13 1.08530566038
1248.55 0.78548837209
1249.61 1.06267924528
1250.61 1.16423952096
1251.62 1.24014285714
1252.63 1.37255445545
1253.71 0.93887673772
1254.71 1.10312887113
1255.75 1.06856923077
1256.8 1.02608761905
1257.81 0.81308225966
1258.85 0.46998461538
1260.01 0.65826896552
1261.09 0.80984444444
1262.09 0.86046307385
1263.1 0.61431912785
1264.26 0.4019119931
1265.27 0.40251292247
1266.29 0.1786484375
1267.44 0.26053565217
1268.45 0.3036987116
1269.46 0.2932990099
1270.47 0.28172673267
1270.66 0.22823036649
