1.0 1.3645988024
2.0 2.07959240759
3.0 1.12478721279
4.07 1.26504217432
5.11 0.94313076923
6.12 0.81814653465
7.22 1.01306255666
8.42 1.28386967419
9.67 1.19841406875
10.68 1.3608358209
11.68 1.30203383085
12.68 1.44209390609
13.81 0.94339007092
14.82 1.38235897436
15.83 1.29057654076
17.0 0.93128888889
18.0 1.25624775225
19.08 1.02209453197
20.08 1.37983616384
21.25 1.2458100941
22.25 1.30004790419
23.25 1.1394491018
24.26 0.52112238806
25.29 0.79123957323
26.68 0.45450935252
27.68 0.70798001998
28.7 0.73091265947
29.78 0.87466666667
30.79 1.16632079208
31.84 0.74206291706
32.84 1.21888511489
33.85 1.29454905847
35.02 1.01624615385
36.02 1.28261338661
37.25 1.15786493084
38.26 1.24228910891
39.35 1.0910944088
40.36 1.19744697721
41.36 0.96238961039
42.38 0.79437647059
43.55 1.06755859709
44.56 1.22133333333
45.57 0.98122772277
46.59 0.91389205103
47.59 0.90582035928
48.6 0.80954761905
49.6 1.01122877123
50.65 1.13180552908
51.66 1.21167524752
52.85 0.58512268908
53.86 0.73144554455
54.88 0.63808627451
55.99 0.62628468468
57.19 0.55631333333
58.19 0.58488711289
59.39 0.7814912427
60.4 0.83121584158
61.41 0.88793663366
62.42 0.71883564356
63.44 0.92019607843
64.45 0.55586534653
65.46 0.80221782178
66.46 0.89567232767
67.46 1.16229370629
68.62 1.09220034542
69.63 1.39531417245
70.69 0.85669433962
71.69 1.01287512488
72.69 1.27491708292
73.7 0.92137301587
74.7 0.87193606394
75.77 0.87895229186
76.92 0.94531478261
78.06 1.00550877193
79.17 1.05050810811
80.25 0.96115867159
81.32 1.15883677298
82.33 1.35996828543
83.33 1.04636963037
84.35 1.03823529412
85.35 0.99490909091
86.36 0.95665411298
87.37 1.22335841584
88.37 1.15666733267
89.4 1.22910009718
90.53 1.17818246236
91.59 1.10506415094
92.73 0.99741980719
93.77 1.09513076923
94.91 0.98343157895
95.92 1.32411089109
96.92 1.07217582418
97.94 1.20905201178
99.08 0.9141000878
100.18 1.38154181818
101.19 1.21234421365
102.2 1.23077227723
103.2 1.01094105894
104.21 1.08230952381
105.21 1.116003996
106.21 1.05727072927
107.23 0.94345044161
108.23 0.85229540918
109.35 0.86192486583
110.38 0.96028737864
111.39 0.87438888889
112.59 0.82086261449
113.81 0.88273010664
114.91 0.55112727273
115.93 0.91609411765
116.95 0.86070264966
118.08 0.68987610619
119.17 0.88317798165
120.18 1.00262178218
121.19 0.94074455446
122.26 0.9300635514
123.27 1.06822551929
124.28 1.06875718533
125.31 0.61872621359
126.47 0.80173943054
127.67 0.81755333333
128.77 0.82557818182
129.89 0.82295714286
130.9 1.07127920792
131.9 0.93584015984
132.91 0.77718811881
134.07 0.79002758621
135.24 0.99513752122
136.25 1.06062574257
137.42 0.7647042735
138.43 1.14452747253
139.43 0.7961308226
140.62 0.77613445378
141.64 0.94418039216
142.74 0.89288727273
143.8 0.87883018868
144.81 0.96681980198
145.82 0.89917623762
146.83 1.06011089109
147.84 0.70286732673
148.9 0.8035245283
149.91 0.9964035964
150.92 0.611171737
151.93 0.66048316832
152.94 0.52156676558
153.95 0.61125396825
154.95 0.71217582418
155.96 0.4670019802
156.98 0.42376470588
158.02 0.53318461538
159.05 0.18062912621
160.17 0.34212857143
161.18 0.73214257426
162.21 0.29927308066
163.21 0.83085714286
164.41 0.72164
165.48 0.87739569691
166.48 1.0071048951
167.49 1.28983580613
168.7 0.8033879239
169.71 1.01915247525
170.71 1.19964835165
171.93 1.01433825944
172.97 1.01087692308
173.97 1.14916283716
174.97 1.20236563437
175.98 1.09718811881
177.11 1.1294809566
178.17 0.98736921624
179.18 1.14252673267
180.18 0.77967632368
181.2 0.53408439647
182.2 0.92229370629
183.26 0.93739622642
184.48 0.86753442623
185.49 0.85044995045
186.49 0.70393606394
187.5 0.53779187314
188.52 0.41546666667
189.53 0.68264554455
190.54 0.76763564356
191.58 0.53293076923
192.59 0.59276039604
193.66 0.42703731343
194.79 0.44334751773
195.98 0.3698270361
197.09 0.48182506763
198.24 0.42219130435
199.5 0.33005714286
200.51 0.61463762376
201.71 0.74247333333
202.72 0.76514851485
203.82 0.60526545455
204.82 1.16934265734
205.82 0.84255744256
207.04 0.78241050903
208.04 0.87486913087
209.06 0.63283055828
210.07 0.83098311817
211.19 0.66613571429
212.19 0.69647152847
213.2 0.97401783944
214.31 0.62681801802
215.32 0.80197227723
216.33 0.59838415842
217.34 0.74733926805
218.36 0.65431207066
219.37 0.70076511397
220.49 0.52322142857
221.49 0.87651097804
222.59 0.80758507734
223.6 0.73372673267
224.61 0.73650693069
225.63 0.60054170756
226.63 0.7443996004
227.73 0.35849317561
228.73 0.24398801199
229.76 0.47913009709
230.82 0.38455901794
231.84 0.24677647059
232.85 0.2344
233.87 0.42917647059
234.91 0.25622307692
235.97 0.28621132075
236.97 0.44825574426
237.98 0.24280673935
238.99 0.49843960396
240.01 0.34023529412
241.02 0.7171009901
242.04 0.55881568627
243.09 0.40514557564
244.14 0.44861010486
246.17 0.18704630542
249.53 0.08310238095
250.56 0.19125436893
251.58 0.20385882353
252.69 0.21752072072
253.71 0.41844705882
254.74 0.40288932039
255.81 0.30331962617
256.85 0.43144615385
257.87 0.29942745098
258.88 0.42175494071
259.89 0.54611111111
260.9 0.59351287129
261.93 0.36013980583
262.95 0.40771764706
263.96 0.15367128713
264.98 0.16094117647
265.99 0.17337029703
267.0 0.28505346535
268.02 0.3492627451
269.28 0.33964444444
270.29 0.68264554455
271.3 0.28111683168
272.31 0.37255445545
273.32 0.36841188119
274.33 0.16528047572
277.29 0.02957837838
278.35 0.56507648725
279.87 0.1798816568
280.97 0.28532120109
282.05 0.19235522664
283.09 0.17889230769
284.12 0.09916893204
285.16 0.1682074928
286.18 0.33658096173
287.2 0.35441805692
288.25 0.20600380952
289.53 0.26523846755
290.54 0.12785770751
291.58 0.37956069364
292.58 0.11678721279
293.59 0.28172673267
294.61 0.21981960784
296.46 0.0177566252
297.48 0.27869147894
298.49 0.26232705649
299.51 0.32188235294
300.53 0.30209411765
301.54 0.72377029703
302.76 0.49624242424
303.79 0.46796501458
304.81 0.39742213516
305.82 0.53465346535
306.84 0.29939607843
307.85 0.80918136769
308.88 0.6458372093
309.89 0.99943650794
310.92 0.92213385063
312.11 0.87222876367
313.12 1.08776237624
314.13 0.78794455446
315.29 0.54483448276
316.31 0.7923372549
317.34 0.62432526621
318.35 0.63539225422
319.37 0.7755372549
320.43 0.34920754717
321.45 0.25750588235
322.46 0.21721980198
323.47 0.7584950495
324.48 0.36987537092
325.49 0.21967096135
326.55 0.16519245283
327.6 0.15920761905
328.62 0.13934573947
329.69 0.09213844715
330.7 0.10835643564
331.71 0.19504158416
332.76 0.15634285714
333.78 0.07955294118
334.84 0.15486792453
335.86 0.24677647059
336.91 0.20827428571
338.12 0.09853674649
340.97 0.1082990523
341.98 0.92427299703
342.99 0.50336570862
344.27 0.4188375
345.28 0.46547181009
346.3 0.42524828263
347.32 0.41935686275
348.5 0.36583050847
349.66 0.41177605512
350.66 0.22959440559
351.85 0.22806734007
352.88 0.35951304348
353.89 0.30711243781
355.16 0.31472125984
356.17 0.23862041625
357.18 0.40395647873
358.29 0.2255483871
359.42 0.05855031167
360.42 0.14198802395
361.43 0.17371428571
362.49 0.07220358153
363.84 0.07323259259
364.87 0.074160697
366.03 0.04733564014
367.38 0.04050333087
368.83 0.04531677019
369.97 0.05765057068
371.0 0.11464854369
372.03 0.26563106796
373.13 0.21220708447
374.16 0.36160932945
375.18 0.30745098039
376.21 0.28621359223
377.22 0.26005544554
378.33 0.17759279279
379.34 0.14086336634
380.39 0.10422857143
381.45 0.14454339623
382.81 0.1042
383.83 0.17016909621
384.85 0.18402373887
385.85 0.09761744301
386.88 0.09506705539
387.89 0.18420594059
388.9 0.22754851485
389.93 0.22554563107
390.93 0.44825574426
391.97 0.18139749759
392.99 0.3648
394.01 0.25524705882
395.02 0.28172673267
396.03 0.18201980198
397.07 0.23150769231
398.13 0.24755513666
399.14 0.10989890981
400.19 0.23949762131
401.41 0.18832485644
402.89 0.25623767725
403.9 0.47012187812
404.9 0.98648659384
405.91 0.59896031746
406.91 1.03812562313
407.92 0.81035528942
408.93 1.12611485149
409.93 0.93827777778
411.01 0.92354402224
412.12 0.93935855856
413.23 0.99101981982
414.38 0.97138086957
415.47 1.04230980752
416.49 0.95208635918
417.49 1.01166467066
418.54 0.90320610687
419.68 0.9572
420.73 0.96347528517
421.91 1.00971137521
423.09 1.03404067797
424.1 1.09795044599
425.11 0.87997623762
426.11 1.0768031968
427.3 1.0080941968
428.47 1.04979145299
429.48 1.01550891089
430.48 1.05053346653
431.68 1.12174145121
432.69 0.61633267327
433.71 0.71565490196
434.71 0.96780838323
435.72 0.98114796425
436.73 1.02881422925
437.81 1.18708433735
438.81 1.24158241758
439.81 1.13916483516
440.82 1.0918015873
441.83 1.34723168317
442.83 1.18329740519
444.05 1.10392124692
445.07 1.18644160942
446.08 1.18336570862
447.08 1.24543456543
448.09 1.34708118812
449.1 1.26984063745
450.32 1.02043719413
451.32 1.17888511489
452.32 1.01663936064
453.52 0.83984641068
454.53 1.03804761905
455.54 0.95676039604
456.54 0.99308582834
457.61 1.04722170253
458.61 1.120999001
459.62 0.84467130089
460.63 0.68654257426
461.77 0.7379491674
462.77 0.82142914172
463.79 1.2073870334
464.79 1.35293506494
465.8 1.21108424182
467.02 1.12213945857
468.03 1.29496340257
469.25 1.07462510254
470.27 1.1829970617
471.28 1.20811089109
472.29 1.15218991098
473.3 1.37725272547
474.31 1.31564717542
475.53 1.00547747748
476.53 1.33468131868
477.7 1.09999657827
478.7 1.41046153846
479.88 1.09220373514
480.88 1.34993806194
481.89 0.97326732673
483.14 0.94484547638
484.14 1.08897502498
485.32 0.90182866836
486.49 1.02186348123
487.57 1.36398887859
488.79 1.1378295082
489.95 0.86902068966
491.02 0.99628411215
492.02 1.16653746254
493.02 1.20326073926
494.04 1.15758505408
495.27 1.05603902439
496.27 1.10726873127
497.28 0.94718731417
498.29 0.85051089109
499.3 1.0142970297
500.31 1.01949306931
501.32 0.97969108911
502.32 1.05181218781
503.33 1.05010109019
504.33 1.19848151848
505.34 1.20505054509
506.43 1.08668744271
507.54 1.12194770063
508.75 0.97091990091
509.89 0.92865320457
510.91 0.7913797841
511.92 0.50085544554
515.06 0.06273630573
516.11 0.24588952381
517.12 0.45523960396
518.5 0.38745507246
519.62 0.47491168599
520.63 0.65601585728
521.65 0.64000784314
522.65 0.9585938431
523.66 0.70786041874
524.66 0.69156443556
525.67 0.4428543112
526.67 0.42165834166
527.68 0.54359563925
528.7 0.46136470588
529.7 0.66276123876
530.83 0.80216829052
531.88 0.89456
533.0 0.91760927743
534.17 1.05762874251
535.18 0.93533399405
536.29 0.45988838884
537.3 1.04646184341
538.3 0.81739060939
539.31 0.88647128713
540.32 1.11019226957
541.33 1.06651632047
542.34 0.99383151635
543.34 1.19921678322
544.35 0.63802576809
545.48 0.48863716814
546.5 0.68806280667
547.51 0.43004549951
548.53 0.25750588235
549.54 0.2894019802
550.58 0.37626948989
551.59 0.52366732673
552.6 0.54242376238
553.62 0.47788235294
554.75 0.71583716814
555.81 0.41688135593
556.82 0.56324603175
557.83 0.99993663366
559.11 0.4954375
560.21 1.04256
561.21 1.30420779221
562.22 1.13761744301
563.43 1.13164297521
564.43 1.07729070929
565.45 1.16697154073
566.61 0.93153793103
567.63 1.01967058824
568.73 0.88808727273
569.73 1.25783816184
570.73 1.21291017964
571.74 1.43180237154
572.75 1.2031840796
573.76 0.96311287129
574.96 0.82985333333
575.97 0.95161188119
577.11 0.62263277826
578.14 0.66759152216
579.37 0.27965274365
580.69 0.22385454545
581.72 0.36883106796
582.74 0.48211764706
583.8 0.45633930254
584.81 0.47535636723
585.81 0.42836653386
586.82 0.44875173096
587.83 0.41614271556
588.86 0.33066666667
590.08 0.21626143791
591.09 1.21310179641
592.09 1.39775424575
593.09 1.20600999001
594.29 0.97964842454
595.29 1.459996004
596.87 0.49700759494
597.88 0.44900198807
598.9 0.34233431085
599.91 0.27731485149
600.93 0.50428235294
601.96 0.29976699029
602.98 0.42917647059
604.02 0.24815384615
605.03 0.53977029703
606.04 1.01615825915
607.21 1.11302054795
608.42 1.19682906689
609.42 1.36935864136
610.66 1.29848142165
611.88 1.28201801802
613.09 1.29891149711
614.12 1.25620194175
615.14 1.14065554465
616.14 1.4663976024
617.15 1.52366666667
618.32 1.49436720751
619.42 1.43294545455
620.62 1.68118666667
621.64 1.6953326791
622.65 0.78138888889
623.66 1.27404154303
624.68 1.07145098039
625.69 1.24400396432
626.69 1.33501698302
627.87 0.78084478372
628.88 1.12332673267
630.07 0.77778151261
631.08 1.08617029703
632.26 0.8014779661
633.27 1.0275009901
634.46 0.93737815126
635.62 1.12566005177
636.62 1.26273726274
637.62 1.12931868132
638.63 1.22836868186
639.7 1.6664
640.77 1.64613084112
641.96 1.10644033613
643.08 0.95752142857
644.08 1.26911488511
645.16 1.04780705009
646.17 1.23891485149
647.27 1.46164577657
648.28 1.55097922849
649.41 1.14142553191
650.42 1.42711287129
651.42 1.19613986014
652.42 1.26713772455
653.58 0.95122625216
654.79 1.05223490488
656.02 0.97801626016
657.2 1.16648006785
658.42 1.12903606557
659.62 1.13619333333
660.62 1.29267532468
661.74 0.90682394996
662.88 1.31862335382
663.98 1.47869818182
665.17 1.40746532999
666.27 1.37894967978
667.56 1.23971472868
668.57 0.8994975272
669.57 0.97515284715
670.6 1.04688046647
671.61 1.10742517344
672.65 1.02811538462
673.79 0.94085188431
674.8 1.01085375494
675.81 1.19575590551
676.82 1.03839360639
677.82 1.21531020813
678.92 0.9148
679.93 1.18528316832
680.94 1.23908891109
681.95 1.13730693069
683.09 0.87614273281
684.1 0.9003960396
685.12 1.07546666667
686.13 0.8265980198
687.14 0.95420990099
688.16 0.95120784314
689.32 0.90451724138
690.34 1.02662745098
691.35 0.85070891089
692.56 0.56575206612
693.57 0.7401980198
694.62 0.54387797903
695.62 0.38265734266
696.75 0.19905798394
697.76 0.42259009901
698.77 0.36788223749
699.78 0.32574826561
700.8 0.55315181195
701.81 0.70294505495
702.81 0.65293161546
703.82 0.76016633663
704.84 0.80894117647
705.85 0.52427353816
706.85 0.73688711289
707.87 0.57972129539
708.87 0.67997602398
709.88 0.7790499002
711.0 0.88320567376
712.01 0.9151008991
713.02 0.80590382728
714.04 0.53756078431
715.06 0.45063529412
716.07 0.39332277228
717.09 0.38585279686
718.1 0.44464950495
719.11 0.4550970297
720.11 0.36525874126
721.13 0.32930980392
722.15 0.33293817468
723.17 0.24940392157
724.19 0.26391372549
725.2 0.4634925669
726.22 0.58921568627
727.24 0.56179607843
728.24 0.69072527473
729.4 0.64427586207
730.41 0.53377777778
731.41 0.99021157685
732.43 0.83911285574
733.43 0.89123676324
734.47 0.76481695568
735.47 1.07713886114
736.49 0.78417271835
737.5 0.99527128713
738.51 0.94121463897
741.25 0.10161869978
742.27 0.79640784314
743.28 0.91621010902
744.3 0.64548235294
745.4 0.49131636364
746.58 0.69083191851
747.58 1.06504590818
748.61 0.22267184466
749.63 0.73443921569
750.65 0.52505304519
751.65 0.44445508982
752.65 0.65820579421
753.67 0.65681648675
754.68 0.46057029703
755.73 0.28141714286
757.23 0.0870910299
758.27 0.11388599034
759.62 0.04053333333
760.68 0.28908679245
762.06 0.14323478261
763.09 0.20187961165
764.1 0.19504158416
765.11 0.12926732673
766.37 0.10354285714
774.05 0.01148156832
775.15 0.04974545455
776.53 0.02380855693
777.85 0.02487272727
783.8 0.00183809204
784.94 0.03836634531
785.94 0.12026373626
787.6 0.08827519614
788.84 0.11445856798
789.86 0.22531764706
791.38 0.08618708827
792.42 0.11586525505
793.44 0.19350884086
794.56 0.13643455031
795.58 0.19358742633
796.6 0.1824
797.8 0.16375062344
798.82 0.16500589391
799.86 0.21086705202
800.9 0.14675862069
802.0 0.18954968095
803.0 0.13066666667
804.02 0.20365915769
805.26 0.17665859564
806.5 0.1004995971
807.62 0.21439715049
809.1 0.14984928717
810.16 0.13371428571
811.22 0.11346277097
812.28 0.15574952562
813.47 0.10091075897
814.54 0.11282474227
815.58 0.15830279653
816.64 0.17568271955
818.14 0.077792
819.16 0.149771261
820.26 0.17990136986
821.52 0.11306031746
822.54 0.17167058824
823.55 0.16109911678
825.02 0.12009295967
826.18 0.09442622951
827.21 0.13706358382
828.22 0.17475449102
829.5 0.07327599687
830.74 0.09677170418
831.82 0.15242339833
832.84 0.10708414873
833.86 0.10718903036
834.92 0.05250331126
836.18 0.13842213439
837.23 0.21825641026
838.4 0.10851635112
839.54 0.16305696757
840.58 0.18887056568
841.64 0.14015151515
842.67 0.17016909621
843.94 0.13722884013
844.96 0.17896646943
845.96 0.1965988024
852.96 0.00937120023
854.16 0.0456
855.5 0.04900298507
856.9 0.02346819157
858.16 0.02603647898
859.42 0.02605714286
860.7 0.02565
861.74 0.02104615385
863.14 0.00966404575
864.36 0.04485245902
865.42 0.03117948718
883.36 0.005490301
884.42 0.33221489161
885.88 0.34654246575
886.88 0.70781218781
887.89 1.32524876115
888.9 1.42373069307
889.96 1.03916981132
891.09 1.3817699115
892.25 1.18076551724
893.4 1.1523826087
894.48 1.26139017609
895.62 1.34837576822
896.62 1.36872222222
897.68 1.32327101039
898.69 1.42378486056
899.7 1.43258671952
900.7 1.37470529471
901.7 1.43802380952
902.71 1.11985742574
903.72 1.35827372627
904.72 1.28072222222
905.73 1.55761028684
906.74 1.10396803197
907.79 1.19661567517
908.84 1.25223664122
909.95 1.18284068407
910.96 1.44804757185
911.96 1.488
912.97 1.51821958457
914.05 1.44432252085
915.12 1.5666828812
916.16 1.73287391723
917.17 1.66363564356
918.17 1.60865469062
919.17 1.30161038961
920.2 1.23559104187
921.2 1.22871528472
922.21 0.8851009901
923.24 0.52889407191
924.28 0.30516923077
925.29 0.19699009901
926.34 0.38564571429
930.27 0.01670839695
931.31 0.62470837344
932.42 0.53878918919
933.43 0.61551683168
934.5 1.21110737628
935.53 0.88296699029
936.55 1.32669676153
937.73 1.13045423729
938.74 1.70244752475
939.94 1.10876
940.96 1.24988235294
942.01 0.78374119886
943.15 0.94437928007
944.17 1.28567058824
945.19 1.46682352941
946.19 1.00191808192
947.35 1.24314754098
948.44 1.23953761468
949.45 0.97055588526
950.46 0.71730426165
951.47 0.81060594059
952.48 0.67482772277
953.65 0.54575042735
954.66 0.60427722772
955.68 0.66639215686
956.73 0.72794671741
957.74 0.6809197225
958.74 0.76596015936
959.92 0.93366666667
960.93 0.95917623762
961.94 1.50979009901
962.95 1.22805544554
963.96 0.75657821782
965.0 0.31509230769
966.01 0.15154896142
967.03 0.21530912659
968.04 0.67048712871
969.06 0.3197254902
970.07 0.55283960396
971.17 0.6682506812
973.05 0.19792340426
974.15 0.37447133758
975.16 0.49504856293
976.18 0.31114509804
977.19 0.28771513353
978.27 0.36485185185
979.29 0.62787046124
980.29 1.04405588822
981.3 1.08019047619
982.3 1.16836763237
983.37 0.87681945744
984.37 0.85395404595
985.38 0.94010703667
986.43 1.13770504282
987.43 1.52041558442
988.52 1.17272359963
989.53 1.53817821782
990.55 1.48186064769
991.62 1.00110654206
992.64 1.29073457395
993.65 1.23463762376
994.66 1.11716947473
995.79 1.02083819629
996.8 1.29990128332
997.9 1.07217518248
998.91 0.76828486647
999.92 1.18874925669
1000.96 0.95854615385
1001.96 1.18458341658
1002.97 1.10547619048
1004.07 1.01517818182
1005.08 1.15093861386
1006.08 1.32007192807
1007.08 1.32765634366
1008.1 1.05176424361
1009.1 1.04035164835
1010.11 1.03065213082
1011.11 1.17065334665
1012.12 1.4664420218
1013.22 0.87235636364
1014.24 0.89858823529
1015.29 0.52869399428
1016.89 0.10937164272
1017.89 0.69005782652
1018.9 0.91302584493
1019.9 1.16638561439
1020.91 1.0398970297
1021.91 1.15184015984
1022.99 1.10257645968
1024.01 1.09141176471
1025.24 0.8517398374
1026.51 0.42033385827
1027.59 1.30832592593
1028.6 1.02971089109
1029.61 0.81178989098
1030.65 0.58713544669
1031.83 0.82301016949
1032.84 0.98258217822
1033.85 0.38892793682
1034.87 0.09593706981
1035.89 0.69158431373
1036.89 0.80105494505
1037.9 0.97554806739
1039.03 0.80358473824
1040.04 1.13087462981
1041.05 1.03446092977
1042.2 0.78323344948
1043.22 0.89969833497
1044.25 0.92205247813
1045.28 1.03615906887
1046.43 1.00635826087
1047.54 1.0414283138
1048.54 1.22911488511
1049.55 1.22506138614
1050.55 1.16653892216
1051.56 1.10474603175
1052.59 1.1825631068
1053.62 1.03133916424
1054.63 1.16821343874
1055.75 1.19500536673
1056.75 1.20915084915
1057.76 1.1848950495
1058.77 0.64818217822
1059.89 0.60814298481
1060.89 0.74746053946
1061.89 0.89329070929
1062.9 1.10433300297
1063.92 0.89961138371
1064.93 1.344
1065.93 1.00515484515
1066.94 1.06203968254
1067.94 1.10136263736
1069.0 0.99531633617
1070.14 1.0948
1071.14 1.45396203796
1072.35 0.80974545455
1073.36 1.18220019822
1074.4 1.19194615385
1075.41 1.30123837784
1076.42 1.15118334985
1077.49 1.02283255379
1078.49 1.43397402597
1079.54 1.06152907531
1080.55 1.25782970297
1081.71 1.31917241379
1082.72 1.4601980198
1083.73 0.88527794263
1084.88 0.74979982594
1085.9 1.02952941176
1086.9 0.89348251748
1087.95 1.01412392755
1088.95 1.47958441558
1089.99 0.94794225217
1091.0 1.13019405941
1092.01 1.22207715134
1093.01 1.03495704296
1094.13 0.92103663986
1095.14 1.08887215064
1096.15 1.12563168317
1097.15 1.39721078921
1098.16 1.05534985134
1099.36 1.16271333333
1100.46 0.99335272727
1101.47 1.40811089109
1102.6 0.77154690265
1103.62 1.11080667321
1104.73 1.13502158273
1105.75 1.3518359375
1106.85 0.66529315068
1107.87 0.93022745098
1109.05 0.55352542373
1110.05 0.717500998
1111.28 0.83628361858
1112.28 1.07422177822
1113.29 1.02850693069
1114.3 0.53906534653
1115.32 1.00603921569
1116.41 0.54491092746
1117.43 0.96639373164
1118.44 1.00899108028
1119.47 0.93579825412
1120.48 1.23080277502
1121.48 1.19485314685
1122.63 1.13909027778
1123.64 1.31271499503
1124.65 1.10285262117
1125.67 0.96276078431
1126.67 1.09683116883
1127.68 1.14136507937
1128.75 1.01471521942
1129.86 1.08208288288
1130.87 1.18213861386
1131.88 0.85431119921
1132.89 0.91809297725
1133.9 1.14117740337
1134.95 0.84261333333
1136.15 0.95461115737
1137.17 0.93570980392
1138.24 1.05831244153
1139.25 1.22655588526
1140.26 1.01697522299
1141.26 0.83094505495
1142.48 0.97074979491
1143.49 1.39475643564
1144.51 1.06479921645
1145.57 0.9818394712
1146.58 1.04350891089
1147.59 1.18422178218
1148.6 1.24444356436
1149.63 0.99350679612
1150.63 1.42520199005
1151.64 0.90608557214
1152.65 0.64575049505
1153.67 0.85990588235
1154.68 0.94286732673
1155.68 0.9204955045
1156.72 0.96940134745
1157.73 1.00381782178
1158.73 0.9508011988
1159.84 0.97138322813
1160.99 0.92930782609
1162.0 1.05414653465
1163.01 0.72232871287
1164.02 0.78019009901
1165.03 0.9080950495
1166.14 0.89670630631
1167.14 1.10083647175
1168.15 0.63944855145
1169.16 1.08547326733
1170.17 0.77325940594
1171.17 0.87636075322
1172.34 0.73288205128
1173.35 1.10448702595
1174.39 0.72085466795
1175.4 1.25744950495
1176.41 0.93187326733
1177.44 1.06994174757
1178.45 1.33552475248
1179.54 0.94560733945
1180.55 1.10693861386
1181.57 1.23454117647
1182.63 1.3672165725
1183.63 1.134816286
1184.64 0.89136463536
1185.65 1.26652673267
1186.85 0.9325695254
1187.85 1.28102380952
1188.88 1.4574417238
1189.89 1.34670891089
1190.9 1.25259405941
1191.9 1.14402378593
1192.91 1.20266933067
1193.92 1.11877227723
1194.93 0.73305346535
1195.93 1.29860059465
1197.02 1.07373913043
1198.03 1.28816633663
1199.03 0.99501288404
1200.05 1.0949950544
1201.05 0.98365906838
1202.07 0.87795054402
1203.21 0.94724912281
1204.21 0.91130227948
1205.22 0.76109306931
1206.31 0.83258715596
1207.38 0.91377196262
1208.5 1.14500714286
1209.68 1.12172881356
1210.69 1.44077623762
1211.79 0.93881454545
1212.82 1.09516324536
1213.82 0.57131281033
1214.97 0.36203826087
1216.05 0.80574814815
1217.06 1.09051089109
1218.07 1.06849108911
1219.09 0.79771764706
1220.13 0.35617829457
1221.13 0.38
1222.15 0.22164705882
1223.16 0.31423366337
1224.21 0.31538904899
1225.22 0.17978781925
1226.23 0.28144807122
1227.26 0.30103300971
1228.27 0.46593267327
1228.95 0.45223248882
