1.24 0.86591612903
4.15 0.04507290234
5.15 2.33052295409
6.16 0.73828571429
7.18 0.51055686275
8.19 0.75095548961
9.2 0.72829335976
10.22 0.68003917728
11.33 0.81580522994
12.33 0.91670729271
13.34 1.09539009901
14.35 0.88767492567
15.36 0.84336300692
16.37 0.8532011893
17.39 1.13206660137
18.41 0.97767058824
19.42 0.94571881188
20.43 1.20275643564
21.44 0.84225074038
22.45 0.55426415094
23.46 0.84175222993
24.46 0.60171828172
25.56 0.72291636364
26.68 0.804282395
27.8 0.85004285714
28.81 0.97520792079
29.84 0.69979805825
31.11 0.96083779528
32.23 1.09012142857
33.39 1.10467586207
34.58 1.09476406381
35.59 1.26902675917
36.59 1.05728671329
37.61 0.94257254902
38.61 1.2573026973
39.62 0.84884836472
40.64 0.8091372549
41.65 0.97714285714
42.65 0.64376470588
43.66 0.51661569017
44.66 0.69971628372
45.67 0.87800198216
46.69 0.91289499509
47.72 0.63763883495
48.72 0.78718081918
49.73 0.57883052527
50.73 1.26823576424
51.73 1.66322709163
52.74 1.32329970326
53.75 1.30717145689
54.75 1.53036563437
55.77 1.3103467189
56.78 1.3585
57.79 1.23350346192
58.8 1.65949653122
59.81 1.47766567755
60.83 1.36723137255
61.85 1.61099116781
62.86 1.26359643917
63.87 1.3327888999
64.88 1.43203960396
65.89 1.7011960396
66.9 0.83390287413
67.97 1.27023880597
69.2 1.40589096827
70.21 1.8655777998
71.21 1.56216583417
72.22 1.59554410307
73.24 1.54628011753
74.26 1.5308
75.27 1.50188305253
76.39 1.60986262266
77.56 1.64572797263
78.89 1.52536945071
79.89 2.15166467066
80.9 1.49170267592
81.92 1.64050196078
82.92 1.56698501499
83.93 1.52854761905
84.98 1.59991627022
86.23 1.557248
87.4 1.44224273504
88.42 1.74889411765
89.43 1.31113663366
90.45 1.57722352941
91.46 1.21668910891
92.5 1.24241000962
93.51 1.54796439169
94.53 1.15817254902
95.65 0.94867560322
96.66 1.2579960396
97.84 1.28233220339
98.85 1.64538872404
99.86 1.16131615461
100.86 1.49783016983
101.88 1.09212573674
102.89 1.4303049505
103.9 1.05246290801
104.91 1.60526461843
105.92 1.08897425743
106.93 1.18911683168
107.94 1.35445544554
108.95 0.81042136499
109.96 0.98604356436
110.98 1.15991364082
111.99 0.55056633663
113.19 1.10261333333
114.2 1.63456379822
115.21 1.27202376238
116.22 1.90896333003
117.39 1.19684786325
118.4 1.37067457962
119.41 1.32194851485
120.42 1.07483052527
121.43 1.10349357072
122.44 1.13146481665
123.62 1.08806101695
124.63 0.98604356436
125.65 0.85933333333
126.66 1.50615445545
127.75 0.67452477064
128.76 1.14857821782
129.77 1.26651632047
130.78 0.85178196234
131.79 1.17024950495
132.8 0.92800792079
133.82 1.14804705882
134.83 0.92994059406
135.83 1.09330669331
136.84 0.89223389495
138.06 1.06755701395
139.07 0.96341839763
140.1 0.81893877551
141.2 0.42781090909
142.21 0.53042136499
143.22 1.19208721506
144.23 1.2354421365
145.24 1.69036039604
146.25 0.37014653465
147.26 1.31012091179
148.27 1.29888031652
149.48 1.41960628619
150.48 2.17568031968
151.49 1.62507829534
152.58 1.58335412844
153.6 1.86691764706
154.61 1.32240553907
155.74 1.48765957447
156.75 1.97013649852
157.9 1.45724630113
158.91 1.57569930762
159.92 2.14758374628
160.92 1.35859340659
161.93 1.50996233895
162.93 1.40929470529
163.95 1.371165524
164.97 1.50506876228
165.97 1.20431936128
166.98 1.61771428571
167.99 1.21878536103
169.0 1.52330108588
170.01 1.56498113208
171.02 1.0453518335
172.03 1.25693465347
173.04 1.18108514851
174.05 0.71515247525
175.07 0.61254901961
176.08 0.61763168317
177.1 0.43475294118
178.11 0.50927524752
179.12 0.57428910891
180.13 0.77271287129
181.15 0.76104211557
183.77 0.17312633181
184.79 1.6875913556
185.79 0.98288223553
186.81 0.99130196078
187.83 1.38013004926
188.85 0.56834611603
189.85 0.53305765408
190.86 0.56345346535
191.87 0.34444312562
192.88 1.01855049505
193.9 1.01813907933
194.91 1.05154410307
195.93 1.21242352941
196.94 0.84538613861
198.35 0.61224536377
206.97 0.01268869565
208.28 1.11775609756
209.39 0.35494054054
210.4 0.07869970268
211.44 0.1682074928
212.46 0.16078354554
213.53 0.15356407858
215.51 0.06645873418
216.72 0.01801481481
218.02 0.35144615385
219.08 0.32036260623
220.12 0.25471661864
221.16 0.34726153846
222.18 0.31458039216
223.19 0.52765148515
224.22 0.42997478177
225.24 0.44077013752
226.25 0.2506983185
227.28 0.31875728155
228.29 0.19197623762
229.32 0.25500582524
230.34 0.23604705882
231.37 0.1742585034
232.38 0.4876039604
233.46 0.20200740741
234.5 0.29492974013
235.51 0.29256237624
236.51 0.44576223776
237.52 0.51630952381
238.54 0.37741821743
239.55 0.17337029703
240.6 0.11494857143
241.66 0.07051935788
242.93 0.18973049645
243.98 0.15634285714
245.01 0.05464209505
246.02 0.0759246779
247.06 0.18941538462
248.4 0.17480597015
249.43 0.4882870999
250.47 0.21884615385
251.52 0.25014857143
252.54 0.26849852797
253.56 0.23498823529
254.56 0.38265734266
255.69 0.21321523472
256.72 0.37188349515
257.76 0.24179827089
258.79 0.14676773567
259.84 0.20845714286
260.85 0.2056735905
262.0 0.20986597041
263.03 0.24438058252
264.07 0.22056046065
265.09 0.24726129666
266.11 0.15591372549
267.13 0.36444270323
268.2 0.21366510758
269.22 0.34334117647
270.23 0.33202769535
271.56 0.39222272385
272.78 0.47865683866
273.81 0.46796501458
274.83 0.36816454456
275.84 0.48372277228
276.95 0.31373693694
277.96 0.67517145689
278.97 0.86038377844
280.2 0.55142764228
281.22 0.74302649657
282.23 0.46427722772
283.24 0.30547972305
284.26 0.27923846909
285.37 0.17985585586
286.37 0.41545654346
287.41 0.38270644851
288.42 0.70385742574
289.45 0.43213203883
290.47 0.22024730128
291.51 0.35778461538
292.53 0.33261176471
297.84 0.00153133823
298.85 0.33498311817
299.86 0.22754851485
300.87 0.16764356436
301.92 0.08153904762
303.04 0.11725714286
304.05 0.21671287129
305.24 0.09831932773
306.3 0.18584150943
307.31 0.18420594059
308.32 0.11919207921
309.72 0.09618857143
311.21 0.02936016097
312.41 0.29735446205
313.6 0.39552941176
314.85 0.2101248
315.86 0.34593867458
316.9 0.26333012512
318.0 0.16409809264
319.16 0.13219672131
320.16 0.24052747253
321.17 0.20608126858
322.19 0.13283137255
323.33 0.1056
324.36 0.19125436893
325.37 0.20587722772
326.41 0.11897692308
327.44 0.25500582524
328.52 0.2432
329.55 0.14432621359
330.59 0.22098461538
331.64 0.10422857143
333.46 0.08113406593
334.59 0.42082269504
335.65 0.42590583804
336.69 0.38972858518
337.72 0.15279223301
342.59 0.04932567678
343.71 0.11286175943
344.83 0.09771428571
346.0 0.05612307692
347.09 0.10040366972
348.14 0.114
349.15 0.17088446215
350.18 0.25500582524
351.2 0.22914509804
352.25 0.26057142857
353.27 0.21250196078
354.28 0.36877700694
355.3 0.20649411765
356.45 0.26571130435
357.46 0.21671287129
358.51 0.25835694051
359.63 0.10300630063
360.99 0.12875294118
362.02 0.25827572816
363.04 0.32432941176
364.07 0.33967798254
365.08 0.2351555996
366.35 0.2499023622
367.4 0.18137142857
368.42 0.25750588235
369.5 0.152
370.64 0.01428070175
372.25 0.35235279503
373.65 0.40176
374.66 0.65427326733
375.66 1.04017582418
376.68 0.91538370952
377.68 0.9945014985
378.68 1.2630969031
379.69 1.23574603175
380.7 1.27133531157
381.71 1.31345383104
382.72 1.37833366633
383.72 1.37311488511
384.88 1.54896575342
385.89 1.31643556444
386.89 1.39010505451
387.9 1.28046732673
388.91 1.2528991009
389.91 1.07669375619
390.93 1.22712941176
391.94 1.22044355644
392.94 1.34097125867
393.95 1.4352950495
395.13 1.51517677199
396.13 1.97404162537
397.14 1.66471856287
398.14 2.33428571429
399.15 1.72924675325
400.16 1.61944554455
401.16 1.7191048951
402.17 1.53813752456
403.18 1.91328671329
404.18 1.58475124875
405.18 1.73692063492
406.29 1.78185945946
407.3 2.09914885115
408.3 1.62444400396
409.31 2.20847952048
410.31 1.86066204163
411.32 2.56670658683
412.33 1.90998612488
413.33 2.02827353816
414.34 1.99850348259
415.34 2.11641791045
416.35 2.37247552448
417.35 1.99701090188
418.36 1.62440677966
419.36 1.93656405164
420.46 1.99453090909
421.64 1.95792542373
422.74 2.15787636364
423.75 2.44900699301
424.75 1.62104261645
425.76 1.39121584158
426.87 1.46471351351
427.88 1.713728444
428.88 1.42491908092
430.09 1.29337520661
431.1 1.63618217822
432.11 1.32205148515
433.12 1.54156243756
434.13 1.116828263
435.14 0.82432507433
436.14 0.76531468531
437.75 0.08166479751
438.76 3.09375745527
439.76 1.91854545455
440.76 2.09953174603
441.77 2.02018632309
442.78 2.07097005988
443.78 2.01282854311
444.95 2.19360136869
445.96 2.41634851485
446.97 1.3105677547
447.98 2.35366501487
449.08 1.94180163785
450.09 2.29715643564
451.1 1.81251038576
452.1 1.86870729271
453.11 2.47297522299
454.13 1.96396862745
455.14 2.48136237624
456.19 1.75721374046
457.19 2.18661338661
458.19 1.92066333666
459.2 1.85823809524
460.2 2.01854145854
461.21 2.22049554014
462.21 1.70954645355
463.26 1.68017540515
464.4 1.69833479404
465.53 1.77361204606
466.54 2.21047128713
467.55 1.65125396825
468.56 1.67691699605
469.57 2.05877227723
470.57 1.55844155844
471.58 1.73796630327
472.65 1.55216448598
473.66 1.82038811881
474.67 1.60819782394
475.68 1.47323015873
476.85 1.3100223176
477.85 1.44831044776
479.0 0.70483550914
480.02 0.55429803922
481.03 0.59596039604
484.37 0.0098269979
485.38 2.14194059406
486.39 1.34361980198
487.41 1.21601568627
488.61 1.25458666667
489.62 1.3124122894
490.63 1.21239169139
491.71 0.8461686747
492.72 1.33278415842
493.79 0.88619065421
494.79 1.07144055944
495.81 0.60143670265
496.82 0.53829475767
497.85 0.70126601942
498.97 0.74599463807
499.97 1.18077122877
500.99 0.72775662414
502.01 0.76104211557
503.04 0.4571739553
504.05 1.06189306931
505.05 1.1428971029
506.06 1.2382970297
507.09 1.34771262136
508.12 0.75873151751
509.15 0.59501359223
510.15 0.49149700599
511.17 0.26823529412
512.18 0.4876039604
513.19 0.50884752475
514.19 1.09330669331
515.21 0.67661629048
516.23 0.442
517.25 0.31115294118
518.26 0.41134718101
519.28 0.34661960784
520.3 0.49355294118
521.31 0.39065213082
522.35 0.5472
523.4 0.32310857143
524.43 0.23826796117
525.44 0.56345346535
526.44 0.40872727273
527.45 0.40131615461
528.46 0.67478811881
529.47 0.39797227723
530.48 0.9427009901
531.52 0.55653846154
532.53 0.39904253215
533.62 0.31125137615
534.73 0.31386834986
535.75 0.3648
536.77 0.42581960784
537.78 0.5398970297
538.83 0.7111246432
539.84 0.68819047619
540.86 0.80022745098
541.87 0.80966336634
542.87 1.58239520958
543.95 1.80900185529
544.98 1.65814368932
545.99 0.88852277228
547.02 0.66170873786
548.03 0.62846732673
549.05 0.40163921569
550.08 0.43563495146
551.08 0.55940859141
552.16 0.98357738647
553.16 0.63411788212
554.18 0.42927576055
555.2 0.63303529412
556.21 0.67836039604
557.22 0.55716435644
558.25 0.6159223301
559.26 0.71515247525
560.7 0.24783888889
561.71 0.59596039604
562.76 0.89039238095
563.78 0.99783529412
564.78 0.52385657371
565.82 0.87047729469
566.82 1.29548051948
567.83 0.57683250743
568.84 0.5822019802
569.85 0.93998810704
570.85 1.18252147852
571.86 0.79327398615
572.9 0.41796342637
573.92 0.33293817468
575.18 0.54337827121
576.19 1.31784554455
577.2 1.95771315529
578.21 1.67104063429
579.22 1.90243632774
580.29 1.67663355201
581.35 1.83031698113
582.39 1.59836153846
583.52 1.48808495575
584.53 1.73732277228
585.53 1.50634165834
586.54 1.46758374628
587.54 1.3092987013
588.55 1.73140931615
589.56 1.68029306931
590.57 1.14207333994
591.83 1.36509206349
592.84 1.98096142433
593.85 1.32088007929
594.91 1.59294339623
595.92 2.14545742574
597.15 1.37397238018
598.48 0.24686401202
599.69 2.3048807947
600.7 1.23526336634
601.76 1.25002073516
602.82 1.34472589792
603.82 1.45755044955
604.85 1.75833009709
605.93 1.85185185185
606.94 1.84417804154
607.95 1.48428939544
608.96 1.77087016848
610.0 1.66342307692
611.0 2.38340859141
612.01 1.84711111111
613.02 2.28180237154
614.04 1.92872941176
615.1 2.069401322
616.11 2.63306138614
617.13 1.66882352941
618.14 2.07165906838
619.14 1.59124075924
620.15 1.99375841584
621.17 1.50381176471
622.18 2.05877227723
623.2 1.72111263467
624.21 2.19096927651
625.21 1.64802397602
626.22 2.14758374628
627.23 1.81195247525
628.24 2.14333531157
629.24 1.58526273726
630.25 2.10628571429
631.4 1.73866434783
632.41 2.28632079208
633.41 2.45994005994
634.42 1.99985728444
635.43 2.41725272547
636.5 2.10441830065
637.66 1.98515862069
638.79 2.01947918512
639.8 2.6764039604
640.8 1.9681038961
641.81 1.87626560951
642.81 2.72233366633
643.83 1.86380372915
644.84 1.8659009901
645.84 2.26689395441
646.85 1.83636868186
647.85 1.64037562438
648.86 1.85862137862
649.86 1.68603773585
650.86 1.98981818182
651.87 1.64302574257
652.87 1.7287992008
653.88 2.24742857143
654.88 1.55802597403
655.89 1.80072079208
656.9 2.27774033697
657.91 2.17238377844
658.92 2.14635714286
659.93 1.48448316832
660.93 1.17627172827
661.94 1.60526461843
662.94 1.2015984016
663.95 1.58357185332
664.96 1.1794421365
666.09 1.33518511957
667.1 1.77704554455
668.11 1.29000594648
669.13 1.63087058824
670.13 1.16983816184
671.14 0.44012685828
672.15 0.44426138614
673.17 0.37589793916
674.18 0.32506930693
675.22 0.23150769231
676.24 0.25750588235
677.27 0.26563106796
678.28 0.32539147671
679.29 0.54178217822
680.3 0.64263762376
681.81 0.73602649007
682.82 1.0944
683.83 0.74838019802
684.91 0.74124444444
685.93 0.83689411765
686.95 0.67714509804
687.96 0.9427009901
688.97 1.02054653465
690.0 1.34770485437
691.01 1.47364752475
692.02 1.06636831683
693.03 0.91104950495
694.05 1.04338039216
695.24 0.74506218487
696.27 0.51912487899
697.28 0.56513207547
698.31 0.38427961165
699.31 0.30460437376
700.34 0.277875
701.39 0.35437714286
702.4 0.36841188119
703.42 0.32188235294
704.43 0.40131615461
705.44 0.61971909001
706.53 0.67079633028
707.54 0.85601584158
708.56 0.59026666667
709.57 0.55012091179
710.58 0.57712475248
711.59 0.63638811881
712.6 0.72312871287
713.63 0.38250873786
714.67 0.23173051011
716.62 0.10102153846
717.88 0.16034285714
718.89 0.21649851632
720.16 0.15523404255
721.17 0.16253465347
722.21 0.09143076923
723.24 0.20207580175
770.92 0.00252477926
772.25 0.28015639098
773.3 1.21229305423
774.3 1.59283116883
775.31 1.72959365709
776.51 1.43175333333
777.53 1.99883921569
778.54 1.75013861386
779.54 2.04201398601
780.56 2.03802158979
781.68 1.14096872207
782.7 1.51784313725
783.7 1.53062937063
784.71 1.41728444004
785.71 1.80628971029
786.72 1.77338613861
787.73 1.70462636274
788.73 1.97671928072
789.74 1.81713267327
790.74 1.827004995
791.75 1.79550793651
792.83 1.65501481481
793.84 1.96125148515
794.85 1.7647049505
795.85 2.06634965035
796.86 1.64855445545
797.87 1.98488800793
798.88 1.92683679525
799.89 1.82975619425
800.89 2.37247552448
801.9 2.08250545094
802.9 1.71981618382
803.91 2.26689395441
804.92 1.84931615461
805.92 2.08578043912
806.93 2.22661904762
808.01 2.07448148148
809.02 2.45969108911
810.02 1.72864735265
811.03 1.99573439049
812.05 1.48597061704
813.05 1.68285714286
814.06 1.57116167665
815.06 2.90529341317
816.07 2.56775372393
817.07 3.299004995
818.07 4.15633166833
819.18 3.30405765766
820.18 4.5683752495
821.32 3.6879296394
822.32 4.52176623377
823.33 4.00196435644
824.33 3.5284955045
825.34 4.59299304866
826.35 3.24853754941
828.27 2.16698907956
829.28 6.82285714286
830.28 4.46069130869
831.29 3.89606361829
832.3 4.08694757666
833.3 4.85428171828
834.31 3.21507142857
835.33 3.13157296768
836.33 1.99880919081
837.34 2.22753982301
838.35 2.00016633663
839.36 3.17058941059
840.37 4.17172277228
841.37 4.35263136863
842.5 4.22185588752
843.51 5.21194455446
844.52 2.04306893107
845.52 5.30253746254
846.52 4.25729470529
847.52 4.17729751244
848.52 5.08387612388
849.52 4.26119480519
850.53 4.04423576424
851.53 4.35114200596
852.54 4.52899009901
853.55 5.472
854.8 1.02263258786
855.81 6.79830569431
856.81 4.99924528302
857.82 3.92234920635
858.82 4.36984615385
859.82 4.21052547453
860.84 4.23736211973
861.85 4.15677151335
862.86 3.60265609514
863.86 3.81528071928
864.86 3.46216983017
865.88 3.35415324165
866.88 2.98829170829
867.89 3.13313776016
868.89 3.27992007992
874.41 0.01030063463
875.8 0.02215781923
876.84 2.21597692308
877.85 2.6806019802
878.86 2.57314285714
879.86 1.58583016983
880.87 2.01737029703
881.88 2.29715643564
882.89 1.57222178218
884.01 1.69130419269
885.02 2.356
886.02 1.86905094905
887.06 1.82049230769
888.08 0.5155171737
889.25 0.4112177626
890.25 1.42616949153
891.26 1.91465606362
892.26 1.68063936064
893.27 2.38620416254
894.27 2.22038761239
895.28 2.15629306931
896.3 1.3628969578
897.3 2.36154245754
898.31 1.47843805748
899.47 1.39276617774
900.47 2.17568031968
901.48 2.14350842418
902.49 2.25033663366
903.5 1.8207049505
904.53 0.99877281553
905.71 0.09282442748
906.73 0.43990588235
907.81 0.22293333333
908.83 0.69741176471
909.85 1.28309803922
910.86 1.71402772277
911.92 1.29482264151
912.94 1.79181176471
913.95 1.08663762376
915.07 1.03
916.07 1.62902697303
917.08 0.9352309217
918.09 1.31111287129
919.09 1.03396407186
920.1 1.14905555556
921.11 1.4180652819
922.12 1.18929108911
923.13 0.93869573835
924.13 1.40895808383
925.14 1.23474603175
926.14 1.87888111888
927.15 1.81338354807
928.16 1.67522376238
929.16 1.31196803197
930.17 1.46316749257
931.18 2.06614653465
932.19 2.28632079208
933.2 1.80175841584
934.21 1.95222970297
935.22 1.99222947577
936.23 2.05308225966
937.33 1.94554909091
938.33 2.50367232767
939.33 1.9147012987
940.34 1.80552380952
941.35 1.85824380575
942.37 1.79312941176
943.38 1.1358970297
944.39 1.12032443126
945.4 1.48595441031
946.41 1.3351049505
947.42 1.04125272547
948.44 0.78723137255
949.45 0.56289614243
950.66 1.01200992556
951.67 0.66097425743
952.69 0.65385308521
953.71 0.42146418057
954.72 1.0944
955.73 0.92875247525
956.74 0.9427009901
957.75 0.86785742574
958.76 0.99490909091
959.78 0.56478286271
961.12 0.01644477836
962.13 0.95353663366
963.15 0.82617254902
964.17 0.65449411765
965.21 0.53616138329
966.23 0.56921687929
967.23 0.5668968254
968.24 0.90473306773
969.24 0.69554716981
970.27 0.42745631068
971.29 0.50428235294
972.32 0.58500970874
973.33 0.64136372646
974.34 0.50927524752
975.38 0.39023076923
976.4 0.39659941234
977.41 0.5580099108
978.42 1.33259068385
979.42 1.54908291708
980.43 1.58334257426
981.44 1.3157740337
982.44 1.45918081918
983.45 1.49539009901
984.46 1.46388107037
985.57 1.25382538254
986.58 1.37612673267
987.59 1.24733399405
988.59 1.36036763237
989.61 1.48258039216
990.61 1.80395604396
991.63 1.70671638862
992.64 1.68746930693
993.64 1.92871928072
994.78 1.55673813708
995.78 2.21719760479
996.79 2.25072745292
997.8 2.11255445545
999.03 1.64576910569
1000.04 1.78788118812
1001.05 1.60838019802
1002.06 2.3404990099
1003.06 1.8368991009
1004.07 2.07165906838
1005.09 1.18705882353
1006.12 1.62291512195
1007.12 0.71719284294
1008.13 1.08679245283
1009.14 1.23404154303
1010.15 0.7910019802
1011.16 1.50771909001
1012.22 0.8966496695
1013.23 0.74914285714
1014.25 0.53647058824
1015.3 0.35276952381
1016.32 0.51501176471
1017.32 0.43688622754
1018.33 0.54285714286
1019.34 0.44426138614
1020.74 0.09342266572
1021.75 0.89648508946
1022.75 0.75348207171
1023.76 0.84854075547
1024.81 0.53716571429
1025.84 0.53126213592
1026.84 0.55702994012
1027.85 0.47296031746
1028.86 0.64949554896
1029.88 0.58959764475
1030.88 0.49478521479
1031.89 0.71586124876
1032.9 0.93320672601
1033.91 1.04023785927
1034.92 0.7278493558
1035.92 0.45918881119
1036.93 0.29440634291
1038.11 0.7083488569
1039.28 0.93258119658
1040.36 1.02462279889
1041.37 1.07674455446
1042.38 1.24038019802
1043.39 1.23519207921
1044.6 0.92222809917
1045.6 1.38711377246
1046.61 1.29923809524
1047.61 1.27625974026
1048.62 1.15154059406
1049.63 1.12693650794
1050.65 1.0921254902
1051.67 1.43070714985
1052.68 1.22033267327
1053.69 1.25818037661
1054.71 0.61574117647
1055.72 0.85516913947
1056.73 0.65446977205
1057.74 1.28944158416
1058.75 1.08925320197
1059.77 1.1764260355
1061.15 0.38859130435
1062.19 0.47002307692
1063.2 0.99589317507
1064.39 0.8232666106
1065.4 0.94176854599
1066.41 1.08563726462
1067.42 1.38696237624
1068.43 1.2135049505
1069.45 1.12497254902
1070.46 1.30822178218
1071.46 1.36561038961
1072.47 1.26269177403
1073.65 1.22743147208
1074.83 1.12389134126
1076.04 1.1711338843
1077.05 1.4303049505
1078.06 1.03353663366
1079.09 1.00544466019
1080.1 1.22442772277
1081.47 0.79429489051
1082.48 1.02836795252
1083.49 1.24733399405
1084.5 0.96181386139
1085.51 0.86685148515
1086.52 0.71321859545
1087.54 1.4592
1088.55 1.09422398414
1089.56 1.58043916914
1090.57 1.1621984127
1091.59 1.04338823529
1092.6 1.53713946588
1093.61 1.40824578791
1094.62 1.21902574257
1095.62 1.0376023976
1096.62 1.35714285714
1097.64 1.15844906034
1098.64 1.18533201189
1099.66 1.07036862745
1100.68 1.42889020772
1101.68 0.91952047952
1102.68 1.52
1103.69 1.21089108911
1104.79 1.15925818182
1105.8 1.41036563437
1106.8 1.02025768087
1107.81 1.09165940594
1108.98 1.04058119658
1109.99 1.0944
1111.0 1.21357042957
1112.0 1.0886580773
1113.01 1.49531881188
1114.02 1.11236435644
1115.04 1.34229080119
1116.05 1.01687144259
1117.14 1.05181267218
1118.14 1.4540979021
1119.16 1.41628235294
1120.2 0.63758139535
1121.2 1.31371428571
1122.39 1.09263865546
1123.4 1.4303049505
1124.44 1.111
1125.47 1.28565436893
1126.6 1.04738626227
1127.6 1.19310208127
1128.62 1.08434151129
1129.62 1.2901018981
1130.63 1.13523960396
1131.64 1.78057142857
1132.65 0.86839169139
1133.68 0.67004081633
1134.69 0.57513663366
1135.7 1.27661814556
1136.71 1.03936283186
1137.71 1.21711088911
1138.72 1.73055841584
1139.73 1.32133201189
1140.73 1.38526273726
1141.74 1.39730426165
1142.75 1.75147514911
1143.75 1.37412749004
1144.75 1.36398801199
1145.76 1.60832734531
1146.76 1.50428771229
1147.77 1.80963779528
1148.77 1.43778621379
1149.77 1.71649150849
1150.78 1.48364285714
1151.79 1.64701782178
1152.81 1.38318431373
1153.81 1.4897982018
1154.82 1.35184142716
1155.83 1.87642418236
1156.83 1.90094705295
1157.84 2.13847619048
1158.85 1.92182178218
1159.86 1.82038811881
1160.86 1.58665334665
1161.88 1.91170951914
1162.89 1.53351040634
1163.91 1.37549019608
1164.91 1.56342857143
1165.93 1.18492639843
1166.95 1.53280313418
1167.96 1.05071159564
1168.97 1.44114059406
1169.99 1.28752941176
1170.99 0.83677922078
1172.01 1.46206679764
1173.02 1.3222019802
1174.03 1.77528783383
1175.04 1.28253716551
1176.05 1.7011960396
1177.06 1.10824975223
1178.07 1.37476557864
1179.07 1.28618581419
1180.08 1.36314285714
1181.09 1.6697029703
1182.1 1.55155599604
1183.11 1.53741782178
1184.22 1.4658018018
1185.23 1.89623762376
1186.23 1.81330669331
1187.24 1.55414285714
1188.25 1.54795247525
1189.25 1.88048751249
1190.26 1.28627948464
1191.26 2.09287649402
1192.27 1.77847316103
1193.28 1.91603960396
1194.41 1.88424070796
1195.42 2.3404990099
1196.43 1.9253016815
1197.44 2.12760356789
1198.47 1.90378440808
1199.48 2.24127872128
1200.48 2.06738553023
1201.49 1.79434965035
1202.49 1.6351031746
1203.68 1.90982857143
1204.71 2.12026614481
1205.71 1.77349206349
1206.72 1.80391287129
1207.75 1.99053203883
1208.75 2.04448351648
1209.77 1.90205299313
1210.78 2.10167128713
1211.8 1.84835294118
1212.97 1.64934700855
1213.99 1.94202352941
1215.0 1.50812673267
1216.01 1.61451089109
1217.03 1.46905098039
1218.04 1.8528950495
1219.05 1.49300594059
1220.06 1.95041584158
1221.07 1.68312871287
1222.08 1.98292277228
1223.09 1.5544
1224.14 1.8488465205
1225.14 1.82582217782
1226.15 1.4647690783
1227.15 1.70555844156
1228.17 1.54600392927
1229.35 1.4017913486
1230.36 1.69951335312
1231.37 1.26365148515
1232.38 1.86373069307
1233.39 1.76903865213
1234.39 1.84071928072
1235.4 1.75288007929
1236.41 1.99268118812
1237.42 0.92994059406
1238.43 1.51087524752
1239.44 1.87116039604
1240.55 1.7350405771
1241.56 1.26902675917
1242.56 1.23543656344
1243.56 0.72120679321
1244.63 0.72686997194
1245.63 1.72742457542
1246.64 0.67405148515
1247.68 1.32416153846
1248.69 1.44256888008
1249.7 0.80927272727
1250.74 0.50413819578
1251.75 0.57657256461
1252.77 0.41174901961
1253.78 0.52011089109
1254.8 0.65449411765
1255.81 0.4356990099
1256.82 0.8243165183
1257.84 1.07399411187
1258.84 0.45468131868
1259.85 0.608
1260.72 0.52047761194
