1.0 1.03797002997
2.0 1.37987612388
3.0 0.78718081918
4.02 1.12750491159
5.05 0.99366213592
6.15 0.88987636364
7.19 0.91202307692
8.23 0.86128461538
9.23 1.2599000999
10.23 0.9123996004
11.41 0.828237691
12.41 0.99122477522
13.42 1.0507009901
14.43 1.24264023786
15.43 0.92731337325
16.44 1.27758176412
17.45 1.30250148662
18.65 0.98563333333
19.66 1.33093861386
20.66 1.27312687313
21.74 0.9081742354
22.74 1.24191808192
23.97 1.02945928339
24.97 1.29655944056
25.98 1.36841188119
27.05 1.11512815716
28.2 0.98104166667
29.42 1.1843546798
30.46 1.05360460653
31.54 1.18253938832
32.54 1.38444755245
33.61 0.99332460243
34.81 1.03240632806
35.82 1.28589890981
36.83 1.3238019802
38.07 0.97097419355
39.07 1.28943056943
40.07 1.41241158841
41.08 1.44848557214
42.08 1.4364107677
43.08 1.38996407186
44.09 1.36317460317
45.3 0.98026799007
46.39 0.78167552704
47.39 0.41954845155
48.4 1.01405748266
49.49 1.22979816514
50.67 1.18289491525
51.68 1.04464950495
52.69 1.15482259663
53.91 0.85616380016
54.92 0.81887016848
55.92 0.93513772455
56.93 0.81115079365
57.95 0.6217254902
58.97 0.42923137255
59.99 0.5400627451
60.99 0.8501978022
62.03 0.55125312801
63.04 0.77238019802
64.04 0.70673326673
65.08 0.80378825794
66.08 1.06084630739
67.09 0.8081984127
68.34 0.662272
69.35 0.7809395441
70.5 0.42802086957
71.5 0.82701298701
72.54 0.99655822907
73.76 0.88685245902
74.8 0.83242226488
75.87 0.59941573034
76.87 0.82933066933
77.92 0.79637750238
79.14 0.93957377049
80.16 1.10758431373
81.17 0.72615445545
82.17 0.57348502994
83.4 0.81880781759
84.41 0.99020990099
85.41 0.9613986014
86.47 0.72677620397
87.69 0.79893770492
88.7 0.95608325074
89.74 0.71698751201
90.75 0.95246732673
91.75 0.96206193806
93.01 0.78088641779
94.01 0.94605394605
95.03 0.95446516192
96.04 0.83762376238
97.05 0.97957227723
98.05 0.72146253746
99.06 1.01761744301
100.07 0.71222970297
101.25 0.82520677966
102.42 0.87954871795
103.56 0.86843508772
104.76 0.98843703086
105.82 0.89921960415
106.83 1.16555247525
107.84 0.8267009901
108.86 0.74028235294
109.87 0.79813676908
110.97 0.97876112625
111.98 0.95955555556
113.04 0.79739868049
114.06 0.79479215686
115.17 0.76611891892
116.32 0.79860748477
117.51 0.80041680672
118.71 0.86686666667
119.84 0.87530619469
120.85 0.85014441147
121.95 0.92608
123.15 0.89745454545
124.32 0.48032792485
125.42 0.45807461328
126.42 0.62735664336
127.43 0.7607690783
128.64 0.60758381503
129.65 0.80543111992
130.69 0.58618461538
131.71 0.49923921569
132.72 0.77820990099
133.72 0.79125970149
134.73 0.84144079602
135.74 0.88507722772
136.74 0.89143656344
137.75 0.58821803766
138.77 0.81333333333
139.81 0.53699230769
140.82 0.75542178218
141.84 0.67574117647
142.85 0.58257566766
143.86 0.76361546085
144.87 0.5294970297
145.89 0.44631372549
146.91 0.17167058824
147.95 0.37683846154
148.95 0.77531268731
149.97 0.41921875
150.98 0.72429850746
151.99 0.75028118812
153.0 0.6596039604
154.24 0.63298709677
155.25 0.83343366337
156.26 0.95012277228
157.27 0.68698613861
158.28 0.93474851485
159.29 0.66013465347
160.3 0.82571881188
161.31 0.54986138614
162.33 0.80901960784
163.34 0.26652216749
164.56 0.6145382716
165.6 0.32372519084
166.61 0.60884630739
167.62 0.59914370664
168.63 0.36339156035
169.65 0.45695652174
170.66 0.33983497053
171.7 0.30783317168
172.71 0.2808
173.72 0.30125443787
174.9 0.40143537415
175.92 0.34334117647
177.37 0.11274482759
178.39 0.56832156863
179.39 0.50928840436
180.77 0.24745733042
181.81 0.17028461538
182.81 1.06619623389
183.98 0.50733675214
184.99 1.01126073926
186.0 0.85256237624
187.22 0.8255362083
188.35 0.80143443354
189.36 0.78523564356
190.56 0.80804631927
191.57 1.13899405941
192.58 1.00938613861
193.59 0.90153663366
194.73 0.61401229148
195.73 0.608999001
196.74 0.89784126984
197.74 0.76565034965
198.86 0.62429285714
199.87 0.8416
201.0 0.68945840708
202.01 0.64783233533
203.14 0.84678979771
204.15 0.59407524752
205.16 0.55729108911
206.19 0.58637669903
207.24 0.68790857143
208.27 0.33290873786
209.29 0.29563921569
210.5 0.37073057851
211.55 0.33353142857
212.69 0.20583859649
213.72 0.31024046921
214.73 0.29915437561
215.77 0.24203076923
216.94 0.2292991453
217.95 0.29256237624
219.56 0.14090434783
220.57 0.23838415842
221.94 0.0239649635
222.95 0.40627326733
223.99 0.36687692308
225.0 0.24921980198
226.01 0.16253465347
227.04 0.19219398642
228.19 0.24916287215
229.23 0.22690630975
230.23 0.25146053946
231.41 0.1838779661
232.95 0.14212987013
234.01 0.29821132075
235.06 0.34395428571
236.07 0.3081308226
237.08 0.21649851632
238.09 0.177728444
239.19 0.50325090909
240.2 0.77939465875
241.22 0.65215309127
242.23 0.60570069376
243.26 0.59826900585
244.26 0.70298905473
245.29 0.4431223301
246.51 0.52543396226
247.58 0.70760037348
248.67 0.25953351699
250.06 0.10228037383
257.14 0.10103728814
258.16 0.36347110676
259.17 0.99014469772
260.24 0.95537196262
261.25 1.26629475767
262.31 1.14732389046
263.38 1.36260430309
264.48 1.41775272727
265.55 1.63520747664
266.58 1.66315257532
267.58 1.17263536464
268.77 0.93497142857
270.63 0.24287311828
271.66 0.89673080661
272.67 0.98702574257
273.68 1.39747576657
274.68 1.83331068931
275.69 0.9870604559
276.8 0.7836465284
277.96 0.85706896552
278.96 1.34017910448
279.97 1.19770974155
280.98 1.33562772277
282.0 1.0796627451
283.01 0.93718019802
284.02 0.71564717542
285.03 0.84144950495
286.04 0.61662574257
287.05 0.64255049505
288.07 0.54773699706
289.07 0.46765234765
290.08 0.40017443013
291.09 0.50041188119
292.12 0.57702524272
293.2 0.54371111111
294.36 0.65988275862
295.4 0.49458461538
296.42 0.28306666667
297.45 0.28941359223
298.69 0.15886451613
300.15 0.12734291581
301.17 0.13948235294
302.18 0.36530426165
303.28 0.73608727273
304.3 0.57229803922
305.32 0.48029803922
306.34 0.5989254902
307.36 0.56524705882
308.38 0.52024313725
309.39 0.63047920792
310.42 0.3841631068
311.44 0.42698039216
312.45 0.64923564356
313.47 0.42325490196
314.5 0.42582524272
315.51 0.58883168317
319.6 0.11747872861
320.63 0.32938252427
321.64 0.36411881188
322.65 0.41166732673
323.7 0.35343238095
324.75 0.31268571429
325.78 0.39533203883
326.79 0.28228571429
327.81 0.20201371205
328.83 0.26797257591
329.85 0.24100097752
330.87 0.42337856441
331.9 0.34000776699
332.91 0.24221782178
334.07 0.26802068966
335.08 0.55681584158
336.21 0.70489282551
337.24 0.3502929195
338.43 0.28395966387
339.47 0.53533846154
340.61 0.69795087719
341.62 0.91603168317
342.75 0.3814040672
343.76 0.27142857143
344.79 0.30813203883
346.37 0.03942748575
347.4 0.29721823472
348.45 0.28123428571
349.55 0.11008
351.06 0.07972450331
352.18 0.69604289544
353.19 0.60893372898
354.21 0.48577254902
355.53 0.15764670205
356.7 0.01870769231
357.72 0.34778823529
358.77 0.17718857143
359.84 0.07159626168
360.93 0.08032293578
361.94 0.10835643564
362.99 0.1457811608
364.0 0.11931020813
365.03 0.10897864078
366.34 0.00687022901
367.35 0.10835643564
368.39 0.48406153846
369.4 0.30725222552
370.43 0.47860058309
371.45 0.33699607843
372.47 0.3648
374.65 0.03507522936
375.69 0.1368
376.75 0.15486792453
377.81 0.13421886792
378.85 0.14732307692
379.88 0.13382524272
380.89 0.1516990099
381.94 0.13511111111
382.96 0.1829380531
383.97 0.15261782178
385.0 0.27625631068
386.01 0.21069306931
387.36 0.27306074074
388.38 0.16094117647
389.41 0.12750291262
390.5 0.08032293578
391.6 0.09883636364
392.93 0.08083007519
394.0 0.15270697674
395.1 0.12992876712
396.12 0.12875294118
397.21 0.13255779817
398.23 0.17167058824
399.24 0.17337029703
400.64 0.03534857143
401.66 0.17167058824
402.68 0.26823529412
403.72 0.26641538462
404.81 0.15060550459
406.02 0.06338512397
407.05 0.12750291262
408.12 0.14332647334
409.21 0.08032293578
410.38 0.07508112724
411.44 0.18584150943
412.48 0.14732307692
413.51 0.12527378641
414.52 0.19523488603
415.82 0.10043831418
416.83 0.46095427435
417.89 0.2752
418.91 0.22531764706
419.95 0.16770769231
420.96 0.27089108911
422.02 0.24791698113
423.04 0.32188235294
424.08 0.20992307692
425.1 0.24677647059
426.15 0.19739428571
427.17 0.30071835132
428.18 0.37087524752
429.86 0.28005683837
430.87 0.47012187812
431.89 0.25524705882
432.9 0.45482772277
433.9 0.56658541459
435.11 0.43569892473
436.12 0.41512070658
437.14 0.56289614243
438.14 0.48559762141
439.15 0.70516683317
440.32 0.67586768448
441.33 1.14184554455
442.42 0.71027522936
443.43 1.11524752475
444.48 0.65702209414
445.48 0.35096134787
446.51 0.42179417476
447.52 0.86116283716
448.54 1.06363137255
449.54 1.02215262636
450.55 1.01572827173
451.55 0.96707292707
452.55 0.87445238095
453.56 0.96109490509
454.56 0.65718136769
455.61 0.49898174832
456.64 0.55030606352
457.65 0.33328316832
458.68 0.4037592233
459.71 0.28591439689
460.76 0.21846387833
461.79 0.1507961165
462.82 0.25500582524
463.83 0.20587722772
464.86 0.17523106796
465.88 0.24677647059
466.95 0.21170841121
467.98 0.34000776699
469.0 0.40549803922
470.02 0.52574117647
471.07 0.30463238095
472.08 0.21671287129
473.1 0.17167058824
474.14 0.20946153846
475.19 0.23972571429
476.22 0.20513398058
477.23 0.22754851485
478.24 0.25652277228
479.27 0.33031929481
480.27 0.33623785927
481.47 0.33918
482.49 0.41844705882
483.5 0.2744950495
484.56 0.24778867925
485.78 0.27363278689
486.83 0.33641498559
487.83 0.20608126858
488.95 0.11459285714
489.98 0.12762682216
490.98 0.1311968032
492.0 0.20527843137
493.01 0.28172673267
494.03 0.41770128586
495.04 0.39565422397
496.05 0.34947576657
497.08 0.44626019417
498.09 0.32308910891
499.1 0.38411089109
500.11 0.45152824579
501.13 0.39531439765
502.14 0.49568285431
503.28 0.24633829974
504.3 0.40811776251
505.32 0.36365915769
506.34 0.34356862745
507.36 0.39737782139
508.4 0.32861479347
509.61 0.31323636364
510.62 0.36841188119
511.64 0.3490794897
512.65 0.52011089109
513.65 0.39850549451
514.67 0.42476078431
515.69 0.48362352941
516.72 0.32750291262
517.73 0.35464285714
518.75 0.46313026445
519.89 0.48030201932
521.0 0.46366156616
522.02 0.25775858685
523.14 0.22954285714
524.18 0.36795389049
525.19 0.5387988107
526.2 0.68977425743
527.21 0.46826138614
528.22 0.45599208704
529.23 0.43092170466
530.25 0.4583372549
531.27 0.55270588235
532.3 0.62688932039
533.45 0.45174956522
534.48 0.50636116505
535.5 0.48760784314
536.52 0.50231372549
537.72 0.49337333333
538.72 0.61358641359
539.74 0.59223529412
540.79 0.50946043851
541.79 0.61949250749
542.84 0.71335748332
543.85 0.69106163022
544.85 0.68033466135
545.89 0.32043846154
547.06 0.29349059829
548.18 0.45337142857
549.19 0.60235247525
550.29 0.62376727273
551.45 0.71222068966
552.46 0.63234059406
553.5 0.34611538462
554.5 0.5838961039
555.52 0.35974877331
556.53 0.71978613861
557.55 0.84299607843
558.56 0.99387722772
559.65 0.68529908257
560.66 0.8216
561.67 0.56925940594
562.75 0.60342962963
563.76 0.80829306931
564.79 0.70587961165
565.8 0.36706534653
566.86 0.43363018868
567.87 0.44597628458
568.95 0.66432653061
569.97 0.57647058824
571.09 0.57442142857
572.11 0.56854117647
573.38 0.42443498818
574.4 0.75658039216
575.41 0.79947670961
576.42 0.82637623762
577.63 0.68994880264
578.69 0.55604528302
579.71 0.27896470588
580.72 0.21671287129
581.73 0.45347076313
582.81 0.7156706753
583.82 1.1316039604
584.84 0.48869087341
585.85 0.39523960396
586.94 0.30504124656
587.95 0.69227722772
589.06 0.90408648649
590.07 0.90457821782
591.08 0.94354059406
592.09 0.97133795837
593.09 0.99627572428
594.1 1.10443564356
595.12 0.8534484789
596.18 1.01668679245
597.23 0.95886259542
598.23 0.98388811189
599.28 0.51996949476
600.28 0.83751448551
601.29 0.74236039604
602.3 0.82045589693
603.43 0.73055575221
604.44 1.13416237624
605.5 0.91892830189
606.51 0.7655049505
607.52 0.79574653465
608.53 0.62492673267
609.66 0.54630088496
610.66 0.74422377622
611.68 0.49003336605
612.69 0.4686019802
613.71 0.55066797258
614.82 0.64152930568
615.84 0.72111500975
617.04 0.40552763819
618.18 0.55527017544
619.19 0.78774653465
620.2 0.73224554455
621.21 0.63986534653
622.22 1.01194455446
623.22 0.67768231768
624.31 0.69429568411
625.32 0.92376237624
626.33 0.77364752475
627.34 0.83895445545
628.35 1.13078811881
629.36 0.76521188119
630.37 1.13304554455
631.37 0.97982017982
632.47 0.99098089172
633.48 0.91478019802
634.64 0.73057241379
635.82 0.89638644068
637.0 0.87022523285
638.02 1.02463467189
639.03 0.8563015873
640.05 0.93483137255
641.06 1.11448712871
642.07 1.45061386139
643.08 1.05196831683
644.09 1.10182178218
645.12 0.94244660194
646.29 1.09490598291
647.29 1.13310689311
648.3 1.13419226957
649.3 1.29486513487
650.32 1.34854117647
651.37 0.93194656489
652.37 1.00377222777
653.38 1.07658613861
654.39 1.00255841584
655.4 1.07953267327
656.41 1.24394053518
657.41 1.14411188811
658.42 0.99358415842
659.54 1.00627857143
660.69 0.82378434783
661.7 1.07264886251
662.78 0.70877179963
663.94 0.93471834625
665.05 1.00513153153
666.18 1.03425132743
667.18 1.09647952048
668.22 1.06263715111
669.22 1.16426347305
670.23 1.04986693148
671.24 1.13223343225
672.26 1.02778410206
673.39 0.94948187445
674.4 1.35721188119
675.4 1.21931668332
676.41 1.58411892963
677.52 1.17132551849
678.63 1.7443240324
679.69 1.1046490566
680.72 0.53177842566
681.74 0.57748235294
682.75 0.37939009901
683.77 0.25644705882
684.94 0.33008368915
685.95 0.90152871287
686.96 1.01472475248
687.99 0.83531195335
689.0 0.51959643917
690.01 0.49302675917
691.02 0.33988118812
692.2 0.34489491525
693.2 1.08311688312
694.28 1.15471362373
695.31 0.87613203883
696.36 1.04723809524
697.36 1.24998201798
698.38 1.07978802748
699.39 1.00800792079
700.4 1.24168712871
701.41 0.79961188119
702.54 1.03325309735
703.62 1.13748148148
704.62 1.1449261477
705.63 1.23927777778
706.83 0.66803333333
707.83 1.2544975025
708.84 1.39960356789
709.96 1.1064
710.97 1.17459009901
712.0 0.4443184466
713.01 0.78461782178
714.14 0.92207433628
715.15 1.27996039604
716.15 0.79268731269
717.17 0.67483415113
718.21 0.39987692308
719.24 0.19899029126
720.27 0.20187961165
721.28 0.21671287129
722.33 0.19856761905
723.35 0.27896470588
724.37 0.32188235294
725.38 0.30466534653
726.45 0.22501682243
727.47 0.27896470588
728.49 0.28583529412
729.53 0.31430221367
730.54 0.24384189723
731.58 0.26333012512
732.59 0.24220990099
733.61 0.31115294118
734.64 0.34000776699
735.65 0.34606732673
736.84 0.37751932773
737.85 0.44470168484
738.86 0.35722255193
739.9 0.19318347743
740.91 0.31454509415
742.14 0.33345691057
743.17 0.31875728155
744.21 0.28412307692
745.22 0.12983151635
746.25 0.33967798254
747.26 0.46262970297
748.27 0.83309415263
749.28 0.55264094955
750.38 1.0126733394
751.38 1.24457942058
752.38 1.19699800399
753.39 1.10275273088
754.52 1.34844208665
755.55 0.86592808552
756.75 0.61521333333
757.77 0.89940392157
758.93 1.06448234281
759.94 1.46654509415
760.95 1.22018632309
761.95 1.31518081918
762.96 1.39106442022
764.13 1.10210760034
765.18 1.67748571429
766.19 1.32338217822
767.27 1.4822
768.42 1.21444173913
769.46 1.64226371511
770.47 1.81005148515
771.62 1.34918505647
772.67 1.49833142857
773.8 1.45519363395
774.8 1.35586813187
775.81 1.25504667329
776.88 1.0192805219
778.06 1.05369974555
779.23 1.03943835616
780.28 1.43519695528
781.39 1.12297657658
782.4 1.15456633663
783.42 0.80099705594
784.44 0.44662745098
785.51 0.80498225957
786.52 1.34343762376
787.52 1.15729365079
788.53 0.96806393606
789.53 1.17607928642
790.54 1.13001398601
791.54 1.04592269574
792.57 0.68064466019
793.6 1.09558472086
794.72 1.02490699734
795.73 1.19691508492
796.73 1.4499345887
797.77 1.1314
798.85 1.28367407407
799.86 1.48656143856
800.86 1.34344499504
801.95 1.21434967623
803.02 1.20843364486
804.02 1.20406349206
805.03 1.25318019802
806.2 1.0856
807.31 1.39076036036
808.31 1.47076123876
809.46 1.45822802437
810.47 1.35568316832
811.47 1.32699300699
812.61 1.01847936787
813.77 1.13705517241
814.78 1.34655489022
815.79 1.12926522593
816.8 1.58427722772
817.81 1.54658217822
818.81 1.31822577423
819.82 1.93418762475
820.91 1.47658705561
821.91 1.45847752248
822.98 1.3641271028
823.99 1.65673526474
824.99 1.32075396825
826.0 1.38601197605
827.0 1.45217460317
828.0 1.51018581419
829.15 1.14352654482
830.15 1.37827772228
831.16 1.40267988107
832.17 1.2022019802
833.33 1.13328275862
834.34 1.40991873142
835.35 1.10320870425
836.43 1.06875555556
837.56 1.13696368468
838.57 1.27874727453
839.57 1.1552047952
840.58 1.40655841584
841.59 1.01164717542
842.59 1.19128871129
843.59 1.27164835165
844.6 1.05927777778
845.63 0.78326990291
846.64 1.00690009891
847.65 0.94939405941
848.66 0.91661782178
849.73 0.74842282507
850.8 0.52403738318
851.85 0.50246095238
852.9 0.30226285714
853.94 0.15784615385
854.97 0.16183300971
856.0 0.28660329777
857.11 0.15533273219
858.12 0.18420594059
859.13 0.26848664688
860.15 0.4594745098
861.17 0.37114033366
862.29 0.33307142857
863.3 0.56345346535
864.3 0.52814385614
865.32 0.38648871443
866.35 0.31300194175
867.38 0.32938252427
868.4 0.30263529412
869.42 0.39423529412
870.43 0.3664950495
871.44 0.56334257426
872.45 0.52136237624
873.47 0.36184313725
874.53 0.15311698113
875.54 0.14086336634
876.6 0.08259622642
877.91 0.10558039816
878.93 0.2244375
879.98 0.21037714286
881.02 0.19993846154
882.25 0.16531382114
883.28 0.13812815534
884.29 0.10835643564
885.32 0.09562718447
886.39 0.10228037383
887.42 0.12037281553
889.44 0.0595960396
890.45 0.28643960396
891.49 0.32646332046
892.5 0.39743589744
893.53 0.43777087379
894.55 0.52650049068
895.55 0.50894705295
896.56 0.60418217822
897.75 0.48803361345
898.76 0.59266403162
899.77 0.66836075322
900.78 0.51652725471
901.79 0.36841188119
902.81 0.18421176471
903.91 0.10944
906.2 0.0095580786
907.22 0.40811776251
908.24 0.1179079334
909.36 0.08255714286
910.39 0.12737924345
911.44 0.12519351764
912.5 0.09292075472
914.67 0.02018257261
915.68 0.13110979228
916.69 0.27115956392
917.71 0.17167058824
918.75 0.12593846154
919.8 0.14592
920.91 0.08873513514
921.95 0.10523076923
923.1 0.15259130435
924.14 0.22056046065
925.16 0.21500982318
926.17 0.15260138477
927.19 0.23627870461
928.37 0.24634856176
929.4 0.25525364431
930.42 0.30562364532
931.47 0.50938388626
932.48 0.88226190476
933.49 0.66193267327
934.51 0.5974745098
935.51 0.66199400599
936.54 0.70723902439
937.6 0.57368203198
938.61 0.93617408506
939.62 1.07630525273
940.62 1.0503016983
941.78 1.17717931034
942.79 0.86788503469
943.8 0.9631256182
944.81 1.04136237624
945.9 1.01229357798
946.9 1.29866933067
947.92 1.07670264966
948.92 1.98127744511
950.26 1.10530441286
951.3 1.21903076923
952.3 1.2747012987
953.3 1.47174425574
954.46 1.35718377912
955.47 1.4873029703
956.52 1.01950047664
957.53 1.19250693069
958.71 1.24848176421
959.72 1.43222947577
960.72 1.25130869131
961.74 1.18134375
962.88 1.43300088106
963.89 1.23748412698
964.89 0.8727744511
965.92 0.66127626459
966.94 0.45063529412
968.34 0.09322332859
969.35 0.83352191235
970.45 0.48836330609
971.59 0.81182791923
972.59 0.97842957043
973.63 0.68571318576
974.64 1.03978613861
975.79 0.70257391304
976.81 0.7847208619
977.82 0.753839445
978.83 0.58661386139
979.93 0.62496551724
980.94 0.86240158259
982.09 0.70833827376
983.1 0.78856237624
984.1 0.71785814186
985.11 0.65302675917
986.25 0.61185964912
987.26 0.83736237624
988.27 0.76061782178
989.28 0.6384
990.3 0.80666535819
991.31 0.7026231454
992.33 0.67291674829
993.34 0.50038095238
994.39 0.67526546147
995.4 0.54178217822
996.41 0.42975049505
997.41 0.82567032967
998.41 0.83458141858
999.42 0.93954761905
1000.43 1.11196039604
1001.43 1.37746253746
1002.47 1.04912307692
1003.6 1.2973108946
1004.73 1.20306548673
1005.74 1.25115247525
1006.76 0.88557338552
1007.77 0.92793644489
1008.77 0.76863429138
1009.95 0.83441844577
1011.12 0.84626324786
1012.12 1.07881718282
1013.13 1.12088800793
1014.13 0.48718334985
1015.24 0.63562522523
1016.26 0.96511242604
1017.28 0.84872369715
1018.28 1.2465173439
1019.36 1.24673015873
1020.46 1.41156363636
1021.47 1.76826138614
1022.55 1.46091111111
1023.6 1.41227428571
1024.71 1.68042484248
1025.88 1.5537245509
1026.98 1.61974545455
1027.98 1.81370629371
1028.98 1.71992807193
1029.99 1.58562698413
1031.01 1.51511067581
1032.09 1.83573679333
1033.09 1.87724876115
1034.2 1.62060234445
1035.35 2.12629565217
1036.42 1.6993046729
1037.53 1.33486126126
1038.66 1.58438938053
1039.66 1.66041958042
1040.73 1.29167102804
1041.95 1.28836751436
1042.95 1.64117482517
1044.08 1.09415057573
1045.08 1.46337662338
1046.09 1.33163131814
1047.15 1.01104618285
1048.16 1.34536507937
1049.28 1.07215714286
1050.28 1.15364471058
1051.31 0.94592031098
1052.32 1.69208712871
1053.33 1.26941526264
1054.35 1.30049411765
1055.36 1.51426534653
1056.36 1.66837162837
1057.38 1.34825933202
1058.39 1.47644356436
1059.43 1.06453846154
1060.47 1.21183846154
1061.48 0.68357665678
1062.48 1.11161638362
1063.49 1.52632539683
1064.65 0.9674
1065.67 1.00188235294
1066.68 0.6175049505
1067.69 0.58465547878
1068.71 0.74111307768
1069.72 0.64430039526
1070.73 0.84135714286
1071.74 0.77038568588
1072.74 0.93313944223
1073.75 0.81638019802
1074.8 0.8364952381
1075.8 1.07859340659
1076.9 1.11584349409
1077.91 0.67725940594
1078.95 0.53609230769
1079.97 0.46136470588
1081.14 0.20922393162
1082.15 0.62553663366
1083.15 0.38265734266
1084.25 0.66022202002
1085.28 0.78211262136
1086.43 0.81764869565
1087.61 0.85321355932
1088.62 1.07957978196
1089.64 0.92971596474
1090.65 0.53638247012
1091.67 0.43733333333
1092.69 0.26176470588
1093.78 0.22809165903
1094.79 0.29285232904
1095.8 0.20563869694
1096.87 0.13333833177
1098.39 0.08634319527
1100.07 0.00651816557
1101.12 0.33750095238
1102.16 0.2995581172
1103.47 0.05016348358
1104.5 0.51670955166
1105.51 0.55818540434
1106.63 0.73747989276
1107.76 0.93489655172
1108.8 0.74513846154
1109.86 0.95911698113
1110.88 0.77098530852
1111.89 0.73488206145
1112.97 0.58902962963
1113.99 0.76885490196
1115.01 0.85535686275
1116.14 0.89229026549
1117.15 0.85108910891
1118.16 0.90184340932
1119.18 0.89078431373
1120.19 0.82296237624
1121.2 0.8461958457
1122.21 0.98868910891
1123.22 0.81067988107
1124.24 0.77142745098
1125.24 0.77863736264
1126.3 0.58052502361
1127.48 0.78486779661
1128.49 0.64822200198
1129.61 0.65353571429
1130.62 1.17771711177
1131.77 1.35537684943
1132.89 1.33370714286
1133.93 1.06016522574
1134.94 0.97468514851
1135.95 1.16567690783
1136.98 0.71129388943
1138.03 0.8931706387
1139.2 0.73141296928
1140.22 1.06849067713
1141.3 0.94813333333
1142.39 0.96791184573
1143.4 0.88925148515
1144.63 0.61805528455
1145.67 0.61023076923
1146.69 0.63303529412
1147.79 0.69094545455
1149.05 0.80320634921
1150.11 1.2219245283
1151.28 1.31695726496
1152.29 1.40891089109
1153.36 1.26453831776
1154.37 0.72411089109
1155.39 0.4019372549
1156.62 0.18684878049
1157.82 0.10886378738
1158.83 0.79168190855
1159.83 0.69930677291
1161.06 0.56002607987
1162.07 0.93327254708
1163.08 0.62669306931
1164.09 0.44464158416
1165.13 0.28412307692
1166.15 0.27570196078
1167.19 0.38935384615
1168.21 0.37240784314
1169.23 0.44648627451
1170.38 0.36539826087
1171.4 0.28969411765
1172.43 0.25475848691
1174.6 0.00872660212
1175.61 0.45554806739
1176.62 0.83761584158
1177.62 1.14524675325
1178.63 1.23938949455
1179.64 1.09405148515
1180.65 1.12313663366
1181.66 1.45219009901
1182.83 0.97824957265
1183.84 1.00998811881
1184.84 1.28198802395
1185.86 1.0783654224
1186.88 1.16698039216
1187.88 1.68135728543
1188.89 1.3126984127
1189.9 1.39062970297
1191.08 1.22898305085
1192.08 1.50226573427
1193.22 1.11007550483
1194.3 1.12991111111
1195.44 1.27169877408
1196.44 1.29201198801
1197.6 1.08995155709
1198.6 0.7635004995
1199.6 1.24599800598
1200.75 1.07676373147
1201.92 1.24207179487
1202.92 1.37001197605
1203.93 1.25565079365
1204.94 1.31054257426
1205.95 1.04986138614
1206.95 1.35932067932
1207.96 1.10665609514
1208.97 1.02383366337
1209.97 1.40151048951
1211.09 0.77406255585
1212.11 1.10588235294
1213.13 0.86269019608
1214.17 1.02533076923
1215.18 1.5175049505
1216.33 1.07212532637
1217.33 1.37050949051
1218.34 1.31359207921
1219.35 1.29075643564
1220.46 1.07551711712
1221.63 1.3439042735
1222.79 1.2370137931
1223.8 1.28362772277
1224.8 1.20054345654
1225.81 1.191
1226.81 1.2249030969
1227.86 1.13608365019
1228.94 1.14174187558
1230.11 1.0208
1231.17 1.07844528302
1232.21 1.24966762728
1233.22 1.25596035679
1234.36 1.14316564417
1235.37 1.12924479683
1236.38 0.75791683168
1237.52 0.9170245614
1238.52 1.38159920239
1239.53 1.03755555556
1240.54 1.16396432111
1241.55 0.93488316832
1242.56 1.06144158416
1243.65 0.84502291476
1244.66 1.04042814668
1245.66 1.05329070929
1246.78 1.04729285714
1247.78 1.05818181818
1248.79 0.77258730159
1249.82 0.50965436893
1250.86 0.44196923077
1251.86 0.33489132602
1252.88 0.37663716814
1254.18 0.10036140888
1255.64 0.10299381443
1256.65 0.79581367691
1257.82 1.1010641574
1258.82 1.088
1259.92 0.94651407811
1260.96 1.11209257473
1261.96 1.39491708292
1262.98 1.03513248283
1263.98 1.08302097902
1265.0 1.03296470588
1266.09 0.471184573
1267.09 1.38939460539
1268.1 1.27777425743
1269.11 1.38274727453
1270.12 0.96698613861
1271.12 0.92948354935
1272.13 0.83293743793
1273.14 1.0220039604
1274.2 0.85497551789
1275.21 1.55014285714
1276.25 1.20508461538
1277.32 1.69362990654
1278.32 1.74634730539
1279.34 1.94462806673
1280.34 1.95922477522
1281.35 1.23923809524
1282.36 1.17157665678
1283.38 0.69658096173
1284.39 0.48659009901
1285.84 0.03675586207
1286.89 0.50789333333
1287.95 0.95538113208
1288.95 1.28692907093
1290.0 0.85240038132
1291.02 1.24576470588
1292.21 1.02350252101
1293.22 0.91337821782
1294.23 1.06627326733
1295.28 0.71264
1296.28 0.61700699301
1297.31 0.30843148688
1298.32 0.32986849853
1299.33 0.3359049505
1300.35 0.40405934718
1302.5 0.13323162791
1303.66 0.80248417451
1304.67 0.82346453546
1305.81 0.5450791993
1307.08 0.03471530531
1308.09 0.17200785855
1309.09 0.29692707293
1310.1 0.87443168317
1311.29 0.89805714286
1312.35 1.28805283019
1313.56 1.01176198347
1314.65 0.94926238532
1315.66 1.1125034965
1316.84 0.88060606061
1317.84 0.82630969031
1318.85 0.81048712871
1319.86 0.82606144698
1320.87 0.84291988131
1321.88 0.95812277228
1322.89 0.73671287129
1323.9 0.78277227723
1324.98 0.71861481481
1325.99 1.10937029703
1327.0 0.90503865213
1328.0 1.1122957043
1329.01 0.85823366337
1330.12 0.72927883742
1331.3 1.06367703953
1332.36 1.11422641509
1333.49 1.07238938053
1334.68 1.12278553406
1335.69 1.11533465347
1336.7 1.12341839763
1337.75 1.08177693041
1338.76 1.13603171457
1339.77 1.17987326733
1340.77 1.02463136863
1341.78 1.03302380952
1342.78 1.18825174825
1343.78 1.45142857143
1344.8 1.64285770363
1345.91 1.62987387387
1347.07 1.46206896552
1348.08 1.60462574257
1349.16 1.28901575533
1350.16 1.67835364635
1351.16 1.76846353646
1352.17 1.21497619048
1353.3 1.23386030062
1354.31 1.44384920635
1355.48 1.01261538462
1356.48 1.38521478521
1357.62 1.0892642669
1358.62 1.47315084915
1359.83 1.01669478908
1360.83 1.35899401198
1361.83 0.93420359281
1362.93 1.22962773723
1363.96 1.08070679612
1364.96 1.15351848152
1365.97 1.23821782178
1367.17 1.00935446205
1368.17 1.28652947053
1369.17 1.34979420579
1370.32 0.88857839721
1371.32 1.10074725275
1372.33 1.15046336634
1373.34 1.13993260654
1374.46 0.78775714286
1375.47 1.07769732938
1376.47 1.13596003996
1377.67 0.8841803005
1378.67 0.89173226773
1379.67 1.11762075848
1380.68 1.09453028798
1381.68 1.11248751249
1382.69 1.15896927651
1383.69 1.01369030969
1384.7 1.20440039643
1385.71 0.95946245059
1386.71 0.99836963037
1387.72 0.96478252234
1388.74 1.01033268102
1389.92 0.89250933786
1391.02 1.07495272727
1392.15 1.19488141593
1393.3 1.09940869565
1394.31 1.37531881188
1395.31 1.52245354645
1396.35 0.78333012512
1397.36 0.78514172448
1398.37 0.92198019802
1399.4 0.83097475728
1400.4 1.15952894212
1401.58 0.99379286927
1402.59 1.15895445545
1403.59 1.03789010989
1404.69 1.1032866242
1405.87 1.09548518205
1406.97 1.15319381256
1407.97 1.19957642358
1408.99 1.09717647059
1410.08 1.16884481175
1411.08 1.2228971029
1412.09 1.16261645193
1413.1 0.98723168317
1414.11 1.20446732673
1415.25 1.13065964912
1416.26 0.72771485149
1417.33 1.06354392523
1418.36 1.02771262136
1419.37 1.06251881188
1420.38 1.11059009901
1421.39 1.36388142292
1422.4 1.16004761905
1423.42 0.93268235294
1424.46 0.99542307692
1425.62 0.95499310345
1426.64 1.0586745098
1427.64 1.04815184815
1428.64 1.0706973027
1429.66 1.16374852652
1430.67 1.24943366337
1431.83 0.97509043928
1432.97 1.00937664618
1434.17 1.10990666667
1435.21 0.99403076923
1436.22 0.98014257426
1437.23 0.90418217822
1438.27 0.88167692308
1439.28 1.18636039604
1440.35 1.07487850467
1441.49 1.02776842105
1442.55 0.96716147309
1443.56 0.93446488625
1444.58 1.0100627451
1445.74 1.05576551724
1446.74 1.01922077922
1447.75 1.25136633663
1448.77 1.03636935167
1449.91 0.66124452235
1450.92 0.73500990099
1451.93 0.70825346535
1453.0 0.69359252336
1454.01 1.25396233895
1455.02 0.99210286845
1456.04 1.19225882353
1457.04 1.12672127872
1458.05 1.13006937562
1459.06 1.16625742574
1460.1 1.2221
1461.11 1.13694257426
1462.11 0.91045754246
1463.12 1.12044400396
1464.13 1.21921584158
1465.14 1.04554455446
1466.15 1.02215445545
1467.15 1.03456543457
1468.16 1.08036471754
1469.18 0.56185098039
1470.28 0.94875636364
1471.29 1.2064222002
1472.31 0.68406660137
1473.46 0.85076173913
1474.65 1.03478991597
1475.72 1.3108411215
1476.74 1.38839215686
1477.75 0.85334653465
1478.75 1.10177822178
1479.9 0.67715230635
1480.92 0.49716192345
1481.93 0.55419405941
1482.94 0.64971881188
1483.96 0.59225098039
1485.11 0.55080347826
1486.11 1.03797002997
1487.11 1.04517082917
1488.24 1.07954609929
1489.24 1.2843956044
1490.25 1.23996828543
1491.25 1.10630738523
1492.26 1.04542319128
1493.35 1.14451423324
1494.5 1.04723544744
1495.5 1.27012987013
1496.51 1.14045148515
1497.52 1.23479365079
1498.52 1.22653346653
1499.52 1.11826573427
1500.54 1.0648172888
1501.54 0.83074525475
1502.56 0.70581354269
1503.57 1.07604352127
1504.58 1.23161188119
1505.59 0.95126336634
1506.59 1.34127744511
1507.72 1.042108252
1508.72 1.13505694306
1509.91 0.99494453782
1510.92 0.9825173439
1511.92 0.83416583417
1512.93 1.00513776016
1513.94 1.17905742574
1514.94 1.04863936064
1515.97 1.10778620019
1517.14 1.1440957265
1518.15 1.43439207921
1519.23 1.02298424467
1520.23 1.3143976024
1521.24 0.88982970297
1522.25 1.40681070367
1523.26 1.27375222993
1524.32 0.80478793591
1525.33 1.1849197225
1526.5 1.05939435415
1527.5 1.16417182817
1528.51 1.19389306931
1529.52 0.9520555005
1530.52 1.00972627373
1531.61 0.9472440367
1532.7 0.93105601469
1533.71 0.88792087043
1534.72 0.71922299306
1535.77 0.73667047619
1536.78 1.06707326733
1537.79 0.96649653808
1538.94 0.86046301131
1539.94 1.12952647353
1540.95 0.78901090188
1542.14 0.93934508816
1543.25 1.02576028623
1544.35 0.97140363636
1545.5 1.00566725044
1546.5 1.08629195631
1547.68 0.89729491525
1548.7 1.10525567621
1549.7 1.06754319762
1550.87 1.12361025641
1551.98 1.41368648649
1553.06 1.26061481481
1554.06 1.59689110889
1555.07 1.18273726274
1556.07 1.16591269841
1557.15 1.09927407407
1558.17 1.2173254902
1559.17 1.28698501499
1560.25 0.99756070436
1561.26 1.17527920792
1562.27 1.04628118812
1563.28 1.1179001996
1564.28 1.46167460317
1565.29 1.12183762376
1566.3 0.75293465347
1567.34 0.91988461538
1568.35 1.11527128713
1569.35 1.06744455544
1570.36 0.99947670961
1571.54 0.99566101695
1572.73 0.96321074727
1573.19 1.00401746725
