1.01 1.9688015873
2.09 1.41998518519
3.09 2.24238961039
4.21 1.77836428571
5.22 1.84693861386
6.4 1.54098049194
7.41 1.50827353816
8.42 1.45253412463
9.43 1.29835247525
10.6 1.23539435415
11.6 1.81488911089
12.71 1.37443603604
13.72 1.73014653465
14.72 1.72108691309
15.72 2.08111888112
16.73 2.26519047619
17.73 1.87139260739
18.73 2.35866533467
21.06 0.90708669528
22.08 2.14742296369
23.08 1.70602197802
24.09 2.03911992071
25.09 1.85114085914
26.27 2.37312298558
27.27 2.72571428571
28.28 2.99098613861
29.28 2.65443512974
30.36 2.31352133581
31.36 3.09405794206
32.36 2.25476923077
33.37 1.95728571429
34.37 2.33967632368
35.38 0.73616650149
36.39 2.14438019802
37.55 1.83416551724
38.55 2.35060939061
39.56 1.92100693756
40.56 1.66730538922
41.57 1.95234886026
42.58 1.60857086224
43.58 2.01168431568
44.58 1.14041958042
45.63 1.52177693041
46.63 1.56342857143
47.64 1.19119920714
48.64 1.86955444555
49.65 2.162703667
50.66 1.81858753709
51.67 1.0873419227
52.67 1.4212987013
53.77 1.23550136488
54.78 1.60367524752
55.78 1.71614785215
56.8 1.7148
57.8 1.48780819181
58.81 1.78788118812
59.81 1.70235364635
60.82 2.4176984127
61.84 2.57806096362
62.84 3.46632669323
64.09 0.2539008
65.1 3.14715247525
66.1 2.12101498501
67.11 1.56857879088
68.11 1.98428742515
69.12 2.21485714286
70.13 1.97900990099
71.14 2.1792950495
72.14 2.06634965035
73.15 2.0174271556
74.18 1.25377864078
75.27 0.42432263978
76.45 0.33388474576
77.46 3.23982574257
78.55 1.9472
79.56 2.3404990099
80.57 2.02507092907
81.57 1.54566501487
82.58 2.38340859141
83.58 2.6465173439
84.62 1.80266923077
85.63 2.19754645355
86.65 1.92242899119
87.66 1.74931219029
88.67 2.56804752475
89.67 2.16851148851
90.68 2.59228543112
91.69 1.82287747036
92.7 2.49714285714
93.73 2.14946019417
94.73 2.48180619381
95.74 2.21756039604
96.79 2.68761868446
97.79 3.23618781219
98.94 2.05973611111
99.96 2.38660903733
101.5 1.07168871595
102.51 3.21707829534
103.51 1.82634965035
104.52 2.128
105.52 2.12101498501
106.53 2.11772447968
107.53 2.23721878122
108.59 1.99630769231
109.6 2.53979282869
110.75 2.18881391304
111.76 2.73328840436
112.76 1.77115684316
113.76 2.00075124875
114.77 2.53754608523
115.78 3.01230891089
116.82 2.24629836381
117.83 1.92874455446
118.83 2.61420979021
119.84 2.01822001982
120.84 1.99875449102
121.87 1.78953009709
122.88 2.03911992071
123.89 1.82299306244
124.89 2.29594405594
125.89 1.51817964072
126.91 1.24419234544
127.94 2.03367930029
128.94 2.8097982018
129.94 2.29910889111
130.94 2.87056143856
131.95 3.67692368682
132.95 1.85965234765
133.96 2.80114285714
134.97 1.84637462834
135.98 1.93766172107
137.06 1.87886666667
138.07 1.43829249012
139.08 2.24742857143
140.09 1.68091881188
141.09 2.16474725275
142.09 2.29594405594
143.1 0.12964589515
144.11 4.10299900695
145.11 2.05541658342
146.12 1.6430970297
147.13 2.79007114625
148.43 2.09672727273
149.45 2.14588235294
150.46 2.26464950495
151.52 2.27791140434
152.53 2.17796435644
153.54 1.8042259663
154.54 1.5524955045
155.56 1.58795294118
156.57 1.83122376238
157.57 1.54825174825
158.59 1.34117647059
159.6 1.54018632309
160.61 1.75463762376
161.62 1.97013649852
162.64 1.49545044161
163.66 1.68286777669
164.68 1.66613542689
165.68 1.78208991009
166.69 1.53339147671
167.7 1.58043916914
168.71 1.6892039604
169.72 1.40210109019
170.72 1.60716083916
171.73 1.35488316832
172.74 1.4303049505
173.74 0.86075524476
174.75 1.52933994054
175.77 1.09958863859
176.79 1.40693228656
177.8 1.15211869436
178.81 1.09548463826
179.81 1.01677522478
180.82 0.75924677899
181.83 0.48420178042
182.84 0.57485827552
183.87 0.3715227934
184.9 0.29750679612
185.93 0.30813203883
187.02 0.19076697248
188.06 0.12627692308
196.67 0.00127093253
261.13 0.00152813591
262.15 0.60025857003
263.16 0.85601584158
264.22 0.81473962264
265.27 2.18483809524
266.36 2.19180183486
267.53 1.84563418803
268.54 1.64102970297
269.55 2.14476114965
270.56 2.03497029703
271.56 1.98491908092
272.56 2.44806393606
273.57 3.04369047619
274.59 2.31328627451
275.65 2.73163773585
276.69 2.02734167469
277.69 2.59099300699
278.69 2.97628771229
279.7 3.35755004955
280.7 3.01137262737
281.71 3.18300099108
282.71 3.15778621379
283.71 3.24405194805
284.72 3.40131082423
285.72 3.40303393214
286.8 3.24178849722
287.8 3.70695704296
288.81 2.5074172448
289.81 3.69548051948
291.01 3.89377333333
292.01 4.65748651349
293.02 3.51475396825
294.03 2.14159762141
295.03 3.62615568862
296.03 3.94876646707
297.03 4.54008782435
298.04 4.74578308458
299.26 3.02233986928
300.27 3.41420895522
301.28 4.58976854599
302.29 4.17481188119
303.29 3.75946453546
304.29 4.13021378621
305.3 4.04131082423
306.3 4.52628971029
307.44 3.23780158033
308.45 2.37300594059
309.46 2.27548514851
310.46 2.74413478692
311.47 3.66257742258
312.47 2.53404195804
313.47 4.028
314.48 3.14077122877
315.49 3.88348514851
316.68 3.37846979866
317.69 3.92673809524
318.69 4.46882717283
319.69 4.22342857143
320.7 3.47179220779
321.7 3.97186013986
322.7 4.89657142857
323.71 3.96214653465
324.72 4.36546107784
325.72 4.93081318681
326.72 4.778027833
327.83 4.46595315315
328.83 4.67935264735
329.84 3.65435528942
330.84 3.49213108242
331.84 3.69151648352
332.85 4.46428514851
333.86 4.11480519481
334.87 4.09268447082
335.89 2.62082651072
336.89 3.15965634366
337.9 3.61532673267
338.95 3.70138417541
339.95 4.57002197802
340.95 3.66112287712
341.96 3.57173809524
342.96 3.42204995005
343.97 2.60792864222
344.97 3.00659340659
345.98 1.94248562934
347.55 1.49679389313
348.56 2.60856405164
349.57 2.36217029703
350.57 2.33845354645
351.57 3.69537662338
352.57 3.25190809191
353.58 3.78914285714
354.58 3.24934265734
355.59 3.49921747766
356.59 4.38415984016
357.6 2.64634920635
358.61 1.74089020772
359.62 2.61704347826
360.68 3.17922873346
361.68 5.19320679321
362.69 4.18805946482
363.69 4.01892507493
364.69 2.63486913087
365.69 4.35462137862
366.7 4.06761546085
367.72 4.19681415929
368.73 3.17626164519
369.73 2.33967632368
370.74 2.48727272727
371.75 2.44528301887
372.75 1.99713886114
373.75 2.45994005994
375.24 0.58064204164
376.27 4.8200271581
377.28 3.51771428571
378.36 3.01507407407
379.36 5.17134065934
380.37 3.73464554455
381.37 4.2310969031
382.37 3.30067532468
384.05 0.73046960667
385.09 4.16244615385
386.09 2.75513286713
387.09 3.30608591409
388.1 3.09151142006
389.1 3.74973705179
390.11 0.93507753479
391.12 2.5247049505
392.12 2.24199000999
393.12 3.03939260739
394.14 2.69137585868
395.16 1.14917369971
396.17 0.91019405941
397.19 0.69809617272
398.22 0.97681553398
399.22 1.05733864542
400.23 0.892055666
401.29 0.42330566038
402.32 0.10614936954
403.32 1.09783816184
404.33 1.67034291378
405.44 1.49473987399
406.45 1.96514285714
407.45 1.80395604396
408.45 1.73465734266
409.45 2.63486913087
410.55 1.70672743847
411.55 1.92421978022
414.36 0.76335373665
415.37 6.33489108911
416.38 1.96319524281
417.38 2.70869461078
418.39 2.38857142857
419.39 2.53647152847
427.48 0.01620573689
429.16 0.57327629234
430.16 2.38102994012
431.16 4.10078721279
432.21 4.73480802292
433.22 5.10001182266
434.33 3.31074751131
435.33 4.9580979021
436.59 3.20248691515
437.59 4.54368031968
438.6 5.82011928429
439.6 4.6876963037
440.6 4.6766993007
441.61 5.64011892963
442.62 4.67664950495
443.62 4.61365834166
444.8 4.90133786078
444.99 0.7296
