1.01 2.00459405941
2.01 2.07088911089
3.02 2.43650793651
4.02 2.65673526474
5.02 2.60660939061
6.03 2.68355996036
7.04 2.69990108803
8.05 2.94679365079
9.07 2.80208423115
10.07 2.66766833167
11.08 2.38222222222
12.09 2.46419009901
13.09 2.31141658342
14.09 2.78793206793
15.1 2.69440634291
16.11 2.60763528246
17.11 2.81433766234
18.12 2.66186719524
19.15 2.46946796117
20.15 2.83166433566
21.15 2.51914485514
22.16 2.67536507937
23.17 2.74591683168
24.17 2.94553446553
25.18 2.64017443013
26.19 2.95813069307
27.19 2.67220779221
28.2 2.5642259663
29.2 2.20210989011
30.21 2.2452011893
31.23 1.10958431373
32.45 0.46646557377
33.46 1.99825742574
34.46 2.60206993007
35.47 2.55340336967
36.48 2.03076435644
37.49 2.0371009901
38.5 1.16391287129
39.51 2.10211485149
40.51 1.85222777223
41.52 1.91346679881
42.52 2.41620779221
43.53 2.45822222222
44.54 2.59165182987
45.54 2.39888111888
46.54 2.88632967033
47.55 2.39307936508
48.56 2.25831287129
49.56 2.43168031968
50.56 2.60206993007
51.57 2.36050793651
52.57 2.42074725275
53.58 2.24970465808
54.59 1.71203168317
55.6 1.69653914767
56.62 1.82221351616
57.63 1.51065346535
58.64 1.60526461843
59.65 1.31431058358
60.66 2.13673736373
61.67 1.73648269041
62.67 2.02261738262
63.68 1.76161744301
64.72 1.888
65.72 2.12101498501
66.73 1.98939147671
67.74 2.06960792079
68.75 1.91157227723
69.76 2.17162772277
70.78 1.98494117647
71.79 1.87906534653
72.81 2.09669019608
73.82 2.25381386139
74.82 1.72103096903
75.83 2.06081268583
76.84 1.77246382557
77.92 1.78436968577
78.93 2.13885714286
79.93 1.99435764236
80.98 2.29735619048
81.99 2.50551437066
82.99 2.12555444555
84.0 2.77033102081
85.0 2.38794805195
86.01 2.74685714286
87.01 2.47541258741
88.01 2.49728671329
89.02 2.70525272547
90.03 2.61848166501
91.12 1.59203659652
92.17 1.62296183206
93.18 1.93257142857
94.19 1.77978239367
95.19 2.04448351648
96.2 2.15865479723
97.2 2.33954137587
98.26 2.46515370019
99.26 1.81488911089
100.26 2.46447952048
101.27 2.59421782178
102.27 2.30687712288
103.28 1.92813505462
104.28 1.96155844156
105.29 2.42958969277
106.3 2.46419009901
107.3 2.49727872128
108.31 2.56171089109
109.31 2.8097982018
110.31 2.33328271728
111.32 2.06941807349
112.32 2.13194805195
113.33 2.520864222
114.34 2.39917623762
115.34 2.43168031968
116.4 2.53618885741
117.4 2.7114005994
118.4 2.31140859141
119.41 2.13039444995
120.54 2.34224113475
121.54 2.8097982018
122.55 2.35350346192
123.57 2.36724631992
124.57 2.39888111888
125.58 2.74413478692
126.58 2.49727872128
127.58 1.99435764236
128.59 2.4449395441
129.59 2.72233366633
130.6 2.60763528246
131.6 2.85806993007
132.61 2.9764122894
133.62 2.80287016848
134.62 2.8362037962
135.63 2.92218037661
136.71 2.81114074074
137.71 3.13779020979
138.72 2.11079365079
139.72 2.01019920319
140.73 2.27139622642
141.74 1.69485940594
142.75 1.9961305638
143.75 2.17568031968
151.22 0.1192187291
152.23 1.49251038576
153.24 1.96903865213
154.24 2.19754645355
155.25 2.03076435644
156.26 1.50764717542
157.27 1.21688625124
158.28 1.0846382557
159.28 1.11517282717
160.29 1.09998810704
161.3 1.56033267327
162.32 0.62230588235
163.33 0.54628118812
164.54 0.61503471074
165.54 2.24127872128
166.55 2.39888111888
167.55 2.38222222222
168.55 2.02715684316
169.56 2.26689395441
170.56 2.16928671329
171.57 2.23885827552
172.58 2.21047128713
173.58 1.87409390609
174.59 2.16928671329
175.59 1.76971428571
176.61 0.75105882353
177.62 1.08806336634
178.64 2.15661176471
179.8 0.54168275862
180.81 2.01456716418
181.81 1.46372139303
182.82 1.62534653465
183.82 1.55703496503
184.84 2.00836898921
185.85 2.03076435644
186.85 2.12101498501
187.86 1.24099108028
188.86 1.90235364635
189.87 1.7399246779
190.88 1.92240792079
191.88 2.15381418581
192.89 1.90262041625
193.9 2.08044356436
194.91 1.42396039604
195.92 1.86742857143
196.92 1.42441516966
197.95 1.0944
198.96 0.69348118812
199.97 0.84967920792
201.01 0.9576
202.03 0.30042352941
203.06 0.45688543689
204.07 0.91288537549
205.08 0.72742857143
206.11 0.31875728155
207.12 0.29285232904
208.13 0.59596039604
209.14 0.72527002967
210.16 0.57311372549
211.17 0.95353663366
212.18 0.86685148515
213.21 0.78715646259
214.55 0.46031319911
215.8 0.6829056
216.81 1.0944
217.82 0.94363528246
218.83 1.17358654797
219.84 1.14857821782
220.85 1.08356435644
221.86 0.92644598612
222.86 0.91837762238
223.96 0.8763166515
224.97 1.23853610287
225.98 1.61611100099
227.0 1.01202742409
228.01 1.50615445545
229.01 1.87409390609
230.02 2.55974628345
231.02 2.85521756487
232.03 3.44622222222
233.03 2.84713686314
234.04 2.53171060456
235.05 2.45333069307
236.06 2.35366501487
237.06 2.13437924152
238.07 2.71072601385
239.08 2.15636146971
240.08 3.09405794206
241.08 3.10953046953
242.09 3.40279365079
243.09 2.93460939061
244.1 2.72424554455
245.11 2.32562933598
246.11 2.07088911089
247.13 1.96540922473
248.16 1.02443495146
249.16 1.69462537463
250.38 1.29653814602
251.38 1.92421978022
252.39 1.70738553023
253.4 1.78788118812
254.41 1.15307722772
255.42 1.47218991098
256.42 2.74873926074
257.43 2.520864222
258.43 2.56670658683
259.44 2.09993650794
260.45 2.00023785927
261.45 2.02261738262
262.45 1.46957042957
263.46 1.23771428571
264.47 0.83434455446
265.57 0.11883227561
266.58 1.90854870775
267.58 1.96155844156
268.59 1.41002973241
269.59 1.49633532934
270.6 1.49193650794
271.61 1.56033267327
272.61 1.38210589411
273.61 2.24581818182
274.62 2.23657142857
275.62 2.02715684316
276.62 2.32234965035
277.62 2.6458021978
278.63 2.93885203575
279.64 2.06326336634
280.64 1.96795204795
281.66 1.65841020608
282.66 1.85222777223
283.67 2.3211258672
284.67 2.34421578422
285.67 1.95062537463
286.68 1.98685714286
287.69 1.78154455446
288.7 2.19963564356
289.71 2.3775049505
290.72 1.97658613861
291.73 1.87456633663
293.0 0.42750988142
294.0 2.82039402985
295.01 2.65923168317
296.02 1.88092765114
297.04 1.53430588235
298.05 0.77939465875
299.06 0.68782556987
300.33 0.40437735849
301.34 0.99885714286
302.34 0.99490909091
303.35 0.56851536174
304.35 0.99490909091
305.36 1.01855049505
306.46 0.72112101911
307.47 1.47218991098
308.48 2.09577821782
309.48 2.55833766234
310.49 2.02393650794
311.49 2.21301898102
312.49 2.66766833167
313.49 2.39888111888
314.5 2.03479365079
315.55 2.01786081983
316.55 2.45994005994
317.55 2.62847552448
318.55 2.44262137862
319.58 2.23158714703
320.58 2.11008191808
321.58 2.16928671329
322.6 2.2383670265
323.6 2.55833766234
324.6 3.27352647353
325.61 3.42790863952
326.61 3.27352647353
327.61 3.45938861139
328.61 3.72632167832
329.7 2.92123529412
330.7 3.19245554446
331.7 2.81963708873
332.71 2.70513034826
333.71 2.51663073852
334.75 1.68693641618
335.81 0.20045283019
336.82 2.10211485149
337.82 2.79247152847
338.82 2.84713686314
339.83 3.17479365079
340.84 2.75675247525
341.84 2.71594005994
342.85 3.64527524752
343.85 3.4013253493
344.86 3.42790863952
345.86 2.66127472527
346.88 2.70381176471
347.88 2.38794805195
348.9 2.60352502453
349.92 2.55805490196
350.93 2.78117740337
352.0 2.6635364486
353.0 3.24712087912
354.05 3.14893422307
355.05 3.77644755245
356.05 2.95646753247
357.06 2.72514285714
358.06 2.43168031968
359.06 2.3418762475
360.07 2.53752720079
361.08 2.70880318091
362.09 2.42084752475
363.09 2.44261338661
364.1 2.33647571853
365.1 2.36154245754
366.1 1.99435764236
367.11 2.07822222222
368.11 2.42714085914
369.11 2.07073726274
370.12 1.5898015873
371.14 2.16734117647
372.14 2.16928671329
373.15 2.21716551041
374.15 2.40527472527
375.16 1.93515956392
376.17 2.06327128713
377.18 2.01542970297
378.19 1.49833432245
379.21 1.52507163886
380.23 0.65449411765
381.24 0.89390683845
382.25 1.2460990099
383.25 1.20263736264
384.27 0.64313418217
385.29 0.35887733072
386.31 0.60143670265
387.67 0.36989272594
388.67 0.13067996012
389.68 4.64835059761
390.69 1.58946995074
391.71 0.99099212598
392.72 0.7910019802
394.21 0.3480295104
395.22 0.66162933598
396.24 0.24533333333
397.31 0.11314285714
398.32 0.62846732673
400.72 0.01367430237
401.74 0.59069676153
402.79 0.58800761905
403.79 0.85192814371
404.8 1.064
405.83 1.31131650485
406.83 0.95117682318
407.84 0.95448166501
408.86 1.26607058824
409.87 1.15193669634
410.88 1.1605629336
411.89 0.89935841584
412.9 0.6438019802
413.92 1.06221176471
414.95 1.13690097087
415.96 0.96887128713
416.98 1.06221176471
417.99 1.24486646884
419.0 0.97584220907
420.01 0.98005970149
421.02 1.11607128713
422.02 1.09784615385
423.04 1.34249263984
424.06 0.78324705882
425.07 0.60017339901
426.08 0.84668656716
427.11 0.81735014549
428.12 1.04125272547
429.12 1.27277522478
430.13 1.01955996036
431.15 0.90127058824
432.16 0.63296633663
433.17 0.69348118812
434.2 0.70126601942
435.21 0.67180990099
436.22 0.68264554455
437.23 0.61128712871
438.25 0.77251764706
439.26 1.04022178218
440.27 1.00771485149
441.28 1.10973465347
442.29 0.9427009901
443.29 1.06050749251
444.31 1.08919332679
445.32 1.30156590684
446.33 1.2601859545
447.35 1.15877647059
448.36 1.13774257426
449.37 1.05555643564
450.38 1.13774257426
451.4 1.29953287537
452.41 0.96887128713
453.42 1.0944
454.42 1.23543656344
455.43 1.07722772277
456.43 1.1917042957
457.44 1.02057142857
458.44 0.92291708292
459.45 1.20394846383
460.45 1.2245034965
461.46 0.99152428147
462.46 1.20263736264
463.48 1.07399411187
464.49 0.97970693069
465.5 1.26777029703
466.5 1.3229010989
467.52 0.79843137255
468.54 1.04177428852
469.54 1.21357042957
470.55 1.26143366337
471.58 1.12737026239
472.59 0.80104451039
473.6 0.91559960357
474.61 0.75699604743
475.62 0.80342857143
476.63 0.92102970297
477.63 0.80265334665
478.64 0.86771060456
479.65 0.86685148515
480.66 0.9472
481.68 0.86908235294
482.69 1.01855049505
483.7 1.15941386139
484.7 1.38210589411
485.71 1.713728444
486.71 1.4477042957
487.71 1.43223176823
488.72 1.12279365079
489.73 1.23526336634
490.74 1.17024950495
491.75 1.23853610287
492.76 1.25818037661
493.78 1.17396078431
494.78 1.30674626866
495.79 1.13251343284
496.79 1.19624375624
497.81 0.97733464181
498.82 1.07272871287
499.83 1.04472079208
500.83 1.26697005988
501.84 1.32457142857
502.85 1.14337363726
503.85 1.13703896104
504.86 0.96437227723
505.86 0.99944855145
506.87 0.9327888999
507.88 1.02938613861
508.89 0.99054257426
509.89 1.27789221557
510.9 1.11939622642
511.91 0.95708803165
512.92 0.95353663366
513.94 0.95491764706
514.95 0.65013861386
515.96 0.68714455446
516.97 0.68264554455
517.99 0.71887058824
519.0 0.67180990099
520.02 0.68668235294
521.03 0.76375024777
522.04 0.72527002967
523.05 0.7809395441
524.05 0.78718081918
525.06 0.64444003964
526.07 0.73682376238
527.07 0.81998001998
528.08 0.95448166501
529.09 0.80633663366
530.09 1.07144055944
531.1 0.96532804757
532.19 0.75650229148
533.2 0.88940336967
534.2 0.94024375624
535.21 0.82350891089
536.22 0.70951833499
537.23 0.71515247525
538.24 0.68264554455
539.25 0.84518019802
540.25 0.86371228771
541.26 0.51428344896
542.28 0.61157647059
543.29 0.52011089109
544.3 0.72598811881
545.31 0.70431683168
546.32 0.54628118812
547.33 0.78016633663
548.34 0.68264554455
549.36 0.61157647059
550.37 0.69348118812
551.38 0.42708910891
552.42 0.38935384615
553.43 0.4550970297
554.45 0.33261176471
555.46 0.3033980198
556.49 0.29750679612
557.53 0.29436311239
558.55 0.25750588235
559.59 0.22098461538
560.64 0.15649189704
561.65 0.14086336634
562.7 0.10855619048
563.72 0.13948235294
564.75 0.16983899127
565.8 0.18779027645
566.82 0.24677647059
567.88 0.20649056604
568.89 0.20587722772
569.92 0.24343520309
570.94 0.25851968504
571.97 0.26563106796
573.01 0.2736
574.05 0.24203076923
575.07 0.20385882353
576.11 0.1682074928
577.16 0.17735748332
578.2 0.12012307692
579.21 0.21671287129
580.25 0.25255384615
581.27 0.24677647059
582.28 0.24701864573
583.29 0.24052747253
584.33 0.26307692308
585.35 0.25750588235
586.37 0.26823529412
587.37 0.27115956392
588.4 0.33228599412
589.41 0.39737782139
590.42 0.3215984016
591.43 0.36841188119
592.43 0.31705894106
593.47 0.31569230769
594.47 0.31485714286
595.54 0.25786993402
596.55 0.24921980198
597.6 0.20668555241
598.62 0.2056735905
599.67 0.21701983003
600.71 0.28660329777
601.75 0.35904671115
602.77 0.45464688427
603.77 0.50977998018
604.79 0.55792941176
605.81 0.60084705882
606.85 0.50951697381
607.87 0.47860058309
608.89 0.42666666667
609.91 0.60084705882
610.91 0.54231912785
611.92 0.37098305085
612.93 0.42342857143
613.95 0.31906705539
614.98 0.32156709109
616.45 0.21884432359
617.49 0.31599615014
618.49 0.26031318137
619.52 0.31875728155
620.56 0.39987692308
621.57 0.37924752475
622.58 0.35757623762
623.6 0.40771764706
624.64 0.33673846154
625.67 0.34000776699
626.68 0.25371881188
627.73 0.21888
628.74 0.14086336634
629.75 0.17337029703
630.78 0.21437806072
631.81 0.09479884504
632.82 0.11919207921
633.83 0.20454653465
635.74 0.06880419948
636.77 0.76286763285
637.78 0.19504158416
638.8 0.16094117647
639.89 0.11884036697
641.0 0.12978738739
642.02 0.10729411765
643.05 0.13812815534
644.18 0.07747964602
645.26 0.06501481481
678.51 0.00098766621
679.52 0.58512475248
680.53 1.2460990099
681.53 2.45354645355
682.53 3.69622355289
683.53 4.20954091816
684.67 3.58216197183
685.67 4.01697502498
686.67 4.78228971029
687.69 4.22727236971
688.69 3.98417582418
689.7 4.17622178218
690.75 4.02264895636
691.76 3.35516500994
692.76 3.94498301698
693.78 4.40783513248
694.79 4.42982755203
695.79 3.97324275724
696.79 3.37646353646
697.81 3.96748969578
698.81 4.26843556444
699.81 4.30123476523
700.81 4.29484115884
701.81 4.4214985015
702.82 3.83764378109
703.82 4.1658762475
704.83 4.17815873016
705.84 4.58343818002
706.85 4.30417443013
707.85 4.31216783217
708.85 4.36683316683
709.85 4.22048702595
710.86 3.90361829026
711.86 3.70714570858
712.86 3.69991608392
713.87 3.56919165839
714.87 3.52498701299
715.87 3.94044355644
716.87 3.76551448551
717.98 3.16190063234
718.98 3.89671128871
719.99 3.97822222222
720.99 3.99510889111
722.04 4.21861625709
723.05 3.74364835165
724.05 3.41565634366
725.06 4.10443607532
726.06 4.2903016983
727.08 3.94782879377
728.09 4.47616383616
729.09 4.26843556444
730.12 4.24178814383
731.12 3.91857742258
732.12 3.65619180819
733.12 3.54685314685
734.12 3.07673126873
735.12 3.67796015936
736.13 4.15044114738
737.14 3.64525074925
738.14 3.20472654691
739.14 3.11583300199
740.14 3.12046353646
741.15 4.07888911089
742.15 3.32548251748
743.15 4.08942115768
744.15 4.0812749004
745.15 4.61368463074
746.16 3.80285314685
747.16 4.85882117882
748.16 3.78738061938
749.16 3.13759045726
750.17 2.22573465347
751.17 2.38801998002
752.18 2.50551437066
753.2 2.03756521739
754.2 2.07822222222
755.21 2.77567556874
756.22 2.41874331021
757.23 1.14224158416
758.23 2.00075124875
759.24 1.93515956392
760.25 1.51548961424
761.26 1.30557442557
762.26 1.56342857143
763.26 1.68823176823
764.27 1.72457482656
765.28 1.47814653465
766.28 2.16474725275
767.29 2.09785530228
768.29 1.91782617383
769.3 1.82582217782
770.3 1.64393650794
771.31 2.00261127596
772.32 1.96155844156
773.32 2.11714285714
774.32 2.04902297702
775.34 2.0720553907
776.4 2.31203748828
777.4 2.60206993007
778.42 2.03415897939
779.43 1.85754455446
780.43 2.55833766234
781.43 2.34421578422
782.44 2.77307936508
783.44 2.94553446553
784.46 3.4627124632
785.47 2.82176633663
786.47 3.51405394605
787.48 3.25841823588
788.48 3.01113286713
789.51 2.57822351798
790.52 2.71159563925
791.52 2.89086913087
792.53 2.35816848365
793.54 2.17162772277
794.6 2.74028679245
795.6 2.8425974026
796.61 2.77033102081
797.61 1.84129470529
798.61 2.32506693307
799.62 2.43171400199
800.62 2.13648751249
801.62 2.39888111888
802.62 2.39434165834
803.63 2.24330486594
804.63 2.23488511489
805.83 2.10138666667
806.84 2.51636075322
807.84 2.12555444555
808.85 2.29081980198
809.86 2.66821010902
810.86 2.19115284715
811.87 2.10870168484
812.87 2.91273526474
813.87 3.28445954046
814.91 2.64566153846
816.1 2.73982491582
817.1 4.18097102897
818.1 4.20283716284
819.1 3.90764435564
820.1 4.11991208791
821.11 4.43656915423
822.11 4.03078763709
823.11 3.25933732535
824.12 3.28989264414
825.13 3.2876990099
826.13 3.35005794206
827.14 3.54393650794
828.14 3.53592007992
829.17 3.75255199223
830.17 3.92558882236
831.18 3.3126580773
832.18 3.67804995005
833.19 3.39942120912
834.19 3.68898301698
835.19 3.85297902098
836.2 3.46051241311
837.21 2.68907616222
838.21 3.22979420579
839.21 3.05486513487
840.22 2.92798411122
841.23 2.9843009901
842.23 2.53007792208
843.24 2.7983666997
844.24 2.77060539461
845.24 3.89302697303
846.24 3.34732467532
847.3 3.04834815516
848.37 3.05957049486
849.39 3.20496172718
850.43 3.15522456814
851.43 4.11537262737
852.44 4.30820258193
853.44 3.57607984032
854.45 3.35936507937
855.45 3.40472327672
856.46 3.4719049505
857.47 3.33434291378
858.49 3.71055686275
859.49 3.56871928072
860.49 4.3559000999
861.51 5.07817075564
862.52 4.7180039604
863.53 5.00918929633
864.53 4.86975424575
865.54 4.91644444444
866.54 4.90255344655
867.54 3.96230969031
868.54 2.89086913087
869.55 2.62107936508
870.55 2.28955044955
871.56 2.67905649158
872.57 2.40155401388
873.57 2.50821178821
874.57 2.8034045954
875.6 2.29106316812
876.61 2.77667393459
877.62 3.60919485658
878.62 2.91273526474
879.63 2.58850793651
880.64 2.59165182987
881.66 2.38638431373
882.75 2.42389724771
883.82 3.05491487371
884.82 2.6786013986
885.83 1.56653320119
886.83 3.14232967033
887.83 2.71594005994
888.84 2.80114285714
889.85 2.03277700694
890.85 2.23488511489
891.86 2.33197224975
892.87 2.06327128713
