1.01 2.29085714286
2.02 1.35911287129
3.02 2.92366833167
4.03 2.59228543112
5.04 2.39917623762
6.05 1.78154455446
7.06 2.25381386139
8.07 2.18246336634
9.07 2.51663073852
10.08 2.45822222222
11.09 2.21266204163
12.09 2.14742057942
13.1 2.85427326733
14.12 2.20398431373
15.12 2.53647152847
16.13 1.87193650794
17.13 1.97888511489
18.14 3.22268514851
19.14 3.25166033966
20.15 3.38857482656
21.15 2.50821178821
22.16 2.51001783944
23.16 2.40981418581
24.17 2.11504459861
25.18 1.64068118812
26.19 2.11954806739
27.19 2.76606593407
28.2 2.77842376238
29.21 2.35583366337
30.22 1.98938354807
31.22 2.2062754491
32.24 2.04705697446
33.24 2.37701498501
34.25 1.97404162537
35.25 1.7100979021
36.25 1.76022377622
37.26 1.75250793651
38.26 1.95701898102
39.27 1.65315361744
40.27 1.86316083916
41.28 2.27548514851
42.3 2.08596078431
43.32 1.98060843965
44.32 2.02261738262
45.32 1.81942857143
46.33 2.08457142857
47.34 1.77070891089
48.35 1.74453861386
49.35 1.6444995005
50.36 1.73542120912
51.36 1.55703496503
52.37 1.90531615461
53.37 1.73564035964
54.37 1.73196403596
55.38 1.79142857143
56.39 1.80319207921
57.4 2.19963564356
58.41 2.03078811881
59.42 2.0416
60.43 2.16712871287
61.43 1.7756963037
62.44 2.08250545094
63.44 2.05995604396
64.45 2.05446977205
65.59 2.26959298246
66.59 2.68953446553
67.6 2.32562933598
68.6 2.48634565435
69.6 2.73780619381
70.68 2.64376994434
71.68 2.68953446553
72.69 2.40155401388
73.7 2.407628091
74.71 2.75948463826
75.71 2.53647152847
76.72 2.33647571853
77.74 2.16106666667
78.75 2.20413465347
79.75 2.29594405594
80.76 1.52299702676
81.77 2.12378613861
82.78 2.21497029703
83.78 3.88577822178
84.84 4.05578867925
85.84 3.03939260739
86.85 2.89250793651
87.86 2.75675247525
88.86 3.032999001
89.87 2.81371655104
90.88 2.36666930693
91.89 2.13673736373
92.89 2.34420779221
93.89 1.99435764236
94.9 1.87828571429
95.9 1.81942857143
96.91 1.99573439049
97.91 1.85222777223
98.92 1.8899009901
99.93 2.21047128713
100.93 2.25675124875
101.94 2.26055104063
102.94 2.72233366633
103.94 2.19115284715
104.96 1.5095324165
105.97 1.93065609514
106.98 1.72565776459
107.99 1.95234886026
108.99 1.8084955045
110.0 1.87642418236
111.0 1.83036163836
112.02 1.7855372549
113.03 2.0933518335
114.04 1.88616600791
115.05 2.04114285714
116.06 1.7056950495
117.06 1.5196963037
118.07 1.4362259663
119.08 1.7011960396
120.08 1.55703496503
121.1 1.65395093229
122.11 1.33728316832
123.12 1.40863366337
124.14 1.41000784314
125.15 1.3977980198
126.16 1.10523564356
127.17 0.83884356436
128.17 1.24636963037
129.18 0.99786719524
130.19 0.78466534653
131.2 0.73682376238
132.22 0.64376470588
133.25 0.49938640777
134.28 0.44626019417
135.69 0.32145815603
136.71 0.48282352941
141.51 0.06841425297
142.65 0.2592
144.57 0.0399
145.59 0.33261176471
150.72 0.0257497076
151.73 0.31145829244
152.8 0.01973831776
155.39 0.11044401395
159.19 0.09180782358
163.23 0.15859488961
164.23 0.79178592666
165.25 0.5888
166.26 0.6623049505
167.28 0.59537091988
168.3 0.57432069971
169.46 0.01335172414
170.47 0.61225174825
171.47 0.67247571853
172.51 0.35778461538
173.55 0.92603076923
175.42 0.34772192513
176.43 0.83434455446
177.45 0.90929376855
178.46 0.71957605496
179.47 0.54178217822
180.48 0.52460990099
181.49 1.02938613861
182.5 0.93186534653
183.59 0.91700091659
184.6 1.04022178218
185.61 0.93371428571
186.62 1.04022178218
187.63 1.2505980198
188.63 0.75362874251
189.64 0.67314285714
191.15 0.0870910299
192.16 1.36329458128
193.17 0.76933069307
194.17 0.56851948052
195.19 0.69809617272
196.22 0.53567378641
197.24 0.64376470588
198.27 0.63751456311
199.29 0.56921687929
200.29 0.34950898204
201.32 0.39389883268
202.33 0.47676831683
203.34 0.25371881188
204.35 0.47676831683
205.39 0.34726153846
206.39 0.40452347652
207.43 0.31599615014
208.46 0.26587961165
209.49 0.25475728155
210.52 0.27625631068
211.53 0.26005544554
212.57 0.17889230769
213.6 0.18080466472
214.65 0.1813434824
215.68 0.38288046647
216.69 0.24897329377
217.7 0.24946679881
218.7 0.22959440559
219.71 0.24814257426
220.74 0.22418640777
221.81 0.1841046729
222.86 0.16692469018
223.95 0.14043629698
225.05 0.15918545455
238.41 0.00081952973
239.42 1.02304950495
240.42 3.97324275724
241.42 4.74949050949
242.44 4.14786640472
243.44 4.6464510978
244.44 4.33403396603
245.45 4.5473015873
246.45 5.25809181637
249.74 0.2444344387
250.79 3.11482889734
251.79 4.77135664336
252.79 4.66829540918
253.8 4.5064278607
254.8 4.69482517483
255.8 4.06507936508
256.82 3.30609693373
257.84 3.25546666667
258.84 3.37646353646
259.85 3.78613861386
260.91 3.54922787194
261.92 5.49732671301
262.93 5.01643521266
263.93 4.91802597403
264.93 5.47107292707
265.93 4.27297502498
266.93 4.84788811189
267.96 4.69610146341
268.96 5.25241158841
269.97 4.97665014866
270.98 5.06474455446
271.99 4.53380811078
273.0 5.38981386139
274.0 5.23508491508
275.05 5.14650381679
276.06 5.08717786561
277.1 4.52131021195
278.1 4.88068731269
279.16 4.65461132075
280.18 3.20495387635
281.18 4.84788811189
282.26 4.62336237257
283.26 4.97908491508
284.29 4.67341947927
285.29 5.12121478521
286.33 4.53802502406
287.34 4.08274331021
288.34 4.89162037962
289.34 4.4151048951
290.35 4.96815184815
291.4 4.2806805293
292.4 4.61829370629
293.41 4.58622222222
294.41 4.38230569431
295.42 4.94450793651
296.45 4.1739184466
297.45 4.72762437562
298.45 4.64015984016
299.45 4.11991208791
300.46 4.81028343313
301.48 4.51459121951
302.48 5.11028171828
303.56 4.36574814815
304.56 4.72762437562
305.56 4.37776623377
306.57 3.96494935452
307.57 4.54176223776
308.57 5.18681318681
309.61 3.61815384615
310.61 5.02282517483
311.64 4.28849805447
312.65 4.78773439049
313.65 4.89164435564
314.65 4.31655544456
315.66 2.75151587302
316.66 3.97324275724
317.66 3.88577822178
318.67 4.18450793651
319.68 3.92066534653
320.68 4.02790809191
321.68 4.8915964036
322.7 4.16529931305
323.7 4.80415584416
324.77 4.53774531835
325.77 4.61831768232
326.79 4.77630708661
327.79 4.18807577268
328.79 4.43243156843
329.8 4.778
330.8 4.31607185629
331.8 4.3559000999
332.8 4.33403396603
333.81 3.79192007992
334.81 4.70412723658
335.81 4.02790809191
336.81 4.21830969031
337.82 4.41898116947
338.82 4.14817182817
339.89 3.92661293346
340.89 4.53082917083
341.89 4.60736063936
342.89 3.33912487512
343.9 3.84793650794
344.9 4.09804595405
345.91 4.6901407334
346.92 4.24815810277
347.93 4.65136507937
348.94 4.19374085064
349.94 4.4807032967
350.95 4.64347064677
351.95 4.44541575274
352.95 3.93404995005
353.95 4.95721878122
355.01 4.36343289225
356.01 5.20867932068
357.01 4.82574051896
358.02 5.31334393638
359.02 4.75402997003
360.02 5.38915768463
361.02 4.68843156843
362.03 5.33454690619
363.04 4.24638423645
364.04 5.12121478521
365.05 4.3193015873
366.05 5.23054545455
367.13 4.03882745826
368.13 4.30123476523
369.13 4.88068731269
370.13 4.06524675325
371.14 4.48850793651
372.15 4.24116435644
373.15 4.08264535465
374.15 3.92311688312
375.16 4.03651241311
376.16 4.12630569431
377.16 4.10443956044
378.17 3.98962933598
379.17 4.53082917083
380.17 4.07164035964
381.28 3.56723396567
382.29 4.28034025717
383.29 3.87484515485
384.3 3.64888800793
385.3 3.97324275724
386.3 3.64525074925
387.31 3.95408142999
388.32 4.37129458128
389.33 4.39952286282
390.33 3.74817982018
391.34 4.34290584737
392.35 2.41255104063
393.35 3.80924675325
394.35 3.35005794206
395.36 3.80073736373
396.36 4.18097102897
397.37 3.32349653122
398.38 3.21503270565
399.38 2.05995604396
400.38 3.30632567433
401.39 3.68507936508
402.4 4.15455049505
403.41 3.90285827552
404.43 3.20181960784
405.48 3.1311847619
406.48 4.93535264735
407.49 4.33221010902
408.5 3.64527524752
409.56 3.19153918791
410.6 3.16876849183
411.66 3.07067169811
412.66 3.12685714286
413.67 1.89365079365
414.67 2.66127472527
415.68 3.14683564356
416.68 2.45354645355
417.68 1.90235364635
418.7 1.92880157171
419.7 2.19754645355
420.71 1.88279365079
421.72 1.61086732673
422.72 1.26551848152
423.72 1.49783016983
424.73 1.75077106046
425.73 1.90235364635
426.75 1.25029244357
427.75 2.25675124875
428.76 2.80114285714
429.77 1.52148910891
430.79 2.03231372549
431.79 2.07728271728
432.8 1.63146085233
433.8 2.17568031968
434.82 1.8854375
435.83 2.1889652433
436.84 3.01828571429
437.84 2.21301898102
438.84 2.08182217782
440.1 1.81311923688
441.12 2.32600195886
442.13 2.31249108911
443.14 2.19547274529
444.14 2.13194805195
445.14 2.03808991009
446.16 2.41257367387
447.16 2.72233366633
448.17 2.58594251734
449.17 2.40981418581
450.17 2.73780619381
451.18 2.63193650794
452.18 2.86613972056
453.19 2.76857142857
454.19 2.45354645355
455.2 2.62672475248
456.21 2.78117740337
457.21 2.43168031968
458.21 2.97379420579
459.22 3.14222222222
460.3 3.30174814815
461.3 3.21432167832
462.31 2.48832507433
463.32 2.51836831683
464.33 3.14683564356
465.33 3.24072727273
466.34 2.63755247525
467.34 2.66127472527
468.38 2.80620596728
469.38 3.22525474525
470.39 2.64279365079
471.39 3.23749301397
472.4 3.53307936508
473.4 2.9674005994
474.4 2.92366833167
475.42 2.75658939096
476.42 3.75458141858
477.52 3.94532604736
478.52 4.10034331337
479.52 5.15401398601
480.52 3.98871528472
481.53 4.39515392254
482.53 3.42316966068
483.54 3.42450793651
484.54 3.37692246521
485.55 3.75426294821
486.56 3.33104158416
487.56 3.76551448551
488.6 3.60056977863
489.6 4.56362837163
490.61 4.26713181368
491.65 4.06403079885
492.65 3.84204595405
493.65 4.01697502498
494.67 2.99016290481
495.67 4.57456143856
