1.01 2.42958969277
2.01 1.88314570858
3.01 2.67220779221
4.03 3.36854384236
5.03 4.01587250996
6.03 3.77267864271
7.04 3.49748616601
8.05 2.869002997
9.05 2.97736915423
10.06 3.06189141165
11.06 3.59058541459
12.07 4.16019085487
13.08 3.17934257426
14.08 3.20792807193
15.08 3.48125474525
16.1 3.85374581281
17.1 3.33970887338
18.14 3.15867692308
19.2 3.10164528302
20.2 3.13779020979
21.2 3.35005794206
22.2 3.032999001
23.21 2.54758291956
24.36 2.66165481353
25.37 3.7648142999
26.38 3.06015049505
27.38 2.98926673327
28.38 3.62338461538
29.39 3.37022222222
30.39 3.31725874126
31.39 2.97833366633
32.4 3.10965079365
33.4 3.57965234765
34.41 3.10656888008
35.42 3.02764356436
36.43 2.82980019782
37.44 2.57765079365
38.45 2.22360435213
39.46 2.74141782178
40.46 3.12046353646
41.5 3.77963426372
42.5 4.12630569431
43.51 3.87666204163
44.51 3.33912487512
45.51 3.47032167832
46.52 2.56934260179
47.52 3.22979420579
48.52 3.60151848152
49.53 3.377728444
50.54 3.5295777998
51.54 2.9674005994
52.55 2.27139742319
53.72 0.36448847139
54.73 1.76796035679
55.73 2.09275524476
56.74 1.80500297324
57.74 1.82582217782
58.75 1.5880753221
59.75 1.92421978022
60.76 1.37114767096
61.76 1.33383416583
62.76 1.76476323676
63.77 1.54171428571
64.8 1.08377475728
65.9 0.85975272727
66.9 1.57436163836
67.91 1.40368681863
68.91 1.58529470529
69.92 1.51849355798
70.93 1.29394059406
71.95 1.44847058824
72.95 0.82452747253
73.95 1.07144055944
74.96 1.3124122894
75.97 1.27353022795
76.98 1.20275643564
78.02 1.3210240616
79.02 1.5196963037
80.03 1.22442772277
81.04 1.37114767096
82.05 1.51548961424
83.06 1.14337363726
84.1 0.62086153846
85.1 0.78718081918
86.15 1.50521904762
87.15 1.88048751249
88.16 1.57722893954
89.17 0.77009316155
90.17 1.31196803197
91.17 1.97249150849
92.18 2.10419821606
93.18 1.62263336663
94.19 1.84838850347
95.2 1.7896531219
96.2 1.7100979021
97.2 2.11008191808
98.21 1.9676987116
99.24 2.09758446602
100.25 2.18012289395
101.26 1.68235806133
102.27 2.26464950495
103.27 1.92875924076
104.29 2.18681335953
105.39 2.5189609446
106.4 2.3211258672
107.4 1.81942857143
108.4 2.13194805195
109.41 1.87008126858
110.42 1.75077106046
111.42 2.28501098901
112.43 2.22801189296
113.52 1.73110458716
114.53 1.91790891089
115.53 1.89406786427
116.54 1.95428571429
117.55 1.60817425743
118.56 1.93958019802
119.57 1.69318298714
120.58 1.65949653122
121.58 1.66636563437
122.59 1.89811694747
123.6 1.53232475248
124.66 1.66496512724
125.68 1.83652993131
126.68 1.53363672655
127.69 2.03911992071
128.71 1.73358979392
129.72 2.12378613861
130.72 1.89930348259
131.75 1.77509551657
132.76 1.93065609514
133.76 1.7100979021
134.77 1.95234886026
135.78 1.86822970297
136.79 2.05267522211
137.8 1.93900297915
138.8 1.92875924076
139.81 1.93065609514
140.82 1.69485940594
141.83 2.01542970297
142.83 1.8084955045
143.87 1.86875072185
144.88 2.06960792079
145.88 1.91782617383
146.89 2.04996630327
147.89 1.88299401198
149.17 1.45944913928
150.17 1.82582217782
151.18 1.80501090188
152.18 2.08821578422
153.19 1.57722893954
154.2 1.11607128713
155.5 0.10051533742
156.51 3.01029253731
157.51 2.12555444555
158.53 2.30682352941
159.53 1.76476323676
160.54 1.8158493558
161.55 2.07165906838
162.55 2.01622377622
163.59 2.32996923077
164.59 1.62902697303
165.6 1.88279365079
166.6 2.01168431568
167.6 2.00529070929
168.61 1.824
169.61 1.45863736264
170.61 2.01168431568
171.62 1.58965079365
172.64 1.98744760039
173.65 1.95234886026
174.68 0.56259165858
175.69 0.82882854311
176.7 0.7910019802
177.71 0.50927524752
178.72 0.58512475248
179.73 0.67180990099
180.77 0.47790769231
181.77 1.69293413174
182.78 1.82850793651
183.78 2.01168431568
184.8 1.55253438114
185.8 2.09914885115
186.8 2.08182217782
187.81 1.91346679881
188.81 2.32874325674
189.82 2.11954806739
190.82 2.01622377622
191.83 1.9415024777
192.84 1.53231683168
193.85 1.15941386139
194.86 0.78016633663
195.88 1.24906666667
196.88 2.78793206793
197.89 2.51001783944
198.89 2.37701498501
199.89 3.69991608392
200.9 2.87079365079
201.91 2.8000950495
202.92 2.8839248269
203.92 2.62585229541
204.93 2.9560754717
205.93 3.196995005
206.93 2.51914485514
207.94 3.52222222222
208.94 3.50312087912
209.95 2.94387314172
210.96 2.16957480315
211.97 2.44619123506
213.18 2.41554605263
214.2 3.13467455621
215.32 2.88662857143
216.32 2.51460539461
217.33 2.20631912785
218.34 2.85427326733
219.36 2.1610745098
220.36 2.83166433566
221.37 2.6727135778
222.37 2.58474325674
223.38 2.33647571853
224.38 2.44900699301
225.39 2.19547274529
226.4 1.98939147671
227.41 2.08921068249
228.42 2.10661386139
229.43 2.38834059406
230.43 2.57381018981
231.45 2.33056722277
232.46 2.09577821782
233.47 2.14995643564
234.48 2.11295049505
235.49 2.06531615461
236.56 1.93553688142
237.57 2.25604757185
238.57 2.39888111888
239.57 2.22395204795
240.57 2.65408383234
241.58 2.93885203575
242.58 2.0579001996
243.59 2.4606633565
244.65 2.44888972667
245.82 1.73046153846
246.83 2.1932990099
247.84 2.4449395441
248.84 2.56927072927
249.84 2.30047552448
250.85 2.36050793651
251.9 2.29735619048
252.9 2.45994005994
253.91 1.82669573835
254.91 2.09914885115
255.91 1.86316083916
256.92 2.07822222222
257.92 2.18661338661
258.93 1.92431318137
259.93 2.14742057942
260.94 2.37535777998
261.94 2.22395204795
262.95 2.31478295342
263.96 2.26650887574
264.98 2.00602556539
265.99 2.29309018831
267.0 2.12378613861
268.0 1.93775648703
269.01 2.25193650794
270.01 2.09705389222
271.02 1.89365079365
272.03 2.36666930693
273.04 2.00459405941
274.04 1.75383016983
275.04 1.96795204795
276.05 1.56793650794
277.05 1.76022377622
278.06 1.08914172448
279.07 1.25693465347
280.07 1.28370829171
281.09 1.58951128557
282.1 1.65151683168
283.1 1.61809390609
284.11 1.35579781962
285.12 0.93637227723
286.14 1.6416
287.15 1.54316039604
288.15 2.01168431568
289.17 2.06855795678
290.17 1.43223176823
291.19 1.37781960784
292.2 1.82038811881
293.21 1.4022970297
294.22 1.22564122894
295.23 1.36843521266
296.24 1.42087611497
297.25 0.88764391691
298.27 0.62676078431
299.28 0.80263230922
300.28 0.91837762238
301.3 0.90127058824
302.31 0.93729236868
303.32 0.99687920792
304.32 1.24636963037
305.32 2.15835364635
306.32 2.45354645355
307.49 2.1795646958
308.5 3.01013752456
309.51 2.15404985045
310.52 2.03076435644
311.53 2.43801980198
312.53 2.22395204795
313.55 2.27058684985
314.56 2.16293359762
315.56 2.52553846154
316.57 1.97658613861
317.58 2.07616253717
318.58 2.12982035928
319.59 1.96965079365
320.59 2.19754645355
321.59 2.20208591409
322.59 1.69916483516
323.61 1.68617075564
324.62 2.14336507937
325.62 2.23488511489
326.62 2.85353046953
327.65 2.76171206226
328.65 2.02715684316
329.74 1.85329660239
330.74 2.72233366633
331.75 2.13039444995
332.76 2.08494257426
333.76 2.07728271728
334.78 2.1846673209
335.86 1.67620740741
336.87 2.04793663366
337.87 1.68807992008
338.87 1.89856031904
339.88 1.25572166998
340.88 2.08821578422
341.89 2.0720553907
342.9 2.17593650794
343.9 2.45994005994
344.91 2.03076435644
345.93 2.24690196078
346.93 2.38340859141
347.93 2.05995604396
348.94 2.17809731877
349.94 2.17568031968
350.94 2.11462137862
351.95 2.79479365079
352.95 3.0001998002
353.95 2.74322939424
354.97 2.13040316206
355.98 1.44563960396
356.98 2.56927072927
357.98 2.54101098901
358.98 2.94553446553
359.98 2.28043781095
361.0 2.06247992165
362.01 2.53647152847
363.01 2.30048351648
364.02 2.35816848365
365.02 2.58594251734
366.03 2.70046753247
367.04 2.35583366337
368.05 2.14995643564
369.08 2.47967661213
370.09 1.89142057942
371.09 1.59892170466
372.11 2.15416023739
373.11 2.11462137862
374.11 2.14336507937
375.12 2.20847952048
376.12 1.55553617443
377.13 1.65785346535
378.14 1.73196403596
379.14 1.89142057942
380.14 1.68736507937
381.15 2.37701498501
382.15 1.82219226957
383.17 1.71043137255
384.18 1.92421978022
385.18 1.98342457542
386.19 2.11155992141
387.2 1.96795204795
388.2 1.80848751249
389.2 1.91085714286
390.21 1.81761277445
391.21 2.22571428571
392.22 1.90689310689
393.22 2.00529070929
394.23 2.36451139742
395.25 2.23617254902
396.25 1.90689310689
397.26 1.93508840864
398.27 1.62263336663
399.27 2.01168431568
400.27 1.96965079365
401.28 1.78154455446
402.29 2.44900699301
403.29 1.9676987116
404.3 1.88048751249
405.3 1.45791873142
406.31 1.68369230769
407.31 1.4477042957
408.32 1.78458153242
409.33 1.4022970297
410.34 1.56342857143
411.34 1.27353022795
412.35 1.27860594059
413.36 1.0944
414.37 0.86825174825
415.37 1.11717740337
416.38 1.03040634291
417.38 0.57305894106
418.39 1.06189306931
419.4 1.04022178218
420.42 0.56865882353
421.43 0.37291089109
422.45 0.61157647059
423.47 0.49355294118
424.49 0.59537091988
425.54 0.31002832861
426.59 0.23995424214
427.64 0.26232023011
428.68 0.22974045802
484.05 0.00355806015
485.11 0.23142641509
486.11 0.86371228771
487.12 1.04125272547
488.13 0.93186534653
489.14 1.04472079208
490.15 1.21359207921
491.16 1.20275643564
492.18 0.99156078431
493.2 1.21242352941
494.21 1.13774257426
495.22 0.75215841584
496.23 0.86685148515
497.24 0.68264554455
499.17 0.25517098446
500.18 0.86222222222
501.18 0.66691708292
502.19 0.7584950495
503.19 1.12610589411
504.21 0.88513444553
505.22 0.84601783944
506.22 1.07144055944
507.23 1.19641980198
508.26 1.37065631068
509.26 1.4212987013
510.26 1.02131468531
511.27 1.216
512.28 1.15422001982
513.29 1.11496735905
514.3 1.23526336634
515.32 0.85291462218
516.33 1.22442772277
517.34 1.28944158416
518.34 1.5789010989
519.35 1.65785346535
520.36 1.01221386139
521.37 1.2364876115
522.37 1.67275924076
523.37 1.14157842158
524.39 0.84845534838
525.4 0.82432507433
526.42 0.85207843137
527.43 1.25693465347
528.44 1.20275643564
529.44 0.76985414585
530.46 1.0310343474
531.47 0.89935841584
532.59 0.83462857143
533.62 1.12627572816
534.64 0.74032941176
535.65 0.72598811881
536.72 0.58724485981
537.75 0.70126601942
538.76 0.68264554455
539.78 0.53647058824
540.78 0.65598401598
541.79 0.67697918731
542.79 0.90653892216
543.82 0.90490272374
544.83 0.99687920792
545.85 0.88426666667
546.86 1.07272871287
547.86 1.01677522478
548.87 0.85052130823
549.88 0.83434455446
550.89 0.70431683168
551.91 0.67595294118
552.93 0.73528334956
553.95 0.63109180652
554.96 0.90839525692
555.97 0.93371428571
557.26 0.68222015504
558.27 1.5494970297
559.4 1.51487433628
560.42 1.8902296369
561.44 1.32417254902
562.44 1.57436163836
563.45 1.48595441031
564.46 1.29394059406
565.47 1.65785346535
566.48 1.17592071358
567.48 1.70555844156
568.48 1.31519361277
569.49 1.30285714286
570.5 1.06294549058
571.51 0.58962376238
572.51 0.76531468531
573.52 0.90024975223
574.52 0.79811388611
575.53 0.87219028741
576.53 1.1917042957
577.54 1.20275643564
578.55 1.04577998018
579.56 1.20275643564
580.56 1.02770829171
581.57 1.01221386139
582.58 0.95353663366
583.59 0.93186534653
584.6 1.13252725471
585.61 1.22442772277
586.61 1.26823576424
587.62 1.02304950495
588.63 1.28944158416
589.64 1.29071952428
590.65 1.18558415842
591.65 1.5196963037
592.66 1.59892170466
593.67 1.45054005935
594.68 1.25183746283
595.68 1.23543656344
596.69 1.17140931615
597.71 1.19541960784
598.71 1.97888511489
599.72 1.28437661051
600.73 1.37612673267
601.76 1.23693980583
602.77 1.27860594059
603.78 1.40863366337
604.78 1.30555044955
605.79 1.37749058474
606.8 1.20727920792
607.8 2.28501098901
608.8 1.72103096903
609.81 2.14971428571
610.81 1.28370829171
611.82 1.56187908821
612.83 1.15307722772
613.85 1.65232941176
614.86 1.47812277228
615.86 1.78208991009
616.87 2.00026164519
617.87 1.72742457542
618.88 1.11082656095
619.9 1.54503529412
620.91 1.47814653465
621.93 1.48065882353
622.93 1.2573026973
623.95 0.65959568204
624.96 1.18839091807
625.98 1.0545840708
626.99 0.65463762376
628.0 0.6393029703
629.01 0.7910019802
630.01 0.66691708292
631.03 0.66004669261
632.05 0.7189396637
633.05 0.83091308691
634.06 0.82432507433
635.07 1.18108514851
636.08 1.23976237624
637.08 1.47510802775
638.09 1.81942857143
639.1 2.08494257426
640.11 1.91790891089
641.17 1.24300093545
642.19 0.86908235294
643.2 0.54178217822
644.24 0.45644228904
645.25 0.54178217822
646.26 1.14289303238
647.27 1.37756643357
648.27 1.46503096903
649.27 1.75383016983
650.31 1.5542504817
651.32 1.84205940594
652.35 1.37506796117
653.35 1.47510802775
654.37 1.0944
655.38 1.34930669331
656.39 1.56033267327
657.39 1.08914172448
658.41 1.353115727
659.41 1.17140931615
660.42 0.89302178218
661.43 1.24636963037
662.43 1.09548463826
663.45 0.73405490196
664.48 0.68533855186
665.49 1.08579960707
666.51 0.62230588235
667.73 0.62268852459
668.79 0.27902549575
669.94 0.1712973913
671.08 0.03836634531
672.11 0.42542274052
673.43 0.09113096139
674.45 0.57995682041
675.47 0.52574117647
676.49 0.65449411765
677.52 0.2868815534
678.63 0.08296936937
680.39 0.04352727273
681.4 0.7584950495
682.4 1.2901018981
683.41 1.12610589411
684.41 1.30736507937
685.42 1.37612673267
686.43 0.78466534653
687.44 1.34361980198
688.59 1.48852869565
689.6 1.67786350148
690.61 1.06050749251
691.61 0.82965079365
692.61 1.94608591409
693.62 2.01622377622
694.62 2.00857142857
695.63 2.00909306931
696.64 2.40740918164
697.64 2.33879365079
698.64 2.33967632368
699.65 2.14124083251
700.65 2.48634565435
701.81 2.44955996549
702.81 2.95192807193
703.82 1.41453320119
704.82 2.26768431568
705.83 2.57762874251
706.83 2.51250793651
707.84 2.71609910803
708.85 3.08182178218
709.85 3.0001998002
710.87 2.96868302257
711.87 3.0657982018
712.88 3.41026759167
713.89 3.20101386139
714.89 3.42658941059
715.9 2.61848166501
716.91 2.89437125749
717.91 3.00108730159
718.91 2.72687312687
719.92 2.45354645355
720.92 1.86292750745
721.93 2.51138278932
722.93 2.23488511489
723.94 1.97854509415
724.95 1.44256888008
725.96 1.38696237624
726.96 1.52423576424
727.97 2.28726546906
729.0 2.80890944123
730.02 3.22327843137
731.03 3.91616633663
732.04 2.86613972056
733.04 2.89885714286
734.05 2.55087524752
735.05 2.8034045954
736.07 2.9257232581
737.08 2.77842376238
738.09 1.98939147671
739.1 1.77704554455
740.13 1.43881941748
741.13 1.01677522478
742.14 0.90929376855
743.16 0.68803143418
744.17 0.83884356436
745.17 1.92421978022
746.18 1.76161744301
747.19 1.18108514851
748.23 1.40252065322
749.23 2.19754645355
750.24 1.54629365079
751.27 1.16877669903
752.28 0.68264554455
753.37 0.81743853211
754.38 1.44114059406
755.39 1.72286732673
756.39 1.51179241517
757.4 1.73714285714
758.4 1.89596003996
759.41 1.69653914767
760.42 2.30799207921
761.43 1.19641980198
762.44 1.37612673267
763.54 1.25771636364
764.55 1.77704554455
765.55 1.31065868263
766.56 1.23014469772
767.57 1.58357185332
768.58 1.57566732673
769.59 2.62672475248
770.75 2.51348965517
771.98 2.66406504065
772.99 3.24064606181
773.99 2.41719165839
774.99 2.46447952048
776.0 2.20631912785
777.01 2.41634851485
778.01 1.98342457542
779.02 2.10870168484
780.02 2.37247552448
781.03 2.08700891972
782.04 2.57254653465
783.04 1.86768862275
784.05 2.38222222222
785.05 2.33328271728
786.05 2.61753446553
787.07 1.74157956778
788.07 1.22904295704
789.08 2.04114285714
790.1 1.47438431373
791.11 0.95353663366
792.12 1.01754302671
793.13 0.79628939544
794.13 1.44316483516
795.13 2.02715684316
796.14 2.65736372646
797.14 2.36608191808
798.14 1.93969230769
799.19 2.52103816794
800.19 2.18661338661
801.19 2.59567632368
802.2 2.24107936508
803.25 2.65173333333
804.26 1.69951335312
805.28 1.2363064833
806.3 0.43320666014
807.3 1.40895808383
808.31 1.71759920239
809.31 2.11467729084
810.31 2.28955044955
811.32 2.39070763132
812.32 2.13194805195
813.32 2.10368831169
814.34 1.96155925563
815.35 3.07366067864
816.35 1.89930348259
817.35 2.07974451098
818.36 2.06285714286
819.36 2.5250329013
820.37 3.23749301397
821.37 1.48550049751
822.37 4.31216783217
823.37 4.43893013972
824.38 3.84146613546
825.48 3.41149592022
826.54 3.09132075472
827.58 3.15076923077
828.58 3.12685714286
829.58 2.42074725275
830.59 1.99136507937
831.59 2.70500699301
832.6 2.90845148515
833.65 3.02984175405
834.65 3.56500598802
835.66 2.99037301587
836.73 3.03913352007
837.73 4.01697502498
838.75 4.19303631011
839.75 4.4542977023
840.76 3.94802791625
841.81 2.90612878788
842.81 5.08841558442
843.89 4.27850973123
844.89 4.65109290709
845.9 4.58269322709
846.93 3.71323791103
847.93 3.71084915085
848.94 2.83540931615
849.94 4.04977422577
850.94 5.28521078921
851.95 1.79771996028
853.19 1.55575181305
854.2 2.00658077304
855.21 1.47961149653
856.21 1.79302297702
857.22 1.49979405941
858.22 2.50367232767
859.23 3.09574628345
860.24 2.05243564356
861.25 2.11954806739
862.25 2.25221178821
863.25 1.7428971029
864.31 2.15382058546
865.31 2.41620779221
866.32 2.42564285714
867.32 4.77751696607
868.32 4.32332135729
869.33 4.60621868787
870.33 3.89671128871
871.33 3.44845554446
872.34 3.38107936508
873.34 3.66072327672
874.34 4.47616383616
875.35 3.89835480674
876.36 3.9092011893
877.36 3.15326273726
878.37 3.00107936508
879.38 3.78239366963
880.38 3.45938861139
881.38 3.21886113886
882.39 3.28336507937
883.4 3.37888316832
884.41 3.60193267327
885.42 2.89761584158
886.42 2.93006193806
887.43 2.54507936508
888.43 2.44261338661
889.51 1.72847451344
890.51 2.05541658342
891.52 1.97658613861
892.53 2.71340990099
893.54 2.08250545094
894.54 1.97052295409
895.56 2.19756385069
896.56 2.56927072927
897.57 1.77246382557
898.58 2.17162772277
899.58 2.69777245509
900.59 2.34965079365
901.59 1.8084955045
902.59 2.72233366633
903.6 2.46419009901
904.6 2.9346013986
905.61 2.59936507937
906.61 2.75967232767
907.62 2.66186719524
908.62 2.47087312687
909.62 2.12555444555
910.63 1.93900297915
911.64 1.8528950495
912.64 1.85037924152
913.65 1.976
914.66 1.41313267327
915.66 1.63996003996
916.66 1.38749452736
917.67 1.8857689243
918.68 1.65151683168
919.68 1.86955444555
920.69 1.62061446977
921.7 1.71203168317
922.72 1.08705974535
923.73 0.87855698712
924.75 0.99881452404
925.82 0.72975536881
926.83 0.67247571853
927.84 1.06084272997
928.85 1.00771485149
929.86 1.20725544554
930.87 1.45341526264
931.87 0.73251548452
932.88 0.69798019802
933.9 1.28752941176
934.97 0.37843738318
936.0 0.74304558681
937.15 0.39481533101
938.16 1.3977980198
939.16 0.75438161838
940.18 0.63241527914
941.19 0.62336507937
942.2 0.66097425743
943.29 0.23092844037
944.29 1.23543656344
945.3 2.20413465347
946.3 1.99707492507
947.3 1.65910889111
948.44 1.42728998243
949.44 2.37247552448
950.45 1.01522939424
951.46 1.28816617211
952.46 1.4417245509
953.47 1.43907845084
954.47 1.12610589411
955.5 0.99974344023
956.51 0.47043168317
957.53 0.57938823529
958.55 0.49355294118
959.56 0.36841188119
960.58 0.43990588235
961.6 0.46136470588
962.91 0.37940763359
963.91 0.55758641359
964.93 0.26849852797
965.95 0.21458823529
966.96 0.28172673267
967.96 0.79811388611
968.96 1.53516883117
969.97 2.10628571429
970.98 1.13140594059
971.99 0.50927524752
973.05 0.40189830508
974.08 0.29808560311
975.09 0.6393029703
976.11 0.65449411765
977.13 0.64821960784
978.14 1.39503557312
979.16 1.50145383104
980.17 1.08087128713
981.17 1.75846706587
982.19 1.46653831041
983.35 1.91911724138
984.37 2.47849411765
985.39 1.59240784314
986.41 1.00955446516
987.43 0.61097747307
988.51 0.69327407407
989.52 0.856864222
990.53 0.86685148515
991.63 1.39700363636
992.63 1.39918334985
993.64 1.63832335329
994.64 1.74165079365
995.66 1.28752941176
996.67 0.92552871287
997.68 1.80395604396
998.68 2.32234965035
999.68 1.87828571429
1000.69 1.88502697303
1001.69 1.89596003996
1002.7 1.93065609514
1003.7 1.56172736318
1004.7 1.76762512463
1005.72 1.49437806072
1006.73 1.0944
1007.74 1.19192079208
1008.75 2.04362338949
1009.76 1.78154455446
1010.76 1.72742457542
1011.77 1.55553617443
1012.77 2.06634965035
1013.78 2.37701498501
1014.79 2.22781854043
1015.82 2.60369825919
1016.83 2.38597823937
1017.85 2.48538567223
1018.86 1.98144510978
1019.86 2.65673526474
1020.86 2.38222222222
1021.87 2.27861738262
1022.87 2.24107936508
1023.87 2.30687712288
1024.88 2.14742057942
1025.88 2.04565079365
1026.9 1.87764705882
1027.9 2.01622377622
1028.91 2.49273926074
1029.91 1.92622222222
1030.92 1.77070891089
1031.92 1.65089310689
1032.94 1.11695387635
1033.94 1.19624375624
1034.95 2.28955044955
1035.95 2.48180619381
1036.95 2.19983316783
1037.95 2.33328271728
1038.96 3.65973439049
1039.97 2.54003960396
1040.98 2.93805988024
1041.99 2.35882121807
1043.0 1.30477623762
1044.0 2.05541658342
1045.01 1.98742178218
1046.02 3.0657982018
1047.02 2.90336507937
1048.21 2.20181512605
1049.22 2.30799207921
1050.22 1.76476323676
1051.23 1.93065609514
1052.25 1.58167843137
1053.25 1.69462537463
1054.26 1.39303096903
1055.26 1.88914285714
1056.26 1.89596003996
1057.27 2.06531615461
1058.27 1.61809390609
1059.32 1.33972926597
1060.33 1.31111287129
1061.34 0.856864222
1062.35 0.61763168317
1063.98 0.17456687117
1064.99 0.48126732673
1065.99 0.56851948052
1067.0 0.86771060456
1068.05 0.23949762131
1069.08 0.29779591837
1070.09 0.39046977205
1071.1 0.31423366337
1072.47 0.18691174325
1073.48 0.59596039604
1074.5 0.91352306183
1075.75 0.38440927258
1076.76 0.48808721506
1077.76 0.91198401598
1078.8 1.02566956522
1079.81 1.31673372781
1080.82 0.83884356436
1081.83 0.99687920792
1082.83 0.95117682318
