1.0 2.08096703297
2.02 2.0521609421
3.03 2.7968189911
4.03 3.29825374625
5.13 3.86058598726
6.14 4.27929574679
7.14 2.79038561439
8.16 3.08003925417
9.16 3.24927872128
10.16 3.69166833167
11.17 3.41647619048
12.17 2.93747704591
13.18 3.1206221336
14.18 2.48481754736
15.19 2.14928316832
16.19 2.31087312687
17.19 2.71361438561
18.2 2.49407142857
19.27 2.31862558357
20.29 2.95058823529
21.29 2.78983416583
22.34 2.52794656489
23.34 2.14288111888
24.35 2.73023366337
25.36 2.94087920792
26.36 3.50462337662
27.37 3.21957936508
28.37 2.90282517483
29.37 2.73157328016
30.38 3.04471102284
31.47 3.0440293578
32.47 2.6786013986
33.47 2.24716883117
34.48 2.31292063492
35.52 2.34318539866
36.54 2.63128557409
37.54 2.07984015984
38.54 2.57229170829
39.66 2.30946990117
40.67 2.47640944882
41.69 2.45662622309
42.71 2.20503732809
43.71 2.07728271728
44.72 1.47134985134
45.77 2.3609914204
46.78 1.65621364985
47.8 1.18721893491
48.8 1.88725970149
49.8 3.33310689311
50.8 2.39242357642
51.8 2.39864935065
52.81 2.26914285714
53.82 2.07230891089
54.82 2.73129740519
55.83 1.71315873016
56.83 2.27407792208
57.84 1.88817443013
58.84 2.20527472527
59.85 2.35873267327
60.86 2.58971881188
61.88 2.66966045142
62.88 1.88093506494
63.88 2.2370989011
64.89 2.59961149653
66.03 2.66533333333
67.03 2.7114005994
68.04 1.82352428147
69.05 1.99614638971
70.24 2.227431455
71.24 2.28501098901
72.25 2.01674529237
73.26 1.81019188922
74.3 2.10142829644
75.3 2.13194805195
76.38 1.86594957983
77.38 2.45128245788
78.39 1.94990609391
79.39 2.23739940535
80.4 2.63486913087
81.4 2.20555004955
82.41 2.17482772277
83.42 2.0896950495
84.59 2.11073504274
85.6 2.613002997
86.6 1.73412187812
87.6 2.613002997
88.6 2.38359483615
89.61 2.14915484515
90.61 2.65726273726
91.62 2.40693756194
92.62 3.25399400599
93.63 2.46701288404
94.68 2.47443809524
95.68 3.13779020979
96.68 2.01626373626
97.69 2.1164876115
98.7 2.69110009911
99.7 2.69033366633
100.7 2.52453946054
101.71 2.96186323092
102.71 2.72278121878
103.72 2.52953815659
104.72 2.41937262737
105.72 2.85353046953
106.73 2.11234126984
107.73 2.11409181637
108.74 2.03062041625
109.86 2.16505714286
110.98 2.25567142857
111.99 2.22350842418
112.99 2.24024775225
113.99 2.6458021978
114.99 2.39038561439
116.19 2.73521202003
117.35 2.11583448276
118.35 2.38340859141
119.35 2.67408591409
120.35 2.71515684316
121.36 2.23626190476
122.36 3.45484915085
123.36 2.77625574426
124.37 3.17291269841
125.4 2.43460970874
126.41 2.86060990099
127.41 2.20163036963
128.42 1.83188107037
129.43 1.83413861386
130.44 2.24340594059
131.5 2.11174363808
132.51 2.0933518335
133.52 1.91150939664
134.52 1.83054545455
135.53 2.204
136.53 1.86660539461
137.54 2.36217029703
138.54 2.08726473526
139.67 2.47185119575
140.68 2.04155093966
141.68 3.20338861139
142.7 2.76484086444
143.7 2.74119480519
144.7 3.29225174825
145.71 2.66592063492
146.72 2.6200950495
147.72 2.35880919081
148.74 2.21242787046
149.75 1.69148514851
150.76 2.10175841584
151.77 2.63306138614
152.78 1.06148910891
153.79 1.45197623762
154.81 0.94781176471
155.82 1.30027722772
156.83 1.01855049505
157.85 0.67887843137
158.86 0.94176854599
159.87 1.31111287129
160.88 1.9283960396
161.88 1.83903296703
162.88 2.51460539461
163.89 2.00426190476
164.9 2.25381386139
165.9 1.84614585415
166.91 2.20181565907
167.92 1.92837982196
168.92 2.07255144855
169.93 2.65736372646
170.94 2.15500692384
171.95 1.81622200198
172.97 2.29609411765
173.97 1.99566033966
174.98 2.32176015857
176.05 3.06382803738
177.06 3.51462450593
178.07 2.03751833499
179.09 2.33468235294
180.1 2.13462178218
181.11 1.79822222222
182.2 1.73569230769
183.21 2.26464950495
184.22 1.94000792079
185.23 1.94575222993
186.24 1.76957467854
187.24 1.74636563437
188.25 2.58143904856
189.26 2.0128
190.26 2.32641916168
191.27 1.75646825397
192.28 1.31111287129
193.34 2.15819622642
194.34 2.05541658342
195.41 1.68865794393
196.42 1.7896531219
197.42 1.88048751249
198.42 2.03586013986
199.42 2.21941258741
200.43 1.71542857143
201.45 1.53582761998
202.46 1.55103270565
203.47 1.41946930693
204.49 0.9707424094
205.5 1.22442772277
206.53 1.14468035191
207.53 1.01692949355
208.54 1.11717740337
209.54 0.97304295704
210.54 0.544999001
211.58 0.4423946102
212.59 0.53094653465
213.59 0.53572027972
214.6 0.75924677899
215.64 0.71984630163
216.66 0.31392284866
217.66 0.55371428571
218.66 0.44825574426
219.7 0.63138461538
220.73 0.384
228.71 0.02338962666
229.71 1.82582217782
230.71 1.90427172827
231.89 1.9401187447
232.9 2.62222574257
233.9 2.03852947053
234.91 1.84447619048
235.91 2.00474725275
236.92 2.12216237624
238.06 2.19020895522
239.11 2.01148190476
240.28 2.05888300598
241.31 2.12055199223
242.31 2.60206993007
243.32 2.0882061447
244.33 2.16765940594
245.34 1.9438019802
246.34 2.11584415584
247.35 2.33197224975
248.36 1.89351833499
249.36 2.5802037962
250.39 2.5099941691
251.39 2.05594411178
252.58 2.0948272957
253.59 2.4921980198
254.59 1.82337662338
255.67 1.77513994439
256.67 2.19754645355
257.69 1.8070343474
258.69 1.8668502994
259.73 1.92620250723
260.73 2.5802037962
261.74 2.15615460852
262.74 2.5802037962
263.75 0.8170148662
264.76 2.34281863231
265.76 2.02455944056
266.77 2.51636075322
267.77 2.23617182817
268.78 2.01337561943
269.78 2.03582017982
270.79 2.0760753221
271.81 2.0715372549
272.82 2.03710891089
274.03 2.17452561983
275.05 2.5536
276.05 2.11004995005
277.06 2.09054761905
278.08 2.09906849315
279.08 2.613002997
280.09 1.9685958292
281.09 1.75713886114
282.1 2.09279365079
283.11 2.06716205534
284.12 2.432
285.13 1.98526607319
286.13 1.99965634366
287.14 2.05173809524
288.15 2.62482457879
289.16 2.19532673267
290.28 1.53015411869
291.29 1.96795204795
292.29 2.30826560951
293.3 2.5802037962
294.3 1.17794251734
295.32 2.38192941176
296.33 1.96217382617
297.34 1.98114059406
298.34 2.27216650149
299.36 2.62870588235
300.37 2.24489990089
301.38 2.63714171657
302.38 2.11521428571
303.39 1.90045508982
304.39 1.89333333333
305.4 2.1649851632
306.41 1.96224380575
307.43 1.78108235294
308.44 1.20160792079
309.46 1.36397252208
311.1 0.31363902439
312.11 1.55458217822
313.13 1.23509322866
314.14 1.44114059406
315.15 1.12173465347
316.16 1.15941386139
317.17 0.91605153617
318.17 2.099996004
319.32 2.01584682332
320.32 2.42774025974
321.74 1.59454827343
322.75 2.53171117705
323.75 2.38236163836
324.75 2.73674325674
325.76 2.19043495531
326.76 1.8767952048
327.76 2.23034565435
328.77 1.80170634921
329.78 1.89623762376
330.79 1.99375841584
331.79 1.7937022977
332.92 2.3450070922
333.92 2.44900699301
334.93 1.72911793855
336.12 1.38438991597
337.12 1.93515284715
338.25 1.54779096546
339.26 1.62534653465
340.26 1.58371257485
341.27 1.5303968254
342.29 0.96564705882
343.29 0.86371228771
344.3 0.12977425743
345.31 1.23933333333
346.32 0.78016633663
347.32 1.37756643357
348.34 0.94262610402
349.35 0.70362017804
350.36 0.77009316155
351.38 0.76178823529
352.4 0.84762352941
353.45 0.62927255461
354.46 1.05418867925
355.47 1.0944
356.48 0.99687920792
357.5 0.77352941176
358.51 0.92102970297
359.52 1.12690693069
360.53 1.0134019802
361.53 1.16983816184
362.54 1.64865014866
363.56 0.74411764706
364.58 0.83771540726
365.58 1.1917042957
366.59 1.91918415842
367.69 1.73146496815
368.71 1.49138823529
369.71 0.92046353646
370.72 2.06081268583
371.73 1.38125940594
372.74 1.30143366337
373.74 1.59463473054
374.75 1.21482539683
375.76 1.7011960396
376.77 1.11016237624
377.77 1.33250299401
378.78 0.88369047619
379.78 1.58982035928
380.79 1.50914285714
381.8 1.20634455446
382.8 1.5524955045
383.81 1.17140138751
385.04 1.31692357724
386.25 2.52334545455
387.26 2.75225346535
388.27 1.23275247525
389.27 2.26144255744
390.27 2.30595004995
391.28 2.68037301587
392.28 2.20985414585
393.29 2.17597633136
394.31 2.47291338583
395.31 2.47429370629
396.33 1.86166371681
397.49 0.99984840655
398.51 2.02785882353
399.53 1.72913052012
400.53 0.85273926074
401.53 1.60716083916
402.54 1.72933201189
403.55 1.94957623762
404.9 2.46479407407
405.9 3.69537662338
406.92 1.61390382728
407.92 2.01168431568
408.93 2.56706442022
409.94 2.63472475248
410.94 2.74012387612
412.03 2.26411029412
413.03 2.1761998002
414.04 2.25451881188
415.05 1.98454707631
416.06 2.00556039604
417.06 2.08821578422
418.06 1.47668331668
419.28 1.36165517241
420.29 1.19192079208
421.29 1.03864135864
422.3 0.70755996036
423.31 1.82038811881
424.31 1.70288911089
425.32 1.6422970297
426.32 1.4398001998
427.32 1.98384015984
428.42 2.14954462659
429.58 2.33870578085
430.69 2.57663423423
431.69 2.43807392607
432.71 0.96659470069
433.72 0.99887524752
434.72 2.9081958042
435.73 2.13488999009
436.73 3.19156043956
437.74 2.36258473736
438.74 2.46565434565
439.74 3.00356443556
440.75 3.11762933598
441.76 2.9727636004
442.92 2.58787920621
443.98 2.29821132075
444.98 2.59113686314
445.99 2.6293015873
446.99 2.4612027972
448.01 3.35830588235
449.02 0.92822178218
450.02 1.62902697303
451.04 2.77145098039
452.04 3.1272967033
453.05 2.79539225422
454.05 2.04061538462
455.06 2.0933518335
456.06 1.68628171828
457.07 1.77005940594
458.51 1.61065555556
459.51 1.98981818182
460.53 1.78539882122
461.55 0.46136470588
462.57 0.43990588235
463.89 0.64704848485
464.9 0.53094653465
465.94 0.29436311239
467.02 0.1115699722
468.02 0.68809580838
469.05 0.65940524781
470.06 0.31454509415
471.16 0.15463033606
472.19 0.21271137026
473.2 0.45464688427
474.23 0.38250873786
475.23 0.10933066933
476.44 1.32432092639
477.44 1.92421978022
478.44 1.93593606394
479.45 2.53144554455
480.47 1.80505304519
481.47 2.37247552448
482.48 2.54889990089
483.53 1.23484190476
484.54 1.98292277228
485.55 1.80955247525
486.56 1.87456633663
487.57 1.90707326733
488.58 1.87116122651
489.58 2.55833766234
491.71 0.75050446219
492.72 6.20170465808
493.72 2.15381418581
494.72 3.24712087912
495.73 2.33060852329
496.74 3.14233663366
497.75 2.52788107037
498.75 3.23618781219
499.76 2.56746878097
500.76 2.66766833167
501.76 2.37728542914
502.77 2.71428571429
503.79 1.88003140334
504.79 2.15381418581
505.79 2.97090618762
506.8 3.46342857143
507.8 3.08091908092
508.81 2.99916039604
509.9 3.81070825688
510.91 3.37322497522
511.91 2.74165834166
512.91 3.19245554446
513.91 3.25902897103
514.93 2.71532743363
515.93 2.63486913087
516.94 2.34769474727
518.03 3.27908340972
519.03 4.17643156843
520.04 2.50623587711
521.05 2.82005946482
522.64 0.3293492163
523.65 5.08865208748
524.65 2.91912887113
525.66 2.25270961348
526.66 2.74297702298
527.69 3.16939941691
528.71 1.86337254902
529.72 1.98488800793
530.77 2.47124714829
531.78 3.54676709613
532.78 2.78887512488
533.8 2.25538763494
534.81 1.0254970297
535.82 1.35445544554
536.83 1.27860594059
537.86 0.78626796117
538.86 1.14212187812
539.87 2.54889990089
541.08 2.38409917355
542.08 1.54357642358
543.14 1.40498583569
544.23 1.37013382218
545.3 1.29262488307
546.3 1.22366433566
547.47 0.90954319932
548.47 1.35488511489
549.48 1.67017821782
550.53 1.36512761905
551.68 1.46194782609
552.76 1.38397039778
553.98 1.55437377049
555.2 1.51463822806
556.2 3.48764835165
557.2 3.0691257485
558.21 1.29461767627
559.21 4.05616783217
560.32 3.06934774775
561.33 1.34361980198
562.34 0.84601783944
563.35 1.28944158416
564.35 0.53572027972
565.36 2.18590287413
566.36 1.3229010989
567.36 2.41620779221
568.36 3.11592407592
569.41 2.21078625954
570.41 1.72968631369
571.42 1.67957185332
572.42 1.26782817183
573.64 1.05161015561
574.65 0.91458730159
575.68 0.82007751938
576.69 0.83878691774
577.76 0.62497196262
578.76 1.06600599401
579.77 1.23294350842
580.95 0.78855301103
582.16 0.79790759076
583.17 0.69569047619
584.19 0.68982566112
585.22 0.59370097087
586.24 0.34996862745
587.25 0.497859545
587.49 0.99042060086
