1.01 2.13039444995
2.02 2.08494257426
3.02 2.07728271728
4.04 2.1846673209
5.12 1.67620740741
6.13 2.04793663366
7.13 1.68807992008
8.13 1.89856031904
9.14 1.25572166998
10.14 2.08821578422
11.15 2.0720553907
12.16 2.17593650794
13.16 2.45994005994
14.17 2.03076435644
15.19 2.24690196078
16.19 2.38340859141
17.19 2.05995604396
18.2 2.17809731877
19.2 2.17568031968
20.2 2.11462137862
21.21 2.79479365079
22.21 3.0001998002
23.22 2.74322939424
24.23 2.13040316206
25.24 1.44563960396
26.24 2.56927072927
27.24 2.54101098901
28.24 2.94553446553
29.25 2.28043781095
30.27 2.06247992165
31.27 2.53647152847
32.27 2.30048351648
33.28 2.35816848365
34.29 2.58594251734
35.29 2.70046753247
36.3 2.35583366337
37.31 2.14995643564
38.35 2.47967661213
39.35 1.89142057942
40.36 1.59892170466
41.37 2.15416023739
42.37 2.11462137862
43.38 2.14336507937
44.38 2.20847952048
45.39 1.55553617443
46.4 1.65785346535
47.4 1.73196403596
48.4 1.89142057942
49.41 1.68736507937
50.41 2.37701498501
51.42 1.82219226957
52.44 1.71043137255
53.44 1.92421978022
54.44 1.98342457542
55.46 2.11155992141
56.46 1.96795204795
57.46 1.80848751249
58.47 1.91085714286
59.47 1.81761277445
60.48 2.22571428571
61.48 1.90689310689
62.48 2.00529070929
63.49 2.36451139742
64.51 2.23617254902
65.51 1.90689310689
66.53 1.93508840864
67.53 1.62263336663
68.53 2.01168431568
69.54 1.96965079365
70.55 1.78154455446
71.55 2.44900699301
72.56 1.9676987116
73.56 1.88048751249
74.57 1.45791873142
75.57 1.68369230769
76.57 1.4477042957
77.59 1.78458153242
78.6 1.4022970297
79.6 1.56342857143
80.61 1.27353022795
81.62 1.27860594059
82.63 1.0944
83.63 0.86825174825
84.64 1.11717740337
85.65 1.03040634291
86.65 0.57305894106
87.66 1.06189306931
88.67 1.04022178218
89.69 0.56865882353
90.7 0.37291089109
91.72 0.61157647059
92.74 0.49355294118
93.75 0.59537091988
94.81 0.31002832861
95.86 0.23995424214
96.9 0.26232023011
97.95 0.22974045802
153.31 0.00355806015
154.37 0.23142641509
155.37 0.86371228771
156.38 1.04125272547
157.39 0.93186534653
158.4 1.04472079208
159.41 1.21359207921
160.42 1.20275643564
161.44 0.99156078431
162.46 1.21242352941
163.47 1.13774257426
164.48 0.75215841584
165.49 0.86685148515
166.5 0.68264554455
168.43 0.25517098446
169.44 0.86222222222
170.44 0.66691708292
171.45 0.7584950495
172.45 1.12610589411
173.47 0.88513444553
174.48 0.84601783944
175.48 1.07144055944
176.49 1.19641980198
177.52 1.37065631068
178.52 1.4212987013
179.52 1.02131468531
180.53 1.216
181.54 1.15422001982
182.55 1.11496735905
183.56 1.23526336634
184.58 0.85291462218
185.59 1.22442772277
186.6 1.28944158416
187.6 1.5789010989
188.61 1.65785346535
189.62 1.01221386139
190.63 1.2364876115
191.63 1.67275924076
192.63 1.14157842158
193.65 0.84845534838
194.66 0.82432507433
195.68 0.85207843137
196.69 1.25693465347
197.7 1.20275643564
198.7 0.76985414585
199.72 1.0310343474
200.73 0.89935841584
201.85 0.83462857143
202.88 1.12627572816
203.9 0.74032941176
204.91 0.72598811881
205.98 0.58724485981
207.01 0.70126601942
208.02 0.68264554455
209.04 0.53647058824
210.04 0.65598401598
211.05 0.67697918731
212.05 0.90653892216
213.08 0.90490272374
214.09 0.99687920792
215.11 0.88426666667
216.12 1.07272871287
217.12 1.01677522478
218.13 0.85052130823
219.14 0.83434455446
220.15 0.70431683168
221.17 0.67595294118
222.2 0.73528334956
223.21 0.63109180652
224.22 0.90839525692
225.23 0.93371428571
226.52 0.68222015504
227.53 1.5494970297
228.66 1.51487433628
229.68 1.8902296369
230.7 1.32417254902
231.7 1.57436163836
232.71 1.48595441031
233.72 1.29394059406
234.73 1.65785346535
235.74 1.17592071358
236.74 1.70555844156
237.74 1.31519361277
238.75 1.30285714286
239.76 1.06294549058
240.77 0.58962376238
241.77 0.76531468531
242.78 0.90024975223
243.78 0.79811388611
244.79 0.87219028741
245.79 1.1917042957
246.8 1.20275643564
247.81 1.04577998018
248.82 1.20275643564
249.82 1.02770829171
250.83 1.01221386139
251.84 0.95353663366
252.85 0.93186534653
253.86 1.13252725471
254.87 1.22442772277
255.87 1.26823576424
256.88 1.02304950495
257.89 1.28944158416
258.9 1.29071952428
259.91 1.18558415842
260.91 1.5196963037
261.92 1.59892170466
262.93 1.45054005935
263.94 1.25183746283
264.94 1.23543656344
265.95 1.17140931615
266.97 1.19541960784
267.97 1.97888511489
268.98 1.28437661051
269.99 1.37612673267
271.02 1.23693980583
272.03 1.27860594059
273.04 1.40863366337
274.04 1.30555044955
275.05 1.37749058474
276.06 1.20727920792
277.06 2.28501098901
278.06 1.72103096903
279.07 2.14971428571
280.07 1.28370829171
281.08 1.56187908821
282.09 1.15307722772
283.11 1.65232941176
284.12 1.47812277228
285.12 1.78208991009
286.13 2.00026164519
287.13 1.72742457542
288.14 1.11082656095
289.16 1.54503529412
290.17 1.47814653465
291.19 1.48065882353
292.19 1.2573026973
293.21 0.65959568204
294.22 1.18839091807
295.24 1.0545840708
296.25 0.65463762376
297.26 0.6393029703
298.27 0.7910019802
299.27 0.66691708292
300.3 0.66004669261
301.31 0.7189396637
302.31 0.83091308691
303.32 0.82432507433
304.33 1.18108514851
305.34 1.23976237624
306.35 1.47510802775
307.35 1.81942857143
308.36 2.08494257426
309.37 1.91790891089
310.44 1.24300093545
311.46 0.86908235294
312.47 0.54178217822
313.5 0.45644228904
314.51 0.54178217822
315.53 1.14289303238
316.53 1.37756643357
317.53 1.46503096903
318.53 1.75383016983
319.57 1.5542504817
320.58 1.84205940594
321.61 1.37506796117
322.62 1.47510802775
323.64 1.0944
324.64 1.34930669331
325.65 1.56033267327
326.66 1.08914172448
327.67 1.353115727
328.68 1.17140931615
329.69 0.89302178218
330.69 1.24636963037
331.7 1.09548463826
332.72 0.73405490196
333.74 0.68533855186
334.76 1.08579960707
335.78 0.62230588235
337.0 0.62268852459
338.06 0.27902549575
339.21 0.1712973913
340.35 0.03836634531
341.38 0.42542274052
342.7 0.09113096139
343.72 0.57995682041
344.74 0.52574117647
345.76 0.65449411765
346.79 0.2868815534
347.9 0.08296936937
349.66 0.04352727273
350.67 0.7584950495
351.67 1.2901018981
352.67 1.12610589411
353.68 1.30736507937
354.69 1.37612673267
355.7 0.78466534653
356.71 1.34361980198
357.86 1.48852869565
358.87 1.67786350148
359.87 1.06050749251
360.88 0.82965079365
361.88 1.94608591409
362.88 2.01622377622
363.89 2.00857142857
364.9 2.00909306931
365.9 2.40740918164
366.91 2.33879365079
367.91 2.33967632368
368.92 2.14124083251
369.92 2.48634565435
371.08 2.44955996549
372.08 2.95192807193
373.09 1.41453320119
374.09 2.26768431568
375.09 2.57762874251
376.1 2.51250793651
377.11 2.71609910803
378.12 3.08182178218
379.12 3.0001998002
380.14 2.96868302257
381.14 3.0657982018
382.15 3.41026759167
383.16 3.20101386139
384.16 3.42658941059
385.17 2.61848166501
386.17 2.89437125749
387.18 3.00108730159
388.18 2.72687312687
389.18 2.45354645355
390.19 1.86292750745
391.2 2.51138278932
392.2 2.23488511489
393.21 1.97854509415
394.22 1.44256888008
395.23 1.38696237624
396.23 1.52423576424
397.23 2.28726546906
398.27 2.80890944123
399.29 3.22327843137
400.3 3.91616633663
401.3 2.86613972056
402.31 2.89885714286
403.32 2.55087524752
404.32 2.8034045954
405.34 2.9257232581
406.35 2.77842376238
407.36 1.98939147671
408.37 1.77704554455
409.4 1.43881941748
410.4 1.01677522478
411.41 0.90929376855
412.43 0.68803143418
413.44 0.83884356436
414.44 1.92421978022
415.45 1.76161744301
416.46 1.18108514851
417.5 1.40252065322
418.5 2.19754645355
419.51 1.54629365079
420.54 1.16877669903
421.55 0.68264554455
422.64 0.81743853211
423.65 1.44114059406
424.66 1.72286732673
425.66 1.51179241517
426.67 1.73714285714
427.67 1.89596003996
428.68 1.69653914767
429.69 2.30799207921
430.7 1.19641980198
431.71 1.37612673267
432.81 1.25771636364
433.82 1.77704554455
434.82 1.31065868263
435.83 1.23014469772
436.84 1.58357185332
437.85 1.57566732673
438.86 2.62672475248
440.02 2.51348965517
441.25 2.66406504065
442.25 3.24064606181
443.26 2.41719165839
444.26 2.46447952048
445.27 2.20631912785
446.28 2.41634851485
447.28 1.98342457542
448.29 2.10870168484
449.29 2.37247552448
450.3 2.08700891972
451.31 2.57254653465
452.31 1.86768862275
453.32 2.38222222222
454.32 2.33328271728
455.32 2.61753446553
456.34 1.74157956778
457.34 1.22904295704
458.34 2.04114285714
459.36 1.47438431373
460.37 0.95353663366
461.39 1.01754302671
462.39 0.79628939544
463.4 1.44316483516
464.4 2.02715684316
465.41 2.65736372646
466.41 2.36608191808
467.41 1.93969230769
468.46 2.52103816794
469.46 2.18661338661
470.46 2.59567632368
471.47 2.24107936508
472.52 2.65173333333
473.53 1.69951335312
474.54 1.2363064833
475.57 0.43320666014
476.57 1.40895808383
477.57 1.71759920239
478.57 2.11467729084
479.58 2.28955044955
480.58 2.39070763132
481.59 2.13194805195
482.59 2.10368831169
483.61 1.96155925563
484.61 3.07366067864
485.61 1.89930348259
486.62 2.07974451098
487.62 2.06285714286
488.63 2.5250329013
489.63 3.23749301397
490.63 1.48550049751
491.64 4.31216783217
492.64 4.43893013972
493.64 3.84146613546
494.74 3.41149592022
495.8 3.09132075472
496.84 3.15076923077
497.85 3.12685714286
498.85 2.42074725275
499.85 1.99136507937
500.86 2.70500699301
501.87 2.90845148515
502.91 3.02984175405
503.92 3.56500598802
504.92 2.99037301587
506.0 3.03913352007
507.0 4.01697502498
508.02 4.19303631011
509.02 4.4542977023
510.02 3.94802791625
511.08 2.90612878788
512.08 5.08841558442
513.16 4.27850973123
514.16 4.65109290709
515.16 4.58269322709
516.19 3.71323791103
517.2 3.71084915085
518.2 2.83540931615
519.21 4.04977422577
520.21 5.28521078921
521.21 1.79771996028
522.45 1.55575181305
523.46 2.00658077304
524.47 1.47961149653
525.47 1.79302297702
526.48 1.49979405941
527.48 2.50367232767
528.49 3.09574628345
529.5 2.05243564356
530.51 2.11954806739
531.51 2.25221178821
532.51 1.7428971029
533.57 2.15382058546
534.57 2.41620779221
535.58 2.42564285714
536.58 4.77751696607
537.59 4.32332135729
538.59 4.60621868787
539.59 3.89671128871
540.59 3.44845554446
541.6 3.38107936508
542.6 3.66072327672
543.6 4.47616383616
544.61 3.89835480674
545.62 3.9092011893
546.62 3.15326273726
547.63 3.00107936508
548.64 3.78239366963
549.64 3.45938861139
550.64 3.21886113886
551.65 3.28336507937
552.66 3.37888316832
553.67 3.60193267327
554.68 2.89761584158
555.68 2.93006193806
556.69 2.54507936508
557.69 2.44261338661
558.77 1.72847451344
559.77 2.05541658342
560.78 1.97658613861
561.79 2.71340990099
562.8 2.08250545094
563.8 1.97052295409
564.82 2.19756385069
565.82 2.56927072927
566.83 1.77246382557
567.84 2.17162772277
568.84 2.69777245509
569.85 2.34965079365
570.85 1.8084955045
571.85 2.72233366633
572.86 2.46419009901
573.86 2.9346013986
574.87 2.59936507937
575.87 2.75967232767
576.88 2.66186719524
577.88 2.47087312687
578.88 2.12555444555
579.89 1.93900297915
580.9 1.8528950495
581.9 1.85037924152
582.91 1.976
583.92 1.41313267327
584.92 1.63996003996
585.93 1.38749452736
586.93 1.8857689243
587.94 1.65151683168
588.94 1.86955444555
589.95 1.62061446977
590.96 1.71203168317
591.98 1.08705974535
592.99 0.87855698712
594.01 0.99881452404
595.08 0.72975536881
596.09 0.67247571853
597.1 1.06084272997
598.11 1.00771485149
599.12 1.20725544554
600.13 1.45341526264
601.13 0.73251548452
602.14 0.69798019802
603.16 1.28752941176
604.23 0.37843738318
605.26 0.74304558681
606.41 0.39481533101
607.42 1.3977980198
608.42 0.75438161838
609.44 0.63241527914
610.45 0.62336507937
611.46 0.66097425743
612.55 0.23092844037
613.55 1.23543656344
614.56 2.20413465347
615.56 1.99707492507
616.56 1.65910889111
617.7 1.42728998243
618.7 2.37247552448
619.71 1.01522939424
620.72 1.28816617211
621.72 1.4417245509
622.73 1.43907845084
623.73 1.12610589411
624.76 0.99974344023
625.77 0.47043168317
626.79 0.57938823529
627.81 0.49355294118
628.82 0.36841188119
629.84 0.43990588235
630.86 0.46136470588
632.17 0.37940763359
633.17 0.55758641359
634.19 0.26849852797
635.21 0.21458823529
636.22 0.28172673267
637.22 0.79811388611
638.22 1.53516883117
639.23 2.10628571429
640.24 1.13140594059
641.25 0.50927524752
642.31 0.40189830508
643.34 0.29808560311
644.35 0.6393029703
645.37 0.65449411765
646.39 0.64821960784
647.4 1.39503557312
648.42 1.50145383104
649.43 1.08087128713
650.43 1.75846706587
651.45 1.46653831041
652.61 1.91911724138
653.63 2.47849411765
654.65 1.59240784314
655.67 1.00955446516
656.69 0.61097747307
657.77 0.69327407407
658.78 0.856864222
659.79 0.86685148515
660.89 1.39700363636
661.9 1.39918334985
662.9 1.63832335329
663.91 1.74165079365
664.93 1.28752941176
665.94 0.92552871287
666.94 1.80395604396
667.94 2.32234965035
668.95 1.87828571429
669.95 1.88502697303
670.95 1.89596003996
671.96 1.93065609514
672.96 1.56172736318
673.97 1.76762512463
674.99 1.49437806072
676.0 1.0944
677.01 1.19192079208
678.02 2.04362338949
679.03 1.78154455446
680.03 1.72742457542
681.04 1.55553617443
682.04 2.06634965035
683.04 2.37701498501
684.05 2.22781854043
685.09 2.60369825919
686.1 2.38597823937
687.12 2.48538567223
688.12 1.98144510978
689.12 2.65673526474
690.13 2.38222222222
691.13 2.27861738262
692.14 2.24107936508
693.14 2.30687712288
694.14 2.14742057942
695.15 2.04565079365
696.17 1.87764705882
697.17 2.01622377622
