1.0 1.47912887113
2.69 1.49408644168
3.7 1.37123168317
4.87 1.34196413322
6.01 1.19629850746
7.01 1.42241758242
8.02 1.70825768087
9.03 1.71362215628
10.03 1.83899300699
11.04 1.3434047619
12.18 2.45558669002
13.18 2.93892507493
14.19 2.38107646475
15.3 2.77773537354
16.31 2.95332277228
17.34 2.81220194175
18.41 3.20573246024
19.42 3.6268090999
20.48 2.74627924528
21.48 3.716995005
22.49 2.40040436075
23.49 2.43842557443
24.5 0.36117460317
25.54 0.23150769231
26.56 0.48235063663
27.57 1.10523564356
28.58 0.34352428147
29.58 0.86371228771
30.59 0.99786719524
31.59 0.59331068931
32.6 0.3036987116
33.69 0.17068623853
34.72 0.24438058252
35.81 0.17068623853
36.88 0.15313432836
38.03 0.63434638816
39.04 2.01542970297
40.04 1.73257942058
41.05 1.55540138751
42.06 1.39915247525
43.07 1.50561584158
44.07 1.51278243513
45.08 1.68750793651
46.1 2.24807835455
47.11 2.14626759167
48.11 2.34142657343
49.12 1.97277304262
50.12 1.00584215784
51.13 1.08923686819
52.14 1.70904055391
53.14 2.89310978044
54.15 2.5442224429
55.15 2.413002997
56.15 2.29247552448
57.16 2.27311000991
58.18 2.26212732615
59.19 2.83371428571
60.2 2.00045148515
61.52 0.84298181818
62.52 2.66766833167
63.54 0.66199803729
64.55 2.11295049505
67.57 0.29397615894
68.57 2.0205988024
69.58 2.66437301587
70.59 1.27860594059
71.6 1.06186138614
72.61 0.91019405941
73.63 0.68668235294
74.89 0.23396825397
76.04 0.09516521739
77.05 0.10835643564
78.11 0.08259622642
79.17 0.20649056604
80.21 0.15784615385
81.33 0.10748571429
82.35 0.54666405485
84.07 0.2672372093
85.16 1.04741230487
86.18 1.42701176471
87.18 1.02770829171
88.19 0.84065014866
89.2 1.83667924528
90.2 2.01427716849
91.2 1.01677522478
92.21 0.76781027668
93.23 0.98301671583
94.23 1.2901018981
95.36 1.14554336283
96.38 0.90215505397
97.39 1.25693465347
98.4 1.31354302671
99.4 2.0205988024
100.41 1.41108548708
101.42 1.40196226415
102.42 0.8486374502
103.42 1.31196803197
104.42 1.34476723277
105.43 0.99411694747
106.45 1.22315294118
107.46 1.13774257426
108.47 1.31111287129
109.47 1.01253946054
110.49 1.25657311089
111.5 0.93431287129
112.51 1.10523564356
113.53 0.75641568627
114.55 1.00856470588
115.56 0.76652673267
116.59 0.98814757282
117.6 0.86625966303
118.6 1.41036563437
119.6 1.32083116883
120.61 1.777728444
121.64 1.49170485437
122.64 2.41620779221
123.7 1.64265911237
124.7 2.69633566434
125.7 2.03394205794
126.71 1.62115873016
127.71 1.54502297702
128.72 1.6355529179
129.73 1.96711111111
130.73 2.04448351648
131.74 1.7502970297
132.74 2.18272127872
133.76 1.97230588235
134.77 2.05819047619
135.77 2.33796603397
136.78 2.0933518335
137.88 1.65061090909
138.88 2.44900699301
139.88 1.71238361638
140.89 2.61657142857
141.98 1.74256694367
143.0 2.18241245136
144.01 2.49740336967
145.01 2.49915684316
146.01 2.94475124875
147.55 1.42294408322
148.56 2.8361305638
149.6 1.5567
150.6 2.85353046953
153.6 0.35497531688
154.61 2.05673590504
155.62 2.11440792079
156.63 2.48540990099
157.63 2.15264735265
159.55 1.14783116206
160.56 2.6764039604
161.57 0.73002985075
163.54 1.21142510121
165.54 1.1912156078
167.6 1.23370287384
168.6 2.07577358491
169.61 1.62242376238
170.62 2.08044356436
171.63 2.23214257426
172.63 1.8686033966
173.64 2.44043607532
174.64 2.31340659341
175.65 2.6465173439
176.68 1.85451272016
177.77 2.1701129326
178.78 2.19963564356
179.78 2.12241358641
180.8 1.92830618253
183.58 0.85348776978
184.58 2.14288111888
185.59 1.09277304262
187.54 1.50468102564
189.53 1.52867939698
191.52 1.68264120603
193.54 1.65426534653
200.57 0.43637843221
201.62 0.39606857143
202.67 0.7296
203.74 0.88983925234
204.77 1.35837051406
205.77 2.65901298701
206.78 4.30991616766
207.78 4.8503777336
208.78 4.48411588412
209.78 2.42240959041
211.55 1.15118145845
213.53 1.66703587671
215.55 1.53072079208
216.59 2.9576
217.6 4.23852027695
219.54 1.81000412371
221.78 1.67457615007
223.53 1.911296
225.55 1.42049108911
227.53 1.28254545455
229.88 0.79351829787
235.45 0.36874478792
236.46 0.36841188119
237.51 0.66706285714
238.53 0.80549558391
239.53 1.27624375624
240.54 2.8281029703
241.55 2.7712950495
242.56 2.68723960396
243.57 1.70964752475
244.63 2.24079245283
245.64 3.13922848665
246.65 2.30052725471
247.66 2.6764039604
248.67 1.23755247525
249.67 1.89142057942
250.68 2.10419821606
251.68 1.39158441558
252.69 1.49680079286
253.7 1.52782574257
254.71 1.33889108911
255.71 0.8628502994
256.72 0.65142857143
257.75 0.48876116505
258.78 0.51001165049
271.69 0.00762411951
272.75 0.09300849858
273.85 0.08946049046
274.86 0.14705742574
275.87 1.33278415842
276.88 1.30148910891
277.98 1.20577493138
279.09 1.7818442256
280.21 1.87807142857
281.27 1.96667169811
282.32 1.98477617675
283.32 1.8584420218
284.6 1.3167
285.82 1.45042444261
286.82 1.8932027972
287.82 1.96312698413
288.83 1.9713966034
289.83 1.98374425574
290.83 1.92573826174
291.83 1.76741211519
292.98 1.70068173913
293.99 2.60206993007
295.18 1.02245378151
296.18 1.33410505451
297.37 1.60186890756
298.38 1.99375841584
299.39 1.66544655345
300.39 1.75104095904
301.39 1.71702697303
302.4 1.99318253968
303.41 1.97428288823
304.41 2.11565234765
305.45 1.65613102119
306.77 0.91405869074
307.79 1.66703857567
308.79 1.16409910803
309.81 1.56961424332
310.82 1.69036039604
311.83 1.3022019802
312.83 1.90896333003
313.84 1.62392007992
314.86 1.68050980392
316.09 2.02159349593
317.1 2.12014131501
318.17 2.0974728972
319.28 2.11723887375
320.5 2.15670163934
321.5 1.24636963037
322.51 1.68115758176
323.51 1.95701898102
324.52 1.35092170466
325.52 2.14288111888
326.53 1.67056491576
327.55 1.72891764706
328.55 2.49273926074
329.74 1.69797813288
330.75 2.68723960396
331.76 1.73535049505
332.76 1.60057542458
333.77 2.03911992071
334.78 1.21250693069
335.81 2.20118575553
336.82 2.5802037962
337.83 1.28528316832
338.83 1.71649150849
339.84 2.01568285431
343.54 0.78327783784
344.55 2.78476039604
347.54 0.32430234114
348.55 2.55721188119
349.95 0.44113062099
350.96 2.16712871287
351.96 0.99311088911
352.98 1.7145540275
353.98 2.39195209581
354.99 2.0516984127
356.0 1.98292277228
357.0 2.04448351648
358.01 2.42168483647
359.01 2.63908891109
360.02 3.55666204163
363.54 1.01634318182
364.55 2.31882772277
365.57 1.70028235294
366.58 2.12378613861
367.75 1.47344273504
368.76 1.74281305638
369.76 1.76521878122
370.77 2.46348412698
371.77 1.37559240759
373.55 0.9784688027
375.54 1.1920120603
377.55 0.99523421183
379.55 0.85268165917
381.88 0.89939175258
383.57 1.2792852071
385.54 1.33072754947
386.54 3.13779020979
387.6 1.94229272899
388.61 2.44043607532
389.61 2.31781018981
390.61 2.0232967033
391.63 1.76887144259
393.53 1.38554186414
394.53 2.38340859141
395.54 0.61256237624
396.54 2.31781018981
397.55 1.36174257426
398.55 2.29594405594
401.55 0.39044162775
402.55 2.56927072927
403.56 1.42223984143
404.56 2.50367232767
405.57 0.85435084242
406.58 2.80643168317
407.58 1.30570858283
408.59 2.97485714286
409.59 0.50395204795
410.6 2.98275520317
411.61 2.51955643564
412.62 2.04092673267
415.54 0.87371232877
416.55 2.60055445545
417.55 0.17355444555
419.54 1.1345158371
420.56 0.93345882353
421.59 0.53126213592
422.6 0.42259009901
423.61 0.99117623762
424.61 1.79418981019
425.63 1.55729146222
426.64 0.31423366337
428.33 0.07761702128
429.33 1.67157642358
430.34 2.51293650794
431.35 2.2689029703
432.36 2.06483168317
433.37 1.57475643564
434.38 1.0087135778
435.54 0.8360583691
436.55 1.69877014925
437.55 2.08623552894
438.55 2.25208391608
439.56 2.77132075472
440.71 1.72681841877
441.71 2.19661938062
445.55 0.48725169359
446.56 1.12690693069
447.56 1.33383416583
449.58 0.08187326733
450.59 1.43172249752
452.12 0.89859346405
453.12 1.33383416583
454.15 1.70450436469
455.32 1.95955517536
456.32 2.72233366633
457.32 2.44976623377
458.33 2.45371428571
459.55 0.4933442623
461.54 1.2727959799
462.54 2.6868502994
463.56 0.07442043222
464.56 1.74929070929
465.56 1.73885314685
466.57 2.23657142857
467.57 2.43807392607
468.58 1.56482061447
469.59 2.42718415842
470.59 1.42867532468
471.61 1.18304219823
472.62 0.7809395441
473.63 0.97424332344
474.64 0.67860594059
475.65 1.14857821782
476.66 1.39478811881
477.83 1.2007042735
478.83 1.02361791045
480.05 0.06305185185
481.09 0.09470769231
482.12 0.5737631068
483.13 0.31474851485
484.29 0.29246896552
486.06 0.40189830508
488.06 0.16407796102
490.24 0.00502248738
491.58 0.00816716418
496.19 0.00711882047
497.19 1.7103681592
498.2 1.90180079681
499.27 1.7169046729
501.62 0.70519148936
502.63 2.08155247525
503.63 1.80294905095
504.64 2.12103072349
505.7 1.58971320755
506.7 1.84353692615
507.71 2.25011111111
508.71 1.89508091908
509.71 2.41144455544
510.72 2.82285714286
511.82 2.08761454545
513.01 2.81414970563
514.16 2.31547523892
515.34 2.32732145886
516.34 2.82073126873
517.54 0.23196666667
519.53 1.43878994975
520.54 2.66556831683
521.55 0.18903264095
522.57 2.61797647059
523.58 2.23002576809
524.58 2.543000999
527.52 0.13097243961
528.52 3.72817582418
529.54 0.9785750736
530.54 3.23618781219
531.54 2.10640559441
532.55 2.07701587302
533.73 2.22438611346
535.52 1.74379441341
536.55 3.31131650485
537.55 2.81238761239
539.52 1.31444308943
540.52 2.79886513487
541.53 0.22662178218
543.52 1.39249069884
545.52 1.401068
547.52 1.41482
549.52 1.386056
551.52 1.297256
553.52 1.119692
554.53 2.72684470821
555.54 2.86344499504
556.54 2.82977022977
559.51 0.83146666667
560.51 2.73326673327
561.51 2.85353046953
562.52 2.25269513406
565.52 0.5043892036
572.47 0.42258220559
573.5 0.77564271845
574.52 1.01929411765
575.52 1.11253546454
576.52 1.49633532934
577.55 1.45900389105
578.56 1.73542120912
579.56 1.1777982018
580.57 1.58357185332
581.57 1.6983976024
582.57 2.37921278721
583.57 2.4167032967
584.7 2.8574964539
585.7 3.61631137725
592.26 0.23367798934
593.31 0.41691428571
594.36 0.67748571429
595.36 0.95117682318
596.39 1.39091156463
597.4 2.7022512364
598.41 4.18078721279
599.41 2.43963492063
600.41 2.11045754246
601.43 2.26748170129
602.43 2.23202380952
603.54 1.05517117117
605.54 1.270592
607.62 0.94066538462
608.63 0.74840039643
609.67 0.78923076923
610.9 0.42626807474
611.92 0.30042352941
612.92 2.19754645355
613.93 1.6526970297
614.97 1.77918768046
615.98 1.29714741036
617.0 1.42742634146
618.0 1.57436163836
619.01 1.27860594059
620.2 0.73078991597
621.2 1.2573026973
622.21 1.20394846383
623.22 0.44426138614
624.23 1.00495049505
625.23 2.16474725275
626.24 2.24427353816
627.3 2.67485768143
628.31 2.87620758483
629.55 1.96617419355
630.57 2.68392982456
631.78 1.81170247934
633.53 1.190112
635.56 1.03880649926
637.56 1.1227893947
639.55 1.12447212456
641.56 1.16275324675
643.54 1.23754527163
645.55 1.32776903932
646.55 3.14872327672
647.55 0.3799000999
648.56 2.736
649.57 1.19534257426
650.57 1.20263736264
651.58 1.18225569871
652.58 1.4540979021
653.59 0.5940039604
654.6 0.73755401388
655.61 1.36529108911
656.61 1.73835764236
657.62 2.09127920792
658.62 2.33317882118
659.63 3.31671428571
660.63 2.63115284715
661.64 2.70891089109
662.64 2.21412987013
663.66 1.60902845927
664.69 1.44643731778
665.69 0.6343976024
666.7 2.02963672655
667.86 1.9192260274
668.87 2.20828486647
669.88 1.13507234886
670.91 0.42500970874
671.95 0.24226371511
672.97 0.45019392752
674.27 0.28622769231
675.3 0.89862756598
676.3 1.38025396825
677.32 2.07838575668
678.32 1.62597619048
679.33 1.71203168317
680.33 1.1615984016
681.36 1.45777081293
682.53 1.30563667233
683.54 1.50615445545
684.56 0.89054117647
685.56 0.63411788212
686.6 0.99584985563
687.62 1.01929411765
688.63 0.7910019802
689.63 0.69971628372
690.64 1.1405827552
691.65 1.77704554455
692.75 1.06923160763
693.76 0.94363528246
694.9 0.5472
695.92 1.79181176471
696.93 1.1348990099
697.94 1.78788118812
698.97 1.3517592233
699.98 2.0472358209
700.98 1.30674626866
701.98 1.21353846154
703.0 1.87271216617
704.19 1.37028380634
705.19 0.94024375624
709.2 0.08107557995
710.36 4.70195862069
711.36 1.49783016983
712.56 1.51490848027
713.56 1.85473141724
714.57 1.91265534466
715.58 1.78154455446
716.59 1.5465515211
717.6 0.94724281467
718.61 1.02938613861
719.62 0.99702970297
720.62 1.92421978022
721.63 1.33367432567
722.64 1.85800981354
723.65 1.37612673267
724.66 0.9277938553
725.76 1.09544
726.77 1.56961424332
727.78 0.94060654113
728.98 1.3006
729.98 0.85277922078
730.99 1.78973826174
731.99 2.0268543112
733.02 1.59374389052
734.03 1.85931170108
735.04 1.90678019802
736.05 1.52782574257
737.13 0.49174074074
738.14 1.2901018981
739.14 1.46086025768
740.16 1.43742745098
741.17 1.52933994054
742.17 1.28973426573
743.18 1.4597002997
744.18 1.39074603175
745.18 1.45420979021
746.24 1.54547924528
747.25 1.7337029703
748.26 0.8987009901
749.28 1.26731305201
750.28 0.90893106893
751.29 1.0846382557
752.29 0.84045554446
753.3 0.88852277228
754.32 0.86221958457
755.33 0.98807458292
756.36 1.12548481881
757.36 1.10778021978
758.36 1.2573026973
759.36 1.38022641509
760.37 1.17470891089
761.39 1.2768
762.4 1.30103496503
763.42 1.08713450292
764.42 1.65851246261
765.44 1.12141176471
766.52 1.2042054155
767.52 1.53062937063
768.52 1.17013492063
769.53 1.07272871287
770.54 1.02938613861
771.55 0.91019405941
772.56 0.69484915085
773.56 0.84601783944
774.58 0.92011869436
775.58 0.70710009911
776.6 0.89054117647
777.62 0.86908235294
778.63 0.96210989011
779.64 1.01855049505
780.64 0.55231137725
781.66 0.70331450828
782.76 1.17674181818
783.8 0.90498461538
784.82 0.7296
785.84 0.51173333333
786.85 0.74765940594
787.93 0.42379259259
788.94 0.39359040959
789.94 0.54231912785
790.95 1.22689021956
791.96 1.76841147379
792.96 1.32028599801
793.98 1.63287660415
794.99 1.91085714286
795.99 1.29346283449
797.0 1.609998002
798.0 2.04996630327
799.01 1.42771628372
800.03 1.82094901961
801.03 1.35493306693
802.05 1.73987046124
803.05 1.28019180819
804.06 1.39918334985
805.07 1.11607128713
806.17 0.85040937782
807.19 1.19096470588
808.2 1.23543656344
809.22 0.81463945578
810.23 1.00584215784
811.24 0.66097425743
812.25 0.67672079208
813.33 1.53792592593
814.34 2.06960792079
815.34 1.54369660679
816.35 0.59623992134
817.36 0.51282951147
818.37 2.03123015873
819.38 1.5884990099
820.39 1.19106534653
821.4 1.28944158416
822.4 1.73300099701
823.41 1.3945183714
824.41 1.20811964108
825.42 1.0615049505
826.43 1.14499304866
827.44 1.55454257426
828.44 2.26088622754
829.45 1.85834920635
830.46 1.85503461919
831.47 1.79328444004
832.5 1.83690873786
833.5 2.15381418581
834.52 1.38654367026
835.53 0.47676831683
836.53 0.92931068931
837.55 1.37367615309
838.56 1.15941386139
839.58 0.68668235294
840.59 0.56345346535
841.6 0.79358415842
842.63 1.23252815534
843.64 0.71515247525
844.85 0.60325289256
845.87 0.50428235294
846.88 0.85601584158
847.92 0.86289230769
848.93 0.31423366337
849.94 0.36841188119
851.01 0.25570093458
852.02 0.17798019802
853.03 0.21671287129
854.04 0.23838415842
855.08 0.28385014409
856.09 0.3036987116
857.12 0.23375533981
866.78 0.00226443203
867.8 0.10729411765
868.83 0.10625242718
869.9 0.1019944082
871.05 0.07633129904
872.12 0.09205233645
887.03 0.00587085094
888.4 1.04556954612
889.5 1.21108310502
890.53 2.19692427184
891.55 2.42345578231
892.62 1.97513857678
