1.0 2.44314885115
2.01 2.73149206349
3.01 1.68737662338
4.21 1.19590666667
5.27 1.63202264151
6.27 1.33963636364
7.28 2.06365148515
8.29 2.2670049554
9.29 2.37683916084
10.3 2.8515009901
11.48 2.15237319763
12.48 2.4208031968
13.52 1.91690471607
14.69 2.21271111111
15.7 1.86982178218
16.78 0.95187407407
17.8 0.65449411765
18.82 0.21416829746
19.87 0.13575572519
20.89 0.15021176471
21.93 0.33641498559
23.0 0.1227364486
24.03 0.07634951456
25.04 1.52782574257
26.04 1.57378621379
27.06 1.22480863592
28.06 1.57436163836
29.07 1.29414469772
30.09 1.34714985309
31.1 1.08356435644
32.11 0.99762140733
33.12 1.04022178218
34.24 0.93047636039
35.25 0.58512475248
36.27 0.1718390579
37.31 0.16836923077
38.33 0.21458823529
39.72 0.10228037383
40.73 0.47676831683
41.74 1.04057029703
42.88 1.31134736842
43.89 2.35193663366
44.92 2.00083802134
45.95 2.19996101365
47.1 1.90855854293
48.1 2.705998002
49.1 3.219004995
50.11 2.5446580773
51.11 2.94274525475
52.12 2.08123686819
53.12 1.68832767233
54.13 1.48465411298
55.13 1.59496503497
56.14 1.67146878097
57.14 2.40808791209
58.15 3.09862438057
59.16 2.36838019802
60.16 2.62393606394
61.16 2.18706093906
62.17 2.33013492063
63.17 2.91558041958
64.18 2.8892039604
65.19 2.3936379822
66.33 2.58749425287
68.0 1.80006674613
70.0 1.389544
72.0 1.48414
74.01 1.28707707608
75.02 2.7114005994
76.02 2.59057142857
77.02 2.10296903097
78.27 2.05281665332
79.27 3.01752647353
82.03 0.16790434783
83.13 2.59383272727
84.21 2.61291851852
86.04 1.80399125683
87.05 2.62393606394
90.07 0.53333509409
91.08 2.76606593407
92.08 0.63260257681
93.09 2.11295049505
94.1 1.6025014985
96.01 0.95716020942
97.02 2.50303366337
98.03 2.03614257426
100.01 0.81598383838
102.02 1.28197412935
104.0 1.06340606061
105.01 2.25381386139
106.01 0.63005794206
108.07 0.60765420107
110.0 0.71196685655
112.01 0.69235241414
114.04 0.72712161497
116.09 0.5300097561
118.02 0.5940093216
120.0 0.57046184942
121.01 1.69951335312
122.27 0.17765845909
124.02 1.02079085714
126.01 0.91342311558
128.02 0.91433515664
130.09 0.63456618357
132.02 0.69267979275
134.0 1.13734949495
139.53 0.26722401012
140.55 0.37552941176
141.61 0.67109433962
142.65 0.92603076923
143.65 1.21532067932
144.65 3.30454345654
145.67 3.36790578999
146.68 2.71263366337
147.68 3.6403996004
148.69 3.27162772277
152.05 0.96844775231
153.05 3.45484915085
155.98 1.06678047115
156.98 2.72116683317
158.0 1.71959215686
160.05 1.6818497561
162.0 1.22196512821
163.99 1.20210251256
165.98 1.27275979899
167.99 1.75174925373
169.17 3.89451525424
170.17 5.04014385614
171.17 4.0954965035
172.2 1.6733540856
173.99 1.50235530726
176.05 1.37067054828
177.99 1.44648737764
179.98 1.53404927099
185.56 0.57024516129
186.6 0.4104
187.61 0.70431683168
188.62 0.78016633663
189.63 1.29056633663
190.75 2.53047857143
191.76 4.00086166008
192.81 3.85322402288
193.98 1.41619161677
197.54 0.81147865169
198.54 2.11008191808
199.99 1.18700345066
205.51 0.10319477693
206.52 0.39008316832
207.52 0.48922277722
210.26 0.10076788321
211.28 1.03345098039
212.3 0.23278431373
213.99 0.197669627
215.01 0.73059353575
216.01 0.53262737263
218.07 0.3315862069
223.62 0.12792943294
224.68 0.36135849057
225.71 0.4327914646
226.85 0.49536084284
227.86 0.69507418398
230.55 0.06042527881
232.03 0.32645405405
234.02 0.27719396985
235.06 0.47353846154
236.08 0.20167843137
237.09 0.32506930693
238.11 0.35407058824
239.21 0.11829972752
240.23 0.28144807122
241.25 0.17033463035
255.44 0.0054017769
256.46 0.10723921569
257.46 1.58529470529
258.46 1.73247552448
259.47 2.3211258672
260.47 1.97701498501
261.48 1.98184340932
262.48 1.91328671329
263.48 1.9110259481
264.52 2.08817726397
265.53 2.07287215064
266.56 1.98948593598
267.57 2.07897029703
268.58 2.05010693069
269.58 2.05456573705
270.59 2.05587263682
271.68 1.63701098901
272.76 1.97357777778
273.93 1.79651668092
274.94 1.93756831683
275.95 2.22692566898
276.95 2.00360878244
277.95 2.05693506494
278.96 2.06338888889
279.96 2.00300998004
280.96 2.10491108891
281.98 2.49411394892
282.99 2.24060257681
284.01 2.5536
285.02 2.64128189911
286.03 1.71628939544
287.18 1.80059826087
288.18 2.23034565435
289.19 1.81616617211
290.27 2.02043784787
291.27 2.60206993007
292.27 2.06912287712
293.29 2.06124435721
294.3 2.00821364985
301.17 0.37232246799
302.19 2.01121407625
303.28 1.98670101196
306.02 0.2698402043
308.01 0.49997385621
310.02 0.22503084577
312.01 0.23295228528
314.02 0.2312119403
316.02 0.233528
318.02 0.24272
320.01 0.25740703518
322.02 0.26268656716
324.02 0.229392
326.01 0.27185133099
328.01 0.231508
330.01 0.448204
332.03 0.24597623762
336.01 0.13332864322
338.08 0.27399323998
340.07 0.27720864756
342.01 0.31225965997
348.22 0.10598647343
349.23 0.37924752475
350.28 0.52642435775
351.29 0.73332277228
352.3 0.88811881188
354.01 0.24019181287
356.02 0.39104079602
358.05 0.3917320197
364.58 0.11279423931
365.6 0.37589793916
366.61 0.55945400593
367.64 0.66445825243
368.64 0.97830969031
369.64 1.27541258741
370.65 1.40033333333
372.06 0.53877817151
374.07 0.23098855152
376.08 0.26049129786
378.04 0.39997958142
380.07 0.36000787789
382.07 0.289548
384.08 0.27890945274
386.07 0.26679798995
388.07 0.307756
390.07 0.28371014493
392.32 0.28640711111
398.05 0.1142655732
399.07 0.3648
400.12 0.48946425167
401.12 0.69627172827
402.19 0.31350420954
404.03 0.30796521739
406.08 0.27355241346
408.04 0.2519755102
410.11 0.22097004831
415.76 0.0896076555
416.77 0.35757623762
417.78 0.47186534653
418.78 0.59255144855
420.02 0.0388516129
422.08 0.21100970874
424.03 0.22457846154
425.04 0.83662574257
426.04 0.10653346653
428.11 0.54514064766
429.18 0.69825794393
430.18 0.59706693307
432.32 0.09161495327
437.55 0.08761948424
438.66 0.46474234234
442.07 0.14743225806
444.06 0.2528040201
446.13 0.248247343
448.05 0.3088375
450.01 0.31994285714
452.06 0.24631804878
454.09 0.26469753695
456.05 0.27203280369
458.08 0.35402561576
460.03 0.31997538462
462.08 0.24326634146
464.07 0.25924020101
466.12 0.22353696498
468.02 0.22578997361
470.11 0.19619521531
472.02 0.46364397906
474.08 0.23560776699
476.04 0.25415918367
478.08 0.23377168055
480.08 0.25025712856
482.06 0.45725593135
484.06 0.212724
491.06 0.06805883193
492.1 0.3172173913
493.15 0.15896310312
494.17 0.48329735034
495.3 0.48853852967
496.32 0.96597647059
498.02 0.18150117647
500.07 0.30801170732
502.14 0.25202705314
503.14 0.91174425574
506.07 0.07020341297
508.33 0.24903592018
510.05 0.30957913043
512.32 0.22745726872
514.36 0.24047843137
520.33 0.08700771036
521.33 0.41545654346
522.34 0.59858077304
523.38 0.79272307692
524.38 0.48711288711
526.06 0.14332817153
528.02 0.60996734694
530.07 0.25894100439
532.1 0.53484926108
537.53 0.09240353461
538.54 0.40131615461
539.54 0.63527672328
540.58 0.63678461538
542.26 0.25981428571
547.71 0.09125082629
548.72 0.34674059406
549.73 0.57846336634
550.73 0.86371228771
551.75 1.53581157998
552.77 2.55996082272
553.78 4.23952522255
554.78 4.82453546454
556.02 2.90228756058
561.35 0.55234345707
562.35 0.39359040959
563.36 0.65078295342
564.36 0.95117682318
565.36 1.2983976024
566.38 2.38244705882
567.38 4.41398601399
568.39 2.22096606786
570.06 0.50682100239
572.01 1.27986051282
573.02 2.83823541048
574.09 1.50828811974
579.75 0.44120042418
580.76 0.39046977205
581.78 0.69672869736
582.8 0.90127058824
583.81 0.79291881188
584.85 2.08775431862
585.85 3.4398961039
586.85 3.60133466533
588.1 2.0966035313
590.08 1.0111701161
592.02 1.05810005157
594.04 1.0536843147
596.03 1.276
597.03 2.33734131737
598.04 0.26273015873
599.11 1.77744299065
600.26 1.82667130435
601.27 2.48136237624
602.27 0.25693413174
603.28 2.01942857143
604.29 1.6877388724
605.3 1.74453861386
606.31 0.99352871287
607.32 1.62695738355
608.39 0.70573457944
609.39 1.63408591409
610.39 2.8425974026
622.84 0.01999839319
623.84 3.03939260739
624.85 3.34728712871
626.02 0.78005132592
628.09 1.37044133269
629.09 3.190001998
630.11 1.82169185476
631.11 1.96795204795
632.12 0.61072745292
634.04 0.98162623634
636.04 1.04448624312
638.02 1.13909090909
640.03 1.10777125808
642.33 1.01736755111
644.05 1.43037209302
646.08 0.8899891679
648.02 1.18906391753
650.07 1.3301803998
651.08 1.89811694747
652.09 1.11141386139
653.1 1.14857821782
654.12 1.19801183432
655.12 1.31632604374
656.13 0.94623936696
658.07 0.94878350515
659.07 2.25221178821
660.08 1.85836091725
661.08 1.9852166998
662.09 0.60647316103
664.02 0.90554517134
666.04 0.77626035503
667.04 0.77624775225
668.05 0.86975841584
670.08 0.92273632331
671.09 2.14545742574
672.11 0.25277962782
673.12 1.44316483516
674.12 1.14790089197
675.13 0.91109613479
676.14 1.27734124629
677.15 1.70113267327
680.1 0.24583322034
681.11 1.8854019802
682.12 1.04874455446
684.08 0.2595877551
686.04 0.33691440287
688.08 0.26127867252
690.08 0.315492
692.11 0.36772686789
694.04 0.42698445596
695.04 0.86124275724
696.07 0.27540524781
698.32 0.21490133333
704.12 0.07794206897
705.19 0.35798130841
706.19 0.55268731269
707.23 0.62255245428
710.1 0.26054355401
712.04 0.28340618557
714.03 0.31171055276
716.02 0.30605829146
718.08 0.24603202329
720.09 0.2359721393
722.04 0.53645538462
724.04 0.277332
726.04 0.292684
728.09 0.27312335446
730.04 0.27587692308
735.96 0.08272696591
736.97 0.35722255193
737.99 0.51411764706
740.03 0.2978745098
741.04 0.83480519481
742.04 1.33914885115
744.01 0.76886147624
746.05 0.25497254902
748.06 0.21421691542
750.04 0.52377777778
752.07 0.25547192118
754.0 0.43502590674
756.06 0.34084056558
758.06 0.447172
760.31 0.20358755556
765.85 0.07519942249
766.86 0.33524110672
767.94 0.33974025974
768.96 0.39072156863
770.03 0.47708683473
771.04 1.00822178218
772.05 0.58753617443
774.62 0.14154803578
776.06 0.32888888889
778.09 0.40117832512
779.12 0.78626796117
780.13 0.15255445545
781.14 0.7910019802
782.15 0.09084356436
784.1 0.33341948718
786.1 0.29526836582
788.02 0.3512746222
790.02 0.30674262869
792.08 0.23091597863
794.03 0.24503946694
796.02 0.25164221106
798.05 0.27064827586
800.02 0.26955532995
802.04 0.25584980237
804.09 0.21924377137
806.05 0.23470204082
808.04 0.22443841126
810.03 0.26575991964
812.32 0.20384978166
818.83 0.06883023506
819.92 0.15046746104
820.92 0.20772827173
821.96 0.51625794033
822.97 0.83312475248
823.99 0.68912156863
825.0 0.80423762376
826.01 0.09514540059
828.03 0.30237939574
829.07 0.50510769231
830.34 0.09597482297
831.35 0.40052225519
832.35 0.32799200799
834.08 0.07383902721
835.08 0.49198801199
836.1 0.37306666667
837.12 0.51501176471
838.13 0.51467722772
843.49 0.02793501401
844.5 0.64083960396
845.52 0.59011764706
846.56 0.28412307692
847.58 0.88447127556
848.59 0.88293227092
849.6 0.9405827552
850.62 1.04075294118
851.64 1.18023529412
852.65 1.0631049505
853.66 0.99589317507
854.67 1.12802378593
855.68 1.39241938675
856.69 1.01855049505
857.7 1.39091231527
858.71 1.01110447761
859.72 1.18108514851
860.72 1.27916883117
861.73 1.16232871287
862.74 1.42087611497
863.76 1.35190588235
864.76 1.28732067932
865.77 1.51699009901
866.78 1.43172249752
867.98 0.41187333333
868.99 1.24486646884
870.01 1.08473405299
871.01 0.73888511489
872.02 1.12690693069
873.03 0.92263762376
874.04 1.41946930693
875.05 1.5179960396
876.06 1.72365940594
877.07 1.17244356436
878.07 1.46503096903
879.08 1.61545292369
880.08 2.06715684316
881.09 2.04432903865
882.09 2.05447352647
883.09 1.75961638362
884.1 2.53583333333
885.18 2.40057777778
886.18 2.14288111888
887.19 1.63653861386
888.2 1.96319524281
889.21 0.89904648863
890.25 0.32558925144
891.25 0.60131868132
892.26 2.08308855721
893.26 1.91137724551
894.27 1.40508300395
895.28 1.88166666667
896.29 1.19074183976
897.33 0.39987692308
898.34 0.87855698712
899.34 1.86768862275
900.35 1.81953617443
901.36 1.77839444995
902.36 1.84768831169
903.4 1.35555384615
904.41 1.62534653465
905.42 1.97404162537
906.42 1.34950649351
907.55 1.98341946903
908.55 2.42714085914
