1.01 0.14521859545
2.04 0.27625631068
3.07 0.20207580175
4.08 0.49794658754
5.1 0.69741176471
6.11 1.21359207921
7.13 0.5087372549
8.17 0.52615384615
9.2 0.66939029126
10.21 0.76933069307
11.23 1.18237181996
12.24 2.14971428571
13.24 2.13435528942
14.27 2.04645286686
15.31 1.67316923077
16.31 2.39888111888
17.32 1.70457142857
18.32 1.10877922078
21.72 0.11269196823
22.89 2.14591452991
23.9 0.33623785927
25.16 0.00868571429
26.16 1.2573026973
27.17 1.91346679881
28.17 2.23034565435
29.2 2.53076236663
30.21 2.54255698712
31.21 2.40740918164
32.28 2.4593258427
33.3 2.34346666667
34.3 1.89596003996
35.31 1.78057142857
36.31 1.86316083916
37.39 2.08346987952
38.4 2.26464950495
39.41 1.72736633663
40.42 2.03508605341
41.42 2.46447952048
42.42 2.64769660679
43.43 2.83017279047
44.43 3.71084915085
45.43 3.1313966034
46.43 3.37192407592
47.44 3.08013505462
48.44 3.29539260739
49.45 2.64017443013
50.47 1.93318940137
51.47 1.91591217565
52.48 2.47993650794
53.48 3.07673126873
54.48 3.15011576846
55.5 2.7763539823
56.5 3.032999001
57.5 3.37192407592
58.52 3.25111198428
59.52 3.26259340659
60.53 3.32349653122
61.53 2.42683150548
62.54 2.60194637537
63.54 2.62847552448
64.57 2.48250340136
65.65 3.02394074074
66.65 4.47616383616
67.65 4.86975424575
68.65 4.37137262737
69.66 4.7646633565
70.66 3.76551448551
71.66 3.17512087912
72.67 2.73779187314
73.68 2.30393657086
74.72 2.13003076923
75.72 2.97379420579
76.73 1.91346679881
77.73 2.68314085914
78.73 2.66954091816
79.74 2.66500598802
80.74 2.84669452736
81.74 2.61754245754
82.74 2.38794805195
83.75 2.82736507937
84.75 3.12827145709
85.75 3.01113286713
86.84 2.7149907919
87.85 3.09899405941
88.85 2.67220779221
89.85 2.24581818182
90.86 3.00107936508
91.91 1.93255619048
92.92 2.41028571429
93.92 1.7428971029
94.93 1.87456633663
95.93 1.83762313061
96.94 2.44979543198
97.98 2.62462307692
98.98 2.5474045954
99.98 2.39888111888
100.99 1.92622222222
101.99 2.03355044955
102.99 1.4477042957
104.01 1.73253097345
105.01 1.7428971029
106.13 2.23393744415
107.13 3.19245554446
108.15 2.2383670265
109.15 2.89086913087
110.15 2.39888111888
111.17 3.00976377953
112.17 2.85237088734
113.23 2.80223396226
114.24 3.38521980198
115.25 2.29943310208
116.25 1.98342457542
117.25 2.54939720559
118.27 1.36531237721
119.29 1.19096470588
120.3 0.41625346535
121.3 2.9081958042
122.3 2.94553446553
123.31 2.56424975223
124.31 2.46447952048
125.32 2.17593650794
126.32 2.91912887113
127.43 3.0941981982
128.51 3.04420740741
129.57 3.08682041588
130.58 3.09899405941
131.58 2.97833366633
132.65 3.47579813084
133.65 3.79452295409
134.65 2.55578443114
135.66 2.61801393035
136.66 2.45354645355
137.67 2.3449980198
138.67 1.76022377622
139.68 1.53232475248
140.69 2.32342857143
141.69 2.56287712288
142.7 2.46648166501
143.74 1.63559230769
144.75 1.51616633663
145.76 1.04104554455
146.78 1.01301960784
147.79 1.83122376238
148.8 1.35895445545
149.81 1.64701782178
150.82 1.53232475248
151.84 1.68451764706
152.86 1.37781960784
153.88 1.10512941176
154.89 0.96532804757
155.89 0.99490909091
156.9 1.48107936508
158.04 1.6618704028
159.04 2.08821578422
160.09 0.93895138227
161.09 1.22904295704
162.11 1.00955446516
163.13 1.00757688541
164.14 0.5365
165.16 0.66457198825
166.18 0.62230588235
167.19 0.67180990099
168.2 0.52062636274
169.21 0.46996636993
170.24 0.4041516035
171.28 0.22098461538
172.28 0.90744455544
173.29 1.21479484638
174.31 0.82980607248
175.33 0.47255740922
176.35 0.79319882468
179.12 0.30410970769
180.17 1.0893422307
181.18 1.25693465347
182.2 0.97733464181
183.22 0.41803721841
184.25 0.3019184466
185.26 0.44426138614
186.29 0.808303207
188.89 0.0294532872
189.9 1.90073663366
193.61 0.20359557832
194.61 1.39943256743
195.62 0.41134718101
196.73 0.49751487827
197.75 0.65513640824
198.76 0.6393029703
199.77 1.41946930693
200.77 0.92291708292
202.06 0.98487509697
203.07 0.37924752475
204.11 0.29464615385
205.11 0.89651148851
206.13 0.41257703631
207.13 0.99490909091
208.14 1.81134588702
209.15 1.58336758893
210.16 1.672
211.17 1.60817425743
212.21 1.63544615385
213.21 1.93129411765
214.4 1.43049957948
215.42 0.89229076621
216.43 0.3033980198
217.44 0.44426138614
218.52 1.16845883441
219.52 2.49273926074
220.53 2.59936507937
221.53 1.52271457086
222.54 2.86628571429
223.54 2.22395204795
224.55 1.46874132805
225.56 2.24297821782
226.58 1.8821254902
227.59 2.04793663366
228.59 2.21301898102
229.6 2.69440634291
230.6 2.04697804391
231.61 2.508
232.61 2.19115284715
233.62 2.520864222
234.62 2.8034045954
235.63 3.01979781962
236.63 3.50312087912
237.63 2.84713686314
238.64 3.21503270565
239.73 2.95875114784
240.73 2.82883832335
241.73 2.45354645355
242.73 2.02796023857
243.74 1.78788118812
244.75 1.26143366337
245.76 1.49783016983
246.96 0.10877344398
247.97 1.83952662722
249.01 0.12627692308
250.02 0.54665334665
251.03 0.98807458292
252.28 0.34392908944
253.67 0.26139814153
254.68 0.36841188119
255.69 0.29519280719
256.69 0.56401189296
257.71 0.72552324431
258.71 0.6179900892
259.74 0.53385365854
260.74 0.50544079602
261.75 0.68264554455
262.76 0.89651148851
263.78 1.26607058824
264.79 1.06639207921
265.8 0.36515799804
266.82 0.47395275591
267.82 0.81752988048
268.83 0.54628118812
269.85 0.63303529412
270.88 0.63241527914
271.89 0.66097425743
272.89 0.65078295342
273.99 0.35816727273
275.01 0.81636399604
276.01 1.41066402379
277.15 1.14526613616
278.15 1.24733399405
279.17 1.12579228487
280.18 0.59655104063
281.43 0.257536
