1.0 1.36785614386
2.01 1.65949653122
3.2 1.4788379513
4.29 1.57112213039
5.31 1.36445053869
6.38 1.29954724041
7.52 1.76965468887
8.54 1.72322669284
9.6 1.81722264151
10.8 1.68943213988
11.81 2.45128245788
12.81 2.12058341658
13.97 1.2691147541
14.97 1.96436363636
16.12 1.84563272411
17.13 1.65227299703
18.13 2.16474725275
19.27 1.44240210711
20.27 2.39531668332
21.28 2.06282656095
22.44 1.78455910267
23.55 2.21163243243
24.61 2.15249010368
25.61 2.33942857143
26.8 1.8636969697
27.89 1.95819449541
29.03 1.89375438596
30.03 1.62902697303
31.03 1.13345054945
32.04 1.96609712587
33.04 1.91984015984
34.11 2.05234798877
35.12 2.14110604559
36.12 2.05678321678
37.13 2.36397224975
38.14 2.66021386139
39.14 2.6054025974
40.15 2.36786521308
41.16 2.66146785361
42.16 2.70948251748
43.17 2.78370634921
44.18 2.68723960396
45.18 2.27226321037
46.19 1.84830188679
47.19 2.19535329341
48.2 1.89773015873
49.22 1.8985773399
50.35 1.79063964758
51.35 2.63486913087
52.36 1.94890782953
53.37 2.09748910891
54.59 1.83931803279
55.6 2.42718415842
56.61 1.8920950495
57.62 1.7952
58.62 2.18661338661
59.63 1.66642616452
60.64 2.06960792079
61.65 1.84339009901
62.66 2.24734257426
63.67 2.44882376238
64.67 2.90750849151
65.68 2.34281863231
66.68 1.47841758242
67.69 1.8385173439
68.7 2.36217029703
69.71 1.48020594059
70.72 1.80955247525
71.72 1.51258341658
72.72 1.81307784431
73.73 1.62398409543
74.87 1.04456742557
75.88 1.78254112983
76.88 3.25488911089
77.89 2.47138949455
78.91 2.55239254171
79.91 3.22525474525
80.91 2.37917282717
81.92 2.11855698712
82.92 2.41379640719
83.93 2.12337301587
84.94 1.96177425743
85.99 1.86476952381
87.0 2.3404990099
88.01 1.83803564356
89.01 2.115004995
90.21 1.96613177648
91.22 2.84739622642
92.22 1.73946161515
93.31 1.95920733945
94.32 1.18225569871
95.32 1.17104495504
96.33 1.31111287129
97.34 0.99767128713
98.35 0.87768712871
99.37 0.55847693817
100.44 0.89913271028
101.47 0.73314174757
102.5 0.77564271845
103.51 0.50927524752
104.54 0.47892038835
105.55 0.61763168317
106.57 0.56865882353
107.58 0.4905479723
108.6 0.64439646712
109.61 0.56345346535
110.63 0.21556862745
111.65 0.1824
112.67 0.17167058824
113.69 0.16094117647
115.05 0.01608229243
169.13 0.0002023519
170.15 0.86599406528
171.19 0.55180769231
172.19 1.31038255699
173.22 1.08841527914
174.23 1.25052673267
175.24 1.36400395648
176.38 1.14858647937
177.38 2.02496703297
178.56 1.57989482612
179.57 2.1059009901
180.57 1.70781367691
181.77 1.15007892527
182.9 0.69180684811
183.91 0.96993267327
184.92 1.75543656344
185.93 1.92777232581
187.16 1.50737560976
188.18 2.63230069238
189.2 2.20955294118
190.2 2.03467988107
191.21 2.69807524752
192.22 1.5128951049
193.46 2.28668387097
194.79 2.22431855748
195.79 2.77209910803
196.91 2.97794594595
197.91 3.38778821179
199.02 2.57942039356
200.03 3.20561038961
201.03 2.39311793855
202.19 2.40399310345
203.28 2.4464
204.28 3.17058941059
205.29 2.90665334665
206.29 2.08405153617
207.46 2.35312136752
208.59 2.98372389381
209.6 3.26152871287
210.61 2.65071728272
211.61 1.89494444444
212.61 1.6733986014
213.62 2.63486913087
214.62 2.13399206349
215.62 2.50367232767
216.63 1.57112388503
217.64 1.83122376238
218.65 1.55442136499
219.66 2.25221178821
220.67 2.0385697446
221.68 1.8115960396
222.69 1.82081584158
223.7 1.80296237624
224.7 2.57443356643
225.71 2.51345887017
226.71 2.62393606394
227.72 1.8846382557
228.72 2.26314485514
229.87 1.89334029591
230.87 2.21941258741
231.88 1.77154845155
232.88 1.83485714286
233.9 1.59976470588
235.82 0.11386666667
236.82 5.34883516484
237.84 2.08354857704
238.85 1.83122376238
239.86 1.02160792079
240.88 2.24244705882
241.88 2.35677122877
242.95 2.85190645463
243.96 2.32804771372
244.96 1.58980876494
245.97 1.87968316832
246.98 2.27548514851
247.99 1.83005341246
249.0 2.81983233533
250.0 2.36931082423
251.15 2.1436872285
252.25 2.42865150136
253.31 2.34744150943
254.4 2.34004775023
255.48 2.32492823858
256.48 2.29072222222
257.51 2.13236575875
258.51 1.80215568862
259.52 1.33693465347
260.53 1.25479561316
261.53 1.2075387674
262.53 1.07718681319
263.54 1.78664292779
264.55 2.06503865213
265.56 2.55061876248
266.56 3.30057142857
267.56 2.01798201798
268.57 3.15629732408
269.58 2.90430188679
270.58 2.81737188435
271.68 2.50494545455
272.68 2.97379420579
273.69 2.56944655345
274.69 2.23932539683
275.69 2.37163636364
276.71 2.937562316
277.71 3.20109490509
278.72 3.22881918082
279.91 3.3058148457
280.94 3.07934693878
281.94 3.03530869131
282.95 2.96625396825
283.96 1.73242502483
284.96 1.89666932271
285.97 1.23725668979
287.08 1.02539099099
288.09 1.15826706231
289.25 1.2598515962
290.25 1.92421978022
291.26 1.49528712871
292.34 2.28543703704
293.69 1.97165900667
294.69 1.34476723277
295.86 1.66770230967
296.86 1.84768831169
298.09 0.66480650407
299.09 1.2245034965
300.1 1.16877700694
301.18 2.06682701203
302.45 2.25432308905
303.76 2.17291367456
304.94 2.66157966102
305.94 3.52718481518
306.96 3.06989597645
307.96 3.21432167832
308.97 3.8012990099
309.98 2.20834886026
310.98 2.24643356643
311.99 2.23257086224
312.99 2.35592407592
313.99 3.11592407592
315.0 2.20817582418
316.0 2.32573584906
317.0 1.88345254745
318.04 1.35747692308
319.05 1.6512
321.18 0.47761238855
322.21 0.58552529183
323.25 0.63138461538
324.26 0.72598811881
325.27 0.8659009901
326.28 1.67952475248
327.39 0.94786306306
328.41 0.34334117647
329.43 0.39698823529
330.45 0.69741176471
331.46 0.83434455446
332.47 1.53334653465
333.48 2.50235247525
334.48 1.81004595405
335.49 1.65084975124
336.49 1.64262151394
337.5 1.42168483647
338.5 1.64351648352
339.51 1.89622970297
340.52 1.92476831683
341.53 1.59782970297
342.53 1.6085034965
343.62 2.30554269972
344.63 2.41634851485
346.03 2.08766285714
347.08 2.01161142857
348.08 1.97560839161
349.09 2.60767492567
350.09 2.2798961039
351.09 2.85353046953
352.1 2.65381169475
353.11 2.54844003964
354.29 2.47538018628
355.3 2.80921308226
356.3 2.10754845155
357.31 2.50059861249
358.32 3.18567920792
359.33 2.77220178042
360.34 3.60312079208
361.34 3.99442957043
362.35 2.92997402597
363.35 2.90092857143
364.36 2.67334786918
365.37 2.35249108911
366.37 2.1416983017
367.37 3.06622977023
368.46 2.94675
369.47 2.97255445545
370.47 3.01751848152
371.47 3.36748851149
372.48 3.87017782218
373.48 2.47367626614
374.48 3.37739060939
375.52 3.00198652551
376.54 3.16101176471
377.54 3.20968631369
378.54 3.10841158841
379.55 3.55835084242
381.4 1.63715121951
382.4 5.75133067729
383.41 1.9660039604
384.41 2.79801798202
385.5 2.90478604224
386.5 2.96286113886
387.51 2.70369078295
388.52 2.76308910891
389.53 2.07691881188
390.54 1.77870891089
391.54 2.20220359281
392.55 2.95804955401
393.55 2.9783016983
394.56 3.09806554121
395.57 2.44705835806
396.59 2.86265230167
397.6 2.50056689792
398.6 2.97635964036
399.6 3.80203796204
400.62 2.43236935167
401.62 2.79288711289
402.63 2.80554212091
403.63 3.15610789211
404.64 2.27054112983
405.66 2.05132875368
406.75 1.12533822181
407.77 1.93318940137
408.77 3.15965634366
409.77 2.960999001
410.93 2.63925388601
411.93 2.7849030969
412.94 3.11454257426
413.94 2.8493986014
414.98 2.64870837344
415.99 3.0729980198
417.0 2.54438057483
418.01 2.10003560831
419.01 0.63615584416
420.02 1.99771428571
421.03 1.55878931751
422.11 1.7745037037
423.13 2.75475808031
424.22 2.71555882353
425.23 1.79693768546
426.24 1.0846382557
427.27 1.09482718447
428.27 1.37756643357
429.29 0.9394488189
430.29 1.39525099602
431.29 0.95022754491
432.31 0.85707767945
433.32 1.06189306931
434.33 1.22442772277
435.33 1.18336063936
436.34 1.09548463826
437.35 0.4876039604
438.35 0.63815384615
439.85 1.12933422282
440.9 1.26116571429
442.13 0.45065365854
443.15 0.55792941176
444.17 0.47209411765
445.66 0.02203489933
446.86 0.77476820084
447.88 0.39505170732
448.91 0.65876504854
449.93 0.43763137255
450.93 0.53572027972
452.1 1.49457777778
453.1 2.0138981019
454.11 2.38726190476
455.13 1.25411165524
456.35 0.51713442623
457.37 0.3231496063
458.37 1.10203788634
459.38 0.92102970297
460.38 0.75438161838
461.39 1.27153267327
462.4 1.54187512389
463.41 1.41549357072
464.43 1.35384494603
465.65 1.23356065574
466.66 1.30027722772
467.67 1.09306930693
468.71 0.83322307692
469.87 1.5908
470.87 2.20615384615
472.13 2.02918506751
473.13 2.72299401198
474.32 2.02209587889
475.33 2.59914370664
476.66 2.0521924812
477.7 1.99938461538
478.76 2.09281509434
479.76 2.32911888112
480.76 3.5037042957
481.88 2.58268934646
482.89 2.51353511375
483.9 2.57651485149
484.91 2.48079207921
485.91 2.59686713287
486.91 3.55228771229
487.92 3.46007142857
488.93 2.72746085233
489.93 2.49273926074
490.94 1.77428118812
491.95 1.76271936759
492.96 1.39016484608
493.98 1.41628235294
494.99 1.17024950495
496.0 0.98953663366
497.01 1.59283960396
498.02 0.90300990099
499.03 0.80104451039
500.04 1.11717740337
501.05 0.92576725838
502.08 0.84184615385
503.11 0.44626019417
504.12 0.62433267327
505.29 0.41262724936
506.29 0.64440718563
507.3 0.31785346535
508.31 0.64949554896
509.35 0.55592685274
510.37 0.76178823529
511.37 0.51021778222
512.38 0.82432507433
513.39 0.56806330366
514.63 0.48009032258
515.65 0.96564705882
516.66 0.59550445986
517.83 0.67314090521
518.87 0.79975384615
519.88 0.66916947473
520.89 0.84518019802
521.9 0.7584950495
522.93 0.43276893204
523.94 0.50927524752
524.95 0.47629673591
525.98 0.4168125
526.98 0.52456915423
527.99 1.06189306931
529.0 0.71833663366
530.02 0.912
531.08 0.21985660377
532.35 0.15511181102
533.37 0.39698823529
534.38 0.53867722772
535.39 1.0824925816
536.59 1.11651333333
537.61 1.15707163886
538.63 1.01340392157
539.65 0.86405506391
540.65 1.00485742772
541.75 0.95892363636
542.76 1.40863366337
543.77 0.70935445545
544.79 0.67595294118
545.82 0.4037592233
546.84 0.41844705882
547.87 0.66158446602
548.88 0.63474851485
549.93 0.29184
550.94 0.74765940594
551.96 0.62013385827
553.0 0.65568582375
554.02 0.89054117647
555.03 0.74412673267
556.23 0.71988009992
557.24 0.7477740337
558.25 0.81985742574
559.25 0.89711888112
560.26 1.33587314172
561.27 0.78016633663
562.29 0.62201762977
563.47 0.40842748092
564.48 0.47676831683
565.49 0.4876039604
566.53 1.14497692308
567.53 1.66009190809
568.54 1.52681070367
569.55 1.29912871287
570.55 1.41315484515
571.57 1.41486162905
572.57 1.41538461538
573.58 1.68597026759
574.58 1.98002797203
575.59 2.07947670961
576.59 2.00741658342
577.71 1.55210723861
578.75 1.80512092131
579.76 2.05174603175
580.77 2.76881503462
581.77 2.92976623377
582.77 2.33435364635
583.89 0.75152730528
584.89 2.15381418581
585.9 2.13227353816
586.9 2.29490509491
587.91 2.10372249752
588.96 1.63523355577
589.97 1.54796439169
591.18 0.96798014888
592.18 1.56342857143
593.22 1.6630048216
594.22 2.09705389222
595.22 1.72000799201
596.23 2.14545742574
597.25 1.37884705882
598.26 1.12802378593
599.33 0.52548272642
600.34 0.88852277228
601.35 1.49444598612
602.35 1.89142057942
603.36 1.58638415842
604.36 1.41958841159
605.38 1.73381532417
606.39 2.13462178218
607.4 1.12167920792
608.54 0.68100262927
609.75 1.00255867769
610.77 0.98807458292
611.77 1.16839160839
612.79 1.61994896958
613.79 1.84314885115
614.88 2.53718273646
615.89 2.33035014837
617.0 2.4188638413
618.0 2.50706893107
619.09 2.52606238532
620.14 2.08768732126
621.14 2.13194805195
622.16 1.88346221786
623.16 1.54105894106
624.17 1.89811694747
625.17 1.23297308076
626.18 0.80798411122
627.18 1.36663336663
628.19 1.62916947473
629.19 1.98981818182
630.2 1.75537425743
631.21 1.34361264822
632.29 1.1403082637
633.3 1.32194851485
634.34 0.63138461538
635.42 0.42223703704
636.43 1.05001780415
637.6 2.21963387511
638.61 2.44885544554
639.61 2.15573226773
640.63 2.45944651619
641.24 2.30779571664
