1.0 1.865187251
2.0 2.73003796204
3.01 1.61341526264
4.02 1.26502279485
5.02 1.58888311688
6.03 1.45263366337
7.03 1.06256143856
8.04 1.65561149653
9.14 1.80893090909
10.14 2.12233366633
11.15 2.33204360753
12.15 2.79843356643
13.27 2.36541428571
14.28 2.44257425743
15.39 1.76471351351
16.4 2.91427772228
17.4 2.48986213786
18.4 2.11643650794
19.41 1.81634365634
20.41 1.84434489594
21.42 1.70555844156
22.42 1.68714485514
23.43 1.82956590684
24.56 1.53968849558
25.57 1.22442772277
26.64 0.93391401869
27.65 1.17024950495
28.75 0.86589090909
29.75 1.2901018981
30.76 0.99976237624
31.77 1.63618217822
32.78 1.52426930693
33.79 1.21649108911
34.79 1.5524955045
35.79 1.85424175824
36.8 1.89238453915
37.8 1.90675724276
38.81 2.02909018831
40.0 1.48531092437
41.01 2.19963564356
42.01 2.00408391608
43.02 1.50615445545
44.16 1.03976842105
45.17 1.57272547076
46.17 1.19022577423
47.19 1.15877647059
48.32 0.71498761062
49.32 1.30103496503
50.33 1.60399603568
51.34 1.66080316518
52.35 1.86243168317
53.36 1.34495143707
54.37 1.49258951533
55.38 2.02739009901
56.58 2.01488666667
57.58 2.76606593407
58.58 2.6302017982
59.58 3.34596603397
60.59 2.61242063492
61.6 2.5536950495
62.61 2.53994856578
63.62 1.94091089109
64.62 2.40527472527
65.63 1.1878015873
66.63 1.65089310689
67.64 1.54793273986
68.83 1.804996633
69.83 2.8097982018
70.83 1.70801198801
71.83 1.55801798202
72.84 2.65736372646
73.85 1.9027960396
74.85 1.86244155844
75.86 2.09127920792
76.87 2.12408391608
77.87 2.10628571429
78.87 1.93891708292
79.88 1.75223762376
81.0 1.85680071492
82.01 2.45969108911
83.01 1.73457742258
84.02 2.02261738262
85.02 1.61190882061
86.03 2.39434165834
87.03 2.4500998004
88.03 2.26941858142
89.03 2.27417892644
90.05 2.61867457962
91.11 2.63924528302
92.11 2.07520958084
93.12 1.60088888889
94.12 1.84118281718
95.13 2.41874331021
96.29 1.82323514212
97.35 2.03530566038
98.43 2.14123447637
99.43 2.12101498501
100.43 2.32954245754
101.43 2.14188211788
102.44 2.33508730159
103.45 2.21091485149
104.45 2.0686993007
105.45 2.96286113886
106.46 2.38934390486
107.46 2.41137262737
108.47 2.26212091179
109.58 2.4177009009
110.58 2.6083036963
111.58 2.14288111888
112.58 1.79131268731
113.59 2.46457142857
114.59 1.89038961039
115.6 1.95234886026
116.6 1.53745454545
117.61 1.99573439049
118.68 1.24210841121
119.68 1.59622777223
120.69 1.8772990099
121.71 2.19952941176
122.71 2.0509010989
123.72 1.79337958375
124.73 2.30799207921
125.75 1.8219079334
126.76 2.51386930693
127.77 1.95857566766
128.78 1.46426164519
129.8 1.34377254902
130.82 1.37336470588
131.83 1.17024950495
132.83 0.76678521479
133.83 1.09330669331
134.84 1.20394846383
135.86 0.86320706575
136.87 1.27734124629
137.88 0.94154455446
138.91 1.0944
139.92 1.05714851485
140.93 1.30027722772
141.94 0.93473267327
143.0 0.89011320755
144.0 0.86371228771
145.17 0.72868376068
146.18 1.19192079208
147.2 0.91114509804
148.21 1.47364752475
149.22 1.72572673267
150.31 2.05416513761
151.31 2.24127872128
152.32 1.79197623762
153.32 2.60206993007
154.33 1.85571456888
155.34 2.9745980198
156.34 2.66906693307
157.35 2.89902574257
158.36 1.98275520317
159.37 2.33779009901
160.37 2.35060939061
161.38 1.67146878097
162.38 1.65053346653
163.39 2.1692765114
164.4 1.8995952381
165.42 2.29297360704
166.43 2.30799207921
167.44 1.68247920792
168.44 2.32839160839
169.45 2.20181565907
170.46 1.54091881188
171.46 1.5196963037
172.55 1.30245730028
173.55 1.41036563437
174.56 1.27987314172
175.73 0.88653800171
176.75 0.78324705882
177.76 1.00771485149
178.77 0.70431683168
179.78 0.41175445545
180.81 0.30813203883
181.83 0.34334117647
182.89 0.33279848628
183.9 0.30521115538
184.94 0.28412307692
185.98 0.22098461538
186.99 0.21671287129
188.0 0.13002772277
189.21 0.10853553719
190.24 0.18062912621
192.45 0.04454816825
193.55 0.00994909091
209.93 0.00066796875
211.44 0.33726259947
212.44 1.02026773227
213.44 1.01898901099
214.45 1.10499108028
215.46 1.2507988107
216.46 1.29367432567
217.46 1.35637162837
218.47 1.45422222222
219.5 1.84124927255
220.69 1.6988999159
221.7 1.95340059347
222.85 2.07533913043
224.02 1.80529230769
225.05 1.58926091174
226.05 2.25221178821
227.06 1.58479365079
228.06 1.70617382617
229.07 1.77825742574
230.08 1.85748118812
231.09 1.9508741328
232.1 2.02642927794
233.1 2.65673526474
234.1 1.69472927073
235.11 1.94837301587
236.27 1.98788630491
237.44 2.11738803419
238.62 2.15958644068
239.78 2.15055862069
240.82 2.04134615385
241.96 2.08607017544
242.99 2.13974368932
243.99 2.60206993007
244.99 2.11582817183
245.99 2.15434965035
247.0 2.06708730159
248.0 2.05024575425
249.01 2.57888316832
250.01 2.06171428571
251.03 2.63128557409
252.03 2.6458021978
253.04 2.21522299306
254.04 1.98115484515
255.08 2.57010202117
256.08 2.04203796204
257.23 1.89928834356
258.23 2.36726263627
259.24 2.12295445545
260.33 2.28645730028
261.34 2.62222574257
262.35 2.13446184341
263.35 2.65673526474
264.36 2.08604162537
265.36 2.6458021978
266.37 2.0085074331
267.37 2.03937662338
268.38 2.17391683168
269.51 2.16367050487
270.57 2.04846037736
271.64 2.08724485981
272.79 2.02702608696
273.79 2.25221178821
274.8 1.47968285431
275.81 1.67952475248
276.93 0.5374
278.26 0.10689105935
279.34 2.97464444444
280.34 2.5366953047
281.35 2.58171428571
282.35 2.80893650794
283.35 2.82901098901
284.36 2.69155203171
285.36 2.01603196803
286.37 2.23034565435
287.37 2.27665411298
288.38 2.02235364635
289.38 1.90896333003
290.39 1.41531089109
291.4 1.98981818182
292.42 1.74716862745
293.42 1.65949653122
294.43 1.5941978022
295.45 2.29609411765
296.45 1.9636043956
297.56 1.76789918992
298.57 2.0933518335
299.58 1.76442772277
300.58 2.31219180819
301.7 2.41758855098
302.7 2.97379420579
303.7 2.20051148851
304.7 2.35060939061
305.71 1.91504761905
306.72 2.58971881188
307.72 1.79206393606
308.72 2.35918562874
309.73 1.72513492063
310.91 2.45284067797
311.91 2.88632967033
312.91 2.42192207792
313.91 2.26813986014
314.92 2.47434126984
315.93 2.79363960396
317.08 2.15838608696
318.08 2.99133732535
319.09 2.7926984127
320.09 3.17660739261
321.1 3.11700594059
322.1 2.95192807193
323.85 0.46270554603
324.85 5.90453546454
325.97 2.10958355675
327.11 2.49042105263
328.26 2.61259130435
329.26 3.48764835165
330.27 2.57725771144
331.28 2.16677832512
332.29 2.95949306931
333.48 2.72927058824
334.48 3.13779020979
335.48 2.12684115884
336.6 1.91968515206
337.6 1.33383416583
338.6 2.15381418581
339.61 1.91465609514
340.62 1.7934826561
341.62 2.18661338661
342.63 1.56160792079
343.8 1.8883008547
344.83 2.20145242718
345.83 2.51978421578
346.9 2.04861365762
347.9 2.47814770459
348.91 3.06361149653
349.91 2.49703096903
350.91 2.61911688312
351.92 2.63102380952
352.93 2.74952324431
353.94 2.70901386139
354.94 3.46565434565
355.95 2.07999207136
356.95 2.03184815185
357.96 2.20089593657
358.97 1.41813069307
359.99 2.21172019704
361.11 1.96128
362.22 2.43876867687
363.23 3.06987722772
364.29 3.07742641509
365.3 4.12176623377
366.3 2.4599000999
367.3 2.45847619048
368.31 1.79217582418
369.39 2.28045925926
370.39 2.82073126873
371.4 2.3132210109
372.4 2.49273926074
373.41 1.98135976214
374.41 2.25164071856
375.41 2.32466733267
376.42 2.29011320755
377.42 1.92820779221
378.42 2.62445554446
379.42 2.64651348651
380.43 2.55205555556
381.57 2.18943157895
382.59 2.74183529412
383.59 2.6920999001
384.6 2.34017046581
385.6 1.89759040959
386.68 1.90194814815
387.69 2.42125940594
388.81 2.15617857143
389.81 1.81307784431
390.83 1.40482514735
391.83 1.49783016983
393.26 0.58421258741
394.28 0.69809617272
395.28 0.33892507493
396.29 0.58512475248
397.3 1.10948031496
398.35 0.98731034483
399.35 2.04448351648
400.35 1.90701298701
401.37 1.77899901865
402.59 2.18451803279
403.67 2.54065925926
404.87 2.58492666667
405.88 1.63618217822
406.97 0.32099725023
407.99 0.53911330049
409.17 0.04617721519
410.17 1.11104095904
411.18 2.14833696729
412.21 2.35426796117
413.21 2.09391408591
414.36 2.46717493473
415.36 2.73326673327
416.37 1.93593663366
417.38 0.83434455446
418.38 2.5397962038
419.39 2.03753663366
420.39 2.33967632368
421.4 1.83719047619
422.4 2.52167032967
423.46 2.30481509434
424.48 2.41411764706
425.49 1.07672871287
426.51 1.24461176471
427.52 0.78016633663
428.53 0.85508910891
429.53 1.81488911089
430.56 0.72402721088
431.57 0.28144807122
432.58 0.34674059406
433.66 0.304
434.68 0.22531764706
435.7 0.24677647059
436.71 0.47676831683
437.72 0.68311287129
438.76 0.53667692308
439.77 0.3355727003
440.79 0.24450196078
442.36 0.09758980892
443.4 0.34995348837
444.98 0.02076660342
445.99 0.45196460177
447.02 0.44435728155
448.03 0.49843960396
449.04 0.63371028971
450.05 0.71957227723
451.07 1.13821743389
452.08 1.13601585728
453.09 1.03548170129
454.1 1.05105742574
455.12 0.93216470588
456.28 0.63791724138
457.43 0.80484869565
458.49 0.85982641509
459.56 0.87160373832
460.66 0.88941090909
461.76 1.06621090909
462.97 1.17906523534
463.99 1.34180039139
465.0 1.33708730159
466.0 1.30563036963
467.01 0.99005748266
468.2 1.11054240134
469.38 1.03609160305
470.5 1.07339875112
471.51 1.4303049505
472.52 1.22905637982
473.53 1.35197621407
474.54 1.27024158416
475.61 0.98968971963
476.62 1.0824925816
477.64 0.60218039216
478.65 0.99589317507
479.66 1.15391683168
480.67 1.21067988107
481.67 1.2581018981
482.68 1.23526336634
483.7 0.39776470588
484.72 1.25534117647
485.73 0.88520911794
486.73 1.30103496503
487.74 1.09176237624
488.74 1.11713086913
489.74 1.53062937063
490.75 1.23469047619
491.76 1.59126409496
492.77 1.0859009901
493.77 1.2901018981
494.78 1.03907234886
495.8 1.22315294118
496.82 0.92681684623
497.83 1.32325867195
498.84 0.90237623762
499.99 0.89351652174
500.99 0.98397602398
502.02 1.0587961165
503.12 1.13648683015
504.13 1.29071952428
505.14 1.07032871287
506.14 0.7467972028
507.33 0.96340168067
508.34 1.05105742574
509.35 0.8195009901
510.36 1.16018217822
511.36 1.47596403596
512.37 0.98924356436
513.38 1.05389098117
514.39 1.74453861386
515.4 1.27496735905
516.41 1.63996003996
517.42 1.67851619235
518.43 1.72272527473
519.43 1.713728444
520.45 1.66305882353
521.46 1.25088511489
522.49 1.11651973051
523.5 0.59798811881
524.51 0.86371228771
525.52 0.56345346535
526.53 1.14116435644
527.53 2.21379420579
528.53 2.54465534466
529.53 2.43112087912
530.54 1.95553174603
531.54 2.85433766234
532.54 2.98016383616
533.71 1.60937671233
534.87 3.10359345392
535.87 3.40265868263
536.96 2.94535418583
537.97 2.76844268775
538.98 2.09506442022
539.98 2.75858682635
540.99 2.48382160555
542.07 1.75040740741
543.08 2.23214257426
544.09 1.73438575668
545.1 1.713728444
546.11 1.86373069307
547.13 1.19327308448
548.13 1.52910179641
549.13 1.15774850299
553.96 0.21008573204
554.97 4.96864094955
557.01 0.23283570378
558.03 0.69741176471
559.04 1.90518694362
560.13 1.25366605505
561.13 1.22325748503
562.14 1.79872222222
563.15 1.55022749753
564.16 1.25818037661
565.16 0.95386213786
566.19 0.93593002915
567.2 0.37354455446
568.21 0.42217210682
569.24 0.42542274052
570.3 0.28908679245
573.58 0.03334552102
574.61 1.60758017493
575.62 1.29604747774
576.64 1.07878431373
577.65 1.20156676558
578.67 1.13352941176
579.69 1.33405299313
580.7 1.29533465347
581.73 1.22560776699
582.76 0.53074684772
583.78 0.28997841021
584.95 0.20219299744
586.04 1.4263853211
587.07 1.89561681329
588.07 1.93608730159
589.08 2.00827172827
590.09 1.77668118812
591.1 1.80981354269
592.12 1.59071936759
593.13 2.33296660118
594.15 1.999256182
595.39 1.91958366693
596.4 1.82038811881
597.42 0.85835294118
598.43 0.96675324675
599.43 1.66894705295
600.43 2.63928871129
601.44 2.37601587302
602.44 2.50420758483
603.44 2.80452347652
604.49 1.15643088656
605.49 2.18415984016
606.64 2.53156097561
607.65 2.84977425743
608.65 2.57137262737
609.67 2.3903670265
610.67 1.11294915254
611.7 1.91221011673
612.74 2.23423291627
613.75 2.56887042532
614.88 2.35707869142
615.89 2.66938354807
616.89 2.94503896104
617.9 4.01554896142
618.91 3.81083052527
619.92 3.13681665015
620.94 2.32018039216
621.94 2.04686513487
622.95 1.8854019802
623.96 1.28584554455
624.97 0.88852277228
625.97 0.86371228771
627.14 0.51490162532
628.14 0.47012187812
629.15 1.32325867195
630.15 1.19943256743
631.15 1.3884995005
632.16 1.2364876115
633.18 0.79242270059
634.19 0.64057142857
635.22 0.55251262136
636.22 0.61985214785
637.23 1.09548463826
638.23 0.87464535465
639.28 0.76707809524
640.3 0.94418823529
641.46 0.47091222031
642.48 0.60143670265
643.5 0.38001958864
644.51 0.91109613479
645.52 1.02688316832
646.53 1.1700039604
647.55 1.11395294118
648.56 1.31497527201
649.57 0.83240436075
650.57 1.04203796204
651.58 1.14426930693
652.59 1.07379187314
653.64 0.66476879163
654.64 0.96210989011
655.67 0.8344398827
656.68 0.46657480315
657.69 0.56345346535
658.69 0.48937462537
659.87 0.37129770992
660.88 0.55010880317
661.9 1.0605254902
662.92 0.64389803922
663.95 0.45688543689
665.02 0.24662535211
666.1 0.20173271889
667.27 0.14018787361
668.52 0.29337630943
669.74 0.82280227828
671.0 0.53811428571
672.62 0.59458765432
673.63 0.88557842158
674.64 0.67192079208
675.64 0.65185332012
676.65 0.96210989011
677.66 0.64701671583
678.81 0.592167979
679.81 0.71064935065
680.82 0.5902970297
681.83 0.50977998018
682.84 0.42259009901
684.1 0.18696907216
685.12 0.57938823529
686.13 0.39008316832
687.15 0.37740392157
688.17 0.25750588235
689.18 0.28172673267
690.18 0.53411952191
691.19 0.47818867925
692.26 0.30443364486
693.42 0.70542068966
694.43 0.86141782178
695.44 0.85242772277
696.46 0.60236862745
697.47 0.77626086957
698.67 0.97086905755
699.86 1.04839663866
701.01 1.01442086957
702.15 1.02073269062
703.16 1.09548463826
704.16 0.69508091908
705.25 0.61431926606
706.27 0.88966895201
707.28 0.77178989098
708.29 0.76523564356
709.35 0.69616588124
710.36 0.33623785927
711.37 0.18420594059
712.38 0.87354761905
713.38 0.9572987013
714.41 0.5206368932
715.44 0.31882718447
716.45 0.45554806739
717.46 0.7401980198
718.46 1.09064535465
719.48 1.35627085378
720.68 0.63140666667
721.83 0.74939130435
722.99 0.77139707149
724.19 0.85784
725.22 0.92890873786
726.23 0.92900594059
727.24 1.36472871287
728.24 1.34116283716
729.25 1.77704554455
730.26 1.35523168317
731.28 1.39843921569
732.29 1.12061782178
733.3 1.57116831683
734.31 1.48522772277
735.43 1.09085714286
736.44 0.40091881188
737.45 0.6061958457
738.45 1.2901018981
739.46 1.19884241824
740.48 0.77396862745
741.63 0.85547084421
742.64 1.0944
743.66 0.87463529412
744.67 0.77939465875
745.71 0.78151538462
746.72 1.13774257426
747.74 0.614
749.15 0.32645454545
750.16 0.54071146245
751.17 0.78338278932
752.25 1.26524559778
753.25 1.38318481518
754.26 1.37371089109
755.26 1.58073926074
756.27 1.86108225966
757.42 1.73971478261
758.42 1.7057982018
759.43 1.85040792079
760.44 2.63830109671
761.51 1.85972887651
762.51 2.4086953047
763.69 2.17115254237
765.0 2.53527272727
766.0 3.35645154845
767.0 2.19704295704
768.01 2.122703667
769.01 4.01243556444
770.02 3.29873326673
771.02 3.47769030969
772.04 3.51088518155
773.2 3.24673396065
774.21 3.40700899101
775.21 2.80628971029
776.23 1.73559533074
777.24 1.85862137862
778.24 1.54655302279
779.25 1.95234886026
780.26 1.22430339321
781.26 1.76971428571
782.27 1.42639762611
783.28 1.38696237624
784.29 0.99687920792
785.3 0.7584950495
786.32 0.47494362018
787.32 0.83517145689
788.36 0.42092307692
