1.01 2.37535777998
2.01 2.27861738262
3.02 2.26279365079
4.08 2.32511215834
5.08 2.62393606394
6.09 2.3690148662
7.1 2.26914851485
8.15 2.39344137274
9.16 2.5005578635
10.16 2.42074725275
11.17 2.32562933598
12.24 2.36913751169
13.24 2.60206993007
14.24 2.38794805195
15.24 2.35514885115
16.29 2.36665520535
17.29 2.63486913087
18.29 2.12340918164
19.3 2.36287586892
20.3 2.6458021978
21.3 2.36608191808
22.31 2.37986124876
23.32 2.32562933598
24.32 2.59113686314
25.32 2.16928671329
26.33 2.15423015873
27.39 2.23438490566
28.39 2.52553846154
29.4 2.18462636274
30.41 2.24525420376
31.42 2.26689395441
32.42 2.19988822355
33.42 2.11462137862
34.43 2.13673736373
40.04 0.02335150543
43.16 0.15607702182
44.17 1.94656126482
45.25 4.248081557
46.25 4.54176223776
47.26 5.12975841584
48.27 4.39094549058
49.27 3.78738061938
50.27 3.73271528472
51.27 4.39963236763
52.28 3.82366633565
53.28 4.42800798403
54.36 4.58704267161
55.4 3.28627193828
56.4 6.15396407186
57.4 4.4151048951
58.4 4.41056543457
59.41 4.50387301587
60.41 5.26334465534
61.42 4.54279484638
62.42 4.70575824176
63.42 4.12630569431
64.42 4.29484115884
65.43 4.06507936508
66.44 4.06786534653
67.45 3.88365940594
68.45 3.91857742258
69.48 3.45082765336
70.49 3.55859009901
71.49 3.00020779221
72.52 3.14948349515
73.57 3.11330409914
74.57 3.28445954046
75.57 3.43752247752
76.58 3.79365079365
77.58 4.2903016983
78.59 3.44280673935
79.59 3.39379020979
80.6 3.47534588702
81.6 3.77644755245
82.61 3.09879365079
83.61 2.01622377622
84.62 2.23885827552
85.62 3.41565634366
86.62 4.24656943057
87.62 3.47032167832
88.64 3.67038113949
89.65 3.86135439289
90.72 3.54711152765
91.72 4.51538522954
92.72 4.20283716284
93.8 4.07684758364
94.81 0.97520792079
95.85 1.33643076923
96.87 1.49584313725
97.94 2.46920373832
98.95 2.41634851485
99.95 2.59567632368
100.96 2.87879484638
101.96 2.12555444555
102.98 2.97942296369
103.98 3.86391208791
104.99 4.36474925669
106.0 4.04219188922
107.01 3.99651485149
108.07 3.09132075472
109.08 4.19120713578
110.08 3.97324275724
111.08 4.44336463536
112.09 4.28673015873
113.09 4.4542977023
114.09 4.23563636364
115.09 4.31670729271
116.09 4.58549450549
117.1 4.53006759443
118.1 3.68258941059
119.1 4.71669130869
120.11 4.33650793651
121.11 3.14232967033
122.12 2.42324677899
123.12 2.65034165834
124.13 2.47747869177
125.13 3.48125474525
126.14 3.31265014866
127.23 2.38373577982
128.23 3.59058541459
129.27 2.83780558229
130.27 3.47032167832
131.27 3.91857742258
132.27 4.72761638362
133.28 3.90594637537
134.28 2.20223776224
135.29 3.65973439049
136.3 3.52608316832
137.3 2.78153846154
138.3 3.54685314685
139.31 4.11936507937
140.31 3.57325874126
141.31 3.66711688312
142.32 3.29422222222
143.34 2.5283454367
144.34 1.56342857143
146.14 0.07261606648
147.15 2.18051689861
148.17 0.86003929273
149.18 1.15941386139
150.18 2.19115284715
151.19 2.55340336967
152.19 2.51914485514
153.2 2.60313181368
154.2 2.31141658342
155.21 1.95685232904
156.22 1.27230738916
157.23 0.96917014925
158.24 1.51065346535
159.27 2.21446213592
160.27 2.5474045954
161.29 2.77264313725
162.29 2.81433766234
163.3 3.19650793651
164.31 4.5726132542
165.31 3.35005794206
166.31 3.57325874126
167.39 3.01204085422
168.39 3.67804995005
169.47 2.66160518999
170.48 1.73542120912
171.53 1.4531047619
172.54 1.72286732673
173.54 1.46426164519
174.55 1.22904295704
175.55 1.68369230769
176.56 1.06744895937
177.56 1.54156243756
178.6 1.03662752647
179.62 0.68533855186
180.67 0.54875307474
181.69 0.30042352941
182.72 0.84679333986
183.73 1.00137821782
184.74 0.53699705594
185.75 0.81916167665
186.76 0.69416848365
188.23 0.12579310345
189.65 0.59185279547
190.66 1.32457142857
191.66 1.37749058474
192.67 0.69798019802
193.68 0.66097425743
194.69 1.77115684316
195.69 2.51914485514
196.7 2.33647571853
197.77 2.21350280374
198.77 2.6458021978
199.78 2.81371655104
200.78 3.21886913087
201.79 2.66186719524
202.79 2.62932804757
203.81 2.74317705242
204.85 2.71934615385
205.85 2.93805988024
206.85 2.47541258741
207.86 2.51500297915
208.87 2.55087524752
209.87 2.5474045954
210.88 2.30393657086
211.89 3.37438415842
212.9 3.41772673267
213.91 3.54775445545
214.91 2.86510891089
215.92 2.39888111888
216.92 2.26276984127
217.96 2.51940769231
218.97 2.56927072927
219.97 2.29536507937
220.97 2.21301898102
221.98 2.41874331021
222.98 2.50821178821
223.99 2.24355289421
224.99 2.79759285005
225.99 3.62337662338
227.01 2.85847843137
228.02 3.25933732535
229.02 4.24656943057
230.02 4.66685203575
231.03 3.61699100899
232.03 3.25166033966
233.03 3.45593612774
234.03 3.41295124378
235.05 3.33527272727
236.08 2.58749903661
237.08 3.75458141858
238.09 3.63069061876
239.09 2.869002997
240.09 3.07231809145
241.09 3.01385014985
242.1 2.36975824176
243.1 2.98926673327
244.1 4.15193650794
245.14 3.43203849856
246.17 3.19198446602
247.2 3.17073398058
248.2 3.61245154845
249.21 4.03884115884
250.21 5.00965079365
251.21 3.41565634366
252.22 3.21822222222
253.22 3.57325874126
254.22 4.08257342657
255.24 3.75638506876
256.25 2.94095841584
257.25 3.08458283433
258.26 3.16393650794
259.26 2.82527072927
260.26 3.41565634366
261.27 3.86005588822
262.27 3.6924055666
263.27 4.47616383616
264.28 3.00895143707
265.28 2.40740918164
266.29 2.46067130089
267.29 2.21941258741
268.29 2.98926673327
269.3 3.15767128713
270.3 3.18606193806
271.31 3.42316966068
272.31 3.36604373757
273.37 3.50858867925
274.37 2.27407792208
275.39 1.86246908734
276.39 1.97888511489
277.4 1.55707936508
278.41 1.8854019802
279.42 1.96380613254
280.43 1.97658613861
281.44 1.76796035679
282.45 1.80321584158
283.45 1.73835764236
284.46 1.51065346535
285.46 2.24127872128
286.46 2.36608191808
287.47 3.3030259481
288.47 3.17022664016
289.47 2.8362037962
290.48 2.71072601385
291.49 3.17794637537
292.49 2.8907972028
293.5 2.61855302279
294.5 3.36184860558
295.55 3.01472397326
296.63 3.02674328082
297.69 3.09132075472
298.69 3.20338861139
299.69 2.68314085914
300.7 2.55593650794
301.72 2.20398431373
302.76 2.2984
303.76 2.66766833167
304.76 2.79247152847
305.77 2.1975
306.82 2.04735238095
307.83 2.21047128713
308.83 2.58474325674
309.83 2.46447952048
310.84 2.45371428571
311.84 2.38794805195
312.85 2.09785530228
313.85 2.70500699301
314.85 2.72687312687
315.85 2.8097982018
316.86 2.55847467726
317.86 3.62338461538
318.87 3.9851258672
319.88 3.26237623762
320.88 2.30415984016
321.89 2.27139742319
322.9 1.95491485149
323.9 3.24388023952
324.91 1.9607388282
325.91 2.8034045954
326.92 3.16080079286
327.92 4.69013972056
328.92 4.19644355644
329.92 5.14308091908
330.93 4.88872293942
331.94 4.72267988107
333.04 3.968
334.04 4.86975424575
335.04 4.09350649351
336.09 3.93890353391
337.09 3.31394810379
338.09 4.17679840319
339.1 4.49743141153
340.1 3.92951048951
341.1 3.57965234765
342.1 3.80998003992
343.1 4.10034331337
344.11 4.0962552343
345.12 4.19374085064
346.12 3.35005794206
347.13 3.01979781962
348.14 2.88964122894
349.14 2.38794805195
350.14 2.30048351648
351.16 1.51581925344
352.17 0.84518019802
353.17 1.28370829171
354.18 2.39070763132
355.18 2.75238323353
356.2 2.25984690873
357.2 2.63940859141
358.21 2.29536507937
359.21 2.09914885115
360.22 1.64068118812
361.25 1.37198833819
362.27 0.87981176471
363.28 1.07616221563
364.29 1.37749058474
365.3 2.41001980198
366.32 1.92501960784
367.32 2.08821578422
368.33 2.06531615461
369.33 2.48634565435
370.41 2.71231881372
371.41 3.08312487512
372.42 2.55340336967
373.43 2.17162772277
374.43 2.8034045954
375.5 2.30555514019
376.51 2.36685714286
377.52 1.8899009901
378.52 2.40981418581
379.52 3.33912487512
380.6 2.82650834879
381.63 2.9056744186
382.64 3.30507936508
383.67 3.38762718447
384.67 3.80927072927
385.68 2.79202378593
386.69 2.32966336634
387.69 3.35005794206
388.7 3.6236039604
389.71 3.63169078295
390.71 3.64525074925
391.71 3.76551448551
392.73 4.49816895874
393.73 2.70500699301
394.73 3.19380439122
395.74 2.0368142999
396.74 2.68953446553
397.75 1.93707936508
398.77 1.59084818805
399.82 3.11330409914
400.86 3.16129230769
401.91 3.12076190476
402.92 3.24435643564
403.92 3.52498701299
404.99 2.82982974743
405.99 3.20285714286
406.99 2.04902297702
408.0 2.02715684316
409.0 2.20181565907
410.01 2.93167265469
411.02 1.84460963618
412.02 1.63996003996
413.04 1.379171737
414.12 2.08973913043
415.14 1.99762904809
416.15 1.34796007984
417.16 1.55882121807
418.16 1.54156243756
419.17 1.60076723277
420.17 1.73079365079
421.17 2.42714085914
422.18 2.03808991009
423.18 2.55593650794
424.18 3.43752247752
425.19 2.72679484638
426.19 1.81488911089
427.33 1.13791747147
428.36 1.09225831703
429.36 1.17140931615
430.37 1.18531068931
431.37 1.57428571429
432.38 1.45197623762
433.38 1.05411388611
434.39 0.99786719524
435.39 1.16983816184
436.42 1.0573372206
437.43 1.26777029703
438.44 1.16228343313
439.45 0.87508785785
440.46 0.46363743842
441.46 0.73251548452
442.47 1.44707234886
443.48 1.56033267327
444.54 1.17095849057
445.54 1.34476723277
446.55 1.46426164519
447.55 1.34930669331
448.57 1.718390579
449.58 1.56483168317
450.59 1.82038811881
451.6 1.54316039604
452.61 1.93958019802
453.61 1.73196403596
454.62 1.65949653122
455.62 1.25090909091
456.63 1.3124122894
457.66 0.86589698737
458.66 1.07037125749
459.67 1.55257142857
460.68 1.7056950495
461.69 1.63618217822
462.69 0.91198401598
463.7 0.84601783944
464.73 0.6487696793
465.73 0.92931068931
466.73 1.43677122877
467.74 1.80049950446
468.74 1.25090909091
469.75 1.32194851485
470.91 0.93010017271
472.09 0.49196946565
473.1 0.56345346535
474.1 1.2901018981
475.11 1.75987326733
476.12 2.06960792079
477.13 2.32332673267
478.14 1.95685232904
479.16 1.15877647059
480.16 0.92931068931
481.19 1.20506407767
482.19 1.34476723277
483.28 0.97988235294
484.28 2.7441998002
485.28 2.37701498501
486.29 3.81915392254
487.29 2.21301898102
488.3 1.57116831683
489.32 0.58441609421
490.35 0.35063300971
491.35 0.28369292124
492.36 0.92377358491
493.46 1.30627429609
494.53 3.05505706268
495.56 3.18888845781
496.56 2.96286113886
497.57 2.14124083251
498.57 2.62847552448
499.6 2.00585214008
500.6 1.69462537463
501.61 1.43172249752
502.62 1.2505980198
503.64 0.97925663717
504.74 1.04593291024
505.75 1.06084272997
506.76 1.45341526264
507.78 0.85208627451
508.8 0.89054117647
509.81 0.68197032641
510.82 1.07379187314
511.83 0.96887128713
512.83 1.2573026973
513.98 1.30885291558
514.99 1.27860594059
515.99 1.81127018943
517.01 1.9629813176
518.02 1.82488712871
519.02 2.21941258741
520.03 2.02193062438
521.03 1.81488911089
522.04 0.76375024777
523.04 1.31196803197
524.05 1.82669573835
525.05 2.52301796407
526.08 1.56936964981
527.09 1.5494970297
528.23 0.86798596491
529.23 1.80395604396
530.23 2.02513373253
531.55 0.30699620925
532.56 1.82850793651
533.56 1.81488911089
534.57 1.71823191278
535.57 2.39434165834
536.57 1.9596007984
537.58 1.67817279047
538.59 1.93065609514
539.59 1.90689310689
540.6 1.79142857143
541.61 1.51848221344
542.62 1.63780376611
543.64 1.52028290766
544.64 1.73662275449
545.65 1.59892170466
546.65 2.09914885115
547.65 1.79756243756
548.65 1.94414371257
549.66 1.77598411122
550.67 1.64068118812
