1.01 2.06327128713
2.02 2.33197224975
3.02 2.23488511489
4.03 2.03277700694
5.04 2.80114285714
6.04 2.71594005994
7.04 3.14232967033
8.05 1.56653320119
9.05 2.6786013986
10.12 3.05491487371
11.21 2.42389724771
12.23 2.38638431373
13.24 2.59165182987
14.25 2.58850793651
15.25 2.91273526474
16.26 3.60919485658
17.27 2.77667393459
18.3 2.29106316812
19.3 2.8034045954
20.3 2.50821178821
21.31 2.40155401388
22.32 2.67905649158
23.32 2.28955044955
24.33 2.62107936508
25.33 2.89086913087
26.33 3.96230969031
27.33 4.90255344655
28.34 4.91644444444
29.34 4.86975424575
30.35 5.00918929633
31.36 4.7180039604
32.38 5.07817075564
33.38 4.3559000999
34.38 3.56871928072
35.4 3.71055686275
36.41 3.33434291378
37.42 3.4719049505
38.42 3.40472327672
39.43 3.35936507937
40.43 3.57607984032
41.44 4.30820258193
42.44 4.11537262737
43.48 3.15522456814
44.5 3.20496172718
45.57 3.05957049486
46.62 3.04834815516
47.63 3.34732467532
48.63 3.89302697303
49.63 2.77060539461
50.64 2.7983666997
51.64 2.53007792208
52.65 2.9843009901
53.65 2.92798411122
54.66 3.05486513487
55.66 3.22979420579
56.67 2.68907616222
57.67 3.46051241311
58.68 3.85297902098
59.68 3.68898301698
60.69 3.39942120912
61.69 3.67804995005
62.7 3.3126580773
63.7 3.92558882236
64.73 3.75255199223
65.73 3.53592007992
66.74 3.54393650794
67.74 3.35005794206
68.75 3.2876990099
69.75 3.28989264414
70.75 3.25933732535
71.76 4.03078763709
72.76 4.43656915423
73.76 4.11991208791
74.76 3.90764435564
75.77 4.20283716284
76.77 4.18097102897
77.95 2.73982491582
79.0 2.64566153846
80.0 3.28445954046
81.0 2.91273526474
82.01 2.10870168484
83.01 2.19115284715
84.02 2.66821010902
85.03 2.29081980198
86.03 2.12555444555
87.04 2.51636075322
88.24 2.10138666667
89.24 2.23488511489
90.24 2.24330486594
91.25 2.39434165834
92.25 2.39888111888
93.25 2.13648751249
94.25 2.43171400199
95.26 2.32506693307
96.26 1.84129470529
97.27 2.77033102081
98.27 2.8425974026
99.33 2.74028679245
100.34 2.17162772277
101.35 2.35816848365
102.35 2.89086913087
103.36 2.71159563925
104.38 2.57822351798
105.39 3.01113286713
106.39 3.25841823588
107.4 3.51405394605
108.41 2.82176633663
109.42 3.4627124632
110.43 2.94553446553
111.43 2.77307936508
112.43 2.34421578422
113.44 2.55833766234
114.45 1.85754455446
115.46 2.03415897939
116.47 2.60206993007
117.53 2.31203748828
118.54 2.0720553907
119.54 2.04902297702
120.55 2.11714285714
121.55 1.96155844156
122.56 2.00261127596
123.57 1.64393650794
124.57 1.82582217782
125.57 1.91782617383
126.58 2.09785530228
127.58 2.16474725275
128.59 1.47814653465
129.6 1.72457482656
130.6 1.68823176823
131.61 1.56342857143
132.61 1.30557442557
133.62 1.51548961424
134.63 1.93515956392
135.63 2.00075124875
136.64 1.14224158416
137.65 2.41874331021
138.66 2.77567556874
139.67 2.07822222222
140.68 2.03756521739
141.69 2.50551437066
142.69 2.38801998002
143.7 2.22573465347
144.71 3.13759045726
145.71 3.78738061938
146.71 4.85882117882
147.71 3.80285314685
148.72 4.61368463074
149.72 4.0812749004
150.72 4.08942115768
151.72 3.32548251748
152.72 4.07888911089
153.72 3.12046353646
154.73 3.11583300199
155.73 3.20472654691
156.73 3.64525074925
157.74 4.15044114738
158.75 3.67796015936
159.75 3.07673126873
160.75 3.54685314685
161.75 3.65619180819
162.75 3.91857742258
163.78 4.24178814383
164.78 4.26843556444
165.78 4.47616383616
166.81 3.94782879377
167.81 4.2903016983
168.82 4.10443607532
169.82 3.41565634366
170.82 3.74364835165
171.88 4.21861625709
172.88 3.99510889111
173.89 3.97822222222
174.89 3.89671128871
176.0 3.16190063234
177.0 3.76551448551
178.0 3.94044355644
179.0 3.52498701299
180.01 3.56919165839
181.01 3.69991608392
182.01 3.70714570858
183.02 3.90361829026
184.02 4.22048702595
185.02 4.36683316683
186.02 4.31216783217
187.03 4.30417443013
188.04 4.58343818002
189.05 4.17815873016
190.05 4.1658762475
191.06 3.83764378109
192.06 4.4214985015
193.06 4.29484115884
194.06 4.30123476523
195.06 4.26843556444
196.08 3.96748969578
197.08 3.37646353646
198.08 3.97324275724
199.09 4.42982755203
200.11 4.40783513248
201.11 3.94498301698
202.12 3.35516500994
203.17 4.02264895636
204.18 4.17622178218
205.18 3.98417582418
206.2 4.22727236971
207.2 4.78228971029
208.2 4.01697502498
209.34 3.58216197183
210.34 4.20954091816
211.34 3.69622355289
212.34 2.45354645355
213.35 1.2460990099
214.36 0.58512475248
247.6 0.00098766621
248.68 0.06501481481
249.81 0.07747964602
250.84 0.13812815534
251.86 0.10729411765
252.97 0.12978738739
254.06 0.11884036697
255.08 0.16094117647
256.09 0.19504158416
257.13 0.76286763285
259.03 0.06880419948
260.04 0.20454653465
261.05 0.11919207921
262.09 0.09479884504
263.11 0.21437806072
264.12 0.17337029703
265.13 0.14086336634
266.18 0.21888
267.19 0.25371881188
268.22 0.34000776699
269.26 0.33673846154
270.28 0.40771764706
271.29 0.35757623762
272.3 0.37924752475
273.34 0.39987692308
274.37 0.31875728155
275.38 0.26031318137
276.42 0.31599615014
277.89 0.21884432359
278.91 0.32156709109
279.94 0.31906705539
280.95 0.42342857143
281.95 0.37098305085
282.96 0.54231912785
283.98 0.60084705882
284.99 0.42666666667
286.02 0.47860058309
287.05 0.50951697381
288.07 0.60084705882
289.09 0.55792941176
290.1 0.50977998018
291.11 0.45464688427
292.16 0.35904671115
293.19 0.28660329777
294.25 0.21701983003
295.26 0.2056735905
296.32 0.20668555241
297.33 0.24921980198
298.39 0.25786993402
299.4 0.31485714286
300.44 0.31569230769
301.44 0.31705894106
302.45 0.36841188119
303.45 0.3215984016
304.47 0.39737782139
305.49 0.33228599412
306.5 0.27115956392
307.52 0.26823529412
308.54 0.25750588235
309.58 0.26307692308
310.58 0.24052747253
311.6 0.24701864573
312.62 0.24677647059
313.66 0.25255384615
314.67 0.21671287129
315.71 0.12012307692
316.76 0.17735748332
317.8 0.1682074928
318.82 0.20385882353
319.86 0.24203076923
320.9 0.2736
321.93 0.26563106796
322.95 0.25851968504
323.98 0.24343520309
324.99 0.20587722772
326.05 0.20649056604
327.07 0.24677647059
328.12 0.18779027645
329.15 0.16983899127
330.17 0.13948235294
331.22 0.10855619048
332.23 0.14086336634
333.28 0.15649189704
334.32 0.22098461538
335.34 0.25750588235
336.38 0.29436311239
337.41 0.29750679612
338.42 0.3033980198
339.44 0.33261176471
340.45 0.4550970297
341.49 0.38935384615
342.5 0.42708910891
343.51 0.69348118812
344.53 0.61157647059
345.54 0.68264554455
346.55 0.78016633663
347.56 0.54628118812
348.57 0.70431683168
349.58 0.72598811881
350.59 0.52011089109
351.61 0.61157647059
352.62 0.51428344896
353.62 0.86371228771
354.63 0.84518019802
355.64 0.68264554455
356.65 0.71515247525
357.66 0.70951833499
358.67 0.82350891089
359.67 0.94024375624
360.68 0.88940336967
361.77 0.75650229148
362.78 0.96532804757
363.78 1.07144055944
364.79 0.80633663366
365.8 0.95448166501
366.8 0.81998001998
367.81 0.73682376238
368.82 0.64444003964
369.82 0.78718081918
370.83 0.7809395441
371.84 0.72527002967
372.85 0.76375024777
373.87 0.68668235294
374.88 0.67180990099
375.9 0.71887058824
376.91 0.68264554455
377.92 0.68714455446
378.93 0.65013861386
379.95 0.95491764706
380.96 0.95353663366
381.97 0.95708803165
382.98 1.11939622642
383.98 1.27789221557
384.99 0.99054257426
386.0 1.02938613861
387.01 0.9327888999
388.01 0.99944855145
389.02 0.96437227723
390.02 1.13703896104
391.03 1.14337363726
392.04 1.32457142857
393.04 1.26697005988
394.05 1.04472079208
395.06 1.07272871287
396.08 0.97733464181
397.08 1.19624375624
398.09 1.13251343284
399.09 1.30674626866
400.11 1.17396078431
401.12 1.25818037661
402.13 1.23853610287
403.14 1.17024950495
404.15 1.23526336634
405.16 1.12279365079
406.16 1.43223176823
407.16 1.4477042957
408.17 1.713728444
409.17 1.38210589411
410.18 1.15941386139
411.19 1.01855049505
412.21 0.86908235294
413.22 0.9472
414.23 0.86685148515
415.24 0.86771060456
416.24 0.80265334665
417.25 0.92102970297
418.26 0.80342857143
419.27 0.75699604743
420.28 0.91559960357
421.29 0.80104451039
422.32 1.12737026239
423.33 1.26143366337
424.33 1.21357042957
425.35 1.04177428852
426.37 0.79843137255
427.37 1.3229010989
428.38 1.26777029703
429.39 0.97970693069
430.41 1.07399411187
431.41 1.20263736264
432.43 1.29953287537
433.44 1.13774257426
434.45 1.05555643564
435.46 1.13774257426
436.48 1.15877647059
437.49 1.2601859545
438.5 1.30156590684
439.52 1.08919332679
440.52 1.06050749251
441.53 0.9427009901
442.54 1.10973465347
443.55 1.00771485149
444.56 1.04022178218
445.58 0.77251764706
446.59 0.61128712871
447.6 0.68264554455
448.61 0.67180990099
449.64 0.70126601942
450.65 0.69348118812
451.66 0.63296633663
452.68 0.90127058824
453.69 1.01955996036
454.69 1.27277522478
455.7 1.04125272547
456.73 0.81735014549
457.73 0.84668656716
458.75 0.60017339901
459.77 0.78324705882
460.79 1.34249263984
461.79 1.09784615385
462.8 1.11607128713
463.8 0.98005970149
464.82 0.97584220907
465.83 1.24486646884
466.85 1.06221176471
467.86 0.96887128713
468.89 1.13690097087
469.91 1.06221176471
470.92 0.6438019802
471.93 0.89935841584
472.94 1.1605629336
473.95 1.15193669634
474.97 1.26607058824
475.98 0.95448166501
476.98 0.95117682318
478.01 1.31131650485
479.02 1.064
480.02 0.85192814371
481.07 0.58800761905
482.09 0.59069676153
484.49 0.01367430237
485.5 0.62846732673
486.56 0.11314285714
487.59 0.24533333333
488.6 0.66162933598
490.09 0.3480295104
491.1 0.7910019802
492.12 0.99099212598
493.13 1.58946995074
494.13 4.64835059761
495.14 0.13067996012
496.5 0.36989272594
497.52 0.60143670265
498.54 0.35887733072
499.56 0.64313418217
500.56 1.20263736264
501.57 1.2460990099
502.58 0.89390683845
503.6 0.65449411765
504.62 1.52507163886
505.63 1.49833432245
506.64 2.01542970297
507.65 2.06327128713
508.66 1.93515956392
509.66 2.40527472527
510.67 2.21716551041
511.67 2.16928671329
512.69 2.16734117647
513.7 1.5898015873
514.7 2.07073726274
515.7 2.42714085914
516.71 2.07822222222
517.71 1.99435764236
518.71 2.36154245754
519.72 2.33647571853
520.72 2.44261338661
521.73 2.42084752475
522.73 2.70880318091
523.74 2.53752720079
524.75 2.3418762475
525.75 2.43168031968
526.76 2.72514285714
527.76 2.95646753247
528.76 3.77644755245
529.81 3.14893422307
530.81 3.24712087912
531.88 2.6635364486
532.89 2.78117740337
533.91 2.55805490196
534.93 2.60352502453
535.93 2.38794805195
536.95 2.70381176471
537.95 2.66127472527
538.95 3.42790863952
539.96 3.4013253493
540.97 3.64527524752
541.97 2.71594005994
542.98 2.75675247525
543.99 3.17479365079
544.99 2.84713686314
545.99 2.79247152847
547.0 2.10211485149
548.06 0.20045283019
549.1 1.68693641618
550.1 2.51663073852
551.1 2.70513034826
552.11 2.81963708873
553.11 3.19245554446
554.19 2.92123529412
555.2 3.72632167832
556.2 3.45938861139
557.2 3.27352647353
558.2 3.42790863952
559.21 3.27352647353
560.21 2.55833766234
561.23 2.2383670265
562.23 2.16928671329
563.23 2.11008191808
564.25 2.23158714703
565.26 2.44262137862
566.26 2.62847552448
567.26 2.45994005994
568.31 2.01786081983
569.31 2.03479365079
570.32 2.39888111888
571.32 2.66766833167
572.32 2.21301898102
573.33 2.02393650794
574.33 2.55833766234
575.34 2.09577821782
576.35 1.47218991098
577.45 0.72112101911
578.46 1.01855049505
579.46 0.99490909091
580.47 0.56851536174
581.47 0.99490909091
582.48 0.99885714286
583.75 0.40437735849
584.76 0.68782556987
