1.0 1.22383216783
2.01 1.99802576809
3.02 1.21228514851
4.09 1.38036160298
5.23 1.19636939314
6.35 1.25126005362
7.54 1.41097815126
8.65 1.35064504505
9.82 1.38771648164
10.83 1.62064618434
11.83 1.39395004995
12.84 1.09450941526
13.85 1.57746389713
14.85 1.16085514486
16.02 1.43954794521
17.16 1.48615600351
18.17 0.72636831683
19.31 1.34588235294
20.31 1.26854745255
21.33 1.41821176471
22.49 1.47557549612
23.52 1.41115339806
24.6 1.31437777778
25.66 1.4169726673
26.71 1.45517635844
27.71 1.676003996
28.73 1.47159960746
29.74 1.67981782178
30.74 1.78917882118
31.76 1.3228498528
32.77 1.93083052527
33.89 1.41763571429
34.89 1.88903896104
35.89 1.40559680639
36.9 1.33676984127
37.9 1.28864735265
39.09 1.54527516779
40.26 1.50294339623
41.26 1.82573426573
42.28 0.82156624141
43.28 1.57018981019
44.4 1.22899731903
45.4 1.56450749251
46.41 1.37332804757
47.54 1.43290619469
48.54 1.89762237762
49.64 1.52848043676
50.64 1.00485114885
52.05 0.89691412349
53.16 1.48996036036
54.17 1.44371485149
55.18 1.13175445545
56.19 1.57919207921
57.32 1.1074295837
58.48 1.49297502153
59.49 1.96471287129
60.49 1.36157442557
61.54 1.31874165872
62.55 1.78460990099
63.55 1.70162075848
64.62 1.47119025305
65.62 1.7808031968
66.62 1.38644555445
67.66 1.41725505294
68.82 1.39900603969
69.96 1.28823838738
70.97 1.58515643564
72.19 1.09210491803
73.19 1.25906893107
74.28 0.97185674931
75.47 1.28269579832
76.47 1.16306093906
77.48 0.68732539683
78.49 0.22281305638
79.51 0.8537468106
80.51 0.75114485514
81.51 0.76362037962
82.53 0.87115127701
83.53 1.06106693307
84.54 1.14296927651
85.55 1.0253716551
86.55 0.93020579421
87.61 0.75774126534
88.65 0.76108357349
89.73 0.96795555556
90.88 1.18328285466
91.88 1.07103296703
92.99 1.18765013526
94.18 1.28691092437
95.22 1.47552307692
96.22 1.36916683317
97.4 1.12068474576
98.59 1.16616316232
99.59 1.42371228771
100.6 1.04731746032
101.6 1.3198961039
102.6 1.26537462537
103.61 1.11843012884
104.61 1.18391243781
105.62 1.27099601594
106.62 1.13048551449
107.63 1.15283960396
108.72 1.06070156107
114.53 0.02253645117
115.66 0.31123742277
116.67 0.34950898204
117.68 0.48160158573
118.71 0.52843495146
119.74 0.8737786333
120.75 1.52863366337
121.77 1.14506824926
122.89 1.30849955713
123.91 1.47135905045
124.96 1.18452880076
125.97 1.48246153846
127.05 1.3089513315
128.18 1.24190442478
129.28 1.17782545455
130.29 1.31051348651
131.29 1.12532804757
132.44 1.14913391304
133.55 1.40901725704
134.56 1.69279207921
135.56 1.24471754212
136.57 1.36511968348
137.66 1.20395224977
138.67 1.43612362911
139.67 1.37898709037
140.72 1.38731874405
141.74 1.09808047105
142.76 1.27938883448
143.92 1.12007592752
144.93 1.44430891089
146.11 1.29557288136
147.12 1.7763009901
148.13 1.25514029851
149.13 1.08647960199
150.14 1.07478019802
151.14 1.06841958042
152.17 0.9421382668
153.36 1.01406711409
154.41 1.03139047619
155.42 0.92082294758
156.43 0.94447571853
157.45 1.04803921569
158.46 1.14686732673
159.47 1.20461782178
160.47 1.39401398601
161.48 0.72787212787
162.48 1.15363492063
163.61 0.90713628319
164.62 1.35194455446
165.62 1.08143856144
166.63 1.64103096903
167.63 1.29943650794
168.65 0.97545935357
169.66 1.19755004955
170.67 1.19973652695
171.8 1.1487943761
172.81 1.42911683168
173.82 1.19181782178
174.83 1.42173465347
175.83 1.12589010989
177.01 0.94275148431
178.02 1.34686732673
179.09 1.03150654206
180.18 0.89217614679
181.18 1.09444155844
182.21 0.69545525292
183.23 0.48282352941
184.23 0.3961958042
185.28 0.84851858913
186.28 1.12252547453
187.29 0.88594851485
188.3 0.68880079286
189.32 0.98453281097
190.34 0.64416879293
191.54 0.71845204337
192.55 0.62187141444
193.75 0.32016680567
195.16 0.78584397163
197.87 0.08076752768
198.88 0.54778239367
199.89 0.88833300297
200.89 0.98455944056
201.9 1.1266283449
202.91 1.10157072206
204.06 0.90507130435
205.18 1.03424486148
206.23 0.84115809524
207.25 1.09374015748
208.42 1.38106303237
209.62 1.46433305579
210.63 1.51064554455
211.64 0.67333201189
212.86 0.29554173486
213.88 0.49864833006
214.89 0.57871683168
215.89 0.72143856144
216.91 0.30650734574
218.1 0.41532659933
219.1 1.04003996004
220.11 1.23482772277
221.29 1.02893299406
222.3 1.16834059406
223.46 1.00893103448
224.47 1.33236435644
225.57 1.29723636364
226.57 1.48238961039
227.58 1.38737301587
228.59 1.11358415842
229.66 0.72790280374
230.66 1.23742629482
231.67 1.33527634195
232.67 1.38216183816
233.67 1.47656343656
234.71 1.03972334294
235.73 1.15400589971
236.73 1.11412587413
237.76 1.01520699708
238.77 0.93773465347
239.78 1.15840792079
240.78 1.34400798403
241.79 1.12650148662
242.8 1.38491179386
243.8 1.32827972028
244.81 0.84932539683
245.82 0.55158811881
246.83 0.56565217391
247.84 0.76532539683
248.86 0.74237647059
249.86 0.74708491508
250.87 0.46009891197
251.88 0.48561111111
252.88 0.62463136863
253.89 0.8169029703
254.92 0.69366213592
255.94 0.47059470069
256.98 0.10482758621
257.99 0.46087301587
259.27 0.39827856025
260.33 0.44086037736
261.46 0.96386206897
262.47 0.91042376238
263.49 1.00058267717
264.49 1.10151944167
265.5 1.18746138614
266.5 0.96825574426
267.52 0.70897064579
268.53 0.57661966236
269.72 0.4363929471
270.73 0.65810901883
271.73 0.76157442557
272.91 0.73521422523
273.91 1.02475124875
274.93 0.80877013752
275.97 0.68271799808
277.12 0.11429765013
278.13 0.46172898121
279.43 0.14322401848
282.63 0.00566146159
283.64 0.60198412698
284.66 0.30012928501
285.78 0.13549103943
286.78 1.02672781655
287.78 1.02026773227
288.79 1.2622970297
289.79 1.20155044955
290.8 0.97567460317
291.81 0.79939009901
292.81 0.91245508982
293.82 0.83581746032
294.83 0.69621386139
296.02 0.43452773109
297.03 0.31392284866
298.03 0.4199000999
299.08 0.48554961832
300.09 0.39471683168
301.09 0.42125349301
302.33 0.60751534733
303.36 0.85651311953
304.37 1.11085375494
305.39 0.93823748773
306.4 0.98115643564
307.5 0.86586909091
308.51 1.01519367589
309.52 0.83325396825
310.65 0.79085309735
311.77 0.65942044444
312.78 0.95816119403
313.79 0.70138613861
314.8 1.08041188119
315.81 1.54906429278
316.97 1.0403313201
317.97 1.63657942058
318.98 1.28433696729
320.14 1.50419310345
321.18 1.46899230769
322.29 1.45009009009
323.41 1.42871556351
324.6 1.37432745592
325.64 1.49422307692
326.67 1.47654704171
327.72 0.86210104862
328.73 1.53336237624
329.84 1.2035963964
330.85 1.7388990099
332.05 1.33406666667
333.22 1.35705982906
334.32 1.25303272727
335.42 1.45637090909
336.42 1.76949450549
337.43 1.08072222222
338.6 0.99739487179
339.74 1.33682734443
340.82 1.38157037037
341.9 1.39197777778
342.96 1.63566792453
344.09 1.69445092838
345.21 1.79402857143
346.22 1.62879682854
347.23 0.94095841584
348.24 0.97819623389
349.24 0.94914685315
350.29 0.98975786463
351.3 1.21497821782
352.31 1.37454257426
353.31 1.6506506986
354.32 1.35187301587
355.32 1.96465934066
356.33 1.40461446977
357.33 1.65922877123
358.36 1.60726919339
359.4 1.68463400576
360.4 1.56692907093
361.46 1.33821550095
362.59 1.34779469027
363.68 1.44246379468
364.69 1.56646977205
365.71 1.49026104024
366.71 1.67272654691
367.73 1.09348773307
368.73 1.56445954046
369.76 1.31669582119
370.76 1.50143650794
371.77 0.95607157058
372.77 0.98753784861
373.78 0.73747704591
374.78 0.75495238095
375.8 0.66738823529
376.87 0.90657943925
378.04 0.92415146299
379.21 0.85707300509
380.35 0.7933122807
381.36 0.99567524752
382.37 0.8095984016
383.37 1.05565873016
384.39 0.84186666667
385.39 1.00796803197
386.41 0.88638575668
387.5 0.92687795993
388.66 0.99850344828
389.73 0.97094538606
390.73 1.04342517344
391.75 0.90821176471
392.77 0.86414117647
393.86 0.9319706422
394.87 1.20468331668
395.92 1.15165909091
396.92 1.35569292124
397.93 1.59048951049
398.93 1.52067393459
400.05 1.19891428571
401.06 1.70343256743
402.06 1.52279088206
403.08 1.32104313725
404.16 1.43690083411
405.17 1.50028742515
406.27 1.12432822362
407.28 1.58242376238
408.29 1.33657879088
409.29 1.47834565435
410.37 1.72892592593
411.55 1.48174385072
412.56 1.29719485658
413.57 0.94124083251
414.59 1.08268774704
415.59 1.11263492063
416.69 1.22213818182
417.79 1.45547683924
419.11 1.19850796058
420.12 1.29697425743
421.12 1.17925274725
422.14 1.1673562316
423.2 0.97162264151
424.21 0.88117227723
425.22 0.91672079208
426.23 1.10010379242
427.23 0.76777777778
428.24 0.87984950495
429.25 0.94765940594
430.35 1.05001454545
431.36 0.68853069307
432.39 0.66625242718
433.41 0.44378823529
434.44 0.329328125
435.45 0.26955665025
436.6 0.16669217391
437.64 0.15784615385
438.72 0.17226666667
439.73 0.25984950495
440.79 0.43516525024
441.8 0.41134718101
442.83 0.4376
444.03 0.27907256047
445.04 0.36841188119
446.11 0.26262429907
447.12 0.3033980198
448.19 0.25570093458
449.21 0.22978039216
450.25 0.26333012512
452.82 0.09794241245
453.87 0.47899524263
454.88 0.18971881188
455.92 0.18941538462
458.59 0.06148314607
459.59 0.38265734266
460.6 0.41116039604
461.64 0.55931340405
462.66 0.1718390579
463.67 0.28336220472
464.68 0.49903585657
465.68 0.59087312687
466.69 0.66841980198
467.88 0.57554957983
469.02 0.41296575944
470.13 0.43281368137
471.16 0.60300097182
472.16 0.70601398601
473.18 0.74617468106
474.19 0.77865346535
475.19 0.67270259481
476.21 0.78968172888
477.22 0.6626798419
478.23 0.84270634921
479.23 0.71260739261
480.25 0.52169578018
481.27 0.76157647059
482.28 0.78852277228
483.28 0.68478721279
484.34 0.59954674221
485.34 0.80163836164
486.35 0.6091258672
487.5 0.55158992181
488.53 0.48841982507
489.62 0.27108990826
490.63 0.3518970297
491.65 0.36619607843
492.66 0.30241584158
493.67 0.4537980198
494.67 0.63470929071
495.86 0.86482085786
496.87 0.83992079208
497.87 0.79908891109
498.88 0.59105649158
499.89 0.75009108911
500.9 0.6150019802
501.92 0.50911372549
502.93 0.38492673267
503.95 0.37552941176
504.95 0.15551744766
505.97 0.21522123894
506.98 0.19504158416
508.0 0.19254901961
509.02 0.26823529412
510.04 0.20425882353
511.06 0.31115294118
512.12 0.15251320755
513.13 0.84323960396
514.17 0.40023076923
515.19 0.12875294118
516.2 0.47193657086
517.22 0.48414495593
518.23 0.42544158416
519.24 0.4911256182
520.26 0.73018253189
521.27 0.65469970268
522.27 0.57155644356
523.32 0.49779467681
524.33 0.6531082423
525.46 0.45590804598
526.55 0.56355555556
527.56 0.70056237624
528.56 0.58796403596
529.57 0.54989098117
530.67 0.40197090909
531.85 0.46589669771
532.88 0.50389902913
533.89 0.65901782178
534.92 0.61975510204
535.93 0.49728316832
536.93 0.63176823177
537.94 0.8222160555
539.09 0.69388705474
540.27 0.89155555556
541.31 0.94806923077
542.37 0.89028679245
543.55 0.72130847458
544.56 0.67801188119
545.57 0.85872205737
546.58 0.82032903865
547.73 0.78021565217
548.74 1.07376633663
549.76 0.90995112414
550.77 0.83180914513
551.77 1.06118681319
552.78 0.83142120912
553.81 0.85473398058
554.89 0.79154814815
555.9 1.09992871287
556.92 1.02520784314
557.94 0.88315294118
558.96 0.8845367287
560.0 0.8562078922
561.09 0.91351331497
562.2 0.92874234234
563.2 1.20312175649
564.23 0.69976653696
565.23 1.75167265469
566.34 1.20673038774
567.35 1.71666997027
568.55 0.63601333333
569.56 1.06299405941
570.62 0.6837509434
571.67 1.05734095238
572.71 1.0306
573.72 0.65660990099
574.92 0.64431333333
576.0 0.50018518519
577.03 0.7244038835
578.05 0.67982745098
579.09 0.62692850334
580.1 0.57574425574
581.11 0.64537029703
582.12 0.64548118812
583.14 0.64931764706
584.15 0.68640792079
585.16 1.01545346535
586.17 1.61466930693
587.23 1.12331320755
588.23 1.6907972028
589.3 1.29466043031
590.3 1.11409181637
591.36 0.67674102079
592.39 0.54090397672
593.4 0.97022001982
594.58 0.71908474576
595.58 0.83737561943
596.6 0.89749901381
597.6 0.79689065606
598.68 1.01299259259
599.74 0.93251320755
600.75 0.94371456888
601.75 1.17325074925
602.76 1.01484241824
603.8 0.85992307692
604.94 0.91268070175
606.09 0.93784187663
607.1 0.93844995045
608.11 0.82383382789
609.17 0.84165439093
610.37 0.86541881765
611.44 1.00422429907
612.46 0.98803137255
613.62 0.77639310345
614.63 0.93432167832
615.65 0.68956420233
616.65 1.22565434565
617.77 1.01773571429
618.78 1.17818981019
619.78 0.71400793651
620.78 0.84107092907
621.79 1.38371456888
622.93 1.0150324277
623.94 1.13263032706
625.05 1.07261981982
626.05 1.14194605395
627.06 0.87942120912
628.06 1.25874125874
629.07 1.10580773043
630.18 0.71284248425
631.34 0.85067126833
632.53 0.96781176471
633.63 0.91924294813
634.63 1.09367664671
635.75 0.89626570916
636.75 1.02628685259
637.92 1.13824081981
638.93 0.94228741328
639.93 0.79199201597
641.13 0.72720534224
642.15 0.76178823529
643.16 0.21314851485
644.19 0.31875728155
645.23 0.36656153846
646.26 0.3008776699
647.36 0.21888
648.46 0.11319272727
649.47 0.44426138614
650.48 0.16693861386
651.49 0.24946679881
652.51 0.21312438786
653.55 0.3172173913
654.73 0.15836624473
655.76 0.14875339806
656.83 0.05114018692
657.9 0.05114018692
658.91 0.11075643564
659.94 0.35063300971
660.98 0.21624615385
662.04 0.17551698113
663.06 0.22531764706
664.07 0.24136237624
665.1 0.34000776699
666.11 0.32046732673
667.13 0.38596862745
668.15 0.48185098039
669.39 0.46026451613
670.43 0.55825986526
671.44 0.35855841584
672.44 0.74074725275
673.45 0.98258870168
674.56 0.72514131413
675.76 0.63210729254
676.76 0.74386481113
677.76 0.37172427572
678.77 0.41699900892
679.77 0.61888511489
680.78 0.36501883053
681.79 0.4275529179
682.82 0.44642954325
683.85 0.37001165049
684.86 0.14546534653
685.89 0.31844810863
687.12 0.12431570382
689.79 0.10677073171
690.8 0.61559802956
691.97 0.59177455167
692.99 0.60336800785
694.02 0.72047332687
695.03 0.61211496531
696.03 0.89265134865
697.03 0.75786613387
698.04 0.74863032706
699.05 0.80357581764
700.06 0.70640792079
701.09 0.43920776699
702.45 0.20063529412
703.55 0.51781090909
704.67 0.54630714286
705.75 0.28373333333
706.77 0.28969411765
707.87 0.27972363636
709.18 0.20050076336
710.19 0.8844039604
711.2 0.89213465347
712.27 0.9523588785
713.29 1.36415279138
714.3 0.93589692765
715.46 1.05502758621
716.47 0.97650642928
717.51 0.74405389798
718.69 0.88971525424
719.71 1.16006268364
720.72 1.3173518335
721.72 1.00437962038
722.74 1.04967222767
723.75 1.05199209486
724.76 0.6986031746
725.92 0.81963448276
726.94 0.9720627451
727.95 0.78112475248
728.97 0.65738039216
729.98 1.10163168317
730.99 0.96633663366
731.99 1.38123476523
733.0 1.16063429138
734.01 1.03040792079
735.02 0.98655841584
736.03 0.69066402379
737.03 0.82353646354
738.04 1.04594059406
739.05 1.06883960396
740.06 0.98153663366
741.07 0.62908225966
742.15 0.66980943571
743.16 0.75180990099
744.23 0.85777943925
745.3 0.93451075772
746.31 1.01283168317
747.31 1.19908091908
748.34 0.96083965015
749.46 0.61383764496
750.6 0.96355947137
751.61 1.09388560158
752.62 0.94830891089
753.64 0.51420392157
754.65 0.65934846989
755.66 0.8466031746
756.67 0.79358572844
757.87 0.87706666667
758.88 0.93050840752
760.03 0.70428546562
761.04 0.87321980198
762.05 0.70710979228
763.07 0.91919921492
764.08 0.97834455446
765.13 0.81612952381
766.14 0.99717507418
767.17 0.79601943635
768.27 1.13293090909
769.28 0.82275643564
770.31 0.69423517979
771.32 0.56425346535
772.51 0.54094789916
773.52 0.80097425743
774.54 0.85960784314
775.56 0.7641254902
776.57 0.6590970297
777.58 0.56252673267
778.6 0.53220392157
779.6 0.47922477522
780.61 0.53682457879
781.63 0.5079372549
782.69 0.63141132075
783.7 0.62846732673
784.71 0.37949306931
785.72 0.77183366337
786.73 0.5832
787.75 0.5801844946
788.75 0.74564635365
789.95 0.66576
790.96 0.72619405941
791.97 0.73389890981
793.09 0.71683853702
794.09 1.13855489022
795.1 0.57842303873
796.11 0.42980019782
797.12 0.49501782178
798.13 0.66442772277
799.15 0.58637647059
800.16 0.52738156591
801.26 0.56390917348
802.28 0.55792941176
803.29 0.46699109792
804.31 0.57585854617
805.46 0.65228794449
806.55 0.96290441176
807.56 1.07032079208
808.67 0.77789038634
809.76 0.45385832567
810.77 0.83381386139
811.78 0.90784950495
812.92 0.61892186128
813.94 0.47413124388
814.95 0.55353022795
815.96 0.75466930693
816.98 0.80869803922
818.0 0.85050980392
819.02 0.70752156863
820.02 0.81372227772
821.12 0.68274909091
822.13 0.67588910891
823.4 0.37504806935
824.42 0.55982711198
825.43 0.71904158416
826.47 0.66011538462
827.55 0.84292122335
828.6 0.97679847909
829.61 0.6758691774
830.63 0.79871372549
831.73 0.70706630336
832.91 0.92692020374
834.08 0.93587692308
835.24 0.90784827586
836.25 1.00705742574
837.26 0.82083168317
838.45 0.78445042017
839.52 0.62109906542
840.53 0.85762376238
841.55 0.86559215686
842.55 0.82487912088
843.68 0.76654030115
844.68 0.49761744301
845.7 0.61927058824
846.72 0.4976
847.76 0.71544615385
848.77 0.47466138614
849.8 0.41769320388
850.81 0.66284577114
851.96 0.59295584416
853.13 0.77992478632
854.15 0.68592156863
855.26 0.63698018018
856.27 0.70601980198
857.28 0.51127920792
858.41 0.6513699115
859.42 0.73307722772
860.44 0.66893333333
861.48 0.48951684312
862.48 0.38521478521
863.56 0.5218962963
864.71 0.51336347826
865.72 0.61078019802
866.82 0.56440727273
867.99 0.51738119658
869.01 0.7187372549
870.03 0.61217664377
871.05 0.51031537708
872.06 0.6926019802
873.07 0.70742857143
874.18 0.75134226988
875.19 0.83148514851
876.22 0.4892361516
877.24 0.40994509804
878.26 0.81889128306
879.4 0.61275504829
880.4 0.84600999001
881.47 0.63348037383
882.48 0.61518334985
883.49 0.82893768546
884.5 0.64180773043
885.51 0.57724356436
886.52 0.44447873393
887.53 0.3552111001
888.53 0.46447952048
889.56 0.48299319728
890.58 0.40694117647
891.7 0.49860682226
892.72 0.53705201178
893.72 0.5474491018
894.73 0.59343650794
895.74 0.52424975223
896.75 0.55625717112
897.8 0.37474285714
898.82 0.60275294118
899.84 0.46721568627
900.85 0.39008316832
901.85 0.27867332667
902.87 0.3292639843
903.88 0.3359049505
904.91 0.29812815534
905.97 0.25774339623
907.15 0.40221016949
908.17 0.54272156863
909.17 0.64692107892
910.19 0.67921491658
911.2 0.45512079208
912.21 0.29582574257
913.23 0.36952941176
914.29 0.34103116147
915.3 0.26471216617
916.31 0.51409108911
917.32 0.56582178218
918.39 0.61604490178
919.41 0.60025073457
920.45 0.38542307692
921.74 0.31189457364
922.77 0.47846990291
923.82 0.38564571429
924.83 0.23676831683
925.85 0.21458823529
926.91 0.22713962264
927.92 0.3011960396
928.94 0.3648
929.99 0.32310857143
931.0 0.24331881188
932.01 0.1516990099
933.04 0.19144023324
935.04 0.06530742402
936.05 0.53320837488
937.06 0.31423366337
938.1 0.30435282838
939.13 0.26640701071
940.15 0.27896470588
941.28 0.09185840708
942.32 0.10432793136
943.34 0.1824
944.45 0.13916076294
945.49 0.16257769304
946.59 0.17037362637
947.59 0.16285714286
948.64 0.14863238095
949.73 0.19129346826
950.81 0.18341899441
951.81 0.2277740337
952.82 0.15253546454
953.86 0.24203076923
954.89 0.19125436893
956.05 0.0842566296
957.1 0.12507428571
958.12 0.12308235294
959.15 0.22313009709
960.17 0.15021176471
961.22 0.26258285714
962.25 0.48876116505
963.27 0.36282352941
964.28 0.40754851485
965.3 0.31392284866
966.34 0.16618493804
967.45 0.18732972973
968.66 0.09112406328
969.68 0.11802352941
970.68 0.08677106046
971.83 0.0475826087
972.89 0.03538725024
973.92 0.06319923003
974.98 0.13421886792
976.05 0.09205233645
977.09 0.08418461538
978.35 0.05211428571
979.38 0.04250097087
980.55 0.02947803618
981.66 0.05873345259
982.84 0.04633361558
983.92 0.05071362373
985.0 0.08106666667
986.15 0.0475826087
987.21 0.07227169811
988.24 0.10625242718
989.27 0.17383300971
990.31 0.15784615385
991.41 0.12933818182
992.46 0.07752907531
993.55 0.13040513291
994.64 0.10040366972
995.68 0.04209230769
996.74 0.24941265345
997.75 0.09752079208
998.92 0.07483076923
1000.08 0.02830344828
1001.09 0.46266930693
1002.1 0.24921980198
1003.12 0.09243137255
1004.64 0.04322843976
1005.79 0.03806608696
1006.84 0.05211428571
1007.93 0.05020183486
1009.04 0.06901621622
1010.13 0.08039669421
1011.74 0.06980821918
1012.74 0.58275820896
1013.75 0.64765940594
1014.76 1.14846732673
1015.77 0.89782288557
1016.78 0.56905719921
1017.8 0.57613320274
1018.85 0.45426120114
1019.87 0.30281568627
1020.87 0.32347652348
1021.88 0.54866534653
1022.93 0.40889227836
1023.94 0.45426706231
1025.07 0.39862654867
1026.09 0.50334052993
1027.1 0.50363564356
1028.1 0.44825574426
1029.12 0.32949165849
1030.21 0.47667522936
1031.29 0.56571111111
1032.31 0.65944313725
1033.31 0.90471128871
1034.46 0.67773020017
1035.58 0.88712857143
1036.68 1.03352
1037.83 0.98715826087
1038.83 0.99172827173
1039.83 0.80834331337
1040.84 1.07733862959
1041.98 1.03992287467
1042.99 0.94427695351
1044.17 0.76429202037
1045.18 0.9057980198
1046.2 0.88766307542
1047.21 0.82663230922
1048.22 0.82965544554
1049.23 0.7073029703
1050.25 0.36134901961
1051.26 0.47764752475
1052.28 0.79622745098
1053.29 1.18514851485
1054.3 0.83903366337
1055.3 0.68742457542
1056.48 0.69399830365
1057.48 0.77547305389
1058.49 0.31420634921
1059.5 0.52011089109
1060.51 0.42503865213
1061.56 0.52064700285
1062.58 0.27595294118
1063.6 0.36515799804
1064.6 0.53850949051
1065.61 0.99877106046
1066.61 0.65607192807
1067.62 0.88401189296
1068.64 0.62665882353
1069.65 0.77674455446
1070.67 0.68712770138
1071.67 0.89453892216
1072.68 1.31180990099
1073.82 1.09972631579
1074.82 1.12167832168
1075.82 1.03127272727
1076.99 0.71429452055
1078.04 1.1376152381
1079.05 1.04754851485
1080.1 0.54871619048
1081.17 0.1841046729
1082.23 0.25240754717
1083.24 0.26031318137
1084.26 0.21993339863
1085.31 0.22930285714
1086.49 0.15364745763
1087.5 0.7678970297
1088.51 0.91725940594
1089.53 0.86225711482
1090.53 0.76162237762
1091.55 0.59578039216
1092.56 0.68656633663
1093.57 0.79012277228
1094.59 0.70759215686
1095.59 0.69417782218
1096.6 0.6099345887
1097.61 0.92343310208
1098.66 1.04811417697
1099.67 1.13667393459
1100.68 0.72674851485
1101.76 0.8552962963
1102.87 0.97052972973
1103.88 1.31292765114
1104.88 1.18077922078
1105.88 1.5163956044
1106.89 1.09055555556
1108.05 1.44484137931
1109.07 1.38475294118
1110.12 1.25657088487
1111.12 1.26188211788
1112.13 0.89514370664
1113.14 1.06170069376
1114.2 1.11856603774
1115.2 1.26811588412
1116.25 1.19830857143
1117.38 1.08843932684
1118.42 1.15332307692
1119.44 1.15314509804
1120.48 1.23123076923
1121.55 1.07649345794
1122.55 0.9911048951
1123.56 1.13590485629
1124.61 0.87669333333
1125.64 1.03383300971
1126.64 0.97393213573
1127.65 1.09246031746
1128.66 1.10051485149
1129.67 0.60414257426
1130.67 0.89765434565
1131.68 1.0721506442
1132.69 0.75678415842
1133.91 0.67493770492
1134.92 0.97496825397
1135.93 0.78717623762
1136.93 0.86315284715
1137.96 0.6492750243
1138.97 0.65866930693
1139.98 0.57428910891
1141.0 0.4630745098
1142.01 0.3247049505
1143.02 0.50477723258
1144.03 0.39022577423
1145.05 0.52574117647
1146.07 0.47927843137
1147.07 1.02083516484
1148.09 0.87564705882
1149.17 0.79635217794
1150.19 0.82575704568
1151.24 0.92355809524
1152.38 1.20898245614
1153.39 0.68977425743
1154.42 0.39313398058
1155.62 0.30756
1156.63 0.52114285714
1157.63 0.24415584416
1158.64 0.29256237624
1162.54 0.0553721467
1163.56 0.20405888126
1164.59 0.26537342386
1166.93 0.10880478428
1167.95 0.19312941176
1168.96 0.16269573835
1174.08 0.02351709318
1176.84 0.01936689605
1177.85 0.37924752475
1178.86 0.66240634291
1179.87 0.40102970297
1180.9 0.54148349515
1181.93 0.41224854369
1182.95 0.36444270323
1183.96 0.17530227948
1198.07 0.0323459766
1199.15 0.91695555556
1200.15 0.93671928072
1201.35 0.81181651376
1202.37 0.98093333333
1203.38 1.09846092977
1204.4 1.08626496565
1205.61 0.93171570248
1206.62 1.19497029703
1207.64 1.318
1208.64 1.05017382617
1209.66 1.29505004907
1210.66 1.12871057884
1211.67 0.87729890765
1212.67 0.90494305694
1213.7 0.47254421769
1214.75 0.49967649857
1215.87 0.93956428571
1216.97 0.93664668483
1218.13 0.87670466321
1219.31 0.81549537426
1220.33 0.85121266073
1221.34 0.71424158416
1222.34 0.85376412289
1223.35 0.84175841584
1224.51 0.85011724138
1225.53 0.88830860534
1226.53 0.79427552032
1227.67 0.62714661984
1228.67 1.34506293706
1229.71 0.95018286814
1230.71 1.07188811189
1231.72 1.1662017982
1232.72 1.24361904762
1233.86 0.90610526316
1234.86 1.41694305694
1236.02 0.99429853322
1237.12 1.37766545455
1238.18 0.6044260132
1239.19 0.92693069307
1240.3 0.75745356177
1241.42 1.17730597681
1242.43 1.23956043956
1243.43 1.01044995045
1244.45 1.44847890088
1245.56 0.93086126126
1246.57 1.05680238332
1247.57 0.95025774226
1248.57 1.01615184815
1249.6 1.04888629738
1250.63 1.13281091618
1251.84 1.13918286656
1253.33 0.8488
1254.57 0.95556634304
1255.73 1.04465517241
1256.74 1.12831683168
1257.75 0.95083564356
1258.76 1.1408189911
1259.77 1.31616253717
1260.78 1.04453069307
1261.79 0.91137425743
1262.8 1.14561584158
1263.8 1.11283116883
1264.8 1.02964235764
1266.03 0.81721824104
1267.18 0.95118608696
1268.18 1.57245954046
1269.19 1.0548741328
1270.2 0.6724039604
1271.21 0.95024332344
1272.23 1.17267124632
1273.42 0.60778487395
1274.43 0.7362061447
1275.45 0.81105882353
1276.57 0.53371428571
1277.68 1.06986666667
1278.85 1.25111111111
1279.87 1.14613333333
1281.06 0.42381848739
1282.07 0.838160555
1283.31 0.42728387097
1284.32 0.66729970326
1285.41 0.32295045872
1286.42 0.73753022795
1287.43 0.528
1288.45 0.85203137255
1289.45 0.57747852148
1290.46 0.92057879088
1291.46 0.67161676647
1292.48 0.97103042198
1293.49 0.84459405941
1294.5 0.77959167493
1295.52 0.89365719882
1296.53 0.83667655786
1297.54 0.92414285714
1298.55 0.87077952756
1299.55 0.79786241276
1300.63 0.3332962963
1301.65 0.55678733927
1302.65 0.55394251734
1303.73 0.38202054155
1304.73 0.87733597621
1305.74 0.91625174825
1306.75 0.94674059406
1307.75 1.18158969277
1308.76 1.14500699301
1309.96 0.97124
1310.97 1.13138217822
1311.97 0.95276723277
1312.97 1.13784920635
1313.98 1.08133861386
1314.99 1.02286513487
1316.2 0.77493553719
1317.2 0.99502097902
1318.21 0.9931258672
1319.22 1.01124752475
1320.23 0.97424141315
1321.24 0.92662537463
1322.25 1.02779405941
1323.25 1.06835564436
1324.27 0.93819668939
1325.36 0.98116697248
1326.56 0.89590008326
1327.57 0.96287016848
1328.58 1.03215034619
1329.59 0.98818632309
1330.6 0.98663473054
1331.68 1.02085294118
1332.68 1.16502697303
1333.76 0.7552
1335.1 0.83306348021
1336.1 1.12982217782
1337.11 0.84187012987
1338.12 1.19629076621
1339.14 0.75615686275
1340.39 0.9824
1341.4 1.2587009901
1342.44 1.02043076923
1343.52 1.02303703704
1344.76 0.86362610798
1345.77 1.16243409316
1346.78 0.72610693069
1347.94 1.08996551724
1349.0 1.14812075472
1350.03 1.07011856171
1351.16 0.54425645592
1352.16 0.90138095238
1353.2 0.90406916427
1354.36 0.98237100949
1355.56 0.95446
1356.57 1.14062239841
1357.58 0.80354851485
1358.59 0.53432245302
1359.61 0.97011764706
1363.23 0.06096269688
1364.31 0.26297966728
1365.32 0.42863032706
1366.53 0.42060545906
1367.53 0.61573626374
1368.56 0.62056699029
1369.56 0.68232567433
1370.74 0.61094736842
1371.74 0.80227772228
1372.75 0.86639444995
1373.11 0.43654901961
