1.11 0.00814466546
2.12 0.95384371909
3.13 1.73599207921
4.26 1.31715146147
7.21 0.07419661017
8.27 0.29941132075
9.32 0.52502857143
10.36 0.59943846154
11.54 0.85152542373
12.54 0.92184615385
13.55 1.32436868186
14.73 1.01485423729
15.74 1.17878019802
16.74 1.37042157842
17.91 1.22069461078
18.92 1.46175049505
19.93 1.01626138614
20.95 0.76271372549
21.96 0.82828514851
22.97 0.72906930693
24.0 0.39606976744
25.01 0.25037301587
26.02 0.44366732673
27.04 0.22364671246
28.07 0.21229873909
29.08 0.25715643564
30.13 0.45563428571
31.32 0.47076302521
32.33 0.44426138614
33.37 0.35095384615
34.37 0.29519280719
35.38 0.54687809713
36.39 0.83659405941
37.42 0.52486046512
38.51 0.17973722628
39.73 0.12638150289
40.81 0.1306446281
41.9 0.09111563367
42.95 0.33973333333
43.97 0.37224489796
45.2 0.5738968059
46.21 0.90489499509
47.42 0.55104132231
48.44 0.5472
49.48 0.37725703201
50.52 0.36237178265
51.53 0.5092039604
52.54 0.61498613861
53.55 0.48876831683
54.56 0.48704158416
55.6 0.43616522574
56.63 0.31723226433
57.65 0.59962017804
58.65 0.49074331021
59.68 0.31033888345
60.8 0.37974844996
61.8 0.42638961039
62.81 0.47131813677
63.84 0.41472621359
64.85 0.23832871287
65.96 0.21690810811
67.0 0.40325840538
68.01 0.65313776016
69.02 0.6031810089
70.06 0.23893846154
71.19 0.40566873339
72.2 0.77040559441
73.22 0.87847619048
74.25 0.80851714006
75.26 0.77684752475
76.44 0.65294533221
77.45 0.81036039604
78.46 0.65447920792
79.47 0.70459405941
80.49 0.68186745796
81.49 0.73302697303
82.49 0.80992063492
83.51 0.63770196078
84.55 0.31569230769
85.61 0.14274716981
86.62 0.73634851485
87.63 0.99253861386
88.64 0.74866534653
89.65 0.76861782178
90.66 0.92713663366
91.67 0.7855049505
92.73 0.48187169811
93.8 0.78564485981
94.81 1.09137262737
95.81 0.8419345887
96.82 1.20821386139
97.83 1.07135264735
98.83 0.53146481665
99.91 0.80615555556
100.92 1.17511287129
101.93 0.92936237624
102.94 0.98972673267
104.28 0.75189850746
105.64 0.88772352941
106.76 0.95825
107.89 1.14236574487
108.89 1.55734126984
109.9 1.27499405941
111.07 0.68033504274
112.08 0.75701386139
113.1 0.70396862745
114.3 0.89325771476
115.49 0.94576955425
116.49 0.83902497502
117.51 0.55969381747
118.51 0.41963636364
119.56 0.75058913251
120.58 0.65114201763
121.59 0.62072547076
122.67 0.4187037037
123.75 0.97485185185
125.02 0.97269291339
126.03 1.02271683168
127.15 0.96450714286
128.16 1.07874059406
129.17 0.82419009901
130.18 0.78613861386
131.2 1.24243137255
132.21 0.9425173439
133.21 1.09111688312
134.32 0.85425428314
135.34 1.07050342801
136.37 0.68984015595
137.43 0.65924365005
138.44 0.81482213439
139.61 0.74455479452
140.78 0.49807863248
141.8 0.61674509804
143.18 0.41205797101
144.31 0.39723893805
145.33 0.69938039216
146.35 0.79658823529
147.35 0.77696703297
148.37 0.82142772861
149.46 0.50739194139
150.47 0.82982755203
151.48 0.83716765286
152.5 0.84913163065
153.54 0.97834841193
154.55 1.00834093162
155.57 0.88527058824
156.59 0.62638431373
157.61 0.37881568627
158.66 0.29184
159.69 0.82877206596
160.7 0.92865742574
161.72 0.92197055937
162.73 0.97557227723
163.81 0.91167437558
164.83 1.12101275761
165.84 1.08937029703
166.84 0.79900899101
167.98 0.77177875329
169.06 0.612
170.08 0.8088
171.11 0.58587961165
172.15 0.42553403643
173.16 0.84418669315
174.16 0.97263536464
175.17 0.86261248761
176.18 0.57233267327
177.2 0.6616
178.24 0.44196923077
179.27 0.27913009709
180.55 0.26525723221
181.6 0.52724714829
182.62 0.6790390625
183.63 0.747222333
184.63 0.79516483516
185.67 0.62008461538
186.74 0.76346168224
187.91 0.77618461538
189.01 0.83792
190.02 0.98459405941
191.03 0.88415841584
192.04 0.90721584158
193.07 0.88973980583
194.08 0.85948860258
195.09 0.52957623762
196.09 0.87336663337
197.1 0.87500990099
198.11 0.90678019802
199.29 0.74631382528
200.29 0.88848751249
201.32 0.60481553398
202.35 0.97582896016
203.39 0.94196349664
204.42 0.84801554908
205.42 1.01526546906
206.56 0.93273397717
207.6 1.08246923077
208.61 1.10335841584
209.62 1.19272871287
210.63 1.16247128713
211.86 0.93734092758
213.02 0.91131724138
214.03 0.87495738355
215.05 0.57896180215
216.1 0.3606406101
217.11 0.54274975272
218.16 0.50072068637
219.17 0.4128
220.2 0.57873398058
221.21 0.45036039604
222.23 0.34714509804
223.23 0.49530538922
224.39 0.23171675302
225.39 0.85930869131
226.4 0.77176610505
227.6 0.56727333333
228.63 0.38250873786
229.64 0.28769108911
230.67 0.78609505335
231.67 1.12617460317
232.68 1.08449150849
233.68 0.87167492567
234.7 1.14948367953
235.92 1.18669508197
236.92 1.10594810379
238.17 1.15332051282
239.18 1.05694257426
240.25 1.06842300557
241.59 0.78602985075
242.6 0.81802772277
243.61 0.7790702275
244.66 1.00690181125
245.66 1.00457142857
246.67 0.8862970297
247.75 1.01736422614
248.94 1.3052907563
249.94 1.16175824176
250.95 1.04695341923
251.96 1.04931736527
252.96 1.06696825397
253.97 0.98916435644
255.13 0.89068275862
256.18 1.13587809524
257.38 0.70704
258.38 0.91285514486
259.39 0.72754806739
260.4 0.77668910891
261.42 0.62699901865
262.5 0.37189189189
263.62 0.98158156028
264.63 1.04888007929
265.63 0.98661338661
266.64 0.98862239841
267.66 0.88221176471
268.7 0.68067692308
269.81 0.81721081081
270.82 1.08948118812
271.83 0.97343620178
272.84 0.70960555005
274.49 0.21211871593
281.21 0.0195163788
282.64 0.06686993007
283.65 0.96405544554
284.66 1.18112475248
285.67 1.09993260654
286.67 0.93854145854
287.67 1.3674005994
288.68 1.36769078295
289.68 1.09617582418
290.88 0.74567612688
291.9 0.87348873653
292.92 0.849956778
293.92 0.65508891109
294.95 0.57065889213
295.99 0.49313352546
297.07 0.46960518999
298.07 0.64258141858
299.16 0.9144440367
300.39 0.57825242718
301.4 0.87917928287
302.42 0.99723137255
303.44 0.72552941176
304.52 1.11802962963
305.54 0.96307752699
306.54 1.16530669331
307.55 1.05498412698
308.7 0.89702172024
309.88 0.83274639525
310.9 0.77580430528
311.96 0.60074858223
312.98 0.31451518119
314.09 0.33427747748
315.14 0.47577502383
316.15 0.37962338949
318.1 0.01122461538
319.41 0.44859011407
320.57 0.47449395509
321.97 0.39049391553
323.13 0.4484
324.13 1.26492707293
325.13 1.35347052947
326.34 1.13668211921
327.51 1.11102222222
328.51 1.45212289395
329.54 1.37050583658
330.65 1.05992086331
331.87 1.40382295082
332.88 1.26109306931
334.08 0.77880666667
335.15 0.70159252336
336.68 0.03581151832
337.7 0.08575122429
338.71 0.62938613861
340.19 0.32103713707
341.21 0.59803729146
342.23 0.42952023692
343.25 0.76431548199
344.25 1.08593006993
345.36 1.17603606853
346.48 1.30434255129
347.49 1.53896531219
348.69 1.05009825146
349.7 1.62826773227
350.7 1.34938661339
351.74 1.15154918816
352.75 1.10004752475
353.79 1.2612666025
354.93 1.04083508772
355.93 1.34536663337
356.94 1.15269772052
357.95 1.26251089109
359.1 1.20148869565
360.12 1.27218842002
361.25 0.9729372237
362.26 1.15619047619
363.26 0.71500199601
364.27 0.32804757185
365.63 0.16094117647
366.81 0.64619508058
367.9 1.11029147571
368.91 1.35978613861
369.92 1.43315758176
370.93 1.10611694747
372.11 0.76920575783
373.12 0.82711287129
374.13 0.82896633663
375.32 0.56937931034
376.48 0.46742463394
377.54 0.47289811321
378.55 0.55624975223
379.56 0.58084418146
380.57 0.55969781312
382.11 0.40158441558
383.11 0.39359040959
384.12 0.27875520317
385.34 0.26626885246
386.36 0.39698823529
387.38 0.51422745098
388.39 0.55284752475
389.4 0.36937931034
390.41 0.37024477612
391.57 0.10965030146
392.66 1.08388256881
393.69 1.27080272109
394.76 1.0624
395.91 0.94267826087
396.99 1.01502222222
397.99 0.79437362637
399.06 0.86343124415
400.25 0.96056470588
401.27 1.17847787611
402.27 0.57251445663
403.29 0.77956078431
404.3 0.88053069307
405.31 0.79206336634
406.33 0.51632156863
407.33 0.41761438561
408.35 0.48008610568
409.37 0.23674336283
410.44 0.22501682243
411.47 0.19829126214
412.5 0.56313786408
413.52 0.45512070658
414.57 0.29701998097
415.59 0.37996862745
416.59 0.41545654346
417.61 0.28408243376
418.63 0.27200783546
419.65 0.26876227898
420.74 0.16463853211
421.77 0.22291367604
422.85 0.20883781279
423.86 0.33623785927
424.87 0.22680118694
425.93 0.21681509434
426.97 0.17636958614
427.99 0.23604705882
428.99 0.17754245754
430.09 0.24150682439
431.22 0.09684955752
432.41 0.09196638655
433.43 0.1179079334
434.49 0.07603399433
435.53 0.28385014409
436.68 0.16088424717
437.83 0.11409904431
439.04 0.07241687345
440.1 0.07233994334
442.26 0.02026666667
443.27 0.08677106046
445.44 0.03217622763
446.57 0.06833898305
447.61 0.03129837941
451.4 0.00866279683
452.43 0.27625631068
453.5 0.06644485981
454.56 0.21681509434
455.58 0.17167058824
456.62 0.1413
457.66 0.21046153846
458.71 0.17718857143
459.74 0.10166990291
460.83 0.1104440367
461.97 0.0192
463.34 0.26361459854
464.37 0.06375145631
465.51 0.0672
466.55 0.11283846154
467.57 0.43299703264
468.57 0.29285232904
469.58 0.21165148515
470.61 0.30813203883
471.66 0.28893714286
472.68 0.34334117647
473.87 0.15472268908
475.18 0.10860458015
476.27 0.14056513761
477.75 0.06655135135
478.77 0.1248743818
480.06 0.12637413395
481.1 0.20168380213
482.11 0.14968400393
483.13 0.27896470588
484.16 0.21921865889
485.16 0.4985014985
486.49 0.55488721805
487.71 0.49226229508
488.74 0.52318446602
489.81 0.5779588785
490.82 0.4876039604
491.85 0.25426019417
492.86 0.36546534653
493.87 0.63698217822
494.89 0.70802352941
495.91 0.33261176471
496.92 0.2084122894
497.97 0.21888
499.2 0.12014947197
500.21 0.20587722772
501.5 0.1792583398
502.6 0.39682783883
503.6 0.53487301587
504.85 0.5238848
506.18 0.47321503759
507.32 1.04318596491
508.33 0.95013069307
509.34 0.76324752475
510.35 0.93293718843
511.35 1.05398807157
512.48 1.31314690265
513.68 1.2819
514.9 1.29621639344
515.91 1.20285148515
516.91 1.14184215784
517.93 1.01255348381
518.94 0.87682061447
520.02 0.9920593692
521.18 0.75864137931
522.18 1.14364035964
523.3 0.90208944544
524.32 1.16227228208
525.38 1.40908679245
526.39 1.56015857284
527.47 1.2516626506
528.52 1.39602669209
529.53 1.27448712871
530.54 1.13896531219
531.54 1.23254291417
532.55 1.18811496531
533.56 1.10530029732
534.56 0.96748851149
535.74 0.87955894826
536.95 0.90619504132
537.96 1.06620990099
538.96 1.14169030969
539.98 0.99846908734
540.99 1.5325578635
542.0 1.29744301288
543.0 1.11856430708
544.01 1.26126984127
545.22 1.23314380165
546.22 1.4858981019
547.41 1.07285521886
548.42 1.39918415842
549.42 1.29813972056
550.44 1.3236935167
551.45 1.23956435644
552.45 1.12323676324
553.46 1.38565708622
554.47 1.1467009901
555.48 0.87759207921
556.51 0.96660194175
557.51 1.12867132867
558.53 1.0972639843
559.63 0.86321454545
560.69 0.91692830189
561.73 0.95082307692
562.83 0.94042909091
563.83 1.1439040959
564.84 1.01616650149
565.85 1.32895841584
566.95 1.03891636364
567.96 1.28136237624
568.96 0.81358325025
570.13 1.13896143959
571.24 0.7672922252
572.25 1.02945854146
573.27 1.19038431373
574.46 1.04486405338
575.52 1.36339163498
576.52 1.34242073779
577.8 1.10765447471
578.99 1.11814970563
580.18 1.3747749577
581.33 1.26386183074
582.34 1.28422266402
583.35 0.53822704837
584.35 0.33051748252
585.37 0.27923846909
586.39 0.37764544564
587.41 1.02210009814
588.41 1.33918881119
589.41 1.29337862138
590.49 1.07917701576
591.5 1.21266534653
592.51 1.01333861386
593.52 1.03742319128
594.52 1.14293706294
595.62 0.96329454545
596.63 1.12893465347
597.68 1.23014971209
598.88 1.04409271523
599.89 0.78938613861
600.9 1.09032871287
601.91 0.96655049505
603.02 0.9210954955
604.22 1.15798498749
605.23 1.51177075099
606.24 1.15945978153
607.46 0.95234725635
608.65 0.91806386555
609.66 0.95604360753
610.68 0.99847843137
611.68 0.73691108891
612.84 1.01671786022
613.92 0.94236296296
614.93 1.01893861386
616.06 0.52871504425
617.07 0.4550970297
618.09 0.35301176471
619.12 0.24243883495
620.15 0.20187961165
621.16 0.19504158416
622.17 0.34035643564
623.19 0.67137254902
624.4 0.85660165289
625.41 1.09494653465
626.52 0.74212061206
627.53 1.21064554455
628.64 0.90954733995
629.65 0.7871049505
630.66 0.83854257426
631.8 1.03959298246
632.8 1.26877922078
634.01 1.00345409429
635.07 0.76298586239
636.08 1.09217839445
637.08 0.84032767233
638.09 1.05882259663
639.2 0.86673873874
640.21 1.03233267327
641.26 0.43068952381
642.27 0.56127524752
643.27 0.43517282717
644.29 0.71659273798
645.4 0.67750630631
646.41 0.82611485149
647.42 0.6822019802
648.54 0.46372857143
649.55 0.40091881188
650.65 0.08994181818
651.7 0.27099428571
652.72 0.42687843137
653.73 0.54347826087
654.74 0.96307936508
655.74 1.11598403194
656.75 1.08025396825
657.76 1.11925544554
658.76 1.07418981019
659.77 1.43623389495
660.78 1.42438811881
661.79 1.18438019802
662.79 0.90463872255
663.8 0.90297619048
665.01 0.79665454545
666.01 1.05651148851
667.02 0.90082061447
668.02 1.33230769231
669.21 0.80120437342
670.34 1.04867256637
671.35 0.91779583746
672.42 0.69515592904
673.55 0.88816283186
674.56 0.92938613861
675.72 0.72459706644
676.73 0.94175841584
677.78 0.83884952381
678.79 0.83529831516
679.8 0.97953267327
681.01 0.85993377483
682.11 0.74672
683.26 0.47253611836
684.28 0.6904
685.29 0.6379009901
686.46 0.38068659266
687.47 0.58749653122
688.59 0.80593755575
689.7 0.79448648649
690.71 0.5816531219
691.72 0.66599406528
692.84 0.53937142857
693.86 0.75219627085
694.87 0.40928316832
696.87 0.2179
697.9 0.20187961165
699.18 0.2567875
700.19 0.32506930693
701.42 0.19139512195
702.42 0.57034965035
703.43 0.70716831683
704.44 0.94657425743
705.44 0.94495104895
706.79 0.77175667656
707.79 0.90848351648
708.8 0.86980376611
709.92 1.04882783229
710.94 1.09655740922
711.95 1.05865346535
712.96 1.05204752475
713.96 1.06569430569
714.97 1.06304856293
715.98 1.0714223541
717.0 1.21412365064
718.21 0.87613542527
719.22 1.24192063492
720.23 1.21600791296
721.41 1.03682571912
722.42 1.33799206349
723.42 1.31697102897
724.44 0.90093032385
725.45 1.28731089109
726.45 1.2612027972
727.46 1.31494444444
728.46 1.26139460539
729.47 1.41945346535
730.47 1.50394444444
731.53 0.94873962264
732.54 1.43701898102
733.55 1.29171485149
734.55 1.02476723277
735.55 1.29423376623
736.55 1.30982323734
737.56 1.41071728272
738.57 1.51415445545
739.58 1.38046732673
740.78 1.04435401158
741.79 1.36594605395
742.87 1.04762534435
743.89 1.36976458952
745.06 1.06240542833
746.07 1.37998001998
747.07 1.31292707293
748.07 1.34129365079
749.08 1.32361238761
750.25 1.07537234945
751.26 1.01507292707
752.27 1.39452673267
753.27 1.36653320119
754.33 0.90074242424
755.43 1.04552173913
756.45 0.6378745098
757.58 1.04145132743
758.71 1.03977345133
759.72 1.0878961039
760.72 0.82306349206
761.72 1.03259140859
762.73 1.01435364635
763.73 0.76386507937
764.74 1.01815445545
765.75 0.72127524752
766.91 0.87474482759
767.92 0.86703366337
768.93 0.80853069307
769.94 0.95996039604
770.98 1.0008
772.03 1.04590675547
773.04 1.12771456888
774.04 1.13904495504
775.05 1.32752428147
776.05 1.28402797203
777.23 1.08384054283
778.24 1.36220771513
779.25 0.88521704658
780.46 1.10563831544
781.69 1.13938486574
782.69 1.29349050949
783.7 0.9976
784.71 1.24109415263
785.72 1.28590306627
786.73 1.2197002997
787.73 1.31243607532
788.91 1.0122408821
789.91 1.07543656344
790.92 0.98798017839
792.03 1.01784504505
793.04 1.21695841584
794.05 0.88997227723
795.06 1.08607524752
796.07 0.98768316832
797.09 1.04878431373
798.1 0.90955247525
799.11 0.74783366337
800.11 0.83061738262
801.24 0.95749158547
802.3 1.00304150943
803.4 0.91316363636
804.48 0.87177777778
805.63 0.83527652174
806.83 1.06567333333
807.84 1.12563168317
808.89 0.61651047619
810.0 1.05341981982
811.0 1.25283516484
812.01 1.14553022795
813.02 1.23546481665
814.02 1.03671528472
815.02 1.01962037962
816.04 0.66971316306
817.04 0.99912087912
818.05 1.00872871287
819.05 0.8672047952
820.07 0.93494798822
821.11 1.13556589147
822.16 1.05939072848
823.34 1.15934292972
824.48 1.05240386304
825.56 1.02325185185
826.57 1.34262970297
827.58 1.21484356436
828.59 1.01804356436
829.77 0.83646480068
830.77 1.22741258741
831.78 1.23836831683
832.79 1.19004356436
833.8 1.29714059406
834.81 1.2000555005
835.81 1.18181018981
836.82 1.32584340932
837.82 1.09805394605
838.82 1.0718243513
840.06 0.99259450727
841.06 1.36572227772
842.06 1.16663336663
843.15 0.91796872125
844.15 1.22284915085
845.17 1.2894745098
846.4 1.44917073171
847.4 1.19848951049
848.41 1.26892368682
849.42 1.29677623762
850.48 0.96365627951
851.48 1.18346453546
852.66 0.93365903308
853.66 1.08236563437
854.87 0.97349875931
855.92 1.11278401522
856.92 1.23852147852
857.93 1.18855555556
859.08 0.95393223284
860.2 0.83724754245
861.34 0.81018755478
862.38 1.0394
863.38 1.40509090909
864.39 0.91151587302
865.42 0.99852427184
866.42 1.01858941059
867.58 0.94504827586
868.73 1.06422976501
869.78 0.99711512845
870.85 0.94427663551
871.86 0.78713181368
872.86 0.822499002
874.06 1.03417514595
875.07 1.19438652131
876.07 0.71988811189
877.51 0.7899819319
878.53 0.80396078431
879.7 0.24535153584
880.73 0.75738266796
881.74 0.78605148515
882.84 0.6381253406
883.86 0.76229578844
884.87 0.53155555556
885.89 0.37830588235
886.91 0.40585882353
888.1 0.4498487395
889.12 0.58953966699
890.13 0.27769276511
891.13 0.79628371628
892.16 0.46257725948
893.17 0.40460990099
894.33 0.54017271157
895.44 0.71866906475
896.45 0.3033980198
897.48 0.46751067961
898.53 0.22985904762
899.57 0.19993846154
900.61 0.24203076923
901.66 0.32280114177
902.7 0.20035418672
903.7 0.54665334665
905.0 0.22916705158
906.14 0.624
907.17 0.51070942663
908.21 0.32590201729
909.24 0.21933656644
910.27 0.27652478134
911.29 0.24677647059
912.32 0.19922330097
913.33 0.42175494071
914.39 0.14133333333
915.41 0.31115294118
916.42 0.27352079208
917.43 0.49843960396
918.45 0.34573333333
919.55 0.29553454545
920.56 0.35757623762
921.57 0.35757623762
922.61 0.24947064485
923.81 0.28538884263
924.83 0.42917647059
925.85 0.23230588235
930.23 0.06246575342
931.24 0.31423366337
932.32 0.12767467652
933.34 0.32251473477
934.57 0.19335284553
935.58 0.23838415842
936.59 0.24921980198
937.62 0.13961941748
938.62 0.26187038883
939.66 0.26383799421
940.7 0.15327692308
941.73 0.25426524685
942.75 0.1614159292
943.78 0.14721393998
944.83 0.38675071633
945.85 0.18053333333
946.88 0.23375533981
947.99 0.15518558559
949.02 0.25500582524
950.07 0.16676571429
951.08 0.09738613861
952.09 0.14086336634
953.11 0.51566074951
954.6 0.41637967914
955.85 0.5094976
956.87 0.68685602351
958.0 0.67656333038
959.02 0.98355381605
960.03 1.21315873016
961.06 0.64474563107
962.07 0.82259009901
963.08 0.66445940594
964.29 0.63253465347
965.3 0.63292857143
966.32 0.50733790402
967.52 0.45147245409
968.53 0.55531552918
969.54 0.58978790882
970.62 0.23801481481
971.76 0.25031578947
972.8 0.19993846154
974.01 0.10877344398
975.12 0.74056014363
976.13 0.24681305638
977.19 0.05172022684
978.21 0.09647012733
979.22 0.55405168986
980.22 0.38195812562
981.24 0.51608627451
982.25 0.64511177052
983.26 0.57811694747
984.39 0.05145486726
985.39 0.99973626374
986.39 0.71400599401
987.4 0.3563968254
988.41 0.41899109792
989.44 0.52185034014
990.48 0.40361538462
991.49 0.36841188119
992.5 0.40847524752
993.57 0.19821141254
994.58 0.26031318137
995.64 0.2372403393
996.65 0.30194059406
997.66 0.5627960396
998.67 0.77940594059
999.68 0.58171881188
1000.8 0.49282142857
1001.82 0.3648
1002.84 0.28674509804
1003.85 0.46707814045
1004.86 0.65183746283
1005.88 0.4787595682
1007.01 0.38137809187
1008.08 0.28719025305
1009.09 0.24872727273
1011.2 0.11473873874
1012.2 0.77588011988
1013.22 0.73902745098
1014.38 0.54808965517
1015.4 0.67661629048
1016.47 0.50834328358
1017.49 0.46470588235
1018.52 0.45594557823
1019.55 0.66266407767
1020.57 0.47436862745
1021.58 0.35208712871
1022.61 0.27505242718
1023.62 0.40091881188
1024.63 0.43265742574
1025.65 0.52241332027
1026.69 0.3254566474
1027.72 0.27792621359
1028.72 0.28425974026
1029.77 0.20015252622
1030.8 0.25525364431
1031.82 0.18193143976
1032.83 0.30309792285
1033.85 0.27153680079
1034.87 0.30012928501
1035.91 0.17542252166
1036.92 0.29256237624
1037.95 0.23719883608
1038.97 0.26823529412
1039.98 0.2277740337
1041.02 0.15230769231
1042.06 0.1156426513
1043.27 0.11767741935
1044.33 0.10324528302
1045.35 0.17400979432
1046.71 0.35811764706
1047.8 0.19094214876
1048.82 0.10729411765
1049.87 0.21888
1050.89 0.11742745098
1051.94 0.22908468126
1052.95 0.19388976378
1054.07 0.15097307002
1055.1 0.17016909621
1056.5 0.27129193433
1057.51 0.28172673267
1058.53 0.55108930324
1059.53 0.37135329341
1061.7 0.08066758875
1062.76 0.8322490566
1063.83 0.71513271028
1064.85 0.80154509804
1065.89 0.40292307692
1066.98 0.19076697248
1068.0 0.48950884086
1069.31 0.10786353298
1070.32 0.14086336634
1071.34 0.19390702275
1072.35 0.35251815505
1073.36 0.87255666004
1074.5 0.78232951542
1075.51 0.87805940594
1076.53 0.42947327502
1077.55 0.42374901961
1078.57 0.64850196078
1079.71 0.4382882405
1080.99 0.40165
1082.0 0.43182574257
1083.02 0.33629803922
1084.03 0.43638019802
1085.04 0.3799049505
1086.17 0.208976295
1087.18 0.41545654346
1088.19 0.37035525025
1089.22 0.2938374143
1090.26 0.43068461538
1091.26 0.58769230769
1092.27 0.94369078295
1093.27 0.74602973241
1094.42 0.81260648554
1095.64 0.88925901639
1096.64 0.9548543112
1097.65 1.14487112887
1098.65 1.08822993062
1099.86 0.98409991674
1100.87 1.21687920792
1102.06 1.03314285714
1103.06 1.28306893107
1104.07 1.13726858276
1105.1 0.47360776699
1106.1 0.85312287712
1107.11 1.14589494549
1108.12 1.33771881188
1109.13 1.0711049505
1110.14 1.18182178218
1111.31 1.18992136752
1112.34 1.46066796117
1113.34 1.03873726274
1114.36 0.92944455348
1115.37 0.94558736426
1116.44 1.00302905342
1117.53 0.93208073394
1118.66 0.95573097345
1119.81 0.97509565217
1121.01 1.12398666667
1122.02 1.17234851485
1123.02 0.62837162837
1124.03 0.64581169475
1125.21 0.45846930193
1126.22 0.7112
1127.23 0.57005988024
1128.25 0.56440895813
1129.56 0.46769183829
1130.57 0.60175222993
1131.57 0.84927072927
1132.77 0.82059445844
1133.77 0.59070763132
1134.78 0.72327920792
1135.99 0.42808271299
1137.0 0.67032871287
1138.0 0.78486313686
1139.01 0.61811485149
1140.03 0.58277349159
1141.03 0.86895238095
1142.1 0.77196632367
1143.1 0.62989010989
1144.12 0.42959764475
1145.12 0.49631968032
1146.14 0.62001177625
1147.15 0.67615049505
1148.35 0.48719333333
1149.36 0.70823015873
1150.36 0.73211565304
1151.37 0.73364471058
1152.37 0.74473809524
1153.43 0.55559245283
1154.44 0.80334718101
1155.45 0.86387301587
1156.46 0.87980217606
1157.47 0.72409910803
1158.69 0.74643278689
1159.7 0.80324752475
1160.92 0.78586732187
1161.93 0.98567294351
1162.97 0.75445917387
1163.98 1.04060257681
1164.98 0.99695504496
1165.99 1.01651536174
1167.0 1.11772898121
1168.01 0.86022355289
1169.01 0.88937437934
1170.09 0.94651111111
1171.21 1.02118108831
1172.38 1.00079384089
1173.7 0.98715151515
1174.8 1.20826158038
1175.81 1.22003960396
1176.87 0.73710292729
1177.87 0.75256743257
1178.98 0.8301045045
1180.05 0.99338447147
1181.06 1.07966732673
1182.06 0.90706893107
1183.07 1.14244752475
1184.07 1.2862977023
1185.08 1.15999207136
1186.1 0.84764705882
1187.12 0.91081452404
1188.21 1.1039266055
1189.27 1.08126037736
1190.34 1.03347152194
1191.47 0.97483893805
1192.48 1.00452621167
1193.49 0.89727872128
1194.49 0.790816286
1195.65 0.69915862069
1196.65 1.30463936064
1197.66 1.03961980198
1198.67 1.19638453915
1199.7 0.82191067961
1200.78 0.98525185185
1201.87 1.03537614679
1203.08 0.93237024793
1204.19 1.06887927928
1205.21 1.46632055064
1206.22 0.90875419546
1207.29 0.95773782772
1208.3 1.27051881188
1209.3 1.07516483516
1210.31 1.11705847374
1211.31 1.18043556444
1212.31 1.35881718282
1213.32 1.14764647468
1214.41 0.83812110092
1215.42 0.88616237624
1216.72 0.29627671022
1217.86 1.01999298246
1218.92 0.89548630784
1220.02 0.95325932666
1221.15 0.9308460177
1222.29 0.79007719298
1223.51 0.81784262295
1224.52 1.13990882061
1225.52 0.86540659341
1226.52 0.93592015968
1227.62 0.83981751825
1228.64 0.70527058824
1229.65 0.46527524752
1230.69 0.39987692308
1231.7 0.32527524752
1232.86 0.62439965547
1233.87 1.02856237624
1234.88 1.03306930693
1236.15 0.94083149606
1237.16 0.84287524752
1238.26 1.04590545455
1239.27 1.14524356436
1240.29 0.85230107527
1241.3 1.39651689861
1242.3 0.85946853147
1243.43 0.79132802829
1244.44 0.88806336634
1245.51 1.04613258637
1246.51 1.36211788212
1247.52 1.079
1248.52 1.27981618382
1249.53 1.12976015857
1250.54 1.13862970297
1251.56 1.16808635918
1252.56 1.20100699301
1253.57 1.1007888999
1254.66 0.59741651376
1255.66 1.07164870259
1256.67 1.23024777007
1257.8 0.79734278122
1258.8 1.2265974026
1259.81 0.88055500496
1260.82 1.22869375619
1261.86 1.22951538462
1262.87 1.19133531157
1263.87 1.29647152847
1264.87 1.10797202797
1265.96 1.16281140754
1266.96 1.17454545455
1268.16 1.09568
1269.16 1.31447752248
1270.28 1.04384257603
1271.02 1.40535483871
