1.0 1.02703696304
2.13 2.82169707706
3.25 1.53740714286
4.41 1.18004819277
5.57 1.21437521515
6.58 1.22756262425
7.66 1.32108148148
8.79 1.40596106195
9.79 1.9066506986
10.79 1.60824775225
11.8 1.87664746773
12.83 1.45567410281
13.97 1.4446115993
14.97 1.15387012987
15.98 1.10082376238
16.99 0.91147670961
18.01 0.43447058824
19.04 0.26563106796
20.08 0.0735
21.1 0.11802352941
22.48 0.10309565217
23.5 0.17167058824
24.61 0.05915675676
25.83 0.04121967213
26.89 0.55747924528
27.89 0.72194205794
28.9 0.82784539148
30.02 1.07872142857
31.04 1.04855686275
32.15 0.92544144144
33.21 0.78916981132
34.23 1.00019607843
35.31 0.87346666667
36.32 0.99575817641
37.32 0.84027172827
38.33 0.92577205154
39.33 1.2456983017
40.43 1.09560691538
41.56 1.03148364279
42.57 0.90490386521
43.75 0.7566130398
44.76 0.88834851485
45.81 0.90873904762
46.82 0.73682376238
47.84 0.53727183513
48.85 0.85506627102
49.86 0.85301090188
50.86 1.16366033966
51.87 0.88704063429
52.89 0.9935372549
53.96 0.4918953271
55.05 0.75167736022
56.29 0.66744794189
57.42 0.74984969054
58.42 0.90296207585
59.44 0.84811012783
60.44 0.88364435564
61.57 0.71430496454
62.58 0.70977425743
63.59 0.70941782178
64.6 0.69912871287
65.93 0.45256541353
66.97 0.36301538462
68.01 0.34726153846
69.02 0.28235247525
70.06 0.47989990375
71.07 0.4876039604
72.09 0.4475372549
73.1 0.5411960396
74.12 0.54725490196
75.14 0.59370980392
76.15 0.81011485149
77.18 0.6091961165
78.3 0.61835
79.31 0.8412990099
80.32 0.77268910891
81.33 0.81405940594
82.34 0.93662574257
83.53 0.79682689076
84.61 0.81925185185
85.62 0.75942178218
86.63 0.45215460852
87.85 0.39754954955
88.87 0.6465254902
90.01 0.8434877193
91.03 1.10247058824
92.05 0.67318431373
93.06 0.58635247525
94.06 0.83456543457
95.07 1.01948860258
96.08 0.66071287129
97.09 0.92540733399
98.28 0.55319563392
99.29 0.67353663366
100.31 0.8124
101.32 0.66186403941
102.33 0.83778706468
103.34 0.68017425743
104.35 0.37442376238
105.38 0.4059961165
106.41 0.47703012634
107.41 0.53307433102
108.42 0.53959281437
109.61 0.48231051753
110.63 0.62784569733
111.65 0.44564431487
112.67 0.43985882353
113.69 0.69062710188
114.88 0.54796330275
115.9 0.83927200791
116.9 0.92053914767
117.91 0.72243960396
118.93 0.60760784314
119.94 0.80631368631
121.06 0.94257857143
122.06 1.12098412698
123.07 0.79577821782
124.07 0.82408791209
125.09 0.52272423945
126.1 0.82507616222
127.31 0.33683966942
128.34 0.59913702624
129.35 0.43253808111
130.38 0.37937414966
131.43 0.15634285714
132.56 0.22766725664
133.76 0.63391840133
134.77 0.70994011976
135.77 0.40531479643
136.8 0.35797281553
137.82 0.36807058824
138.84 0.34334117647
139.88 0.14287692308
141.29 0.09367189729
142.39 0.72005049594
143.4 1.09777245509
144.56 0.64634909716
145.86 0.56720245399
146.86 0.95656343656
148.01 0.83825391304
149.06 0.87783412774
150.07 1.02030891089
151.08 1.00952079208
152.08 0.9814025974
153.09 1.01577622378
154.09 0.98276123876
155.38 0.77457253685
156.39 0.58462868369
157.4 0.71667326733
158.42 0.77381027668
159.42 0.71306349206
160.47 0.75005714286
161.61 1.25135438596
162.62 1.46998811881
163.73 0.72913153153
164.74 0.84098315164
165.76 0.46091283056
166.78 0.30559215686
167.99 0.32334545455
169.0 0.23838415842
172.95 0.05260065839
174.03 0.1298279371
175.12 0.28113027523
176.17 0.3241752381
177.2 0.43571206226
178.2 0.48791226321
179.21 0.55734126984
180.21 0.19292707293
181.24 0.55488845401
182.24 0.78463492063
183.26 0.80116977429
184.36 0.61440145322
185.38 0.83597647059
186.39 0.67491774034
187.4 0.3523009901
188.42 0.4995774926
189.42 0.97576984127
190.43 1.34058613861
191.44 1.1670802775
192.44 1.21795004995
193.65 0.84285619835
194.66 1.23257029703
195.67 1.15508424182
196.82 0.79916594266
198.02 0.82133110926
199.02 1.2555044955
200.1 0.8396218721
201.1 1.18130669331
202.31 0.66845619835
203.49 0.92951314673
204.5 1.07704261645
205.52 0.68923921569
206.53 0.75302970297
207.54 0.86325544554
208.58 0.3474
209.64 0.37754716981
210.66 0.53743388834
211.69 0.47854616132
212.75 0.20748679245
213.75 0.88591408591
214.76 0.92956987116
215.77 0.93311683168
216.99 0.77284590164
218.19 0.73021630616
219.2 0.42342857143
220.21 0.61658613861
221.21 1.08672927073
222.26 1.11865014299
223.27 1.08026930693
224.27 0.91906493506
225.28 1.20512983152
226.43 1.00598436142
227.54 1.1518700361
228.67 1.12235044248
229.81 0.98333333333
230.82 1.03805148515
232.0 0.52162711864
233.01 0.82886336634
234.02 0.76900594059
235.03 1.01516039604
236.04 0.57114455446
237.24 0.80068666667
238.25 1.14405544554
239.26 0.90718415842
240.27 0.89766336634
241.28 0.81965148515
242.29 0.92681980198
243.3 0.97459009901
244.42 0.77448436104
246.02 0.08166479751
247.1 0.78059479554
248.12 0.62800392542
249.25 0.49289478338
250.26 0.82859405941
251.45 0.85509915966
252.53 0.7856
253.65 0.86352857143
254.78 0.82608325952
255.79 0.92724826904
256.79 0.70892307692
258.02 0.83858096013
259.03 1.26455445545
260.04 0.78278019802
261.18 0.66440035119
262.19 0.8486580773
263.29 0.47818016379
264.36 0.4054953271
265.4 0.30516923077
266.51 0.13091171171
267.54 0.15891577928
268.77 0.22822149837
270.13 0.06437647059
272.04 0.19896490309
273.34 0.36878093774
274.35 1.02600787402
275.37 0.77814595661
276.38 1.1032309217
277.44 0.87559660697
278.46 1.03196859666
279.49 0.68370902037
280.51 0.87221197252
282.12 0.10626086957
283.18 0.08259622642
284.2 0.08583529412
285.32 0.08794285714
286.36 0.14046923077
287.39 0.52727906977
288.54 1.09722648084
289.66 1.12527386262
290.78 1.09172475424
292.0 1.05450491803
293.04 1.12148461538
294.05 1.33177821782
295.06 0.88932277228
296.12 0.9093509434
297.14 0.98366340509
298.21 1.15841947566
299.23 1.05917958783
300.23 1.21006993007
301.46 0.81322701383
302.62 0.46006896552
303.69 0.47888598131
304.7 0.61418613861
305.77 0.4857046729
306.78 0.66298613861
307.79 0.64099009901
308.9 0.67746306306
309.9 1.36143856144
310.93 0.75774538387
312.08 0.79347094536
313.1 1.09887905605
314.12 1.1520627451
315.13 1.11699212598
316.15 1.15150344828
317.33 0.943043257
318.35 1.1833203125
319.39 0.94667942584
320.44 1.10591238095
321.51 1.51595514019
322.6 0.75972058824
324.84 0.18557429719
325.84 0.50745254745
326.87 0.5206368932
327.88 0.94449157582
328.9 0.87948235294
330.04 0.5357754386
331.06 0.70379607843
332.08 0.73122669284
333.1 0.41248627451
334.11 0.51668118812
335.13 0.55587046124
336.14 0.53208695652
337.16 0.46742296369
338.18 0.63643921569
339.2 0.38634509804
340.21 0.3145980198
341.22 0.37697425743
342.23 0.51305346535
343.24 0.64576063304
344.25 0.55248364718
345.3 0.32323809524
346.32 0.3648
349.75 0.00638134111
350.93 0.49009314141
351.99 1.07940321058
353.03 1.008
354.03 0.40202997003
355.34 0.30230710466
356.35 0.75063220676
357.35 0.91126693227
358.5 0.68705555556
359.64 0.84447100176
360.66 1.16283921569
361.76 0.67397090909
362.96 0.50090666667
364.0 0.41000576369
365.01 0.41754608523
366.04 0.50318446602
367.14 0.50439272727
368.16 0.48282352941
369.19 0.46503300971
370.22 0.50478446602
371.23 0.3209980198
372.25 0.38508235294
373.29 0.37883076923
374.31 0.30416470588
375.32 0.47378217822
376.33 0.61896735905
377.45 0.33963896336
378.46 0.19484866469
379.47 0.24946679881
380.49 0.21165490196
381.7 0.25254876033
382.76 0.34070943396
384.03 0.05703937008
385.04 0.21692765114
386.21 0.17762596072
387.36 0.45585391304
388.38 0.46181746811
389.38 0.31226347305
390.46 0.29441187384
391.57 0.13274234234
392.62 0.13562631077
393.76 0.01918317266
394.86 0.11928065395
395.93 0.10237605239
396.95 0.06700392157
397.98 0.09572011662
399.29 0.04173913043
400.35 0.07268311195
401.37 0.05338536585
402.5 0.09684955752
403.52 0.11531439765
404.54 0.27923846909
405.61 0.20385741088
406.68 0.16303910615
407.8 0.09771428571
408.86 0.09292075472
409.94 0.08106666667
411.2 0.05211428571
412.37 0.03921367521
414.46 0.08901818182
415.49 0.26563106796
416.51 0.15533790402
417.52 0.27115956392
418.88 0.11265882353
419.9 0.07370029383
421.52 0.00556392835
422.99 0.02977959184
424.02 0.27625631068
425.67 0.08622545455
426.69 0.16928501469
427.7 0.28228571429
428.74 0.11575384615
429.8 0.04129811321
430.81 0.44672475248
432.11 0.38644923077
433.14 0.30813203883
434.85 0.14916023392
435.92 0.14305882353
439.07 0.02432772309
440.32 0.1985152
441.33 0.4206019802
442.37 0.31569230769
443.4 0.32938252427
444.41 0.17543762376
445.43 0.16094117647
446.46 0.08500194175
447.51 0.11465142857
448.78 0.14074330709
449.82 0.21046153846
450.87 0.25014857143
451.88 0.28718415842
452.89 0.45214257426
454.21 0.3658969697
455.23 0.54330127576
456.24 0.6155009901
457.25 0.58820594059
458.26 0.51813069307
459.26 0.54062737263
460.61 0.07812008895
461.98 0.31857518248
463.38 0.33403288063
464.65 0.41951496063
465.71 1.05256603774
466.74 1.11448543689
467.77 1.25327378641
468.78 1.39222970297
469.79 1.22424578791
470.79 1.03926473526
471.8 1.13954851485
472.81 1.10385742574
473.86 0.95737904762
474.91 1.02384761905
475.92 1.12602576809
476.93 0.94606732673
477.94 1.11891485149
479.12 1.06207294317
480.12 1.44857542458
481.13 1.0727135778
482.21 1.37930064755
483.25 1.34502209414
484.26 1.40312698413
485.34 1.13039037928
486.34 1.29890618762
487.35 1.38339622642
488.36 1.5955960396
489.38 1.10722820764
490.57 1.50622035324
491.58 1.50740594059
492.73 1.08645565217
493.74 1.38452277228
494.95 1.17468744873
495.96 1.23391008991
496.96 1.2076987116
497.97 1.13337862138
498.97 1.28736570862
499.98 1.21286713287
500.98 1.10508622398
502.0 1.1693768546
503.0 1.06096303696
504.0 1.01055555556
505.01 1.0446993007
506.02 1.24745346535
507.09 1.05754958295
508.1 1.46808391608
509.21 1.03805540661
510.54 1.08478796992
511.55 1.14364035964
512.62 0.93469508804
513.69 1.12950280374
514.71 1.44288627451
515.72 1.35407730426
516.96 1.24700725222
518.17 1.20222332506
519.18 1.35033663366
520.28 0.65151648352
521.28 1.23606349206
522.31 1.16389126214
523.53 1.28842622951
524.54 1.4542970297
525.54 0.67028971029
526.55 1.33618235877
527.63 0.95624444444
528.73 1.44078545455
529.73 1.18754845155
530.74 1.41113181368
531.75 1.4
532.97 0.99068196721
534.1 1.00656864482
535.11 1.01956083086
536.25 0.94861754386
537.37 1.03542448615
538.43 0.96240982059
539.56 1.10266902655
540.56 1.07006593407
541.57 1.20366732673
542.58 1.33200793651
543.59 0.98180811078
544.61 1.25469147894
545.62 1.43839048563
546.63 1.2091960396
547.71 1.39834227567
548.85 1.51086215979
549.95 1.33636363636
550.96 1.32955247525
551.97 1.13672871287
553.17 0.90358666667
554.17 1.29717482517
555.18 1.11498412698
556.19 1.03410693069
557.19 0.78773226773
558.19 1.01238761239
559.2 1.10647619048
560.21 0.34015019763
561.22 1.02230952381
562.42 0.76558666667
563.45 0.87448837209
564.46 0.73097619048
565.46 0.87781818182
566.48 0.74589205103
567.52 0.3834
568.56 0.41824615385
569.92 0.28044705882
570.94 0.34334117647
571.94 0.37742257742
572.95 0.35881070367
573.96 0.53586534653
574.97 0.3591049505
576.0 0.26601745878
577.27 0.26734751773
578.28 0.3284122894
579.46 0.56858933108
580.48 1.23380746562
581.48 0.88131868132
582.71 0.44200488202
583.74 0.49820582524
584.76 0.80276862745
586.08 0.83229674489
587.17 1.03976492195
588.18 0.99898613861
589.42 0.74034193548
590.43 0.69607128713
591.44 0.73415445545
592.45 0.81074851485
593.47 0.56774117647
594.47 0.97652747253
595.5 0.60589105058
596.58 0.51565587419
597.59 0.52272475248
598.6 0.53094653465
599.62 0.32508235294
600.64 0.49843921569
601.68 0.3406
602.7 0.28997841021
603.71 0.43502274975
604.73 0.37552941176
605.74 0.36877700694
606.74 0.36153446553
607.75 0.46593267327
608.77 0.33322352941
609.87 0.29637818182
610.89 0.39698823529
611.91 0.53065098039
612.99 0.34302222222
614.03 0.4104
615.09 0.13434560907
616.18 0.07028256881
617.23 0.05862095238
618.25 0.16094117647
619.27 0.30042352941
620.46 0.15018487395
621.52 0.09292075472
622.72 0.12757368859
623.73 0.42118811881
624.88 0.51074086957
625.89 1.1231256182
626.9 0.97569047619
628.14 1.08376129032
629.25 1.08144864865
630.41 1.06754866494
631.5 1.00321028466
632.51 0.9876039604
633.62 0.9884036036
634.72 1.00230545455
635.8 1.08465925926
636.82 1.06367058824
637.88 1.01790943396
638.89 1.092432111
639.96 1.20561718021
640.97 1.1995960396
641.97 1.12123076923
642.98 1.43134126984
643.98 1.13462537463
645.06 1.06252455978
646.06 1.09208747515
647.07 1.11501195219
648.22 1.26974608696
649.62 1.12916571429
650.62 1.00250949051
651.72 0.94464058235
652.83 1.20859765977
653.97 1.16263859649
655.17 1.06814
656.35 1.04451229856
657.52 1.07099487179
658.6 1.08266172382
659.82 1.11288597211
660.97 1.07466434783
662.18 1.08725950413
663.18 1.36113486513
664.19 1.2830604559
665.19 1.39124875125
666.21 1.34036862745
667.6 1.26807775378
668.79 1.11401008403
669.8 1.35494362018
670.97 1.01125064157
671.97 1.39009181637
672.97 1.46871528472
673.99 1.00127433628
675.14 0.93526956522
676.15 1.01440792079
677.16 0.94301782178
678.18 0.9946745098
679.19 0.81706930693
680.2 0.99798811881
681.21 0.767628091
682.22 0.72108622398
683.24 0.76191372549
684.26 0.84117647059
685.29 0.7654368932
686.29 0.89683916084
687.33 0.83674615385
688.34 0.94790089197
689.54 0.6982
690.54 0.95657142857
691.55 0.90268384539
692.56 0.7972990099
693.59 0.81974368932
694.59 0.90240634291
695.66 0.82321583412
696.69 0.91186796117
697.7 0.47713267327
698.71 0.98255841584
699.72 1.26379405941
700.72 1.06431968032
702.08 0.83049300957
703.09 0.9328950495
704.1 1.03147722772
705.1 0.99367626614
706.3 0.91140099834
707.36 1.00871698113
708.38 1.11595647873
709.59 1.08343232158
710.61 1.16875964392
711.61 1.26618181818
712.77 1.03202739726
713.78 1.23795404595
714.87 0.94035701275
715.93 1.30956456173
716.94 1.13797227723
717.95 0.96502178218
718.96 1.18913776016
719.97 0.8834491018
721.12 1.02738912856
722.13 0.649839445
723.27 1.04518596491
724.28 1.15598415842
725.43 0.66077632724
726.44 0.91673194857
727.55 0.90157837838
728.56 1.1488968254
729.56 0.74188211788
730.62 0.69136921624
731.74 0.92939161463
732.75 1.05377205154
733.79 0.83901538462
734.8 0.91452673267
735.8 0.77600799201
736.82 0.53908537782
737.83 0.2310970297
739.04 0.4948835673
740.06 0.87250393701
741.07 0.72820573689
742.07 0.74017182817
743.08 0.55412698413
744.08 0.60242957043
745.1 0.61599214145
746.1 0.62238561439
747.11 0.50966336634
748.12 0.38367524752
749.19 0.24255191768
750.21 0.34300489716
751.21 0.22133866134
752.22 0.45162698413
753.23 0.6249495549
754.25 0.62140392157
755.26 0.43776412289
756.26 0.319000999
757.27 0.50235247525
758.46 0.43158319328
759.47 0.47676831683
760.49 0.20581746811
761.5 0.28172673267
762.52 0.18930460333
763.54 0.25775858685
764.54 0.42157842158
765.59 0.18761142857
766.61 0.19924705882
767.63 0.24726129666
768.81 0.22883657917
769.84 0.15734626576
770.9 0.24802266289
771.92 0.22509696376
772.96 0.14045384615
774.02 0.21722495274
775.03 0.22754851485
776.05 0.17238910506
777.1 0.24156621881
778.42 0.12878241092
779.43 0.33293817468
780.5 0.27149158879
781.51 0.31674251497
782.55 0.30283969466
783.56 0.17847128713
784.57 0.40091881188
785.65 0.22142962963
786.71 0.23746415094
787.81 0.13941401274
788.82 0.0924039604
789.83 0.23814836795
790.84 0.2106481665
791.9 0.23746415094
793.1 0.21344213156
794.13 0.19144023324
795.14 0.24921980198
796.16 0.23847843137
797.2 0.26307692308
798.27 0.20456074766
799.29 0.01578823529
800.34 0.07296
801.35 0.14086336634
802.38 0.19125436893
803.41 0.14875339806
804.47 0.16519245283
805.51 0.10691538462
806.58 0.08182429907
807.59 0.06501386139
808.6 0.35573069307
809.62 0.48876078431
810.63 0.49247524752
811.63 0.56754445554
812.64 0.45025966303
813.95 0.24191145038
814.98 0.49938640777
815.98 0.39852147852
816.99 0.44252673267
818.0 0.75591674926
819.01 0.81487524752
820.2 0.54868571429
821.26 0.55491320755
822.5 0.46868765133
823.51 0.53094653465
824.52 0.44323168317
825.72 0.24957333333
826.9 0.35201355932
827.92 0.3648
828.95 0.24422114452
829.96 0.32539147671
830.98 0.39038272816
832.14 0.43326787252
833.15 0.43385530228
834.17 0.27221939275
835.3 0.33092389381
836.33 0.43563495146
837.34 0.29316435644
838.4 0.33722264151
839.41 0.4876039604
840.59 0.36195419847
841.6 0.3479246779
842.62 0.41335945152
843.63 0.44458951533
845.18 0.12725581395
846.35 0.35067463706
847.36 0.3375761194
848.36 0.16904278607
849.39 0.18045392823
850.43 0.24863198459
851.49 0.19598114986
852.5 0.21692765114
853.54 0.24450769231
854.7 0.35073212748
855.85 0.44034116623
856.89 0.31538904899
858.01 0.09780160858
859.04 0.23122254616
860.05 0.34605533597
861.07 0.3500627451
862.08 0.39651139742
863.29 0.41683305785
864.3 0.6012039604
865.34 0.12453512993
866.38 0.32590201729
867.81 0.137746676
868.82 0.34674059406
869.84 0.33719882468
870.87 0.72541107872
871.89 0.66235294118
872.92 0.4562407767
873.98 0.47119397363
874.99 0.56273015873
876.0 0.3424
877.02 0.40969411765
878.03 0.50472079208
879.04 0.41531881188
880.34 0.21046153846
881.36 0.31581960784
882.4 0.21812307692
883.43 0.32938252427
884.44 0.17554851485
885.45 0.18420594059
886.56 0.10845405405
887.57 0.16278019802
888.63 0.24778867925
889.89 0.18718730159
891.17 0.09405
892.39 0.3387147541
893.64 0.4081664
894.99 0.40084740741
896.22 0.44313495935
897.23 0.52062636274
898.24 0.46182178218
899.25 0.44016633663
900.25 0.49383416583
901.44 0.49196299411
902.48 0.54890471607
903.5 0.56831372549
904.52 0.57975686275
905.56 0.48452743022
906.58 0.23685798237
909.33 0.00398108403
910.33 0.37835764236
911.44 0.11842019838
912.47 0.08491949564
913.52 0.14592
914.56 0.07366153846
915.59 0.32242330097
917.1 0.20369271523
918.11 0.44426138614
919.72 0.34908819876
920.73 0.36841188119
923.99 0.03693893832
925.2 0.05417010735
926.65 0.06792827586
927.66 0.04334257426
928.67 0.10824925816
929.8 0.21039716312
931.06 0.48248888889
932.32 0.392
933.34 0.53882399213
934.36 0.53272156863
935.37 0.50317705242
936.38 0.69577799802
937.59 0.67790586292
938.62 0.85320116618
939.63 0.43250693069
940.86 0.04296994314
942.1 0.7767748184
943.2 0.75629090909
944.2 0.88528271728
945.21 1.18321337266
946.23 0.87224505929
947.24 0.9186283449
948.24 1.05273926074
949.27 0.59893592233
950.27 1.23580952381
951.3 1.04561018609
960.84 0.12049549361
961.85 1.09646778989
963.04 1.04238655462
964.05 1.28525940594
965.06 1.32371117705
966.07 1.38890782953
967.26 1.07554285714
968.27 1.41280792079
969.42 1.02219826087
970.42 1.46415169661
971.64 1.19499753492
972.66 1.41129411765
973.66 1.36832734531
974.87 1.207842235
975.99 1.36946894689
977.0 1.60848316832
978.09 0.91956697248
979.09 1.28493906094
980.1 1.1074172448
981.31 0.86667760459
982.32 1.01850698603
983.32 0.81194836147
984.37 0.89177545195
985.5 0.97027457927
986.51 1.12211485149
987.66 0.70855652174
988.68 0.90834509804
989.83 0.5722573913
990.84 0.79977029703
991.85 0.81569108911
992.9 0.6075432921
993.94 0.8891871969
994.94 0.7162310757
995.96 0.8551102439
997.06 0.84912101911
998.06 1.00220579421
999.08 0.99124110672
1000.17 0.78669097539
1001.18 1.03520792079
1002.39 0.81962975207
1003.4 1.06127524752
1004.49 0.671340055
1005.5 0.90891575818
1006.52 0.70644268775
1007.52 0.40088095238
1008.53 0.8408950495
1009.54 0.69973491592
1010.55 0.67881070367
1011.55 0.81997202797
1012.59 0.84435033686
1013.75 0.96551034483
1014.88 0.96710088496
1015.94 0.87449811321
1017.13 0.88619831933
1018.35 0.84388196721
1019.83 0.61084324324
1020.84 0.67136633663
1021.95 0.77821261261
1022.96 0.86068582755
1023.97 1.00348067393
1025.19 0.76146764947
1026.41 0.86095737705
1027.63 0.8357442623
1029.07 0.76128888889
1030.08 0.90070634921
1031.24 0.71647586207
1032.39 0.912785404
1033.59 0.83361865112
1034.6 1.02479286422
1035.61 0.61606336634
1036.62 1.07565148515
1037.64 0.8484627451
1038.77 1.03240353982
1039.94 1.0017025641
1040.99 1.07821544328
1041.99 1.17880519481
1043.01 1.0948
1044.03 1.25767843137
1045.03 1.15607592408
1046.05 0.78868694799
1047.07 1.33677495108
1048.15 1.35205194805
1049.16 1.62753617443
1050.17 1.1163009901
1051.17 1.17224375624
1052.2 1.32449027237
1053.39 1.04855172414
1054.39 1.12854345654
1055.4 0.93700693756
1056.41 1.08323960396
1057.54 1.17634720992
1058.69 1.10112
1059.75 1.04923656927
1060.85 0.9524
1062.07 1.07460541427
1063.08 1.18286844708
1064.09 1.11495738355
1065.1 1.01691089109
1066.22 0.64235714286
1067.22 0.94768431568
1068.36 0.84024604569
1069.37 0.93385558853
1070.37 1.07080919081
1071.6 0.80813018714
1072.81 0.97992715232
1073.87 0.94298113208
1074.88 1.21250693069
1076.01 0.92928028294
1077.1 0.92351147842
1078.17 0.58619813084
1079.25 0.34453333333
1080.29 0.32033846154
1081.29 0.78582720953
1082.3 0.93326420738
1083.31 0.86058613861
1084.4 0.98454311927
1085.4 1.0153046953
1086.42 0.92595093229
1087.42 0.88928671329
1088.43 0.5144975223
1089.51 0.98165185185
1090.73 0.80442622951
1091.73 0.77021378621
1092.74 0.57631714569
1093.92 0.97217627119
1095.02 0.98589818182
1096.13 1.10222702703
1097.13 0.9849740519
1098.14 1.07028571429
1099.16 1.08668364349
1100.39 0.7972921074
1101.4 1.05476435644
1102.41 1.04196241345
1103.41 1.00584215784
1104.5 1.05323529412
1105.55 1.09906285714
1106.78 1.02325264013
1107.87 1.17881359045
1109.08 1.05100574241
1110.09 0.98481437126
1111.13 1.13463076923
1112.31 1.26794585448
1113.44 1.19573380657
1114.44 1.14157842158
1115.46 1.24392156863
1116.59 0.91238972542
1117.6 1.11191287129
1118.61 1.22830464886
1120.06 0.68854658385
1121.07 1.36944521224
1122.22 1.11821453287
1123.23 1.30345708583
1124.43 1.07899249374
1125.43 1.3853986014
1126.53 0.98499727025
1127.53 1.39301498501
1128.61 1.03196292864
1129.81 1.12189175687
1131.02 1.26847947455
1132.19 0.80491989664
1133.37 0.76869830508
1134.37 1.74706893107
1135.38 1.34820218038
1136.38 1.3063976024
1137.39 1.28902279485
1138.39 1.33846153846
1139.4 1.29081466799
1140.41 1.47950891089
1141.58 1.07570483461
1142.59 1.28535464535
1143.78 1.10791659716
1144.79 1.5028971029
1145.81 1.40817254902
1146.98 1.04583545377
1148.19 1.07044628099
1149.2 1.15702697303
1150.41 1.102447564
1151.42 1.31413280476
1152.43 1.36857029703
1153.43 1.39080919081
1154.6 1.03862446536
1155.6 1.36712087912
1156.6 1.32317460317
1157.73 1.05455129349
1158.75 1.39480509305
1159.76 1.02283448959
1160.77 1.32876755687
1161.77 1.25147619048
1162.78 1.26788411588
1163.78 1.2327135778
1164.79 1.20091908092
1165.79 1.19049355798
1166.81 1.14971315529
1167.81 1.13209117939
1168.83 1.12913155292
1169.83 1.35324479683
1170.85 1.3544925816
1172.05 1.4571579818
1173.07 1.29638773492
1179.68 0.01980837237
1180.87 0.21569620253
1181.94 0.15356407858
1182.96 0.33228599412
1183.98 0.3809254902
1185.0 0.50214117647
1186.03 0.8578900675
1187.04 1.19857228315
1188.04 1.20815184815
1189.05 1.26453069307
1190.15 1.00568210718
1190.7 1.66786956522
