1.02 0.05185068762
2.02 1.05083716284
3.21 2.6126789916
4.21 1.28484315684
5.28 1.32710944808
6.33 1.23331809524
7.47 1.49826163301
8.47 1.00485114885
9.48 1.07013676908
10.63 0.82762434783
11.64 1.19752871287
12.64 0.99948051948
13.64 1.14503096903
14.65 1.01012698413
15.82 0.95566124893
16.83 1.09150445986
17.83 0.85091708292
18.83 1.21846153846
19.84 1.29272727273
20.85 0.84327308838
21.86 1.16514059406
23.02 0.94891724138
24.41 0.79543597122
25.51 0.93844363636
26.96 0.83379434092
27.96 1.19965634366
28.98 0.88007072692
30.04 0.79723800564
31.05 0.79524409449
32.15 0.24468560953
33.16 0.31145829244
34.21 0.30510581506
35.22 0.14086336634
36.24 0.12811753183
37.33 0.45357798165
38.41 0.13185542169
39.41 0.26239360639
40.43 0.42373307164
41.44 0.35792475248
42.55 0.30531773177
43.57 0.44033758587
44.57 0.35377422577
45.62 0.49260629171
46.68 0.30657115928
47.69 0.5825173439
48.7 0.616
49.71 0.38429306931
50.71 0.72856686627
51.82 0.82224706943
52.84 1.05996467125
53.85 0.78955489614
54.86 0.87624182359
55.86 0.66036363636
56.9 0.63226179018
57.9 0.52478721279
59.06 0.71799137187
60.08 0.97301668302
61.09 0.50315247525
62.1 0.47488316832
63.11 0.58407121662
64.13 0.66157409225
65.14 0.43342574257
66.15 0.22613861386
67.3 0.3352
68.34 0.42301538462
69.36 0.58727843137
70.38 0.4419372549
71.39 0.5350019802
72.5 0.41895495495
73.61 0.62777657658
74.62 0.41175445545
75.64 0.22531764706
77.25 0.08166479751
78.56 0.09850646388
79.89 0.46757293233
81.41 0.45877368421
83.36 0.2688574359
84.37 0.82896633663
85.39 0.63808627451
86.4 0.7633867458
87.47 0.4606847521
88.48 0.42797623762
89.49 0.56407920792
90.51 0.55321568627
91.52 0.50927524752
92.54 0.39389019608
93.57 0.47709796314
94.58 0.69422398414
95.82 0.75106451613
96.83 0.84842772277
97.96 0.7584920354
98.97 0.76620812686
99.97 0.78089110889
101.12 0.69483130435
102.14 1.14203137255
103.15 0.91716435644
104.16 0.87603168317
105.17 0.42610149254
106.31 0.57057342657
107.32 0.85984950495
108.41 0.6663067034
109.42 0.89828344896
110.55 0.68462599469
111.56 0.9073980198
112.57 0.67718019802
113.58 0.85549306931
114.66 0.6763037037
115.67 1.07627353816
116.68 0.68213649852
117.83 0.82547606614
118.84 0.90623145401
119.85 0.64410703667
120.86 0.65961622156
121.88 1.17894406281
122.89 0.89592878338
123.9 0.79178592666
125.0 0.91647593097
126.0 1.28902297702
127.01 0.87720634921
128.02 1.22479207921
129.04 0.83186666667
130.05 0.58372277228
131.1 0.22588952381
132.13 0.29750679612
133.15 0.18916078431
134.16 0.49794658754
135.17 0.43822398414
136.37 0.26764666667
137.38 0.61375049505
138.38 0.70869130869
139.62 0.67775302663
140.63 0.7573016815
141.64 0.47694257426
142.65 0.19523488603
143.67 0.1648
144.68 0.12811881188
145.69 0.43177029703
146.82 0.37984424779
147.86 0.46556153846
149.07 0.57282644628
150.09 0.89008627451
151.1 0.54370693069
152.12 0.51450734574
153.14 0.81157998037
154.31 0.59850940171
155.53 0.85044389844
156.54 1.03003369673
157.71 0.95223911187
158.72 1.34827353816
159.89 0.89282735043
160.9 1.1551256182
161.91 0.96782539683
162.92 0.55593273986
163.93 0.55105649158
164.99 0.53859622642
166.0 0.76344554455
167.01 0.2958970297
168.04 0.31025412221
169.05 0.62624603175
170.05 0.93902897103
171.39 0.81042985075
172.4 0.6103264095
173.41 0.80495238095
174.41 0.73858141858
175.51 0.42498271156
176.72 0.42743140496
177.73 0.50607524752
178.81 0.54293975904
179.82 0.59596039604
180.84 0.38432156863
181.85 0.57062970297
182.86 0.46181746811
183.98 0.25877947795
185.01 0.74038834951
186.02 0.80764356436
187.03 0.72037227723
188.04 0.49135230618
189.25 0.74636469609
190.3 0.58292571429
191.32 0.51196862745
192.69 0.35184336476
193.7 0.41917145689
194.8 0.18886103542
195.92 0.08616428571
196.93 1.04313663366
197.94 1.43472475248
199.07 1.13829484902
200.2 1.397239188
201.21 1.48144950495
202.21 1.27480519481
203.22 1.349296333
204.42 0.96012010008
205.43 1.35176237624
206.62 0.88655340622
207.66 0.87579230769
208.68 0.9547372549
209.69 0.94091881188
210.69 1.01531268731
211.87 1.01058983051
212.87 1.32187812188
213.88 1.36948412698
215.04 0.92885443583
216.06 1.21537193327
217.06 1.21992407592
218.06 0.96357242757
219.07 1.00498412698
220.07 1.07053746254
221.24 0.85627373824
222.24 1.16059140859
223.34 0.61940673339
224.35 0.87281584158
225.36 0.52393663366
226.37 0.54939405941
227.56 0.55848067227
228.57 1.04232079208
229.61 0.75098461538
230.63 0.85100881489
231.66 0.65722837707
232.69 0.5128457808
234.57 0.23761149548
235.57 0.87382834331
236.79 0.91231501231
237.98 1.06665769554
238.98 0.96199000999
239.99 0.38517576961
240.99 0.83881836327
242.07 0.54965925926
243.08 0.9913980198
244.1 0.84730196078
245.13 0.79172038835
246.14 1.03255445545
247.16 1.37302745098
248.33 1.24
249.34 1.24224158416
250.35 1.02434059406
251.36 0.96375445545
252.38 0.91403137255
253.46 0.89906666667
254.48 0.94860392157
255.5 0.87497546614
256.71 0.97663471074
257.75 0.82633846154
258.82 0.90388037383
259.83 0.99926336634
260.85 1.3509970617
262.07 1.00223133716
263.08 1.34908514851
264.09 1.43715924827
265.16 0.90308528585
266.33 1.12210598291
267.33 1.37006993007
268.44 1.02491696751
269.46 1.35205484819
270.47 1.37626957384
271.48 1.34932804757
272.49 1.20606732673
273.69 1.00048666667
274.93 1.00930769231
276.12 1.06810499577
277.18 1.14278765201
278.32 1.14770526316
279.34 1.23051619235
280.35 1.35333333333
281.35 0.9888015873
282.36 0.95436831683
283.37 0.83281584158
284.55 1.00209491525
285.59 1.04831538462
286.63 1.1809414025
287.64 1.12447175421
288.68 0.83934615385
289.82 0.0176254417
290.83 0.69536345776
291.84 0.91547722772
292.84 0.90024375624
293.85 1.12295704296
294.94 1.05519854281
295.96 0.93980237154
296.96 0.98361111111
297.97 0.77059009901
299.12 0.7744
300.14 0.89422745098
301.15 0.56032443126
302.16 0.55792063492
303.17 1.28638415842
304.18 1.04834059406
305.19 0.67192039801
306.19 0.70279800995
307.2 0.81718019802
308.23 0.80420970874
309.33 0.33842688465
310.38 0.59466920877
311.47 0.10209908257
312.5 0.19125436893
313.7 0.12096747289
315.07 0.135702407
316.08 0.76222794846
317.08 0.87917682318
318.09 0.96618434093
319.2 0.87544504505
320.4 1.07234666667
321.5 0.98027636364
322.58 0.90633333333
323.77 0.90793277311
325.0 0.78524126726
326.01 0.80140850643
327.02 0.36577645895
328.03 0.30993806194
329.76 0.31933640553
330.76 0.78649350649
331.78 0.67620019627
333.44 0.2109686747
334.65 0.5532231405
335.66 0.63086732673
336.72 0.50372830189
337.75 0.4037592233
339.14 0.07086043165
340.31 0.15726261762
341.49 0.49277966102
342.57 0.76141001855
343.57 0.75057742258
344.59 0.92652404318
345.6 1.21154851485
346.6 1.11395219124
347.62 1.39733333333
348.63 1.46122772277
349.73 1.05432727273
350.75 1.4124592738
351.98 1.07885528455
352.98 1.28413186813
353.99 0.70004360753
354.99 1.28908691309
356.1 1.18714517583
357.1 1.55921678322
358.31 1.00825144748
359.31 1.31219180819
360.32 1.23545688801
361.33 0.56323960396
362.36 0.44431067961
363.37 0.47676831683
364.47 0.17103272727
365.47 0.72521878122
366.48 1.25943762376
367.49 1.3850703667
368.63 0.89208421053
369.64 1.13746389713
370.71 0.37756407858
371.82 0.6945644725
372.83 0.71436039604
373.85 0.64399215686
374.86 0.63126336634
375.88 0.52179607843
376.9 0.62770196078
377.92 0.78807058824
378.93 0.56982970297
379.96 0.55142524272
380.97 0.41895445545
382.02 0.37558055291
383.03 0.21873788328
384.24 0.31644958678
385.27 0.44626019417
386.29 0.44065098039
387.3 0.48209108911
388.3 0.46657342657
389.31 0.35457142857
390.36 0.19784586108
391.37 0.40324752475
392.58 0.92950619323
393.59 1.03483052527
394.6 1.04714455446
395.64 1.0937
396.65 1.0904950495
397.65 1.11757842158
398.65 0.86403996004
399.7 1.13866412214
400.76 1.0121170916
401.89 0.87074579274
403.03 0.85428070175
404.03 0.85356590684
405.19 0.67448275862
406.2 0.45897029703
407.21 0.66044796829
408.27 0.71138867925
409.28 1.04018217822
410.3 1.04850980392
411.31 0.73103857567
412.32 0.97315361744
413.32 0.61618381618
414.33 0.7064333996
415.33 0.47538645418
416.34 0.37523885035
417.36 0.45063529412
418.37 0.32977425743
419.39 0.31115294118
420.41 0.22398431373
421.66 0.26434782609
422.69 0.31882851638
423.75 0.22713962264
427.77 0.02181165919
428.94 0.00930612245
430.96 0.02166056408
433.07 0.03895685159
434.24 0.01872369547
435.24 0.41504191617
437.8 0.04248318999
439.31 0.13045827815
440.51 0.0456
441.67 0.01886896552
442.8 0.0096935341
450.53 0.02368637599
451.6 0.25552149533
452.64 0.16756195965
453.72 0.2620962963
454.79 0.13296448598
455.97 0.18549152542
457.01 0.07366153846
458.02 0.09761744301
459.03 0.16225519288
460.5 0.28469979578
461.52 0.37516160627
462.55 0.30297475728
463.6 0.28286749285
464.61 0.37887240356
465.62 0.25592864222
466.66 0.31847692308
467.66 0.40452347652
468.69 0.28514951456
469.73 0.35778461538
470.74 0.22222574257
471.78 0.25255384615
472.8 0.26823529412
473.84 0.12488931665
474.84 0.163996004
475.87 0.24438058252
476.92 0.10223238095
477.93 0.17302766798
492.52 0.00600370294
493.63 0.07887567568
494.69 0.06194716981
495.81 0.05862857143
497.1 0.06520310078
498.11 0.40052225519
499.52 0.20960567376
500.53 0.92664420218
501.72 1.09796302521
502.84 1.02625714286
503.84 1.33428971029
504.85 1.04209316155
505.86 1.01371881188
506.86 1.05094105894
508.03 1.16336698033
509.04 1.1516039604
510.17 0.82842328042
511.2 0.48
512.22 0.1963372549
513.23 0.3838019802
514.26 0.42921165049
515.26 0.87482117882
516.41 1.06787119234
517.41 1.61885314685
518.42 1.46074132805
519.55 1.27503716814
520.73 1.32074576271
521.91 1.25959322034
523.03 1.2702484361
524.03 1.42515884116
525.22 1.37866442389
526.27 1.49702857143
527.41 1.338
528.54 1.32043893805
529.55 1.45629306931
530.72 0.96142222222
531.73 1.50203564356
532.73 1.57547252747
533.87 1.29328884987
534.88 1.42130693069
535.99 1.23578378378
537.14 1.40708571429
538.32 1.40049324324
539.41 1.58975412844
540.59 1.79888135593
541.65 1.69636981132
542.66 1.79603960396
543.67 1.12632967033
544.67 1.53550842418
545.68 1.52156039604
546.78 0.83752
547.94 1.27233362294
549.09 1.23915025907
550.09 1.49262737263
551.15 1.02478564684
552.33 1.31623409669
553.43 1.42693090909
554.53 1.39914986376
555.58 1.35782650143
556.68 1.32770961887
557.86 1.39448346056
559.01 1.49859478261
560.2 1.40122921914
561.22 1.55855544652
562.3 1.28365185185
563.4 1.30032
564.53 1.40408873114
565.58 1.34896
566.78 1.34920666667
567.79 1.59717227723
568.79 1.53598401598
569.96 1.11903862661
570.96 1.43566101695
571.96 1.28916683317
572.96 1.3145014985
573.98 1.49793915604
574.98 1.73641558442
575.99 1.54448412698
577.13 1.28931929825
578.13 1.41556043956
579.14 1.55321308226
580.15 1.28318415842
581.15 1.45774328358
582.16 1.44607363184
583.24 1.27065185185
584.24 1.29098101898
585.39 1.11756521739
586.4 1.47927777778
587.41 1.36101285856
588.48 0.56413483146
589.48 1.42278521479
590.64 1.0716686799
591.65 1.55196831683
592.83 1.2546779661
594.01 1.65307366638
595.02 1.81074603175
596.07 1.45499428571
597.18 1.50691171171
598.21 1.56643106796
599.36 0.75648
600.36 0.71894820717
601.43 0.76613308341
602.44 0.8656333003
603.45 1.02893768546
604.46 1.0487690783
605.54 1.25914814815
606.57 1.2088776699
607.72 1.08645565217
608.73 0.95318694362
609.77 0.96634456208
610.78 1.10383415597
611.82 1.01455598456
612.82 1.53135664336
613.83 1.32401186944
614.83 1.62952247752
615.84 1.21057142857
616.92 1.33807599629
617.92 1.57376223776
618.93 0.89270168484
619.99 0.58614891612
621.04 1.01277714286
622.05 1.03025742574
623.22 0.75488793841
624.23 0.49384554455
625.25 0.57377254902
626.26 0.55261782178
627.27 0.39940594059
628.47 0.42490666667
629.61 0.15346538124
630.71 1.13436214741
631.71 0.85492170466
632.73 0.36069803922
633.79 0.40450566038
634.81 0.35407058824
635.83 0.31230069238
636.83 0.85388305253
637.84 0.46571881188
638.87 0.34820194175
639.92 0.28385014409
640.94 0.14501068999
641.95 0.20731405783
642.96 0.49611012783
644.04 0.93465185185
645.07 1.08612732615
646.07 0.90855896928
647.08 0.84091089109
648.25 0.88550559862
649.56 0.72668285281
650.59 0.93732815534
651.59 1.22532667333
652.68 1.00873461892
653.87 1.0963092437
654.88 1.3086970297
655.9 0.84744313725
656.9 1.16538661339
657.91 1.12112687313
658.91 1.06867460317
659.92 1.07553709199
660.93 0.9808444004
661.93 1.29074925075
662.94 1.21587326733
663.95 1.15250996016
665.09 1.03976963351
666.1 1.25618253968
667.28 1.11280677966
668.29 1.27627722772
669.5 1.02912396694
670.51 1.08407920792
671.52 1.00873663366
672.53 0.95603168317
673.53 1.04708891109
674.54 0.920864222
675.64 1.05115636364
676.65 1.19152475248
677.65 0.98102697303
678.77 1.22140482574
679.91 1.1597122807
681.02 1.05847927928
682.03 0.78482376238
683.06 0.91129251701
684.06 0.82555844156
685.06 0.77134065934
686.08 1.0665986261
687.21 0.6739061116
688.21 0.58222577423
689.22 0.5313029703
690.24 0.52201766438
691.39 0.74580712424
692.4 1.08416633663
693.41 0.87366501487
694.42 0.88133069307
695.44 0.77657254902
696.47 0.60770485437
697.55 0.57078518519
698.56 0.84259009901
699.58 0.8290745098
700.6 0.72828235294
701.6 0.74193006993
702.64 1.11020596728
703.65 1.23485940594
704.74 0.90464587156
705.74 1.25557642358
706.75 1.0264420218
707.9 0.6333426087
708.9 0.96605794206
709.93 0.64974927114
710.95 0.6401254902
711.97 0.72416846229
712.98 0.61358176412
713.99 0.69908910891
714.99 0.91335064935
715.99 1.07215184815
717.0 1.17768253968
718.0 0.95532467532
719.01 0.92025371655
720.02 0.97766336634
721.04 0.83294117647
722.1 0.88070876532
723.11 0.79569474727
724.12 0.7967049505
725.17 0.95258666667
726.18 0.9192950495
727.18 0.87351048951
728.19 1.08633498513
729.43 0.51412258065
730.44 0.85668118812
731.49 0.86791619048
732.53 1.00981538462
733.54 1.20653465347
734.55 0.84907722772
735.57 0.80651764706
736.58 0.91706429278
737.59 0.83594053518
738.61 0.97245490196
739.62 1.08405544554
740.64 0.98514509804
741.7 0.97503396226
742.71 0.92905346535
743.71 0.74545454545
744.72 1.15065213082
745.73 1.08674059406
746.73 1.04590609391
747.74 1.07982556987
748.9 0.88373103448
749.9 1.2112047952
750.96 0.91296694995
751.97 0.95276831683
752.98 1.21980990099
753.99 1.26103762376
755.0 1.02126732673
756.01 0.89115247525
757.02 0.46776237624
758.03 0.66097425743
759.18 0.52874434783
760.21 0.79655145631
761.22 0.67218217822
762.23 0.54283564356
763.25 0.44685377821
764.25 0.52855944056
765.38 0.77902568645
766.39 0.85703762376
767.4 0.87508424182
768.4 0.85793213573
769.41 0.59992071358
770.42 0.85222970297
771.64 0.51613747954
772.65 0.76166037736
773.66 0.75938278932
774.68 0.82525490196
775.69 0.9846970297
776.7 0.81132673267
777.7 0.59598801199
778.72 0.88803929273
779.74 1.23808814887
780.87 0.81129495128
781.87 1.05273926074
782.88 0.92502970297
783.93 1.03101620591
784.93 1.12146253746
785.94 0.72414638971
787.03 0.977087236
788.04 1.08195837463
789.04 0.67338261738
790.05 0.73935381566
791.06 0.94755643564
792.08 0.73931764706
793.18 0.69468363636
794.19 1.00345346535
795.2 0.56508514851
796.21 0.6587960396
797.38 0.71388556789
798.43 1.02857142857
799.59 0.93395685936
800.59 0.66553446553
801.6 0.68803964321
802.62 0.72581176471
803.8 0.72637288136
804.8 0.74368031968
805.81 0.6625728444
806.83 1.1072
807.84 1.05205544554
808.85 0.94412673267
809.87 1.06658800393
810.88 0.92218540434
811.89 0.62377006938
812.9 0.84518298714
813.91 0.9602061447
814.92 0.73436831683
815.93 0.71869306931
816.94 0.82848664688
818.09 0.93781723238
819.1 0.83977821782
820.11 0.77819405941
821.12 0.51819405941
822.14 0.53032156863
823.15 0.66342178218
824.17 0.94076078431
825.18 0.76613254204
826.51 0.46004514673
827.52 0.53147274529
833.73 0.00194271001
835.14 0.00640682788
836.31 0.46590769231
837.5 0.97920672269
838.51 1.11516831683
839.52 1.10205940594
840.53 1.09535841584
841.53 1.10718081918
842.55 1.26009813543
843.56 1.49375841584
844.56 1.61816583417
845.78 1.14239737274
846.79 0.91752871287
847.93 1.30798596491
849.06 1.26142300885
850.11 1.21994666667
851.12 1.26333465347
852.2 1.05839259259
853.21 1.30955247525
854.34 1.09254513274
855.35 1.40510891089
856.36 0.77318811881
857.38 0.95343529412
858.39 0.92027722772
859.42 1.12489320388
860.58 1.34871034483
861.6 1.17998431373
862.6 0.85459340659
863.74 0.95286391572
864.75 0.89892277228
865.85 0.76550545455
866.86 0.65650693069
867.87 0.44872079208
868.9 0.60469126214
869.92 0.54259607843
870.94 0.40829048086
871.94 0.62510069791
872.95 0.74949206349
873.99 0.48736862368
875.01 0.37442815249
876.03 0.29182300885
877.04 0.33623785927
878.04 0.37128471528
879.05 0.61699900892
880.07 0.47974901961
881.09 0.8278745098
882.11 0.5336328125
883.12 0.3728667992
884.14 0.31194509804
885.16 0.42917647059
886.2 0.27904707012
887.23 0.30074246842
888.25 0.45063529412
889.26 0.49708407517
890.27 0.66289791873
891.49 0.48596232596
892.51 0.59898823529
893.57 0.4021529745
894.57 0.36043113772
895.58 0.4733968254
896.59 0.43161188119
897.73 0.56153684211
898.74 0.57428910891
899.75 0.45878811881
900.77 0.32356078431
901.95 0.60254699407
902.97 0.56921687929
903.99 0.41860920666
905.0 0.71586124876
906.01 0.61240431796
907.03 0.52177250247
908.03 0.41216253717
909.06 0.47163173359
910.06 0.27136570862
911.09 0.37188349515
912.1 0.26723960396
913.16 0.33038490566
914.2 0.26044615385
915.24 0.2736
916.28 0.25255384615
917.35 0.10919626168
918.37 0.13948235294
919.38 0.16253465347
920.45 0.08182429907
921.51 0.13421886792
922.52 0.18683564356
923.53 0.24921980198
924.55 0.20645338567
925.55 0.30612587413
926.64 0.25808440367
927.7 0.18584150943
928.77 0.11250841121
929.81 0.17906448508
930.84 0.24414354995
931.87 0.33665242718
932.94 0.22827663551
933.99 0.26057142857
935.03 0.20679230769
936.04 0.46593267327
937.05 0.4185029703
938.06 0.54178217822
939.09 0.31589902913
940.11 0.44141176471
941.19 0.47230398517
942.33 0.45939351446
943.43 0.53552
944.44 0.675004995
945.44 0.81334390486
946.45 0.84379405941
947.47 0.63383709519
948.48 0.70517227723
949.49 0.66044356436
950.65 0.50728965517
951.66 0.53011485149
952.67 0.88228684471
953.69 0.46513948919
954.7 0.47294257426
955.75 0.49941333333
956.81 0.43876109537
957.83 0.26797257591
958.88 0.20724499523
959.88 0.26239360639
960.91 0.19554951456
961.92 0.21671287129
963.0 0.13840963855
964.01 0.16221343874
965.02 0.8202814668
966.04 0.54015369458
967.15 0.47725919283
968.17 0.50882041217
969.18 0.50323244313
970.19 0.52143508424
971.2 0.56570524233
972.21 0.76900693756
973.21 0.80834365634
974.22 0.87438415842
975.51 0.78631497285
976.52 0.99082772277
977.52 0.98543056943
978.54 1.01785279686
979.54 0.91895304695
980.67 0.93277590788
981.68 0.68198811881
982.68 0.9213986014
983.69 0.66530822597
984.71 0.83083137255
985.9 0.64260168067
986.93 0.81917669903
988.08 0.6563127715
989.09 0.40091881188
990.1 0.27234851485
992.71 0.05025766871
993.73 0.77140058766
994.84 0.26500900901
995.89 0.38601334604
996.9 0.3220039604
997.94 0.34169334619
998.96 0.52419941349
999.97 0.30327128713
1000.98 0.47419188922
1002.1 0.74506523682
1003.45 0.33559673832
1004.47 0.31115294118
1005.48 0.37034223541
1006.5 0.65037095191
1007.51 0.51743366337
1008.52 0.63645940594
1009.53 0.37782178218
1010.54 0.41345742574
1011.56 0.66655435847
1012.6 0.45047509579
1013.63 0.55605830904
1014.66 0.33764522417
1015.67 0.35757623762
1016.69 0.25048627451
1017.7 0.36841188119
1018.72 0.22972434018
1019.73 0.71982522344
1020.75 0.84169411765
1021.77 0.63698039216
1022.78 0.59302970297
1023.79 0.64268514851
1024.8 0.79086732673
1025.82 0.63956862745
1026.83 0.62197428289
1027.93 0.71668965517
1028.94 1.0573346574
1029.98 0.85520769231
1031.0 0.97860392157
1032.13 0.98917522124
1033.15 1.09993326791
1034.15 0.95047352647
1035.16 0.98923564356
1036.21 0.88774095238
1037.22 1.1846970297
1038.25 1.05876504854
1039.63 1.18707826087
1040.64 1.02701782178
1041.64 1.30891508492
1042.81 1.13912061591
1043.84 0.8940815534
1044.85 1.24634455446
1046.05 1.04078
1047.06 1.20659663033
1048.07 1.2433029703
1049.07 0.95055633101
1050.08 1.18650248262
1051.16 1.1378279371
1052.17 0.93243650794
1053.17 1.36441158841
1054.29 1.21458571429
1055.3 1.3450148662
1056.31 1.0843009901
1057.36 0.86730666667
1058.38 1.33550588235
1059.38 1.10433566434
1060.39 1.1013518335
1061.4 1.24095841584
1062.41 0.82125148515
1063.42 0.71732011893
1064.45 0.6727223301
1065.45 0.98471128871
1066.46 0.73100990099
1067.47 0.84590683845
1068.49 0.72089324192
1069.6 0.87432884097
1070.62 1.11261417323
1071.63 0.73403758655
1072.65 0.52182745098
1073.66 0.75049355798
1074.83 0.46885470085
1075.83 0.63265534466
1076.98 0.79206962576
1077.99 1.03351928783
1079.0 1.04437661051
1080.0 1.32334865135
1081.02 1.17649411765
1082.02 0.9625974026
1083.03 0.94317460317
1084.06 0.93179029126
1085.07 0.38578479763
1086.08 0.30039761431
1087.21 0.4784
1088.23 0.49355294118
1098.34 0.00638861435
1099.56 0.10660066007
1100.64 0.2432
1103.09 0.08227265306
1104.45 0.29717647059
1105.57 0.24378947368
1107.44 0.27239379347
1108.45 0.4876039604
1122.17 0.00895591985
1123.18 1.12796039604
1124.19 0.77761584158
1125.34 0.84518956522
1126.35 0.97558102767
1127.56 0.94983443709
1128.62 1.07126792453
1129.63 0.95580990099
1130.72 1.03778348624
1131.72 0.6718001998
1132.73 1.10498315164
1133.85 0.83124014337
1134.85 1.27469322709
1136.0 1.1125426087
1137.01 1.36805544554
1138.02 0.85340990099
1139.15 0.74414159292
1140.16 1.01402772277
1141.18 0.68139607843
1142.21 1.00965436893
1143.22 0.6919246779
1144.23 1.14240158259
1145.24 0.886160555
1146.4 0.78403445306
1147.44 1.03072307692
1148.57 0.93072807795
1149.63 1.0757509434
1150.65 1.03037647059
1151.66 1.19885940594
1152.67 1.1156990099
1153.68 1.14244752475
1154.7 1.17650196078
1155.71 1.25315643564
1156.84 0.88312920354
1157.85 1.18467326733
1158.85 1.48722477522
1159.85 1.17516883117
1161.02 0.97014383562
1162.02 1.18949050949
1163.19 0.7241471343
1164.34 0.98206440383
1165.34 1.03267132867
1166.35 0.83568681863
1167.44 0.95296791934
1168.45 1.14530693069
1169.54 1.10697981651
1170.65 1.02716396396
1171.8 0.96266434783
1172.94 1.00947497805
1173.94 1.50083832335
1174.95 1.33064023786
1175.96 1.15431287129
1176.97 0.87731219029
1177.98 1.02456237624
1179.13 0.60565073849
1180.15 0.89137254902
1181.16 0.94319127849
1182.17 0.78163402572
1183.35 0.65875698561
1184.5 0.786743255
1185.73 0.95626666667
1186.81 1.18562962963
1187.82 1.57542913776
1188.9 0.56394074074
1192.19 0.29181762918
1193.24 0.28141714286
1194.26 0.21957647059
1195.28 0.51312156863
1196.36 0.44354074074
1197.38 0.54025882353
1198.39 0.61253069307
1199.4 0.64561028684
1200.41 0.6295049505
1201.42 0.58055896928
1202.43 0.40773861386
1203.43 0.38194605395
1204.45 0.43770755643
1205.47 0.48881568627
1206.51 0.48933717579
1207.53 0.56578823529
1208.54 0.5525074331
1209.6 0.4854490566
1210.61 0.51898613861
1211.68 0.47400373832
1212.75 0.94108138447
1213.75 1.20635364635
1214.78 1.03255145631
1215.98 1.08660434057
1216.99 1.5151256182
1218.0 1.06581386139
1219.2 1.30470058382
1220.2 0.9755044955
1221.2 0.92490709291
1222.21 0.8455579782
1223.23 1.09843921569
1224.24 1.18862239841
1225.24 0.97721478521
1226.37 1.05716917626
1227.45 0.68171111111
1228.46 0.71391683168
1229.47 0.95336894164
1230.61 0.49973661106
1231.62 0.56304158416
1232.72 0.59656
1233.73 0.87431287129
1234.73 0.62853146853
1235.88 0.81438468233
1237.07 0.80118319328
1238.21 0.82007719298
1239.22 0.84085544554
1240.27 0.44500285987
1241.27 0.96607392607
1242.28 0.65855049505
1243.29 0.97874331021
1244.3 0.69653069307
1245.31 1.09050840752
1246.32 0.80096729435
1247.34 0.98671372549
1248.47 0.96795044248
1249.47 1.17338661339
1250.67 0.8351292744
1251.69 0.89516078431
1252.82 0.92921769912
1253.97 0.90756173913
1255.2 0.86232845528
1256.32 0.80884285714
1257.33 1.01561188119
1258.34 0.73178613861
1259.78 0.49313333333
1260.8 0.57770980392
1261.81 0.72256633663
1262.82 0.87570693069
1263.83 0.27403564356
1264.84 0.54244752475
1265.91 0.65694205607
1267.13 0.72390561432
1268.15 0.85954500495
1269.36 0.8203314192
1270.37 1.03512388503
1271.38 0.89891196835
1272.39 0.84241030723
1273.1 1.11171870605
