1.01 0.06315956392
2.04 0.35117829457
3.05 0.52166037736
4.06 1.37978196234
5.18 1.66973571429
6.2 0.916
7.27 0.72447014925
8.27 1.37177222777
9.27 0.89012749004
10.29 0.96167258383
11.29 0.79637162837
12.48 1.19177104377
13.88 0.74056571429
14.9 1.49232580962
15.9 1.33840559441
16.92 0.75964671246
17.93 0.852432111
19.14 0.6057689769
20.15 0.80741328048
21.27 0.81358222222
22.3 0.59856390244
23.31 0.40925148515
24.32 0.53888316832
25.48 0.49733793103
26.49 0.57633267327
27.59 0.50094545455
28.6 0.52011089109
29.61 0.39463762376
30.62 0.39195247525
31.64 0.34334117647
32.66 0.22569411765
33.71 0.23972571429
34.72 0.17871683168
35.79 0.23524485981
36.81 0.19312941176
37.82 0.27072475248
38.83 0.9491009901
39.85 1.10821960784
40.85 1.08155044955
41.94 1.09815977961
42.95 1.20003960396
44.04 0.93431192661
45.22 0.87837966102
46.23 1.0857029703
47.33 0.60808719346
48.34 1.01398612488
49.7 0.42613960323
50.71 0.57874331021
51.73 0.45296470588
52.74 0.48458613861
53.77 0.43251262136
54.79 0.6723597263
55.89 0.56089051095
56.91 0.73917647059
57.92 0.35441805692
58.94 0.32648627451
59.98 0.23150769231
61.0 0.20235806133
62.17 0.52339145299
63.29 0.5275
64.31 0.62001568627
65.32 0.82784950495
66.35 0.76528932039
67.39 0.33673846154
68.4 0.39727576055
69.41 0.66742857143
70.43 0.40731831538
71.44 0.24510604559
72.48 0.14605910391
73.82 0.04900298507
74.84 0.22732344214
75.84 0.42985657371
76.92 0.85214869888
77.94 1.12310981535
78.96 0.71545004946
79.96 1.07307829534
80.98 0.63394658754
81.98 0.67781962339
82.99 0.74411089109
84.0 1.01472927073
85.02 0.89937254902
86.03 0.77997252208
87.04 0.89108491508
88.04 0.9595877106
89.05 0.72728071928
90.08 0.40296899225
91.08 0.69070903674
92.1 0.9394745098
93.11 0.84903096903
94.12 0.81272871287
95.12 0.63272150644
96.19 0.77426578699
97.28 1.0985477707
98.44 0.92520689655
99.47 0.63629514563
100.52 0.37522285714
101.69 0.2443965812
102.7 0.89328316832
103.77 0.95778691589
104.78 0.93020990099
105.82 0.70409230769
107.07 0.7373376
108.08 0.7243956044
109.08 0.69465213082
110.1 0.60963137255
111.12 0.6083715415
112.12 0.50480952381
113.16 0.41820769231
114.2 0.23450387597
115.32 0.12612765957
116.33 0.24252673267
117.34 0.31423366337
118.35 0.23838415842
119.37 0.21407058824
120.39 0.31115294118
121.44 0.31261714286
122.68 0.23606451613
123.7 0.31115294118
124.72 0.21458823529
125.73 0.23002772277
126.75 0.38968627451
127.77 0.45063529412
128.79 0.29716078431
129.83 0.32133205005
130.83 0.5483956044
131.85 0.65145882353
132.87 0.5472
133.88 0.51344158416
134.9 0.56796078431
136.05 0.37849043478
137.09 0.27386333013
138.19 0.29377656676
139.21 0.26823529412
140.33 0.20744235925
141.33 0.42638961039
142.56 0.41852563059
143.7 0.48344960561
144.75 0.6649447619
145.76 0.58512475248
146.77 0.36770664024
147.79 0.40771764706
148.8 0.27057566766
149.82 0.36515799804
150.86 0.27149230769
151.87 0.44426138614
152.9 0.57412038835
153.92 0.40308537782
154.93 0.4550970297
155.94 0.31283168317
156.97 0.37188349515
157.98 0.34319207921
159.0 0.30042352941
160.03 0.3360776699
161.05 0.41203921569
162.06 0.94356478734
163.25 0.48455508831
164.37 0.52031428571
165.43 0.54545109212
166.43 0.65098412698
167.44 0.70449108911
168.47 0.69326336249
169.48 0.52083960396
170.51 0.79946407767
171.52 0.79461386139
172.53 0.54804352127
173.55 0.43504612365
174.56 0.59596039604
175.57 0.50457821782
176.59 0.44263271303
177.6 0.69081466799
178.83 0.68406504065
179.84 0.8561029703
180.87 0.65309514563
181.87 0.72573826174
183.13 0.44598570294
184.16 0.4037592233
185.2 0.28412307692
186.22 0.19938823529
187.37 0.09516521739
188.39 0.16078354554
189.39 0.39897702298
190.59 0.49931609675
191.6 0.7742160555
192.61 0.64083960396
193.63 0.57248627451
194.64 0.40964752475
195.65 0.89030267062
196.69 0.56224061598
197.71 0.8187372549
198.71 0.58938661339
199.88 0.82280239521
201.39 0.75442857143
202.4 0.72071428571
203.41 0.89004356436
204.41 0.81511288711
205.44 0.670514174
206.5 0.19771106942
207.52 0.41527843137
208.52 0.95697102897
209.53 1.13324876115
210.54 1.43170693069
211.56 0.99095686275
212.71 0.88724173913
213.88 0.7942017094
215.01 0.87788318584
216.15 0.78701052632
217.21 0.87903487276
218.22 1.2024975223
219.23 0.89294257426
220.3 0.98331962617
221.31 1.18926732673
222.4 1.06183486239
223.44 1.27191530318
224.44 1.41373026973
225.44 1.35617982018
226.56 0.95076207513
227.56 1.37478521479
228.66 0.88843715847
229.67 1.2552007913
230.68 1.33227299703
231.75 0.93961459308
232.75 1.19223976024
233.76 1.12700891972
234.76 1.2587972028
235.77 1.14776190476
237.19 0.88558479944
238.19 1.26365634366
239.19 1.08383616384
240.38 0.8578989899
241.51 0.83076705049
242.52 0.91580990099
243.69 0.47017591802
244.7 0.83914455446
245.71 0.78234455446
246.72 0.96332673267
247.74 0.75533333333
248.76 0.89087058824
249.77 0.89062178218
250.87 0.55133757962
251.89 0.71236078431
252.9 0.64792079208
254.05 0.40232841008
255.06 0.52926065411
256.07 0.43536633663
257.09 0.45949803922
258.09 0.48577022977
259.11 0.66522352941
260.12 0.39249950446
261.13 0.61039207921
262.15 0.62763565132
263.17 0.55835917566
264.18 0.23233267327
267.05 0.10665924121
268.06 0.76944587885
269.21 0.50624500434
270.22 0.93814866204
271.23 0.9207049505
272.24 0.87241188119
273.25 0.96754059406
274.28 1.05156504854
275.28 1.44012787213
276.29 1.08281980198
277.3 1.04408325074
278.3 1.23024975025
279.31 0.99865213082
280.31 0.71363836164
281.32 0.84914172448
282.56 0.37896129032
283.57 0.65679207921
284.6 0.62535145631
285.61 0.42280277502
286.62 0.66030464886
287.63 0.6124990099
288.63 0.73792607393
289.8 0.55307442258
290.82 0.45085490196
291.84 0.77958431373
293.0 0.64005517241
294.01 0.77715643564
295.02 0.78581565907
296.02 0.7402037962
297.12 0.59934545455
298.13 0.81413861386
299.14 0.63123960396
300.35 0.73218166804
301.51 0.76412769629
302.7 0.77540840336
303.9 0.83143953294
304.91 0.89583366337
305.92 0.73129831516
306.93 0.93867457962
308.0 0.70458317757
309.01 0.85780773043
310.23 0.73925901639
311.23 0.96442757243
312.25 0.59049263984
313.27 0.90901176471
314.43 0.68019310345
315.43 0.743187251
316.47 0.37008695652
317.48 0.35811671612
318.5 0.65414720314
319.51 0.62541782178
320.53 0.57392156863
321.53 0.49266733267
322.54 0.53058473736
323.55 0.72225742574
324.56 0.37924752475
325.57 0.39991287129
326.58 0.74007128713
327.59 0.76688316832
328.6 0.65983366337
329.62 0.47687365328
330.63 0.88454311199
331.64 0.60792079208
332.65 0.57367920792
333.66 0.68678811881
334.77 0.64005765766
335.78 0.73305346535
336.79 0.76135311573
337.88 0.56382001837
338.89 0.50683283877
339.9 0.69071952428
340.91 0.78544950495
341.92 0.68465742574
342.94 0.53594509804
343.96 0.70724705882
344.98 0.60506170421
346.0 0.67744062807
347.33 0.42958978212
348.34 0.46639444995
349.35 0.4521859545
350.45 0.5052010919
351.46 0.61987326733
352.89 0.33556363636
353.92 0.4962407767
360.67 0.00133511032
361.68 0.67553267327
362.96 0.61356875
363.99 0.26563106796
365.01 0.17150244858
366.04 0.18492517007
367.08 0.24203076923
368.12 0.33673846154
369.25 0.1616254417
370.51 0.13919236884
371.54 0.4041516035
372.55 0.39958019802
373.57 0.2776
374.59 0.25586666667
375.61 0.28969411765
376.63 0.26695191364
377.66 0.24438058252
378.67 0.17417029703
379.7 0.18062912621
380.72 0.1552
381.78 0.12389433962
382.95 0.18707692308
383.98 0.23817475728
385.0 0.85501176471
386.01 0.70482376238
387.02 0.5057699115
388.11 0.09265373961
389.21 0.29104
390.41 0.38554666667
391.42 0.45330177515
392.44 0.40301574803
393.45 0.53042136499
394.6 0.29602088773
395.62 0.35407058824
396.63 0.36877700694
397.65 0.31496180215
398.65 0.43732267732
399.68 0.34468415938
400.75 0.30670654206
401.8 0.35437714286
402.83 0.2932038835
403.86 0.37224489796
404.88 0.30103819785
405.89 0.37962338949
406.93 0.22566153846
407.95 0.31848627451
408.96 0.36841188119
409.97 0.33327524752
410.97 0.37393806194
411.99 0.43563064833
413.0 0.50138081108
414.01 0.59545796241
415.14 0.58193799823
416.33 0.52592767031
417.34 0.61328585559
418.35 0.56333002973
419.35 0.60145454545
420.36 0.57373465347
421.38 0.60018823529
422.39 0.63155599604
423.59 0.5473
424.6 0.67978635015
425.7 0.11872463768
426.71 0.97086567164
427.73 0.6280704501
428.74 0.60550793651
429.79 0.64038058991
430.8 0.66888404361
431.81 0.72753267327
432.81 0.64919080919
433.83 0.66389008832
434.84 0.67101782178
436.07 0.5371567831
437.18 0.68444364292
438.18 0.66294610778
439.19 0.47471159564
440.28 0.43723783287
441.36 0.50285925926
442.37 0.57253412463
443.38 0.31454509415
444.55 0.06542100769
445.68 0.1390894597
446.72 0.28412307692
447.76 0.24965384615
448.79 0.4037592233
449.8 0.5328950495
450.82 0.60805484819
451.83 0.43088999009
452.86 0.26480776699
453.86 0.26916283716
454.89 0.30843148688
455.9 0.33596831683
456.91 0.42152079208
457.91 0.47657142857
458.94 0.26588921283
459.99 0.22371047619
461.04 0.34395428571
462.08 0.20251538462
463.12 0.16836923077
464.2 0.14186666667
465.27 0.10228037383
466.35 0.08833917051
467.42 0.14346067416
468.44 0.38585644051
469.45 0.69556435644
470.45 0.56296503497
471.47 0.57167315175
472.61 0.39161403509
473.62 0.59038561439
474.65 0.42742524272
475.67 0.44568318756
476.75 0.45274323063
477.77 0.47885602351
478.78 0.56202180377
479.8 0.78529411765
480.87 0.41252336449
481.87 0.60739742319
482.88 0.39554059406
483.89 0.48464950495
485.03 0.18367017544
486.1 0.35798130841
487.11 0.33175817641
488.14 0.31666796117
489.16 0.32219823356
490.2 0.24478770413
491.21 0.3033980198
492.22 0.28002378593
493.23 0.32960633037
494.27 0.37529162656
495.5 0.35483577236
496.58 0.43309731233
497.67 0.48879266055
498.69 0.47209411765
499.71 0.39659273798
500.74 0.42523495146
501.75 0.43579030663
502.8 0.47561904762
504.01 0.52913719008
505.18 0.54719589393
506.32 0.57204912281
507.43 0.59055855856
508.48 0.55933714286
509.73 0.4395712
511.26 0.17167058824
512.32 0.77492830189
513.37 1.04402285714
514.4 1.08242330097
515.41 0.95111637081
516.43 0.36332283465
517.46 0.40076116505
518.48 0.39659941234
519.49 0.36241897233
520.58 0.44114075437
521.6 0.91901960784
522.61 0.81378217822
523.67 0.82430160226
524.85 0.96833927057
525.87 0.59905098039
526.9 0.26563106796
527.9 0.13067996012
528.91 0.62692353525
529.92 0.91995247525
530.94 0.61844094488
531.95 0.71719921105
532.96 0.88607524752
533.98 0.72468235294
534.98 0.60945454545
535.99 0.67780376611
536.99 1.15068931069
538.15 0.8812838654
539.16 1.74550447761
540.16 1.54126420738
541.27 1.04708550855
542.28 1.16281466799
543.28 1.19509290709
544.33 1.10323736892
545.34 1.1232
546.36 1.16709019608
547.38 0.5500451423
548.68 0.21046153846
549.74 0.26367516525
550.82 0.38585753932
551.84 0.59650980392
552.86 0.70025098039
553.87 0.69171485149
554.92 0.58898285714
556.03 0.17605765766
557.04 0.6588990099
558.06 0.5974745098
559.26 0.39253377815
560.28 0.48235063663
561.3 0.31580392157
562.32 0.40237647059
563.33 0.42259009901
564.35 0.30582924436
565.38 0.3715227934
566.4 0.30511481845
567.41 0.35672547076
568.43 0.48282352941
569.45 0.31262745098
570.45 0.31224775225
571.67 0.36343888433
572.68 0.42259009901
573.69 0.17939009901
574.73 0.22098461538
575.75 0.24164705882
576.77 0.39698823529
577.79 0.33023529412
578.82 0.32699805825
579.85 0.26563106796
580.85 0.15306293706
587.78 0.00176816609
588.86 0.02871375465
589.87 0.90132277228
591.02 1.06838956522
592.03 1.10826138614
593.05 0.96392941176
594.08 1.04891650485
595.25 0.74831972789
596.32 1.12318045113
597.32 1.30715684316
598.33 1.10017046581
599.35 0.88699607843
600.36 0.8972990099
601.38 1.02832156863
602.38 1.21478521479
603.45 1.00817960711
604.46 1.10386534653
605.46 1.23143256743
606.48 0.9811265947
607.54 0.9610490566
608.56 1.08664313725
609.64 0.98345925926
610.67 1.01167378641
611.68 0.93520792079
612.79 0.9196465284
613.8 0.66272475248
614.83 0.42711154219
615.85 0.50443179588
616.86 0.65444906034
617.91 0.46233904762
618.99 0.43217794254
620.02 0.55251262136
621.06 0.32632307692
622.13 0.27172336449
623.14 0.31423366337
624.15 0.24921980198
625.76 0.09200496894
626.76 0.56851948052
627.77 0.30461843409
628.77 0.28425974026
629.8 0.24723809524
630.81 0.26005544554
631.84 0.31098252427
632.93 0.34043549863
633.97 0.24719768563
635.01 0.25206909789
636.03 0.25718664047
637.05 0.19123137255
638.46 0.06200566572
639.65 0.20266666667
640.68 0.16671067961
642.94 0.07263716814
643.97 0.32968665377
645.01 0.15860869565
646.21 0.25971024147
647.23 0.35407058824
648.29 0.16194716981
649.33 0.22098461538
650.39 0.12389433962
651.56 0.11433162393
653.47 0.02291937173
654.55 0.40533333333
655.57 0.14597055937
656.62 0.31238820171
657.65 0.21264466019
658.66 0.37924752475
659.67 0.39936633663
660.67 0.65145708583
661.83 0.53947886109
662.85 0.46181746811
663.86 0.46814257426
664.88 0.75105882353
665.9 0.57803921569
667.09 0.47899831933
668.09 0.61845354645
669.1 0.75042063492
670.11 0.65620573689
671.12 0.67266534653
672.46 0.1551761194
673.49 0.36877745384
674.51 0.37552941176
675.58 0.18799252336
676.63 0.07296
677.74 0.24103063063
678.76 0.46389793916
679.77 0.39008316832
680.78 0.33371089109
681.8 0.82290303624
682.82 0.8068627451
683.84 0.52825882353
684.87 0.70924781341
685.88 0.69868514851
686.88 0.65339460539
687.91 0.68121282799
688.92 0.49584158416
689.95 0.29229514563
690.97 0.256
692.01 0.16772147002
693.02 0.21649851632
694.23 0.23365813377
695.26 0.3406692607
696.28 0.23226640548
697.49 0.36423490488
698.5 0.52434059406
699.51 0.60176633663
700.53 0.68830588235
701.54 0.78717623762
702.55 1.28614653465
703.68 1.14264778761
704.69 1.30638415842
705.7 1.0086970297
706.7 0.5077740337
707.83 0.91193628319
708.85 0.84691764706
710.06 0.68775353872
711.15 1.04570700637
712.16 1.41098901099
713.16 1.20589890981
714.17 0.64333465347
715.18 0.8568950495
716.35 0.40778119658
717.4 0.70433013436
718.41 0.26100589391
719.62 0.36502479339
720.63 0.44426138614
721.65 0.58535686275
722.66 0.91876123876
723.66 0.94648959366
724.83 0.95286153846
725.85 1.33672227674
726.86 1.26195643564
727.87 1.06051445663
728.87 0.78122740814
729.87 1.10685314685
730.88 1.03665411298
731.89 1.0718019802
732.89 1.08804795205
733.98 1.07418181818
734.99 1.63563273453
735.99 1.59382539683
737.16 1.25967179487
738.17 1.67445908184
739.18 1.41857760314
740.19 0.82505389222
741.19 1.29229365079
742.24 1.33209904762
743.27 1.32173980583
744.28 1.46908514851
745.36 1.32108888889
746.55 1.21583193277
747.75 1.47755704698
748.87 1.51487943262
749.98 1.47524324324
751.12 1.54548641543
752.31 1.48324705882
753.32 1.88654545455
754.32 1.5251456888
755.39 1.77555140187
756.58 1.40560672269
757.59 1.60087912088
758.72 1.38791220369
759.91 1.21858823529
760.92 1.51611588412
761.93 1.56859724951
762.99 0.94476908577
764.13 1.09986303775
765.2 1.14116635514
766.31 1.04612781278
767.47 1.14626896552
768.56 1.16510091743
769.57 1.36601188119
770.64 1.21009345794
771.65 1.63223976024
772.65 1.5553015873
773.66 1.5049332004
774.66 1.75823809524
775.67 1.33554013875
776.84 1.17040275387
778.0 1.17698630137
779.0 1.64053546454
780.01 1.57761744301
781.14 1.13056283186
782.15 1.1993669634
783.23 0.87810936052
784.24 1.50454291417
785.42 1.16671380471
786.43 1.44636039604
787.46 0.97683106796
788.53 1.15081121495
789.58 1.16667428571
790.74 1.30033793103
791.78 1.18803846154
792.87 1.40126972477
793.87 1.40731268731
794.95 1.31972592593
795.98 1.58981747573
797.1 1.53766159355
798.1 1.96291417166
799.11 1.09579405941
800.11 1.4236003996
801.12 1.68504554455
802.13 1.86781782178
803.21 1.55598887859
804.4 1.62554621849
805.46 1.56941444867
806.58 1.28131322094
807.58 1.4447952048
808.77 1.46592779177
809.82 1.34696183206
810.83 1.83011298315
811.86 1.51885825243
812.86 1.59244755245
813.88 1.39483415113
814.88 0.97418762475
816.07 1.35291582492
817.18 1.65416936937
818.27 1.34597612489
819.27 1.499996004
820.27 1.40543456543
821.28 1.15770069376
822.48 1.13638698916
823.51 1.49704752667
824.56 1.51002478551
825.56 1.58967432567
826.57 1.22523686819
827.62 1.08758095238
828.74 1.29222857143
829.84 1.43166545455
830.99 1.40731766754
832.14 1.47298868581
833.16 1.16364278705
834.16 0.94805194805
835.17 1.1379009901
836.19 0.9533254902
837.2 0.80207730426
838.2 1.20974225774
839.22 1.2633562316
840.23 0.97935841584
841.24 0.7624
842.43 0.81362016807
843.43 1.17359680639
844.44 0.97207142857
845.44 0.7894025974
846.44 1.07867332667
847.58 1.26667135325
848.68 0.91766757493
849.69 1.17527056492
850.69 1.4798961039
851.7 1.58234291378
852.83 1.17802477876
853.84 1.43815262636
854.92 1.15865185185
856.01 1.43889072544
857.14 1.55220530973
858.14 1.66503096903
859.2 1.14624482109
860.29 1.35622794118
861.37 1.21321223355
862.44 1.25133457944
863.47 1.3595184466
864.47 1.50121878122
865.47 1.24495504496
866.48 1.31634920635
867.53 1.03830095238
868.53 1.2350738523
869.54 1.25960753221
870.55 1.37696729435
871.7 0.93699478261
872.73 1.01662135922
873.73 1.2209740519
874.74 1.22384126984
875.93 1.05499159664
877.1 1.23427497865
878.11 0.90974826561
879.17 0.86597735849
880.25 0.73479259259
881.42 0.77267008547
882.42 0.97357142857
883.42 0.6979020979
884.44 0.60484396467
885.52 0.52425531915
886.53 0.93064271457
887.53 0.46734920635
888.56 0.53762487852
889.6 0.38935384615
890.61 0.1305498008
894.54 0.01473170732
895.55 0.2706231454
896.98 0.2493034965
898.02 0.51534615385
899.03 0.52062636274
900.04 0.11809297725
901.39 0.37439881394
902.53 0.52840666082
903.61 1.11897037037
904.62 0.97530227948
905.63 0.77598415842
906.64 0.7358019802
907.73 0.56553620532
908.87 0.57118173837
909.89 0.50428235294
911.91 0.15560238569
931.6 0.01647768469
932.62 0.19312941176
933.64 0.47742745098
934.66 0.49139607843
935.67 0.54638415842
936.68 0.57386138614
937.68 0.63514085914
938.7 0.45742100098
939.82 0.60493571429
940.82 0.73113286713
941.83 0.77481070367
942.85 0.81145098039
943.95 0.56050181818
944.95 0.75461338661
945.96 0.7384975223
946.97 0.77142178218
947.98 0.70726013848
949.14 0.58524245039
950.15 0.7249980198
951.22 0.56254205607
952.52 0.10051533742
953.53 0.52421094527
954.55 0.65449411765
955.57 0.5164
956.62 0.45239200761
957.63 0.59065213082
958.64 0.68302574257
959.68 0.4682
960.69 0.36595643564
961.7 0.55615841584
962.76 0.44395845137
963.81 0.59410285714
964.82 0.51550891089
965.84 0.57135686275
966.86 0.58163137255
968.02 0.53435862069
969.03 0.69963131814
970.04 0.67576656775
971.06 0.70458039216
972.07 0.69952475248
973.09 0.78977473066
974.1 0.579567889
975.11 0.84826164519
976.2 0.66000733945
977.22 0.79696470588
978.22 0.81118881119
979.23 0.58480079286
980.24 0.8571960396
981.33 0.6416587156
982.34 0.74525940594
983.36 0.61251764706
984.46 0.47605090909
985.48 0.68304313725
986.53 0.8191877979
987.57 0.7709740634
988.58 1.06771485149
989.74 0.82736842105
990.75 0.98445103858
991.82 0.76634018692
992.88 0.90669433962
994.12 0.79633548387
995.13 0.80918929633
996.2 0.56909906542
997.39 0.71351260504
998.63 0.69667042707
999.65 0.79532090285
1000.72 0.54659943978
1001.73 0.74791674926
1002.74 0.76835643564
1003.79 0.59704380952
1004.8 0.85996831683
1005.9 0.58064
1006.91 0.77389306931
1008.11 0.5682131557
1009.11 0.72709433962
1010.2 0.66157710065
1011.21 0.90392079208
1012.38 0.55564756202
1013.51 0.23745132743
1014.53 0.81543529412
1015.54 0.5192950495
1016.62 0.56777777778
1017.89 0.49098582677
1018.9 0.64581386139
1020.18 0.28698125
1021.18 0.56425124626
1022.19 0.68964448858
1023.2 0.67137425743
1024.21 0.70185346535
1025.23 0.67777254902
1026.32 0.50201100917
1027.32 0.68712175649
1028.33 0.77782720953
1029.37 0.56093846154
1030.39 0.76213333333
1031.52 0.44014867257
1032.53 0.63175662414
1033.74 0.51100749376
1034.75 0.60555247525
1035.77 0.60850196078
1036.78 0.61935841584
1037.79 0.62771485149
1038.8 0.67478811881
1039.81 0.65093861386
1040.83 0.58521568627
1041.88 0.39895619048
1042.89 0.55175445545
1043.9 0.45636435644
1044.96 0.43320754717
1046.02 0.45310383536
1047.07 0.46074927954
1048.07 0.45554806739
1049.09 0.34377165354
1050.18 0.36615722121
1051.19 0.52166037736
1052.19 0.44553539382
1053.21 0.42751335312
1054.32 0.41745585586
1055.5 0.44517966102
1056.52 0.3100952381
1057.53 0.41545654346
1058.55 0.37248590865
1059.57 0.53042136499
1060.61 0.43200769231
1061.85 0.45563490793
1062.86 0.52085629336
1063.87 0.50927524752
1064.9 0.35276893204
1065.91 0.43342574257
1066.93 0.32208627451
1067.95 0.39698823529
1069.02 0.21134205607
1070.03 0.34674059406
1071.05 0.35407058824
1072.07 0.21190588235
1073.11 0.26307692308
1074.13 0.26476078431
1075.14 0.93357072206
1076.23 0.77238165138
1077.24 1.18967690783
1078.38 0.5085122807
1079.4 1.03670588235
1080.42 0.68379607843
1081.58 0.32209655172
1082.61 0.64290203686
1083.62 1.02825346535
1084.79 0.51083661249
1085.8 0.74752475248
1086.81 0.68023762376
1087.81 0.74254545455
1088.82 0.69626957384
1089.86 0.52596349664
1090.87 0.96363924678
1091.89 0.60995294118
1092.91 0.40240784314
1094.11 0.37604666667
1095.12 0.60716039604
1096.15 0.71806789525
1097.37 0.45186229508
1098.4 0.62606025267
1099.42 0.3691372549
1100.6 0.22858305085
1101.61 0.23862041625
1102.68 0.1665210084
1103.77 0.13052477064
1104.8 0.1168776699
1105.85 0.10422857143
1106.91 0.0964305949
1107.91 0.1311968032
1108.95 0.18959769009
1109.97 0.16181782566
1111.1 0.27456510186
1112.1 0.37172427572
1113.12 0.32541707556
1114.13 0.32882294758
1115.15 0.4563218842
1116.19 0.35856923077
1117.32 0.29280282935
1118.33 0.29285232904
1119.34 0.26061660079
1120.36 0.3522747792
1121.37 0.48684356436
1122.38 0.52017425743
1123.4 0.65556862745
1124.41 0.47331746032
1125.41 0.58288911089
1126.43 0.43238431373
1127.45 0.5115270936
1128.46 0.5208591133
1129.63 0.35381880342
1130.65 0.5542331048
1131.85 0.4387322769
1132.91 0.51940433553
1133.92 0.6583468781
1134.92 0.5506013986
1135.93 0.45408919722
1137.01 0.42484444444
1138.03 0.48235063663
1139.04 0.15499702676
1140.09 0.44230637488
1141.1 0.52105450942
1142.13 0.3168776699
1143.15 0.29407247796
1144.17 0.46181746811
1145.2 0.19876624636
1146.21 0.29285232904
1147.5 0.14627591582
1148.5 0.90937040715
1149.65 0.53906457243
1150.66 0.60585404339
1151.69 0.74244034918
1152.7 1.01709415263
1153.7 0.81123676324
1154.72 0.96343529412
1155.72 1.05155644356
1156.81 0.71933884298
1157.83 0.85375466143
1158.9 0.48906168224
1159.92 0.61949019608
1160.93 0.58312166172
1161.96 0.4483654033
1162.98 0.42043137255
1163.99 0.36811881188
1165.09 0.37194530538
1166.11 0.42791788856
1167.13 0.31817254902
1168.15 0.48605680705
1169.16 0.57999603568
1170.17 0.65267326733
1171.17 0.77081318681
1172.48 0.28357862595
1173.49 0.60113492063
1174.5 0.48467326733
1175.52 0.56127843137
1176.55 0.65863300971
1177.71 0.69506125971
1178.71 0.75938461538
1179.92 0.55322975207
1180.92 0.86687712288
1181.93 0.87263366337
1182.94 0.9190802775
1183.95 0.87993663366
1184.95 0.62466333666
1186.06 0.73435527502
1187.07 0.95889108911
1188.09 0.61268560235
1189.1 0.66788503469
1190.11 0.51877106046
1191.11 0.41879441118
1192.18 0.33039476146
1193.34 0.33962822719
1194.55 0.31481456954
1195.58 0.36160932945
1196.73 0.14696964441
1197.74 0.23885714286
1198.9 0.19275237274
1199.91 0.36804747774
1200.92 0.3571456888
1201.92 0.37996403596
1202.94 0.42959764475
1204.1 0.18857536606
1205.13 0.27572093023
1206.14 0.16435352532
1207.17 0.42418604651
1208.21 0.27000769231
1209.22 0.29676984127
1210.26 0.39987692308
1211.28 0.26294384236
1212.31 0.22205217391
1213.35 0.15721037464
1214.42 0.18427689429
1215.59 0.11202735043
1216.61 0.55953770813
1217.64 0.47330485437
1218.67 0.40935276968
1219.68 0.50556831683
1220.69 0.46656633663
1221.72 0.29712621359
1222.8 0.34825185185
1223.83 0.40336760427
1224.84 0.23409316155
1225.87 0.29932427184
1226.88 0.40091881188
1227.89 0.27351287129
1228.93 0.25255384615
1229.95 0.16096470588
1230.96 0.19504158416
1232.21 0.1689856
1233.32 0.23705415162
1234.34 0.17083317073
1235.36 0.16632283465
1236.45 0.20080733945
1237.48 0.1168776699
1238.63 0.04238608696
1239.66 0.14875339806
1240.67 0.21671287129
1241.69 0.2622745098
1242.7 0.26242376238
1243.74 0.40026179018
1244.74 0.2967032967
1245.76 0.65488627451
1246.77 0.47676039604
1247.8 0.42118834951
1248.81 0.32236039604
1249.83 0.3651372549
1250.85 0.38465882353
1251.88 0.4892361516
1252.94 0.41049575872
1254.15 0.7367338843
1255.16 0.84601783944
1256.18 0.5568047105
1257.18 0.40337848606
1258.23 0.22995988539
1259.32 0.1306446281
1260.5 0.14361355932
1262.24 0.06914646755
1263.28 0.43758461538
1264.69 0.17087863733
1265.82 0.25410433245
1266.85 0.25525364431
1267.86 0.40091881188
1268.88 0.48168462292
1270.07 0.31714957983
1271.11 0.42132820019
1272.15 0.31741786744
1273.17 0.33261176471
1274.18 0.42059405941
1275.18 0.35619161677
1276.2 0.5708976378
1277.21 0.54101386139
1278.22 0.51359207921
1279.22 0.63550849151
1280.23 0.5937029703
1281.25 0.61362119725
1282.25 0.67455744256
1283.25 0.74867397807
1284.28 0.50205068226
1285.32 0.37559230769
1286.33 0.37676831683
1287.33 1.16972627373
1288.33 0.88958882236
1289.34 1.13092779426
1290.5 0.87506147186
1291.5 0.92532267732
1292.52 0.60313248283
1293.53 0.65186534653
1294.68 0.70751304348
1295.69 0.74418217822
1296.7 0.64445940594
1297.71 0.31423366337
1298.78 0.20278878505
1299.81 0.46705722599
1300.82 0.34124083251
1301.89 0.33434328358
1302.89 0.37172427572
1303.9 0.63350148957
1305.05 0.5666875
1306.07 0.80628683694
1307.12 0.75962666667
1308.12 1.04995804196
1309.13 0.83956392468
1310.13 0.96125349301
1311.21 1.06729499072
1312.34 1.07529453263
1313.46 1.09174193548
1314.59 1.07275044248
1315.6 1.13571485149
1316.62 1.1778745098
1317.75 1.27796814159
1318.76 1.00416633663
1319.77 1.10251089109
1320.92 0.97713391304
1321.94 1.20853333333
1323.13 1.23079093199
1324.14 1.50967690783
1325.26 1.13323571429
1326.39 1.02427610619
1327.51 0.96575714286
1328.62 0.93078918919
1329.73 1.0313009009
1331.2 0.79586938776
1332.2 1.20847952048
1333.22 0.85598429833
1334.23 0.85257703631
1335.25 0.60723137255
1336.26 0.76006336634
1337.27 0.7281029703
1338.34 0.52436295603
1339.52 0.58239322034
1340.53 0.52392079208
1341.54 0.41134718101
1342.58 0.36530510106
1343.59 0.48563960396
1344.61 0.57690891283
1345.63 0.35922276742
1346.63 0.53045354645
1347.66 0.50589698737
1348.67 0.34515643564
1349.7 0.35063300971
1350.77 0.14029158879
1351.78 0.77961980198
1352.78 0.98709290709
1353.79 0.76130822597
1354.88 0.71649908257
1356.07 0.92816906171
1357.08 1.00853596059
1358.08 0.78341716567
1359.09 0.96807928642
1360.09 0.72366033966
1361.16 0.75039101964
1362.34 0.69146147333
1363.45 0.7451963964
1364.46 0.78227948464
1365.47 0.74116716123
1366.48 0.8920950495
1367.49 0.88511683168
1368.51 0.89142296369
1369.6 0.83882051282
1370.61 1.17492857143
1371.62 0.86847082097
1372.78 0.74711302847
1374.01 0.9172097561
1375.02 1.09330959446
1376.11 0.96148393021
1377.12 0.94817839445
1378.12 0.96973426573
1379.13 0.76427353816
1380.13 0.96488311688
1381.25 0.68794280608
1382.26 0.82336570862
1383.27 0.85685544554
1384.4 0.72543236074
1385.41 0.91322893954
1386.58 0.78908034188
1387.6 1.02282352941
1388.8 0.60625333333
1389.81 1.05953267327
1390.88 0.74530841121
1391.88 0.78125623131
1392.89 0.88738828203
1393.92 0.86836504854
1395.07 0.9146573913
1396.08 1.0543049505
1397.08 1.06236963037
1398.08 1.02356843157
1399.08 1.21974025974
1400.19 0.79399457995
1401.38 0.8578487395
1402.48 1.03429090909
1403.48 1.07299001996
1404.49 1.04146031746
1405.5 0.94638415842
1406.59 1.11627889908
1407.8 1.0857700579
1408.8 1.44135728543
1409.82 1.00822812193
1410.83 0.84478733927
1411.84 1.26672745292
1412.84 0.85199201597
1413.85 0.44120754717
1414.85 0.81316283716
1415.86 0.67840792079
1417.04 0.70750211685
1418.22 0.94059762309
1419.23 1.0903264095
1420.42 0.81904537815
1421.42 1.11816983017
1422.44 0.71982711198
1423.44 0.91848951049
1424.63 0.77096719933
1425.88 0.8210263789
1426.89 0.84380574827
1427.92 0.58695145631
1428.94 0.85785098039
1429.95 0.5443009901
1430.96 0.38883168317
1432.14 0.47694237288
1433.4 0.70766984127
1434.44 0.64949087416
1435.45 0.67640832507
1436.46 0.67954896142
1437.47 0.82607524752
1438.61 0.72333625988
1439.61 0.74061138861
1440.62 0.83624975223
1441.77 0.62806602954
1442.99 0.88433442623
1443.99 1.23562037962
1445.04 0.8872907531
1446.05 1.11469573835
1447.06 0.6548039604
1448.08 0.80455686275
1449.1 0.55958431373
1450.11 0.84703366337
1451.34 0.57760650407
1452.86 0.59598947368
1453.87 0.99394059406
1454.88 0.62342970297
1455.9 0.70830588235
1457.08 0.47962711864
1458.11 0.53331778426
1459.12 0.4176
1460.27 0.80041043478
1461.28 0.99371089109
1462.28 1.07475724276
1463.29 1.01932210109
1464.39 0.94887272727
1465.44 1.07510857143
1466.54 0.95014545455
1467.62 0.99021481481
1468.71 0.95004036697
1469.73 0.83778039216
1470.99 0.85642539683
1471.99 0.97029370629
1473.21 1.1020902379
1474.45 0.98728387097
1475.69 0.83443225806
1476.91 0.68853770492
1477.92 0.68197032641
1478.93 0.45580952381
1480.13 0.5854
1481.13 0.76310889111
1482.27 0.74060350877
1483.28 0.45653914767
1484.31 0.72029514563
1485.34 0.7057631068
1486.34 0.64373439049
1487.4 0.40930566038
1488.41 0.7678961039
1489.46 0.66052502361
1490.48 0.74442352941
1491.49 0.73207128713
1492.5 0.67117542121
1493.67 0.54894619983
1494.69 0.70029440628
1495.69 1.0358041958
1496.7 0.94881918082
1497.75 1.08154399243
1498.93 1.01344623201
1500.02 1.19842201835
1501.07 1.11264761905
1502.08 1.17678571429
1503.09 1.16316039604
1504.1 1.22873663366
1505.1 1.0288991009
1506.11 1.31898613861
1507.33 1.01560591133
1508.33 1.28536526946
1509.34 1.29891774034
1510.34 1.30067532468
1511.5 1.41643523316
1511.57 2.15563636364
