1.01 0.67048071217
2.03 2.46534769833
3.15 1.43371735242
4.15 1.26784415584
5.31 1.06979119931
6.31 1.19003396603
7.42 1.29091891892
8.42 1.24537862138
9.45 1.29024902724
10.78 0.74839699248
11.78 1.05011788212
12.92 1.00595267309
14.03 1.24709025271
15.03 1.43311088911
16.06 1.31555296404
17.06 1.08785614386
18.11 1.066
19.11 0.74535064935
20.13 0.80921568627
21.14 0.79325148515
22.16 0.59599607458
23.29 0.37756460177
24.37 0.28373333333
25.52 0.2245426087
26.55 0.31875728155
27.56 0.47672079208
28.57 0.56380990099
29.59 0.29243137255
30.65 0.49629433962
31.65 0.30582035928
32.67 0.38546168959
33.69 0.72466666667
34.7 0.73394059406
36.02 0.19892727273
37.04 0.39436862745
38.06 0.38625882353
39.26 0.36530666667
40.29 0.40775992256
41.45 0.45239757995
42.78 0.26331428571
43.85 0.2904
44.86 0.19504158416
46.04 0.48410847458
47.05 0.95543762376
48.07 0.80992156863
49.12 0.77497142857
50.13 0.60914851485
51.14 0.99386138614
52.16 0.74629019608
53.3 0.63524210526
54.32 0.93322080471
55.33 0.78403956479
56.34 0.92805544554
57.35 0.9641980198
58.56 0.58054876033
59.57 0.98827777778
60.57 0.90734065934
61.58 0.78144697721
62.59 0.85637227723
63.59 1.17886913087
64.76 0.66931965812
65.77 0.50977998018
66.97 0.19895594347
67.99 0.7248172888
69.06 0.78752478952
70.23 0.71046837607
71.25 0.80376470588
72.25 0.65110269192
73.26 0.60717296223
74.4 0.49750175439
75.68 0.1539
76.7 0.52272156863
77.71 0.52991683168
78.72 0.49306138614
79.73 0.78718415842
80.75 0.57749019608
81.77 0.59570980392
82.79 0.27895686275
83.8 0.53633267327
84.8 0.72221378621
85.81 0.52618613861
86.83 0.41575662414
87.84 0.83375841584
88.84 0.62324075924
89.87 0.55661030126
90.91 0.19993846154
91.93 0.21205490196
92.95 0.4216627451
94.03 0.41543755782
95.04 0.67744697721
96.05 0.54681980198
97.07 0.83072156863
98.23 0.83035862069
99.24 1.09916039604
100.25 1.04719207921
101.26 0.96271683168
102.26 0.68710578842
103.28 0.72451866405
104.29 0.40983762376
105.3 0.28451485149
106.31 0.7048
107.32 0.76736633663
108.49 0.49301451751
109.5 0.71306243806
110.65 0.64232347826
111.66 0.70379405941
112.67 0.69203952569
113.68 0.75725396825
114.7 0.43163137255
115.71 0.63192871287
116.71 0.57612787213
117.72 0.58035282458
118.74 0.35578039216
119.76 0.25775858685
120.83 0.17082352941
122.46 0.24155092025
123.48 0.77689411765
124.49 0.67044114738
125.71 0.67682758621
126.71 0.74575024975
127.72 0.67020990099
128.85 0.12710954064
129.86 0.46038095238
130.88 0.66304313725
131.98 0.69545454545
132.99 0.77934718101
134.0 0.85469177403
135.04 0.83167692308
136.09 0.59964190476
137.11 0.44924705882
138.12 1.03667326733
139.13 0.91145292369
140.15 0.93334117647
141.19 1.10565384615
142.24 1.06772571429
143.32 1.00522222222
144.4 0.90254814815
145.41 0.63046488625
146.42 0.57335952849
147.43 0.4438019802
148.55 0.42672142857
149.56 0.66153046953
150.57 1.1319248269
151.66 0.68322497704
152.67 0.7020589391
153.86 0.65779345088
154.87 0.51965148515
155.92 0.14605910391
157.63 0.07687507331
158.79 1.33577873812
159.8 1.40774877331
160.96 1.05745517241
161.97 1.21633300297
163.15 1.04165283658
164.16 1.21768712871
165.3 0.97167719298
166.31 1.08343310208
167.72 0.75413749114
168.73 0.54178217822
169.74 0.76008791209
170.74 1.12123876124
171.74 0.86872691162
172.84 0.86711716621
173.86 1.25463395486
175.09 0.82620308692
176.11 1.38214836795
177.11 1.06419047619
178.28 0.66930598291
179.28 0.49310689311
180.29 0.61745887017
181.3 0.66873663366
182.31 0.46955247525
183.32 0.49460594059
184.33 0.45312475248
185.52 0.48989579832
186.54 0.92822722821
187.69 0.99748651001
188.77 1.01068148148
189.91 1.0465907099
190.92 1.0942160555
192.1 0.72112542373
193.12 0.84424313725
194.14 0.74774484789
195.15 0.71203956479
196.22 0.4949682243
197.24 0.65229803922
198.26 0.20385882353
199.31 0.2003508103
200.92 0.19712795031
201.92 0.46517482517
202.93 0.60246336634
203.95 0.40509519136
205.13 0.16694237288
206.15 0.75348235294
207.15 1.12592207792
208.26 1.04693958521
209.31 0.75592380952
210.49 0.81661694915
211.5 1.0067009901
212.51 1.21507326733
213.51 1.19531337325
214.52 1.09216666667
215.52 1.24288511489
216.53 1.08145887017
217.66 0.97391150442
218.67 1.0935049505
219.68 1.2096950495
220.81 0.86174867257
221.82 1.1940990099
223.05 0.93963577236
224.09 1.11256923077
225.12 1.26445869776
226.12 1.17052547453
227.13 1.11835877106
228.13 1.02743656344
229.13 0.96492307692
230.14 1.18546031746
231.14 1.09205994006
232.15 1.12073663366
233.16 0.89192079208
234.17 0.51768483647
235.19 0.83065230167
236.2 1.03008126858
237.2 1.0759760479
238.37 0.99019178082
239.54 1.26562051282
240.69 1.36853518679
241.7 1.10806336634
242.77 0.90544299065
243.78 1.10601980198
244.79 0.99984158416
245.79 0.96525874126
246.8 0.87369672944
247.82 0.93170196078
248.83 1.0614019802
249.84 1.02026560951
250.86 0.88150736016
251.86 0.80553846154
252.99 0.92904871568
254.15 0.96310766581
255.39 1.0812
256.51 0.90540125112
257.51 1.17263536464
258.51 0.99511688312
259.73 0.84868908942
260.73 1.16487512488
261.75 1.11615309127
262.76 1.15006732673
263.77 1.07290386521
264.79 0.85811557297
265.94 0.99448563969
266.95 1.19023366337
267.96 0.99665281899
269.1 0.94255311677
270.1 1.18273726274
271.1 1.0932027972
272.11 1.01098116947
273.27 0.86853494392
274.27 1.19887312687
275.28 1.00011100099
276.68 0.80200428266
277.69 1.01401783944
278.82 0.84894159292
280.02 1.07913333333
281.19 1.0000957265
282.33 0.96945964912
283.37 0.98931027858
284.53 0.91124072476
285.72 0.96345164003
286.81 0.94330275229
287.82 0.94857029703
288.83 0.71406732673
289.86 0.9057631068
290.87 0.75494945491
291.9 0.43512706111
292.91 0.57330693069
294.03 0.71383571429
295.09 0.88658113208
296.1 1.03867591675
297.28 1.14271755725
298.28 1.39669130869
299.47 0.90841680672
300.61 0.81485614035
301.82 1.13722975207
302.83 1.20458613861
303.84 0.76345796241
304.84 0.86651246261
305.84 1.2022994012
306.85 1.12047808765
307.85 1.06036363636
308.95 0.63413284804
309.96 0.74163960396
310.96 0.411996004
311.98 0.41625122669
312.99 0.46859068385
314.03 0.31538904899
315.13 0.11872463768
323.19 0.00617401018
324.28 0.47464711274
325.29 0.62855445545
326.34 0.65480380952
327.59 0.8055104
328.59 1.00529070929
329.59 1.35446953047
330.6 1.30773015873
331.82 1.12869565217
332.84 1.21822526934
333.94 1.11697454545
334.95 1.24405544554
335.97 1.26814901961
336.98 1.29866138614
337.98 1.29943656344
338.99 1.18846825397
340.01 0.9661194907
341.01 1.28178221778
342.27 0.9269070691
343.27 1.30682634731
344.33 0.97870955535
345.33 1.18135464535
346.33 1.1808031968
347.35 1.11747988224
349.26 0.31206698064
350.4 0.08655184534
351.46 0.25500377358
352.47 0.41134718101
353.48 0.62684638256
354.48 0.99635564436
355.64 0.89608965517
356.66 1.14700097943
357.66 1.34297702298
358.66 1.2339020979
359.74 1.24656638812
360.9 0.8051354616
361.96 0.84154716981
363.1 0.86767719298
364.1 1.1802037962
365.2 0.98476433121
366.21 1.28765182987
367.22 0.87496031746
369.36 0.09200934143
370.46 0.08954181818
371.56 0.10842181818
372.74 0.48844067797
373.75 0.72822970297
374.77 0.49245401174
375.79 0.47376817289
376.81 0.44474045054
377.84 0.56023323615
378.94 0.49405090909
379.96 0.54950588235
381.0 0.48452743022
382.01 0.28279327399
383.31 0.32604307692
384.4 0.47910458716
385.41 0.62319207921
386.43 0.43990588235
387.5 0.18222056075
388.58 0.58368917669
389.6 1.05361334642
390.71 1.05602166065
391.71 1.27045908184
392.72 1.2948039604
393.72 0.97995219124
394.73 1.02112922465
395.86 0.7241840708
396.87 1.1111049505
398.09 0.81842622951
399.26 1.20341880342
400.27 0.99803174603
401.27 0.93552847153
402.28 0.96232309217
403.3 0.77747306562
404.33 0.34733656644
405.35 0.46037721022
406.55 0.74303333333
407.56 0.72178217822
408.59 0.58009320388
409.6 0.54648712871
410.62 0.63108325171
411.65 0.61941302235
412.66 0.39479841897
413.66 0.50015522388
414.67 0.42259009901
415.68 0.38713663366
416.75 0.37624672897
417.75 0.36079120879
418.78 0.29767930029
419.8 0.31115294118
421.18 0.19996521739
422.19 0.39756831683
423.21 0.19105190989
424.34 0.22404960142
425.37 0.19125436893
426.43 0.13434560907
432.26 0.01613584906
433.29 0.09553443259
434.68 0.13394384449
435.95 0.12915814319
437.0 0.07763584366
438.04 0.10336923077
439.07 0.19125436893
440.31 0.28957937147
441.37 0.17568271955
442.4 0.12737924345
443.42 0.21479882237
444.57 0.09049043478
445.59 0.16094117647
446.97 0.16653913043
447.98 0.17181782178
448.99 0.32506930693
451.51 0.03474285714
452.72 0.15202644628
454.73 0.11434029851
455.8 0.15356407858
456.81 0.37584158416
457.82 0.39013861386
458.94 0.50302770331
459.95 0.42259009901
461.14 0.16096134454
462.16 0.33261176471
463.86 0.13817283951
465.04 0.50505173876
466.1 0.24778867925
467.34 0.11464302981
468.79 0.21804137931
469.93 0.11530114135
471.35 0.21670372977
472.62 0.4274105595
473.65 0.44626019417
474.66 0.27611089109
475.69 0.27127061106
476.78 0.19094214876
477.84 0.18584150943
509.64 0.00068832353
510.64 0.3336983017
511.76 1.19697857143
512.9 1.41223157895
514.04 1.45682879719
515.04 1.61961238761
516.06 1.31920706575
517.22 1.44331438415
518.26 1.59130702599
519.3 2.04856923077
520.3 1.87784215784
521.32 1.75746954813
522.48 1.32675754961
523.65 2.1087042735
524.65 1.90136517413
525.74 1.62795198523
526.92 1.71662237174
527.93 1.92052747253
529.11 1.20557106812
530.13 1.24596636993
531.16 1.31042330097
532.16 1.33207936508
533.18 1.04543529412
534.19 1.15561980198
535.2 0.97421782178
536.27 1.007589169
537.41 0.97527655838
538.42 1.18958565737
539.53 1.91551971326
540.53 2.00637762238
541.55 2.09829244357
542.71 1.40402068966
543.77 1.8794269557
544.78 2.11972027972
545.98 1.07681456954
546.98 1.55480519481
547.99 1.51200799201
549.02 1.18810019268
550.02 1.35872927073
551.1 1.43521037998
552.16 1.40526792453
553.17 1.56537821782
554.18 1.41373689416
555.19 1.46222574257
556.2 1.51393406593
557.2 1.699996004
558.2 1.53365640516
559.3 1.41015272727
560.3 2.00286113886
561.35 1.51586653956
562.35 1.75878521479
563.36 1.62499100899
564.49 1.72004221636
565.5 1.55784767557
566.5 1.41680719281
567.51 1.98348051948
568.51 1.48567432567
569.51 1.45761271102
570.51 1.88327672328
571.71 1.41755462886
572.75 1.92182901057
573.79 1.82357692308
574.8 1.96648951049
575.89 1.33170856102
577.02 1.60889911504
578.32 1.19354580446
579.32 1.13006193806
580.32 1.57875724276
581.35 1.16533333333
582.36 1.25965510406
583.36 1.07790609391
584.57 0.71256906534
585.57 1.228995005
586.57 0.94235364635
587.58 0.56948651349
588.67 0.29979216044
589.67 1.04310578842
590.68 1.01776015857
591.69 1.09309018831
592.7 0.60806336634
593.7 0.56458741259
594.71 0.55087524752
595.72 0.8557938553
597.18 0.95188493151
598.19 0.95760792079
599.2 1.0022019802
600.2 0.81868263473
601.34 0.96653075571
602.59 1.06441566747
603.97 0.93575054387
605.03 1.01615849057
606.16 0.72608849558
607.24 0.78705185185
608.27 0.80006990291
609.41 0.70132631579
610.49 0.33842513863
611.51 0.49408251473
612.65 0.68780299033
613.72 0.84477912395
614.77 0.62655417066
616.51 0.09115693013
617.53 0.37552941176
618.53 0.68555444555
619.54 1.27527128713
620.67 1.40822674934
621.67 1.24911888112
622.87 0.84213155704
623.88 1.39523809524
624.97 1.17415045872
625.97 1.06040718563
626.98 0.97519761668
627.99 0.89395054402
628.99 0.88535464535
630.0 0.70105054509
631.02 0.85891764706
632.03 0.71363960396
633.03 1.19816183816
634.04 0.9752309217
635.08 0.93466923077
636.1 0.7703372549
637.21 0.83386666667
638.22 0.921728444
639.23 0.5279446093
640.24 0.6251258672
641.36 0.71282783229
642.55 1.02525714286
643.56 0.88864950495
644.57 0.53011485149
645.66 0.5783853211
646.67 0.59497821782
647.68 0.73787908821
648.69 1.05559643917
649.71 1.01089411765
650.72 0.92275916749
651.72 0.7451028971
652.74 0.90379607843
653.76 0.6586744868
654.98 0.43335526316
655.99 0.66371485149
656.99 0.74285714286
658.07 0.57566666667
659.09 0.93245142296
660.1 0.72176808722
661.11 0.8795009901
662.15 0.68013846154
663.18 0.8817631068
664.3 0.56117857143
665.31 0.66338217822
666.32 0.65920792079
667.33 0.61866138614
668.34 0.66222574257
669.44 0.74283015441
670.51 0.58073271028
671.61 0.46760727273
672.69 0.12879332715
673.72 0.26563106796
674.73 0.67617425743
675.74 0.57104950495
676.74 0.74147452547
677.95 0.63514309347
678.95 0.82550898204
679.96 0.72753174603
680.97 0.94437227723
681.97 0.8070969031
683.0 0.74204271845
684.01 0.87102477701
685.03 0.61404705882
686.03 0.7217022977
687.06 0.60978036929
688.06 0.82356843157
689.07 0.85286818632
690.28 0.31676033058
691.31 0.60525048544
692.35 0.4535
693.37 0.67595294118
694.38 0.57146031746
695.4 0.58336532811
696.6 0.27781333333
697.64 0.42092307692
698.67 0.3619184466
699.69 0.57717762512
700.7 0.59442927794
701.72 0.6485254902
702.74 1.06682352941
703.91 0.5911042735
704.93 0.84533594515
706.03 0.95596724295
707.03 0.91981618382
708.05 0.47721021611
709.06 0.25979821958
710.07 0.20862574257
711.08 0.27115956392
712.09 0.32542574257
713.09 0.64073526474
714.1 0.63166732673
715.11 0.30524479683
716.12 0.44486336634
717.16 0.45367915466
718.19 0.7912303207
719.2 0.58876831683
720.2 0.55758641359
721.22 0.3587124632
722.23 0.32451038576
723.65 0.30207323944
724.68 0.5206368932
725.7 0.5185254902
726.71 0.4746481665
727.74 0.54188737864
728.74 0.54961838162
729.75 0.64689108911
730.78 0.69171622935
731.81 0.4898407767
732.96 0.40218940052
733.98 0.39737782139
734.99 0.35678415842
736.07 0.3752962963
737.25 0.44896949153
738.39 0.46744561404
739.4 0.55527128713
740.42 0.63944313725
741.43 0.4521980198
742.44 0.48669306931
743.45 0.64193675889
744.47 0.59260451423
745.48 0.50285034688
746.5 0.56789019608
747.52 0.60260392157
748.53 0.55977821782
749.55 0.60224313725
750.55 0.80377222777
751.56 0.58947076313
752.65 0.41345321101
753.7 0.53714285714
754.71 0.78605940594
755.72 0.74192475248
756.73 0.70270891089
757.74 0.5475009901
758.76 0.40150588235
759.8 0.32014615385
760.8 0.6365954046
761.82 0.86425907753
762.84 0.57037647059
763.85 0.40098217822
764.86 0.26924876115
765.87 0.49311177052
766.98 0.42750990991
767.99 0.49843960396
769.0 0.51497821782
770.03 0.51952667313
771.05 0.53110107949
772.07 0.56694117647
773.08 0.64681188119
774.1 0.45281568627
775.12 0.59237684004
776.13 0.38472079208
777.14 0.34674059406
778.16 0.34062745098
779.18 0.55858823529
780.34 0.48969655172
781.51 0.42434188034
782.52 0.42300891972
783.53 0.43293465347
784.53 0.42646953047
785.54 0.6437185332
786.54 0.43692307692
787.57 0.46751067961
788.58 0.45939009901
789.59 0.53330426165
790.6 0.44442334322
791.63 0.51554695063
792.8 0.22522707798
793.83 0.38250873786
794.85 0.40829803922
795.87 0.38195093229
796.89 0.40847843137
798.04 0.4141773913
799.06 0.56354509804
800.07 0.52589515331
801.1 0.58745966958
802.12 0.51723921569
803.13 0.73932673267
804.14 0.6689980198
805.15 0.55940594059
806.16 0.56948910891
807.17 0.62815810277
808.19 0.51830588235
809.2 0.43413492063
810.22 0.55211764706
811.26 0.5178
812.28 0.56400784314
813.32 0.68510769231
814.32 0.81048959366
815.34 0.54108235294
816.35 0.51127128713
817.55 0.68316666667
818.69 0.75996491228
819.7 0.7064950495
820.77 0.74228785047
821.78 0.6691960396
822.79 0.71742657343
823.79 0.406160555
824.81 0.50665084075
825.81 0.50566501487
826.82 0.46183762376
827.84 0.53647058824
828.85 0.30522772277
829.86 0.54062737263
830.87 0.98725544554
831.89 0.97849562682
832.98 0.72997431193
834.15 0.94894358974
835.16 1.11992079208
836.17 1.2643009901
837.37 1.05664666667
838.38 0.97142178218
839.39 0.85202376238
840.4 0.92117227723
841.41 0.77774225774
842.51 0.80797835888
843.54 0.90182524272
844.73 0.65754621849
845.76 0.38833819242
846.82 0.48588124411
847.98 0.69504827586
849.01 0.73137864078
850.02 0.58856237624
851.03 0.87227972028
852.17 0.67714285714
853.19 0.34334117647
854.2 0.23017641229
855.33 0.33461238938
856.35 0.46091283056
857.36 0.53392475248
858.39 0.48424854369
859.42 0.41409708738
860.43 0.4651009901
861.44 0.6956432111
862.46 0.54817254902
863.47 0.60411881188
864.48 0.36841188119
865.49 0.35401980198
866.51 0.32070519099
867.52 0.49843960396
868.54 0.33472031403
869.57 0.24438058252
870.6 0.23851650485
871.77 0.42092307692
872.79 0.27795294118
873.81 0.23604705882
875.01 0.17672666667
876.03 0.23627870461
877.04 0.23814836795
878.19 0.14699130435
879.22 0.12750291262
880.23 0.17337029703
881.23 0.24052747253
882.25 0.22131501472
883.29 0.34726153846
884.31 0.16795294118
885.34 0.233528613
886.36 0.14481568627
887.4 0.28439653513
888.41 0.23620594059
889.44 0.31875728155
890.46 0.31570980392
891.49 0.41396504854
892.51 0.3550745098
893.65 0.4128
894.68 0.22940582524
895.69 0.29154059406
896.7 0.31231683168
897.87 0.22617435897
898.93 0.23746415094
900.54 0.08166479751
901.71 0.26914723404
902.74 0.1700038835
903.76 0.22531764706
904.78 0.27290196078
905.82 0.31569230769
906.82 0.1492027972
907.85 0.26588921283
908.94 0.20888807339
909.97 0.20187961165
911.0 0.21250485437
912.05 0.1825447619
913.11 0.25835694051
914.12 0.16253465347
915.15 0.13812815534
916.21 0.10346415094
917.33 0.10748571429
918.34 0.47629673591
919.35 0.45649157582
920.36 0.35966732673
921.53 0.36794529915
922.54 0.41175445545
923.59 0.33098666667
924.69 0.31064
925.73 0.31569230769
926.74 0.31324356436
927.76 0.55792941176
928.77 0.44551287129
929.78 0.66097425743
930.81 0.3447223301
931.87 0.48018867925
932.9 0.45286213592
933.91 0.6009029703
934.93 0.59107360157
935.95 0.7556043095
937.0 0.61657959962
938.0 0.72114285714
939.01 0.73222178218
940.02 0.63181764123
941.06 0.44374255524
942.08 0.37552941176
943.14 0.14972075472
944.16 0.23627870461
945.18 0.16241568627
946.22 0.1682074928
947.26 0.25279692012
948.29 0.31470565302
949.31 0.4320625
950.35 0.38935384615
951.38 0.2196038835
952.38 0.36079120879
953.39 0.63513974232
954.41 0.5314799609
955.42 0.72498412698
956.42 0.73105294705
957.43 0.88845193261
958.46 0.68943051506
959.49 0.63193009709
960.5 0.64091881188
961.53 0.42253980583
962.55 0.48399215686
963.56 0.45074059406
964.74 0.34603389831
965.78 0.30516923077
966.78 0.39116883117
967.8 0.43053974485
968.82 0.32382745098
969.86 0.19993846154
971.0 0.18880701754
972.01 0.4550970297
973.03 0.55429019608
974.13 0.48273454545
975.14 0.65013861386
976.15 0.54541782178
977.3 0.94219826087
978.3 1.01842957043
979.41 0.789374211
980.48 0.86526984127
981.53 0.96321067684
982.55 0.95078312071
983.56 0.94870820969
984.92 0.92645768948
985.93 0.99244356436
986.96 0.80211262136
987.96 1.26676523477
988.96 1.29318681319
989.98 1.08178999019
990.98 1.31276723277
991.99 0.97287301587
993.0 0.96944950495
994.0 0.87216783217
995.01 1.45902874133
996.19 1.03500338983
997.2 1.18055445545
998.21 1.16227326733
999.21 1.19625974026
1000.36 1.15754917319
1001.37 1.32544158416
1002.37 1.15438961039
1003.38 1.34051932607
1004.39 1.23733597621
1005.52 1.0605198939
1006.53 0.98777029703
1007.54 1.02178790882
1008.69 1.18341125541
1009.7 1.19706560636
1010.72 0.80426666667
1011.73 0.70524356436
1012.92 0.98879327731
1014.08 1.08804137931
1015.1 1.00247301276
1016.23 0.93066666667
1017.23 1.42188211788
1018.24 1.04251587302
1019.24 0.96430769231
1020.25 0.71606739346
1021.26 0.59230891089
1022.45 0.47592605042
1023.48 0.64469902913
1024.5 0.80730980392
1025.5 0.76775224775
1026.51 0.90699405941
1027.53 0.40472620216
1028.58 0.18051047619
1029.74 0.39295862069
1030.75 0.42259009901
1031.78 0.35063300971
1035.58 0.01907368421
1040.72 0.02555019455
1041.75 0.32938252427
1042.79 0.5128
1043.83 0.41187692308
1044.84 0.39008316832
1055.16 0.00908284081
1056.17 0.84488404361
1057.17 0.84803196803
1058.39 0.81487776866
1059.41 0.91111372549
1060.42 0.80473339941
1061.55 0.57069257951
1062.56 0.7575579782
1063.78 0.59966557377
1064.79 0.80731089109
1065.88 0.52477798165
1066.89 0.74383366337
1067.9 0.74085544554
1069.01 0.76114491449
1070.05 0.81030221367
1071.08 0.5136776699
1072.12 0.62247545717
1073.13 0.66840039643
1074.13 0.6647744511
1075.36 0.78723778502
1076.37 0.58504347826
1077.59 0.61705004102
1078.73 0.80812642669
1080.05 0.76201212121
1081.06 0.93418001978
1082.12 0.72012075472
1083.34 0.95564590164
1084.41 0.99736576239
1085.51 0.96652229299
1086.67 0.92194315245
1087.73 1.05154296506
1088.75 1.12867384917
1089.76 1.12665213082
1090.76 1.22094705295
1091.77 1.21026759167
1092.77 1.30740578265
1093.77 1.1139780658
1094.78 1.0976
1095.78 1.08327345309
1096.97 0.83045661331
1097.97 0.9928951049
1098.98 1.2635009901
1100.14 0.89058153581
1101.14 1.14728471528
1102.15 1.21283647175
1103.15 1.21069330669
1104.16 1.21818037661
1105.16 1.13296716418
1106.28 1.23276053812
1107.39 0.85697297297
1108.4 1.07161226508
1109.47 1.26198690365
1110.7 1.33892445167
1111.7 1.13455344655
1112.76 0.74347826087
1113.76 1.24811188811
1114.76 1.18520679321
1115.89 0.89757168142
1116.9 1.18596031746
1117.9 1.24018235877
1119.1 0.91092
1120.11 1.07136063936
1121.23 0.94138571429
1122.4 0.87926039016
1123.42 0.93503529412
1124.66 0.81217419355
1125.9 0.79387741935
1126.91 1.21808591409
1127.91 1.06623587711
1128.93 1.07181176471
1130.1 0.88675555556
1131.12 1.09370524233
1132.13 1.17447920792
1133.15 0.79719066148
1134.16 0.49794658754
1135.17 0.85055744256
1136.25 1.00797061524
1137.26 1.17031287129
1138.27 0.9000950495
1139.28 1.25975445545
1140.29 0.89934197408
1141.29 1.13348707753
1142.31 0.84065817826
1143.46 0.87863652174
1144.62 0.95748275862
1145.82 0.85332
1146.85 0.77925171401
1147.86 0.56619075713
1148.88 0.37588246817
1149.89 0.57379502488
1150.99 0.91871131222
1152.19 1.16232666667
1153.23 0.97311538462
1154.24 0.97169535114
1155.25 1.00027750248
1156.25 1.04036763237
1157.26 1.00899108028
1158.27 0.96704856293
1159.36 1.09743853211
1160.57 0.91541818182
1161.78 1.03248264463
1162.91 0.88817683466
1164.13 0.92289180328
1165.14 1.05143762376
1166.15 0.91096207585
1167.15 0.88040516385
1168.2 1.09471360609
1169.2 1.1962997003
1170.25 1.19277025739
1171.31 1.13433805477
1172.31 1.15685914086
1173.35 1.14580173244
1174.49 1.26675789474
1175.5 1.02482294758
1176.51 0.99513974232
1177.51 1.29751048951
1178.68 0.97876239316
1179.72 1.40949230769
1180.72 1.81693506494
1181.73 1.24829365079
1182.73 1.23280719281
1184.06 0.54213393529
1185.06 1.02314485514
1186.07 0.94296414343
1187.04 1.04324435318
