1.02 0.86842352941
2.18 2.86646683893
3.24 1.62443018868
4.27 1.34190291262
5.27 1.54089110889
6.29 1.54187033399
7.37 1.15197779833
8.38 1.71386930693
9.39 1.75641625372
10.4 1.68135311573
11.58 1.7233220339
12.75 1.66557399487
13.87 1.605
14.87 1.60270929071
16.11 0.99382082324
17.18 1.07998504673
18.28 0.94802909091
19.45 0.43092649573
20.46 0.99531089109
21.47 1.23700890208
22.48 0.86499108028
23.48 0.83152047952
24.5 1.08812561335
25.51 0.74373069307
26.63 0.73279857398
27.79 0.8646148532
28.85 1.00323163842
29.87 1.05082352941
30.88 1.1786031746
31.89 1.06374653465
32.93 0.97150769231
34.11 1.06331525424
35.12 1.18446169154
36.2 1.42651428571
37.23 1.40292815534
38.24 1.22478415842
39.27 1.17755339806
40.28 0.3683012884
41.28 0.66253746254
42.28 0.98499100899
43.3 1.00884789009
44.31 0.85757623762
45.32 1.12240792079
46.4 1.42511111111
47.41 1.39371881188
48.41 1.44288511489
49.46 1.09044041945
50.46 0.88007992008
51.71 0.69763330665
52.72 0.89711793855
53.73 0.95300594059
54.75 0.92378823529
55.76 1.3039049505
56.78 0.92281059863
57.8 1.07521253673
58.8 1.63717082917
59.93 0.93675244011
60.94 1.23360792079
62.14 0.69047127394
63.15 1.09018613861
64.15 1.27767432567
65.28 0.79317021277
66.3 0.66180607248
67.32 0.36601568627
68.48 0.86243313201
69.49 1.06182178218
70.49 0.91811388611
71.61 0.78186428571
72.65 0.97513076923
73.66 0.96225966303
74.68 1.01269019608
75.69 0.80034025717
76.71 0.42672941176
77.72 0.51579781962
78.73 0.47904950495
79.75 0.21258708415
80.93 0.82266893039
81.94 1.11386930693
83.17 0.81765853659
84.18 1.02721584158
85.19 1.06225742574
86.22 0.81179029126
87.23 1.10168712871
88.24 0.79135841584
89.38 0.89269473684
90.57 0.95708907563
91.58 1.16303857567
92.64 0.96315014164
93.73 0.9151882461
94.9 1.00624273504
95.91 1.04702574257
96.98 1.0849271028
98.18 1.06690666667
99.23 0.99936761905
100.36 0.84225840708
101.52 1.03674482759
102.72 1.16635333333
103.73 1.0615024777
104.74 1.11292673267
105.9 0.98588965517
106.91 1.1382970297
108.0 0.79698348624
109.01 0.79433663366
110.02 0.80084752475
111.09 0.73528224299
112.1 0.72420594059
113.15 0.40018285714
114.16 0.68678019802
115.18 1.05298823529
116.19 0.83685544554
117.26 0.89968598131
118.27 1.17599207921
119.42 0.88010434783
120.43 1.15150891089
121.44 1.09867722772
122.45 0.84848316832
123.47 0.84610301263
124.56 0.87381284404
125.7 0.86448421053
126.77 0.82299065421
127.78 0.98895841584
128.79 1.36227552032
129.8 0.83054401583
130.83 0.84178640777
131.97 0.63180333626
132.99 0.63167843137
134.0 0.6049297725
135.14 0.51683508772
136.19 0.66143323727
137.19 0.95106442022
138.2 0.74430921705
139.21 0.66079525223
140.24 0.80886990291
141.27 0.39133916424
142.27 0.50515084915
143.39 0.61311428571
144.4 0.60091179386
145.53 0.6753699115
146.75 0.75808580858
147.77 0.81163424125
148.78 0.70253465347
149.79 0.39284752475
150.8 0.19504158416
151.82 0.08575122429
153.02 0.78831333333
154.03 1.26857821782
155.05 1.24157946693
156.05 1.12574950298
157.06 1.06447524752
158.06 1.11696303696
159.29 1.0660829943
160.29 1.07243956044
161.3 1.00804752475
162.44 0.50639508341
163.49 0.9184152381
164.52 0.6663223301
165.68 0.62049655172
166.69 1.07627299703
167.7 1.05270168484
168.7 1.22151448551
169.71 1.20156039604
170.73 0.82765063788
171.74 0.97299009901
172.85 0.47634594595
173.87 0.45917647059
174.94 0.66487476636
176.03 1.17089174312
177.08 1.21712654615
178.09 1.31577821782
179.1 1.2820039604
180.12 0.40520510304
181.12 1.31588411588
182.25 0.97535518158
183.25 1.30423176823
184.25 1.34442357642
185.26 1.43928571429
186.27 1.31809108911
187.47 1.0053
188.49 0.95569411765
189.53 0.94995384615
190.55 0.69541960784
191.56 0.68777821782
192.57 0.38940990099
193.72 0.46125913043
194.83 0.48336158702
196.51 0.30617142857
197.59 0.17241149212
198.59 0.62270529471
199.74 0.5525773913
200.78 0.44154466859
201.79 0.53475396825
202.82 0.43355965082
203.83 0.65792666006
204.84 0.79512079208
205.86 0.20881568627
206.86 0.91534065934
207.87 0.84683564356
208.88 1.06641584158
209.89 0.69372447968
211.0 0.672360036
212.0 0.6995004995
213.09 0.58867094409
214.1 0.80644444444
215.12 0.60481256133
216.12 0.5449030969
217.14 0.46451030422
218.15 0.77587339268
219.16 0.93645148515
220.22 0.85287841659
221.23 1.08373439049
222.25 0.54867124632
223.29 0.24536153846
224.31 0.43990588235
225.32 0.45611089109
226.33 0.70262970297
227.33 1.06127472527
228.34 1.07569108911
229.35 0.68335381566
230.36 1.10503659743
231.38 0.87580392157
232.38 0.83627572428
233.4 0.95658153242
234.41 0.54888712871
235.45 0.37883076923
236.46 0.34573465347
237.6 0.61727719298
238.8 0.50866
239.81 0.51948463826
240.83 0.58134117647
241.85 0.57195294118
242.86 0.61277623762
243.87 0.61875643564
244.89 0.62170196078
245.91 0.4869254902
246.92 0.56603564356
247.93 0.63583366337
248.94 0.59219009901
249.95 0.41536633663
250.96 0.51295049505
251.97 0.65842376238
253.21 0.54281290323
254.25 0.56285384615
255.26 0.64131485149
256.27 0.59764752475
257.29 0.65229803922
258.47 0.54130847458
259.56 0.48270825688
260.59 0.51001165049
261.61 0.40065882353
262.62 0.17233267327
263.66 0.52198461538
264.67 0.5742019802
265.68 0.48662178218
266.69 0.72607305035
267.7 0.59606752731
268.82 0.53617142857
269.83 0.63292765114
270.84 0.74198612488
271.85 0.70851485149
272.86 0.70056577646
274.03 0.64307008547
275.04 0.74526607319
276.08 0.51638187078
277.09 0.51431287129
278.11 0.45509803922
279.13 0.60823529412
280.14 0.72577645895
281.17 0.42542274052
282.18 0.07569960474
283.19 0.60922893954
284.2 0.58000792079
285.2 0.90104295704
286.21 1.16257142857
287.21 1.15216783217
288.21 0.79071457086
289.22 1.14646031746
290.23 0.73172277228
291.25 0.74505882353
292.26 0.98921704658
293.28 0.62058039216
294.37 0.57238165138
295.38 0.63966732673
296.38 0.41316283716
297.44 0.42730878187
298.47 0.30446601942
299.49 0.12862683643
300.5 0.5411009901
301.53 0.35110592809
302.55 0.26823529412
303.56 0.36749357072
304.58 0.27803330069
306.55 0.10004672423
307.57 0.507218842
308.58 0.81507326733
309.76 0.67265029636
310.77 1.18486507937
311.83 0.70813195099
312.84 1.28279088206
313.85 0.90815049505
314.98 1.04785132743
315.98 0.96453518335
317.17 0.71200672269
318.22 0.72290285714
319.23 0.42259009901
322.92 0.09697560976
323.93 0.70248562934
324.94 0.7550738523
326.38 0.32416574586
327.57 0.48143193277
328.57 1.25625574426
329.58 1.23178571429
330.8 0.83916721311
331.82 1.07926987242
332.86 0.973
333.87 0.54443564356
334.88 0.77599207921
335.99 0.8448
336.99 0.92601798202
338.0 1.10655302279
339.01 0.97417821782
340.03 0.65428235294
341.03 0.84907676969
342.12 0.88200368324
343.18 1.14732516494
344.74 0.65832092426
345.82 0.52494074074
346.83 0.59904158416
347.9 0.39702429907
348.91 0.01084638256
349.93 0.76391772772
350.95 0.44599804497
352.03 0.42374001857
353.21 0.46078644068
354.28 0.50089429373
355.3 0.7520235525
356.3 1.01557642358
357.31 1.72405946482
358.52 1.13100578035
359.53 0.80407920792
360.65 0.73406970509
361.65 1.52151848152
362.81 1.12364452114
363.81 1.45898901099
364.81 1.02037162837
365.82 1.29665938431
366.82 1.12897502498
367.95 1.11781238938
368.96 1.80765873016
370.02 1.14818473139
371.08 1.37543071161
373.35 0.20051101322
374.42 0.41885607477
375.6 0.68616271186
376.62 1.03656470588
377.75 0.78853191489
378.75 0.75930538922
379.76 0.54641584158
380.79 0.34605048544
381.82 0.40731831538
382.83 0.45884200196
383.87 0.48966923077
384.88 0.58512475248
385.91 0.44330097087
386.93 0.38436862745
388.08 0.24301217391
389.13 0.25014857143
390.14 0.23838415842
391.15 0.47608712871
392.16 0.29919207921
393.18 0.28761264822
394.21 0.35847398844
395.22 0.34094747275
396.23 0.55261782178
397.32 0.55337981651
398.36 0.80431892411
399.37 1.0021018981
400.37 1.38726984127
401.38 1.11314059406
402.57 0.90102857143
403.76 1.06998991597
404.77 1.24247128713
405.79 1.55244705882
406.8 0.94293756194
408.02 0.85305505341
409.02 1.33171684945
410.04 1.08731563422
411.17 1.08819030837
412.18 1.2576285998
413.18 1.21366633367
414.19 1.02331089109
415.2 0.76152079208
416.21 0.69692673267
417.34 0.73432212389
418.34 1.17860539461
419.35 0.60832539683
420.36 0.80509594461
421.38 0.75900392157
422.6 0.55679344262
423.61 0.69354455446
424.62 0.60739742319
425.64 0.42521449559
426.75 0.3925045045
427.76 0.31454509415
430.57 0.04667806268
431.57 0.47203193613
432.6 0.2244375
452.88 0.00431588287
454.78 0.01152
455.98 0.00912760634
457.88 0.01152
478.86 0.00104327931
479.87 0.33240832507
480.87 0.7555964036
481.88 1.03257029703
482.89 0.80383366337
483.91 0.8677254902
484.93 0.83296470588
485.96 1.04604081633
486.97 0.60883086053
487.98 0.90936769078
488.98 1.10726873127
490.07 1.18295045872
491.25 0.85816765453
492.38 1.311914969
493.39 1.1528950495
494.4 1.38073663366
495.4 1.32458741259
496.5 1.1544021838
497.53 1.31042330097
498.53 1.71311888112
499.68 1.08187989556
500.7 0.89679293425
501.71 0.59255445545
502.74 0.56116504854
503.75 0.69362376238
504.77 0.98176470588
505.77 1.24532801595
506.78 1.52235948361
507.78 1.53154845155
508.79 1.66115643564
509.87 1.52134814815
510.88 1.41697522299
511.9 1.16487843137
513.06 1.33969336779
514.07 1.60579009901
515.08 1.4735777998
516.24 0.95405340224
517.27 1.50277162293
518.29 1.3365093046
519.45 1.06871034483
520.45 1.00656143856
521.56 0.97766787004
522.57 0.99215049505
523.58 1.29042376238
524.6 1.04818823529
525.67 1.52631028037
526.68 1.68640949555
527.68 1.31991208791
528.71 0.89457864078
529.71 1.56838361638
530.9 1.46535467565
531.9 1.63429370629
532.9 1.66981818182
533.91 1.65971428571
534.92 1.8362413452
536.09 1.86650470488
537.1 1.75337029703
538.25 1.83289120975
539.26 2.12257425743
540.26 1.88180619381
541.27 2.31330029732
542.44 1.70947008547
543.48 1.88226153846
544.48 2.30042315369
545.49 2.31971428571
546.55 1.69792271442
547.69 1.73122524102
548.85 2.11403448276
549.97 1.89047584973
551.12 2.02172719374
552.13 2.07060731949
553.24 2.14451263538
554.25 2.16505346535
555.4 1.80507826087
556.5 2.26550408719
557.54 2.06935129933
558.62 1.78088888889
559.65 1.72403106796
560.66 1.06052621167
561.68 1.22879215686
562.88 1.12230191827
563.93 1.20411820782
564.94 1.52282772277
566.09 1.31070496084
567.09 1.76362837163
568.09 1.97388423154
569.09 2.47904095904
570.22 1.98923404255
571.32 1.86700182149
572.46 1.6501295972
573.46 2.14208991009
574.46 2.15090509491
575.58 1.68884512086
576.59 2.23632475248
577.74 1.62112945265
578.83 1.52161616162
579.9 1.49400373832
581.05 1.69139478261
582.18 1.58084247788
583.35 1.57683490163
584.36 1.91301285856
585.52 1.43210353753
586.52 1.73771828172
587.63 1.30853333333
588.67 1.53920307988
589.71 1.72549712092
590.71 2.26456743257
591.72 1.56751491054
592.72 0.98512687313
593.72 1.05699100899
594.86 1.34309394205
595.96 1.40095306859
597.15 1.59759052453
598.16 1.82756435644
599.25 1.66070673953
600.26 2.36322877123
601.26 1.86152247752
602.39 2.02081133747
603.4 2.07027326733
604.57 1.93154877014
605.74 1.67648246364
606.83 2.24844770642
607.84 2.15165940594
608.85 1.9371497006
609.95 1.87340667268
611.12 1.97226347305
612.27 1.73756794425
613.27 1.9600239521
614.4 1.54101238938
615.4 2.05156443556
616.5 1.37111517367
617.5 1.83142629482
618.5 1.43954491018
619.51 1.58662137862
620.62 1.45277569258
621.63 1.57305555556
622.71 1.51223703704
623.82 1.55831351351
624.88 1.66705949008
625.92 1.24337367915
627.08 1.3898
628.24 1.49563448276
629.44 1.36558
630.54 1.44946909091
631.54 1.70148251748
632.72 1.6932519084
633.74 1.73032941176
634.79 1.6963352381
635.8 1.37366336634
636.8 1.28695409182
637.84 1.15681388621
638.84 1.02670929071
639.86 0.93612561335
641.02 1.10171034483
642.02 1.37077322677
643.09 0.7185271028
644.1 0.73343904856
645.1 0.49878921079
646.35 0.45711449159
647.38 0.67350533463
648.4 0.5596781158
649.41 0.76898217822
650.46 0.62572952381
651.46 0.31812187812
652.47 0.68990287413
653.55 0.87602222222
654.56 0.83717227723
655.57 0.28274851485
656.62 0.36473904762
657.85 0.44208130081
658.85 0.81505694306
659.97 1.16346023235
660.98 1.32879207921
661.99 1.0512
663.05 1.01149433962
664.05 1.18012387612
665.09 0.96368046198
666.1 1.24181386139
667.12 1.01398431373
668.12 1.1664975025
669.13 1.16370267592
670.15 0.67991372549
671.3 0.87385043478
672.31 1.05729108911
673.51 0.56449333333
674.53 0.76324705882
675.57 0.706
676.59 0.64111372549
677.77 0.6361559322
678.9 1.00349734513
679.9 0.79708291708
680.91 1.08873736373
681.95 0.80030769231
683.01 0.90925541942
684.19 0.83749618321
685.31 0.95812857143
686.32 1.08702574257
687.4 1.00374074074
688.59 0.9664
689.59 1.03650749251
690.61 0.8649421001
691.64 1.22282718447
692.66 0.7567372549
693.67 0.86506243806
694.67 0.57095704296
695.68 0.88753267327
696.7 1.11709803922
697.89 0.56056470588
698.91 0.58663002944
699.93 0.58371008815
700.95 0.46174117647
701.98 0.29211650485
703.05 0.54999626168
704.06 0.47724083251
705.07 0.38278811881
706.09 0.46048188051
707.13 0.50063846154
708.25 0.48168722073
709.25 0.57273926074
710.28 0.44438058252
711.29 0.30913776016
712.31 0.28043921569
713.32 0.52011089109
714.36 0.35256153846
715.54 0.25437288136
716.57 0.36125825243
717.59 0.23248627451
718.61 0.51026666667
719.65 0.71152353506
720.86 0.94456859504
721.87 1.17285232904
722.9 1.08470679612
723.9 1.25014185814
724.9 1.19035364635
725.98 0.99080630213
726.99 1.25025173439
727.99 1.2923992016
729.0 1.36643650794
730.07 1.26834392523
731.07 1.22615784216
732.08 1.02928316832
733.18 0.96205090909
734.19 1.1304975223
735.19 0.9976023976
736.2 0.9390604559
737.33 0.91042831858
738.34 1.03112871287
739.35 1.21725940594
740.35 1.1463976024
741.51 0.98022433132
742.51 1.06788411588
743.52 0.96918929633
744.52 1.08086313686
745.53 1.1055777998
746.53 1.03721878122
747.54 1.08382160555
748.73 0.83386890756
749.89 0.84864137931
751.03 0.92820440529
752.18 1.01780779221
753.19 1.11735445545
754.2 0.76295445545
755.22 0.86181176471
756.24 0.87623945044
757.24 1.01994005994
758.25 0.85928712871
759.26 0.92231287129
760.42 0.73442758621
761.43 0.76622574257
762.62 0.85611428571
763.62 0.95418181818
764.67 0.58668451243
765.67 0.67453639083
766.68 0.84431683168
767.7 0.81669019608
768.7 0.48060739261
769.71 0.41496927651
770.72 0.60491881188
771.77 0.65222497617
772.78 1.02655588526
773.85 0.77563364486
774.86 0.78186138614
775.88 0.79499901865
777.06 0.74246101695
778.07 0.99612265084
779.08 1.09766501487
780.09 0.87702472799
781.09 0.95842557443
782.1 0.87671428571
783.18 0.67748381129
784.39 0.47272787428
785.39 0.65275524476
786.4 0.75924677899
787.4 0.42293706294
788.42 0.51894013739
789.43 0.64636039604
790.44 0.5046884273
791.45 0.83142970297
792.46 0.63061248761
793.6 0.61882807018
794.62 1.10047058824
795.74 0.94469223907
796.75 1.21389890981
797.76 0.95649108911
798.76 1.16886313686
799.85 0.91690725436
800.85 1.01969230769
801.86 1.04734985134
802.86 1.02029170829
803.86 0.88612987013
804.9 0.63921387283
805.91 0.70887920792
806.91 0.9039040959
808.1 1.09368544996
809.11 1.10415049505
810.24 1.01726725664
811.25 1.24511683168
812.25 0.98113886114
813.27 1.09690284593
814.28 1.10277227723
815.29 1.22378635015
816.31 1.19441805692
817.41 0.63902545455
818.48 1.0253146592
819.49 1.31414866204
820.5 1.13068780971
821.51 0.83462178218
822.54 0.58581747573
823.59 0.68790857143
824.65 0.53503396226
825.66 0.70194648167
826.67 0.71852818991
827.68 0.89712475248
828.68 0.95315884116
829.69 0.88483647175
830.7 0.90347722772
831.85 0.78669913043
832.96 0.81858738739
833.98 0.721562316
835.34 0.44237058824
836.53 0.61559663866
837.54 0.70806336634
838.72 0.88764745763
839.8 1.0584
840.9 0.7889191644
842.1 0.82186488741
843.11 0.83503666997
844.11 1.03436563437
845.12 0.57340990099
846.14 0.61914509804
847.16 0.47566633955
848.17 0.6444470821
849.18 0.66961347869
850.18 0.83318281718
851.26 0.71335555556
852.27 0.65879088206
853.27 0.36116683317
854.3 0.36125825243
855.31 0.17767294351
856.38 0.15342056075
857.4 0.19843137255
858.44 0.43144615385
859.47 0.3872
860.49 0.40469019608
861.51 0.23150588235
862.68 0.40996923077
863.73 0.47945142857
864.74 0.52383366337
865.75 0.53455841584
866.91 0.69974849268
867.92 0.86049108911
868.93 0.69002772277
869.94 0.91115163528
870.96 0.64141960784
871.97 0.977859545
872.99 0.76619430815
874.19 0.72646794338
875.21 0.5535324165
876.22 0.77111504425
877.23 0.72039082752
878.23 0.73652747253
879.24 0.59211857708
880.26 0.70207276303
881.27 0.41177821782
882.27 0.69207592408
883.47 0.57407839867
884.48 0.74163960396
885.49 0.50080792079
886.51 0.28044705882
887.54 0.47852427184
888.55 0.65013069307
889.57 0.48969411765
890.59 0.58743529412
891.78 0.4035697479
892.79 0.83434455446
893.8 0.82130693069
894.82 0.50916862745
895.84 0.51501176471
896.86 0.49188235294
897.89 0.41444660194
898.9 0.52011089109
899.91 0.39533465347
900.92 0.28804752475
901.94 0.39698823529
902.95 0.4686019802
903.96 0.42221782178
904.97 0.3359049505
905.97 0.4172765114
906.98 0.66691708292
908.0 0.38832941176
909.01 0.46393663366
910.04 0.49097208855
911.16 0.37536633663
912.23 0.20275140187
913.3 0.38946431881
914.38 0.50795555556
915.39 0.56152647353
916.4 0.90403168317
917.41 0.76752475248
918.61 0.75749875931
919.62 0.72265346535
920.66 0.37642307692
921.67 0.62897918731
922.68 0.59537091988
923.69 0.32782574257
924.92 0.38463140765
925.93 0.41175445545
926.95 0.32933986288
927.98 0.33767152575
928.99 0.31978635015
930.07 0.38732592593
931.08 0.45253861386
932.12 0.56308758422
933.13 0.76133994054
934.15 0.55060217177
935.15 0.43601587302
936.17 0.32266140178
937.2 0.25352895753
938.23 0.19634951456
939.26 0.26537342386
940.27 0.21323564356
941.32 0.30255100095
942.33 0.22754851485
943.34 0.2327049505
944.4 0.29941132075
945.44 0.18945384615
946.48 0.18755384615
947.51 0.26537342386
948.53 0.20880784314
949.56 0.2458125
950.68 0.162944
951.69 0.3359049505
952.72 0.52372815534
953.72 0.69822177822
954.95 0.54042567019
956.07 0.48944543828
957.11 0.30563846154
958.16 0.21888
959.17 0.21493861386
960.18 0.3033980198
961.19 0.19542178218
962.24 0.29184
963.25 0.2675960396
964.26 0.39008316832
965.27 0.28940990099
966.3 0.42090097087
967.54 0.38300645161
968.56 0.30042352941
969.68 0.24142729706
970.75 0.21498971001
971.83 0.1824
972.86 0.20613592233
973.97 0.23662702703
974.99 0.15021176471
976.07 0.13073333333
977.24 1.01723760684
978.39 1.09694608696
979.41 0.83254117647
980.55 0.68940350877
981.56 0.90166336634
982.59 0.98259553831
983.78 0.69910849453
984.79 0.74853861386
985.81 1.0322745098
986.82 1.05512079208
987.82 0.98734865135
988.91 1.07294031221
989.91 1.31131268731
990.94 1.00173372206
991.96 0.58768204122
992.99 0.15937864078
994.02 0.24438058252
995.2 0.28963251482
996.21 0.98694653465
997.22 0.55939070227
998.39 0.57938356164
999.53 0.91831134565
1000.54 0.97874556213
1001.6 0.69016603774
1002.61 1.20049157582
1003.61 1.35956043956
1004.66 1.03645376549
1005.67 0.90717309594
1006.67 0.73623176823
1007.7 0.84975875486
1008.72 0.58309892262
1009.73 0.51839841427
1010.76 0.60937475728
1011.85 0.49699816514
1012.87 0.5774745098
1013.87 0.55154445554
1014.88 0.62386521308
1016.42 0.49343376623
1017.53 0.49003963964
1018.55 0.58957647059
1019.56 0.73991287129
1020.57 0.99321980198
1021.58 0.75851881188
1022.58 1.00372427572
1023.59 1.0190049554
1024.59 1.26525474525
1025.61 0.85982745098
1026.66 1.01881410867
1027.74 0.74781481481
1028.78 0.5663599615
1029.8 0.32511372549
1030.81 0.51231683168
1031.82 0.57562772277
1032.82 0.8251028971
1033.95 0.64296899911
1034.96 0.7875960396
1035.99 0.68276504854
1037.0 0.67984950495
1038.2 0.53577314429
1039.2 0.89888511489
1040.21 1.24857821782
1041.37 1.14293793103
1042.38 1.17091485149
1043.39 1.12053861386
1044.55 1.11025517241
1045.57 1.11080784314
1046.58 1.25569108911
1047.59 1.36898217822
1048.68 0.86336146789
1049.69 0.75093333333
1050.77 1.12170322581
1051.93 1.0506137931
1052.95 1.04428235294
1053.96 1.01286336634
1055.08 1.39390714286
1056.09 1.5088950495
1057.27 1.33568135593
1058.46 1.19669915966
1059.68 1.29413770492
1060.69 1.5295049505
1061.7 1.21628514851
1062.9 1.32438666667
1063.91 1.50332673267
1065.12 0.89112324235
1066.12 0.86942657343
1067.32 1.16732666667
1068.33 1.62637859267
1069.33 0.895249501
1070.34 1.27295143707
1071.36 1.43099607843
1072.37 0.87348118812
1073.38 0.60213280476
1074.39 0.72813452028
1075.41 0.81658153242
1076.5 0.78692844037
1077.51 0.92647279921
1078.69 1.10721355932
1079.83 1.12376842105
1080.95 1.13505
1082.02 1.11673713751
1083.03 1.071256182
1084.04 0.80221209118
1085.05 0.89289020772
1086.06 1.07640832507
1087.07 0.81468514851
1088.08 0.87643564356
1089.11 0.75890485437
1090.14 0.58658937198
1091.15 0.66186666667
1092.25 0.67844363636
1093.26 0.64956831683
1094.27 0.78118577075
1095.28 1.00191269841
1096.28 0.94833966034
1097.33 0.6765300286
1098.34 1.07233267327
1099.35 0.56266138614
1100.58 0.4717203252
1101.87 0.52874418605
1102.9 0.37188349515
1103.93 0.34000776699
1104.95 0.0936
1105.98 0.41438446602
1107.0 0.24432156863
1109.14 0.21462429907
1110.15 0.28200594648
1111.2 0.15074285714
1112.42 0.43045901639
1113.43 0.58467326733
1114.45 0.56003137255
1115.46 0.84703366337
1116.47 0.97431287129
1117.5 0.32838834951
1118.51 0.46452277228
1119.54 0.36936054422
1120.56 0.4462761998
1121.6 0.42028103946
1122.65 0.41651760228
1123.66 0.40108514851
1124.69 0.40051262136
1125.71 0.31167026497
1126.71 0.32957442557
1127.73 0.23604705882
1128.75 0.20964705882
1129.8 0.17735748332
1130.81 0.32291988131
1131.82 0.31454509415
1132.84 0.26021547502
1133.87 0.25565825243
1134.95 0.13185542169
1136.01 0.13421886792
1137.02 0.16157480315
1138.03 0.15964940239
1139.23 0.2786877602
1140.25 0.43733071639
1141.39 0.38950877193
1142.44 0.31268571429
1143.45 0.27499901088
1144.46 0.55316551041
1145.48 0.36050196078
1146.58 0.30616727273
1147.6 0.21458823529
1148.62 0.22531764706
1149.64 0.19779607843
1150.65 0.23838415842
1151.67 0.38319215686
1152.71 0.51906923077
1153.73 0.37739607843
1154.75 0.61687058824
1155.76 0.93338081108
1156.77 0.54852277228
1157.93 0.6806488352
1158.94 0.67939009901
1159.95 0.83328316832
1161.06 0.46091531532
1162.07 0.54774653465
1163.14 0.48071775701
1164.15 0.28559446093
1165.17 0.21289892051
1166.2 0.22313009709
1167.22 0.15021176471
1168.25 0.10921941748
1169.29 0.33673846154
1170.3 0.20137029703
1171.31 0.23862041625
1172.31 0.163996004
1173.41 0.10386181818
1174.44 0.18062912621
1175.5 0.21681509434
1187.35 0.00563657837
1188.42 0.78579607109
1189.6 1.11844067797
1190.61 1.05514455446
1191.91 0.82635692308
1192.92 0.95437623762
1193.96 0.7073
1194.96 1.0603956044
1195.98 0.93695780177
1196.99 1.15965113974
1197.99 1.15828171828
1199.0 1.03713776016
1200.0 1.10643756244
1201.29 0.85149147287
1202.33 1.21606923077
1203.34 1.1596987116
1204.35 1.08787339268
1205.35 0.74596603397
1206.36 0.78076511397
1207.37 0.99614257426
1208.38 1.06056689792
1209.59 1.02008271299
1210.64 1.04998095238
1211.82 0.95343607113
1212.94 0.88724218052
1214.09 0.97123892268
1215.1 1.04721026654
1216.28 0.62070068027
1217.57 0.43105736434
1218.64 0.50308699719
1219.65 1.0275009901
1220.66 1.25970693069
1221.67 1.04081584158
1222.68 0.89700594059
1223.68 1.30308891109
1224.69 0.91114455446
1225.77 0.89730491196
1226.77 1.29687912088
1227.78 0.91664618434
1228.8 1.14403137255
1229.9 0.88496727273
1230.93 0.85091262136
1232.03 0.82378181818
1233.07 0.9106
1234.23 0.95442068966
1235.27 1.03398461538
1236.3 1.02745631068
1237.53 0.87136910569
1238.65 1.03425714286
1239.66 1.07214257426
1240.66 1.04628971029
1241.68 1.05708341511
1242.69 1.08041188119
1243.82 0.81027964602
1244.83 1.0417029703
1245.84 1.07611881188
1246.85 0.98015841584
1247.86 1.11774257426
1248.87 1.19534257426
1249.88 1.10154455446
1250.88 0.76394805195
1252.07 0.89195626577
1253.08 0.91364752475
1254.09 1.23012091179
1255.31 1.04685901639
1256.53 1.06786229508
1257.04 1.36877220077
