1293004199 4686009 59.853144 10.800617 190068 1002
1293004200 4687012 59.853153 10.800655 330844 1003
1293004201 4688078 59.853181 10.800718 52320 1066
1293004202 4689118 59.853225 10.800784 158030 1040
1293004203 4690277 59.853266 10.800832 133559 1159
1293004204 4691407 59.853298 10.800842 161873 1130
1293004206 4692564 59.853328 10.80087 157404 1157
1293004207 4693767 59.853393 10.800872 174803 1203
1293004208 4694768 59.853427 10.800865 170539 1001
1293004209 4695918 59.853427 10.800865 160719 1150
1293004210 4696978 59.853483 10.800829 193460 1060
1293004211 4697988 59.853517 10.800804 177472 1010
1293004212 4699127 59.853517 10.800804 144567 1139
1293004213 4700207 59.853569 10.80073 156944 1080
1293004214 4701227 59.853604 10.800705 178400 1020
1293004215 4702407 59.853634 10.80068 149408 1180
1293004216 4703408 59.853663 10.800634 155322 1001
1293004217 4704437 59.853699 10.800591 181387 1029
1293004219 4705597 59.853734 10.800566 158022 1160
1293004220 4706757 59.85382 10.800505 145816 1160
1293004221 4707759 59.85382 10.800505 183706 1002
1293004222 4708987 59.853932 10.800472 160692 1228
1293004223 4709988 59.854006 10.80046 163787 1001
1293004224 4711148 59.854006 10.80046 152958 1160
1293004225 4712367 59.85416 10.800423 177441 1219
1293004226 4713368 59.854243 10.800397 138438 1001
1293004228 4714587 59.854338 10.800375 171905 1219
1293004229 4715588 59.854443 10.800338 179691 1001
1293004230 4716767 59.854551 10.800319 158202 1179
1293004231 4717777 59.854775 10.800266 171431 1010
1293004232 4718797 59.854884 10.80023 99314 1020
1293004233 4719806 59.854884 10.80023 97715 1009
1293004234 4720817 59.854992 10.80021 117229 1011
1293004235 4721827 59.855218 10.80014 118932 1010
1293004236 4722836 59.855218 10.80014 134320 1009
1293004237 4723837 59.855339 10.800107 179243 1001
1293004238 4724847 59.855562 10.800072 105387 1010
1293004239 4725937 59.855562 10.800072 149157 1090
1293004240 4726987 59.855791 10.800058 163862 1050
1293004241 4728207 59.855908 10.800077 171642 1220
1293004242 4729217 59.855908 10.800077 137377 1010
1293004243 4730437 59.856152 10.800123 115321 1220
1293004244 4731447 59.856268 10.800159 107378 1010
1293004245 4732465 59.856268 10.800159 124040 1018
1293004246 4733496 59.856514 10.80024 109184 1031
1293004247 4734497 59.856629 10.800276 84574 1001
1293004248 4735546 59.856752 10.800316 111661 1049
1293004250 4736562 59.85688 10.800357 126545 1016
1293004251 4737567 59.857007 10.800397 119660 1005
1293004252 4739187 59.857123 10.800433 97840 1620
1293004253 4740206 59.857363 10.800454 84128 1019
1293004254 4741216 59.857363 10.800454 99943 1010
1293004255 4742437 59.857595 10.800472 87924 1221
1293004256 4743456 59.857711 10.800453 94318 1019
1293004257 4744457 59.857823 10.800434 91663 1001
1293004259 4745546 59.85794 10.800415 116415 1088
1293004260 4746566 59.85806 10.80036 129050 1020
1293004261 4747576 59.858178 10.800324 152233 1010
1293004262 4748577 59.858293 10.80027 119107 1001
1293004263 4749596 59.858408 10.800215 117666 1019
1293004264 4750597 59.858523 10.800161 181177 1001
1293004265 4751606 59.858744 10.800067 165040 1009
1293004266 4752686 59.858744 10.800067 102267 1080
1293004267 4753687 59.858846 10.800027 152145 1001
1293004268 4754688 59.859047 10.799926 122165 1001
1293004269 4755708 59.859047 10.799926 142375 1020
1293004270 4756726 59.859242 10.799843 104293 1018
1293004271 4757776 59.859336 10.799799 121062 1050
1293004272 4758958 59.859336 10.799799 147669 1182
1293004273 4760086 59.859518 10.79973 142239 1127
1293004274 4761106 59.8596 10.799683 140925 1020
1293004275 4762107 59.8596 10.799683 130871 1001
1293004276 4763246 59.859761 10.799607 175243 1139
1293004277 4764346 59.85983 10.799575 176071 1100
1293004278 4765406 59.859889 10.799557 140583 1060
1293004279 4766407 59.859936 10.799535 149112 1001
1293004280 4767416 59.859978 10.799513 145282 1009
1293004282 4768561 59.860017 10.799488 157179 1145
1293004283 4769777 59.860072 10.79947 181716 1216
1293004284 4770778 59.860072 10.79947 184039 1001
1293004285 4771786 59.860095 10.799441 123863 1008
1293004286 4772796 59.860178 10.799416 123165 1010
1293004287 4773806 59.860178 10.799416 136785 1010
1293004288 4774807 59.860293 10.799361 165623 1001
1293004289 4776036 59.86034 10.79934 167521 1229
1293004290 4777037 59.86034 10.79934 161466 1001
1293004291 4778046 59.86044 10.799265 111440 1009
1293004292 4779047 59.860496 10.799229 137198 1001
1293004293 4780056 59.860496 10.799229 156195 1009
1293004294 4781066 59.860621 10.799143 159866 1010
1293004295 4782067 59.86069 10.79911 138162 1001
1293004296 4783266 59.860758 10.799078 163535 1199
1293004297 4784267 59.860826 10.799045 169480 1001
1293004298 4785276 59.860894 10.799013 166745 1009
1293004299 4786286 59.860894 10.799013 144826 1010
1293004300 4787296 59.861021 10.798962 137771 1010
1293004301 4788486 59.861085 10.798929 122434 1190
1293004303 4789576 59.861152 10.798914 130030 1090
1293004304 4790675 59.861276 10.798846 123637 1099
1293004305 4791686 59.861276 10.798846 108805 1011
1293004306 4792855 59.861398 10.798795 124600 1169
1293004307 4793866 59.861454 10.798759 125155 1011
1293004308 4795146 59.861454 10.798759 81027 1280
1293004309 4796166 59.861571 10.798726 78498 1020
1293004310 4797176 59.86162 10.798725 116472 1010
1293004311 4798186 59.86162 10.798725 121143 1010
1293004312 4799195 59.861727 10.798706 87463 1009
1293004313 4800198 59.86177 10.798684 107668 1003
1293004314 4801206 59.86177 10.798684 107429 1008
1293004315 4802276 59.86182 10.798666 107363 1070
1293004316 4803277 59.861833 10.798652 150850 1001
1293004317 4804356 59.861833 10.798652 135730 1079
1293004318 4805475 59.861833 10.798652 156269 1119
1293004319 4806506 59.861833 10.798652 117520 1031
1293004320 4807516 59.861838 10.798652 137681 1010
1293004321 4808526 59.861838 10.798652 97101 1010
1293004322 4809535 59.861838 10.798652 131630 1009
1293004324 4810616 59.86183 10.798648 147010 1081
1293004325 4811736 59.861827 10.798645 163784 1120
1293004326 4812745 59.861827 10.798645 136442 1009
1293004327 4813855 59.861827 10.798645 147902 1110
1293004328 4814976 59.861827 10.798645 162409 1121
1293004329 4816115 59.861827 10.798645 160878 1139
1293004330 4817255 59.861827 10.798645 149660 1140
1293004331 4818265 59.861827 10.798645 123484 1010
1293004332 4819266 59.861827 10.798645 69662 1001
1293004333 4820274 59.861823 10.798645 117927 1008
1293004334 4821275 59.861823 10.798645 81732 1001
1293004335 4822276 59.86183 10.798648 105501 1001
1293004336 4823285 59.86183 10.798648 107013 1009
1293004337 4824295 59.86183 10.798648 104986 1010
1293004338 4825305 59.861833 10.798652 125958 1010
1293004339 4826325 59.861835 10.798634 154401 1020
1293004340 4827455 59.861835 10.798634 128542 1130
1293004341 4828456 59.861842 10.798638 135304 1001
1293004342 4829457 59.861842 10.798638 135619 1001
1293004343 4830465 59.861842 10.798638 140137 1008
1293004345 4831595 59.861842 10.798638 129405 1130
1293004346 4832616 59.861858 10.798644 128138 1021
1293004347 4833625 59.861858 10.798644 97146 1009
1293004348 4834674 59.861879 10.798633 69367 1049
1293004349 4835675 59.861943 10.798601 71129 1001
1293004350 4836695 59.861943 10.798601 49380 1020
1293004351 4837708 59.861991 10.798562 43048 1013
1293004352 4838765 59.862104 10.798472 52754 1057
1293004353 4839995 59.862104 10.798472 56573 1230
1293004354 4841065 59.862224 10.798366 60669 1070
1293004355 4842095 59.862293 10.798315 36936 1030
1293004356 4843154 59.862293 10.798315 21888 1059
1293004357 4844155 59.862416 10.798212 60591 1001
1293004358 4845176 59.862473 10.798159 65028 1021
1293004359 4846185 59.862473 10.798159 108678 1009
1293004360 4847195 59.862588 10.798052 97403 1010
1293004361 4848205 59.862653 10.798002 117516 1010
1293004362 4849216 59.862653 10.798002 104513 1011
1293004363 4850225 59.862784 10.797902 138210 1009
1293004364 4851235 59.862855 10.797834 106553 1010
1293004365 4852245 59.862926 10.797766 117734 1010
1293004366 4853365 59.862998 10.79772 142421 1120
1293004367 4854396 59.863071 10.797635 134030 1031
1293004368 4855445 59.86315 10.79757 124840 1049
1293004369 4856446 59.863228 10.797506 153472 1001
1293004370 4857456 59.863301 10.797421 122964 1010
1293004371 4858505 59.863372 10.797353 118237 1049
1293004373 4859595 59.863505 10.79718 142701 1090
1293004374 4860645 59.863505 10.79718 69397 1050
1293004375 4861665 59.863571 10.797074 119692 1020
1293004376 4862666 59.863695 10.796876 128551 1001
1293004377 4863675 59.863695 10.796876 141606 1009
1293004378 4864885 59.8638 10.796654 129520 1210
1293004379 4865886 59.863869 10.796513 121181 1001
1293004380 4867096 59.863869 10.796513 178614 1210
1293004381 4868105 59.864015 10.796157 163673 1008
1293004382 4869114 59.864091 10.795981 162155 1009
1293004383 4870265 59.864179 10.795773 137851 1151
1293004384 4871315 59.86426 10.795583 123494 1050
1293004385 4872324 59.864335 10.795372 115306 1009
1293004386 4873355 59.864416 10.795181 119771 1031
1293004387 4874366 59.864502 10.794991 124264 1011
1293004388 4875376 59.864583 10.794801 134002 1010
1293004389 4876405 59.864667 10.794628 109529 1029
1293004390 4877424 59.864758 10.794476 124594 1018
1293004391 4878525 59.864853 10.794324 111737 1101
1293004392 4879534 59.864954 10.794193 99016 1009
1293004394 4880560 59.865041 10.794076 90920 1026
1293004395 4881564 59.865149 10.793966 80332 1004
1293004396 4882566 59.865149 10.793966 63543 1002
1293004397 4883574 59.865359 10.793798 62522 1008
1293004398 4884654 59.865469 10.793706 47608 1080
1293004399 4885784 59.865578 10.793631 66266 1130
1293004400 4886799 59.865785 10.793498 78129 1015
1293004401 4887975 59.865785 10.793498 101614 1176
1293004402 4888994 59.865881 10.793437 59038 1019
1293004403 4890034 59.86608 10.793301 24383 1040
1293004404 4891044 59.86608 10.793301 25992 1010
1293004405 4892064 59.866267 10.793179 42461 1020
1293004406 4893275 59.866362 10.793118 73767 1211
1293004407 4894294 59.866362 10.793118 111640 1019
1293004408 4895414 59.866527 10.793007 62307 1120
1293004410 4896556 59.866604 10.79296 64639 1142
1293004411 4897613 59.866666 10.792907 73427 1057
1293004412 4898695 59.866782 10.792835 82659 1082
1293004413 4899904 59.866782 10.792835 84425 1209
1293004414 4901064 59.866817 10.79281 98456 1160
1293004415 4902074 59.866876 10.792792 98382 1010
1293004416 4903084 59.866876 10.792792 86303 1010
1293004417 4904104 59.866902 10.792781 82513 1020
1293004418 4905164 59.866902 10.792781 34328 1060
1293004419 4906173 59.866902 10.792781 68690 1009
1293004420 4907176 59.866908 10.792763 99361 1003
1293004421 4908334 59.866908 10.792763 82176 1158
1293004422 4909344 59.866908 10.792763 92184 1010
1293004423 4910364 59.866908 10.792763 88524 1020
1293004424 4911375 59.866907 10.792781 85062 1011
1293004425 4912384 59.866907 10.792781 94505 1009
1293004426 4913404 59.866911 10.792781 94266 1020
1293004428 4914575 59.866911 10.792781 93310 1171
1293004429 4915583 59.866911 10.792781 108157 1008
1293004430 4916584 59.866911 10.792781 102488 1001
1293004431 4917585 59.866911 10.792781 92553 1001
1293004432 4918594 59.866911 10.792781 106577 1009
1293004433 4919735 59.866911 10.792781 90389 1141
1293004434 4920744 59.866911 10.792781 107928 1009
1293004435 4922304 59.866911 10.792781 75909 1560
1293004436 4923343 59.866919 10.792784 65051 1038
1293004438 4924583 59.866932 10.79277 64438 1240
1293004439 4925763 59.866996 10.792737 95683 1180
1293004440 4926773 59.866996 10.792737 75763 1010
1293004441 4927803 59.86705 10.792719 63254 1030
1293004442 4928954 59.867172 10.792672 73434 1151
1293004443 4929963 59.867172 10.792672 71136 1009
1293004444 4931104 59.867311 10.79261 67012 1141
1293004445 4932124 59.867387 10.792581 63392 1020
1293004446 4933133 59.867387 10.792581 65342 1009
1293004447 4934273 59.86754 10.792505 62683 1140
1293004448 4935343 59.867616 10.792475 69333 1070
1293004449 4936544 59.867693 10.792429 73171 1201
1293004451 4937773 59.867858 10.792356 70022 1229
1293004452 4938783 59.867858 10.792356 54720 1010
1293004453 4939803 59.867935 10.792309 57669 1020
1293004454 4940813 59.868088 10.792233 72224 1010
1293004455 4941823 59.868088 10.792233 77107 1010
1293004456 4942843 59.868176 10.792208 104073 1020
1293004457 4944263 59.868353 10.792124 87889 1420
1293004458 4945273 59.868438 10.792081 66490 1010
1293004459 4946283 59.868535 10.792041 71125 1010
1293004460 4947293 59.868628 10.792001 69644 1010
1293004461 4948313 59.868628 10.792001 63211 1020
1293004462 4949343 59.868717 10.791957 49248 1030
1293004463 4950393 59.868917 10.79186 35358 1050
1293004464 4951403 59.869006 10.791816 33554 1010
1293004465 4952413 59.869103 10.791776 55190 1010
1293004466 4953453 59.869194 10.791715 32832 1040
1293004468 4954913 59.869194 10.791715 16384 1460
1293004469 4955943 59.869385 10.791632 19668 1030
1293004470 4957013 59.869482 10.791592 21888 1070
1293004471 4958023 59.869579 10.791552 40231 1010
1293004472 4959203 59.869765 10.791468 62090 1180
1293004473 4960233 59.869765 10.791468 56088 1030
1293004474 4961263 59.869864 10.791411 46512 1030
1293004475 4962273 59.870047 10.791324 33814 1010
1293004476 4963283 59.870145 10.791266 55919 1010
1293004477 4964363 59.870227 10.791219 58650 1080
1293004478 4965373 59.870318 10.791158 51984 1010
1293004479 4966383 59.870318 10.791158 21679 1010
1293004481 4967603 59.870404 10.791098 15048 1220
1293004482 4968653 59.870487 10.791033 9576 1050
1293004483 4970193 59.870564 10.790987 12115 1540
1293004484 4971213 59.87064 10.790919 34200 1020
1293004485 4972243 59.870705 10.790869 6840 1030
1293004486 4973270 59.870775 10.790819 28829 1027
1293004487 4974333 59.87088 10.790726 36204 1063
1293004489 4975554 59.870917 10.790683 64865 1220
1293004490 4976833 59.870973 10.790648 80286 1279
1293004491 4978034 59.870986 10.790633 91720 1201
1293004492 4979043 59.870986 10.790633 101232 1009
1293004493 4980143 59.870995 10.790619 56665 1100
1293004494 4981153 59.870995 10.790619 89296 1010
1293004495 4982163 59.870995 10.790619 54720 1010
1293004496 4983193 59.870997 10.790602 38871 1030
1293004497 4984212 59.870997 10.790602 62928 1019
1293004498 4985214 59.871004 10.790605 61668 1002
1293004499 4986403 59.871004 10.790605 78501 1189
1293004500 4987433 59.871004 10.790605 80712 1030
1293004501 4988479 59.871004 10.790605 42967 1046
1293004503 4989592 59.871004 10.790605 38286 1113
1293004504 4990602 59.871004 10.790605 58824 1010
1293004505 4991603 59.871006 10.790587 71950 1001
1293004506 4992643 59.871006 10.790587 49364 1040
1293004507 4993662 59.871006 10.790587 51224 1019
1293004508 4994673 59.871006 10.790587 65231 1011
1293004509 4995702 59.871006 10.790587 63964 1029
1293004510 4996733 59.87101 10.790587 59101 1031
1293004511 4997882 59.871003 10.790584 58170 1149
1293004512 4998903 59.871003 10.790584 56088 1021
1293004513 4999906 59.871003 10.790584 44210 1003
1293004514 5000923 59.871012 10.79057 39683 1017
1293004515 5001932 59.871012 10.79057 34200 1009
1293004517 5004503 59.871025 10.790556 26006 2571
1293004518 5005513 59.871096 10.790488 53097 1010
1293004520 5006554 59.871152 10.790452 66141 1041
1293004521 5007562 59.871285 10.790331 52880 1008
1293004522 5008572 59.87137 10.790249 43690 1010
1293004523 5009575 59.871461 10.790188 83465 1003
1293004524 5010752 59.871553 10.79011 117494 1177
1293004525 5011753 59.871651 10.790014 128903 1001
1293004526 5012763 59.871863 10.789829 110823 1010
1293004527 5013903 59.871863 10.789829 135337 1140
1293004528 5014912 59.871976 10.789739 132220 1009
1293004529 5015922 59.872203 10.789522 121438 1010
1293004530 5016933 59.872203 10.789522 93706 1011
1293004531 5017962 59.872436 10.789326 70683 1029
1293004532 5018982 59.872546 10.789233 61755 1020
1293004533 5020002 59.872546 10.789233 66182 1020
1293004534 5021019 59.872779 10.789037 61307 1017
1293004535 5022022 59.872887 10.788927 71036 1003
1293004536 5023062 59.872887 10.788927 71032 1040
1293004538 5024852 59.873 10.788837 21888 1790
1293004539 5025952 59.873233 10.788641 56767 1100
1293004540 5026982 59.873233 10.788641 28728 1030
1293004541 5028002 59.87334 10.788531 25992 1020
1293004542 5029506 59.873454 10.788442 16384 1504
1293004544 5030942 59.873559 10.788349 36089 1436
1293004545 5031992 59.873668 10.78826 13680 1050
1293004546 5033252 59.873876 10.788074 35154 1260
1293004547 5034455 59.873876 10.788074 28728 1203
1293004548 5035462 59.873968 10.787996 27360 1007
1293004549 5036473 59.874166 10.787825 14729 1011
1293004550 5037502 59.874166 10.787825 24612 1029
1293004552 5038585 59.874257 10.787764 25992 1083
1293004553 5039622 59.874422 10.787638 17123 1037
1293004554 5040681 59.874422 10.787638 27360 1059
1293004555 5041712 59.874491 10.787588 27360 1031
1293004556 5042732 59.874603 10.787516 22742 1020
1293004557 5043753 59.874603 10.787516 15048 1021
1293004558 5044773 59.874638 10.787491 23256 1020
1293004559 5045782 59.874676 10.78747 25842 1009
1293004560 5046802 59.874676 10.78747 51984 1020
1293004561 5047822 59.874688 10.787473 26469 1020
1293004562 5048832 59.874688 10.787473 31464 1010
1293004563 5049891 59.874688 10.787473 21511 1059
1293004564 5050902 59.874688 10.787473 32832 1011
1293004565 5051952 59.874688 10.787473 32832 1050
1293004566 5052982 59.874693 10.787473 20766 1030
1293004567 5053992 59.874693 10.787473 45144 1010
1293004568 5055081 59.874706 10.787459 24251 1089
1293004569 5056142 59.874724 10.787445 30096 1060
1293004570 5057193 59.874806 10.787398 21514 1051
1293004571 5058212 59.874806 10.787398 31464 1019
1293004572 5059231 59.874862 10.787362 19152 1019
1293004573 5060267 59.875 10.787279 12206 1036
1293004574 5061311 59.875 10.787279 27360 1044
1293004575 5062312 59.875166 10.787189 44623 1001
1293004576 5063342 59.875262 10.787128 42416 1030
1293004577 5064345 59.87536 10.787071 42408 1003
1293004578 5065352 59.875564 10.786973 53217 1007
1293004579 5066361 59.875666 10.786933 55527 1009
1293004580 5067381 59.875873 10.786838 45778 1020
1293004581 5068382 59.875873 10.786838 50616 1001
1293004582 5069411 59.876087 10.786727 35903 1029
1293004583 5070441 59.876201 10.78669 37973 1030
1293004584 5071469 59.876201 10.78669 50616 1028
1293004585 5072471 59.876414 10.786578 69572 1002
1293004586 5073472 59.876525 10.786524 83711 1001
1293004587 5074481 59.876525 10.786524 67705 1008
1293004588 5075491 59.876741 10.786429 70724 1010
1293004589 5076501 59.876844 10.786372 79061 1010
1293004590 5077521 59.876844 10.786372 76919 1020
1293004591 5078542 59.877055 10.786295 75110 1021
1293004593 5079552 59.877158 10.786237 86603 1010
1293004594 5080573 59.877267 10.7862 60863 1021
1293004595 5081621 59.877479 10.786106 94653 1047
1293004596 5082642 59.877479 10.786106 108527 1021
1293004597 5083652 59.877582 10.786048 104657 1010
1293004598 5084821 59.877797 10.785957 81888 1168
1293004599 5085841 59.877797 10.785957 92459 1020
1293004600 5086853 59.877898 10.785917 65395 1012
1293004601 5087861 59.878113 10.785826 60581 1008
1293004602 5088881 59.878113 10.785826 68150 1020
1293004603 5089891 59.87821 10.785786 51230 1010
1293004604 5090901 59.87843 10.785695 39165 1010
1293004606 5092621 59.87843 10.785695 44980 1720
1293004607 5094021 59.878528 10.785638 28728 1400
1293004608 5095152 59.878738 10.785564 96284 1131
1293004609 5096402 59.878938 10.785466 139465 1250
1293004610 5097411 59.879035 10.785426 139889 1009
1293004611 5098431 59.879131 10.785386 110993 1020
1293004613 5099612 59.879313 10.785303 135484 1181
1293004614 5100621 59.879313 10.785303 142132 1009
1293004615 5101622 59.879403 10.785259 90112 1001
1293004616 5102701 59.879568 10.785187 125934 1079
1293004617 5103761 59.879568 10.785187 137028 1060
1293004618 5104912 59.879712 10.785125 140730 1151
1293004619 5105921 59.879775 10.785092 142442 1009
1293004620 5106931 59.879775 10.785092 100476 1010
1293004621 5107972 59.879899 10.785024 130410 1041
1293004622 5108973 59.879966 10.785009 123545 1001
1293004623 5110072 59.879966 10.785009 131687 1099
1293004624 5111212 59.880084 10.784958 143941 1140
1293004625 5112351 59.880145 10.784922 147785 1139
1293004626 5113352 59.880145 10.784922 145914 1001
1293004627 5114353 59.880267 10.784871 127088 1001
1293004628 5115361 59.880331 10.784838 127039 1008
1293004629 5116371 59.88039 10.78482 128283 1010
1293004630 5117381 59.880446 10.784784 122493 1010
1293004631 5118536 59.880501 10.784766 107026 1155
1293004632 5119541 59.880557 10.78473 154924 1005
1293004634 5120548 59.880625 10.784697 131195 1007
1293004635 5121551 59.880684 10.784679 161419 1003
1293004636 5122554 59.880749 10.784629 163142 1003
1293004637 5123556 59.880817 10.784596 147122 1002
1293004638 5124562 59.880876 10.784578 151127 1006
1293004639 5125571 59.880932 10.784542 142556 1009
1293004640 5126579 59.880993 10.784506 152272 1008
1293004641 5127801 59.881056 10.784473 155510 1222
1293004642 5128811 59.881164 10.784416 158023 1010
1293004643 5129813 59.881224 10.78438 160335 1002
1293004644 5131011 59.881224 10.78438 153522 1198
1293004645 5132021 59.881327 10.784322 175243 1009
1293004646 5133022 59.881374 10.7843 170132 1001
1293004647 5134241 59.881413 10.784275 173051 1219
1293004648 5135251 59.881457 10.784236 158600 1010
1293004649 5136252 59.881497 10.784211 173579 1001
1293004650 5137261 59.881497 10.784211 160092 1009
1293004651 5138262 59.88159 10.784129 123177 1001
1293004652 5139481 59.881648 10.784076 155755 1219
1293004653 5140492 59.881701 10.784036 148728 1011
1293004654 5141512 59.881755 10.78398 114924 1020
1293004656 5142661 59.881805 10.783923 134665 1149
1293004657 5143681 59.881861 10.783887 124658 1020
1293004658 5144691 59.88196 10.783773 92303 1010
1293004659 5145781 59.88196 10.783773 111931 1090
1293004660 5146832 59.882045 10.783691 125585 1051
1293004661 5147861 59.882074 10.783645 65705 1029
1293004662 5148863 59.882074 10.783645 110266 1002
1293004663 5149911 59.882117 10.783606 144339 1048
1293004664 5150921 59.88213 10.78361 146471 1010
1293004665 5151922 59.88213 10.78361 166452 1001
1293004666 5152932 59.882131 10.783592 168270 1010
1293004667 5154041 59.882131 10.783592 155621 1109
1293004668 5155061 59.882131 10.783592 172925 1020
1293004669 5156151 59.882131 10.783592 131252 1090
1293004670 5157152 59.882131 10.783592 141771 1001
1293004671 5158161 59.882131 10.783592 179691 1009
1293004672 5159181 59.882137 10.783613 177955 1019
1293004673 5160310 59.882137 10.783613 140363 1129
1293004674 5161311 59.882137 10.783613 168937 1001
1293004675 5162440 59.882137 10.783613 135097 1129
1293004676 5163441 59.882137 10.783613 158950 1001
1293004677 5164452 59.882137 10.783613 159233 1011
1293004678 5165460 59.882137 10.783613 138750 1008
1293004679 5166461 59.882137 10.783613 92980 1001
1293004680 5167462 59.882137 10.783613 159477 1001
1293004682 5168553 59.882137 10.783613 159536 1091
1293004683 5169621 59.882137 10.783613 163496 1068
1293004684 5170631 59.882149 10.783616 163024 1010
1293004685 5171640 59.882186 10.783574 176252 1009
1293004686 5172820 59.882186 10.783574 141464 1180
1293004687 5173831 59.882245 10.783503 174563 1011
1293004688 5174834 59.882285 10.78346 147063 1003
1293004689 5175841 59.882285 10.78346 161605 1007
1293004690 5176911 59.882331 10.783403 142379 1070
1293004691 5178040 59.882435 10.783275 138283 1129
1293004692 5179080 59.882435 10.783275 144577 1040
1293004693 5180160 59.882554 10.783116 166484 1080
1293004694 5181270 59.882614 10.783027 160130 1110
1293004695 5182280 59.882675 10.782939 130836 1009
1293004696 5183291 59.882743 10.782854 123898 1011
1293004697 5184480 59.882817 10.782751 178436 1189
1293004699 5185610 59.882891 10.782648 189012 1130
1293004700 5186611 59.883055 10.782432 128268 1001
1293004701 5187620 59.883055 10.782432 116021 1009
1293004702 5188860 59.883141 10.782332 118135 1240
1293004703 5189940 59.883313 10.782081 130677 1080
1293004704 5191070 59.883313 10.782081 128083 1130
1293004705 5192071 59.883502 10.781833 125221 1001
1293004706 5193180 59.883599 10.781702 70484 1109
1293004707 5194370 59.883694 10.781588 61936 1190
1293004708 5195540 59.883783 10.781453 19152 1170
1293004710 5196552 59.883872 10.781319 106198 1012
1293004711 5197560 59.883956 10.781184 73589 1008
1293004712 5198563 59.884045 10.78105 110409 1003
1293004713 5199570 59.884126 10.780912 79413 1007
1293004714 5200579 59.884196 10.780771 104049 1009
1293004715 5201580 59.884277 10.780633 97252 1001
1293004716 5202889 59.884351 10.780492 90035 1309
1293004717 5204080 59.88442 10.780351 68233 1191
1293004718 5205090 59.884572 10.780054 79730 1010
1293004719 5206100 59.884572 10.780054 79254 1010
1293004720 5207110 59.884736 10.779761 84832 1010
1293004721 5208120 59.884814 10.779605 92289 1010
1293004722 5209150 59.884814 10.779605 37383 1030
1293004723 5210180 59.884966 10.779309 65231 1030
1293004724 5211309 59.885043 10.779171 120462 1129
1293004725 5212320 59.885043 10.779171 127818 1011
1293004726 5213340 59.885189 10.778892 91104 1020
1293004728 5214780 59.885257 10.778768 110264 1440
1293004729 5215781 59.885397 10.778507 138982 1001
1293004730 5216800 59.885462 10.778366 78059 1019
1293004731 5217879 59.885462 10.778366 74743 1079
1293004732 5218949 59.885525 10.778204 67793 1070
1293004733 5219950 59.88563 10.777876 71912 1001
1293004734 5220953 59.88563 10.777876 107344 1003
1293004735 5221969 59.885706 10.777503 72864 1016
1293004736 5222979 59.885725 10.777328 63147 1010
1293004737 5224209 59.885735 10.777114 51832 1230
1293004738 5225419 59.885734 10.776932 69521 1210
1293004739 5226420 59.88573 10.776732 123436 1001
1293004740 5227429 59.885731 10.776533 125035 1009
1293004741 5228479 59.885726 10.776351 61560 1050
1293004742 5229490 59.885724 10.776186 60596 1011
1293004744 5230659 59.885724 10.776025 112729 1169
1293004745 5231690 59.885751 10.775709 136354 1031
1293004746 5232749 59.885751 10.775709 83438 1059
1293004747 5233759 59.885777 10.775537 99621 1010
1293004748 5234789 59.885832 10.775266 98514 1030
1293004749 5235819 59.885832 10.775266 36801 1030
1293004750 5236839 59.885856 10.775168 44212 1020
1293004751 5237849 59.885898 10.775002 68674 1010
1293004752 5238850 59.885898 10.775002 74847 1001
1293004753 5239859 59.885912 10.774935 91566 1009
1293004754 5240899 59.885931 10.774889 53682 1040
1293004755 5241930 59.885931 10.774889 52634 1031
1293004756 5242939 59.885933 10.774872 14806 1008
1293004757 5243959 59.88593 10.774854 43776 1020
1293004758 5244969 59.88593 10.774854 33455 1010
1293004759 5245979 59.88593 10.774854 70270 1010
1293004760 5247009 59.885931 10.774837 87808 1030
1293004761 5248018 59.885931 10.774837 67032 1009
1293004762 5249019 59.885936 10.774837 65757 1001
1293004763 5250049 59.885937 10.774819 97206 1030
1293004764 5251079 59.885937 10.774819 54432 1030
1293004765 5252099 59.885937 10.774819 64922 1020
1293004766 5253109 59.885942 10.774819 101028 1009
1293004767 5254129 59.885942 10.774819 99350 1020
1293004768 5255149 59.885942 10.774819 74324 1020
1293004769 5256159 59.885935 10.774798 79167 1010
1293004770 5257169 59.885935 10.774798 65211 1010
1293004771 5258189 59.88594 10.774798 36936 1020
1293004772 5259199 59.885955 10.774767 74903 1010
1293004773 5260218 59.885955 10.774767 75614 1019
1293004774 5261219 59.885977 10.774647 58267 1001
1293004775 5262239 59.886001 10.774563 73872 1020
1293004776 5263259 59.886001 10.774563 30387 1020
1293004777 5264299 59.886031 10.774447 28728 1040
1293004778 5265338 59.886075 10.774316 27360 1039
1293004779 5266348 59.886124 10.774168 32260 1010
1293004780 5267388 59.886173 10.77402 43776 1040
1293004781 5268398 59.886289 10.773714 25738 1010
1293004782 5269409 59.886289 10.773714 36936 1011
1293004783 5270489 59.886429 10.773414 29921 1080
1293004784 5271498 59.886512 10.773258 49248 1009
1293004785 5272538 59.886598 10.773106 32431 1040
1293004786 5273539 59.886687 10.772972 61560 1001
1293004788 5274639 59.886782 10.77282 78086 1100
1293004789 5275640 59.886981 10.772554 132877 1001
1293004790 5276849 59.887082 10.772423 195010 1209
1293004791 5277850 59.887082 10.772423 219897 1001
1293004792 5279029 59.887275 10.772175 132886 1179
1293004793 5280039 59.887367 10.772058 175279 1010
1293004794 5281269 59.887459 10.771941 156250 1230
1293004795 5282309 59.887549 10.771841 169610 1040
1293004796 5283311 59.887641 10.771724 174705 1001
1293004797 5284319 59.887724 10.771621 144398 1008
1293004798 5285499 59.88781 10.771522 166297 1180
1293004799 5286509 59.887881 10.771416 171070 1010
1293004801 5287559 59.887954 10.77133 102268 1050
1293004802 5288562 59.888023 10.771242 155114 1003
1293004803 5289569 59.888087 10.771171 167294 1007
1293004804 5290570 59.888138 10.771096 204414 1001
1293004805 5291689 59.888239 10.770965 129204 1119
1293004806 5292690 59.888239 10.770965 163743 1001
1293004807 5293698 59.888289 10.770908 161234 1008
1293004808 5294699 59.888376 10.770791 137748 1001
1293004809 5295708 59.888376 10.770791 164308 1009
1293004810 5296810 59.888473 10.770674 120549 1102
1293004811 5298029 59.888532 10.770603 156671 1219
1293004812 5299219 59.888596 10.770515 153897 1190
1293004813 5300428 59.888661 10.770426 146024 1209
1293004814 5301429 59.888726 10.770338 154821 1001
1293004815 5302478 59.888796 10.770235 116337 1049
1293004817 5303709 59.888944 10.770029 168355 1231
1293004818 5304829 59.888944 10.770029 167322 1120
1293004819 5305839 59.889085 10.769841 172770 1010
1293004820 5306849 59.889155 10.769738 150824 1009
1293004821 5308028 59.889155 10.769738 237929 1179
1293004822 5309078 59.889312 10.769519 217434 1050
1293004823 5310289 59.889393 10.769419 167077 1211
1293004824 5311298 59.889393 10.769419 176703 1009
1293004825 5312468 59.889559 10.769185 143665 1170
1293004827 5313599 59.889642 10.769068 182969 1131
1293004828 5314609 59.889724 10.768969 201713 1010
1293004829 5315619 59.889893 10.768738 177721 1010
1293004830 5316628 59.889893 10.768738 193488 1009
1293004831 5317708 59.890059 10.768504 132360 1080
1293004832 5318709 59.890141 10.768404 187076 1001
1293004833 5319948 59.890141 10.768404 174625 1239
1293004834 5320958 59.890299 10.768167 163451 1010
1293004835 5321969 59.890373 10.768064 147655 1011
1293004836 5322988 59.890373 10.768064 144469 1019
1293004837 5323990 59.890522 10.767841 109357 1002
1293004838 5324998 59.890605 10.767724 152553 1008
1293004839 5326129 59.890605 10.767724 137978 1131
1293004840 5327138 59.890768 10.767487 167244 1009
1293004841 5328369 59.890854 10.767335 127995 1231
1293004842 5329370 59.890931 10.767197 158957 1001
1293004843 5330468 59.891017 10.767045 129581 1098
1293004844 5331469 59.891095 10.766889 158427 1001
1293004845 5332478 59.891166 10.76673 153017 1009
1293004846 5333488 59.891241 10.766557 132256 1010
1293004848 5334698 59.891313 10.766381 159537 1210
1293004849 5335708 59.891391 10.766226 188005 1010
1293004850 5336738 59.891539 10.765876 89001 1030
1293004851 5337808 59.891539 10.765876 134352 1070
1293004852 5338818 59.891678 10.765523 191152 1009
1293004853 5339928 59.891752 10.765368 170835 1110
1293004854 5340929 59.891752 10.765368 185639 1001
1293004855 5341947 59.891898 10.765036 140883 1018
1293004856 5343029 59.891973 10.764863 174544 1082
1293004857 5344208 59.892059 10.764711 210639 1178
1293004858 5345218 59.892139 10.764538 183749 1010
1293004859 5346228 59.892225 10.764386 114351 1010
1293004860 5347238 59.892323 10.764237 112500 1010
1293004861 5348248 59.892407 10.764103 180440 1010
1293004862 5349249 59.892505 10.763954 143166 1001
1293004863 5350258 59.892505 10.763954 139486 1009
1293004864 5351288 59.892679 10.763685 104967 1030
1293004865 5352448 59.892763 10.76355 173580 1160
1293004867 5353548 59.892852 10.763415 166627 1100
1293004868 5354550 59.892937 10.763281 164648 1002
1293004869 5355558 59.893026 10.763146 172523 1008
1293004870 5356562 59.893121 10.763033 142784 1004
1293004871 5357588 59.893205 10.762898 149110 1026
1293004872 5358598 59.8933 10.762784 210017 1010
1293004873 5359757 59.893483 10.762592 136652 1159
1293004874 5360768 59.893581 10.762496 162023 1011
1293004875 5361769 59.893581 10.762496 117935 1001
1293004876 5362889 59.893775 10.762324 158320 1120
1293004877 5363898 59.893867 10.762246 166045 1009
1293004878 5365058 59.893867 10.762246 138882 1160
1293004879 5366068 59.894078 10.762116 172041 1010
1293004880 5367177 59.894188 10.762062 134025 1109
1293004881 5368357 59.894293 10.762025 161615 1180
1293004882 5369367 59.89441 10.761991 146927 1010
1293004883 5370447 59.894526 10.761958 73679 1080
1293004884 5371477 59.894635 10.761921 66223 1030
1293004886 5372577 59.894748 10.761887 66611 1100
1293004887 5373607 59.894857 10.761851 51984 1030
1293004888 5374637 59.894961 10.761814 20855 1030
1293004889 5375677 59.895066 10.761777 34200 1040
1293004890 5376717 59.89517 10.76174 19969 1040
1293004891 5377748 59.89517 10.76174 28728 1031
1293004892 5378797 59.895375 10.761681 26994 1049
1293004893 5379807 59.895471 10.761658 28728 1010
1293004894 5380897 59.895571 10.761621 35453 1090
1293004895 5381927 59.895668 10.761581 45144 1030
1293004896 5382937 59.895751 10.761555 67525 1010
1293004897 5384027 59.895942 10.761457 84185 1090
1293004898 5385057 59.896033 10.761396 80614 1030
1293004899 5386067 59.896033 10.761396 85040 1010
1293004900 5387087 59.896225 10.761281 55624 1020
1293004901 5388237 59.896316 10.761219 48646 1150
1293004902 5389247 59.896316 10.761219 53352 1010
1293004903 5390257 59.896501 10.761101 62340 1010
1293004904 5391277 59.896591 10.76104 84156 1020
1293004905 5392297 59.896591 10.76104 77083 1020
1293004906 5393308 59.896755 10.760932 72768 1011
1293004907 5394327 59.896833 10.760867 74585 1019
1293004908 5395357 59.896833 10.760867 48624 1030
1293004909 5396377 59.896911 10.76082 53352 1020
1293004910 5397407 59.897057 10.760723 30740 1030
1293004911 5398426 59.897057 10.760723 32832 1019
1293004912 5399427 59.897123 10.760673 32832 1001
1293004913 5400446 59.897238 10.760605 23053 1019
1293004914 5401486 59.897238 10.760605 28728 1040
1293004915 5402496 59.897338 10.760529 19874 1010
1293004916 5403508 59.897384 10.760508 19152 1012
1293004918 5404546 59.897384 10.760508 30096 1038
1293004919 5405587 59.897469 10.760426 22464 1041
1293004920 5406709 59.897504 10.7604 32832 1121
1293004921 5407716 59.897504 10.7604 64875 1007
1293004922 5408717 59.897569 10.760312 75550 1001
1293004923 5409726 59.897605 10.760269 58101 1009
1293004924 5410743 59.897635 10.760206 86403 1017
1293004925 5411747 59.897692 10.760061 98263 1004
1293004926 5412757 59.897692 10.760061 82084 1010
1293004927 5413907 59.897713 10.759959 97707 1150
1293004928 5415106 59.897759 10.759794 69709 1199
1293004929 5416196 59.897759 10.759794 28728 1090
1293004930 5417296 59.897792 10.759695 16416 1100
1293004931 5418356 59.897819 10.759614 9576 1060
1293004933 5420127 59.89784 10.759512 4104 1771
1293004934 5421157 59.897867 10.759431 26609 1030
1293004935 5422177 59.897906 10.759353 16416 1020
1293004936 5423207 59.897938 10.759272 25992 1030
1293004937 5424237 59.897938 10.759272 17784 1030
1293004938 5425296 59.898024 10.75912 16197 1059
1293004939 5426326 59.898081 10.759066 24624 1030
1293004942 5428667 59.898081 10.759066 6840 2341
1293004943 5429716 59.898137 10.75903 6840 1049
1293004944 5431096 59.898261 10.759 28308 1380
1293004945 5432136 59.898261 10.759 32832 1040
1293004946 5433146 59.898328 10.759023 27360 1010
1293004947 5434166 59.898444 10.759046 27638 1020
1293004948 5435396 59.898503 10.759066 59038 1230
1293004950 5436686 59.898626 10.759092 74563 1290
1293004951 5437708 59.898626 10.759092 36936 1022
1293004952 5438746 59.898696 10.75908 34200 1038
1293004953 5439747 59.898816 10.75905 46166 1001
1293004954 5440772 59.898886 10.759038 37020 1025
1293004955 5441816 59.898945 10.759005 43776 1044
1293004956 5442856 59.898999 10.758987 25992 1040
1293004957 5443916 59.899067 10.758954 10814 1060
1293004958 5445046 59.899137 10.758942 19152 1130
1293004959 5446056 59.899204 10.758927 28728 1010
1293004960 5447086 59.899277 10.758933 16916 1030
1293004975 5462389 59.899341 10.758953 15048 15303
1293004976 5463410 59.899411 10.758994 75178 1021
1293004978 5464550 59.899609 10.759205 201533 1139
1293004979 5465700 59.8998 10.759541 204681 1149
1293004980 5466769 59.899971 10.75991 199363 1069
1293004981 5467771 59.900095 10.760317 204046 1002
1293004982 5468772 59.900189 10.760733 239866 1001
1293004983 5469911 59.900298 10.761302 224086 1139
1293004984 5470919 59.900389 10.7617 258484 1008
1293004985 5471920 59.900485 10.762097 222506 1001
1293004986 5473039 59.900544 10.762356 212582 1119
1293004987 5474170 59.900596 10.762631 216409 1131
1293004988 5475310 59.900621 10.762768 230772 1140
1293004989 5476319 59.90064 10.762921 196079 1009
1293004990 5477390 59.900652 10.763072 196815 1071
1293004991 5478521 59.900675 10.763226 224915 1131
1293004993 5479569 59.900692 10.763358 230547 1048
1293004994 5480609 59.900736 10.763663 214418 1040
1293004995 5481610 59.900736 10.763663 230796 1001
1293004996 5482799 59.900786 10.763949 241211 1189
1293004997 5483809 59.900809 10.764103 185995 1010
1293004998 5484819 59.900809 10.764103 173232 1010
1293004999 5485959 59.900881 10.764361 145329 1140
1293005000 5486969 59.900918 10.764501 133720 1010
1293005001 5487971 59.900918 10.764501 138087 1002
1293005002 5488979 59.901009 10.764731 119686 1008
1293005003 5489999 59.901059 10.764856 170459 1020
1293005004 5491189 59.901118 10.764985 174861 1190
1293005005 5492339 59.901168 10.76511 184224 1150
1293005006 5493349 59.901213 10.765253 177971 1010
1293005007 5494359 59.901213 10.765253 159851 1010
1293005008 5495369 59.901309 10.765504 136521 1010
1293005009 5496379 59.901355 10.765629 136881 1010
1293005010 5497389 59.901401 10.765754 125642 1010
1293005011 5498390 59.90144 10.765876 147185 1001
1293005012 5499399 59.901478 10.765998 159528 1009
1293005013 5500409 59.901524 10.766124 152236 1010
1293005014 5501419 59.901563 10.766246 132749 1010
1293005015 5502428 59.901597 10.766368 82993 1009
1293005016 5503429 59.901631 10.76649 105741 1001
1293005017 5504439 59.901659 10.766591 179735 1010
1293005018 5505449 59.901691 10.766692 118584 1010
1293005019 5506450 59.901711 10.76679 139411 1001
1293005020 5507458 59.901743 10.766891 124910 1008
1293005022 5508598 59.901775 10.766992 118266 1139
1293005023 5509599 59.901803 10.767093 149815 1001
1293005024 5510610 59.901892 10.767249 146524 1011
1293005025 5511611 59.901892 10.767249 178230 1001
1293005026 5512699 59.901999 10.767377 252050 1088
1293005027 5513700 59.902063 10.767436 273018 1001
1293005028 5514859 59.902063 10.767436 254116 1159
1293005029 5515860 59.9022 10.767538 267939 1001
1293005030 5517029 59.902271 10.7676 235432 1169
1293005031 5518199 59.90235 10.767627 288862 1170
1293005032 5519200 59.902431 10.767636 239557 1001
1293005033 5520202 59.902511 10.767645 242057 1002
1293005034 5521349 59.902586 10.767633 227623 1147
1293005035 5522369 59.902659 10.767639 242159 1020
1293005036 5523388 59.902724 10.767642 154649 1019
1293005037 5524390 59.902785 10.767644 197441 1002
1293005038 5525391 59.902845 10.767647 226891 1001
1293005039 5526398 59.902886 10.767642 187632 1007
1293005040 5527399 59.902927 10.767638 222804 1001
1293005041 5528430 59.902959 10.767648 221681 1030
1293005043 5529549 59.902979 10.767655 232320 1119
1293005044 5530589 59.902991 10.767658 212118 1040
1293005045 5531739 59.902994 10.767662 271352 1150
1293005046 5532829 59.902994 10.767662 248640 1089
1293005047 5533838 59.902985 10.767662 254490 1009
1293005048 5534969 59.902993 10.767665 245956 1131
1293005049 5535978 59.902993 10.767665 288367 1009
1293005050 5537150 59.902982 10.767683 253912 1172
1293005051 5538151 59.902985 10.767686 170012 1001
1293005052 5539228 59.902981 10.767686 183571 1077
1293005053 5540409 59.902981 10.767686 197223 1181
1293005054 5541428 59.902976 10.767686 222297 1019
1293005055 5542429 59.902983 10.767707 273445 1001
1293005057 5543559 59.902978 10.767707 227610 1130
1293005058 5544563 59.902974 10.767707 233059 1004
1293005059 5545699 59.902965 10.767707 266506 1136
1293005060 5546858 59.902968 10.76771 261509 1159
1293005061 5547859 59.902968 10.76771 250822 1001
1293005062 5548869 59.902957 10.767728 196765 1010
1293005063 5549884 59.902965 10.767731 189029 1015
1293005064 5550970 59.902965 10.767731 294497 1086
1293005065 5552019 59.902995 10.767706 304287 1048
1293005066 5553020 59.903025 10.767681 268322 1001
1293005067 5554029 59.903025 10.767681 256784 1009
1293005068 5555031 59.903118 10.767655 221623 1002
1293005069 5556229 59.903183 10.767657 270081 1198
1293005070 5557238 59.903183 10.767657 225043 1009
1293005071 5558278 59.903314 10.767662 209564 1040
1293005072 5559279 59.903383 10.767665 185685 1001
1293005073 5560289 59.903448 10.767667 157887 1010
1293005074 5561448 59.903506 10.767666 138050 1159
1293005075 5562490 59.903567 10.76763 182268 1042
1293005076 5563528 59.903619 10.767591 153690 1038
1293005077 5564529 59.903674 10.767534 162453 1001
1293005078 5565538 59.903724 10.767477 175329 1009
1293005079 5566539 59.90377 10.767417 170225 1001
1293005081 5567549 59.903822 10.767343 195263 1010
1293005082 5568553 59.903876 10.767286 160069 1004
1293005083 5569558 59.903932 10.767211 184325 1005
1293005084 5570647 59.90404 10.767045 154364 1089
1293005085 5571658 59.90404 10.767045 155161 1011
1293005086 5572668 59.904102 10.766992 130040 1010
1293005087 5573678 59.904222 10.766937 140618 1010
1293005088 5574848 59.904222 10.766937 115961 1170
1293005089 5575988 59.904367 10.766963 141311 1140
1293005090 5576997 59.904445 10.767007 85808 1009
1293005091 5578048 59.904445 10.767007 111144 1051
1293005092 5579257 59.904595 10.76711 140939 1209
1293005093 5580283 59.904665 10.767151 169816 1026
1293005094 5581418 59.904728 10.767189 133433 1135
1293005095 5582528 59.904782 10.767223 159188 1110
1293005096 5583537 59.904849 10.76726 123280 1009
1293005097 5584538 59.904905 10.767277 113868 1001
1293005099 5585558 59.904965 10.767311 113141 1020
1293005100 5586559 59.905021 10.767328 73717 1001
1293005101 5587567 59.905071 10.767324 76511 1008
1293005102 5588577 59.905112 10.767334 76249 1010
1293005103 5589587 59.905139 10.767358 110843 1010
1293005104 5590597 59.905166 10.767382 115128 1010
1293005105 5591598 59.905222 10.767413 157234 1001
1293005106 5592607 59.905222 10.767413 131081 1009
1293005107 5593642 59.905239 10.767417 130968 1035
1293005108 5594657 59.905254 10.767437 113971 1015
1293005109 5595658 59.905254 10.767437 150110 1001
1293005110 5596667 59.905248 10.767417 160466 1009
1293005111 5597817 59.905245 10.767413 149834 1150
1293005112 5598827 59.905245 10.767413 151841 1010
1293005113 5599868 59.905237 10.76741 154953 1041
1293005114 5600877 59.905228 10.767424 182228 1009
1293005115 5602048 59.905228 10.767424 135664 1171
1293005116 5603058 59.905224 10.767424 144837 1010
1293005117 5604067 59.905224 10.767424 116498 1009
1293005118 5605068 59.905224 10.767424 144195 1001
1293005119 5606208 59.905211 10.767421 151406 1140
1293005120 5607217 59.905211 10.767421 153535 1009
1293005121 5608218 59.905211 10.767421 115378 1001
1293005122 5609357 59.905211 10.767421 109110 1138
1293005123 5610367 59.905211 10.767421 110976 1010
1293005124 5611407 59.905211 10.767421 80245 1040
1293005125 5612408 59.905217 10.767403 44233 1001
1293005126 5613417 59.90523 10.767406 30625 1009
1293005129 5615799 59.90523 10.767406 19152 2382
1293005130 5616817 59.905316 10.767451 141084 1018
1293005131 5617827 59.905444 10.767529 146423 1010
1293005132 5619287 59.905506 10.767567 68012 1460
1293005134 5620698 59.905506 10.767567 45144 1411
1293005135 5621719 59.905701 10.767707 98949 1021
1293005136 5622748 59.905701 10.767707 132359 1029
1293005137 5623907 59.905809 10.767765 159434 1159
1293005138 5624927 59.905843 10.767796 136656 1020
1293005139 5626047 59.905843 10.767796 96667 1120
1293005140 5627048 59.905893 10.767816 135671 1001
1293005141 5628057 59.905901 10.767819 129467 1009
1293005142 5629248 59.905919 10.767843 158185 1191
1293005143 5630417 59.905927 10.767847 232905 1169
1293005144 5631428 59.905939 10.76785 203619 1011
1293005145 5632527 59.905945 10.767871 154685 1099
1293005147 5633717 59.905969 10.767878 175375 1190
1293005148 5634747 59.905969 10.767878 106000 1030
1293005149 5635777 59.90598 10.767898 157332 1030
1293005150 5636928 59.905992 10.767902 145748 1151
1293005151 5638056 59.905992 10.767902 145727 1128
1293005152 5639166 59.906 10.767919 133779 1110
1293005153 5640197 59.906012 10.767923 128364 1031
1293005154 5641317 59.906015 10.76794 134997 1120
1293005155 5642328 59.906019 10.76794 148378 1011
1293005156 5643347 59.906031 10.767944 124474 1019
1293005157 5644356 59.906031 10.767944 87900 1009
1293005158 5645366 59.906078 10.767974 75505 1010
1293005159 5646426 59.906122 10.767988 84097 1060
1293005160 5647436 59.906179 10.768005 78717 1010
1293005161 5648487 59.90623 10.768021 83188 1051
1293005162 5649496 59.90629 10.768041 115781 1009
1293005163 5650497 59.906362 10.768047 83664 1001
1293005165 5651746 59.906507 10.768076 112211 1249
1293005166 5652877 59.906507 10.768076 130177 1131
1293005167 5653887 59.906587 10.768085 170283 1010
1293005168 5654897 59.906748 10.768104 126250 1010
1293005169 5655916 59.906748 10.768104 132752 1019
1293005170 5656937 59.90683 10.768095 70949 1021
1293005171 5658296 59.906908 10.768087 5472 1359
1293005172 5659306 59.906983 10.768096 74950 1010
1293005173 5660316 59.907126 10.768076 105397 1010
1293005174 5661357 59.907196 10.768064 98272 1041
1293005175 5662366 59.907196 10.768064 72552 1009
1293005176 5663367 59.907334 10.768044 99050 1001
1293005177 5664377 59.907398 10.76805 115751 1010
1293005178 5665386 59.907468 10.768038 98668 1009
1293005179 5666396 59.907526 10.768023 104516 1010
1293005180 5667416 59.907592 10.767994 87417 1020
1293005181 5668446 59.907592 10.767994 62270 1030
1293005183 5669586 59.907724 10.767967 37253 1140
1293005184 5670596 59.907784 10.767934 56088 1010
1293005185 5671597 59.907843 10.767902 107070 1001
1293005186 5672598 59.907946 10.76783 158644 1001
1293005187 5673617 59.907946 10.76783 165052 1019
1293005188 5674637 59.907982 10.767826 161209 1020
1293005189 5675646 59.908065 10.7678 148783 1009
1293005190 5676827 59.908065 10.7678 156417 1181
1293005191 5677836 59.908097 10.76781 104303 1009
1293005192 5678876 59.908152 10.767844 130382 1040
1293005193 5679887 59.908152 10.767844 158366 1010
1293005194 5680977 59.908184 10.767868 223158 1090
1293005195 5682087 59.908193 10.767868 228421 1110
1293005196 5683107 59.908193 10.767868 208975 1020
1293005197 5684116 59.908203 10.767903 140405 1009
1293005198 5685117 59.908212 10.767903 197388 1001
1293005199 5686216 59.908225 10.767921 151598 1099
1293005200 5687217 59.908229 10.767921 201184 1001
1293005201 5688356 59.908237 10.767938 183785 1139
1293005202 5689366 59.908244 10.767956 181874 1010
1293005203 5690377 59.908246 10.767953 140103 1011
1293005204 5691386 59.908245 10.767967 176672 1009
1293005205 5692396 59.908253 10.767984 147060 1010
1293005206 5693406 59.908261 10.768002 126224 1010
1293005208 5694547 59.908265 10.768002 147660 1141
1293005209 5695556 59.908265 10.768002 124100 1009
1293005210 5696560 59.908277 10.768019 143961 1004
1293005211 5697636 59.908277 10.768019 160965 1076
1293005212 5698646 59.908285 10.768037 192623 1010
1293005213 5699657 59.908292 10.768055 160661 1011
1293005214 5700827 59.908292 10.768055 194764 1170
1293005215 5701835 59.908304 10.768058 159584 1008
1293005216 5702847 59.908316 10.768061 126872 1012
1293005217 5703976 59.908316 10.768061 103155 1129
1293005218 5704986 59.908324 10.768079 128761 1010
1293005219 5705996 59.908328 10.768079 112773 1010
1293005220 5707006 59.908328 10.768079 140969 1010
1293005221 5708016 59.908332 10.768096 131329 1010
1293005222 5709026 59.908336 10.768096 141859 1010
1293005223 5710047 59.908336 10.768096 146722 1021
1293005224 5711056 59.908347 10.768117 178087 1009
1293005225 5712066 59.908347 10.768117 154799 1010
1293005226 5713075 59.908347 10.768117 142356 1009
1293005227 5714186 59.90835 10.768135 144562 1111
1293005228 5715346 59.90835 10.768135 179367 1159
1293005229 5716355 59.908362 10.768138 145642 1009
1293005230 5717356 59.908362 10.768138 154931 1001
1293005231 5718365 59.908362 10.768138 146842 1009
1293005232 5719366 59.908365 10.768141 131313 1001
1293005233 5720376 59.908365 10.768141 118974 1010
1293005234 5721496 59.908366 10.768124 146766 1120
1293005235 5722515 59.908368 10.768106 97498 1019
1293005236 5723525 59.908371 10.76811 103050 1010
1293005237 5724526 59.908374 10.768075 65394 1001
1293005238 5725545 59.908391 10.768064 40592 1019
1293005240 5726625 59.908404 10.768049 36936 1080
1293005241 5727645 59.908427 10.768059 35270 1020
1293005242 5728755 59.908474 10.768076 151669 1110
1293005243 5729756 59.908499 10.768069 184400 1001
1293005244 5730904 59.908499 10.768069 137052 1148
1293005245 5731956 59.908559 10.768057 131482 1052
1293005246 5732967 59.908578 10.768028 130370 1011
1293005247 5733975 59.908578 10.768028 145241 1008
1293005248 5734976 59.908635 10.767908 136282 1001
1293005249 5735986 59.908659 10.767809 117052 1010
1293005250 5736995 59.908659 10.767809 110473 1009
1293005251 5738007 59.908749 10.76759 60956 1012
1293005252 5739015 59.908799 10.767481 67779 1008
1293005253 5740035 59.908799 10.767481 117199 1020
1293005254 5741085 59.908903 10.767247 107715 1050
1293005255 5742086 59.908945 10.767135 92367 1001
1293005256 5743096 59.908945 10.767135 98392 1010
1293005257 5744106 59.909034 10.766895 123585 1010
1293005258 5745126 59.909076 10.766782 136999 1020
1293005259 5746145 59.909076 10.766782 82126 1019
1293005260 5747366 59.909151 10.766556 43485 1221
1293005262 5748675 59.909188 10.766443 45144 1309
1293005263 5749695 59.909218 10.766327 98668 1020
1293005264 5750696 59.909283 10.76608 162371 1001
1293005265 5751795 59.909283 10.76608 166952 1099
1293005266 5752915 59.909365 10.765819 160893 1120
1293005267 5753927 59.909407 10.765706 122437 1012
1293005268 5754935 59.909407 10.765706 93920 1008
1293005269 5755946 59.909453 10.765488 144473 1011
1293005270 5757145 59.909488 10.765372 146288 1199
1293005271 5758166 59.909488 10.765372 114444 1021
1293005272 5759175 59.90957 10.765111 69390 1009
1293005273 5760195 59.909621 10.764984 85270 1020
1293005274 5761205 59.909621 10.764984 91283 1010
1293005275 5762225 59.909712 10.764726 78351 1020
1293005276 5763235 59.909755 10.764596 84660 1010
1293005277 5764255 59.909755 10.764596 72602 1020
1293005278 5765265 59.909843 10.764317 79358 1010
1293005279 5766285 59.909888 10.764169 83396 1020
1293005281 5768095 59.909888 10.764169 15048 1810
1293005282 5769105 59.909969 10.763888 94580 1010
1293005283 5770125 59.91002 10.76376 104669 1020
1293005284 5771145 59.910113 10.763482 84117 1020
1293005285 5772385 59.910158 10.763334 119702 1240
1293005286 5773386 59.910158 10.763334 10944 1001
1293005287 5774505 59.910242 10.76307 109600 1119
1293005288 5775506 59.910278 10.762936 144221 1001
1293005290 5776675 59.910344 10.762739 137149 1169
1293005291 5777685 59.910381 10.76264 152110 1010
1293005292 5778686 59.910381 10.76264 135684 1001
1293005293 5779695 59.910408 10.762559 154969 1009
1293005294 5780709 59.910471 10.762449 146157 1013
1293005295 5781714 59.910471 10.762449 145083 1005
1293005296 5782726 59.910492 10.7624 140333 1011
1293005297 5783735 59.910536 10.762336 138635 1009
1293005298 5784835 59.910536 10.762336 177149 1100
1293005299 5785846 59.910567 10.762178 174325 1011
1293005300 5786905 59.910576 10.762087 132888 1059
1293005301 5788085 59.910576 10.762087 198481 1180
1293005302 5789095 59.910604 10.761912 161118 1010
1293005303 5790105 59.91064 10.761778 140033 1010
1293005304 5791174 59.910668 10.761641 122587 1069
1293005305 5792175 59.910695 10.761521 145233 1001
1293005306 5793195 59.910705 10.761451 144766 1020
1293005307 5794304 59.91072 10.761381 117007 1109
1293005308 5795345 59.910727 10.761307 115327 1041
1293005309 5796354 59.910734 10.761234 91073 1009
1293005310 5797365 59.910734 10.761234 90841 1011
1293005311 5798385 59.910773 10.761093 91108 1020
1293005313 5799575 59.910795 10.76104 90573 1190
1293005314 5800585 59.910811 10.761005 111785 1010
1293005315 5801595 59.910829 10.760967 88237 1010
1293005316 5802604 59.910829 10.760967 69075 1009
1293005317 5803624 59.910843 10.760967 68708 1020
1293005318 5804625 59.910848 10.760963 72940 1001
1293005319 5805634 59.910848 10.760963 111119 1009
1293005320 5806635 59.910844 10.760978 135238 1001
1293005321 5807655 59.910845 10.760974 149998 1020
1293005322 5808656 59.910845 10.760974 143029 1001
1293005323 5809665 59.910842 10.760971 153880 1009
1293005324 5810674 59.910838 10.760985 149144 1009
1293005325 5811784 59.910838 10.760985 124298 1110
1293005326 5812814 59.910842 10.760985 164970 1030
1293005327 5813824 59.910834 10.760982 149628 1010
1293005328 5814825 59.910834 10.760982 142472 1001
1293005329 5815834 59.91083 10.760982 84941 1009
1293005330 5816835 59.910828 10.760999 116573 1001
1293005331 5817845 59.910828 10.760999 129946 1010
1293005332 5819004 59.910824 10.760999 137134 1159
1293005333 5820006 59.910819 10.760999 138570 1002
1293005334 5821055 59.910819 10.760999 146980 1049
1293005335 5822056 59.910815 10.760999 158328 1001
1293005336 5823064 59.910807 10.760996 150405 1008
1293005337 5824115 59.910807 10.760996 158393 1051
1293005338 5825134 59.910804 10.760993 148371 1019
1293005339 5826145 59.910804 10.760954 164658 1011
1293005340 5827165 59.910807 10.760919 145501 1020
1293005341 5828254 59.910808 10.760863 148771 1088
1293005342 5829264 59.910818 10.760793 149643 1010
1293005343 5830285 59.910832 10.760688 138641 1021
1293005344 5831286 59.910857 10.760586 140080 1001
1293005345 5832304 59.91087 10.76048 134213 1018
1293005346 5833334 59.910895 10.760378 132322 1029
1293005347 5834394 59.91091 10.760255 135139 1060
1293005348 5835454 59.91092 10.760132 142514 1060
1293005350 5836624 59.910974 10.759841 151435 1170
1293005351 5837625 59.911 10.759668 153149 1001
1293005352 5838626 59.911 10.759668 169394 1001
1293005353 5839794 59.911039 10.759499 146205 1168
1293005354 5840885 59.911112 10.759123 135903 1091
1293005355 5841886 59.911112 10.759123 150308 1001
1293005356 5842904 59.911152 10.758937 127549 1018
1293005357 5843925 59.911234 10.758599 71188 1021
1293005358 5845045 59.911234 10.758599 116920 1120
1293005359 5846054 59.911356 10.758327 126704 1008
1293005360 5847214 59.911436 10.758207 133396 1160
1293005361 5848225 59.911436 10.758207 147232 1011
1293005362 5849294 59.911572 10.757903 135363 1069
1293005363 5850304 59.911608 10.757731 119131 1010
1293005364 5851314 59.911631 10.757555 132422 1010
1293005365 5852324 59.911664 10.757418 143002 1010
1293005366 5853325 59.91168 10.757239 137023 1001
1293005367 5854334 59.91168 10.757239 135786 1009
1293005368 5855343 59.911703 10.75692 121341 1008
1293005369 5856354 59.911722 10.756744 144917 1011
1293005370 5857355 59.911747 10.756589 135220 1001
1293005372 5858564 59.911781 10.756435 135834 1209
1293005373 5859565 59.911811 10.75628 139399 1001
1293005374 5860574 59.911842 10.756108 148143 1009
1293005375 5861584 59.911886 10.755844 121914 1010
1293005376 5862783 59.911886 10.755844 120579 1199
1293005377 5863784 59.911911 10.755704 122893 1001
1293005378 5864954 59.91193 10.755451 133222 1170
1293005379 5866044 59.91193 10.755451 142645 1090
1293005380 5867064 59.911956 10.755255 143374 1020
1293005381 5868074 59.911977 10.755167 130470 1010
1293005382 5869084 59.911977 10.755167 140801 1010
1293005383 5870085 59.912064 10.75504 115750 1001
1293005384 5871194 59.912112 10.754976 120671 1109
1293005385 5872204 59.912112 10.754976 148675 1010
1293005386 5873205 59.912174 10.75486 120622 1001
1293005387 5874214 59.91219 10.754825 132251 1009
1293005388 5875404 59.912212 10.754772 134121 1190
1293005389 5876414 59.912229 10.754737 148506 1010
1293005391 5877564 59.912247 10.754685 162353 1150
1293005392 5878583 59.912263 10.754649 134078 1018
1293005393 5879593 59.912288 10.754576 80114 1010
1293005394 5880613 59.912288 10.754576 87124 1020
1293005395 5881623 59.912311 10.754523 93898 1010
1293005396 5882713 59.912327 10.75445 73478 1090
1293005397 5883723 59.912327 10.75445 79337 1010
1293005398 5884733 59.912323 10.754408 81751 1010
1293005399 5885743 59.912336 10.754264 93635 1010
1293005400 5886753 59.912336 10.754264 70746 1010
1293005401 5887773 59.912339 10.75419 97688 1020
1293005402 5888913 59.912333 10.753984 110865 1140
1293005403 5889924 59.912333 10.753984 129073 1011
1293005404 5890934 59.912308 10.753771 115951 1010
1293005405 5891943 59.912292 10.753673 99930 1009
1293005406 5892944 59.912292 10.753673 127054 1001
1293005407 5893954 59.91227 10.753477 122687 1010
1293005408 5894955 59.912253 10.753397 129292 1001
1293005409 5895964 59.912253 10.753397 117710 1009
1293005410 5897124 59.912229 10.753219 155097 1160
1293005411 5898263 59.912231 10.753163 156672 1139
1293005412 5899343 59.912221 10.753086 139434 1080
1293005413 5900344 59.912222 10.75303 152313 1001
1293005414 5901353 59.912219 10.752974 124491 1009
1293005415 5902404 59.91222 10.752918 128134 1051
1293005416 5903413 59.912226 10.752848 146496 1009
1293005417 5904423 59.912227 10.752792 130244 1010
1293005418 5905433 59.912227 10.752792 153439 1010
1293005419 5906453 59.912237 10.75263 138128 1020
1293005420 5907513 59.912247 10.75256 105278 1060
1293005421 5908523 59.912258 10.75249 91755 1010
1293005423 5909573 59.912259 10.752434 119059 1050
1293005424 5910633 59.912257 10.75236 157335 1059
1293005425 5911634 59.912254 10.752304 157082 1001
1293005426 5912653 59.912243 10.752192 147476 1019
1293005427 5913813 59.912243 10.752192 151257 1160
1293005428 5914953 59.912235 10.752098 154614 1140
1293005429 5915983 59.912253 10.752031 147738 1030
1293005430 5917123 59.912256 10.751996 143689 1140
1293005431 5917885 59.912263 10.751961 114512 762
