1296467112 855078 59.853269 10.800959 221769 1001
1296467113 856088 59.853295 10.800987 300556 1010
1296467114 857368 59.853307 10.80099 116598 1280
1296467116 858539 59.853327 10.800997 179669 1171
1296467117 859667 59.853337 10.801018 168666 1128
1296467118 860958 59.853357 10.801024 175020 1291
1296467119 861960 59.853406 10.801023 159838 1002
1296467120 862967 59.853427 10.801013 159930 1007
1296467121 864078 59.853427 10.801013 183592 1111
1296467122 865267 59.853483 10.800977 245877 1189
1296467123 866268 59.853504 10.800966 232941 1001
1296467124 867298 59.853527 10.800937 84816 1030
1296467125 868340 59.853549 10.800909 102546 1042
1296467126 869347 59.853572 10.800881 151310 1007
1296467127 870367 59.853572 10.800881 72554 1020
1296467128 871368 59.853617 10.800824 114449 1001
1296467129 872377 59.853632 10.800792 117971 1009
1296467130 873387 59.853654 10.800781 121742 1010
1296467132 874549 59.853672 10.800753 136611 1162
1296467133 875552 59.853687 10.800721 172368 1003
1296467134 876767 59.853709 10.800693 146549 1215
1296467135 877777 59.853723 10.800679 156208 1010
1296467136 879027 59.853738 10.800647 169646 1250
1296467137 880047 59.853777 10.800608 169799 1020
1296467138 881057 59.853805 10.80058 166945 1010
1296467139 882067 59.853805 10.80058 169495 1010
1296467140 883068 59.853848 10.80054 181850 1001
1296467141 884217 59.853874 10.80053 137838 1149
1296467142 885237 59.853874 10.80053 188737 1020
1296467143 886238 59.853936 10.800515 200594 1001
1296467144 887277 59.853962 10.800504 159224 1039
1296467145 888278 59.853991 10.800496 204045 1001
1296467146 889367 59.854024 10.800489 183495 1089
1296467147 890378 59.854051 10.80046 197514 1011
1296467148 891387 59.854092 10.800456 215771 1009
1296467149 892487 59.854126 10.800449 173487 1100
1296467151 893657 59.854173 10.800427 196262 1170
1296467152 894672 59.854218 10.800423 177451 1015
1296467153 895677 59.854261 10.800401 161342 1004
1296467154 896806 59.854306 10.800397 222699 1129
1296467155 897946 59.854415 10.80036 210733 1140
1296467156 899127 59.854474 10.800342 230541 1181
1296467157 900357 59.854474 10.800342 240105 1230
1296467158 901377 59.854609 10.800295 251493 1020
1296467159 902388 59.854685 10.800265 168214 1011
1296467160 903397 59.854759 10.800254 190297 1009
1296467161 904410 59.854839 10.800225 150496 1013
1296467162 905438 59.854927 10.800199 83448 1028
1296467163 906446 59.855015 10.800173 123505 1008
1296467165 907636 59.855108 10.800147 120449 1190
1296467166 908666 59.855208 10.800125 67032 1030
1296467167 909676 59.855309 10.800085 86184 1010
1296467168 910686 59.855409 10.800062 71136 1010
1296467169 911716 59.855514 10.80004 54650 1030
1296467170 912726 59.855621 10.80002 87552 1010
1296467171 913736 59.85574 10.800022 63177 1010
1296467172 914756 59.855846 10.800021 84816 1020
1296467173 915766 59.855969 10.800022 74261 1010
1296467174 916767 59.856092 10.800062 113544 1001
1296467175 917776 59.856216 10.800085 92448 1009
1296467176 918796 59.856339 10.800125 114912 1020
1296467177 919816 59.856597 10.800209 43819 1020
1296467178 920846 59.856597 10.800209 54720 1030
1296467179 921976 59.856859 10.800296 57481 1130
1296467180 923016 59.856994 10.800339 71136 1040
1296467181 924046 59.856994 10.800339 57456 1030
1296467182 925066 59.857261 10.80037 37905 1020
1296467183 926096 59.857398 10.800396 61560 1030
1296467184 927126 59.857398 10.800396 36936 1030
1296467185 928136 59.857668 10.800392 88920 1010
1296467186 929147 59.857813 10.800365 90171 1011
1296467187 930326 59.857813 10.800365 116262 1179
1296467188 931336 59.858094 10.800291 110808 1010
1296467189 932346 59.858234 10.800226 104939 1010
1296467190 933356 59.858378 10.800164 139937 1010
1296467191 934376 59.858519 10.800099 126180 1020
1296467192 935396 59.858648 10.800031 160056 1020
1296467193 936406 59.858784 10.799966 75629 1010
1296467194 937416 59.858908 10.799898 106704 1010
1296467195 938426 59.859037 10.799829 69812 1010
1296467196 939436 59.859161 10.799761 124488 1010
1296467197 940446 59.859284 10.79971 114755 1010
1296467198 941476 59.859399 10.799656 121954 1029
1296467199 942486 59.859514 10.799601 122007 1010
1296467200 943496 59.859615 10.799561 93855 1010
1296467201 944505 59.859717 10.799521 141855 1009
1296467202 945506 59.859805 10.799496 109799 1001
1296467203 946516 59.859885 10.799466 165352 1010
1296467204 947517 59.859953 10.799434 165712 1001
1296467205 948526 59.860012 10.799416 167210 1009
1296467207 949548 59.860059 10.799394 182070 1022
1296467208 950555 59.860092 10.799386 222984 1007
1296467209 951766 59.860126 10.799379 171051 1211
1296467210 952776 59.860144 10.799365 183525 1010
1296467211 953778 59.860163 10.799371 213408 1002
1296467212 954796 59.860177 10.799357 172054 1018
1296467213 955806 59.860203 10.799346 201273 1010
1296467214 957306 59.860228 10.799336 210891 1500
1296467216 958545 59.860298 10.799285 125567 1239
1296467217 959667 59.860345 10.799264 209290 1122
1296467218 960677 59.860387 10.799242 183461 1010
1296467219 961786 59.860436 10.799203 242904 1109
1296467220 962828 59.860477 10.79916 267391 1042
1296467221 963845 59.860581 10.799085 233038 1017
1296467222 964846 59.860636 10.799067 234550 1001
1296467223 965886 59.860636 10.799067 186266 1040
1296467224 966887 59.860692 10.799031 189486 1001
1296467225 967906 59.860814 10.79898 193490 1019
1296467228 970815 59.860814 10.79898 142272 2909
1296467229 971836 59.860996 10.798911 14358 1021
1296467230 972845 59.861128 10.798846 140904 1009
1296467231 973846 59.861182 10.798828 146730 1001
1296467232 974856 59.861182 10.798828 147957 1010
1296467233 975876 59.861299 10.798756 142505 1020
1296467234 977046 59.861353 10.798737 169542 1170
1296467235 978057 59.861353 10.798737 177840 1011
1296467236 979115 59.86145 10.798697 147625 1058
1296467237 980116 59.8615 10.798679 168264 1001
1296467238 981126 59.8615 10.798679 186048 1010
1296467239 982135 59.861588 10.798653 136119 1008
1296467240 983136 59.861634 10.798649 166896 1001
1296467246 989355 59.861675 10.798645 16384 6219
1296467248 990714 59.861816 10.798618 41655 1359
1296467249 991716 59.861841 10.798607 166340 1002
1296467250 992724 59.861841 10.798607 216201 1008
1296467251 993734 59.861843 10.79859 152664 1010
1296467252 995154 59.861847 10.79859 128530 1420
1296467253 996155 59.861847 10.79859 129960 1001
1296467254 997174 59.861852 10.79859 94818 1019
1296467255 998204 59.861852 10.79859 112711 1030
1296467256 999214 59.861852 10.79859 165528 1010
1296467257 1000224 59.861856 10.79859 152963 1009
1296467258 1001225 59.861856 10.79859 154337 1001
1296467259 1002235 59.861856 10.79859 154564 1010
1296467260 1003284 59.861861 10.79859 175034 1049
1296467261 1004304 59.861861 10.79859 180602 1020
1296467263 1005584 59.861861 10.79859 218104 1004
1296467264 1006594 59.861865 10.79859 181944 1010
1296467265 1007604 59.861865 10.79859 113893 1010
1296467266 1008615 59.861865 10.79859 177840 1011
1296467267 1009623 59.861865 10.79859 147886 1008
1296467268 1010624 59.861865 10.79859 132982 1001
1296467269 1011634 59.86187 10.79859 146376 1010
1296467270 1012635 59.86187 10.79859 150906 1001
1296467271 1013644 59.86187 10.79859 178670 1009
1296467272 1014747 59.86187 10.79859 184143 1103
1296467273 1015755 59.86187 10.79859 240453 1007
1296467274 1016764 59.86187 10.79859 155524 1009
1296467275 1017774 59.86187 10.79859 190152 1010
1296467276 1018784 59.861878 10.798593 122545 1010
1296467277 1019803 59.861879 10.798576 154584 1019
1296467278 1020804 59.8619 10.798565 103065 1001
1296467279 1021814 59.861926 10.798554 138168 1010
1296467280 1022830 59.861955 10.798547 101256 1016
1296467281 1023831 59.862002 10.798525 129960 1001
1296467282 1024832 59.862098 10.798446 99296 1001
1296467283 1025836 59.862098 10.798446 117648 1003
1296467284 1026844 59.862226 10.798343 82900 1008
1296467285 1027854 59.862297 10.798275 112146 1010
1296467286 1028873 59.862297 10.798275 121161 1019
1296467287 1029903 59.862457 10.798126 32589 1030
1296467288 1030953 59.862541 10.798044 20520 1049
1296467289 1031963 59.862541 10.798044 79344 1010
1296467291 1033793 59.862732 10.79787 17895 1830
1296467293 1036164 59.862838 10.797777 164164 2371
1296467294 1037174 59.863164 10.797485 210672 1010
1296467295 1038194 59.863164 10.797485 187612 1020
1296467296 1039195 59.863365 10.797279 164136 1001
1296467297 1040214 59.86346 10.797165 220248 1019
1296467298 1041224 59.86346 10.797165 193048 1010
1296467299 1042225 59.863634 10.796935 177093 1001
1296467300 1043294 59.863711 10.796797 188890 1069
1296467301 1044295 59.863783 10.79666 222984 1001
1296467302 1045303 59.863863 10.796487 168958 1008
1296467303 1046384 59.863943 10.796314 200490 1081
1296467304 1047463 59.864018 10.796141 223083 1079
1296467305 1048465 59.864084 10.795983 221935 1002
1296467306 1049466 59.864147 10.795807 185473 1001
1296467307 1050484 59.864223 10.795634 204331 1018
1296467308 1051493 59.864289 10.795475 191759 1009
1296467309 1052534 59.864357 10.795299 181567 1041
1296467311 1053623 59.864423 10.79514 196775 1089
1296467312 1054634 59.864489 10.794982 184269 1011
1296467313 1055653 59.864555 10.794823 167004 1019
1296467314 1056783 59.864626 10.794665 167742 1130
1296467315 1057794 59.864704 10.794509 174119 1011
1296467316 1058984 59.864775 10.794351 138571 1190
1296467317 1060084 59.864947 10.7941 149932 1100
1296467318 1061263 59.865033 10.794 139281 1179
1296467319 1062273 59.865127 10.793904 113544 1010
1296467321 1063878 59.865328 10.793751 16384 1605
1296467322 1064903 59.865328 10.793751 155089 1025
1296467323 1065904 59.865541 10.7936 76608 1001
1296467324 1066913 59.865644 10.793543 49922 1009
1296467325 1067914 59.865644 10.793543 108072 1001
1296467326 1068923 59.86586 10.793396 57170 1009
1296467327 1069983 59.865956 10.793335 49248 1060
1296467328 1071143 59.865956 10.793335 30096 1160
1296467329 1072153 59.866149 10.793217 143473 1010
1296467330 1073163 59.866233 10.793152 153216 1010
1296467331 1074173 59.866233 10.793152 143038 1010
1296467332 1075193 59.866392 10.793059 150480 1020
1296467333 1076213 59.866461 10.793009 94392 1020
1296467335 1077613 59.866461 10.793009 45803 1400
1296467336 1078642 59.8666 10.792909 72504 1029
1296467337 1079672 59.866664 10.792876 46512 1030
1296467338 1081103 59.866767 10.792818 41040 1431
1296467339 1082104 59.866802 10.792793 81584 1001
1296467340 1083113 59.866802 10.792793 149819 1009
1296467341 1084123 59.866858 10.792757 179208 1010
1296467342 1085134 59.86687 10.792761 119048 1011
1296467343 1086143 59.86687 10.792761 139775 1009
1296467344 1087153 59.866879 10.792747 120149 1010
1296467345 1088223 59.866879 10.792747 123308 1070
1296467346 1089233 59.866879 10.792747 147744 1010
1296467347 1090243 59.866886 10.79275 102958 1009
1296467348 1091253 59.866886 10.79275 143640 1010
1296467349 1092254 59.866886 10.79275 107282 1001
1296467350 1093263 59.866894 10.792753 147744 1009
1296467351 1094273 59.866894 10.792753 149112 1010
1296467352 1095282 59.866903 10.792739 107253 1008
1296467353 1096294 59.866903 10.792739 125948 1012
1296467354 1097503 59.866908 10.792739 146055 1209
1296467355 1098514 59.866908 10.792739 147660 1011
1296467356 1099522 59.866915 10.792742 121509 1008
1296467357 1100534 59.866915 10.792742 96921 1012
1296467359 1101547 59.866915 10.792742 107687 1013
1296467360 1102553 59.866915 10.792742 125077 1006
1296467361 1103562 59.866924 10.792728 95760 1009
1296467362 1104582 59.86695 10.792717 35424 1020
1296467363 1105602 59.866971 10.792707 57456 1020
1296467364 1106854 59.867006 10.792682 8208 1252
1296467365 1108002 59.8671 10.792638 24624 1148
1296467366 1109063 59.867164 10.792606 13680 1061
1296467367 1110262 59.867164 10.792606 8208 1199
1296467368 1111312 59.8673 10.792541 4104 1050
1296467369 1112402 59.867382 10.792494 10944 1090
1296467370 1113442 59.867471 10.79245 27360 1040
1296467372 1115012 59.86765 10.792364 28952 1570
1296467373 1116033 59.86765 10.792364 27360 1021
1296467374 1117102 59.867821 10.792273 21888 1069
1296467375 1118282 59.86791 10.79223 8208 1180
1296467376 1119366 59.867992 10.792183 9576 1084
1296467377 1120372 59.868081 10.79214 86184 1006
1296467379 1121962 59.868166 10.792097 45143 1590
1296467380 1122972 59.868345 10.79201 65664 1010
1296467381 1123973 59.868443 10.791952 65664 1001
1296467382 1124992 59.868443 10.791952 55370 1019
1296467383 1126012 59.868634 10.791869 75240 1020
1296467384 1127023 59.868731 10.791829 93024 1011
1296467385 1128032 59.868731 10.791829 57220 1009
1296467386 1129042 59.868938 10.791734 38304 1010
1296467387 1130062 59.869044 10.79168 46512 1020
1296467388 1131272 59.869044 10.79168 37705 1210
1296467389 1132302 59.869261 10.791572 35568 1030
1296467390 1133342 59.869372 10.791517 35568 1040
1296467391 1134352 59.869476 10.791481 28728 1010
1296467392 1135392 59.869579 10.791423 19355 1040
1296467395 1138082 59.869684 10.791386 13680 2690
1296467396 1139102 59.869994 10.791234 147352 1020
1296467397 1140112 59.869994 10.791234 34200 1010
1296467398 1141122 59.870194 10.791137 68400 1010
1296467399 1142202 59.870293 10.791079 75622 1080
1296467400 1143252 59.870293 10.791079 49248 1050
1296467401 1144312 59.87047 10.790957 36936 1060
1296467402 1145322 59.870553 10.790893 12312 1010
1296467403 1146411 59.870636 10.790829 10944 1089
1296467404 1147462 59.870713 10.790782 19152 1051
1296467407 1149668 59.870784 10.790714 16384 2206
1296467408 1150722 59.870911 10.790611 45051 1053
1296467409 1151782 59.870967 10.790575 13680 1060
1296467410 1152831 59.871008 10.790532 10944 1049
1296467411 1153842 59.871065 10.790479 20520 1011
1296467412 1154891 59.871065 10.790479 16416 1049
1296467413 1155912 59.871078 10.790482 13680 1021
1296467414 1156952 59.871087 10.790468 36936 1040
1296467415 1157982 59.871087 10.790468 58824 1030
1296467416 1159392 59.871087 10.790468 28779 1410
1296467417 1160422 59.871087 10.790468 39672 1030
1296467418 1161451 59.871094 10.790471 50616 1029
1296467419 1162452 59.871094 10.790471 36936 1001
1296467420 1163521 59.871094 10.790471 24624 1069
1296467422 1164551 59.871094 10.790471 27360 1030
1296467423 1165562 59.871094 10.790471 31464 1011
1296467424 1166581 59.871094 10.790471 8335 1019
1296467425 1167612 59.871102 10.790475 34200 1031
1296467426 1168811 59.871102 10.790475 35568 1199
1296467427 1169812 59.871102 10.790475 32832 1001
1296467428 1170851 59.871102 10.790475 30096 1039
1296467429 1171871 59.871102 10.790475 35568 1020
1296467430 1172901 59.871102 10.790475 36936 1030
1296467431 1173921 59.871105 10.790478 25546 1020
1296467432 1174941 59.871105 10.790478 36936 1020
1296467433 1175951 59.871105 10.790478 25992 1010
1296467434 1176981 59.871105 10.790478 19152 1030
1296467435 1178001 59.871119 10.790464 57456 1020
1296467438 1180962 59.871119 10.790464 12312 2961
1296467439 1181981 59.871184 10.790414 113696 1019
1296467440 1183051 59.871268 10.790332 41040 1070
1296467441 1184052 59.871324 10.790296 75240 1001
1296467442 1185061 59.871324 10.790296 76608 1009
1296467443 1186071 59.871445 10.790172 63356 1010
1296467444 1187082 59.871515 10.790122 93024 1010
1296467445 1188091 59.871515 10.790122 78753 1009
1296467446 1189092 59.871683 10.789975 116280 1001
1296467447 1190102 59.871776 10.789879 117097 1010
1296467448 1191121 59.871776 10.789879 127400 1019
1296467449 1192222 59.87198 10.789691 174455 1100
1296467450 1193232 59.872086 10.789598 183312 1010
1296467451 1194241 59.872086 10.789598 126581 1009
1296467452 1195251 59.872324 10.789402 116280 1010
1296467453 1196252 59.872444 10.789277 93024 1001
1296467454 1197261 59.872444 10.789277 53891 1008
1296467455 1198271 59.872697 10.78905 136800 1010
1296467456 1199281 59.872816 10.788943 113544 1010
1296467457 1200291 59.872945 10.788822 86494 1010
1296467458 1201332 59.873076 10.788718 61560 1041
1296467459 1202341 59.873205 10.788597 53352 1009
1296467460 1203351 59.873324 10.78849 68400 1010
1296467461 1204361 59.873451 10.788387 43857 1010
1296467462 1205365 59.873566 10.78828 49248 1004
1296467463 1206401 59.873686 10.788173 38304 1035
1296467464 1207411 59.873799 10.788083 36936 1010
1296467465 1208432 59.873911 10.787973 36936 1021
1296467466 1209440 59.874015 10.787898 23256 1008
1296467467 1210461 59.874121 10.787805 35568 1021
1296467469 1211631 59.874221 10.78773 21063 1170
1296467470 1212650 59.874306 10.787648 35568 1019
1296467471 1213661 59.874396 10.787587 42408 1011
1296467472 1214681 59.87448 10.787523 42408 1020
1296467473 1215711 59.874548 10.787491 35568 1030
1296467476 1219019 59.874654 10.787398 16384 3308
1296467477 1220031 59.874743 10.787354 109901 1012
1296467478 1221040 59.874743 10.787354 28728 1009
1296467479 1222041 59.87476 10.787344 30096 1001
1296467480 1223111 59.87476 10.787344 34200 1070
1296467481 1224131 59.87476 10.787344 24624 1020
1296467482 1225161 59.874764 10.787344 14239 1030
1296467483 1226171 59.874764 10.787344 36936 1010
1296467484 1227200 59.874764 10.787344 27360 1029
1296467485 1228231 59.874772 10.787347 25992 1031
1296467487 1229681 59.874772 10.787347 21888 1450
1296467488 1230720 59.874772 10.787347 17784 1039
1296467489 1231750 59.874772 10.787347 13903 1030
1296467490 1232751 59.874772 10.787347 35568 1001
1296467491 1233800 59.874772 10.787347 34200 1049
1296467492 1234820 59.874787 10.787354 30096 1020
1296467493 1236260 59.874787 10.787354 44011 1440
1296467494 1237271 59.874835 10.787314 34200 1011
1296467495 1238340 59.87487 10.787289 20520 1069
1296467496 1239380 59.874925 10.787271 25992 1040
1296467497 1240420 59.874981 10.787235 23256 1040
1296467499 1241680 59.875043 10.787182 17784 1260
1296467500 1242860 59.875209 10.787091 13680 1180
1296467501 1244260 59.875303 10.787048 18601 1400
1296467502 1245280 59.875406 10.78699 24624 1020
1296467503 1246290 59.875517 10.786936 32832 1010
1296467504 1247480 59.875629 10.786864 50616 1190
1296467506 1248600 59.875751 10.786813 50982 1120
1296467507 1249630 59.875875 10.786745 47880 1030
1296467508 1250640 59.875994 10.786694 42408 1010
1296467509 1251880 59.87625 10.78656 44575 1240
1296467510 1252920 59.876368 10.786509 43776 1040
1296467511 1253930 59.876368 10.786509 34200 1010
1296467512 1254970 59.876615 10.78639 39944 1040
1296467513 1255990 59.876734 10.786322 54720 1020
1296467514 1257010 59.876734 10.786322 50616 1020
1296467515 1258020 59.87698 10.78622 42305 1010
1296467516 1259030 59.877105 10.786172 67032 1010
1296467517 1260240 59.877105 10.786172 67965 1210
1296467518 1261241 59.87734 10.786049 72504 1001
1296467519 1262250 59.877463 10.785998 76608 1009
1296467520 1263270 59.877578 10.785944 60150 1020
1296467521 1264300 59.877696 10.785893 75240 1030
1296467522 1265310 59.877814 10.785842 72504 1010
1296467523 1266320 59.877931 10.78577 57456 1010
1296467524 1267330 59.878049 10.785719 61560 1010
1296467525 1268360 59.878164 10.785665 52265 1030
1296467526 1269371 59.878274 10.785611 51984 1011
1296467527 1270391 59.878393 10.78556 53352 1019
1296467528 1271400 59.878503 10.785506 41040 1008
1296467529 1272430 59.878618 10.785451 36936 1030
1296467530 1273470 59.878721 10.785394 27360 1040
1296467531 1274520 59.878832 10.785339 30096 1050
1296467533 1275560 59.878942 10.785285 15048 1040
1296467536 1278910 59.879154 10.785191 10944 3350
1296467537 1279920 59.87946 10.785053 6355 1010
1296467539 1281820 59.87946 10.785053 186777 1900
1296467540 1282860 59.879715 10.784937 174381 1040
1296467541 1284000 59.879715 10.784937 183278 1140
1296467542 1285001 59.879837 10.784886 217512 1001
1296467543 1286010 59.879884 10.784864 152623 1009
1296467544 1287020 59.879884 10.784864 162038 1010
1296467545 1288030 59.879965 10.784835 173300 1009
1296467546 1289040 59.879999 10.78481 178211 1010
1296467547 1290050 59.879999 10.78481 224352 1010
1296467548 1291051 59.88008 10.784781 165945 1001
1296467549 1292052 59.880134 10.784762 166970 1001
1296467550 1293060 59.880134 10.784762 167603 1007
1296467551 1294190 59.880236 10.784722 182527 1130
1296467552 1295420 59.880292 10.784686 201963 1230
1296467554 1296600 59.880339 10.784665 176904 1180
1296467555 1297611 59.880389 10.784646 174906 1011
1296467556 1298620 59.88044 10.784624 168139 1009
1296467557 1299630 59.880496 10.784589 134615 1010
1296467558 1300709 59.880551 10.78457 154770 1079
1296467559 1301710 59.880613 10.784555 227084 1001
1296467560 1302830 59.880673 10.784519 196709 1120
1296467561 1303840 59.880796 10.784468 244760 1010
1296467562 1304850 59.880796 10.784468 214955 1010
1296467563 1305860 59.880919 10.784417 165706 1010
1296467564 1306870 59.880979 10.784381 178668 1010
1296467565 1307872 59.880979 10.784381 191364 1002
1296467566 1308940 59.881088 10.784345 155627 1068
1296467567 1309950 59.881144 10.784309 220001 1010
1296467568 1310951 59.881144 10.784309 216447 1001
1296467569 1311960 59.881258 10.784272 227778 1009
1296467570 1313081 59.8813 10.78425 193754 1121
1296467571 1314100 59.8813 10.78425 238654 1018
1296467572 1315170 59.881403 10.784193 244267 1070
1296467573 1316172 59.881438 10.784168 212755 1002
1296467574 1317180 59.881438 10.784168 222438 1008
1296467575 1318190 59.881508 10.784117 222417 1010
1296467576 1319210 59.881541 10.78411 221820 1019
1296467577 1320250 59.881541 10.78411 180245 1040
1296467578 1321252 59.881585 10.784071 206789 1002
1296467579 1322253 59.881615 10.784046 202862 1001
1296467580 1323259 59.881615 10.784046 138540 1006
1296467581 1324270 59.881685 10.783995 183244 1009
1296467582 1325369 59.881721 10.783953 130280 1099
1296467583 1326370 59.881763 10.783931 139773 1001
1296467584 1327390 59.881813 10.783874 153556 1020
1296467585 1328450 59.881857 10.783835 173701 1060
1296467587 1329589 59.881905 10.783796 173438 1138
1296467588 1330820 59.881999 10.7837 172896 1231
1296467589 1331839 59.881999 10.7837 98496 1019
1296467590 1332859 59.882072 10.783615 50448 1020
1296467591 1333869 59.882106 10.78359 82080 1010
1296467592 1335069 59.882106 10.78359 187656 1200
1296467593 1336070 59.88213 10.783544 224424 1001
1296467594 1337071 59.882143 10.783547 230502 1001
1296467595 1338090 59.882143 10.783547 191631 1019
1296467596 1339091 59.882143 10.783547 197939 1001
1296467597 1340096 59.882143 10.783547 185574 1004
1296467598 1341100 59.882143 10.783547 197385 1004
1296467599 1342111 59.882143 10.783547 206679 1011
1296467600 1343112 59.882143 10.783547 205483 1001
1296467601 1344129 59.882143 10.783547 207484 1017
1296467602 1345131 59.882143 10.783547 203506 1001
1296467603 1346132 59.882143 10.783547 177820 1001
1296467604 1347150 59.882143 10.783547 162157 1018
1296467605 1348159 59.882143 10.783547 142272 1009
1296467606 1349160 59.882143 10.783547 97511 1001
1296467607 1350169 59.882143 10.783547 142054 1008
1296467608 1351170 59.882149 10.783529 180945 1001
1296467609 1352179 59.882149 10.783529 187416 1009
1296467610 1353190 59.882149 10.783529 158634 1011
1296467611 1354200 59.882149 10.783529 198627 1010
1296467612 1355211 59.882149 10.783529 217029 1010
1296467613 1356230 59.882149 10.783529 257890 1019
1296467614 1357231 59.882185 10.783487 238870 1001
1296467615 1358300 59.882212 10.783458 188619 1069
1296467616 1359399 59.882212 10.783458 179077 1099
1296467617 1360400 59.882284 10.783373 143640 1001
1296467618 1361409 59.88233 10.783316 181794 1009
1296467619 1362429 59.882381 10.783242 171661 1020
1296467621 1363555 59.882444 10.783171 175602 1126
1296467622 1364559 59.882505 10.783082 189862 1004
1296467623 1365561 59.882577 10.782997 103723 1002
1296467624 1366570 59.882642 10.782909 203352 1009
1296467625 1367590 59.882715 10.782823 180061 1020
1296467626 1368599 59.882789 10.782721 189506 1009
1296467627 1369600 59.882876 10.782604 187251 1001
1296467628 1370669 59.882955 10.782501 206087 1069
1296467629 1371670 59.883042 10.782384 255816 1001
1296467630 1372679 59.883139 10.782253 184052 1009
1296467631 1373689 59.883231 10.782136 190365 1010
1296467632 1374699 59.883326 10.782022 188459 1010
1296467633 1375719 59.883427 10.781891 132774 1019
1296467634 1376729 59.883524 10.78176 167275 1010
1296467635 1377739 59.883634 10.781615 185273 1010
1296467636 1378749 59.883735 10.781484 141132 1010
1296467637 1379759 59.883836 10.781352 146376 1010
1296467638 1380956 59.884025 10.781052 44417 1197
1296467639 1382018 59.884115 10.7809 120384 1062
1296467640 1383029 59.884115 10.7809 138583 1011
1296467641 1384030 59.88429 10.780575 146585 1001
1296467642 1385038 59.884372 10.780419 123695 1008
1296467643 1386040 59.884372 10.780419 164543 1001
1296467644 1387041 59.884534 10.780108 184484 1001
1296467645 1388049 59.884616 10.779953 154062 1008
1296467646 1389051 59.884616 10.779953 170930 1002
1296467647 1390059 59.884777 10.779642 190890 1008
1296467648 1391069 59.884856 10.779487 197878 1009
1296467649 1392070 59.884856 10.779487 182207 1001
1296467650 1393269 59.88502 10.779179 145674 1199
1296467651 1394278 59.885101 10.779042 143640 1009
1296467652 1395279 59.885175 10.778886 129598 1001
1296467653 1396289 59.885252 10.778748 158350 1010
1296467654 1397290 59.885329 10.77861 146719 1001
1296467655 1398298 59.885393 10.778469 177953 1008
1296467656 1399309 59.885463 10.778328 156786 1011
1296467657 1400318 59.885515 10.778183 164820 1009
1296467659 1401789 59.885515 10.778183 93287 1470
1296467660 1402938 59.885667 10.777691 117648 1148
1296467661 1404088 59.885667 10.777691 94637 1150
1296467662 1405098 59.885721 10.777329 202464 1010
1296467663 1406109 59.885728 10.77715 161054 1011
1296467664 1407118 59.885728 10.77715 162920 1009
1296467665 1408128 59.885734 10.776789 170560 1010
1296467666 1409238 59.885734 10.776607 177525 1110
1296467667 1410250 59.885734 10.776607 166367 1012
1296467668 1411258 59.885741 10.776229 227398 1008
1296467669 1412260 59.885747 10.776067 191016 1002
1296467670 1413268 59.885758 10.775889 163013 1008
1296467671 1414270 59.885773 10.775713 234581 1002
1296467672 1415278 59.885804 10.775541 127766 1008
1296467673 1416288 59.885829 10.775386 112044 1010
1296467674 1417298 59.885859 10.775232 93059 1009
1296467675 1418299 59.885896 10.775081 106704 1001
1296467676 1419345 59.88592 10.774944 56088 1046
1296467677 1420368 59.885945 10.774842 41991 1023
1296467678 1421388 59.885972 10.774761 86184 1020
1296467679 1422498 59.88599 10.774694 98127 1110
1296467680 1423518 59.885999 10.774641 108072 1020
1296467681 1424528 59.886009 10.774609 88920 1010
1296467683 1425552 59.886014 10.774609 180811 1024
1296467684 1426668 59.886008 10.774589 255228 1116
1296467685 1427678 59.886008 10.774589 272232 1010
1296467686 1428697 59.886012 10.774589 226285 1019
1296467687 1429698 59.886012 10.774589 254448 1001
1296467688 1430709 59.886012 10.774589 231448 1011
1296467689 1431718 59.886017 10.774589 230256 1009
1296467690 1432728 59.886018 10.774571 234593 1010
1296467691 1433729 59.886018 10.774571 215800 1001
1296467692 1434738 59.886018 10.774571 223482 1009
1296467693 1435767 59.886018 10.774571 187206 1029
1296467694 1436888 59.886018 10.774571 198727 1121
1296467695 1437908 59.886033 10.774539 147744 1019
1296467696 1438917 59.886045 10.77449 61560 1009
1296467697 1439928 59.886045 10.77449 78077 1011
1296467698 1440938 59.88609 10.774342 116280 1010
1296467699 1442057 59.88611 10.774258 132125 1119
1296467700 1443068 59.88611 10.774258 77976 1010
1296467701 1444077 59.886191 10.774015 56088 1009
1296467702 1445158 59.886234 10.773884 27360 1081
1296467703 1446497 59.886234 10.773884 21888 1339
1296467704 1447508 59.886335 10.773609 65664 1011
1296467706 1448557 59.886393 10.773447 46512 1049
1296467707 1449577 59.886464 10.773288 29867 1020
1296467708 1450587 59.886542 10.773133 38304 1010
1296467709 1451588 59.886633 10.772981 50616 1001
1296467710 1452617 59.886723 10.772829 46512 1029
1296467711 1453637 59.886826 10.77268 39672 1020
1296467712 1454727 59.886927 10.772549 41040 1090
1296467713 1455787 59.887037 10.772404 23256 1060
1296467715 1457588 59.887251 10.772145 58816 1801
1296467716 1458608 59.887352 10.772013 164160 1020
1296467717 1459737 59.887452 10.7719 42408 1129
1296467718 1460767 59.887552 10.771786 107067 1030
1296467719 1461770 59.887639 10.771669 87552 1003
1296467720 1462797 59.887731 10.771552 86184 1027
1296467721 1463807 59.887819 10.771435 82080 1010
1296467722 1464837 59.887899 10.771353 45236 1030
1296467723 1465877 59.888041 10.771179 35568 1040
1296467724 1466927 59.888041 10.771179 21888 1050
1296467725 1467947 59.888164 10.77102 77976 1020
1296467726 1468948 59.888214 10.770963 154511 1001
1296467727 1470177 59.888214 10.770963 310391 1228
1296467728 1471179 59.8883 10.770863 295488 1002
1296467729 1472187 59.888329 10.770817 202070 1008
1296467730 1473197 59.888329 10.770817 208310 1010
1296467731 1474278 59.8884 10.77075 272306 1081
1296467732 1475288 59.888445 10.770693 270864 1010
1296467733 1476297 59.888487 10.770633 182348 1009
1296467734 1477299 59.888546 10.770562 228456 1002
1296467735 1478307 59.888598 10.770487 167228 1008
1296467736 1479317 59.88867 10.770402 253080 1010
1296467737 1480319 59.888744 10.770299 211509 1001
1296467738 1481320 59.888827 10.770182 217509 1001
1296467739 1482528 59.888915 10.770065 206405 1208
1296467741 1483537 59.889002 10.769948 239736 1009
1296467742 1484538 59.889094 10.769817 318024 1001
1296467743 1485539 59.889183 10.769682 265599 1001
1296467744 1486540 59.88928 10.769551 262799 1001
1296467745 1487554 59.889376 10.76942 232178 1014
1296467746 1488588 59.889486 10.769275 255282 1034
1296467747 1489748 59.889584 10.769126 285501 1160
1296467748 1490749 59.889695 10.76898 280261 1001
1296467749 1491757 59.889797 10.768832 266728 1008
1296467750 1492758 59.889907 10.768686 262357 1001
1296467751 1493767 59.890019 10.768523 251675 1009
1296467752 1494768 59.890135 10.76836 190873 1001
1296467753 1495857 59.890363 10.768034 234867 1088
1296467754 1496858 59.890363 10.768034 250547 1001
1296467755 1497867 59.890589 10.767726 87309 1009
1296467756 1498877 59.890693 10.767559 140858 1010
1296467757 1499887 59.890693 10.767559 177840 1010
1296467758 1500897 59.890916 10.767233 229157 1009
1296467759 1501898 59.891008 10.767064 214906 1001
1296467760 1502908 59.891008 10.767064 188798 1010
1296467761 1503927 59.891188 10.76671 203408 1019
1296467762 1504937 59.891276 10.766523 175002 1010
1296467763 1505947 59.891276 10.766523 202464 1009
1296467764 1506976 59.891355 10.766315 45349 1029
1296467765 1507977 59.891517 10.76592 213408 1001
1296467766 1508986 59.891517 10.76592 205026 1009
1296467767 1509997 59.891676 10.765507 199251 1011
1296467768 1511008 59.891756 10.76532 160609 1010
1296467769 1512037 59.891756 10.76532 206354 1029
1296467770 1513046 59.891928 10.76491 173736 1009
1296467771 1514056 59.892012 10.764723 153596 1010
1296467772 1515097 59.892012 10.764723 223575 1041
1296467773 1516107 59.892202 10.764337 226437 1009
1296467774 1517108 59.892309 10.764174 246059 1001
1296467775 1518116 59.892309 10.764174 207709 1008
1296467776 1519276 59.89252 10.763831 197792 1160
1296467777 1520277 59.892627 10.763668 228456 1001
1296467778 1521297 59.892728 10.763522 160694 1019
1296467779 1522516 59.892834 10.763377 264402 1219
1296467780 1523527 59.892928 10.763228 243086 1011
1296467781 1524536 59.893033 10.763083 255572 1009
1296467783 1525537 59.893139 10.762937 189236 1001
1296467784 1526538 59.893243 10.762809 261787 1001
1296467785 1527554 59.893354 10.762702 242799 1016
1296467786 1528556 59.893458 10.762574 238227 1002
1296467787 1529567 59.893564 10.762482 167242 1011
1296467788 1530576 59.893665 10.762389 205200 1009
1296467789 1531586 59.893774 10.762299 150835 1010
1296467790 1532606 59.893878 10.762224 203832 1020
1296467791 1533607 59.89399 10.762152 100667 1001
1296467792 1534812 59.894208 10.76204 163771 1205
1296467793 1535816 59.894208 10.76204 195624 1004
1296467794 1536817 59.894319 10.761985 161328 1001
1296467795 1537819 59.894529 10.761908 212040 1002
1296467796 1538827 59.894529 10.761908 153344 1008
1296467797 1539836 59.894731 10.761846 207936 1009
1296467798 1540846 59.894835 10.761809 140904 1010
1296467799 1541866 59.894835 10.761809 120624 1019
1296467800 1542906 59.895037 10.761746 121752 1040
1296467801 1543946 59.89514 10.761727 46512 1040
1296467802 1544976 59.89514 10.761727 38304 1030
1296467803 1546006 59.895332 10.761664 23256 1030
1296467804 1547036 59.895432 10.761641 28728 1030
1296467805 1548077 59.895432 10.761641 38304 1041
1296467806 1549086 59.895629 10.761578 43776 1009
1296467807 1550101 59.895725 10.761556 51431 1015
1296467808 1551106 59.895725 10.761556 101232 1005
1296467809 1552116 59.895911 10.761472 105336 1009
1296467810 1553126 59.89601 10.761414 110060 1010
1296467811 1554128 59.89601 10.761414 131328 1002
1296467812 1555136 59.896206 10.761299 95444 1008
1296467813 1556137 59.896311 10.761224 114912 1001
1296467814 1557336 59.896311 10.761224 71596 1198
1296467815 1558346 59.896517 10.761094 65664 1010
1296467816 1559359 59.896615 10.761036 97128 1013
1296467817 1560376 59.896707 10.760958 118205 1016
1296467818 1561386 59.896797 10.760914 132696 1010
1296467819 1562396 59.896883 10.760853 97247 1010
1296467821 1563616 59.896969 10.760792 122572 1220
1296467822 1564666 59.897054 10.760748 88920 1050
1296467823 1565696 59.897133 10.760684 35568 1030
1296467824 1566715 59.89721 10.760637 35568 1019
1296467825 1567746 59.897275 10.760587 42408 1031
1296467826 1568756 59.89734 10.760537 21780 1010
1296467827 1569766 59.897404 10.760504 36936 1010
1296467832 1575181 59.89751 10.76045 16384 5415
1296467833 1576195 59.897652 10.7603 232355 1014
1296467834 1577206 59.897661 10.760286 87552 1011
1296467835 1578326 59.897661 10.760286 105767 1120
1296467836 1579336 59.897663 10.760268 128592 1010
1296467837 1580337 59.897667 10.760268 109060 1001
1296467838 1581346 59.897667 10.760268 149063 1009
1296467839 1582495 59.897664 10.760265 163278 1149
1296467840 1583506 59.897668 10.760265 158688 1011
1296467841 1584515 59.897668 10.760265 138805 1009
1296467842 1585517 59.897665 10.760262 155499 1002
1296467844 1586666 59.897667 10.760244 163084 1149
1296467845 1587855 59.897665 10.760262 188322 1189
1296467846 1588865 59.897665 10.760262 129960 1010
1296467847 1589876 59.897665 10.760262 88920 1011
1296467848 1590886 59.897671 10.760244 68620 1010
1296467849 1591905 59.897682 10.760212 79344 1019
1296467850 1592925 59.897682 10.760212 57456 1020
1296467851 1593935 59.897715 10.760114 53352 1010
1296467852 1594946 59.897734 10.760029 46241 1011
1296467853 1595976 59.897734 10.760029 73872 1030
1296467854 1596995 59.897783 10.759829 58824 1019
1296467855 1598026 59.897804 10.759727 54720 1031
1296467856 1599047 59.897804 10.759727 33789 1021
1296467857 1600075 59.897853 10.759526 39672 1028
1296467858 1601315 59.897885 10.759445 16416 1240
1296467860 1603185 59.897939 10.759283 23256 1870
1296467862 1604556 59.897966 10.759202 41040 1371
1296467863 1605615 59.898011 10.759145 25992 1059
1296467864 1606685 59.898049 10.759085 21888 1070
1296467865 1607708 59.898093 10.759045 16416 1023
1296467866 1608725 59.898149 10.759009 24624 1017
1296467871 1614387 59.898203 10.758991 1368 5662
1296467872 1615476 59.898458 10.759004 5472 1089
1296467874 1616605 59.898645 10.75905 6840 1129
1296467895 1638135 59.898645 10.75905 2736 21530
1296467896 1639206 59.899594 10.759132 35716 1071
1296467897 1640216 59.900089 10.760154 105336 1010
1296467898 1641225 59.900089 10.760154 106704 1009
1296467899 1642226 59.900166 10.760436 109954 1001
1296467900 1643236 59.900209 10.760597 194256 1010
1296467901 1644246 59.900209 10.760597 148187 1010
1296467902 1645266 59.900269 10.76089 79344 1020
1296467903 1646292 59.900305 10.761047 49248 1026
1296467904 1647296 59.900341 10.761204 113354 1004
1296467905 1648305 59.900372 10.761361 268128 1009
1296467906 1649307 59.900419 10.761522 245477 1002
1296467907 1650315 59.900456 10.761661 285912 1008
1296467908 1651316 59.900495 10.761822 360654 1001
1296467909 1652326 59.900538 10.761982 385650 1010
1296467910 1653396 59.900574 10.762139 286547 1070
1296467911 1654397 59.900617 10.7623 356614 1001
1296467912 1655398 59.900648 10.762457 367170 1001
1296467913 1656416 59.900683 10.762614 350353 1018
1296467914 1657417 59.900721 10.762792 310519 1001
1296467916 1658565 59.900752 10.762949 305833 1148
1296467917 1659566 59.900774 10.76312 342050 1001
1296467918 1660567 59.900797 10.763274 327808 1001
1296467919 1661568 59.900813 10.763424 353465 1001
1296467920 1662636 59.900838 10.763561 327282 1068
1296467921 1663646 59.900866 10.763714 425548 1010
1296467922 1664797 59.900881 10.763865 309362 1151
1296467923 1665876 59.900937 10.764172 279173 1079
1296467924 1667065 59.900979 10.764312 261945 1189
1296467925 1668215 59.900979 10.764312 226970 1150
1296467926 1669256 59.901075 10.764577 201647 1041
1296467927 1670257 59.901126 10.764702 185421 1001
1296467928 1671415 59.901189 10.764831 204958 1158
1296467930 1672566 59.901239 10.764956 231263 1151
1296467931 1673575 59.90129 10.765082 255816 1009
1296467932 1674576 59.901333 10.765204 196156 1001
1296467933 1675585 59.901388 10.765329 199753 1009
1296467934 1676595 59.901438 10.765454 209726 1010
1296467935 1677605 59.901492 10.765597 192666 1010
1296467936 1678606 59.901539 10.765719 173702 1001
1296467937 1679616 59.901595 10.765845 175104 1010
1296467938 1680655 59.901642 10.766005 168893 1039
1296467939 1681657 59.901684 10.766145 212040 1001
1296467940 1682665 59.90173 10.766284 182683 1008
1296467941 1683675 59.901767 10.766424 201411 1010
1296467942 1684676 59.901802 10.766542 255816 1001
1296467943 1685677 59.901833 10.766661 242718 1001
1296467944 1686679 59.901857 10.766759 241640 1001
1296467945 1687685 59.901884 10.766839 241492 1006
1296467946 1688695 59.901908 10.766937 181139 1010
1296467947 1689696 59.90193 10.767017 194256 1001
1296467948 1690708 59.901962 10.767118 152114 1012
1296467949 1691715 59.901996 10.767202 173076 1007
1296467950 1692726 59.902037 10.767289 273753 1011
1296467951 1693918 59.90212 10.76741 480572 1192
1296467952 1694925 59.90212 10.76741 426458 1007
1296467953 1695926 59.90221 10.767534 404225 1001
1296467954 1696928 59.902263 10.767572 383411 1001
1296467955 1697929 59.902263 10.767572 432155 1001
1296467956 1698937 59.902371 10.767668 323932 1008
1296467957 1699996 59.902434 10.767691 360370 1059
1296467958 1701005 59.902434 10.767691 345261 1009
1296467959 1702007 59.90258 10.767689 390308 1001
1296467960 1703009 59.902645 10.767677 419764 1002
1296467961 1704025 59.902645 10.767677 468733 1016
1296467962 1705035 59.902783 10.767671 287630 1010
1296467963 1706045 59.902853 10.767659 260988 1010
1296467964 1707055 59.902853 10.767659 265392 1009
1296467965 1708056 59.902974 10.76765 239522 1001
1296467966 1709057 59.903022 10.767667 399319 1001
1296467967 1710058 59.903022 10.767667 454596 1001
1296467968 1711066 59.903087 10.767655 389193 1008
1296467969 1712185 59.903107 10.767662 419023 1118
1296467970 1713191 59.903107 10.767662 580072 1006
1296467971 1714296 59.903134 10.767672 553603 1104
1296467972 1715306 59.903134 10.767672 623493 1010
1296467973 1716436 59.903134 10.767672 546119 1130
1296467974 1717437 59.903134 10.767672 559962 1001
1296467976 1718585 59.903134 10.767672 525736 1148
1296467977 1719586 59.903133 10.767689 579871 1001
1296467978 1720615 59.903131 10.767707 464822 1029
1296467979 1721616 59.903123 10.767703 603535 1001
1296467980 1722665 59.903127 10.767721 508477 1049
1296467981 1723666 59.903125 10.767739 484378 1001
1296467982 1724667 59.903125 10.767739 564931 1001
1296467983 1725668 59.90312 10.767753 683127 1001
1296467984 1726675 59.903119 10.76777 478367 1007
1296467985 1727677 59.90311 10.767785 579057 1002
1296467986 1728686 59.903114 10.767785 423465 1009
1296467987 1729695 59.903114 10.767785 359001 1009
1296467988 1730696 59.903122 10.767788 398531 1001
1296467989 1731697 59.903134 10.767791 362455 1001
1296467990 1732708 59.903155 10.76778 336130 1011
1296467991 1733711 59.903184 10.767773 335649 1002
1296467992 1734735 59.903224 10.767786 251455 1024
1296467993 1735825 59.903322 10.767767 290045 1090
1296467994 1736827 59.903322 10.767767 308087 1002
1296467995 1737954 59.903433 10.767751 310124 1127
1296467996 1738956 59.903486 10.76775 274968 1002
1296467997 1739964 59.903486 10.76775 248976 1008
1296467998 1740974 59.9036 10.767699 151106 1010
1296467999 1741984 59.903657 10.767646 145008 1010
1296468000 1742988 59.903657 10.767646 190152 1003
1296468001 1743989 59.903748 10.767532 268128 1001
1296468002 1744994 59.903799 10.767457 251239 1005
1296468003 1745995 59.903799 10.767457 309168 1001
1296468004 1747056 59.903897 10.767309 152587 1061
1296468005 1748064 59.903944 10.767234 305064 1007
1296468006 1749074 59.903944 10.767234 181533 1010
1296468007 1750175 59.904024 10.767114 196368 1101
1296468008 1751184 59.904069 10.767057 210672 1009
1296468009 1752194 59.904069 10.767057 159435 1010
1296468010 1753199 59.90416 10.766996 217512 1004
1296468011 1754205 59.904215 10.766977 226334 1006
1296468012 1755214 59.904215 10.766977 249245 1009
1296468013 1756224 59.904333 10.767017 257184 1010
1296468014 1757304 59.904403 10.767058 62928 1080
1296468015 1758314 59.904473 10.767099 151848 1010
1296468016 1759324 59.904543 10.76714 156443 1010
1296468017 1760334 59.904615 10.767164 184680 1010
1296468018 1761343 59.90468 10.767204 131408 1009
1296468019 1762344 59.904751 10.767228 140661 1001
1296468020 1763514 59.904823 10.767251 248553 1170
1296468021 1764516 59.904881 10.767289 243504 1002
1296468022 1765524 59.904938 10.767326 197906 1008
1296468023 1766525 59.90501 10.76735 261288 1001
1296468024 1767527 59.905074 10.767408 236510 1002
1296468026 1768554 59.905138 10.767467 240162 1027
1296468027 1769556 59.905196 10.767504 250344 1002
1296468028 1770664 59.905247 10.767521 268352 1108
1296468029 1771674 59.905294 10.767538 373464 1010
1296468030 1772863 59.905345 10.767572 144434 1189
1296468031 1773864 59.905454 10.767665 236664 1001
1296468032 1774873 59.905511 10.76772 206568 1009
1296468033 1775883 59.905511 10.76772 111891 1010
1296468034 1776935 59.905626 10.767795 21888 1052
1296468035 1778194 59.905692 10.767836 10944 1259
1296468036 1779213 59.905692 10.767836 101232 1019
1296468039 1782122 59.905808 10.767911 16384 2909
1296468040 1783125 59.905956 10.767979 361714 1003
1296468041 1784134 59.906001 10.767992 132696 1009
1296468042 1785143 59.906001 10.767992 157320 1009
1296468043 1786153 59.906049 10.768005 84936 1010
1296468044 1787214 59.906061 10.768009 138168 1061
1296468045 1788215 59.906061 10.768009 117648 1001
1296468046 1789216 59.906073 10.768012 140982 1001
1296468047 1790224 59.906078 10.768012 180576 1008
1296468048 1791234 59.906078 10.768012 176472 1010
1296468049 1792244 59.906075 10.768009 174857 1010
1296468050 1793254 59.906075 10.768009 206568 1010
1296468051 1794255 59.906079 10.768009 196992 1001
1296468052 1795263 59.906079 10.768009 164780 1007
1296468053 1796264 59.906079 10.768009 218880 1001
1296468054 1797274 59.906091 10.768012 149924 1010
1296468055 1798284 59.906091 10.768012 209304 1010
1296468056 1799293 59.906091 10.768012 176429 1009
1296468057 1800294 59.906091 10.768012 217512 1001
1296468058 1801303 59.906096 10.768012 190746 1009
1296468059 1802314 59.906096 10.768012 179208 1011
1296468060 1803323 59.906105 10.767998 110808 1009
1296468061 1804333 59.906122 10.768001 119034 1010
1296468062 1805335 59.906141 10.768008 143640 1002
1296468063 1806344 59.906173 10.768018 110808 1009
1296468064 1807363 59.90621 10.768028 93024 1019
1296468065 1808365 59.906254 10.768041 67902 1002
1296468066 1809383 59.906307 10.76804 91656 1018
1296468067 1810396 59.90637 10.76806 149112 1013
1296468068 1811403 59.906443 10.768066 134064 1006
1296468069 1812414 59.906516 10.768072 109339 1011
1296468070 1813423 59.906589 10.768078 172368 1009
1296468071 1814424 59.906662 10.768084 187802 1001
1296468072 1815433 59.906751 10.768079 191520 1009
1296468073 1816434 59.906836 10.768088 83448 1001
1296468075 1817575 59.906917 10.768097 20520 1141
1296468076 1819013 59.907073 10.768077 11416 1438
1296468077 1820043 59.907147 10.768065 16416 1030
1296468078 1821054 59.907147 10.768065 50616 1011
1296468079 1822063 59.907272 10.768035 67032 1009
1296468080 1823083 59.907342 10.768023 82080 1020
1296468081 1824093 59.907342 10.768023 124488 1010
1296468082 1825102 59.907493 10.768003 84972 1009
1296468090 1833003 59.907568 10.767991 50616 7901
1296468091 1834004 59.90803 10.767815 667584 1001
1296468092 1835023 59.908067 10.76781 113053 1019
1296468093 1836024 59.908067 10.76781 214776 1001
1296468094 1837033 59.90818 10.767907 171000 1009
1296468095 1838035 59.908239 10.767927 135432 1002
1296468096 1839043 59.908239 10.767927 194835 1007
1296468097 1840063 59.908306 10.76795 172368 1020
1296468098 1841073 59.908313 10.767967 168264 1010
1296468099 1842102 59.908313 10.767967 142272 1029
1296468100 1843135 59.908319 10.768003 56056 1033
1296468101 1844153 59.90833 10.768023 164846 1018
1296468102 1845163 59.90833 10.768023 153216 1010
1296468103 1846173 59.908332 10.768059 160056 1010
1296468104 1847183 59.908335 10.768076 195624 1010
1296468105 1848184 59.908335 10.768076 160056 1001
1296468106 1849197 59.908335 10.76809 135974 1012
1296468107 1850202 59.908338 10.768108 165528 1005
1296468108 1851203 59.908338 10.768108 116280 1001
1296468109 1852223 59.908345 10.768125 98496 1019
1296468110 1853224 59.908345 10.768125 102600 1001
1296468111 1854233 59.908345 10.768125 129783 1009
1296468112 1855242 59.908347 10.768122 176472 1009
1296468113 1856253 59.908359 10.768125 108072 1011
1296468114 1857262 59.908372 10.768111 90288 1009
1296468115 1858263 59.908389 10.768115 90288 1001
1296468116 1859272 59.908409 10.768121 99864 1008
1296468123 1866353 59.908409 10.768121 12729 7081
1296468125 1867903 59.908663 10.768058 676357 1550
1296468126 1868913 59.908663 10.768058 124488 1010
1296468127 1869923 59.908718 10.767948 103968 1010
1296468128 1870934 59.908755 10.767888 138168 1011
1296468129 1871942 59.908755 10.767888 143640 1008
1296468130 1872962 59.908837 10.767736 121752 1020
1296468131 1873973 59.90888 10.767644 85247 1011
1296468132 1875002 59.90888 10.767644 108072 1029
1296468133 1876003 59.908963 10.76746 153216 1001
1296468134 1877004 59.909004 10.76735 218880 1001
1296468135 1878033 59.909004 10.76735 167154 1029
1296468136 1879053 59.909081 10.767145 127224 1020
1296468137 1880072 59.90912 10.767053 91656 1019
1296468138 1881102 59.90912 10.767053 69768 1030
1296468139 1882234 59.909192 10.766848 109440 1131
1296468140 1883242 59.909221 10.766736 171000 1008
1296468141 1884293 59.909221 10.766736 97109 1051
1296468142 1885312 59.909292 10.766548 68400 1019
1296468144 1886602 59.909317 10.766432 25992 1290
1296468145 1887609 59.90935 10.766319 32832 1006
1296468146 1888622 59.909377 10.766185 90288 1012
1296468147 1889623 59.909402 10.766069 205200 1001
1296468148 1890625 59.909432 10.765953 190152 1002
1296468149 1891633 59.909471 10.765822 158717 1008
1296468150 1892642 59.909518 10.765695 229824 1008
1296468151 1893653 59.90956 10.765582 207936 1011
1296468152 1894682 59.909603 10.765452 156967 1029
1296468153 1895693 59.909641 10.765301 147744 1011
1296468154 1896733 59.909684 10.76517 105336 1040
1296468155 1897752 59.909741 10.765026 86184 1019
1296468156 1898762 59.909791 10.764878 60192 1010
1296468157 1899782 59.90984 10.76473 65664 1020
1296468158 1900803 59.909931 10.76443 101232 1021
1296468159 1901822 59.909931 10.76443 160056 1019
1296468160 1902842 59.910027 10.764131 144549 1019
1296468161 1903843 59.910069 10.763979 217512 1001
1296468162 1904853 59.910069 10.763979 212040 1010
1296468163 1905862 59.910157 10.763677 165528 1009
1296468167 1909662 59.910203 10.763525 25763 3800
1296468168 1910682 59.910333 10.763071 671545 1020
1296468169 1911702 59.91038 10.76292 121752 1020
1296468170 1912712 59.910417 10.762783 173736 1010
1296468171 1913722 59.910463 10.762632 201096 1010
1296468172 1914902 59.910538 10.762343 207629 1180
1296468173 1915913 59.910583 10.762209 188784 1011
1296468174 1916922 59.910583 10.762209 210672 1008
1296468175 1918052 59.910673 10.76198 188903 1130
1296468176 1919053 59.91071 10.761881 199728 1001
1296468177 1920062 59.91071 10.761881 212040 1009
1296468178 1921072 59.910794 10.76167 205200 1010
1296468179 1922093 59.910841 10.761557 144590 1021
1296468180 1923102 59.910841 10.761557 113544 1009
1296468181 1924122 59.910908 10.761304 99864 1020
1296468185 1928335 59.910942 10.761187 16384 4213
1296468186 1929341 59.911042 10.760692 665555 1006
1296468187 1930342 59.911075 10.760593 218880 1001
1296468188 1931353 59.911108 10.760494 160606 1011
1296468189 1932361 59.911135 10.760413 218880 1008
1296468190 1933373 59.91116 10.760349 212040 1011
1296468191 1934381 59.911183 10.760283 131458 1008
1296468192 1935409 59.911207 10.760237 91656 1028
1296468193 1936414 59.911222 10.760205 76608 1005
1296468194 1937431 59.91125 10.760159 84816 1017
1296468195 1938432 59.911264 10.760145 190152 1001
1296468199 1941554 59.911285 10.760134 99397 3122
1296468200 1942561 59.911309 10.76014 756504 1007
1296468201 1943572 59.911309 10.76014 144652 1010
1296468202 1944573 59.911322 10.760144 220248 1001
1296468203 1945582 59.911329 10.760147 235296 1009
1296468204 1946592 59.911341 10.76015 195063 1010
1296468205 1947601 59.911349 10.760154 150480 1009
1296468206 1948621 59.911361 10.760157 157320 1019
1296468207 1949631 59.911361 10.760157 108072 1010
1296468208 1950632 59.911369 10.76016 109440 1001
1296468209 1951732 59.911376 10.760164 92864 1100
1296468210 1952741 59.911384 10.760167 76608 1009
1296468211 1953742 59.911392 10.76017 161424 1001
1296468212 1954752 59.911399 10.760174 231192 1010
1296468213 1955761 59.911399 10.760174 222984 1009
1296468214 1956762 59.911407 10.760177 170309 1001
1296468215 1957801 59.911416 10.760163 206568 1039
1296468216 1958803 59.911416 10.760163 181944 1001
1296468217 1959811 59.911428 10.760114 161424 1008
1296468218 1960812 59.911447 10.759991 183312 1001
1296468219 1961951 59.911447 10.759991 201657 1139
1296468220 1962952 59.911478 10.759818 198360 1001
1296468226 1969021 59.9115 10.759699 158688 6068
1296468227 1970031 59.911595 10.758969 656640 1010
1296468228 1971041 59.911595 10.758969 121752 1010
1296468230 1972591 59.911619 10.758846 21888 1550
1296468231 1973592 59.911647 10.758593 111902 1001
1296468232 1974601 59.911664 10.75845 125856 1009
1296468233 1975641 59.911676 10.758323 109440 1040
1296468234 1976661 59.911695 10.7582 50616 1020
1296468235 1977692 59.911715 10.75806 84816 1031
1296468236 1978701 59.911728 10.757916 83448 1009
1296468237 1979711 59.911741 10.757772 67032 1010
1296468238 1980732 59.911762 10.757632 54720 1021
1296468239 1981751 59.911796 10.757477 80712 1019
1296468240 1982771 59.91182 10.757302 108072 1020
1296468241 1983781 59.911834 10.75714 146376 1010
1296468242 1984797 59.911862 10.756965 151347 1016
1296468243 1985801 59.911884 10.756807 195624 1002
1296468244 1986802 59.911906 10.756649 195624 1001
1296468245 1987811 59.911946 10.756332 187416 1009
1296468246 1988812 59.911946 10.756332 175104 1001
1296468247 1989820 59.911968 10.756174 147902 1008
1296468248 1990831 59.912015 10.755862 187416 1010
1296468249 1991851 59.912015 10.755862 195624 1020
1296468250 1992861 59.912068 10.75557 164927 1010
1296468251 1993881 59.912094 10.755415 191520 1020
1296468252 1994891 59.912094 10.755415 159736 1010
1296468253 1996051 59.912141 10.755141 189981 1159
1296468254 1997061 59.912153 10.755 194256 1010
1296468255 1998062 59.912153 10.755 161875 1001
1296468256 1999071 59.912194 10.754744 218880 1009
1296468257 2000081 59.912213 10.754607 165097 1010
1296468258 2001091 59.912213 10.754607 203848 1009
1296468259 2002201 59.912266 10.754395 239221 1110
1296468260 2003211 59.912287 10.754279 198360 1010
1296468261 2004220 59.912287 10.754279 106075 1009
1296468262 2005221 59.912324 10.754099 138168 1001
1296468263 2006231 59.912331 10.753997 125888 1010
1296468264 2007241 59.912331 10.753997 188784 1010
1296468265 2008260 59.912345 10.75381 155762 1019
1296468266 2009261 59.912338 10.753723 190152 1001
1296468267 2010270 59.912326 10.753652 212040 1009
1296468268 2011281 59.912326 10.753585 109866 1010
1296468269 2012291 59.912329 10.753536 207936 1010
1296468270 2013311 59.912334 10.753508 145497 1020
1296468271 2014321 59.912337 10.753458 187416 1010
1296468272 2015330 59.912337 10.753444 164160 1009
1296468273 2016331 59.912341 10.75343 142281 1001
1296468274 2017340 59.912346 10.753416 153216 1009
1296468275 2018341 59.912351 10.753401 112176 1001
1296468276 2019351 59.912346 10.753401 117024 1010
1296468277 2020360 59.912349 10.753405 127224 1009
1296468278 2021371 59.912349 10.753391 149112 1011
1296468279 2022380 59.912348 10.753394 177449 1009
1296468280 2023381 59.912348 10.75338 205200 1001
1296468281 2024383 59.912344 10.75338 177239 1001
1296468282 2025390 59.912344 10.753365 212040 1007
1296468283 2026411 59.912348 10.753351 173030 1021
1296468284 2027412 59.912347 10.753355 202464 1001
1296468285 2028430 59.912359 10.753344 164060 1018
1296468287 2029640 59.912359 10.753329 200580 1210
1296468288 2030650 59.912364 10.753315 228456 1010
1296468289 2031651 59.912367 10.753318 193613 1001
1296468290 2032660 59.912367 10.753304 212040 1009
1296468291 2033670 59.912375 10.753308 179963 1010
1296468292 2034671 59.912379 10.753293 156879 1001
1296468293 2035680 59.912387 10.753297 180576 1009
1296468294 2036691 59.912391 10.753282 172001 1011
1296468295 2037700 59.912391 10.753282 164160 1009
1296468296 2038701 59.912394 10.753286 205200 1001
1296468297 2039720 59.912396 10.753268 151888 1019
1296468298 2040730 59.912396 10.753268 217512 1010
1296468299 2041740 59.912403 10.753272 164832 1010
1296468300 2042750 59.912403 10.753272 166896 1010
1296468301 2043760 59.912403 10.753272 170284 1010
1296468302 2044770 59.912405 10.753254 193941 1010
1296468303 2045910 59.912409 10.753254 214598 1140
1296468304 2046920 59.912409 10.753254 227088 1010
1296468305 2047930 59.912402 10.753251 201096 1010
1296468306 2048940 59.912402 10.753251 135715 1010
1296468307 2049950 59.912406 10.753251 228456 1010
1296468308 2050951 59.912397 10.753265 176528 1001
1296468309 2051952 59.912397 10.753265 231192 1001
1296468310 2053020 59.912397 10.753265 176025 1068
1296468311 2054021 59.912394 10.753262 220248 1001
1296468312 2055030 59.912394 10.753262 165774 1009
1296468313 2056040 59.912397 10.753241 191520 1010
1296468314 2057051 59.912401 10.753241 169632 1011
1296468315 2058060 59.912401 10.753241 198360 1009
1296468316 2059070 59.912398 10.753199 156550 1010
1296468317 2060080 59.912404 10.753143 203832 1010
1296468318 2061090 59.912404 10.753143 231192 1010
1296468319 2062091 59.912412 10.753013 190254 1001
1296468320 2063100 59.912424 10.752926 201096 1009
1296468321 2064300 59.912424 10.752926 179154 1200
1296468322 2065310 59.912437 10.752743 201096 1010
1296468323 2066320 59.912433 10.752649 188784 1010
1296468324 2067330 59.912439 10.75254 154942 1010
1296468325 2068340 59.912444 10.752431 199728 1010
1296468326 2069400 59.91245 10.752323 133781 1060
1296468327 2070401 59.912454 10.752232 194256 1001
1296468328 2071470 59.912466 10.752144 200849 1069
1296468329 2072480 59.91248 10.752074 205200 1010
1296468330 2073490 59.912486 10.752017 214776 1010
1296468331 2074510 59.9125 10.751965 208529 1020
1296468332 2075519 59.912511 10.75193 189041 1009
1296468334 2076720 59.912514 10.751909 254557 1201
1296468335 2077721 59.912522 10.751888 276336 1001
1296468336 2078730 59.912521 10.751864 211730 1009
1296468336 2079113 59.912521 10.751864 101232 383
