1293001227 1714044 59.85322 10.800855 1126 1129
1293001228 1715055 59.85322 10.800855 155031 1011
1293001229 1716154 59.85322 10.800855 267049 1099
1293001230 1717155 59.853244 10.8009 162338 1001
1293001231 1718184 59.853313 10.800958 155045 1029
1293001232 1719185 59.853337 10.800965 147488 1001
1293001234 1720564 59.853364 10.800975 137249 1379
1293001235 1721675 59.853411 10.800953 158772 1111
1293001236 1722676 59.853411 10.800953 148364 1001
1293001237 1723905 59.85346 10.800914 153202 1229
1293001238 1724914 59.853487 10.800886 134019 1009
1293001239 1726055 59.853487 10.800886 175880 1141
1293001240 1727075 59.853538 10.800811 148978 1020
1293001241 1728076 59.853573 10.800786 144719 1001
1293001242 1729085 59.853573 10.800786 162910 1009
1293001243 1730115 59.85362 10.800712 155576 1030
1293001244 1731184 59.853655 10.800687 135676 1069
1293001245 1732194 59.853655 10.800687 156564 1010
1293001246 1733195 59.853698 10.800595 149850 1001
1293001247 1734204 59.853733 10.80057 171811 1009
1293001248 1735404 59.853771 10.800549 164862 1200
1293001249 1736414 59.853801 10.800524 166336 1009
1293001250 1737415 59.853857 10.800488 150874 1001
1293001251 1738425 59.85392 10.800473 164057 1010
1293001253 1739594 59.853982 10.800458 141270 1169
1293001254 1740604 59.85405 10.800425 155765 1010
1293001255 1741692 59.854117 10.80041 94957 1088
1293001256 1742914 59.85425 10.80038 166196 1222
1293001257 1743994 59.85425 10.80038 127399 1080
1293001258 1744995 59.854397 10.800336 137465 1001
1293001259 1746004 59.854476 10.800325 137283 1009
1293001260 1747024 59.854476 10.800325 135348 1020
1293001261 1748034 59.854648 10.80027 118408 1010
1293001262 1749084 59.854739 10.800261 117882 1050
1293001263 1750094 59.854739 10.800261 155266 1010
1293001264 1751104 59.854911 10.800224 99203 1010
1293001265 1752105 59.855001 10.800215 92962 1001
1293001266 1753123 59.855001 10.800215 53330 1018
1293001267 1754124 59.855183 10.800146 100940 1001
1293001268 1755244 59.855276 10.80012 153799 1120
1293001269 1756254 59.855276 10.80012 165515 1010
1293001270 1757255 59.855476 10.800075 110322 1001
1293001271 1758444 59.855568 10.80005 150837 1189
1293001273 1759574 59.855667 10.800045 152608 1130
1293001274 1760694 59.85587 10.800056 138295 1120
1293001275 1761814 59.85587 10.800056 101142 1120
1293001276 1762834 59.856075 10.800087 106107 1020
1293001277 1763843 59.856175 10.800103 106010 1009
1293001278 1764844 59.856175 10.800103 139088 1001
1293001279 1765864 59.856274 10.800137 132440 1020
1293001280 1766884 59.856485 10.800189 76366 1020
1293001281 1767934 59.856485 10.800189 81565 1050
1293001282 1769034 59.856585 10.800205 142961 1100
1293001283 1770044 59.856775 10.800269 58100 1010
1293001284 1771054 59.856775 10.800269 84161 1010
1293001285 1772263 59.856971 10.800315 58823 1209
1293001286 1773274 59.857076 10.800331 69080 1011
1293001287 1774283 59.857076 10.800331 65743 1009
1293001288 1775303 59.857285 10.800363 56855 1020
1293001289 1776323 59.857378 10.800375 60192 1020
1293001290 1777324 59.857378 10.800375 69373 1001
1293001291 1778364 59.857566 10.800379 102533 1040
1293001293 1779573 59.85766 10.800374 150615 1209
1293001294 1780574 59.857765 10.800352 120794 1001
1293001295 1781673 59.857963 10.800324 94825 1099
1293001296 1782874 59.857963 10.800324 134155 1200
1293001297 1784034 59.858168 10.800227 160074 1160
1293001298 1785044 59.858278 10.800173 201697 1010
1293001299 1786054 59.858278 10.800173 157991 1010
1293001300 1787064 59.858483 10.800075 125732 1010
1293001301 1788074 59.85858 10.800035 130257 1010
1293001302 1789084 59.85858 10.800035 129005 1010
1293001303 1790104 59.858772 10.799934 150583 1020
1293001304 1791113 59.858861 10.799891 127549 1009
1293001305 1792114 59.858861 10.799891 123798 1001
1293001306 1793123 59.859044 10.799804 106629 1009
1293001307 1794303 59.85912 10.799775 135399 1180
1293001308 1795474 59.85921 10.799732 140925 1171
1293001309 1796533 59.859291 10.799685 126767 1059
1293001311 1797553 59.859367 10.799656 171981 1020
1293001312 1798573 59.859443 10.799627 97565 1020
1293001313 1799574 59.859512 10.799576 155640 1001
1293001314 1800584 59.859579 10.799561 117327 1010
1293001315 1801794 59.859702 10.799511 140088 1210
1293001316 1802934 59.859749 10.799489 185635 1140
1293001317 1803963 59.859749 10.799489 162512 1029
1293001318 1804973 59.859838 10.799446 149158 1010
1293001319 1805984 59.859871 10.799438 152398 1011
1293001320 1806985 59.859871 10.799438 152262 1001
1293001321 1807986 59.859918 10.799416 130986 1001
1293001322 1808993 59.85994 10.799406 148377 1007
1293001323 1810003 59.85994 10.799406 132327 1010
1293001324 1811063 59.859999 10.799387 134030 1060
1293001325 1812093 59.860036 10.79938 128634 1030
1293001326 1813103 59.860036 10.79938 164792 1009
1293001327 1814104 59.860133 10.79934 122150 1001
1293001328 1815133 59.86018 10.799318 104211 1029
1293001329 1816143 59.86018 10.799318 174511 1010
1293001330 1817353 59.860271 10.799257 148141 1210
1293001331 1818355 59.86031 10.799232 151281 1002
1293001332 1819363 59.860345 10.799207 141542 1008
1293001333 1820373 59.86038 10.799182 156891 1010
1293001334 1821523 59.860422 10.79916 125960 1150
1293001335 1822533 59.860457 10.799135 169227 1009
1293001337 1823664 59.86053 10.799103 121098 1131
1293001338 1824673 59.86053 10.799103 147966 1009
1293001339 1825674 59.860577 10.799081 123348 1001
1293001340 1826833 59.860665 10.799055 149102 1159
1293001341 1827834 59.860665 10.799055 157432 1001
1293001342 1828843 59.860707 10.799034 131770 1009
1293001343 1829845 59.860791 10.799008 99036 1002
1293001344 1830963 59.860791 10.799008 103314 1118
1293001345 1831973 59.860895 10.798971 148503 1010
1293001346 1833003 59.860951 10.798935 88831 1030
1293001347 1834173 59.860998 10.798913 135753 1170
1293001348 1835183 59.861039 10.798909 148865 1010
1293001349 1836192 59.861094 10.798891 137706 1009
1293001350 1837405 59.861141 10.798869 99799 1213
1293001351 1838412 59.861183 10.798848 136165 1006
1293001352 1839473 59.861238 10.798829 115229 1061
1293001353 1840483 59.861238 10.798829 113276 1010
1293001355 1841724 59.861369 10.798764 71177 1241
1293001356 1842735 59.861369 10.798764 135501 1011
1293001357 1843943 59.861415 10.79876 90923 1208
1293001358 1844953 59.861512 10.79872 112727 1010
1293001359 1846163 59.861512 10.79872 107338 1210
1293001360 1847173 59.861591 10.798708 102341 1010
1293001361 1848343 59.861616 10.798698 131519 1170
1293001362 1849483 59.861636 10.798704 143305 1140
1293001364 1850582 59.861637 10.798687 151515 1099
1293001365 1851583 59.86165 10.79869 127001 1001
1293001366 1852593 59.861654 10.79869 121206 1010
1293001367 1853602 59.861656 10.798672 140388 1009
1293001368 1854603 59.861668 10.798676 120444 1001
1293001369 1855612 59.861672 10.798676 116174 1009
1293001370 1856622 59.86168 10.798679 118676 1010
1293001371 1857623 59.86168 10.798679 122573 1001
1293001372 1858650 59.861681 10.798662 111812 1027
1293001373 1859652 59.861684 10.798665 110746 1002
1293001374 1860762 59.861684 10.798665 109542 1110
1293001375 1861963 59.861681 10.798647 140721 1201
1293001376 1862973 59.861684 10.798651 125619 1010
1293001377 1864002 59.861684 10.798651 110910 1029
1293001378 1865123 59.86168 10.798651 128487 1121
1293001379 1866232 59.861675 10.798651 151139 1109
1293001380 1867362 59.861675 10.798651 130286 1129
1293001381 1868373 59.861671 10.798651 133374 1011
1293001382 1869382 59.861671 10.798651 118580 1009
1293001384 1870560 59.861671 10.798651 109039 1178
1293001385 1871722 59.861688 10.79864 110933 1162
1293001386 1872952 59.861688 10.79864 105378 1230
1293001387 1873963 59.861738 10.798622 116115 1011
1293001388 1874992 59.86178 10.7986 62028 1029
1293001389 1876003 59.86178 10.7986 67849 1011
1293001390 1877112 59.861874 10.798542 55693 1109
1293001391 1878202 59.86193 10.798507 56694 1090
1293001392 1879212 59.86193 10.798507 45144 1010
1293001393 1880372 59.862057 10.798403 18230 1160
1293001395 1882412 59.862137 10.798321 32832 2040
1293001397 1883817 59.862137 10.798321 12382 1405
1293001398 1884823 59.862413 10.798103 92168 1006
1293001399 1885824 59.862597 10.797947 98572 1001
1293001400 1886992 59.862689 10.797868 139162 1168
1293001401 1888002 59.862689 10.797868 150745 1010
1293001402 1889012 59.862887 10.797697 101732 1010
1293001403 1890082 59.862984 10.797619 116538 1070
1293001404 1891263 59.863089 10.797544 135582 1181
1293001405 1892352 59.863194 10.797451 127231 1089
1293001406 1893353 59.863281 10.797352 146966 1001
1293001407 1894442 59.86338 10.797238 108782 1089
1293001409 1895651 59.863554 10.796984 130703 1209
1293001410 1896672 59.863554 10.796984 97732 1020
1293001411 1897822 59.863703 10.796722 118077 1150
1293001412 1898823 59.863786 10.796567 73501 1001
1293001413 1900032 59.863786 10.796567 124978 1209
1293001414 1901042 59.863936 10.796236 163877 1010
1293001415 1902252 59.864008 10.79606 165690 1210
1293001416 1903257 59.86408 10.795883 140861 1005
1293001417 1904472 59.864146 10.795725 218286 1215
1293001419 1905703 59.864219 10.795549 147257 1231
1293001420 1906822 59.864365 10.795217 132059 1119
1293001421 1907982 59.864435 10.795059 117570 1160
1293001422 1909062 59.864435 10.795059 127483 1080
1293001423 1910152 59.864562 10.794773 121374 1090
1293001424 1911262 59.864626 10.794632 119579 1110
1293001425 1912383 59.864708 10.794494 112818 1121
1293001427 1913581 59.864783 10.794374 147716 1198
1293001428 1914640 59.864859 10.794254 107424 1059
1293001429 1915642 59.864934 10.794134 108749 1002
1293001430 1916892 59.865097 10.793949 75346 1250
1293001431 1917901 59.865097 10.793949 79372 1009
1293001432 1918922 59.865183 10.79385 70669 1021
1293001433 1919951 59.865342 10.793718 60712 1029
1293001434 1920971 59.865342 10.793718 69032 1020
1293001435 1922082 59.865496 10.793639 63916 1110
1293001436 1923091 59.865572 10.793571 51231 1009
1293001437 1924132 59.865572 10.793571 73466 1041
1293001438 1925141 59.865728 10.793474 128320 1009
1293001439 1926162 59.865788 10.793439 79946 1021
1293001440 1927191 59.865788 10.793439 56273 1029
1293001441 1928221 59.865905 10.793367 41057 1030
1293001442 1929371 59.865956 10.793331 26325 1150
1293001443 1930396 59.865956 10.793331 51984 1025
1293001444 1931431 59.86606 10.793256 53325 1035
1293001445 1932437 59.866104 10.793217 61369 1006
1293001447 1933591 59.866151 10.793195 57595 1154
1293001448 1934601 59.866207 10.793159 84280 1010
1293001449 1935621 59.866251 10.79312 77574 1020
1293001450 1936639 59.866251 10.79312 73653 1018
1293001451 1937641 59.866359 10.793048 49591 1002
1293001452 1938662 59.866415 10.793012 51539 1021
1293001453 1939682 59.866415 10.793012 46512 1020
1293001454 1940731 59.866548 10.792929 16995 1049
1293001455 1941751 59.866608 10.792894 72504 1020
1293001456 1942771 59.866608 10.792894 88529 1020
1293001457 1943992 59.866708 10.792833 96974 1221
1293001458 1945012 59.866708 10.792833 141023 1020
1293001459 1946022 59.866743 10.792822 100425 1010
1293001460 1947032 59.86676 10.792825 103755 1010
1293001461 1948151 59.86676 10.792825 127320 1119
1293001462 1949161 59.866782 10.792811 138696 1010
1293001463 1950171 59.866787 10.792811 98346 1010
1293001464 1951181 59.866787 10.792811 136913 1010
1293001465 1952211 59.866803 10.792814 96617 1030
1293001466 1953221 59.866817 10.7928 134735 1009
1293001467 1954231 59.866821 10.7928 92997 1010
1293001468 1955241 59.866826 10.7928 129489 1010
1293001469 1956261 59.86683 10.7928 136673 1020
1293001470 1957281 59.866835 10.7928 101333 1020
1293001471 1958291 59.866835 10.7928 110913 1010
1293001472 1959381 59.866839 10.7928 118823 1090
1293001473 1960391 59.866839 10.7928 91798 1010
1293001474 1961411 59.866839 10.7928 47880 1020
1293001475 1962462 59.866853 10.792786 34123 1051
1293001476 1963471 59.866853 10.792786 50616 1009
1293001477 1964491 59.866888 10.792761 44299 1020
1293001478 1965511 59.866914 10.79275 46838 1020
1293001480 1966561 59.866914 10.79275 17784 1050
1293001481 1967570 59.866942 10.792742 27360 1009
1293001482 1968711 59.867039 10.792702 13242 1141
1293001483 1969721 59.867039 10.792702 61560 1010
1293001484 1970741 59.867163 10.792634 67924 1020
1293001485 1971751 59.867239 10.792605 41496 1010
1293001486 1972860 59.867312 10.792558 27824 1109
1293001487 1973870 59.867388 10.792529 46512 1010
1293001488 1974880 59.86746 10.792482 51662 1010
1293001489 1975911 59.867538 10.792435 77731 1031
1293001490 1976930 59.867641 10.792364 44709 1019
1293001491 1977941 59.867641 10.792364 51525 1011
1293001492 1978950 59.867641 10.792364 66790 1009
1293001493 1980100 59.86778 10.792302 70235 1150
1293001495 1981641 59.86778 10.792302 21888 1541
1293001496 1982790 59.867821 10.792298 24624 1149
1293001497 1983820 59.867865 10.792258 13680 1030
1293001498 1985001 59.867907 10.792237 14768 1181
1293001499 1986380 59.867954 10.792215 8208 1379
1293001500 1987390 59.868072 10.792164 64182 1010
1293001501 1988391 59.868131 10.792146 48493 1001
1293001502 1989400 59.868271 10.792084 73977 1009
1293001503 1990420 59.868271 10.792084 79812 1020
1293001505 1991560 59.868445 10.791997 38173 1140
1293001506 1992580 59.868534 10.791954 58824 1020
1293001507 1993590 59.868534 10.791954 56914 1010
1293001508 1994640 59.868737 10.79186 32821 1050
1293001509 1995660 59.86884 10.791802 34200 1020
1293001510 1996690 59.86884 10.791802 16292 1030
1293001511 1997730 59.868933 10.791762 34200 1040
1293001512 1998740 59.869124 10.791664 52267 1010
1293001513 1999760 59.869222 10.791607 47670 1020
1293001514 2000780 59.869413 10.791509 67754 1020
1293001515 2001820 59.869413 10.791509 68870 1040
1293001516 2002840 59.869511 10.791451 44260 1020
1293001517 2003850 59.869702 10.791354 74431 1010
1293001518 2004860 59.869702 10.791354 64826 1010
1293001519 2005890 59.869702 10.791354 73872 1030
1293001520 2006900 59.869884 10.79127 55702 1010
1293001521 2007920 59.869969 10.791227 83279 1020
1293001522 2009141 59.87011 10.791148 74857 1221
1293001523 2010150 59.870175 10.791097 91459 1009
1293001524 2011220 59.870239 10.791065 71873 1070
1293001525 2012240 59.870295 10.791029 67601 1020
1293001526 2013250 59.870351 10.790993 41040 1010
1293001527 2014260 59.870351 10.790993 20520 1010
1293001528 2015280 59.870455 10.790918 36510 1020
1293001529 2016410 59.870511 10.790882 69832 1130
1293001530 2017430 59.870511 10.790882 54720 1020
1293001531 2018460 59.870559 10.790843 53352 1030
1293001533 2019560 59.870656 10.790764 20751 1100
1293001534 2020620 59.870712 10.790729 33178 1060
1293001535 2021630 59.870807 10.790668 66040 1010
1293001536 2022700 59.870807 10.790668 90855 1070
1293001537 2023720 59.870807 10.790668 101232 1019
1293001538 2024740 59.870877 10.790617 60300 1020
1293001539 2025760 59.870898 10.790607 60192 1020
1293001540 2026820 59.870912 10.790592 92740 1060
1293001541 2027840 59.870932 10.790599 121734 1020
1293001542 2029041 59.870932 10.790599 114474 1201
1293001543 2030240 59.870939 10.790602 117823 1199
1293001544 2031260 59.870944 10.790602 125524 1020
1293001545 2032270 59.870944 10.790602 94015 1010
1293001546 2033460 59.870951 10.790606 98941 1190
1293001547 2034461 59.870951 10.790606 108118 1001
1293001548 2035470 59.870959 10.790609 82270 1009
1293001550 2036620 59.870959 10.790609 103410 1150
1293001551 2037621 59.870959 10.790609 114929 1001
1293001552 2038639 59.870967 10.790612 92870 1018
1293001553 2039650 59.870967 10.790612 134375 1011
1293001554 2040660 59.870967 10.790612 82095 1010
1293001555 2041662 59.870967 10.790612 139260 1002
1293001556 2042781 59.870974 10.790616 52165 1119
1293001557 2043790 59.870974 10.790616 76132 1009
1293001558 2044879 59.870974 10.790616 54720 1089
1293001559 2046485 59.870988 10.790602 16384 1605
1293001560 2047499 59.871045 10.790548 62646 1014
1293001561 2048509 59.871086 10.790506 66346 1010
1293001562 2049510 59.871205 10.790399 66579 1001
1293001563 2050529 59.871289 10.790334 52179 1019
1293001565 2051719 59.871449 10.790185 70286 1190
1293001566 2052900 59.871449 10.790185 85931 1181
1293001567 2053909 59.87154 10.790124 109340 1009
1293001568 2054920 59.871715 10.789943 117097 1011
1293001569 2055929 59.871715 10.789943 117895 1009
1293001570 2056930 59.871901 10.789783 127859 1001
1293001571 2058001 59.871993 10.789704 121933 1071
1293001572 2059129 59.871993 10.789704 139863 1127
1293001573 2060130 59.872188 10.78953 126847 1001
1293001574 2061320 59.872288 10.789454 83321 1190
1293001575 2062339 59.872288 10.789454 78970 1019
1293001576 2063349 59.872484 10.789262 55982 1010
1293001577 2064509 59.872594 10.78917 93879 1160
1293001578 2065519 59.8727 10.789077 92889 1010
1293001579 2066529 59.872805 10.789002 78783 1010
1293001581 2067549 59.872911 10.788909 59458 1020
1293001582 2068600 59.872911 10.788909 38304 1051
1293001583 2069609 59.873127 10.788724 16751 1009
1293001584 2070619 59.873233 10.788631 38304 1010
1293001585 2071649 59.873233 10.788631 29765 1030
1293001586 2072699 59.873331 10.788535 30096 1050
1293001587 2073899 59.87352 10.788378 14852 1200
1293001588 2074919 59.87352 10.788378 79849 1020
1293001589 2075929 59.873709 10.788221 50374 1010
1293001590 2076939 59.873801 10.788143 48553 1010
1293001591 2077959 59.873893 10.788064 46100 1020
1293001592 2078979 59.873981 10.787986 31464 1020
1293001593 2079980 59.874073 10.787907 30096 1001
1293001594 2080999 59.874152 10.787843 32549 1019
1293001595 2082269 59.87424 10.787764 46512 1270
1293001596 2083281 59.874317 10.787718 45455 1012
1293001597 2084289 59.874383 10.78765 57456 1007
1293001598 2085320 59.874495 10.787578 27230 1031
1293001599 2086328 59.874495 10.787578 42408 1008
1293001600 2087369 59.874574 10.787514 19571 1041
1293001601 2088399 59.874595 10.787503 39672 1030
1293001602 2089489 59.874597 10.787486 63599 1090
1293001603 2090499 59.874604 10.787489 130221 1010
1293001604 2091519 59.874604 10.787489 127000 1020
1293001606 2092609 59.874606 10.787471 132504 1090
1293001607 2093679 59.874612 10.787454 130494 1070
1293001608 2094802 59.874612 10.787454 125995 1123
1293001609 2095902 59.874609 10.787451 110915 1100
1293001610 2097049 59.874613 10.787451 54556 1147
1293001611 2098060 59.874613 10.787451 65254 1011
1293001612 2099269 59.874616 10.787468 59758 1209
1293001613 2100279 59.874616 10.787468 95660 1010
1293001614 2101289 59.874616 10.787468 75269 1010
1293001615 2102299 59.874615 10.7875 87905 1010
1293001616 2103449 59.874615 10.7875 105521 1150
1293001618 2104551 59.874615 10.7875 84063 1101
1293001619 2105569 59.874615 10.7875 125293 1018
1293001620 2106759 59.874615 10.7875 55948 1190
1293001621 2107778 59.874606 10.787514 55629 1019
1293001622 2108819 59.874606 10.787514 42408 1041
1293001623 2109829 59.874607 10.787496 26275 1010
1293001624 2110838 59.874607 10.787496 50616 1009
1293001625 2111869 59.874645 10.787475 42391 1031
1293001626 2112898 59.874674 10.787467 32832 1029
1293001627 2113919 59.874718 10.787428 21983 1021
1293001628 2114969 59.874777 10.787395 24624 1050
1293001629 2115979 59.874842 10.787345 20520 1010
1293001630 2117029 59.874915 10.787299 17088 1050
1293001631 2118048 59.874992 10.787252 24624 1019
1293001632 2119059 59.875084 10.787212 35124 1011
1293001633 2120158 59.875293 10.7871 67932 1099
1293001634 2121190 59.875408 10.787046 68694 1032
1293001635 2122198 59.875519 10.786991 76778 1008
1293001636 2123208 59.875638 10.786937 71136 1010
1293001637 2124218 59.875761 10.786886 55718 1010
1293001638 2125238 59.875761 10.786886 63910 1020
1293001639 2126259 59.876008 10.786781 69102 1021
1293001640 2127269 59.876135 10.78673 79092 1010
1293001641 2128279 59.876135 10.78673 73399 1010
1293001642 2129298 59.876386 10.78661 63826 1019
1293001643 2130519 59.876511 10.786542 75599 1221
1293001644 2131528 59.876633 10.786491 104102 1009
1293001646 2132572 59.876757 10.786423 97295 1044
1293001647 2133578 59.87688 10.786372 89190 1006
1293001648 2134609 59.877004 10.786303 73181 1031
1293001649 2135628 59.877242 10.786198 112691 1019
1293001650 2136634 59.877242 10.786198 93741 1006
1293001651 2137658 59.877242 10.786198 77174 1024
1293001652 2138668 59.877484 10.786079 63545 1010
1293001653 2139728 59.877595 10.786024 73563 1060
1293001654 2140748 59.877713 10.785973 89727 1020
1293001655 2141948 59.877934 10.785865 72088 1200
1293001656 2142958 59.877934 10.785865 85143 1010
1293001657 2143998 59.878155 10.785756 71970 1040
1293001658 2145008 59.878266 10.785702 68251 1009
1293001659 2146018 59.878266 10.785702 70324 1010
1293001660 2147228 59.878485 10.785611 43087 1210
1293001661 2148278 59.878593 10.785553 36936 1050
1293001662 2149407 59.878703 10.785499 25209 1129
1293001664 2150620 59.878915 10.785405 65074 1213
1293001665 2151628 59.878915 10.785405 150101 1008
1293001666 2152859 59.879115 10.785307 148092 1231
1293001667 2154029 59.879217 10.785267 129084 1170
1293001668 2155159 59.879217 10.785267 129343 1130
1293001669 2156328 59.879376 10.785173 157361 1169
1293001670 2157439 59.879452 10.785144 142430 1111
1293001672 2158620 59.879508 10.785108 141502 1181
1293001673 2159849 59.879617 10.785071 153919 1229
1293001674 2160958 59.879617 10.785071 139815 1109
1293001675 2162049 59.879701 10.785028 126715 1091
1293001676 2163078 59.879741 10.785003 118825 1029
1293001677 2164248 59.87977 10.784995 160529 1170
1293001678 2165368 59.879804 10.78497 147286 1120
1293001679 2166498 59.879838 10.784963 143217 1130
1293001681 2167608 59.879876 10.784955 151760 1110
1293001682 2168748 59.879965 10.784912 144851 1140
1293001683 2169897 59.879965 10.784912 145044 1149
1293001684 2171099 59.880066 10.784872 131385 1202
1293001685 2172108 59.880122 10.784836 136906 1008
1293001686 2173158 59.880122 10.784836 123878 1050
1293001687 2174188 59.880224 10.784796 134235 1030
1293001688 2175258 59.880278 10.784777 131227 1070
1293001689 2176338 59.880325 10.784756 138804 1080
1293001690 2177478 59.88038 10.784737 134711 1139
1293001692 2178548 59.880422 10.784716 125611 1070
1293001693 2179618 59.880469 10.784694 124217 1070
1293001694 2180638 59.880559 10.78465 54761 1020
1293001695 2181639 59.880559 10.78465 96586 1001
1293001696 2182648 59.880606 10.784629 156651 1009
1293001697 2183649 59.880707 10.784589 161519 1001
1293001698 2184658 59.880707 10.784589 171924 1009
1293001699 2185668 59.880768 10.784553 164166 1010
1293001700 2186678 59.880873 10.784513 150391 1010
1293001701 2187868 59.880873 10.784513 134379 1190
1293001702 2188878 59.880981 10.784455 141859 1010
1293001703 2190118 59.881032 10.784433 155788 1240
1293001704 2191128 59.881032 10.784433 164643 1010
1293001705 2192129 59.881125 10.784407 162907 1001
1293001706 2193138 59.881164 10.784382 118027 1009
1293001707 2194140 59.881164 10.784382 154655 1002
1293001708 2195347 59.881256 10.784356 168777 1207
1293001709 2196348 59.881303 10.784335 169751 1001
1293001710 2197488 59.88135 10.784313 150002 1140
1293001711 2198489 59.881397 10.784291 178422 1001
1293001712 2199498 59.88144 10.784269 164116 1009
1293001714 2200718 59.881523 10.784205 168417 1220
1293001715 2201807 59.88157 10.784183 168717 1089
1293001716 2202927 59.88157 10.784183 155530 1120
1293001717 2204048 59.881661 10.784122 146973 1121
1293001718 2205059 59.881704 10.784083 158209 1011
1293001719 2206060 59.881704 10.784083 165403 1001
1293001720 2207067 59.8818 10.784008 100691 1007
1293001721 2208228 59.881845 10.783951 118335 1161
1293001722 2209337 59.881889 10.783912 123301 1109
1293001723 2210339 59.881936 10.783876 108351 1001
1293001724 2211347 59.881972 10.783833 139364 1008
1293001725 2212357 59.881972 10.783833 53700 1010
1293001726 2213367 59.882034 10.783766 80479 1010
1293001727 2214478 59.882055 10.783755 122689 1111
1293001728 2215488 59.882065 10.783741 177428 1010
1293001729 2216489 59.882065 10.783741 172442 1001
1293001730 2217499 59.882074 10.783727 159529 1010
1293001732 2218667 59.882074 10.783727 157040 1168
1293001733 2219687 59.882074 10.783727 181836 1020
1293001734 2220688 59.882074 10.783727 183579 1001
1293001735 2221847 59.882083 10.783712 155759 1159
1293001736 2222848 59.882087 10.783712 167383 1001
1293001737 2224058 59.882087 10.783712 148786 1210
1293001738 2225059 59.882095 10.783716 166795 1001
1293001739 2226064 59.882099 10.783716 141620 1005
1293001740 2227187 59.882099 10.783716 149072 1123
1293001741 2228198 59.882104 10.783716 171596 1010
1293001742 2229327 59.882104 10.783716 142422 1129
1293001743 2230537 59.882104 10.783716 175722 1210
1293001745 2231548 59.882108 10.783716 115533 1011
1293001746 2232568 59.882113 10.783716 102819 1020
1293001747 2233578 59.882113 10.783716 173662 1010
1293001748 2234758 59.882117 10.783716 156599 1180
1293001749 2235768 59.882117 10.783716 182022 1010
1293001750 2236927 59.88212 10.783733 161466 1159
1293001751 2237928 59.88212 10.783733 170456 1001
1293001752 2239078 59.88212 10.783733 111705 1150
1293001753 2240097 59.882143 10.783705 145879 1019
1293001754 2241108 59.882157 10.783691 161593 1011
1293001755 2242257 59.882167 10.783659 141904 1149
1293001756 2243258 59.882185 10.78363 146443 1001
1293001757 2244259 59.882208 10.783602 158757 1001
1293001758 2245260 59.882208 10.783602 142819 1001
1293001759 2246397 59.882285 10.783503 140206 1137
1293001760 2247497 59.882318 10.783442 153057 1100
1293001762 2248597 59.882365 10.783368 146366 1099
1293001763 2249637 59.882459 10.783219 146151 1040
1293001764 2250657 59.882459 10.783219 127525 1020
1293001765 2251697 59.882513 10.783148 135313 1040
1293001766 2252727 59.882634 10.782971 135672 1030
1293001767 2253777 59.882634 10.782971 152879 1050
1293001768 2254778 59.882754 10.782794 155342 1001
1293001769 2256007 59.882822 10.782709 209475 1229
1293001770 2257017 59.882822 10.782709 164498 1010
1293001771 2258218 59.882958 10.7825 156602 1201
1293001772 2259459 59.88304 10.782401 167171 1241
1293001774 2260647 59.883114 10.782298 155162 1188
1293001775 2261657 59.883278 10.782082 146750 1010
1293001776 2262736 59.883278 10.782082 113278 1079
1293001777 2263746 59.883352 10.781979 102028 1010
1293001778 2264747 59.883517 10.781763 116026 1001
1293001779 2265756 59.883517 10.781763 72329 1009
1293001780 2266866 59.883592 10.781642 35167 1110
1293001781 2267876 59.883751 10.781405 97873 1010
1293001782 2268886 59.883751 10.781405 110570 1010
1293001783 2270036 59.883903 10.781147 112373 1150
1293001784 2271046 59.88398 10.781009 113626 1010
1293001785 2272196 59.884061 10.780871 105886 1150
1293001786 2273197 59.884142 10.780733 154378 1001
1293001787 2274218 59.884221 10.780578 99481 1021
1293001788 2275236 59.884302 10.78044 97314 1018
1293001789 2276246 59.884385 10.780285 91782 1010
1293001790 2277437 59.884466 10.780147 105884 1191
1293001791 2278487 59.884544 10.779991 159000 1050
1293001792 2279506 59.884626 10.779854 146659 1019
1293001794 2280606 59.884707 10.779716 145179 1100
1293001795 2281617 59.884784 10.779578 162113 1011
1293001796 2282618 59.884933 10.779316 119785 1001
1293001797 2283676 59.884933 10.779316 167126 1058
1293001798 2284686 59.885005 10.779193 137676 1010
1293001799 2285898 59.885141 10.778945 121397 1212
1293001800 2286906 59.885141 10.778945 161339 1008
1293001801 2288006 59.885254 10.778727 134646 1100
1293001802 2289356 59.88532 10.77862 110093 1350
1293001804 2290577 59.885374 10.778511 86143 1221
1293001805 2291586 59.885442 10.778387 106287 1009
1293001806 2292596 59.88549 10.778257 124226 1010
1293001807 2293716 59.885543 10.778112 117200 1120
1293001808 2294746 59.885627 10.777848 98596 1030
1293001809 2295756 59.885627 10.777848 131104 1010
1293001810 2296766 59.885662 10.777715 110017 1010
1293001811 2297786 59.885721 10.777462 103928 1020
1293001812 2298917 59.885721 10.777462 111527 1131
1293001813 2299927 59.885735 10.777195 107684 1010
1293001814 2300937 59.885737 10.777069 94721 1009
1293001815 2301946 59.885737 10.777069 150868 1009
1293001816 2302957 59.885748 10.776799 83685 1011
1293001817 2304116 59.885758 10.776676 135489 1159
1293001818 2305307 59.885761 10.77655 169723 1191
1293001819 2306506 59.885761 10.776459 165954 1199
1293001821 2307556 59.885762 10.776351 160458 1050
1293001822 2308576 59.885775 10.776245 139880 1020
1293001823 2309586 59.885776 10.776137 181145 1010
1293001824 2310587 59.885786 10.776014 163488 1001
1293001825 2311816 59.885796 10.775891 135354 1228
1293001826 2312846 59.885821 10.775631 63347 1030
1293001827 2313866 59.885821 10.775631 63997 1020
1293001828 2314876 59.885839 10.775512 46573 1010
1293001829 2315896 59.885857 10.775392 42408 1020
1293001830 2316905 59.885869 10.77529 35140 1009
1293001831 2317956 59.885891 10.775142 114341 1051
1293001832 2319116 59.885908 10.775079 118903 1160
1293001833 2320125 59.885908 10.775079 62513 1009
1293001834 2321136 59.885908 10.775012 54140 1011
1293001835 2322146 59.885918 10.77498 88204 1010
1293001836 2323166 59.885918 10.77498 162601 1020
1293001837 2324296 59.885924 10.774949 104031 1130
1293001838 2325305 59.885921 10.774931 95018 1009
1293001839 2326306 59.885921 10.774931 109195 1001
1293001840 2327416 59.885932 10.774899 84538 1110
1293001841 2328436 59.885941 10.774885 51984 1020
1293001842 2329465 59.885941 10.774885 42203 1029
1293001843 2330475 59.885942 10.774868 47504 1010
1293001844 2331485 59.885948 10.77485 98469 1010
1293001846 2332546 59.88594 10.774847 94947 1061
1293001847 2333556 59.88594 10.774847 150620 1010
1293001848 2334563 59.885937 10.774843 98818 1007
1293001849 2335565 59.885943 10.774826 86402 1002
1293001850 2336595 59.885943 10.774826 76624 1030
1293001851 2337725 59.885949 10.774808 104514 1130
1293001852 2338805 59.885951 10.774791 49426 1080
1293001853 2339825 59.885955 10.774791 49248 1020
1293001854 2340855 59.885957 10.774773 35444 1030
1293001855 2341875 59.885958 10.774756 42244 1020
1293001856 2342905 59.88596 10.774738 53557 1030
1293001857 2343915 59.88596 10.774738 36805 1010
1293001858 2344935 59.88596 10.774738 49248 1020
1293001859 2345946 59.885961 10.774721 71972 1011
1293001860 2347096 59.885962 10.774703 55017 1150
1293001861 2348106 59.885972 10.774689 100745 1010
1293001862 2349516 59.885981 10.774675 122549 1410
1293001863 2350518 59.885978 10.774657 96067 1002
1293001864 2351525 59.885987 10.774643 36951 1007
1293001865 2352536 59.885988 10.774625 39672 1011
1293001867 2353576 59.885988 10.774625 36348 1040
1293001868 2354595 59.885983 10.774534 37793 1019
1293001869 2355615 59.885988 10.774482 63645 1020
1293001870 2356635 59.885998 10.774411 57802 1020
1293001871 2357665 59.88603 10.774222 50542 1030
1293001872 2358685 59.88603 10.774222 39672 1020
1293001873 2359755 59.886051 10.77412 23307 1070
1293001874 2360785 59.886131 10.77387 66720 1030
1293001875 2361912 59.886131 10.77387 64051 1127
1293001876 2362925 59.886131 10.77387 47880 1013
1293001877 2363945 59.886236 10.773595 28774 1020
1293001878 2364955 59.886296 10.773468 25992 1010
1293001879 2366205 59.88637 10.773327 34899 1250
1293001880 2367235 59.886451 10.773189 32832 1030
1293001881 2368265 59.886544 10.773055 31464 1030
1293001882 2369276 59.886626 10.772917 65893 1011
1293001883 2370445 59.886811 10.772665 9936 1169
1293001885 2371805 59.886811 10.772665 62066 1360
1293001886 2372806 59.88709 10.772332 144117 1001
1293001887 2373817 59.88709 10.772332 122132 1011
1293001888 2374818 59.887181 10.772232 80508 1001
1293001889 2375845 59.887353 10.772048 126144 1027
1293001890 2376925 59.887353 10.772048 151480 1080
1293001891 2377935 59.887436 10.771945 122817 1010
1293001892 2378936 59.887596 10.771757 110946 1001
1293001893 2379945 59.887596 10.771757 156911 1009
1293001894 2380955 59.887741 10.7716 102725 1010
1293001895 2382105 59.887804 10.771529 100513 1150
1293001896 2383125 59.887804 10.771529 100143 1020
1293001897 2384304 59.887901 10.771412 87510 1179
1293001898 2385345 59.88795 10.771356 43776 1041
1293001899 2386416 59.887996 10.771299 28473 1071
1293001900 2387425 59.888037 10.771256 145073 1009
1293001902 2388575 59.888082 10.771199 169561 1150
1293001903 2389675 59.888156 10.771096 165732 1100
1293001904 2390685 59.88818 10.771051 214640 1010
1293001905 2391775 59.88818 10.771051 139061 1090
1293001906 2392777 59.888203 10.771022 188866 1002
1293001907 2393955 59.888212 10.771008 199072 1178
1293001908 2395016 59.888212 10.771008 237644 1061
1293001909 2396116 59.888212 10.771008 242898 1100
1293001910 2397195 59.888219 10.771011 238116 1079
1293001911 2398305 59.888224 10.771011 243275 1110
1293001912 2399306 59.888224 10.771011 211892 1001
1293001913 2400307 59.888224 10.771011 189459 1001
1293001914 2401355 59.888224 10.771011 214619 1048
1293001915 2402496 59.888231 10.771015 229239 1141
1293001917 2403685 59.888227 10.771015 272724 1189
1293001918 2404915 59.888225 10.771032 272013 1230
1293001919 2405954 59.888225 10.771032 221974 1039
1293001920 2406985 59.888225 10.771032 200201 1031
1293001921 2407996 59.888225 10.771032 182280 1011
1293001922 2409075 59.888225 10.771032 194118 1079
1293001923 2410095 59.888225 10.771032 202126 1020
1293001924 2411256 59.888224 10.77105 214294 1161
1293001925 2412456 59.888223 10.771067 229908 1200
1293001926 2413457 59.888236 10.771053 243524 1001
1293001927 2414494 59.88825 10.771039 128319 1037
1293001928 2415495 59.888277 10.77101 184201 1001
1293001929 2416515 59.888301 10.770964 192384 1020
1293001930 2417525 59.888336 10.770939 121523 1010
1293001932 2418834 59.888378 10.770879 186568 1309
1293001933 2419874 59.888435 10.770826 126473 1040
1293001934 2420875 59.888561 10.770648 173097 1001
1293001935 2422014 59.888561 10.770648 148927 1139
1293001936 2423015 59.888704 10.770443 177578 1001
1293001937 2424224 59.888792 10.770326 182252 1209
1293001938 2425225 59.888792 10.770326 187903 1001
1293001939 2426435 59.888953 10.770106 178563 1210
1293001941 2427576 59.88904 10.769989 206205 1141
1293001942 2428802 59.889202 10.769769 199302 1226
1293001943 2429804 59.889288 10.76967 184742 1002
1293001944 2430924 59.889288 10.76967 146410 1120
1293001945 2432065 59.88946 10.769471 200546 1141
1293001946 2433085 59.889546 10.769371 195136 1020
1293001947 2434164 59.889546 10.769371 176132 1079
1293001948 2435335 59.889718 10.769173 203507 1171
1293001949 2436454 59.889806 10.769055 176021 1118
1293001950 2437484 59.889881 10.768935 159185 1030
1293001952 2438625 59.890023 10.768747 167569 1141
1293001953 2439855 59.890023 10.768747 187108 1230
1293001954 2441075 59.890172 10.768524 200857 1220
1293001955 2442084 59.890243 10.768404 183893 1009
1293001956 2443274 59.890319 10.768283 195952 1190
1293001957 2444275 59.890396 10.768145 212149 1001
1293001958 2445314 59.890479 10.768028 146018 1039
1293001959 2446315 59.890562 10.767911 192135 1001
1293001960 2447364 59.890642 10.767777 135910 1049
1293001961 2448375 59.890712 10.767656 161746 1011
1293001962 2449384 59.890792 10.767522 145433 1009
1293001963 2450535 59.890859 10.767401 156338 1151
1293001964 2451544 59.890931 10.767264 169650 1009
1293001966 2452684 59.891054 10.766999 134023 1140
1293001967 2453874 59.891107 10.766854 174992 1190
1293001968 2454935 59.891107 10.766854 146392 1061
1293001969 2455936 59.891199 10.766632 192582 1001
1293001970 2457035 59.891248 10.766522 167619 1099
1293001971 2458135 59.891248 10.766522 179806 1100
1293001972 2459194 59.891358 10.766286 201159 1059
1293001973 2460303 59.891418 10.766159 218138 1109
1293001974 2461313 59.891418 10.766159 89125 1010
1293001975 2462524 59.891508 10.765877 140690 1211
1293001976 2463534 59.891558 10.765729 158129 1010
1293001978 2464562 59.891619 10.765585 160896 1028
1293001979 2465564 59.891687 10.765422 191908 1002
1293001980 2466625 59.891756 10.765281 174702 1061
1293001981 2467713 59.891887 10.764995 176090 1087
1293001982 2468834 59.891954 10.764872 134138 1121
1293001983 2470034 59.891954 10.764872 200411 1200
1293001984 2471035 59.892096 10.764592 209726 1001
1293001985 2472183 59.892167 10.764472 160009 1148
1293001986 2473194 59.892167 10.764472 177988 1011
1293001987 2474204 59.892322 10.764217 145732 1010
1293001988 2475244 59.892393 10.764097 136771 1040
1293001989 2476374 59.892465 10.763959 191553 1130
1293001991 2477634 59.892609 10.763739 209240 1259
1293001992 2478805 59.892609 10.763739 175258 1171
1293001993 2479814 59.892752 10.763481 197356 1009
1293001994 2480934 59.892831 10.763364 177651 1119
1293001995 2481935 59.892831 10.763364 156582 1001
1293001996 2482944 59.892991 10.763147 148618 1009
1293001997 2483954 59.893072 10.763048 172273 1010
1293001998 2485094 59.893072 10.763048 154456 1140
1293001999 2486323 59.893255 10.762855 222493 1229
1293002000 2487324 59.893337 10.762756 141910 1001
1293002001 2488335 59.893412 10.762674 164809 1011
1293002002 2489343 59.8935 10.762595 151734 1008
1293002003 2490353 59.89358 10.762513 122719 1010
1293002004 2491543 59.89366 10.762431 143881 1190
1293002006 2492554 59.893733 10.762346 163953 1010
1293002007 2493563 59.893811 10.762282 160304 1009
1293002008 2494564 59.893811 10.762282 191979 1001
1293002009 2495583 59.893981 10.762156 110817 1019
1293002010 2496683 59.894079 10.762098 142401 1100
1293002011 2497723 59.894256 10.762029 128490 1039
1293002012 2498903 59.894353 10.761989 121505 1180
1293002013 2499923 59.894353 10.761989 120937 1020
1293002014 2500933 59.894353 10.761989 54479 1010
1293002015 2502173 59.894635 10.761883 67369 1240
1293002016 2503203 59.894729 10.761839 58823 1030
1293002017 2504223 59.894817 10.761813 41040 1020
1293002018 2505253 59.894906 10.76177 21312 1030
1293002019 2506283 59.894906 10.76177 27360 1030
1293002020 2507453 59.895077 10.761679 16423 1170
1293002021 2508463 59.895173 10.761657 23256 1010
1293002022 2509523 59.895173 10.761657 17784 1060
1293002023 2510533 59.895362 10.76159 22519 1010
1293002025 2511762 59.895458 10.761568 43144 1229
1293002026 2512883 59.895549 10.761545 52056 1121
1293002027 2513903 59.895723 10.761458 69916 1020
1293002028 2514913 59.895723 10.761458 63452 1010
1293002029 2515963 59.895821 10.7614 64235 1050
1293002030 2517043 59.896015 10.761267 71013 1080
1293002031 2518053 59.896015 10.761267 61560 1009
1293002032 2519063 59.896207 10.761152 38230 1010
1293002033 2520083 59.896301 10.761094 49708 1020
1293002034 2521094 59.896301 10.761094 55219 1011
1293002035 2522103 59.896485 10.760993 75387 1009
1293002036 2523113 59.896569 10.760949 61907 1010
1293002037 2524123 59.896569 10.760949 56664 1010
1293002038 2525173 59.896716 10.760838 66556 1050
1293002039 2526183 59.89679 10.760774 55664 1010
1293002041 2527643 59.896866 10.760744 35454 1460
1293002042 2528673 59.896931 10.760694 49248 1029
1293002043 2529683 59.896983 10.760658 32776 1010
1293002044 2530923 59.897039 10.760622 37633 1240
1293002045 2531992 59.89709 10.760586 42408 1069
1293002046 2533023 59.897133 10.760565 30672 1031
1293002047 2534043 59.897183 10.760546 30096 1020
1293002048 2535073 59.897217 10.760521 30096 1030
1293002049 2536082 59.897254 10.760517 22370 1009
1293002050 2537122 59.89729 10.760513 32832 1040
1293002053 2539702 59.897316 10.760487 27360 2580
1293002054 2540752 59.897353 10.760483 14388 1050
1293002055 2542443 59.897381 10.760476 5472 1691
1293002058 2545482 59.897416 10.760451 24624 3039
1293002060 2547062 59.897445 10.760443 81977 1579
1293002061 2548272 59.897495 10.760386 82122 1210
1293002062 2549292 59.897523 10.76034 53352 1018
1293002063 2550322 59.897548 10.760308 36444 1030
1293002064 2551332 59.897593 10.760213 45604 1010
1293002065 2552333 59.897606 10.760161 76081 1001
1293002066 2553354 59.897622 10.760111 38304 1021
1293002067 2554382 59.897637 10.760041 40426 1028
1293002068 2555422 59.897682 10.759907 36543 1040
1293002070 2556742 59.897697 10.759837 21888 1320
1293002071 2558152 59.897697 10.759837 5472 1409
1293002072 2559182 59.89774 10.759721 47137 1030
1293002073 2560212 59.897758 10.759654 24624 1030
1293002074 2561342 59.897758 10.759654 19152 1130
1293002076 2562652 59.897779 10.759605 21888 1310
1293002077 2563702 59.897808 10.75952 25937 1050
1293002078 2564722 59.897808 10.75952 30096 1020
1293002079 2565962 59.897842 10.759457 24313 1240
1293002083 2570332 59.897862 10.759425 16416 4370
1293002084 2571342 59.897862 10.759425 30096 1010
1293002086 2572626 59.897914 10.759347 19384 1284
1293002087 2573642 59.897943 10.759301 36936 1016
1293002088 2574752 59.897978 10.759276 28164 1110
1293002089 2575772 59.898013 10.759251 36936 1020
1293002090 2576822 59.898049 10.759247 30659 1050
1293002091 2577852 59.898084 10.759222 45144 1030
1293002092 2578882 59.898173 10.759217 46390 1030
1293002093 2580153 59.898226 10.759216 29509 1271
1293002094 2581182 59.898283 10.759218 35568 1029
1293002133 2619874 59.898336 10.759217 10944 38692
1293002140 2626594 59.898336 10.759217 15312 6719
1293002142 2628792 59.898445 10.759219 1126 2198
1293002143 2629943 59.898548 10.7592 148184 1151
1293002144 2631133 59.898697 10.759123 238508 1190
1293002145 2632223 59.898834 10.759026 230861 1090
1293002146 2633224 59.898989 10.758971 243886 1001
1293002147 2634393 59.899231 10.758998 251517 1169
1293002148 2635403 59.899404 10.759097 220309 1009
1293002149 2636413 59.899546 10.759238 205678 1010
1293002150 2637443 59.899668 10.759425 228443 1030
1293002151 2638453 59.899752 10.759543 333896 1010
1293002152 2639493 59.899861 10.759706 242466 1040
1293002153 2640502 59.899906 10.759793 253645 1009
1293002154 2641503 59.89996 10.759883 164354 1001
1293002156 2642623 59.899999 10.759949 245840 1120
1293002157 2643693 59.900059 10.760074 243511 1069
1293002158 2644723 59.900131 10.76028 226543 1030
1293002159 2645753 59.900193 10.760517 201853 1029
1293002160 2646842 59.90027 10.760775 243352 1089
1293002161 2647843 59.900351 10.761111 232388 1001
1293002162 2648844 59.900439 10.761466 192004 1001
1293002163 2649853 59.900536 10.761808 162674 1009
1293002164 2650854 59.900624 10.762164 142596 1001
1293002165 2651862 59.9007 10.762555 136869 1008
1293002166 2653072 59.900733 10.762972 121374 1210
1293002167 2654082 59.900758 10.763223 148598 1010
1293002168 2655112 59.900812 10.763576 117565 1030
1293002169 2656113 59.900831 10.763806 160547 1001
1293002170 2657242 59.90089 10.76418 128231 1129
1293002171 2658253 59.900948 10.764403 147327 1011
1293002172 2659262 59.901072 10.764716 130799 1009
1293002173 2660263 59.901161 10.764925 154240 1001
1293002174 2661282 59.901197 10.765026 144368 1019
1293002175 2662293 59.901197 10.765026 115489 1011
1293002176 2663442 59.901279 10.765232 114992 1149
1293002177 2664452 59.901323 10.765336 133797 1010
1293002178 2665514 59.901367 10.765441 140566 1062
1293002180 2666562 59.901404 10.765542 141311 1048
1293002181 2667572 59.901439 10.765661 142099 1010
1293002182 2668573 59.901484 10.765765 158243 1001
1293002183 2669582 59.901508 10.765863 130738 1009
1293002184 2670592 59.901535 10.765943 127165 1010
1293002185 2671612 59.901553 10.76602 133511 1020
1293002186 2672617 59.901594 10.76616 140036 1005
1293002187 2673622 59.901594 10.76616 121912 1005
1293002188 2674792 59.90163 10.766278 138782 1170
1293002189 2675802 59.901641 10.766338 167416 1010
1293002190 2676812 59.901641 10.766338 125220 1010
1293002191 2677912 59.90167 10.76646 176903 1100
1293002192 2678922 59.901681 10.766519 183226 1010
1293002193 2679931 59.901681 10.766519 162545 1009
1293002194 2680933 59.901707 10.766623 147384 1002
1293002195 2682002 59.901726 10.766686 161481 1069
1293002196 2683004 59.901726 10.766686 174146 1001
1293002197 2684013 59.901757 10.766791 172459 1009
1293002198 2685172 59.901775 10.766853 159312 1159
1293002199 2686173 59.901775 10.766853 175834 1001
1293002200 2687174 59.901838 10.766968 159979 1001
1293002201 2688192 59.901863 10.767013 161656 1018
1293002202 2689194 59.901895 10.767061 213841 1002
1293002203 2690272 59.901919 10.767106 231831 1078
1293002204 2691415 59.901957 10.767137 230599 1143
1293002206 2692561 59.902002 10.767189 260056 1146
1293002207 2693562 59.90204 10.76722 229982 1001
1293002208 2694652 59.902084 10.767272 229911 1090
1293002209 2695773 59.90216 10.767334 246472 1121
1293002210 2696774 59.902206 10.767368 214941 1001
1293002211 2697812 59.902206 10.767368 220229 1038
1293002212 2698912 59.902291 10.767415 239749 1100
1293002213 2700102 59.902338 10.767432 239983 1190
1293002214 2701132 59.902385 10.767449 234857 1030
1293002215 2702133 59.902425 10.767462 321898 1001
1293002216 2703141 59.902467 10.767479 305513 1008
1293002217 2704343 59.902516 10.767478 282399 1202
1293002218 2705352 59.902563 10.767495 284461 1008
1293002219 2706461 59.90261 10.767511 201150 1109
1293002220 2707501 59.902657 10.767528 131776 1040
1293002221 2708502 59.902697 10.767541 202135 1001
1293002223 2709651 59.902749 10.767558 175125 1149
1293002224 2710771 59.902828 10.767585 212954 1119
1293002225 2711773 59.90286 10.767595 200209 1001
1293002226 2712902 59.90286 10.767595 211975 1129
1293002227 2713903 59.902908 10.767594 255850 1001
1293002228 2715082 59.90292 10.767597 248311 1179
1293002229 2716083 59.90292 10.767597 265313 1001
1293002230 2717202 59.902948 10.767607 226973 1119
1293002231 2718394 59.902954 10.767628 289215 1191
1293002232 2719512 59.902966 10.767632 290769 1118
1293002233 2720513 59.902974 10.767635 300275 1001
1293002235 2721651 59.90298 10.767656 201944 1138
1293002236 2722702 59.902998 10.76768 282521 1051
1293002237 2723772 59.902998 10.76768 246816 1069
1293002238 2724781 59.902998 10.76768 252469 1008
1293002239 2725782 59.903006 10.767683 262252 1001
1293002240 2726792 59.903006 10.767683 288520 1010
1293002241 2727861 59.903006 10.767683 183332 1069
1293002242 2728862 59.903013 10.767687 221117 1001
1293002243 2729864 59.903018 10.767687 239681 1002
1293002244 2730872 59.903018 10.767687 238628 1008
1293002245 2732062 59.903025 10.76769 240598 1190
1293002246 2733072 59.903025 10.76769 253277 1010
1293002247 2734161 59.903025 10.76769 215276 1089
1293002248 2735332 59.903033 10.767693 255500 1170
1293002249 2736341 59.903032 10.767711 192823 1009
1293002250 2737342 59.903044 10.767714 231106 1001
1293002251 2738351 59.903044 10.767714 196533 1009
1293002252 2739441 59.90305 10.767735 267774 1090
1293002253 2740452 59.903058 10.767739 173382 1011
1293002254 2741511 59.903067 10.767724 181183 1059
1293002255 2742521 59.90308 10.76771 165728 1010
1293002256 2743541 59.903101 10.767699 186528 1019
1293002258 2744651 59.903144 10.767625 152658 1110
1293002259 2745781 59.903144 10.767625 179229 1130
1293002260 2746811 59.903213 10.767575 211440 1030
1293002261 2747812 59.90326 10.767591 272766 1001
1293002262 2748821 59.90326 10.767591 179638 1009
1293002263 2749971 59.903358 10.767604 198476 1150
1293002264 2750986 59.903408 10.7676 211594 1015
1293002265 2751991 59.903408 10.7676 177999 1005
1293002266 2753001 59.903498 10.767591 155218 1010
1293002267 2754141 59.903541 10.767569 203277 1140
1293002268 2755151 59.903541 10.767569 195609 1010
1293002269 2756241 59.903623 10.767523 195851 1090
1293002270 2757371 59.903659 10.76748 228029 1130
1293002271 2758431 59.903695 10.767437 220600 1060
1293002272 2759501 59.903745 10.76738 230467 1070
1293002273 2760531 59.903795 10.767324 182311 1030
1293002274 2761541 59.903832 10.767263 215081 1010
1293002276 2762552 59.903878 10.767207 174870 1011
1293002277 2763571 59.903928 10.76715 161064 1019
1293002278 2764581 59.903986 10.767079 153428 1010
1293002279 2765582 59.904042 10.767043 133640 1001
1293002280 2766661 59.904103 10.767007 147521 1079
1293002281 2767662 59.90417 10.766992 196935 1001
1293002282 2768670 59.904294 10.767014 87880 1008
1293002283 2769680 59.904294 10.767014 84542 1010
1293002284 2770700 59.904358 10.767034 42578 1020
1293002285 2771701 59.904484 10.767092 148209 1001
1293002286 2772710 59.904484 10.767092 139781 1009
1293002287 2773720 59.904615 10.767149 162719 1010
1293002288 2774840 59.904689 10.76719 182845 1120
1293002289 2775850 59.904689 10.76719 156868 1010
1293002290 2776860 59.904759 10.767231 135940 1010
1293002291 2777861 59.90489 10.767289 106173 1001
1293002292 2778872 59.90489 10.767289 118352 1011
1293002293 2780070 59.90496 10.76733 44138 1198
1293002294 2781071 59.905069 10.767384 110750 1001
1293002295 2782080 59.905069 10.767384 73910 1009
1293002296 2783091 59.905157 10.767449 40149 1011
1293002297 2784140 59.905203 10.767483 50616 1049
1293002298 2785151 59.905203 10.767483 31464 1011
1293002300 2786620 59.905255 10.7675 10621 1469
1293002301 2787628 59.905367 10.767519 18910 1008
1293002302 2788640 59.905413 10.767553 84348 1012
1293002303 2789650 59.905467 10.767574 75240 1010
1293002304 2790671 59.905533 10.767614 59814 1021
1293002305 2791810 59.9056 10.767638 106766 1139
1293002306 2792820 59.905735 10.767705 98890 1010
1293002307 2793831 59.905735 10.767705 110652 1011
1293002308 2794840 59.90584 10.76776 112288 1009
1293002309 2795970 59.905883 10.767776 139209 1130
1293002310 2797040 59.905883 10.767776 128388 1070
1293002311 2798041 59.905933 10.767796 140205 1001
1293002312 2799060 59.905948 10.767803 134750 1019
1293002313 2800071 59.905948 10.767803 131488 1011
1293002314 2801091 59.905971 10.767813 94973 1020
1293002315 2802270 59.905979 10.767816 89570 1178
1293002316 2803290 59.905979 10.767816 88619 1020
1293002318 2804580 59.905996 10.767806 87814 1290
1293002319 2805670 59.906003 10.767809 138420 1090
1293002320 2806680 59.906006 10.767812 141814 1010
1293002321 2807691 59.906014 10.767816 146864 1011
1293002322 2808711 59.906014 10.767816 136590 1020
1293002323 2809720 59.906022 10.767819 127174 1009
1293002324 2810731 59.906032 10.767826 105259 1011
1293002325 2811740 59.906032 10.767826 111252 1009
1293002326 2812750 59.906028 10.767826 107694 1010
1293002327 2813830 59.906037 10.767811 110451 1080
1293002328 2814840 59.906037 10.767811 119630 1010
1293002329 2815911 59.906037 10.767811 131539 1071
1293002330 2817060 59.906045 10.767815 128906 1149
1293002331 2818070 59.906045 10.767815 96935 1010
1293002332 2819080 59.906043 10.767832 113238 1010
1293002333 2820150 59.906043 10.767832 103097 1070
1293002334 2821300 59.906055 10.767836 120269 1150
1293002335 2822301 59.906075 10.767842 112026 1001
1293002336 2823320 59.906099 10.767849 86141 1019
1293002337 2824390 59.906131 10.767859 85323 1070
1293002338 2825414 59.906177 10.767855 68778 1024
1293002339 2826429 59.906228 10.767872 73956 1015
1293002340 2827470 59.906286 10.767871 98810 1041
1293002341 2828471 59.90635 10.767891 133098 1001
1293002342 2829479 59.906423 10.767897 164165 1008
1293002343 2830500 59.906499 10.76792 150765 1021
1293002344 2831520 59.906576 10.767926 116336 1020
1293002345 2832531 59.906655 10.767914 148657 1011
1293002346 2833540 59.906731 10.767937 138912 1009
1293002349 2835770 59.906884 10.767967 76919 2230
1293002350 2836790 59.906957 10.767972 102817 1020
1293002351 2837820 59.90708 10.767974 99319 1030
1293002352 2838909 59.90708 10.767974 100884 1089
1293002353 2839939 59.907137 10.767973 73261 1029
1293002354 2840940 59.907242 10.76795 123402 1001
1293002355 2841989 59.907242 10.76795 133877 1049
1293002356 2842990 59.907358 10.767931 164905 1001
1293002357 2844000 59.90741 10.767909 98162 1010
1293002358 2845019 59.90741 10.767909 95736 1019
1293002359 2846039 59.907495 10.76788 103434 1020
1293002360 2847079 59.907538 10.767855 70284 1040
1293002361 2848091 59.907538 10.767855 93069 1012
1293002362 2849110 59.907629 10.767808 56262 1019
1293002363 2850139 59.907673 10.767783 68506 1029
1293002364 2851150 59.907673 10.767783 77690 1011
1293002365 2852299 59.907747 10.767786 115970 1149
1293002366 2853499 59.907779 10.767796 155788 1200
1293002367 2854509 59.907808 10.767802 165413 1010
1293002369 2855579 59.907832 10.767809 109362 1070
1293002370 2856649 59.907873 10.767857 134913 1070
1293002371 2857659 59.907949 10.767881 180851 1009
1293002372 2858669 59.907981 10.767891 157823 1010
1293002373 2859670 59.907981 10.767891 193657 1001
1293002374 2860679 59.908019 10.767883 136691 1009
1293002375 2861690 59.908081 10.767907 151475 1011
1293002376 2862699 59.908081 10.767907 166874 1009
1293002377 2863769 59.90811 10.767899 148134 1070
1293002378 2864779 59.908119 10.767885 171473 1010
1293002379 2865929 59.908119 10.767885 130504 1150
1293002380 2866930 59.908149 10.76786 187565 1001
1293002381 2867949 59.908165 10.767866 144475 1019
1293002382 2868959 59.908165 10.767866 194457 1010
1293002383 2869969 59.908195 10.767841 165096 1010
1293002384 2870979 59.908204 10.767827 132362 1010
1293002385 2871989 59.908204 10.767827 136755 1010
1293002386 2872990 59.908234 10.767802 143990 1001
1293002387 2873991 59.908243 10.767788 97975 1001
1293002388 2874999 59.908243 10.767788 103071 1008
1293002389 2876179 59.908261 10.767759 153301 1180
1293002390 2877330 59.908269 10.767763 149232 1151
1293002392 2878870 59.908278 10.767749 157960 1540
1293002393 2880029 59.908293 10.767755 165624 1159
1293002394 2881031 59.908293 10.767755 166980 1002
1293002395 2882039 59.90831 10.767744 144671 1008
1293002396 2883050 59.908316 10.767765 127417 1011
1293002397 2884058 59.908316 10.767765 142327 1008
1293002398 2885059 59.908324 10.767769 112500 1001
1293002399 2886069 59.908332 10.767772 117629 1010
1293002400 2887079 59.908332 10.767772 143265 1010
1293002401 2888099 59.908341 10.767758 165848 1020
1293002402 2889199 59.908339 10.767775 139440 1100
1293002403 2890208 59.908339 10.767775 108663 1009
1293002404 2891219 59.908338 10.767793 91304 1011
1293002405 2892359 59.908338 10.767793 124439 1140
1293002406 2893370 59.908336 10.76781 92137 1011
1293002407 2894399 59.908347 10.767831 63678 1029
1293002408 2895429 59.908358 10.767852 39504 1030
1293002409 2896450 59.908358 10.767852 41040 1021
1293002410 2897509 59.908385 10.767876 23823 1059
1293002412 2899149 59.908408 10.767901 6840 1640
1293002413 2900159 59.908455 10.76797 95922 1010
1293002414 2901170 59.908479 10.767977 158469 1011
1293002415 2902178 59.908479 10.767977 121939 1008
1293002416 2903189 59.908537 10.767976 109868 1011
1293002417 2904199 59.908572 10.767951 116905 1010
1293002418 2905209 59.908605 10.767943 141115 1010
1293002419 2906210 59.908634 10.767897 130392 1001
1293002420 2907218 59.908664 10.767834 119937 1008
1293002421 2908229 59.908664 10.767834 121562 1011
1293002422 2909330 59.908716 10.767703 77605 1101
1293002423 2910398 59.908749 10.767657 60434 1068
1293002424 2911399 59.908781 10.767576 133132 1001
1293002425 2912409 59.908805 10.767492 151045 1010
1293002426 2913411 59.908832 10.767411 112375 1002
1293002427 2914418 59.908856 10.767326 96857 1007
1293002428 2915518 59.90888 10.767242 99583 1100
1293002430 2916689 59.908897 10.767175 137562 1171
1293002431 2917879 59.908947 10.767065 174665 1190
1293002432 2918898 59.908971 10.767019 113558 1019
1293002433 2919909 59.908971 10.767019 129362 1011
1293002434 2920970 59.908983 10.76697 80284 1061
1293002435 2921998 59.909021 10.766857 54226 1028
1293002436 2923028 59.909021 10.766857 37359 1030
1293002437 2924058 59.909048 10.766776 17784 1030
1293002439 2925764 59.909067 10.766691 16384 1706
1293002440 2926768 59.909114 10.766526 92232 1004
1293002441 2927769 59.90916 10.76636 77647 1001
1293002442 2928788 59.90916 10.76636 84059 1019
1293002443 2929948 59.909228 10.766237 89898 1160
1293002444 2930958 59.909258 10.766173 114104 1010
1293002445 2931979 59.909258 10.766173 138225 1021
1293002446 2932988 59.909315 10.766043 152836 1009
1293002447 2933990 59.909337 10.765976 132167 1002
1293002448 2935138 59.909337 10.765976 114501 1148
1293002449 2936158 59.909377 10.765803 114479 1020
1293002450 2937169 59.909398 10.765701 111561 1011
1293002451 2938178 59.909398 10.765701 107160 1009
1293002452 2939188 59.90945 10.765466 111729 1010
1293002453 2940209 59.909485 10.765349 84563 1021
1293002454 2941210 59.909485 10.765349 97894 1001
1293002455 2942238 59.90957 10.765106 74505 1028
1293002456 2943278 59.909611 10.764958 37023 1040
1293002457 2944308 59.909611 10.764958 27360 1030
1293002458 2945338 59.909695 10.76468 33761 1030
1293002459 2946348 59.909731 10.764546 107041 1010
1293002460 2947358 59.909763 10.764394 116625 1010
1293002461 2948367 59.909796 10.764243 76731 1009
1293002464 2950688 59.909833 10.764092 82460 2321
1293002465 2951709 59.909923 10.763782 88082 1020
1293002466 2952718 59.909977 10.763619 141830 1009
1293002467 2953728 59.910038 10.763478 110286 1009
1293002468 2954729 59.910147 10.763189 104191 1001
1293002469 2955730 59.910147 10.763189 132366 1001
1293002470 2956738 59.910212 10.763047 131392 1008
1293002471 2957748 59.910319 10.762793 146643 1010
1293002472 2958758 59.910319 10.762793 140947 1010
1293002473 2959777 59.910364 10.762698 146391 1019
1293002474 2960778 59.910424 10.762494 137525 1001
1293002475 2961779 59.910424 10.762494 152126 1001
1293002476 2962788 59.910464 10.762269 151116 1009
1293002477 2963789 59.910489 10.762167 195654 1001
1293002478 2964808 59.910489 10.762167 146370 1019
1293002479 2965809 59.91052 10.762033 139585 1001
1293002480 2966828 59.9106 10.761769 128121 1019
1293002481 2967838 59.9106 10.761769 115836 1010
1293002482 2968848 59.910637 10.761617 117161 1010
1293002483 2969857 59.910692 10.761361 97621 1009
1293002484 2970868 59.910692 10.761361 86773 1011
1293002485 2971897 59.910726 10.761244 89119 1029
1293002486 2973028 59.910783 10.761023 77953 1131
1293002487 2974037 59.910783 10.761023 94828 1008
1293002488 2975249 59.910843 10.760857 99610 1212
1293002489 2976298 59.910864 10.760808 137842 1049
1293002490 2977299 59.910888 10.760776 160411 1001
1293002491 2978437 59.910907 10.760744 195743 1138
1293002492 2979438 59.910922 10.760727 206469 1001
1293002493 2980487 59.910946 10.760695 150071 1049
1293002495 2981667 59.91099 10.760684 200786 1180
1293002496 2982797 59.91099 10.760684 124329 1130
1293002497 2983997 59.911037 10.760638 195070 1200
1293002498 2984998 59.911059 10.760624 189530 1001
1293002499 2986077 59.911059 10.760624 148304 1079
1293002500 2987078 59.911097 10.760592 165788 1001
1293002501 2988167 59.911119 10.760578 142496 1089
1293002502 2989188 59.911119 10.760578 176218 1020
1293002503 2990209 59.911163 10.760567 124330 1021
1293002504 2991217 59.911177 10.760567 162033 1008
1293002505 2992278 59.911199 10.760553 147924 1061
1293002506 2993288 59.911217 10.760539 191634 1010
1293002507 2994468 59.911228 10.760521 178124 1180
1293002508 2995477 59.911232 10.760521 152652 1009
1293002510 2996627 59.911264 10.760493 149082 1150
1293002511 2997747 59.911264 10.760493 151071 1120
1293002512 2998748 59.911282 10.760426 138216 1001
1293002513 2999837 59.911292 10.760355 167764 1089
1293002514 3000838 59.911292 10.760355 159238 1001
1293002515 3001848 59.911304 10.760215 140822 1010
1293002516 3002849 59.911311 10.760127 132964 1001
1293002517 3003850 59.911311 10.760127 128336 1001
1293002518 3004898 59.91134 10.75992 141740 1048
1293002519 3006008 59.911355 10.759797 136321 1110
1293002520 3007017 59.911355 10.759797 120549 1009
1293002521 3008038 59.911402 10.759523 128669 1021
1293002522 3009147 59.911428 10.759406 146634 1109
1293002523 3010148 59.911428 10.759406 155992 1001
1293002524 3011157 59.911471 10.759132 136974 1009
1293002525 3012168 59.911481 10.759009 150234 1011
1293002526 3013176 59.911481 10.759009 115513 1008
1293002527 3014177 59.911523 10.758753 118656 1001
1293002528 3015187 59.911546 10.758615 121902 1010
1293002529 3016216 59.911552 10.758492 120044 1029
1293002530 3017328 59.911563 10.758352 133723 1112
1293002531 3018337 59.911578 10.758215 122912 1008
1293002532 3019507 59.911587 10.758057 81570 1170
1293002533 3020517 59.911601 10.75792 105773 1010
1293002534 3021537 59.911607 10.757744 84967 1020
1293002536 3022547 59.911617 10.757568 116928 1010
1293002537 3023737 59.911661 10.75721 137699 1190
1293002538 3024747 59.911661 10.75721 142779 1010
1293002539 3025767 59.91168 10.75702 106514 1020
1293002540 3026777 59.911717 10.756658 109850 1010
1293002541 3027787 59.911717 10.756658 158967 1010
1293002542 3028797 59.91173 10.756486 98717 1010
1293002543 3029798 59.91177 10.756141 155132 1001
1293002544 3030807 59.91177 10.756141 124151 1009
1293002545 3031817 59.911803 10.75599 135124 1010
1293002546 3032827 59.911873 10.755687 136928 1010
1293002547 3033837 59.911873 10.755687 134642 1010
1293002548 3034838 59.911906 10.755536 76846 1001
1293002549 3035847 59.911982 10.755254 129794 1009
1293002550 3036856 59.911982 10.755254 139842 1009
1293002551 3037857 59.912051 10.754969 145505 1001
1293002552 3038877 59.912081 10.754852 130258 1020
1293002553 3039886 59.912081 10.754852 134718 1009
1293002554 3040897 59.912107 10.754733 131767 1011
1293002555 3041957 59.912124 10.754683 145405 1060
1293002556 3042976 59.912124 10.754683 107838 1019
1293002557 3043987 59.912161 10.754546 92416 1011
1293002558 3044989 59.912182 10.754459 136645 1002
1293002559 3045996 59.912182 10.754459 146567 1007
1293002560 3046997 59.912226 10.754286 132933 1001
1293002561 3048007 59.912239 10.754195 145350 1010
1293002562 3049008 59.912239 10.754195 144640 1001
1293002563 3050017 59.912263 10.754048 168518 1009
1293002564 3051018 59.912272 10.75401 152235 1001
1293002565 3052026 59.912272 10.75401 151252 1008
1293002566 3053027 59.91228 10.753947 172051 1001
1293002567 3054047 59.912292 10.753926 131086 1020
1293002568 3055176 59.912298 10.753923 167686 1129
1293002569 3056177 59.912305 10.753902 166726 1001
1293002570 3057187 59.912308 10.753881 154315 1010
1293002571 3058197 59.912308 10.753881 163223 1010
1293002572 3059326 59.912309 10.753853 159681 1129
1293002573 3060327 59.912307 10.753832 147557 1001
1293002574 3061328 59.91231 10.753811 156359 1001
1293002575 3062336 59.912301 10.753787 129509 1008
1293002576 3063337 59.912304 10.753766 174848 1001
1293002577 3064346 59.91231 10.753749 135372 1009
1293002578 3065356 59.912312 10.753728 153376 1010
1293002579 3066357 59.912311 10.753707 148172 1001
1293002580 3067411 59.912318 10.753672 164552 1054
1293002582 3068576 59.912321 10.753651 200567 1165
1293002583 3069776 59.912319 10.75363 207497 1200
1293002584 3070787 59.912321 10.753613 204794 1011
1293002585 3071876 59.912322 10.753595 165708 1089
1293002586 3073046 59.912322 10.753595 178623 1170
1293002587 3074047 59.912319 10.753577 184312 1001
1293002588 3075048 59.912316 10.75356 150359 1001
1293002589 3076056 59.912316 10.75356 152097 1008
1293002590 3077076 59.912304 10.753542 152910 1019
1293002591 3078096 59.912301 10.753525 131814 1020
1293002592 3079116 59.912301 10.753525 140006 1020
1293002593 3080136 59.912275 10.753469 134948 1020
1293002594 3081156 59.912261 10.75343 120843 1020
1293002595 3082256 59.912246 10.753357 132237 1100
1293002596 3083276 59.912241 10.753304 100537 1020
1293002597 3084386 59.912238 10.753234 139925 1110
1293002598 3085411 59.912227 10.75316 141368 1025
1293002599 3086416 59.912224 10.75309 143826 1005
1293002600 3087436 59.91221 10.753013 132588 1020
1293002601 3088533 59.912204 10.752939 101541 1097
1293002602 3089536 59.91219 10.752863 117901 1003
1293002603 3090537 59.912182 10.752768 128016 1001
1293002605 3091548 59.912176 10.752695 134816 1011
1293002606 3092566 59.912174 10.752621 116289 1018
1293002607 3093576 59.912175 10.752565 149413 1010
1293002608 3094577 59.912175 10.752512 104040 1001
1293002609 3095687 59.912171 10.752404 143204 1110
1293002610 3096776 59.912171 10.752404 157673 1088
1293002611 3097786 59.912177 10.752333 157583 1010
1293002612 3098796 59.912174 10.752172 134589 1010
1293002613 3099946 59.912174 10.752172 152399 1150
1293002614 3100956 59.912188 10.752049 150804 1010
1293002615 3101967 59.912197 10.751996 119459 1011
1293002616 3102975 59.912197 10.751996 115405 1008
1293002617 3104086 59.912218 10.751894 152599 1111
1293002618 3105096 59.912227 10.751842 154089 1010
1293002619 3106105 59.912227 10.751842 107329 1009
1293002620 3107116 59.912268 10.75169 124098 1010
1293002621 3108127 59.912286 10.751623 147157 1011
1293002622 3109285 59.912316 10.75156 152184 1158
1293002623 3110306 59.91234 10.751475 130725 1021
1293002624 3111316 59.912354 10.751408 157801 1010
1293002625 3112326 59.912354 10.751408 149971 1010
1293002626 3113335 59.912377 10.751271 140264 1009
1293002627 3114406 59.912382 10.751219 158007 1071
1293002628 3115456 59.912394 10.751169 155527 1050
1293002629 3116457 59.912391 10.751113 172457 1001
1293002630 3117506 59.912398 10.751078 134550 1049
1293002631 3118507 59.912396 10.751057 170659 1001
1293002632 3119515 59.91239 10.751036 137059 1007
1293002634 3120666 59.912388 10.751015 138308 1151
1293002634 3121141 59.91239 10.750998 78365 475
