1292495109 2147259 59.853264 10.800801 220164 1001
1292495110 2148467 59.853264 10.800801 288147 1208
1292495112 2149557 59.853264 10.800801 15626 1090
1292495113 2150568 59.853262 10.800819 72551 1011
1292495114 2151768 59.853262 10.800819 144101 1200
1292495115 2152849 59.853264 10.800801 126968 1081
1292495116 2153858 59.853262 10.800819 98930 1009
1292495117 2155078 59.853262 10.800819 121892 1220
1292495118 2156098 59.853262 10.800819 108031 1020
1292495119 2157108 59.853262 10.800819 115532 1010
1292495120 2158228 59.853281 10.800843 110517 1120
1292495121 2159297 59.853287 10.800864 129599 1068
1292495123 2160547 59.853297 10.800885 134240 1249
1292495124 2161548 59.85332 10.800909 116105 1001
1292495125 2162628 59.853334 10.800933 143506 1080
1292495126 2163648 59.853365 10.800961 124199 1020
1292495127 2164677 59.853384 10.800967 135550 1028
1292495128 2165738 59.853395 10.800988 156944 1061
1292495129 2166739 59.853415 10.800995 155144 1001
1292495130 2167740 59.853422 10.800998 153902 1001
1292495131 2168758 59.853444 10.800988 148980 1018
1292495132 2169908 59.853475 10.800998 151771 1150
1292495133 2170909 59.853475 10.800998 159411 1001
1292495134 2171910 59.853488 10.801001 182737 1001
1292495135 2173058 59.853527 10.800976 146764 1148
1292495136 2174059 59.853548 10.800965 157217 1001
1292495137 2175068 59.853559 10.800933 161799 1009
1292495138 2176258 59.85358 10.800923 157124 1190
1292495139 2177268 59.85359 10.800891 149709 1010
1292495140 2178278 59.853604 10.800877 117949 1010
1292495141 2179279 59.853613 10.800862 143910 1001
1292495142 2180477 59.85364 10.800834 130865 1198
1292495143 2181497 59.85364 10.800834 60192 1020
1292495144 2182508 59.853663 10.800806 96243 1011
1292495145 2183528 59.853676 10.800792 117564 1020
1292495147 2184608 59.85369 10.800777 125248 1080
1292495148 2185828 59.853699 10.800763 120618 1220
1292495149 2186829 59.853714 10.800731 147597 1001
1292495150 2187838 59.853728 10.800717 117816 1009
1292495151 2189037 59.85375 10.800689 121668 1199
1292495152 2190039 59.85375 10.800689 132404 1002
1292495153 2191048 59.853785 10.800664 138751 1009
1292495154 2192068 59.853785 10.800664 175397 1020
1292495155 2193078 59.853809 10.800618 116856 1010
1292495156 2194117 59.853809 10.800618 130559 1039
1292495157 2195127 59.853823 10.800604 148810 1010
1292495158 2196137 59.853846 10.800575 134706 1010
1292495159 2197148 59.853859 10.800561 96337 1010
1292495160 2198157 59.853871 10.800565 106601 1009
1292495161 2199259 59.853885 10.80055 66970 1102
1292495162 2200368 59.853898 10.800536 138968 1109
1292495163 2201369 59.853912 10.800522 170744 1001
1292495164 2202408 59.853924 10.800525 122493 1039
1292495165 2203478 59.853938 10.800511 115471 1070
1292495166 2204488 59.853951 10.800497 186692 1010
1292495167 2205518 59.853963 10.8005 91000 1030
1292495169 2206657 59.853973 10.800486 121143 1139
1292495170 2207698 59.853985 10.80049 150852 1041
1292495171 2208710 59.853991 10.800472 158621 1012
1292495172 2209748 59.85401 10.800479 143775 1038
1292495173 2210758 59.854024 10.800465 163250 1010
1292495174 2211759 59.854036 10.800468 172263 1001
1292495175 2212998 59.854065 10.80046 175703 1239
1292495176 2213999 59.854065 10.80046 218113 1001
1292495177 2215037 59.854091 10.80045 138839 1038
1292495178 2216137 59.854104 10.800435 147433 1100
1292495179 2217268 59.854124 10.800442 136268 1131
1292495180 2218278 59.854136 10.800445 176285 1010
1292495181 2219447 59.85415 10.800431 157996 1169
1292495182 2220449 59.854162 10.800435 163470 1002
1292495184 2221668 59.854175 10.80042 176051 1219
1292495185 2222669 59.854183 10.800424 169014 1001
1292495186 2223677 59.854197 10.80041 134341 1008
1292495187 2224718 59.854209 10.800413 127055 1041
1292495188 2225727 59.854221 10.800416 171526 1009
1292495189 2226728 59.854235 10.800402 103567 1001
1292495190 2227777 59.854242 10.800405 129639 1049
1292495191 2228808 59.854254 10.800409 119016 1031
1292495192 2229997 59.854275 10.800398 153490 1189
1292495193 2231007 59.854275 10.800398 151713 1010
1292495194 2232147 59.854297 10.800387 111896 1140
1292495195 2233167 59.854297 10.800387 97416 1020
1292495196 2234247 59.854321 10.800394 46270 1080
1292495197 2235267 59.854347 10.800383 78703 1020
1292495198 2236277 59.854388 10.800379 83271 1010
1292495199 2237278 59.854435 10.800357 83000 1001
1292495200 2238287 59.854501 10.800342 85678 1009
1292495201 2239297 59.854576 10.80033 86735 1010
1292495202 2240457 59.854765 10.800265 88905 1160
1292495203 2241459 59.854865 10.800242 95515 1002
1292495204 2242467 59.854982 10.800209 68740 1008
1292495205 2243477 59.855103 10.800175 56747 1010
1292495206 2244497 59.855224 10.800142 72448 1020
1292495207 2245507 59.855347 10.800091 73894 1010
1292495208 2246517 59.85548 10.800061 86435 1010
1292495209 2247527 59.855609 10.800031 83239 1010
1292495211 2248557 59.85575 10.800005 64928 1030
1292495212 2249607 59.855897 10.799999 86640 1050
1292495213 2250618 59.856035 10.800007 94334 1010
1292495214 2251837 59.856192 10.80004 86427 1219
1292495215 2252838 59.856339 10.800087 118423 1001
1292495216 2253847 59.856489 10.800137 131731 1009
1292495217 2254868 59.856637 10.800184 114906 1021
1292495218 2255869 59.856784 10.80023 134865 1001
1292495219 2256885 59.856935 10.800281 115550 1016
1292495220 2258338 59.857231 10.800357 125427 1453
1292495221 2259348 59.857375 10.800386 152646 1010
1292495222 2260357 59.857531 10.800404 107890 1008
1292495223 2261358 59.857681 10.800416 109043 1001
1292495224 2262367 59.857835 10.800393 127418 1009
1292495225 2263378 59.857995 10.800373 108294 1011
1292495226 2264379 59.858147 10.800329 113772 1001
1292495227 2265387 59.858303 10.80027 135110 1008
1292495228 2266407 59.858447 10.800209 120259 1020
1292495229 2267408 59.858589 10.800126 127072 1001
1292495231 2268588 59.858733 10.800064 100179 1180
1292495232 2269598 59.858874 10.799999 103122 1010
1292495233 2270727 59.859009 10.799952 144591 1129
1292495234 2271867 59.859261 10.799815 147655 1139
1292495235 2272927 59.859372 10.799761 135753 1060
1292495236 2273929 59.859372 10.799761 176225 1002
1292495237 2274937 59.859482 10.799707 146284 1008
1292495238 2276117 59.859673 10.799623 157618 1180
1292495239 2277227 59.859754 10.799594 157637 1110
1292495240 2278237 59.859822 10.799562 136672 1010
1292495241 2279238 59.85989 10.799529 134945 1001
1292495242 2280457 59.859946 10.799493 137892 1219
1292495243 2281458 59.859993 10.799471 179576 1001
1292495244 2282468 59.860035 10.79945 159246 1010
1292495245 2283477 59.860069 10.799442 158879 1009
1292495246 2284478 59.860099 10.799417 159721 1001
1292495247 2285498 59.860125 10.799406 158355 1020
1292495249 2286718 59.860146 10.799396 177071 1220
1292495250 2287728 59.860167 10.799385 167444 1010
1292495251 2288737 59.8602 10.799377 152386 1009
1292495252 2289907 59.860235 10.799352 144388 1170
1292495253 2290917 59.860277 10.799331 170453 1009
1292495254 2292047 59.860367 10.799287 120308 1130
1292495255 2293048 59.860402 10.799262 131305 1001
1292495256 2294147 59.860439 10.799255 162916 1099
1292495257 2295148 59.860476 10.799212 155424 1001
1292495258 2296327 59.860515 10.799187 128453 1179
1292495259 2297337 59.860551 10.799145 135327 1010
1292495260 2298387 59.860586 10.799119 144299 1050
1292495261 2299397 59.860619 10.799112 133022 1010
1292495262 2300447 59.860654 10.799087 153440 1050
1292495263 2301506 59.860689 10.799062 140331 1059
1292495264 2302507 59.860722 10.799054 123303 1001
1292495265 2303508 59.860756 10.799047 117052 1001
1292495266 2304527 59.860803 10.799025 120271 1019
1292495268 2305537 59.860836 10.799018 129778 1010
1292495269 2306539 59.860875 10.798993 111230 1002
1292495270 2307557 59.860909 10.798985 111860 1018
1292495271 2308567 59.860943 10.79896 103182 1010
1292495272 2309688 59.860984 10.798956 119092 1121
1292495273 2310708 59.861019 10.798931 140488 1020
1292495274 2311717 59.861053 10.798924 82122 1009
1292495275 2312727 59.861095 10.798902 90137 1010
1292495276 2313847 59.861134 10.798877 124574 1120
1292495277 2314967 59.861222 10.798851 142421 1120
1292495278 2316147 59.861257 10.798826 132662 1179
1292495279 2317328 59.861302 10.798822 127576 1181
1292495280 2318337 59.861345 10.7988 122008 1009
1292495281 2319347 59.86138 10.798775 127678 1010
1292495282 2320357 59.861413 10.798768 70511 1010
1292495283 2321377 59.86146 10.798746 127828 1020
1292495284 2322418 59.861493 10.798738 89349 1040
1292495285 2323477 59.86154 10.798717 76237 1059
1292495286 2324487 59.861574 10.798709 119748 1010
1292495287 2325488 59.861614 10.798705 99767 1001
1292495289 2326627 59.861655 10.798701 101934 1139
1292495290 2327638 59.861689 10.798693 134464 1011
1292495291 2328747 59.86173 10.798689 135389 1109
1292495292 2329748 59.861777 10.798668 151468 1001
1292495293 2330807 59.861818 10.798663 147650 1059
1292495294 2332187 59.861886 10.798631 131685 1379
1292495295 2333227 59.861899 10.798617 129311 1040
1292495296 2334237 59.861916 10.798606 136899 1010
1292495297 2335246 59.861921 10.798606 108446 1009
1292495298 2336347 59.861921 10.798606 116674 1100
1292495299 2337436 59.861921 10.798606 118403 1089
1292495301 2338627 59.861918 10.798588 124264 1191
1292495302 2339637 59.861918 10.798588 117646 1010
1292495303 2340638 59.861918 10.798588 91008 1001
1292495304 2341639 59.861921 10.798592 101742 1001
1292495305 2342866 59.861921 10.798592 113845 1227
1292495306 2343878 59.861918 10.798574 114445 1011
1292495307 2344977 59.861918 10.798574 80496 1099
1292495308 2345987 59.861918 10.798574 109060 1009
1292495309 2346997 59.861913 10.798574 85431 1009
1292495310 2348007 59.861913 10.798574 91250 1010
1292495311 2349107 59.861909 10.798574 87882 1100
1292495312 2350117 59.861909 10.798574 85001 1010
1292495313 2351167 59.861909 10.798574 52001 1050
1292495314 2352258 59.861904 10.798574 31464 1091
1292495315 2353387 59.861912 10.798577 9909 1129
1292495316 2354517 59.861912 10.798577 60165 1130
1292495318 2355748 59.861912 10.798577 4104 1231
1292495319 2356917 59.861948 10.798559 103536 1169
1292495320 2357967 59.861986 10.798552 113388 1050
1292495321 2358987 59.862086 10.798491 118395 1020
1292495322 2360097 59.862154 10.798458 138066 1110
1292495323 2361237 59.862308 10.798326 167084 1140
1292495324 2362347 59.862397 10.798245 177686 1110
1292495325 2363427 59.8625 10.798149 151032 1080
1292495326 2364428 59.862601 10.798056 149530 1001
1292495327 2365437 59.862713 10.797946 142246 1009
1292495328 2366448 59.862824 10.797853 128739 1011
1292495329 2367527 59.862943 10.797746 138018 1079
1292495331 2368540 59.863053 10.797654 176459 1013
1292495332 2369547 59.863164 10.797561 169918 1007
1292495333 2370548 59.863279 10.797454 151821 1001
1292495334 2371717 59.863386 10.797344 132098 1169
1292495335 2372877 59.863643 10.797011 180677 1160
1292495336 2373887 59.86375 10.796848 130065 1010
1292495337 2374967 59.863845 10.796682 117455 1080
1292495338 2375977 59.863845 10.796682 153358 1010
1292495339 2376978 59.863943 10.796495 90734 1001
1292495340 2378327 59.864111 10.796097 131216 1349
1292495341 2379337 59.864185 10.795903 122644 1010
1292495343 2380539 59.864263 10.79571 74792 1202
1292495344 2381546 59.864335 10.795534 84494 1007
1292495345 2382549 59.864421 10.795343 90043 1003
1292495346 2383576 59.864485 10.795164 67965 1027
1292495347 2384587 59.864557 10.794988 63595 1011
1292495348 2385617 59.864627 10.794847 57710 1030
1292495349 2386627 59.864694 10.794685 64509 1010
1292495350 2387708 59.864763 10.794544 43496 1081
1292495351 2388876 59.86484 10.79442 60078 1168
1292495352 2389877 59.864908 10.794297 103213 1001
1292495353 2390878 59.864974 10.794191 87657 1001
1292495354 2391881 59.865047 10.794105 57924 1003
1292495355 2392906 59.865125 10.794003 34069 1025
1292495356 2394058 59.865198 10.793918 44602 1152
1292495358 2396261 59.865198 10.793918 25992 2203
1292495359 2397437 59.865374 10.793772 96993 1176
1292495361 2398597 59.865458 10.793707 78259 1160
1292495362 2400147 59.865556 10.79365 62718 1550
1292495363 2401277 59.865651 10.793589 62282 1130
1292495364 2402287 59.865738 10.793528 71606 1010
1292495365 2403298 59.865821 10.793464 92140 1011
1292495366 2404458 59.865898 10.793417 84537 1160
1292495367 2405487 59.865975 10.79337 106318 1028
1292495369 2406666 59.866118 10.793273 144665 1179
1292495370 2407738 59.866195 10.793227 111770 1071
1292495371 2408747 59.866346 10.79313 117017 1009
1292495372 2409758 59.866419 10.793083 130529 1011
1292495373 2410766 59.866493 10.793033 103606 1008
1292495374 2411767 59.866566 10.792986 139767 1001
1292495375 2412778 59.866711 10.792907 93746 1011
1292495376 2413779 59.866768 10.792853 142839 1001
1292495377 2414786 59.866823 10.792835 139644 1007
1292495378 2415787 59.866867 10.792796 97653 1001
1292495379 2416937 59.866902 10.792771 82621 1150
1292495380 2417947 59.866923 10.79276 111622 1010
1292495381 2419087 59.86694 10.792749 108796 1140
1292495382 2420198 59.866935 10.792749 122355 1111
1292495383 2421307 59.866931 10.792749 135055 1109
1292495384 2422317 59.866931 10.792749 123565 1010
1292495385 2423407 59.866926 10.792749 111935 1090
1292495386 2424417 59.866934 10.792753 129965 1010
1292495388 2425607 59.866929 10.792753 116211 1190
1292495389 2426786 59.866928 10.79277 135278 1179
1292495390 2427916 59.866923 10.79277 70079 1130
1292495391 2428926 59.866925 10.792753 78279 1010
1292495392 2429947 59.866919 10.79277 58824 1021
1292495393 2430957 59.866919 10.79277 28440 1010
1292495394 2432019 59.866919 10.79277 34200 1062
1292495395 2433442 59.866919 10.79277 16416 1423
1292495396 2434456 59.866919 10.79277 32556 1014
1292495397 2435466 59.866919 10.79277 34200 1010
1292495398 2436497 59.866922 10.792773 26173 1031
1292495399 2437517 59.866922 10.792773 76608 1020
1292495400 2438526 59.866922 10.792773 73396 1009
1292495402 2439546 59.866922 10.792773 58510 1020
1292495403 2440557 59.866922 10.792773 68400 1011
1292495404 2441586 59.866935 10.792759 30778 1029
1292495405 2442597 59.866957 10.792748 55635 1011
1292495406 2443617 59.86699 10.792741 83643 1020
1292495407 2444646 59.86704 10.792722 73022 1029
1292495408 2445856 59.867096 10.792687 65411 1210
1292495409 2446867 59.867164 10.792654 72504 1011
1292495410 2447877 59.867232 10.792622 53252 1010
1292495411 2448907 59.867313 10.792592 39568 1030
1292495412 2449916 59.867313 10.792592 57456 1009
1292495413 2450936 59.86739 10.792546 58135 1020
1292495414 2452036 59.867473 10.79252 41529 1100
1292495415 2453046 59.867555 10.792473 60192 1010
1292495416 2454086 59.867631 10.792444 37890 1040
1292495417 2455106 59.867631 10.792444 35568 1020
1292495418 2456136 59.86772 10.7924 22937 1030
1292495419 2457156 59.8678 10.792371 35568 1020
1292495420 2458196 59.867868 10.792339 26687 1040
1292495421 2459496 59.867868 10.792339 30096 1300
1292495422 2460516 59.867946 10.792292 63782 1020
1292495423 2461526 59.868023 10.792245 35418 1010
1292495425 2462837 59.868111 10.792219 64773 1311
1292495426 2463866 59.868188 10.792173 61560 1029
1292495427 2464916 59.86827 10.792126 17407 1050
1292495428 2465956 59.86827 10.792126 23256 1040
1292495429 2467136 59.868355 10.792082 35814 1180
1292495430 2468402 59.868451 10.792042 70763 1266
1292495432 2469566 59.868553 10.792002 65290 1164
1292495433 2470847 59.868673 10.791934 55982 1280
1292495434 2471906 59.868795 10.791883 51463 1059
1292495435 2472923 59.868919 10.791814 49248 1017
1292495436 2473926 59.869038 10.791764 28736 1003
1292495437 2474936 59.869174 10.791698 53217 1010
1292495438 2475938 59.869174 10.791698 51984 1002
1292495439 2476957 59.869298 10.79163 44583 1019
1292495440 2477966 59.86943 10.791565 48514 1009
1292495441 2479146 59.869562 10.7915 53687 1180
1292495442 2480317 59.869698 10.791435 62597 1171
1292495443 2481336 59.869837 10.791373 65468 1019
1292495444 2482406 59.869969 10.791308 78239 1070
1292495446 2483566 59.870098 10.791239 69073 1160
1292495447 2484567 59.870229 10.791174 70966 1001
1292495448 2485576 59.87035 10.791088 59950 1009
1292495449 2486606 59.870467 10.791017 58541 1030
1292495450 2487658 59.870573 10.790924 48191 1052
1292495451 2488686 59.870573 10.790924 58824 1028
1292495452 2489698 59.87067 10.790845 35438 1012
1292495453 2490737 59.870762 10.790767 34200 1039
1292495454 2491963 59.870845 10.790703 49635 1226
1292495455 2492966 59.870915 10.790653 89874 1003
1292495456 2493976 59.870972 10.790599 74989 1010
1292495457 2494986 59.871016 10.79056 65925 1010
1292495459 2496737 59.871051 10.790535 42863 1751
1292495460 2497786 59.871051 10.790535 46512 1049
1292495461 2498806 59.871084 10.790527 41729 1020
1292495462 2499886 59.871095 10.790496 62555 1080
1292495463 2500986 59.871107 10.790499 60373 1100
1292495464 2501996 59.871107 10.790499 73307 1010
1292495465 2503006 59.871102 10.790499 94123 1010
1292495466 2504026 59.871102 10.790499 78365 1020
1292495467 2505036 59.871102 10.790499 67396 1010
1292495469 2506596 59.871102 10.790499 108769 1560
1292495470 2507606 59.871098 10.790499 83038 1010
1292495471 2508736 59.871098 10.790499 110274 1130
1292495472 2509806 59.871098 10.790499 138550 1070
1292495473 2510976 59.871096 10.790516 156137 1170
1292495474 2511986 59.871096 10.790516 142887 1010
1292495475 2512995 59.871096 10.790516 96565 1009
1292495476 2514146 59.871092 10.790516 77377 1151
1292495477 2515166 59.871092 10.790516 82363 1020
1292495478 2516176 59.871092 10.790516 91639 1010
1292495479 2517186 59.871092 10.790516 89015 1010
1292495480 2518346 59.871092 10.790516 78204 1160
1292495481 2519356 59.871092 10.790516 60192 1010
1292495482 2520361 59.871092 10.790516 41940 1005
1292495483 2521376 59.871092 10.790516 61854 1015
1292495485 2522566 59.871096 10.790516 50786 1190
1292495486 2523586 59.871105 10.790502 31464 1020
1292495487 2524626 59.871105 10.790502 25992 1040
1292495488 2525686 59.871127 10.790491 20150 1060
1292495489 2527036 59.871161 10.790466 15048 1350
1292495490 2528076 59.871161 10.790466 17784 1040
1292495491 2529406 59.871202 10.790424 32446 1330
1292495492 2530476 59.871255 10.790385 19152 1070
1292495493 2531486 59.871255 10.790385 15048 1010
1292495494 2532506 59.871317 10.790331 19152 1020
1292495496 2533536 59.87138 10.79026 19854 1030
1292495497 2534566 59.87138 10.79026 34200 1030
1292495498 2535576 59.871464 10.790196 24624 1010
1292495499 2536876 59.871556 10.790117 24372 1300
1292495500 2537937 59.871556 10.790117 27360 1061
1292495501 2538966 59.871653 10.790039 24592 1029
1292495502 2540006 59.871788 10.789883 13239 1040
1292495503 2541157 59.871902 10.789755 55618 1151
1292495504 2542186 59.872021 10.789648 77218 1029
1292495505 2543386 59.872153 10.789545 55837 1200
1292495506 2544405 59.872153 10.789545 45144 1019
1292495507 2545406 59.872286 10.789424 75374 1001
1292495508 2546416 59.87242 10.789285 67199 1010
1292495509 2547426 59.872561 10.789167 59094 1010
1292495511 2548616 59.872697 10.78905 46283 1190
1292495513 2550886 59.87283 10.788928 32832 2270
1292495514 2551946 59.872966 10.788811 48786 1060
1292495515 2552976 59.872966 10.788811 19152 1030
1292495516 2553987 59.873102 10.788693 35568 1011
1292495517 2555096 59.873229 10.788589 34715 1109
1292495518 2556106 59.873229 10.788589 27360 1010
1292495519 2557326 59.87337 10.788472 30096 1220
1292495520 2558366 59.873498 10.788351 22605 1039
1292495521 2559386 59.873498 10.788351 30096 1020
1292495523 2560596 59.873634 10.788233 23822 1210
1292495524 2561626 59.873762 10.788129 19152 1030
1292495525 2562666 59.873762 10.788129 20520 1040
1292495526 2563696 59.873893 10.788026 27977 1030
1292495527 2564726 59.874012 10.787919 43776 1030
1292495528 2565736 59.874127 10.787812 30611 1010
1292495529 2566796 59.874232 10.787737 44320 1060
1292495530 2568066 59.874325 10.787641 56895 1270
1292495531 2569096 59.874325 10.787641 49248 1030
1292495532 2570116 59.874418 10.787562 28662 1020
1292495533 2571166 59.874493 10.787533 31114 1050
1292495534 2572226 59.874569 10.787504 46512 1060
1292495535 2573236 59.874634 10.787454 35895 1010
1292495536 2574246 59.87469 10.787418 38649 1010
1292495537 2575266 59.874722 10.787375 30585 1020
1292495538 2576287 59.874722 10.787375 54720 1021
1292495539 2577316 59.874768 10.787371 32683 1029
1292495540 2578336 59.874783 10.787339 38860 1020
1292495541 2579346 59.874799 10.787343 56767 1010
1292495542 2580356 59.874801 10.787325 58824 1010
1292495543 2581416 59.874805 10.787325 27945 1060
1292495545 2582626 59.874805 10.787325 40450 1210
1292495546 2583646 59.874805 10.787325 42408 1020
1292495548 2585553 59.874805 10.787325 16384 1907
1292495549 2586586 59.874805 10.787325 61213 1033
1292495550 2588176 59.874805 10.787325 19152 1590
1292495552 2589927 59.874802 10.787322 73233 1751
1292495553 2590936 59.874802 10.787322 82080 1009
1292495554 2591947 59.874789 10.787322 101978 1011
1292495555 2592996 59.874775 10.787322 95039 1049
1292495556 2594136 59.874766 10.787322 126140 1140
1292495557 2595296 59.874766 10.787322 127818 1160
1292495558 2596346 59.874762 10.787322 110966 1050
1292495559 2597347 59.874757 10.787322 122446 1001
1292495561 2598636 59.874757 10.787322 80486 1289
1292495562 2599708 59.874757 10.787322 93857 1072
1292495563 2600716 59.874774 10.787311 113529 1007
1292495564 2601786 59.874843 10.787261 95390 1070
1292495565 2602896 59.87489 10.787239 107674 1109
1292495566 2603916 59.874946 10.787203 126218 1020
1292495567 2604917 59.87511 10.78711 104441 1001
1292495568 2606146 59.8752 10.787049 144550 1229
1292495569 2607356 59.875418 10.786937 143217 1210
1292495571 2608566 59.87555 10.786872 150392 1210
1292495572 2609656 59.875811 10.786738 146219 1090
1292495573 2610766 59.875955 10.786676 145044 1110
1292495574 2611786 59.876245 10.786556 131385 1020
1292495575 2612916 59.876395 10.786477 128698 1130
1292495576 2614077 59.876697 10.786339 132086 1161
1292495577 2615078 59.876854 10.786263 146547 1001
1292495578 2616087 59.877184 10.786118 157219 1009
1292495579 2617096 59.877346 10.786042 142908 1009
1292495580 2618097 59.877677 10.785896 133343 1001
1292495581 2619117 59.877842 10.785824 84571 1020
1292495582 2620126 59.878164 10.785675 150209 1009
1292495583 2621166 59.878322 10.785599 57497 1040
1292495584 2622167 59.878479 10.785523 127495 1001
1292495585 2623176 59.878761 10.785379 119782 1009
1292495586 2624177 59.878896 10.785331 146967 1001
1292495587 2625286 59.879137 10.785229 179864 1109
1292495588 2626406 59.879252 10.785175 172151 1120
1292495590 2627576 59.879439 10.785074 127376 1169
1292495591 2628757 59.87952 10.785045 133253 1181
1292495592 2629846 59.879677 10.784969 115867 1089
1292495593 2630886 59.879753 10.784939 117128 1040
1292495594 2631986 59.879889 10.784874 140916 1099
1292495595 2633076 59.879965 10.784845 153008 1090
1292495596 2634147 59.880097 10.78478 152587 1071
1292495597 2635206 59.880156 10.784761 132566 1059
1292495598 2636216 59.880287 10.784696 136105 1010
1292495599 2637217 59.880334 10.784675 140367 1001
1292495600 2638218 59.880424 10.784631 139655 1001
1292495601 2639219 59.880459 10.784606 156518 1001
1292495602 2640306 59.880527 10.784574 114450 1087
1292495603 2641466 59.880586 10.784555 158644 1160
1292495604 2642506 59.88062 10.78453 148533 1040
1292495606 2643697 59.88069 10.784518 180056 1190
1292495607 2644708 59.880725 10.784493 142609 1010
1292495608 2645726 59.880772 10.784472 125434 1018
1292495609 2646736 59.880845 10.784439 122349 1010
1292495610 2647846 59.880886 10.784435 124009 1110
1292495611 2648926 59.880963 10.784402 128467 1080
1292495612 2649936 59.881005 10.784381 129401 1009
1292495613 2650966 59.881044 10.784356 87374 1030
1292495614 2651976 59.881078 10.784348 110323 1010
1292495615 2653026 59.881164 10.784301 78157 1050
1292495616 2654036 59.881199 10.784276 106983 1010
1292495617 2655076 59.88124 10.784272 120212 1040
1292495618 2656077 59.88124 10.784272 38304 1001
1292495619 2657217 59.881311 10.784243 93139 1139
1292495620 2658226 59.881346 10.784218 166465 1009
1292495621 2659227 59.881413 10.784203 174692 1001
1292495622 2660228 59.88144 10.784174 164234 1001
1292495623 2661396 59.881496 10.784138 151079 1168
1292495625 2662576 59.881535 10.784113 155914 1180
1292495626 2663626 59.881558 10.784085 181836 1050
1292495627 2664627 59.881614 10.784049 178107 1001
1292495628 2665826 59.88167 10.784013 161231 1199
1292495629 2667017 59.881741 10.783945 189073 1191
1292495630 2668020 59.881783 10.783924 162664 1001
1292495631 2669196 59.881859 10.783856 157426 1176
1292495632 2670207 59.881937 10.783792 177357 1010
1292495633 2671426 59.882017 10.78371 148323 1219
1292495634 2672427 59.882057 10.783685 165876 1001
1292495636 2673636 59.882123 10.783617 146517 1209
1292495637 2674638 59.882152 10.783571 151728 1002
1292495638 2675836 59.88216 10.783574 88006 1198
1292495639 2677107 59.88216 10.783574 139832 1271
1292495640 2678116 59.882155 10.783574 134080 1009
1292495641 2679118 59.882163 10.783578 141984 1002
1292495642 2680126 59.882161 10.783595 104365 1008
1292495643 2681136 59.882161 10.783595 112018 1010
1292495644 2682176 59.882157 10.783595 128244 1039
1292495645 2683386 59.882157 10.783595 127844 1210
1292495646 2684397 59.882157 10.783595 132142 1011
1292495647 2685406 59.882161 10.783595 119480 1008
1292495648 2686417 59.882178 10.783584 139419 1011
1292495649 2687418 59.882199 10.783574 138216 1001
1292495651 2688596 59.882264 10.783485 137379 1178
1292495652 2689597 59.882318 10.783428 133665 1001
1292495653 2690716 59.882377 10.783357 151113 1119
1292495654 2691896 59.882507 10.78318 160690 1180
1292495655 2693126 59.882579 10.783095 167449 1230
1292495656 2694137 59.882579 10.783095 117202 1011
1292495657 2695146 59.882644 10.783006 98823 1009
1292495658 2696166 59.882723 10.782904 63959 1020
1292495659 2697386 59.882795 10.782818 16173 1220
1292495660 2698506 59.88296 10.782616 132579 1120
1292495661 2699516 59.883049 10.782482 126292 1010
1292495663 2700646 59.883148 10.782368 75121 1130
1292495664 2701786 59.883251 10.78222 135672 1140
1292495665 2702806 59.883364 10.782092 156983 1020
1292495666 2703866 59.883476 10.781929 141662 1060
1292495667 2704867 59.883591 10.781783 169725 1001
1292495668 2705876 59.883714 10.781624 142062 1009
1292495669 2706877 59.883835 10.781461 137426 1001
1292495670 2707886 59.883948 10.781281 116930 1009
1292495671 2709026 59.884165 10.780934 139811 1140
1292495672 2710036 59.884165 10.780934 130875 1010
1292495673 2711046 59.884364 10.780563 110845 1010
1292495674 2712065 59.884364 10.780563 155395 1019
1292495675 2713066 59.884466 10.780376 106995 1001
1292495676 2714076 59.88465 10.779998 90830 1010
1292495677 2715086 59.88465 10.779998 135257 1010
1292495678 2716126 59.884841 10.779624 82424 1040
1292495679 2717296 59.884933 10.779454 136562 1170
1292495680 2718386 59.88502 10.779285 112373 1090
1292495681 2719496 59.885103 10.779129 150821 1110
1292495683 2720565 59.885181 10.778974 136449 1069
1292495684 2721676 59.885254 10.778836 147797 1110
1292495685 2722697 59.885318 10.778695 125993 1021
1292495686 2723711 59.885382 10.778571 98671 1014
1292495687 2724716 59.885451 10.77843 133244 1004
1292495688 2725726 59.885514 10.778306 134376 1010
1292495689 2726737 59.885567 10.778162 174019 1011
1292495690 2727746 59.88563 10.778038 152019 1009
1292495691 2728756 59.885681 10.777873 165990 1010
1292495692 2729866 59.885762 10.777539 157018 1110
1292495693 2730876 59.885762 10.777539 110968 1009
1292495694 2731916 59.885781 10.777363 74748 1040
1292495695 2733096 59.885809 10.776974 103130 1180
1292495696 2734316 59.885809 10.776974 42408 1220
1292495697 2735346 59.88581 10.776774 98979 1030
1292495698 2736377 59.885809 10.776592 66947 1031
1292495699 2737386 59.88581 10.776392 88988 1009
1292495701 2738617 59.885797 10.776011 170799 1231
1292495702 2739856 59.885793 10.775811 86143 1239
1292495703 2740866 59.885801 10.775615 109023 1010
1292495704 2741876 59.885825 10.775425 140642 1010
1292495705 2742886 59.88586 10.775253 95554 1010
1292495706 2743904 59.885886 10.775098 64022 1018
1292495707 2744915 59.885909 10.774961 79476 1011
1292495708 2745926 59.885939 10.774845 79120 1011
1292495709 2746935 59.88596 10.774743 76058 1009
1292495710 2748076 59.885983 10.774662 53346 1141
1292495711 2749095 59.886001 10.774595 98221 1019
1292495712 2750105 59.886014 10.774528 58372 1009
1292495713 2751206 59.886011 10.774511 104377 1101
1292495714 2752207 59.886032 10.774514 127299 1001
1292495715 2753226 59.886046 10.774514 111380 1019
1292495716 2754246 59.886061 10.774535 107330 1020
1292495717 2755466 59.886065 10.774535 70898 1220
1292495718 2756476 59.886065 10.774535 61167 1010
1292495719 2757485 59.886065 10.774535 35568 1009
1292495720 2758496 59.886064 10.774553 55463 1011
1292495721 2759497 59.886064 10.774553 40589 1001
1292495722 2760525 59.886064 10.774553 31511 1028
1292495724 2761536 59.886064 10.774553 36936 1011
1292495725 2762538 59.886058 10.77457 33327 1001
1292495726 2763565 59.886067 10.774556 31210 1027
1292495727 2764675 59.88607 10.774521 54058 1110
1292495728 2765708 59.88607 10.774521 34200 1033
1292495729 2766745 59.886082 10.774472 24598 1037
1292495730 2767765 59.8861 10.774405 45144 1020
1292495731 2768777 59.886128 10.774306 111452 1012
1292495732 2769886 59.886194 10.774056 142374 1109
1292495733 2770896 59.886248 10.773908 151049 1010
1292495734 2771906 59.886303 10.773743 175800 1010
1292495735 2773096 59.886362 10.773581 77901 1190
1292495736 2774125 59.886362 10.773581 67032 1029
1292495737 2775165 59.886518 10.773232 63344 1040
1292495738 2776176 59.88661 10.773062 83149 1011
1292495739 2777188 59.886706 10.772892 31525 1012
1292495740 2778195 59.886803 10.772723 62500 1007
1292495741 2779205 59.886803 10.772723 57456 1010
1292495742 2780216 59.886918 10.772577 36227 1011
1292495743 2781217 59.887019 10.772446 36936 1001
1292495744 2782255 59.88712 10.772315 60302 1038
1292495745 2783446 59.88732 10.77207 115780 1191
1292495746 2784447 59.88742 10.771956 161496 1001
1292495747 2785456 59.88758 10.771754 215393 1009
1292495749 2786609 59.887725 10.771584 187052 1153
1292495750 2787625 59.887798 10.771498 140626 1016
1292495751 2788627 59.887858 10.77141 151267 1001
1292495752 2789846 59.887924 10.771342 185208 1219
1292495753 2790847 59.887989 10.771254 192909 1001
1292495754 2792006 59.888118 10.771094 166418 1159
1292495755 2793106 59.888176 10.771023 157651 1100
1292495756 2794186 59.888238 10.770969 150370 1080
1292495757 2795386 59.888288 10.770913 171910 1200
1292495758 2796396 59.888326 10.770852 161721 1010
1292495759 2797446 59.888361 10.770827 112037 1050
1292495761 2798666 59.888383 10.770799 193659 1220
1292495762 2799846 59.888397 10.770785 165146 1180
1292495763 2800857 59.888397 10.770785 174008 1010
1292495764 2801885 59.888397 10.770785 92763 1028
1292495765 2802897 59.888397 10.770785 55843 1012
1292495766 2803946 59.888401 10.770785 138913 1049
1292495767 2804964 59.888401 10.770785 160645 1018
1292495768 2806026 59.8884 10.770802 166511 1062
1292495769 2807485 59.8884 10.770802 199904 1459
1292495770 2808486 59.8884 10.770802 115042 1001
1292495771 2809487 59.8884 10.770802 112440 1001
1292495772 2810497 59.8884 10.770802 166119 1010
1292495773 2811505 59.8884 10.770802 116418 1008
1292495774 2812515 59.8884 10.770802 140495 1010
1292495776 2813606 59.8884 10.770802 127349 1091
1292495777 2814615 59.888399 10.77082 141553 1009
1292495778 2815616 59.888399 10.77082 139549 1001
1292495779 2816625 59.888399 10.77082 136769 1009
1292495780 2817635 59.888399 10.77082 125921 1009
1292495781 2818636 59.888399 10.77082 136929 1001
1292495782 2819806 59.888399 10.77082 123450 1170
1292495783 2820815 59.888399 10.77082 130417 1008
1292495784 2821816 59.888403 10.77082 98945 1001
1292495785 2822825 59.888412 10.770806 163686 1009
1292495786 2823996 59.888445 10.770745 124569 1170
1292495787 2825006 59.888445 10.770745 174604 1010
1292495788 2826017 59.888485 10.770706 139380 1011
1292495789 2827026 59.888577 10.770575 151579 1009
1292495790 2828036 59.888649 10.77049 160544 1010
1292495791 2829045 59.88871 10.770401 156107 1009
1292495792 2830046 59.888784 10.770298 178352 1001
1292495793 2831055 59.888784 10.770298 158686 1009
1292495794 2832056 59.888927 10.770093 168977 1001
1292495795 2833176 59.889001 10.76999 128444 1120
1292495796 2834185 59.88909 10.769855 166127 1009
1292495797 2835186 59.889182 10.769724 172655 1001
1292495798 2836196 59.889279 10.769593 152848 1010
1292495799 2837205 59.889389 10.769448 163309 1009
1292495800 2838206 59.889491 10.769299 136146 1001
1292495801 2839276 59.889597 10.769153 146420 1070
1292495802 2840285 59.889707 10.769008 185638 1009
1292495803 2841286 59.889817 10.768862 143831 1001
1292495804 2842295 59.889927 10.768717 148053 1009
1292495805 2843296 59.890038 10.768572 141512 1001
1292495806 2844466 59.890145 10.768409 133427 1170
1292495807 2845475 59.89025 10.768263 144527 1009
1292495809 2846645 59.890356 10.768118 173598 1170
1292495810 2847856 59.890576 10.767827 203494 1211
1292495811 2849196 59.890687 10.767681 210190 1340
1292495812 2850197 59.890797 10.767536 192259 1001
1292495813 2851206 59.890896 10.76737 190241 1009
1292495814 2852207 59.891006 10.767224 165564 1001
1292495815 2853255 59.891103 10.76704 126770 1048
1292495816 2854257 59.89119 10.766871 193843 1002
1292495817 2855265 59.891288 10.766683 143626 1008
1292495818 2856436 59.891381 10.766496 131210 1171
1292495819 2857455 59.891469 10.766327 144282 1019
1292495820 2858475 59.891548 10.766115 118265 1020
1292495821 2859485 59.891625 10.765925 117009 1010
1292495822 2860526 59.891708 10.765716 141396 1041
1292495824 2861665 59.891783 10.765505 146721 1139
1292495825 2862666 59.891861 10.765297 150564 1001
1292495826 2863865 59.892024 10.76486 134372 1199
1292495827 2864866 59.892024 10.76486 159175 1001
1292495828 2865876 59.892197 10.7645 164652 1010
1292495829 2866886 59.892197 10.7645 154891 1010
1292495830 2868026 59.892393 10.764135 156955 1139
1292495831 2869036 59.892493 10.763969 166396 1010
1292495832 2870136 59.892588 10.763802 101294 1100
1292495833 2871146 59.892693 10.763657 115708 1010
1292495834 2872155 59.892793 10.763491 97734 1009
1292495835 2873255 59.892899 10.763345 117609 1100
1292495836 2874435 59.893 10.7632 132947 1180
1292495837 2875445 59.893101 10.763054 112294 1010
1292495838 2876455 59.893207 10.762909 97548 1010
1292495839 2877476 59.893309 10.76276 100472 1021
1292495840 2878495 59.893418 10.762632 111090 1018
1292495841 2879505 59.893534 10.762507 55495 1010
1292495842 2880526 59.893646 10.762397 46498 1021
1292495844 2881562 59.893646 10.762397 31464 1036
1292495845 2882625 59.893761 10.76229 19310 1063
1292495846 2883655 59.893874 10.762201 31464 1030
1292495847 2884685 59.894 10.762114 28351 1030
1292495848 2885695 59.894 10.762114 43776 1010
1292495849 2886708 59.89412 10.762046 42176 1013
1292495850 2887725 59.894248 10.761977 58276 1017
1292495851 2888845 59.894506 10.761864 70813 1120
1292495852 2889856 59.894639 10.761834 103050 1011
1292495853 2890866 59.89475 10.76178 65887 1010
1292495854 2891926 59.894868 10.761767 59099 1060
1292495855 2892935 59.894976 10.761734 79375 1009
1292495856 2893945 59.895105 10.761703 81466 1010
1292495857 2895055 59.895318 10.761682 94910 1110
1292495858 2896075 59.895447 10.761652 115523 1020
1292495859 2897095 59.895576 10.761622 112757 1020
1292495860 2898115 59.895702 10.761588 97979 1019
1292495861 2899145 59.895825 10.761537 52215 1030
1292495862 2900165 59.895947 10.761486 47880 1020
1292495863 2901175 59.896059 10.761414 26606 1010
1292495865 2903145 59.896059 10.761414 1368 1970
1292495866 2904285 59.896176 10.761342 31464 1139
1292495868 2905746 59.896176 10.761342 2736 1461
1292495869 2906758 59.896304 10.76126 54873 1012
1292495870 2907766 59.896418 10.76117 36936 1008
1292495871 2908815 59.896542 10.761102 24580 1049
1292495874 2912105 59.896542 10.761102 35568 3290
1292495875 2913283 59.896654 10.76103 24671 1178
1292495876 2914295 59.896745 10.760969 43776 1011
1292495877 2915405 59.896845 10.760893 27493 1110
1292495878 2916435 59.896845 10.760893 62928 1030
1292495879 2917485 59.896928 10.760829 28190 1050
1292495881 2918856 59.897014 10.760768 20520 1371
1292495882 2920035 59.897014 10.760768 9576 1179
1292495884 2922075 59.897091 10.760721 2736 2040
1292495886 2923566 59.897091 10.760721 15048 1491
1292495887 2924715 59.897159 10.760688 11416 1149
1292495889 2926736 59.897224 10.760638 4104 2021
1292495890 2928085 59.897224 10.760638 5472 1349
1292495891 2929136 59.897268 10.760599 4104 1051
1292495895 2933225 59.897268 10.760599 4104 4089
1292495896 2934335 59.897317 10.760559 6840 1110
1292495897 2935395 59.897317 10.760559 17784 1060
1292495899 2936685 59.897353 10.760517 16559 1290
1292495900 2937835 59.897401 10.760477 12312 1150
1292495901 2938916 59.897401 10.760477 15048 1080
1292495902 2940207 59.897442 10.760435 15048 1291
1292495903 2941435 59.897442 10.760435 10944 1228
1292495905 2943375 59.89749 10.760396 4104 1940
1292495906 2944385 59.897537 10.760374 44133 1009
1292495907 2945425 59.897598 10.760324 38433 1040
1292495908 2946465 59.897598 10.760324 27360 1040
1292495910 2947754 59.897651 10.76027 21880 1289
1292495911 2949035 59.897701 10.760199 24624 1280
1292495912 2950045 59.897701 10.760199 19152 1010
1292495913 2951175 59.897755 10.760142 24194 1130
1292495914 2952185 59.897791 10.760061 65664 1010
1292495915 2953205 59.897822 10.759941 36320 1020
1292495916 2954225 59.897852 10.759825 61887 1020
1292495917 2955246 59.897884 10.759692 57554 1021
1292495918 2956255 59.897914 10.759575 59714 1009
1292495919 2957475 59.897939 10.759459 48541 1220
1292495920 2958486 59.89797 10.759325 67235 1011
1292495922 2959617 59.898018 10.759233 67146 1131
1292495923 2960636 59.898018 10.759233 61560 1018
1292495924 2961685 59.898058 10.759141 30000 1049
1292495925 2962695 59.898106 10.75905 46815 1010
1292495926 2963895 59.898212 10.758942 96784 1200
1292495927 2964905 59.898272 10.758906 106762 1010
1292495928 2965915 59.898342 10.758895 84646 1010
1292495929 2967005 59.898476 10.758941 81413 1090
1292495930 2968006 59.898535 10.758961 148571 1001
1292495931 2969216 59.898667 10.758987 199485 1209
1292495932 2970225 59.898795 10.759013 136504 1009
1292495933 2971226 59.898863 10.759019 113586 1001
1292495934 2972235 59.898992 10.758989 146063 1009
1292495935 2973265 59.89906 10.758956 127019 1030
1292495936 2974275 59.899188 10.758891 183151 1010
1292495937 2975277 59.899254 10.758876 80917 1002
1292495938 2976485 59.899389 10.758866 170337 1208
1292495940 2977569 59.899456 10.75889 136917 1084
1292495941 2978575 59.899514 10.758927 115525 1006
1292495942 2979656 59.899654 10.759047 141292 1081
1292495943 2980665 59.899705 10.75912 171072 1009
1292495944 2981865 59.899828 10.75929 168195 1200
1292495945 2982875 59.899929 10.759526 183839 1010
1292495946 2983905 59.899983 10.759655 99432 1030
1292495947 2984935 59.900025 10.75978 85813 1030
1292495948 2985945 59.900078 10.759909 49494 1010
1292495949 2986955 59.900115 10.760048 46512 1010
1292495950 2987965 59.900157 10.760174 38131 1010
1292495951 2988985 59.9002 10.760334 36163 1020
1292495952 2990025 59.9002 10.760334 62928 1040
1292495953 2991055 59.900228 10.760488 43293 1030
1292495954 2992075 59.900259 10.760645 46245 1020
1292495955 2993085 59.900295 10.760802 56088 1010
1292495956 2994115 59.900326 10.760959 44479 1030
1292495957 2995355 59.900355 10.761134 58853 1240
1292495958 2996365 59.900355 10.761134 60192 1010
1292495959 2997385 59.900386 10.761291 39791 1020
1292495960 2998395 59.90041 10.761445 62928 1010
1292495961 2999405 59.900445 10.761602 50880 1010
1292495962 3000432 59.90047 10.761738 41500 1027
1292495964 3001595 59.900506 10.761895 48914 1163
1292495965 3002625 59.900506 10.761895 45144 1030
1292495966 3003665 59.900546 10.762038 41345 1040
1292495967 3004675 59.900578 10.762178 58942 1010
1292495968 3005715 59.900603 10.762314 43533 1040
1292495969 3006805 59.900603 10.762314 47880 1090
1292495970 3007815 59.900631 10.762453 78134 1010
1292495971 3008875 59.900668 10.762593 90895 1060
1292495972 3009885 59.900692 10.762747 100561 1010
1292495973 3010886 59.900729 10.763016 113650 1001
1292495974 3011895 59.900738 10.763149 130682 1009
1292495975 3012896 59.900766 10.763379 157457 1001
1292495976 3013905 59.900779 10.763512 153948 1009
1292495977 3015066 59.900807 10.763757 170948 1161
1292495978 3016076 59.90085 10.764009 159565 1010
1292495979 3017077 59.900872 10.764127 172498 1001
1292495980 3018086 59.900922 10.764414 137126 1009
1292495981 3019096 59.900953 10.764533 138762 1010
1292495982 3020322 59.901067 10.764716 105518 1226
1292495983 3021345 59.901118 10.764789 72243 1022
1292495984 3022455 59.901118 10.764789 39672 1110
1292495986 3023616 59.901153 10.764894 48261 1161
1292495987 3024635 59.90119 10.76498 111076 1019
1292495988 3025675 59.901267 10.765172 136835 1040
1292495989 3026677 59.901339 10.765363 173610 1002
1292495990 3027685 59.90141 10.765572 145073 1008
1292495991 3028695 59.901454 10.765677 161873 1010
1292495992 3029745 59.901522 10.765882 184483 1050
1292495993 3030765 59.90155 10.765983 170367 1020
1292495994 3031775 59.901621 10.766088 123969 1010
1292495995 3032825 59.90167 10.766283 129947 1050
1292495996 3033826 59.90168 10.76636 165086 1001
1292495997 3034905 59.901695 10.766511 135772 1079
1292495998 3035915 59.901705 10.76664 145345 1010
1292495999 3036925 59.901722 10.76672 137839 1010
1292496000 3038005 59.901747 10.766857 109198 1080
1292496001 3039015 59.901781 10.766964 150700 1010
1292496002 3040018 59.9018 10.767027 133159 1003
1292496003 3041035 59.901832 10.767152 132499 1017
1292496004 3042095 59.901869 10.767201 85775 1060
1292496005 3043104 59.901892 10.767264 116427 1009
1292496006 3044105 59.901928 10.767312 49595 1001
1292496007 3045114 59.901977 10.767364 41616 1009
1292496008 3046124 59.902027 10.767398 58348 1009
1292496009 3047125 59.902073 10.767432 80288 1001
1292496010 3048145 59.902123 10.767467 40926 1020
1292496011 3049156 59.902216 10.767517 136073 1011
1292496012 3050180 59.902259 10.767548 148802 1024
1292496013 3051225 59.902348 10.767596 163397 1045
1292496014 3052227 59.902396 10.767613 169182 1002
1292496024 3062213 59.902467 10.767636 105269 9986
1292496025 3063224 59.9025 10.767629 127978 1011
1292496026 3064225 59.902573 10.767634 199905 1001
1292496027 3065233 59.902646 10.76764 158045 1008
1292496028 3066383 59.902723 10.767632 188638 1150
1292496029 3067393 59.902755 10.767642 185098 1010
1292496030 3068394 59.902833 10.767648 188233 1001
1292496031 3069403 59.902869 10.767643 147532 1009
1292496033 3070553 59.902946 10.767649 158272 1150
1292496034 3071554 59.903025 10.767637 143921 1001
1292496035 3072555 59.903051 10.767627 158164 1001
1292496036 3073563 59.903089 10.767619 134334 1008
1292496037 3074564 59.903096 10.767622 110968 1001
1292496038 3075733 59.903096 10.767622 134125 1169
1292496039 3076743 59.903104 10.767626 152555 1010
1292496040 3077745 59.903104 10.767626 182390 1002
1292496041 3078753 59.90311 10.767608 193568 1008
1292496042 3079773 59.903118 10.767611 205304 1020
1292496043 3080893 59.903113 10.767611 195928 1120
1292496044 3082023 59.903119 10.767632 206133 1130
1292496045 3083203 59.903125 10.767615 182527 1180
1292496046 3084233 59.903162 10.767625 144277 1030
1292496047 3085293 59.903186 10.767632 185212 1060
1292496048 3086303 59.90328 10.767641 169591 1010
1292496049 3087313 59.903348 10.767646 167380 1010
1292496050 3088323 59.903476 10.767634 154182 1010
1292496051 3089483 59.903606 10.767639 179839 1160
1292496052 3090485 59.903673 10.767624 180255 1002
1292496053 3091503 59.903797 10.767502 186200 1018
1292496054 3092504 59.90391 10.767322 132524 1001
1292496056 3093564 59.904012 10.767173 178324 1060
1292496057 3094644 59.904101 10.767038 173618 1080
1292496058 3095713 59.904144 10.766978 179532 1069
1292496059 3096781 59.904201 10.766925 157794 1068
1292496060 3097884 59.904315 10.766888 159717 1103
1292496061 3098893 59.904382 10.766911 193113 1009
1292496062 3099943 59.904459 10.766955 137393 1050
1292496063 3101103 59.904529 10.766996 169271 1160
1292496064 3102104 59.904617 10.767062 161007 1001
1292496065 3103123 59.904617 10.767062 108911 1019
1292496066 3104125 59.904777 10.76715 177496 1001
1292496067 3105133 59.904862 10.767198 171819 1008
1292496068 3106293 59.904932 10.767239 190718 1160
1292496069 3107303 59.905002 10.76728 151581 1010
1292496070 3108313 59.905002 10.76728 82458 1010
1292496071 3109335 59.905061 10.7673 37588 1022
1292496073 3110840 59.905131 10.767288 16384 1504
1292496075 3112893 59.905169 10.767228 69612 2053
1292496076 3113903 59.905198 10.767417 112771 1010
1292496077 3115082 59.905232 10.767462 81907 1179
1292496078 3116092 59.90527 10.767493 64429 1010
1292496079 3117093 59.905283 10.767493 78766 1001
1292496080 3118104 59.905321 10.767485 100477 1011
1292496081 3119106 59.905416 10.767533 157426 1002
1292496082 3120263 59.905531 10.767608 169595 1157
1292496083 3121264 59.905607 10.76767 193974 1001
1292496084 3122273 59.905741 10.767769 137550 1009
1292496085 3123424 59.90579 10.767821 169074 1151
1292496086 3124485 59.905852 10.767858 175836 1061
1292496088 3125565 59.905904 10.767875 178271 1080
1292496089 3126573 59.90595 10.767909 159970 1008
1292496090 3127583 59.906001 10.767926 126977 1010
1292496091 3128584 59.906041 10.767939 158328 1001
1292496092 3129593 59.90608 10.767953 165955 1009
1292496093 3130594 59.906093 10.767956 156009 1001
1292496094 3131603 59.906103 10.767977 185496 1009
1292496095 3132613 59.906103 10.767977 192374 1010
1292496096 3133703 59.906102 10.767995 193653 1089
1292496097 3134843 59.906102 10.767995 204659 1140
1292496098 3136003 59.906102 10.767995 175314 1160
1292496099 3137173 59.906102 10.767995 189678 1170
1292496100 3138364 59.906102 10.767995 193913 1191
1292496101 3139453 59.906102 10.767995 160169 1088
1292496103 3140624 59.906094 10.767991 191280 1170
1292496104 3141633 59.906094 10.767991 193926 1009
1292496105 3142653 59.906094 10.767991 141062 1020
1292496106 3143673 59.906094 10.767991 168730 1020
1292496107 3144674 59.906094 10.767991 140525 1001
1292496108 3145784 59.906094 10.767991 135713 1110
1292496109 3146964 59.906094 10.767991 187298 1180
1292496110 3147973 59.906094 10.767991 119581 1009
1292496111 3149113 59.906094 10.767991 130375 1140
1292496112 3150124 59.906094 10.767991 165384 1011
1292496113 3151133 59.906094 10.767991 103507 1009
1292496114 3152143 59.906094 10.767991 119255 1010
1292496115 3153393 59.906094 10.767991 95248 1250
1292496116 3154404 59.906096 10.767974 70813 1011
1292496117 3155412 59.906096 10.767974 73915 1008
1292496118 3156431 59.906097 10.767956 75036 1019
1292496119 3157433 59.906097 10.767956 124210 1002
1292496120 3158443 59.906103 10.767939 148367 1010
1292496121 3159444 59.906103 10.767939 140699 1001
1292496122 3160452 59.906106 10.767942 107367 1008
1292496123 3161483 59.906106 10.767942 118802 1031
1292496124 3162492 59.906118 10.767945 79278 1009
1292496126 3164176 59.906118 10.767945 60192 1684
1292496127 3165193 59.906126 10.767949 59469 1016
1292496128 3166203 59.906153 10.767959 90552 1010
1292496129 3167213 59.906193 10.767972 72252 1010
1292496130 3168233 59.906237 10.767985 82917 1020
1292496131 3169242 59.906293 10.768002 86087 1009
1292496132 3170273 59.906367 10.768043 81257 1031
1292496133 3171292 59.906459 10.768073 46686 1019
1292496134 3172333 59.906571 10.768039 44269 1041
1292496135 3173343 59.906677 10.768038 61560 1010
1292496136 3174378 59.906767 10.768033 59414 1035
1292496137 3175402 59.906868 10.768031 53536 1024
1292496138 3176413 59.906961 10.768043 47468 1011
1292496139 3177423 59.907058 10.768042 102073 1010
1292496141 3178583 59.907222 10.768025 142998 1160
1292496142 3179623 59.907292 10.768013 169966 1040
1292496143 3180624 59.907445 10.767975 165417 1001
1292496144 3181813 59.90756 10.76796 152551 1189
1292496145 3182823 59.90756 10.76796 156256 1009
1292496146 3183833 59.907638 10.767965 124704 1010
1292496147 3184843 59.907626 10.767868 145043 1010
1292496148 3186018 59.907803 10.767907 173236 1175
1292496149 3187023 59.907849 10.767885 198754 1005
1292496150 3188073 59.907878 10.767877 169501 1050
1292496151 3189243 59.907878 10.767825 196763 1170
1292496152 3190413 59.907928 10.767768 211448 1169
1292496153 3191423 59.907971 10.767613 202905 1010
1292496154 3192432 59.908024 10.767612 163512 1009
1292496155 3193433 59.908095 10.767744 211247 1001
1292496156 3194484 59.908199 10.767907 162107 1051
1292496158 3195663 59.908235 10.767917 205757 1179
1292496159 3196673 59.908262 10.767927 172067 1010
1292496160 3197674 59.908279 10.767955 176409 1001
1292496161 3198773 59.908298 10.767965 179606 1099
1292496162 3199783 59.908301 10.767968 220227 1010
1292496163 3200784 59.908308 10.767972 157950 1001
1292496164 3201785 59.908308 10.767972 206490 1001
1292496165 3202843 59.908316 10.767975 218752 1058
1292496166 3203844 59.908316 10.767975 197455 1001
1292496167 3205014 59.908316 10.767975 188115 1170
1292496168 3206019 59.908316 10.767975 159243 1002
1292496169 3207023 59.908321 10.767975 152669 1004
1292496170 3208030 59.908321 10.767975 177705 1007
1292496171 3209043 59.908321 10.767975 128680 1013
1292496172 3210112 59.908321 10.767975 127983 1069
1292496173 3211113 59.908328 10.767978 125302 1001
1292496174 3212132 59.908324 10.767978 89118 1019
1292496175 3213152 59.908324 10.767978 52232 1020
1292496176 3214413 59.908324 10.767978 51757 1261
1292496177 3215432 59.908331 10.767982 36936 1018
1292496178 3216448 59.90833 10.767999 83994 1016
1292496179 3217452 59.90833 10.767999 123320 1004
1292496180 3218453 59.908339 10.767985 119700 1001
1292496181 3219463 59.908345 10.768006 119384 1010
1292496182 3220464 59.90835 10.768006 102716 1001
1292496183 3221523 59.908359 10.767992 138948 1059
1292496185 3222663 59.908365 10.768013 146697 1140
1292496186 3223672 59.908385 10.768019 133602 1009
1292496187 3224681 59.908398 10.768044 112179 1009
1292496188 3225684 59.908435 10.768054 91391 1003
1292496189 3226702 59.908473 10.768084 103164 1018
1292496190 3227703 59.908528 10.768119 71870 1001
1292496191 3228743 59.908585 10.768156 111803 1040
1292496192 3229753 59.908644 10.768138 133043 1010
1292496193 3230843 59.908784 10.768037 75500 1090
1292496194 3231853 59.908833 10.767942 118055 1010
1292496195 3232854 59.908833 10.767942 183201 1001
1292496196 3234032 59.908911 10.767787 115465 1178
1292496197 3235052 59.908938 10.767706 57432 1020
1292496198 3236063 59.908938 10.767706 38969 1011
1292496199 3237163 59.909003 10.767526 98947 1100
1292496200 3238303 59.909036 10.767427 140828 1140
1292496201 3239392 59.909063 10.767308 144054 1089
1292496202 3240393 59.909105 10.767195 157508 1001
1292496203 3241404 59.909136 10.767037 133042 1011
1292496204 3242413 59.909165 10.766882 123367 1009
1292496205 3243433 59.909156 10.766819 137015 1020
1292496206 3244444 59.909207 10.766654 132780 1011
1292496207 3245452 59.909226 10.766531 145572 1008
1292496208 3246532 59.90927 10.7664 125419 1080
1292496210 3247564 59.909351 10.76621 141628 1032
1292496211 3248572 59.909364 10.766066 135275 1008
1292496212 3249753 59.909387 10.765929 170098 1181
1292496213 3250844 59.909483 10.765654 146361 1090
1292496214 3251845 59.909483 10.765654 162736 1001
1292496215 3252852 59.909545 10.765495 115195 1007
1292496216 3253952 59.909618 10.765424 118139 1100
1292496217 3255062 59.909659 10.765234 149292 1110
1292496218 3256123 59.909715 10.765121 142894 1061
1292496219 3257124 59.909715 10.765121 143942 1001
1292496220 3258132 59.909792 10.764822 109781 1008
1292496221 3259133 59.909842 10.764659 128116 1001
1292496222 3260343 59.909914 10.764521 168285 1210
1292496223 3261353 59.909943 10.764384 135118 1010
1292496224 3262363 59.909971 10.764233 151687 1010
1292496225 3263364 59.910023 10.764088 140544 1001
1292496226 3264372 59.910076 10.763944 141116 1008
1292496227 3265383 59.910188 10.763833 121328 1011
1292496228 3266392 59.91026 10.763709 138311 1009
1292496229 3267393 59.910287 10.763576 133615 1001
1292496230 3268402 59.910332 10.763428 121395 1009
1292496231 3269403 59.910357 10.763273 133133 1001
1292496232 3270404 59.910394 10.763122 139053 1001
1292496233 3271413 59.910419 10.762967 128522 1009
1292496234 3272426 59.910419 10.762967 124504 1013
1292496236 3273622 59.910537 10.762748 170930 1196
1292496237 3274623 59.910561 10.762611 170579 1001
1292496238 3275724 59.91058 10.762488 160112 1101
1292496239 3276883 59.91065 10.762199 159525 1159
1292496240 3277893 59.91065 10.762199 108776 1010
1292496241 3278903 59.910636 10.761884 115789 1010
1292496242 3279904 59.910651 10.7618 125321 1001
1292496243 3280912 59.910651 10.7618 152325 1008
1292496244 3281913 59.910716 10.761725 127559 1001
1292496245 3282933 59.910817 10.761503 140980 1020
1292496246 3283952 59.910825 10.761397 87179 1019
1292496247 3285052 59.910863 10.761284 85191 1100
1292496248 3286062 59.910863 10.761284 99708 1010
1292496249 3287122 59.910943 10.761097 116392 1060
1292496250 3288123 59.910974 10.760963 152889 1001
1292496251 3289163 59.910995 10.760861 129756 1040
1292496252 3290172 59.91102 10.760759 133365 1009
1292496253 3291223 59.911044 10.760675 107390 1051
1292496254 3292224 59.911079 10.760611 149272 1001
1292496255 3293233 59.911101 10.760544 127805 1009
1292496256 3294453 59.911131 10.760495 126205 1220
1292496257 3295473 59.911169 10.760449 149374 1020
1292496258 3296474 59.91117 10.760417 163044 1001
1292496259 3297482 59.911188 10.760403 149497 1008
1292496260 3298489 59.911179 10.760403 131109 1007
1292496261 3299492 59.911188 10.760389 140979 1003
1292496262 3300493 59.911188 10.76035 114341 1001
1292496264 3301633 59.911192 10.760312 153683 1140
1292496265 3302742 59.911189 10.760256 185357 1109
1292496266 3303752 59.911202 10.760203 144229 1010
1292496267 3304753 59.911211 10.760151 110732 1001
1292496268 3305764 59.911225 10.760098 146878 1011
1292496269 3306772 59.911244 10.760066 151735 1008
1292496270 3307952 59.911264 10.760049 134755 1180
1292496271 3308953 59.911268 10.760049 153948 1001
1292496272 3310103 59.911273 10.760049 146006 1150
1292496273 3311105 59.911276 10.760066 154152 1001
1292496274 3312123 59.911276 10.760066 137031 1018
1292496275 3313124 59.911279 10.760084 150794 1001
1292496276 3314125 59.911279 10.760084 127626 1001
1292496277 3315132 59.911282 10.760101 129965 1007
1292496278 3316143 59.911286 10.760101 131613 1011
1292496279 3317152 59.911291 10.760101 92633 1009
1292496280 3318172 59.911291 10.760101 97575 1020
1292496281 3319212 59.911303 10.760105 72049 1040
1292496282 3320222 59.911298 10.760105 83756 1010
1292496283 3321232 59.911312 10.760105 63364 1010
1292496284 3322243 59.911321 10.76009 57871 1011
1292496285 3323262 59.911342 10.760108 80608 1019
1292496286 3324272 59.911342 10.760108 67249 1010
1292496287 3325283 59.91136 10.760108 52941 1011
1292496288 3326292 59.911374 10.760108 66898 1009
1292496289 3327302 59.911393 10.760076 77628 1010
1292496290 3328303 59.911402 10.760023 64300 1001
1292496291 3329312 59.911412 10.759953 73257 1009
1292496292 3330323 59.911428 10.759865 70050 1011
1292496293 3331342 59.911452 10.759781 92019 1019
1292496294 3332372 59.911471 10.759658 45962 1030
1292496295 3333412 59.911492 10.759518 38304 1040
1292496296 3334432 59.911526 10.759363 37537 1020
1292496297 3335463 59.91156 10.759208 52128 1031
1292496298 3336472 59.911587 10.759036 69415 1009
1292496299 3337482 59.911609 10.758864 91675 1010
1292496300 3338492 59.911634 10.758695 110250 1010
1292496301 3339493 59.911649 10.758519 88344 1001
1292496303 3340603 59.911675 10.758189 110577 1110
1292496304 3341612 59.9117 10.758034 124768 1009
1292496305 3342613 59.911672 10.75788 143933 1001
1292496306 3343632 59.911702 10.757711 127210 1019
1292496307 3344644 59.911733 10.757525 126185 1012
1292496308 3345652 59.911773 10.757209 131213 1008
1292496309 3346662 59.911791 10.757089 103890 1010
1292496310 3347672 59.911793 10.756963 135268 1010
1292496311 3348682 59.911815 10.756791 125496 1010
1292496312 3349683 59.911847 10.756604 159981 1001
1292496313 3350692 59.911903 10.756421 150185 1009
1292496314 3351693 59.911927 10.756231 147003 1001
1292496315 3352694 59.912009 10.756052 141402 1001
1292496316 3353772 59.912062 10.755868 140029 1078
1292496317 3354892 59.912087 10.755661 147403 1120
1292496318 3355893 59.912147 10.755281 131859 1001
1292496319 3356903 59.91218 10.755092 159161 1010
1292496320 3357912 59.912164 10.754941 135976 1009
1292496321 3358913 59.912159 10.754759 145157 1001
1292496322 3359922 59.912159 10.754759 137794 1009
1292496323 3360932 59.912193 10.754499 141979 1010
1292496324 3361933 59.912212 10.754362 131570 1001
1292496325 3363043 59.912215 10.754235 141859 1110
1292496326 3364052 59.912215 10.754235 132436 1009
1292496327 3365062 59.912225 10.753965 84771 1010
1292496328 3366092 59.912216 10.753836 137150 1030
1292496329 3367093 59.912218 10.753604 151327 1001
1292496330 3368102 59.912207 10.753531 104439 1009
1292496331 3369302 59.912183 10.753433 150565 1200
1292496332 3370462 59.912148 10.753352 149232 1160
1292496334 3371602 59.912165 10.753286 157960 1140
1292496335 3372782 59.912162 10.75323 166992 1179
1292496336 3373792 59.912171 10.753138 140988 1010
1292496337 3374812 59.912178 10.753036 137831 1020
1292496338 3375972 59.912181 10.752949 156145 1160
1292496339 3376982 59.9122 10.752864 134119 1010
1292496340 3377983 59.9122 10.752864 128916 1001
1292496341 3378992 59.912257 10.752815 157301 1009
1292496342 3380062 59.912317 10.752639 135783 1070
1292496343 3381072 59.912342 10.752537 137757 1010
1292496344 3382092 59.912342 10.752537 124316 1020
1292496345 3383112 59.912357 10.752414 137472 1020
1292496346 3384122 59.9124 10.752193 124979 1010
1292496347 3385123 59.91241 10.75207 174693 1001
1292496348 3386142 59.912431 10.751968 143421 1019
1292496349 3387143 59.912427 10.751859 162603 1001
1292496350 3388192 59.912448 10.751771 116826 1049
1292496351 3389252 59.912454 10.751701 135037 1060
1292496352 3390262 59.912455 10.751645 121078 1010
1292496353 3391283 59.912455 10.751592 144013 1021
1292496354 3392302 59.912453 10.751557 125590 1019
1292496355 3393303 59.91245 10.75154 168774 1001
1292496356 3394362 59.91245 10.75154 173103 1059
1292496357 3395492 59.912441 10.75154 180863 1130
1292496358 3396493 59.91244 10.751557 158251 1001
1292496359 3397502 59.912435 10.751557 145246 1009
1292496361 3398547 59.912431 10.751557 124381 1045
1292496362 3399682 59.912429 10.75156 184107 1135
1292496363 3400822 59.912433 10.75155 185599 1140
1292496364 3401902 59.912431 10.751553 150190 1080
1292496365 3403032 59.912425 10.751556 175446 1129
1292496366 3404112 59.912424 10.75156 193368 1080
1292496367 3405232 59.912415 10.75156 184955 1120
1292496368 3406372 59.912415 10.751545 209474 1140
1292496370 3407542 59.912406 10.751545 205738 1170
1292496371 3408682 59.912409 10.751549 200668 1140
1292496372 3409812 59.912408 10.751552 176467 1130
1292496373 3410813 59.912408 10.751552 186368 1001
1292496374 3412002 59.912399 10.751552 197001 1189
1292496375 3413004 59.912402 10.751555 224865 1001
1292496376 3414112 59.91239 10.751552 189065 1108
1292496377 3415122 59.912394 10.751566 189586 1010
1292496378 3416123 59.912388 10.751584 166899 1001
1292496379 3417213 59.912384 10.751584 182974 1090
1292496380 3418214 59.9124 10.751587 190436 1001
1292496381 3419222 59.912396 10.751587 172261 1008
1292496382 3420223 59.912404 10.75159 197056 1001
1292496383 3421252 59.912399 10.75159 165602 1029
1292496384 3422262 59.912405 10.751573 221332 1010
1292496385 3423312 59.912401 10.751573 176364 1050
1292496386 3424313 59.912413 10.751576 184958 1001
1292496387 3425462 59.91241 10.751559 183142 1149
1292496388 3426463 59.912414 10.751559 174157 1001
1292496389 3427472 59.912422 10.751562 166695 1009
1292496390 3428473 59.912423 10.751544 152107 1001
1292496392 3429662 59.912419 10.751544 167749 1189
1292496393 3430672 59.912419 10.751544 202470 1010
1292496400 3438370 59.912432 10.75153 114332 7698
1292496401 3439371 59.912437 10.75153 110149 1001
1292496402 3440381 59.912438 10.751513 143344 1010
1292496403 3441412 59.912459 10.751516 163425 1031
1292496404 3442491 59.912473 10.751516 215286 1079
1292496406 3443660 59.912482 10.751516 212159 1169
1292496407 3444661 59.912498 10.751519 202365 1001
1292496408 3445701 59.912507 10.751519 154175 1040
1292496409 3446710 59.912512 10.751519 196750 1009
1292496410 3447730 59.912529 10.751523 158461 1020
1292496411 3448790 59.912531 10.751502 163606 1059
1292496412 3449960 59.91253 10.751481 220105 1170
1292496413 3451121 59.912536 10.751463 172974 1161
1292496414 3452141 59.912528 10.75146 154654 1020
1292496415 3453160 59.912532 10.751422 155542 1019
1292496416 3454280 59.91254 10.751386 186324 1120
1292496417 3455390 59.912586 10.751355 167116 1110
1292496418 3456400 59.912592 10.751299 147450 1010
1292496419 3457410 59.912611 10.751228 171666 1010
1292496421 3458590 59.912638 10.751161 102725 1180
1292496422 3460031 59.912689 10.751115 74524 1440
1292496423 3461260 59.912685 10.751063 71933 1229
1292496424 3462261 59.912695 10.750993 97838 1001
1292496425 3463270 59.912711 10.750943 54814 1009
1292496426 3464280 59.912708 10.750887 45581 1010
1292496427 3465290 59.912666 10.750856 50624 1010
1292496428 3466330 59.912666 10.750856 46512 1040
1292496429 3467360 59.912629 10.750808 30989 1030
1292496430 3468382 59.912597 10.750759 36936 1022
1292496431 3469059 59.91255 10.750728 18450 677
