1.12 0.3532
2.13 0.55173809524
3.14 0.58048664688
4.15 0.35793062438
5.32 0.36232191781
6.42 0.38673703367
7.43 0.46513043478
8.44 0.52006324111
9.45 0.57542857143
10.46 0.61824380575
11.48 0.46684323272
12.5 0.41885770363
13.54 0.19856153846
14.56 0.27869147894
15.57 0.49624627607
16.57 1.16128159204
17.58 0.55163492063
18.59 1.61275868918
19.62 1.14693385214
20.63 1.54791707799
21.64 1.55214285714
22.65 1.41801587302
23.66 1.36433630069
24.68 0.98504211557
25.69 1.46563492063
26.71 1.49136800785
27.71 1.37343650794
28.81 1.05274181818
29.81 1.38232967033
30.99 1.12705119454
31.99 1.52038888889
33.0 1.59649652433
34.15 1.24670496084
35.15 1.55657370518
36.16 1.33638133069
37.16 1.37355444555
38.23 1.11071161049
39.25 1.12936604514
40.27 1.25293633692
41.28 1.32853227408
42.28 1.32707292707
43.49 1.12456006628
44.5 1.47489042448
45.51 1.26630952381
46.59 1.22155555556
47.73 1.32568439407
48.73 1.63943256743
49.74 1.05341782178
50.75 1.40641427156
51.93 1.02593384224
52.94 1.00692170466
53.95 0.9411031746
54.96 1.080743818
55.97 0.97523015873
56.98 1.19463230922
57.98 1.04733864542
59.0 1.24119802956
60.07 1.03000187091
61.14 1.51025373134
62.16 1.62368596663
63.17 1.96045059289
64.36 1.23083501684
65.36 1.53715537849
66.38 0.94383480826
67.38 1.55411320755
68.39 1.27823376623
69.39 1.281
70.41 1.06747035573
71.41 1.06371228771
72.41 1.00242303873
73.43 1.33339130435
74.43 1.13697308076
75.45 0.89054117647
76.45 0.69216383616
77.62 1.13397096499
78.81 0.99129292929
80.24 0.45014716188
81.42 0.52611007621
82.84 0.68246370684
83.85 1.14832111001
84.86 0.84496442688
85.86 0.83683018868
87.02 0.28303448276
88.04 0.3589970385
89.05 1.18342857143
90.06 1.04446640316
91.06 1.02263356504
92.08 0.83694071146
93.08 0.61145254745
94.1 1.06221176471
95.12 0.52687843137
96.16 0.28412307692
97.18 0.44756377799
98.19 0.15260557769
99.2 0.28200594648
100.23 0.31792077295
101.24 0.68604179104
102.25 0.70988095238
103.34 0.27734798535
104.34 0.64120754717
105.38 0.30753488372
106.38 0.25277122877
107.48 0.15933030027
108.73 0.47315932746
109.78 0.22069961977
111.02 0.17552526063
112.22 0.8870947192
113.22 1.36935849057
114.24 0.70764067127
115.3 0.56023992502
116.31 0.62132270916
117.42 0.50708303249
118.53 0.36283870968
119.64 0.30647154472
120.66 0.39606647116
121.68 0.39698823529
122.71 0.51155813953
123.72 0.63993657086
124.73 0.55528571429
125.76 0.790875
126.76 0.67953968254
127.78 0.79145454545
128.78 1.14455610725
129.8 0.93774531096
130.8 1.151187251
131.8 1.30804780876
132.81 0.93092430279
133.83 1.13911284047
134.84 1.0711031746
135.85 1.30976854599
136.86 0.76121428571
137.87 1.48658308458
138.87 1.05251241311
139.88 1.56603984064
140.88 1.64349351944
141.96 1.05631082331
142.97 1.39044268775
143.98 1.33924131082
145.0 1.00918315377
146.01 1.20303585657
147.01 1.27819047619
148.02 1.23643296922
149.03 1.03580497512
150.03 1.45142857143
151.04 1.42556349206
152.12 1.09962222222
153.29 1.27600682594
154.4 1.31906137184
155.46 1.40246270066
156.47 1.65141501976
157.47 1.69394605395
158.48 1.15288095238
159.59 1.25916546763
160.6 1.60256603774
161.61 1.93070646766
162.61 1.64242857143
163.62 1.54504865938
164.8 1.41864182896
165.81 1.4277689243
166.82 1.1495147929
167.84 0.95398237023
168.87 0.37750387597
169.88 0.73828571429
170.9 0.64962831858
171.9 1.17175298805
172.92 1.54859390364
173.97 1.19452231719
174.98 1.51212711023
176.09 1.26132374101
177.31 1.49063606557
178.4 1.43264705882
179.41 1.96551233959
180.42 1.22796425025
181.46 1.57149230769
182.46 2.10610945274
183.47 1.29761904762
184.48 1.81480039722
185.49 1.02177865613
186.5 1.66690764647
187.67 1.03531574468
188.77 1.27170072993
189.77 1.50876323676
190.78 0.85004170804
191.96 0.87298899238
192.97 1.28891699605
193.98 0.73245680238
194.98 0.83985657371
196.0 1.00130708661
197.0 1.07742657343
198.79 0.45871269488
199.8 0.93773705179
200.9 1.08184782609
202.11 0.6588036454
203.12 0.6367888999
204.13 0.81996047431
205.14 0.96561668322
206.26 0.89406428571
207.27 1.67972359329
208.28 1.82442857143
209.29 0.19718577075
210.44 1.12741463415
211.45 1.43300395257
212.46 1.40009533267
213.64 1.02552413209
214.65 1.69383399209
215.66 1.65080436941
216.66 1.57294328358
217.67 1.43505555556
218.69 1.38484705882
219.7 1.47361271102
220.71 1.36765251728
221.73 1.2589205103
222.8 1.07717867166
223.8 1.632
224.81 1.10535714286
225.95 1.14611929825
226.96 1.30775396825
227.98 1.214514174
228.99 1.05818253968
230.01 1.38610196078
231.02 1.30418272095
232.02 0.98534661355
233.03 0.83058730159
234.03 0.96357242757
235.23 0.83557631359
236.25 0.96564705882
237.28 0.52604859086
238.36 0.81871851852
239.37 0.89758102767
240.39 0.57844946026
241.42 0.68067638484
242.54 0.26944057194
243.55 0.3654017769
244.62 0.57438050609
245.7 0.40418518519
246.73 0.66744627299
247.88 0.68397909408
248.89 0.65224409449
249.92 0.83316066212
251.03 0.80239495041
252.25 0.75337817884
253.35 0.84889454545
254.36 1.02184340932
255.38 0.95192179863
256.4 0.78214355949
257.41 0.70744664032
258.42 0.70547765641
259.43 0.96495162883
260.45 0.84050196078
261.47 0.79397647059
262.48 0.65172222222
263.68 0.67912
264.7 0.58892247301
265.85 0.63218733738
266.87 0.52625711482
267.99 0.30408563782
269.03 0.24203076923
270.15 0.40062857143
271.2 0.26106870229
277.81 0.00662068966
278.83 0.50573333333
279.84 1.25366007905
280.84 1.37216383616
281.85 1.72081908549
282.86 1.11967588933
283.93 1.2059081537
284.94 1.23668253968
285.96 1.05321841332
286.99 0.84837209302
288.15 0.05626735219
289.19 0.1741627907
290.19 0.77624775225
291.2 0.32931746032
292.21 0.5947826087
293.22 0.25299704433
294.25 0.31813953488
295.33 0.11219384902
296.33 0.8614816286
297.44 0.53940054496
298.61 0.94341979522
299.61 0.84154915591
300.62 0.71942629482
301.63 0.42095540139
302.64 0.58628571429
303.65 0.43212648221
304.65 0.81980536246
305.67 0.97901185771
306.67 0.85397619048
307.99 0.42665651181
308.99 0.83488381331
310.09 0.58699636364
311.11 0.54021343874
312.11 0.66004761905
313.16 0.73379310345
314.17 0.45842758621
315.45 0.4349125
316.47 0.72455335968
317.47 0.62451046859
318.48 0.6807007874
319.49 0.66359240759
320.51 0.59730196078
321.52 0.63788027478
322.53 0.62749206349
323.72 0.52433557047
324.74 0.74517322835
325.75 0.62969950249
326.75 0.5915551142
327.76 0.62274228856
328.77 0.62246031746
329.77 0.64722939424
330.78 0.62058507463
331.79 0.63450793651
333.01 0.546999185
334.03 0.70980454097
335.09 0.33342830366
336.11 0.61433366239
337.11 0.80457936508
338.23 0.61084285714
339.25 0.74492490119
340.49 0.60375942261
341.52 0.5124995122
342.54 0.32589678676
343.72 0.36170847458
344.73 0.45343396226
345.75 0.53594515181
346.76 0.45295351137
347.76 0.49294705295
348.78 0.53170980392
349.79 0.49622222222
350.8 0.58270227498
351.8 0.58706093906
352.81 0.62030891089
353.9 0.46418365473
354.91 0.49795044599
355.92 0.57114624506
356.94 0.57374117647
357.95 0.5638968254
358.98 0.55849466537
359.99 0.45397819623
361.0 0.5296916996
362.02 0.61358194308
363.04 0.43297943193
364.13 0.38258693652
365.15 0.2625582762
366.16 0.38799209486
367.19 0.48165920156
368.19 0.41568031968
369.28 0.12037396884
370.29 0.36543650794
371.3 0.74955182626
372.31 0.64558730159
373.32 0.89943873518
374.53 0.91958940397
375.59 0.48979622642
376.76 0.42182749787
377.78 0.59491699605
378.78 0.67511595639
379.82 0.56224806202
380.95 0.76996478873
382.11 0.79546206897
383.31 0.83074666667
384.32 1.12227101879
385.34 0.80539079334
386.36 1.16762055336
387.36 1.21508730159
388.38 1.40266143278
389.38 1.14313686314
390.39 1.36339225422
391.4 1.15050592885
392.4 1.17011788212
393.41 1.42075074479
394.42 1.43630646766
395.42 1.45173386296
396.44 1.27219607843
397.44 0.53078921079
398.67 1.0576286645
399.86 1.11132829555
401.17 1.05978593272
402.18 1.20934527363
403.18 1.19605555556
404.19 1.20633962264
405.2 0.57347826087
406.2 0.95117682318
407.22 0.88514342235
408.22 0.89852923687
409.24 0.687952895
410.25 0.95788888889
411.26 1.00296150049
412.27 1.10181746032
413.28 1.18552191235
414.28 1.22643650794
415.3 1.21069283611
416.52 0.98644023083
417.52 1.24515079365
418.53 1.31145183714
419.54 1.32461660079
420.66 1.10350044603
421.68 1.42574703557
422.74 0.72823242737
423.88 0.96326029798
424.91 1.3075078125
425.92 1.11927777778
427.12 0.95646666667
428.12 1.02035352532
429.41 0.79021118012
430.42 0.57234353406
431.43 0.46275273088
432.92 0.59172654155
433.97 0.69605343511
435.0 1.11790625
436.0 1.17134458788
437.14 1.31929886065
438.28 0.88083508772
439.33 0.80379828735
440.34 1.29255555556
441.34 1.45826973027
442.36 1.38375494071
443.36 1.36593650794
444.5 0.79493590869
445.5 0.98683716284
446.5 0.80610589411
447.51 0.88830188679
448.52 0.83344223108
449.61 0.9913716895
450.75 1.07666666667
451.75 1.0246374502
452.77 0.59709162562
453.77 0.31579701493
454.79 0.31510671937
455.84 0.75749571836
456.84 0.87009561753
457.85 1.27626613704
458.92 1.03014352283
459.93 1.26577250247
460.94 1.45691179386
461.95 1.32564285714
463.12 1.08763791631
464.12 1.38368031968
465.36 1.07627441485
466.36 0.93894105894
467.4 1.08583076923
468.41 1.27451383399
469.42 1.42086196624
470.43 1.09213875124
471.43 1.47168924303
472.44 1.26136507937
473.66 1.28249836066
474.67 1.43896414343
475.67 1.47409770688
476.67 1.5367960199
477.77 1.17259543379
478.77 1.13251343284
479.78 0.51618253968
480.79 1.13554581673
481.79 1.25354581673
482.81 0.46956862745
483.89 0.25239852399
484.9 0.35828571429
485.96 1.00101227573
486.96 1.49681518482
487.97 1.43049653808
488.97 1.40507492507
490.13 1.23837791199
491.3 1.06723011121
492.31 1.19107845084
493.47 0.97152274678
494.48 1.14113207547
495.48 0.94654145854
496.5 0.86118155054
497.5 1.28087912088
498.52 1.12253333333
499.53 0.95697233202
500.54 1.00483018868
501.54 1.01196403596
502.56 0.65520706575
503.59 0.65685188771
504.6 0.51366666667
505.62 0.7277016683
506.75 0.79760496014
507.75 1.04748155533
508.77 0.8444
509.78 0.98286507937
510.79 0.83373532338
512.0 0.94509958848
513.0 1.27916883117
514.14 0.4311641791
515.27 0.31875728155
516.43 0.48115862069
517.44 0.54876190476
518.45 0.60559683794
519.7 0.44340016038
520.71 0.72742857143
521.71 0.66303777336
522.72 0.69416848365
523.74 0.71017391304
524.74 0.73901886792
525.75 0.79178592666
526.84 0.55192673993
527.86 0.73031599607
528.88 0.75105882353
529.88 0.58313686314
530.9 0.82697546614
531.92 0.6697254902
532.92 0.75438161838
533.95 0.78779766537
534.96 0.64387250996
535.97 0.90571034483
536.97 0.62557768924
537.98 0.85771428571
539.2 0.72510819672
540.2 0.95117682318
541.23 0.68277821012
542.24 0.84434421365
543.24 0.62116283716
544.25 0.82514285714
545.26 0.67051792829
546.27 0.91649261084
547.28 0.50382487562
548.28 0.74914285714
549.29 0.70641509434
550.32 0.48288
551.32 0.62971428571
552.65 0.09877317257
553.66 1.22624505929
554.69 0.86958139535
555.7 0.68183515392
556.72 0.83771540726
557.73 0.66646396841
558.75 0.85432411067
559.75 0.86857142857
560.77 0.59258498024
561.77 0.81509433962
562.78 0.6472309217
563.79 0.89383266932
564.79 0.77812909633
565.8 1.21119367589
566.81 0.97208391608
567.85 0.78395415473
568.88 0.57533787731
569.96 0.3952
571.35 0.01571284996
572.36 0.5409486166
573.37 0.92377358491
574.38 0.7891456888
575.38 0.75212749004
576.95 0.2989865986
577.96 0.99490909091
578.97 0.93964717542
579.98 1.23282213439
580.99 1.10742857143
582.0 0.74671146245
583.01 1.07485714286
584.02 1.50703557312
585.04 1.03986653582
586.05 1.53085714286
587.05 0.94130669331
588.07 0.56865882353
589.08 0.11907418398
590.09 1.12274103586
591.09 1.09158208955
592.11 1.50359175662
593.12 1.41705179283
594.12 1.13837066402
595.13 1.31501886792
596.13 1.34476723277
597.14 0.99566666667
598.14 0.86199002991
599.15 1.01955996036
600.16 1.17875098814
601.33 0.90703684662
602.35 1.10512941176
603.36 1.0814229249
604.36 1.18077122877
605.44 0.49699351251
606.53 0.69431772268
607.54 0.5515256917
608.55 0.81509433962
609.57 0.77176101861
610.6 0.7218157129
611.62 0.76104211557
612.63 0.84685714286
613.64 0.99490909091
614.65 0.89387090367
615.66 1.35849056604
616.66 1.29585671642
617.67 1.24857142857
618.73 1.14825660377
619.74 1.01653754941
620.76 1.23388235294
621.77 1.42369811321
622.77 1.67275924076
623.78 1.33198021761
624.79 1.8801509434
625.8 1.82760474308
626.8 1.3112967033
627.81 1.73886792453
629.27 0.71960547945
630.28 1.17852714709
631.29 1.3041509434
632.3 1.52480632411
633.3 1.57436163836
634.31 1.20175571003
635.34 0.8793339787
636.35 1.216
637.36 1.47073517787
638.37 1.36935849057
639.39 0.77122352941
640.42 1.34548693127
641.43 1.33542857143
642.44 1.25569139466
643.44 1.34476723277
644.45 0.92995238095
645.46 1.18956521739
646.48 1.25657311089
647.49 1.35714285714
648.49 1.21357042957
649.51 0.97637647059
650.54 0.36795330739
651.58 0.18941538462
652.58 0.29431075697
653.6 0.33261176471
654.7 0.18903272727
656.1 0.10162285714
704.63 0.00067661363
705.71 0.0912
706.77 0.13384007526
707.93 0.12307266436
709.01 0.1216
710.07 0.13358873239
711.21 0.14463436123
712.31 0.16898092643
713.37 0.16457142857
714.45 0.18256904541
715.51 0.17601513718
716.57 0.17485714286
717.65 0.16288744186
718.77 0.165376
719.81 0.20090434783
720.85 0.19917241379
722.07 0.20632131148
723.13 0.20727272727
724.2 0.19306963788
725.25 0.22886692015
726.29 0.17975652174
790.13 0.00274302901
791.69 0.02104615385
792.75 0.08251837889
793.87 0.47922788204
795.07 0.11846128226
796.11 0.26232023011
797.23 0.25451029543
798.27 0.14700383142
801.89 0.06753858921
803.31 0.03072
804.87 0.04220051414
807.07 0.03979636364
808.65 0.0207929069
823.53 0.00147017732
824.55 0.03218823529
825.65 0.05969454545
828.52 0.00382389937
829.55 0.07394594595
830.59 0.22077233429
831.61 0.10729411765
832.73 0.16611428571
833.77 0.14732307692
834.81 0.14732307692
835.97 0.13208275862
837.06 0.13124723247
838.24 0.11138931298
839.33 0.15962078396
840.37 0.11631304348
841.45 0.13173333333
842.45 0.15245373134
843.47 0.15035917566
844.55 0.10133333333
845.57 0.13934573947
846.58 0.19620717131
847.61 0.19014671815
848.68 0.15428571429
849.73 0.19690909091
850.76 0.1389375
851.79 0.21147826087
853.03 0.15873650282
854.09 0.16519245283
855.11 0.02272816487
856.15 0.19993846154
857.17 0.17150244858
858.21 0.17889230769
859.29 0.19253333333
860.41 0.18565714286
861.46 0.18868965517
862.49 0.24296525097
863.51 0.17167058824
864.58 0.23657142857
865.75 0.17741979522
866.77 0.192375
867.89 0.17588571429
868.91 0.20385882353
869.92 0.14170517928
870.93 0.18311811024
872.0 0.17502163688
873.25 0.16542243437
874.31 0.17568271955
875.62 0.16772413793
876.73 0.20593548387
877.81 0.20266666667
878.87 0.16534844193
879.91 0.18941538462
882.59 0.06115820896
883.75 0.29635294118
885.55 0.01711246537
886.63 0.11188104089
887.65 0.192375
888.67 0.19331894014
889.75 0.19235522664
890.86 0.24782608696
891.87 0.21585798817
892.89 0.21437806072
893.95 0.16581818182
895.11 0.22506940874
896.33 0.17085949055
897.53 0.21888
898.59 0.21620319849
899.65 0.23813812677
900.67 0.21479882237
901.74 0.15399624765
902.79 0.22778429518
903.84 0.19936337488
905.07 0.17694421989
906.09 0.23604705882
907.16 0.20590780809
908.17 0.21522123894
909.32 0.20107086614
910.48 0.20755862069
911.54 0.21661074458
912.61 0.18307806691
913.68 0.20513589503
914.9 0.054
916.11 0.279
917.3 0.20335135135
918.33 0.07169111969
919.37 0.14732307692
920.52 0.19149606299
921.53 0.22598230088
922.59 0.19635127479
923.67 0.18256904541
924.73 0.22692554194
925.74 0.23980876494
926.9 0.20755862069
927.95 0.21784265403
928.98 0.21291828794
930.01 0.20071042471
931.05 0.22183783784
932.07 0.21395894428
933.09 0.21437806072
934.13 0.22183783784
935.13 0.19620717131
936.15 0.23697637795
937.21 0.21681509434
938.21 0.20710756972
939.25 0.21046153846
940.27 0.2156453202
941.29 0.08217825661
942.43 0.18256014047
943.43 0.20690149254
944.61 0.19626302306
945.67 0.19542857143
946.79 0.19473309609
947.89 0.18886103542
948.97 0.1729070632
950.09 0.16567052538
951.15 0.21763636364
959.8 0.01645333642
960.81 0.21607107601
961.86 0.47037249284
962.97 0.92429110512
968.31 0.12653223388
969.39 0.13124723247
970.51 0.16611428571
971.57 0.20668555241
972.69 0.21477966102
973.81 0.20446975089
974.89 0.19342883721
975.93 0.22077233429
977.05 0.16611428571
978.09 0.22098461538
979.13 0.19917241379
980.25 0.1864896861
981.27 0.19294025465
982.35 0.19271177016
983.57 0.19718918919
984.61 0.18959769009
985.73 0.18499644128
986.79 0.15545454545
987.8 0.16301886792
988.97 0.15860869565
990.01 0.19993846154
991.07 0.216
992.09 0.17234645669
993.12 0.22356420233
998.33 0.02308418025
1000.05 0.53748251748
1001.25 0.07296
1002.25 0.1635059761
1003.43 0.15766779661
1004.72 0.17885136187
1005.75 0.20148837209
1006.77 0.15021176471
1007.85 0.16213333333
1009.03 0.12995419847
1010.17 0.12469062226
1011.17 0.13093519442
1012.31 0.1251292876
1013.33 0.13907331378
1014.37 0.13732818533
1015.51 0.1248
1016.67 0.10377931034
1017.75 0.14186666667
1019.05 0.08418461538
1020.61 0.07697186701
1021.81 0.08242343096
1022.97 0.05641237113
1024.25 0.06003761755
1025.63 0.03965217391
1026.89 0.06055968379
1028.15 0.04346306593
1031.86 0.00295384615
1042.27 0.00105079213
1043.37 0.20817391304
1044.82 0.90127058824
1045.85 0.05302325581
1046.95 0.10944
1048.0 0.12579310345
1049.21 0.14364561116
1050.27 0.16519245283
1051.33 0.12436363636
1052.41 0.13161147086
1053.47 0.08259622642
1054.56 0.08076752768
1055.95 0.05487679083
1057.19 0.07949636804
1058.23 0.06313846154
1059.35 0.04868327402
1060.47 0.08794285714
1061.71 0.06198058252
1065.17 0.03475288684
1067.73 0.06566197183
1068.93 0.04544850498
1069.99 0.114
1071.25 0.10422857143
1072.31 0.10324528302
1073.45 0.1248
1074.57 0.05937366548
1075.59 0.14003149606
1076.85 0.08658227848
1078.09 0.09739805825
1079.15 0.11356981132
1080.23 0.06180811808
1081.45 0.09
1082.6 0.08579790941
1087.17 0.02864335664
1088.35 0.2160952381
1089.49 0.0576
1090.6 0.07873381295
1091.97 0.04786005831
1093.01 0.13719575699
1094.25 0.0616315366
1095.37 0.05883870968
1096.67 0.04910153846
1097.73 0.05142857143
1098.95 0.072
1099.95 0.09810358566
1101.45 0.07296
1102.47 0.08583529412
1103.57 0.06989781022
1104.89 0.04694545455
1105.91 0.05364705882
1107.17 0.08685714286
1108.21 0.11575384615
1109.27 0.09292075472
1110.29 0.08583529412
1111.45 0.09434482759
1112.63 0.08347118644
1113.71 0.08106666667
1114.73 0.04695686275
1115.79 0.09257142857
1116.95 0.09467128028
1117.99 0.09470769231
1119.03 0.11531034483
1120.09 0.11943181818
1121.15 0.14454339623
1122.17 0.13948235294
1123.21 0.14732307692
1124.37 0.10731271478
1125.45 0.152
1126.55 0.1497810219
1127.57 0.10140392157
1128.59 0.13907331378
1129.63 0.15845559846
1130.69 0.12342857143
1131.73 0.08848648649
1132.75 0.16094117647
1133.83 0.152
1135.05 0.10190849673
1136.21 0.08520415225
1137.25 0.16836923077
1138.31 0.11314285714
1139.41 0.13570072993
1140.41 0.15260557769
1141.5 0.12070588235
1142.73 0.07063636364
1143.91 0.13028571429
1145.01 0.14923636364
1146.09 0.09874074074
1147.13 0.14732307692
1148.13 0.15260557769
1149.55 0.07140677966
1150.73 0.11129491525
1151.97 0.11473548387
1153.13 0.08728965517
1154.15 0.149625
1155.17 0.10771653543
1156.33 0.12768275862
1157.45 0.04713571429
1158.55 0.12933818182
1159.6 0.10383301708
