1.07 0.32638210624
2.08 0.88212163509
2.6 0.21767938931
3.76 0.51341501294
4.86 0.98830881017
5.92 0.5575245283
6.92 0.62316334661
7.93 0.85528500497
9.07 0.7401754386
10.08 0.7576039801
11.1 0.59095583906
12.21 0.17588571429
13.22 0.56253174603
14.23 0.96416733068
15.45 1.27255692056
16.46 1.18874015748
17.64 1.09628450466
18.66 1.46931501472
19.76 1.20394181818
20.77 1.29717014925
21.78 1.1876305859
22.96 1.19605423729
24.04 1.30321481481
25.04 1.64472039801
26.08 0.94965250965
27.08 1.5322979146
28.1 1.50802758621
29.1 1.5361038961
30.11 1.01955114201
31.12 1.08936372646
32.13 1.12007905138
33.14 1.23903968254
34.15 0.88803165183
35.15 0.76421978022
36.16 0.94009486166
37.19 1.05453554041
38.19 1.30586454183
39.2 1.3241984127
40.21 1.32487265548
41.23 1.39541960784
42.24 1.25977075099
43.25 1.62738095238
44.3 1.14917241379
45.31 1.78515748031
46.5 1.60638790932
47.66 1.37124024284
48.66 1.83358887786
49.68 1.26461660079
50.85 1.17362659847
51.86 1.58924603175
52.86 1.09210358566
53.88 1.64161568627
54.89 1.39669513406
56.05 1.44972413793
57.05 1.86016383616
58.06 1.0738041543
59.06 1.40245418327
60.07 1.95996834817
61.31 0.94093603239
62.44 1.15150530035
63.45 1.60069772052
64.46 1.74315331355
65.47 1.38578832839
66.48 0.95226190476
67.48 1.55627462687
68.5 1.42171653543
69.51 0.46501185771
70.88 0.41519589142
71.89 0.78555752212
72.91 0.50062450593
73.92 0.61702077151
74.92 0.806
75.94 1.08359328727
76.96 0.63365652601
77.99 0.21188770571
79.14 0.19258536585
80.16 0.57768914956
81.21 0.21846387833
83.31 0.08354198473
84.32 1.49570750988
85.35 0.69217424976
86.36 0.66905263158
87.38 0.76152791381
88.39 0.79774480712
89.39 0.83378221778
90.4 0.98367556874
91.41 0.304
92.47 0.09353846154
93.47 0.34742857143
94.48 0.28290405539
95.51 0.38325291829
96.52 0.70782089552
97.54 0.59258039216
98.57 0.33967798254
99.57 0.34985814186
100.6 0.51150146056
101.6 0.31125174129
102.61 0.44514285714
103.62 0.42217210682
104.63 0.24971428571
105.63 0.2192781655
106.65 0.68668235294
107.66 0.79683333333
108.69 0.69913178295
109.7 0.67048221344
110.81 0.47515523466
111.82 0.78943873518
112.84 0.6216963761
113.86 0.46253189401
114.88 0.57882076396
115.9 0.54486166008
116.98 0.21821527139
117.99 0.30521115538
119.11 0.66562857143
120.13 0.83689411765
121.13 0.31719047619
122.14 0.38151394422
123.15 0.81428571429
124.15 0.63733333333
125.17 0.81864566929
126.19 0.56385475957
127.19 0.73031768232
128.2 0.58435714286
129.22 0.70968523949
130.24 0.82616470588
131.24 0.73276323676
132.25 0.8502959285
133.25 0.86529470529
134.32 0.78262558357
135.33 0.88676679842
136.34 0.64195837463
137.35 0.69084745763
138.43 0.75239705882
139.45 0.86428430405
140.46 0.63633333333
141.47 0.86599406528
142.52 0.66998479087
143.54 0.92182566112
144.55 0.79335849057
145.56 0.51534387352
146.57 0.79946298124
147.6 0.57539240506
148.74 0.56762138475
149.75 0.64876755687
150.94 0.55559731544
151.96 0.79475564279
152.97 0.69329365079
153.97 0.74037810945
154.98 0.89843098312
155.98 1.00987812188
157.09 0.9061942446
158.11 1.11943873518
159.15 0.97417692308
160.15 1.11101489573
161.15 0.94188211788
162.16 1.36984247258
163.16 0.75807142857
164.18 0.69929318855
165.19 0.69211067194
166.22 0.55112840467
167.24 0.6873562316
168.25 0.59607114625
169.26 0.73828571429
170.26 0.59548656716
171.27 0.71728301887
172.28 0.61906416584
173.29 0.86042857143
174.29 1.1049332004
175.29 1.001998002
176.3 1.16286792453
177.31 1.06463968411
178.33 1.01717762512
179.57 0.78291612903
180.59 0.73536758893
181.59 0.54218253968
182.76 0.65618445773
183.9 0.64296140351
184.91 0.77392828685
185.93 0.53939156035
186.97 0.47057692308
187.98 0.61824380575
188.99 0.64885375494
190.0 0.4375256917
191.01 0.26083018868
192.2 0.11925565801
193.23 0.54347030185
194.26 0.11993792435
195.27 0.32410661402
196.29 0.41885770363
197.33 0.49797112608
198.54 1.08506270627
199.55 1.48405946482
200.55 1.08810358566
201.56 0.81990069513
202.56 0.86371228771
203.57 0.97309881423
204.58 0.92927904667
205.59 0.60065547878
206.61 0.72455335968
207.66 0.40684419263
208.67 0.59714285714
209.71 0.40297674419
210.71 0.21230646766
211.72 0.38
212.77 0.34362702188
213.8 0.33935082604
214.82 0.45107752699
215.82 0.45918881119
216.84 0.38230421982
217.85 0.5298972332
218.86 0.4483567889
219.87 0.5412462908
220.88 0.2931727542
221.9 0.41844705882
222.92 0.47209411765
223.96 0.30739230769
224.99 0.24414354995
226.03 0.19069893514
227.25 0.18793442623
228.33 0.14095308188
229.45 0.09832884097
230.58 0.67764456233
231.6 0.75415897939
232.82 0.7490974611
233.83 0.92956521739
234.85 0.87184298332
235.86 0.87559086395
236.86 1.15874525475
238.08 0.9475584628
239.09 1.30662438057
240.09 1.09752191235
241.17 1.11543703704
242.18 1.13790665343
243.19 1.28036363636
244.19 1.15896903097
245.2 1.20142204568
246.2 0.67886055777
247.2 0.77655144855
248.21 0.78070307845
249.52 0.3917501904
250.56 0.32652935515
251.8 0.1624136253
252.82 0.40771764706
253.85 0.22291367604
255.02 0.12797945205
256.11 0.17052978918
257.11 0.18586213786
258.18 0.26065671642
259.2 0.42959764475
260.31 0.38280866426
261.34 0.54031364956
262.36 0.50389008832
263.37 0.52435573123
264.58 0.34450331126
265.6 0.414921875
266.61 0.39523336643
268.03 0.24179591837
269.03 0.44691633466
270.07 0.38030769231
271.14 0.07179756326
273.56 0.09949090909
274.71 0.15186816999
278.64 0.00991437309
279.67 0.23421011673
280.76 0.36079120879
281.77 0.41826086957
282.79 0.52033103448
283.79 0.64182217782
284.95 0.7178419244
285.96 0.90833333333
286.96 1.1159002991
287.96 1.10662137862
288.97 0.86380139027
289.97 0.70509850746
290.98 0.55324726912
291.98 0.77545654346
293.01 0.9410390625
294.01 0.82013902681
295.03 0.98311811024
296.03 1.11835059761
297.03 0.92630569431
298.04 1.087187251
299.05 1.02284011917
300.06 1.14504347826
301.07 0.89846031746
302.17 0.95383891403
303.17 0.45781673307
304.18 0.67407377866
305.18 0.81010945274
306.19 0.81508639523
307.33 0.72652059597
308.46 0.82366047745
309.59 0.80461484099
310.76 0.8525
311.77 1.09045849802
312.78 0.86798013903
313.78 0.86181818182
314.79 0.97094820717
315.8 0.95176261128
316.8 1.11265873016
317.81 1.12871128871
318.82 1.22377865613
319.83 1.10933596838
320.84 1.12085004965
322.03 0.86420134228
323.03 1.09006193806
324.04 0.89617339901
325.05 1.01541832669
326.06 0.84568379447
327.07 0.91185700099
328.07 0.97350845771
329.19 1.14647363718
330.34 0.99492682927
331.54 0.92284
332.56 1.069921875
333.58 1.14697747307
334.59 1.25653227408
335.6 1.14507509881
336.62 1.16063178677
337.7 0.98716589435
339.2 0.71653333333
340.28 0.46475555556
341.29 0.93116996047
342.42 0.58658635961
343.44 0.52091918208
344.63 0.45669594595
345.64 0.49032971372
346.67 0.44712840467
347.68 0.28775469832
348.84 0.57288275862
350.06 0.76942833743
351.07 0.66192475248
352.08 0.64725322741
353.09 0.44018972332
354.36 0.04301886792
355.37 0.95027777778
356.37 1.05812749004
357.38 1.02353968254
358.53 0.85699219428
359.54 0.27102284012
360.54 0.65176423576
361.57 0.6141299709
362.79 0.6361998362
363.99 0.72096644295
364.99 0.82047269116
366.06 0.59736842105
367.23 0.75530538922
368.24 0.69690999011
369.24 0.69383416583
370.25 0.78643478261
371.25 0.67816550349
372.28 0.9063125
373.5 0.63051102041
374.51 0.92299206349
375.53 0.70049852797
376.56 0.59369603098
377.65 0.17684249084
378.66 0.37252830189
379.67 0.78442645607
380.69 0.51064180569
381.71 0.72726482213
382.73 0.76827424094
383.73 0.76535451837
384.75 0.81879051383
385.76 0.59387956565
386.77 0.6830952381
388.04 0.51969811321
389.06 0.74206084396
390.07 0.57487857848
391.25 0.58461747243
392.27 0.63066535819
393.28 0.63139920949
394.28 0.63095304695
395.29 0.66423809524
396.3 0.69368941642
397.32 0.57783349657
398.33 0.64837301587
399.33 0.6157689243
400.35 0.72024337586
401.37 0.64225661117
402.38 0.5158694362
403.39 0.43327777778
404.4 0.53411952191
405.46 0.64260885957
406.63 0.63404794521
407.63 0.85221513944
408.68 0.57342502388
409.88 0.44782666667
410.97 0.69095238095
411.98 0.66643650794
412.99 0.71702472799
414.01 0.62898334966
415.02 0.69983778437
416.07 0.49782442748
417.42 0.34022797927
418.49 0.29579104478
419.56 0.13862417994
420.84 0.3406692607
421.86 0.44810980392
422.87 0.31322343595
423.93 0.18584150943
424.94 0.20203162055
425.97 0.57838215325
426.99 0.58138039216
428.01 0.66624094025
429.21 0.65401333333
430.23 0.72438861629
431.26 0.73395728155
432.32 0.59481101614
433.32 0.81998001998
434.32 0.15943594836
435.4 0.64502962963
436.42 1.00139130435
437.42 0.87464535465
438.43 0.81950197628
439.5 0.84668791003
440.51 0.71901283317
441.54 0.58325581395
442.58 0.42253986551
443.61 0.512
444.65 0.25309230769
445.68 0.36055813953
446.69 0.61992497532
447.7 1.40730434783
448.71 1.11746573982
449.83 1.02427857143
450.84 1.22978656126
451.85 0.99082423039
452.88 0.67862634146
453.88 1.10156349206
455.0 1.18527256479
456.15 1.07495138889
457.16 1.26823576424
458.29 0.83127655838
459.31 1.02167028628
460.31 0.79335849057
461.35 0.55144186047
462.37 0.62757998037
463.38 0.81106719368
464.39 0.68257680872
465.4 0.85432411067
466.46 0.76806798867
467.47 0.90749851925
468.49 0.71269359606
469.49 0.76669322709
470.5 0.85730029732
471.6 0.87789130435
472.61 0.82417391304
473.65 0.45292781521
474.66 0.65833333333
475.78 0.59489285714
476.79 0.83187364265
477.83 0.63824806202
478.96 0.51885513608
479.98 0.33138370952
481.0 0.61889911851
482.24 0.67002437043
483.4 0.73390410959
484.43 0.62048093842
485.45 0.28954358472
486.48 0.74593962999
487.48 0.47530952381
488.51 0.56057086999
489.52 0.72383810464
490.53 0.6624428997
491.54 0.71460336301
492.55 0.77096825397
493.55 1.02662686567
494.56 0.76969215492
495.56 0.83228771229
496.57 0.83103557312
497.58 1.13288229476
498.59 0.89921428571
499.64 0.785878327
500.65 1.01842687747
501.67 1.0310343474
502.72 0.68610867493
503.73 0.89383266932
504.83 0.73487272727
505.83 1.03142857143
506.85 0.8749486166
507.85 0.97972591857
508.86 0.98967588933
509.89 0.97307737512
510.9 0.95561264822
512.08 0.97463613232
513.29 0.97155775578
514.48 0.97195619208
515.48 1.22084462151
516.53 0.56938036225
517.63 0.58937215651
518.65 0.68600979432
519.66 0.40181818182
520.69 0.46842023346
521.75 0.43240639699
522.76 0.6038968254
523.82 0.44353628652
525.17 0.01618934911
526.18 0.71105555556
527.18 0.64941317365
528.19 0.6520754717
529.22 0.35554695063
530.32 0.14937215651
531.33 1.08042645607
532.35 0.81957998037
533.37 0.9620920666
534.39 0.84075368008
535.42 0.82825365854
536.61 0.7649539749
537.62 0.88293227092
538.64 0.49959215686
539.71 0.60458426966
540.76 0.08259622642
541.77 0.40291343284
542.78 1.04146825397
543.79 1.20982608696
544.81 1.18723454367
545.9 0.9764757548
547.08 1.1598235793
548.26 1.13771525424
549.26 1.4212987013
550.27 0.81506349206
551.28 1.18956521739
552.35 0.99298496241
553.35 1.05733864542
554.56 0.97487407407
555.58 1.20037944664
556.58 1.18342857143
557.6 0.84811067194
558.6 1.24981132075
559.62 0.8544627451
560.63 1.42653134328
561.64 1.04803174603
562.65 1.38559050445
563.66 0.92732539683
564.66 1.0049561753
565.66 1.3557002997
566.69 0.97233463035
567.71 1.389375
568.72 1.36935849057
569.72 1.10612587413
570.91 0.95564735516
572.1 0.57841610738
573.16 0.63951743638
574.18 0.5805063788
575.2 0.89054117647
576.21 0.95637735849
577.21 1.00283665339
578.22 0.87995204795
579.22 1.26444621514
580.41 1.15420920502
581.43 1.55724901186
582.44 1.37254311199
583.44 1.66776095618
584.45 1.21767460317
585.46 1.45054005935
586.47 0.836
587.48 0.96532804757
588.48 1.03720318725
589.49 1.56806324111
590.5 1.42511332008
591.52 1.16950588235
592.52 0.72996812749
593.52 1.3557002997
594.54 1.14917369971
595.54 1.41036563437
596.55 1.33871414441
597.56 1.59441823588
598.58 1.56803140334
599.65 1.04815774648
600.65 0.57896825397
601.67 1.44989205103
602.68 1.72971769384
603.69 1.14371569595
604.7 0.99490909091
605.73 0.80391772772
606.74 0.54071146245
607.77 0.3300233463
608.81 0.10482758621
609.83 0.08591952895
610.9 0.19451449953
670.65 0.00054950793
671.94 0.05897459584
673.07 0.14604982206
674.21 0.14387379492
676.53 0.02836551724
677.66 0.06749603524
678.68 0.11802352941
679.79 0.09913043478
680.95 0.12264827586
681.99 0.11575384615
683.01 0.25725367287
684.19 0.11101267963
685.33 0.1344
686.55 0.135
687.71 0.14103092784
688.77 0.14454339623
689.85 0.13173333333
690.91 0.14467988669
692.01 0.09940054496
693.24 0.11633033524
694.34 0.11928065395
695.43 0.12992876712
696.62 0.08311898734
697.64 0.1389375
698.7 0.15545454545
699.74 0.21046153846
700.78 0.2106641001
701.78 0.20731405783
702.8 0.20385882353
703.84 0.21046153846
704.9 0.21681509434
705.94 0.21046153846
706.96 0.21479882237
707.96 0.20583482587
708.98 0.05174117647
709.99 0.18530677291
711.0 0.2156453202
712.03 0.21354146341
713.06 0.21127413127
714.1 0.17889230769
715.12 0.21458823529
716.19 0.216
717.23 0.21025936599
718.26 0.20071042471
719.33 0.12342857143
720.39 0.15472196041
721.45 0.20649056604
722.47 0.19312941176
723.49 0.20405888126
724.53 0.16772413793
725.57 0.23150769231
726.82 0.20234083601
727.82 0.20772827173
728.87 0.16597535545
729.88 0.18530677291
730.99 0.16670967742
732.05 0.16534844193
733.13 0.14134317343
734.23 0.15962078396
735.3 0.16457142857
736.3 0.15275772682
737.32 0.16094117647
738.47 0.12187705628
741.1 0.00342987805
742.27 0.08375510204
743.54 0.06926582278
745.04 0.043776
746.26 0.05364705882
747.38 0.03926098655
748.44 0.04110422535
749.84 0.00783954155
751.2 0.03211738811
753.1 0.01726182965
754.18 0.03037187789
771.26 0.00320449754
772.3 0.1162007722
773.5 0.14592
774.5 0.14184646062
775.76 0.09554285714
776.98 0.06279344262
778.28 0.05897459584
779.34 0.06165633803
780.78 0.03802640723
781.84 0.06218181818
782.86 0.06406243902
783.98 0.05868096515
785.28 0.07576615385
786.28 0.10933066933
787.29 0.08720318725
788.42 0.09633802817
789.52 0.0896232939
790.53 0.13067462687
791.61 0.13185542169
792.63 0.12875294118
793.63 0.10933066933
794.75 0.11725714286
795.77 0.13907331378
796.89 0.10748571429
797.99 0.14964448496
799.11 0.05841992883
800.27 0.12264827586
801.35 0.09153903346
802.45 0.14883046238
803.53 0.10086635945
804.61 0.10133333333
805.67 0.07254545455
806.69 0.08591952895
807.69 0.08720318725
808.75 0.11346277097
816.96 0.00133398342
818.94 0.61533703891
820.02 0.13173333333
821.08 0.15414084507
823.58 0.05682913165
824.64 0.3822490566
825.68 0.1576945245
826.72 0.14732307692
827.77 0.15619410086
828.82 0.15664122137
829.85 0.16015609756
830.87 0.12887929342
831.89 0.15021176471
832.94 0.15501416431
833.98 0.15784615385
835.05 0.15472196041
836.08 0.15799807507
837.12 0.14732307692
843.03 0.03329429684
844.07 0.67372307692
845.11 0.0740173913
846.15 0.06289655172
847.17 0.05364705882
848.33 0.04717241379
849.37 0.07366153846
872.06 0.00144717239
873.08 0.01069794721
874.08 0.04373226773
875.2 0.10748571429
876.5 0.10141158301
877.58 0.12148751156
878.66 0.14199814643
879.68 0.12875294118
880.92 0.09708387097
881.96 0.12627692308
883.0 0.11531034483
884.03 0.20326099707
885.06 0.18010454985
886.08 0.17116715543
887.08 0.1311968032
888.11 0.18027906977
889.37 0.08056507937
890.47 0.14937215651
891.49 0.20365915769
892.6 0.14883046238
893.62 0.16078354554
894.73 0.14722869955
895.75 0.1824
896.8 0.18868965517
898.0 0.16402331391
899.11 0.1864896861
900.12 0.20690149254
901.24 0.15648257373
902.26 0.18222135162
903.3 0.16836923077
904.33 0.17975652174
905.38 0.17820689655
906.49 0.15676275739
907.55 0.16534844193
908.58 0.13880195122
909.79 0.16213333333
910.92 0.16552313167
911.94 0.15021176471
912.96 0.13948235294
914.11 0.16108051948
915.2 0.18172693727
916.36 0.1603862069
917.38 0.17150244858
918.47 0.12992876712
919.48 0.16334328358
920.53 0.12436363636
921.55 0.15035917566
922.6 0.14647801147
923.68 0.17258627087
926.57 0.05064549534
927.61 0.06313846154
928.63 0.13961923454
931.68 0.0682260184
932.76 0.31437037037
933.82 0.11356981132
934.92 0.10953958144
936.25 0.07377977528
937.58 0.07433660377
938.74 0.09410146174
939.76 0.10761061947
940.96 0.06384
945.04 0.00803917728
946.1 0.08267422096
947.12 0.1179079334
948.14 0.15035917566
949.22 0.13173333333
950.24 0.13948235294
951.36 0.12736974038
952.48 0.136192
953.48 0.10922155689
954.64 0.13253979239
955.7 0.14454339623
956.82 0.15634285714
957.88 0.11356981132
958.88 0.13093519442
960.0 0.12748387097
961.19 0.06410711297
962.39 0.07289925062
963.42 0.0855
964.46 0.07373243503
965.63 0.05578929482
966.89 0.07817142857
967.97 0.08106666667
969.06 0.11105535055
970.07 0.15095172414
971.09 0.10729411765
972.1 0.08711641791
973.1 0.05450199203
974.27 0.06542100769
975.46 0.06464810127
976.49 0.07394594595
977.62 0.06815658363
978.74 0.0684
979.78 0.07366153846
980.8 0.07517958783
981.96 0.06604137931
982.97 0.07547586207
984.02 0.06289655172
1000.78 0.00065298329
1002.22 0.0912
1003.31 0.10983941606
1004.82 0.12370212766
1007.6 0.34764892086
1008.79 0.03651042535
1009.88 0.04038376384
1011.18 0.05906553585
1012.57 0.04693638313
1013.87 0.05911111111
1015.24 0.04008791209
1016.33 0.05991240876
1017.6 0.03463291139
1018.75 0.0377704918
1019.79 0.04209230769
1020.88 0.04049583719
1021.96 0.0608
1023.14 0.05564745763
1031.38 0.0
