1.01 0.79221386139
2.11 0.11883227561
3.13 2.10245034415
4.13 1.1917042957
5.15 0.90754509804
6.16 0.90587908821
7.17 0.96917227723
8.17 0.93662337662
9.18 1.10467393459
10.27 0.85404770642
11.49 1.02739672131
12.5 1.40336300692
13.53 0.62364341085
14.71 0.54298045879
16.2 0.74082368775
17.2 1.61643868395
18.21 1.0205578635
19.22 0.54178217822
20.24 0.21416829746
21.35 0.26668592058
22.37 0.17124705882
23.38 0.26005544554
24.41 0.27625631068
25.45 0.1368
26.52 0.19433271028
27.53 0.16253465347
28.54 0.47297522299
29.66 0.54706868867
30.68 0.51501176471
31.78 0.14923636364
32.81 0.43203883495
33.82 0.9560950495
34.82 1.46495104895
35.83 1.3651456888
36.95 1.36923571429
37.96 1.18311287129
39.1 1.24919402985
40.11 1.48580594059
41.12 1.45236435644
42.12 1.36553846154
43.13 1.27868384539
44.13 1.52691417166
45.14 1.27823366337
46.36 1.18228055783
47.36 1.50000798403
48.36 1.5213986014
49.42 1.10819659735
50.43 1.43443960396
51.43 1.71351048951
52.57 1.33382265145
53.93 1.16252941176
54.95 1.77803137255
55.96 1.11542178218
56.97 1.52749306931
57.99 1.15019607843
59.0 1.36167920792
60.04 0.95259230769
61.04 1.74748451548
62.05 1.18906349206
63.05 1.81296303696
64.06 1.22685148515
65.3 1.47837037037
66.31 1.77091559086
67.41 0.60624
68.42 1.32392079208
69.43 1.1950019802
70.44 1.27481934847
71.45 1.10504970179
72.46 1.32310187933
73.61 1.14803133159
74.84 1.47743531326
75.84 1.41022177822
76.96 0.88021447721
77.97 1.34997428289
78.98 1.05527849356
80.19 0.90489768977
81.21 1.35937069813
82.21 1.00804795205
83.22 0.75100990099
84.24 0.85835294118
85.25 0.65238453915
86.27 0.65649411765
87.28 0.50353359684
88.29 0.55420634921
89.3 0.93293215339
90.54 0.57038767234
91.61 0.09205233645
92.62 0.67041584158
93.64 0.3648
94.65 0.50927524752
95.65 0.50439160839
96.66 0.82432507433
97.73 0.47048971963
98.98 0.04374100719
99.99 0.57734786918
101.06 0.99807850467
102.07 1.12690693069
103.09 0.61261176471
104.29 0.52342
105.31 0.71887058824
106.32 0.54099009901
107.32 0.57945254745
108.35 0.19144023324
109.55 0.02736
110.57 0.33261176471
111.62 0.08338285714
112.63 0.30454653465
113.65 0.39698823529
114.67 0.45063529412
115.72 0.26081982841
116.72 0.16440718563
117.73 0.23862041625
118.77 0.25279692012
119.78 0.36804747774
121.13 0.18168296296
122.16 0.36125825243
123.17 0.37556435644
124.18 0.44470168484
125.18 0.31674251497
126.19 0.32669177403
127.2 0.67180990099
128.2 0.55993606394
129.22 0.6873562316
130.25 0.45371650485
131.27 0.37589793916
132.3 0.39275266731
133.3 0.56026242545
134.31 1.16531206381
135.36 0.16491428571
136.45 0.23114049587
137.47 0.21458823529
138.57 0.44730245232
139.59 0.40061960784
141.22 0.48386494782
142.22 0.62909018831
143.23 0.5601998002
144.37 0.59658947368
145.38 0.76933069307
146.38 0.61318019802
147.39 0.84912475248
148.41 0.78210794897
149.42 0.84775469832
150.44 0.80730571992
151.63 0.75591973244
152.64 0.96210989011
153.81 0.68193548387
154.83 0.76104211557
155.85 0.90127058824
156.86 0.72295738355
157.86 1.03864135864
158.87 0.79173835481
160.03 0.61429655172
161.04 0.7873015873
162.06 0.79243137255
163.47 0.70573493976
164.6 0.87889459699
165.61 1.05001780415
166.63 0.75501960784
167.64 0.90108225966
168.67 0.83262790698
169.7 0.78327626459
170.91 0.77086280992
171.91 0.94024375624
172.92 0.60902279485
174.15 0.75955121951
175.16 1.07272871287
176.17 0.84223366337
177.19 0.88632485323
178.3 1.02841155235
179.31 1.20275643564
180.31 0.93679120879
181.32 0.86013875124
182.33 0.85872475248
183.35 0.73244705882
184.54 0.89803697479
185.54 1.15890509491
186.55 0.94860990099
187.56 1.01540594059
188.57 1.24416253717
189.59 1.14625661117
190.6 1.22793260654
191.66 1.0128934967
192.67 1.27555643564
193.69 1.24001570167
194.7 1.29268118812
195.77 1.14836635514
196.77 1.21357042957
197.78 0.69596828543
198.79 0.82432507433
199.8 0.66733135509
200.81 0.91498613861
201.81 1.2245034965
202.82 0.65060059465
204.16 0.53500298507
205.34 0.99792542373
206.35 0.48808721506
207.88 0.43896470588
208.89 1.16363996044
209.9 1.70019009901
211.01 1.39938738739
212.03 1.49285490196
213.15 1.2534334227
214.15 1.67743456543
215.17 1.03221960784
216.18 1.71165940594
217.19 1.25259405941
218.26 1.50004485981
219.27 1.68392871287
220.29 1.85550636631
221.42 1.48697254207
222.42 1.41249150849
223.44 1.22199607073
224.44 1.73523276723
225.44 1.45893306693
226.45 1.35965906838
227.46 1.07506534653
228.47 1.1403009901
229.85 0.63568695652
230.86 1.15401387512
231.86 1.06103496503
232.87 0.91063627354
233.89 0.70328627451
234.89 0.62622977023
235.9 0.82432507433
236.91 0.43372673267
237.91 0.55578821179
239.0 0.4321322314
240.23 0.14236097561
241.24 0.57524260355
242.26 0.49181889764
243.47 0.50185301404
244.48 0.67247571853
245.49 0.57165148515
246.52 0.65532688588
247.53 0.80502584493
248.53 0.58683716284
250.34 0.06654726368
251.36 0.72385882353
252.37 0.56345346535
261.71 0.04461904252
262.72 0.26005544554
263.81 0.31125137615
265.1 0.32243289372
266.1 0.49464935065
267.15 0.64597333333
268.2 0.64982268827
269.21 0.55261782178
270.21 0.50850749251
271.73 0.33862277814
272.73 0.66503896104
273.75 1.38288627451
274.76 1.44959207921
275.77 1.48983580613
276.98 1.342808933
278.03 1.4193447619
279.2 1.38621043627
281.13 0.1699378882
284.1 0.08480862534
285.11 0.93713385827
286.13 0.44891518738
287.28 0.32786099044
288.3 0.49135230618
289.31 0.53965940594
290.32 0.58623366337
291.54 0.63371147541
292.57 0.82169320388
293.74 0.44397264957
294.84 0.89891173794
295.84 1.27476523477
296.87 1.08085436893
297.87 1.10137862138
298.88 0.94488800793
299.91 0.91341496599
301.12 0.67687272727
304.08 0.00739459459
305.2 0.18483571429
306.35 0.45340052129
307.7 0.44313713862
308.7 0.93781418581
309.7 0.78054745255
310.78 0.83246753247
311.78 1.14519080919
312.78 1.19302297702
313.88 0.8469143898
314.88 1.41118081918
315.89 1.18080475719
317.04 0.93146133797
318.05 1.16923564356
319.06 0.89975817641
320.23 0.98796581197
321.24 1.29588118812
322.24 1.11168831169
323.24 1.13383416583
324.26 0.83952062868
325.26 0.86804360753
326.27 0.9041998002
327.47 0.7209325562
328.48 1.08631119921
329.49 1.06407128713
330.5 0.91998415842
331.51 0.79531881188
332.52 1.13807524752
333.53 0.95234059406
334.79 0.65197460317
335.79 1.38830339321
336.8 1.0963015873
337.8 0.89219425173
338.82 1.09534322453
339.82 0.78593406593
340.83 1.15438652131
341.85 1.08703529412
342.86 0.61469306931
343.87 0.93574653465
345.11 0.84409017713
346.11 1.11624230387
347.12 0.861296333
348.19 0.64404485981
349.19 1.15586813187
350.2 0.88770664024
351.22 0.73054117647
352.22 0.9430969031
353.23 0.81999206349
354.25 0.47521099117
355.64 0.12597410072
361.36 0.02293874694
363.19 0.05265905383
364.38 0.83940840336
365.49 0.84776748411
366.54 0.8841170916
367.75 0.82773688593
368.91 0.90767493584
370.05 0.78234215168
371.18 0.88705633803
372.27 0.83703977798
373.45 0.93526779661
374.7 0.877024
375.71 0.98282772277
377.18 0.5973877551
378.32 0.83958920801
379.33 0.62088404361
380.33 0.86392007992
381.34 0.86687809713
382.34 0.83433366633
383.57 0.66109682669
384.72 0.96045913043
385.73 1.21817821782
386.75 0.87643137255
388.26 0.82626225166
389.26 1.12956643357
390.27 0.86016253717
391.29 0.53308300395
392.62 0.6134529148
393.63 0.85702970297
394.64 0.93214257426
395.65 1.04811881188
396.65 0.95005794206
397.81 0.9875064711
398.95 1.08068070175
400.11 1.00610181191
401.13 1.16950588235
402.14 0.71161980198
403.14 0.77561638362
404.16 0.93437487733
405.17 0.57120317146
406.19 0.48282352941
407.2 0.6399049505
408.21 1.14920672601
409.24 0.95627184466
410.25 0.93403968254
411.26 1.56866534653
412.26 1.4304975025
413.27 0.97923488603
414.28 1.27683168317
415.29 1.22966336634
416.3 1.26641823588
417.31 0.99645940594
418.35 0.69099711816
419.36 0.59102477701
420.37 1.02938613861
421.38 0.77924281467
422.4 0.78982174339
423.42 0.5973254902
424.44 0.62291658489
425.46 0.326481409
426.47 0.42300891972
427.49 0.79941176471
428.5 1.47934257426
429.59 1.39570642202
430.6 1.2497980198
431.61 1.13462178218
432.62 0.99173069307
433.68 0.73558490566
434.86 0.80245215919
435.87 1.78885402185
436.9 1.2984985451
438.01 1.5271632101
439.01 1.63112887113
440.02 1.16525668979
441.03 1.72410703667
442.03 0.78718081918
443.04 0.67041427156
444.04 0.76546653347
445.05 1.11413280476
446.09 0.59204615385
447.1 0.52855500496
448.11 0.96056181998
449.12 1.37027326733
450.16 1.413466795
451.16 0.68497918731
452.17 0.86685148515
453.18 0.45918415842
454.2 0.61305882353
455.21 0.57428910891
456.22 0.42916947473
457.24 0.45063529412
458.26 0.50428235294
459.29 0.55024046921
460.29 0.81509433962
461.52 0.79191537836
462.52 1.15890509491
463.53 0.7944950495
464.54 1.17131881188
465.55 0.79543310208
466.76 0.79629090909
467.77 0.93186534653
468.78 0.6561980198
469.79 0.55491485149
470.8 0.57034455446
471.81 0.7910019802
472.81 0.60001598402
473.85 0.61416153846
475.12 0.17957446809
476.13 0.52011089109
477.15 0.43792360431
478.16 0.60739742319
479.17 0.4631049505
480.2 0.49264466019
481.21 0.57428910891
482.24 0.45016132167
483.26 0.57882076396
484.29 0.39364820214
485.32 0.51001165049
486.33 0.45271287129
487.34 0.50553663366
488.35 0.57360792079
489.47 0.5473100983
490.47 0.80837562438
491.63 0.75964797239
492.63 1.1566033966
493.64 0.79103270565
494.73 0.94206593407
495.74 1.31115873016
496.76 1.2860627451
497.77 1.31010693069
498.78 1.35606336634
499.79 1.40478097126
500.79 1.23304695305
501.8 1.2634047619
502.8 1.20261338661
503.81 1.24171881188
504.82 1.07941269841
505.83 0.88305440158
506.83 1.0515964036
507.85 0.97997642436
508.87 0.69335686275
510.07 0.91648666667
511.09 1.04567058824
512.1 1.12213861386
513.11 1.00778613861
514.14 1.10941107872
515.14 1.05784615385
516.15 1.02060534125
517.33 1.04179813401
518.53 1.07217333333
519.56 0.79766763848
527.37 0.01676541315
528.83 0.28543230241
529.87 0.37883076923
532.03 0.02026666667
534.23 0.05467029973
535.23 0.41504191617
536.39 0.19880968858
537.57 0.10210687023
538.58 0.37787722772
539.59 0.57372106825
540.6 0.38422993062
541.63 0.53126213592
542.64 0.45223762376
543.65 0.62722529644
544.67 0.44861356932
545.68 0.4420990099
546.71 0.47813592233
547.71 0.24052747253
548.73 0.37589793916
549.75 0.1891265947
550.77 0.33261176471
551.78 0.37962338949
552.78 0.46202597403
553.79 0.40982970297
554.82 0.41478717201
555.82 0.48421803766
556.85 0.43563495146
557.89 0.43521241513
558.9 0.38708537782
559.91 0.55758641359
561.12 0.43841983471
562.14 0.48282352941
563.17 0.49506063523
564.18 0.38544950495
565.2 0.5472
566.22 0.6061958457
567.23 0.47823366337
568.25 0.61686297376
569.32 0.42099905749
570.33 0.55847693817
571.35 0.55792941176
572.36 0.41731485149
573.38 0.50428235294
574.41 0.51001165049
575.62 0.4817785124
576.63 0.54178217822
577.65 0.59011764706
578.67 0.51743529412
579.7 0.72251650485
580.71 0.75924677899
581.74 0.52865753425
582.74 0.71657142857
583.74 0.56572227772
584.76 0.70883611384
585.77 0.580432111
586.79 0.80391772772
587.8 0.56159365709
588.82 0.68668235294
589.83 0.58060990099
590.87 0.58872622478
591.99 0.60231635389
593.0 0.68264554455
594.01 0.71512079208
595.12 0.51025022502
596.13 0.66698412698
597.14 0.66097425743
598.15 0.47633267327
599.18 0.59501359223
600.27 0.26834495413
601.28 0.65013861386
602.29 0.56363564356
603.34 0.62537142857
604.34 0.65532934132
605.37 0.4306848249
606.38 0.58512475248
607.42 0.50005384615
608.43 0.70431683168
609.45 0.65449411765
611.88 0.08291028807
612.91 0.49938640777
614.04 0.15495929204
648.63 0.00221506433
649.66 0.02110703954
650.96 0.02525538462
652.26 0.02529429892
653.34 0.02026666667
654.56 0.0357939493
655.98 0.02317007763
657.48 0.02916455696
658.54 0.03094439208
660.9 0.00928638099
665.07 0.00525143954
666.27 0.04571428571
667.39 0.08778609626
668.41 0.05364705882
669.95 0.05674141283
671.09 0.06737730871
672.11 0.04291764706
675.91 0.00500131614
677.24 0.02453811659
678.35 0.05947826087
679.41 0.07233994334
680.71 0.04212471132
681.73 0.03215670911
683.17 0.04563168867
684.55 0.03965217391
685.73 0.03706689246
687.11 0.02379130435
688.37 0.03471530531
689.54 0.0372244898
690.89 0.04077496274
692.27 0.03167583213
701.41 0.01553785558
702.53 0.30341376229
703.69 0.08498360656
705.25 0.03509942271
706.27 0.09656470588
707.41 0.04795793164
712.46 0.03894991091
713.51 0.07664761905
714.56 0.08283065279
715.91 0.07339493294
717.05 0.0672
718.28 0.06193047696
719.3 0.05364705882
720.32 0.05364705882
721.76 0.05316308119
723.2 0.0608
724.23 0.05359451518
725.3 0.08114179796
726.47 0.05641237113
727.79 0.06632727273
729.05 0.06954090548
730.1 0.08290909091
731.22 0.06833898305
732.43 0.0637868443
733.62 0.05476563803
734.76 0.0672
735.89 0.04877005348
743.09 0.00455936675
744.23 0.08647585601
746.29 0.13603496843
747.43 0.0768
748.49 0.0515739868
749.49 0.08746453546
750.59 0.07966515014
751.73 0.0672
752.87 0.05754951797
754.37 0.04380520347
755.71 0.04903958178
756.85 0.0768
757.98 0.05765057068
759.31 0.05799242998
760.34 0.07380346821
761.42 0.07093333333
762.54 0.06833898305
763.58 0.07373243503
764.59 0.07645508982
765.71 0.07810169492
766.79 0.07093333333
767.85 0.07233994334
768.92 0.07106493506
770.03 0.06951724138
771.07 0.07366153846
772.5 0.04191243919
773.51 0.07584950495
774.54 0.08575122429
775.63 0.09976298997
776.63 0.0982994012
777.73 0.09967213115
778.74 0.10889552239
779.76 0.12837536657
781.02 0.10447732697
782.08 0.10314797361
783.12 0.11575384615
784.36 0.06173086221
785.4 0.09498167792
786.46 0.07213559322
787.46 0.07653146853
788.74 0.05989679437
789.76 0.08575122429
794.37 0.02842593797
795.68 0.23756760886
796.72 0.06319923003
800.6 0.04504070067
802.92 0.06154058722
804.04 0.07810169492
805.12 0.05061979648
806.2 0.06068761553
807.3 0.05991240876
809.38 0.0210259366
810.7 0.06637755876
811.84 0.02872440945
813.02 0.05569465649
814.52 0.029184
815.66 0.04795793164
816.68 0.06443964671
817.92 0.02652019386
819.28 0.04020573108
821.22 0.01694117647
828.16 0.00315298185
849.14 0.00104322959
851.34 0.01492363636
852.34 0.03276646707
853.42 0.02028544949
854.68 0.02603647898
855.94 0.03479809221
857.16 0.03591140279
858.36 0.03644962531
860.0 0.01333820841
861.06 0.04122033898
862.1 0.06326011561
863.64 0.02848145738
864.86 0.0357939493
866.06 0.0456
867.08 0.06443964671
868.28 0.05467443797
869.36 0.03042817424
870.62 0.04339413164
874.19 0.04288197365
875.8 0.02694972067
876.83 0.04245974782
877.95 0.09780160858
879.13 0.04633361558
880.33 0.05472
885.87 0.00395161582
886.89 0.33293817468
887.89 0.0655984016
888.91 0.07503232125
889.95 0.08426564004
891.05 0.08970491803
892.31 0.04346306593
893.59 0.03409345794
894.81 0.0357939493
895.89 0.05090232558
897.07 0.0556003387
898.29 0.03588196721
899.41 0.03908571429
900.73 0.03311346445
907.07 0.0103652723
908.31 0.0352747784
909.69 0.04761711385
910.87 0.0556003387
913.03 0.04513703704
914.07 0.04213282002
915.07 0.02186613387
916.17 0.07966515014
917.29 0.04881355932
918.41 0.05868096515
919.45 0.06295685523
920.61 0.05670466321
921.75 0.0576
923.11 0.04817608217
924.19 0.08129247911
925.29 0.0595862069
926.31 0.08600392927
927.39 0.07099907322
928.41 0.08575122429
929.49 0.0912
930.51 0.09628152493
931.57 0.09309640832
932.69 0.06852236136
933.69 0.0983976024
934.84 0.06615544041
947.08 0.00496339869
948.13 0.03144827586
949.21 0.08106666667
950.23 0.09665947007
951.25 0.08566731898
952.33 0.08114179796
953.49 0.07567156439
954.49 0.0982994012
955.6 0.06858370636
956.75 0.04795793164
957.82 0.09128452271
958.91 0.07086771508
960.11 0.04556203164
961.17 0.06183050847
962.45 0.07713077525
963.59 0.0672
965.45 0.04699516908
966.63 0.08361290323
967.91 0.06845347928
969.03 0.09736654804
970.06 0.06801547389
971.17 0.07923257919
972.25 0.14160443623
973.27 0.15050687623
974.41 0.0672
975.47 0.09300849858
976.65 0.08354198473
978.01 0.08858278146
982.38 0.00249920073
983.73 0.40999404762
984.81 0.13197773655
985.91 0.08954181818
986.93 0.12875294118
988.11 0.09266723116
989.25 0.1054150613
990.27 0.11837168142
991.33 0.12389433962
992.46 0.13463620387
993.54 0.10142724745
994.62 0.10123959297
995.83 0.05434276206
997.02 0.08221702838
998.13 0.09886178862
1009.55 0.01147539835
1010.9 0.87506143597
1011.96 0.08180889309
1013.18 0.00735895339
1014.3 0.05883870968
1015.34 0.04193103448
1016.44 0.10963934426
1017.72 0.09412353401
1018.74 0.10697947214
1019.85 0.1190643699
1020.94 0.10983941606
1022.0 0.08251837889
1023.16 0.07554098361
1024.2 0.0421734104
1025.26 0.07213559322
1026.3 0.06313846154
1027.38 0.07099907322
1028.56 0.05555329949
1029.64 0.07099907322
1030.79 0.06708231173
1032.51 0.05696703297
1033.74 0.06238436482
1035.15 0.03897435897
1040.67 0.01346034046
1041.73 0.07220358153
1042.99 0.07817142857
1044.41 0.06183050847
1045.41 0.05466533467
1046.49 0.05061979648
1047.51 0.03203140334
1052.29 0.00455708908
1053.69 0.0815565093
1055.59 0.0047360673
1057.03 0.038
1058.14 0.04903225806
1059.19 0.06289655172
1060.41 0.08086699507
1061.61 0.06389324437
1062.64 0.07373243503
1063.73 0.07086771508
1064.75 0.06437647059
1065.93 0.02895173582
1067.21 0.0855668491
1068.43 0.08053638594
1069.57 0.09608428446
1070.59 0.09656470588
1071.64 0.07247682119
1072.72 0.0304
1074.93 0.03922030825
1076.31 0.01450581395
1077.37 0.04125918944
1078.59 0.0359408867
1079.65 0.05147695202
1080.85 0.04563803169
1082.2 0.0403539823
1083.57 0.04014673514
1087.53 0.01105733771
1088.67 0.1152
1104.85 0.0018382053
1106.38 0.00712036435
1107.59 0.05462895175
1108.69 0.05969454545
1109.83 0.04795793164
1110.91 0.08114179796
1112.08 0.05578929482
1113.08 0.07645508982
1114.16 0.0912
1122.09 0.00209064512
1123.48 0.03131330472
1125.68 0.01492363636
1128.02 0.00934985049
1129.28 0.05211428571
1130.38 0.00996721311
1132.22 0.01783378599
1133.22 0.0327992008
1134.46 0.03538884398
1136.71 0.01461798753
1137.78 0.13210027855
1139.2 0.05410169492
1141.21 0.0382084788
1142.49 0.03406692607
1144.28 0.02939431121
1145.38 0.03986885246
1146.66 0.04265003897
1147.72 0.0414153264
1148.74 0.03218823529
1150.02 0.04268330733
1151.06 0.04209230769
1152.2 0.04804214223
1153.28 0.02026666667
1154.74 0.04500616861
1155.82 0.06074375578
1157.74 0.00943899896
1158.92 0.02780016935
1160.44 0.02876215506
1161.5 0.03097358491
1162.76 0.03479809221
1163.76 0.04368862275
1165.12 0.02417673049
1166.28 0.01883648881
1171.58 0.0
