1.0 1.45771656687
2.01 2.33428571429
3.15 0.94641403509
4.15 1.16457942058
5.16 1.12198216056
6.3 0.99364912281
7.31 0.97631683168
8.32 1.27687920792
9.33 1.31013069307
10.34 1.12533861386
11.35 1.53447920792
12.42 1.21099065421
13.48 1.77541132075
14.48 1.89805394605
15.53 1.20705433746
16.54 1.7470970297
17.57 1.21090767736
18.58 1.28944158416
19.59 0.89394851485
20.8 1.00226115702
21.8 1.21711776447
22.81 0.93995238095
23.83 0.65516160627
24.86 0.89252038835
25.86 0.74384015984
26.87 1.05101288404
27.9 1.03091933916
28.91 0.67136633663
29.93 0.57938823529
30.93 0.70845954046
31.94 1.16987722772
32.95 0.93872475248
33.96 1.03100891972
35.14 0.8285559322
36.15 1.05209910803
37.17 0.69908235294
38.18 0.81148514851
39.2 0.54981176471
40.21 0.24897329377
41.21 1.68786413586
42.22 1.33631714569
43.41 1.12607569386
44.83 1.11262491203
45.84 1.36355996036
46.84 1.25393006993
47.85 1.11934985134
48.86 0.91838575668
49.87 0.9694271556
50.87 1.0885748503
51.88 1.22046382557
52.88 0.5248031968
53.89 1.06115361744
55.02 0.69422300885
56.04 0.95318431373
57.04 0.92738461538
58.05 0.91172277228
59.06 0.92283845391
60.07 0.99812277228
61.13 0.68824150943
62.14 1.12635247525
63.18 1.26207692308
64.19 1.30224950495
65.19 1.26041158841
66.19 1.43856143856
67.2 1.62891269841
68.2 1.32178043912
69.21 1.58197619048
70.21 1.4640959041
71.22 1.56173637265
72.22 1.31972827173
73.43 1.35244297521
74.44 1.79290386521
75.44 1.76242957043
76.45 1.3049197225
77.46 1.09910802775
78.51 0.87059942912
79.62 1.14832432432
80.72 1.19746909091
81.73 1.69014441147
82.73 1.79553246753
83.73 1.77752647353
84.79 1.55813812677
85.79 1.74849150849
86.79 1.33499300699
87.8 1.412
88.96 0.63654184642
89.96 0.80533066933
90.98 0.96788223749
91.98 0.66691708292
92.99 0.7949047619
93.99 0.93698301698
94.99 1.27916883117
96.01 0.85383316977
97.03 0.87660843965
98.06 1.01299417476
99.11 0.41731172545
100.81 0.07687507331
102.11 0.41416666667
103.12 0.85945688801
104.14 0.64439646712
105.14 0.5045034965
106.17 0.78190291262
107.19 0.67529089128
108.21 0.50727701375
109.25 0.65243076923
110.79 0.11586761843
111.81 0.24629354207
112.82 0.67381132075
113.82 0.92712087912
114.82 0.88692750745
115.84 0.82107008885
116.98 0.44236236934
118.0 0.43990588235
119.01 0.43342574257
120.05 0.44196923077
121.19 0.2688
122.61 0.06204961021
123.61 0.67957185332
124.63 0.8118694362
125.64 0.48325024534
126.65 0.70906560636
127.66 0.71160552268
128.67 0.56321278721
129.89 0.6576729048
130.91 0.70814117647
131.92 0.71504158416
133.11 0.4843697479
134.12 1.21760639361
135.12 1.02039246779
136.37 0.8975424
137.38 0.60739742319
138.4 0.43534901961
139.44 0.59981538462
141.19 0.16402742857
142.2 0.65078295342
143.26 0.42445240339
144.42 0.26416551724
145.61 0.9038790932
146.72 0.64144274121
147.76 0.58643076923
149.06 0.46301538462
150.07 0.61763168317
151.09 0.26575686275
152.09 0.59038561439
153.1 1.07508424182
154.1 1.18825174825
155.12 1.13093621197
156.13 1.16212277228
157.14 1.17312475248
158.15 1.21580099502
159.16 1.43621386139
160.17 1.22128316832
161.18 1.568
162.26 1.23777777778
163.26 1.48662537463
164.31 1.01040761905
165.32 1.38246184341
166.43 1.27596753832
167.45 1.48217042116
168.48 1.17142857143
169.48 1.78942657343
170.55 1.03852572498
171.6 1.32226831589
172.62 1.1964
173.69 1.09028785047
174.71 1.28075294118
175.72 0.37849802372
176.78 0.50212298959
177.8 1.135208619
178.81 1.35008316832
179.82 1.25098909812
180.82 1.42279320679
181.91 1.01662442608
182.91 1.17451348651
183.92 0.75646382557
184.93 1.31611089109
186.1 1.15891965812
187.11 1.50403964321
188.17 1.12186415094
189.3 1.4802680776
190.31 1.99221471173
191.37 1.49084528302
192.89 1.18428947368
193.89 1.79716283716
194.9 1.65954851485
195.91 2.04298116947
196.92 1.42154940711
198.1 1.34741984733
199.11 1.51044752475
200.12 1.32201188119
201.31 1.20315966387
202.32 1.67064420218
203.32 1.2368991009
204.43 1.28476825969
205.44 1.40460534125
206.46 1.16975073602
207.47 1.29676039604
208.95 0.84179986568
209.96 1.10423976024
210.96 1.35001390268
212.15 1.21086146096
213.16 1.35259405941
214.17 1.02816633663
215.18 1.07034455446
216.19 0.7877740337
217.2 0.85516913947
218.21 0.64966501487
219.21 0.98397602398
220.22 0.49242772277
221.23 0.40091881188
222.23 0.65598401598
223.24 0.40322695738
224.25 0.49843960396
225.27 0.56865882353
226.28 0.456
227.3 0.50404696673
228.32 0.63365652601
229.33 0.47235643564
230.34 0.69416848365
231.41 0.63056314312
232.42 0.59596039604
233.44 0.47443921569
234.63 0.56785222502
235.64 0.81267326733
236.65 0.54742063492
237.67 0.81162781587
238.68 0.51742319128
239.9 0.59299016393
240.9 0.66823576424
241.91 0.43236507937
243.01 0.32249227975
244.03 0.40811776251
245.04 0.35757623762
246.08 0.2573
247.11 0.41438446602
248.12 0.42830891089
249.13 0.51959643917
250.14 0.39046977205
251.15 0.39008316832
252.17 0.2946745098
253.2 0.41438446602
254.22 0.50428235294
255.39 0.45073504274
256.41 0.55792941176
257.43 0.55796078431
258.57 0.71482352941
259.58 0.88852277228
260.6 0.31653333333
261.62 0.65449411765
262.64 0.50621393523
263.66 0.79397647059
264.68 0.42428235294
265.71 0.65812609117
266.74 0.37715063168
267.79 0.02084571429
268.82 0.19125436893
269.87 0.416121673
270.9 0.42364980545
272.1 0.24603497086
273.12 0.62291658489
274.13 0.36689108911
275.15 0.40771764706
276.17 0.32188235294
277.38 0.24757024793
278.4 0.1718390579
279.42 0.28941038198
280.51 0.32129174312
281.52 0.17354212091
282.54 0.17133463796
283.55 0.10723488603
284.58 0.18080466472
285.58 0.55758641359
286.59 0.36567920792
287.61 0.8575122429
288.62 0.54830525273
289.65 0.56510291262
290.66 0.59596039604
291.67 0.49096237624
292.87 0.59202666667
293.88 0.62909018831
294.89 0.38275643564
295.9 0.37887240356
296.96 0.18584150943
297.97 0.07532743363
298.99 0.293970385
300.0 0.41175445545
301.02 0.36496172718
309.65 0.05956780544
310.69 0.32257444765
311.7 0.76169672944
312.7 1.15872127872
313.73 1.14007782101
314.95 1.01759344262
315.96 1.13855049505
317.2 0.72303870968
318.31 1.09914954955
319.32 1.1945029703
320.33 1.29121584158
321.54 1.16518114144
322.55 1.21635608309
323.76 1.07075041322
324.76 1.28864735265
325.87 1.00051033243
327.12 1.09573033708
328.12 1.31257542458
329.13 1.30944697721
330.13 1.23299800399
331.31 1.0400815633
332.31 1.1929030969
333.71 1.02036883488
334.72 0.57485827552
335.72 0.83295904096
336.73 0.94239841427
337.74 0.90312957468
338.79 0.973521449
339.8 0.60445589693
340.97 0.8451965812
342.04 1.00950140056
343.06 1.38880784314
344.21 1.24428894691
345.21 1.62014785215
346.22 1.64579583746
347.22 1.52688111888
348.23 1.52651881188
349.23 1.08444355644
350.25 1.77684086444
351.4 0.899607298
352.41 1.34934653465
353.54 1.37471858407
354.66 1.43791957105
355.66 1.65054145854
356.67 1.35066005946
357.83 1.42997931034
358.83 1.77291816367
359.84 1.30887611497
360.9 1.29585646837
361.91 1.13835014837
362.92 1.03346679881
363.93 0.75985068762
364.94 1.1196007984
365.95 0.80857029703
366.96 0.97360792079
367.97 1.45189317507
369.01 0.98758117195
370.04 0.41559493671
371.04 0.54284915085
372.06 0.85612561335
373.07 0.99447920792
374.07 0.91413386613
375.08 0.61824380575
376.45 0.25559153902
377.45 0.72470729271
378.64 1.17233751044
379.65 1.52887920792
380.66 1.07245148515
381.67 1.38955247525
382.68 1.28402376238
383.7 1.39470588235
384.71 1.62853069307
385.88 1.25617094017
386.92 1.22818461538
387.93 1.35574451098
388.93 1.39293650794
389.94 1.58997227723
390.95 1.47234886026
392.17 1.06943396226
393.19 1.26192360431
394.21 1.62977254902
395.22 1.54494257426
396.23 1.38231287129
397.45 1.40139672131
398.46 1.54887128713
399.47 1.75172277228
400.67 1.34375312761
401.67 1.70588611389
402.68 1.67702178218
403.69 1.67780594059
404.7 1.18414257426
405.71 1.27683168317
406.9 1.10582857143
407.91 1.63576237624
409.17 1.36664019063
410.17 1.86784415584
411.45 1.02129788898
412.45 1.5141018981
413.46 1.15406732673
414.52 0.51084637135
415.53 0.20628571429
417.34 0.07257585825
418.34 1.16369353234
419.35 0.53147274529
420.38 0.43742912621
421.58 0.55868
422.61 0.27625631068
423.63 0.67077647059
424.75 0.44775
425.76 0.6728
426.77 0.70130693069
427.79 0.74197647059
428.8 0.89935841584
429.81 0.7355960396
430.83 0.78132289628
431.97 0.5150834065
432.98 0.836
433.99 0.38636039604
435.0 0.41134718101
436.0 0.44447552448
437.03 0.67034050881
438.22 0.83137740586
439.25 0.49938640777
440.25 0.44825574426
441.27 0.49942745098
442.29 0.27896470588
443.44 0.16192167102
444.47 0.23085825243
445.49 0.36444270323
446.51 0.32216470588
447.53 0.50428235294
448.54 0.47885148515
449.66 0.60632857143
450.74 0.84571640408
451.8 0.80455419416
452.82 0.49355294118
453.83 0.75802772277
455.03 0.56370666667
456.2 0.31803076923
457.46 0.48652063492
458.52 0.17518644068
459.53 0.29314285714
460.67 0.25673046532
461.67 0.30612587413
462.69 0.37552941176
463.73 0.31876034649
464.77 0.23228461538
465.78 0.32506930693
466.79 0.45967952522
467.93 0.69281123793
469.22 0.55988845856
470.23 0.50877151335
471.32 0.69830147059
472.34 0.68963137255
473.35 0.62212277228
474.63 0.659025
475.63 0.42638961039
476.64 0.49893359762
477.67 0.45688543689
478.92 0.2392192
479.94 0.47163173359
480.95 0.36236273538
482.07 0.40990544157
483.08 0.54231912785
484.09 0.37485940594
485.1 0.3910019802
486.11 0.50325544554
487.13 0.5330745098
488.16 0.51805825243
489.17 0.46812673267
490.18 0.52576633663
491.2 0.63643921569
492.22 0.65683137255
493.23 0.51592871287
494.25 0.62543388834
495.31 0.58493584906
496.34 0.26522060253
497.35 0.41188910891
498.38 0.45688543689
499.39 0.29200792079
500.41 0.36414117647
501.41 0.571004995
502.42 0.56641427156
503.58 0.44143448276
504.6 0.58985098039
505.63 0.42313009709
506.64 0.41318811881
507.65 0.49843960396
508.67 0.43617254902
509.75 0.49420740741
510.76 0.62846732673
511.83 0.40399252336
512.83 0.35610358566
513.84 0.5672445328
514.86 0.57271372549
515.88 0.6216963761
516.9 0.44077013752
517.93 0.31172841901
518.94 0.4217980198
520.05 0.5218018018
521.09 0.56294615385
522.28 0.63839192599
523.29 0.69965217391
524.3 0.68146825397
525.31 0.70911968348
526.32 0.5052039604
527.33 0.34589494549
528.36 0.33275654704
529.39 0.49938640777
530.4 0.46593267327
531.43 0.17023906706
532.48 0.2186717412
533.52 0.25279692012
534.55 0.34000776699
535.56 0.25259405941
536.58 0.34334117647
537.61 0.31875728155
538.81 0.18002997502
539.84 0.38250873786
541.02 0.2506259542
542.03 0.17337029703
543.05 0.14251764706
544.07 0.25750588235
545.08 0.3033980198
546.11 0.30330940834
547.21 0.39493357598
548.22 0.65013861386
549.24 0.49083137255
550.25 0.57428910891
551.26 0.42037586548
552.28 0.37626719057
553.29 0.34740594059
554.31 0.66457198825
555.33 0.26231992149
556.37 0.32621538462
557.4 0.2446180758
558.42 0.26540392157
559.45 0.19106886518
560.48 0.2446180758
561.51 0.21250485437
562.52 0.17192079208
563.65 0.01766519043
564.89 0.07054955681
566.51 0.00675972823
567.52 0.32506930693
568.53 0.22754851485
569.61 0.17204444444
570.63 0.0732
571.74 0.0492972973
572.8 0.15385192127
573.81 0.41462811565
575.06 0.4343424
576.08 0.50428235294
577.09 0.40091881188
578.11 0.34421960784
579.15 0.18941538462
580.23 0.152
581.27 0.26307692308
582.77 0.10944
583.78 0.29256237624
584.79 0.19117623762
585.82 0.35063300971
586.84 0.40771764706
588.1 0.36516190476
589.21 0.45353513514
590.23 0.78909519136
591.25 1.00071595331
592.25 0.71690709291
593.3 0.38693563881
594.3 0.33623785927
595.33 0.27625631068
596.52 0.25008578638
597.53 0.37887240356
598.83 0.29011076923
599.84 0.69348118812
600.92 0.58652592593
601.93 0.7809395441
602.94 0.67063897132
603.95 0.56401189296
604.96 0.40376237624
606.01 0.69899714013
607.01 0.63546053946
608.02 0.43295143707
609.02 0.79811388611
610.03 0.67617046581
611.03 0.7563956044
612.1 0.72560523854
613.1 0.92931068931
614.12 0.6807372549
615.13 0.72495841584
616.16 0.77353009709
617.17 0.37890188305
618.37 0.71371856786
619.54 0.92404786325
620.56 1.00969411765
621.57 1.16780178394
622.57 1.29603996004
623.58 1.30930426165
624.58 1.18378421578
625.59 1.27923168317
626.61 0.97282041217
627.63 0.3537238002
628.69 0.47537677054
629.71 0.3857238002
630.72 0.80342857143
631.72 0.6522037962
632.73 0.70008325074
633.88 0.77905821025
635.07 0.82542640875
636.17 0.86776727273
637.38 0.96727272727
638.47 1.07828256881
639.53 0.98423396226
640.54 1.04022178218
641.55 0.75671287129
642.57 0.7105254902
643.6 0.61626407767
644.98 0.19922954381
646.07 0.2612892562
647.11 0.10523076923
648.17 0.08259622642
649.27 0.06964363636
651.21 0.00564123711
653.22 0.09256119403
683.93 0.00035640082
685.19 0.02607783956
688.31 0.00555206665
689.61 0.01683692308
693.92 0.01523173278
695.05 0.01943872114
696.71 0.01316967509
697.87 0.00944262295
698.97 0.01984406165
701.41 0.01346677605
702.87 0.00748563611
712.23 0.00116885614
713.25 0.08583529412
714.29 0.18923342939
715.33 0.10523076923
716.33 0.0983976024
717.41 0.07093333333
718.5 0.13161147086
719.55 0.16597535545
720.55 0.0982994012
722.45 0.05488900579
723.51 0.10353831599
724.59 0.09111563367
725.61 0.06450294695
726.65 0.06289655172
727.81 0.06609836066
728.85 0.06319923003
729.92 0.08205435801
730.93 0.09704039409
732.03 0.08970491803
733.05 0.08583529412
734.11 0.06183050847
735.15 0.08163548698
736.19 0.09443528284
737.27 0.0608
738.43 0.06598449612
739.53 0.04988149499
740.65 0.10748571429
741.83 0.08332994924
742.85 0.06437647059
743.89 0.08426564004
744.97 0.08114179796
746.11 0.03716739702
747.13 0.07510588235
748.25 0.07810169492
749.27 0.08583529412
750.35 0.07093333333
751.43 0.0912
752.47 0.09479884504
753.51 0.08418461538
757.62 0.03188324009
758.63 0.20609108911
759.69 0.09309640832
760.69 0.0983976024
762.01 0.05799242998
763.09 0.08114179796
764.29 0.04556203164
765.51 0.05386710418
766.71 0.04563803169
767.82 0.04956521739
768.93 0.04903225806
770.17 0.04409347301
774.31 0.00792851968
775.56 0.13217391304
778.89 0.01834602699
780.21 0.02489158453
781.57 0.03214096916
782.87 0.03364796311
783.99 0.03915563506
785.11 0.03905084746
786.39 0.04275
787.57 0.04637288136
788.85 0.04278342455
789.91 0.04125918944
791.29 0.03172173913
792.41 0.02926203209
793.45 0.0316300578
794.49 0.04213282002
795.61 0.02928813559
810.59 0.00146105066
815.22 0.00473458793
816.75 0.0355786736
817.93 0.04637288136
819.31 0.03174474257
820.77 0.0375308642
821.93 0.03764058469
823.7 0.05590011351
825.89 0.03160345612
826.95 0.10353831599
828.09 0.07673269062
829.14 0.07344966443
830.19 0.15560189573
831.19 0.14198802395
832.23 0.11586525505
833.49 0.13038919778
834.49 0.13552847153
835.65 0.00776531493
836.69 0.14689932886
837.73 0.15815028902
838.73 0.15291017964
839.75 0.13948235294
840.77 0.1179079334
841.87 0.09967213115
842.99 0.10729411765
845.51 0.05112822549
846.65 0.0672
847.69 0.09489017341
848.73 0.11553166987
849.95 0.15237346437
851.17 0.14352786885
852.23 0.17568271955
853.32 0.13148983364
854.35 0.15815028902
855.36 0.06423952096
856.49 0.1064403183
857.49 0.152
858.57 0.18273840445
859.63 0.12366101695
860.65 0.13948235294
861.71 0.17551698113
862.73 0.16109911678
863.75 0.06352941176
864.82 0.15399624765
865.87 0.1558974359
866.91 0.15815028902
867.99 0.14199814643
869.07 0.10114602588
870.11 0.11542090125
871.15 0.14760693642
872.19 0.14760693642
873.24 0.15709090909
874.89 0.08832328106
875.97 0.11146666667
877.02 0.10492809204
878.05 0.10543352601
879.08 0.1179079334
880.1 0.15021176471
881.1 0.15306293706
882.18 0.1216
883.38 0.08084666667
884.46 0.16198334875
885.54 0.152
886.56 0.11802352941
887.66 0.12933818182
888.67 0.12913274336
889.74 0.13371428571
890.96 0.09491536565
891.96 0.15306293706
893.0 0.12603454894
894.0 0.1311968032
895.02 0.13989380531
896.07 0.16581818182
897.19 0.12680213904
898.62 0.11349648383
899.66 0.12639846006
900.68 0.16094117647
901.7 0.10729411765
902.78 0.1216
903.93 0.15121243523
905.04 0.14856108597
906.32 0.12112764291
907.33 0.11813935231
908.4 0.16472624647
909.45 0.15530747398
910.68 0.10738184791
911.93 0.16542243437
912.97 0.17906448508
914.22 0.06202898551
915.23 0.20405888126
916.25 0.15021176471
917.29 0.14746487007
918.29 0.15306293706
919.39 0.09307370337
920.55 0.06609836066
921.71 0.09418244406
922.74 0.07503232125
923.77 0.07373243503
924.85 0.0912
925.93 0.0912
927.0 0.10314797361
928.03 0.03738728324
929.31 0.07701016419
930.45 0.0768
931.63 0.08332994924
932.73 0.10953958144
933.75 0.08591952895
934.95 0.04556203164
936.57 0.06683631872
937.83 0.0608
939.09 0.0608
940.14 0.08394247363
941.28 0.096
942.57 0.05906553585
943.8 0.03576470588
945.03 0.09747692308
946.2 0.05547766323
947.25 0.08298767773
948.29 0.08386206897
949.39 0.0896232939
950.58 0.07407106599
951.93 0.0807079646
953.11 0.06475739645
954.57 0.03562688615
955.65 0.11136355227
956.7 0.0836217765
957.85 0.09483535529
958.86 0.05466533467
960.18 0.04145454545
961.35 0.06514285714
962.45 0.06945421578
963.75 0.04218966847
964.93 0.03706689246
967.45 0.01596824137
968.49 0.02104615385
969.65 0.03770542636
970.77 0.03915563506
971.84 0.07193239437
975.2 0.00977142857
976.44 0.0352747784
977.82 0.05551304348
978.88 0.05152542373
980.06 0.04649107901
981.16 0.05953218495
982.94 0.02463477772
984.1 0.08469131556
985.28 0.04649107901
986.44 0.07541085271
988.5 0.01237457545
989.82 0.05808036391
991.03 0.06289655172
992.22 0.04633361558
993.84 0.04050832819
994.92 0.05071362373
995.94 0.03218823529
997.04 0.02984727273
998.08 0.05251439539
999.1 0.05364705882
1000.36 0.05211428571
1001.53 0.06514285714
1002.64 0.05942443439
1003.72 0.05071362373
1004.74 0.06437647059
1005.82 0.05071362373
1007.1 0.02510086005
1008.19 0.06970700637
1009.3 0.0595862069
1010.4 0.0597488626
1011.46 0.06188878417
1012.54 0.0608
1013.65 0.05878603402
1014.7 0.05246404602
1021.81 0.01842451504
1023.01 0.2097076412
1024.04 0.04287561214
1025.2 0.04709122203
1026.22 0.05369970559
1027.38 0.05660689655
1028.44 0.05162264151
1029.7 0.04346306593
1030.74 0.04197123682
1032.04 0.04215716487
1033.07 0.0421734104
1034.9 0.01798028478
1035.95 0.08306641366
1037.14 0.04629441624
1038.22 0.04053333333
1039.3 0.04053333333
1040.33 0.05271676301
1041.79 0.0186429061
1042.86 0.06183050847
1044.12 0.04339413164
1045.18 0.06200566572
1046.47 0.0337257319
1047.58 0.03965217391
1049.76 0.03517355372
1050.85 0.05980327869
1051.86 0.04368862275
1053.04 0.0439830652
1054.08 0.00866217517
1055.08 0.04373226773
1056.49 0.0386440678
1057.49 0.04368862275
1058.81 0.04145454545
1059.82 0.04355820896
1061.34 0.04331398417
1062.37 0.05276759884
1063.43 0.06188878417
1064.49 0.0515739868
1066.09 0.06844277674
1067.68 0.04150695322
1068.71 0.05271676301
1070.05 0.05721284541
1072.39 0.01274048739
1073.68 0.03409345794
1074.82 0.0288
1075.87 0.0414153264
1076.91 0.02100575816
1078.09 0.03716129032
1079.17 0.05061979648
1080.19 0.0537524558
1081.45 0.03468779715
1082.52 0.05152542373
1083.66 0.05754951797
1084.67 0.04300196464
1085.83 0.04729472774
1086.89 0.05152542373
1088.35 0.02251851852
1089.53 0.05555329949
1090.55 0.01073994112
