1.01 0.90870681145
2.02 1.70288206145
3.03 2.08694549058
4.03 0.90545309381
5.04 0.96685600794
6.05 1.04799208704
7.28 0.90230756713
8.47 1.06737478992
9.47 1.02171428571
10.49 1.29568596663
11.5 1.09232475248
12.6 1.04856934307
13.6 1.4496238806
14.61 1.43474331021
15.62 1.18065742574
16.67 1.16326095238
17.68 1.07418830525
18.69 0.91736237624
19.7 0.85857425743
20.7 1.14789210789
21.71 1.33260654113
22.71 1.22997802198
23.76 1.03937464252
24.77 0.32506930693
25.8 0.44824854369
26.82 0.45063529412
27.84 0.20853333333
28.91 0.23524485981
29.94 0.22313009709
31.08 0.25511578947
32.09 0.57428910891
33.13 0.42220769231
34.14 0.61763168317
35.44 0.22729846154
36.46 0.23666339549
37.47 0.6061958457
38.48 0.62738217822
39.49 0.59596039604
40.5 0.61688712871
41.69 0.73597308663
42.7 0.7584950495
43.72 0.43818645731
44.72 0.74344855145
45.75 0.56277281553
46.99 0.58809032258
48.0 0.95353663366
49.02 0.7087372549
50.04 0.81904313725
51.05 0.80183762376
52.06 0.61993260654
53.08 0.60025907753
54.08 0.64505094905
55.09 0.6311049505
56.1 1.0876990099
57.11 1.03829534192
58.13 1.24781960784
59.13 0.73233696729
60.31 0.618
61.43 0.73122142857
62.54 1.08063941871
63.54 1.16646553447
64.72 1.11651178451
65.73 1.2552
66.74 0.81317882118
67.74 0.78353646354
68.76 0.74666928361
69.77 0.8026481665
70.83 0.79609719626
71.96 0.86855221239
73.0 0.97657419981
74.01 0.58337425743
75.01 0.92738461538
76.02 0.82667460317
77.03 0.9761029703
78.04 0.67305346535
79.18 0.77780330722
80.24 0.78413584906
81.25 1.30027722772
82.26 0.71443960396
83.31 0.71065142857
84.33 0.82616470588
85.34 0.72906930693
86.36 0.74032941176
87.37 0.65641188119
88.39 0.63303529412
89.43 0.39308632396
90.44 0.52625711482
91.45 0.49843960396
92.47 0.36824530168
93.47 0.52062636274
94.52 0.37522285714
95.54 0.28656470588
96.57 0.5737631068
97.59 0.45464688427
98.86 0.07701016419
99.87 0.18586213786
100.87 0.75831912785
101.91 0.57265116279
102.93 0.36501668302
103.95 0.27896470588
105.11 0.1123421728
106.36 0.0963072
107.37 1.03546853147
108.37 1.01189296333
109.55 0.92037966102
110.56 0.89935841584
111.57 0.68589306931
112.61 0.66874102813
113.63 0.36696470588
114.64 0.21649851632
115.65 0.20425933202
116.68 0.55304956268
117.68 0.7358961039
118.73 0.75270162059
119.74 0.93388514851
120.75 0.77591287129
121.76 1.00441188119
122.79 0.60796086106
123.8 0.66038076546
124.81 0.69277304262
125.89 0.78162962963
126.9 1.0944
127.91 0.91358572844
129.14 1.01867749797
130.15 1.06294549058
131.16 0.87873267327
132.18 0.82045142296
133.18 0.8729740519
134.19 1.60641427156
135.19 1.13761438561
136.76 0.77013639261
137.83 0.45003364486
138.84 0.48392079208
139.86 0.67790382728
140.87 0.80104451039
142.11 0.27549677419
143.14 0.51001165049
144.16 0.64376470588
145.17 0.61500891972
146.17 0.75438161838
147.18 0.88398810704
148.19 1.18781782178
149.21 1.15167843137
150.22 1.23428684471
151.37 0.95530434783
152.42 1.18392380952
153.43 1.22888095238
154.43 1.30447952048
155.43 1.46284115884
156.45 1.61753876349
157.46 1.34665084075
158.47 1.1339960396
159.49 1.58795294118
160.5 0.77198810704
161.55 0.87481904762
162.68 1.07861946903
163.68 1.30092307692
164.69 1.08103865213
165.7 1.19473788328
166.72 1.26689411765
167.73 1.1649980198
168.74 1.23066138614
169.75 1.08711992071
170.76 0.91091592483
171.77 1.07776412289
172.77 1.34179420579
173.78 1.19059663033
174.79 1.06318415842
176.03 0.88861935484
177.05 0.90127058824
178.06 0.76176633663
179.07 1.1826231454
180.08 0.97905252725
181.09 1.05808316832
182.1 1.19664490603
183.11 1.23333994054
184.2 1.19077543538
185.21 1.20446825397
186.41 1.31388509575
187.42 1.26059861249
188.42 1.41822177822
189.42 1.57779640719
190.44 1.16541199607
191.45 1.04321584158
192.46 1.0961980198
193.49 1.04815533981
194.5 1.48448316832
195.5 1.09814185814
196.51 0.94345292369
197.52 0.89312759644
198.53 1.08027750248
199.54 0.68264554455
200.55 0.56800792864
201.56 0.83972277228
202.57 0.5498955665
203.58 0.54400796813
204.6 0.78247992165
205.62 0.53266339549
206.63 0.43385530228
207.82 0.31578487395
208.83 0.47676831683
210.06 0.41940162602
211.09 0.5737631068
212.11 0.44217254902
213.12 0.35793062438
214.2 0.49556336725
215.26 0.97786516854
216.27 0.79451497006
217.3 0.82065440465
218.31 1.03207944389
219.31 1.30029170829
220.46 1.20118928263
221.48 1.59334387352
222.49 1.46721584158
223.49 1.77231568432
224.49 1.32725674326
225.5 1.28325396825
226.56 1.27682264151
227.57 1.87332408325
228.79 1.35273442623
229.8 1.80105346535
231.03 1.28308943089
232.15 1.35415714286
233.53 1.18168115942
234.54 1.59539156035
235.74 1.10631333333
236.75 1.35401387512
237.75 1.15123276723
238.77 0.99988235294
239.78 1.37348910891
240.99 0.96407933884
242.04 1.12009142857
243.05 1.10633102081
244.06 0.13062710188
245.27 0.92530686518
246.28 1.4180652819
247.36 0.79380166821
248.57 1.27730470685
249.59 1.53309803922
250.62 0.85914091351
251.63 0.61362376238
252.64 0.95353663366
253.66 0.77216879293
254.67 0.99589317507
255.69 0.70287733072
256.69 0.76531468531
257.7 0.51169078295
258.74 0.69385590778
259.75 1.51925470763
260.76 1.39338613861
261.77 1.29458358061
262.97 0.97680066722
263.97 1.24003196803
264.98 1.30936769078
265.99 0.94063366337
266.99 1.27855344655
268.07 0.88134939759
269.08 1.06761188119
270.09 1.26651632047
271.1 1.19695049505
272.11 1.11920713578
273.12 0.54181386139
274.16 0.34759576516
275.18 0.74384329089
276.19 1.01415262636
277.27 0.81202222222
278.29 0.83689411765
279.29 0.7042552343
280.31 0.87747244094
281.32 0.66162933598
282.33 0.3658239367
283.34 0.304
286.27 0.04107267144
293.74 0.12722055675
294.75 0.3033980198
295.84 0.46185688073
296.85 0.40495049505
297.86 0.26005544554
298.87 0.28172673267
299.95 0.02026666667
301.08 0.48315044248
302.09 0.41175445545
303.16 0.14319252336
304.17 0.59322772277
305.17 0.81998001998
306.18 1.07977799802
307.2 0.99241568627
308.21 1.37657086224
309.22 0.67466666667
310.37 0.64387815492
311.38 0.87307509881
312.39 1.34579365079
313.39 1.29091708292
314.43 0.92461212705
315.44 1.19245148515
316.44 0.86268931069
317.63 0.85726492851
318.8 0.9667292912
319.94 0.93690526316
321.12 1.13781694915
322.31 0.85330866274
323.31 0.97404195804
324.32 0.99820019822
325.32 0.936999001
326.54 1.01128255528
327.72 1.11987107718
328.93 1.23657237386
329.94 1.44758061325
330.94 1.48569030969
332.08 0.99879086116
333.09 1.38815049505
334.22 1.07830238727
335.24 1.49695686275
336.25 1.45930624381
337.42 1.10986848847
338.44 0.6092639843
339.45 0.96825346535
340.51 1.00965283019
341.54 1.54833463035
342.54 1.26300199601
343.66 1.67275
344.84 1.41338983051
345.85 1.95994455446
347.07 1.57153442623
348.19 1.6479285076
349.42 1.51068724614
350.42 1.81279041916
351.44 1.2329439528
352.57 1.31006189213
353.58 1.34606169154
354.82 1.09287961477
355.83 1.29263492063
356.83 1.37016583417
358.03 1.01018849041
359.03 1.41834965035
360.03 1.26630969031
361.09 1.25006232295
362.1 1.58907433102
363.28 1.18651139241
364.29 1.70932007952
365.29 1.79235964036
366.41 1.15764075067
367.42 1.62455500496
368.47 1.0791018078
369.49 0.92579607843
370.5 0.95619425173
371.51 1.13621343874
372.63 0.69124150268
373.64 0.77264158416
374.74 0.77991272727
375.74 0.93607984032
376.79 0.6161221374
379.1 0.056839549
380.11 0.94875419546
381.12 0.83434455446
382.14 0.25738823529
383.15 0.52011089109
384.16 0.61763168317
385.16 1.094333001
386.17 0.91610724926
387.17 1.37443356643
388.19 1.17202747792
389.2 1.46602772277
390.2 1.32000799201
391.21 0.93002973241
392.21 1.22552647353
393.22 1.11634851485
394.23 1.23354608523
395.24 1.20164752475
396.25 1.32822970297
397.26 1.33897029703
398.27 1.3604039604
399.28 1.41974384236
400.29 1.41501293532
401.41 1.25776428571
402.41 1.61987612388
403.42 1.36696927651
404.43 1.44947326733
405.45 1.00856470588
406.46 0.93014653465
407.48 0.97940392157
408.48 1.17545816733
409.49 1.31070377734
410.5 1.29767128713
411.72 1.05659721083
412.72 1.41572827173
413.74 1.46969185476
414.87 1.13558974359
415.88 1.1321980198
416.89 1.43579405941
417.9 1.38182178218
419.15 1.0682112
420.16 1.50895841584
421.17 0.90393657086
422.18 1.12678140455
423.29 1.01065709156
424.3 1.47974527363
425.31 1.16016650149
426.35 0.37434005764
427.37 0.57995682041
428.38 0.99217408506
429.53 0.90569591659
430.54 1.12563726462
431.58 0.98535514918
432.59 1.05893861386
433.6 1.05238453915
434.61 1.08564752475
435.61 1.1047992008
436.63 1.12105201178
437.64 1.09393267327
438.64 1.02563036963
439.67 0.83954174757
440.68 0.97312983152
441.68 0.92123876124
442.7 0.75018677043
443.82 0.96209285714
444.83 0.99687920792
445.84 0.51135049505
446.99 0.92455652174
448.0 1.3884995005
449.2 0.10886378738
450.2 0.96510756972
451.21 1.6315009901
452.21 1.8087032967
453.22 1.69129038652
454.23 1.4337980198
455.43 1.21692666667
456.44 1.56076831683
457.46 1.43581818182
458.62 1.49465068493
459.62 1.62012387612
460.7 1.33472474513
461.7 1.67132867133
462.71 0.93099702676
463.71 1.76873526474
464.72 1.25023776224
465.72 1.65044444444
466.74 1.24578039216
467.74 1.78346453546
468.75 1.58901090188
469.77 0.42811001965
470.77 0.93524875125
471.81 1.1699
472.88 1.80795514019
473.95 0.32729719626
474.97 1.06849704142
475.97 1.62105472637
476.97 1.13588011988
477.98 1.47687611497
479.0 1.76649263984
480.0 1.77166833167
481.02 1.67157605496
482.03 1.55315643564
483.04 1.53872475248
484.05 1.61540594059
485.21 1.33357031924
486.23 1.15877647059
487.24 0.7913029703
488.37 1.03720106289
489.55 1.19947163421
490.76 1.26831735537
491.92 1.36246206897
493.09 1.31908376068
494.11 1.38861176471
495.33 1.39070163934
496.34 1.20514285714
497.35 0.99242772277
498.36 1.05307722772
499.37 1.25243916914
500.39 1.29445338567
501.39 1.53678321678
502.4 1.47283168317
503.41 1.25556435644
504.42 1.20864950495
505.43 1.01538888889
506.52 1.10290742438
507.71 1.1373512605
508.72 1.59441823588
509.72 1.14875524476
510.91 1.03312268908
511.92 1.32325867195
512.93 1.01126013848
514.15 1.16678032787
515.17 1.24583316977
516.18 0.90358811881
517.19 1.19192079208
518.2 0.983256182
519.2 1.00732067932
520.21 1.41142857143
521.22 0.99898613861
522.23 1.15413861386
523.23 1.27115284715
524.35 1.36043571429
525.39 1.65759384023
526.43 1.50210769231
527.43 1.54718081918
528.44 1.54861446977
529.45 1.46913267327
530.46 1.50166336634
531.47 1.61415262636
532.48 1.61440792079
533.48 1.53071728272
534.49 0.3881308226
535.63 1.18740052585
536.63 1.79142857143
537.64 1.27462178218
538.66 1.59226850938
539.66 1.41763817097
540.68 1.67378823529
541.68 0.75438161838
549.1 0.01766707103
550.51 0.03997146933
551.51 1.37481954138
552.52 2.02204761905
553.75 1.95905614321
554.97 1.35413114754
555.97 1.95701898102
556.99 1.55261176471
558.0 2.04793663366
559.01 2.11295049505
560.02 1.79747076313
561.03 2.06960792079
562.03 1.6628011988
563.03 2.50367232767
564.05 1.85875834971
565.05 2.45128245788
566.06 1.71885714286
567.06 1.69203567889
568.08 1.91601186944
569.08 1.4988015873
570.08 1.3229010989
571.09 1.27987314172
572.1 0.98604356436
573.2 0.83572363636
582.52 0.04103101191
583.54 4.86135686275
584.54 0.87464535465
585.55 1.25942857143
586.56 1.11607128713
587.57 1.38696237624
588.59 1.13279215686
589.6 1.50615445545
590.62 0.79553634578
591.62 0.22959440559
592.64 0.56921687929
593.83 0.8637581864
595.04 0.75974876033
596.05 0.80053069307
597.06 1.21359207921
598.07 1.27860594059
599.09 1.33044705882
600.1 1.50615445545
601.11 1.20983762376
602.12 1.52933994054
603.12 1.36663336663
604.13 1.33278415842
605.14 1.3124122894
606.16 1.08864250735
607.18 1.34117647059
608.19 1.48448316832
609.2 1.3124122894
610.21 1.47218991098
611.22 0.9805
612.22 1.27916883117
613.23 1.06294549058
614.25 1.03002352941
619.56 0.03527683616
620.77 4.20320396367
621.78 0.75924677899
622.78 1.38297313433
623.79 1.32852537313
624.8 1.22442772277
625.83 1.39055674103
626.84 1.10401585728
627.85 1.38696237624
628.86 1.19310208127
629.87 1.10523564356
630.88 0.68986930693
631.89 1.17024950495
632.9 1.30027722772
634.06 1.15855047455
635.07 1.51699009901
636.09 1.43774117647
637.1 1.37877165354
638.22 1.18160143627
639.22 1.4212987013
640.23 1.37749058474
641.26 0.8467311412
642.29 0.52317658537
643.31 0.64376470588
644.32 1.25693465347
645.33 0.92465742574
646.34 0.97520792079
647.35 0.98604356436
648.36 1.04022178218
649.36 1.064
650.36 1.16983816184
654.46 0.15349268293
655.65 4.55860840336
656.66 0.41216253717
657.68 0.82616470588
658.7 0.77176101861
659.74 0.42132820019
660.76 0.16094117647
693.38 0.00167749847
695.19 0.02423920266
696.74 0.0070470058
698.48 0.01257208501
699.96 0.03702300406
701.8 0.01189565217
702.99 0.00923544304
707.13 0.01057646775
708.59 0.0374025974
709.67 0.06063157895
710.75 0.12193871866
711.79 0.12639846006
712.87 0.10133333333
713.91 0.11586525505
714.93 0.13934573947
715.97 0.13627586207
717.01 0.11631304348
718.09 0.16168421053
719.11 0.13989380531
720.23 0.155648
721.34 0.14749326146
722.36 0.13948235294
723.47 0.15846515837
724.57 0.13966818596
725.69 0.16581818182
726.75 0.13459981079
727.89 0.1536
728.89 0.15291017964
729.95 0.14879849341
731.41 0.00617283951
732.63 0.11671205906
733.73 0.13890843155
734.79 0.16566130558
735.81 0.17167058824
736.97 0.12212188841
738.17 0.13714285714
739.37 0.16416
740.39 0.18275834971
741.55 0.13196899225
742.6 0.16676571429
743.63 0.12737924345
744.67 0.18996335583
745.7 0.15799807507
746.76 0.15486792453
747.83 0.15472196041
748.87 0.15784615385
749.87 0.15275772682
750.91 0.14760693642
752.13 0.12538134206
753.17 0.18923342939
754.21 0.15845559846
755.24 0.15815028902
765.37 0.01294410429
766.4 1.54553191489
767.41 0.15275772682
768.41 0.12002392822
769.49 0.17194824399
770.51 0.16173399015
771.54 0.14760693642
772.58 0.15799807507
773.69 0.1387826087
774.89 0.14579850125
775.94 0.17618181818
777.01 0.15472196041
778.01 0.15291017964
779.84 0.04964180729
780.91 0.09257142857
782.0 0.14991780822
783.05 0.14675862069
784.19 0.13451799824
785.35 0.12275409836
786.36 0.13961923454
787.38 0.11802352941
788.42 0.11586525505
789.5 0.1221655814
790.57 0.12285126286
791.66 0.12969188696
792.74 0.0912
793.81 0.10295390405
794.87 0.09283317625
795.97 0.10973928897
797.03 0.08244067797
798.13 0.08970491803
799.19 0.0515739868
800.24 0.08290909091
801.56 0.05794856278
802.62 0.08259622642
803.69 0.06188878417
805.19 0.05103797468
806.21 0.05364705882
807.29 0.04034654378
826.97 0.00222472938
828.07 0.13941401274
833.93 0.02609793551
836.89 0.30306009453
838.09 0.08214845705
839.11 0.12913274336
840.13 0.12862683643
841.29 0.15082170543
842.51 0.14341031941
843.59 0.16198334875
844.61 0.17217699115
848.16 0.04309946464
849.19 0.52088543689
850.25 0.15428571429
851.3 0.12471794872
852.31 0.13093519442
853.31 0.13093519442
854.39 0.12193871866
855.47 0.16213333333
857.63 0.03576666667
858.8 0.08361290323
859.93 0.1366779661
860.95 0.1179079334
861.99 0.1576945245
863.06 0.11177715877
864.19 0.11715254237
865.2 0.12900589391
866.24 0.13706358382
867.41 0.112727897
868.62 0.13488907149
869.86 0.13238709677
870.97 0.12910344828
872.03 0.12377756833
873.05 0.14991780822
874.1 0.15560189573
875.11 0.13093519442
876.17 0.15486792453
877.26 0.1497810219
878.28 0.16062622309
879.3 0.16109911678
880.31 0.15291017964
881.46 0.12275409836
882.47 0.18586213786
883.52 0.15516068053
884.56 0.1576945245
885.59 0.16078354554
886.62 0.13719575699
887.64 0.15035917566
888.66 0.16094117647
889.73 0.15428571429
890.78 0.15574952562
891.84 0.15472196041
892.86 0.16094117647
894.08 0.11661639344
895.08 0.17492907093
896.14 0.11324929445
897.22 0.12182560297
898.3 0.1216
899.42 0.08802144772
900.48 0.13421886792
901.5 0.12875294118
902.52 0.12850097847
903.53 0.15291017964
904.58 0.15574952562
905.6 0.12850097847
906.64 0.1787204611
907.7 0.14481663516
908.86 0.10351160791
916.69 0.01539043723
917.69 0.81916167665
919.42 0.21482814302
920.56 0.09583187391
921.66 0.17940983607
922.7 0.15830279653
923.84 0.12425502183
924.86 0.19388976378
925.88 0.13948235294
926.92 0.12579310345
928.12 0.14616360601
929.18 0.15501416431
930.18 0.15306293706
931.24 0.18584150943
932.34 0.12922070845
933.4 0.15472196041
934.42 0.13975638507
935.5 0.13173333333
936.56 0.12412854442
945.18 0.02027458256
946.24 1.05433805477
947.3 0.13472727273
948.42 0.13655614973
949.42 0.1311968032
950.46 0.12639846006
951.46 0.10911266201
952.52 0.13472727273
953.59 0.12308153702
954.74 0.09483535529
955.82 0.13197773655
956.88 0.11324929445
958.02 0.1152
959.04 0.09675442043
960.12 0.09111563367
961.16 0.0946167147
962.46 0.06734769231
963.48 0.09628152493
964.5 0.06462992126
965.7 0.06373377704
966.78 0.06074375578
967.92 0.05770123023
969.12 0.05467443797
970.16 0.03166055931
974.31 0.00791895803
975.9 0.04796994364
977.79 0.05774614976
979.02 0.07949636804
980.08 0.10324528302
981.15 0.09265851364
982.24 0.08978669098
983.27 0.10718903036
984.33 0.08251837889
985.49 0.09410146174
986.52 0.11642553191
987.52 0.0983976024
988.79 0.06065558195
989.85 0.1033427762
990.89 0.11575384615
991.9 0.18275834971
993.0 0.12933818182
994.01 0.17492907093
995.03 0.12862683643
996.09 0.14440716305
997.19 0.16806504065
998.2 0.16285714286
999.28 0.15185938945
1000.3 0.16094117647
1001.36 0.15472196041
1002.39 0.16062622309
1003.4 0.11837168142
1004.46 0.18636896878
1005.51 0.15709090909
1006.53 0.16094117647
1016.65 0.01294794033
1017.66 1.53587351779
1018.68 0.13948235294
1020.74 0.06528356762
1021.8 0.12424597919
1022.82 0.16094117647
1023.93 0.12875294118
1025.0 0.15228200371
1026.04 0.16836923077
1027.04 0.15306293706
1028.08 0.15815028902
1029.17 0.12126315789
1030.22 0.18619281664
1031.32 0.11928065395
1032.4 0.18273840445
1033.56 0.11340932642
1034.64 0.152
1035.84 0.15491090758
1036.98 0.1536
1038.0 0.13961923454
1039.06 0.13396610169
1040.06 0.14212987013
1041.14 0.07385925926
1042.2 0.12424597919
1043.28 0.14186666667
1044.32 0.12591371045
1045.4 0.07474814815
1046.42 0.13948235294
1047.5 0.13161147086
1048.64 0.15373485514
1049.81 0.07909122203
1051.02 0.13511111111
1052.06 0.12591371045
1053.66 0.05886537257
1054.86 0.11846128226
1056.67 0.07253569452
1057.84 0.13971696505
1058.84 0.12014371257
1059.94 0.1194977252
1060.98 0.11586525505
1061.98 0.06273852295
1063.04 0.12389433962
1064.1 0.10344045369
1069.57 0.02002561757
