1.01 0.91830207305
2.02 0.99746031746
3.03 1.13688537549
4.04 0.77613505462
5.05 1.02735177866
6.06 1.03040634291
7.07 0.9246132542
8.09 1.12548481881
9.1 1.17257142857
10.11 0.77306429278
11.13 0.96470127326
12.14 0.63033962264
13.14 0.32799200799
14.16 0.45063529412
15.17 0.46547181009
16.18 0.41707936508
17.19 1.13887016848
18.19 1.46065338645
19.2 1.09130486594
20.21 1.29642645607
21.26 1.27957211079
22.27 1.89249011858
23.36 1.25147058824
24.37 1.77353359684
25.38 1.46206349206
26.39 0.99222134387
27.4 1.54171428571
28.42 1.08705974535
29.43 0.79021958457
30.44 1.07485714286
31.45 0.68062388944
32.46 0.84134260179
33.47 1.24240868707
34.49 1.19213346418
35.51 1.02374901961
36.52 0.79257142857
37.54 0.76178823529
38.55 0.54071146245
39.56 0.51479365079
40.58 0.75105882353
41.59 0.69211067194
42.61 0.51501176471
43.63 0.51501176471
44.63 0.57945254745
45.66 0.35470029098
46.67 0.57485827552
47.68 0.70641509434
48.72 0.77870769231
49.74 0.77251764706
50.82 0.54127407407
51.83 0.78865942744
52.84 0.91290566038
53.85 0.98312339585
54.88 0.84627069133
55.9 0.96564705882
56.91 0.95165217391
57.93 0.78770196078
58.94 0.97714285714
59.95 1.0671761194
60.99 0.8823686724
61.99 0.96210989011
63.01 0.99783529412
64.02 1.05314285714
65.03 0.848
66.07 0.73172093023
67.08 0.92727487685
68.82 0.07532873563
69.82 1.36733067729
70.84 0.62537142857
71.88 0.58929230769
72.88 0.63411788212
73.9 0.38663788027
74.91 0.34571372162
75.93 0.15481844946
76.94 0.32571428571
77.94 0.39241434263
78.95 0.96532804757
79.97 0.84845534838
80.98 0.72107936508
82.0 1.12658823529
83.02 0.56865882353
84.03 0.61641106719
85.04 0.66162933598
86.05 0.66413438735
87.08 0.63937682571
89.01 0.24924223602
90.03 0.38625882353
91.04 0.89669496545
92.05 0.64819066534
93.06 0.72455335968
94.07 0.48857142857
95.09 0.69741176471
96.11 0.34334117647
97.27 0.1132137931
98.3 0.15707392996
99.72 0.25550561798
100.74 0.22713418217
102.24 0.56367090301
103.28 0.19993846154
104.53 0.07867092652
105.54 1.23771428571
106.55 0.45419762846
107.55 0.46372827173
108.57 0.8591952895
109.57 0.94024375624
110.58 0.66294339623
111.59 0.56683003953
112.6 0.82107008885
113.61 1.33675471698
114.63 0.75105882353
115.64 0.51479365079
116.65 0.45419762846
117.66 0.35828571429
118.67 0.5298972332
119.68 1.00971428571
120.75 0.74949253731
121.75 1.38862737263
122.76 1.1627408143
123.78 0.85124387855
124.78 1.06930408774
125.79 1.28114285714
126.8 1.12279365079
127.82 1.44847058824
128.84 0.67661629048
129.89 0.3328973384
130.9 0.73193650794
131.91 1.50317786561
133.04 1.14887943262
134.06 1.52357647059
135.07 1.43829249012
136.08 1.10107936508
137.09 1.28689328063
138.1 0.80263230922
139.11 0.69660079051
140.12 1.35849056604
141.13 1.75466140178
142.14 1.52
143.15 1.4180652819
144.16 1.16622222222
145.17 1.43829249012
146.18 1.34945490585
147.19 1.56961424332
148.2 1.45936507937
149.22 1.66305882353
150.23 1.4211541502
151.24 1.56342857143
152.39 1.21994444444
153.4 1.34896222664
154.4 1.36663336663
155.41 1.07616221563
156.42 1.713728444
157.42 1.33570488534
158.43 1.65028571429
159.46 1.33929138432
160.47 1.728
161.48 1.57879365079
162.48 1.8748685259
163.49 1.56638255699
164.5 1.84754716981
165.51 1.63582230997
166.52 2.04316981132
167.53 1.25894071146
168.54 2.14971428571
169.55 1.43196837945
170.57 1.87764705882
171.57 1.60076723277
172.71 1.81037401229
173.72 2.25828571429
174.73 1.63582230997
175.76 1.99272444012
176.77 1.89510760118
177.79 1.8946889107
178.79 2.15381418581
179.8 2.01507845084
180.81 1.07060869565
181.82 1.36165079365
182.82 1.84768831169
183.83 1.47668447082
184.84 1.66114285714
185.85 1.19919447187
186.86 1.51515392254
187.87 1.53562055336
188.88 1.01422222222
189.89 1.17758736426
190.9 1.39503557312
191.92 0.85543307087
193.17 0.34992805755
194.2 0.51100389105
195.23 0.29693023256
196.23 0.77624775225
197.25 0.41885770363
198.25 0.19040959041
199.26 1.02158490566
200.26 1.81855522388
201.27 1.54622222222
202.28 1.61771428571
203.28 1.38887649402
204.44 1.91629065744
205.45 1.7536379822
206.45 1.60076723277
207.46 2.35833962264
208.47 1.75639525692
209.62 2.00590940767
210.62 2.12346268657
211.64 1.96684926108
212.66 1.57722352941
213.66 1.12726693227
214.67 1.17257142857
215.68 1.22685714286
216.69 0.87957354393
217.71 0.68668235294
218.72 1.16171428571
219.76 0.1261520693
220.77 1.90804743083
221.78 1.04332075472
222.79 0.88676679842
223.81 0.74478431373
224.82 0.73828571429
225.83 0.5731541502
227.71 0.20363636364
228.72 1.39560675273
229.74 1.31971764706
230.75 1.53410463968
231.77 1.2383372549
232.78 1.46716981132
233.79 1.48457255676
234.8 1.81494339623
235.81 1.14966238894
236.82 1.73886792453
237.82 1.53516883117
238.82 1.78766533865
239.83 1.77598411122
240.84 2.07371428571
241.85 1.85372332016
242.85 1.87409390609
243.86 2.24935968379
244.87 1.50428599801
245.87 2.27139622642
246.89 1.67902862784
247.97 1.71575344986
248.98 1.2573026973
249.99 1.58043916914
250.99 1.07598001998
252.01 0.54773699706
253.04 0.61686297376
254.05 1.03919287834
255.05 0.90565079365
256.07 1.25321224087
257.07 1.43456603774
258.09 0.57821562809
261.17 0.02841674781
262.19 2.65722473013
263.19 1.10423976024
264.19 0.44691633466
265.21 1.73750928641
266.22 2.29769552239
267.23 1.84119165839
268.23 1.72742457542
269.23 1.18911618669
270.27 0.55144186047
271.28 0.19465612648
273.93 0.00824096386
275.05 0.27556834532
276.05 0.43428571429
277.07 0.37849802372
278.09 0.21291828794
279.1 0.37061354582
280.12 0.2395625
281.13 1.14454183267
282.15 0.55792941176
283.16 0.70883611384
284.17 0.74279365079
285.18 1.39386268657
286.18 1.47803773585
287.19 0.807135778
288.2 0.8768189911
289.22 0.71887058824
290.26 0.44196923077
291.27 0.72107936508
292.28 1.44910671937
293.3 1.368
294.32 1.12361848574
295.32 1.52150943396
296.34 1.03184189723
297.34 1.51064150943
298.36 1.53562055336
299.37 1.08163779528
300.38 1.57887747036
301.39 1.41453320119
303.4 0.64184493042
304.42 1.77802371542
305.42 1.83667924528
306.44 1.25979607843
308.05 0.17706533914
309.38 1.98351951952
310.4 0.84762352941
311.42 0.5708976378
312.42 1.58055776892
313.44 1.29198431373
314.46 1.8582112537
315.46 1.19999205561
316.47 1.24363636364
317.5 1.10094941634
318.51 1.46426164519
319.52 1.33146587537
320.53 0.45868774704
321.56 0.72392217899
322.58 0.42917647059
323.58 1.27916883117
324.59 1.39560675273
325.59 1.70046215139
326.6 1.34945490585
327.61 1.36935849057
328.62 1.20874029851
329.62 1.10217279047
330.65 0.78779766537
331.66 1.26401579467
332.67 1.36300297915
333.68 1.69615794669
334.69 1.43907845084
335.7 1.89478208955
336.7 1.51365079365
337.71 1.69951335312
338.72 0.87307936508
339.74 0.59011764706
340.76 0.62230588235
341.78 0.49355294118
342.81 0.27679377432
343.82 0.40012648221
345.08 0.37709206349
346.12 0.4104
347.19 0.11261365762
348.2 0.71515247525
349.21 0.94457142857
350.23 0.90666666667
351.23 0.84088711289
352.78 0.2116827853
353.79 0.29314285714
354.8 0.66982033564
355.81 0.98898113208
356.82 0.41543083004
357.83 0.67314285714
358.83 0.66691708292
359.84 0.63867062315
360.86 0.82616470588
361.87 0.72107936508
362.89 0.94418823529
363.9 0.94083794466
364.97 0.86501872659
365.98 1.12356959526
366.99 1.18460377358
368.0 1.02203758655
369.0 1.37756643357
370.01 1.54324528302
371.02 1.34412635735
372.03 1.63018867925
373.03 1.38887649402
374.04 1.71542857143
375.05 1.45359683794
376.06 2.00658077304
377.07 1.62662450593
378.21 1.83919929763
379.22 1.94342857143
380.25 1.27695348837
381.25 2.08821578422
382.26 1.90450793651
383.27 2.13251038576
384.28 1.90262041625
385.37 1.60500459982
386.37 2.25638247012
387.37 1.87409390609
388.38 2.3800754717
389.4 1.67824313725
390.41 1.63582230997
391.42 2.01056603774
392.43 1.49193650794
393.44 1.6762055336
394.46 1.36709019608
395.47 1.54171428571
396.59 1.42091428571
397.6 1.16793675889
398.61 1.03816600791
400.0 0.09443227666
401.02 2.03455937193
402.03 1.79142857143
403.04 1.25894071146
404.05 1.32325867195
405.05 1.17203589232
406.06 1.76971428571
407.07 1.40894768016
408.08 1.61932075472
409.09 1.0814229249
410.09 0.85731868132
411.1 1.03245283019
412.11 1.10633102081
413.12 0.66479129575
414.12 0.66691708292
416.8 0.1429787234
417.8 1.09330669331
418.81 1.09657142857
419.83 0.28344313725
420.86 0.49890203686
421.87 0.86857142857
422.93 0.75369056604
423.95 0.80836826641
424.96 1.01653754941
425.97 1.02158490566
426.98 1.1030513834
428.0 1.03447843137
429.01 1.27028571429
430.05 1.00021455939
431.06 1.17140931615
432.08 1.10621393523
433.08 0.98851548452
434.09 1.21720754717
435.1 1.27481934847
436.11 1.01523733863
437.14 1.23013953488
438.15 0.86857142857
439.16 0.70292490119
440.16 0.57305894106
441.17 0.6520754717
442.19 0.38625882353
443.21 0.55792941176
444.21 0.88293227092
445.32 0.30041877256
446.33 0.99786719524
447.33 1.13364143426
448.34 1.03245283019
449.34 0.80265334665
450.35 0.58686792453
451.36 0.51857058243
452.37 0.60860377358
453.38 0.46501185771
454.54 0.31525517241
455.57 0.47860058309
456.58 0.69279525223
457.59 0.67314285714
458.61 0.62230588235
459.62 0.72383810464
460.63 0.58051241311
461.63 0.69762549801
462.64 0.72742857143
463.64 0.6758247012
464.65 0.6585498008
465.68 0.66809302326
466.69 0.47771428571
467.72 0.39351603499
468.74 0.42917647059
469.75 0.36768379447
472.46 0.04834821099
473.47 0.96114399206
474.5 0.34961471442
475.52 0.3436781158
476.53 0.34708424182
477.56 0.33967798254
478.58 0.32188235294
479.62 0.36795389049
480.65 0.35165725414
481.65 0.34708424182
482.79 0.16851635721
483.81 0.31084818805
484.85 0.31599615014
485.85 0.31705894106
486.86 0.33524110672
487.89 0.36231353457
488.9 0.42175494071
489.92 0.56865882353
490.92 0.60585814186
491.93 0.70641509434
492.94 0.71092913386
493.95 0.77315820896
494.97 0.60143670265
496.0 0.44979844961
497.02 0.43990588235
498.04 0.52522624878
499.06 0.48329735034
500.07 0.70571428571
501.09 0.52574117647
502.12 0.48781395349
503.12 0.31066533467
504.14 0.60084705882
505.16 0.59069676153
506.17 0.38
507.18 0.45419762846
508.19 0.31207079646
509.23 0.30783317168
510.24 0.28089239882
511.26 0.16555839058
512.28 0.19312941176
513.29 0.21522123894
514.3 0.22890836653
515.31 0.31485714286
516.34 0.32999418041
517.34 0.37076523477
518.36 0.33293817468
519.36 0.43732267732
520.49 0.59638686779
521.5 0.5515256917
522.51 0.41216253717
523.52 0.46501185771
524.54 0.56865882353
525.56 0.63365652601
526.72 0.5228137931
527.73 0.42342857143
528.76 0.45555856728
529.8 0.43144615385
530.83 0.38362609542
531.84 0.24872727273
532.85 0.13028571429
542.64 0.01338425406
543.65 1.02533333333
544.75 0.0896232939
546.18 0.0382122905
547.19 0.63740967423
548.21 0.79788768473
549.22 1.08035538006
550.23 0.93915392254
551.23 0.95117682318
552.23 0.69554716981
553.24 1.22807171315
554.25 1.14816666667
555.26 0.96246640316
556.27 0.456
557.39 0.61965714286
558.4 1.32883711747
559.41 0.63033962264
560.42 0.87595256917
561.42 0.93385014985
562.43 0.84769811321
563.45 0.42917647059
564.46 0.67048221344
565.47 0.62909018831
566.48 0.23158893281
567.52 0.45249230769
568.53 0.40211320755
569.55 0.59011764706
570.56 0.5298972332
571.59 0.45777431907
572.61 0.47209411765
573.63 0.29385308521
574.65 0.81623552502
575.66 0.76781027668
576.67 0.73828571429
577.68 0.71373913043
578.69 0.42793650794
579.72 0.29693023256
580.74 0.20385882353
581.84 0.13928727273
582.85 0.09771428571
584.38 0.0428616188
585.38 1.03347912525
586.4 0.96246640316
587.4 0.40906293706
588.42 0.54773699706
589.42 0.57485827552
590.44 0.71482492582
591.44 0.82476190476
592.47 0.6343804878
593.48 0.99885714286
594.48 0.73828571429
595.5 0.70362017804
596.5 0.54736507937
597.52 0.86513833992
598.52 0.76531468531
599.52 0.74988679245
600.54 0.5515256917
601.56 0.48680117532
602.58 0.56865882353
603.58 0.58628571429
607.46 0.0337901521
608.47 2.02336989033
609.47 0.95765079365
610.48 0.70279484638
611.56 1.06498609824
612.57 1.21568379447
613.58 1.31196803197
614.58 1.02507936508
615.59 1.23404154303
616.6 1.16171428571
617.62 0.98083137255
618.64 1.17758736426
619.64 1.0759245283
620.66 1.06323395854
621.66 1.18460377358
622.69 0.89079069767
623.71 0.16094117647
625.2 0.02216880486
626.43 0.47181275222
627.44 0.36914285714
628.48 0.60387996128
629.51 0.26203657363
630.56 0.16836641221
698.0 0.00127842451
701.25 0.04026789555
702.31 0.17652681091
703.37 0.07227169811
704.41 0.08418461538
705.67 0.1216
706.95 0.06003761755
707.99 0.07330909091
709.07 0.06085634847
710.25 0.04653061224
711.25 0.07630278884
712.31 0.0515739868
713.35 0.03159961501
714.47 0.04885714286
715.49 0.07510588235
716.65 0.05680276817
717.75 0.05964032698
721.64 0.01689323386
722.67 0.04241860465
723.89 0.04470588235
726.29 0.10210412328
727.31 0.04229019608
728.47 0.03734718615
729.55 0.02995555556
730.63 0.03994074074
731.75 0.0383772242
732.77 0.03171764706
733.91 0.03783859649
735.13 0.03547368421
736.31 0.03640168776
737.37 0.04088720379
738.41 0.0412784689
739.65 0.03492793522
740.77 0.04814285714
741.79 0.03171764706
743.25 0.02954520548
744.51 0.04279365079
745.51 0.03219104478
746.75 0.03481517353
747.91 0.0371862069
749.01 0.03935766423
750.25 0.02609032258
751.67 0.02271910112
752.85 0.03668027211
753.91 0.05067669173
754.93 0.04245669291
755.99 0.04054135338
757.61 0.03043950617
758.87 0.03423492063
760.55 0.022
761.75 0.03594666667
762.81 0.03063636364
785.89 0.00046724437
806.32 0.00052790288
807.66 0.0240535316
808.68 0.03795862069
809.98 0.04147692308
830.9 0.00626539197
831.92 0.50787902439
833.48 0.04851413882
834.7 0.02653978671
835.86 0.05553991416
837.04 0.03671148936
838.12 0.05991111111
839.58 0.05892896175
841.0 0.05331073446
842.62 0.03328395062
843.76 0.07567719298
845.12 0.0632029304
846.34 0.04437860082
848.0 0.03240384615
849.7 0.04450943396
851.14 0.00748888889
854.84 0.00582289417
855.85 0.03222310757
857.44 0.00677812696
858.46 0.06343529412
859.52 0.02027067669
860.66 0.03783859649
861.8 0.03797183099
862.98 0.02730126582
864.0 0.03174877331
867.74 0.00536188437
869.14 0.02310857143
870.3 0.01851330472
871.42 0.03865232975
872.58 0.04636285469
873.62 0.10409266409
874.74 0.10581980375
875.78 0.12455052936
876.82 0.11406153846
878.0 0.10052881356
879.24 0.0780192926
880.36 0.05797849462
881.84 0.04371891892
882.86 0.04229019608
885.04 0.01484036697
886.22 0.04569491525
887.29 0.02010065238
888.32 0.03150146056
889.6 0.025275
890.74 0.03783859649
892.18 0.01497777778
893.54 0.04743695015
894.94 0.0231747851
895.99 0.03057844991
897.15 0.01715862069
898.26 0.02930434783
899.43 0.01975510204
900.9 0.02938419619
901.99 0.05925274725
903.06 0.05067669173
904.2 0.05443356643
913.05 0.00121825576
914.36 0.49092083013
915.38 0.16866471163
916.4 0.1901194907
917.41 0.16999408867
918.9 0.05083367003
920.25 0.26150258303
921.42 0.0833814433
922.65 0.20939805825
923.73 0.20968888889
924.87 0.18919298246
925.92 0.17560153257
926.97 0.18381818182
928.05 0.18681481481
930.66 0.00414132104
931.8 0.22978245614
932.85 0.56166666667
933.86 0.16111553785
934.92 0.16277735849
935.99 0.17037918216
938.36 0.01824703892
940.53 0.21239705882
941.55 0.09515294118
942.57 0.12687058824
943.58 0.08592828685
944.79 0.07981578947
945.81 0.12687058824
946.98 0.12970446735
948.02 0.16590769231
949.14 0.1541948168
950.16 0.19030588235
953.26 0.02434311512
954.36 0.2943767061
955.37 0.41395275591
956.46 0.10943173432
957.49 0.15613899614
958.62 0.1151316726
959.74 0.14429973238
960.84 0.11775068244
961.88 0.15553846154
963.0 0.10581980375
964.05 0.10221800948
965.07 0.1057254902
966.13 0.01889811321
967.59 0.03693150685
969.44 0.0350699187
970.59 0.04668398268
972.18 0.04765656566
973.32 0.00945964912
974.33 0.04245669291
975.67 0.02414328358
981.04 0.00803576751
982.3 0.03420777161
983.54 0.08731983806
984.86 0.05718787879
985.86 0.06438208955
986.92 0.05091595845
988.04 0.04831541219
989.06 0.06343529412
990.06 0.10741035857
991.32 0.09414603175
992.38 0.10776559546
993.62 0.064802589
994.62 0.12838095238
1001.3 0.01131414868
1002.34 0.06191770335
1003.52 0.06424510638
1004.56 0.08263601533
1006.52 0.18745194274
1007.72 0.09885333333
1008.8 0.22965925926
1009.86 0.05086792453
1010.9 0.06221538462
1011.94 0.06197701149
1012.98 0.09368339768
1014.0 0.09515294118
1015.08 0.08986666667
1016.1 0.06343529412
1020.74 0.01394482759
1022.14 0.17556695157
1023.22 0.05991111111
1024.3 0.05991111111
1025.44 0.06621754386
1026.52 0.07988148148
1027.6 0.08986666667
1028.7 0.09839416058
1029.78 0.08986666667
1030.79 0.09552755906
1031.88 0.06963837638
1032.94 0.07094736842
1034.02 0.05991111111
1035.18 0.06530103806
1036.18 0.07511243781
1037.22 0.06251594203
1038.24 0.06312585366
1039.36 0.06746023235
1040.68 0.05718787879
1041.84 0.06535172414
1042.96 0.06711428571
1044.06 0.06887591241
1045.22 0.06507586207
1058.18 0.00180233007
1059.46 0.17511457521
1060.48 0.04272941176
1061.52 0.05141538462
1062.82 0.18249846154
1063.88 0.04266666667
1065.46 0.03963636364
1067.18 0.16130536131
1068.36 0.06678378378
1069.4 0.04163706564
1070.68 0.06719003115
