0.69 1.05565065502
1.7 0.93405533597
2.71 0.90164846077
3.72 0.84148616601
4.73 0.81773015873
5.96 0.78262337662
6.97 0.96596031746
7.98 0.74025296443
8.99 1.0383968254
10.0 1.04690909091
11.01 0.95973015873
12.01 1.04431137725
13.01 1.00615568862
14.03 1.15556692913
15.05 1.19096470588
16.07 0.85792941176
17.08 0.94739920949
18.09 0.94496825397
19.11 0.99431372549
20.12 1.12669291339
21.13 0.92459760956
22.15 0.88357647059
23.16 1.16793675889
24.19 0.89038132296
25.2 1.26401579467
26.21 0.99502681231
27.23 1.12189019608
28.24 0.98505928854
29.34 1.04604363636
30.5 1.11992413793
31.73 1.13940065147
32.74 1.35177865613
33.75 1.05597619048
34.75 1.16967960199
35.76 1.45630188679
36.76 0.87787250996
37.77 1.23174501992
38.77 1.04564285714
39.78 1.25229850746
40.81 0.87415774099
41.82 0.92316996047
42.83 1.23771428571
43.83 1.02105976096
44.84 1.41002973241
45.86 1.04338823529
46.87 0.89678649454
47.87 1.33542857143
48.88 1.04067729084
49.97 1.13063970588
50.97 1.44831044776
51.99 1.09035665025
53.0 1.0474076999
54.0 0.87290129611
55.01 0.86664541833
56.02 1.17758736426
57.04 0.80234604106
58.06 0.23081889764
59.07 1.14
60.07 0.88557842158
61.1 0.23044186047
62.31 0.1904092792
63.32 0.35686956522
64.36 0.84056923077
65.37 1.11828571429
66.38 0.72556762093
67.43 1.00346131805
68.87 0.076
70.22 0.05662084257
71.23 1.04216600791
72.24 0.91407936508
73.25 0.92377358491
74.26 0.76626258638
75.28 1.09391952895
76.34 0.36993802817
77.36 0.18347928994
78.36 0.27332667333
79.37 0.08694339623
80.4 0.25920619555
81.41 0.58686792453
82.6 0.61759731544
83.61 0.86857142857
84.84 0.42009090909
85.87 0.43605830904
86.88 0.58454599407
87.88 0.51745238095
88.91 0.5037884427
89.94 0.3711627907
91.02 0.16228359592
92.08 0.273503305
93.08 0.77085714286
94.26 0.56892753623
95.26 0.58628571429
96.28 0.67114540059
97.28 0.70393650794
98.3 0.72383810464
99.3 0.44435352532
100.3 1.20263736264
101.42 1.17112421805
102.44 1.53676679842
103.5 1.31133584906
104.51 1.01653754941
105.74 0.34781229773
106.76 0.6462992126
107.76 0.68724302789
108.79 1.01432195122
109.8 0.74988679245
110.8 0.79755444555
111.8 1.0759245283
112.82 0.73434945706
113.9 0.93985185185
114.92 0.94418823529
116.03 0.83233093525
117.04 1.0759245283
118.05 0.86683052527
119.06 1.45178239367
120.2 1.33709473684
121.2 1.76022377622
122.22 1.16763921569
123.26 1.2701356256
124.27 1.67866135458
125.5 1.29648859935
126.5 1.57436163836
127.5 1.19914995035
128.52 1.24548075025
129.52 1.10887785501
130.62 1.31213818182
131.64 1.31414173228
132.64 1.07913944223
133.66 0.63339782823
134.68 1.0310343474
135.68 0.55019380619
136.68 1.0935531281
137.71 1.3476484375
138.72 1.63715361744
139.73 1.54986561265
140.74 1.61029365079
141.75 1.57060336301
143.22 1.40939414568
144.23 2.052
145.23 1.72977866401
146.23 1.72353246753
147.3 1.68896629213
148.4 1.57598544131
149.4 0.82514285714
150.41 0.69485714286
151.62 0.8022310231
152.63 1.44316483516
153.63 1.41846460618
154.64 1.13898412698
155.65 1.62584797631
156.66 0.88835714286
157.66 1.38022641509
158.67 1.11819380619
160.28 0.61051272502
161.28 1.18696119403
162.28 1.54194217348
163.33 1.31774162679
164.34 1.84754716981
165.34 1.26507784431
166.35 1.59126409496
167.36 1.23078140455
168.37 1.51364776119
169.37 1.11361752988
170.38 1.41283018868
171.38 1.1121509434
172.4 1.28689328063
173.4 0.84805555556
174.42 0.86303652517
175.42 1.0759245283
176.46 0.44788461538
177.62 0.48115862069
178.64 1.02735177866
179.64 0.42342857143
180.66 0.31616189536
181.68 0.73031599607
182.7 0.68600979432
183.7 1.01203174603
184.72 0.98400791296
185.72 1.33383416583
186.72 1.0128685259
187.72 1.24388434696
188.74 1.02918854886
189.74 1.35714285714
190.75 1.47155378486
191.84 0.99536073059
192.85 1.35030447761
194.06 0.738
195.08 0.70771117705
196.08 1.05314285714
197.1 1.13620372184
198.11 1.1990438247
199.12 1.01852423343
200.14 1.02789380531
201.16 0.96659470069
202.16 0.67922709163
203.16 0.87203187251
204.18 0.48567843137
205.18 0.71064935065
206.25 0.49371428571
207.26 0.63538582677
208.3 0.69990697674
209.3 0.62971428571
210.32 0.5155171737
211.34 0.35428795299
212.35 0.52321912351
213.36 0.37737931034
214.38 0.33228599412
215.42 0.36055813953
216.43 0.33150147203
217.58 0.43852264808
218.61 0.65748837209
219.62 0.45354212091
220.63 0.58454599407
221.64 0.62132270916
222.64 0.4885498008
223.67 0.8007804878
224.68 0.60364926108
225.68 0.85277922078
226.69 0.74066932271
227.79 0.79665150136
228.81 0.68621351616
229.81 0.82596226415
230.83 0.60608439647
231.84 0.83933067729
232.85 0.82514285714
233.85 0.66439643211
234.87 0.95259347181
235.87 0.72855555556
236.89 0.76104211557
237.92 0.73456809339
238.93 0.56460079051
239.95 0.69809617272
240.96 0.80342857143
241.97 0.6731846002
242.98 0.81428571429
243.99 0.72030039526
245.0 0.95637735849
246.01 0.64422507404
247.03 0.89141511286
248.05 0.80752615992
249.07 0.80987731256
250.07 0.5978981019
251.08 0.9998490566
252.09 0.88135044423
253.11 1.15991364082
254.12 0.81428571429
255.13 0.41420730503
256.14 0.45645283019
257.15 0.49794658754
258.17 0.52522624878
259.34 0.30025706941
260.35 0.58745129225
261.37 0.47953261928
262.39 0.34053778214
263.41 0.39659941234
264.46 0.38638167939
265.49 0.1902248062
266.5 0.76229365079
267.51 0.70335113749
268.52 0.73828571429
269.53 0.6290148075
270.55 0.55545436703
271.57 0.68600979432
272.86 0.28911888112
273.87 0.18879841897
275.05 0.43627480916
276.05 0.59038561439
277.06 0.62025717112
278.08 0.83269565217
279.09 0.65939823009
280.11 0.74283807655
281.12 1.04125272547
282.13 0.82888537549
283.33 0.95330775646
284.36 0.50035797665
285.43 0.18376119403
288.23 0.05081142857
289.23 0.623000999
290.25 0.47255740922
292.32 0.08974819103
293.33 0.42342857143
294.34 0.57863241107
295.35 0.86506454816
296.35 0.79811388611
297.36 0.52306719368
298.37 0.64660178749
299.48 0.98237556155
300.49 1.3419047619
301.5 1.31346389713
302.5 1.13853346653
303.51 1.25210724926
304.58 1.10641044776
305.65 1.00811973807
306.66 0.89846884273
307.68 0.51272440945
308.7 0.3313125
309.71 0.96426190476
310.73 1.43072156863
311.75 1.58250980392
312.75 1.51741058941
313.76 1.46941501976
314.77 1.39579365079
316.29 0.08663053536
317.29 3.99798807157
318.3 1.33704347826
319.32 1.34540254652
320.34 1.41691699605
321.34 1.48140755467
322.34 1.39755444555
323.35 1.40345580933
324.37 1.44789030362
325.38 2.25158456973
326.39 1.70941269841
327.4 2.04187166831
328.41 0.86917179742
329.41 1.27505294705
330.42 1.82010682493
331.42 1.82479120879
332.43 1.81815292949
333.44 1.74655335968
334.44 1.58957042957
335.45 1.60299900299
336.56 1.66557564906
337.57 1.91085714286
338.58 1.43245059289
339.59 1.42392055611
340.6 1.50169397828
341.61 1.28114285714
342.63 0.86067909715
343.64 1.27607905138
344.65 1.22379365079
345.72 1.41656716418
346.73 1.79142857143
347.74 1.08306719368
348.75 1.5758490566
349.77 1.33996850394
350.79 1.3786875
351.8 1.95436130306
353.02 1.95535081967
354.03 1.33675471698
356.2 0.22159963185
357.23 1.58801939864
358.26 0.45777431907
359.29 0.4041516035
360.3 0.61885714286
361.31 0.68197032641
362.47 0.25473103448
363.5 0.26588921283
364.98 0.27177897574
365.99 1.13026415094
367.19 1.26788666667
368.2 0.95542857143
369.4 0.22705394191
370.41 1.27616666667
371.42 1.35177865613
372.44 1.11115294118
373.47 1.33214410906
374.49 1.06998628795
375.5 1.13866666667
376.5 1.49484346959
377.51 1.240743083
378.51 1.70555844156
379.52 1.30782539683
380.53 1.70457142857
381.54 1.25411671612
382.55 1.41142857143
383.56 1.02055676209
384.57 1.33542857143
385.59 1.00029048086
386.6 1.13549407115
387.6 1.14797202797
388.61 0.61353174603
389.62 1.23282213439
390.87 1.05259983962
391.87 1.26823576424
392.87 0.95535792622
394.0 0.79098671391
395.01 1.32457142857
396.02 0.8761031746
397.07 0.90670218839
398.08 1.15598025666
399.09 1.0241031746
400.1 0.9881027668
401.13 0.97547081712
402.14 1.22200790514
403.15 0.95144444444
404.16 0.90256126482
405.3 0.6528
406.48 0.76230025445
407.49 0.80263230922
408.5 0.84685714286
409.51 0.90929376855
410.52 0.77231620553
411.54 1.11585882353
412.55 1.34628571429
413.57 1.12204724409
414.57 1.57898507463
415.58 0.9565770751
416.59 0.79335849057
417.6 0.3918972332
418.86 0.83316732752
419.94 0.81143703704
420.95 0.61947169811
421.95 0.73032669323
422.97 0.81784070796
423.99 0.60090284593
425.0 0.72455335968
426.01 0.72670763132
427.02 0.51886166008
428.03 0.70641509434
429.06 0.62810894942
430.06 0.52478721279
431.15 0.5088395967
432.15 0.65402390438
433.17 0.54666405485
434.2 0.40652199413
435.2 0.22074427861
436.21 0.20628571429
437.22 0.68129644269
438.46 0.81730097087
439.46 1.40755333998
440.47 1.27087301587
441.48 1.09674234946
442.51 1.38985783836
443.65 1.40645048203
444.67 1.46979310345
445.67 1.40457370518
446.67 1.5959800995
447.72 1.38344221585
448.82 1.48716864175
449.98 1.55051546392
450.99 1.53764448858
452.01 1.43448031496
453.01 1.61548207171
454.02 1.69858498024
455.03 1.57907936508
456.04 1.48795270936
457.06 0.50220648968
458.07 0.98898113208
459.08 1.22200790514
460.1 0.88792133727
461.11 0.54713833992
462.12 0.61641106719
463.13 0.98334061569
464.14 1.62622134387
465.15 1.84754716981
466.16 1.60186561265
467.18 1.24410619469
468.19 1.39641543027
469.2 1.27341501976
470.2 1.41935664336
471.21 1.47996825397
472.22 1.28816617211
473.22 0.94024375624
474.24 0.912
475.26 0.46256329735
476.27 0.5082687747
477.28 0.84601783944
478.3 0.69809617272
479.39 0.57144852941
480.4 0.75624876604
481.41 0.72742857143
482.42 0.50219762846
483.43 0.91290566038
484.44 0.68307996051
485.45 0.86857142857
486.46 0.77939465875
487.47 0.76723015873
488.49 1.05045249755
489.51 0.76253581943
490.53 1.07189030362
491.54 0.77594444444
492.55 0.58454599407
493.58 0.88018604651
494.58 0.79529270729
495.78 0.94791659716
496.8 0.76104211557
497.81 0.81509433962
498.82 0.82115924827
499.83 0.7493015873
500.86 0.68930232558
501.87 0.66337301587
502.89 0.60025857003
503.92 0.63627906977
504.93 0.53133333333
505.94 0.60559683794
506.97 0.39595715677
507.97 0.89651148851
508.98 0.91405533597
510.03 1.05416793893
511.04 0.95165217391
512.08 0.80883076923
513.09 1.27154716981
514.09 0.89022977023
515.1 1.33015019763
516.11 1.12050844091
517.12 1.02534254689
518.13 1.0765770751
519.14 1.04643824701
520.14 1.17719641077
521.16 0.60177254902
522.18 1.46992941176
523.19 1.08449652433
524.19 1.24907092907
525.21 1.29825882353
526.22 0.56596047431
527.24 1.31971764706
528.25 0.9506984127
529.26 1.0824925816
530.27 0.90024975223
531.76 0.08784986595
532.77 1.76235665025
533.78 0.6867250996
534.78 0.76075471698
535.81 0.63931047992
536.82 0.89846884273
537.82 0.82793206793
538.84 1.14804705882
539.84 0.96320638086
540.86 1.6157480315
541.86 1.55327072927
542.97 0.85573285199
543.98 1.59201582591
545.0 1.6416
546.0 1.06677322677
547.01 0.76507936508
548.04 0.74785755534
549.12 0.88789561976
550.14 1.80254117647
551.14 1.38051241311
552.16 1.8798183613
553.17 1.42591269841
554.37 1.05661589404
555.38 0.96019142572
556.38 0.49942857143
557.4 0.62463178677
558.41 0.90114285714
559.41 0.93371428571
560.42 0.77936300692
561.44 1.43262992126
562.46 0.81524483776
563.48 0.78401570167
565.44 0.09453658537
566.84 0.29882758621
567.96 0.39120643432
568.96 0.56457142857
570.0 0.52615384615
571.6 0.1920750469
572.6 0.69971628372
574.12 0.41691052632
575.13 0.87942857143
576.14 0.87729880478
577.16 1.05148235294
578.16 1.02554121152
579.17 1.02505928854
580.18 0.90009136048
581.2 1.29698726738
582.22 0.59766830226
584.01 0.12825
585.03 0.3858805093
586.06 0.41841480039
587.08 0.49306953967
588.1 0.42959764475
589.13 0.34461181026
590.14 0.51079245283
591.16 0.59244094488
592.16 0.56494328358
593.17 0.90839525692
594.18 1.17373584906
595.19 0.83887857848
596.2 0.92285714286
597.21 0.94457142857
598.21 0.68240079761
599.22 0.988
600.23 0.76873445212
601.39 1.02700258844
602.4 1.29071952428
603.41 1.12976190476
604.41 1.13779461615
605.43 0.8407208619
606.46 0.8862473223
607.47 0.83187364265
608.49 0.5849892051
609.5 1.09657142857
610.51 0.87836525173
611.52 0.63452043868
612.59 0.9705204461
613.76 1.08015753425
614.78 0.60084705882
615.97 0.3124231738
617.21 0.10553301127
618.23 0.95456722277
619.24 0.70157142857
620.25 0.97714285714
621.27 0.790328125
622.28 1.16171428571
623.29 0.89388142292
624.3 1.54324528302
625.31 1.27898914116
626.32 1.16495729891
627.33 1.2523083004
628.33 1.28052747253
629.34 1.20082621648
630.35 1.23237264618
631.47 1.18871886121
632.55 1.10453333333
633.56 0.86920634921
634.77 0.98977557756
635.78 1.14113207547
636.82 0.93655384615
637.83 0.46192300099
638.84 0.89028571429
639.86 0.65705986261
640.87 0.84267719645
641.89 0.68129644269
642.9 0.46363743842
643.93 0.14846511628
645.17 0.07083495146
646.2 0.347
647.24 0.22098461538
648.33 0.11034280477
649.46 0.07761702128
698.11 0.00044991675
699.31 0.02736
700.66 0.0403539823
701.8 0.0576
702.88 0.05066666667
703.99 0.03965217391
705.03 0.15784615385
706.05 0.12825
707.08 0.13786046512
708.19 0.11895652174
709.35 0.14151724138
710.49 0.096
712.53 0.04147058824
713.85 0.10778181818
715.0 0.15147404844
716.11 0.15860869565
717.16 0.14509090909
718.21 0.07129501916
719.27 0.12389433962
720.4 0.16377464789
721.49 0.12115129151
722.67 0.09682711864
723.7 0.21127413127
724.79 0.12115129151
725.83 0.13822307692
726.93 0.12933818182
727.95 0.09656470588
728.98 0.10563706564
730.1 0.04092857143
731.17 0.03933082707
732.33 0.09402061856
733.35 0.09694488189
734.41 0.07227169811
735.58 0.06514285714
736.6 0.04291764706
738.25 0.02159124088
739.42 0.0372244898
740.85 0.03074157303
742.05 0.07296
743.17 0.04885714286
744.34 0.04653061224
745.36 0.05364705882
746.5 0.0384
747.57 0.04114285714
748.6 0.03169111969
749.77 0.0186185567
750.81 0.05261538462
751.84 0.06338223938
752.89 0.06289655172
754.03 0.0672
755.07 0.07366153846
756.76 0.05187264151
757.9 0.048
758.91 0.05450199203
760.05 0.0576
761.14 0.05996712329
762.27 0.05841992883
763.33 0.05162264151
764.5 0.04653061224
765.88 0.03684057971
766.96 0.1216
767.97 0.09810358566
769.03 0.12389433962
770.75 0.03358139535
771.85 0.13928727273
772.93 0.10133333333
773.95 0.11802352941
775.54 0.04531328321
776.67 0.08762989324
777.69 0.07510588235
778.72 0.06338223938
779.81 0.0504797048
780.93 0.04885714286
782.23 0.04212471132
783.25 0.04291764706
784.63 0.02146086957
785.98 0.04842477876
787.33 0.03259568131
788.73 0.03908571429
789.97 0.03530322581
791.08 0.03922580645
792.9 0.01800987383
794.08 0.02791836735
819.69 0.00042736645
821.65 0.03900610998
823.93 0.02803157895
825.51 0.03472081218
826.63 0.05841992883
827.65 0.06437647059
828.75 0.10944
829.81 0.11356981132
831.27 0.06184657534
832.31 0.12676447876
833.45 0.1344
834.51 0.13421886792
835.54 0.14746303502
836.65 0.06691039427
837.67 0.13948235294
838.75 0.14186666667
839.84 0.14134317343
841.47 0.08449509804
842.53 0.03932330827
843.59 0.13472727273
844.71 0.14604982206
845.73 0.16094117647
846.77 0.15730501931
847.85 0.06914074074
849.15 0.12588957055
850.21 0.19616603774
851.27 0.15545454545
852.35 0.16213333333
853.41 0.09261886792
854.43 0.16094117647
855.45 0.149625
856.47 0.17167058824
857.49 0.10692413793
858.51 0.16094117647
859.57 0.15428571429
860.63 0.16581818182
861.67 0.12670498084
862.71 0.15845559846
863.73 0.16094117647
864.77 0.15784615385
865.85 0.10454074074
866.89 0.15724137931
867.92 0.149625
869.25 0.1154491018
870.33 0.16273605948
871.33 0.1635059761
872.35 0.16094117647
873.43 0.09334814815
874.51 0.152
875.55 0.16836923077
876.57 0.1252992126
877.59 0.16094117647
878.61 0.1603125
879.67 0.06554716981
880.75 0.16213333333
881.81 0.15545454545
882.91 0.1387826087
884.13 0.08720655738
885.19 0.16519245283
887.25 0.04250097087
888.45 0.25080502092
889.73 0.0513
890.91 0.08347118644
892.07 0.0846185567
893.13 0.10324528302
894.19 0.08259622642
895.37 0.09274576271
896.85 0.05701621622
897.91 0.144
899.15 0.13281553398
900.19 0.16836923077
901.49 0.10253538462
902.55 0.15486792453
905.45 0.02264275862
906.63 0.36247457627
907.75 0.12657651246
908.93 0.15820408163
909.99 0.14454339623
911.39 0.08526857143
912.69 0.13469538462
913.77 0.15214087118
914.79 0.11802352941
916.21 0.09167887324
917.27 0.03947169811
918.29 0.17167058824
919.45 0.12222680412
920.53 0.14239405204
922.27 0.07856091954
923.31 0.1368
924.37 0.11356981132
925.41 0.06313846154
926.43 0.08583529412
927.47 0.09507335907
928.51 0.06289655172
930.11 0.04156892231
931.15 0.06289655172
932.49 0.04900298507
933.61 0.04885714286
934.63 0.05364705882
935.89 0.04342857143
937.27 0.0475826087
938.53 0.04342857143
939.71 0.0186122449
940.75 0.06289655172
942.33 0.02026395939
943.85 0.0288
945.15 0.03367384615
946.29 0.0288
947.53 0.04398713826
948.75 0.036
950.09 0.02450149254
965.29 0.00071981058
969.05 0.01744527099
970.17 0.18632258065
971.35 0.0649220339
974.83 0.00520689655
975.97 0.0573986014
976.99 0.12887929342
978.03 0.14789189189
979.21 0.09243243243
980.49 0.08576802508
981.63 0.048
982.65 0.06437647059
983.71 0.04018796992
985.01 0.04209230769
986.07 0.05181818182
987.11 0.05246404602
988.13 0.06437647059
989.27 0.048
990.33 0.06218181818
991.41 0.08106666667
992.43 0.08583529412
993.43 0.13080478088
994.59 0.09467128028
995.63 0.08700383142
996.69 0.14509090909
997.75 0.10285714286
998.77 0.13948235294
999.79 0.13948235294
1000.81 0.09451181102
1001.83 0.16094117647
1002.85 0.13948235294
1003.87 0.149625
1004.91 0.06227027027
1005.93 0.15021176471
1006.97 0.14675862069
1008.31 0.09979041916
1009.31 0.13080478088
1010.37 0.14509090909
1011.55 0.09243243243
1012.61 0.10641509434
1013.65 0.09507335907
1014.71 0.11314285714
1015.79 0.1216
1017.03 0.08457605178
1018.11 0.06085634847
1019.19 0.10133333333
1020.35 0.10342268041
1021.6 0.07867092652
1023.53 0.06403319502
1024.79 0.05926349206
1025.83 0.1368
1027.03 0.12768
1028.23 0.10032
1029.41 0.07419661017
1030.53 0.06864516129
1031.85 0.05803636364
1033.03 0.0364527027
1034.33 0.05892923077
1035.37 0.05261538462
1036.43 0.144
1037.45 0.04308661417
1038.49 0.1162007722
1040.31 0.04439120879
1041.49 0.07394594595
1042.09 0.12746755408
