1.0 1.42795219124
2.01 0.9804876115
3.02 1.29347368421
4.03 2.08508588351
5.04 1.72164448858
6.04 2.25675124875
7.05 2.37065875371
8.05 1.88502697303
9.06 1.824
10.08 1.64767026497
11.21 1.80064254192
12.22 2.06490566038
13.23 1.77951840796
14.23 1.93449056604
15.23 1.49143656344
16.31 1.01333333333
17.48 0.32822622108
18.49 1.59892170466
19.49 1.46065338645
20.52 1.19792794547
21.53 1.5896916996
22.64 1.50544404332
23.65 1.84033432836
24.65 1.58965079365
25.66 2.07577358491
26.67 1.80867917078
27.81 0.57650570676
28.82 0.988
29.82 1.07598001998
30.84 1.19213346418
31.85 1.25321224087
32.86 1.16738033764
33.87 1.42747826087
34.88 1.33993650794
35.89 1.8258005923
36.9 1.37387090367
37.91 1.7717828233
38.92 1.74338033764
39.93 2.19312142152
40.95 1.379171737
41.96 1.72628571429
42.98 1.24784329089
43.99 1.64538872404
45.0 1.42679365079
46.01 1.51399209486
47.02 1.28114285714
48.03 1.07507509881
49.04 1.08571428571
50.05 1.16678381046
51.06 1.03596031746
52.07 1.21239169139
53.09 1.03447843137
54.09 1.41036563437
55.11 1.00955446516
56.12 0.77085714286
57.13 0.56627048371
58.14 1.03245283019
59.15 1.53542686567
60.28 0.19684933921
61.38 0.43855737705
62.38 0.69693134328
63.4 1.39091231527
64.52 0.5708
65.54 0.11802352941
66.56 0.37552941176
67.57 0.95071273445
68.58 1.6519245283
69.59 1.06428458498
70.6 1.20037944664
71.62 0.62475590551
72.65 0.28522007722
73.66 0.73485258964
74.67 0.99490909091
75.68 0.98702081269
76.69 0.7838892186
77.7 0.89028571429
78.71 0.73536758893
79.73 0.7971023622
80.74 0.51908300395
81.77 0.41798449612
82.78 0.152
83.84 0.12331267606
84.86 0.78710541872
85.87 0.88676679842
87.2 0.83638884702
88.21 1.28562290227
89.22 0.9998490566
90.29 0.90262686567
91.3 1.08035538006
92.32 1.34778325123
93.33 1.17126949654
94.34 1.36935849057
95.35 1.45992094862
96.36 1.10107936508
97.37 1.38422134387
98.37 0.79811388611
99.38 0.60224826216
100.4 0.93345882353
101.41 1.00473050346
102.42 0.64120754717
103.43 0.39380237154
104.45 0.6216963761
105.47 0.64376470588
106.48 0.68467924528
107.49 0.70571428571
108.61 0.2288
109.61 0.836
110.63 1.07060869565
111.75 0.37131428571
112.75 0.75438161838
113.75 0.61311618669
114.77 0.68129644269
115.77 0.72670763132
116.79 0.84434421365
117.79 0.75365079365
118.81 0.80025296443
119.83 0.68600979432
120.83 0.92377358491
121.85 0.83718577075
122.85 1.07144055944
123.87 1.18139352306
124.87 1.15251148851
125.87 1.5758490566
126.89 1.47376900296
127.91 1.87948969578
128.91 1.77246382557
129.92 1.85306772908
130.93 1.40507936508
131.93 1.68452830189
132.94 1.38887649402
133.95 1.59441823588
134.95 1.26519165839
135.97 1.58795294118
136.99 1.52480632411
137.99 1.22904295704
138.99 1.8801509434
140.0 1.71588844622
141.01 1.98050793651
142.01 1.93257142857
143.03 1.77802371542
144.03 1.83675524476
145.03 1.54775769613
146.05 1.51399209486
147.05 1.28565079365
148.06 1.72054925373
149.07 1.44850793651
150.07 1.67366037736
151.08 1.75949003984
152.08 2.20847952048
153.09 1.72164448858
154.09 2.00075124875
155.09 1.75424826216
156.1 2.05175721393
157.13 1.96674782609
158.14 1.50878087649
159.14 2.44900699301
160.15 1.96074677259
161.15 2.04565079365
162.16 2.48281791045
163.17 2.27365079365
164.17 2.06941807349
165.23 2.25503396226
166.25 2.32276406713
167.25 1.85205958292
168.27 1.8582112537
169.27 1.6129652433
170.28 1.7536379822
171.29 1.34930669331
172.29 1.92362264151
173.31 1.75466140178
174.31 1.59758490566
175.32 1.07509881423
176.33 1.58529470529
177.33 1.12390863952
178.35 1.28562290227
179.35 1.26067924528
180.36 1.09672727273
181.37 0.94457142857
182.38 1.11073432836
183.38 0.72179543198
184.39 0.39359040959
185.39 0.34777358491
186.41 0.91830207305
187.5 1.238944495
188.52 1.70597647059
189.53 1.58965079365
190.54 1.61165373134
191.58 1.53021538462
192.58 1.85841509434
193.6 1.37781960784
194.61 2.00075124875
195.62 2.05919367589
196.63 2.19958226601
197.65 1.94912537019
198.67 1.49630379747
199.69 2.23633563672
200.69 1.78507936508
201.7 1.75496414343
202.71 1.79592857143
203.71 2.08664150943
204.72 1.67062288557
205.92 1.40009942005
206.93 1.00084294235
207.94 0.91830207305
209.07 1.18453757737
210.08 1.37749058474
211.09 1.21720754717
212.1 1.06428458498
213.11 1.55257142857
214.12 1.29138339921
215.12 1.4540979021
216.13 1.45630188679
217.14 1.24593034826
218.14 1.42228571429
219.16 1.47583120707
220.17 1.14971655104
221.18 1.41666403162
222.19 0.84050793651
223.2 1.18956521739
224.21 1.24981132075
225.22 1.09672727273
226.24 1.08367058824
227.38 1.00238596491
228.38 1.10423976024
229.39 1.02057142857
230.4 1.0814229249
231.41 1.07936507937
232.42 1.67866135458
233.42 1.23136507937
234.43 1.60685714286
235.44 1.28056916996
236.45 1.26067924528
237.45 1.2573026973
238.46 1.30167330677
239.46 1.40196226415
240.47 1.30736507937
241.48 1.49089042448
242.49 1.27154716981
244.24 0.20920823799
245.24 1.44831044776
246.29 1.52461274976
247.3 1.20514285714
248.3 1.11517282717
249.32 0.67595294118
250.34 0.39109715407
251.35 0.41257142857
252.36 0.46501185771
253.36 0.31705894106
254.37 1.29714741036
255.37 1.11747956132
257.81 0.27348791479
259.08 1.66540991345
260.33 1.02517854283
261.36 1.93633365664
262.36 2.5802037962
263.37 2.10202184707
264.37 2.26768431568
265.38 2.23854545455
266.39 1.4608142999
267.4 1.55571174729
268.42 0.57995682041
269.46 0.35163076923
270.47 0.21714285714
271.89 0.07707042254
277.03 0.11710505837
287.46 0.21243114691
288.46 1.61208391608
289.49 1.55101850049
290.49 0.82123781095
291.51 1.099791133
292.51 1.50236963037
293.51 2.02747410359
294.53 1.74042167488
295.54 2.10877470356
296.54 1.87409390609
297.55 2.04565079365
298.55 2.49619123506
299.56 2.265040715
300.56 2.18021978022
301.57 2.20618867925
302.64 1.71934328358
303.65 2.05446977205
304.66 2.21691699605
305.67 2.04768222443
306.68 2.1543928924
307.69 2.26052830189
308.7 1.83028627838
309.82 2.09701519214
310.82 2.50367232767
311.84 2.02356820412
312.85 2.17593650794
313.86 2.1412173913
314.86 1.88501898102
315.87 2.26774180735
316.87 2.11196812749
317.87 2.04902297702
319.04 2.04827420737
320.04 2.62393606394
321.07 2.18896124031
322.08 2.10202184707
323.09 2.37535777998
324.09 2.09949351944
325.09 2.12555444555
326.1 2.31486792453
327.11 1.90450793651
328.12 2.32724975321
329.13 2.54309433962
330.13 2.05175721393
331.14 2.09993650794
332.15 2.41267924528
333.16 1.84108983218
334.17 1.82850793651
335.17 2.37628685259
336.18 2.31938033764
337.18 1.9178021978
338.19 2.14098113208
339.19 1.91785014985
340.31 1.82317068811
341.33 1.83472941176
342.33 1.60076723277
343.34 1.94848664688
344.35 1.62222222222
345.37 1.62014117647
346.38 1.09672727273
347.4 1.36263529412
348.4 1.4868971029
349.42 0.90662217861
350.43 0.54285714286
351.44 0.47582608696
352.46 0.90127058824
353.48 1.31473209028
354.48 1.47596403596
355.5 0.62230588235
356.58 0.57220389249
357.58 1.72742457542
358.58 1.59122939424
359.6 2.08508588351
360.62 1.65841020608
361.62 1.94342857143
362.63 1.57418326693
363.64 2.07371428571
364.65 1.44707234886
365.66 1.65621364985
366.66 1.29464135864
367.66 1.59758490566
368.68 1.51698321816
369.68 2.17358490566
370.7 1.91860869565
371.7 1.99435764236
372.72 1.17677419355
373.92 1.5227826087
374.92 1.63996003996
376.06 1.4356453029
377.06 1.672
378.1 1.54207751938
379.1 1.66114285714
380.18 1.48504911956
381.18 1.79302297702
382.2 1.62823343225
383.3 0.61684363636
384.3 1.61809390609
385.3 1.14564448858
386.32 1.39503557312
387.32 1.47657142857
388.33 1.34661615155
389.33 1.72628571429
390.34 1.65479365079
391.35 1.97749800797
392.35 2.23034565435
393.37 1.93574901961
394.44 2.04031255814
395.45 2.49808695652
396.46 1.85022222222
397.48 2.13960784314
398.49 2.26017391304
399.5 1.96965079365
400.51 1.94848664688
401.52 1.48107936508
402.53 1.69951335312
403.54 1.41593650794
404.54 1.92421978022
405.55 1.56328387735
406.56 1.34628571429
407.58 0.98083137255
408.6 0.68668235294
409.75 1.90229314831
410.76 2.08664150943
411.87 1.05715107914
412.88 1.61771428571
413.89 1.62662450593
414.9 1.78057142857
415.9 1.7756963037
416.91 1.6886884273
417.92 1.56793650794
418.92 1.81488911089
419.93 1.54011067194
420.94 1.70626415094
421.95 1.17126949654
422.96 0.70641509434
423.97 0.91920948617
424.98 1.24857142857
425.98 0.86825174825
426.99 0.55207121662
428.0 0.98702081269
429.01 1.11496735905
430.02 0.52565079365
431.04 0.46136470588
432.05 0.30279841897
433.06 0.51028571429
434.07 1.22080157947
435.08 0.40662562066
436.09 1.6237388724
437.11 1.48511372549
438.12 1.87828571429
439.12 1.62706467662
440.13 1.68285714286
441.14 1.40647467726
442.15 1.65294373149
443.16 1.46716981132
444.16 1.29464935065
445.16 0.95923505976
446.17 0.77085714286
447.18 1.21085203575
448.18 1.34476723277
449.2 1.02475368008
450.22 1.49138823529
451.23 1.60972951629
452.24 1.48255014896
453.36 1.65542857143
454.37 1.14517670286
455.38 0.80422641509
456.39 0.90839525692
457.39 0.79172027972
458.41 1.00955446516
459.43 0.21458823529
460.44 0.74914285714
461.46 0.88426666667
462.46 1.2245034965
463.47 1.19074183976
464.48 0.90925896414
465.48 1.77676494024
466.64 0.75216494845
467.66 0.8263715415
468.67 1.79886614173
469.68 1.05314285714
470.7 0.62614691479
471.71 0.59537091988
472.73 0.61157647059
473.74 1.15085714286
474.75 0.81475222113
475.77 1.70765063788
476.79 1.48365915769
477.8 1.60845283019
478.81 1.34412635735
479.83 0.60084705882
480.85 0.78401570167
481.86 0.72670763132
482.94 0.54770713624
483.95 0.66415810277
484.96 0.65337313433
485.96 0.70923230309
487.01 0.38491254753
488.02 0.60739742319
489.07 0.33321408183
490.08 0.31936507937
491.1 0.43990588235
492.11 0.48664031621
493.12 0.56457142857
494.27 0.323
495.28 0.54231912785
496.29 0.46547181009
497.3 0.44965079365
498.31 0.58396837945
499.32 0.70571428571
500.35 0.61506976744
501.36 0.81347869177
502.37 0.59927272727
503.39 0.69741176471
504.4 0.78249056604
505.41 0.85432411067
506.42 0.66679365079
507.42 0.74344855145
508.43 0.74691988131
509.43 0.75438161838
510.45 0.48329735034
511.95 0.33864533333
512.96 0.532
513.98 0.67595294118
515.01 0.66744627299
516.02 0.64120754717
517.04 0.66522352941
518.06 0.49800784314
519.08 0.62230588235
520.1 0.62230588235
521.11 0.73536758893
522.12 0.56401189296
523.14 0.61663591757
524.14 0.64505094905
525.15 0.79021958457
526.15 0.68878321678
527.16 0.58628571429
528.17 0.42624505929
529.2 0.47953261928
530.23 0.456
531.25 0.56865882353
532.27 0.67595294118
533.29 0.66457198825
534.3 0.45009731877
535.32 0.83689411765
536.34 0.77251764706
537.35 0.78638499506
538.36 0.66974379345
539.37 0.68129644269
540.38 0.82514285714
541.39 0.77785587364
542.41 0.8099548577
543.41 0.71064935065
544.42 0.78249056604
545.43 0.73464165844
546.44 0.86943396226
547.45 0.76073445212
548.46 0.68467924528
549.47 0.64885375494
550.47 0.88557842158
551.48 0.70005958292
552.51 0.7423255814
553.54 0.42583657588
554.55 0.58396837945
555.56 0.65142857143
556.67 0.43712230216
557.71 0.2736
558.72 0.24971428571
559.74 0.31115294118
560.77 0.31813953488
562.86 0.08370172084
564.78 0.14279749478
565.79 0.98143873518
566.79 0.67414185814
567.82 0.45777431907
568.84 0.46136470588
569.84 1.11184063745
570.96 1.07393721973
571.98 0.97637647059
572.99 1.00473050346
574.01 1.19213346418
575.01 0.82451948052
576.02 1.23894339623
577.19 1.06839590444
578.2 0.90114285714
579.23 0.60446511628
580.27 0.52615384615
581.28 0.67314285714
582.3 0.88426666667
583.31 1.39641543027
584.32 1.39109433962
585.33 0.90118065153
586.34 1.03245283019
587.36 0.76104211557
588.37 0.87048862512
589.37 1.10423976024
590.39 0.89141511286
591.39 0.91837762238
592.41 0.71259607843
593.42 1.05418867925
594.43 0.73175221239
595.44 0.37098305085
596.48 0.22098461538
597.5 0.17167058824
598.51 0.10181818182
599.52 0.38
600.53 0.44338339921
601.55 0.38625882353
602.57 0.49355294118
603.58 0.87855698712
604.72 0.54206145742
605.73 0.97231984205
606.74 1.17373584906
607.84 0.95511272727
608.9 0.54941353383
609.91 0.93464150943
610.93 0.67529089128
611.94 0.64120754717
612.95 0.71822924901
613.96 0.77009316155
614.97 0.85516913947
615.99 0.71887058824
617.01 0.73405490196
618.03 0.70814117647
619.04 0.80342857143
620.05 0.72455335968
621.1 0.87108396947
622.1 0.88557842158
623.11 0.97328063241
624.12 0.81428571429
625.15 0.8854471387
626.15 1.16983816184
627.16 1.17257142857
628.17 0.81636399604
629.17 0.56682071713
630.18 0.79572908367
631.19 0.89669496545
632.2 0.89568222443
633.22 0.97637647059
634.23 0.98312339585
635.24 1.03245283019
636.24 0.59314741036
637.25 1.292
638.89 0.19352195122
639.89 0.75212749004
641.15 0.33472611465
642.21 0.22713962264
643.24 0.66004669261
644.25 0.84018897638
645.27 0.89303937008
648.37 0.19237149307
649.44 0.16410871603
736.41 0.00037748344
737.45 0.07394594595
738.49 0.08386206897
739.63 0.0864
740.87 0.08825806452
741.97 0.09949090909
743.05 0.07093333333
744.07 0.10718903036
745.17 0.07966515014
746.33 0.07541085271
747.51 0.05569465649
748.85 0.03276646707
750.03 0.03697297297
751.17 0.0288
752.75 0.03472081218
753.75 0.04360159363
754.89 0.03836634531
755.99 0.02998356164
757.25 0.03474285714
759.03 0.02452436975
760.19 0.04737662338
761.35 0.04701030928
762.47 0.03922580645
763.87 0.04673594306
770.35 0.00506666667
771.63 0.05989679437
854.26 0.00238098465
920.9 0.01593373349
933.1 0.00089704918
937.42 0.0076
938.94 0.00721899736
940.16 0.02688943489
941.46 0.01684988453
942.66 0.01824
944.12 0.0224109215
949.19 0.00517878967
952.55 0.00962857143
953.75 0.01797333333
955.35 0.02022
956.54 0.01821621622
957.71 0.01834013605
959.15 0.02246666667
960.16 0.03231968032
961.91 0.01839226833
963.05 0.02837894737
964.43 0.02344347826
965.76 0.02449053747
967.04 0.02521590023
968.97 0.0167107438
970.11 0.02837894737
971.84 0.00625522042
973.58 0.0123954023
974.75 0.00917006803
976.0 0.02600643087
977.44 0.01497777778
978.88 0.01496738376
980.12 0.01739354839
981.95 0.01175367847
983.69 0.01859310345
984.95 0.00855873016
986.02 0.02025164319
987.08 0.02034716981
988.25 0.01835574468
989.96 0.00632492669
991.48 0.01419881501
992.69 0.01773684211
993.77 0.02995555556
995.78 0.00537855362
997.4 0.01998270537
998.8 0.01539471806
1001.45 0.01218531073
1002.5 0.02065900383
1004.14 0.02628641073
1006.3 0.0099898101
1007.68 0.01562898551
1009.12 0.01497777778
1011.29 0.01486764706
1012.67 0.02344347826
1014.38 0.012657277
1016.86 0.01304516129
1022.18 0.00318796992
1025.54 0.00641904762
1028.56 0.01580927152
1030.49 0.01114049587
1031.86 0.01581231672
1034.08 0.00485547051
1036.31 0.00965011186
1037.88 0.00690839206
1039.31 0.01498818624
1045.24 0.00182069897
1080.86 0.00030271727
1082.68 0.00593832599
1084.22 0.01400519481
1085.3 0.02557050691
1087.02 0.01882024433
1088.12 0.02379636364
1089.6 0.13115675676
1091.04 0.02995555556
1092.12 0.25961481481
1093.18 0.03063636364
1094.44 0.03423492063
1095.9 0.01473224044
1097.08 0.05497366185
1102.46 0.00400668772
1103.56 0.03935766423
1104.72 0.0833814433
1105.8 0.06983163737
1106.82 0.07408047105
1107.96 0.07567719298
1109.24 0.075825
1110.44 0.07189333333
1111.5 0.05081998115
1112.56 0.13288341232
1113.6 0.11362452107
1115.04 0.0374184594
1116.14 0.05887534122
1117.16 0.08491338583
1121.9 0.00876897133
1122.92 0.07400784314
1123.96 0.08319382835
1124.96 0.08601395813
1126.0 0.08327413127
1127.0 0.08592828685
1128.08 0.07980758557
1129.12 0.09377391304
1130.18 0.09121804511
1131.2 0.06362241888
1132.7 0.05022488357
1133.74 0.07286486486
