1.04 0.64190769231
2.13 0.59347058824
3.15 0.2358158668
4.17 0.50428235294
5.24 0.26543283582
6.25 0.46732075472
7.26 0.61008695652
8.27 0.97714285714
9.31 0.25255384615
10.34 0.57265116279
11.34 0.8074336989
12.36 0.80078662734
13.37 0.60860377358
14.37 0.49198801199
15.37 1.64596015936
16.38 1.67817279047
17.4 1.75163173359
18.41 2.23879245283
19.43 1.64605490196
20.43 1.80946613546
21.44 1.47022222222
22.44 1.61809390609
23.48 1.08824615385
24.49 0.70571428571
25.5 0.86599406528
26.63 1.33321985816
27.64 1.54643478261
28.75 1.54495306859
29.75 1.81488911089
30.75 1.49937387836
31.77 1.74500787402
32.79 1.62459607843
33.79 1.86396812749
34.8 1.52450793651
35.81 1.20514285714
36.82 1.24240868707
37.83 0.51479365079
38.83 1.10203788634
39.84 1.68285714286
40.84 1.30557442557
41.85 1.73886792453
42.85 1.48698007968
43.86 1.86742857143
44.87 1.49045787909
45.88 2.12168545994
46.89 1.76546495558
47.9 1.73648269041
48.91 1.95117131474
49.92 1.9726798419
50.93 2.27139622642
51.93 1.81399203187
53.06 1.48845390071
54.07 1.89811694747
55.16 1.24800733272
56.16 1.26823576424
57.17 1.32588679245
58.19 1.18471372549
59.2 1.48154940711
60.2 1.40397202797
61.21 1.5758490566
62.28 1.42328358209
63.29 1.49828571429
64.3 1.28689328063
65.31 1.29650793651
66.31 1.54156243756
67.33 0.87439450442
68.35 1.2768
69.4 1.14324786325
70.41 0.59773584906
71.42 0.48031620553
72.44 0.99783529412
73.49 0.92940458015
74.64 0.0855
75.83 0.17444295302
76.9 0.6696950421
77.91 1.54324528302
78.92 1.50169397828
79.94 0.6670625
80.96 0.61458916256
82.4 0.11392088827
83.41 0.26083018868
84.43 0.82616470588
85.45 0.86280784314
86.47 1.00955446516
87.49 0.94418823529
88.51 1.03002352941
89.59 0.41967407407
90.6 1.25445059289
91.62 0.83689411765
92.67 0.25038703527
93.69 0.50428235294
94.7 0.68646488625
95.7 0.96628571429
96.72 1.15712252964
97.72 0.99944855145
98.73 1.03142857143
99.75 0.78401570167
100.88 0.88300794351
101.89 0.88030188679
102.91 0.60084705882
103.92 0.61641106719
104.96 0.61033846154
106.14 0.4397559322
107.14 0.97304295704
108.15 1.07485714286
109.16 0.95259347181
110.16 1.07598001998
111.17 0.95637735849
112.28 1.3524028777
113.3 1.35058178257
114.31 1.0759245283
115.33 1.16323137255
116.33 1.98387250996
117.34 0.90118065153
118.38 0.57044015444
119.39 0.59714285714
120.4 0.99589317507
121.41 1.07509881423
122.42 1.52933994054
123.43 1.6519245283
124.45 1.31344313725
125.46 1.62213438735
126.47 0.97079365079
127.48 1.50317786561
128.49 1.3562687747
129.5 1.62857142857
130.57 1.29540074906
131.58 1.76271936759
132.59 1.66565079365
133.59 1.8512238806
134.6 1.65643694141
135.61 1.73714285714
136.62 1.52929644269
137.63 1.70457142857
138.64 1.56019743337
139.65 1.78434782609
140.79 0.87180969163
141.8 1.6545770751
142.86 1.52199245283
143.86 1.73835764236
144.89 1.47988360815
145.9 1.50914285714
146.91 1.65028571429
147.92 1.58336758893
149.1 1.49705762712
150.11 1.74626759167
151.12 1.72565776459
152.12 1.88048751249
153.13 1.60209731877
154.15 1.36263529412
155.16 1.41163277394
156.17 1.07322343595
157.19 1.53430588235
158.2 1.34545454545
159.2 1.01373705179
160.21 1.69822222222
161.22 1.49828571429
162.45 1.29174675325
163.45 1.62902697303
164.49 1.59047729469
165.49 1.84768831169
166.49 1.71588844622
167.5 2.33428571429
168.51 1.90639920556
169.58 1.85205970149
170.59 2.11714285714
171.61 1.82845490196
172.61 2.44168924303
173.61 1.6444995005
174.66 1.66632282713
175.66 1.96795204795
176.67 1.41734260179
177.68 1.29642645607
178.69 1.40196226415
179.71 0.9057254902
180.72 2.23633563672
181.73 2.04768222443
182.73 1.89029482072
183.73 1.96795204795
184.75 1.53555862069
185.76 1.64376284585
186.76 1.26519165839
187.78 1.38422134387
188.79 1.52933994054
189.8 1.08698714144
190.8 1.2901018981
191.86 1.06872143532
192.86 1.60716083916
193.9 1.07663037249
194.95 0.35744092219
195.96 0.6539901088
196.98 0.81973540856
198.02 0.57265116279
199.02 1.09766037736
200.04 1.3995256917
201.05 1.70765063788
202.06 1.5133026973
203.06 1.26067924528
204.08 0.91645490196
205.09 1.44910671937
206.1 1.85022222222
207.11 1.56965737052
208.17 1.46959550562
209.18 1.92171428571
210.19 1.3562687747
211.2 1.96795204795
212.2 1.74165079365
213.22 1.97900395257
214.22 1.3086633565
215.22 1.68369230769
216.23 1.07616221563
217.25 1.25534117647
218.26 0.836
219.36 1.03547666972
220.36 1.31501886792
221.37 1.28689328063
222.39 1.00229019608
223.41 1.18023529412
224.42 1.1917042957
225.42 0.95002184707
226.44 0.81543529412
227.45 0.90839525692
228.74 0.4248447205
229.75 0.90207114625
230.76 1.10423976024
231.76 1.01071698113
232.78 0.78770196078
235.24 0.27137560976
236.78 1.68117478882
237.79 1.31933596838
238.81 1.50951724138
239.81 1.19266932271
240.83 0.76178823529
241.84 0.78171428571
242.91 0.85158208955
243.99 0.8816
246.44 0.44705882353
247.44 1.41067729084
248.46 1.2925984252
249.47 1.48154940711
250.49 1.13885883514
251.5 1.38013004926
252.5 1.1817689243
253.51 1.18342857143
254.53 1.28752941176
255.54 0.85390646766
256.54 1.23174501992
257.55 0.99490909091
258.64 0.89941176471
259.65 1.15712252964
260.67 1.13843375859
261.69 0.55792941176
262.72 0.28121400778
263.75 0.39237209302
264.76 0.42300891972
265.78 0.59069676153
266.78 0.41545654346
267.79 0.57372106825
268.97 0.60669830508
269.98 2.17142857143
270.98 2.37701498501
271.99 1.34096442688
273.15 0.08498360656
274.17 0.47209411765
275.18 1.31692368682
276.19 2.11535509397
277.2 2.26017391304
278.21 1.76161744301
279.35 2.06745374449
280.35 2.48281791045
281.36 1.65643694141
282.36 1.76586454183
283.37 1.00237066402
284.41 0.26333012512
285.47 0.17551698113
286.47 0.57945254745
287.48 0.52166037736
288.48 0.69971628372
289.68 0.51493577982
290.7 0.41803721841
291.71 0.47818867925
292.72 1.25445059289
293.83 0.98825899281
294.84 1.11828571429
295.85 0.71373913043
297.0 0.52432055749
298.2 0.05481135225
299.21 1.20368015795
300.22 2.19532075472
301.22 1.55393020937
302.23 1.42228571429
303.23 0.65598401598
304.24 0.62398411122
305.25 0.89669496545
306.27 1.43915210991
307.28 1.48107936508
308.28 1.75496414343
309.29 1.42679365079
310.29 1.49783016983
311.3 1.19029821074
312.31 1.62213438735
313.31 1.5461018981
314.33 1.85800981354
315.33 1.71588844622
316.34 2.0492749004
317.35 1.73476679842
318.43 2.01060740741
319.46 1.73528404669
320.48 2.11814901961
321.48 2.00075124875
322.49 1.50766798419
323.5 2.14098113208
324.51 1.69150988142
325.66 1.52924738676
326.67 1.70864822134
327.68 1.80679365079
328.69 1.77353359684
329.69 1.58983416583
330.7 1.56653677932
331.7 1.60688446215
332.71 2.128
333.71 1.68823176823
334.72 2.03230188679
335.72 1.75949003984
336.79 1.77701872659
337.8 1.72628571429
338.84 1.46707692308
339.84 1.75496414343
340.86 1.49096062992
341.86 1.61325896414
342.88 1.80333858268
343.89 2.19312142152
344.9 1.66730486594
345.92 2.05802938296
346.93 0.76223936696
347.93 1.95622641509
348.95 1.27930503455
349.96 1.85657142857
350.97 1.42255984174
351.97 1.98685714286
352.99 1.45359683794
353.99 1.10423976024
354.99 1.21720754717
356.01 1.21566007905
357.02 0.84601783944
358.03 0.71373913043
359.07 0.77332050048
360.08 1.03816600791
361.11 0.54294163424
362.15 0.26106870229
363.17 0.41844705882
364.18 0.9256119403
365.19 0.3848897716
366.2 1.69241625372
367.21 0.60581602374
368.22 0.47724083251
369.23 0.88131355094
370.23 2.05541658342
371.23 1.81945580933
372.31 1.7720410831
373.33 2.065307393
374.33 1.67730669331
375.34 1.74580259222
376.35 1.24222222222
377.35 1.62695738355
378.37 1.56328387735
379.37 1.84768831169
380.37 1.6129652433
381.39 2.03307509881
382.39 1.75250793651
383.4 2.24548207171
384.41 1.80679365079
385.41 1.7100979021
386.43 2.08354857704
387.43 1.65543256743
388.43 2.34747169811
389.46 1.6503125
390.65 1.53303703704
391.65 1.70288206145
392.67 1.43971513353
393.67 1.18793650794
394.69 1.77353359684
395.69 1.35079365079
396.71 1.54643478261
397.71 1.68736507937
398.73 2.08714624506
399.73 1.69822222222
400.81 1.64428492137
401.83 2.13724828263
402.84 1.97553034826
403.84 2.13860817547
404.85 1.79219123506
405.85 1.97249150849
406.85 2.16271698113
407.87 1.78883794466
408.87 1.92421978022
409.87 1.45936507937
410.89 1.68701976285
411.89 1.30736507937
412.91 1.22321661721
413.91 0.89651148851
414.91 0.3414101291
415.93 0.90749851925
416.93 1.6519245283
417.95 1.17242687747
418.95 1.69462537463
419.96 1.76720948617
420.97 1.86928301887
421.97 1.40507936508
423.0 1.881
424.02 1.6658805093
425.03 1.67366037736
426.05 1.09885490196
427.05 1.08237362637
428.05 0.77085714286
429.09 0.55144186047
430.09 0.55877656405
431.1 1.21962985075
432.11 1.08679245283
433.13 0.58937220603
434.71 0.17327422419
435.73 0.55792941176
436.75 0.76781027668
437.75 0.89028571429
439.0 0.59803194888
440.01 0.684
441.02 0.64885375494
442.03 0.82514285714
443.05 0.75105882353
444.06 0.54520158103
445.07 0.92285714286
446.09 0.99392694965
447.27 0.43333445661
448.32 0.44733079848
449.33 0.58224701195
450.34 0.60321259843
451.36 0.52574117647
452.38 0.55792941176
453.39 0.57542857143
454.57 0.44903050847
455.58 0.36768379447
456.6 0.65449411765
457.62 1.62213438735
458.62 1.66565079365
459.63 1.81488911089
460.66 1.3737342386
461.67 1.68118929633
462.67 1.41734260179
463.69 1.78108235294
464.7 0.92369960474
465.71 1.04228571429
466.73 1.03714116486
467.73 0.87394637537
468.74 1.16793675889
469.75 1.368
470.75 1.11971228771
471.76 1.25479561316
472.76 1.34628571429
473.77 1.13365079365
474.78 1.66776095618
475.78 1.20965079365
476.79 1.824
477.8 1.3561752988
478.8 1.65686055777
479.81 1.22529516288
480.82 1.41846460618
481.82 1.14
482.83 1.02507936508
483.83 1.2901018981
484.85 1.24583316977
485.87 1.04162685094
486.87 1.19547169811
487.89 1.19096470588
488.9 0.71822924901
489.92 1.66539130435
490.92 1.17707936508
491.93 1.26823576424
492.94 1.24583316977
493.96 0.98858498024
494.96 1.40057142857
495.97 1.292
496.98 0.99646215139
497.98 1.23771428571
498.99 1.31650749251
500.0 1.60050592885
501.01 1.48164729064
502.03 1.54490819348
503.03 1.44543396226
504.04 1.1708685259
505.04 1.71649150849
506.05 1.49537611056
507.06 1.43742089552
508.06 1.39422222222
509.07 1.46716981132
510.11 1.21452307692
511.11 1.35299700897
512.12 1.748
513.14 1.61545044161
514.22 1.65594074074
515.23 1.61771428571
516.24 1.52480632411
517.24 1.29464135864
518.26 1.38409411765
519.27 1.1952363996
520.28 1.52
521.29 1.27479365079
522.29 1.78588656716
523.3 1.55862562066
524.31 1.84923320158
525.33 1.50173228346
526.34 1.75190513834
527.36 1.63693032385
528.37 1.78057142857
529.37 1.37660497512
530.38 1.6519245283
531.38 1.66636563437
532.39 1.44910671937
533.4 1.20514285714
534.42 0.83061960784
535.43 1.08679245283
536.43 1.02361791045
537.44 0.80793650794
538.47 0.75366052376
539.48 0.44514285714
540.49 0.65142857143
541.5 0.68129644269
544.42 0.11618630137
545.43 0.22165079365
546.45 1.00856470588
547.48 0.7423255814
548.52 0.32621538462
549.53 0.35895652174
550.54 0.69726984127
551.56 0.67595294118
552.57 0.67314285714
553.58 0.67048221344
554.6 0.62230588235
555.64 0.43103170029
556.66 0.50923650638
557.67 1.35714285714
558.69 1.13731764706
559.69 0.81115537849
560.71 0.91559055118
561.72 0.91920948617
562.74 0.66522352941
563.75 0.38450793651
564.76 0.73536758893
565.76 0.63411788212
566.8 0.33836521739
567.81 0.42175494071
568.82 0.51908300395
569.89 0.4141423221
570.9 0.66982033564
571.92 0.73012757605
572.92 1.00603396603
573.94 0.83143473994
574.96 1.04075294118
576.01 0.3759389313
577.05 0.25231123919
578.07 0.15035917566
579.12 0.10403041825
580.13 0.43428571429
581.14 0.74618181818
582.14 0.51839360639
583.15 1.05001780415
584.16 1.00971428571
585.16 1.04318081918
586.17 1.28241509434
587.17 1.30804780876
588.18 1.20965079365
589.19 1.50914285714
590.2 1.09564461994
591.21 1.46716981132
592.21 1.47155378486
593.22 1.35079365079
594.23 1.91085714286
595.23 1.45863736264
596.23 1.7113625498
597.24 1.40507936508
598.25 1.42369811321
599.26 1.15079841897
600.27 1.368
601.28 1.04898023715
602.3 0.95937254902
603.31 1.21720754717
604.32 0.99490909091
605.33 0.69867195243
606.34 0.83269565217
607.35 0.84769811321
608.38 0.76353488372
609.44 0.43791698113
610.45 0.84685714286
611.45 1.53542686567
612.46 1.06850793651
613.47 1.16286792453
614.48 0.54071146245
615.48 0.54665334665
616.49 0.6520754717
617.5 0.72832379072
618.51 1.152
619.61 1.40185507246
620.64 0.63813411079
622.07 0.01533847232
623.08 0.48472440945
624.49 0.12471794872
628.61 0.03180587236
629.99 1.29707904278
689.36 0.00073726758
691.63 0.05317314488
692.68 0.10412940057
693.74 0.09292075472
694.76 0.106875
695.88 0.07817142857
696.96 0.11146666667
697.98 0.11802352941
699.12 0.11509903593
700.33 0.09097256858
702.7 0.10139629005
704.04 0.10604761905
705.16 0.07838137869
706.2 0.105129683
707.3 0.10944
708.52 0.08970491803
709.64 0.10738983051
710.92 0.09441882353
712.0 0.13173333333
713.26 0.09554285714
714.36 0.10904347826
715.62 0.08685714286
716.72 0.16913454545
717.74 0.16157480315
718.74 0.19620717131
719.84 0.12397080292
720.86 0.1603125
721.92 0.15486792453
722.98 0.19690909091
724.0 0.13948235294
725.02 0.10729411765
726.02 0.21779104478
727.06 0.19033043478
728.12 0.17535155514
729.12 0.09820139581
730.16 0.12676447876
731.24 0.17226666667
732.28 0.10523076923
733.4 0.09771428571
734.46 0.09257142857
735.58 0.09806451613
736.58 0.13067462687
737.62 0.17958301158
738.7 0.15214087118
739.72 0.15021176471
741.62 0.02297952756
743.62 0.18322606516
744.62 0.16111553785
745.94 0.12291793313
746.96 0.17973333333
748.2 0.13003215434
749.22 0.17973333333
752.46 0.05043950617
753.76 0.36483950617
754.8 0.09296551724
755.82 0.17973333333
756.84 0.15858823529
763.62 0.01931790715
764.66 1.08619980601
766.34 0.05682331945
767.5 0.08374115617
768.66 0.12043986254
769.8 0.07581019332
771.15 0.06357553427
772.38 0.06172363042
773.59 0.06207894737
774.6 0.05370517928
775.62 0.0528627451
776.7 0.03994074074
777.81 0.01932616487
779.73 0.02808333333
781.46 0.04376115942
782.82 0.03174098602
784.05 0.02617475728
785.52 0.02946448087
786.57 0.02042424242
787.94 0.02371847507
789.06 0.00962857143
790.41 0.01590560472
791.61 0.01797333333
803.38 0.00091638341
804.46 0.03567407407
805.69 0.04405228758
806.83 0.10809824561
807.97 0.10001403509
808.99 0.12069735553
815.67 0.03736286099
816.88 0.45240924092
817.9 0.1057254902
818.92 0.13744313725
820.06 0.1229754386
821.14 0.11982222222
822.32 0.15536271186
823.33 0.13949452736
825.26 0.04379121447
826.27 0.09666932271
827.32 0.10202459792
828.43 0.12710063463
829.45 0.12674632713
830.74 0.09992895753
831.88 0.14189473684
832.9 0.13744313725
833.92 0.14787071499
835.09 0.12054342218
839.92 0.03790901572
840.93 0.33297211155
842.06 0.43667605634
843.1 0.14516923077
844.1 0.12927872128
845.11 0.15037450199
846.14 0.1458705314
847.17 0.11584375
849.46 0.03757491289
852.52 0.09112679739
853.53 0.10730348259
854.55 0.13757801766
855.61 0.13225660377
856.66 0.15303689688
857.77 0.15628985507
858.82 0.16354881517
859.88 0.15260377358
860.89 0.16111553785
864.88 0.02428828829
865.99 0.35165217391
867.02 0.45800772201
868.04 0.14801568627
869.06 0.15858823529
870.13 0.15188732394
871.2 0.16020798514
872.86 0.01953623188
873.86 0.16111553785
874.96 0.26426277372
876.24 0.1427788162
877.26 0.12687058824
878.28 0.17973333333
879.46 0.12838095238
880.52 0.1317593985
881.54 0.12737007874
882.66 0.1535088968
883.8 0.13243508772
888.62 0.02238737804
890.0 0.60820824295
891.04 0.10409266409
892.1 0.15260377358
893.12 0.1474375
894.5 0.11755813953
896.7 0.06363685883
898.78 0.15998461538
899.9 0.10629390681
900.96 0.16216541353
902.08 0.14494623656
903.14 0.15260377358
904.2 0.15231638418
905.26 0.16323935667
906.26 0.13977268195
907.36 0.14759124088
912.08 0.02513220339
913.4 0.53103030303
914.5 0.1073520362
915.64 0.09501321586
916.72 0.10983703704
917.84 0.09628571429
918.86 0.11629803922
920.06 0.1348
922.46 0.0582192691
924.48 0.17041269841
925.5 0.08458039216
926.52 0.13730852106
927.64 0.11606098655
928.65 0.15921259843
929.67 0.12687058824
930.69 0.12687058824
931.76 0.1317593985
932.84 0.12980740741
940.18 0.01469209809
941.97 0.38428507795
942.98 0.04296414343
944.97 0.03241683367
946.35 0.05470144928
947.84 0.03630976431
949.11 0.02537411765
952.16 0.00708308703
953.2 0.06227526468
954.42 0.06167320261
955.62 0.09885333333
956.64 0.1057254902
957.72 0.08986666667
963.82 0.0214977858
964.94 0.20017809439
965.96 0.0528627451
968.14 0.11327941176
969.15 0.06412685828
970.2 0.05110900474
971.3 0.05903649635
972.4 0.05876839237
973.52 0.0770974084
974.72 0.06269767442
975.84 0.05771989295
977.0 0.06535757576
978.0 0.06444621514
979.08 0.06983163737
980.2 0.05803049327
981.6 0.05376638177
982.62 0.07408047105
983.64 0.09515294118
984.74 0.07842909091
985.88 0.06645070423
986.96 0.0596900369
988.06 0.07871532847
996.62 0.00881457263
997.68 0.26451320755
1000.06 0.20424242424
1001.18 0.06710044444
1002.36 0.05488040712
1003.46 0.08823272727
1004.54 0.07015613383
1005.54 0.075187251
1006.58 0.07286486486
1007.62 0.07251488953
1008.62 0.07526221336
1009.64 0.07400784314
1010.98 0.05650299401
1012.0 0.07371875
1013.1 0.05882181818
1014.16 0.05106060606
1015.26 0.08791304348
1016.38 0.04936917563
