1.01 1.28562290227
2.02 1.69371428571
3.03 1.81225717112
4.04 1.79593650794
5.05 2.18231786772
6.06 1.89553128103
7.07 2.24935968379
8.07 1.7756963037
9.09 1.64605490196
10.1 2.128
11.12 2.06450196078
12.13 2.00063241107
13.14 1.73251241311
14.16 1.853375
15.17 2.20618867925
16.17 1.73196403596
17.18 2.31257142857
18.2 1.73189019608
19.2 1.63958565737
20.21 2.32342857143
21.22 1.55862562066
22.22 1.83675524476
23.24 1.67989008832
24.24 2.12557768924
25.25 1.80500297324
26.26 1.74338033764
27.27 2.24713919052
28.3 2.024375
29.39 1.89311415525
30.39 2.15381418581
31.41 1.89283137255
32.42 2.23657142857
33.43 1.9943083004
34.44 2.11079365079
35.45 2.33587351779
36.46 1.5368897716
37.47 1.94100691017
38.48 1.92984920635
39.49 1.46443478261
40.5 1.824
41.5 1.62868525896
42.51 1.78057142857
43.53 1.73358979392
44.55 1.95275294118
45.56 1.85923488603
46.66 1.87626569609
47.66 1.3557002997
48.68 1.52357647059
49.71 0.80286381323
50.71 0.8502310757
51.72 1.41142857143
52.73 1.19879365079
53.73 1.73316334661
54.74 1.69990863952
55.75 2.00063241107
56.75 1.60076723277
57.76 1.91085714286
58.77 1.15193669634
59.78 1.57272547076
60.79 1.30348565776
61.81 1.06117140059
62.82 1.064
63.84 0.84217468106
64.84 1.15890509491
65.85 1.10414243323
66.85 0.87918481518
67.87 0.75105882353
68.88 0.68467924528
69.88 0.99490909091
70.89 0.891256917
71.9 1.40196226415
72.91 1.52929644269
73.91 1.86955444555
74.92 1.54775769613
75.92 2.07728271728
76.93 1.63905835806
77.93 1.77115684316
78.96 1.05836575875
79.96 1.1990438247
81.13 1.60751328192
82.13 1.63996003996
83.25 1.45152457551
84.25 1.73835764236
85.26 1.58965079365
86.27 1.83485714286
87.47 1.1500315877
88.47 1.37756643357
89.48 1.20156676558
90.49 0.807135778
91.5 0.84685714286
92.71 0.56887128713
93.72 0.36914285714
95.07 0.25093491124
96.08 0.52114285714
97.11 0.41838991271
98.12 1.27028571429
99.13 1.44910671937
100.13 1.26184215784
101.14 1.55411320755
102.15 1.31171569595
103.16 1.54171428571
104.17 1.34545454545
105.18 1.46716981132
106.19 1.35044422507
107.2 1.03593650794
108.21 1.19074183976
109.21 1.20263736264
110.22 1.02507936508
111.23 1.27734124629
112.23 1.21810989011
113.24 1.444
114.25 1.37476557864
115.26 1.15422001982
116.27 1.24363636364
117.31 1.15249278152
118.31 1.10423976024
119.32 1.23771428571
120.32 1.26897211155
121.33 1.444
122.34 1.45120634921
123.36 1.15724435721
124.36 1.85862137862
125.37 1.59418181818
126.38 1.79320754717
127.38 1.50236963037
128.54 1.6172137931
129.56 1.41628235294
130.58 1.29953287537
131.58 1.13065334665
132.58 1.34074900398
133.59 1.216
134.61 1.02374901961
135.63 1.19096470588
136.64 1.10217279047
137.64 1.14797202797
138.66 1.2768
139.67 1.33596043521
140.68 1.38971428571
141.79 1.20477697842
142.79 1.3884995005
143.8 1.44543396226
144.8 1.12614527363
145.81 1.75885714286
146.82 1.28565079365
147.83 1.73027667984
148.84 1.38336507937
149.85 1.71033827893
150.85 1.4805034965
151.86 1.69371428571
152.87 1.55245895153
153.88 1.83303865213
154.89 1.4211541502
155.9 1.76060377358
156.9 1.36023976024
157.91 1.83841897233
158.93 1.56021960784
159.94 1.824
160.96 1.41000784314
161.97 1.60208902077
163.12 1.14793031359
164.12 1.2901018981
165.13 1.26651632047
166.13 0.81358641359
167.14 1.33542857143
168.16 1.18023529412
169.17 0.848
170.18 1.292
171.19 1.40584980237
172.2 1.22050793651
173.22 1.44847058824
174.23 1.11835573123
175.25 1.50211764706
176.33 1.39376459685
177.34 0.96246640316
178.36 1.66796460177
179.37 1.29138339921
180.39 1.63087058824
181.4 1.3725
182.41 1.71946245059
183.42 1.16738033764
184.43 1.46928331688
185.44 1.47657142857
186.45 1.16161264822
187.46 1.34628571429
188.47 1.33596043521
189.48 1.93257142857
190.49 1.21568379447
191.49 0.95117682318
192.5 0.69485714286
193.52 0.85835294118
194.54 0.57143304008
195.56 1.25904424779
