1.28 1.01641875
2.29 0.87089108911
3.38 0.77273394495
4.4 0.96241568627
5.41 0.95651139742
6.41 0.7608951049
7.42 1.1032
8.43 1.17631714569
9.44 1.35104253215
10.64 1.06875333333
11.66 1.10128627451
12.67 1.00563960396
13.68 0.96962537166
14.69 1.01336498516
15.7 1.03171456888
16.7 1.09635164835
17.78 1.19644114921
18.91 1.24444916004
19.93 0.92402747792
20.93 0.38265734266
22.15 0.347097621
23.16 0.32506930693
24.17 0.55654995054
25.49 0.29722517058
26.51 0.51501176471
27.52 0.40083960396
28.52 0.54665334665
29.53 0.39981764123
30.54 0.60739742319
31.55 0.43342574257
32.56 0.21671287129
33.58 0.25750588235
34.58 0.39906493506
35.65 0.4568606174
36.82 0.73072587532
37.95 0.7790159292
39.04 0.79969146006
40.24 0.79389175687
41.26 0.7296
42.29 0.46834596696
43.31 0.74032941176
44.32 0.59487524752
45.34 0.81543529412
46.35 0.72524356436
47.36 0.69303762376
48.39 0.77351456311
49.4 0.9427009901
50.42 0.68631372549
51.53 0.48935495495
52.54 0.67180990099
53.55 0.55321980198
54.56 0.73682376238
55.57 0.38289108911
56.58 0.65013861386
57.59 0.52231516353
58.6 0.73609495549
59.61 0.5731009901
60.62 0.4473419227
61.62 0.62318481518
62.64 0.49764705882
63.65 0.67180990099
64.98 0.17042824944
66.0 0.38701768173
67.17 0.76981196581
68.18 0.92102970297
69.2 0.50985098039
70.34 0.51885513608
71.35 0.38573293769
72.41 0.12389433962
73.44 0.24438058252
74.45 0.29074851485
75.45 0.55758641359
76.46 0.5056933729
77.53 0.28692134831
78.56 0.19125436893
79.57 0.27866005946
80.57 0.64776823177
81.64 0.60345420561
82.67 0.31886381323
83.68 0.73682376238
84.68 0.5777022977
85.69 0.61089108911
86.7 0.64652673267
87.9 0.70700666667
88.92 0.50428235294
89.94 0.5686745098
90.95 0.70431683168
91.97 0.55670264966
92.98 0.61417029703
93.98 0.80904695305
94.99 0.49668910891
96.02 0.48876116505
97.04 0.19142688911
98.06 0.65449411765
99.08 0.49458178257
100.11 0.59559183673
101.13 0.31203921569
102.15 0.48235063663
103.16 0.31299803536
104.19 0.42500970874
105.2 0.40081518482
106.21 0.50477723258
107.43 0.2507147541
108.47 0.49890203686
109.47 0.78718081918
110.51 0.52596727623
111.71 0.77107692308
112.73 0.87981176471
113.74 0.72906930693
114.76 0.99589317507
115.78 0.80018823529
116.79 0.83468514851
117.81 0.81563137255
118.81 1.09548463826
119.82 0.86369108911
120.97 0.99842086957
121.99 1.32064094955
122.99 1.14957383548
124.0 0.87147252747
125.01 1.50933069307
126.12 0.50516756757
127.17 1.06752785647
128.19 1.11585882353
129.21 0.48498823529
130.23 0.64376470588
131.25 0.60954302671
132.31 0.80004490178
133.33 0.76453778214
134.34 0.58038019802
135.34 0.61274725275
136.35 0.64747670961
137.36 0.56100594059
138.44 0.42002590194
139.66 0.54649384742
140.67 0.73682376238
141.68 0.8358019802
142.69 0.93186534653
143.7 0.57620573689
144.74 0.56879307026
145.75 0.65013861386
146.78 0.50508632396
147.79 0.96532804757
148.8 0.84538872404
149.84 0.46759576516
150.85 0.39008316832
151.87 0.24677647059
152.88 0.67101782178
153.95 0.89092336449
154.96 0.69348118812
156.16 0.34656
157.17 0.37981782178
158.19 0.48282352941
159.22 0.45644228904
160.32 0.12933818182
162.49 0.04750922509
163.63 0.06725899912
164.64 0.3355727003
165.65 0.24553663366
166.65 0.55758641359
167.66 0.56531219029
168.72 0.40265660377
169.73 0.23838415842
170.74 0.44659009901
171.76 0.55792941176
172.77 0.40091881188
173.78 0.58189306931
174.8 1.0461254902
175.81 1.26366732673
176.82 1.31478019802
177.82 1.04982217782
178.84 0.78401570167
179.85 0.73941386139
180.87 0.98865882353
181.95 0.70517037037
182.96 0.59655104063
183.97 0.71646290801
184.98 0.70773069307
186.06 0.67753104727
187.06 0.84184615385
188.07 0.60256633663
189.09 1.0944
190.11 0.92705098039
191.13 0.85835294118
192.17 0.64879230769
193.19 0.76253581943
194.2 0.71444510386
195.2 0.72081437126
196.21 0.79378571429
197.22 1.05768087215
198.22 1.1463976024
199.23 1.22674603175
200.37 1.06502366345
201.39 0.79475564279
202.4 0.67197626113
203.54 0.69675856014
204.6 0.96521017908
205.61 1.58448316832
206.62 1.46588701685
207.63 1.28257425743
208.64 1.4692462908
209.84 1.29402
210.85 1.44855445545
211.86 1.24937029703
212.86 1.43496503497
213.86 1.293002997
214.87 1.50532539683
215.88 1.43763726462
216.89 1.16595054402
217.9 1.1129029703
219.11 1.08670413223
220.12 1.32167920792
221.19 1.12553788587
222.19 1.54657342657
223.2 1.46750445986
224.21 1.40079207921
225.21 1.74017182817
226.21 1.61424175824
227.22 1.9808015873
228.22 1.41572027972
229.22 1.96355644356
230.25 1.22284046693
231.25 1.82480719281
232.33 1.44973493976
233.33 1.83824975025
234.34 1.24784158416
235.39 1.5458379409
236.48 1.46013944954
237.48 2.03280719281
238.49 1.39907234886
239.72 1.58148943089
240.72 2.07844155844
241.84 1.55755
242.97 1.58474402126
243.97 1.82996203796
244.98 1.33447920792
245.99 1.82605351833
247.0 1.68019782394
248.03 1.07639261419
249.03 1.29214785215
250.04 0.66592666006
251.05 1.15056633663
252.06 0.90336633663
253.08 1.14030588235
254.09 0.87798811881
255.1 0.90841188119
256.12 1.0976
257.13 0.87398811881
258.18 0.51675881792
259.27 0.22068560953
260.31 0.42888461538
261.32 0.44470168484
262.34 0.48144955926
263.35 0.856864222
264.36 0.65745742574
265.38 0.67086947988
266.39 0.97520792079
267.4 0.27135113749
268.41 1.0087135778
269.44 0.73476624636
270.51 0.71932647334
271.53 1.05148235294
272.53 0.75996803197
273.54 0.83248316832
274.56 0.77206673209
275.59 0.77330485437
276.59 0.92931068931
277.6 0.70100297324
278.61 0.98506824926
279.62 0.79066798811
280.76 0.69547368421
281.76 0.89651148851
283.13 0.43309276844
284.16 0.99974344023
285.16 0.68955044955
286.17 0.83517145689
287.37 0.55260666667
288.38 0.7584950495
289.59 0.50281652893
290.6 0.6067960396
291.61 0.50080792079
292.77 0.55472413793
293.78 0.69348118812
294.78 0.64964635365
295.78 0.89344255744
296.79 0.76765079365
297.8 0.48825321464
298.81 0.75863627354
299.82 0.8924470821
300.83 0.73159960357
301.84 0.91500692384
302.85 1.23526336634
303.86 0.74185346535
304.92 1.00435882908
305.94 0.97545151812
306.95 0.69416848365
307.96 0.68693069307
308.98 0.6920627451
310.0 0.74032941176
311.01 0.62991683168
312.02 0.72104554455
313.02 0.66691708292
314.04 0.66009028459
315.05 0.9427009901
316.1 0.47731047619
317.32 0.35852579853
318.83 0.20293509934
319.84 0.48656491576
320.88 0.34726153846
321.96 0.1824
322.97 0.36160792079
323.98 1.34372249752
325.0 0.31084818805
326.05 0.59147428571
327.15 0.97055272727
328.2 0.91913904762
329.21 1.18444356436
330.22 1.0393029703
331.23 0.7620039604
332.24 1.03166732673
333.26 0.9403046875
334.46 0.76956521739
335.47 1.00678019802
336.48 1.04366732673
337.49 0.98968712871
338.5 0.99717227723
339.53 0.39313398058
340.55 0.17167058824
342.8 0.0875909293
343.81 0.39472997033
345.05 0.38718966909
346.07 0.50428235294
347.07 0.38925874126
348.12 0.26081982841
349.13 0.49956083086
350.15 0.63512463199
351.16 0.76865742574
352.34 0.46262489416
353.35 0.72868186323
354.35 0.63739460539
355.36 0.3702913776
356.4 0.49562307692
357.42 0.52032941176
358.42 0.68604179104
359.66 0.52844012945
360.67 0.73286818632
361.69 0.68817254902
362.71 0.54818039216
363.86 0.64685317116
364.87 0.88240237859
366.03 0.46103448276
367.1 0.44591401869
368.11 0.56032475248
369.13 0.55195294118
370.15 0.6472627451
371.17 0.53030588235
372.18 0.75148514851
373.2 0.72640784314
374.26 0.60575306315
375.28 0.66210894942
376.3 0.8085776459
377.3 0.74481665015
378.42 0.63229522952
379.42 0.71926263627
380.43 0.78495104895
381.44 0.64445142296
382.45 0.76926147705
383.45 0.81631746032
384.46 0.80543366337
385.48 0.51022745098
386.49 0.65586413586
387.49 0.76795204795
388.92 0.6411349096
389.94 0.81721859545
390.99 0.73342398489
392.19 0.88932
393.21 1.01179030663
394.21 0.78321506442
395.39 0.99520677966
396.4 1.04786413586
397.49 0.95243676069
398.56 0.98735700935
399.57 0.94208316832
400.77 0.84988666667
401.82 0.91433142857
402.88 0.90248301887
403.9 0.90354896142
404.97 1.0850639481
405.98 1.12092707293
406.98 1.01275718533
407.99 0.88007128713
409.0 1.08398415842
410.01 1.14998601399
411.01 1.08629534192
412.03 1.25830267062
413.03 0.99946878097
414.04 0.93428910891
415.05 0.83092277228
416.06 0.65973861386
417.21 0.71893565217
418.41 0.92044
419.63 0.54247087777
420.63 0.66572627373
421.64 0.78686113886
422.65 0.69804137931
423.65 0.65562512463
424.66 0.21649851632
425.67 0.35017029703
426.68 0.66198811881
427.89 0.65884958678
429.1 0.57677870216
430.1 1.19663952334
431.49 0.47012374101
432.69 0.3026
433.7 1.11807333994
434.7 1.12202197802
435.7 1.05561638362
436.71 1.00409117939
437.71 1.27815384615
438.72 1.35329236868
439.72 1.4960959041
440.78 1.1913578848
441.79 1.53841030723
442.97 1.01232176122
444.03 1.26951698113
445.03 1.33086113886
446.04 1.55635282458
447.24 1.12751959967
448.24 1.6473046953
449.3 1.23889056604
450.31 1.54115024876
451.31 1.65511553785
452.31 1.26197802198
453.32 0.97578443114
454.49 1.4394902294
455.49 1.13871728272
456.5 1.06171655104
457.51 1.32155247525
458.52 0.48335049505
459.52 1.23168031968
460.53 1.1893518335
461.74 1.00655326177
462.74 1.26328871129
463.75 1.34332539683
464.76 0.94506930693
465.76 1.45465734266
466.76 1.51293506494
467.77 1.63733597621
468.79 1.17834509804
469.8 1.43151635282
470.82 1.33415083252
471.82 2.12604195804
472.86 1.45861271676
473.86 1.93927672328
474.87 1.38377821782
475.87 1.91803396603
476.88 1.86483250743
477.89 1.71722497522
479.02 1.49569557522
480.04 1.94245490196
481.04 1.14547052947
482.06 1.51967058824
483.06 1.20530669331
484.27 0.83962251656
485.27 1.16698501499
486.28 1.18622001982
487.4 0.96090714286
488.41 1.10283564356
489.41 1.29447352647
490.42 1.0635
491.43 0.80120276954
492.45 0.59022745098
493.46 0.72670763132
494.48 0.63347306562
495.49 0.81403564356
496.64 0.9882573913
497.66 1.24973333333
498.67 1.47953267327
499.68 1.54055445545
500.8 1.26798571429
502.04 1.38444516129
503.27 1.12916422764
504.29 1.14963921569
505.29 1.10988211788
506.3 1.15934126984
507.39 0.86714862385
508.4 1.10633102081
509.4 0.90742057942
510.41 0.9924990099
511.41 0.8355004995
512.42 0.92194251734
513.44 0.67206280667
514.48 0.54861863593
515.49 0.91109613479
516.49 1.05128471528
517.49 1.19850549451
518.67 0.92778286684
519.67 0.89651148851
520.67 0.97916483516
521.68 1.34903379722
522.69 0.94513946588
523.72 0.77380758017
524.9 0.78767769296
525.92 0.95033104799
526.94 0.97365490196
527.95 1.02860654113
528.95 1.09397802198
529.96 1.1977086224
530.99 0.89703300971
531.99 1.47378221778
533.0 1.42748860258
534.01 1.2699147671
535.02 1.50080316518
536.12 1.22997634213
537.12 1.43223176823
538.13 0.67066005946
539.14 1.13774257426
540.17 0.46849272551
541.25 0.22211070111
542.26 0.75204780876
543.27 1.02746138614
544.27 1.43784215784
545.28 1.19180971259
546.29 1.34606732673
547.4 0.77267027027
548.42 1.01929411765
549.44 0.83333202742
550.53 0.83928007346
551.54 1.30027722772
552.55 0.86443564356
553.56 1.06821386139
554.57 0.95988118812
555.58 1.2460990099
556.6 0.89933333333
557.61 1.18434817013
558.62 0.88896729435
559.64 0.41551372549
560.65 0.9427009901
561.66 0.60697821782
562.72 0.88228679245
563.73 0.65013861386
564.76 0.64813980583
565.78 0.45621176471
566.79 0.59596039604
567.98 0.54636638655
569.0 0.50428235294
570.02 0.55847693817
571.09 0.39619439252
572.11 0.55792941176
573.13 0.59011764706
574.14 0.52509594461
575.15 0.49651485149
576.16 0.69348118812
577.22 0.61585646837
578.23 0.67114540059
579.24 0.71515247525
580.26 0.45656526006
581.27 0.80183762376
582.27 0.76531468531
583.28 0.51402973241
584.29 0.66032047478
585.3 0.85601584158
586.31 0.69287128713
587.32 0.96437227723
588.33 0.8766970297
589.4 1.02940318054
590.4 1.07144055944
591.41 0.66625173439
592.43 0.76178823529
593.45 0.57241568627
594.48 0.65876504854
595.53 0.46870095238
596.55 0.46091283056
597.59 0.51612704524
598.61 0.56754598826
599.62 0.44214285714
600.63 0.68264554455
601.76 0.50159292035
602.77 0.6393029703
603.78 0.73682376238
604.79 0.48325544554
605.8 0.56345346535
606.82 0.47209411765
607.84 0.35501176471
608.85 0.4876039604
609.87 0.46136470588
610.9 0.31875728155
611.93 0.31875728155
612.93 0.28793606394
613.96 0.35097376093
614.97 0.24921980198
616.05 0.1824
617.15 0.11938909091
618.23 0.11146666667
619.24 0.45953267327
620.27 0.45688543689
621.82 0.09884903226
622.83 1.01855049505
623.84 0.70535968379
624.85 0.61885714286
625.9 0.59410285714
626.93 0.23375533981
627.94 0.40091881188
628.95 0.90658217822
629.96 1.03842376238
630.98 1.08367058824
631.99 0.54998811881
633.01 0.95491764706
634.03 0.92857254902
635.04 1.53866138614
636.04 0.77797423191
637.52 0.15623657376
638.65 1.1026619469
639.75 0.37806545455
640.76 0.76933069307
641.77 0.81470891089
642.79 0.77251764706
643.8 1.01855049505
644.82 0.71461176471
645.84 1.01929411765
646.85 0.86575841584
647.88 1.03064854369
648.89 0.89935841584
649.9 0.67318547596
650.91 0.89935841584
651.92 0.90744455544
652.94 0.90127058824
654.64 0.07687507331
655.65 1.90986666667
656.65 0.856864222
657.66 0.91109613479
658.68 0.8065254902
659.68 0.87464535465
660.69 1.13703896104
661.69 0.91666997027
662.7 1.22442772277
663.72 1.14804705882
664.73 0.76160792079
665.74 1.24733399405
666.88 0.82056441718
667.91 0.98814757282
668.92 1.38696237624
669.93 1.0632950495
671.18 1.14170056045
672.19 1.36664420218
673.2 1.20275643564
674.21 1.24486646884
675.22 1.16362338949
676.23 1.32064094955
677.39 1.26543572045
678.4 1.30027722772
679.41 1.11496735905
680.51 1.24044363636
681.53 1.53732023576
682.54 1.32194851485
683.54 1.22009190809
684.55 1.45341526264
685.56 1.72116320475
686.57 0.91514767096
687.58 1.01754302671
688.59 1.60526461843
689.78 0.79943576826
690.8 0.74333202358
691.81 1.32194851485
692.82 0.92102970297
693.83 1.27860594059
694.84 1.34356435644
695.84 1.06050749251
696.85 1.19310208127
697.88 0.9553443259
698.95 0.23546492049
699.96 0.1516990099
701.03 0.08182429907
702.38 0.02432
703.42 0.29464615385
745.49 0.00078035795
747.0 0.02906772908
748.31 0.00832876712
749.42 0.01986206897
753.85 0.00246820027
754.85 0.09820139581
755.93 0.091454039
757.21 0.0941971831
758.25 0.11586525505
759.31 0.07213559322
760.91 0.02801748907
762.07 0.07554098361
763.09 0.11802352941
764.09 0.10911266201
765.25 0.12286010363
766.27 0.15035917566
767.29 0.08583529412
768.33 0.13706358382
769.37 0.13640651965
772.35 0.02572464741
773.43 0.14160443623
779.81 0.03082187059
780.85 0.74954676953
781.93 0.12137523105
783.23 0.11794919169
784.37 0.17295171203
785.43 0.1655047259
786.47 0.17854894434
787.83 0.12097273397
788.95 0.16581818182
790.01 0.15457627119
791.07 0.18672227488
792.11 0.15724137931
793.17 0.15516068053
794.23 0.15486792453
795.23 0.15291017964
796.29 0.15545454545
797.33 0.15754318618
798.55 0.01487213115
799.57 0.09637573386
800.59 0.1829380531
801.61 0.12825
802.77 0.16108051948
803.77 0.17475449102
804.79 0.15035917566
805.79 0.15291017964
806.83 0.15815028902
807.87 0.14746487007
808.91 0.15754318618
809.95 0.13693166506
810.97 0.15021176471
812.03 0.14440716305
813.37 0.11442569081
814.4 0.17923699422
815.41 0.15306293706
816.43 0.15006464251
817.43 0.15306293706
818.49 0.15516068053
819.61 0.12680213904
830.2 0.02168190404
831.26 1.37336329588
832.27 0.10922155689
833.39 0.1366779661
834.43 0.11586525505
835.43 0.12026373626
837.38 0.02012468063
838.43 0.07337931034
839.64 0.09891865242
840.89 0.09677170418
842.1 0.099
843.23 0.06827807487
844.38 0.06621261884
845.84 0.04497534247
846.89 0.03150863724
847.91 0.06437647059
849.2 0.02531380108
850.25 0.03147842761
851.46 0.0089778507
872.01 0.00159797527
873.57 0.02104615385
874.71 0.20177699737
875.77 0.05152542373
876.79 0.05369970559
877.99 0.07296
879.01 0.07503232125
880.15 0.06714110429
881.39 0.08811594203
882.49 0.08978669098
883.79 0.07570791699
884.85 0.08283065279
885.87 0.09656470588
886.91 0.10502879079
887.95 0.09489017341
888.99 0.08418461538
890.07 0.10152133581
891.07 0.12014371257
898.19 0.01841416128
899.21 0.80259628543
900.31 0.10963934426
901.35 0.11597687861
902.69 0.08130757801
903.81 0.09815246637
904.87 0.13421886792
905.87 0.10889552239
907.27 0.10198709677
908.33 0.08236312324
909.45 0.12759820628
910.85 0.10905053381
911.89 0.16869364162
912.93 0.10543352601
914.03 0.09922030825
915.19 0.09434482759
916.29 0.0998540146
917.41 0.08778609626
918.49 0.08106666667
919.63 0.096
920.79 0.09442622951
921.83 0.09398473282
922.87 0.148321394
923.93 0.12354468485
924.99 0.12424597919
925.99 0.17492907093
927.03 0.14774927676
928.09 0.13396610169
929.13 0.15799807507
930.19 0.15472196041
931.37 0.11101267963
932.39 0.15006464251
933.41 0.13948235294
934.55 0.1248
935.59 0.15815028902
936.83 0.11445856798
937.87 0.17940983607
938.87 0.12002392822
939.91 0.16901930502
944.73 0.0136147626
945.75 0.36623622047
947.97 0.21280576836
948.99 0.07503232125
950.07 0.14186666667
951.29 0.16080979592
952.31 0.15021176471
953.33 0.11825540275
954.45 0.06858370636
955.45 0.14198802395
956.77 0.10794537178
958.05 0.09405
959.11 0.10314797361
960.27 0.09402061856
961.49 0.09891865242
962.55 0.14495364238
963.69 0.1054150613
973.01 0.01405899389
974.03 1.20786600985
975.07 0.15799807507
976.25 0.12962436548
977.42 0.15806966865
978.43 0.19581709742
979.46 0.15891577928
980.48 0.12862683643
981.55 0.17535155514
982.55 0.15306293706
983.58 0.12652023121
984.65 0.16472624647
985.67 0.15021176471
986.87 0.15478202995
987.91 0.15845559846
988.99 0.11136355227
990.27 0.17871228616
991.59 0.13315893536
1013.51 0.00898727132
1014.67 2.65337704918
1015.97 0.08418461538
1016.97 0.163996004
1017.98 0.11837168142
1018.98 0.1311968032
1020.0 0.11802352941
1021.07 0.11324929445
1022.22 0.02296283492
1023.26 0.06319923003
1024.34 0.10142724745
1025.39 0.08394247363
1026.47 0.0912
1027.5 0.08434682081
1028.72 0.09867540984
1029.74 0.07503232125
1030.82 0.06085634847
1031.94 0.05857627119
1044.91 0.01263716268
1047.17 0.01952638581
1048.17 0.33866933067
1049.27 0.10977252047
1050.49 0.08086699507
1051.79 0.08386206897
1053.21 0.10026215645
1054.45 0.06198058252
1055.47 0.08583529412
1056.53 0.08244067797
1062.61 0.02877209149
1063.71 0.40666666667
1064.97 0.10431135822
1066.03 0.08275236295
1067.07 0.11553166987
1068.17 0.09967213115
1069.17 0.0982994012
1070.19 0.09656470588
1071.21 0.09656470588
1072.27 0.10305084746
1073.59 0.0747881549
1074.67 0.10152133581
1075.95 0.05961712062
1076.97 0.09665947007
1078.01 0.09489017341
1079.09 0.10133333333
1080.15 0.10314797361
1081.23 0.11136355227
1082.29 0.13459981079
1083.37 0.09128452271
1084.49 0.06827807487
1085.57 0.07093333333
1086.59 0.08591952895
1087.61 0.09647012733
1088.65 0.09479884504
1089.75 0.09931034483
1090.85 0.0892173913
1091.95 0.10021978022
1092.97 0.09656470588
1094.03 0.09274576271
1095.03 0.0983976024
1096.11 0.10133333333
1097.23 0.09797672337
1098.31 0.10133333333
1099.31 0.0983976024
1100.39 0.08069308756
1101.41 0.0754015748
1102.45 0.05261538462
1103.45 0.06546759721
1105.13 0.05220751342
1106.55 0.08477746479
1107.75 0.09104825291
1120.58 0.01021366789
1121.7 1.30726559715
1122.71 0.13067462687
1123.73 0.12913274336
1124.85 0.12691525424
1125.91 0.15516068053
1127.01 0.10864981949
1128.05 0.11653823814
1129.13 0.13173333333
1130.13 0.163996004
1131.23 0.10911332729
1132.62 0.00646197991
1133.77 0.04795793164
1134.99 0.08941176471
1136.09 0.10983941606
1137.11 0.1179079334
1138.2 0.09967213115
1139.22 0.05175686275
1140.45 0.12517647059
1141.47 0.12887929342
1142.57 0.11960655738
1143.6 0.04777670837
1144.67 0.11346277097
1145.69 0.09647012733
1147.05 0.09628152493
1148.22 0.10254173765
1149.33 0.0787524932
1152.91 0.03055276382
1154.11 0.07289925062
1155.39 0.05994366197
1157.07 0.02605714286
1157.36 0.0
