1.04 0.03144827586
2.35 0.07547586207
3.8 0.08648931771
4.83 0.16639067055
5.84 0.06501386139
7.29 0.04525430737
8.4 0.04934174932
9.53 0.07741114058
10.59 0.12401133144
11.61 0.10729411765
12.68 0.08182429907
13.7 0.08583529412
14.72 0.11802352941
15.77 0.13549714286
16.79 0.09656470588
17.87 0.06074375578
18.93 0.08259622642
20.14 0.09957320099
21.14 0.42638961039
22.15 0.43299703264
23.2 0.3014017094
24.5 0.19437220077
26.12 0.1216
27.13 0.19523488603
29.04 0.02861924686
30.1 0.09300849858
31.18 0.08114179796
32.3 0.02931428571
33.35 0.04165176023
34.49 0.05765057068
35.64 0.02854956522
36.72 0.0608
37.8 0.0912
39.02 0.04485245902
40.11 0.02008073394
41.44 0.02468571429
42.49 0.02084571429
43.5 0.04716039604
44.61 0.06263063063
45.74 0.0454439541
47.1 0.01897126013
49.23 0.02569014085
50.3 0.0613682243
51.4 0.01989818182
52.52 0.02931428571
53.63 0.01971891892
55.02 0.01574676259
56.03 0.03244268775
57.05 0.04300196464
58.33 0.0357
59.47 0.0288
60.49 0.04295976447
61.67 0.0649220339
62.79 0.04885714286
64.12 0.04114285714
65.18 0.06200566572
66.19 0.08659940653
67.47 0.05985
68.77 0.02525538462
70.22 0.02547412008
71.23 0.04329970326
72.26 0.05312621359
73.32 0.05162264151
74.54 0.03588196721
83.56 0.0145232133
84.56 0.60197008973
85.61 0.21885878963
86.63 0.32188235294
87.64 0.26656379822
88.65 0.16253465347
89.68 0.14875339806
91.58 0.02988210526
92.64 0.75768083097
93.65 0.88864158416
94.77 0.66535
95.78 0.67074727453
96.78 0.80448351648
97.79 0.72946312684
98.84 0.46425335893
99.94 0.30378181818
101.37 0.12227932961
102.4 0.35592996109
103.41 0.74169732938
104.43 0.74013712047
105.44 0.92685714286
106.48 0.62855384615
107.5 0.5964627451
108.52 0.74512156863
109.52 0.81603996004
110.53 0.82826930693
111.54 0.75518731417
112.54 0.84220937188
113.78 0.94868699839
114.79 1.07405148515
115.8 0.91109613479
116.81 0.74730761622
117.83 1.43863105836
118.9 1.20699072356
120.13 1.29914796748
121.14 0.94363528246
122.17 0.89641165049
123.19 0.7296
124.2 0.8723165183
125.21 0.77009316155
126.37 0.54008275862
127.38 0.70431683168
128.39 0.62846732673
129.42 0.28174757282
130.43 0.55261782178
131.44 0.88932937685
132.45 1.17022001982
133.45 1.2708971029
134.46 0.86015049505
135.48 1.19876862745
136.48 1.16217382617
137.49 0.89592063492
138.49 1.0893026973
139.49 1.2992047952
140.63 1.26852724077
141.64 1.63539009901
142.77 1.51941946903
143.78 1.74453861386
144.79 1.12914965312
145.8 1.41944664032
146.81 1.48388095238
147.83 1.5500627451
148.84 1.64701782178
149.85 1.24377448071
150.86 1.3846970297
151.97 1.45428158845
152.97 1.59622777223
153.98 1.23138949455
154.99 1.45593688363
156.0 1.8512238806
157.01 1.36881584158
158.02 1.37518334985
159.02 1.46117082917
160.04 1.61869803922
161.11 1.5770317757
162.11 2.14288111888
163.11 1.59625174825
164.12 2.07475916749
165.12 2.09652694611
166.14 1.98823575639
167.15 2.47542857143
168.16 1.71802967359
169.16 1.70396003996
170.17 2.25604757185
171.17 1.82204195804
172.18 2.41634851485
173.18 2.02931468531
174.19 2.01009316155
175.42 1.98254427295
176.44 1.41448330059
177.49 1.44928
178.5 1.59283960396
179.57 1.31974555659
180.58 1.56033267327
181.58 1.3557002997
182.59 0.80864950495
183.59 1.5196963037
184.6 1.12317460317
185.6 1.4868971029
186.62 1.00316388616
187.63 1.26777029703
188.63 1.06050749251
189.64 0.89622200198
190.64 1.15151248751
191.66 0.94105593719
192.66 0.71064935065
193.67 0.73786138614
194.82 1.19106620209
195.85 1.02002330097
196.86 0.6529297725
198.06 1.16015986678
199.17 1.42322743682
200.17 2.05541658342
201.18 1.45538156591
202.47 1.39583875969
203.47 2.05541658342
204.48 1.3831049505
205.49 1.48402775025
206.49 1.74865004985
207.5 1.76137574553
208.5 2.03355044955
209.51 1.65848166501
210.51 1.79630769231
211.52 2.08250545094
212.52 2.26088622754
213.52 0.38748451548
214.53 1.73886792453
215.53 1.33659140859
216.54 1.56187908821
217.54 1.12047105788
218.55 1.68285714286
219.56 0.85973861386
220.56 1.39803592814
221.59 1.04145525292
222.6 1.18488188976
223.6 1.23297308076
224.61 0.79857425743
225.63 0.95491764706
226.66 1.08260920666
227.66 1.10491816367
228.77 1.24868817204
229.77 1.50876323676
230.78 1.22562376238
231.79 1.25603996004
232.79 1.24381746032
233.8 1.57279041916
234.81 1.23081889764
235.85 1.2370144648
236.85 1.59145816733
237.86 1.1703468781
238.88 1.23181978452
239.89 1.48595441031
240.89 1.20552247752
241.91 1.53732023576
242.92 1.24289395441
243.93 1.39918334985
244.93 1.27916883117
246.06 0.73003185841
247.07 1.08356435644
248.08 1.12690693069
249.09 0.98604356436
250.1 0.46737760159
251.12 0.61157647059
252.16 0.47353846154
253.24 0.48153333333
254.24 1.32335664336
256.48 0.43735236396
257.49 1.11939622642
258.49 1.02312437811
259.5 1.48437014925
260.59 1.71767765568
261.68 0.722375
262.69 1.61255445545
263.69 1.7381978022
264.7 1.59544444444
265.71 1.53734520277
266.75 1.22185178056
267.86 0.20704864865
268.87 0.34138613861
269.88 0.71515247525
270.89 0.65013861386
272.64 0.11250256996
273.69 0.47990848427
274.72 0.27625631068
275.73 0.41886732673
276.78 1.02902857143
277.91 1.16757597173
278.97 0.97050566038
279.98 1.35843650794
281.16 1.10261134632
282.16 1.79575624376
283.17 1.5934826561
284.18 1.73789119683
285.19 1.89684920635
286.4 1.30523636364
288.05 0.84796125908
289.12 0.72727340824
290.34 1.33725901639
291.34 1.79347852148
292.35 1.45214285714
293.36 1.32180594059
294.36 1.94608591409
295.37 1.39081070367
296.38 1.75537425743
297.38 1.87562037962
298.38 1.8306013986
299.39 2.15843012884
300.41 1.77705201178
301.42 1.94856237624
302.42 2.32874325674
303.43 2.29085714286
304.44 1.72592475248
305.45 2.2339077527
306.46 1.47119280719
307.46 2.25604757185
308.47 1.62434365634
309.51 1.76156339371
310.52 2.44900699301
311.52 1.89426984127
312.54 1.83724383021
313.54 2.52519563059
314.55 1.8292990099
315.55 1.94618981019
316.61 2.05089329556
317.62 2.65477844311
318.62 2.09511377246
319.62 2.00566202783
320.63 1.99711776447
321.63 1.84513492063
322.63 1.98968231768
323.89 1.65288253968
324.9 1.78057142857
325.9 1.41455344655
326.91 1.77147169811
327.91 1.53637562438
328.91 1.83729070929
329.95 2.02647930703
331.12 1.98794529915
332.13 1.85473141724
333.13 2.11008191808
334.14 1.47050941526
335.14 2.20847952048
336.14 2.29594405594
337.14 1.66440759241
338.15 1.90188679245
339.16 1.73595247525
340.17 1.68118929633
341.18 0.99445544554
342.18 1.33383416583
343.18 1.29861615155
344.19 1.34896222664
345.21 0.92272941176
346.22 0.90210693069
347.23 1.24857142857
348.28 0.58288
349.29 0.18420594059
350.3 0.54178217822
351.31 0.65013861386
352.33 0.46683137255
353.37 0.10533205005
354.39 0.67595294118
355.46 0.27615700935
356.48 0.12862683643
357.49 1.02057142857
358.49 1.02856343656
359.53 0.57932627526
360.54 0.68722376238
361.55 0.88852277228
362.56 0.94511481845
363.58 0.69098823529
364.6 0.89054117647
365.62 0.55865098039
366.64 0.78324705882
367.65 0.59341782178
368.66 0.92838323353
369.68 0.66815564202
370.69 0.69777425743
371.71 0.69792941176
372.73 0.77282041217
373.74 0.80697131553
374.75 0.95655445545
375.76 0.89965940594
376.78 0.95315294118
377.79 1.04345346535
378.8 1.07986534653
379.81 1.03515247525
381.17 0.60927058824
382.32 0.88503652174
383.34 0.33560784314
384.35 0.88852277228
385.38 0.58398445092
386.4 0.67529089128
387.53 0.57177345133
388.56 0.69131195335
389.79 0.40066287571
390.8 0.67180990099
391.81 0.66335841584
392.83 0.58052652259
394.0 0.60110769231
395.02 0.71887058824
396.16 0.46611413521
397.17 0.55261782178
398.19 0.42875612145
399.2 0.4424
400.21 0.52011089109
401.22 0.53025173439
402.23 0.75461660079
403.36 0.7428166519
404.36 0.92931068931
405.38 0.72920902846
406.4 0.98807458292
407.4 0.92232335329
408.5 0.9087723133
409.51 1.32194851485
410.51 0.83168031968
411.74 0.86013995118
412.75 1.04125272547
413.86 0.90111451758
414.86 1.11517282717
415.89 0.8862368932
416.89 0.94202597403
417.9 0.89215079365
418.93 0.76576093294
419.94 0.45117938553
420.97 1.21530029155
421.97 1.20541035857
422.98 1.44615873016
424.05 1.23357009346
425.12 1.27938634238
426.12 1.86955444555
427.13 1.43253069307
428.13 1.79302297702
429.14 1.41323809524
430.23 1.30982018349
431.24 1.79871683168
432.26 1.5476
433.26 1.62985814186
434.26 1.69408191808
435.34 1.65458998145
436.36 1.22315294118
437.36 1.01576047904
438.4 0.87220809249
439.43 0.5737631068
440.45 0.42917647059
441.46 0.40091881188
442.46 0.84935064935
443.61 1.81180852916
444.62 2.04793663366
445.63 1.28603564356
446.66 1.21478058252
447.66 1.53062937063
448.67 1.03727254708
449.67 1.24636963037
450.68 1.07834920635
451.84 1.25077241379
453.07 1.30876747967
454.3 1.35741788618
455.46 1.40906206897
456.72 1.05013798573
457.73 0.90011881188
458.74 1.15961149653
459.87 1.25405309735
460.96 1.28453479853
462.06 1.52701639344
463.11 1.40780952381
464.12 1.48448316832
465.13 1.06667722772
466.17 1.24876153846
467.18 1.44114059406
468.18 1.10984215784
469.19 1.00431318137
470.22 1.22701359223
471.23 1.47364752475
472.24 1.0984950495
473.25 1.13078295342
474.26 1.41946930693
475.27 1.2315727003
476.27 1.20052747253
477.47 1.17004805302
478.48 1.64701782178
479.49 1.35860939061
480.49 1.65949653122
481.5 1.25612685828
482.5 1.53542457542
483.51 1.57519127849
484.68 1.70716994022
485.69 2.21941258741
486.69 1.68962065541
487.77 1.68808880666
488.78 1.97047920792
489.79 1.99222178218
490.8 1.80833300297
491.81 1.86399209486
492.82 2.00908730159
493.82 1.99052947053
494.83 2.04962537166
495.84 2.0163960396
497.09 2.11226901521
498.09 2.54486227545
499.1 1.83172194638
500.1 2.06891508492
501.1 1.81041117764
502.11 1.66726984127
503.19 1.70941481481
504.21 1.89910588235
505.22 1.17632507433
506.34 1.54057857143
507.35 1.9593115727
508.35 1.49279041916
509.45 1.9170564663
510.45 2.45994005994
511.46 1.84588305253
512.47 2.3404990099
513.47 2.04448351648
514.49 1.30972888016
515.5 1.84205940594
516.52 1.38130980392
517.53 1.55103270565
518.54 0.87251485149
519.54 1.08237362637
520.55 1.21371655104
521.57 0.63112941176
522.58 1.7896531219
523.59 1.08827722772
524.6 1.10633102081
525.6 0.68481118881
526.61 0.86685148515
527.62 0.85761744301
528.62 0.74344855145
529.93 0.45983193277
530.94 0.47261050545
531.94 0.49198801199
532.95 0.5057699115
533.97 0.24897329377
535.12 0.1995
536.13 0.42808325074
537.13 0.75438161838
538.19 0.36483175803
539.2 0.45464688427
540.21 0.82350891089
541.22 0.55280079286
542.23 0.17302766798
543.24 1.06081268583
544.24 1.18411188811
545.25 1.04143508424
546.26 0.88316352825
547.27 1.02170524233
548.28 1.19606739346
549.31 0.64856644035
550.31 1.14672527473
551.41 0.82060473588
552.46 0.4373434824
553.48 0.35441805692
554.49 0.49843960396
555.49 0.82396003996
556.5 0.74902675917
557.5 0.73731868132
558.53 0.86106899903
559.53 0.88202997003
560.55 0.79677330716
561.71 0.96180667237
562.84 0.80054237288
563.86 0.61686297376
564.87 0.55973861386
565.91 0.67347692308
566.92 0.56345346535
567.93 0.52963960396
568.96 0.6228038835
569.97 0.70431683168
570.99 0.58554509804
572.01 0.64170128586
573.09 0.51252892562
574.1 0.47912079208
575.12 0.67595294118
576.13 0.56774653465
577.14 0.61252277228
578.3 0.68846896552
579.52 0.80707540984
580.55 0.15937864078
581.58 0.61626407767
582.59 0.52718334985
583.59 0.55124075924
584.65 0.58816603774
585.66 0.74840039643
586.88 0.47155446355
587.89 0.57394648167
588.89 0.67785014985
590.02 0.41171681416
591.05 0.60563883495
592.06 0.49907326733
593.07 0.68264554455
594.08 0.57779009901
595.09 0.59045544554
596.15 0.52843018868
597.23 0.69646666667
598.44 0.74828122415
599.56 0.80210526316
600.57 0.77238811881
601.58 0.74493557978
602.58 0.76531468531
603.62 0.68209468599
604.62 0.70439840637
605.75 0.65656587091
606.76 0.87768712871
607.78 0.7108762279
609.15 0.67004522247
610.16 1.10633102081
611.18 0.34999412341
612.23 0.31298379409
613.26 0.06368962173
648.35 0.00249563879
1098.88 0.0
