1.0 1.72742457542
2.22 1.25164889253
3.23 1.95428571429
4.24 1.76546495558
5.25 2.16271698113
6.26 1.75466140178
7.27 1.21119367589
8.28 1.40647467726
9.28 2.25221178821
10.29 1.74338033764
11.29 1.93515284715
12.3 1.29266073195
13.36 0.81563773585
14.47 1.07084476534
15.48 1.35177865613
16.49 1.27028571429
17.5 0.97680552813
18.51 1.28241509434
19.53 1.29825882353
20.54 1.08484106614
21.55 1.38022641509
22.56 1.3778972332
23.56 1.20263736264
24.57 1.11939622642
25.58 1.31301185771
26.58 2.05541658342
27.59 1.44994637537
28.61 1.39482352941
29.62 1.49685375494
30.63 1.31371428571
31.75 1.21571428571
32.76 1.30723000987
33.77 1.63018867925
34.78 1.43055478776
35.79 1.63018867925
36.8 0.87957354393
37.81 1.21720754717
38.83 1.36263529412
39.83 1.28370829171
40.84 1.60050592885
41.85 1.21085203575
42.86 1.54643478261
43.87 1.27479365079
44.89 1.68286777669
45.9 1.52929644269
46.91 1.69539622642
48.0 1.30701831502
49.01 1.50914285714
50.04 1.70112403101
51.05 1.85657142857
52.05 1.67732267732
53.05 1.85306772908
54.06 1.57879365079
55.07 1.93449056604
56.07 1.4477042957
57.08 1.70864822134
58.09 1.31822222222
59.1 2.03307509881
60.11 1.43907845084
61.13 1.62014117647
62.13 1.31650749251
63.13 1.32984860558
64.14 1.2280754717
65.14 0.83545254745
66.16 1.46063199215
67.18 1.35636078431
68.19 1.54171428571
69.2 1.70232411067
70.2 2.08821578422
71.21 1.50428599801
72.22 1.69615794669
73.23 1.4608142999
74.24 1.84923320158
75.24 1.20717682318
76.26 1.43774117647
77.27 1.59758490566
78.28 1.34412635735
79.29 1.61932075472
80.31 1.31344313725
81.33 1.84545882353
82.34 0.82555577493
83.35 0.76075471698
84.36 1.02633761106
85.37 0.93371428571
86.38 0.66415810277
87.43 0.42856160458
88.44 0.91920948617
89.89 0.47484297521
90.9 0.4999245283
91.91 0.25422222222
92.92 1.26401579467
93.93 1.77147169811
94.94 1.58336758893
96.05 1.67335740072
97.05 2.12557768924
98.07 1.84810186092
99.08 1.83667924528
100.09 1.71993650794
101.09 2.24581818182
102.1 2.21705660377
103.11 1.52929644269
104.12 2.29085714286
105.12 2.05175721393
106.12 2.05584845464
107.13 1.88353709199
108.14 1.46957042957
109.14 2.27139622642
110.15 1.76862885572
111.25 1.7935031617
112.26 1.47657142857
113.28 1.05874827246
114.28 0.95002184707
115.3 1.53410463968
116.5 1.22782435791
117.52 1.38285488648
118.52 1.3625498008
119.52 1.05201196411
120.54 1.25321224087
121.55 1.3747124632
122.56 0.95571628372
123.56 0.9998490566
124.56 0.92931068931
125.59 0.71050635386
126.7 0.32361290323
127.72 1.55576470588
128.73 1.20486956522
129.74 1.596
130.75 1.33015019763
131.76 1.30736507937
132.77 1.6545770751
133.78 1.37117282717
134.78 1.49828571429
135.8 1.3562687747
136.8 1.38022641509
137.83 1.3190078125
138.84 1.50654867257
139.85 1.50466468843
140.86 1.17707936508
141.87 1.28496716418
142.88 0.73319408867
143.92 0.42817424976
144.93 0.27923846909
145.94 0.45918881119
146.94 0.98898113208
149.8 0.04594181563
150.8 1.37412512413
151.82 0.76705231984
152.82 0.86943396226
154.92 0.07296
155.93 0.95353663366
157.08 1.48029939077
158.08 1.18932801595
159.11 1.07965758755
160.11 1.07144055944
161.13 1.48211187439
162.14 1.17707936508
163.15 1.31933596838
164.16 1.15536507937
165.17 0.64885375494
166.2 0.28716034985
167.25 0.19784586108
168.26 0.57542857143
169.27 0.89669496545
170.4 0.47985803017
171.41 0.5947826087
172.46 0.44903816794
173.47 0.69211067194
174.47 1.1917042957
175.48 0.92828599801
176.49 0.86428430405
177.5 0.93464150943
178.52 0.42875612145
179.55 0.4816124031
180.56 0.54339622642
181.56 0.90744455544
182.73 1.47118018787
183.74 1.87828571429
184.75 1.60499604743
185.77 1.61855435847
186.78 0.7965224327
187.78 0.60404780876
188.79 1.06084272997
189.8 1.13887016848
190.92 0.92339588919
191.94 0.99783529412
192.96 1.05148235294
193.97 1.11276604146
194.98 1.04679365079
196.0 1.41767222767
197.01 1.22649802372
198.02 1.60685714286
199.02 1.36023976024
200.03 1.62213438735
201.04 1.47803773585
202.05 1.34545454545
203.05 1.62902697303
204.06 1.53536507937
205.07 1.88167588933
206.08 1.64556901688
207.1 1.73188235294
208.11 1.95737549407
209.12 1.44994637537
210.14 1.8489375
211.15 1.80679365079
212.15 2.07728271728
213.16 1.78507936508
214.34 1.75823579304
215.35 2.03106811451
216.37 1.2073326791
217.38 1.88914285714
218.53 1.18194444444
219.53 1.39943256743
220.54 1.54324528302
221.55 1.28056916996
222.55 1.66182617383
223.56 1.50428599801
224.57 1.95737549407
225.66 0.90947058824
226.67 1.54490819348
227.69 1.1536329735
228.7 1.38833696729
229.71 1.6113201581
230.72 1.09130486594
231.73 1.67455083909
232.74 1.54775769613
233.76 1.75962352941
234.77 1.66235247525
235.78 1.60497637795
236.79 0.82205577689
237.8 1.32457142857
238.8 1.5369561753
239.82 0.83388976378
240.84 0.45063529412
241.86 0.49355294118
242.86 1.16983816184
243.87 0.74058951533
244.93 0.18584150943
245.95 0.36444270323
246.97 0.81623552502
247.98 0.912
249.31 0.49638438438
250.85 0.16344935065
251.85 1.40335586481
252.86 1.60688446215
253.88 1.945125
254.89 1.83579282869
255.89 1.84768831169
256.9 1.63905835806
257.91 2.0174271556
258.91 1.61297318769
259.92 1.70046215139
260.93 1.51365079365
261.94 1.72457482656
262.94 1.55238247012
263.95 1.824
264.97 1.51730196078
265.97 1.99603574975
266.98 1.67004995005
267.99 1.8663818002
268.99 2.01168431568
269.99 1.59122939424
271.0 2.34125373134
272.01 2.06941807349
273.01 1.96965079365
274.02 2.1888
275.03 1.98247467726
276.03 2.11462137862
277.03 1.85841509434
278.05 1.64605490196
279.07 2.38994466403
280.07 2.24581818182
281.09 2.13096761531
282.1 2.02026456071
283.11 1.76511618669
284.19 1.78602035153
285.19 2.03230188679
286.2 1.91019303483
287.21 2.23879245283
288.21 2.07822222222
289.23 2.0895715696
290.24 2.02226086957
291.25 1.75250793651
292.25 1.94535849057
293.27 1.43055478776
294.27 1.66279245283
295.29 1.47376110563
296.29 1.44543396226
297.31 1.24812648221
298.33 0.9754201763
299.35 0.80549558391
301.35 0.0652749004
302.37 1.81251038576
303.38 1.40584980237
304.39 1.27353022795
305.39 2.17358490566
306.4 1.74684975124
307.41 1.86928301887
308.42 1.45216189536
309.43 1.71713207547
310.43 1.41490509491
311.45 1.49285181551
312.46 0.98858498024
313.47 0.52114285714
314.47 1.3229010989
315.47 1.04783316783
316.49 1.24240868707
317.49 1.31501886792
318.51 0.70671668312
319.53 0.59675170399
320.56 0.92260465116
321.57 1.4212987013
322.67 0.85431616983
323.77 0.42053796889
324.79 0.45063529412
325.79 0.90203773585
326.81 0.73405490196
327.83 0.83689411765
328.84 0.89758102767
329.85 0.98397602398
330.85 0.95002184707
331.86 1.1246798419
332.87 1.0087135778
333.88 0.7189396637
334.89 0.72742857143
335.9 0.80025296443
336.91 0.85771428571
338.02 0.75205755396
339.04 0.78324705882
340.05 0.82514285714
341.06 0.69211067194
342.09 0.47860058309
343.1 0.71891592483
344.11 0.38
345.13 0.89669496545
346.13 0.84769811321
347.15 0.84054848188
348.16 1.21239169139
349.3 0.7584
350.31 1.16171428571
351.32 0.891256917
352.33 0.912
353.34 0.75699604743
354.36 0.53647058824
355.37 0.55119280719
356.37 0.96724528302
357.39 1.12356959526
358.4 0.91735426889
359.41 1.22685714286
360.42 1.29770750988
361.43 1.07598001998
362.43 1.24981132075
363.45 1.24461176471
364.46 0.93452173913
365.47 1.2245034965
366.48 1.27805299313
367.49 0.98851548452
368.49 1.16286792453
369.51 1.09115893386
370.51 0.97175769613
371.54 1.0580625
372.54 1.05418867925
373.54 1.16344455544
374.55 1.21720754717
375.57 1.06666666667
376.58 1.16678381046
377.59 1.20633962264
378.6 1.10644817374
379.61 1.44543396226
380.62 1.56442587065
381.62 1.34492949355
382.63 1.65028571429
383.64 1.48603952569
384.66 1.9122290227
385.66 1.689040715
386.66 1.79756243756
387.67 2.13011320755
388.68 1.91209561753
389.68 2.25221178821
390.69 1.5463408867
391.69 1.8112047952
392.7 1.53445697329
393.79 1.59347058824
394.8 1.48245418327
395.9 1.61409386282
396.91 1.9
397.92 1.49537611056
398.93 1.97796226415
399.93 1.73196403596
400.94 2.08197609562
401.94 1.81945580933
402.98 1.95113846154
403.99 1.74406374502
404.99 1.56172736318
406.0 1.74281305638
407.01 1.47022222222
408.02 1.64596015936
409.02 1.70907142857
410.02 1.66182617383
411.09 1.40943955014
412.1 1.78434782609
413.14 1.41446153846
414.15 1.71542857143
415.16 1.68984007897
416.17 1.82581132075
417.18 1.54011067194
418.19 1.292
419.33 1.48238596491
420.35 1.56649411765
421.36 1.07060869565
422.38 0.75477375122
423.41 0.7885647517
424.42 0.65901678184
425.43 0.58686792453
426.44 0.34605533597
428.13 0.13615165877
429.53 0.32374857143
430.54 0.85432411067
431.54 0.90744455544
432.55 0.96628571429
433.59 0.23173051011
434.83 0.23313548387
435.84 0.86513833992
436.84 1.31196803197
437.85 1.12390863952
438.86 1.13549407115
439.86 1.27916883117
440.87 1.12279365079
441.88 1.34229080119
442.88 1.18077122877
443.89 0.89568222443
444.9 1.15712252964
445.9 1.16983816184
446.91 0.99349354518
447.92 1.45992094862
448.93 1.23136507937
449.94 1.22200790514
450.95 0.74840039643
451.96 1.0814229249
452.97 1.10217279047
453.98 1.29642645607
454.99 1.18911618669
456.0 1.35164940239
457.02 1.23388235294
458.02 0.94907936508
459.03 0.83517145689
460.05 0.41885770363
461.08 0.23330232558
462.09 0.20628571429
463.11 0.09656470588
464.12 0.15139920949
465.4 0.04301886792
466.5 0.77452707581
467.5 0.96210989011
468.51 1.06823904382
469.51 1.11294915254
470.62 0.69802898551
471.62 0.64057142857
472.64 0.82107008885
473.64 0.85856603774
474.64 0.80265334665
475.65 1.04332075472
476.66 1.14517670286
477.67 0.92828599801
478.67 1.21357042957
479.68 1.29899109792
480.7 0.82981390793
481.71 1.09112662014
482.72 1.30337007874
483.74 0.97010196078
484.76 1.1463083004
485.76 1.34628571429
486.78 1.24689437315
487.78 1.57428571429
488.79 1.41734260179
489.8 1.48245418327
490.8 1.20965079365
491.82 1.29825882353
492.84 0.99783529412
493.84 1.08691308691
494.85 1.34762264151
495.86 1.27481934847
496.9 0.61529932628
498.04 0.21250485437
499.06 0.55412658228
502.91 0.03405352039
503.93 2.03455937193
504.95 0.48329735034
505.98 0.3711627907
507.02 0.16836923077
508.09 0.09234456929
509.15 0.06182641509
542.1 0.00033211945
543.12 0.04287561214
544.52 0.04693638313
545.6 0.04068401487
546.88 0.05109034268
547.94 0.08304834123
549.3 0.03209384164
550.51 0.07271760797
551.52 0.0754015748
552.58 0.08259622642
553.72 0.0576
554.78 0.07254545455
555.86 0.06057564576
556.98 0.03915563506
558.06 0.08099167438
559.14 0.1115699722
564.24 0.01716705882
565.3 0.30857142857
566.84 0.21716971279
567.84 0.11815139442
568.98 0.10405614035
570.08 0.10784
571.1 0.12687058824
572.2 0.06862545455
573.24 0.10369230769
574.28 0.07286486486
575.4 0.12472597865
576.42 0.14801568627
577.44 0.15858823529
578.46 0.14801568627
579.62 0.11194463668
584.92 0.02033182504
586.04 0.28989247312
587.08 0.22724904215
588.12 0.43550769231
589.26 0.13197202797
590.3 0.16654826255
591.32 0.1485984252
592.42 0.1172173913
593.52 0.06722909091
594.56 0.1145019305
595.56 0.10730348259
596.58 0.1057254902
597.6 0.1057254902
598.66 0.1018319169
599.76 0.09839416058
600.76 0.15037450199
601.82 0.15318181818
602.82 0.15022487562
606.96 0.00521092051
608.02 0.56972075472
609.08 0.10202459792
610.16 0.10993883225
611.22 0.10135338346
612.26 0.10409266409
613.3 0.10329501916
614.34 0.10409266409
615.38 0.10369230769
616.5 0.11472340426
619.7 0.02027067669
620.88 0.23761355932
622.1 0.23740327869
623.22 0.086272
624.4 0.09146734521
625.5 0.1273315168
626.52 0.12699509323
627.64 0.1348
628.82 0.11004081633
629.82 0.13963346614
630.84 0.10614173228
631.9 0.11138403756
632.94 0.11417131858
634.1 0.09320656871
642.92 0.00681360544
644.34 0.11484469431
645.88 0.27483452304
646.96 0.04997219648
648.28 0.01633939394
650.46 0.00989357798
652.26 0.00599111111
656.48 0.00255484482
664.69 0.00262800049
665.75 0.07121509434
666.83 0.07988148148
667.88 0.09190909091
668.89 0.09657313433
670.08 0.06316987448
671.11 0.1052097561
676.15 0.00428021433
677.17 0.09515294118
679.22 0.23528404669
680.23 0.10741035857
681.27 0.10369230769
682.37 0.13725090909
683.41 0.11406153846
684.67 0.11982222222
685.74 0.14031226766
686.87 0.13420088889
687.96 0.12791240876
689.06 0.11775068244
693.97 0.02638287462
695.0 0.08923552124
696.12 0.24482857143
697.21 0.35847091413
698.53 0.06535757576
699.59 0.12162406015
700.63 0.12491119691
701.64 0.11687093596
702.69 0.11362452107
703.75 0.12196795476
706.93 0.03053035546
707.95 0.11629803922
709.02 0.23910780669
710.21 0.04554054054
711.26 0.12254545455
712.31 0.10329501916
713.42 0.11595698925
714.53 0.1073520362
715.63 0.12756323931
716.81 0.14622372881
718.03 0.06187540984
720.44 0.05802649007
721.68 0.07827096774
722.99 0.04134969325
724.08 0.11828884826
727.37 0.02951824818
728.4 0.24982239382
729.41 0.50432636816
730.52 0.16501170117
731.58 0.18243609023
732.8 0.14189473684
733.86 0.16216541353
735.7 0.02344347826
736.88 0.25545578231
738.1 0.1057254902
739.17 0.12196795476
740.28 0.0770974084
741.44 0.09328719723
742.44 0.12927872128
743.48 0.09341289702
744.69 0.11634190871
745.76 0.13041116279
746.81 0.1440610687
752.34 0.02952023121
753.5 0.52846896552
755.7 0.02941090909
757.48 0.01211685393
758.64 0.12085517241
760.01 0.12677736958
761.06 0.14310521327
762.08 0.16916078431
763.24 0.12970446735
764.54 0.14931692308
765.55 0.23630278884
767.66 0.04012121212
768.7 0.16527203065
769.76 0.19329811321
771.01 0.19117485898
772.04 0.26048309179
773.28 0.1647073955
774.3 0.23259607843
778.81 0.01814352366
779.81 0.61682868526
781.11 0.16641975309
783.6 0.06971108443
784.76 0.48365397924
785.84 0.20968888889
787.08 0.05963870968
788.08 0.12889243028
789.2 0.154609319
790.2 0.24778421578
791.42 0.1769319114
792.48 0.19329811321
793.62 0.18853146853
796.68 0.0563869281
797.76 0.28062453532
798.86 0.45096727273
800.16 0.0746010761
801.22 0.11159360301
802.36 0.10405614035
803.4 0.14516923077
804.48 0.10022304833
807.08 0.00414132104
808.94 0.27806896552
809.99 0.1238354067
811.22 0.11351578947
812.23 0.19314626866
813.26 0.13545120773
814.3 0.1342835249
815.32 0.14801568627
816.34 0.16916078431
817.4 0.16339393939
820.75 0.03543130227
821.91 0.26097839239
822.97 0.37642264151
823.98 0.13757801766
825.06 0.10983703704
826.11 0.10359269933
827.34 0.08703793382
828.46 0.07702857143
829.5 0.12491119691
830.56 0.08108270677
831.66 0.04919708029
832.74 0.09985185185
836.89 0.01821182147
838.09 0.10784
840.15 0.04107416384
841.25 0.08815258856
842.33 0.10993883225
843.61 0.109525
844.67 0.13225660377
845.81 0.14189473684
846.87 0.12208301887
847.99 0.09628571429
849.11 0.11543978591
850.15 0.15568816169
851.21 0.13225660377
855.17 0.02681212121
856.41 0.20136774194
857.41 0.50634165834
858.47 0.14256468366
859.49 0.15858823529
860.52 0.15613899614
862.75 0.0484021544
863.97 0.11528947368
865.01 0.22950240154
866.04 0.13235942029
867.13 0.1391483871
868.19 0.12219830028
869.22 0.12491119691
870.3 0.12980740741
871.32 0.15858823529
872.33 0.13963346614
873.39 0.15260377358
874.41 0.14801568627
875.57 0.12085517241
879.09 0.00612031782
880.19 0.25582481752
881.28 0.37389781022
882.36 0.09985185185
883.38 0.1057254902
884.46 0.09985185185
885.47 0.09666932271
886.5 0.14686381323
887.51 0.14903849951
890.85 0.00644976077
892.67 0.27246721763
893.7 0.1145019305
894.75 0.1238354067
895.91 0.11127085125
896.97 0.16339393939
897.99 0.13744313725
899.05 0.14283443709
902.99 0.04412563323
904.05 0.45667233239
905.07 0.15936945813
906.11 0.12431123919
907.33 0.14154552912
908.61 0.160075
909.71 0.12744727273
910.85 0.09459649123
912.06 0.10642105263
913.32 0.08558730159
914.37 0.10329501916
915.41 0.09332307692
916.5 0.10823357664
917.53 0.1685
920.03 0.05112834866
