1.01 1.5420952381
31.57 0.00428816332
36.55 0.02636733052
37.71 1.23674634566
38.73 0.77479646018
39.73 1.17724302789
40.74 1.06505660377
41.75 0.99939920949
42.76 1.02633761106
43.77 0.98898113208
44.78 0.78311462451
45.79 0.98409486166
47.02 0.79927272727
48.03 1.09915247525
49.03 1.2245034965
50.05 1.22200790514
51.05 1.01422222222
52.07 1.33146587537
53.07 1.48595441031
54.08 0.64829511466
55.11 0.51050728863
62.62 0.04513486886
69.41 0.27140636042
70.42 1.748
71.43 2.02475024679
72.44 2.39094339623
73.44 1.46372139303
74.45 1.76060377358
75.47 0.6243125
76.48 0.23980876494
77.51 0.40297674419
78.66 0.247
79.67 0.66228571429
80.68 0.65142857143
81.69 0.36768379447
82.71 0.30042352941
83.72 0.18889197225
84.73 0.47629673591
85.73 0.49198801199
86.75 0.49403729146
87.77 0.34334117647
88.77 0.49198801199
89.91 0.72462159789
90.92 1.03142857143
91.93 1.93383613031
92.95 1.18585279686
93.96 0.84685714286
94.96 0.38265734266
96.08 0.3716461126
97.09 0.56233992095
98.1 0.42793650794
99.12 0.95398237023
100.13 1.00671810089
101.14 0.81428571429
102.15 0.89037709773
103.16 0.86943396226
104.18 0.70744760039
105.19 0.71444510386
106.19 1.10877922078
107.21 1.17065358194
108.27 1.11933584906
109.28 1.33542857143
110.29 1.32883711747
111.3 1.06956901688
112.31 1.0814229249
113.31 1.4212987013
114.32 1.34678536103
115.33 1.45341526264
116.35 1.33621197252
117.35 1.4540979021
118.36 1.16738033764
119.36 1.4868971029
120.37 1.60208902077
121.39 1.31470853778
122.4 1.50764717542
123.41 1.16278536103
124.42 1.69371428571
125.56 0.85838596491
126.56 1.48245418327
127.56 1.67275924076
128.57 1.36300297915
129.57 1.77115684316
130.59 1.42213150147
131.59 1.76022377622
132.61 1.6691501472
133.72 1.71286642599
134.72 1.30103496503
135.73 1.23282213439
159.57 0.00549844786
181.64 0.00593892161
209.67 0.01618779209
210.68 1.11276604146
211.69 1.53085714286
212.7 0.78311462451
213.71 0.69554716981
214.71 1.31196803197
215.72 1.52929644269
216.73 1.50575473579
217.73 1.29077290837
218.74 1.9122290227
219.75 1.64556901688
220.76 1.8690148075
221.77 1.38749452736
222.77 1.88389253731
223.78 1.38336507937
224.79 1.60685714286
225.8 1.11386561265
226.82 0.64885574092
227.82 0.89651148851
228.83 1.10852830189
229.84 1.01021343874
230.84 0.98397602398
231.87 0.7885647517
232.88 0.5515256917
233.88 0.44825574426
234.89 0.92828599801
235.91 1.49138823529
236.93 1.05697350343
237.94 1.0814229249
238.95 1.05314285714
240.07 1.00074285714
241.07 1.4592
242.08 1.43456603774
243.09 1.33993650794
244.1 1.62053307009
245.11 1.23258788481
246.13 0.5348973607
247.14 1.49828571429
248.15 0.98165079365
249.17 1.23267384917
250.18 1.09331750742
251.19 0.79628939544
252.2 1.13661721068
253.21 0.38
254.22 0.74251327434
273.8 0.00669657181
291.98 0.03276014517
292.99 0.80582686567
294.08 1.72905205479
295.09 1.81046640316
296.17 1.87568773234
297.17 1.61325896414
298.19 1.52357647059
299.2 1.27479365079
300.22 1.54352203722
301.23 1.3778972332
302.24 1.67366037736
303.26 1.62300489716
304.27 2.06551778656
305.46 1.36837068239
306.48 1.95720784314
307.49 2.07371428571
308.49 1.47461094527
309.5 1.94535849057
310.51 1.65315361744
311.51 1.77676494024
312.52 1.66730486594
313.52 2.02261738262
314.53 1.66988142292
315.62 1.308850046
316.63 0.64189536032
317.72 0.91535294118
318.73 1.1246798419
319.84 0.88397470641
320.85 1.1246798419
321.86 1.17257142857
322.91 0.91198474738
323.93 0.84845534838
324.95 0.70814117647
325.96 0.72383810464
327.08 0.85494191242
328.08 0.99490909091
329.12 0.4318614052
330.13 0.55371428571
331.19 0.50352676056
332.2 0.66228571429
334.76 0.07020242282
335.76 0.84184615385
336.77 1.33015019763
337.91 0.85913959614
338.94 0.60681712062
339.95 0.49696347483
340.96 1.44543396226
341.96 1.10877922078
342.97 1.11939622642
343.97 1.05733864542
344.98 0.92736507937
345.99 1.13549407115
347.0 1.15085714286
348.02 1.24906666667
349.03 1.20037944664
350.04 1.02057142857
351.04 0.82451948052
352.05 0.89758102767
353.06 1.06505660377
354.07 0.94907936508
355.08 1.25445059289
356.09 1.42087611497
357.11 0.8636545633
358.13 0.96564705882
359.14 1.02735177866
360.16 1.04520784314
361.17 1.34628571429
362.18 1.13437314906
363.19 0.98262562066
364.2 0.89758102767
365.22 0.83607443683
387.55 0.00587029738
472.51 0.01203375587
473.57 0.09190909091
474.57 0.11803383085
475.71 0.09501321586
476.71 0.11826919242
478.09 0.04688695652
479.43 0.08047761194
488.67 0.01418988849
489.77 0.44986351228
490.87 0.14773913043
491.93 0.14129556185
495.23 0.0163592233
496.41 0.18277966102
497.57 0.40904827586
498.61 0.11362452107
499.81 0.11672939217
500.85 0.14516923077
501.87 0.08499704433
502.91 0.11406153846
506.17 0.01982352941
507.69 0.19816358839
508.71 0.09515294118
509.93 0.09723278689
510.95 0.1057254902
511.95 0.08618581419
512.95 0.09676570289
514.01 0.09182213813
515.11 0.09803636364
516.15 0.1037921078
517.25 0.09794732062
518.27 0.09515294118
524.23 0.01808485662
525.31 0.54918518519
526.37 0.10212121212
527.45 0.09985185185
528.49 0.07230651341
529.51 0.12687058824
530.57 0.10212121212
531.59 0.1057254902
532.77 0.09138983051
533.85 0.10983703704
534.93 0.07988148148
540.81 0.00366802721
542.27 0.19204383562
557.67 0.01950753247
558.93 0.05131165741
559.99 0.050724365
561.33 0.04035928144
562.45 0.0383772242
563.47 0.03181120944
564.77 0.04981062356
566.03 0.03423492063
567.07 0.0412784689
568.23 0.02801038961
569.25 0.03150146056
570.51 0.05991111111
571.55 0.06221538462
572.57 0.04229019608
573.94 0.03162463343
574.94 0.02154645355
576.38 0.02246666667
577.55 0.02753361702
579.03 0.00728156651
581.3 0.01429606717
592.56 0.00191477273
593.75 0.08197297297
594.76 0.10614173228
595.8 0.08889230769
596.91 0.10185507246
598.04 0.12653906936
601.96 0.00550204082
603.32 0.27585882353
605.49 0.08901387604
606.54 0.13338915319
607.54 0.12889243028
608.56 0.12674632713
609.62 0.14256468366
610.68 0.14243018868
614.46 0.02855176066
615.94 0.32729634641
617.02 0.10983703704
618.1 0.13979259259
619.12 0.12625170732
620.4 0.1099545098
621.6 0.16176
622.7 0.1172173913
623.88 0.12838095238
625.14 0.16261587302
626.16 0.14801568627
630.22 0.01859310345
631.22 0.3440558325
632.24 0.4444828263
633.28 0.17627692308
634.3 0.15858823529
635.33 0.15613899614
636.36 0.15843290891
637.96 0.0134547723
671.02 0.01039271561
672.14 0.16324844167
673.16 0.23259607843
674.28 0.21163960749
675.32 0.21775384615
676.36 0.21859459459
677.36 0.18205362463
681.12 0.04018525419
682.78 0.46877972239
683.81 0.13501158301
684.82 0.20407968127
685.82 0.21546453546
687.77 0.07170946292
688.84 0.10125821596
689.9 0.25312936733
691.06 0.10235030198
692.14 0.21947086031
693.23 0.16742283105
694.25 0.19030588235
695.4 0.19795804196
696.51 0.18359856631
697.53 0.16916078431
702.75 0.01652720307
703.77 0.81328893242
704.93 0.12085517241
705.94 0.17202791625
707.03 0.2162698268
708.98 0.09411088296
710.33 0.19827218935
711.56 0.10546699267
712.65 0.16803666361
713.69 0.21754466859
714.71 0.16932679097
715.75 0.17560153257
716.77 0.16916078431
717.9 0.13384397163
718.95 0.18504480458
724.31 0.01409410007
725.43 0.77991428571
726.81 0.09350289017
727.85 0.1145019305
729.03 0.08197297297
730.13 0.15743065693
731.15 0.13744313725
733.53 0.05504913902
746.97 0.00938838057
748.11 0.10405614035
749.19 0.14963922294
750.27 0.13992215014
751.38 0.1172173913
752.41 0.1145019305
753.5 0.09948339483
754.64 0.1229754386
755.67 0.12491119691
756.68 0.15037450199
757.71 0.1145019305
758.8 0.14922509225
764.18 0.00770855019
765.19 0.6925152409
766.28 0.20757156048
767.37 0.10823357664
768.43 0.12208301887
769.47 0.11406153846
770.59 0.09628571429
773.52 0.01844049248
774.54 0.28395294118
775.81 0.12647380766
776.83 0.15936945813
777.89 0.11138403756
778.93 0.10409266409
779.97 0.13492974013
780.97 0.10730348259
782.03 0.13288341232
783.11 0.12932841328
784.23 0.11595698925
785.27 0.12443076923
791.05 0.02237344398
792.09 0.06841698842
793.17 0.20397037037
794.23 0.05086792453
795.23 0.44038247012
796.53 0.0915308642
797.61 0.09985185185
798.93 0.05714458743
800.27 0.06423827252
801.71 0.07488888889
802.83 0.15405714286
803.95 0.12517142857
805.15 0.14378666667
806.31 0.04515862069
807.33 0.10635108481
808.33 0.14005194805
809.47 0.14164623468
810.55 0.10022304833
811.67 0.13420088889
812.79 0.14507623318
813.88 0.13863728191
814.93 0.12266161137
815.93 0.12467532468
821.55 0.00768227961
822.59 0.24488421053
824.01 0.36351095406
825.03 0.0528627451
826.21 0.07311186441
827.47 0.07702857143
828.59 0.1343202847
829.75 0.12085517241
830.77 0.15858823529
831.79 0.1057254902
832.85 0.13200753296
833.89 0.09395546951
834.9 0.10582924436
857.43 0.00328310766
858.57 0.04733977173
859.67 0.06862545455
860.87 0.07195329441
862.13 0.11135186656
863.31 0.12751351351
864.39 0.12026765799
865.45 0.12196795476
866.46 0.13812019704
867.48 0.08458039216
868.51 0.07371875
869.87 0.0553025641
871.01 0.05700792952
