1.0 1.6007641791
2.23 1.3594392828
3.24 2.32505928854
4.25 1.60976808722
5.26 1.90188679245
6.26 1.37660497512
7.27 1.52150943396
8.36 0.93964705882
9.38 0.80470588235
10.4 0.61157647059
11.41 0.5082687747
12.42 0.37849802372
14.02 0.58570426065
15.02 0.73251548452
16.02 0.12002392822
17.03 2.06285714286
18.04 2.21510049751
19.04 1.76511618669
20.05 2.22571428571
21.06 1.81399203187
22.06 2.11954806739
23.07 2.2279245283
24.08 1.76336507937
25.08 1.44831044776
26.09 0.56513207547
27.1 0.228
28.11 0.15139920949
29.13 0.04291764706
30.13 0.16853546454
31.51 0.07158139535
32.52 1.41247684729
33.55 0.55304956268
34.57 0.59069676153
35.58 0.75067193676
36.61 0.62810894942
37.62 0.81428571429
38.62 1.04643824701
39.64 0.67231496063
40.66 0.42917647059
41.66 0.70852589641
42.69 0.81973540856
43.7 0.91920948617
44.71 0.94813875124
45.72 1.74973584906
46.72 1.1708685259
47.72 1.76022377622
48.73 1.22171996028
50.02 0.47582608696
51.04 0.77251764706
52.04 0.54665334665
53.12 0.14199814643
54.12 1.42016318408
55.14 1.18023529412
56.15 1.13026415094
57.15 1.15251148851
58.16 1.47073517787
59.18 1.39401574803
60.18 1.66776095618
61.19 1.55862562066
62.19 1.83675524476
63.2 1.85205958292
64.2 2.02747410359
65.21 1.30734126984
66.22 2.24713919052
67.24 1.70139352306
68.25 1.91209561753
69.25 2.10377689243
70.26 1.64230723489
71.27 2.13647808765
72.28 1.54027085378
73.29 1.73714285714
74.3 1.24222222222
75.31 1.77353359684
76.31 1.63356643357
77.32 1.6886884273
78.33 1.5133026973
79.48 1.43574630756
80.48 1.69822222222
81.48 1.37756643357
82.49 1.18793650794
83.51 1.60025122669
84.51 1.56796803197
85.52 1.53237735849
86.52 1.32984860558
87.53 1.23136507937
88.54 1.51399209486
89.56 1.09993326791
90.56 1.61809390609
91.63 1.1427628866
92.64 1.62213438735
93.64 1.60716083916
94.65 1.74338033764
95.66 1.73079365079
96.66 1.56809552239
97.67 1.69990863952
98.68 1.25818037661
99.69 1.23404154303
100.7 1.14450793651
101.73 1.03824975799
102.74 0.49745454545
103.77 0.3406692607
104.78 0.42217210682
105.93 0.28041811847
107.0 0.25617977528
108.0 0.29519280719
109.02 0.82242815249
110.02 0.78852347652
111.04 0.8733635468
112.06 0.49800784314
113.06 0.5880358209
114.61 0.18393277311
115.61 0.87464535465
116.62 1.3995256917
117.63 1.99969811321
118.65 1.50657254902
119.66 1.69371428571
120.66 1.53994825871
121.67 1.86928301887
122.68 1.60499604743
123.68 2.00075124875
124.7 1.2705254902
125.71 1.77147169811
126.72 1.44707234886
127.72 1.98387250996
128.73 1.76511618669
129.84 1.89199640611
130.85 2.304
131.86 2.06470119522
132.94 1.98394123049
133.95 2.48875471698
134.96 2.00314313919
136.08 1.8036103664
137.08 1.98981818182
138.09 1.42821052632
139.1 1.05874827246
140.11 1.69539622642
141.12 1.30091214215
142.13 1.50914285714
143.14 1.30736507937
144.14 1.39525099602
145.24 1.22348127854
146.24 1.31894820717
147.25 1.43314285714
148.25 1.23997602398
149.26 1.60050592885
150.27 1.50428599801
151.27 1.95701898102
152.28 1.45360474308
153.3 1.72913052012
154.31 0.92736507937
155.32 1.56651530109
156.34 1.4973110893
157.34 1.67275924076
158.46 1.43710134529
159.48 1.28056637168
160.49 1.14179527559
161.64 0.71002615519
162.64 0.59892537313
163.66 1.2768
164.79 1.21787400177
165.79 1.89142057942
166.8 1.84473194857
167.81 1.97796226415
168.82 1.77626850938
169.83 1.93449056604
170.84 1.59260809477
171.86 1.54643478261
172.86 1.09565702891
174.28 0.58450035137
175.53 0.342
176.53 1.20263736264
177.54 1.04783316783
178.54 1.06823904382
179.55 0.82514285714
180.56 0.55601581028
181.57 1.02057142857
182.59 0.82616470588
183.62 1.20893023256
184.64 0.95237795276
185.64 1.13251343284
186.65 1.06505660377
187.65 0.73412139303
188.66 1.05839282154
189.66 1.02770829171
190.67 0.92369960474
191.68 1.15085714286
192.7 1.047375
193.71 0.99250793651
194.72 1.17373584906
195.73 1.24363636364
196.74 1.10754150198
197.76 1.22315294118
198.77 1.24733399405
199.78 0.93543818002
200.78 1.2901018981
201.79 1.02158490566
202.82 0.31163601162
203.89 0.34873102156
204.9 0.29314285714
205.9 0.59892537313
208.28 0.05518821053
209.28 2.2393625498
210.29 1.09766037736
211.31 0.95491764706
212.31 0.91198401598
213.33 1.07399411187
214.34 1.08035538006
215.41 0.83505154639
216.42 1.01553405726
217.44 1.07294117647
218.45 1.13634920635
219.46 0.70023715415
220.47 0.95637735849
221.47 1.00584215784
222.48 0.86222222222
223.48 1.06823904382
224.49 1.06505660377
225.49 0.91198401598
226.5 1.11386561265
227.51 1.0759245283
228.54 0.99449027237
229.55 1.13437314906
230.56 1.11496735905
231.64 0.92892107707
232.65 1.06084272997
233.66 1.05314285714
234.66 0.98103585657
235.67 0.85136507937
236.68 0.98702081269
237.69 1.07060869565
238.7 0.96791295747
239.7 1.07144055944
240.72 1.10512941176
241.73 0.98262562066
242.75 1.19096470588
243.77 1.15877647059
244.78 0.8263715415
245.79 1.18342857143
246.8 0.92910562685
247.81 0.99349354518
248.82 1.05874827246
249.84 1.14292019704
250.84 1.0073625498
251.85 1.00971428571
252.86 1.03142857143
253.98 0.93234285714
254.98 1.09984477612
255.99 1.152
257.04 0.96506870229
258.04 1.13364143426
259.04 1.06050749251
260.05 0.8118694362
261.43 0.34530232558
262.44 0.56457142857
263.44 0.348812749
264.54 0.67900729927
265.55 0.97328063241
266.56 0.59927272727
267.57 0.97714285714
268.57 1.01677522478
269.58 0.96341839763
270.59 0.64507936508
271.61 0.90127058824
272.63 0.96564705882
273.64 0.90118065153
274.65 1.14113207547
275.66 1.23160513327
276.67 1.04783316783
277.68 1.17758736426
278.71 1.15087828627
279.72 0.94532806324
280.89 0.9557260274
281.89 1.21357042957
282.92 0.87398449612
283.93 1.03245283019
284.94 1.0846382557
285.94 0.99647011952
286.96 1.19096470588
287.97 1.152
288.98 0.97680552813
289.99 0.9998490566
290.99 1.13703896104
292.0 0.91378832839
293.01 0.90114285714
294.02 0.84267719645
297.8 0.0347210596
298.81 1.40116320475
299.82 0.94083794466
300.83 0.80342857143
301.83 0.40452347652
302.84 0.57195256917
303.85 1.13598411122
304.86 0.81428571429
305.86 0.84938507463
306.87 1.23258788481
307.88 1.20037944664
308.88 0.92931068931
309.91 0.81430185005
310.92 1.29642645607
311.93 1.21720754717
312.94 0.91288537549
313.94 0.94024375624
314.95 1.14113207547
316.05 0.90867211626
317.06 1.27607905138
318.07 1.41142857143
319.08 0.88044268775
320.09 1.02158490566
321.1 1.1030513834
322.1 0.92291708292
323.11 1.23894339623
324.11 1.23771428571
325.12 0.99547064677
326.13 1.05418867925
327.14 1.02633761106
328.24 0.76303649635
329.32 0.44422140221
330.33 0.26083018868
331.41 0.16213333333
332.41 0.11942857143
333.42 0.42511553785
334.43 0.78171428571
335.45 0.7374375
336.46 0.40581962339
337.47 1.48890566038
338.47 1.7721555334
339.47 1.94027091633
340.48 1.80129751244
341.5 2.05132875368
342.51 1.82850793651
343.6 1.82816117216
344.61 2.09542857143
345.61 1.75383016983
346.63 2.20168792934
347.63 1.88502697303
348.68 1.74162737643
349.69 1.99969811321
350.7 1.70231620553
351.7 2.11008191808
352.71 1.82850793651
353.72 2.08714624506
354.73 1.15536507937
355.73 1.15544223108
356.82 0.90023919043
357.83 1.05314285714
358.84 0.94083794466
360.17 0.09810778443
361.18 2.12157128614
362.18 1.28114285714
363.2 0.97010196078
364.22 1.05001780415
365.22 1.16286792453
366.23 1.10436616915
367.28 0.65789312977
369.35 0.05801638554
370.36 0.51180895522
371.38 0.45063529412
372.38 0.38037735849
373.4 0.31115294118
374.44 0.18941538462
375.6 0.13208275862
376.62 0.05359451518
415.65 0.00112168499
416.81 0.04717241379
417.81 0.09810358566
418.83 0.07510588235
420.85 0.02384158416
421.87 0.06343529412
422.89 0.1057254902
423.95 0.10212121212
425.03 0.07988148148
426.13 0.09768115942
427.33 0.11682666667
428.65 0.08986666667
429.73 0.10983703704
430.81 0.07988148148
432.16 0.08041759881
433.25 0.07878721461
439.51 0.00172158365
441.65 0.15146067416
442.77 0.36458362989
443.93 0.10261591696
445.09 0.10191065292
446.12 0.11584375
447.19 0.14031226766
448.33 0.09459649123
452.62 0.02267133847
453.65 0.31257971014
454.77 0.19336654804
455.83 0.17009254013
457.15 0.09803636364
458.17 0.21145098039
459.47 0.09977486507
460.51 0.14475167785
461.61 0.1180729927
462.61 0.11803383085
463.67 0.12266161137
464.73 0.1114887218
465.79 0.12196795476
466.82 0.11145259042
467.83 0.12129133858
468.89 0.12254545455
472.77 0.00832741313
473.81 0.1458705314
474.83 0.11629803922
475.87 0.49581609195
476.93 0.11233333333
477.99 0.11190943396
479.05 0.14189473684
480.87 0.09501321586
482.05 0.20818918919
483.07 0.15858823529
484.09 0.11652652259
485.33 0.09597411003
486.43 0.1172173913
487.51 0.13979259259
488.54 0.09478125
489.89 0.11133923304
491.21 0.11472340426
496.93 0.01130398323
497.99 0.54124242424
499.05 0.10135338346
500.19 0.05675789474
501.39 0.12581333333
502.57 0.09138983051
503.71 0.11351578947
505.05 0.07264670659
506.29 0.06063293173
546.56 0.00053562471
547.64 0.46757195572
548.78 0.11391549296
549.84 0.1543030303
551.1 0.0064
552.12 0.07400784314
553.2 0.13979259259
554.26 0.15203007519
555.28 0.12687058824
556.34 0.16262393968
557.38 0.16590769231
558.46 0.16050604651
559.52 0.18175280899
563.54 0.03222310757
564.62 0.30925439408
565.64 0.48681452404
566.68 0.18736679537
567.68 0.16111553785
568.72 0.14502977906
572.2 0.05937338316
573.65 0.25720962199
574.74 0.08978353377
575.93 0.15290075063
577.06 0.191886121
578.06 0.22623776224
579.11 0.16354881517
580.18 0.15203007519
583.88 0.02328529015
584.93 0.67720647003
585.98 0.14489059501
587.02 0.16590769231
588.02 0.16111553785
589.22 0.17131772575
592.47 0.07666441511
593.51 0.4343253128
594.75 0.0335483871
595.76 0.11803383085
596.83 0.13028996283
597.95 0.1156461126
598.97 0.14801568627
600.08 0.12698550725
601.16 0.11971137835
602.19 0.09377391304
603.38 0.1092972973
604.47 0.12791240876
605.57 0.09794732062
606.93 0.06009124356
614.69 0.00277938144
615.92 0.47071895425
617.06 0.06621754386
618.38 0.04901818182
619.67 0.03328395062
620.69 0.0528627451
621.83 0.04729824561
622.88 0.05164750958
623.93 0.06127272727
625.0 0.06075492958
626.03 0.09395546951
627.08 0.1651138756
629.95 0.00374574505
632.07 0.25919092628
633.09 0.1057254902
634.11 0.11584375
635.17 0.13225660377
636.23 0.19403030303
637.27 0.15494252874
638.31 0.15628985507
639.45 0.1413986014
642.73 0.06955121951
643.97 0.12077669903
645.05 0.49744649446
646.07 0.15936945813
647.09 0.11629803922
648.21 0.09619982159
649.23 0.11584375
650.27 0.09377391304
651.37 0.10744927536
652.41 0.14516923077
653.45 0.14502977906
654.53 0.13041116279
656.59 0.06717829457
657.64 0.10329501916
658.71 0.11014298979
659.73 0.12699509323
660.82 0.16912177122
661.83 0.09552755906
662.91 0.11971137835
664.22 0.0742586075
665.23 0.09590513834
666.27 0.10369230769
667.33 0.12208301887
668.35 0.09515294118
669.45 0.11479272727
670.69 0.12428387097
671.91 0.08832104832
676.06 0.0259792821
677.15 0.14833948339
678.15 0.68838247012
679.37 0.15076315789
680.55 0.19127027027
681.8 0.15603858521
682.87 0.05862952646
683.89 0.17990971541
685.01 0.18294285714
686.23 0.15026885246
687.71 0.16781596752
688.77 0.21364528302
689.77 0.19391808192
692.93 0.04297432647
693.95 0.28856195122
694.97 0.49739744848
696.01 0.14461302682
697.03 0.16982677165
698.19 0.12085517241
701.98 0.0459167106
702.99 0.11637810945
705.77 0.11599711816
706.89 0.08634875445
707.92 0.16670917874
708.93 0.15037450199
710.2 0.11831974922
711.31 0.1555852119
712.33 0.15936945813
713.47 0.15069344978
714.51 0.11461256039
718.9 0.02698453139
719.98 0.57914074074
721.37 0.132366787
722.61 0.13926069411
723.61 0.16111553785
724.66 0.13326235741
725.67 0.12889243028
728.73 0.05691212022
729.75 0.24340726202
730.83 0.10697312326
732.03 0.06290666667
733.18 0.09328719723
734.25 0.08108270677
735.4 0.08395847751
736.71 0.06610881226
737.73 0.09515294118
738.88 0.07469437229
740.43 0.04190673575
741.45 0.07364682927
742.64 0.03621830395
752.77 0.01613586098
753.83 0.31381132075
754.93 0.08823272727
756.17 0.07827096774
757.39 0.10607213115
758.43 0.09359305689
759.63 0.08094745621
760.67 0.09296551724
761.7 0.11573073171
762.91 0.06213004115
764.39 0.02914594595
765.41 0.0528627451
766.65 0.07827096774
767.73 0.07980758557
769.19 0.11087045922
770.29 0.08823272727
771.45 0.13060207612
772.77 0.06530809992
774.03 0.05139316918
775.07 0.09296551724
776.09 0.11629803922
783.19 0.01345352113
784.25 0.10173584906
785.31 0.13275757576
786.33 0.12687058824
787.39 0.15188732394
788.43 0.15628985507
789.51 0.14963922294
790.53 0.15874386654
791.59 0.14189473684
796.17 0.03296419214
797.53 0.26940191036
798.55 0.41273405299
799.64 0.1485399449
800.65 0.1172173913
801.69 0.11461256039
802.69 0.15037450199
806.19 0.04004341617
808.31 0.22341048654
809.53 0.13259016393
810.63 0.14705454545
811.71 0.16035687732
812.95 0.12136334405
813.99 0.13532046332
815.01 0.1685
816.25 0.1304516129
