1290521750 331288 59.912123 10.74945 7966 1009
1290521751 332321 59.912117 10.749429 45302 1032
1290521752 333328 59.912105 10.749425 65664 1007
1290521753 334337 59.912084 10.749436 174025 1009
1290521754 335457 59.912068 10.74943 233763 1120
1290521755 336477 59.91202 10.749469 116790 1020
1290521757 337549 59.911979 10.749564 97079 1072
1290521758 338550 59.91196 10.74961 171643 1001
1290521759 339554 59.911928 10.749744 111711 1004
1290521760 340568 59.911923 10.749814 121892 1014
1290521761 341569 59.911923 10.749814 99646 1001
1290521762 342757 59.911893 10.749931 176978 1188
1290521763 344158 59.911881 10.74998 129599 1400
1290521764 345177 59.911855 10.750043 190085 1019
1290521765 346178 59.911821 10.750174 167468 1001
1290521766 347197 59.911821 10.750174 96760 1019
1290521767 348206 59.911795 10.750237 107513 1009
1290521768 349418 59.911781 10.750375 91774 1212
1290521769 350427 59.911781 10.750375 101835 1009
1290521771 351552 59.911773 10.750515 114410 1125
1290521772 352577 59.911775 10.750589 76691 1025
1290521773 353587 59.911775 10.750589 51668 1010
1290521774 354597 59.91178 10.750694 68034 1010
1290521775 355757 59.911788 10.75075 72114 1160
1290521776 356767 59.911797 10.750789 72762 1010
1290521777 357867 59.911812 10.750809 68880 1100
1290521778 358877 59.911815 10.750827 65664 1010
1290521779 359887 59.911815 10.750827 49823 1010
1290521780 360897 59.911825 10.750865 49484 1010
1290521781 361917 59.911837 10.750869 43776 1020
1290521782 362937 59.911837 10.750869 28776 1020
1290521783 363987 59.911835 10.750886 31464 1050
1290521784 364997 59.911854 10.750911 22563 1010
1290521785 366067 59.911854 10.750911 31464 1070
1290521786 367087 59.91186 10.750931 24624 1020
1290521787 368097 59.911861 10.750952 34179 1010
1290521788 369107 59.911861 10.750952 119824 1010
1290521789 370127 59.91188 10.750977 141298 1020
1290521790 371128 59.91188 10.750977 135329 1001
1290521791 372217 59.911904 10.751022 149487 1089
1290521792 373227 59.911924 10.751028 151505 1010
1290521793 374317 59.911924 10.751028 127300 1090
1290521794 375497 59.911942 10.751053 129561 1180
1290521795 376507 59.911942 10.751053 137070 1010
1290521797 377608 59.911942 10.751053 83688 1101
1290521798 378617 59.911953 10.751073 127889 1009
1290521799 379978 59.911953 10.751073 72497 1361
1290521800 380987 59.911953 10.751073 72994 1009
1290521801 382007 59.911956 10.751091 57753 1020
1290521802 383017 59.911944 10.751088 61179 1010
1290521803 384047 59.911936 10.751084 55686 1030
1290521804 385070 59.911929 10.751081 85978 1023
1290521805 386167 59.911929 10.751081 76842 1096
1290521806 387187 59.911921 10.751078 94245 1020
1290521807 388206 59.911922 10.75106 45144 1019
1290521808 389226 59.911922 10.75106 41627 1020
1290521809 390266 59.911922 10.75106 30096 1040
1290521810 391277 59.911929 10.751081 25573 1011
1290521811 392447 59.911929 10.751081 76546 1170
1290521813 393567 59.911948 10.751088 73850 1120
1290521814 394587 59.91196 10.751091 79052 1020
1290521815 395597 59.91196 10.751091 104516 1010
1290521816 396627 59.911971 10.751112 98531 1030
1290521817 397667 59.911976 10.751112 43776 1040
1290521818 398686 59.911976 10.751112 50603 1019
1290521819 399687 59.912 10.751119 83512 1001
1290521820 400708 59.912006 10.751139 51984 1021
1290521821 401717 59.912006 10.751139 30914 1009
1290521822 402766 59.912009 10.751157 19152 1049
1290521823 404106 59.912003 10.751175 8208 1340
1290521824 405117 59.912002 10.751192 28728 1011
1290521825 406121 59.91199 10.751242 53947 1004
1290521826 407197 59.911965 10.751396 114614 1076
1290521827 408226 59.911948 10.751498 144460 1029
1290521828 409237 59.911938 10.751727 90415 1011
1290521829 410246 59.911938 10.751727 135342 1009
1290521830 411257 59.91194 10.751814 80115 1011
1290521831 412266 59.91193 10.752004 85490 1009
1290521832 413276 59.91193 10.752004 93944 1010
1290521833 414277 59.911926 10.752109 126968 1001
1290521834 415297 59.911925 10.752324 114670 1020
1290521835 416316 59.911925 10.752324 99349 1019
1290521836 417317 59.91192 10.752446 111497 1001
1290521837 418326 59.911896 10.752689 121028 1009
1290521838 419327 59.911896 10.752689 91001 1001
1290521839 420359 59.911857 10.752819 51983 1032
1290521840 421366 59.911796 10.753069 86943 1007
1290521841 422386 59.911796 10.753069 119783 1020
1290521842 423387 59.911714 10.753369 106235 1001
1290521843 424397 59.9116851666667 10.7534951666667 102607 1010
1290521844 425406 59.9116563333333 10.7536213333333 79802 1009
1290521845 426467 59.9116275 10.7537475 102687 1061
1290521846 427566 59.9115986666667 10.7538736666667 150913 1099
1290521848 428726 59.911541 10.754126 134155 1160
1290521849 429756 59.9115437777778 10.7543008888889 81923 1030
1290521850 430806 59.9115465555556 10.7544757777778 49248 1050
1290521851 431976 59.9115493333333 10.7546506666667 35743 1170
1290521852 432986 59.9115521111111 10.7548255555556 112777 1010
1290521853 434056 59.9115548888889 10.7550004444444 128104 1070
1290521854 435066 59.9115576666667 10.7551753333333 117439 1010
1290521855 436106 59.9115604444444 10.7553502222222 91532 1040
1290521856 437356 59.9115632222222 10.7555251111111 115209 1250
1290521857 438357 59.911566 10.7557 90640 1001
1290521858 439366 59.911594 10.756068 87613 1009
1290521859 440386 59.911594 10.756068 77728 1020
1290521860 441398 59.9115969090909 10.7562633636364 76959 1012
1290521861 442406 59.9115998181818 10.7564587272727 63606 1008
1290521862 443446 59.9116027272727 10.7566540909091 54367 1040
1290521863 444478 59.9116056363636 10.7568494545455 30251 1032
1290521864 445606 59.9116085454545 10.7570448181818 17784 1128
1290521865 446616 59.9116114545455 10.7572401818182 30619 1010
1290521866 447626 59.9116143636364 10.7574355454545 39672 1010
1290521867 448636 59.9116172727273 10.7576309090909 30096 1010
1290521868 449656 59.9116201818182 10.7578262727273 27294 1020
1290521870 450676 59.911626 10.758217 39672 1020
1290521871 451726 59.911573 10.758481 41031 1050
1290521872 452966 59.911549 10.75859 36590 1240
1290521873 453986 59.911498 10.758674 39672 1020
1290521874 455006 59.911449 10.758741 27360 1020
1290521875 456016 59.911449 10.758741 29041 1010
1290521876 457036 59.911353 10.758801 49685 1020
1290521877 458056 59.911313 10.758798 57456 1020
1290521878 459076 59.911313 10.758798 37888 1020
1290521879 460115 59.91125 10.758774 41733 1039
1290521880 461116 59.911226 10.758753 68618 1001
1290521881 462136 59.9112 10.758749 83061 1020
1290521882 463156 59.911184 10.758732 69768 1020
1290521883 464166 59.911166 10.758732 64822 1010
1290521884 465186 59.911145 10.758728 72415 1020
1290521885 466336 59.911112 10.758708 54408 1150
1290521886 467375 59.911112 10.758708 35568 1039
1290521887 468476 59.911104 10.75869 40431 1101
1290521888 469496 59.911083 10.758687 34200 1020
1290521890 470615 59.911074 10.758687 29016 1119
1290521891 471616 59.911054 10.758666 53352 1001
1290521892 472845 59.911041 10.758666 64296 1229
1290521893 473986 59.911032 10.758666 68952 1141
1290521894 475036 59.911024 10.758648 87274 1050
1290521895 476046 59.911012 10.758645 73872 1010
1290521896 477055 59.911012 10.758645 46377 1009
1290521897 478075 59.911004 10.758627 51984 1020
1290521898 479086 59.910995 10.758627 34194 1011
1290521899 480105 59.910995 10.758627 46512 1019
1290521900 481145 59.910986 10.758627 35294 1040
1290521901 482156 59.910988 10.758648 56088 1010
1290521902 483186 59.910988 10.758648 73918 1030
1290521903 484205 59.910974 10.758757 51343 1019
1290521904 485215 59.910971 10.75883 57456 1010
1290521905 486225 59.910953 10.758936 39495 1010
1290521906 487255 59.910937 10.759024 47880 1030
1290521907 488265 59.910927 10.759094 43328 1010
1290521908 489285 59.910927 10.759094 38304 1020
1290521909 490315 59.910918 10.759185 43270 1030
1290521910 491335 59.910913 10.759185 52535 1020
1290521911 492346 59.910913 10.759185 119243 1011
1290521912 493535 59.910909 10.759185 72017 1189
1290521914 494655 59.910901 10.759182 72844 1120
1290521915 495708 59.910894 10.759178 71795 1053
1290521916 496716 59.910873 10.759189 82024 1008
1290521917 497726 59.910873 10.759189 88942 1010
1290521918 498755 59.91082 10.759243 89171 1029
1290521919 499765 59.910794 10.759306 65756 1010
1290521920 500795 59.910794 10.759306 102931 1030
1290521921 501805 59.910758 10.759493 100320 1010
1290521922 502816 59.910741 10.759612 69259 1011
1290521923 503835 59.910721 10.759749 55414 1019
1290521924 504845 59.910701 10.759904 75240 1010
1290521925 505855 59.910695 10.760066 63703 1010
1290521926 506876 59.910681 10.760241 56491 1021
1290521927 507885 59.910678 10.76042 87129 1009
1290521928 509115 59.910671 10.760599 105175 1230
1290521929 510125 59.910672 10.760781 108083 1010
1290521930 511155 59.910648 10.761118 84086 1030
1290521931 512156 59.910648 10.761118 90808 1001
1290521932 513415 59.910633 10.761294 70187 1259
1290521933 514445 59.910614 10.761469 51984 1030
1290521934 515485 59.910574 10.761617 36936 1040
1290521935 516505 59.910537 10.761769 25422 1020
1290521937 517655 59.910486 10.761934 13680 1150
1290521938 518676 59.910429 10.762079 20520 1021
1290521939 519677 59.910372 10.762224 49922 1001
1290521940 520876 59.910257 10.762513 74835 1199
1290521941 521885 59.910257 10.762513 97648 1009
1290521942 522895 59.910131 10.762708 80906 1010
1290521943 523915 59.910069 10.762814 72992 1020
1290521944 524925 59.910001 10.762899 51718 1010
1290521945 525936 59.909933 10.762985 112512 1011
1290521946 526975 59.909871 10.763091 73021 1039
1290521947 527995 59.909828 10.763221 104389 1020
1290521948 528996 59.909787 10.763369 73747 1001
1290521949 530165 59.90975 10.763521 120232 1169
1290521951 531677 59.909675 10.763785 142587 1512
1290521952 532685 59.909639 10.763919 90810 1008
1290521953 533695 59.909639 10.763919 112368 1010
1290521954 534696 59.909554 10.764162 101991 1001
1290521955 535719 59.9095 10.764272 85742 1023
1290521956 536785 59.9095 10.764272 26345 1066
1290521957 537805 59.909418 10.764462 52948 1020
1290521958 538806 59.909378 10.764558 119741 1001
1290521959 539815 59.909337 10.764653 142931 1009
1290521960 540825 59.9093025 10.764769 180753 1010
1290521961 541845 59.909268 10.764885 126347 1020
1290521962 542995 59.909247 10.764987 127541 1150
1290521963 544165 59.909192 10.765206 116152 1170
1290521964 545295 59.909192 10.765206 124001 1130
1290521965 546435 59.9091625 10.765334 112149 1140
1290521966 547496 59.909133 10.765462 116582 1061
1290521967 548505 59.909133 10.765462 151665 1009
1290521968 549515 59.909115 10.765568 112734 1010
1290521970 550585 59.909129 10.765592 131519 1070
1290521971 551595 59.909129 10.765592 150145 1010
1290521972 552685 59.909161 10.765655 144675 1090
1290521973 553725 59.909172 10.765676 165190 1039
1290521974 554726 59.909181 10.765714 176893 1001
1290521975 555727 59.9091915 10.765735 169692 1001
1290521976 556845 59.909202 10.765756 132869 1118
1290521977 557846 59.90922 10.76578 172020 1001
1290521978 558944 59.909234 10.765804 121938 1098
1290521979 559955 59.909242 10.765808 158626 1011
1290521980 560966 59.909245 10.765811 168366 1011
1290521981 562035 59.909254 10.765797 125556 1069
1290521982 563036 59.909263 10.765782 149179 1001
1290521983 564045 59.909275 10.765772 142144 1009
1290521984 565046 59.909277 10.765754 157507 1001
1290521985 566054 59.909283 10.765722 144618 1008
1290521986 567475 59.90928 10.765652 157302 1421
1290521987 568476 59.90929 10.76562 158115 1001
1290521988 569477 59.90929 10.76562 135615 1001
1290521990 570665 59.909302 10.765557 127398 1188
1290521991 571794 59.909305 10.765522 117242 1129
1290521992 572804 59.909305 10.765522 115621 1010
1290521993 573975 59.909311 10.76549 68822 1171
1290521994 574985 59.909316 10.76549 105942 1010
1290521995 575995 59.909307 10.765504 98771 1010
1290521996 577005 59.909302 10.765518 121620 1010
1290521997 578025 59.909305 10.765536 96305 1020
1290521998 579045 59.909304 10.765553 113586 1020
1290521999 580055 59.909301 10.765589 112441 1010
1290522000 581154 59.909286 10.76562 75740 1099
1290522001 582174 59.909277 10.765673 90826 1020
1290522002 583184 59.909247 10.765803 81800 1010
1290522003 584335 59.909247 10.765803 57885 1151
1290522004 585344 59.909215 10.765899 66753 1009
1290522005 586354 59.909139 10.766156 54965 1010
1290522006 587374 59.909139 10.766156 58586 1020
1290522007 588375 59.909092 10.766283 60782 1001
1290522008 589395 59.909039 10.76639 84816 1020
1290522009 590404 59.908983 10.766478 49504 1009
1290522010 591414 59.908872 10.766656 77062 1010
1290522011 592435 59.908817 10.766727 80102 1021
1290522012 593454 59.908817 10.766727 71121 1019
1290522013 594464 59.908736 10.766879 29332 1010
1290522016 597337 59.908691 10.766936 38304 2873
1290522017 598344 59.908659 10.766978 96854 1007
1290522018 599495 59.908629 10.767049 72836 1151
1290522019 600504 59.908599 10.76712 118324 1009
1290522020 601514 59.9085986666667 10.767204 116239 1010
1290522021 602524 59.9085983333333 10.767288 110142 1010
1290522022 603534 59.908598 10.767372 122152 1010
1290522023 604564 59.908595 10.7674562 135389 1030
1290522024 605565 59.908592 10.7675404 180196 1001
1290522025 606575 59.908589 10.7676246 136706 1010
1290522026 607584 59.908586 10.7677088 131685 1009
1290522027 608585 59.908583 10.767793 153935 1001
1290522028 609594 59.90858 10.7678772 125955 1009
1290522029 610595 59.908577 10.7679614 89294 1001
1290522030 611604 59.908574 10.7680456 107098 1009
1290522032 612844 59.908568 10.768214 58739 1240
1290522033 613854 59.908589 10.768203 82920 1010
1290522034 614884 59.908589 10.768203 80514 1030
1290522035 615893 59.908576 10.76807 53326 1009
1290522036 616904 59.908562 10.767993 83446 1011
1290522037 617914 59.908539 10.767931 77328 1010
1290522038 618915 59.908518 10.76785 92333 1001
1290522039 620084 59.908497 10.767809 80818 1169
1290522040 621104 59.908478 10.767784 57484 1020
1290522041 622124 59.908445 10.767739 99397 1020
1290522042 623284 59.908445 10.767739 92808 1160
1290522043 624294 59.908433 10.767736 98116 1010
1290522044 625303 59.90842 10.7677415 99111 1009
1290522045 626304 59.908407 10.767747 92618 1001
1290522046 627404 59.908394 10.7677525 82410 1100
1290522047 628414 59.908381 10.767758 102785 1010
1290522048 629424 59.908381 10.767758 79694 1010
1290522050 630635 59.908411 10.767733 110834 1211
1290522051 631794 59.90843 10.767704 110703 1159
1290522052 632984 59.908454 10.767658 115342 1190
1290522053 634183 59.908482 10.767559 124612 1199
1290522054 635194 59.908482 10.767559 113099 1010
1290522055 636203 59.908497 10.767528 92235 1009
1290522056 637214 59.908488 10.767489 118625 1011
1290522057 638284 59.908488 10.767489 94238 1070
1290522058 639294 59.908478 10.7674595 108191 1009
1290522059 640514 59.908468 10.76743 112737 1220
1290522060 641515 59.908468 10.76743 120674 1001
1290522061 642534 59.90844 10.767315 75214 1019
1290522063 643554 59.90842 10.767255 115899 1020
1290522064 644714 59.908393 10.767193 98628 1160
1290522065 645718 59.9083645 10.767139 93270 1004
1290522066 646753 59.908336 10.767085 47880 1035
1290522067 647764 59.908336 10.767085 45257 1011
1290522068 648783 59.9083112380952 10.7670418095238 83322 1019
1290522069 649793 59.9082864761905 10.7669986190476 78959 1010
1290522070 650813 59.9082617142857 10.7669554285714 73175 1020
1290522071 651814 59.908236952381 10.7669122380952 61645 1001
1290522072 652823 59.9082121904762 10.766869047619 66920 1009
1290522073 653833 59.9081874285714 10.7668258571429 91185 1010
1290522074 654843 59.9081626666667 10.7667826666667 47880 1010
1290522075 655853 59.9081379047619 10.7667394761905 50489 1010
1290522076 656863 59.9081131428571 10.7666962857143 93434 1010
1290522077 657873 59.9080883809524 10.7666530952381 96819 1010
1290522078 658883 59.9080636190476 10.7666099047619 83304 1010
1290522079 659904 59.9080388571429 10.7665667142857 60861 1021
1290522080 660913 59.9080140952381 10.7665235238095 111563 1009
1290522081 661923 59.9079893333333 10.7664803333333 76750 1010
1290522082 662933 59.9079645714286 10.7664371428571 72427 1010
1290522083 663943 59.9079398095238 10.766393952381 86707 1010
1290522084 665053 59.907915047619 10.7663507619048 88808 1110
1290522085 666063 59.9078902857143 10.7663075714286 92548 1010
1290522086 667074 59.9078655238095 10.7662643809524 96216 1011
1290522087 668163 59.9078407619048 10.7662211904762 76750 1089
1290522088 669174 59.907816 10.766178 64051 1011
1290522089 670183 59.907944 10.7664 87117 1009
1290522090 671193 59.907944 10.7664 99163 1010
1290522091 672203 59.907978 10.766484 86438 1010
1290522092 673223 59.908027 10.766627 68333 1020
1290522093 674243 59.908027 10.766627 90174 1020
1290522094 675264 59.908039 10.766721 77221 1021
1290522095 676283 59.9080435 10.766777 86289 1019
1290522096 677614 59.908048 10.766833 71473 1331
1290522098 678623 59.908057 10.766945 58824 1009
1290522099 679634 59.908036 10.767138 57145 1011
1290522100 680733 59.9080206923077 10.767189 69402 1099
1290522101 681743 59.9080053846154 10.76724 78259 1010
1290522102 683173 59.9079900769231 10.767291 59982 1430
1290522103 684203 59.9079747692308 10.767342 63891 1030
1290522110 690956 59.9078676153846 10.767699 1127 6753
1290522111 691966 59.9078523076923 10.76775 85286 1010
1290522112 693246 59.907837 10.767801 98171 1280
1290522113 694276 59.907837 10.767801 34200 1030
1290522114 695297 59.907859 10.76779 21888 1021
1290522115 696326 59.907898 10.767765 23786 1029
1290522116 697366 59.907898 10.767765 31464 1040
1290522117 698406 59.907904 10.767747 43776 1040
1290522119 699538 59.907923 10.767715 22870 1132
1290522120 700797 59.907923 10.767715 21888 1258
1290522121 701826 59.907935 10.767719 51984 1029
1290522122 702836 59.907946 10.767701 50447 1010
1290522123 703856 59.907954 10.767704 35394 1020
1290522124 704876 59.907973 10.767673 32623 1020
1290522125 705897 59.907973 10.767673 36936 1020
1290522126 706916 59.908014 10.76763 34003 1019
1290522127 707946 59.908055 10.767626 31464 1030
1290522128 708956 59.908091 10.767622 21989 1010
1290522129 709986 59.908111 10.767628 23256 1030
1290522130 711006 59.90814 10.767621 19788 1020
1290522131 712066 59.908149 10.767606 16416 1060
1290522132 713236 59.908161 10.76761 27360 1170
1290522133 714266 59.908159 10.767589 30665 1030
1290522134 715286 59.908165 10.7675713333333 109014 1020
1290522135 716296 59.908171 10.7675536666667 88984 1010
1290522136 717313 59.908177 10.767536 64296 1017
1290522137 718396 59.908115 10.767551 12543 1083
1290522138 719496 59.908059 10.767549 40018 1100
1290522140 720696 59.907901 10.767548 57832 1200
1290522141 721710 59.907901 10.767548 57456 1014
1290522142 722726 59.907726 10.767558 51183 1016
1290522143 723737 59.907629 10.76756 67032 1011
1290522144 724886 59.907535 10.767579 42516 1149
1290522145 725906 59.907436 10.767598 45144 1020
1290522146 726915 59.907338 10.767618 46512 1009
1290522147 727936 59.907235 10.767637 40197 1021
1290522148 728937 59.907156 10.767663 54720 1001
1290522149 729966 59.907068 10.767651 44335 1029
1290522150 731036 59.906935 10.767639 41022 1070
1290522151 732086 59.906881 10.767619 46512 1050
1290522152 733116 59.906824 10.767616 37750 1030
1290522153 734145 59.906773 10.767614 47880 1029
1290522154 735166 59.90673 10.767597 38420 1021
1290522155 736176 59.906707 10.767587 47880 1009
1290522156 737216 59.906664 10.76757 29336 1040
1290522157 738236 59.906645 10.767564 40607 1020
1290522158 739246 59.906637 10.76756 46512 1010
1290522159 740256 59.906628 10.767575 42076 1010
1290522160 741257 59.906628 10.767575 46789 1001
1290522161 742275 59.906623 10.767589 55434 1018
1290522162 743286 59.906623 10.767589 63362 1011
1290522163 744297 59.906619 10.767603 75251 1011
1290522164 745426 59.906602 10.767628 82126 1129
1290522166 746615 59.906602 10.767628 78166 1189
1290522167 747626 59.906597 10.767657 77504 1011
1290522168 748635 59.906593 10.767671 71050 1009
1290522169 749636 59.906593 10.767671 75257 1001
1290522170 750646 59.906582 10.767678 72434 1010
1290522171 751666 59.906577 10.767693 76524 1020
1290522172 752675 59.906577 10.767693 79655 1009
1290522173 753875 59.906557 10.7677 82095 1200
1290522174 754886 59.906548 10.767714 85908 1011
1290522175 755990 59.906548 10.767714 16384 1104
1290522176 756995 59.906532 10.767739 121965 1005
1290522177 758017 59.906524 10.767736 80236 1022
1290522178 759025 59.906512 10.767747 76294 1008
1290522179 760076 59.906492 10.767755 84130 1051
1290522180 761085 59.906492 10.767755 84363 1009
1290522181 762095 59.906489 10.767751 91851 1010
1290522182 763096 59.906484 10.767765 81230 1001
1290522183 764115 59.906484 10.767765 84563 1019
1290522184 765125 59.906484 10.767765 84716 1010
1290522185 766356 59.906495 10.767786 82655 1231
1290522186 767465 59.906495 10.767786 94881 1109
1290522187 768467 59.906471 10.76778 83034 1002
1290522188 769476 59.906449 10.767791 59873 1009
1290522190 770565 59.906449 10.767791 59519 1089
1290522191 771645 59.906363 10.767746 67886 1080
1290522192 772656 59.906307 10.76773 72354 1011
1290522193 773665 59.906307 10.76773 39672 1009
1290522194 774836 59.906244 10.767692 9576 1171
1290522195 775965 59.906108 10.767599 19629 1129
1290522196 777005 59.906108 10.767599 36936 1040
1290522197 778045 59.90595 10.767517 32455 1040
1290522198 779075 59.90588 10.767462 51984 1030
1290522199 780085 59.90588 10.767462 67278 1010
1290522200 781106 59.905728 10.767363 77603 1021
1290522201 782115 59.90565 10.767304 54346 1009
1290522202 783145 59.90565 10.767304 34094 1030
1290522203 784146 59.905505 10.767173 33679 1001
1290522204 785175 59.905442 10.767083 39672 1029
1290522205 786185 59.905442 10.767083 42416 1010
1290522206 787195 59.90532 10.766958 53217 1010
1290522207 788196 59.905261 10.766886 59631 1001
1290522208 789225 59.905261 10.766886 34200 1029
1290522209 790275 59.90513 10.766775 29362 1050
1290522210 791325 59.905065 10.76672 45144 1050
1290522211 792365 59.904997 10.7667 26327 1040
1290522212 793405 59.904924 10.76668 21888 1040
1290522213 794485 59.904855 10.76666 19152 1080
1290522215 795555 59.904855 10.76666 13680 1070
1290522216 796640 59.904714 10.766634 11981 1085
1290522217 797708 59.904649 10.766632 19152 1068
1290522218 798725 59.904584 10.766629 49052 1017
1290522219 799735 59.904455 10.766698 87815 1010
1290522220 800736 59.904455 10.766698 70441 1001
1290522221 801764 59.904334 10.766823 73460 1028
1290522222 802904 59.904272 10.766876 55805 1140
1290522223 803905 59.904272 10.766876 73872 1001
1290522224 804935 59.904161 10.766987 55031 1030
1290522225 805964 59.904106 10.767043 57326 1029
1290522226 807035 59.904049 10.767097 60611 1071
1290522227 808056 59.903948 10.767214 61114 1021
1290522228 809065 59.903948 10.767214 70885 1009
1290522229 810085 59.9039 10.767253 100125 1020
1290522230 811155 59.903815 10.767283 55175 1070
1290522231 812165 59.903815 10.767283 76608 1009
1290522232 813175 59.903815 10.767283 49937 1010
1290522233 814185 59.903728 10.767277 61187 1010
1290522234 815325 59.903678 10.767281 26173 1140
1290522235 816395 59.903678 10.767281 47880 1070
1290522236 817404 59.903591 10.767293 41843 1009
1290522237 818434 59.903553 10.7673 40771 1030
1290522238 819454 59.903516 10.76729 41040 1019
1290522239 820495 59.903488 10.767284 31853 1041
1290522240 821505 59.903488 10.767284 38304 1010
1290522241 822514 59.903485 10.767266 35318 1009
1290522242 823525 59.903477 10.767263 41654 1011
1290522244 824564 59.903477 10.767263 48741 1039
1290522245 825794 59.903477 10.767263 54556 1230
1290522246 826874 59.903481 10.767263 58414 1079
1290522247 827964 59.903474 10.767259 66598 1090
1290522248 828985 59.903474 10.767259 60192 1020
1290522249 830004 59.903472 10.767277 50516 1019
1290522250 831034 59.903485 10.76728 54749 1030
1290522251 832045 59.903489 10.76728 55073 1011
1290522252 833095 59.903489 10.76728 62425 1050
1290522253 834305 59.903492 10.767298 80032 1210
1290522254 835474 59.903489 10.767295 79959 1169
1290522256 836614 59.903489 10.767295 81517 1140
1290522257 837724 59.903468 10.767305 81940 1110
1290522258 838774 59.903439 10.767313 73413 1050
1290522259 840024 59.90341 10.76732 68683 1250
1290522261 841554 59.903377 10.767328 32832 1530
1290522262 842614 59.903295 10.767336 102678 1060
1290522263 843664 59.903263 10.767326 137028 1050
1290522264 844694 59.903228 10.767313 139362 1030
1290522265 845708 59.903228 10.767313 120554 1014
1290522266 846724 59.903167 10.767311 46142 1016
1290522267 847754 59.903146 10.767321 51598 1030
1290522268 848775 59.903146 10.767321 50616 1021
1290522269 849787 59.903097 10.767322 45846 1012
1290522270 850874 59.903084 10.767337 59940 1087
1290522271 851894 59.903059 10.76733 117175 1020
1290522272 852904 59.903034 10.767341 102740 1010
1290522273 853965 59.903017 10.767337 109323 1061
1290522274 855144 59.902991 10.767348 142709 1179
1290522275 856164 59.902947 10.767335 76379 1020
1290522276 857194 59.902947 10.767335 34200 1030
1290522277 858197 59.902947 10.767335 16384 1003
1290522278 859204 59.902876 10.76735 78914 1007
1290522279 860214 59.90284 10.76734 116144 1010
1290522280 861230 59.902799 10.767344 78542 1016
1290522281 862244 59.90272 10.767356 90905 1014
1290522282 863254 59.90272 10.767356 111867 1010
1290522283 864274 59.902681 10.767343 92397 1020
1290522284 865275 59.902594 10.767351 76258 1001
1290522285 866284 59.902594 10.767351 85488 1009
1290522286 867285 59.90253 10.767331 143980 1001
1290522287 868444 59.902498 10.767321 127676 1159
1290522288 869449 59.902498 10.767321 219279 1005
1290522289 870454 59.902436 10.767283 193236 1003
1290522291 871565 59.902404 10.767273 145414 1111
1290522292 872574 59.902404 10.767273 146660 1009
1290522293 873575 59.902336 10.767253 149536 1001
1290522294 874624 59.902306 10.767226 144662 1049
1290522295 875634 59.902306 10.767226 141804 1010
1290522296 876654 59.902246 10.767206 148804 1020
1290522297 877674 59.902216 10.767178 70062 1019
1290522298 878974 59.902216 10.767178 34200 1300
1290522299 880033 59.902158 10.767141 34904 1059
1290522300 881114 59.902128 10.767113 52139 1081
1290522301 882134 59.902102 10.767085 76055 1020
1290522302 883154 59.902051 10.766999 89282 1020
1290522303 884164 59.902051 10.766999 87329 1010
1290522304 885214 59.902034 10.766957 77304 1050
1290522305 886324 59.901984 10.766831 24428 1110
1290522306 887334 59.901984 10.766831 83186 1010
1290522307 888354 59.901968 10.766772 76178 1020
1290522309 889553 59.901948 10.766636 58831 1199
1290522310 890574 59.901948 10.766636 61560 1021
1290522311 891594 59.901934 10.76652 40265 1020
1290522312 892614 59.901929 10.766444 51303 1020
1290522313 893624 59.901929 10.766444 53352 1010
1290522314 894643 59.901901 10.766304 38955 1019
1290522315 895674 59.901867 10.76622 47880 1031
1290522316 896693 59.901867 10.76622 38864 1019
1290522317 897703 59.901801 10.765997 44992 1009
1290522318 898723 59.901758 10.765875 61560 1020
1290522319 899743 59.901758 10.765875 39860 1020
1290522320 900744 59.901686 10.765631 39070 1001
1290522321 901963 59.901644 10.765492 55379 1219
1290522322 902973 59.901644 10.765492 53352 1010
1290522323 903983 59.901564 10.765244 22648 1010
1290522324 905023 59.901514 10.765119 28728 1040
1290522325 906043 59.90146 10.76499 30810 1020
1290522326 907063 59.901414 10.764865 50616 1020
1290522327 908083 59.901359 10.764754 42105 1020
1290522328 909113 59.901305 10.764625 42101 1030
1290522329 910143 59.901251 10.764497 34200 1030
1290522330 911144 59.901198 10.764368 19152 1001
1290522337 918080 59.901198 10.764368 1533 6936
1290522338 919156 59.901093 10.764114 3862 1076
1290522339 920166 59.901047 10.763988 113792 1010
1290522340 921316 59.900956 10.763576 153581 1150
1290522341 922326 59.900866 10.763147 139918 1010
1290522342 923346 59.900809 10.762819 122901 1020
1290522343 924376 59.900745 10.762469 135048 1030
1290522345 925552 59.900654 10.76211 110003 1176
1290522346 926616 59.90062 10.761935 149383 1064
1290522347 927617 59.900577 10.761775 163558 1001
1290522348 928626 59.900543 10.7616 138759 1009
1290522349 929646 59.900543 10.7616 113092 1020
1290522350 930656 59.900483 10.761251 113284 1010
1290522351 931676 59.900454 10.761076 131111 1020
1290522352 932677 59.900454 10.761076 152000 1001
1290522353 933746 59.900387 10.760723 134718 1069
1290522354 934756 59.900357 10.760549 139363 1010
1290522355 935757 59.900325 10.760409 154083 1001
1290522356 936776 59.900292 10.76027 124971 1019
1290522357 937836 59.900263 10.760133 127339 1060
1290522358 938856 59.900229 10.760011 138547 1020
1290522359 939936 59.900198 10.759893 132767 1080
1290522360 940966 59.900164 10.759771 130253 1030
1290522361 941976 59.900132 10.75967 118070 1010
1290522362 943085 59.900063 10.759482 127486 1109
1290522363 944095 59.900063 10.759482 83669 1010
1290522364 945126 59.900031 10.759381 55044 1031
1290522365 946145 59.899936 10.759204 64252 1019
1290522366 947156 59.899936 10.759204 82706 1011
1290522367 948206 59.899894 10.759117 60682 1050
1290522368 949285 59.899806 10.75896 58290 1079
1290522369 950315 59.899806 10.75896 71136 1030
1290522370 951355 59.899751 10.758888 42422 1040
1290522371 952425 59.899644 10.75876 36343 1070
1290522372 953435 59.899644 10.75876 39672 1010
1290522373 954445 59.899591 10.758722 31464 1010
1290522375 956055 59.899492 10.758651 18516 1610
1290522376 957056 59.899492 10.758651 71136 1001
1290522377 958065 59.899382 10.758611 38420 1009
1290522378 959066 59.899326 10.758608 35568 1001
1290522379 960095 59.89927 10.758606 31801 1029
1290522380 961105 59.899212 10.758621 32832 1010
1290522381 962135 59.899154 10.758636 40039 1030
1290522382 963228 59.899154 10.758636 46512 1093
1290522383 964265 59.899038 10.758684 32043 1037
1290522384 965307 59.898978 10.758716 32832 1042
1290522385 966325 59.898978 10.758716 32727 1018
1290522386 967345 59.898872 10.758732 24382 1020
1290522388 968757 59.898811 10.75873 10944 1412
1290522389 969945 59.898811 10.75873 30096 1188
1290522390 970975 59.898704 10.758711 21464 1030
1290522392 973235 59.898656 10.758694 20520 2260
1290522393 974269 59.898599 10.758656 42612 1034
1290522394 975304 59.898541 10.758619 20520 1035
1290522395 976505 59.898489 10.758602 38989 1201
1290522396 977525 59.898437 10.758585 45144 1020
1290522398 978585 59.898333 10.75857 21458 1060
1290522399 979625 59.898333 10.75857 28728 1040
1290522400 980685 59.898292 10.758574 16416 1060
1290522401 981855 59.898204 10.7586 16721 1170
1290522403 983765 59.898204 10.7586 5472 1910
1290522404 984845 59.898168 10.758642 54720 1080
1290522405 985864 59.898092 10.75871 18593 1019
1290522406 986915 59.898092 10.75871 41040 1051
1290522407 987945 59.89802 10.758796 27378 1030
1290522408 988955 59.897991 10.758842 47880 1010
1290522409 989965 59.897968 10.75887 50420 1010
1290522410 990967 59.897915 10.758923 81595 1002
1290522411 992126 59.897896 10.758969 78157 1159
1290522412 993145 59.897887 10.758984 58824 1019
1290522413 994155 59.897879 10.75898 59103 1010
1290522414 995175 59.897879 10.75898 95760 1020
1290522415 996195 59.897875 10.758995 73700 1020
1290522416 997385 59.897862 10.759005 71251 1190
1290522417 998386 59.897862 10.759005 77384 1001
1290522418 999394 59.897867 10.759005 94553 1008
1290522419 1000405 59.897864 10.759002 82928 1011
1290522420 1001415 59.897864 10.759002 84924 1010
1290522422 1002755 59.897859 10.759016 25992 1340
1290522423 1003784 59.897855 10.759069 47434 1029
1290522424 1004804 59.897855 10.759069 47880 1020
1290522425 1005874 59.897829 10.759185 25144 1070
1290522426 1006924 59.897813 10.759234 9576 1050
1290522427 1008035 59.89779 10.759301 33443 1110
1290522428 1009054 59.897766 10.759347 59089 1019
1290522429 1010064 59.897745 10.759397 49248 1010
1290522430 1011074 59.897718 10.759425 42131 1010
1290522431 1012095 59.897659 10.759496 105023 1021
1290522432 1013115 59.897659 10.759496 102875 1020
1290522433 1014135 59.897659 10.759496 67353 1020
1290522434 1015164 59.897619 10.759591 91227 1029
1290522435 1016174 59.897601 10.759658 88209 1010
1290522436 1017175 59.897592 10.759711 81756 1001
1290522437 1018204 59.89755 10.759824 87621 1029
1290522438 1019214 59.89755 10.759824 62600 1010
1290522439 1020244 59.897529 10.759873 37633 1030
1290522440 1021270 59.897508 10.759923 32832 1026
1290522441 1022304 59.897479 10.759968 21678 1034
1290522442 1023315 59.897479 10.759968 27360 1011
1290522443 1024526 59.897433 10.760029 35370 1211
1290522445 1025554 59.897398 10.760054 43776 1028
1290522446 1026575 59.897371 10.760082 29643 1021
1290522447 1027784 59.897282 10.760164 55045 1209
1290522448 1028794 59.897233 10.760203 66198 1010
1290522449 1029804 59.89717 10.760275 75973 1010
1290522450 1030824 59.897112 10.760328 87759 1020
1290522451 1031834 59.897043 10.760378 99381 1010
1290522452 1032844 59.896973 10.760428 162376 1010
1290522453 1033974 59.896896 10.760475 161399 1130
1290522454 1034985 59.896814 10.760522 164931 1010
1290522455 1035995 59.896737 10.760569 127348 1010
1290522456 1037004 59.896648 10.760613 64043 1009
1290522457 1038134 59.896478 10.760738 128811 1130
1290522458 1039154 59.89638 10.760796 107982 1020
1290522459 1040355 59.89638 10.760796 103249 1201
1290522460 1041454 59.896203 10.760918 143654 1099
1290522461 1042455 59.896104 10.760976 176550 1001
1290522462 1043464 59.896104 10.760976 152094 1009
1290522463 1044474 59.895915 10.761094 81221 1010
1290522464 1045484 59.895817 10.761152 108183 1010
1290522466 1046654 59.89572 10.761192 59638 1170
1290522467 1047696 59.895615 10.761229 91739 1042
1290522468 1048714 59.895515 10.761252 33213 1018
1290522469 1049924 59.895412 10.761271 55210 1210
1290522470 1050934 59.895297 10.761287 56088 1010
1290522471 1051954 59.895192 10.761324 74633 1020
1290522472 1052955 59.895077 10.76134 114960 1001
1290522473 1053964 59.894956 10.761373 119376 1009
1290522474 1055134 59.894847 10.76141 139356 1170
1290522475 1056154 59.894607 10.761456 170265 1019
1290522476 1057164 59.894486 10.76149 159322 1010
1290522477 1058167 59.894486 10.76149 132962 1003
1290522478 1059174 59.894361 10.76152 98337 1007
1290522479 1060175 59.894113 10.761619 138495 1001
1290522480 1061184 59.894113 10.761619 130748 1009
1290522481 1062194 59.893989 10.761687 135315 1010
1290522482 1063195 59.893736 10.761839 136142 1001
1290522483 1064284 59.893736 10.761839 146223 1089
1290522484 1065286 59.893489 10.762011 204863 1002
1290522485 1066294 59.893369 10.762136 200822 1008
1290522486 1067464 59.893369 10.762136 184227 1170
1290522487 1068466 59.893134 10.762402 209726 1002
1290522488 1069484 59.893024 10.762548 180514 1018
1290522489 1070486 59.893024 10.762548 103338 1002
1290522490 1071494 59.892807 10.762856 162829 1008
1290522492 1072544 59.8927 10.763019 174838 1050
1290522493 1073574 59.892587 10.763162 170174 1030
1290522494 1074584 59.892487 10.763328 185472 1010
1290522495 1075664 59.892381 10.763473 178347 1080
1290522496 1076854 59.892274 10.763636 180855 1190
1290522497 1078046 59.892178 10.76382 220156 1192
1290522498 1079174 59.892089 10.764008 213598 1128
1290522499 1080284 59.89191 10.7644 204690 1110
1290522500 1081474 59.891832 10.764608 220425 1141
1290522502 1082664 59.891742 10.764812 220633 1190
1290522503 1083665 59.891665 10.765003 236054 1001
1290522504 1084674 59.891579 10.765208 192359 1009
1290522505 1085744 59.891498 10.765398 237480 1070
1290522506 1086934 59.89142 10.765606 209084 1190
1290522507 1087935 59.891342 10.765814 200310 1001
1290522508 1089074 59.891259 10.766023 197604 1139
1290522509 1090264 59.8911 10.766421 181265 1190
1290522510 1091265 59.8911 10.766421 189704 1001
1290522511 1092283 59.890919 10.766778 199604 1018
1290522512 1093344 59.89083 10.766965 125300 1061
1290522513 1094483 59.89083 10.766965 156593 1139
1290522515 1095553 59.890633 10.76728 152631 1070
1290522516 1096664 59.890535 10.767429 145281 1111
1290522517 1097824 59.890424 10.767575 166209 1160
1290522518 1098914 59.890319 10.76772 158745 1090
1290522519 1099924 59.890209 10.767866 172459 1010
1290522520 1100994 59.890111 10.768014 161850 1070
1290522521 1101995 59.890003 10.768177 204234 1001
1290522522 1103003 59.889893 10.768323 195968 1008
1290522523 1104006 59.889788 10.768468 188681 1003
1290522524 1105014 59.88969 10.768617 221538 1008
1290522525 1106023 59.889579 10.768762 168445 1009
1290522526 1107185 59.889376 10.769057 170001 1162
1290522527 1108353 59.889287 10.769191 171840 1168
1290522528 1109354 59.889287 10.769191 205272 1001
1290522529 1110363 59.88919 10.769322 198977 1009
1290522530 1111493 59.889024 10.769542 159692 1130
1290522531 1112504 59.889024 10.769542 151570 1011
1290522533 1113583 59.888888 10.769751 118435 1079
1290522534 1114585 59.888828 10.76984 188444 1002
1290522535 1115773 59.888777 10.769914 173257 1188
1290522536 1116783 59.888733 10.769992 182603 1010
1290522537 1117813 59.888688 10.770049 125767 1030
1290522538 1118883 59.888637 10.770123 153921 1070
1290522539 1119933 59.888599 10.770183 153126 1050
1290522540 1121093 59.888552 10.770258 188549 1160
1290522541 1122133 59.88848 10.770343 154445 1040
1290522542 1123223 59.888451 10.770389 190923 1090
1290522543 1124224 59.888451 10.770389 176090 1001
1290522544 1125304 59.888415 10.770431 178163 1080
1290522545 1126334 59.888409 10.770449 204689 1030
1290522546 1127451 59.888409 10.770449 214696 1117
1290522547 1128453 59.888409 10.770449 245855 1002
1290522548 1129463 59.888404 10.770449 138344 1010
1290522549 1130464 59.888404 10.770449 178128 1001
1290522550 1131474 59.888394 10.770428 212737 1010
1290522551 1132484 59.888388 10.770446 235812 1010
1290522553 1133563 59.888389 10.770428 209864 1079
1290522554 1134753 59.888389 10.770428 241800 1190
1290522555 1135805 59.888389 10.770428 206378 1052
1290522556 1136933 59.888394 10.770428 180505 1127
1290522557 1137934 59.888394 10.770428 180780 1001
1290522558 1139125 59.888398 10.770428 218240 1191
1290522559 1140173 59.888403 10.770428 176452 1048
1290522560 1141183 59.888413 10.770449 230823 1009
1290522561 1142213 59.888413 10.770449 195553 1030
1290522562 1143214 59.888403 10.770481 199255 1001
1290522563 1144233 59.888392 10.770512 177667 1019
1290522564 1145235 59.888392 10.770512 122017 1002
1290522565 1146423 59.888324 10.770598 200908 1188
1290522566 1147533 59.888267 10.770651 229516 1110
1290522568 1148622 59.888209 10.770705 183221 1089
1290522569 1149623 59.888151 10.770776 187687 1001
1290522570 1150624 59.888099 10.77085 175855 1001
1290522571 1151633 59.888099 10.77085 146015 1009
1290522572 1152832 59.887977 10.770992 170316 1199
1290522573 1153864 59.887918 10.771063 192932 1031
1290522574 1154913 59.887852 10.771131 198002 1049
1290522575 1155914 59.887793 10.771202 198908 1001
1290522576 1156923 59.88772 10.771287 154533 1009
1290522577 1157973 59.887651 10.77139 142745 1050
1290522578 1159093 59.887483 10.771589 180912 1120
1290522579 1160193 59.887483 10.771589 196854 1100
1290522580 1161343 59.887285 10.771813 202126 1149
1290522581 1162493 59.887189 10.771944 211558 1149
1290522582 1163512 59.887189 10.771944 148219 1019
1290522583 1164513 59.886985 10.772186 118625 1001
1290522584 1165523 59.886888 10.772317 143660 1010
1290522586 1166543 59.886888 10.772317 121549 1020
1290522587 1167552 59.886698 10.772583 101162 1009
1290522588 1168553 59.886617 10.77272 151369 1001
1290522589 1169572 59.886617 10.77272 160920 1019
1290522590 1170582 59.886469 10.772964 123644 1010
1290522591 1171592 59.88641 10.773074 96253 1010
1290522592 1172782 59.886356 10.773183 121026 1190
1290522593 1173784 59.886313 10.773261 146993 1002
1290522594 1174792 59.886277 10.773342 122481 1008
1290522595 1175793 59.886277 10.773342 98774 1001
1290522596 1176794 59.886237 10.77342 134969 1001
1290522597 1177932 59.886233 10.77342 180184 1138
1290522598 1179033 59.886231 10.773437 126294 1101
1290522599 1180042 59.886227 10.773437 148231 1009
1290522600 1181043 59.886227 10.773437 185172 1001
1290522601 1182052 59.886222 10.773437 199573 1009
1290522602 1183182 59.886222 10.773437 166396 1130
1290522603 1184192 59.886222 10.773437 181387 1009
1290522604 1185272 59.886218 10.773437 156418 1080
1290522605 1186362 59.886213 10.773437 195869 1089
1290522606 1187492 59.886213 10.773437 219249 1130
1290522607 1188493 59.886213 10.773437 208337 1001
1290522609 1189555 59.886209 10.773437 152164 1062
1290522610 1190643 59.8862 10.773452 184447 1088
1290522611 1191722 59.886185 10.773483 163632 1079
1290522612 1192792 59.886159 10.773547 167366 1070
1290522613 1193822 59.886137 10.773614 175038 1030
1290522614 1194823 59.886104 10.773712 187840 1001
1290522615 1195824 59.886063 10.773807 155775 1001
1290522616 1196832 59.886017 10.77392 165860 1008
1290522617 1197882 59.885972 10.774068 136277 1050
1290522618 1198884 59.885927 10.774216 154693 1002
1290522619 1199893 59.885876 10.774381 158868 1009
1290522620 1200902 59.885825 10.774547 173670 1009
1290522621 1202052 59.885786 10.774716 134693 1150
1290522622 1203082 59.885741 10.774902 130890 1030
1290522623 1204084 59.885669 10.775278 152927 1002
1290522624 1205092 59.885669 10.775278 154204 1008
1290522625 1206282 59.885616 10.775661 156930 1190
1290522626 1207453 59.885603 10.775857 180667 1171
1290522627 1208462 59.885603 10.775857 114742 1009
1290522628 1209522 59.885601 10.776256 114742 1060
1290522630 1210602 59.88561 10.776442 99197 1080
1290522631 1211772 59.885622 10.776627 113003 1170
1290522632 1212781 59.885623 10.776809 122670 1008
1290522633 1213782 59.885623 10.777009 87325 1001
1290522634 1214801 59.885623 10.777009 77042 1019
1290522635 1215882 59.885595 10.777381 70840 1081
1290522636 1216884 59.88557 10.777574 116563 1002
1290522637 1217892 59.885544 10.777746 58886 1008
1290522638 1218921 59.885497 10.777911 69152 1029
1290522639 1219961 59.885446 10.778077 50616 1040
1290522640 1220965 59.885446 10.778077 16384 1004
1290522644 1224901 59.885324 10.778362 7248 3936
1290522645 1225912 59.885252 10.7785 34200 1011
1290522646 1227342 59.885175 10.778638 44563 1430
1290522647 1228382 59.885026 10.778914 66995 1040
1290522648 1229391 59.885026 10.778914 65664 1009
1290522649 1230402 59.884857 10.779183 14924 1011
1290522651 1231751 59.88477 10.779352 63133 1349
1290522652 1232892 59.884603 10.779695 75364 1141
1290522653 1233972 59.884423 10.780034 151061 1080
1290522654 1234981 59.884223 10.780384 123010 1009
1290522655 1235991 59.884122 10.780568 97968 1010
1290522656 1237001 59.88403 10.780738 92895 1010
1290522657 1238092 59.883932 10.780886 77125 1091
1290522658 1239231 59.88382 10.781049 81322 1139
1290522659 1240251 59.883716 10.781215 64296 1020
1290522661 1242263 59.883606 10.781361 39134 2012
1290522681 1261959 59.883395 10.781637 40566 19695
1290522682 1262979 59.883292 10.781786 24624 1020
1290522683 1263999 59.883184 10.781914 60872 1020
1290522684 1265019 59.882981 10.782176 62653 1020
1290522685 1266029 59.88287 10.782286 68981 1010
1290522686 1267039 59.882693 10.782485 72450 1010
1290522687 1268040 59.88262 10.78257 79472 1001
1290522688 1269059 59.882507 10.782698 58264 1019
1290522689 1270179 59.882405 10.782847 84691 1120
1290522690 1271180 59.882362 10.782907 91483 1001
1290522691 1272189 59.88229 10.782992 97723 1009
1290522692 1273209 59.882267 10.783021 103460 1020
1290522693 1274309 59.882257 10.783052 77069 1100
1290522694 1275310 59.882261 10.783052 94421 1001
1290522695 1276319 59.88226 10.78307 93143 1009
1290522696 1277329 59.882267 10.783073 97392 1010
1290522697 1278340 59.882267 10.783073 89380 1011
1290522698 1279499 59.882263 10.783073 84787 1159
1290522699 1280509 59.882261 10.783091 91531 1010
1290522701 1281579 59.882261 10.783091 75240 1070
1290522702 1282883 59.882261 10.783091 16384 1304
1290522703 1283889 59.882261 10.783091 65854 1005
1290522704 1284909 59.882261 10.783091 83448 1020
1290522705 1285929 59.882263 10.783073 65841 1020
1290522706 1286980 59.882263 10.783073 59433 1051
1290522707 1287989 59.882263 10.783073 74496 1009
1290522708 1288999 59.882261 10.783091 86232 1010
1290522709 1290039 59.882254 10.783087 60866 1040
1290522710 1291049 59.882243 10.783119 46202 1010
1290522711 1292060 59.882236 10.783116 70215 1010
1290522712 1293119 59.882222 10.78313 58769 1059
1290522713 1294169 59.882221 10.783148 77976 1050
1290522714 1295179 59.882208 10.783144 65083 1010
1290522715 1296199 59.882208 10.783144 72848 1020
1290522716 1297219 59.882208 10.783144 74158 1020
1290522717 1298379 59.882216 10.783148 77482 1160
1290522718 1299388 59.882225 10.783133 88241 1009
1290522719 1300399 59.882225 10.783133 85400 1011
1290522720 1301419 59.882228 10.783137 89834 1020
1290522721 1302429 59.882227 10.783154 88315 1010
1290522722 1303450 59.882203 10.783186 100795 1021
1290522723 1304459 59.88218 10.783214 73098 1009
1290522724 1305469 59.882144 10.783257 106987 1009
1290522726 1306559 59.882121 10.783285 89926 1090
1290522727 1307579 59.882121 10.783285 101613 1020
1290522728 1308580 59.882084 10.783346 101500 1001
1290522729 1309589 59.882067 10.783356 73758 1009
1290522730 1310599 59.882067 10.783356 108221 1010
1290522731 1311689 59.882022 10.783413 87426 1090
1290522732 1312699 59.881994 10.783442 94089 1010
1290522733 1313719 59.881994 10.783442 78096 1020
1290522734 1314819 59.881935 10.783513 65457 1100
1290522735 1315839 59.881899 10.783555 87088 1020
1290522736 1316888 59.881864 10.78358 107416 1049
1290522737 1317929 59.881824 10.783623 100323 1041
1290522738 1318939 59.881789 10.783648 134799 1010
1290522739 1320098 59.881753 10.783691 119865 1159
1290522740 1321109 59.881671 10.783737 124410 1011
1290522741 1322179 59.881671 10.783737 102498 1070
1290522742 1323239 59.881586 10.783819 120137 1060
1290522743 1324479 59.881539 10.783841 123432 1240
1290522744 1325488 59.881539 10.783841 102059 1009
1290522746 1326558 59.881441 10.783899 76117 1070
1290522747 1327748 59.881399 10.78392 106135 1190
1290522748 1328989 59.881352 10.783942 108071 1241
1290522749 1330008 59.881305 10.783964 101304 1019
1290522750 1331079 59.881262 10.783985 73176 1071
1290522751 1332088 59.881208 10.784004 94331 1009
1290522752 1333098 59.881094 10.784041 97005 1010
1290522753 1334148 59.881094 10.784041 78362 1050
1290522754 1335158 59.88104 10.784059 108571 1010
1290522755 1336258 59.880929 10.784113 79838 1100
1290522756 1337268 59.880929 10.784113 97704 1010
1290522757 1338469 59.880815 10.78415 85303 1201
1290522758 1339476 59.880747 10.784183 91523 1007
1290522760 1340559 59.880747 10.784183 89561 1083
1290522761 1341569 59.880632 10.784237 114120 1010
1290522762 1342738 59.880573 10.784255 81194 1169
1290522763 1343868 59.880526 10.784277 33540 1130
1290522764 1344888 59.880479 10.784299 103968 1020
1290522765 1345898 59.880432 10.78432 65561 1010
1290522766 1346978 59.880432 10.78432 76650 1080
1290522767 1348248 59.880361 10.784335 77944 1270
1290522768 1349258 59.880361 10.784335 81534 1010
1290522770 1350538 59.880357 10.784335 45917 1280
1290522771 1351541 59.880348 10.78435 70743 1003
1290522772 1352548 59.880348 10.78435 86809 1007
1290522773 1353558 59.880345 10.784332 84761 1010
1290522774 1354568 59.880332 10.784329 88609 1010
1290522775 1355588 59.880332 10.784329 86416 1020
1290522776 1356678 59.880328 10.784329 68399 1090
1290522777 1357681 59.880323 10.784329 86062 1002
1290522778 1358688 59.880323 10.784329 97909 1007
1290522779 1359728 59.880311 10.784325 72922 1040
1290522780 1360748 59.880307 10.784325 97172 1020
1290522781 1361878 59.880307 10.784325 62171 1130
1290522782 1362897 59.880304 10.784308 80470 1019
1290522783 1364098 59.880304 10.784308 76715 1201
1290522784 1365108 59.880292 10.784305 76451 1010
1290522785 1366128 59.880292 10.784305 77584 1020
1290522786 1367138 59.880292 10.784305 78194 1010
1290522787 1368148 59.880289 10.784287 79249 1010
1290522788 1369158 59.880281 10.784284 85192 1010
1290522789 1370168 59.880281 10.784284 82181 1010
1290522790 1371188 59.880281 10.784284 74615 1020
1290522791 1372238 59.880285 10.784269 52363 1050
1290522792 1373248 59.880285 10.784269 69659 1010
1290522793 1374258 59.880285 10.784269 57616 1010
1290522794 1375318 59.880273 10.784266 57400 1060
1290522795 1376387 59.880273 10.784266 60546 1069
1290522796 1377428 59.880269 10.784266 59955 1041
1290522797 1378437 59.880278 10.784252 57456 1009
1290522798 1379453 59.880278 10.784252 43659 1016
1290522800 1380547 59.880272 10.784269 50072 1094
1290522801 1381554 59.880272 10.784269 65664 1007
1290522802 1382557 59.880272 10.784269 55859 1003
1290522803 1383568 59.880258 10.784284 54027 1011
1290522804 1384678 59.880234 10.784277 57922 1110
1290522805 1385858 59.880234 10.784277 65664 1180
1290522806 1386887 59.880186 10.784316 39886 1029
1290522807 1387888 59.880143 10.784338 51984 1001
1290522808 1388917 59.880143 10.784338 47911 1029
1290522809 1389928 59.880101 10.78436 67032 1011
1290522810 1390968 59.87999 10.784414 56161 1040
1290522811 1392217 59.87999 10.784414 71136 1249
1290522812 1393227 59.879837 10.78449 65693 1009
1290522813 1394237 59.879739 10.784548 64296 1010
1290522814 1395267 59.879636 10.784605 45419 1030
1290522815 1396277 59.879518 10.784656 54720 1010
1290522816 1397297 59.879407 10.78471 41066 1020
1290522817 1398317 59.879407 10.78471 50616 1020
1290522818 1399387 59.87916 10.78483 28267 1070
1290522819 1400397 59.879029 10.784895 43776 1010
1290522820 1401417 59.879029 10.784895 45144 1020
1290522821 1402437 59.878744 10.785036 27018 1020
1290522822 1403477 59.8786 10.785098 34200 1040
1290522823 1404497 59.878467 10.785181 33757 1020
1290522824 1405508 59.878179 10.785304 117980 1011
1290522826 1406598 59.878179 10.785304 105237 1090
1290522827 1407607 59.877894 10.785445 150048 1009
1290522828 1408747 59.87775 10.785507 72463 1140
1290522829 1409767 59.877605 10.785587 132180 1020
1290522830 1410787 59.877461 10.785648 87184 1020
1290522831 1411947 59.877322 10.78571 46704 1160
1290522832 1412978 59.877182 10.785772 82854 1031
1290522833 1413988 59.877046 10.785837 129817 1010
1290522834 1415157 59.876902 10.785899 74646 1169
1290522835 1416167 59.876763 10.785961 94375 1010
1290522836 1417177 59.876495 10.786091 85880 1010
1290522837 1418178 59.876495 10.786091 92911 1001
1290522838 1419187 59.876363 10.786156 87817 1009
1290522839 1420228 59.876125 10.786276 68441 1041
1290522840 1421237 59.876125 10.786276 121539 1009
1290522841 1422257 59.87601 10.78633 77769 1020
1290522842 1423277 59.875803 10.786424 51307 1020
1290522843 1424477 59.875803 10.786424 56407 1200
1290522844 1425487 59.875636 10.786514 76654 1010
1290522845 1426518 59.87556 10.786544 92541 1031
1290522847 1427738 59.8755 10.78658 68909 1220
1290522848 1428767 59.875444 10.786615 80527 1029
1290522849 1429787 59.875401 10.786637 47065 1020
1290522850 1430967 59.875362 10.786662 33716 1180
1290522851 1431976 59.875327 10.786687 30096 1009
1290522852 1433047 59.8753 10.786716 22293 1071
1290522853 1434137 59.8753 10.786716 17784 1090
1290522854 1435167 59.875279 10.786726 15048 1030
1290522855 1436217 59.875279 10.786726 13680 1050
1290522856 1437276 59.875274 10.786726 12765 1059
1290522857 1438277 59.875274 10.786726 16416 1001
1290522858 1439316 59.875282 10.78673 24624 1039
1290522859 1440337 59.875279 10.786712 20652 1021
1290522860 1441466 59.875291 10.786701 38748 1129
1290522861 1442467 59.875291 10.786701 46512 1001
1290522862 1443486 59.875287 10.786701 41450 1019
1290522863 1444497 59.875291 10.786687 41555 1011
1290522864 1445516 59.875291 10.786687 58124 1019
1290522866 1446556 59.875287 10.786687 46614 1040
1290522867 1447687 59.875296 10.786673 41395 1131
1290522868 1448696 59.875296 10.786673 36936 1009
1290522869 1449708 59.875291 10.786673 32968 1012
1290522870 1450727 59.875287 10.786673 44871 1019
1290522871 1451737 59.875282 10.786673 61464 1010
1290522872 1452747 59.875278 10.786673 65672 1010
1290522873 1453767 59.875269 10.786687 83585 1020
1290522874 1454775 59.875269 10.786687 59638 1008
1290522875 1455776 59.875213 10.786723 72934 1001
1290522876 1456796 59.875182 10.786748 55129 1020
1290522877 1457811 59.875182 10.786748 64900 1015
1290522878 1458826 59.875098 10.786792 66084 1015
1290522879 1459996 59.87504 10.786845 51746 1170
1290522880 1461017 59.874981 10.786878 70734 1021
1290522881 1462216 59.874859 10.786981 65755 1199
1290522882 1463277 59.874859 10.786981 68886 1061
1290522883 1464286 59.874786 10.787028 83034 1009
1290522884 1465287 59.874628 10.787171 68894 1001
1290522885 1466296 59.874628 10.787171 57272 1009
1290522886 1467376 59.874538 10.787246 57354 1080
1290522887 1468397 59.874454 10.787324 61560 1021
1290522888 1469406 59.874345 10.787414 19549 1009
1290522889 1470457 59.87415 10.787617 58108 1051
1290522890 1471466 59.874047 10.787688 65718 1009
1290522891 1472496 59.874047 10.787688 40798 1030
1290522892 1473517 59.873832 10.787885 37531 1021
1290522894 1474536 59.873723 10.787974 58824 1019
1290522895 1475567 59.873723 10.787974 25616 1031
1290522896 1476576 59.873605 10.788078 36936 1009
1290522897 1477859 59.873369 10.78827 23459 1283
1290522898 1478866 59.873251 10.788374 114467 1007
1290522899 1480012 59.873123 10.788495 77221 1146
1290522900 1481026 59.872999 10.788616 76792 1014
1290522901 1482057 59.872875 10.788737 95682 1031
1290522902 1483066 59.872637 10.788948 128281 1009
1290522903 1484067 59.872637 10.788948 101506 1001
1290522904 1485087 59.872524 10.789037 122838 1020
1290522905 1486088 59.872299 10.789251 131576 1001
1290522906 1487177 59.872299 10.789251 97920 1089
1290522907 1488196 59.872196 10.789361 108747 1019
1290522908 1489266 59.87198 10.78956 65412 1070
1290522909 1490286 59.87198 10.78956 78985 1020
1290522910 1491297 59.871874 10.789653 73692 1011
1290522911 1492326 59.871689 10.78981 57671 1029
1290522912 1493346 59.871689 10.78981 53605 1020
1290522913 1494356 59.871606 10.789874 46475 1010
1290522914 1495453 59.871475 10.789978 51003 1097
1290522915 1496476 59.871475 10.789978 54720 1023
1290522916 1497496 59.871382 10.790042 40567 1020
1290522917 1498517 59.871345 10.79005 62033 1021
1290522918 1499526 59.871345 10.79005 73152 1009
1290522920 1500536 59.871296 10.790075 82400 1010
1290522921 1501537 59.871287 10.790075 96448 1001
1290522922 1502847 59.871287 10.790075 46436 1310
1290522923 1503856 59.871262 10.790071 75743 1008
1290522924 1504866 59.871251 10.790089 61190 1010
1290522925 1505886 59.871242 10.790089 71563 1020
1290522926 1506916 59.871238 10.790089 84799 1030
1290522927 1508075 59.871221 10.790086 100697 1159
1290522928 1509076 59.871215 10.790103 95018 1001
1290522929 1510286 59.871206 10.790103 83676 1210
1290522930 1511287 59.871206 10.790103 108468 1001
1290522931 1512297 59.871201 10.790103 110170 1010
1290522932 1513306 59.871189 10.7901 115919 1009
1290522933 1514316 59.871189 10.7901 111092 1010
1290522934 1515317 59.871183 10.790117 78161 1001
1290522935 1516426 59.871183 10.790117 101800 1109
1290522936 1517436 59.871183 10.790117 121060 1010
1290522937 1518457 59.871179 10.790117 78194 1021
1290522938 1519466 59.871177 10.790135 84237 1009
1290522939 1520475 59.871177 10.790135 65430 1009
1290522940 1521477 59.871156 10.790146 52454 1002
1290522942 1522546 59.871141 10.790177 44149 1069
1290522943 1523708 59.871108 10.790185 49331 1162
1290522944 1524916 59.871064 10.790224 47537 1208
1290522945 1525945 59.871017 10.790246 46512 1029
1290522946 1527098 59.87096 10.790299 21182 1153
1290522947 1528106 59.870898 10.790353 30096 1008
1290522948 1529265 59.870827 10.79042 27925 1159
1290522949 1530276 59.870827 10.79042 46512 1011
1290522950 1531285 59.870663 10.790566 45045 1009
1290522951 1532286 59.870572 10.790627 47543 1001
1290522952 1533305 59.870572 10.790627 54720 1019
1290522953 1534466 59.870397 10.79077 27367 1161
1290522954 1535498 59.870306 10.790831 35568 1032
1290522955 1536505 59.870208 10.790889 20688 1007
1290522957 1537537 59.870105 10.790946 54720 1032
1290522958 1538577 59.869994 10.791001 35101 1040
1290522959 1539585 59.869769 10.791109 37393 1008
1290522960 1540625 59.869658 10.791163 51984 1040
1290522961 1541640 59.869658 10.791163 33361 1015
1290522962 1542675 59.869548 10.791218 28728 1035
1290522963 1543716 59.869334 10.791329 20457 1041
1290522964 1544785 59.869334 10.791329 24624 1069
1290522965 1545955 59.869233 10.791369 16384 1170
1290522966 1546976 59.869046 10.791453 71411 1021
1290522967 1548006 59.869046 10.791453 60938 1030
1290522968 1549035 59.868877 10.791526 52653 1029
1290522969 1550045 59.868813 10.791558 63828 1010
1290522970 1551055 59.868813 10.791558 58904 1010
1290522971 1552085 59.86869 10.791609 38255 1030
1290522972 1553165 59.868622 10.791642 47014 1080
1290522973 1554196 59.868622 10.791642 51984 1031
1290522974 1555205 59.868487 10.791703 29525 1009
1290522975 1556235 59.868419 10.791736 38538 1030
1290522976 1557245 59.868419 10.791736 50616 1010
1290522977 1558255 59.86828 10.791798 34531 1010
1290522978 1559295 59.868216 10.79183 32832 1040
1290522979 1560315 59.86814 10.791859 20523 1020
1290522980 1561325 59.868072 10.791892 24624 1010
1290522982 1562575 59.868009 10.791924 26404 1250
1290522983 1563683 59.867941 10.791957 32832 1108
1290522984 1564708 59.867877 10.79199 21888 1025
1290522985 1565725 59.867813 10.792022 21123 1016
1290522986 1566815 59.86775 10.792055 27360 1090
1290522987 1567845 59.867695 10.792073 15048 1030
1290522988 1568995 59.867648 10.792095 6093 1150
1290522989 1570025 59.867613 10.79212 19152 1030
1290522990 1571035 59.86758 10.792127 27360 1010
1290522991 1572055 59.867559 10.792138 33440 1020
1290522992 1573065 59.86753 10.792146 33131 1010
1290522993 1574104 59.867529 10.792163 51984 1039
1290522994 1575105 59.867529 10.792163 37125 1001
1290522995 1576125 59.867524 10.792163 83498 1020
1290522996 1577135 59.867524 10.792163 60191 1010
1290522997 1578165 59.867524 10.792163 54228 1030
1290522998 1579175 59.867516 10.79216 40698 1010
1290522999 1580195 59.867512 10.79216 46555 1020
1290523000 1581215 59.867512 10.79216 49044 1020
1290523001 1582244 59.867507 10.79216 62928 1029
1290523002 1583305 59.867507 10.79216 54442 1061
1290523003 1584515 59.867503 10.79216 111431 1210
1290523004 1585525 59.867506 10.792163 106704 1009
1290523006 1586544 59.867505 10.792181 70923 1019
1290523007 1587548 59.867501 10.792163 50624 1004
1290523008 1588595 59.867488 10.792177 30096 1047
1290523009 1589684 59.867488 10.792177 17784 1089
1290523010 1590864 59.867476 10.792174 21183 1180
1290523012 1592605 59.867462 10.792188 15048 1741
1290523013 1593645 59.867442 10.792182 56886 1040
1290523014 1595054 59.867417 10.792192 30096 1409
1290523015 1596185 59.867382 10.792217 35924 1131
1290523016 1597214 59.867353 10.792225 32832 1029
1290523017 1598224 59.867318 10.79225 50616 1010
1290523018 1599245 59.867285 10.792257 61475 1021
1290523019 1600435 59.867214 10.792287 47176 1190
1290523020 1601474 59.867183 10.792312 54720 1039
1290523021 1602515 59.867142 10.792316 41304 1041
1290523023 1603535 59.867105 10.792338 42408 1020
1290523024 1604545 59.867062 10.792359 53100 1010
1290523025 1605547 59.866985 10.792406 44613 1002
1290523026 1606564 59.866942 10.792428 72504 1016
1290523027 1607574 59.866942 10.792428 68303 1010
1290523028 1608584 59.866865 10.792474 64841 1010
1290523029 1609585 59.866836 10.792482 79518 1001
1290523030 1610595 59.866836 10.792482 74955 1010
1290523031 1611614 59.866759 10.792529 78160 1019
1290523032 1612615 59.866724 10.792554 84404 1001
1290523033 1613618 59.866724 10.792554 93865 1003
1290523034 1614644 59.86665 10.792618 64388 1026
1290523035 1615684 59.866615 10.792643 48827 1040
1290523036 1616694 59.866615 10.792643 47567 1010
1290523037 1617695 59.866537 10.792707 146362 1001
1290523038 1618697 59.866493 10.792747 111421 1002
1290523039 1619708 59.866493 10.792747 142921 1011
1290523040 1620864 59.866416 10.792793 126337 1155
1290523041 1621865 59.866373 10.792815 115781 1001
1290523042 1622884 59.866337 10.792858 76824 1019
1290523043 1623894 59.866295 10.792879 82298 1010
1290523044 1625044 59.866267 10.792908 101705 1150
1290523045 1626054 59.866233 10.792933 93953 1010
1290523046 1627064 59.866154 10.792997 81363 1010
1290523047 1628074 59.866154 10.792997 39672 1010
1290523048 1629144 59.866106 10.793036 27123 1070
1290523049 1630175 59.86605 10.793072 60192 1031
1290523050 1631184 59.865992 10.793125 43039 1009
1290523051 1632256 59.865928 10.793158 44802 1072
1290523052 1633257 59.865859 10.793208 46512 1001
1290523053 1634264 59.865768 10.793269 79742 1007
1290523054 1635416 59.865577 10.793405 81603 1152
1290523055 1636434 59.865468 10.793494 102600 1018
1290523056 1637484 59.865468 10.793494 99701 1050
1290523057 1638485 59.86524 10.79369 131376 1001
1290523058 1639494 59.865127 10.793818 105890 1009
1290523059 1640496 59.865127 10.793818 120397 1002
1290523061 1641574 59.864899 10.794105 143818 1078
1290523062 1642708 59.864799 10.794271 152423 1134
1290523063 1643824 59.864704 10.794423 152298 1116
1290523064 1644954 59.864611 10.79461 151526 1130
1290523065 1645964 59.864525 10.794801 143384 1010
1290523066 1646984 59.864444 10.794991 150179 1020
1290523067 1648114 59.864289 10.795361 180513 1130
1290523068 1649124 59.864289 10.795361 126776 1010
1290523069 1650134 59.864133 10.795748 139192 1010
1290523070 1651284 59.86405 10.795942 140463 1150
1290523071 1652304 59.86405 10.795942 154088 1020
1290523072 1653495 59.863884 10.796308 183234 1191
1290523073 1654504 59.863795 10.796481 190408 1009
1290523075 1655624 59.863698 10.79665 158653 1120
1290523076 1656754 59.863605 10.796785 144679 1130
1290523077 1657874 59.863499 10.796916 135206 1120
1290523078 1658984 59.863394 10.797047 129147 1110
1290523079 1660094 59.863171 10.79725 143093 1110
1290523081 1661564 59.863171 10.79725 146241 1470
1290523082 1662565 59.862966 10.797403 151211 1001
1290523083 1663584 59.862877 10.797485 109031 1019
1290523084 1664603 59.862877 10.797485 108597 1019
1290523085 1665624 59.862698 10.797649 77422 1020
1290523086 1666634 59.862623 10.797716 95958 1010
1290523087 1667644 59.862623 10.797716 91923 1010
1290523088 1668713 59.862487 10.79782 70068 1069
1290523089 1669893 59.862431 10.797856 85903 1180
1290523090 1670903 59.862382 10.797895 66145 1010
1290523091 1671914 59.86234 10.797916 51984 1011
1290523092 1672953 59.862299 10.797959 47444 1039
1290523093 1673963 59.862299 10.797959 61312 1010
1290523094 1674984 59.862208 10.79802 73628 1021
1290523095 1676003 59.862174 10.798045 45756 1019
1290523096 1677004 59.86213 10.798084 66373 1001
1290523097 1678033 59.862087 10.798106 65071 1029
1290523098 1679043 59.862045 10.798128 43576 1010
1290523099 1680073 59.862045 10.798128 45144 1030
1290523100 1681143 59.861989 10.798178 18764 1070
1290523101 1682153 59.861968 10.798188 98427 1010
1290523102 1683154 59.861942 10.798213 123510 1001
1290523103 1684163 59.861908 10.798235 96020 1009
1290523104 1685253 59.861908 10.798235 97623 1090
1290523105 1686436 59.86189 10.798264 137253 1183
1290523106 1687451 59.861883 10.79826 127958 1015
1290523107 1688454 59.861883 10.79826 98123 1002
1290523108 1689463 59.861881 10.798278 122099 1009
1290523109 1690464 59.861881 10.798278 90548 1001
1290523110 1691533 59.861881 10.798278 100271 1069
1290523112 1692714 59.861881 10.798278 102077 1181
1290523113 1693824 59.861877 10.798278 103396 1110
1290523114 1694833 59.861869 10.798274 98665 1009
1290523115 1695844 59.861865 10.798274 93665 1011
1290523116 1696854 59.861865 10.798274 112627 1010
1290523117 1697864 59.861865 10.798274 111746 1010
1290523118 1698883 59.86186 10.798274 113545 1019
1290523119 1699975 59.86186 10.798274 114499 1092
1290523120 1700983 59.86186 10.798274 148041 1008
1290523121 1701994 59.86186 10.798274 109753 1011
1290523122 1703153 59.86186 10.798274 108238 1159
1290523123 1704383 59.861852 10.798271 141021 1230
1290523124 1705394 59.861852 10.798271 138167 1011
1290523125 1706483 59.861852 10.798271 130882 1089
1290523126 1707493 59.861854 10.798253 119589 1009
1290523127 1708494 59.861854 10.798253 121338 1001
1290523128 1709503 59.861854 10.798253 96394 1009
1290523129 1710504 59.861854 10.798253 120731 1001
1290523131 1711623 59.861849 10.798253 96226 1119
1290523132 1712633 59.861849 10.798253 103847 1009
1290523133 1713643 59.861819 10.798279 108178 1010
1290523134 1714774 59.861798 10.798289 102558 1131
1290523135 1715783 59.861798 10.798289 115181 1009
1290523136 1716953 59.861714 10.798315 115403 1170
1290523137 1717973 59.861668 10.798337 130410 1020
1290523138 1719173 59.861616 10.798373 90938 1200
1290523139 1720183 59.861519 10.798413 133766 1010
1290523140 1721253 59.861519 10.798413 99685 1070
1290523141 1722256 59.861469 10.798431 97950 1003
1290523142 1723263 59.861377 10.798471 111700 1007
1290523143 1724293 59.861377 10.798471 111802 1030
1290523144 1725443 59.86129 10.798494 131482 1150
1290523145 1726453 59.861231 10.798526 133106 1010
1290523146 1727454 59.861231 10.798526 132929 1001
1290523147 1728455 59.861131 10.798563 128074 1001
1290523148 1729456 59.861067 10.798595 152620 1001
1290523150 1730563 59.861067 10.798595 109869 1107
1290523151 1731753 59.860957 10.79865 127605 1190
1290523152 1732853 59.860905 10.798685 142215 1100
1290523153 1733855 59.860851 10.798704 134392 1002
1290523154 1734863 59.860795 10.79874 131224 1008
1290523155 1735873 59.860739 10.798776 119481 1010
1290523156 1736963 59.860684 10.798794 152093 1090
1290523157 1738173 59.860577 10.798866 164087 1209
1290523158 1739175 59.860577 10.798866 180530 1002
1290523159 1740192 59.860577 10.798866 128171 1017
1290523160 1741203 59.860358 10.798992 106760 1011
1290523161 1742212 59.860358 10.798992 159766 1009
1290523162 1743215 59.860261 10.799032 106712 1002
1290523163 1744222 59.860053 10.799143 55537 1007
1290523164 1745223 59.860053 10.799143 101747 1001
1290523165 1746233 59.859937 10.799198 85649 1010
1290523166 1747414 59.859685 10.799334 104445 1181
1290523168 1748592 59.859685 10.799334 138503 1178
1290523169 1749603 59.859421 10.79945 137790 1011
1290523170 1750793 59.859297 10.799519 121833 1190
1290523171 1751794 59.859297 10.799519 139911 1001
1290523172 1752812 59.859041 10.799638 91598 1018
1290523173 1753813 59.858914 10.799689 114926 1001
1290523174 1755002 59.858794 10.799743 114585 1189
1290523175 1756253 59.858564 10.799851 128388 1251
1290523176 1757262 59.858564 10.799851 106425 1009
1290523177 1758292 59.858343 10.799946 75570 1030
1290523178 1759312 59.858242 10.799986 109376 1020
1290523179 1760322 59.858242 10.799986 68718 1010
1290523180 1761332 59.858242 10.799986 49090 1010
1290523181 1762512 59.857899 10.800113 70349 1180
1290523183 1763772 59.857768 10.800126 111458 1260
1290523184 1764813 59.857642 10.800121 84515 1041
1290523185 1765822 59.857519 10.800119 85312 1009
1290523186 1766833 59.857387 10.800093 85878 1011
1290523187 1767843 59.857262 10.80007 104292 1010
1290523188 1768982 59.857135 10.80003 102985 1139
1290523189 1769983 59.857013 10.799973 92669 1001
1290523190 1770992 59.856884 10.79995 105472 1009
1290523191 1772143 59.856756 10.79991 90363 1151
1290523192 1773363 59.856501 10.79983 134861 1220
1290523193 1774364 59.856374 10.79979 154607 1001
1290523194 1775413 59.856374 10.79979 116346 1049
1290523195 1776422 59.856122 10.799727 140591 1009
1290523196 1777432 59.855991 10.799722 82669 1010
1290523197 1778452 59.855991 10.799722 102581 1020
1290523198 1779472 59.855746 10.799732 71347 1020
1290523199 1780482 59.85563 10.799748 106938 1010
1290523201 1781712 59.855523 10.799767 88807 1230
1290523202 1783232 59.855323 10.799812 113238 1520
1290523203 1784242 59.855323 10.799812 125485 1010
1290523204 1785252 59.855224 10.799817 78708 1010
1290523205 1786272 59.855059 10.799837 90309 1020
1290523206 1787452 59.855059 10.799837 70745 1180
1290523207 1788482 59.854916 10.799881 68598 1029
1290523208 1789492 59.854837 10.799893 52722 1010
1290523210 1790642 59.854769 10.799926 115059 1150
1290523211 1791652 59.854703 10.799941 125456 1010
1290523212 1792653 59.854639 10.799973 134479 1001
1290523213 1793662 59.854639 10.799973 128562 1009
1290523214 1794762 59.854518 10.800007 130470 1100
1290523215 1795812 59.85445 10.800039 141108 1050
1290523216 1796912 59.854375 10.800051 130645 1100
1290523217 1797992 59.854315 10.800048 133679 1080
1290523218 1799082 59.85426 10.800066 129443 1090
1290523219 1800102 59.854199 10.800064 106817 1020
1290523220 1801362 59.854105 10.800069 134887 1260
1290523221 1802363 59.854105 10.800069 121408 1001
1290523223 1803582 59.854011 10.800074 167931 1219
1290523224 1804822 59.853963 10.800075 153029 1240
1290523225 1806062 59.853919 10.800061 129337 1240
1290523226 1807282 59.853837 10.80007 105002 1220
1290523227 1808293 59.853837 10.80007 86184 1011
1290523228 1809301 59.853803 10.800077 57432 1008
1290523229 1810501 59.853744 10.800057 87810 1200
1290523230 1811502 59.853744 10.800057 95484 1001
1290523232 1812642 59.853692 10.80004 105536 1140
1290523233 1813652 59.853683 10.800055 57581 1009
1290523234 1814682 59.853662 10.800065 92738 1030
1290523235 1815712 59.853642 10.800059 90867 1030
1290523236 1816721 59.853626 10.80007 81191 1009
1290523237 1817781 59.853604 10.80008 54233 1060
1290523238 1818782 59.853585 10.800074 96083 1001
1290523239 1819841 59.853565 10.800067 87437 1059
1290523240 1820862 59.853565 10.800067 94914 1020
1290523241 1821872 59.853525 10.800054 92424 1010
1290523242 1822881 59.853504 10.800064 84652 1009
1290523243 1824052 59.853483 10.800075 80352 1171
1290523244 1825071 59.853439 10.800114 89200 1019
1290523245 1826072 59.853439 10.800114 129605 1001
1290523246 1827073 59.853412 10.800143 118721 1001
1290523247 1828131 59.853376 10.800185 142899 1057
1290523248 1829312 59.853376 10.800185 149610 1181
1290523249 1830402 59.853349 10.800252 163285 1090
1290523250 1831452 59.853343 10.80027 146035 1050
1290523251 1832462 59.853343 10.80027 148275 1008
1290523252 1833472 59.853325 10.800322 146849 1010
1290523253 1834482 59.853319 10.80034 155128 1010
1290523254 1835483 59.853319 10.80034 128741 1001
1290523255 1836493 59.853307 10.800375 166522 1010
1290523257 1837711 59.853313 10.800396 154626 1218
1290523258 1838713 59.853307 10.800413 160992 1002
1290523259 1839722 59.853301 10.800431 163826 1009
1290523260 1840723 59.8533 10.800448 162747 1001
1290523261 1841881 59.853303 10.800452 205029 1158
1290523261 1841947 59.853303 10.800452 17784 66
