1292496592 3630231 59.911706 10.750286 1126 1106
1292496593 3631242 59.911689 10.750283 120542 1011
1292496594 3632252 59.911689 10.750283 219169 1010
1292496595 3633381 59.911685 10.750283 185883 1129
1292496598 3636331 59.911692 10.750286 27360 2950
1292496599 3637391 59.911692 10.750286 39672 1060
1292496600 3638441 59.911689 10.750268 68910 1050
1292496601 3639481 59.911691 10.750251 77927 1040
1292496603 3640661 59.911695 10.750251 125600 1180
1292496604 3641662 59.911718 10.750251 115346 1001
1292496605 3642671 59.911715 10.750247 167036 1009
1292496606 3643851 59.911733 10.750247 149691 1180
1292496607 3644861 59.911736 10.750265 148821 1010
1292496608 3645862 59.911743 10.750268 171474 1001
1292496609 3647031 59.911786 10.750299 178374 1169
1292496610 3648041 59.911841 10.750372 184546 1010
1292496611 3649051 59.911871 10.7504 128303 1010
1292496612 3650071 59.91192 10.75049 97246 1020
1292496613 3651081 59.911946 10.750532 104571 1010
1292496614 3652091 59.911976 10.750573 92045 1010
1292496615 3653123 59.912018 10.750622 51093 1032
1292496616 3654131 59.912049 10.750646 31547 1008
1292496617 3655141 59.912049 10.750646 56013 1010
1292496618 3656160 59.912086 10.750694 28487 1019
1292496619 3657191 59.91211 10.75074 27360 1031
1292496620 3658201 59.912145 10.750767 32466 1010
1292496621 3659251 59.912167 10.750823 59802 1050
1292496622 3660441 59.912184 10.750865 70026 1190
1292496623 3661451 59.912184 10.750865 56088 1010
1292496624 3662491 59.912194 10.7509 45624 1040
1292496625 3663492 59.91221 10.750959 36936 1001
1292496626 3664501 59.912214 10.750998 68975 1009
1292496627 3665511 59.912225 10.751033 105620 1010
1292496629 3666543 59.912231 10.751082 67707 1032
1292496630 3667640 59.912232 10.751132 24624 1096
1292496631 3668851 59.91224 10.751188 19131 1211
1292496632 3669940 59.91224 10.751188 17784 1089
1292496633 3671021 59.91224 10.751255 12312 1081
1292496634 3672071 59.912239 10.751286 44590 1050
1292496635 3673100 59.912239 10.751286 47880 1029
1292496636 3674321 59.912223 10.751427 87591 1221
1292496637 3675340 59.912215 10.751476 115261 1019
1292496639 3676550 59.912212 10.751526 83345 1210
1292496640 3677570 59.912214 10.751561 69768 1020
1292496641 3678601 59.912217 10.751592 48619 1031
1292496642 3679650 59.912227 10.751628 47516 1049
1292496643 3680660 59.912232 10.751628 64287 1010
1292496644 3681670 59.912229 10.751663 77642 1010
1292496645 3682680 59.912241 10.75168 61707 1010
1292496646 3683690 59.912253 10.751698 61489 1010
1292496647 3684731 59.912256 10.751715 56756 1041
1292496648 3685760 59.912262 10.751751 40804 1029
1292496649 3686771 59.91227 10.751807 75777 1011
1292496650 3687780 59.912279 10.751859 61895 1009
1292496651 3688801 59.912279 10.751912 39607 1021
1292496652 3689930 59.912293 10.752003 53592 1129
1292496653 3690931 59.912293 10.752003 53352 1001
1292496654 3691940 59.912286 10.752091 59445 1009
1292496655 3692970 59.912321 10.752161 53396 1030
1292496656 3693980 59.912328 10.752231 30089 1010
1292496657 3695090 59.912341 10.75234 30096 1110
1292496658 3696131 59.912349 10.752434 52474 1041
1292496659 3697140 59.912378 10.752532 82377 1009
1292496660 3698151 59.912399 10.752641 76227 1011
1292496661 3699191 59.912436 10.752718 31062 1040
1292496662 3700320 59.912466 10.752812 57250 1129
1292496663 3701321 59.912465 10.752897 96397 1001
1292496664 3702350 59.912464 10.753034 112994 1029
1292496665 3703371 59.912472 10.753157 103187 1021
1292496666 3704381 59.912491 10.753392 98077 1010
1292496668 3705570 59.91248 10.753757 97044 1189
1292496669 3706580 59.912472 10.753898 102308 1010
1292496670 3707590 59.912436 10.753993 82628 1010
1292496671 3708600 59.912419 10.754165 88955 1010
1292496672 3709611 59.912389 10.754282 86171 1011
1292496673 3710612 59.91246 10.754439 91720 1001
1292496674 3711620 59.912458 10.754579 102050 1008
1292496675 3712640 59.912446 10.754734 81307 1020
1292496676 3713680 59.912446 10.754734 41040 1040
1292496677 3714740 59.912417 10.754731 18914 1060
1292496678 3715750 59.912349 10.754645 92964 1010
1292496679 3716760 59.912294 10.754734 125308 1010
1292496680 3717770 59.912221 10.755125 94519 1010
1292496681 3718780 59.912214 10.755318 97038 1010
1292496682 3719790 59.912198 10.755669 117051 1010
1292496683 3720800 59.912178 10.755862 99170 1010
1292496684 3721860 59.912154 10.756038 63848 1060
1292496685 3722930 59.912146 10.75622 105080 1070
1292496686 3723931 59.91213 10.756399 136558 1001
1292496687 3724940 59.912079 10.756722 106189 1009
1292496688 3725950 59.912059 10.756901 152537 1010
1292496689 3726951 59.912041 10.757059 134053 1001
1292496690 3727960 59.912015 10.757217 67031 1009
1292496691 3729040 59.911964 10.757473 108831 1080
1292496692 3730050 59.911934 10.757614 148358 1010
1292496693 3731060 59.911872 10.757748 117332 1010
1292496694 3732070 59.911726 10.758123 124953 1010
1292496695 3733410 59.911701 10.758288 125943 1340
1292496697 3734770 59.91166 10.758554 150913 1360
1292496698 3735890 59.91162 10.758779 134155 1120
1292496699 3737011 59.911587 10.758969 160074 1121
1292496700 3738020 59.911585 10.75899 196225 1008
1292496701 3739030 59.91157 10.759022 160968 1010
1292496702 3740200 59.911552 10.759036 99499 1170
1292496703 3741210 59.911552 10.759022 95573 1010
1292496704 3742230 59.91155 10.759039 89756 1020
1292496705 3743430 59.911541 10.759054 133877 1199
1292496707 3744619 59.911537 10.759054 140565 1189
1292496708 3745620 59.911537 10.759054 104983 1001
1292496709 3746639 59.911537 10.759054 71291 1019
1292496710 3747640 59.911537 10.759054 52507 1001
1292496711 3748689 59.911532 10.759054 98421 1049
1292496712 3749711 59.911524 10.75905 83102 1021
1292496713 3750720 59.911523 10.759068 78289 1009
1292496714 3751800 59.911531 10.759071 56525 1080
1292496715 3752880 59.911511 10.759089 131605 1080
1292496716 3754150 59.911489 10.75918 154415 1270
1292496717 3755160 59.911476 10.759271 129118 1010
1292496718 3756280 59.911451 10.759359 135031 1120
1292496719 3757290 59.911428 10.759464 136191 1010
1292496720 3758300 59.911438 10.759618 104054 1010
1292496721 3759310 59.911395 10.759734 99250 1010
1292496722 3760330 59.91137 10.759875 158410 1020
1292496723 3761339 59.911358 10.759962 118875 1009
1292496724 3762340 59.911333 10.760103 136526 1001
1292496725 3763449 59.911308 10.760258 118421 1109
1292496726 3764470 59.911289 10.760381 136623 1021
1292496727 3765496 59.911257 10.7605 88472 1026
1292496729 3766559 59.91124 10.760605 87597 1063
1292496730 3767571 59.911153 10.760718 103075 1012
1292496731 3768739 59.911106 10.76087 108705 1168
1292496732 3769909 59.911021 10.761018 72844 1170
1292496733 3770929 59.910955 10.761134 78635 1020
1292496734 3772309 59.910898 10.76125 71080 1380
1292496735 3773439 59.910865 10.761349 56110 1130
1292496736 3774459 59.910829 10.761483 89171 1020
1292496737 3775479 59.910783 10.761557 101565 1020
1292496738 3776480 59.91065 10.761731 97218 1001
1292496739 3777497 59.910542 10.761712 104424 1017
1292496741 3778589 59.910494 10.761804 69259 1092
1292496742 3779599 59.910452 10.761917 104662 1009
1292496743 3780613 59.910472 10.762067 106111 1014
1292496744 3781631 59.910496 10.762312 108052 1018
1292496745 3782670 59.910434 10.762548 127063 1039
1292496746 3783679 59.910309 10.762644 127177 1009
1292496747 3784699 59.910208 10.762761 112872 1020
1292496748 3785719 59.910152 10.76293 79864 1020
1292496749 3786739 59.910093 10.763078 48299 1020
1292496750 3787789 59.910047 10.76323 38304 1050
1292496751 3788820 59.91 10.763381 106808 1031
1292496752 3789830 59.909953 10.76355 117243 1010
1292496753 3790849 59.909891 10.763695 117436 1019
1292496754 3791859 59.909837 10.763843 123166 1010
1292496755 3792940 59.909738 10.764139 123190 1081
1292496756 3793959 59.909696 10.76429 142789 1019
1292496757 3794969 59.909696 10.76429 137533 1010
1292496758 3795970 59.909647 10.764438 99976 1001
1292496759 3797109 59.909563 10.764741 109882 1139
1292496760 3798189 59.909563 10.764741 82620 1080
1292496761 3799209 59.909532 10.764899 103122 1020
1292496762 3800239 59.909506 10.765057 75432 1030
1292496763 3801282 59.909473 10.765194 55479 1043
1292496764 3802289 59.909437 10.765328 106262 1007
1292496765 3803290 59.909358 10.765592 121701 1001
1292496766 3804299 59.909331 10.765711 108797 1009
1292496767 3805309 59.909281 10.765821 72257 1010
1292496768 3806329 59.909253 10.766011 84354 1020
1292496769 3807369 59.909253 10.766011 57456 1040
1292496770 3808399 59.909245 10.766207 35938 1030
1292496772 3809679 59.909208 10.766306 42408 1279
1292496773 3810731 59.909181 10.766425 69333 1052
1292496774 3811755 59.90913 10.766553 86917 1024
1292496775 3812758 59.909083 10.766665 93683 1003
1292496776 3813759 59.90904 10.766796 99495 1001
1292496777 3814799 59.908998 10.766909 80611 1040
1292496778 3815869 59.908929 10.767141 102113 1070
1292496779 3817039 59.908891 10.767254 113517 1170
1292496780 3818139 59.908831 10.767434 115214 1100
1292496781 3819149 59.908831 10.767434 124305 1010
1292496782 3820159 59.908804 10.767515 111625 1010
1292496783 3821169 59.908767 10.767628 114536 1010
1292496784 3822199 59.908755 10.767677 114554 1030
1292496785 3823208 59.908738 10.767727 108403 1009
1292496786 3824218 59.908726 10.767776 66859 1010
1292496787 3825219 59.90871 10.767825 109280 1001
1292496788 3826229 59.908672 10.767885 110470 1010
1292496789 3827239 59.908645 10.767914 114481 1010
1292496790 3828418 59.908606 10.767939 109988 1179
1292496791 3829419 59.908566 10.767926 111172 1001
1292496792 3830449 59.908508 10.767888 77870 1030
1292496793 3831478 59.908461 10.767833 125516 1029
1292496794 3832519 59.908407 10.767795 122573 1041
1292496796 3833548 59.908368 10.767782 109076 1029
1292496797 3834550 59.908325 10.767751 127162 1002
1292496798 3835689 59.908287 10.76772 132798 1139
1292496799 3836729 59.908269 10.767696 140721 1040
1292496800 3837739 59.908245 10.767689 139299 1010
1292496801 3838749 59.908239 10.767668 150582 1010
1292496802 3839759 59.908226 10.767679 146762 1010
1292496803 3840989 59.908228 10.76769 143999 1229
1292496804 3842149 59.908223 10.767704 132141 1160
1292496805 3843158 59.908231 10.767722 110354 1009
1292496806 3844179 59.908226 10.767736 73890 1021
1292496807 3845228 59.908231 10.767736 47289 1049
1292496808 3846239 59.908235 10.767736 68590 1011
1292496809 3847288 59.908232 10.767733 65657 1049
1292496810 3848298 59.908236 10.767733 52116 1010
1292496811 3849328 59.908236 10.767733 74512 1030
1292496812 3850338 59.908236 10.767733 56858 1010
1292496813 3851358 59.908236 10.767733 44261 1020
1292496814 3852360 59.908241 10.767733 62037 1002
1292496815 3853518 59.908233 10.767729 33541 1158
1292496816 3854519 59.908238 10.767729 107521 1001
1292496817 3855528 59.908227 10.767708 97339 1009
1292496819 3856728 59.908212 10.767688 85091 1200
1292496820 3857758 59.908189 10.767663 49248 1030
1292496821 3858768 59.908154 10.767636 36321 1010
1292496822 3859799 59.908136 10.767612 101308 1031
1292496823 3860808 59.908065 10.767574 141898 1008
1292496824 3861809 59.908065 10.767574 135697 1001
1292496825 3862818 59.908015 10.767578 109940 1009
1292496826 3863829 59.907949 10.767561 145266 1011
1292496827 3865049 59.90776 10.767613 180971 1220
1292496828 3866051 59.907663 10.767601 138520 1002
1292496829 3867299 59.907571 10.767627 179918 1248
1292496830 3868309 59.907477 10.767632 133439 1010
1292496831 3869388 59.907377 10.767654 143970 1078
1292496833 3870728 59.907289 10.76768 131660 1340
1292496834 3871738 59.907189 10.767703 103276 1010
1292496835 3872749 59.907101 10.767729 98455 1011
1292496836 3873798 59.907024 10.767776 132030 1049
1292496837 3874799 59.906939 10.767767 125697 1001
1292496838 3875809 59.906854 10.767758 111895 1010
1292496839 3876888 59.906682 10.767809 137217 1079
1292496840 3878078 59.906609 10.767804 194162 1190
1292496841 3879079 59.906535 10.767815 145365 1001
1292496842 3880088 59.906467 10.76781 132047 1009
1292496843 3881090 59.906402 10.767807 131427 1002
1292496844 3882098 59.906342 10.767787 134438 1008
1292496845 3883108 59.906282 10.767785 124882 1010
1292496846 3884268 59.906242 10.767771 129149 1160
1292496847 3885318 59.906193 10.767772 149084 1050
1292496848 3886518 59.906162 10.767762 106056 1200
1292496849 3887519 59.90613 10.767752 114221 1001
1292496850 3888528 59.90611 10.767745 91762 1009
1292496852 3889538 59.906102 10.767742 98057 1010
1292496853 3890557 59.906095 10.767739 79864 1019
1292496854 3891630 59.906095 10.767739 49880 1073
1292496855 3892759 59.906095 10.767739 138403 1128
1292496856 3893768 59.906099 10.767739 132290 1009
1292496857 3894769 59.906099 10.767739 123450 1001
1292496858 3895778 59.906098 10.767756 124690 1009
1292496859 3896798 59.906102 10.767756 112482 1020
1292496860 3897838 59.906102 10.767756 88488 1040
1292496861 3898948 59.906107 10.767756 113388 1110
1292496862 3899958 59.906107 10.767756 137547 1010
1292496863 3900969 59.906107 10.767756 123018 1011
1292496864 3901978 59.906107 10.767756 89499 1009
1292496866 3903629 59.906107 10.767756 43776 1651
1292496872 3910345 59.906107 10.767756 16384 6716
1292496874 3911776 59.906095 10.767753 11953 1430
1292496875 3912786 59.906087 10.76775 121712 1010
1292496876 3913796 59.906082 10.76775 149117 1010
1292496877 3914805 59.906055 10.767725 138729 1009
1292496878 3915806 59.906025 10.767698 117435 1001
1292496879 3916807 59.905929 10.767668 171096 1001
1292496880 3917816 59.905865 10.767648 172500 1009
1292496881 3918818 59.905724 10.767583 137159 1001
1292496882 3920016 59.905643 10.767522 111665 1198
1292496883 3921037 59.905573 10.767481 111479 1021
1292496884 3922055 59.905496 10.767436 108157 1018
1292496885 3923056 59.905432 10.767378 81968 1001
1292496886 3924085 59.905372 10.767319 73401 1029
1292496887 3925126 59.905298 10.767279 64169 1041
1292496888 3926205 59.905234 10.76722 63338 1079
1292496889 3927206 59.905147 10.767137 80403 1001
1292496890 3928296 59.905001 10.767035 124593 1090
1292496891 3929532 59.90492 10.766973 89340 1236
1292496893 3930536 59.904861 10.7669 110337 1004
1292496894 3931557 59.904804 10.766845 127147 1020
1292496895 3932577 59.904667 10.766742 92505 1020
1292496896 3933657 59.904588 10.766716 150934 1080
1292496897 3934676 59.904465 10.766675 122672 1019
1292496898 3935677 59.904406 10.766655 145809 1001
1292496899 3936685 59.904295 10.766619 132928 1008
1292496900 3937836 59.90423 10.766616 129059 1151
1292496901 3939015 59.90412 10.766709 122726 1179
1292496902 3940037 59.904062 10.766763 99109 1022
1292496903 3941095 59.904014 10.76684 79449 1058
1292496904 3942116 59.903963 10.766915 40140 1021
1292496905 3943226 59.90392 10.766975 46381 1110
1292496906 3944276 59.903877 10.767053 62386 1049
1292496907 3945285 59.903877 10.767053 47880 1009
1292496909 3947235 59.903835 10.767113 2736 1950
1292496911 3948550 59.903774 10.767202 73737 1315
1292496912 3949708 59.903724 10.767258 68683 1158
1292496913 3951105 59.903667 10.767259 68190 1397
1292496914 3952265 59.903606 10.767295 65018 1160
1292496915 3953266 59.903505 10.767335 158274 1001
1292496916 3954267 59.90344 10.767333 169353 1001
1292496917 3955475 59.903352 10.767359 171639 1208
1292496919 3956645 59.903287 10.767356 162487 1170
1292496920 3957655 59.903253 10.767364 183149 1009
1292496921 3958683 59.903253 10.767364 176110 1028
1292496922 3959795 59.903253 10.767364 147329 1112
1292496923 3961015 59.903249 10.767364 214083 1220
1292496924 3962025 59.903249 10.767364 159213 1010
1292496925 3963225 59.903256 10.767367 116821 1200
1292496926 3964295 59.903256 10.767367 93838 1070
1292496928 3965823 59.903256 10.767367 6840 1528
1292496929 3966844 59.903256 10.767367 10944 1021
1292496930 3967855 59.903256 10.767367 79460 1010
1292496931 3969336 59.903256 10.767367 59432 1481
1292496932 3970355 59.903256 10.767367 76175 1019
1292496933 3971368 59.903264 10.767371 54388 1013
1292496934 3972395 59.903264 10.767371 98119 1027
1292496935 3973396 59.90325 10.767385 135877 1001
1292496936 3974505 59.903205 10.767389 163028 1109
1292496938 3975626 59.903164 10.767393 182771 1121
1292496939 3976635 59.903118 10.767397 194102 1009
1292496940 3977836 59.903017 10.767399 157646 1201
1292496941 3978837 59.903017 10.767399 203737 1001
1292496942 3979838 59.902964 10.7674 168842 1001
1292496943 3980885 59.902911 10.767401 150709 1047
1292496944 3981895 59.902812 10.767406 138881 1010
1292496945 3982935 59.902765 10.767389 163807 1039
1292496946 3984075 59.902724 10.767394 148319 1140
1292496947 3985076 59.902678 10.767398 168339 1001
1292496948 3986085 59.902637 10.767402 145384 1009
1292496949 3987095 59.902604 10.767409 159392 1010
1292496950 3988245 59.902563 10.767414 172714 1150
1292496951 3989264 59.902522 10.767418 162045 1019
1292496952 3990395 59.902489 10.767425 137549 1131
1292496953 3991403 59.902448 10.76743 145680 1008
1292496954 3992405 59.902402 10.767434 89554 1002
1292496955 3993414 59.902371 10.767424 41375 1009
1292496957 3994775 59.902371 10.767424 27360 1360
1292496958 3995954 59.902291 10.767397 95233 1179
1292496959 3997045 59.902256 10.767384 151416 1091
1292496960 3998056 59.902191 10.767343 171673 1010
1292496961 3999065 59.902153 10.767312 180757 1009
1292496962 4000074 59.902153 10.767312 139509 1009
1292496963 4001255 59.902087 10.767271 113554 1181
1292496964 4002265 59.902063 10.767226 104423 1010
1292496965 4003275 59.902029 10.767195 104657 1010
1292496966 4004464 59.901991 10.767164 84624 1189
1292496968 4005625 59.901967 10.767119 67835 1161
1292496969 4006685 59.901936 10.767053 62659 1060
1292496970 4007694 59.901915 10.766987 70157 1009
1292496971 4008708 59.901892 10.766924 73622 1014
1292496972 4009714 59.901868 10.766862 70382 1006
1292496973 4011254 59.901854 10.766799 77305 1540
1292496974 4012255 59.901849 10.766722 49248 1001
1292496975 4013264 59.901837 10.766642 35158 1009
1292496976 4014484 59.901818 10.766541 40606 1220
1292496977 4015504 59.901818 10.766541 50616 1020
1292496978 4016524 59.901807 10.766443 65564 1020
1292496980 4017534 59.90179 10.766324 69797 1010
1292496981 4018549 59.901772 10.766206 46865 1015
1292496982 4019554 59.901755 10.766087 46512 1005
1292496983 4020715 59.901739 10.765951 15913 1161
1292496984 4021805 59.901723 10.765814 147679 1090
1292496985 4022834 59.901628 10.765469 163457 1029
1292496986 4023904 59.901589 10.765309 142096 1070
1292496987 4025054 59.901483 10.764995 135510 1150
1292496988 4026134 59.901431 10.764849 137028 1080
1292496989 4027135 59.901378 10.764703 99396 1001
1292496990 4028204 59.901282 10.764466 115376 1069
1292496991 4029394 59.901234 10.764359 142884 1190
1292496992 4030411 59.901194 10.764216 149814 1017
1292496993 4031414 59.901163 10.764073 71779 1003
1292496994 4032434 59.901129 10.763951 99394 1020
1292496995 4033444 59.901092 10.763811 111167 1010
1292496996 4034454 59.901064 10.763658 99998 1010
1292496997 4035474 59.901038 10.763486 65831 1020
1292496998 4036475 59.901025 10.763301 52254 1001
1292496999 4037497 59.900998 10.763129 61331 1022
1292497000 4038514 59.900998 10.763129 30096 1017
1292497002 4039584 59.900972 10.762958 30096 1070
1292497003 4040614 59.900945 10.762787 25530 1030
1292497004 4041644 59.900945 10.762787 72504 1030
1292497005 4042663 59.900919 10.762615 57971 1019
1292497006 4043714 59.90085 10.762437 39021 1051
1292497007 4044734 59.900798 10.762277 48446 1020
1292497008 4045735 59.900741 10.762117 51984 1001
1292497009 4046754 59.900699 10.761939 36185 1019
1292497010 4047775 59.900656 10.761778 34715 1021
1292497011 4048793 59.900656 10.761778 34200 1018
1292497012 4049883 59.900613 10.761618 22432 1090
1292497013 4050915 59.900571 10.76144 28728 1031
1292497014 4051994 59.900524 10.761279 28167 1079
1292497015 4053003 59.900524 10.761279 42408 1009
1292497016 4054014 59.90049 10.761105 28662 1011
1292497017 4055074 59.900456 10.76093 28728 1060
1292497018 4056113 59.900412 10.760769 22906 1039
1292497019 4057133 59.900412 10.760769 30096 1020
1292497020 4058134 59.900378 10.760595 22215 1001
1292497021 4059233 59.900344 10.76042 33177 1099
1292497022 4060363 59.900302 10.760242 13680 1130
1292497024 4061553 59.900302 10.760242 13680 1190
1292497025 4062574 59.900264 10.760082 15048 1021
1292497026 4063633 59.900221 10.759921 10065 1059
1292497027 4064674 59.900221 10.759921 36936 1041
1292497028 4065823 59.90017 10.759757 23107 1149
1292497029 4066974 59.900113 10.759611 16416 1151
1292497030 4068183 59.900113 10.759611 10944 1209
1292497031 4069243 59.900059 10.759483 9576 1059
1292497033 4071404 59.900059 10.759483 5472 2160
1292497034 4072414 59.900013 10.759357 10944 1009
1292497037 4074593 59.899954 10.759246 8764 2179
1292497038 4075714 59.899954 10.759246 9576 1121
1292497039 4076763 59.899905 10.759156 4104 1049
1292497043 4080553 59.899905 10.759156 4104 3790
1292497044 4081583 59.899842 10.759066 35568 1030
1292497045 4082653 59.899793 10.758976 8887 1070
1292497046 4083713 59.899793 10.758976 28728 1060
1292497047 4084733 59.899738 10.758903 21888 1020
1292497048 4085773 59.899673 10.758848 18369 1040
1292497049 4086813 59.899673 10.758848 27360 1040
1292497050 4087863 59.899616 10.758793 23256 1050
1292497051 4088893 59.899543 10.758734 13090 1030
1292497052 4089983 59.899543 10.758734 15048 1090
1292497053 4091123 59.89948 10.758714 2736 1140
1292497054 4092493 59.89948 10.758714 45144 1370
1292497055 4093523 59.899408 10.758691 8208 1030
1292497057 4094663 59.899408 10.758691 9576 1140
1292497058 4095703 59.899344 10.758671 14669 1040
1292497059 4096714 59.89926 10.758714 54720 1011
1292497060 4097723 59.89926 10.758714 36936 1009
1292497061 4098733 59.899172 10.75874 26721 1010
1292497062 4099763 59.899102 10.75879 39672 1030
1292497063 4100813 59.89904 10.758806 37923 1050
1292497064 4101833 59.89904 10.758806 43776 1020
1292497065 4103023 59.898973 10.758821 23015 1190
1292497066 4104333 59.898919 10.758839 17784 1310
1292497067 4105423 59.898919 10.758839 19152 1090
1292497069 4106903 59.898851 10.758872 12312 1480
1292497070 4107914 59.898788 10.758887 15781 1011
1292497071 4109213 59.898788 10.758887 20520 1299
1292497072 4110244 59.898723 10.758884 25992 1031
1292497073 4111263 59.898663 10.758882 19066 1019
1292497074 4112283 59.898663 10.758882 35568 1020
1292497075 4113312 59.898586 10.75882 28197 1029
1292497076 4114313 59.898521 10.758779 62375 1001
1292497078 4115643 59.898455 10.758738 92250 1330
1292497079 4116863 59.898404 10.758722 75070 1220
1292497080 4117893 59.898357 10.758705 67360 1030
1292497081 4118963 59.898304 10.758706 77302 1070
1292497082 4119973 59.89825 10.758707 61560 1010
1292497083 4121003 59.898194 10.758704 32736 1030
1292497084 4122013 59.898147 10.758726 46140 1010
1292497085 4123023 59.898096 10.758762 80419 1010
1292497086 4124043 59.898052 10.758801 90273 1020
1292497087 4125063 59.898052 10.758801 42408 1020
1292497088 4126072 59.898014 10.758862 26286 1009
1292497089 4127122 59.897972 10.758922 28728 1050
1292497090 4128353 59.897939 10.758982 18488 1231
1292497091 4129363 59.897939 10.758982 25992 1010
1292497093 4130652 59.897903 10.759025 28883 1289
1292497094 4131744 59.897877 10.759088 54167 1092
1292497095 4132752 59.897858 10.759134 67394 1008
1292497096 4134003 59.897841 10.759183 81857 1250
1292497097 4135333 59.897823 10.75925 78672 1330
1292497098 4136473 59.897793 10.759366 148654 1140
1292497099 4137483 59.897775 10.759433 119954 1010
1292497100 4138493 59.897756 10.759479 96360 1010
1292497101 4139496 59.897745 10.75955 116967 1003
1292497102 4140503 59.897706 10.75968 132539 1006
1292497104 4141633 59.897676 10.759796 185482 1130
1292497105 4142833 59.897634 10.759909 192285 1200
1292497106 4144053 59.897574 10.759998 197673 1220
1292497107 4145063 59.89755 10.760044 151860 1010
1292497108 4146064 59.897478 10.760129 142873 1001
1292497109 4147083 59.897435 10.760151 128974 1019
1292497110 4148093 59.897352 10.760215 110589 1009
1292497111 4149172 59.897308 10.760254 133680 1078
1292497112 4150333 59.897196 10.760326 110003 1160
1292497113 4151334 59.897131 10.760377 143098 1001
1292497114 4152452 59.896977 10.76047 126067 1118
1292497115 4153473 59.896893 10.760535 148335 1021
1292497116 4154533 59.896707 10.760671 186704 1060
1292497118 4155543 59.896604 10.760729 196775 1009
1292497119 4156623 59.896385 10.760873 168818 1079
1292497120 4157673 59.896156 10.761031 183054 1049
1292497121 4158683 59.895923 10.761189 160904 1010
1292497122 4159692 59.895804 10.761257 143652 1009
1292497123 4160694 59.895555 10.761356 154376 1002
1292497124 4161703 59.895425 10.761404 149851 1009
1292497125 4162712 59.89515 10.761475 139406 1009
1292497126 4163713 59.895008 10.76152 121057 1001
1292497127 4164892 59.89472 10.761605 129625 1179
1292497128 4166102 59.894432 10.76169 137062 1210
1292497129 4167112 59.89429 10.761735 134609 1010
1292497130 4168113 59.893991 10.761891 142854 1001
1292497131 4169132 59.893844 10.761988 127180 1019
1292497132 4170143 59.893545 10.762213 193677 1011
1292497133 4171152 59.893407 10.762349 163640 1009
1292497134 4172155 59.893122 10.76269 140240 1003
1292497135 4173163 59.892989 10.762864 158920 1008
1292497136 4174373 59.892722 10.763282 186513 1210
1292497137 4175374 59.89246 10.763686 185923 1001
1292497139 4176562 59.892193 10.764104 159319 1188
1292497140 4177572 59.892068 10.764333 176647 1010
1292497141 4178574 59.891836 10.764856 162592 1002
1292497142 4179592 59.891728 10.765127 168440 1018
1292497143 4180602 59.891509 10.765653 156495 1010
1292497144 4181603 59.891402 10.765907 140545 1001
1292497145 4182612 59.891173 10.766447 174766 1009
1292497146 4183622 59.891059 10.766698 144771 1010
1292497147 4184632 59.890807 10.767175 110796 1010
1292497148 4185662 59.890679 10.767387 124450 1030
1292497149 4186663 59.890545 10.767579 141225 1001
1292497150 4187682 59.890329 10.76787 139764 1019
1292497151 4188782 59.890237 10.768001 118692 1100
1292497152 4189842 59.890067 10.768235 121493 1060
1292497153 4190882 59.889985 10.768334 123607 1040
1292497154 4191982 59.889843 10.768522 129309 1100
1292497155 4192983 59.889774 10.768625 143131 1001
1292497156 4193992 59.889639 10.768817 128164 1009
1292497157 4195002 59.889579 10.768905 167781 1010
1292497158 4196102 59.889424 10.769107 142851 1100
1292497159 4197112 59.889267 10.769327 161772 1010
1292497160 4198115 59.889184 10.769444 102003 1003
1292497161 4199282 59.889027 10.769664 166146 1167
1292497162 4200401 59.888953 10.769767 107325 1119
1292497163 4201402 59.888818 10.769958 128811 1001
1292497164 4202422 59.88875 10.770044 151774 1020
1292497166 4203622 59.888639 10.770207 156599 1199
1292497167 4204674 59.888533 10.770352 179286 1052
1292497168 4205677 59.888446 10.770469 168306 1003
1292497169 4206962 59.888396 10.770526 177917 1285
1292497170 4208152 59.888332 10.770597 166185 1189
1292497171 4209334 59.88831 10.770625 203123 1182
1292497172 4210492 59.888287 10.770654 182944 1158
1292497173 4211498 59.888283 10.770654 161491 1006
1292497174 4212511 59.888283 10.770654 68153 1013
1292497175 4213512 59.888273 10.770668 41356 1001
1292497176 4214531 59.888281 10.770671 35568 1019
1292497178 4215552 59.888281 10.770671 48197 1021
1292497179 4216571 59.888281 10.770671 130190 1019
1292497180 4217572 59.888281 10.770671 167566 1001
1292497181 4218573 59.888289 10.770675 161834 1001
1292497182 4219652 59.888289 10.770675 145554 1079
1292497183 4220662 59.888289 10.770675 153099 1010
1292497184 4221672 59.888289 10.770675 127934 1010
1292497185 4222681 59.88829 10.770657 130845 1009
1292497186 4223682 59.88829 10.770657 143010 1001
1292497187 4224782 59.88829 10.770657 132453 1100
1292497188 4225792 59.88829 10.770657 142528 1010
1292497189 4226834 59.888281 10.770671 160227 1042
1292497190 4228042 59.888275 10.770689 157658 1208
1292497191 4229052 59.888254 10.7707 99660 1010
1292497192 4230062 59.888225 10.770746 137654 1010
1292497193 4231072 59.888145 10.770827 122027 1010
1292497194 4232182 59.888095 10.770884 127802 1110
1292497195 4233381 59.888044 10.770959 173553 1199
1292497196 4234394 59.887985 10.77103 191239 1012
1292497197 4235401 59.887926 10.771101 145947 1007
1292497199 4236622 59.887863 10.771172 145352 1221
1292497200 4237812 59.887804 10.771243 136562 1190
1292497201 4238821 59.887732 10.771328 120581 1009
1292497202 4239841 59.887659 10.771413 127306 1020
1292497203 4240842 59.887585 10.771516 92206 1001
1292497204 4242001 59.887427 10.771701 147297 1159
1292497205 4243081 59.887348 10.771804 127219 1080
1292497206 4244091 59.887348 10.771804 128641 1010
1292497207 4245221 59.887176 10.772003 74681 1130
1292497208 4246231 59.887176 10.772003 57456 1010
1292497209 4247251 59.88709 10.772102 45009 1020
1292497210 4248281 59.886998 10.772219 31214 1030
1292497211 4249311 59.886912 10.772318 25992 1030
1292497212 4250321 59.886912 10.772318 24624 1010
1292497213 4251331 59.886826 10.772418 42970 1010
1292497214 4252351 59.886746 10.772538 85600 1020
1292497216 4253561 59.8866 10.772765 129561 1210
1292497217 4254571 59.886533 10.772871 138237 1010
1292497218 4255682 59.886467 10.772977 103062 1111
1292497219 4256692 59.886408 10.773086 152844 1010
1292497220 4257801 59.886309 10.773291 126086 1109
1292497221 4258811 59.886264 10.773386 99372 1010
1292497222 4259821 59.886232 10.773467 105866 1010
1292497223 4260961 59.88618 10.773598 148142 1140
1292497224 4261962 59.88618 10.773598 158756 1001
1292497225 4263171 59.886148 10.773679 151647 1209
1292497226 4264232 59.886148 10.773679 101191 1061
1292497227 4265241 59.886148 10.773679 137751 1009
1292497228 4266242 59.886148 10.773679 105146 1001
1292497229 4267251 59.886148 10.773679 133544 1009
1292497230 4268361 59.886156 10.773682 120260 1110
1292497231 4269371 59.886156 10.773682 130332 1010
1292497232 4270421 59.886156 10.773682 56528 1050
1292497233 4271431 59.886162 10.773665 70861 1010
1292497234 4272432 59.886162 10.773665 54451 1001
1292497235 4273451 59.886162 10.773665 91276 1019
1292497237 4274561 59.886162 10.773665 94004 1110
1292497238 4275571 59.886162 10.773665 104297 1010
1292497239 4276581 59.886162 10.773665 86128 1010
1292497240 4277701 59.886162 10.773665 64922 1120
1292497241 4278711 59.886162 10.773665 50616 1010
1292497242 4279811 59.886161 10.773682 12367 1100
1292497243 4280861 59.886161 10.773682 35568 1050
1292497244 4281881 59.886141 10.773714 54427 1020
1292497245 4282893 59.886098 10.773844 68750 1012
1292497246 4283901 59.886065 10.773943 121348 1008
1292497247 4284903 59.886032 10.774041 139777 1002
1292497248 4285911 59.885997 10.774157 136112 1008
1292497249 4286921 59.885961 10.774291 141306 1010
1292497250 4287922 59.885925 10.774425 134408 1001
1292497251 4288931 59.885882 10.774555 181145 1009
1292497252 4289941 59.885809 10.77484 179829 1010
1292497253 4290951 59.885809 10.77484 149528 1010
1292497254 4291953 59.885743 10.775128 113306 1002
1292497255 4292961 59.885718 10.775283 113775 1008
1292497256 4294171 59.8857 10.775441 120494 1210
1292497257 4295172 59.885677 10.775578 132196 1001
1292497258 4296181 59.885667 10.775739 113616 1009
1292497259 4297182 59.885661 10.7759 166705 1001
1292497260 4298371 59.885656 10.776062 119079 1189
1292497261 4299501 59.88566 10.776209 148125 1130
1292497262 4300510 59.885666 10.776373 115757 1009
1292497264 4301581 59.885668 10.776538 93064 1071
1292497265 4302711 59.885675 10.776702 125453 1130
1292497266 4303721 59.885677 10.776867 117335 1010
1292497267 4304881 59.885679 10.777031 104976 1159
1292497268 4305891 59.885674 10.777193 118897 1010
1292497269 4306941 59.885636 10.777505 110099 1050
1292497270 4307951 59.885604 10.777639 105352 1009
1292497271 4308961 59.885567 10.77779 123666 1010
1292497272 4310170 59.885524 10.77792 129850 1208
1292497273 4311271 59.885472 10.778047 102674 1100
1292497274 4312420 59.885417 10.778174 67868 1149
1292497275 4313440 59.885363 10.778284 88026 1020
1292497276 4314450 59.885304 10.778407 80535 1010
1292497278 4315621 59.885241 10.778531 55723 1171
1292497279 4316630 59.885179 10.778637 74098 1009
1292497280 4317751 59.885117 10.778743 112932 1121
1292497281 4318861 59.885054 10.778867 110235 1110
1292497282 4319870 59.884995 10.778991 73361 1009
1292497283 4320881 59.884927 10.779114 84165 1011
1292497284 4322001 59.884786 10.779393 75512 1120
1292497285 4323020 59.884786 10.779393 95811 1019
1292497286 4324030 59.884709 10.779531 51672 1010
1292497288 4326030 59.88463 10.779687 54475 2000
1292497289 4327060 59.884552 10.779842 25992 1030
1292497290 4328340 59.884468 10.779976 41086 1280
1292497291 4329350 59.884468 10.779976 41040 1010
1292497293 4330580 59.884389 10.780132 29427 1230
1292497294 4331581 59.884307 10.780287 71365 1001
1292497295 4332591 59.884224 10.780443 89280 1010
1292497296 4333601 59.884064 10.780736 119505 1010
1292497297 4334602 59.883981 10.780891 118237 1001
1292497298 4335950 59.883811 10.781164 130041 1348
1292497299 4336951 59.883722 10.781298 113674 1001
1292497300 4337960 59.88363 10.781415 109704 1009
1292497301 4339081 59.883455 10.781649 146967 1121
1292497302 4340100 59.883363 10.781766 139674 1019
1292497303 4341110 59.883197 10.781986 133655 1010
1292497304 4342120 59.883124 10.782071 132821 1010
1292497305 4343121 59.883051 10.782174 133345 1001
1292497306 4344130 59.882986 10.782262 134077 1009
1292497307 4345141 59.882913 10.782347 135401 1011
1292497308 4346160 59.882848 10.782436 154649 1019
1292497309 4347371 59.882776 10.782521 132625 1211
1292497310 4348380 59.882711 10.78261 156482 1008
1292497311 4349391 59.882646 10.782698 153673 1011
1292497313 4350573 59.882586 10.782787 153191 1182
1292497314 4351581 59.882534 10.782861 168587 1008
1292497315 4352582 59.882471 10.782932 164786 1001
1292497316 4353601 59.882433 10.782992 114756 1019
1292497317 4354611 59.882384 10.783049 162523 1010
1292497318 4355612 59.882346 10.783109 157808 1001
1292497319 4356621 59.88231 10.783152 165683 1008
1292497320 4357622 59.882285 10.783198 157832 1001
1292497321 4358632 59.882258 10.783226 179206 1010
1292497322 4359640 59.882245 10.78324 189497 1008
1292497323 4360700 59.882231 10.783255 125708 1060
1292497324 4361701 59.88223 10.783272 179807 1001
1292497325 4362711 59.88223 10.783272 163079 1010
1292497326 4363712 59.882234 10.783272 128224 1001
1292497327 4364713 59.882227 10.783269 161941 1001
1292497328 4365720 59.882227 10.783269 164874 1007
1292497329 4366721 59.882227 10.783269 176516 1001
1292497330 4367731 59.882227 10.783269 191162 1010
1292497331 4368741 59.882231 10.783269 174284 1010
1292497332 4369950 59.88223 10.783286 157828 1209
1292497333 4370951 59.88223 10.783286 170914 1001
1292497334 4372040 59.88223 10.783286 142608 1089
1292497335 4373051 59.88223 10.783286 173104 1011
1292497336 4374230 59.882222 10.783283 156572 1179
1292497337 4375231 59.882226 10.783283 172670 1001
1292497338 4376232 59.882226 10.783283 164280 1001
1292497339 4377240 59.882226 10.783283 169003 1008
1292497340 4378241 59.882226 10.783283 165617 1001
1292497341 4379420 59.882226 10.783283 158483 1179
1292497342 4380421 59.882226 10.783283 127011 1001
1292497343 4381431 59.882226 10.783283 176059 1010
1292497344 4382440 59.882226 10.783283 172354 1009
1292497345 4383496 59.882226 10.783283 118898 1056
1292497347 4384600 59.882226 10.783283 144282 1104
1292497348 4385620 59.882226 10.783283 81329 1020
1292497349 4386750 59.882231 10.783283 147105 1130
1292497350 4387880 59.882231 10.783283 146868 1130
1292497351 4388882 59.882231 10.783283 136123 1001
1292497352 4389890 59.882231 10.783283 103706 1008
1292497353 4390891 59.882231 10.783283 129203 1001
1292497354 4391892 59.882231 10.783283 126921 1001
1292497355 4392900 59.882231 10.783283 96247 1008
1292497356 4393910 59.882231 10.783283 128542 1010
1292497357 4394920 59.88223 10.7833 91061 1010
1292497358 4396080 59.882217 10.783297 126838 1160
1292497359 4397090 59.882217 10.783297 109463 1010
1292497360 4398100 59.88218 10.783357 102077 1010
1292497361 4399110 59.882145 10.783382 121195 1010
1292497362 4400150 59.882116 10.783428 130104 1040
1292497363 4401201 59.882082 10.783453 137406 1051
1292497364 4402210 59.882057 10.783499 142233 1009
1292497365 4403211 59.882023 10.783524 142523 1001
1292497366 4404220 59.882 10.783553 167434 1009
1292497367 4405221 59.881965 10.783578 160664 1001
1292497368 4406400 59.88193 10.783603 159731 1179
1292497369 4407411 59.881896 10.783628 172149 1011
1292497370 4408420 59.881859 10.783671 111648 1009
1292497372 4409631 59.881825 10.783696 167366 1211
1292497373 4410860 59.881788 10.783738 175038 1229
1292497374 4411861 59.881753 10.783763 161848 1001
1292497375 4412871 59.88171 10.783803 125947 1010
1292497376 4413880 59.881675 10.783828 156533 1009
1292497377 4414891 59.881634 10.78387 162506 1011
1292497378 4415892 59.881592 10.783892 152615 1001
1292497379 4416901 59.881555 10.783935 165531 1009
1292497380 4418080 59.881469 10.783981 149179 1179
1292497381 4419081 59.881422 10.784003 134564 1001
1292497382 4420090 59.88138 10.784025 124609 1009
1292497383 4421200 59.881325 10.784043 141226 1110
1292497384 4422210 59.881278 10.784065 153641 1010
1292497385 4423220 59.881231 10.784087 112359 1010
1292497386 4424230 59.881185 10.784108 137117 1010
1292497387 4425240 59.881142 10.78413 124695 1010
1292497388 4426260 59.881095 10.784152 133720 1020
1292497389 4427270 59.881048 10.784173 114831 1010
1292497390 4428280 59.881001 10.784195 94414 1010
1292497391 4429281 59.880959 10.784217 103931 1001
1292497392 4430410 59.880912 10.784239 135126 1129
1292497393 4431470 59.880865 10.78426 132903 1060
1292497395 4432570 59.880818 10.784282 125560 1100
1292497396 4433650 59.880776 10.784304 117690 1080
1292497397 4434800 59.880729 10.784325 120071 1150
1292497398 4436000 59.880626 10.784383 159851 1200
1292497399 4437010 59.880583 10.784405 142111 1010
1292497400 4438060 59.880583 10.784405 80917 1050
1292497401 4439170 59.88049 10.784448 146162 1110
1292497402 4440171 59.880435 10.784467 156761 1001
1292497403 4441180 59.880393 10.784488 144480 1009
1292497404 4442189 59.880393 10.784488 155823 1009
1292497405 4443190 59.880311 10.784535 129719 1001
1292497406 4444191 59.880278 10.784543 127580 1001
1292497407 4445209 59.880256 10.784553 85221 1018
1292497408 4446210 59.880235 10.784564 125015 1001
1292497409 4447220 59.880235 10.784564 127352 1010
1292497410 4448221 59.880214 10.784575 108509 1001
1292497411 4449240 59.880214 10.784575 119089 1019
1292497412 4450272 59.880208 10.784554 146488 1032
1292497413 4451329 59.880208 10.784554 139972 1057
1292497414 4452511 59.880208 10.784554 171148 1181
1292497416 4453650 59.8802 10.784551 149836 1139
1292497417 4454730 59.8802 10.784551 138139 1080
1292497418 4455740 59.880206 10.784533 169507 1010
1292497419 4456750 59.880206 10.784533 153374 1010
1292497420 4457760 59.880206 10.784533 128528 1010
1292497421 4458939 59.880198 10.78453 123274 1179
1292497422 4459940 59.880198 10.78453 153580 1001
1292497423 4460950 59.880198 10.78453 156344 1010
1292497424 4461960 59.880198 10.78453 150243 1010
1292497425 4462970 59.880198 10.78453 163764 1010
1292497426 4463979 59.880198 10.78453 151357 1009
1292497427 4464980 59.880203 10.78453 147874 1001
1292497428 4465989 59.880203 10.78453 167222 1009
1292497429 4466990 59.880204 10.784513 137394 1001
1292497430 4467992 59.880203 10.78453 134246 1002
1292497431 4469230 59.880204 10.784513 153604 1238
1292497432 4470231 59.880197 10.784509 170886 1001
1292497433 4471232 59.880197 10.784509 145975 1001
1292497434 4472319 59.880204 10.784513 124729 1087
1292497435 4473320 59.880209 10.784513 153009 1001
1292497436 4474340 59.880209 10.784513 164408 1020
1292497438 4475570 59.880209 10.784513 222810 1230
1292497439 4476571 59.880209 10.784513 149961 1001
1292497440 4477580 59.880213 10.784513 160043 1009
1292497441 4478590 59.880213 10.784513 163718 1010
1292497442 4479649 59.880213 10.784513 127564 1059
1292497443 4480650 59.880213 10.784513 148081 1001
1292497444 4481829 59.880218 10.784513 137598 1179
1292497445 4482830 59.880218 10.784513 135431 1001
1292497446 4484039 59.880218 10.784513 147120 1209
1292497447 4485090 59.880218 10.784513 146192 1051
1292497448 4486091 59.880222 10.784513 154970 1001
1292497449 4487099 59.880222 10.784513 149758 1008
1292497450 4488250 59.880222 10.784513 137247 1151
1292497451 4489369 59.88023 10.784516 117110 1119
1292497452 4490510 59.880235 10.784516 115553 1141
1292497454 4491550 59.880235 10.784516 135122 1040
1292497455 4492551 59.880235 10.784516 175812 1001
1292497456 4493559 59.880239 10.784516 114851 1008
1292497457 4494589 59.880239 10.784516 128560 1030
1292497458 4495590 59.880239 10.784516 127451 1001
1292497459 4496750 59.880239 10.784516 137032 1160
1292497460 4497899 59.880244 10.784516 152850 1149
1292497461 4498950 59.880244 10.784516 130996 1051
1292497462 4500020 59.880244 10.784516 126297 1070
1292497463 4501029 59.880244 10.784516 99277 1009
1292497464 4502031 59.880248 10.784516 103018 1002
1292497465 4503230 59.880248 10.784516 154997 1199
1292497466 4504239 59.880248 10.784516 150642 1009
1292497467 4505240 59.880256 10.784519 90076 1001
1292497469 4506679 59.880256 10.784519 142098 1439
1292497470 4507699 59.880256 10.784519 102505 1020
1292497471 4508871 59.880248 10.784516 35944 1172
1292497472 4509899 59.88023 10.78453 97229 1027
1292497473 4510909 59.880216 10.784544 99239 1010
1292497474 4512010 59.880171 10.784548 87822 1101
1292497475 4513031 59.880123 10.784588 97288 1021
1292497476 4514039 59.880068 10.784606 66976 1008
1292497477 4515059 59.88 10.784639 48234 1020
1292497478 4516079 59.879918 10.784685 51747 1020
1292497479 4517269 59.879824 10.784729 66915 1190
1292497480 4518290 59.879709 10.784783 75240 1021
1292497481 4519299 59.879594 10.784837 35024 1009
1292497482 4520300 59.879466 10.784906 99635 1001
1292497483 4521329 59.879331 10.784954 59499 1029
1292497484 4522339 59.879194 10.785019 51082 1010
1292497485 4523497 59.879057 10.785101 78190 1158
1292497487 4524609 59.878908 10.785163 99895 1112
1292497488 4525619 59.878908 10.785163 38304 1010
1292497489 4526649 59.878751 10.785239 60192 1030
1292497490 4527699 59.878593 10.785315 30169 1050
1292497491 4528739 59.878593 10.785315 25992 1040
1292497492 4529779 59.878445 10.785377 31464 1040
1292497493 4530830 59.878445 10.785377 42408 1051
1292497494 4531869 59.878288 10.785453 26021 1039
1292497495 4532870 59.878135 10.785529 68400 1001
1292497496 4534169 59.877985 10.785608 37211 1299
1292497497 4535309 59.877985 10.785608 88920 1140
1292497498 4536338 59.877833 10.785667 65690 1029
1292497499 4537379 59.877683 10.785746 42408 1041
1292497500 4538410 59.877532 10.785805 28267 1031
1292497501 4539439 59.877532 10.785805 35568 1029
1292497502 4540459 59.877386 10.785884 31464 1020
1292497503 4541489 59.877243 10.785946 25650 1030
1292497504 4542509 59.877243 10.785946 53352 1012
1292497506 4543568 59.877094 10.786008 18709 1059
1292497507 4544589 59.876949 10.786087 39672 1020
1292497508 4545599 59.876817 10.786152 34532 1010
1292497509 4546609 59.876817 10.786152 62928 1010
1292497510 4547629 59.876673 10.786214 44081 1020
1292497511 4548729 59.876529 10.786276 40636 1100
1292497512 4549739 59.876393 10.786341 45144 1010
1292497513 4550749 59.876393 10.786341 45144 1010
1292497514 4551788 59.876249 10.786403 32400 1039
1292497515 4552989 59.876117 10.786468 42844 1201
1292497516 4554009 59.875986 10.786533 54720 1020
1292497517 4555029 59.875854 10.786598 29619 1020
1292497521 4559409 59.875854 10.786598 34200 4380
1292497522 4560419 59.875731 10.786649 39672 1010
1292497523 4561501 59.875621 10.786703 17268 1082
1292497524 4562519 59.875621 10.786703 41040 1018
1292497526 4563749 59.875519 10.786743 29728 1230
1292497527 4564759 59.875422 10.786783 30096 1010
1292497528 4565769 59.875422 10.786783 31464 1010
1292497529 4566799 59.875345 10.78683 17976 1030
1292497530 4567802 59.875277 10.786863 32832 1003
1292497531 4568839 59.875277 10.786863 34200 1037
1292497532 4569879 59.875216 10.786899 19926 1040
1292497533 4570912 59.875174 10.78692 32832 1033
1292497534 4571929 59.875174 10.78692 20520 1017
1292497535 4572962 59.875139 10.786945 19009 1033
1292497536 4574009 59.875125 10.786959 50616 1047
1292497537 4575029 59.875118 10.786956 23018 1020
1292497538 4576059 59.875118 10.786956 30096 1030
1292497539 4577169 59.875118 10.786956 21532 1110
1292497540 4578199 59.875118 10.786956 32832 1030
1292497541 4579249 59.875118 10.786956 21888 1050
1292497542 4580259 59.875118 10.786956 12295 1010
1292497543 4581269 59.875118 10.786956 17784 1010
1292497544 4582283 59.875125 10.786959 65360 1014
1292497546 4583779 59.875125 10.786959 77863 1496
1292497547 4585029 59.875125 10.786959 79609 1250
1292497548 4586050 59.875125 10.786959 87660 1021
1292497549 4587179 59.875125 10.786959 95480 1129
1292497550 4588201 59.875125 10.786959 125649 1022
1292497551 4589209 59.875125 10.786959 152858 1008
1292497552 4590239 59.875121 10.786959 83011 1030
1292497553 4591249 59.875106 10.786953 103852 1010
1292497554 4592259 59.87508 10.786964 83888 1010
1292497555 4593471 59.875003 10.78701 95829 1212
1292497556 4594479 59.874954 10.78705 79749 1008
1292497557 4595500 59.874886 10.787082 64749 1021
1292497559 4596699 59.87482 10.78715 67608 1198
1292497560 4597710 59.874746 10.7872 70178 1011
1292497561 4598719 59.874653 10.787278 74387 1009
1292497562 4599799 59.874555 10.787336 32132 1080
1292497563 4600939 59.874451 10.787411 35670 1140
1292497564 4601979 59.874334 10.787483 25992 1040
1292497565 4603184 59.874334 10.787483 16384 1205
1292497566 4604299 59.874101 10.787679 103123 1114
1292497567 4605310 59.873976 10.787765 31191 1011
1292497568 4606369 59.873976 10.787765 6840 1058
1292497569 4607390 59.873849 10.787869 12312 1021
1292497570 4608396 59.873729 10.787976 69672 1006
1292497571 4609399 59.873598 10.788079 47888 1003
1292497572 4610419 59.873471 10.788183 65801 1020
1292497573 4611430 59.873351 10.78829 81526 1011
1292497574 4612439 59.873224 10.788393 72915 1009
1292497576 4613569 59.873091 10.788514 7268 1130
1292497577 4614570 59.872964 10.788618 125092 1001
1292497578 4615571 59.872832 10.788721 89340 1001
1292497579 4616579 59.872704 10.788842 44906 1008
1292497580 4617590 59.872575 10.788963 52950 1011
1292497581 4618619 59.872448 10.789067 67123 1029
1292497582 4619659 59.872317 10.789171 52470 1040
1292497583 4620669 59.872317 10.789171 46512 1010
1292497584 4621679 59.872196 10.789295 51570 1010
1292497585 4622748 59.872069 10.789399 26486 1069
1292497586 4623758 59.871954 10.789505 32832 1009
1292497587 4624819 59.871954 10.789505 31464 1061
1292497588 4625829 59.871835 10.789612 38120 1010
1292497589 4626839 59.871721 10.789702 71053 1010
1292497590 4627849 59.871611 10.789794 98400 1010
1292497591 4628859 59.871413 10.789965 73442 1010
1292497592 4629979 59.871333 10.790047 68995 1120
1292497593 4630999 59.871333 10.790047 46512 1020
1292497594 4632019 59.871249 10.790112 36560 1020
1292497595 4633030 59.871192 10.790165 59027 1011
1292497596 4634039 59.87113 10.790218 82213 1009
1292497597 4635058 59.871086 10.790258 60982 1019
1292497598 4636190 59.871038 10.790297 53965 1132
1292497599 4637257 59.871024 10.790311 38304 1067
1292497600 4638269 59.871024 10.790311 31464 1012
1292497602 4640378 59.871017 10.790308 30248 2109
1292497603 4641379 59.871009 10.790304 97082 1001
1292497604 4642399 59.871009 10.790304 94226 1020
1292497606 4643559 59.871013 10.790304 79473 1160
1292497607 4644578 59.871013 10.790304 86184 1019
1292497608 4645650 59.871019 10.790287 68118 1072
1292497609 4646670 59.871019 10.790287 59250 1020
1292497610 4647699 59.871024 10.790287 58646 1029
1292497611 4648729 59.871024 10.790287 85318 1030
1292497612 4649749 59.871028 10.790287 60482 1020
1292497613 4650759 59.871028 10.790287 44451 1010
1292497614 4651789 59.87103 10.790269 35413 1030
1292497615 4652799 59.87103 10.790269 50616 1010
1292497616 4653809 59.871034 10.790269 54623 1010
1292497617 4654830 59.871034 10.790269 66673 1021
1292497618 4655868 59.871021 10.790283 42228 1038
1292497619 4656898 59.870998 10.790312 35783 1030
1292497620 4657899 59.870968 10.790337 35568 1001
1292497621 4658948 59.870927 10.790379 26245 1049
1292497622 4659977 59.870927 10.790379 32832 1029
1292497623 4660998 59.870871 10.790415 23219 1021
1292497624 4662009 59.870809 10.790469 38304 1011
1292497625 4663028 59.870738 10.790536 34587 1019
1292497626 4664049 59.870738 10.790536 38304 1021
1292497627 4665088 59.870668 10.790587 22783 1039
1292497628 4666098 59.870585 10.790651 36936 1010
1292497629 4667129 59.870502 10.790715 30569 1031
1292497630 4668149 59.870502 10.790715 34200 1020
1292497631 4669158 59.870419 10.790779 28728 1009
1292497632 4670198 59.870319 10.790855 19800 1040
1292497633 4671239 59.870319 10.790855 15048 1041
1292497634 4672448 59.870215 10.79093 17784 1209
1292497635 4673508 59.870215 10.79093 13680 1060
1292497636 4674529 59.8701 10.790984 22208 1021
1292497638 4675889 59.869995 10.791059 60880 1360
1292497639 4676978 59.869885 10.791113 25992 1089
1292497640 4677998 59.869885 10.791113 13680 1020
1292497641 4679048 59.86977 10.791168 28728 1050
1292497642 4680068 59.869659 10.791222 14972 1020
1292497643 4681119 59.869659 10.791222 30096 1051
1292497644 4682135 59.869548 10.791276 24624 1016
1292497645 4683249 59.869438 10.79133 21023 1114
1292497646 4684278 59.869438 10.79133 21888 1029
1292497648 4685679 59.869327 10.791385 47510 1401
1292497649 4686689 59.869224 10.791442 35568 1010
1292497650 4687708 59.869122 10.7915 70195 1019
1292497651 4688710 59.869122 10.7915 46512 1002
1292497653 4690879 59.869025 10.79154 21871 2169
1292497654 4691939 59.868922 10.791597 110273 1060
1292497655 4693009 59.868722 10.791695 95649 1070
1292497656 4694029 59.86862 10.791735 102197 1020
1292497657 4695069 59.868523 10.791775 52380 1040
1292497658 4696159 59.868523 10.791775 25992 1090
1292497659 4697178 59.868425 10.791833 62290 1018
1292497660 4698498 59.868335 10.791876 17784 1319
1292497661 4699508 59.868335 10.791876 17784 1010
1292497662 4700519 59.868239 10.791916 24505 1011
1292497664 4701538 59.868149 10.79196 44902 1019
1292497665 4702544 59.868072 10.792006 109724 1006
1292497666 4703679 59.867983 10.79205 110993 1135
1292497667 4704689 59.867907 10.792079 110855 1010
1292497668 4705718 59.86783 10.792126 55241 1029
1292497669 4706738 59.867762 10.792158 54028 1020
1292497670 4707758 59.867696 10.792208 82684 1020
1292497671 4708889 59.867566 10.792256 61963 1131
1292497672 4710169 59.867566 10.792256 64264 1280
1292497673 4711179 59.867518 10.792295 54518 1010
1292497674 4712199 59.867477 10.792299 42878 1020
1292497675 4713209 59.867442 10.792324 55093 1010
1292497676 4714219 59.867422 10.792318 47963 1010
1292497677 4715358 59.867413 10.792332 29753 1139
1292497678 4716359 59.867407 10.792311 51984 1001
1292497679 4717378 59.867407 10.792311 47174 1019
1292497680 4718399 59.867407 10.792311 37501 1021
1292497681 4719439 59.867404 10.792308 55989 1040
1292497682 4720440 59.867404 10.792308 73535 1001
1292497683 4721449 59.867404 10.792308 119023 1009
1292497684 4722458 59.867405 10.79229 94093 1009
1292497686 4723599 59.867405 10.79229 115898 1141
1292497687 4724819 59.867405 10.79229 135612 1220
1292497688 4725828 59.867405 10.79229 120431 1009
1292497689 4726829 59.867405 10.79229 143252 1001
1292497690 4727838 59.867405 10.79229 137253 1009
1292497691 4729039 59.867411 10.792273 147738 1201
1292497692 4730049 59.867398 10.792287 153631 1010
1292497693 4731239 59.867364 10.792294 153680 1190
1292497694 4732240 59.867301 10.792327 160544 1001
1292497695 4733249 59.867254 10.792348 143438 1009
1292497696 4734279 59.867164 10.792392 60977 1030
1292497697 4735280 59.867108 10.792428 106747 1001
1292497698 4736289 59.867061 10.792449 144526 1009
1292497699 4737299 59.867005 10.792485 168887 1010
1292497700 4738309 59.866907 10.792543 135227 1010
1292497701 4739319 59.866851 10.792579 149205 1010
1292497702 4740489 59.866736 10.792633 174026 1170
1292497703 4741519 59.86668 10.792669 188061 1030
1292497704 4742520 59.866625 10.792687 129972 1001
1292497706 4743539 59.866527 10.792745 118388 1019
1292497707 4744552 59.866471 10.792781 119735 1013
1292497708 4745619 59.866368 10.792838 133779 1067
1292497709 4746709 59.866314 10.792857 126996 1090
1292497710 4747839 59.866223 10.792918 134997 1130
1292497711 4748989 59.866167 10.792954 140170 1150
1292497712 4750189 59.866055 10.793025 168598 1200
1292497713 4751199 59.865991 10.793058 148009 1010
1292497714 4752200 59.865926 10.793108 78625 1001
1292497715 4753209 59.865856 10.793158 81453 1009
1292497716 4754399 59.86571 10.793255 68140 1189
1292497717 4755409 59.86562 10.793298 89789 1010
1292497718 4756411 59.865529 10.793359 71400 1002
1292497719 4757438 59.865425 10.793434 72456 1027
1292497721 4758749 59.865333 10.793513 76643 1311
1292497722 4759758 59.865242 10.793574 75896 1009
1292497723 4760759 59.865148 10.79367 106265 1001
1292497724 4761950 59.864978 10.793851 122166 1191
1292497725 4762959 59.864882 10.793964 74503 1009
1292497726 4763969 59.864792 10.794116 91314 1010
1292497727 4765178 59.864702 10.794268 64694 1209
1292497728 4766188 59.86461 10.794438 84629 1010
1292497729 4767189 59.864533 10.794614 98206 1001
1292497730 4768199 59.864455 10.794807 78037 1010
1292497731 4769210 59.864381 10.795001 73648 1011
1292497732 4770219 59.864309 10.795177 109488 1008
1292497733 4771288 59.864157 10.795564 103154 1069
1292497734 4772289 59.864081 10.795741 78815 1001
1292497735 4773308 59.864081 10.795741 54720 1019
1292497736 4774309 59.864007 10.795934 62102 1001
1292497737 4775328 59.863935 10.79611 78974 1019
1292497738 4776338 59.863858 10.796287 85364 1010
1292497740 4777538 59.863696 10.796615 73079 1200
1292497741 4778546 59.863605 10.796767 89237 1008
1292497742 4779549 59.863516 10.796901 91789 1003
1292497743 4780551 59.863421 10.797014 91889 1002
1292497744 4781559 59.863322 10.797128 93837 1008
1292497745 4782619 59.863222 10.797241 73616 1060
1292497746 4783630 59.863116 10.797334 101523 1011
1292497747 4784638 59.863018 10.79743 108848 1008
1292497748 4785649 59.862912 10.797523 111185 1011
1292497749 4786658 59.862717 10.797697 91327 1009
1292497750 4787878 59.862625 10.797775 113831 1220
1292497751 4788888 59.862528 10.797854 101410 1010
1292497752 4790109 59.862366 10.797982 119943 1221
1292497753 4791118 59.862297 10.798032 124318 1009
1292497754 4792159 59.862225 10.7981 98174 1041
1292497755 4793168 59.862168 10.798153 131246 1009
1292497756 4794169 59.862112 10.798189 124744 1001
1292497757 4795178 59.862065 10.798211 128208 1009
1292497758 4796189 59.86203 10.798236 141253 1011
1292497759 4797191 59.861973 10.798251 107743 1002
1292497760 4798198 59.861959 10.798265 111950 1007
1292497761 4799278 59.861951 10.798262 127779 1080
1292497762 4800399 59.861951 10.798262 143093 1121
1292497764 4801568 59.861912 10.798287 146241 1169
1292497765 4802888 59.861882 10.798312 162880 1320
1292497766 4803989 59.861806 10.798341 166287 1101
1292497767 4804999 59.861773 10.798349 154030 1010
1292497768 4806058 59.861739 10.798356 97574 1059
1292497769 4807059 59.861739 10.798356 94165 1001
1292497770 4808169 59.861747 10.798359 115177 1110
1292497771 4809238 59.861747 10.798359 132741 1069
1292497772 4810248 59.861746 10.798377 136308 1010
1292497773 4811249 59.86175 10.798377 113497 1001
1292497774 4812259 59.86175 10.798377 144234 1010
1292497775 4813260 59.861751 10.798359 160948 1001
1292497776 4814269 59.861744 10.798356 146304 1009
1292497777 4815289 59.861744 10.798356 108075 1020
1292497778 4816308 59.861744 10.798356 116015 1019
1292497779 4817398 59.861744 10.798356 150410 1090
1292497780 4818458 59.861736 10.798353 143267 1060
1292497781 4819529 59.86168 10.798389 138356 1071
1292497783 4820659 59.861645 10.798414 137696 1130
1292497784 4821670 59.861544 10.798454 126947 1011
1292497785 4822671 59.861488 10.79849 112272 1001
1292497786 4823678 59.861368 10.798558 99544 1007
1292497787 4824838 59.861259 10.798595 101378 1160
1292497788 4825839 59.861203 10.798631 163243 1001
1292497789 4826849 59.861093 10.798685 131252 1010
1292497790 4827858 59.861038 10.798703 150894 1009
1292497791 4828888 59.860923 10.798757 105821 1030
1292497792 4829968 59.860868 10.798776 133009 1080
1292497793 4831058 59.860744 10.798844 141070 1090
1292497794 4832268 59.860685 10.798862 141021 1210
1292497795 4833379 59.86056 10.798948 148307 1110
1292497796 4834396 59.860493 10.798963 186406 1017
1292497797 4835409 59.860413 10.798993 115071 1013
1292497798 4836478 59.860234 10.799079 127858 1068
1292497799 4837488 59.860133 10.799119 160403 1010
1292497800 4838489 59.86003 10.799177 134530 1001
1292497801 4839498 59.859818 10.799271 140889 1009
1292497802 4840499 59.859716 10.799311 147702 1001
1292497803 4841500 59.859503 10.799423 170022 1001
1292497804 4842508 59.859388 10.799477 144460 1007
1292497806 4843598 59.859171 10.799571 114194 1090
1292497807 4844608 59.85906 10.799626 111878 1010
1292497808 4845909 59.858945 10.79968 48182 1301
1292497809 4847049 59.858838 10.799737 145349 1140
1292497810 4848109 59.858612 10.799846 118540 1059
1292497811 4849208 59.858497 10.7999 130954 1099
1292497812 4850338 59.858267 10.800008 131482 1130
1292497813 4851478 59.858152 10.800062 112586 1140
1292497815 4852699 59.857902 10.800164 124721 1220
1292497816 4853708 59.857776 10.800198 143771 1009
1292497817 4854709 59.857652 10.800213 108284 1001
1292497818 4855711 59.857352 10.80019 117224 1002
1292497819 4856808 59.857215 10.800164 115055 1096
1292497820 4857828 59.857074 10.800138 89922 1020
1292497821 4858838 59.856931 10.80013 58741 1010
1292497822 4859878 59.856796 10.800086 51984 1040
1292497823 4860888 59.856652 10.800057 41066 1010
1292497824 4862049 59.856517 10.800013 90616 1161
1292497825 4863059 59.856249 10.799891 129856 1010
1292497826 4864069 59.856119 10.799848 130425 1010
1292497827 4865339 59.855859 10.799782 149357 1270
1292497828 4866349 59.855733 10.799777 106413 1010
1292497829 4867449 59.855606 10.799789 143812 1100
1292497830 4868459 59.85548 10.799823 144587 1010
1292497831 4869482 59.855352 10.799835 108988 1023
1292497832 4870488 59.85523 10.799886 175612 1006
1292497833 4871497 59.854987 10.799953 107541 1001
1292497835 4872628 59.854772 10.800029 111874 1131
1292497836 4873638 59.854671 10.800069 112118 1010
1292497837 4874709 59.854487 10.800118 140051 1071
1292497838 4875710 59.854411 10.800147 170435 1001
1292497839 4876718 59.854336 10.800176 135954 1008
1292497840 4877719 59.854195 10.800203 160137 1001
1292497841 4878728 59.85412 10.800214 142491 1009
1292497842 4879738 59.854055 10.800212 143752 1010
1292497843 4880758 59.853982 10.800206 148785 1019
1292497844 4881759 59.853919 10.800186 150276 1001
1292497845 4882768 59.853853 10.800183 138837 1009
1292497846 4883858 59.853729 10.800161 81398 1090
1292497847 4884860 59.853729 10.800161 134224 1002
1292497848 4885869 59.853668 10.800158 155165 1009
1292497849 4886998 59.853583 10.800149 112525 1129
1292497850 4888000 59.853583 10.800149 153478 1001
1292497851 4889009 59.85351 10.800143 111060 1009
1292497852 4890018 59.853471 10.80013 154969 1009
1292497853 4891058 59.853439 10.80012 159837 1040
1292497854 4892069 59.853406 10.800127 150555 1011
1292497855 4893070 59.853377 10.800135 162221 1001
1292497856 4894071 59.853343 10.800142 138635 1001
1292497857 4895158 59.853318 10.800153 157997 1087
1292497858 4896159 59.853283 10.800178 146965 1001
1292497859 4897359 59.853259 10.800224 164352 1200
1292497860 4898360 59.853236 10.800252 164474 1001
1292497861 4899478 59.853212 10.800298 145877 1118
1292497862 4900222 59.853195 10.800347 130698 744
