1291893761 1020135 59.911687 10.750386 128508 1001
1291893762 1021264 59.911725 10.750416 398212 1129
1291893763 1022384 59.911838 10.750527 215237 1120
1291893765 1023546 59.911917 10.750606 171402 1162
1291893766 1024708 59.911917 10.750606 176388 1162
1291893767 1025714 59.911981 10.750664 154366 1006
1291893768 1026794 59.912007 10.750692 178346 1080
1291893769 1027924 59.912007 10.750692 198592 1130
1291893770 1028926 59.912065 10.75073 238808 1002
1291893771 1029927 59.912094 10.750775 201232 1001
1291893772 1030934 59.912094 10.750775 236223 1007
1291893773 1031965 59.912149 10.750847 187600 1031
1291893774 1033104 59.912172 10.75091 205496 1138
1291893775 1034105 59.912186 10.750987 144378 1001
1291893776 1035115 59.912191 10.751078 138979 1010
1291893777 1036124 59.912182 10.751183 114960 1009
1291893778 1037144 59.912182 10.751183 55395 1020
1291893779 1038174 59.912178 10.751289 34200 1030
1291893780 1039214 59.91216 10.751461 9555 1040
1291893781 1040234 59.91216 10.751461 15048 1020
1291893783 1041614 59.912146 10.751546 17784 1380
1291893784 1042634 59.912146 10.751598 21888 1020
1291893785 1043744 59.912131 10.751683 8208 1110
1291893786 1044964 59.91213 10.751753 6286 1220
1291893787 1046024 59.912109 10.751908 73866 1060
1291893788 1047025 59.912102 10.751995 90333 1001
1291893789 1048034 59.912093 10.752192 104412 1009
1291893790 1049154 59.912082 10.75228 151021 1120
1291893791 1050174 59.912059 10.752361 133691 1020
1291893792 1051284 59.912038 10.752463 128405 1110
1291893793 1052344 59.912016 10.752582 104565 1060
1291893794 1053364 59.911991 10.752685 127525 1020
1291893795 1054444 59.911971 10.752769 117918 1080
1291893796 1055453 59.91195 10.752871 125590 1009
1291893797 1056454 59.911937 10.752976 105139 1001
1291893798 1057463 59.911932 10.753085 116763 1009
1291893799 1058464 59.911937 10.753215 155868 1001
1291893801 1059563 59.91193 10.753432 150509 1099
1291893802 1060694 59.91193 10.753432 145826 1131
1291893803 1061703 59.911924 10.753502 114131 1009
1291893804 1062884 59.911904 10.753604 111695 1181
1291893805 1063894 59.911904 10.753604 112154 1010
1291893806 1064944 59.911844 10.753784 119272 1050
1291893807 1065954 59.9118 10.753915 93024 1010
1291893808 1066973 59.9118 10.753915 68435 1019
1291893809 1067984 59.911713 10.754214 108059 1011
1291893810 1068993 59.911674 10.754344 107586 1009
1291893811 1069994 59.911674 10.754344 145603 1001
1291893812 1071003 59.911592 10.754567 111878 1009
1291893813 1072023 59.911554 10.75468 126676 1020
1291893814 1073093 59.911554 10.75468 65791 1070
1291893815 1074184 59.911497 10.754891 102510 1091
1291893816 1075423 59.911473 10.75499 103371 1239
1291893818 1076554 59.911455 10.75511 106010 1131
1291893819 1077556 59.911429 10.755335 113096 1002
1291893820 1078573 59.911429 10.755335 107816 1017
1291893821 1079574 59.911411 10.755454 110566 1001
1291893822 1080703 59.911367 10.755746 100717 1128
1291893823 1081713 59.911367 10.755746 89609 1010
1291893824 1082723 59.911354 10.755943 89564 1010
1291893825 1083733 59.911327 10.756353 88265 1010
1291893826 1085063 59.911327 10.756353 75239 1330
1291893827 1086103 59.911301 10.756746 47192 1040
1291893828 1087143 59.911291 10.756907 45144 1040
1291893829 1088154 59.911288 10.75709 35647 1010
1291893830 1089193 59.911288 10.757272 62327 1039
1291893831 1090203 59.911279 10.757472 61560 1010
1291893832 1091223 59.911279 10.757472 57061 1020
1291893833 1092233 59.91125 10.757847 68326 1010
1291893834 1093253 59.911234 10.758026 69775 1020
1291893835 1094273 59.911234 10.758026 75698 1020
1291893836 1095283 59.911208 10.758328 102277 1010
1291893837 1096313 59.911197 10.758454 78434 1030
1291893838 1097433 59.911183 10.75856 86569 1120
1291893839 1098443 59.911178 10.75863 106214 1010
1291893840 1099453 59.911176 10.758686 97552 1010
1291893841 1100463 59.911174 10.758721 102775 1010
1291893842 1101473 59.91118 10.758742 118249 1010
1291893844 1102663 59.911174 10.758759 118528 1190
1291893845 1103743 59.911174 10.758759 110599 1080
1291893846 1104753 59.911178 10.758798 95877 1010
1291893847 1105762 59.911178 10.758798 57028 1009
1291893848 1106983 59.911178 10.758798 60676 1221
1291893849 1108003 59.911177 10.758815 82432 1020
1291893850 1109143 59.911176 10.758833 120197 1140
1291893851 1110163 59.911176 10.758833 140565 1020
1291893852 1111183 59.911176 10.758833 85831 1020
1291893853 1112193 59.911176 10.758833 74027 1010
1291893854 1113194 59.911174 10.75885 104425 1001
1291893855 1114203 59.911174 10.75885 128583 1009
1291893856 1115213 59.911167 10.758847 83415 1010
1291893857 1116222 59.911165 10.758865 116717 1009
1291893858 1117413 59.911165 10.758865 82357 1191
1291893859 1118423 59.911165 10.758865 85034 1010
1291893860 1119443 59.911165 10.758865 103581 1020
1291893861 1120458 59.911164 10.758882 83974 1015
1291893862 1121463 59.911161 10.758917 105247 1005
1291893863 1122473 59.911144 10.758967 85872 1010
1291893864 1123483 59.911138 10.759037 47271 1010
1291893865 1124513 59.911122 10.759125 52272 1030
1291893867 1125542 59.911085 10.759367 61358 1029
1291893868 1126552 59.911085 10.759367 67234 1009
1291893869 1127554 59.911071 10.75949 67584 1002
1291893870 1128752 59.911035 10.759715 72226 1198
1291893871 1129763 59.911035 10.759715 79344 1011
1291893872 1130792 59.911008 10.759835 57321 1029
1291893873 1131812 59.910971 10.760077 56082 1020
1291893874 1132823 59.910971 10.760077 87278 1011
1291893875 1134022 59.910955 10.760218 82126 1199
1291893876 1135033 59.910914 10.76046 106063 1011
1291893877 1136042 59.910914 10.76046 116103 1009
1291893878 1137052 59.910859 10.760717 91208 1010
1291893879 1138072 59.910843 10.760857 77470 1020
1291893880 1139073 59.910843 10.760857 100890 1001
1291893881 1140193 59.910782 10.761146 131961 1120
1291893882 1141202 59.910744 10.761297 141244 1008
1291893883 1142212 59.910744 10.761297 100467 1010
1291893884 1143213 59.910667 10.761596 103114 1001
1291893885 1144232 59.910622 10.761744 66582 1019
1291893886 1145243 59.910622 10.761744 104269 1011
1291893887 1146453 59.910527 10.761964 50947 1210
1291893888 1147482 59.910488 10.762094 77064 1029
1291893889 1148493 59.910466 10.762228 54662 1011
1291893890 1149522 59.910415 10.762551 48797 1029
1291893892 1150572 59.910415 10.762551 20520 1050
1291893893 1151702 59.910364 10.762679 32158 1130
1291893894 1152903 59.910248 10.762985 95167 1201
1291893895 1153905 59.910248 10.762985 88920 1002
1291893896 1154912 59.910198 10.763151 51019 1007
1291893897 1155942 59.910085 10.763461 46089 1030
1291893898 1156962 59.910085 10.763461 46929 1020
1291893899 1157982 59.910028 10.763606 43776 1020
1291893900 1159022 59.909929 10.763902 18574 1040
1291893901 1160424 59.909929 10.763902 16416 1402
1291893902 1161533 59.909778 10.764328 99817 1109
1291893903 1162535 59.909778 10.764328 137496 1002
1291893905 1163698 59.90973 10.764459 93963 1163
1291893906 1165002 59.909641 10.764723 92454 1304
1291893907 1166003 59.909641 10.764723 119690 1001
1291893908 1167153 59.909548 10.764949 120499 1150
1291893909 1168202 59.909512 10.765083 115106 1049
1291893910 1169212 59.909475 10.765181 128814 1010
1291893911 1170222 59.909441 10.765298 127452 1010
1291893912 1171223 59.909414 10.765417 122798 1001
1291893913 1172224 59.909375 10.765533 127099 1001
1291893914 1173225 59.90934 10.76565 122968 1001
1291893915 1174514 59.909306 10.765766 124803 1289
1291893916 1175532 59.909267 10.765882 74394 1018
1291893918 1176542 59.909188 10.766146 90480 1010
1291893919 1177554 59.909188 10.766146 97887 1012
1291893920 1178562 59.90916 10.766283 89846 1008
1291893921 1179612 59.909094 10.766572 98445 1050
1291893922 1180752 59.909094 10.766572 178318 1140
1291893923 1181762 59.909046 10.766702 185586 1010
1291893924 1182872 59.908971 10.766952 101167 1110
1291893925 1183881 59.908971 10.766952 106069 1009
1291893926 1184902 59.908937 10.767069 58824 1021
1291893927 1185922 59.908869 10.767283 38963 1020
1291893928 1187132 59.908844 10.767385 48906 1210
1291893929 1188142 59.90882 10.76747 30096 1010
1291893933 1192091 59.908801 10.767554 25965 3949
1291893934 1193172 59.908783 10.767621 17543 1081
1291893935 1194262 59.908766 10.767671 38304 1090
1291893936 1195312 59.908748 10.767737 42548 1050
1291893937 1196340 59.908719 10.767854 55989 1028
1291893938 1197343 59.908693 10.767917 61172 1003
1291893939 1198351 59.908631 10.767971 70225 1008
1291893940 1199352 59.908602 10.767978 24140 1001
1291893941 1200374 59.908547 10.767958 70887 1022
1291893942 1201382 59.908526 10.767931 98864 1008
1291893943 1202401 59.908503 10.767921 102049 1019
1291893944 1203502 59.908476 10.767911 84557 1101
1291893945 1204522 59.908447 10.76788 106587 1020
1291893946 1205531 59.908447 10.76788 85124 1009
1291893948 1206541 59.908402 10.767842 44478 1010
1291893949 1207554 59.908399 10.767839 63259 1013
1291893950 1208562 59.908396 10.767835 122947 1008
1291893951 1209572 59.90839 10.767829 169249 1010
1291893952 1210581 59.90839 10.767829 147198 1009
1291893953 1211582 59.908387 10.767825 152396 1001
1291893954 1212792 59.908365 10.767812 127482 1210
1291893955 1213802 59.908365 10.767812 155612 1010
1291893956 1214811 59.908339 10.767799 145685 1009
1291893957 1215962 59.908328 10.767792 114980 1151
1291893958 1217161 59.908322 10.767785 123097 1199
1291893959 1218162 59.908319 10.767782 157095 1001
1291893960 1219241 59.908307 10.767793 113244 1079
1291893961 1220242 59.908308 10.76779 147811 1001
1291893962 1221452 59.908297 10.767783 101104 1210
1291893964 1222631 59.9083 10.7678 136987 1179
1291893965 1223641 59.908302 10.767797 135842 1009
1291893966 1224661 59.908299 10.767794 87878 1020
1291893967 1225671 59.908299 10.767794 95070 1010
1291893968 1226681 59.908291 10.76779 108986 1010
1291893969 1227721 59.908268 10.76778 45162 1040
1291893970 1228781 59.908268 10.76778 50025 1060
1291893971 1229802 59.908262 10.767759 68590 1021
1291893972 1230831 59.9082233333333 10.767734 61553 1029
1291893973 1231891 59.9081846666667 10.767709 27492 1060
1291893974 1232892 59.908146 10.767684 110850 1001
1291893975 1233901 59.90809 10.767668 117242 1009
1291893976 1234911 59.90809 10.767668 117806 1010
1291893977 1236131 59.907952 10.767659 117859 1220
1291893978 1237333 59.907875 10.767654 109715 1202
1291893979 1238341 59.907875 10.767654 53352 1008
1291893980 1239351 59.907704 10.767691 77844 1010
1291893981 1240352 59.907604 10.767714 135977 1001
1291893982 1241401 59.907517 10.767722 146683 1049
1291893983 1242411 59.907413 10.767745 136384 1010
1291893984 1243412 59.907313 10.767767 114998 1001
1291893985 1244421 59.907214 10.767773 151997 1009
1291893987 1245572 59.907026 10.767768 144736 1151
1291893988 1246681 59.907026 10.767768 159534 1108
1291893989 1247811 59.906845 10.767768 158532 1130
1291893990 1248951 59.906762 10.767779 140125 1140
1291893991 1249961 59.906762 10.767779 131054 1010
1291893992 1251141 59.906624 10.767757 76940 1180
1291893993 1252151 59.90656 10.767737 104644 1010
1291893994 1253161 59.90651 10.767741 97087 1010
1291893995 1254171 59.906465 10.767745 128164 1010
1291893996 1255181 59.906416 10.767732 72107 1010
1291893997 1256381 59.90638 10.767722 120103 1200
1291893998 1257391 59.906335 10.767726 144437 1010
1291893999 1258401 59.906298 10.767716 114532 1010
1291894000 1259411 59.906298 10.767716 113330 1010
1291894001 1260421 59.906225 10.767696 103481 1010
1291894002 1261431 59.906169 10.767679 117011 1010
1291894003 1262441 59.906113 10.767663 123042 1010
1291894005 1263560 59.905975 10.767602 108331 1119
1291894006 1265165 59.905975 10.767602 16384 1605
1291894007 1266241 59.905811 10.767513 104990 1076
1291894008 1267260 59.905741 10.767472 79992 1019
1291894009 1268391 59.905741 10.767472 69683 1131
1291894010 1269401 59.90559 10.76737 104610 1010
1291894012 1270591 59.905508 10.767325 127196 1190
1291894013 1271671 59.905364 10.767243 106056 1080
1291894014 1272791 59.905295 10.767185 120894 1120
1291894015 1273920 59.905295 10.767185 116581 1129
1291894016 1274931 59.905151 10.767103 117181 1011
1291894017 1275932 59.90507 10.767041 88704 1001
1291894018 1277161 59.904985 10.766979 128827 1229
1291894019 1278171 59.904892 10.766914 159650 1010
1291894020 1279181 59.904812 10.766852 98826 1010
1291894021 1280320 59.90473 10.766808 94594 1139
1291894022 1281391 59.904655 10.766767 107037 1009
1291894023 1282490 59.904597 10.76673 65690 1099
1291894025 1283560 59.904535 10.766692 54235 1070
1291894026 1284600 59.904485 10.766658 39672 1040
1291894027 1285710 59.904425 10.766638 18164 1110
1291894028 1286743 59.904425 10.766638 20520 1033
1291894029 1287971 59.904292 10.766668 35032 1228
1291894030 1289331 59.90423 10.766722 10944 1360
1291894032 1291240 59.904165 10.76681 47478 1909
1291894034 1292541 59.904046 10.766956 59973 1301
1291894035 1293557 59.90399 10.76703 130303 1016
1291894036 1294571 59.903883 10.767179 98630 1014
1291894037 1295580 59.903829 10.767236 139145 1009
1291894038 1296641 59.90371 10.767343 116126 1061
1291894039 1297660 59.90371 10.767343 131447 1019
1291894040 1298691 59.903645 10.767379 88113 1031
1291894041 1299710 59.903513 10.767391 111098 1019
1291894042 1301320 59.903513 10.767391 21385 1610
1291894043 1302380 59.903455 10.767392 10944 1060
1291894044 1303400 59.903397 10.767393 10944 1020
1291894045 1304520 59.903356 10.767397 12312 1120
1291894047 1305560 59.903319 10.767405 18261 1040
1291894048 1306592 59.903299 10.767398 68019 1032
1291894049 1307740 59.903294 10.767398 157452 1148
1291894050 1308861 59.903281 10.767412 157679 1121
1291894051 1309980 59.903281 10.767412 152705 1119
1291894052 1311200 59.903281 10.767412 160812 1220
1291894053 1312240 59.903276 10.767412 145793 1040
1291894054 1313250 59.903276 10.767412 168137 1010
1291894055 1314260 59.903269 10.767409 112277 1010
1291894056 1315320 59.903269 10.767409 120489 1060
1291894057 1316342 59.903269 10.767409 125663 1022
1291894058 1317411 59.903267 10.767427 154649 1068
1291894059 1318430 59.903263 10.767427 134913 1019
1291894060 1319431 59.903263 10.767427 151410 1001
1291894062 1320660 59.903201 10.767442 124932 1229
1291894063 1321820 59.903201 10.767442 66710 1160
1291894064 1322890 59.90316 10.767446 64051 1070
1291894065 1323900 59.90306 10.767469 77541 1010
1291894066 1324970 59.90306 10.767469 64963 1070
1291894067 1325980 59.902946 10.767467 83702 1010
1291894068 1326990 59.902881 10.767464 80925 1010
1291894069 1328100 59.90282 10.767462 93998 1110
1291894070 1329101 59.902762 10.767463 170350 1001
1291894071 1330130 59.902701 10.76746 97465 1029
1291894072 1331283 59.902648 10.767461 114359 1153
1291894073 1332300 59.902595 10.767462 139695 1017
1291894074 1333320 59.902538 10.767463 146888 1020
1291894075 1334336 59.902485 10.767464 141858 1016
1291894076 1335351 59.902431 10.767465 146097 1015
1291894077 1336530 59.902372 10.767445 138981 1179
1291894079 1337555 59.902321 10.767428 151465 1024
1291894080 1338600 59.902209 10.767353 123660 1045
1291894081 1339650 59.902209 10.767353 145151 1050
1291894082 1340720 59.902095 10.76726 202759 1070
1291894083 1341808 59.902039 10.767205 103322 1088
1291894085 1344049 59.902039 10.767205 51984 2241
1291894086 1345050 59.901949 10.767066 63495 1001
1291894087 1346080 59.9019 10.766976 67032 1030
1291894088 1347090 59.901867 10.766875 119124 1009
1291894089 1348110 59.901806 10.766652 112134 1020
1291894090 1349250 59.901776 10.766516 76348 1140
1291894091 1350270 59.901744 10.766376 89734 1020
1291894092 1351289 59.901724 10.76624 93140 1019
1291894093 1352309 59.901724 10.76624 52592 1020
1291894094 1353319 59.901675 10.765964 65231 1010
1291894095 1354338 59.901647 10.765824 70804 1019
1291894096 1355350 59.901647 10.765824 67309 1012
1291894097 1356369 59.901585 10.765524 59538 1019
1291894098 1357389 59.901537 10.765378 81146 1020
1291894099 1358409 59.901537 10.765378 49259 1020
1291894100 1359419 59.901445 10.765089 39718 1010
1291894101 1360429 59.901393 10.764943 47593 1010
1291894102 1361439 59.90134 10.764797 64773 1010
1291894103 1362450 59.901288 10.76465 81608 1011
1291894104 1363459 59.901234 10.764522 69682 1009
1291894105 1364509 59.901185 10.764393 42425 1050
1291894106 1365529 59.901129 10.764247 46512 1020
1291894110 1368959 59.901081 10.7641 2736 3430
1291894111 1370140 59.901007 10.763783 72350 1181
1291894112 1371199 59.900946 10.763451 142886 1059
1291894113 1372239 59.900896 10.763088 131040 1040
1291894114 1373240 59.900896 10.763088 50304 1001
1291894116 1374549 59.900847 10.762707 49465 1309
1291894117 1375555 59.900813 10.762532 94392 1006
1291894118 1376559 59.900813 10.762532 114364 1004
1291894119 1377711 59.900691 10.762001 98936 1152
1291894120 1378849 59.900691 10.762001 120126 1138
1291894121 1379869 59.900642 10.76182 148262 1020
1291894122 1380969 59.900549 10.761464 92671 1100
1291894123 1382169 59.900507 10.761286 75136 1200
1291894124 1383210 59.900463 10.76109 53352 1041
1291894125 1384219 59.90043 10.760898 52663 1009
1291894126 1385249 59.90039 10.760703 64785 1030
1291894127 1386349 59.900351 10.760489 69354 1100
1291894128 1387369 59.900309 10.760311 61560 1020
1291894129 1388399 59.900309 10.760311 59873 1030
1291894130 1389429 59.900214 10.759952 64991 1030
1291894131 1390439 59.90016 10.759771 40526 1010
1291894132 1391459 59.900108 10.759625 49098 1020
1291894133 1392499 59.900049 10.759496 49248 1040
1291894134 1393519 59.899991 10.759367 38781 1020
1291894135 1394529 59.899925 10.759235 59815 1010
1291894137 1395540 59.899821 10.759034 78222 1011
1291894138 1396659 59.899821 10.759034 47507 1119
1291894139 1397670 59.899821 10.759034 24624 1011
1291894140 1398679 59.899768 10.758944 31464 1009
1291894141 1399699 59.899653 10.758813 26986 1020
1291894142 1400909 59.899589 10.758754 38198 1210
1291894143 1401969 59.899524 10.758713 45144 1060
1291894144 1403239 59.899461 10.75869 9055 1270
1291894145 1404248 59.899398 10.75867 27360 1009
1291894146 1405419 59.899249 10.758693 26000 1171
1291894148 1406569 59.899175 10.758705 65529 1150
1291894149 1407588 59.899094 10.758734 58824 1019
1291894150 1408590 59.899017 10.758781 39111 1002
1291894151 1409668 59.899017 10.758781 39672 1078
1291894152 1410779 59.898849 10.758798 18418 1110
1291894153 1411828 59.89877 10.75881 17784 1049
1291894154 1412969 59.89877 10.75881 2736 1141
1291894155 1414070 59.898691 10.758783 16416 1101
1291894156 1415139 59.89862 10.75876 13680 1069
1291894157 1416159 59.898548 10.758737 8543 1020
1291894158 1417188 59.898484 10.758717 12312 1029
1291894159 1418499 59.898424 10.758714 6840 1311
1291894161 1419553 59.898357 10.758691 9576 1054
1291894162 1420578 59.898357 10.758691 6840 1025
1291894163 1421708 59.89829 10.758706 13680 1130
1291894164 1422729 59.898172 10.758757 14717 1021
1291894165 1423748 59.898172 10.758757 35568 1019
1291894166 1424814 59.898063 10.758846 27164 1066
1291894167 1425888 59.898012 10.758921 21888 1074
1291894168 1427008 59.898012 10.758921 13680 1120
1291894169 1428068 59.897966 10.758978 12312 1060
1291894170 1429148 59.897933 10.759038 10944 1080
1291894171 1430408 59.897903 10.759101 8208 1260
1291894173 1431578 59.897882 10.759165 5735 1170
1291894175 1433668 59.897864 10.759232 23256 2090
1291894176 1434698 59.897839 10.759295 34200 1030
1291894177 1435719 59.897813 10.759359 19825 1021
1291894178 1436728 59.897794 10.759443 34200 1009
1291894179 1438088 59.897767 10.759524 19152 1360
1291894180 1439109 59.897767 10.759524 9406 1021
1291894182 1440728 59.897719 10.759708 1126 1619
1291894183 1442198 59.897699 10.759792 5472 1470
1291894184 1443228 59.897699 10.759792 35568 1030
1291894186 1444878 59.897666 10.759852 17784 1650
1291894187 1445899 59.897597 10.759993 21605 1021
1291894188 1446908 59.897597 10.759993 35568 1008
1291894189 1447948 59.897552 10.76005 15048 1040
1291894190 1449008 59.897494 10.760104 5472 1060
1291894191 1450018 59.897438 10.76014 56399 1010
1291894192 1451318 59.897311 10.760244 62798 1300
1291894193 1452348 59.897239 10.76029 39672 1030
1291894195 1454058 59.897169 10.760341 31883 1710
1291894196 1455129 59.897104 10.760391 19152 1071
1291894199 1458278 59.897027 10.760438 9576 3149
1291894200 1459528 59.89695 10.760484 31018 1250
1291894201 1460538 59.896795 10.760578 53101 1010
1291894203 1461578 59.896795 10.760578 41040 1040
1291894204 1462608 59.89671 10.760622 42408 1030
1291894205 1463618 59.896556 10.760715 22149 1010
1291894206 1464638 59.896556 10.760715 20520 1020
1291894207 1465668 59.896479 10.760762 10944 1030
1291894208 1466718 59.8964 10.760827 15048 1050
1291894209 1467988 59.896323 10.760874 22343 1270
1291894210 1469028 59.896253 10.760924 27360 1040
1291894211 1470078 59.896175 10.760988 32832 1050
1291894212 1471088 59.896097 10.761035 36257 1010
1291894213 1472098 59.895943 10.761129 57083 1010
1291894214 1473418 59.895857 10.76119 60373 1320
1291894215 1474438 59.89569 10.76128 69203 1019
1291894216 1475448 59.895607 10.761306 77707 1010
1291894217 1476458 59.895414 10.761369 74261 1010
1291894218 1477468 59.895319 10.761392 65414 1010
1291894219 1478469 59.895114 10.761451 67646 1001
1291894221 1479818 59.895013 10.761491 13173 1349
1291894222 1481188 59.8948 10.761547 54556 1370
1291894224 1482588 59.894696 10.761584 58414 1399
1291894225 1483858 59.894479 10.76164 66598 1270
1291894226 1484918 59.894264 10.761732 139465 1060
1291894227 1485948 59.894056 10.761826 143490 1030
1291894228 1486978 59.893746 10.762031 161359 1030
1291894229 1487988 59.893545 10.762199 175769 1010
1291894230 1488997 59.893361 10.762409 154408 1009
1291894231 1489998 59.893172 10.762619 130038 1001
1291894232 1491008 59.892997 10.762867 143868 1010
1291894233 1492018 59.892902 10.762981 139362 1010
1291894234 1493068 59.892902 10.762981 125656 1050
1291894235 1494118 59.892733 10.76325 134380 1050
1291894236 1495128 59.89265 10.763367 142020 1009
1291894237 1496138 59.89265 10.763367 119441 1010
1291894238 1497148 59.892478 10.763619 141263 1010
1291894239 1498327 59.892393 10.763753 156523 1179
1291894240 1499328 59.892316 10.763891 181253 1001
1291894241 1500337 59.892233 10.764008 135296 1009
1291894242 1501418 59.892149 10.764143 186378 1081
1291894243 1502459 59.892071 10.764298 175021 1041
1291894244 1503467 59.891998 10.764436 176794 1008
1291894246 1504548 59.891928 10.764595 152744 1081
1291894247 1505550 59.891862 10.764754 162688 1002
1291894248 1506557 59.891728 10.765089 174135 1007
1291894249 1507567 59.891728 10.765089 201444 1010
1291894250 1508588 59.891582 10.765421 141310 1021
1291894251 1509778 59.891516 10.76558 223862 1189
1291894252 1510788 59.891516 10.76558 190310 1010
1291894253 1511938 59.891378 10.765915 156178 1150
1291894254 1512948 59.891299 10.76607 174796 1010
1291894255 1514167 59.891232 10.766247 178993 1219
1291894256 1515168 59.891164 10.766423 154393 1001
1291894257 1516177 59.891086 10.766578 152321 1009
1291894258 1517178 59.891012 10.766734 141814 1001
1291894259 1518187 59.890926 10.766886 162369 1009
1291894260 1519188 59.890843 10.767041 151760 1001
1291894261 1520197 59.890843 10.767041 139379 1009
1291894262 1521208 59.890661 10.767325 147780 1011
1291894263 1522209 59.890569 10.767456 132753 1001
1291894264 1523217 59.890569 10.767456 127330 1008
1291894265 1524218 59.890368 10.767715 130718 1001
1291894266 1525228 59.89027 10.767864 157491 1010
1291894267 1526307 59.890166 10.767992 142637 1079
1291894268 1527308 59.890069 10.768123 183694 1001
1291894269 1528427 59.889972 10.768254 145198 1119
1291894271 1529757 59.88977 10.768531 180346 1330
1291894272 1530758 59.889674 10.768662 143098 1001
1291894273 1531837 59.889674 10.768662 126067 1079
1291894274 1532908 59.889471 10.768939 151071 1070
1291894275 1533928 59.889375 10.76907 183968 1020
1291894276 1534937 59.889375 10.76907 170783 1009
1291894277 1536178 59.889195 10.769318 193442 1241
1291894278 1537387 59.889108 10.769435 181686 1209
1291894279 1538397 59.889025 10.769552 170480 1010
1291894280 1539489 59.888949 10.769672 88932 1092
1291894281 1540497 59.88888 10.769775 155744 1008
1291894282 1541527 59.888807 10.769861 149851 1030
1291894284 1542747 59.888687 10.770038 196485 1220
1291894285 1543757 59.888687 10.770038 183605 1010
1291894286 1544758 59.888575 10.770201 83870 1001
1291894287 1545767 59.888528 10.770275 168526 1009
1291894288 1546847 59.888528 10.770275 129093 1080
1291894289 1547947 59.888427 10.770406 198108 1100
1291894290 1548948 59.888382 10.770463 148592 1001
1291894291 1549957 59.888382 10.770463 177979 1009
1291894292 1550968 59.888281 10.770594 176925 1011
1291894293 1552188 59.888231 10.770651 151079 1220
1291894294 1553317 59.88818 10.770726 142052 1129
1291894295 1554328 59.88813 10.770782 128847 1011
1291894296 1555468 59.888071 10.770853 135178 1140
1291894298 1556587 59.88802 10.770928 144830 1119
1291894299 1557646 59.887905 10.771073 127399 1059
1291894300 1558777 59.887905 10.771073 155752 1130
1291894301 1559778 59.887847 10.771127 133892 1001
1291894302 1560788 59.887733 10.771272 151963 1010
1291894303 1561796 59.887733 10.771272 167833 1008
1291894304 1562807 59.887614 10.771432 124076 1011
1291894305 1563828 59.88755 10.771503 160130 1021
1291894306 1564837 59.88755 10.771503 181417 1009
1291894307 1565847 59.887485 10.771591 152661 1010
1291894308 1566928 59.887348 10.771765 188951 1081
1291894309 1568067 59.887348 10.771765 215109 1139
1291894310 1569167 59.887203 10.771936 183750 1100
1291894311 1570177 59.887134 10.772024 167856 1010
1291894312 1571187 59.887134 10.772024 143512 1010
1291894313 1572387 59.886983 10.772212 135538 1200
1291894314 1573388 59.886909 10.772315 162309 1001
1291894315 1574396 59.886832 10.7724 140488 1008
1291894316 1575406 59.886753 10.772503 130556 1010
1291894317 1576407 59.886679 10.772606 98565 1001
1291894318 1577408 59.886613 10.772712 126675 1001
1291894319 1578416 59.886547 10.772818 139416 1008
1291894320 1579428 59.886488 10.772928 43029 1012
1291894321 1580436 59.886434 10.773037 128811 1008
1291894323 1581636 59.886324 10.773221 114838 1200
1291894324 1582668 59.886324 10.773221 112809 1032
1291894325 1583676 59.886279 10.773316 92103 1008
1291894326 1584677 59.886193 10.773507 109837 1001
1291894327 1585696 59.886193 10.773507 95008 1019
1291894328 1586736 59.88616 10.773605 49842 1040
1291894329 1587776 59.886087 10.773799 54372 1040
1291894330 1589136 59.886087 10.773799 47676 1360
1291894331 1590156 59.88604 10.773912 43776 1020
1291894332 1591157 59.885962 10.774158 47225 1001
1291894333 1592166 59.885962 10.774158 45255 1009
1291894334 1593176 59.885884 10.774443 67653 1010
1291894335 1594186 59.885839 10.774591 45337 1010
1291894336 1595217 59.885802 10.774742 34283 1031
1291894337 1596487 59.885763 10.774911 42408 1269
1291894338 1597496 59.885726 10.775062 41421 1009
1291894340 1598677 59.885687 10.775231 83938 1181
1291894341 1599696 59.885634 10.775575 157002 1018
1291894342 1600697 59.885634 10.775575 110275 1001
1291894343 1601926 59.885615 10.775751 67903 1229
1291894344 1602956 59.885612 10.776129 64144 1030
1291894345 1603976 59.885612 10.776129 102353 1020
1291894346 1605297 59.885618 10.776493 137433 1321
1291894347 1606386 59.88562 10.776658 141538 1089
1291894348 1607396 59.88563 10.776826 126122 1010
1291894350 1608636 59.885616 10.777183 114753 1240
1291894351 1609646 59.885616 10.777183 87879 1010
1291894352 1610656 59.885597 10.777359 92687 1010
1291894353 1611666 59.885539 10.777703 102357 1010
1291894354 1612686 59.885539 10.777703 72387 1020
1291894355 1613687 59.885493 10.777869 122188 1001
1291894356 1614715 59.88537 10.778172 77857 1028
1291894357 1615796 59.88537 10.778172 69678 1081
1291894358 1616806 59.885299 10.778331 65994 1010
1291894359 1617816 59.885222 10.778468 67032 1010
1291894360 1618836 59.88515 10.778606 41448 1020
1291894361 1619856 59.885081 10.778747 63551 1020
1291894362 1620896 59.884925 10.779041 44278 1040
1291894363 1621915 59.884925 10.779041 36936 1019
1291894364 1622926 59.884785 10.779302 54976 1011
1291894365 1623946 59.884721 10.779443 47880 1020
1291894366 1624955 59.884721 10.779443 46512 1009
1291894367 1625956 59.884576 10.779705 45237 1001
1291894368 1626966 59.884499 10.779843 58824 1010
1291894369 1627986 59.884499 10.779843 42486 1020
1291894370 1629086 59.884353 10.780122 40752 1100
1291894371 1630106 59.884282 10.780281 50616 1020
1291894372 1631126 59.884282 10.780281 67658 1020
1291894373 1632206 59.884136 10.78056 46308 1080
1291894374 1633246 59.884055 10.780697 53352 1040
1291894375 1634305 59.884055 10.780697 17784 1059
1291894376 1635395 59.883978 10.780835 9576 1090
1291894377 1636445 59.883809 10.78109 7694 1050
1291894378 1637465 59.883809 10.78109 20520 1020
1291894379 1638485 59.883729 10.78121 38304 1020
1291894381 1639675 59.883566 10.781448 22340 1190
1291894382 1640735 59.883566 10.781448 12312 1060
1291894383 1641936 59.883479 10.781565 19152 1201
1291894384 1642946 59.883313 10.781784 53175 1010
1291894385 1644096 59.883231 10.781884 73419 1150
1291894386 1645107 59.883088 10.782075 141935 1011
1291894387 1646116 59.883088 10.782075 122937 1008
1291894388 1647356 59.882942 10.782263 167983 1240
1291894389 1648466 59.882883 10.782334 150051 1110
1291894391 1649627 59.882827 10.782408 154928 1161
1291894392 1650716 59.882718 10.782536 136562 1089
1291894393 1651726 59.882718 10.782536 124685 1010
1291894394 1652836 59.882635 10.782653 137141 1110
1291894395 1653936 59.882599 10.782696 137817 1100
1291894396 1655016 59.882599 10.782696 146429 1080
1291894397 1656036 59.88254 10.782767 135618 1020
1291894398 1657096 59.88252 10.782798 134873 1060
1291894399 1658105 59.88252 10.782798 137783 1009
1291894400 1659176 59.882471 10.782855 161402 1071
1291894401 1660186 59.882448 10.782884 151449 1010
1291894402 1661187 59.882433 10.782915 140294 1001
1291894403 1662195 59.882415 10.78293 180349 1008
1291894404 1663196 59.8824 10.782961 141970 1001
1291894405 1664275 59.882386 10.782976 143308 1079
1291894406 1665281 59.882377 10.78299 137330 1006
1291894407 1666285 59.882371 10.783007 139934 1004
1291894408 1667435 59.88235 10.783018 182526 1150
1291894410 1668835 59.882308 10.783078 197604 1400
1291894411 1669836 59.882308 10.783078 125439 1001
1291894412 1670935 59.882256 10.783153 129770 1099
1291894413 1672046 59.882228 10.783199 167844 1111
1291894414 1673186 59.882214 10.783213 165676 1140
1291894415 1674386 59.882201 10.783227 160221 1200
1291894417 1675565 59.882201 10.783227 153935 1179
1291894418 1676736 59.882199 10.783245 156633 1170
1291894419 1677816 59.882199 10.783245 146024 1079
1291894420 1679035 59.882199 10.783245 169576 1219
1291894421 1680185 59.882199 10.783245 154483 1150
1291894422 1681395 59.882199 10.783245 164448 1210
1291894423 1682396 59.882207 10.783248 170312 1001
1291894424 1683405 59.882207 10.783248 161826 1009
1291894425 1684406 59.882208 10.78323 174080 1001
1291894426 1685426 59.882208 10.78323 170897 1020
1291894428 1686815 59.882208 10.78323 220170 1389
1291894429 1688005 59.882208 10.78323 165709 1190
1291894430 1689016 59.882208 10.78323 171231 1011
1291894431 1690185 59.88221 10.783213 147769 1169
1291894432 1691187 59.88221 10.783213 174109 1002
1291894433 1692188 59.882202 10.783209 183773 1001
1291894434 1693205 59.882202 10.783209 127287 1017
1291894435 1694355 59.882198 10.783209 134445 1150
1291894436 1695365 59.882198 10.783209 128069 1010
1291894437 1696375 59.882196 10.783227 119056 1010
1291894438 1697395 59.882196 10.783227 126821 1020
1291894439 1698405 59.882183 10.783241 103155 1010
1291894440 1699415 59.882183 10.783241 125996 1010
1291894441 1700426 59.882183 10.783241 97009 1011
1291894442 1701435 59.882169 10.783255 90947 1009
1291894443 1702455 59.882161 10.783252 97144 1020
1291894444 1703475 59.88216 10.78327 107250 1020
1291894445 1704505 59.882148 10.783266 98550 1030
1291894446 1705506 59.882148 10.783266 112217 1001
1291894448 1706546 59.882148 10.783266 108777 1040
1291894449 1707555 59.882133 10.783298 119554 1009
1291894450 1708755 59.882133 10.783298 104730 1200
1291894451 1709756 59.882089 10.783337 119691 1001
1291894452 1710765 59.882053 10.78338 113851 1009
1291894453 1711775 59.882053 10.78338 100659 1010
1291894454 1712805 59.88198 10.783465 105542 1030
1291894455 1713814 59.88193 10.783522 113816 1009
1291894456 1714875 59.88193 10.783522 109179 1061
1291894457 1715905 59.88185 10.783604 117403 1030
1291894458 1716915 59.881802 10.783643 60238 1010
1291894459 1717925 59.881802 10.783643 124048 1010
1291894460 1718935 59.881711 10.783704 159554 1010
1291894461 1719936 59.881667 10.783743 133173 1001
1291894462 1721295 59.88161 10.783797 141080 1359
1291894463 1722305 59.881561 10.783836 117778 1010
1291894464 1723315 59.881498 10.783869 130224 1010
1291894465 1724322 59.881436 10.783922 125079 1007
1291894466 1725525 59.881324 10.783994 136938 1202
1291894468 1726585 59.881324 10.783994 133655 1060
1291894469 1727596 59.881265 10.784012 141029 1011
1291894470 1728815 59.881142 10.784063 165088 1219
1291894471 1729826 59.881142 10.784063 147702 1011
1291894472 1730827 59.881031 10.784117 158431 1001
1291894473 1731995 59.880977 10.784136 150676 1168
1291894474 1732996 59.880977 10.784136 154899 1001
1291894475 1734094 59.880874 10.784193 129064 1098
1291894476 1735155 59.880815 10.784212 173681 1061
1291894477 1736165 59.880815 10.784212 143669 1010
1291894478 1737175 59.880704 10.784266 121834 1010
1291894479 1738184 59.880636 10.784299 149980 1009
1291894480 1739186 59.880573 10.784331 110652 1002
1291894481 1740345 59.8805 10.784364 148843 1159
1291894482 1741354 59.880424 10.784393 81961 1009
1291894483 1742495 59.880343 10.78444 148939 1140
1291894484 1743505 59.880258 10.784483 145943 1010
1291894486 1744654 59.880168 10.784527 94904 1149
1291894487 1745665 59.880059 10.784563 115852 1011
1291894488 1746775 59.879838 10.784672 125094 1110
1291894489 1747784 59.879838 10.784672 144761 1008
1291894490 1748785 59.879715 10.784723 92828 1001
1291894491 1749844 59.879431 10.78485 91520 1059
1291894492 1750965 59.879431 10.78485 130231 1121
1291894493 1751974 59.879125 10.784988 132907 1009
1291894494 1753014 59.878967 10.785064 109072 1040
1291894495 1754024 59.878967 10.785064 115459 1010
1291894496 1755025 59.878631 10.785227 97098 1001
1291894497 1756044 59.878462 10.785299 68666 1019
1291894498 1757054 59.878462 10.785299 29176 1010
1291894499 1758265 59.87813 10.785462 74913 1211
1291894500 1759281 59.877965 10.785535 110808 1016
1291894501 1760294 59.877965 10.785535 92027 1011
1291894502 1761296 59.877629 10.785698 92614 1001
1291894503 1762304 59.877464 10.78577 69820 1008
1291894504 1763305 59.877464 10.78577 75379 1001
1291894505 1764323 59.877141 10.785919 78385 1018
1291894506 1765324 59.876984 10.785995 77876 1001
1291894507 1766334 59.876984 10.785995 64345 1010
1291894508 1767344 59.876661 10.786144 48439 1010
1291894509 1768413 59.876513 10.786205 32411 1069
1291894510 1769434 59.876513 10.786205 43776 1021
1291894511 1770435 59.876219 10.786347 27695 1001
1291894512 1771443 59.876088 10.786394 56905 1008
1291894513 1772454 59.875957 10.786459 78978 1011
1291894514 1773474 59.875839 10.78651 79229 1020
1291894515 1774483 59.875723 10.786565 55213 1009
1291894516 1775484 59.875627 10.786605 39915 1001
1291894517 1776494 59.875537 10.786648 63422 1010
1291894519 1777684 59.875452 10.786691 64198 1190
1291894520 1778694 59.875452 10.786691 60192 1010
1291894521 1779713 59.875321 10.786757 26216 1019
1291894522 1780723 59.875272 10.786796 35568 1010
1291894523 1781744 59.875221 10.786832 24160 1021
1291894524 1782763 59.875175 10.786836 32832 1019
1291894525 1783764 59.875145 10.786861 52750 1001
1291894526 1784814 59.875145 10.786861 24624 1050
1291894527 1785834 59.87511 10.786886 25404 1020
1291894528 1786853 59.87511 10.786886 31464 1018
1291894529 1788034 59.87511 10.786886 33782 1181
1291894530 1789065 59.87511 10.786886 20278 1031
1291894531 1790124 59.87511 10.786886 32832 1059
1291894532 1791145 59.87511 10.786886 28728 1021
1291894533 1792185 59.875115 10.786886 18259 1040
1291894534 1793243 59.875107 10.786883 28728 1058
1291894535 1794253 59.875107 10.786883 28728 1010
1291894536 1795281 59.875107 10.786883 22152 1028
1291894537 1796324 59.875108 10.786865 31464 1042
1291894539 1797643 59.875101 10.786862 21233 1319
1291894540 1798663 59.875101 10.786862 42408 1019
1291894541 1799733 59.875101 10.786862 36312 1070
1291894542 1800735 59.875101 10.786862 39672 1002
1291894543 1801783 59.875093 10.786858 39672 1048
1291894544 1802793 59.875072 10.786869 22532 1010
1291894545 1803803 59.875051 10.78688 50616 1010
1291894546 1804883 59.874961 10.786924 29893 1080
1291894547 1805943 59.874961 10.786924 31464 1060
1291894548 1807043 59.874905 10.786959 19152 1099
1291894549 1808053 59.874771 10.78706 11666 1010
1291894550 1809064 59.874771 10.78706 30096 1011
1291894551 1810073 59.874604 10.787188 26568 1009
1291894552 1811133 59.874505 10.787263 31464 1060
1291894553 1812334 59.874408 10.787342 32043 1201
1291894554 1813363 59.874299 10.787431 24624 1029
1291894555 1814373 59.874193 10.787524 31464 1010
1291894556 1815393 59.874089 10.787599 30406 1020
1291894557 1816433 59.873983 10.787692 34200 1040
1291894558 1817503 59.873877 10.787784 27360 1070
1291894559 1818523 59.873771 10.787877 2013 1020
1291894561 1819573 59.87367 10.78797 9576 1050
1291894562 1820583 59.873564 10.788063 17784 1010
1291894563 1821613 59.873564 10.788063 24624 1030
1291894564 1822643 59.873466 10.788159 19152 1030
1291894565 1823703 59.873366 10.788234 21888 1060
1291894566 1824743 59.873272 10.78833 13899 1040
1291894567 1825813 59.873172 10.788405 10944 1070
1291894568 1826823 59.873076 10.788483 8208 1010
1291894569 1827833 59.872983 10.788562 44911 1010
1291894570 1828853 59.872778 10.78873 62317 1020
1291894571 1829863 59.872672 10.788822 62175 1010
1291894572 1830864 59.872474 10.788994 71014 1001
1291894573 1831873 59.872372 10.789086 56789 1009
1291894574 1833183 59.872176 10.78924 39613 1310
1291894575 1834213 59.872074 10.789333 64296 1030
1291894576 1835214 59.872074 10.789333 49865 1001
1291894577 1836224 59.871878 10.789486 55869 1010
1291894578 1837233 59.871779 10.789582 95340 1009
1291894579 1838243 59.871779 10.789582 102878 1010
1291894580 1839433 59.871595 10.789739 81617 1190
1291894581 1840493 59.87151 10.789821 73526 1060
1291894583 1841732 59.871427 10.789885 72588 1239
1291894584 1842743 59.871349 10.78995 67032 1010
1291894585 1843753 59.871285 10.79002 55958 1010
1291894586 1844953 59.871229 10.790056 37436 1200
1291894587 1846133 59.871144 10.790138 51922 1180
1291894588 1847153 59.871144 10.790138 46512 1020
1291894589 1848184 59.871051 10.790182 31474 1031
1291894590 1849193 59.871031 10.790175 41040 1009
1291894591 1850212 59.871031 10.790175 49725 1019
1291894592 1851373 59.87101 10.790186 62878 1161
1291894593 1852382 59.87101 10.790186 54720 1009
1291894594 1853403 59.87101 10.790186 34742 1021
1291894595 1854533 59.871003 10.790165 46743 1130
1291894597 1855563 59.871008 10.790165 56088 1030
1291894598 1856573 59.871008 10.790165 37012 1010
1291894599 1857633 59.871 10.790162 44682 1060
1291894600 1858643 59.871 10.790162 61560 1010
1291894601 1859822 59.871 10.790162 53343 1179
1291894602 1860832 59.870994 10.790141 43882 1009
1291894603 1861853 59.870994 10.790141 52755 1021
1291894604 1862864 59.870994 10.790141 56185 1011
1291894605 1864412 59.870994 10.790141 24624 1548
1291894607 1865583 59.870994 10.790141 51330 1171
1291894608 1866588 59.870985 10.790155 42408 1005
1291894609 1867593 59.87095 10.79018 21236 1005
1291894610 1868624 59.87095 10.79018 23256 1031
1291894611 1869662 59.870879 10.790248 32260 1038
1291894612 1870723 59.870835 10.790287 25992 1061
1291894613 1871732 59.870835 10.790287 27360 1009
1291894614 1872772 59.870724 10.790397 31786 1040
1291894615 1873933 59.870653 10.790465 50900 1161
1291894616 1875082 59.870497 10.790614 63244 1149
1291894617 1876123 59.870414 10.790678 41040 1041
1291894618 1877243 59.870414 10.790678 13680 1119
1291894619 1878272 59.87022 10.790835 29741 1029
1291894620 1879284 59.870108 10.790907 43776 1012
1291894621 1880304 59.870108 10.790907 44633 1020
1291894622 1881313 59.869881 10.791033 50010 1009
1291894623 1882523 59.869768 10.79107 63046 1210
1291894624 1883533 59.869768 10.79107 75902 1010
1291894626 1884572 59.869534 10.791175 16174 1039
1291894627 1885613 59.869419 10.791229 42408 1041
1291894628 1887042 59.869316 10.791287 24605 1429
1291894629 1888052 59.869201 10.791341 43776 1010
1291894630 1889073 59.869091 10.791395 43035 1021
1291894631 1890102 59.868886 10.791493 93306 1029
1291894632 1891122 59.868792 10.791536 84450 1020
1291894633 1892152 59.868695 10.791576 58741 1030
1291894634 1893214 59.8686 10.791637 62551 1062
1291894635 1894222 59.868511 10.791681 70904 1008
1291894636 1895232 59.868414 10.791721 43228 1010
1291894637 1896252 59.86832 10.791764 52236 1020
1291894638 1897262 59.868222 10.791822 63721 1010
1291894639 1898272 59.868132 10.791865 52434 1010
1291894641 1899572 59.868043 10.791909 34200 1300
1291894642 1900592 59.867958 10.791952 40267 1020
1291894643 1901632 59.867876 10.791999 28356 1040
1291894644 1902662 59.867801 10.792028 42408 1030
1291894645 1903672 59.86772 10.792057 22163 1010
1291894646 1904682 59.86772 10.792057 23256 1010
1291894647 1905792 59.867644 10.792086 15048 1110
1291894648 1906802 59.867525 10.792155 20551 1010
1291894649 1907862 59.867525 10.792155 32832 1060
1291894650 1909122 59.867439 10.792216 29482 1260
1291894651 1910402 59.86741 10.792223 15048 1280
1291894653 1911622 59.867396 10.792237 51654 1220
1291894654 1912872 59.867393 10.792234 63776 1250
1291894655 1914222 59.867393 10.792234 67643 1350
1291894656 1915452 59.867393 10.792234 68132 1230
1291894657 1916462 59.867393 10.792234 65664 1009
1291894658 1917472 59.867398 10.792234 58305 1010
1291894659 1918482 59.867398 10.792234 55571 1010
1291894660 1919483 59.867398 10.792234 61791 1001
1291894662 1920672 59.867398 10.792234 73118 1189
1291894663 1921712 59.867398 10.792234 71289 1039
1291894664 1922732 59.867398 10.792234 72460 1020
1291894665 1923752 59.867398 10.792234 73919 1020
1291894666 1924791 59.867398 10.792234 62928 1039
1291894667 1925812 59.867402 10.792234 30229 1021
1291894670 1928561 59.867398 10.792234 1368 2749
1291894671 1929562 59.867388 10.792248 47342 1001
1291894672 1930671 59.867367 10.792259 16416 1109
1291894673 1931702 59.867334 10.792267 10944 1031
1291894674 1932752 59.867299 10.792292 19152 1050
1291894675 1933792 59.867299 10.792292 9576 1040
1291894676 1934822 59.867198 10.792332 41512 1030
1291894677 1936332 59.867142 10.792368 38447 1510
1291894678 1937342 59.867078 10.7924 56088 1010
1291894680 1938952 59.866942 10.792465 70254 1610
1291894681 1939962 59.866874 10.792498 46512 1010
1291894684 1943221 59.86681 10.79253 15048 3259
1291894685 1944432 59.866742 10.792563 8200 1211
1291894687 1945882 59.866686 10.792599 12312 1450
1291894688 1946892 59.866622 10.792631 5472 1010
1291894689 1947903 59.866562 10.792667 13680 1011
1291894690 1949031 59.866498 10.7927 29666 1128
1291894691 1950291 59.866385 10.792789 75992 1260
1291894693 1951554 59.866329 10.792825 61887 1263
1291894694 1952571 59.866213 10.792879 68498 1017
1291894695 1953591 59.866162 10.792915 67922 1020
1291894696 1954602 59.86605 10.792987 63589 1011
1291894697 1955611 59.865986 10.793019 87755 1009
1291894698 1956822 59.865864 10.793123 102618 1211
1291894699 1957851 59.865693 10.793213 109743 1029
1291894700 1958861 59.865608 10.793256 54604 1010
1291894701 1960092 59.865426 10.793378 6612 1231
1291894702 1961331 59.865251 10.793521 120303 1239
1291894703 1962431 59.865168 10.793585 103990 1100
1291894704 1963432 59.86508 10.793664 110771 1001
1291894705 1964450 59.86508 10.793664 150416 1017
1291894706 1965462 59.864914 10.793845 110339 1012
1291894707 1966471 59.864835 10.793948 115862 1009
1291894708 1967472 59.86476 10.794068 131724 1001
1291894709 1968502 59.864692 10.794191 77113 1030
1291894710 1969511 59.864623 10.794332 155712 1008
1291894711 1970532 59.864554 10.794473 133446 1021
1291894721 1980074 59.864427 10.794759 143721 9542
1291894722 1981084 59.864357 10.794918 138292 1009
1291894723 1982274 59.864164 10.7954 155055 1190
1291894724 1983284 59.864046 10.795727 162264 1010
1291894725 1984295 59.863863 10.796196 167284 1011
1291894726 1985304 59.863732 10.796481 175176 1009
1291894727 1986494 59.863512 10.796862 159987 1190
1291894728 1987504 59.863433 10.796965 178367 1010
1291894730 1988654 59.863261 10.797164 146941 1150
1291894731 1989656 59.863176 10.797246 183385 1002
1291894732 1990873 59.863176 10.797246 181789 1217
1291894733 1991894 59.863006 10.797427 179940 1020
1291894734 1992896 59.862921 10.797508 171383 1002
1291894735 1994113 59.862829 10.797587 183743 1217
1291894736 1995224 59.862738 10.797648 190185 1111
1291894737 1996234 59.862652 10.797747 203071 1010
1291894738 1997324 59.862567 10.797829 125291 1090
1291894739 1998325 59.862484 10.797893 160778 1001
1291894740 1999334 59.862413 10.797961 139673 1009
1291894742 2000553 59.862334 10.798025 132060 1219
1291894743 2001556 59.862215 10.798132 127568 1002
1291894744 2002563 59.862215 10.798132 102204 1007
1291894745 2003614 59.862167 10.798171 117157 1051
1291894746 2004743 59.862062 10.798246 136930 1129
1291894747 2005753 59.862062 10.798246 141667 1010
1291894748 2006903 59.862011 10.798282 101855 1150
1291894749 2007923 59.861917 10.798325 115814 1020
1291894750 2009073 59.86187 10.798347 82262 1150
1291894751 2010083 59.861835 10.798372 100971 1010
1291894752 2011093 59.861788 10.798394 102981 1010
1291894753 2012144 59.861753 10.798419 79816 1051
1291894754 2013175 59.861732 10.79843 114594 1031
1291894755 2014179 59.861699 10.798437 89887 1004
1291894756 2015204 59.861685 10.798451 109561 1025
1291894757 2016303 59.861672 10.798465 116648 1099
1291894758 2017304 59.861664 10.798462 125401 1001
1291894759 2018316 59.861664 10.798462 125392 1012
1291894760 2019413 59.861664 10.798462 107875 1097
1291894761 2020423 59.861664 10.798462 130695 1010
1291894763 2021633 59.861672 10.798465 123969 1210
1291894764 2022643 59.861672 10.798465 133986 1010
1291894765 2023734 59.861672 10.798465 91554 1091
1291894766 2024743 59.861672 10.798465 114637 1009
1291894767 2025755 59.861672 10.798465 89365 1012
1291894768 2026763 59.861672 10.798465 50511 1008
1291894769 2027773 59.861672 10.798465 106163 1010
1291894770 2028784 59.861682 10.798486 88429 1011
1291894771 2029793 59.861682 10.798486 85615 1009
1291894772 2030794 59.861682 10.798486 102599 1001
1291894773 2031833 59.86169 10.79849 109660 1039
1291894774 2032993 59.86169 10.79849 139999 1160
1291894775 2034123 59.86169 10.79849 136603 1130
1291894776 2035183 59.86169 10.79849 115871 1060
1291894777 2036373 59.86169 10.79849 131822 1190
1291894779 2037593 59.86169 10.79849 128692 1220
1291894780 2039073 59.86169 10.79849 113006 1480
1291894781 2040083 59.86169 10.79849 84760 1010
1291894782 2041193 59.86169 10.79849 107977 1110
1291894783 2042203 59.86169 10.79849 108554 1009
1291894784 2043212 59.861679 10.798469 126564 1009
1291894785 2044433 59.861679 10.798469 116219 1221
1291894787 2045653 59.861679 10.798469 131296 1220
1291894788 2046873 59.861673 10.798448 127451 1220
1291894789 2048313 59.861673 10.798448 137032 1440
1291894790 2049322 59.861665 10.798445 113489 1008
1291894791 2050482 59.861653 10.798441 103889 1160
1291894793 2051633 59.861602 10.798477 131327 1151
1291894794 2052834 59.861568 10.798485 125147 1201
1291894795 2053843 59.861568 10.798485 129252 1009
1291894796 2054853 59.86152 10.798524 77778 1010
1291894797 2055863 59.861402 10.798575 135801 1010
1291894798 2056883 59.861402 10.798575 108179 1020
1291894799 2058013 59.861264 10.798657 145827 1130
1291894800 2059183 59.861198 10.798672 146499 1170
1291894801 2060232 59.861129 10.798705 141381 1049
1291894802 2061233 59.861066 10.798737 147498 1001
1291894803 2062253 59.860998 10.79877 139587 1020
1291894804 2063273 59.860937 10.798806 160354 1020
1291894805 2064274 59.860869 10.798838 144654 1001
1291894806 2065293 59.860805 10.798871 100459 1019
1291894807 2066315 59.860737 10.798903 170773 1022
1291894808 2067394 59.860669 10.798936 182189 1078
1291894809 2068403 59.860593 10.798965 205273 1009
1291894810 2069413 59.860593 10.798965 140933 1010
1291894811 2070414 59.860445 10.799027 146677 1001
1291894812 2071442 59.860369 10.799056 170197 1028
1291894814 2072632 59.860275 10.799099 155841 1189
1291894815 2073634 59.860059 10.799194 141209 1001
1291894816 2074643 59.860059 10.799194 118180 1009
1291894817 2075653 59.8598 10.799309 136759 1010
1291894818 2076782 59.859663 10.799375 166012 1129
1291894819 2077932 59.859663 10.799375 158286 1150
1291894820 2078993 59.859376 10.799498 139155 1061
1291894821 2080093 59.859232 10.79956 130955 1100
1291894822 2081312 59.859089 10.799604 163743 1219
1291894823 2082323 59.858941 10.799666 149485 1011
1291894824 2083332 59.858797 10.799727 140624 1009
1291894825 2084342 59.858653 10.799789 128385 1010
1291894826 2085462 59.858517 10.799854 89930 1120
1291894827 2086463 59.858385 10.799919 118579 1001
1291894829 2087602 59.858238 10.799963 119525 1138
1291894830 2088613 59.857973 10.800097 118016 1011
1291894831 2089614 59.857973 10.800097 133985 1001
1291894832 2090843 59.857685 10.800167 124149 1229
1291894833 2092052 59.857541 10.800177 147969 1208
1291894834 2093112 59.857402 10.800186 124945 1060
1291894835 2094122 59.857259 10.800177 153079 1010
1291894836 2095253 59.857113 10.800166 131377 1131
1291894837 2096342 59.856972 10.80014 125713 1089
1291894838 2097412 59.856836 10.800114 78404 1070
1291894839 2098492 59.856693 10.800067 46512 1080
1291894840 2099532 59.856693 10.800067 41644 1040
1291894841 2100539 59.856415 10.799977 98916 1007
1291894843 2101542 59.856272 10.79993 117008 1003
1291894844 2102552 59.856129 10.799883 108649 1010
1291894845 2103642 59.855842 10.799845 134144 1090
1291894846 2104643 59.855842 10.799845 127040 1001
1291894847 2105662 59.855712 10.79984 117943 1019
1291894848 2106663 59.855439 10.799879 111272 1001
1291894849 2107672 59.855439 10.799879 64891 1009
1291894850 2108752 59.855177 10.799939 132523 1080
1291894851 2109972 59.855043 10.799969 122675 1220
1291894852 2110973 59.855043 10.799969 96373 1001
1291894853 2111982 59.854805 10.800036 72688 1009
1291894854 2113162 59.854692 10.800073 143396 1180
1291894855 2114262 59.854592 10.800095 135561 1100
1291894856 2115372 59.854495 10.800135 152934 1110
1291894857 2116374 59.854408 10.800143 123368 1002
1291894858 2117382 59.854328 10.800173 134856 1008
1291894859 2118403 59.854261 10.800188 138688 1021
1291894861 2119632 59.854195 10.800203 122484 1229
1291894862 2120642 59.854081 10.800201 133164 1010
1291894863 2121653 59.85402 10.800198 131678 1011
1291894864 2122654 59.85402 10.800198 125856 1001
1291894865 2123742 59.853923 10.800186 143240 1088
1291894866 2124792 59.85387 10.800187 144252 1050
1291894867 2126023 59.85387 10.800187 157453 1231
1291894868 2127112 59.853773 10.800174 160466 1089
1291894869 2128331 59.85372 10.800175 160147 1219
1291894870 2129333 59.85368 10.800161 123348 1002
1291894871 2130373 59.853647 10.800169 147502 1040
1291894873 2131555 59.853615 10.800159 187339 1182
1291894874 2132682 59.853562 10.80016 168449 1127
1291894875 2133683 59.853542 10.800153 142840 1001
1291894876 2134703 59.853542 10.800153 158600 1020
1291894877 2135832 59.853501 10.800157 128761 1129
1291894878 2136842 59.853481 10.80015 140379 1010
1291894879 2137853 59.853481 10.80015 155227 1011
1291894880 2139302 59.853462 10.800144 124713 1449
1291894881 2140315 59.853442 10.800137 173406 1013
1291894882 2141471 59.85344 10.800155 161582 1156
1291894883 2142473 59.85344 10.800155 163258 1002
1291894885 2143672 59.853434 10.800134 161714 1199
1291894886 2144673 59.853434 10.800134 173348 1001
1291894887 2145772 59.853434 10.800134 135314 1099
1291894888 2146773 59.853434 10.800134 174301 1001
1291894889 2147852 59.853439 10.800134 139186 1079
1291894890 2149053 59.853439 10.800134 168424 1201
1291894891 2150271 59.853431 10.80013 193126 1218
1291894892 2151432 59.853431 10.80013 116814 1161
1291894894 2152612 59.853436 10.80013 113383 1180
1291894895 2153613 59.853445 10.800116 218602 1001
1291894896 2154622 59.853449 10.800116 170042 1009
1291894897 2155623 59.853449 10.800116 163463 1001
1291894898 2156632 59.853449 10.800116 162578 1009
1291894899 2157633 59.853454 10.800116 167475 1001
1291894900 2158642 59.853454 10.800116 162804 1009
1291894901 2159652 59.853458 10.800116 186788 1010
1291894902 2160831 59.853458 10.800116 158532 1179
1291894903 2161832 59.853458 10.800116 160830 1001
1291894904 2163031 59.853458 10.800116 166049 1199
1291894905 2164032 59.853463 10.800116 188050 1001
1291894906 2165052 59.853463 10.800116 179542 1020
1291894907 2166231 59.853472 10.800102 154130 1179
1291894908 2167441 59.853476 10.800102 161905 1210
1291894909 2168442 59.853475 10.80012 144773 1001
1291894911 2169653 59.853479 10.80012 166883 1211
1291894912 2170662 59.853479 10.80012 165745 1009
1291894913 2171672 59.853481 10.800102 172782 1010
1291894914 2172673 59.853485 10.800102 174025 1001
1291894915 2173842 59.853485 10.800102 151769 1169
1291894916 2174843 59.853485 10.800102 171061 1001
1291894917 2175851 59.853485 10.800102 166720 1008
1291894918 2176972 59.853485 10.800102 147769 1121
1291894919 2177993 59.85349 10.800102 178012 1021
1291894920 2179002 59.85349 10.800102 129005 1009
1291894921 2180013 59.85349 10.800102 167923 1011
1291894922 2181021 59.85349 10.800102 157686 1008
1291894923 2182022 59.85349 10.800102 158644 1001
1291894924 2183031 59.85349 10.800102 155476 1009
1291894925 2184032 59.853473 10.800099 150265 1001
1291894926 2185041 59.853452 10.80011 150151 1009
1291894927 2186052 59.853452 10.80011 145295 1011
1291894928 2187061 59.853408 10.800135 142785 1009
1291894929 2188072 59.853386 10.800163 142694 1011
1291894930 2189081 59.853386 10.800163 170678 1009
1291894931 2190092 59.853345 10.800205 171174 1011
1291894932 2191301 59.853325 10.800237 220213 1209
1291894933 2192312 59.85331 10.800269 163831 1011
1291894940 2198929 59.853297 10.800283 16384 6617
1291894941 2200114 59.853295 10.800301 31950 1185
1291894942 2201183 59.853291 10.800301 20520 1069
1291894943 2202204 59.853283 10.800297 42408 1021
1291894944 2203224 59.853283 10.800297 48568 1020
1291894945 2204244 59.853279 10.800297 64023 1020
1291894946 2205281 59.853279 10.800297 111204 1037
1291894947 2206284 59.853266 10.800294 150271 1003
1291894948 2207285 59.853266 10.800294 151170 1001
1291894949 2208295 59.853254 10.800291 159647 1010
1291894950 2209396 59.853256 10.800273 138407 1101
1291894951 2209948 59.853256 10.800273 115083 552
