1291896625 3883938 59.911634 10.750348 125772 1001
1291896626 3884940 59.911633 10.750366 286201 1001
1291896627 3885958 59.911645 10.750369 187761 1018
1291896628 3887088 59.911716 10.750445 195062 1130
1291896629 3888259 59.91178 10.750518 171691 1170
1291896630 3889268 59.911806 10.750545 145148 1009
1291896631 3890347 59.911837 10.750573 128374 1079
1291896632 3891358 59.911855 10.750597 142148 1011
1291896633 3892488 59.911873 10.750621 169901 1130
1291896634 3893498 59.911893 10.750628 164093 1010
1291896635 3894508 59.911942 10.75068 175676 1010
1291896637 3895668 59.911942 10.75068 178281 1160
1291896638 3896669 59.911972 10.750707 188902 1001
1291896639 3897698 59.912028 10.750762 164261 1029
1291896640 3898748 59.912028 10.750762 185449 1050
1291896641 3899879 59.912074 10.750811 224700 1131
1291896642 3900888 59.912105 10.750838 192331 1009
1291896643 3901918 59.912105 10.750838 160758 1030
1291896644 3903038 59.912153 10.750943 208789 1119
1291896645 3904148 59.912175 10.750985 199974 1110
1291896646 3905217 59.912189 10.751061 164535 1069
1291896647 3906219 59.912183 10.751132 117305 1002
1291896648 3907228 59.912179 10.751223 112323 1009
1291896649 3908260 59.912172 10.751311 53949 1032
1291896650 3909277 59.91216 10.751398 19152 1017
1291896651 3910297 59.912141 10.751483 65428 1020
1291896652 3911508 59.91213 10.751553 40209 1211
1291896653 3912528 59.912109 10.751655 64631 1020
1291896655 3913797 59.912109 10.751655 39672 1269
1291896656 3914827 59.912096 10.751669 25927 1030
1291896657 3915847 59.912085 10.751701 54960 1020
1291896658 3916947 59.912085 10.751701 62181 1100
1291896659 3917967 59.912085 10.751701 53352 1020
1291896660 3918987 59.912085 10.751701 35612 1020
1291896661 3920147 59.912078 10.751698 41033 1160
1291896662 3921167 59.912079 10.751733 46512 1020
1291896663 3922217 59.912069 10.751765 26482 1050
1291896664 3923247 59.912069 10.751765 35568 1030
1291896665 3924447 59.912046 10.751899 26289 1200
1291896666 3925477 59.912036 10.751983 54720 1030
1291896667 3926517 59.912036 10.751983 55707 1040
1291896668 3927527 59.912024 10.752138 50214 1010
1291896669 3928537 59.912022 10.752226 92818 1010
1291896671 3929708 59.912011 10.75231 65898 1171
1291896672 3930717 59.912008 10.752398 62928 1009
1291896673 3931737 59.911997 10.7525 46365 1020
1291896674 3932747 59.911997 10.752605 66251 1010
1291896675 3933767 59.911988 10.75283 58405 1020
1291896676 3934777 59.911988 10.75283 65664 1010
1291896677 3935807 59.911999 10.752956 56026 1030
1291896678 3936817 59.912036 10.753191 39650 1010
1291896679 3937837 59.912036 10.753191 60192 1020
1291896680 3938838 59.912044 10.753314 84524 1001
1291896681 3939858 59.912074 10.753546 79892 1020
1291896682 3940878 59.912074 10.753546 58859 1020
1291896683 3941917 59.91208 10.753648 50616 1039
1291896684 3942927 59.912108 10.753897 39659 1010
1291896685 3943936 59.912108 10.753897 79408 1009
1291896686 3944947 59.912075 10.754182 70586 1011
1291896687 3945967 59.912042 10.754348 74467 1020
1291896688 3946987 59.912042 10.754348 72504 1020
1291896689 3947997 59.911979 10.754697 57218 1010
1291896690 3949007 59.911931 10.754855 50556 1010
1291896691 3950066 59.911862 10.754973 61012 1059
1291896692 3951087 59.911801 10.755128 57456 1021
1291896693 3952117 59.91174 10.755301 35390 1030
1291896694 3953526 59.91174 10.755301 32832 1409
1291896696 3954556 59.911669 10.755647 26297 1030
1291896697 3955557 59.911649 10.755816 44048 1001
1291896698 3956587 59.911635 10.755988 98393 1030
1291896699 3957708 59.911597 10.756367 102538 1121
1291896700 3958718 59.911597 10.756367 118896 1010
1291896701 3959727 59.911583 10.756557 111728 1009
1291896702 3960737 59.911563 10.756961 90032 1010
1291896703 3961747 59.911563 10.756961 59950 1010
1291896704 3962766 59.911564 10.757158 52967 1019
1291896706 3965027 59.911561 10.757389 28728 2261
1291896707 3966267 59.911541 10.75774 90847 1240
1291896708 3967277 59.91149 10.75812 111452 1010
1291896709 3968287 59.911463 10.758292 82793 1010
1291896710 3969307 59.911444 10.758468 79584 1020
1291896711 3970316 59.91142 10.758605 33959 1009
1291896712 3971536 59.9114 10.758745 88311 1220
1291896714 3972547 59.911375 10.758939 82847 1011
1291896715 3973553 59.911375 10.758939 87157 1006
1291896716 3974557 59.911372 10.759012 107998 1004
1291896717 3975617 59.911357 10.759082 97593 1060
1291896718 3976626 59.911357 10.759082 110485 1009
1291896719 3977636 59.911346 10.759103 96218 1010
1291896720 3978637 59.911341 10.759103 118033 1001
1291896721 3979646 59.911341 10.759103 104059 1009
1291896722 3980667 59.91134 10.759107 154427 1021
1291896723 3981746 59.91132 10.759124 121160 1079
1291896724 3982756 59.91132 10.759124 132208 1010
1291896725 3983766 59.911311 10.759124 121543 1010
1291896726 3984827 59.911298 10.759124 87428 1061
1291896727 3985956 59.911298 10.759124 113841 1129
1291896728 3986967 59.91128 10.759138 120736 1011
1291896729 3987977 59.911271 10.759138 88733 1010
1291896730 3988986 59.911271 10.759138 107055 1009
1291896731 3990136 59.911262 10.759138 87877 1150
1291896732 3991137 59.911257 10.759138 90443 1001
1291896733 3992166 59.911257 10.759138 85339 1029
1291896734 3993306 59.911242 10.759156 92949 1140
1291896735 3994326 59.911238 10.759156 98150 1020
1291896736 3995336 59.911238 10.759156 102913 1010
1291896737 3996356 59.911229 10.759156 83469 1019
1291896738 3997526 59.91122 10.759156 126767 1170
1291896739 3998527 59.911223 10.759159 136413 1001
1291896741 3999657 59.911211 10.75918 134501 1130
1291896742 4000666 59.911211 10.75918 155640 1009
1291896743 4001676 59.911199 10.759215 99543 1010
1291896744 4002686 59.911171 10.759324 108072 1010
1291896745 4003916 59.911171 10.759324 132970 1230
1291896746 4004926 59.911134 10.759485 146241 1010
1291896747 4006146 59.911107 10.759591 117368 1220
1291896748 4007156 59.911107 10.759591 124534 1010
1291896749 4008166 59.91106 10.759822 153943 1010
1291896750 4009366 59.911041 10.759931 85559 1200
1291896751 4010391 59.911041 10.759931 136294 1025
1291896752 4011396 59.910983 10.760142 99522 1005
1291896753 4012526 59.910964 10.76025 121017 1130
1291896754 4013536 59.910937 10.760356 137140 1010
1291896756 4014546 59.910887 10.760531 108675 1010
1291896757 4015646 59.910887 10.760531 101505 1100
1291896758 4016666 59.910863 10.760602 107863 1020
1291896759 4017676 59.910831 10.76071 78608 1010
1291896760 4018686 59.910831 10.76071 137256 1010
1291896761 4019687 59.910819 10.760731 97987 1001
1291896762 4020906 59.910797 10.760822 127325 1219
1291896763 4021925 59.910797 10.760822 139939 1019
1291896764 4022926 59.91077 10.760966 88914 1001
1291896765 4023936 59.910752 10.761071 115702 1010
1291896766 4024946 59.910752 10.761071 79297 1010
1291896767 4026076 59.910706 10.761261 135280 1130
1291896768 4027086 59.910672 10.761363 130379 1010
1291896769 4028256 59.910651 10.761451 110912 1170
1291896770 4029286 59.910623 10.761574 88064 1030
1291896771 4030318 59.910589 10.761676 46963 1032
1291896772 4031326 59.910589 10.761676 85336 1008
1291896773 4032336 59.910511 10.761894 66300 1010
1291896774 4033456 59.910484 10.761961 64342 1120
1291896775 4034476 59.910456 10.762084 72238 1020
1291896776 4035495 59.910408 10.7622 43776 1019
1291896777 4036525 59.910387 10.762288 30432 1029
1291896779 4037625 59.910356 10.762408 40932 1100
1291896780 4038646 59.910263 10.762633 92281 1021
1291896781 4039746 59.910263 10.762633 80077 1100
1291896782 4040757 59.910203 10.762761 91219 1011
1291896783 4041786 59.910107 10.763021 88101 1029
1291896784 4042805 59.910107 10.763021 47179 1019
1291896785 4043826 59.910065 10.763173 43551 1020
1291896786 4044997 59.909974 10.763472 63468 1171
1291896787 4046056 59.909974 10.763472 74394 1059
1291896788 4047116 59.909881 10.763789 83640 1060
1291896789 4048225 59.909835 10.76394 1368 1109
1291896790 4049306 59.909784 10.764106 88311 1081
1291896791 4050307 59.909742 10.764257 108998 1001
1291896792 4051517 59.909691 10.764423 92973 1210
1291896793 4052526 59.909691 10.764423 72504 1009
1291896794 4053536 59.909599 10.76474 91013 1010
1291896796 4054556 59.909549 10.764888 123779 1020
1291896797 4055566 59.909507 10.765039 157690 1010
1291896798 4056625 59.909423 10.765303 116578 1059
1291896799 4057726 59.909423 10.765303 157637 1101
1291896800 4058746 59.90935 10.765536 124360 1020
1291896801 4059756 59.909313 10.765634 148625 1010
1291896802 4060766 59.909313 10.765634 128565 1010
1291896803 4061767 59.90928 10.765733 127526 1001
1291896804 4062786 59.909215 10.765951 101866 1019
1291896805 4063805 59.909215 10.765951 150221 1019
1291896806 4064816 59.90915 10.766187 98687 1011
1291896807 4065826 59.909124 10.766289 156985 1010
1291896808 4067035 59.909124 10.766289 122787 1209
1291896809 4068115 59.909066 10.76649 80489 1080
1291896810 4069116 59.909041 10.766592 50616 1001
1291896811 4070117 59.909041 10.766592 94277 1001
1291896812 4071135 59.908993 10.766761 118069 1018
1291896813 4072206 59.908975 10.766828 120444 1071
1291896814 4073215 59.908959 10.766877 132590 1009
1291896815 4074407 59.908944 10.766909 173667 1192
1291896816 4075415 59.908935 10.766961 153381 1008
1291896818 4076597 59.908908 10.767043 131287 1182
1291896819 4077626 59.908899 10.767095 146478 1029
1291896820 4078715 59.908899 10.767095 137985 1089
1291896821 4079775 59.908872 10.767215 110571 1060
1291896822 4080795 59.908854 10.767282 104155 1020
1291896823 4081985 59.908854 10.767282 86056 1190
1291896824 4083005 59.908815 10.767451 65602 1020
1291896825 4084055 59.908784 10.767532 45144 1050
1291896826 4085185 59.908784 10.767532 12312 1130
1291896827 4086186 59.908745 10.767662 127883 1001
1291896828 4087415 59.908727 10.767729 161060 1229
1291896830 4088615 59.908709 10.767796 167828 1200
1291896831 4089626 59.908659 10.767905 170599 1011
1291896832 4090676 59.908659 10.767905 119781 1050
1291896833 4091685 59.908599 10.767994 166783 1009
1291896834 4092805 59.908563 10.768037 125123 1120
1291896835 4093807 59.908563 10.768037 154795 1002
1291896836 4094820 59.908475 10.768024 79619 1013
1291896837 4095836 59.908436 10.767993 147612 1016
1291896838 4096845 59.908436 10.767993 101777 1009
1291896839 4097865 59.908354 10.767963 99906 1020
1291896840 4098885 59.908316 10.767932 64561 1020
1291896841 4099894 59.908316 10.767932 93976 1009
1291896842 4101085 59.908263 10.767895 110894 1191
1291896843 4102145 59.908255 10.767891 143789 1060
1291896844 4103155 59.908254 10.767871 140870 1010
1291896845 4104165 59.908246 10.767867 123472 1010
1291896846 4105365 59.908246 10.767867 185390 1200
1291896847 4106385 59.90825 10.767867 147119 1020
1291896848 4107415 59.908241 10.767881 131658 1030
1291896850 4108775 59.908241 10.767881 131660 1360
1291896851 4109795 59.908241 10.767881 107380 1020
1291896852 4110805 59.908235 10.767875 116239 1010
1291896853 4111815 59.908235 10.767875 137502 1010
1291896854 4112825 59.908237 10.767871 120784 1010
1291896855 4113925 59.90824 10.767889 123077 1100
1291896856 4114934 59.90824 10.767889 109060 1009
1291896857 4115936 59.908214 10.767876 120170 1001
1291896858 4116945 59.908191 10.767866 115032 1009
1291896859 4117985 59.908191 10.767866 86541 1040
1291896860 4119125 59.90814 10.767846 129311 1140
1291896861 4120135 59.908108 10.767836 100202 1010
1291896862 4121154 59.908108 10.767836 49009 1019
1291896863 4122205 59.908055 10.767798 73002 1051
1291896864 4123425 59.908025 10.76777 21764 1220
1291896865 4124534 59.907996 10.767778 58570 1109
1291896867 4125685 59.907897 10.767783 59472 1151
1291896868 4126765 59.907897 10.767783 118403 1080
1291896869 4127965 59.907753 10.767754 121528 1200
1291896870 4128985 59.90768 10.767748 77976 1020
1291896871 4130005 59.90768 10.767748 50614 1020
1291896872 4131085 59.907525 10.767751 60912 1080
1291896873 4132155 59.907439 10.767759 119526 1069
1291896874 4133165 59.907439 10.767759 152149 1010
1291896875 4134175 59.907269 10.767793 110861 1010
1291896876 4135234 59.907183 10.767802 111060 1059
1291896877 4136385 59.907089 10.767807 160265 1151
1291896878 4137395 59.907002 10.767815 150810 1009
1291896879 4138396 59.906923 10.767827 154786 1001
1291896881 4139595 59.906763 10.767847 138527 1199
1291896882 4140604 59.906685 10.767841 149007 1009
1291896883 4141615 59.906685 10.767841 120814 1011
1291896884 4142624 59.90662 10.767839 121876 1009
1291896885 4143708 59.906494 10.767834 113678 1084
1291896886 4144714 59.906494 10.767834 125465 1006
1291896887 4145945 59.906394 10.767818 139382 1231
1291896888 4146954 59.906353 10.767822 101351 1009
1291896889 4148015 59.906353 10.767822 118209 1061
1291896890 4149225 59.906281 10.767799 124275 1210
1291896891 4150324 59.906254 10.767789 125952 1099
1291896892 4151524 59.906239 10.767782 158820 1200
1291896894 4152745 59.906231 10.767779 160415 1221
1291896895 4153924 59.906231 10.767779 149969 1179
1291896896 4154925 59.906222 10.767793 134735 1001
1291896897 4156005 59.906222 10.767793 94365 1080
1291896898 4157014 59.906222 10.767793 167909 1009
1291896899 4158065 59.90621 10.76779 108239 1051
1291896900 4159164 59.90621 10.76779 140451 1099
1291896901 4160174 59.906198 10.767786 126525 1010
1291896902 4161245 59.90618 10.767762 119913 1071
1291896903 4162250 59.90616 10.767755 140827 1004
1291896904 4163264 59.906128 10.767745 89769 1014
1291896905 4164265 59.906092 10.767735 129522 1001
1291896906 4165274 59.906048 10.767722 117628 1009
1291896907 4166344 59.906004 10.767709 95902 1070
1291896908 4167364 59.905946 10.767671 134752 1019
1291896909 4168374 59.905891 10.767637 114211 1010
1291896910 4169384 59.905829 10.767599 134531 1010
1291896912 4170574 59.905687 10.767535 83054 1190
1291896913 4171575 59.905687 10.767535 97741 1001
1291896914 4172754 59.905625 10.767497 103173 1179
1291896915 4173755 59.905505 10.767422 71005 1001
1291896916 4174805 59.905505 10.767422 112991 1050
1291896917 4175824 59.905371 10.767361 147903 1019
1291896918 4176835 59.905291 10.767352 123632 1011
1291896919 4177894 59.905291 10.767352 111762 1059
1291896920 4179304 59.90512 10.767295 133785 1410
1291896921 4180324 59.905031 10.767248 115894 1020
1291896922 4181334 59.904953 10.767203 112007 1010
1291896923 4182354 59.904885 10.767145 92641 1020
1291896924 4183364 59.904808 10.767083 121656 1010
1291896925 4184414 59.904744 10.767025 88757 1050
1291896926 4185423 59.904682 10.766987 107646 1009
1291896927 4186523 59.904621 10.766932 62992 1100
1291896929 4187545 59.904621 10.766932 68400 1021
1291896930 4188574 59.904522 10.766846 44007 1029
1291896931 4189693 59.904464 10.766808 46858 1119
1291896932 4190694 59.904464 10.766808 46512 1001
1291896933 4191695 59.904358 10.766757 29104 1001
1291896934 4192699 59.904296 10.766772 118215 1004
1291896935 4193708 59.904228 10.766805 150588 1009
1291896936 4194874 59.904113 10.766951 128308 1166
1291896937 4196004 59.904113 10.766951 131310 1130
1291896938 4197075 59.904 10.767079 59638 1071
1291896939 4198246 59.903949 10.767153 104692 1171
1291896940 4199324 59.903906 10.767213 123723 1078
1291896941 4200444 59.903855 10.767288 133687 1120
1291896943 4201563 59.903798 10.767341 120829 1119
1291896944 4202664 59.903677 10.767413 113303 1101
1291896945 4203673 59.90361 10.767428 112653 1009
1291896946 4204715 59.90361 10.767428 67842 1042
1291896947 4205724 59.903557 10.767429 106721 1009
1291896948 4206924 59.903425 10.767442 96974 1200
1291896949 4207933 59.903425 10.767442 133007 1008
1291896950 4208944 59.903286 10.767451 84831 1011
1291896951 4210103 59.90322 10.767448 53352 1159
1291896952 4211163 59.90322 10.767448 12312 1060
1291896953 4212173 59.903088 10.767461 38028 1010
1291896954 4213193 59.903028 10.767459 42408 1020
1291896955 4214203 59.903028 10.767459 15229 1010
1291896957 4216083 59.902956 10.767435 8208 1880
1291896959 4217723 59.902896 10.767433 15048 1640
1291896960 4218734 59.902842 10.767434 124012 1011
1291896961 4219743 59.902712 10.767429 164528 1009
1291896962 4220744 59.902631 10.767419 162534 1001
1291896963 4221753 59.902594 10.767427 160321 1009
1291896964 4222953 59.902594 10.767427 176947 1200
1291896965 4223964 59.902509 10.767418 180651 1011
1291896966 4224975 59.902466 10.76744 137176 1011
1291896967 4225983 59.902466 10.76744 127928 1008
1291896968 4226993 59.902369 10.767427 141004 1010
1291896969 4227994 59.902319 10.767393 170873 1001
1291896970 4229163 59.902267 10.767376 133063 1169
1291896971 4230165 59.902217 10.767342 179081 1002
1291896972 4231261 59.902171 10.767308 149520 1096
1291896973 4232273 59.902129 10.767277 174577 1012
1291896974 4233291 59.902083 10.767243 113112 1018
1291896975 4234353 59.902034 10.767191 35568 1062
1291896976 4235483 59.902034 10.767191 1368 1130
1291896977 4236493 59.901943 10.76707 80300 1010
1291896978 4237494 59.901901 10.766983 157348 1001
1291896979 4238513 59.901862 10.766878 150769 1019
1291896980 4239523 59.901797 10.766638 77279 1010
1291896982 4240613 59.901797 10.766638 90549 1090
1291896983 4241763 59.901758 10.766516 81167 1150
1291896984 4242773 59.901721 10.766376 76608 1010
1291896985 4243783 59.901689 10.766236 48569 1010
1291896986 4244803 59.901658 10.766118 39299 1020
1291896987 4245813 59.901589 10.765839 56269 1010
1291896988 4246833 59.901589 10.765839 82883 1020
1291896989 4247843 59.901501 10.765574 61291 1010
1291896990 4248873 59.901456 10.765431 53741 1030
1291896991 4249893 59.901456 10.765431 77726 1020
1291896992 4250912 59.901366 10.765163 47126 1019
1291896993 4251933 59.901317 10.76502 39165 1021
1291896994 4252943 59.901317 10.76502 36936 1010
1291896995 4254422 59.901208 10.764727 16252 1479
1291896996 4255433 59.901154 10.764599 56088 1011
1291896997 4256443 59.901154 10.764599 44734 1010
1291896998 4257482 59.901039 10.764324 32398 1039
1291897000 4258892 59.900994 10.764181 21888 1410
1291897001 4259933 59.900942 10.764034 106604 1041
1291897002 4260943 59.900877 10.763703 141286 1010
1291897003 4261962 59.900877 10.763703 128777 1019
1291897004 4262993 59.900825 10.763357 179260 1031
1291897005 4264003 59.900809 10.763168 143041 1010
1291897006 4265013 59.900809 10.763168 153482 1010
1291897007 4266182 59.900771 10.762808 138491 1169
1291897008 4267193 59.900746 10.762633 144834 1011
1291897009 4268203 59.900724 10.762462 153016 1010
1291897010 4269222 59.900683 10.762284 127540 1019
1291897011 4270233 59.900645 10.762106 149996 1011
1291897012 4271236 59.900645 10.762106 97785 1003
1291897013 4272245 59.900554 10.761746 111167 1009
1291897014 4273362 59.900513 10.761568 128893 1117
1291897015 4274363 59.900513 10.761568 94662 1001
1291897016 4275382 59.900424 10.761174 66803 1019
1291897017 4276383 59.900384 10.760978 110346 1001
1291897018 4277392 59.900348 10.760783 118880 1009
1291897020 4278543 59.900266 10.760409 127039 1151
1291897021 4279562 59.900266 10.760409 85331 1019
1291897022 4280573 59.900229 10.760231 83992 1011
1291897023 4281595 59.900149 10.759931 60933 1022
1291897024 4282602 59.900149 10.759931 96778 1007
1291897025 4283722 59.900103 10.759806 59496 1120
1291897026 4284742 59.900029 10.75958 55209 1020
1291897027 4285932 59.900029 10.75958 57307 1190
1291897028 4286942 59.899989 10.759475 43776 1010
1291897029 4287972 59.899908 10.759284 27916 1030
1291897030 4289114 59.899908 10.759284 54031 1142
1291897031 4290122 59.899824 10.759128 71721 1008
1291897032 4291142 59.899781 10.759058 47880 1020
1291897033 4292422 59.899781 10.759058 19930 1280
1291897034 4293452 59.899746 10.758992 27360 1030
1291897038 4296742 59.899702 10.75894 8208 3290
1291897039 4297842 59.899666 10.758874 8208 1100
1291897042 4301012 59.899666 10.758874 17752 3170
1291897045 4304452 59.899584 10.758792 27013 3440
1291897046 4305460 59.899547 10.758743 20520 1008
1291897048 4306782 59.899547 10.758743 10944 1322
1291897049 4308202 59.899456 10.758675 77337 1420
1291897050 4309232 59.899412 10.758661 71136 1030
1291897051 4310243 59.899365 10.758645 44763 1011
1291897052 4311262 59.899265 10.758629 38063 1019
1291897053 4312301 59.899265 10.758629 36936 1039
1291897055 4313553 59.899216 10.75863 21888 1251
1291897056 4314722 59.899119 10.75867 2101 1169
1291897057 4315732 59.899119 10.75867 9576 1010
1291897058 4316962 59.899064 10.758688 12312 1230
1291897059 4318022 59.899022 10.75871 24624 1060
1291897060 4319372 59.898972 10.758729 17698 1350
1291897061 4320381 59.898917 10.758747 21888 1009
1291897062 4321482 59.898871 10.758769 15048 1101
1291897063 4322501 59.898821 10.758787 17784 1019
1291897065 4323631 59.89876 10.758785 9045 1130
1291897066 4324672 59.898707 10.758786 25992 1041
1291897067 4325711 59.898655 10.758769 37751 1039
1291897068 4326721 59.898606 10.75877 20520 1010
1291897069 4327761 59.898567 10.758757 20520 1040
1291897070 4328791 59.898515 10.75874 21888 1030
1291897071 4329931 59.898515 10.75874 16416 1140
1291897072 4331011 59.898476 10.758727 12312 1080
1291897073 4332022 59.898395 10.758717 17010 1011
1291897074 4333042 59.898395 10.758717 54720 1020
1291897075 4334071 59.898315 10.758708 23086 1029
1291897076 4335103 59.898262 10.758709 35568 1032
1291897077 4336132 59.898228 10.758717 26320 1029
1291897078 4337162 59.898186 10.758738 38304 1030
1291897098 4356609 59.898142 10.758778 5472 19447
1291897099 4357619 59.898142 10.758778 19152 1010
1291897100 4358679 59.898063 10.758842 11638 1060
1291897101 4360039 59.898026 10.758902 10944 1360
1291897127 4385613 59.898026 10.758902 1368 25574
1291897128 4386874 59.89795 10.759023 43680 1261
1291897129 4387894 59.897926 10.759069 58824 1020
1291897130 4388933 59.897901 10.759132 66660 1039
1291897131 4389934 59.897868 10.759231 73579 1001
1291897132 4390943 59.897857 10.759263 76593 1009
1291897133 4391964 59.897848 10.759277 59118 1021
1291897134 4392974 59.897848 10.759277 69104 1010
1291897135 4394133 59.897841 10.759274 68002 1159
1291897136 4395333 59.89783 10.759267 149251 1199
1291897137 4396343 59.89783 10.759267 163292 1010
1291897138 4397403 59.897821 10.759281 136108 1060
1291897139 4398443 59.897807 10.759348 142872 1040
1291897141 4399548 59.897767 10.759534 149082 1104
1291897142 4400554 59.897731 10.759668 193296 1006
1291897143 4401664 59.897692 10.759837 157565 1110
1291897144 4402763 59.897638 10.759999 198163 1099
1291897145 4403904 59.897548 10.760151 198224 1141
1291897146 4405054 59.897429 10.760258 200093 1150
1291897147 4406055 59.89735 10.760323 187798 1001
1291897148 4407064 59.897217 10.760406 150670 1009
1291897149 4408074 59.897047 10.760531 213178 1010
1291897150 4409235 59.896723 10.76075 226757 1161
1291897151 4410293 59.896434 10.760944 242275 1058
1291897152 4411319 59.896223 10.761092 187390 1026
1291897153 4412324 59.895912 10.761297 240469 1005
1291897154 4413333 59.895579 10.761439 178494 1009
1291897155 4414334 59.89522 10.761554 176810 1001
1291897157 4415555 59.894966 10.761614 114924 1221
1291897158 4416734 59.894583 10.761722 233502 1179
1291897159 4417743 59.894203 10.761848 216971 1008
1291897160 4418744 59.893832 10.76205 199644 1001
1291897161 4419753 59.893481 10.76235 217851 1009
1291897162 4420853 59.893044 10.762894 199206 1100
1291897163 4421895 59.892744 10.763358 218094 1042
1291897164 4422915 59.892435 10.763798 239553 1020
1291897165 4423916 59.89215 10.764282 256636 1001
1291897166 4424923 59.891894 10.764812 256992 1007
1291897167 4426004 59.891735 10.765211 215540 1081
1291897168 4427173 59.891652 10.765419 283322 1169
1291897169 4428175 59.891571 10.76561 313732 1001
1291897170 4429223 59.89149 10.7658 169575 1048
1291897171 4430324 59.891407 10.766008 143209 1101
1291897172 4431333 59.891326 10.766199 206156 1009
1291897173 4432394 59.891246 10.766372 179893 1061
1291897174 4433484 59.891157 10.766559 196667 1090
1291897175 4434494 59.891076 10.76675 255044 1010
1291897176 4435495 59.890995 10.76694 180414 1001
1291897177 4436513 59.890896 10.767106 222791 1018
1291897178 4437515 59.890692 10.767439 195913 1002
1291897179 4438516 59.890692 10.767439 156358 1001
1291897180 4439524 59.890585 10.767602 173817 1008
1291897182 4440563 59.890363 10.767911 194216 1039
1291897183 4441564 59.890363 10.767911 133292 1001
1291897184 4442565 59.890137 10.768233 184830 1001
1291897185 4443566 59.890017 10.768393 208573 1001
1291897186 4444754 59.890017 10.768393 225083 1188
1291897187 4445755 59.889785 10.768733 251440 1001
1291897188 4446933 59.889666 10.768893 241007 1178
1291897189 4447934 59.889666 10.768893 212201 1001
1291897190 4449103 59.889427 10.769212 207576 1169
1291897191 4450104 59.889311 10.769375 258816 1001
1291897192 4451193 59.889192 10.769535 190560 1089
1291897193 4452194 59.889077 10.769694 187236 1001
1291897194 4453195 59.888967 10.76984 236159 1001
1291897195 4454393 59.888863 10.769967 244461 1198
1291897196 4455433 59.888771 10.770099 219792 1040
1291897197 4456434 59.888688 10.770216 269136 1001
1291897198 4457435 59.888615 10.770301 200045 1001
1291897199 4458443 59.888555 10.77039 212688 1008
1291897200 4459444 59.888495 10.770478 213421 1001
1291897202 4460583 59.888378 10.770603 240651 1139
1291897203 4461644 59.888328 10.770659 250252 1061
1291897204 4462653 59.888328 10.770659 243326 1009
1291897205 4463654 59.888206 10.770802 260768 1001
1291897206 4464693 59.888147 10.770873 181663 1039
1291897207 4465703 59.888147 10.770873 173307 1010
1291897208 4466714 59.888011 10.771029 171344 1011
1291897209 4467853 59.887939 10.771114 17149 1139
1291897210 4468882 59.887939 10.771114 123301 1029
1291897211 4470053 59.887795 10.771267 207322 1171
1291897212 4471063 59.887723 10.771352 187065 1010
1291897213 4472263 59.88765 10.771438 95813 1200
1291897214 4473362 59.887578 10.771523 67169 1099
1291897215 4474373 59.887504 10.771626 71185 1011
1291897216 4475433 59.887504 10.771626 42408 1060
1291897218 4476562 59.887353 10.771814 23382 1129
1291897219 4477573 59.887268 10.771896 86867 1011
1291897220 4478703 59.88711 10.77208 109055 1130
1291897221 4479708 59.887031 10.772183 157882 1005
1291897222 4480712 59.887031 10.772183 90571 1004
1291897223 4481742 59.886959 10.772268 119118 1030
1291897224 4482793 59.886816 10.77246 91046 1051
1291897225 4483813 59.886816 10.77246 116053 1020
1291897226 4484822 59.886757 10.772531 113172 1009
1291897227 4485823 59.88665 10.772679 113614 1001
1291897228 4486824 59.88665 10.772679 105496 1001
1291897229 4487993 59.886561 10.772814 123158 1169
1291897230 4489083 59.886531 10.772877 157718 1090
1291897231 4490092 59.886531 10.772877 177908 1009
1291897232 4491122 59.886473 10.772969 206386 1030
1291897233 4492232 59.886449 10.773015 115803 1110
1291897234 4493372 59.886421 10.773061 153026 1140
1291897235 4494492 59.886406 10.773093 166476 1119
1291897236 4495512 59.886377 10.773139 127000 1020
1291897237 4496513 59.886351 10.773202 108649 1001
1291897239 4497712 59.886293 10.773312 88880 1199
1291897240 4498732 59.886293 10.773312 80443 1020
1291897241 4499822 59.886237 10.773439 74860 1090
1291897242 4500832 59.886215 10.773506 73110 1010
1291897243 4501882 59.886215 10.773506 82155 1050
1291897244 4502892 59.886159 10.773633 143529 1009
1291897245 4503902 59.886128 10.773714 145004 1010
1291897246 4504917 59.886128 10.773714 131385 1015
1291897247 4505962 59.886077 10.773879 164251 1045
1291897248 4506972 59.886044 10.773978 156404 1010
1291897249 4508152 59.886009 10.774094 172744 1180
1291897250 4509162 59.885976 10.774193 161768 1010
1291897251 4510182 59.885948 10.774291 155153 1020
1291897252 4511192 59.885948 10.774291 171696 1010
1291897253 4512212 59.885879 10.774523 131250 1020
1291897254 4513312 59.885845 10.77464 167077 1100
1291897255 4514332 59.885809 10.774773 197602 1020
1291897256 4515342 59.885774 10.774889 120030 1010
1291897258 4516542 59.885743 10.775023 180233 1200
1291897259 4517682 59.885691 10.775297 196241 1140
1291897260 4518692 59.885667 10.775434 185929 1010
1291897261 4519872 59.885667 10.775434 197837 1180
1291897262 4520942 59.885638 10.775732 129379 1070
1291897263 4521952 59.885628 10.775894 170660 1010
1291897264 4523032 59.885628 10.775894 114552 1080
1291897265 4524192 59.885626 10.776202 150802 1160
1291897266 4525212 59.885634 10.776349 137249 1020
1291897267 4526222 59.885637 10.776513 124168 1010
1291897268 4527232 59.88564 10.776661 114373 1010
1291897269 4528238 59.885642 10.776825 100944 1006
1291897270 4529252 59.885641 10.776986 84890 1014
1291897271 4530431 59.88563 10.777165 114854 1179
1291897272 4531432 59.885611 10.777341 91479 1001
1291897273 4532442 59.885593 10.777498 98131 1010
1291897274 4533452 59.885559 10.777667 115587 1010
1291897275 4534453 59.885523 10.777801 123442 1001
1291897277 4535622 59.885421 10.778093 139154 1169
1291897278 4536801 59.885358 10.778217 185003 1179
1291897279 4537802 59.885358 10.778217 173179 1001
1291897280 4538812 59.885218 10.778478 130705 1010
1291897281 4539822 59.885149 10.77862 123709 1010
1291897282 4541011 59.885149 10.77862 109929 1189
1291897283 4542021 59.885009 10.778881 123614 1010
1291897284 4543032 59.884932 10.779019 86583 1011
1291897285 4544231 59.884853 10.779174 129867 1199
1291897286 4545252 59.884777 10.779312 135590 1021
1291897287 4546271 59.884698 10.779468 82186 1019
1291897288 4547371 59.88462 10.779623 77199 1100
1291897289 4548381 59.884543 10.779761 88507 1009
1291897290 4549382 59.884473 10.77992 75791 1001
1291897291 4550392 59.884473 10.77992 83826 1010
1291897292 4551491 59.884319 10.780195 90622 1099
1291897293 4552501 59.884241 10.780351 90660 1010
1291897294 4553511 59.884159 10.780489 55942 1010
1291897295 4554513 59.884001 10.780764 44571 1002
1291897296 4555521 59.884001 10.780764 41040 1008
1291897297 4556531 59.884001 10.780764 35847 1010
1291897299 4557541 59.883837 10.781019 44878 1010
1291897300 4558551 59.883743 10.781154 53352 1009
1291897301 4559554 59.883743 10.781154 38528 1003
1291897302 4560601 59.883654 10.781288 36923 1047
1291897303 4561652 59.883479 10.781522 21646 1051
1291897304 4562681 59.883479 10.781522 30096 1029
1291897305 4563702 59.883305 10.781738 25990 1021
1291897306 4564771 59.883232 10.781841 23256 1069
1291897307 4565781 59.883232 10.781841 23256 1010
1291897308 4566791 59.88307 10.782061 17851 1010
1291897309 4567801 59.88299 10.782181 27360 1010
1291897310 4568871 59.882918 10.782266 25703 1070
1291897311 4569891 59.882859 10.782337 31464 1020
1291897312 4571262 59.882803 10.782412 12312 1370
1291897313 4572371 59.882803 10.782412 13680 1109
1291897315 4573542 59.882703 10.782525 8626 1171
1291897316 4574581 59.882666 10.782585 9576 1039
1291897317 4575711 59.882666 10.782585 12312 1130
1291897318 4576921 59.882633 10.782631 8208 1210
1291897319 4578011 59.882598 10.782656 10944 1090
1291897320 4579051 59.882569 10.782702 6840 1040
1291897321 4580091 59.882569 10.782702 2736 1040
1291897324 4583191 59.882527 10.782763 3904 3100
1291897325 4584420 59.882497 10.782788 6840 1229
1291897326 4585471 59.882497 10.782788 10944 1050
1291897328 4586550 59.882483 10.782802 17784 1079
1291897329 4587611 59.882468 10.782834 17784 1061
1291897330 4588641 59.882454 10.782848 25139 1030
1291897331 4589720 59.882445 10.782862 31464 1079
1291897332 4590721 59.882436 10.782876 13695 1001
1291897333 4591731 59.882436 10.782876 17784 1010
1291897334 4592761 59.882436 10.782876 20520 1030
1291897335 4593781 59.882433 10.782873 14722 1020
1291897336 4594840 59.882433 10.782873 20520 1059
1291897337 4595871 59.882433 10.782873 17784 1031
1291897338 4596921 59.88243 10.782869 14463 1050
1291897339 4597930 59.88243 10.782869 16416 1009
1291897340 4598941 59.88243 10.782869 15048 1011
1291897341 4599950 59.88243 10.782869 16416 1009
1291897342 4601000 59.88243 10.782869 21888 1050
1291897343 4602220 59.882435 10.782869 16865 1220
1291897344 4603240 59.882427 10.782866 16416 1020
1291897345 4604310 59.882431 10.782866 17784 1070
1291897346 4605330 59.882431 10.782866 19152 1020
1291897347 4606400 59.882431 10.782866 21888 1070
1291897348 4607410 59.882431 10.782866 14544 1010
1291897349 4608450 59.882431 10.782866 20520 1040
1291897350 4609531 59.882436 10.782866 20520 1081
1291897352 4610570 59.882428 10.782863 16446 1039
1291897353 4611593 59.882428 10.782863 23256 1023
1291897354 4612610 59.882428 10.782863 30096 1015
1291897355 4613620 59.882433 10.782863 32831 1010
1291897356 4614671 59.882433 10.782863 25943 1051
1291897357 4615780 59.882433 10.782863 21888 1109
1291897358 4616790 59.882437 10.782863 10944 1010
1291897360 4619320 59.882437 10.782863 1368 2530
1291897362 4620551 59.88243 10.782859 23387 1230
1291897363 4621920 59.88243 10.782859 4104 1368
1291897364 4623030 59.88243 10.782859 4104 1110
1291897365 4624100 59.88243 10.782859 9576 1070
1291897366 4625480 59.88243 10.782859 4104 1380
1291897368 4626880 59.882434 10.782859 2736 1400
1291897378 4637003 59.882434 10.782859 16384 10123
1291897386 4644709 59.882421 10.782874 58356 7705
1291897387 4645716 59.882419 10.782891 114124 1007
1291897388 4646726 59.882383 10.782934 177189 1010
1291897389 4647727 59.882374 10.782948 170527 1001
1291897390 4648906 59.882354 10.78298 109267 1179
1291897391 4650116 59.882332 10.783008 160321 1210
1291897392 4651266 59.882267 10.783097 162178 1150
1291897393 4652286 59.882238 10.783143 123546 1020
1291897394 4653486 59.882187 10.783217 118361 1200
1291897395 4654496 59.882164 10.783245 141296 1010
1291897396 4655497 59.882164 10.783245 120248 1001
1291897397 4656506 59.882164 10.783245 131599 1009
1291897399 4657635 59.882164 10.783245 149863 1129
1291897400 4658745 59.882164 10.783245 169271 1109
1291897401 4659747 59.882164 10.783245 146612 1001
1291897402 4660757 59.882164 10.783245 169753 1010
1291897403 4661926 59.882164 10.783245 203793 1169
1291897404 4662936 59.882176 10.783249 171191 1010
1291897405 4663937 59.882169 10.783245 120793 1001
1291897406 4664938 59.882155 10.78326 109389 1001
1291897407 4665956 59.882126 10.783306 162930 1018
1291897408 4666957 59.882104 10.783334 117432 1001
1291897409 4667976 59.88208 10.78338 134951 1019
1291897410 4669206 59.882001 10.783483 140766 1230
1291897411 4670207 59.881939 10.783536 167022 1001
1291897412 4671366 59.881889 10.783593 169346 1159
1291897413 4672376 59.881868 10.783604 162607 1010
1291897414 4673377 59.881846 10.783632 173345 1001
1291897415 4674385 59.881827 10.783646 165548 1008
1291897416 4675386 59.881806 10.783657 156471 1001
1291897417 4676387 59.881793 10.783671 114699 1001
1291897418 4677396 59.881785 10.783668 140491 1009
1291897419 4678466 59.881771 10.783682 154570 1070
1291897420 4679477 59.881758 10.783696 109444 1011
1291897421 4680485 59.881749 10.783711 123718 1008
1291897423 4681547 59.881744 10.783711 145547 1062
1291897424 4682645 59.881735 10.783725 147105 1098
1291897425 4683736 59.881715 10.783718 148236 1091
1291897426 4684805 59.881715 10.783718 146721 1069
1291897427 4685875 59.881693 10.783747 160010 1070
1291897428 4686876 59.881688 10.783747 145446 1001
1291897429 4687945 59.881688 10.783747 129079 1069
1291897430 4689095 59.881679 10.783761 148236 1150
1291897431 4690146 59.881679 10.783761 138475 1051
1291897432 4691147 59.881672 10.783757 148673 1001
1291897433 4692155 59.881667 10.783757 159533 1008
1291897434 4693156 59.88165 10.783768 137611 1001
1291897435 4694305 59.881637 10.783782 156418 1149
1291897436 4695306 59.881623 10.783797 144240 1001
1291897437 4696315 59.88161 10.783811 119518 1009
1291897438 4697346 59.881587 10.783839 151341 1031
1291897439 4698355 59.881566 10.78385 103039 1009
1291897441 4699576 59.881545 10.783861 122360 1221
1291897442 4700586 59.881501 10.7839 133753 1010
1291897443 4701606 59.881487 10.783914 139680 1020
1291897444 4702616 59.881487 10.783914 143031 1010
1291897445 4703737 59.881452 10.78394 122249 1120
1291897446 4704746 59.881443 10.783954 150157 1009
1291897447 4705865 59.881443 10.783954 136734 1119
1291897448 4707085 59.881422 10.783965 195528 1219
1291897449 4708086 59.881418 10.783965 167239 1001
1291897450 4709106 59.881418 10.783965 176804 1020
1291897451 4710115 59.88141 10.783961 159533 1009
1291897452 4711116 59.881401 10.783975 158797 1001
1291897453 4712315 59.881389 10.783972 144650 1199
1291897454 4713316 59.881389 10.783972 179823 1001
1291897455 4714505 59.881393 10.783972 85302 1189
1291897456 4715515 59.881393 10.783972 166458 1010
1291897458 4716675 59.881372 10.783983 166705 1160
1291897459 4717685 59.881372 10.783983 158871 1010
1291897460 4718695 59.881339 10.78399 150797 1010
1291897461 4719845 59.881269 10.784041 131419 1150
1291897462 4720846 59.881269 10.784041 172198 1001
1291897463 4722065 59.881186 10.784066 107955 1219
1291897464 4723075 59.881146 10.784092 146339 1010
1291897465 4724085 59.881146 10.784092 143334 1010
1291897466 4725095 59.881056 10.784153 165124 1010
1291897467 4726237 59.881001 10.784171 123275 1142
1291897468 4727245 59.880946 10.784189 164665 1008
1291897469 4728255 59.880886 10.784225 172128 1010
1291897470 4729405 59.880839 10.784247 142917 1150
1291897471 4730434 59.880775 10.784279 145318 1029
1291897472 4731535 59.880647 10.784348 151061 1101
1291897474 4732545 59.880647 10.784348 136917 1010
1291897475 4734136 59.880524 10.784399 167380 1591
1291897476 4735145 59.880456 10.784432 149629 1009
1291897477 4736155 59.880395 10.784467 112248 1010
1291897478 4737175 59.880341 10.784486 111014 1020
1291897479 4738194 59.880285 10.784522 117954 1019
1291897480 4739415 59.880224 10.784558 134138 1221
1291897481 4740515 59.880076 10.784619 129029 1100
1291897482 4741516 59.880076 10.784619 138414 1001
1291897483 4742525 59.879994 10.784666 130382 1009
1291897484 4743535 59.879803 10.78475 97746 1010
1291897486 4744545 59.879803 10.78475 133399 1010
1291897487 4745664 59.879701 10.784807 112324 1119
1291897488 4746665 59.879463 10.784913 117912 1001
1291897489 4747785 59.879463 10.784913 101358 1120
1291897490 4748795 59.879331 10.784978 113849 1009
1291897491 4749804 59.879058 10.785108 122995 1009
1291897492 4750805 59.879058 10.785108 123259 1001
1291897493 4751814 59.878915 10.78517 49874 1009
1291897494 4752844 59.878765 10.785249 54720 1030
1291897495 4753904 59.878613 10.785308 17113 1060
1291897496 4754934 59.878306 10.785463 62410 1030
1291897497 4756054 59.878148 10.785539 39672 1120
1291897498 4757074 59.878148 10.785539 12936 1020
1291897499 4758324 59.877992 10.785597 12312 1250
1291897500 4759344 59.87767 10.785746 36984 1020
1291897501 4760355 59.87767 10.785746 36936 1011
1291897502 4761364 59.877355 10.785898 49922 1009
1291897503 4762454 59.877197 10.785974 54410 1090
1291897504 4763534 59.87704 10.78605 68847 1080
1291897506 4764564 59.876882 10.786126 64296 1030
1291897507 4765574 59.876739 10.786188 34145 1010
1291897508 4766594 59.876739 10.786188 43776 1020
1291897509 4767604 59.876437 10.786326 37723 1010
1291897510 4768624 59.876301 10.786391 53696 1020
1291897511 4769634 59.876301 10.786391 56088 1010
1291897512 4770644 59.876016 10.786532 35854 1010
1291897513 4771654 59.875881 10.78658 54038 1010
1291897514 4772674 59.875763 10.78663 56276 1020
1291897515 4773684 59.875648 10.786685 58824 1010
1291897516 4774754 59.875538 10.786739 32153 1070
1291897517 4775794 59.875538 10.786739 34200 1040
1291897518 4776844 59.875359 10.786826 22472 1050
1291897519 4777854 59.875282 10.786873 23256 1009
1291897520 4778864 59.875282 10.786873 25992 1010
1291897521 4779889 59.875136 10.786952 41954 1025
1291897522 4780893 59.875086 10.78697 58219 1004
1291897523 4781954 59.875045 10.786975 63859 1060
1291897524 4782964 59.875045 10.786975 50616 1009
1291897525 4784084 59.875047 10.786957 43468 1120
1291897526 4785095 59.875051 10.786957 78878 1011
1291897527 4786104 59.875053 10.786939 31464 1009
1291897528 4787393 59.875053 10.786939 18067 1289
1291897529 4788424 59.875057 10.786939 36936 1031
1291897530 4789444 59.875059 10.786922 43675 1020
1291897531 4790454 59.875099 10.786841 81819 1010
1291897532 4791473 59.875099 10.786841 66045 1019
1291897533 4792474 59.875104 10.786841 57724 1001
1291897535 4793713 59.875092 10.786838 67236 1239
1291897536 4794733 59.87507 10.786848 32832 1019
1291897537 4795744 59.875036 10.786873 20520 1011
1291897538 4796763 59.874995 10.786916 9258 1019
1291897539 4797814 59.87494 10.786934 10944 1051
1291897540 4798864 59.874884 10.78697 16416 1050
1291897541 4799916 59.874884 10.78697 31464 1052
1291897542 4800953 59.874766 10.78706 23405 1037
1291897543 4801983 59.874692 10.78711 32832 1030
1291897544 4803003 59.874623 10.78716 17234 1020
1291897545 4804043 59.874539 10.787224 19152 1040
1291897546 4805054 59.87447 10.787274 20520 1011
1291897547 4806263 59.874387 10.787339 22312 1209
1291897548 4807264 59.8743 10.7874 30096 1001
1291897549 4808303 59.874213 10.787464 20520 1039
1291897550 4809333 59.87412 10.787542 7905 1030
1291897551 4810353 59.874028 10.787621 20520 1020
1291897552 4811363 59.873931 10.787699 28728 1010
1291897554 4812632 59.873838 10.787795 6960 1269
1291897555 4813653 59.873745 10.787874 51984 1021
1291897556 4814693 59.873647 10.78797 28976 1040
1291897557 4815703 59.873541 10.788063 39672 1010
1291897558 4816743 59.873343 10.788234 31009 1040
1291897559 4817763 59.873343 10.788234 38304 1020
1291897560 4818824 59.873245 10.78833 10944 1061
1291897561 4819834 59.87303 10.788512 5008 1010
1291897562 4821403 59.872911 10.788619 111520 1569
1291897563 4822413 59.872805 10.788711 49248 1010
1291897564 4823414 59.872689 10.788836 78435 1001
1291897565 4824424 59.872442 10.789046 110175 1010
1291897567 4825603 59.872327 10.789153 117129 1179
1291897568 4826604 59.872216 10.789263 140826 1001
1291897569 4827614 59.871995 10.789463 133962 1010
1291897570 4828633 59.871995 10.789463 85937 1019
1291897571 4829643 59.871881 10.789552 104385 1010
1291897572 4830654 59.871677 10.789741 78698 1011
1291897573 4831673 59.871677 10.789741 95270 1019
1291897574 4832883 59.871577 10.789816 62351 1210
1291897575 4834193 59.871387 10.78999 53359 1309
1291897576 4835303 59.871308 10.790055 53983 1110
1291897577 4836323 59.871246 10.790108 54088 1020
1291897579 4837548 59.871189 10.790162 50688 1225
1291897580 4838553 59.871189 10.790162 31464 1005
1291897581 4839943 59.871131 10.790215 1368 1390
1291897601 4859687 59.871095 10.790258 2736 19744
1291897602 4861094 59.87106 10.790283 23404 1407
1291897603 4862164 59.871033 10.790311 27360 1070
1291897604 4863275 59.871003 10.790336 37460 1111
1291897605 4864335 59.871003 10.790336 30096 1060
1291897607 4865935 59.871003 10.790336 19152 1600
1291897608 4867245 59.871003 10.790336 10944 1310
1291897611 4870086 59.871007 10.790336 23195 2841
1291897612 4871490 59.871007 10.790336 50616 1013
1291897613 4872506 59.871 10.790333 43653 1016
1291897615 4874154 59.871 10.790333 36862 1648
1291897617 4875695 59.871004 10.790333 28728 1541
1291897618 4876708 59.871004 10.790333 37396 1013
1291897619 4877958 59.871004 10.790333 47011 1250
1291897620 4879115 59.871001 10.790329 65811 1157
1291897621 4880415 59.871003 10.790312 64643 1300
1291897622 4881434 59.871003 10.790312 71712 1019
1291897623 4882505 59.871007 10.790312 58348 1071
1291897624 4883534 59.871007 10.790312 31464 1029
1291897626 4884599 59.871007 10.790312 21483 1065
1291897627 4885604 59.870999 10.790309 27360 1005
1291897628 4886694 59.870986 10.790323 24624 1090
1291897629 4888066 59.87096 10.790334 9443 1372
1291897631 4889654 59.870924 10.790376 27328 1588
1291897632 4890674 59.87088 10.790415 25968 1020
1291897633 4891814 59.870832 10.790455 35568 1140
1291897634 4892834 59.870705 10.790558 45841 1020
1291897635 4893878 59.870634 10.790626 56664 1044
1291897636 4894904 59.870481 10.79074 66146 1026
1291897637 4895934 59.870481 10.79074 49248 1030
1291897638 4896964 59.87039 10.790801 32832 1030
1291897639 4897965 59.870216 10.790926 23964 1001
1291897640 4899004 59.870216 10.790926 51984 1039
1291897641 4900014 59.870121 10.790987 42408 1010
1291897642 4901034 59.869919 10.791102 32729 1020
1291897643 4902064 59.869919 10.791102 31464 1030
1291897644 4903274 59.869701 10.791214 20562 1210
1291897645 4904334 59.869586 10.791269 30096 1060
1291897646 4905374 59.869586 10.791269 27360 1040
1291897647 4906384 59.869347 10.791391 18660 1010
1291897648 4907494 59.869232 10.791445 53812 1110
1291897650 4908564 59.868999 10.791551 62401 1070
1291897651 4909574 59.868888 10.791605 67786 1010
1291897652 4910674 59.868696 10.791706 63903 1100
1291897653 4911684 59.868595 10.791746 68400 1010
1291897654 4912774 59.868402 10.791847 78546 1090
1291897655 4913794 59.868304 10.791905 76297 1020
1291897656 4914804 59.868118 10.791988 75472 1010
1291897658 4916605 59.868036 10.792035 55524 1801
1291897660 4919083 59.867883 10.792111 64859 2478
1291897661 4920204 59.867807 10.79214 61438 1121
1291897662 4921214 59.867662 10.792219 89701 1010
1291897663 4922224 59.867594 10.792252 65686 1010
1291897664 4923494 59.867495 10.792309 53748 1270
1291897666 4924613 59.867462 10.792317 62972 1119
1291897667 4925614 59.867441 10.792328 34200 1001
1291897668 4926754 59.867428 10.792324 49617 1140
1291897669 4927764 59.867428 10.792324 73872 1010
1291897670 4928773 59.867421 10.792321 39834 1009
1291897671 4929914 59.867421 10.792321 42353 1141
1291897672 4931134 59.867416 10.792321 20520 1220
1291897673 4932225 59.867416 10.792321 10944 1091
1291897674 4933264 59.867409 10.792318 19152 1039
1291897675 4934374 59.867409 10.792318 12312 1110
1291897676 4935394 59.867409 10.792318 24467 1020
1291897677 4936444 59.867409 10.792318 49248 1050
1291897678 4937453 59.867409 10.792318 25600 1009
1291897679 4938463 59.86741 10.7923 57456 1010
1291897680 4939464 59.86741 10.7923 28946 1001
1291897681 4940474 59.867406 10.7923 45144 1010
1291897682 4941509 59.867398 10.792297 17689 1035
1291897684 4942664 59.867398 10.792297 55096 1155
1291897685 4943773 59.867398 10.792297 71237 1109
1291897686 4944884 59.867398 10.792297 66407 1111
1291897687 4945904 59.867398 10.792297 54720 1020
1291897688 4946905 59.867398 10.792297 38683 1001
1291897689 4947933 59.867399 10.792279 46480 1028
1291897690 4948954 59.867378 10.79229 76531 1021
1291897691 4949964 59.867318 10.792326 82184 1010
1291897692 4950985 59.867277 10.79233 92010 1021
1291897693 4952024 59.867139 10.792413 88566 1038
1291897694 4953053 59.867084 10.792431 78800 1029
1291897695 4954133 59.866972 10.792503 68171 1080
1291897696 4955164 59.866909 10.792535 96435 1031
1291897697 4956173 59.866773 10.792601 97594 1009
1291897698 4957385 59.866709 10.792633 54934 1212
1291897699 4958484 59.866641 10.792666 32832 1098
1291897700 4959493 59.866583 10.792719 69799 1009
1291897701 4960533 59.866515 10.792752 43776 1040
1291897703 4961555 59.866458 10.792805 32832 1022
1291897704 4962753 59.86639 10.792838 47953 1198
1291897705 4963904 59.866272 10.792927 124517 1151
1291897706 4964923 59.866207 10.792977 56088 1018
1291897707 4965964 59.866207 10.792977 46512 1041
1291897708 4966983 59.866076 10.793063 34475 1019
1291897709 4967984 59.866011 10.793113 86452 1001
1291897710 4968985 59.865886 10.793199 99161 1001
1291897711 4969993 59.865825 10.793235 146034 1008
1291897712 4971013 59.865621 10.793385 103857 1020
1291897713 4972014 59.865551 10.793435 146681 1001
1291897714 4973023 59.865377 10.79356 118180 1009
1291897715 4974024 59.86511 10.793781 140863 1001
1291897716 4975123 59.864936 10.793998 155068 1099
1291897717 4976194 59.864772 10.794252 159654 1071
1291897718 4977203 59.86462 10.794549 144627 1009
1291897719 4978226 59.864412 10.795063 137795 1023
1291897720 4979233 59.86434 10.795239 154167 1007
1291897721 4980234 59.864264 10.795415 161797 1001
1291897722 4981463 59.864191 10.795591 161061 1229
1291897723 4982464 59.864125 10.79575 156519 1001
1291897724 4983473 59.864062 10.795912 128957 1009
1291897725 4984483 59.863999 10.796074 132963 1010
1291897727 4985594 59.863858 10.796391 109567 1111
1291897728 4986803 59.863779 10.796546 159062 1209
1291897729 4987805 59.863779 10.796546 135989 1002
1291897730 4988813 59.863703 10.796684 68217 1008
1291897731 4990013 59.863531 10.796974 114073 1200
1291897732 4991023 59.863531 10.796974 127715 1010
1291897733 4992043 59.863324 10.797197 137799 1020
1291897734 4993044 59.863216 10.797307 121897 1001
1291897735 4994053 59.863216 10.797307 121628 1009
1291897736 4995055 59.863012 10.797496 106349 1002
1291897737 4996226 59.86292 10.797574 146558 1171
1291897738 4997423 59.862828 10.797653 133753 1197
1291897739 4998433 59.862743 10.797735 127710 1009
1291897741 4999643 59.862659 10.797816 73952 1210
1291897742 5000653 59.862575 10.797881 127040 1010
1291897743 5001662 59.86242 10.79803 85111 1009
1291897744 5002673 59.86242 10.79803 71788 1011
1291897745 5003683 59.862349 10.798098 64108 1010
1291897746 5004823 59.862208 10.798215 67627 1140
1291897747 5006073 59.862208 10.798215 53352 1250
1291897748 5007092 59.862104 10.79829 68024 1019
1291897749 5008218 59.862067 10.798333 61763 1126
1291897750 5009222 59.862067 10.798333 57589 1004
1291897751 5010242 59.862025 10.798355 41830 1020
1291897752 5011253 59.862011 10.798369 70381 1011
1291897753 5012264 59.862011 10.798369 98680 1011
1291897754 5013273 59.862004 10.798365 107994 1009
1291897755 5014323 59.861996 10.798362 80159 1050
1291897756 5015333 59.861989 10.798359 83964 1010
1291897757 5016343 59.861967 10.79837 77960 1010
1291897758 5017353 59.861946 10.79838 73606 1010
1291897759 5018364 59.861904 10.798402 71562 1011
1291897760 5019502 59.861828 10.798431 89244 1138
1291897761 5020512 59.861828 10.798431 86474 1010
1291897763 5021592 59.861795 10.798439 83968 1080
1291897764 5022612 59.861766 10.798446 106607 1020
1291897765 5023623 59.861766 10.798446 89749 1011
1291897766 5024632 59.861752 10.798461 101700 1009
1291897767 5025853 59.861757 10.798461 124838 1221
1291897768 5026863 59.861757 10.798461 114439 1010
1291897769 5027883 59.861758 10.798443 100985 1020
1291897770 5028892 59.861751 10.79844 131648 1009
1291897771 5029893 59.861751 10.79844 92268 1001
1291897772 5030894 59.861751 10.79844 133199 1001
1291897773 5031903 59.861755 10.79844 98553 1009
1291897774 5032912 59.861755 10.79844 135415 1009
1291897775 5034042 59.861747 10.798436 102691 1130
1291897776 5035222 59.861747 10.798436 117876 1180
1291897777 5036229 59.861747 10.798436 137196 1007
1291897778 5037392 59.861749 10.798419 107073 1163
1291897779 5038402 59.861741 10.798415 135716 1010
1291897780 5039413 59.861741 10.798415 125031 1011
1291897781 5040422 59.861746 10.798415 83137 1008
1291897782 5041473 59.861746 10.798415 102429 1051
1291897784 5042692 59.861746 10.798415 124706 1219
1291897785 5043702 59.861738 10.798412 106125 1009
1291897786 5044732 59.861738 10.798412 89156 1030
1291897787 5045973 59.861705 10.798381 111264 1241
1291897788 5047083 59.861676 10.798389 115231 1110
1291897789 5048192 59.861641 10.798414 122218 1109
1291897790 5049202 59.861608 10.798421 106367 1010
1291897791 5050412 59.861565 10.798443 98671 1210
1291897792 5051422 59.861517 10.798482 110341 1010
1291897793 5052462 59.861462 10.7985 88538 1040
1291897794 5053472 59.86142 10.798522 127161 1010
1291897795 5054473 59.861365 10.79854 94013 1001
1291897796 5055482 59.861323 10.798562 108273 1009
1291897797 5056492 59.861276 10.798584 119047 1010
1291897799 5057542 59.861233 10.798606 116192 1050
1291897800 5058592 59.86114 10.798649 70021 1050
1291897801 5059662 59.86114 10.798649 115246 1070
1291897802 5060722 59.861041 10.798706 129607 1060
1291897803 5061723 59.860987 10.798725 121613 1001
1291897804 5062972 59.860987 10.798725 116768 1249
1291897805 5063973 59.860884 10.798782 130009 1001
1291897806 5064982 59.860837 10.798804 146910 1009
1291897807 5065983 59.860837 10.798804 139375 1001
1291897808 5067042 59.860735 10.798844 168609 1059
1291897809 5068282 59.860681 10.798862 207731 1240
1291897810 5069284 59.860625 10.798898 157413 1002
1291897811 5070352 59.86057 10.798917 167186 1068
1291897812 5071532 59.860502 10.798949 189693 1180
1291897813 5072533 59.860442 10.798985 148329 1001
1291897815 5073541 59.860298 10.799047 159136 1008
1291897816 5074542 59.860298 10.799047 127891 1001
1291897817 5075562 59.860136 10.799123 130734 1020
1291897818 5076572 59.860046 10.799166 113132 1010
1291897819 5077582 59.860046 10.799166 114477 1010
1291897820 5078602 59.859945 10.799206 136066 1020
1291897821 5079603 59.859719 10.799314 136786 1001
1291897822 5080612 59.859719 10.799314 104581 1009
1291897823 5081662 59.859474 10.799416 112825 1050
1291897824 5082672 59.859345 10.799485 107750 1010
1291897825 5083822 59.859345 10.799485 124792 1150
1291897826 5084831 59.859086 10.7996 121968 1009
1291897827 5085832 59.85895 10.799666 123155 1001
1291897828 5087012 59.85895 10.799666 126073 1180
1291897829 5088022 59.858699 10.799785 153867 1010
1291897830 5089024 59.858582 10.799857 101626 1002
1291897831 5090031 59.858582 10.799857 136458 1007
1291897832 5091032 59.858344 10.799962 95971 1001
1291897833 5092052 59.858222 10.800012 125566 1020
1291897834 5093072 59.858222 10.800012 136637 1020
1291897835 5094251 59.857993 10.800103 126856 1179
1291897836 5095262 59.857872 10.800137 132298 1011
1291897837 5096271 59.857738 10.800167 112189 1009
1291897838 5097362 59.857606 10.800179 116458 1091
1291897839 5098372 59.857474 10.800192 146951 1010
1291897840 5099472 59.857336 10.800183 156402 1100
1291897841 5100511 59.857051 10.800128 151526 1039
1291897842 5101521 59.857051 10.800128 140648 1010
1291897843 5102532 59.85691 10.800102 109731 1011
1291897845 5103562 59.85664 10.800015 106112 1030
1291897846 5104571 59.85664 10.800015 41417 1009
1291897847 5105572 59.8565 10.799972 139096 1001
1291897848 5106591 59.856239 10.79987 69320 1019
1291897849 5107642 59.856239 10.79987 117304 1051
1291897850 5108651 59.856102 10.799845 150815 1009
1291897851 5109661 59.855842 10.799817 96182 1010
1291897852 5110662 59.855842 10.799817 102274 1001
1291897853 5111681 59.855703 10.799826 127228 1019
1291897854 5112691 59.855441 10.799886 121670 1010
1291897855 5113902 59.855441 10.799886 139408 1211
1291897856 5114923 59.855195 10.799935 145357 1021
1291897857 5116051 59.855094 10.799975 105007 1128
1291897858 5117061 59.855094 10.799975 100318 1010
1291897859 5118101 59.854894 10.80002 85504 1040
1291897860 5119111 59.854806 10.800046 78512 1010
1291897861 5120161 59.854806 10.800046 87139 1050
1291897862 5121291 59.854644 10.800083 129751 1130
1291897863 5122461 59.854575 10.800116 152538 1170
1291897864 5123462 59.854509 10.800131 158045 1001
1291897865 5124471 59.854447 10.800146 126615 1009
1291897866 5125481 59.854387 10.800164 119830 1010
1291897867 5126491 59.854325 10.800179 115377 1010
1291897869 5127651 59.854234 10.800188 104268 1160
1291897870 5128800 59.854234 10.800188 149312 1149
1291897871 5129871 59.854165 10.800199 134748 1071
1291897872 5130872 59.854133 10.800189 133064 1001
1291897873 5131881 59.854133 10.800189 130076 1009
1291897874 5132882 59.85406 10.800183 122532 1001
1291897875 5133883 59.854019 10.800187 152169 1001
1291897876 5134891 59.854019 10.800187 114450 1008
1291897877 5135902 59.853946 10.800182 110811 1011
1291897878 5136911 59.853914 10.800172 117383 1009
1291897879 5138031 59.853914 10.800172 129890 1120
1291897880 5139191 59.853841 10.800166 143267 1160
1291897881 5140381 59.853796 10.80017 138356 1190
1291897882 5141422 59.853756 10.800156 137696 1041
1291897883 5142423 59.853723 10.800164 135155 1001
1291897885 5143571 59.853691 10.800154 118128 1148
1291897886 5144581 59.853671 10.800147 139922 1010
1291897887 5145771 59.85363 10.800151 90668 1190
1291897888 5146782 59.85363 10.800151 135497 1011
1291897889 5147831 59.853591 10.800138 138169 1049
1291897890 5148951 59.853571 10.800131 141859 1120
1291897891 5149952 59.853571 10.800131 179554 1001
1291897892 5150961 59.853526 10.800135 163039 1009
1291897893 5151962 59.853506 10.800129 153431 1001
1291897894 5152970 59.853506 10.800129 156036 1008
1291897895 5153971 59.853459 10.80015 144562 1001
1291897896 5154982 59.853433 10.800161 175263 1011
1291897897 5156001 59.853433 10.800161 163426 1019
1291897898 5157011 59.853385 10.8002 159794 1010
1291897899 5158012 59.85337 10.800232 173322 1001
1291897900 5159021 59.85337 10.800232 150530 1009
1291897901 5160022 59.853332 10.800292 153499 1001
1291897902 5161031 59.853318 10.800306 148235 1009
1291897903 5162041 59.853318 10.800306 136980 1010
1291897904 5163042 59.853296 10.800373 156574 1001
1291897905 5164051 59.853279 10.800422 170821 1009
1291897906 5165130 59.853277 10.800458 134410 1079
1291897907 5166131 59.853268 10.80051 178834 1001
1291897908 5167270 59.853265 10.800545 143721 1139
1291897909 5168280 59.85326 10.800598 176311 1010
1291897910 5169451 59.85327 10.800636 149471 1171
1291897911 5170452 59.853274 10.800674 178612 1001
1291897912 5171502 59.853271 10.80071 98925 1050
1291897914 5172601 59.853287 10.800769 122133 1099
1291897915 5173612 59.853287 10.800769 177783 1011
1291897916 5174621 59.853298 10.80079 131656 1008
1291897917 5175791 59.85329 10.800786 145619 1170
1291897918 5176800 59.85329 10.800786 149061 1009
1291897919 5177801 59.853284 10.800804 155707 1001
1291897920 5178802 59.853284 10.800804 173908 1001
1291897921 5179985 59.853284 10.800804 220986 1183
