1294296546 644616 59.912172 10.749721 153132 1001
1294296547 645625 59.912168 10.749721 252001 1009
1294296548 646635 59.912166 10.749739 153051 1010
1294296549 647708 59.912163 10.749812 185141 1073
1294296550 648845 59.912135 10.749911 170034 1137
1294296551 649964 59.912114 10.749975 175020 1119
1294296552 651154 59.912093 10.750038 209883 1190
1294296553 652264 59.912079 10.750105 187402 1110
1294296554 653435 59.912054 10.750274 203127 1171
1294296555 654444 59.912045 10.750341 204404 1009
1294296556 655445 59.912045 10.750341 174418 1001
1294296557 656454 59.91204 10.750478 138045 1009
1294296558 657465 59.912041 10.750566 199352 1011
1294296559 658466 59.912041 10.750566 145252 1001
1294296561 659634 59.912031 10.750703 210174 1168
1294296562 660775 59.912021 10.750787 211963 1141
1294296563 661785 59.912021 10.750787 91704 1010
1294296564 662924 59.912009 10.750889 191620 1139
1294296565 663925 59.911991 10.750918 158727 1001
1294296566 664945 59.911973 10.750946 180822 1020
1294296567 666104 59.911962 10.750978 213774 1159
1294296568 667134 59.911961 10.750996 181686 1030
1294296569 668214 59.911952 10.75101 177441 1080
1294296570 669275 59.911949 10.751045 187926 1061
1294296571 670325 59.911947 10.751063 190810 1049
1294296572 671326 59.91195 10.75108 209710 1001
1294296573 672345 59.911943 10.751077 187445 1019
1294296574 673355 59.911935 10.751073 212077 1010
1294296575 674356 59.911933 10.751091 223871 1001
1294296576 675375 59.911937 10.751109 168498 1019
1294296577 676384 59.911935 10.751126 243526 1009
1294296578 677504 59.911929 10.751196 198469 1120
1294296579 678505 59.911928 10.751252 236366 1001
1294296580 679507 59.911928 10.751252 176051 1002
1294296581 680515 59.91191 10.751358 168433 1008
1294296582 681516 59.9119 10.751428 161242 1001
1294296584 682708 59.9119 10.751428 230246 1192
1294296585 683874 59.911866 10.751583 219054 1166
1294296586 684875 59.91186 10.751653 228445 1001
1294296587 685894 59.91186 10.751653 104647 1019
1294296588 686895 59.911834 10.751825 196470 1001
1294296589 688014 59.911822 10.751913 171906 1119
1294296590 689015 59.911822 10.751913 195759 1001
1294296591 690024 59.911816 10.752074 173211 1009
1294296592 691154 59.911808 10.75218 202398 1130
1294296593 692155 59.91181 10.752306 237440 1001
1294296594 693254 59.911807 10.752432 209975 1099
1294296595 694255 59.911817 10.752562 125732 1001
1294296597 695664 59.911828 10.752803 157969 1409
1294296598 696774 59.9118236666667 10.7529176666667 206732 1110
1294296599 697784 59.9118193333333 10.7530323333333 182269 1010
1294296600 698794 59.911815 10.753147 142884 1010
1294296601 699804 59.9118 10.75327 199373 1010
1294296602 700933 59.911773 10.75339 156286 1129
1294296603 702094 59.911759 10.753512 216668 1161
1294296604 703104 59.911732 10.753632 248045 1010
1294296605 704105 59.911717 10.753755 170367 1001
1294296606 705154 59.9117023636364 10.7538635454545 172920 1049
1294296607 706164 59.9116877272727 10.7539720909091 225307 1010
1294296608 707166 59.9116730909091 10.7540806363636 213128 1002
1294296609 708233 59.9116584545455 10.7541891818182 196220 1067
1294296610 709234 59.9116438181818 10.7542977272727 222823 1001
1294296611 710235 59.9116291818182 10.7544062727273 173479 1001
1294296612 711274 59.9116145454545 10.7545148181818 184066 1039
1294296613 712433 59.9115999090909 10.7546233636364 202681 1159
1294296614 713574 59.9115852727273 10.7547319090909 183735 1141
1294296616 714584 59.911556 10.754949 200126 1010
1294296617 715804 59.911556 10.754949 166546 1220
1294296618 716805 59.9115416666667 10.7550781111111 157541 1001
1294296619 717894 59.9115273333333 10.7552072222222 132294 1089
1294296620 719084 59.911513 10.7553363333333 190801 1190
1294296621 720085 59.9114986666667 10.7554654444444 145528 1001
1294296622 721093 59.9114843333333 10.7555945555556 86603 1008
1294296623 722104 59.91147 10.7557236666667 28158 1011
1294296624 723123 59.9114556666667 10.7558527777778 108746 1019
1294296625 724124 59.9114413333333 10.7559818888889 93987 1001
1294296626 725125 59.911427 10.756111 95548 1001
1294296627 726143 59.911416 10.756343 110854 1018
1294296628 727144 59.911402 10.75661 132766 1001
1294296629 728414 59.911376 10.756873 144157 1009
1294296630 729423 59.911336 10.75728 129325 1009
1294296631 730424 59.911336 10.75728 116392 1001
1294296632 731483 59.911319 10.757438 100306 1059
1294296633 732524 59.911284 10.757702 99036 1041
1294296635 733604 59.911284 10.757702 130674 1080
1294296636 734753 59.911246 10.757853 169949 1149
1294296637 735754 59.911233 10.75792 134013 1001
1294296638 736863 59.911233 10.75792 164638 1109
1294296639 738053 59.911197 10.758015 191428 1190
1294296640 739093 59.911186 10.758047 191818 1040
1294296641 740094 59.911174 10.758096 171317 1001
1294296642 741274 59.911165 10.758111 165301 1180
1294296643 742463 59.91114 10.758136 173321 1189
1294296644 743465 59.911117 10.758164 178142 1001
1294296645 744473 59.911083 10.758186 131962 1008
1294296646 745474 59.911083 10.758186 165152 1001
1294296647 746475 59.91107 10.7582 158330 1001
1294296648 747484 59.911062 10.758249 141062 1009
1294296649 748489 59.911062 10.758249 148729 1005
1294296650 749493 59.911065 10.758267 159510 1004
1294296651 750494 59.911066 10.75832 141452 1001
1294296652 751504 59.911066 10.75832 145546 1010
1294296654 752593 59.911063 10.758355 144388 1089
1294296659 758409 59.911069 10.758376 16384 5816
1294296661 759543 59.911076 10.758379 44079 1133
1294296662 760545 59.911071 10.758397 43776 1002
1294296663 761554 59.911075 10.758435 60742 1009
1294296664 762584 59.911056 10.758596 68036 1030
1294296665 763623 59.911016 10.75873 113482 1039
1294296666 764633 59.910981 10.758941 192990 1010
1294296667 765644 59.910965 10.759158 144708 1011
1294296668 766773 59.910965 10.759158 184662 1129
1294296669 767784 59.910942 10.759372 185943 1011
1294296670 768843 59.910933 10.759516 156802 1059
1294296671 769844 59.910933 10.759516 185493 1001
1294296672 770933 59.910906 10.759783 178181 1089
1294296673 772063 59.910897 10.759927 175419 1130
1294296674 773163 59.910869 10.760064 161951 1100
1294296675 774164 59.910841 10.760201 163978 1001
1294296676 775173 59.910805 10.760335 141932 1009
1294296677 776323 59.910761 10.760465 165188 1150
1294296678 777424 59.910681 10.760747 193916 1101
1294296679 778434 59.910681 10.760747 213715 1010
1294296680 779443 59.910604 10.76099 156990 1009
1294296681 780454 59.910567 10.761142 172517 1011
1294296683 781543 59.910567 10.761142 163888 1089
1294296684 782546 59.910513 10.761395 180054 1003
1294296685 783553 59.910483 10.761511 173580 1007
1294296686 784604 59.910483 10.761511 182259 1051
1294296687 785623 59.910446 10.761715 139868 1019
1294296688 786644 59.910428 10.761835 163282 1021
1294296689 787803 59.910428 10.761835 162271 1159
1294296690 788813 59.910391 10.762039 182344 1010
1294296691 789993 59.910354 10.762243 191097 1180
1294296692 791003 59.910323 10.762377 224258 1010
1294296693 792008 59.910278 10.762525 157677 1005
1294296694 793013 59.91024 10.762676 136489 1005
1294296695 794023 59.910182 10.762838 135691 1010
1294296696 795024 59.910131 10.763004 133686 1001
1294296697 796051 59.91008 10.763169 120947 1027
1294296698 797243 59.910029 10.763335 151096 1192
1294296699 798293 59.909981 10.763504 135370 1050
1294296700 799304 59.909934 10.763673 116369 1011
1294296701 800313 59.90989 10.763842 119122 1009
1294296702 801333 59.909836 10.76399 133625 1020
1294296703 802343 59.90979 10.764141 144792 1010
1294296704 803353 59.909741 10.764289 152083 1010
1294296705 804354 59.909696 10.764423 174426 1001
1294296706 805355 59.909655 10.764557 91075 1001
1294296707 806363 59.909615 10.76469 145358 1008
1294296708 807493 59.90952 10.764934 128133 1130
1294296709 808503 59.90952 10.764934 170683 1010
1294296710 809504 59.909435 10.765163 135315 1001
1294296711 810505 59.909388 10.765276 205334 1001
1294296712 811513 59.909388 10.765276 163729 1008
1294296714 812534 59.909357 10.765395 124493 1021
1294296715 813543 59.909293 10.765614 151041 1009
1294296716 814545 59.909293 10.765614 150267 1002
1294296717 815683 59.909233 10.765832 163416 1138
1294296718 816693 59.909196 10.765931 180426 1010
1294296719 817703 59.909196 10.765931 150467 1010
1294296720 818713 59.90913 10.766128 179494 1010
1294296721 819714 59.909109 10.76623 140877 1001
1294296722 820893 59.909109 10.76623 138938 1179
1294296723 821903 59.909057 10.766466 170042 1010
1294296724 822973 59.90903 10.766547 137964 1070
1294296725 824063 59.909001 10.766645 121559 1090
1294296726 825064 59.908965 10.766741 136942 1001
1294296727 826092 59.908938 10.766822 89366 1028
1294296728 827112 59.908938 10.766822 61560 1020
1294296729 828113 59.908893 10.76697 49574 1001
1294296730 829162 59.908872 10.767033 111262 1049
1294296731 830163 59.908862 10.767104 140456 1001
1294296732 831173 59.90885 10.767153 111851 1010
1294296733 832182 59.908835 10.767185 86875 1009
1294296734 833203 59.908835 10.767185 125651 1021
1294296735 834222 59.908823 10.767234 82051 1019
1294296736 835422 59.908821 10.767252 107678 1199
1294296737 836433 59.908814 10.767248 78589 1011
1294296739 837632 59.908824 10.767269 47985 1199
1294296740 839042 59.908824 10.767269 138505 1410
1294296743 841752 59.908819 10.767287 27360 2710
1294296744 842763 59.908816 10.767322 69226 1011
1294296745 843772 59.908802 10.767389 112041 1009
1294296746 844773 59.908807 10.767427 123193 1001
1294296747 845782 59.908818 10.767501 142096 1009
1294296748 846793 59.908801 10.76755 139211 1011
1294296749 847943 59.908797 10.767603 130104 1150
1294296750 849062 59.908788 10.767655 144665 1119
1294296751 850112 59.908773 10.767687 110402 1050
1294296752 851128 59.908757 10.767737 138905 1016
1294296753 852302 59.908749 10.767772 202671 1174
1294296754 853503 59.908736 10.767824 219833 1201
1294296755 854513 59.908709 10.767853 190719 1010
1294296756 855522 59.908666 10.767913 84924 1009
1294296758 856744 59.908666 10.767913 45144 1222
1294296759 857762 59.908635 10.767903 63453 1018
1294296760 858772 59.908562 10.767844 73063 1010
1294296761 859773 59.908562 10.767844 90270 1001
1294296762 860794 59.908487 10.767804 39118 1021
1294296763 861982 59.908448 10.76779 61676 1188
1294296764 862983 59.908409 10.767759 130135 1001
1294296765 863993 59.908384 10.767732 155897 1010
1294296766 865172 59.908368 10.767725 151639 1179
1294296767 866182 59.908354 10.767701 147503 1010
1294296768 867342 59.908347 10.767697 146295 1160
1294296769 868352 59.908342 10.767712 168211 1010
1294296770 869452 59.908339 10.767723 178370 1100
1294296771 870454 59.908334 10.767737 185484 1001
1294296772 871462 59.908334 10.767737 174809 1008
1294296773 872472 59.908334 10.767751 140590 1010
1294296775 873542 59.90834 10.7678 97357 1070
1294296776 874546 59.90834 10.7678 155297 1004
1294296777 875552 59.908334 10.767808 167911 1006
1294296778 876553 59.908346 10.767825 172943 1001
1294296779 877554 59.908346 10.767825 184755 1001
1294296780 878595 59.908353 10.767819 135294 1041
1294296781 879612 59.908361 10.767836 146703 1017
1294296782 880613 59.908361 10.767836 139405 1001
1294296783 881642 59.908396 10.76784 130581 1029
1294296784 882652 59.908397 10.767836 118389 1010
1294296785 883662 59.908397 10.767836 146249 1010
1294296786 884664 59.908369 10.76784 168337 1002
1294296787 885673 59.908343 10.767827 142080 1009
1294296788 886682 59.908343 10.767827 174672 1009
1294296789 887683 59.908275 10.767783 166201 1001
1294296790 888691 59.90823525 10.7677635 107015 1008
1294296791 889701 59.9081955 10.767744 69638 1010
1294296792 890713 59.90815575 10.7677245 71555 1012
1294296793 891721 59.908116 10.767705 96431 1008
1294296794 892741 59.908116 10.767705 94653 1020
1294296795 893742 59.907992 10.767644 93479 1001
1294296796 894753 59.907913 10.767618 58145 1011
1294296797 895761 59.907913 10.767618 61187 1008
1294296798 896762 59.907733 10.767575 78157 1001
1294296799 897772 59.907645 10.767563 103134 1010
1294296800 898802 59.907645 10.767563 89309 1030
1294296801 899821 59.90746 10.767576 59942 1019
1294296802 900865 59.907366 10.767567 13680 1044
1294296803 901873 59.907366 10.767567 58070 1008
1294296804 903151 59.907165 10.767577 63625 1278
1294296805 904211 59.907055 10.767561 58414 1060
1294296806 905342 59.906958 10.767549 136266 1131
1294296807 906352 59.906887 10.767564 114941 1010
1294296808 907368 59.906817 10.767561 127074 1016
1294296809 908371 59.906754 10.76758 138103 1003
1294296810 909381 59.906692 10.767581 149917 1010
1294296811 910382 59.906639 10.767567 121153 1001
1294296812 911404 59.906639 10.767567 90571 1022
1294296813 912411 59.906493 10.76758 72582 1007
1294296815 913602 59.906493 10.76758 64968 1191
1294296816 914611 59.906456 10.767587 83004 1009
1294296817 915612 59.906372 10.767599 95292 1001
1294296818 916793 59.906372 10.767599 108536 1181
1294296819 917794 59.906289 10.767611 128222 1001
1294296820 918812 59.906233 10.767594 102916 1018
1294296821 919851 59.906233 10.767594 88668 1039
1294296822 921001 59.90618 10.767595 16416 1149
1294296823 922012 59.906061 10.767541 58351 1011
1294296824 923311 59.906061 10.767541 23256 1299
1294296827 926513 59.905911 10.767476 2266 3202
1294296828 927521 59.905836 10.767435 75850 1008
1294296830 928542 59.905747 10.767388 38304 1021
1294296831 929658 59.905561 10.76731 18901 1116
1294296832 930661 59.905467 10.767263 128726 1003
1294296833 931662 59.905257 10.767178 127661 1001
1294296834 932672 59.90504 10.767129 159365 1010
1294296835 933673 59.904925 10.767092 150344 1001
1294296836 934681 59.904925 10.767092 122935 1008
1294296837 935691 59.904703 10.767057 100923 1010
1294296838 936693 59.904635 10.766999 114285 1002
1294296839 937701 59.904635 10.766999 105313 1008
1294296840 938711 59.904575 10.766926 87897 1010
1294296841 939901 59.904498 10.766829 64636 1190
1294296842 940912 59.904498 10.766829 39672 1011
1294296843 941913 59.90444 10.766777 52540 1001
1294296844 942961 59.904414 10.766736 63607 1048
1294296845 943971 59.904414 10.766736 49833 1010
1294296846 944973 59.904328 10.76673 52762 1002
1294296847 946211 59.904278 10.766734 94013 1238
1294296848 947240 59.904229 10.766773 110169 1029
1294296849 948252 59.904175 10.76683 140523 1012
1294296850 949271 59.904121 10.766887 119508 1019
1294296851 950281 59.904071 10.766944 123871 1010
1294296852 951381 59.904013 10.766997 119057 1100
1294296853 952393 59.903965 10.767075 128422 1012
1294296854 953401 59.903915 10.767132 104990 1008
1294296855 954531 59.903823 10.767249 111708 1130
1294296857 955656 59.903823 10.767249 92731 1125
1294296858 956661 59.903778 10.767306 120369 1005
1294296859 957671 59.903684 10.76735 88550 1010
1294296860 958681 59.903684 10.76735 136402 1010
1294296861 959692 59.903596 10.767376 195763 1011
1294296862 960851 59.903551 10.76738 150718 1159
1294296863 961852 59.903551 10.76738 204777 1001
1294296864 962861 59.903505 10.767384 161987 1009
1294296865 964021 59.903484 10.767395 218108 1160
1294296866 965061 59.90348 10.767395 190969 1040
1294296867 966171 59.903475 10.767395 201200 1110
1294296868 967290 59.903471 10.767395 199663 1118
1294296869 968481 59.903482 10.767401 204603 1191
1294296870 969521 59.903489 10.767405 194249 1040
1294296872 970552 59.903489 10.767405 190290 1031
1294296873 971601 59.903497 10.767408 113043 1049
1294296874 972611 59.903515 10.767418 193587 1010
1294296875 973721 59.903515 10.767418 166999 1110
1294296876 974731 59.903518 10.767421 219536 1010
1294296877 975931 59.903526 10.767425 200110 1200
1294296878 977101 59.903526 10.767425 198470 1170
1294296879 978201 59.903521 10.767425 172292 1100
1294296880 979301 59.903521 10.767425 200251 1100
1294296881 980302 59.903509 10.767421 221408 1001
1294296882 981310 59.9035 10.767436 136171 1008
1294296883 982480 59.903468 10.767426 145869 1170
1294296885 983621 59.903406 10.767441 190665 1141
1294296886 984701 59.903367 10.767427 186512 1080
1294296887 985781 59.903367 10.767427 187917 1080
1294296888 986841 59.903279 10.767415 216726 1060
1294296889 987972 59.903239 10.767402 239553 1131
1294296890 989092 59.903204 10.767388 251164 1120
1294296891 990101 59.903169 10.767375 205432 1009
1294296892 991111 59.903142 10.767365 118796 1010
1294296893 992120 59.903119 10.767355 123375 1009
1294296894 993121 59.903105 10.767369 118762 1001
1294296895 994170 59.903079 10.767394 129782 1049
1294296896 995180 59.903066 10.767408 153391 1010
1294296897 996190 59.903049 10.767419 173536 1010
1294296898 997192 59.903028 10.76743 206744 1002
1294296899 998200 59.903004 10.767423 170336 1008
1294296900 999201 59.902963 10.767428 245828 1001
1294296901 1000210 59.902931 10.767418 177157 1009
1294296902 1001211 59.902885 10.767422 207611 1001
1294296903 1002240 59.90284 10.767426 206735 1029
1294296904 1003281 59.902794 10.76743 219213 1041
1294296905 1004282 59.902747 10.767452 196062 1001
1294296906 1005340 59.902702 10.767456 176979 1058
1294296907 1006470 59.902658 10.767443 190376 1130
1294296909 1007561 59.902564 10.767448 196716 1091
1294296910 1008571 59.902524 10.767435 197571 1009
1294296911 1009590 59.902524 10.767435 189822 1019
1294296912 1010592 59.902448 10.767373 209509 1002
1294296913 1011611 59.90241 10.767342 139283 1019
1294296914 1012612 59.90241 10.767342 195753 1001
1294296915 1013641 59.902331 10.767277 169360 1029
1294296916 1014650 59.902299 10.767228 189181 1008
1294296917 1015656 59.902299 10.767228 120226 1006
1294296918 1016660 59.902241 10.767152 123936 1004
1294296919 1017662 59.902209 10.767104 92369 1002
1294296920 1018670 59.902209 10.767104 95124 1008
1294296921 1019690 59.902141 10.766951 85092 1020
1294296922 1020760 59.902109 10.76685 121255 1070
1294296923 1021922 59.902061 10.766742 134233 1162
1294296924 1023100 59.902035 10.766623 126204 1178
1294296925 1024240 59.901998 10.766484 113047 1140
1294296926 1025250 59.901998 10.766484 125704 1010
1294296927 1026251 59.901945 10.766208 101301 1001
1294296928 1027259 59.901913 10.766068 133013 1008
1294296929 1028279 59.901873 10.765925 107338 1020
1294296930 1029280 59.90182 10.765779 126122 1001
1294296931 1030291 59.90178 10.765636 112017 1011
1294296932 1031389 59.901739 10.765511 127214 1098
1294296934 1032549 59.901657 10.765243 144783 1160
1294296935 1033611 59.901657 10.765243 128893 1062
1294296936 1034620 59.901618 10.765121 131602 1009
1294296937 1035640 59.901543 10.764873 115797 1020
1294296938 1036660 59.901543 10.764873 110178 1020
1294296939 1037750 59.901457 10.764605 126981 1090
1294296940 1038751 59.901411 10.76448 150736 1001
1294296941 1039807 59.901411 10.76448 152019 1056
1294296942 1040810 59.901297 10.764201 169970 1003
1294296943 1041811 59.901231 10.764031 199010 1001
1294296944 1042820 59.901231 10.764031 191795 1009
1294296945 1043940 59.90111 10.763697 167848 1120
1294296946 1044941 59.90106 10.763515 213142 1001
1294296947 1045950 59.90106 10.763515 192062 1009
1294296948 1046970 59.901001 10.763166 168433 1020
1294296949 1048049 59.900972 10.762991 193802 1079
1294296950 1049051 59.900972 10.762991 187911 1002
1294296951 1050160 59.900917 10.762628 155860 1109
1294296952 1051170 59.900887 10.762453 199781 1010
1294296953 1052179 59.900853 10.762279 168576 1009
1294296954 1053180 59.900824 10.762104 184978 1001
1294296955 1054260 59.900794 10.761968 233405 1080
1294296956 1055439 59.900717 10.761618 218372 1179
1294296957 1056450 59.900677 10.761461 163933 1011
1294296958 1057459 59.900677 10.761461 118714 1009
1294296959 1058471 59.900638 10.761287 136960 1012
1294296960 1059479 59.900566 10.760937 140192 1008
1294296962 1060579 59.900566 10.760937 168044 1100
1294296963 1061680 59.900516 10.760598 200310 1101
1294296964 1062999 59.90048 10.760441 197604 1319
1294296965 1064009 59.90048 10.760441 163743 1010
1294296966 1065010 59.900431 10.760154 147554 1001
1294296967 1066029 59.900389 10.760015 148692 1019
1294296968 1067089 59.900349 10.75991 128740 1060
1294296969 1068099 59.900306 10.759788 111248 1010
1294296970 1069109 59.900279 10.759687 115736 1010
1294296971 1070111 59.900279 10.759687 137788 1002
1294296972 1071119 59.900202 10.759482 96740 1008
1294296973 1072129 59.900154 10.759374 111081 1010
1294296974 1073139 59.900099 10.759263 119642 1010
1294296975 1074239 59.900046 10.759172 144377 1100
1294296976 1075249 59.899997 10.759082 86927 1010
1294296977 1076279 59.899948 10.758992 85780 1030
1294296978 1077299 59.89989 10.758916 56583 1020
1294296979 1078324 59.899839 10.758843 42154 1024
1294296980 1079339 59.899839 10.758843 34200 1015
1294296981 1080489 59.899736 10.758733 23962 1150
1294296982 1081529 59.899678 10.758696 20520 1040
1294296984 1082609 59.899678 10.758696 23256 1080
1294296985 1083619 59.899564 10.758656 32806 1010
1294296986 1084678 59.899503 10.758653 57605 1059
1294296987 1085689 59.899503 10.758653 51984 1011
1294296988 1086719 59.899374 10.758683 56341 1030
1294296989 1087918 59.899312 10.758698 41826 1199
1294296990 1088929 59.89925 10.758713 46512 1010
1294296991 1089999 59.899129 10.758747 35126 1070
1294296992 1091009 59.899129 10.758747 38304 1010
1294296993 1092079 59.899066 10.758762 34200 1070
1294296994 1093099 59.898939 10.758775 29297 1020
1294296995 1094138 59.898939 10.758775 34200 1039
1294296998 1096708 59.898871 10.758769 31464 2570
1294296999 1097759 59.89881 10.758766 62928 1051
1294297000 1098769 59.898755 10.758746 23952 1010
1294297001 1099809 59.898696 10.758726 24624 1040
1294297003 1102479 59.898641 10.758706 20520 2670
1294297004 1103480 59.898588 10.758669 47880 1001
1294297005 1104490 59.898533 10.758649 51909 1010
1294297006 1105529 59.898419 10.758609 72501 1037
1294297008 1106548 59.898419 10.758609 21888 1019
1294297009 1107564 59.898299 10.758639 35987 1016
1294297010 1108568 59.898241 10.758654 62629 1004
1294297011 1109569 59.898132 10.758705 73933 1001
1294297012 1110579 59.898085 10.758741 84388 1010
1294297013 1111769 59.897973 10.75888 85613 1190
1294297014 1112908 59.897949 10.758926 58796 1139
1294297015 1114019 59.897913 10.758983 60107 1111
1294297016 1115048 59.897913 10.758983 77561 1029
1294297017 1116049 59.897899 10.759011 88340 1001
1294297018 1117068 59.897892 10.759008 95044 1019
1294297019 1118078 59.897892 10.759008 98305 1010
1294297020 1119080 59.897878 10.759022 84256 1002
1294297021 1120098 59.89787 10.759019 100487 1018
1294297022 1121110 59.897864 10.759036 83829 1012
1294297023 1122118 59.897857 10.759033 106181 1008
1294297024 1123119 59.897851 10.759051 89165 1001
1294297025 1124138 59.897846 10.759051 66451 1019
1294297026 1125158 59.897834 10.759047 97101 1020
1294297027 1126168 59.897821 10.759061 99551 1010
1294297028 1127169 59.897821 10.759061 85684 1001
1294297029 1128228 59.897804 10.759058 79365 1059
1294297030 1129229 59.897799 10.759058 100305 1001
1294297031 1130238 59.897799 10.759058 76826 1009
1294297032 1131389 59.897789 10.759076 79360 1151
1294297033 1132418 59.897789 10.759076 62823 1029
1294297034 1133508 59.897789 10.759076 36936 1090
1294297035 1134518 59.897768 10.759125 44427 1010
1294297037 1135538 59.897761 10.75916 46690 1020
1294297038 1136548 59.897744 10.759209 38180 1010
1294297039 1137558 59.897719 10.759311 57292 1010
1294297040 1138559 59.897719 10.759311 79418 1001
1294297041 1139748 59.897695 10.759448 128534 1189
1294297042 1140758 59.897677 10.759515 106040 1010
1294297043 1141759 59.897677 10.759515 99986 1001
1294297044 1142768 59.897644 10.759667 74547 1009
1294297045 1143778 59.897626 10.759733 94699 1010
1294297046 1144788 59.897626 10.759733 77644 1010
1294297047 1145808 59.897575 10.759861 64912 1020
1294297048 1146818 59.89755 10.759924 48597 1010
1294297049 1147838 59.89755 10.759924 47880 1020
1294297050 1148841 59.897486 10.760009 19498 1003
1294297051 1149858 59.89745 10.760052 27360 1017
1294297052 1150868 59.89745 10.760052 24624 1010
1294297053 1151888 59.897371 10.760116 24550 1020
1294297054 1152908 59.897335 10.760159 34200 1020
1294297055 1153928 59.897335 10.760159 26043 1020
1294297056 1154948 59.897294 10.760202 39672 1020
1294297057 1156008 59.897208 10.760301 20208 1060
1294297058 1157018 59.897208 10.760301 106459 1010
1294297059 1158058 59.897109 10.760362 52030 1040
1294297060 1159078 59.897059 10.760419 16416 1020
1294297061 1160087 59.897059 10.760419 59523 1009
1294297062 1161108 59.896952 10.760515 61789 1021
1294297063 1162118 59.896894 10.760569 53712 1010
1294297064 1163129 59.896832 10.760622 62066 1011
1294297065 1164148 59.896772 10.760658 93007 1019
1294297066 1165157 59.89671 10.760712 82574 1009
1294297067 1166158 59.896637 10.760745 71516 1001
1294297068 1167210 59.896568 10.760795 65460 1052
1294297069 1168217 59.896484 10.760859 82210 1007
1294297070 1169348 59.896403 10.760906 64454 1131
1294297071 1170437 59.896221 10.761028 76714 1089
1294297072 1171447 59.896221 10.761028 88446 1010
1294297073 1172448 59.896123 10.761086 73569 1001
1294297074 1173457 59.895914 10.761198 69355 1009
1294297076 1174557 59.895914 10.761198 55271 1100
1294297077 1175738 59.895809 10.761235 68778 1181
1294297078 1176768 59.895585 10.761302 64877 1030
1294297079 1177778 59.895585 10.761302 83201 1010
1294297080 1178807 59.895354 10.761386 79716 1029
1294297081 1179817 59.895231 10.761399 62782 1010
1294297082 1180818 59.895231 10.761399 79050 1001
1294297083 1181827 59.894987 10.761459 103702 1009
1294297084 1182978 59.894861 10.761507 99833 1151
1294297085 1184157 59.894729 10.761534 131393 1179
1294297086 1185197 59.894604 10.761582 123249 1040
1294297087 1186257 59.894472 10.761609 117963 1060
1294297088 1187437 59.894346 10.761656 106393 1180
1294297089 1188447 59.894079 10.761783 85599 1010
1294297090 1189458 59.894079 10.761783 108521 1011
1294297091 1190467 59.893946 10.761866 103464 1009
1294297093 1191617 59.893684 10.762032 112156 1150
1294297094 1192627 59.893684 10.762032 135563 1010
1294297095 1193650 59.893433 10.762257 116360 1023
1294297096 1194657 59.893303 10.762396 104600 1006
1294297097 1195658 59.893303 10.762396 132781 1001
1294297098 1196667 59.893176 10.762552 104863 1009
1294297099 1197697 59.892944 10.762892 110047 1030
1294297100 1198777 59.892944 10.762892 106859 1080
1294297101 1199787 59.892703 10.763247 138866 1010
1294297102 1200807 59.892589 10.763427 130714 1020
1294297103 1201827 59.892589 10.763427 112602 1020
1294297104 1202848 59.892356 10.763785 112889 1021
1294297105 1203887 59.892243 10.763966 111200 1039
1294297106 1204977 59.89212 10.76416 124352 1089
1294297107 1206087 59.892017 10.764379 128863 1110
1294297108 1207089 59.89191 10.764595 150691 1002
1294297109 1208117 59.891813 10.764817 89920 1028
1294297110 1209119 59.891708 10.765054 219397 1002
1294297111 1210228 59.891609 10.765273 167283 1109
1294297112 1211237 59.891609 10.765273 216515 1009
1294297113 1212437 59.891308 10.765951 95402 1200
1294297114 1213447 59.891308 10.765951 134203 1010
1294297115 1214507 59.891212 10.766173 90597 1060
1294297117 1215557 59.890998 10.76659 138776 1050
1294297118 1216597 59.890998 10.76659 133978 1040
1294297119 1217607 59.890886 10.766806 82897 1010
1294297120 1218807 59.890651 10.767181 96647 1200
1294297121 1219887 59.890651 10.767181 67525 1080
1294297122 1220917 59.890411 10.767518 93267 1030
1294297123 1221937 59.890306 10.767702 86678 1020
1294297124 1222986 59.890199 10.767865 82206 1049
1294297125 1223987 59.890095 10.768031 72040 1001
1294297126 1224997 59.889997 10.76818 81478 1010
1294297127 1226007 59.889997 10.76818 81492 1010
1294297128 1227027 59.88981 10.768463 82788 1020
1294297129 1228037 59.889722 10.76858 86659 1010
1294297130 1229047 59.889638 10.768715 128201 1010
1294297131 1230057 59.88955 10.768832 203852 1010
1294297132 1231117 59.889467 10.768949 148839 1060
1294297133 1232118 59.889467 10.768949 211561 1001
1294297134 1233187 59.889309 10.769186 172999 1069
1294297135 1234189 59.889235 10.769289 139540 1002
1294297136 1235247 59.889161 10.769392 89499 1058
1294297137 1236278 59.889087 10.769494 69709 1031
1294297138 1237287 59.889018 10.769597 122369 1009
1294297139 1238467 59.888957 10.769686 106065 1180
1294297140 1239476 59.888847 10.769831 105614 1009
1294297141 1240490 59.888847 10.769831 113758 1014
1294297142 1241497 59.8888 10.769906 100209 1006
1294297144 1242577 59.888732 10.769991 136754 1080
1294297145 1243637 59.888732 10.769991 123558 1060
1294297146 1244646 59.88871 10.770019 119026 1009
1294297147 1245647 59.888687 10.770048 146803 1001
1294297148 1246656 59.888687 10.770048 127997 1009
1294297149 1247696 59.888664 10.770076 111790 1040
1294297150 1248836 59.888649 10.770108 130057 1140
1294297151 1249987 59.888634 10.77014 134932 1151
1294297152 1250996 59.888607 10.770168 118362 1009
1294297153 1252007 59.888575 10.770211 104112 1011
1294297154 1253066 59.888539 10.770253 111414 1059
1294297155 1254267 59.888503 10.770296 129921 1201
1294297156 1255337 59.888467 10.770339 134315 1070
1294297157 1256357 59.88843 10.770381 125974 1020
1294297158 1257517 59.88837 10.77047 112577 1160
1294297159 1258518 59.88837 10.77047 116907 1001
1294297161 1259546 59.888334 10.770512 88609 1028
1294297162 1260547 59.888326 10.770509 153360 1001
1294297163 1261667 59.888326 10.770509 142483 1120
1294297164 1262668 59.888317 10.770523 147421 1001
1294297165 1263676 59.888317 10.770523 89965 1008
1294297166 1264677 59.888317 10.770523 105239 1001
1294297167 1265686 59.888319 10.770506 174521 1009
1294297168 1266827 59.888319 10.770506 144769 1141
1294297169 1267836 59.888319 10.770506 142853 1009
1294297170 1268946 59.888315 10.770502 148826 1110
1294297171 1269947 59.888315 10.770502 142886 1001
1294297172 1270956 59.888315 10.770502 110917 1009
1294297173 1271957 59.888315 10.770502 157500 1001
1294297174 1272966 59.888315 10.770502 139470 1009
1294297175 1274077 59.888315 10.770502 98996 1111
1294297176 1275236 59.888321 10.770485 123241 1159
1294297177 1276426 59.888321 10.770485 143962 1190
1294297178 1277526 59.888315 10.770502 126281 1099
1294297179 1278528 59.888306 10.770517 136983 1002
1294297181 1279642 59.888306 10.770517 124805 1114
1294297182 1280646 59.88827 10.770559 128799 1004
1294297183 1281817 59.888241 10.770605 166610 1171
1294297184 1282826 59.888241 10.770605 118846 1009
1294297185 1283828 59.888169 10.77069 99197 1002
1294297186 1285026 59.888133 10.770733 108899 1198
1294297187 1286046 59.888133 10.770733 97128 1020
1294297188 1287056 59.888054 10.770836 26910 1010
1294297189 1288086 59.888018 10.770878 41040 1030
1294297190 1289126 59.888018 10.770878 47653 1040
1294297191 1290156 59.887931 10.770995 38738 1030
1294297192 1291256 59.887885 10.771052 30096 1100
1294297193 1292356 59.887835 10.771109 15564 1100
1294297194 1293366 59.88778 10.771184 56088 1010
1294297195 1294376 59.887721 10.771255 21076 1010
1294297196 1295385 59.887721 10.771255 31464 1009
1294297197 1296406 59.887597 10.771414 27200 1021
1294297198 1297441 59.887532 10.771503 41040 1035
1294297200 1298626 59.887532 10.771503 23458 1185
1294297201 1299656 59.887467 10.771591 19152 1030
1294297202 1300726 59.887395 10.771677 6840 1070
1294297203 1301796 59.887318 10.771762 6840 1070
1294297204 1302806 59.887244 10.771865 13983 1010
1294297205 1303836 59.887171 10.77195 45144 1030
1294297206 1304876 59.887094 10.772035 28112 1040
1294297207 1305936 59.887022 10.77212 23256 1060
1294297208 1306956 59.886943 10.772223 28728 1020
1294297209 1307966 59.88687 10.772326 30472 1010
1294297210 1308996 59.886793 10.772411 43776 1030
1294297211 1310006 59.886645 10.772617 40459 1010
1294297212 1311026 59.88658 10.772705 49211 1020
1294297213 1312046 59.886455 10.772882 61436 1020
1294297214 1313286 59.886402 10.772974 71341 1240
1294297215 1314325 59.886358 10.773052 72504 1039
1294297216 1315335 59.886321 10.773112 45268 1010
1294297217 1316336 59.886289 10.773193 92686 1001
1294297218 1317345 59.886251 10.773253 123929 1009
1294297219 1318456 59.886235 10.773303 100704 1111
1294297221 1319649 59.886212 10.773331 94263 1193
1294297222 1320655 59.886187 10.773395 93541 1006
1294297223 1321656 59.886187 10.773395 46512 1001
1294297224 1322665 59.886185 10.773412 52594 1009
1294297225 1323666 59.886176 10.773426 77438 1001
1294297226 1324675 59.886176 10.773426 46038 1009
1294297227 1325686 59.886176 10.773426 54032 1011
1294297228 1326715 59.886184 10.77343 57422 1029
1294297229 1327745 59.886182 10.773447 47639 1030
1294297230 1328755 59.886178 10.773447 18365 1010
1294297231 1329786 59.886178 10.773447 41040 1031
1294297232 1331015 59.886178 10.773447 19098 1229
1294297235 1333680 59.886182 10.773447 35568 2665
1294297236 1334695 59.886181 10.773465 78104 1015
1294297237 1335866 59.886181 10.773465 86621 1171
1294297238 1336885 59.886181 10.773465 76854 1019
1294297239 1337916 59.886185 10.773465 92851 1031
1294297240 1338925 59.886184 10.773482 77203 1009
1294297241 1339926 59.886184 10.773482 111693 1001
1294297242 1340927 59.886152 10.773563 94828 1001
1294297243 1341936 59.886127 10.773627 94421 1009
1294297244 1342945 59.886127 10.773627 101351 1009
1294297245 1343955 59.88607 10.773772 89184 1010
1294297246 1344985 59.886031 10.773849 56548 1030
1294297247 1346345 59.886031 10.773849 34108 1360
1294297248 1347445 59.885911 10.774208 71199 1100
1294297250 1348565 59.885911 10.774208 76483 1120
1294297251 1349645 59.885911 10.774208 38304 1080
1294297252 1350665 59.885859 10.774335 36936 1020
1294297253 1351765 59.88576 10.774645 38462 1100
1294297254 1353075 59.88576 10.774645 32832 1310
1294297255 1354085 59.885714 10.774811 111656 1010
1294297256 1355095 59.88563 10.77518 112632 1010
1294297257 1356165 59.885586 10.775563 127378 1070
1294297258 1357186 59.885575 10.775742 174100 1021
1294297259 1358195 59.885567 10.775938 118040 1009
1294297260 1359355 59.885561 10.776099 152979 1160
1294297261 1360366 59.885556 10.77626 123406 1011
1294297262 1361405 59.885558 10.776425 96634 1039
1294297264 1362585 59.885569 10.776775 131233 1180
1294297265 1363606 59.885569 10.776775 148053 1021
1294297266 1364615 59.885543 10.777168 166151 1009
1294297267 1365616 59.88553 10.777364 125673 1001
1294297268 1366635 59.88553 10.777364 133702 1019
1294297269 1367647 59.885502 10.777592 133077 1012
1294297270 1368655 59.885411 10.777982 88024 1008
1294297271 1369815 59.885411 10.777982 118847 1160
1294297272 1370835 59.885261 10.778352 123938 1020
1294297273 1371845 59.885177 10.778525 98617 1010
1294297274 1372865 59.885177 10.778525 83816 1020
1294297275 1373875 59.884999 10.778885 139081 1010
1294297276 1374885 59.884919 10.779058 122000 1010
1294297277 1375886 59.884919 10.779058 172827 1001
1294297278 1376895 59.884749 10.779383 146385 1009
1294297279 1377905 59.884659 10.779535 130089 1010
1294297280 1378915 59.884659 10.779535 124553 1010
1294297281 1379924 59.884502 10.779846 87110 1009
1294297282 1380925 59.884412 10.779998 103045 1001
1294297283 1381935 59.884412 10.779998 132050 1010
1294297284 1382945 59.884252 10.780291 134941 1010
1294297285 1383955 59.884174 10.780447 123919 1010
1294297286 1384964 59.884174 10.780447 79343 1009
1294297287 1386045 59.884002 10.780737 90508 1081
1294297288 1387055 59.883918 10.780871 94916 1010
1294297289 1388125 59.883829 10.781006 114728 1070
1294297290 1389194 59.88374 10.78114 124874 1069
1294297291 1390204 59.883646 10.781275 127870 1010
1294297292 1391205 59.88355 10.781406 150035 1001
1294297293 1392234 59.883462 10.781523 123588 1029
1294297294 1393355 59.883362 10.781636 86014 1121
1294297295 1394490 59.883275 10.781753 136705 1135
1294297296 1395504 59.88309 10.781963 138650 1014
1294297297 1396514 59.88309 10.781963 119724 1010
1294297299 1397534 59.88309 10.781963 65561 1020
1294297300 1398547 59.882923 10.782162 83490 1013
1294297301 1399555 59.882855 10.782247 106672 1008
1294297302 1400564 59.882728 10.782403 100091 1009
1294297303 1401764 59.882663 10.782492 131560 1200
1294297304 1402775 59.882663 10.782492 117593 1011
1294297305 1403924 59.882559 10.78262 101153 1149
1294297306 1404934 59.882501 10.782673 110244 1010
1294297307 1405945 59.882501 10.782673 89361 1011
1294297308 1406964 59.882402 10.782787 117083 1019
1294297309 1407974 59.882364 10.782847 123516 1010
1294297310 1409024 59.882323 10.78289 107117 1050
1294297311 1410035 59.882295 10.782935 126018 1011
1294297312 1411064 59.88228 10.782967 102388 1029
1294297313 1412164 59.882252 10.782996 155778 1100
1294297314 1413175 59.882247 10.783013 103873 1010
1294297315 1414204 59.882233 10.783027 89296 1029
1294297316 1415214 59.882233 10.783027 71237 1010
1294297317 1416404 59.882224 10.783027 80466 1190
1294297318 1417414 59.882224 10.783027 101123 1010
1294297319 1418434 59.882224 10.783027 109600 1020
1294297320 1419454 59.882224 10.783027 97426 1020
1294297321 1420464 59.882224 10.783027 83211 1010
1294297322 1421474 59.882224 10.783027 71019 1010
1294297323 1422494 59.882216 10.783024 67856 1020
1294297324 1423495 59.88221 10.783003 59963 1001
1294297325 1424504 59.88221 10.783003 67707 1009
1294297326 1425524 59.882201 10.782979 64762 1020
1294297328 1426584 59.882201 10.782979 83662 1060
1294297329 1427594 59.882201 10.782979 79344 1010
1294297330 1428604 59.882195 10.782958 47911 1010
1294297331 1429614 59.882187 10.782955 97444 1010
1294297332 1430624 59.882187 10.782955 73629 1010
1294297333 1431643 59.882178 10.78293 73901 1019
1294297334 1432644 59.88217 10.782927 93299 1001
1294297335 1433844 59.88217 10.782927 99864 1200
1294297336 1434854 59.882162 10.782924 91682 1010
1294297337 1435863 59.882155 10.78292 92563 1009
1294297338 1436984 59.882146 10.782896 100447 1121
1294297339 1437986 59.88213 10.78289 142604 1002
1294297340 1438993 59.88213 10.78289 72809 1007
1294297341 1440004 59.882115 10.782883 54316 1011
1294297342 1441014 59.882107 10.782879 62496 1010
1294297343 1442024 59.882107 10.782879 83884 1010
1294297344 1443044 59.882091 10.78289 74763 1020
1294297345 1444053 59.882077 10.782905 66516 1009
1294297346 1445154 59.882065 10.782901 77608 1101
1294297347 1446174 59.882064 10.782919 71136 1020
1294297348 1447185 59.882059 10.782919 59016 1011
1294297349 1448203 59.882059 10.782919 73278 1018
1294297350 1449356 59.882047 10.782954 94011 1153
1294297351 1450444 59.882043 10.782954 130955 1088
1294297352 1451454 59.882037 10.782971 135128 1010
1294297354 1452567 59.882045 10.783013 108224 1113
1294297355 1453654 59.882045 10.783013 61668 1087
1294297356 1454664 59.882039 10.783031 105269 1010
1294297357 1455674 59.882046 10.783072 114616 1010
1294297358 1456813 59.882046 10.783072 88119 1139
1294297359 1457834 59.882029 10.783125 60511 1021
1294297360 1458843 59.882012 10.783174 69814 1009
1294297361 1459853 59.882012 10.783174 95277 1010
1294297362 1460873 59.88197 10.783273 103109 1020
1294297363 1461893 59.881941 10.783319 108440 1020
1294297364 1462913 59.881941 10.783319 90209 1020
1294297365 1463914 59.881884 10.783411 101817 1001
1294297366 1465014 59.881847 10.783471 93878 1100
1294297367 1466024 59.881847 10.783471 85331 1010
1294297368 1467294 59.881764 10.783574 59492 1269
1294297369 1468313 59.881723 10.783616 71238 1018
1294297370 1469323 59.881682 10.783659 90779 1010
1294297371 1470363 59.881632 10.783716 85815 1040
1294297372 1471443 59.881591 10.783758 113689 1079
1294297373 1472495 59.881522 10.783847 128449 1052
1294297374 1473504 59.881481 10.783889 85244 1009
1294297375 1474524 59.881481 10.783889 101836 1020
1294297377 1475625 59.881447 10.783914 97310 1101
1294297378 1476803 59.881376 10.783982 136489 1178
1294297379 1477973 59.881342 10.78399 136872 1170
1294297380 1479133 59.881295 10.784011 131638 1160
1294297381 1480143 59.881253 10.784033 127141 1010
1294297382 1481153 59.881218 10.784058 103630 1010
1294297383 1482343 59.881183 10.784083 116687 1190
1294297384 1483413 59.881141 10.784105 83072 1070
1294297385 1484423 59.881106 10.78413 108275 1010
1294297386 1485443 59.881038 10.784163 110363 1020
1294297387 1486444 59.881038 10.784163 103213 1001
1294297389 1487573 59.880991 10.784184 108178 1129
1294297390 1488583 59.88089 10.784224 62762 1009
1294297391 1489603 59.88089 10.784224 78957 1020
1294297392 1490623 59.880841 10.784264 63444 1020
1294297393 1491663 59.880747 10.784307 93008 1040
1294297394 1492673 59.880747 10.784307 59926 1010
1294297395 1493703 59.8807 10.784329 53778 1030
1294297396 1494708 59.880594 10.784369 83270 1005
1294297397 1495863 59.880594 10.784369 85608 1155
1294297398 1497033 59.880495 10.78443 114064 1170
1294297399 1498053 59.880446 10.784469 87455 1020
1294297400 1499163 59.880399 10.784491 88381 1110
1294297401 1500173 59.880352 10.784513 89135 1010
1294297402 1501183 59.880304 10.784552 64549 1010
1294297403 1502313 59.880262 10.784574 92006 1130
1294297404 1503323 59.880219 10.784595 92551 1010
1294297405 1504343 59.880171 10.784634 85289 1020
1294297406 1505382 59.880107 10.784667 63576 1039
1294297407 1506383 59.879962 10.784746 48200 1001
1294297408 1507463 59.879962 10.784746 70456 1080
1294297410 1508613 59.879876 10.784807 73796 1150
1294297411 1509623 59.879676 10.784905 77111 1010
1294297412 1510723 59.879676 10.784905 77606 1100
1294297413 1511893 59.879433 10.785025 75667 1170
1294297414 1512913 59.879302 10.78509 91639 1020
1294297415 1513932 59.879302 10.78509 77976 1019
1294297416 1514953 59.879039 10.785202 65129 1021
1294297417 1515963 59.878903 10.785268 87441 1010
1294297418 1516964 59.878903 10.785268 88517 1001
1294297419 1518083 59.878661 10.785387 105094 1119
1294297420 1519093 59.878543 10.785438 104975 1010
1294297421 1520122 59.878543 10.785438 62928 1029
1294297422 1521142 59.878288 10.785554 52268 1020
1294297423 1522163 59.878166 10.785605 104511 1021
1294297424 1523302 59.878041 10.785673 87241 1139
1294297425 1524303 59.877907 10.785721 105857 1001
1294297426 1525373 59.877784 10.785772 84728 1070
1294297427 1526382 59.877648 10.785837 77590 1009
1294297428 1527393 59.877389 10.785953 104757 1011
1294297429 1528402 59.877389 10.785953 80948 1009
1294297430 1529412 59.877262 10.786004 72877 1010
1294297431 1530423 59.877022 10.786127 56171 1011
1294297432 1531432 59.877022 10.786127 44801 1009
1294297433 1532433 59.8769 10.786178 58118 1001
1294297434 1533462 59.876659 10.78628 62125 1029
1294297435 1534489 59.876659 10.78628 51885 1020
1294297437 1535603 59.876544 10.786334 69431 1114
1294297438 1536622 59.87631 10.786439 68407 1019
1294297439 1537624 59.87631 10.786439 68568 1002
1294297440 1538632 59.876209 10.786479 74773 1008
1294297441 1539641 59.876035 10.786566 66121 1009
1294297442 1540652 59.876035 10.786566 70297 1011
1294297443 1541702 59.875945 10.78661 49185 1050
1294297444 1542722 59.875789 10.786668 76851 1020
1294297445 1543742 59.875789 10.786668 59570 1020
1294297446 1544752 59.875714 10.786697 49248 1010
1294297447 1545753 59.875582 10.786762 34869 1001
1294297448 1546772 59.875582 10.786762 41940 1019
1294297449 1547782 59.875523 10.786781 42408 1010
1294297450 1548812 59.87542 10.7868 38384 1030
1294297451 1549872 59.87542 10.7868 34151 1060
1294297452 1551052 59.875351 10.786794 59326 1180
1294297453 1552072 59.875324 10.786784 69197 1020
1294297454 1553073 59.875324 10.786784 80946 1001
1294297455 1554092 59.875303 10.786795 86515 1019
1294297456 1555102 59.875295 10.786792 57459 1010
1294297457 1556112 59.875295 10.786792 37348 1010
1294297458 1557132 59.875286 10.786806 47115 1020
1294297459 1558191 59.87528 10.786785 45144 1059
1294297460 1559202 59.87528 10.786785 33453 1011
1294297461 1560212 59.875274 10.786802 64904 1010
1294297462 1561222 59.875266 10.786799 71435 1010
1294297463 1562291 59.875266 10.786799 82319 1069
1294297464 1563312 59.875268 10.786782 76607 1021
1294297465 1564352 59.87526 10.786778 50105 1040
1294297467 1565642 59.87526 10.786778 50293 1290
1294297468 1566672 59.875257 10.786775 61603 1030
1294297469 1567722 59.875257 10.786775 50616 1050
1294297470 1568732 59.875257 10.786775 29892 1010
1294297471 1569752 59.875257 10.786775 27360 1020
1294297472 1570812 59.87524 10.786786 30096 1060
1294297473 1571822 59.875227 10.7868 38026 1010
1294297474 1572842 59.875201 10.786811 46512 1020
1294297475 1573892 59.875166 10.786836 42408 1050
1294297476 1574902 59.875124 10.786858 30719 1010
1294297477 1575912 59.875077 10.786879 19152 1010
1294297478 1576941 59.875028 10.786919 24624 1029
1294297480 1578948 59.875028 10.786919 16384 2007
1294297481 1579952 59.874907 10.78699 66851 1003
1294297482 1580962 59.874851 10.787026 39672 1010
1294297483 1582005 59.874791 10.787062 39680 1043
1294297484 1583032 59.874723 10.787095 34200 1027
1294297485 1584052 59.874653 10.787145 35568 1020
1294297486 1585182 59.874585 10.787177 12975 1130
1294297487 1586231 59.874516 10.787228 13680 1049
1294297488 1587251 59.87445 10.787278 23256 1020
1294297489 1588352 59.87445 10.787278 19152 1101
1294297490 1589401 59.874311 10.787378 21318 1049
1294297491 1590493 59.874248 10.787449 23256 1092
1294297492 1591501 59.874248 10.787449 20520 1008
1294297494 1592551 59.87411 10.787584 19508 1050
1294297495 1593638 59.874039 10.787652 25992 1087
1294297496 1594712 59.874039 10.787652 24624 1074
1294297497 1595721 59.873959 10.787734 28728 1009
1294297498 1596722 59.8738 10.78788 19086 1001
1294297499 1597762 59.8738 10.78788 31464 1040
1294297500 1598792 59.873734 10.787947 24624 1030
1294297501 1599961 59.873655 10.788012 12312 1169
1294297502 1601011 59.873575 10.788093 16416 1050
1294297503 1602031 59.873496 10.788158 15693 1020
1294297504 1603061 59.873403 10.788254 28728 1030
1294297505 1604081 59.87331 10.788332 19152 1020
1294297506 1605131 59.873217 10.788428 34464 1050
1294297507 1606161 59.873124 10.788507 62928 1030
1294297508 1607181 59.873031 10.788603 46260 1020
1294297509 1608191 59.872846 10.78876 51453 1010
1294297510 1609202 59.872746 10.788835 39672 1011
1294297511 1610251 59.872654 10.788913 21791 1049
1294297512 1611361 59.872554 10.788989 25992 1110
1294297514 1612562 59.87247 10.78907 13680 1201
1294297515 1613582 59.87247 10.78907 15048 1020
1294297516 1614591 59.872377 10.789149 10944 1009
1294297517 1615741 59.872285 10.789227 6840 1150
1294297518 1616792 59.872194 10.789288 4649 1051
1294297519 1617831 59.872102 10.789367 8208 1039
1294297520 1618891 59.872023 10.789431 17784 1060
1294297521 1619961 59.871943 10.789513 12312 1070
1294297522 1621001 59.871943 10.789513 10944 1040
1294297523 1622261 59.87186 10.789577 8208 1260
1294297524 1623291 59.871789 10.789645 5472 1030
1294297525 1624452 59.87171 10.789709 4278 1161
1294297527 1625570 59.871635 10.789777 8208 1118
1294297528 1626751 59.871564 10.789844 6840 1181
1294297529 1627831 59.8715 10.789915 6840 1079
1294297530 1628911 59.8715 10.789915 10944 1080
1294297531 1630061 59.871443 10.789969 6840 1150
1294297532 1631121 59.871381 10.790022 9576 1060
1294297533 1632151 59.871325 10.790058 13680 1030
1294297534 1633181 59.871281 10.790097 22381 1030
1294297535 1634221 59.871254 10.790126 20520 1040
1294297536 1635321 59.871219 10.790151 17784 1100
1294297537 1636370 59.871205 10.790165 10166 1049
1294297538 1637461 59.871192 10.790179 17784 1091
1294297540 1638551 59.871184 10.790176 13680 1090
1294297541 1639592 59.871184 10.790176 5472 1040
1294297542 1640651 59.871183 10.790193 33016 1059
1294297543 1641661 59.871183 10.790193 12312 1010
1294297544 1642831 59.871183 10.790193 10944 1170
1294297545 1643991 59.871183 10.790193 4104 1160
1294297546 1645001 59.871175 10.79019 58412 1010
1294297547 1646011 59.871175 10.79019 31464 1010
1294297548 1647031 59.871168 10.790187 11785 1020
1294297550 1648551 59.871168 10.790187 8208 1519
1294297551 1649701 59.871168 10.790187 5472 1150
1294297552 1650751 59.871168 10.790187 6840 1050
1294297553 1651841 59.871168 10.790187 6840 1090
1294297554 1652951 59.871168 10.790187 9576 1110
1294297555 1654040 59.871168 10.790187 10944 1089
1294297557 1655646 59.871168 10.790187 14014 1606
1294297558 1656651 59.871163 10.790187 73209 1005
1294297559 1657661 59.871163 10.790187 81767 1010
1294297560 1658671 59.871157 10.790204 144994 1010
1294297561 1659676 59.871095 10.790258 112789 1005
1294297562 1660690 59.871054 10.7903 72128 1014
1294297563 1661711 59.870953 10.790393 73529 1021
1294297564 1662760 59.870891 10.790446 59565 1049
1294297565 1663780 59.870758 10.790567 38609 1020
1294297566 1664781 59.870679 10.790632 40475 1001
1294297567 1665791 59.870518 10.79076 69269 1010
1294297568 1666840 59.870427 10.790821 53616 1049
1294297569 1667851 59.870218 10.790933 57408 1011
1294297570 1668981 59.870115 10.790991 56306 1130
1294297571 1670000 59.869901 10.791102 64113 1019
1294297572 1671010 59.8698 10.791143 63584 1010
1294297573 1672011 59.869705 10.791203 56088 1001
1294297574 1673030 59.869603 10.791243 41969 1019
1294297575 1674120 59.869415 10.791344 64947 1090
1294297576 1675200 59.869332 10.79137 76371 1080
1294297577 1676220 59.869182 10.79145 84079 1020
1294297578 1677221 59.869118 10.791482 113202 1001
1294297579 1678370 59.868993 10.791568 97339 1149
1294297580 1679490 59.868916 10.791615 124198 1120
1294297582 1680590 59.868867 10.791654 142109 1100
1294297583 1681740 59.868867 10.791654 141904 1150
1294297584 1682741 59.86876 10.791712 124090 1001
1294297585 1683743 59.868706 10.791769 101245 1002
1294297586 1684750 59.868706 10.791769 135610 1007
1294297587 1685891 59.868569 10.791834 148319 1141
1294297588 1686902 59.868503 10.791849 119333 1011
1294297589 1688080 59.868439 10.791881 112542 1178
1294297590 1689090 59.868377 10.791896 114357 1010
1294297591 1690111 59.868315 10.791911 113288 1021
1294297592 1691120 59.868315 10.791911 104259 1009
1294297593 1692130 59.868207 10.791945 104744 1010
1294297594 1693140 59.868164 10.791966 89297 1010
1294297595 1694160 59.868164 10.791966 46072 1020
1294297596 1695170 59.868073 10.791989 60303 1010
1294297597 1696190 59.868023 10.792007 101519 1020
1294297598 1697200 59.867987 10.792011 149625 1010
1294297599 1698210 59.867937 10.79203 105928 1010
1294297600 1699211 59.867893 10.792069 86014 1001
1294297601 1700390 59.867857 10.792073 102278 1179
1294297602 1701392 59.867806 10.792091 97128 1002
1294297603 1702400 59.867764 10.792113 39590 1008
1294297604 1703410 59.867764 10.792113 65664 1010
1294297605 1704419 59.867693 10.792142 53608 1009
1294297606 1705470 59.867655 10.792164 68400 1051
1294297607 1706490 59.867626 10.792172 35184 1020
1294297608 1707510 59.867605 10.792182 46512 1019
1294297609 1708511 59.867597 10.792179 67381 1001
1294297610 1709520 59.867584 10.792193 125970 1009
1294297611 1710521 59.867581 10.792176 82091 1001
1294297612 1711530 59.867581 10.792176 111496 1009
1294297614 1712550 59.867581 10.792176 79899 1020
1294297615 1713560 59.867568 10.792172 98064 1010
1294297616 1714578 59.867568 10.792172 87437 1018
1294297617 1715580 59.867564 10.792172 112041 1002
1294297618 1716590 59.867564 10.792172 165616 1010
1294297619 1717730 59.867564 10.792172 156711 1140
1294297620 1718731 59.867567 10.792176 140350 1001
1294297621 1719732 59.867569 10.792158 129038 1001
1294297622 1720900 59.867569 10.792158 104287 1168
1294297623 1721950 59.86756 10.792158 149312 1050
1294297624 1722960 59.867569 10.792144 132253 1010
1294297625 1724010 59.867569 10.792144 72019 1050
1294297626 1725080 59.867564 10.792144 24624 1070
1294297627 1726140 59.867567 10.792147 33444 1060
1294297628 1727149 59.867567 10.792147 32832 1009
1294297629 1728170 59.867545 10.792176 28069 1021
1294297630 1729220 59.867523 10.792187 30096 1050
1294297631 1730400 59.867498 10.792197 22663 1180
1294297632 1731410 59.867442 10.792233 96947 1010
1294297633 1732420 59.867442 10.792233 115804 1010
1294297634 1733439 59.867408 10.792241 109830 1019
1294297635 1734440 59.867331 10.792288 95298 1001
1294297636 1735460 59.867331 10.792288 75962 1020
1294297637 1736470 59.867289 10.792309 86679 1010
1294297638 1737480 59.867199 10.792353 99753 1010
1294297639 1738500 59.867199 10.792353 90218 1020
1294297640 1739501 59.867151 10.792353 86859 1001
1294297641 1740510 59.867057 10.792411 76928 1009
1294297642 1741519 59.867057 10.792411 116468 1009
1294297644 1742570 59.866952 10.792448 137696 1051
1294297645 1743580 59.866904 10.792449 143363 1009
1294297646 1744590 59.866904 10.792449 91752 1010
1294297647 1745670 59.866791 10.792482 115465 1080
1294297648 1746780 59.866741 10.7925 134661 1110
1294297649 1747789 59.866741 10.7925 165593 1009
1294297650 1748790 59.866629 10.792534 147745 1001
1294297651 1749791 59.866579 10.792552 189739 1001
1294297652 1750799 59.866579 10.792552 137410 1008
1294297653 1751959 59.866473 10.792606 209502 1160
1294297654 1752979 59.866423 10.792625 176556 1020
1294297655 1754030 59.866381 10.792646 165082 1051
1294297656 1755031 59.866326 10.792665 157893 1001
1294297657 1756040 59.866284 10.792686 112900 1009
1294297658 1757049 59.866235 10.792726 133907 1009
1294297659 1758109 59.866181 10.792744 148210 1060
1294297660 1759110 59.866132 10.792783 158673 1001
1294297661 1760160 59.866076 10.792819 157278 1050
1294297662 1761289 59.86604 10.792862 153606 1129
1294297663 1762329 59.865992 10.792901 149932 1040
1294297664 1763349 59.865936 10.792937 147026 1020
1294297665 1764389 59.865786 10.79303 160060 1040
1294297666 1765459 59.865786 10.79303 143981 1070
1294297667 1766460 59.865633 10.793145 124012 1001
1294297668 1767469 59.865554 10.793209 143266 1009
1294297669 1768519 59.865554 10.793209 115066 1050
1294297671 1769549 59.865367 10.793348 133106 1030
1294297672 1770551 59.865274 10.793427 121985 1002
1294297673 1771559 59.865274 10.793427 137650 1008
1294297674 1772569 59.865083 10.793619 138940 1010
1294297675 1773579 59.864977 10.793711 76273 1010
1294297676 1774580 59.864977 10.793711 112319 1001
1294297677 1775589 59.864876 10.793842 135225 1009
1294297678 1776599 59.864692 10.794129 95544 1010
1294297679 1777819 59.864692 10.794129 102928 1220
1294297680 1778829 59.864521 10.794453 122846 1008
1294297681 1779839 59.864446 10.794612 99381 1010
1294297682 1780840 59.864446 10.794612 108002 1001
1294297683 1781869 59.864317 10.794933 83513 1029
1294297684 1782879 59.864258 10.795094 83157 1010
1294297685 1783889 59.864258 10.795094 72504 1010
1294297686 1784909 59.864132 10.795418 59042 1020
1294297687 1785919 59.864081 10.795584 40994 1010
1294297688 1786938 59.864081 10.795584 64296 1019
1294297689 1787939 59.863972 10.795897 48827 1001
1294297690 1788959 59.863915 10.796041 67032 1020
1294297691 1789979 59.863915 10.796041 61108 1020
1294297692 1790980 59.863799 10.796333 127732 1001
1294297693 1792000 59.863735 10.79646 111645 1020
1294297694 1793079 59.863674 10.796587 107408 1079
1294297695 1794109 59.863614 10.796714 106213 1029
1294297696 1795159 59.863548 10.79682 121217 1050
1294297697 1796299 59.863479 10.796908 172280 1140
1294297698 1797309 59.863406 10.796994 87084 1010
1294297699 1798339 59.863334 10.797079 50616 1030
1294297701 1799539 59.863257 10.797164 46134 1200
1294297702 1800547 59.863172 10.797246 65664 1008
1294297703 1801548 59.863093 10.79731 30550 1001
1294297704 1802558 59.863093 10.79731 36936 1010
1294297707 1806458 59.862957 10.797466 26987 3899
1294297708 1807478 59.862888 10.797516 25992 1019
1294297709 1808509 59.862888 10.797516 34200 1031
1294297712 1810850 59.862767 10.79764 31839 2341
1294297713 1811870 59.862709 10.797694 24624 1020
1294297714 1812879 59.862709 10.797694 20520 1009
1294297719 1817998 59.862647 10.797747 15048 5119
1294297722 1820759 59.862561 10.797846 6684 2761
1294297723 1821769 59.862561 10.797846 47880 1010
1294297724 1822778 59.862498 10.797917 83546 1009
1294297725 1823788 59.862463 10.797942 50630 1010
1294297726 1824818 59.8624 10.798013 69716 1030
1294297727 1825848 59.86238 10.798045 53077 1030
1294297728 1826869 59.862354 10.798056 46512 1021
1294297729 1827878 59.862318 10.798098 22110 1009
1294297743 1841983 59.862305 10.798113 57030 14105
1294297744 1843063 59.862282 10.798141 123789 1080
1294297745 1844064 59.862239 10.798163 117207 1001
1294297746 1845263 59.862176 10.798195 121671 1199
1294297747 1846283 59.862108 10.798228 125069 1020
1294297748 1847294 59.862032 10.798257 138818 1011
1294297749 1848313 59.86195 10.798304 138363 1019
1294297750 1849523 59.861911 10.798329 140922 1210
1294297752 1850533 59.861897 10.798343 150865 1010
1294297753 1851553 59.861897 10.798343 168045 1020
1294297754 1852554 59.86189 10.79834 131403 1001
1294297755 1853573 59.861884 10.798357 164957 1019
1294297756 1854575 59.861876 10.798354 141371 1002
1294297757 1855582 59.861876 10.798354 110430 1007
1294297758 1856583 59.861868 10.79835 113231 1001
1294297759 1857612 59.861868 10.79835 60781 1029
1294297760 1858663 59.861855 10.798365 65645 1051
1294297761 1859783 59.861847 10.798361 131539 1120
1294297762 1860884 59.86184 10.798358 128906 1101
1294297763 1862042 59.861811 10.798365 126903 1158
1294297764 1863232 59.861755 10.798401 121203 1189
1294297765 1864243 59.861721 10.798409 107572 1011
1294297766 1865253 59.861679 10.79843 90173 1010
1294297767 1866262 59.861646 10.798438 107681 1009
1294297768 1867272 59.861603 10.79846 106272 1010
1294297769 1868432 59.861564 10.798485 123267 1160
1294297770 1869443 59.861479 10.798528 112260 1011
1294297771 1870452 59.861479 10.798528 100178 1009
1294297773 1871591 59.861431 10.798567 89290 1139
1294297774 1872593 59.861328 10.798625 168301 1001
1294297775 1873632 59.861328 10.798625 123405 1039
1294297776 1874633 59.861211 10.798697 134120 1001
1294297777 1875634 59.861145 10.798712 145921 1001
1294297778 1876642 59.861145 10.798712 156696 1008
1294297779 1877782 59.861034 10.798766 129120 1140
1294297780 1878783 59.86098 10.798784 177295 1001
1294297781 1879942 59.860919 10.79882 144049 1159
1294297782 1881042 59.860864 10.798838 189429 1100
1294297783 1882103 59.86081 10.798857 80162 1061
1294297784 1883113 59.860766 10.798896 117025 1010
1294297785 1884222 59.860711 10.798914 105002 1109
1294297786 1885343 59.860657 10.798933 164970 1121
1294297787 1886344 59.860601 10.798968 155100 1001
1294297788 1887353 59.860546 10.798987 127443 1009
1294297789 1888372 59.860483 10.799019 184500 1019
1294297790 1889482 59.860339 10.799081 129157 1110
1294297791 1890489 59.860263 10.79911 133025 1007
1294297792 1891492 59.860263 10.79911 118901 1001
1294297793 1892493 59.860093 10.799183 127146 1001
1294297794 1893522 59.860004 10.799226 134913 1029
1294297796 1894548 59.860004 10.799226 145283 1026
1294297797 1895762 59.859818 10.799309 172871 1214
1294297798 1897252 59.859721 10.799349 158089 1490
1294297800 1898562 59.859627 10.799393 147635 1236
1294297801 1899722 59.859441 10.799476 151475 1160
1294297802 1900732 59.859441 10.799476 142450 1010
1294297803 1901742 59.859254 10.79956 120043 1010
1294297804 1902753 59.859151 10.799617 144171 1011
1294297805 1903762 59.859151 10.799617 166001 1009
1294297806 1904772 59.858951 10.799715 131872 1010
1294297807 1905782 59.858842 10.799751 115061 1010
1294297808 1906792 59.858842 10.799751 144634 1010
1294297809 1907793 59.858642 10.799849 139243 1001
1294297810 1908794 59.858532 10.799903 128834 1001
1294297811 1910022 59.858426 10.799943 125443 1228
1294297812 1911172 59.85832 10.799997 136733 1150
1294297813 1912173 59.858218 10.800037 196754 1001
1294297814 1913182 59.858218 10.800037 133046 1009
1294297815 1914192 59.858012 10.800114 84891 1010
1294297816 1915203 59.857912 10.800137 120087 1011
1294297817 1916222 59.857912 10.800137 149369 1019
1294297818 1917412 59.85761 10.800145 90408 1190
1294297819 1918422 59.85761 10.800145 92854 1009
1294297820 1919442 59.857504 10.800146 103410 1020
1294297822 1920562 59.857313 10.800139 74720 1120
1294297823 1921672 59.857313 10.800139 148444 1110
1294297824 1922842 59.857123 10.800075 182975 1170
1294297825 1923862 59.857032 10.800045 146132 1020
1294297826 1925052 59.856935 10.799994 63043 1190
1294297827 1926061 59.856836 10.799961 105713 1009
1294297828 1927301 59.856729 10.799924 66229 1240
1294297829 1928312 59.856632 10.799873 84330 1011
1294297830 1929402 59.856436 10.799789 44002 1090
1294297831 1930411 59.856436 10.799789 93021 1009
1294297832 1931421 59.856337 10.799755 66660 1010
1294297833 1932441 59.85615 10.799709 108634 1020
1294297834 1933442 59.85615 10.799709 72257 1001
1294297835 1934451 59.85605 10.799693 116108 1009
1294297836 1935453 59.855859 10.799686 84120 1002
1294297837 1936472 59.855859 10.799686 123685 1019
1294297838 1937482 59.855753 10.799687 106630 1010
1294297839 1938491 59.855554 10.799715 98326 1009
1294297840 1939512 59.855554 10.799715 114053 1021
1294297841 1940523 59.855466 10.799741 105735 1011
1294297843 1941532 59.855306 10.799799 116442 1008
1294297844 1942548 59.855306 10.799799 110589 1016
1294297845 1943551 59.855234 10.799814 100032 1003
1294297846 1944631 59.855095 10.799862 44995 1080
1294297847 1945642 59.855095 10.799862 70364 1011
1294297848 1946651 59.855031 10.79988 69866 1009
1294297849 1947722 59.854921 10.79992 51143 1071
1294297850 1948731 59.854921 10.79992 110654 1009
1294297851 1949732 59.854842 10.79997 114646 1001
1294297852 1950742 59.854812 10.799981 119526 1010
1294297853 1951751 59.854812 10.799981 149028 1009
1294297854 1952752 59.854747 10.800017 143269 1001
1294297855 1953952 59.854721 10.800027 145686 1200
1294297856 1954962 59.854721 10.800027 142837 1010
1294297857 1955963 59.854674 10.800049 119215 1001
1294297858 1956971 59.854649 10.80006 143369 1008
1294297859 1957981 59.854649 10.80006 136519 1010
1294297860 1958982 59.854613 10.800103 127986 1001
1294297861 1960192 59.854599 10.800117 117209 1210
1294297862 1961193 59.854581 10.800131 124502 1001
1294297863 1962202 59.85456 10.800142 125258 1009
1294297864 1963212 59.854538 10.800153 127670 1010
1294297865 1964231 59.854514 10.800146 124094 1019
1294297866 1965232 59.854488 10.800157 115944 1001
1294297867 1966242 59.854475 10.800171 129759 1010
1294297868 1967243 59.854451 10.800164 133678 1001
1294297869 1968271 59.854425 10.800175 120441 1027
1294297870 1969361 59.854413 10.800172 133684 1090
1294297872 1970562 59.854375 10.800179 134497 1201
1294297873 1971571 59.854351 10.800173 121442 1009
1294297874 1972582 59.854351 10.800173 130438 1011
1294297875 1973591 59.854298 10.800173 124635 1009
1294297876 1974593 59.854276 10.800184 123576 1002
1294297877 1975681 59.854276 10.800184 138836 1088
1294297878 1976682 59.854241 10.800171 145774 1001
1294297879 1977762 59.854165 10.800162 101952 1080
1294297880 1979101 59.854126 10.800148 139434 1339
1294297881 1980102 59.854079 10.800132 141369 1001
1294297882 1981103 59.854032 10.800115 105339 1001
1294297883 1982121 59.854032 10.800115 152228 1018
1294297884 1983141 59.853963 10.800109 96410 1020
1294297885 1984391 59.853936 10.800099 153500 1250
1294297886 1985401 59.853908 10.800089 158911 1010
1294297887 1986441 59.85386 10.80009 132656 1040
1294297888 1987521 59.85386 10.80009 138110 1080
1294297890 1988762 59.853828 10.800094 133970 1241
1294297891 1989771 59.85382 10.80009 146612 1009
1294297892 1990781 59.85382 10.80009 91671 1010
1294297893 1991941 59.853797 10.80008 158045 1160
1294297894 1993001 59.85377 10.80007 152126 1060
1294297895 1994030 59.85377 10.80007 137644 1029
1294297896 1995153 59.853727 10.800054 76400 1123
1294297897 1996161 59.853705 10.800044 113574 1008
1294297898 1997202 59.853689 10.800037 117642 1041
1294297899 1998361 59.853674 10.80003 142321 1159
1294297901 1999561 59.853659 10.800062 143169 1200
1294297902 2000570 59.853642 10.800073 143861 1009
1294297903 2001580 59.853603 10.800098 101448 1010
1294297904 2002591 59.853603 10.800098 67525 1011
1294297905 2003611 59.853577 10.800109 123690 1020
1294297908 2007230 59.853535 10.800116 27578 3619
1294297909 2008312 59.853535 10.800116 35568 1082
1294297910 2009321 59.853502 10.800148 54061 1009
1294297911 2010530 59.853484 10.800162 63564 1209
1294297912 2011531 59.853476 10.800183 77044 1001
1294297914 2012561 59.853475 10.800186 79898 1030
1294297915 2013562 59.853472 10.800207 85376 1001
1294297916 2014740 59.853469 10.800228 89962 1178
1294297917 2015741 59.853457 10.800263 100385 1001
1294297918 2016750 59.853459 10.800284 109274 1009
1294297918 2017107 59.853459 10.800284 19481 357
