1297715079 4371105 59.89416 10.629655 236817 1001
1297715080 4372106 59.894163 10.629672 333388 1001
1297715081 4373144 59.894166 10.62969 103428 1038
1297715082 4374155 59.894176 10.629728 192839 1011
1297715083 4375156 59.894164 10.629777 126258 1001
1297715085 4376355 59.894153 10.629809 169548 1199
1297715086 4377356 59.894109 10.62981 188566 1001
1297715087 4378364 59.894085 10.629765 185922 1008
1297715088 4379365 59.894085 10.629765 171280 1001
1297715089 4380424 59.894029 10.629655 203469 1059
1297715090 4381425 59.893999 10.629589 239781 1001
1297715091 4382426 59.893999 10.629589 251658 1001
1297715092 4383514 59.893934 10.629439 204941 1088
1297715093 4384526 59.893906 10.629338 244423 1012
1297715094 4385536 59.893906 10.629338 259127 1010
1297715095 4386626 59.893825 10.629147 216126 1090
1297715096 4387635 59.893791 10.629064 316008 1009
1297715097 4388636 59.893791 10.629064 171162 1001
1297715098 4389645 59.893734 10.628918 255938 1009
1297715099 4390646 59.893706 10.628856 236855 1001
1297715100 4391664 59.893706 10.628856 250272 1018
1297715101 4392665 59.893686 10.628705 231250 1001
1297715102 4393676 59.893692 10.628635 232992 1011
1297715103 4394685 59.893692 10.628635 249906 1009
1297715104 4395706 59.89375 10.628473 242105 1021
1297715105 4396707 59.893803 10.62838 260343 1001
1297715106 4397708 59.893803 10.62838 253124 1001
1297715107 4398715 59.893912 10.628196 246604 1007
1297715108 4399755 59.893965 10.628104 273151 1040
1297715109 4400906 59.894018 10.628012 273966 1151
1297715110 4401985 59.894084 10.627905 270316 1079
1297715111 4403086 59.894141 10.627813 286557 1101
1297715112 4404087 59.894209 10.627689 250895 1001
1297715113 4405095 59.894282 10.627586 277875 1008
1297715114 4406096 59.89435 10.627462 253012 1001
1297715115 4407105 59.89443 10.627341 253772 1009
1297715116 4408106 59.89451 10.627221 246657 1001
1297715117 4409116 59.894577 10.627097 295488 1010
1297715118 4410117 59.894645 10.626973 238455 1001
1297715119 4411126 59.894699 10.626863 229639 1009
1297715120 4412265 59.894754 10.626736 259680 1139
1297715121 4413275 59.894801 10.626623 288648 1010
1297715122 4414285 59.894881 10.626393 239939 1010
1297715123 4415286 59.894881 10.626393 247608 1001
1297715127 4418935 59.895133 10.626073 116280 3649
1297715128 4419937 59.895229 10.62605 113885 1002
1297715129 4420945 59.895323 10.626044 317212 1008
1297715130 4421995 59.895432 10.62606 281792 1050
1297715131 4422996 59.895546 10.626061 392968 1001
1297715132 4423998 59.895663 10.62608 317570 1002
1297715133 4425005 59.895781 10.626081 374694 1007
1297715134 4426045 59.895906 10.626103 357084 1040
1297715135 4427046 59.896032 10.626107 426173 1001
1297715136 4428056 59.896161 10.626129 313440 1010
1297715137 4429058 59.896294 10.626137 348023 1002
1297715138 4430185 59.896423 10.626159 337892 1127
1297715139 4431265 59.896555 10.626184 348754 1080
1297715141 4432305 59.89683 10.626217 371035 1040
1297715142 4433306 59.89683 10.626217 389203 1001
1297715143 4434355 59.897112 10.626253 446796 1049
1297715144 4435356 59.897249 10.626279 414982 1001
1297715145 4436357 59.897249 10.626279 384792 1001
1297715146 4437366 59.897524 10.626312 405399 1009
1297715147 4438376 59.897661 10.626337 291384 1010
1297715148 4439377 59.897661 10.626337 266364 1001
1297715149 4440396 59.897929 10.626349 256984 1019
1297715150 4441606 59.898078 10.626325 273127 1210
1297715151 4442607 59.898078 10.626325 295488 1001
1297715152 4443615 59.898367 10.626273 236134 1008
1297715153 4444616 59.898508 10.626246 265392 1001
1297715154 4445626 59.898508 10.626246 201539 1010
1297715155 4446636 59.898799 10.626177 184680 1010
1297715156 4447645 59.898948 10.626153 172368 1009
1297715157 4448656 59.898948 10.626153 143057 1011
1297715158 4449657 59.89923 10.626098 142272 1001
1297715159 4450666 59.899378 10.626074 157386 1009
1297715160 4451826 59.899519 10.626046 232439 1160
1297715161 4453016 59.89966 10.626019 397580 1190
1297715162 4454046 59.899815 10.625977 322096 1030
1297715163 4455056 59.899956 10.62595 367178 1010
1297715164 4456066 59.900098 10.625905 395352 1010
1297715165 4457067 59.900242 10.625842 319317 1001
1297715166 4458075 59.90038 10.625759 160238 1008
1297715167 4459076 59.900523 10.625696 257335 1001
1297715168 4460136 59.90066 10.625631 294220 1060
1297715169 4461276 59.90079 10.625544 307675 1140
1297715171 4462386 59.901044 10.625426 309269 1110
1297715172 4463496 59.901044 10.625426 335216 1110
1297715173 4464506 59.901283 10.625302 309168 1010
1297715174 4465507 59.901393 10.625248 299886 1001
1297715175 4466516 59.901393 10.625248 372492 1009
1297715176 4467526 59.901586 10.625146 359179 1010
1297715177 4468527 59.901672 10.625137 300358 1001
1297715178 4469528 59.901672 10.625137 392912 1001
1297715179 4470529 59.901827 10.625186 288060 1001
1297715180 4471676 59.901906 10.625213 300746 1147
1297715181 4472686 59.901906 10.625213 311904 1010
1297715182 4473876 59.90207 10.6253 205071 1190
1297715183 4474888 59.902151 10.6254 296856 1012
1297715184 4475896 59.902231 10.625518 180576 1008
1297715185 4476906 59.902313 10.625653 91142 1010
1297715186 4477926 59.902404 10.625791 86184 1020
1297715187 4478936 59.902501 10.625933 132696 1010
1297715188 4479956 59.90259 10.626089 164160 1020
1297715189 4481136 59.902687 10.626248 134668 1180
1297715190 4482146 59.902795 10.62641 127224 1010
1297715192 4483316 59.902999 10.626749 179553 1170
1297715193 4484406 59.902999 10.626749 165528 1090
1297715194 4485416 59.903215 10.627092 179208 1010
1297715195 4486427 59.903322 10.627272 143075 1011
1297715196 4487506 59.903322 10.627272 165290 1079
1297715197 4488526 59.903537 10.627615 190152 1020
1297715198 4489546 59.903652 10.627798 157083 1020
1297715199 4490558 59.903652 10.627798 198360 1012
1297715200 4491776 59.903862 10.628158 147332 1218
1297715201 4492777 59.903971 10.62832 120384 1001
1297715202 4493796 59.904078 10.628501 119016 1019
1297715203 4494946 59.904194 10.628666 78199 1150
1297715204 4495997 59.904307 10.628829 297312 1051
1297715205 4497007 59.904429 10.628977 318895 1010
1297715206 4498187 59.904562 10.629093 338507 1180
1297715207 4499236 59.904687 10.629207 295850 1049
1297715208 4500246 59.904825 10.629305 217804 1010
1297715210 4501537 59.90511 10.629415 117648 1291
1297715211 4502544 59.90511 10.629415 219679 1007
1297715212 4503567 59.905395 10.629455 120384 1023
1297715213 4504576 59.905535 10.629445 134064 1009
1297715214 4505577 59.905535 10.629445 125079 1001
1297715215 4506578 59.905814 10.629425 169632 1001
1297715216 4507586 59.905961 10.629419 152209 1008
1297715217 4508588 59.905961 10.629419 250344 1002
1297715218 4509596 59.906241 10.629382 147184 1008
1297715219 4510626 59.906387 10.629354 90288 1030
1297715220 4511656 59.906387 10.629354 62928 1030
1297715221 4512663 59.906678 10.629338 143640 1007
1297715222 4513667 59.906825 10.629331 219397 1004
1297715223 4514747 59.906965 10.629321 313396 1080
1297715224 4515947 59.907118 10.629297 274311 1200
1297715225 4516948 59.907265 10.629291 144067 1001
1297715226 4517957 59.90741 10.629263 227452 1009
1297715227 4518977 59.907559 10.629239 224334 1020
1297715228 4519997 59.9077075 10.629196 243504 1020
1297715229 4521006 59.907856 10.629153 166968 1009
1297715230 4522007 59.907991 10.629104 168081 1001
1297715231 4523017 59.908125 10.629056 147744 1010
1297715232 4524027 59.908253 10.629043 154300 1010
1297715233 4525037 59.908371 10.629044 200702 1010
1297715234 4526046 59.9084903333333 10.6290333333333 216144 1009
1297715235 4527047 59.9086096666667 10.6290226666667 165806 1001
1297715236 4528058 59.908729 10.629012 178712 1011
1297715237 4529077 59.908866 10.628876 168264 1019
1297715238 4530087 59.908999 10.628754 139951 1010
1297715239 4531097 59.909138 10.628653 116280 1010
1297715240 4532107 59.909276 10.62857 103292 1010
1297715241 4533127 59.909412 10.628504 184680 1020
1297715242 4534129 59.909553 10.628438 226618 1002
1297715243 4535137 59.909687 10.62839 281113 1008
1297715244 4536147 59.90983 10.628345 243934 1010
1297715245 4537167 59.909977 10.6283 238032 1020
1297715246 4538168 59.910127 10.628258 246885 1001
1297715247 4539177 59.910281 10.628217 298331 1009
1297715248 4540179 59.910431 10.628175 317991 1002
1297715249 4541180 59.91058 10.628151 384014 1001
1297715250 4542187 59.910748 10.628133 313029 1007
1297715251 4543189 59.910903 10.62813 187496 1002
1297715252 4544197 59.911065 10.62813 224352 1008
1297715253 4545207 59.911225 10.628165 167651 1010
1297715254 4546228 59.9113846296296 10.6282235925926 259920 1021
1297715255 4547237 59.9115442592593 10.6282821851852 233726 1009
1297715256 4548247 59.9117038888889 10.6283407777778 268128 1010
1297715257 4549257 59.9118635185185 10.6283993703704 232008 1010
1297715258 4550258 59.9120231481482 10.628457962963 296856 1001
1297715259 4551260 59.9121827777778 10.6285165555556 266248 1002
1297715260 4552267 59.9123424074074 10.6285751481481 269754 1007
1297715261 4553268 59.912502037037 10.6286337407407 268182 1001
1297715262 4554278 59.9126616666667 10.6286923333333 285080 1010
1297715263 4555280 59.9128212962963 10.6287509259259 278350 1002
1297715264 4556287 59.9129809259259 10.6288095185185 236298 1007
1297715265 4557288 59.9131405555556 10.6288681111111 274968 1001
1297715266 4558289 59.9133001851852 10.6289267037037 250012 1001
1297715267 4559298 59.9134598148148 10.6289852962963 295488 1009
1297715268 4560387 59.9136194444444 10.6290438888889 308867 1089
1297715269 4561398 59.9137790740741 10.6291024814815 333792 1011
1297715270 4562407 59.9139387037037 10.6291610740741 273649 1009
1297715271 4563607 59.9140983333333 10.6292196666667 324354 1200
1297715272 4564618 59.914257962963 10.6292782592593 381672 1011
1297715274 4567098 59.9145772222222 10.6293954444444 257473 2480
1297715275 4568107 59.9147368518519 10.629454037037 726794 1009
1297715276 4569108 59.9148964814815 10.6295126296296 246240 1001
1297715277 4570207 59.9150561111111 10.6295712222222 252483 1099
1297715278 4571208 59.9152157407407 10.6296298148148 274968 1001
1297715279 4572209 59.9153753703704 10.6296884074074 201878 1001
1297715280 4573217 59.915535 10.629747 221616 1008
1297715281 4574228 59.9156946296296 10.6298055925926 213201 1011
1297715282 4575238 59.9158542592593 10.6298641851852 242782 1010
1297715283 4576248 59.9160138888889 10.6299227777778 287280 1010
1297715284 4577258 59.9161735185185 10.6299813703704 139617 1010
1297715285 4578307 59.9163331481481 10.630039962963 77976 1049
1297715286 4579318 59.9164927777778 10.6300985555556 20520 1011
1297715287 4580320 59.9166524074074 10.6301571481481 206808 1002
1297715288 4581328 59.916812037037 10.6302157407407 188784 1008
1297715289 4582343 59.9169716666667 10.6302743333333 246253 1015
1297715290 4583468 59.9171312962963 10.6303329259259 308423 1125
1297715291 4584469 59.9172909259259 10.6303915185185 300960 1001
1297715292 4585478 59.9174505555556 10.6304501111111 261132 1009
1297715293 4586479 59.9176101851852 10.6305087037037 252212 1001
1297715294 4587480 59.9177698148148 10.6305672962963 232355 1001
1297715295 4588488 59.9179294444444 10.6306258888889 284471 1008
1297715296 4589500 59.9180890740741 10.6306844814815 257167 1012
1297715297 4590502 59.9182487037037 10.6307430740741 275377 1002
1297715298 4591508 59.9184083333333 10.6308016666667 283700 1006
1297715299 4592688 59.918567962963 10.6308602592593 398807 1180
1297715300 4593689 59.9187275925926 10.6309188518519 311971 1001
1297715301 4594698 59.9188872222222 10.6309774444444 306965 1009
1297715302 4595708 59.9190468518519 10.631036037037 337249 1010
1297715303 4596718 59.9192064814815 10.6310946296296 257184 1010
1297715304 4597728 59.9193661111111 10.6311532222222 232560 1010
1297715307 4598739 59.919845 10.631329 133484 1011
1297715308 4599740 59.919951 10.63158 176472 1001
1297715309 4600747 59.920074 10.631834 120384 1007
1297715310 4601759 59.9202 10.632035 181944 1011
1297715311 4602760 59.920341 10.632221 275291 1001
1297715312 4603888 59.920477 10.63237 353228 1128
1297715313 4604899 59.920621 10.632504 276336 1011
1297715314 4605908 59.920772 10.63262 131022 1009
1297715315 4606928 59.920918 10.632737 103968 1020
1297715316 4607958 59.921066 10.632836 49248 1030
1297715317 4608959 59.921220609375 10.632918296875 206568 1001
1297715318 4609968 59.92137521875 10.63300059375 258574 1009
1297715319 4610979 59.921529828125 10.633082890625 294467 1011
1297715320 4611980 59.9216844375 10.6331651875 307695 1001
1297715321 4612988 59.921839046875 10.633247484375 327660 1008
1297715322 4613989 59.92199365625 10.63332978125 218880 1001
1297715323 4614999 59.922148265625 10.633412078125 173449 1010
1297715324 4616140 59.922302875 10.633494375 382118 1141
1297715325 4617141 59.922457484375 10.633576671875 398088 1001
1297715326 4618158 59.92261209375 10.63365896875 146376 1017
1297715327 4619161 59.922766703125 10.633741265625 169875 1003
1297715328 4620388 59.9229213125 10.6338235625 210672 1227
1297715329 4621499 59.923075921875 10.633905859375 65025 1111
1297715330 4622540 59.92323053125 10.63398815625 359273 1041
1297715331 4623541 59.923385140625 10.634070453125 521492 1001
1297715332 4624544 59.92353975 10.63415275 419262 1003
1297715333 4625549 59.923694359375 10.634235046875 403561 1005
1297715334 4626550 59.92384896875 10.63431734375 420553 1001
1297715335 4627551 59.924003578125 10.634399640625 428180 1001
1297715336 4628579 59.9241581875 10.6344819375 356461 1028
1297715337 4629618 59.924312796875 10.634564234375 411957 1039
1297715338 4630619 59.92446740625 10.63464653125 401806 1001
1297715339 4631620 59.924622015625 10.634728828125 490780 1001
1297715340 4632719 59.924776625 10.634811125 378320 1099
1297715341 4633720 59.924931234375 10.634893421875 376063 1001
1297715342 4634721 59.92508584375 10.63497571875 417188 1001
1297715343 4636048 59.925240453125 10.635058015625 359278 1327
1297715344 4637050 59.9253950625 10.6351403125 307800 1002
1297715345 4638051 59.925549671875 10.635222609375 427964 1001
1297715346 4639053 59.92570428125 10.63530490625 390994 1002
1297715347 4640054 59.925858890625 10.635387203125 420800 1001
1297715348 4641056 59.9260135 10.6354695 266037 1002
1297715349 4642060 59.926168109375 10.635551796875 425223 1004
1297715350 4643061 59.92632271875 10.63563409375 531449 1001
1297715351 4644062 59.926477328125 10.635716390625 515698 1001
1297715352 4645063 59.9266319375 10.6357986875 442234 1001
1297715353 4646066 59.926786546875 10.635880984375 714096 1003
1297715354 4647067 59.92694115625 10.63596328125 488485 1001
1297715355 4648259 59.927095765625 10.636045578125 519211 1192
1297715356 4649709 59.927250375 10.636127875 192856 1450
1297715357 4650748 59.927404984375 10.636210171875 801219 1039
1297715358 4651760 59.92755959375 10.63629246875 321480 1012
1297715359 4652770 59.927714203125 10.636374765625 372096 1010
1297715360 4653779 59.9278688125 10.6364570625 336389 1009
1297715361 4654780 59.928023421875 10.636539359375 521208 1001
1297715362 4655781 59.92817803125 10.63662165625 386534 1001
1297715363 4656782 59.928332640625 10.636703953125 454714 1001
1297715364 4657790 59.92848725 10.63678625 535539 1008
1297715365 4658800 59.928641859375 10.636868546875 500688 1010
1297715366 4659801 59.92879646875 10.63695084375 385695 1001
1297715367 4660809 59.928951078125 10.637033140625 359873 1008
1297715368 4661810 59.9291056875 10.6371154375 454176 1001
1297715369 4662812 59.929260296875 10.637197734375 335974 1002
1297715370 4663819 59.92941490625 10.63728003125 337805 1007
1297715371 4664820 59.929569515625 10.637362328125 360351 1001
1297715372 4665821 59.929724125 10.637444625 452808 1001
1297715373 4666822 59.929878734375 10.637526921875 358062 1001
1297715374 4667830 59.93003334375 10.63760921875 345641 1008
1297715375 4668849 59.930187953125 10.637691515625 541728 1019
1297715376 4669850 59.9303425625 10.6377738125 440603 1001
1297715377 4671030 59.930497171875 10.637856109375 68400 1180
1297715380 4672041 59.930961 10.638103 881860 1011
1297715381 4673042 59.930626 10.6394 352944 1001
1297715382 4674049 59.930344 10.640605 532152 1007
1297715383 4675060 59.930101 10.641732 435211 1011
1297715384 4676070 59.92989 10.642777 324216 1010
1297715385 4677079 59.9297 10.643756 331056 1009
1297715386 4678089 59.929528 10.644685 254559 1010
1297715387 4679090 59.929377 10.645548 291384 1001
1297715388 4680091 59.929255 10.646364 259884 1001
1297715389 4681101 59.929137 10.647145 232560 1010
1297715390 4682109 59.929043 10.647862 115640 1008
1297715391 4683111 59.928963 10.648565 136800 1002
1297715392 4684129 59.928891 10.649233 149112 1018
1297715394 4685341 59.928841 10.649872 65664 1212
1297715395 4686399 59.928762 10.651048 76608 1058
1297715396 4687409 59.928745 10.651589 28280 1010
1297715397 4688429 59.928745 10.651589 105336 1020
1297715398 4689430 59.92873 10.652624 220248 1001
1297715399 4690480 59.928737 10.653118 109382 1050
1297715400 4691483 59.928737 10.653118 254448 1003
1297715401 4692619 59.928769 10.65404 242308 1136
1297715402 4693620 59.928794 10.654467 247608 1001
1297715403 4694630 59.928794 10.654467 199411 1010
1297715404 4695641 59.928854 10.65529 290016 1011
1297715405 4696650 59.928894 10.655685 246988 1009
1297715406 4697651 59.928894 10.655685 321480 1001
1297715407 4698660 59.928971 10.656459 253209 1009
1297715408 4699661 59.929012 10.656837 262006 1001
1297715409 4700670 59.929012 10.656837 287280 1009
1297715410 4701671 59.929092 10.657575 222099 1001
1297715411 4702680 59.929133 10.657953 273600 1009
1297715412 4703690 59.929133 10.657953 172529 1010
1297715413 4704695 59.929207 10.65867 213408 1005
1297715414 4705700 59.929237 10.659028 185876 1005
1297715415 4706710 59.929237 10.659028 217773 1010
1297715416 4707720 59.929304 10.659724 233208 1010
1297715417 4708730 59.929333 10.66006 264170 1010
1297715418 4709782 59.929358 10.660396 280292 1052
1297715419 4710970 59.929394 10.660736 335782 1188
1297715420 4712040 59.929423 10.661072 278241 1070
1297715421 4713251 59.929461 10.661394 277101 1211
1297715422 4714260 59.929504 10.661716 259920 1009
1297715423 4715270 59.929546 10.662038 179661 1010
1297715425 4716360 59.929648 10.662671 147743 1090
1297715426 4717361 59.929712 10.662982 201096 1001
1297715427 4718370 59.929712 10.662982 140917 1009
1297715428 4719381 59.929841 10.663586 124488 1011
1297715429 4720389 59.929915 10.663865 131328 1008
1297715430 4721400 59.929915 10.663865 99864 1011
1297715431 4722401 59.930086 10.664448 94376 1001
1297715432 4723410 59.930174 10.664713 183312 1009
1297715433 4724411 59.930174 10.664713 119717 1001
1297715434 4725421 59.93037 10.665231 144453 1010
1297715435 4726430 59.930469 10.665464 105994 1009
1297715436 4727450 59.930469 10.665464 119016 1020
1297715437 4728480 59.930664 10.665962 34200 1030
1297715438 4729560 59.930753 10.66621 10093 1080
1297715439 4730750 59.930854 10.66646 36936 1190
1297715440 4731770 59.930951 10.666711 56088 1020
1297715441 4732781 59.931052 10.666961 54720 1011
1297715442 4733790 59.931148 10.667191 60192 1009
1297715443 4734810 59.931249 10.667442 50964 1020
1297715444 4735820 59.93135 10.667692 47880 1010
1297715445 4736830 59.931453 10.667925 54720 1010
1297715446 4737870 59.931554 10.668176 47202 1040
1297715447 4738880 59.931657 10.668409 65664 1010
1297715448 4739900 59.931758 10.66866 62757 1020
1297715449 4740901 59.931861 10.668893 98496 1001
1297715450 4741910 59.931963 10.669143 92519 1009
1297715451 4742911 59.932065 10.669377 112425 1001
1297715452 4743920 59.932167 10.669627 138903 1009
1297715453 4744921 59.932269 10.66986 132883 1001
1297715454 4745930 59.932378 10.670114 156547 1009
1297715455 4746940 59.93248 10.670365 146246 1010
1297715456 4747951 59.932578 10.670598 133049 1011
1297715457 4748960 59.932687 10.670852 125067 1009
1297715458 4749961 59.93279 10.671085 119470 1001
1297715459 4750990 59.932887 10.671336 95760 1029
1297715460 4751991 59.932997 10.671572 94790 1001
1297715461 4753010 59.933098 10.671823 90660 1019
1297715462 4754031 59.933201 10.672056 88920 1021
1297715463 4755032 59.933299 10.672289 79276 1001
1297715464 4756041 59.933408 10.672543 75010 1009
1297715465 4757071 59.933511 10.672776 103968 1030
1297715466 4758080 59.933609 10.673009 85366 1009
1297715467 4759081 59.933712 10.673242 102837 1001
1297715468 4760270 59.933821 10.673496 81821 1189
1297715470 4761761 59.934014 10.673959 69768 1491
1297715471 4762781 59.934117 10.674192 51984 1020
1297715472 4763791 59.934218 10.674443 16360 1010
1297715473 4764911 59.934321 10.674676 2736 1120
1297715490 4781397 59.93588 10.67862 9576 16486
1297715491 4782567 59.936043 10.679109 69768 1170
1297715493 4785207 59.936188 10.67952 1368 2640
1297715494 4786237 59.936254 10.679704 23851 1030
1297715495 4786969 59.936306 10.679865 54720 732
