1297711973 1264403 59.893879 10.629829 149265 1120
1297711974 1265404 59.893879 10.629829 131328 1001
1297711975 1266413 59.893868 10.629861 123602 1009
1297711976 1267414 59.893858 10.629893 170596 1001
1297711977 1268463 59.893858 10.629893 98842 1049
1297711978 1269473 59.893817 10.629897 113744 1010
1297711979 1270492 59.893786 10.62987 86790 1019
1297711980 1271493 59.893786 10.62987 111964 1001
1297711981 1272513 59.893724 10.629794 73407 1020
1297711982 1273533 59.893693 10.629728 90303 1020
1297711983 1274725 59.893656 10.62968 108156 1192
1297711984 1275733 59.893625 10.629614 121573 1008
1297711985 1276734 59.893595 10.629548 119921 1001
1297711986 1277743 59.893564 10.629482 133555 1009
1297711987 1278913 59.893533 10.629416 119315 1170
1297711988 1279933 59.893502 10.62935 123960 1020
1297711989 1280944 59.893479 10.629288 128757 1011
1297711990 1281945 59.893446 10.629204 137181 1001
1297711991 1282973 59.89343 10.629145 166896 1028
1297711992 1283974 59.893419 10.629086 116226 1001
1297711993 1284983 59.893405 10.629009 114374 1009
1297711994 1285993 59.893402 10.628953 120434 1010
1297711995 1287163 59.893418 10.628904 151399 1170
1297711997 1288343 59.893487 10.628762 167471 1180
1297711998 1289563 59.893487 10.628762 176952 1220
1297711999 1290574 59.8936 10.628581 166896 1011
1297712000 1291575 59.893662 10.628475 133566 1001
1297712001 1292583 59.893662 10.628475 155952 1008
1297712002 1293594 59.89379 10.628262 106097 1011
1297712003 1294693 59.89385 10.628173 122521 1099
1297712004 1295703 59.893916 10.628067 139536 1010
1297712005 1296724 59.893991 10.627946 110930 1021
1297712006 1297754 59.894058 10.627839 115103 1030
1297712007 1298835 59.894128 10.627719 121349 1081
1297712008 1299843 59.894204 10.627598 136800 1008
1297712009 1300853 59.894279 10.627477 107866 1010
1297712010 1301974 59.894359 10.627357 132696 1121
1297712011 1302994 59.894434 10.627236 111165 1020
1297712012 1304233 59.894497 10.627112 127789 1239
1297712013 1305243 59.894628 10.626864 132696 1010
1297712014 1306263 59.894682 10.626754 125221 1020
1297712015 1307264 59.894682 10.626754 158688 1001
1297712017 1308773 59.894817 10.626401 77906 1509
1297712018 1309784 59.894857 10.626306 51984 1011
1297712019 1310785 59.894904 10.626192 82096 1001
1297712020 1311794 59.894956 10.6261 208437 1009
1297712021 1312795 59.895027 10.626032 215575 1001
1297712022 1313804 59.895101 10.625982 272568 1009
1297712023 1314813 59.895189 10.625955 240107 1009
1297712024 1315933 59.895274 10.625964 289166 1120
1297712025 1316934 59.895367 10.625976 336699 1001
1297712026 1317935 59.895471 10.625992 185980 1001
1297712027 1318944 59.895576 10.626007 323540 1009
1297712028 1319954 59.895689 10.626026 252298 1010
1297712029 1320964 59.895813 10.626048 271863 1010
1297712030 1321974 59.895939 10.626052 155786 1010
1297712031 1322975 59.896068 10.626074 343587 1001
1297712032 1323976 59.896205 10.626099 311744 1001
1297712033 1325184 59.896338 10.626107 224768 1208
1297712034 1326185 59.896487 10.626136 332266 1001
1297712035 1327195 59.896624 10.626161 366766 1010
1297712037 1328364 59.89677 10.626172 250249 1169
1297712038 1329365 59.897031 10.626219 316649 1001
1297712039 1330376 59.897167 10.626245 288510 1011
1297712040 1331384 59.897167 10.626245 256661 1008
1297712041 1332385 59.897454 10.626281 369360 1001
1297712042 1333404 59.897591 10.626306 248532 1019
1297712043 1334484 59.897591 10.626306 181450 1080
1297712044 1335494 59.897894 10.626293 277704 1010
1297712045 1336495 59.898038 10.626283 193056 1001
1297712046 1337504 59.898038 10.626283 248976 1009
1297712047 1338525 59.898328 10.626232 197543 1021
1297712048 1339534 59.898476 10.626207 218880 1009
1297712049 1340544 59.898476 10.626207 151844 1010
1297712050 1341554 59.89876 10.626135 165528 1010
1297712051 1342555 59.898908 10.626111 106618 1001
1297712052 1343584 59.898908 10.626111 201096 1029
1297712053 1344594 59.89919 10.626056 51984 1010
1297712054 1345595 59.899333 10.626011 160363 1001
1297712055 1346596 59.899333 10.626011 304387 1001
1297712056 1347604 59.899618 10.62596 369363 1008
1297712057 1348605 59.899759 10.625932 349231 1001
1297712058 1349614 59.899759 10.625932 214710 1009
1297712059 1350624 59.900034 10.625857 281731 1010
1297712060 1351625 59.900177 10.625812 322982 1001
1297712061 1352627 59.900177 10.625812 302688 1002
1297712062 1353635 59.900455 10.625662 354407 1008
1297712063 1354784 59.900593 10.625579 418354 1149
1297712064 1355795 59.900729 10.625513 446651 1011
1297712065 1356804 59.900867 10.62543 291450 1009
1297712066 1357805 59.900998 10.625364 252959 1001
1297712067 1358806 59.901127 10.625295 333792 1001
1297712068 1359814 59.901249 10.625243 189644 1008
1297712069 1360816 59.901352 10.625185 242752 1002
1297712070 1361822 59.901455 10.625127 300146 1006
1297712071 1362825 59.901543 10.625101 430920 1003
1297712072 1363826 59.901629 10.625092 319317 1001
1297712073 1364835 59.901707 10.625097 366806 1009
1297712074 1365836 59.901786 10.625124 260071 1001
1297712075 1366837 59.90186 10.625164 258652 1001
1297712076 1367844 59.901952 10.625194 220123 1007
1297712077 1368854 59.902028 10.625255 187517 1009
1297712078 1369855 59.902113 10.625355 277704 1001
1297712079 1370865 59.902185 10.625469 201152 1010
1297712080 1371875 59.902277 10.62559 212334 1010
1297712081 1372884 59.902366 10.625746 210672 1009
1297712082 1373894 59.902456 10.625884 160056 1010
1297712083 1374904 59.902552 10.626044 98892 1010
1297712084 1375914 59.902656 10.626206 153216 1010
1297712085 1376925 59.902757 10.626365 145008 1010
1297712086 1377934 59.902866 10.626528 123883 1009
1297712087 1378935 59.902976 10.626711 184680 1001
1297712088 1379944 59.903083 10.626891 181342 1009
1297712089 1380945 59.903203 10.627074 228456 1001
1297712090 1381955 59.903319 10.62724 176768 1010
1297712091 1382965 59.903433 10.627424 176472 1010
1297712092 1383974 59.90355 10.627589 138948 1009
1297712093 1384976 59.903664 10.627773 142272 1002
1297712094 1385984 59.903773 10.627935 135432 1008
1297712095 1387004 59.90388 10.628115 83234 1020
1297712096 1388014 59.903984 10.628278 119016 1010
1297712097 1389024 59.904093 10.62844 79344 1010
1297712098 1390027 59.904203 10.628585 54720 1003
1297712099 1391035 59.904319 10.628751 40912 1008
1297712100 1392038 59.904443 10.628882 62928 1003
1297712101 1393045 59.904563 10.628995 262656 1007
1297712102 1394046 59.904696 10.629111 243915 1001
1297712103 1395165 59.904828 10.629189 138584 1119
1297712104 1396175 59.904953 10.629249 200899 1010
1297712105 1397225 59.905076 10.629289 198360 1050
1297712106 1398244 59.905295 10.629306 70201 1019
1297712107 1399245 59.905387 10.629318 202464 1001
1297712108 1400255 59.905387 10.629318 207698 1010
1297712109 1401264 59.905534 10.629311 168027 1009
1297712111 1402562 59.905595 10.629313 147744 1298
1297712112 1403685 59.905636 10.629309 184268 1123
1297712113 1404935 59.905668 10.629319 158688 1250
1297712114 1405945 59.905685 10.629308 247831 1010
1297712115 1406965 59.905692 10.629311 237120 1020
1297712116 1407975 59.905691 10.629329 228456 1010
1297712117 1409037 59.9057 10.629353 115063 1062
1297712118 1410045 59.9057 10.629353 180418 1008
1297712119 1411055 59.9057 10.629353 129361 1010
1297712120 1412065 59.905726 10.629342 186048 1010
1297712121 1413075 59.905767 10.629337 90650 1010
1297712122 1414085 59.905808 10.629333 125856 1010
1297712124 1415466 59.905865 10.629332 76608 1381
1297712125 1416476 59.906013 10.629325 60484 1010
1297712126 1417535 59.906087 10.629313 112176 1059
1297712127 1418545 59.906087 10.629313 83314 1010
1297712128 1419556 59.906279 10.629303 139536 1011
1297712129 1420565 59.906386 10.6293 102491 1009
1297712130 1421575 59.906386 10.6293 146376 1010
1297712131 1422616 59.906604 10.629278 69678 1041
1297712132 1423619 59.906731 10.629265 246240 1003
1297712133 1424625 59.906731 10.629265 170881 1006
1297712134 1425635 59.907 10.629225 253080 1010
1297712135 1426645 59.907135 10.629215 127911 1010
1297712136 1427646 59.907135 10.629215 196992 1001
1297712138 1429225 59.9075883333333 10.6290676666667 166923 1579
1297712139 1430233 59.907815 10.628994 190209 1008
1297712139 1431245 59.907815 10.628994 149928 1012
1297712140 1432246 59.907939 10.628925 135432 1001
1297712141 1433256 59.907939 10.628925 124426 1010
1297712142 1434257 59.9080685 10.628848 159114 1001
1297712143 1435265 59.908198 10.628771 193423 1008
1297712144 1436275 59.9083275 10.628694 183028 1010
1297712145 1437276 59.908457 10.628617 187416 1001
1297712146 1438286 59.9085865 10.62854 197966 1010
1297712147 1439296 59.908716 10.628463 164438 1010
1297712149 1440305 59.908975 10.628309 169632 1009
1297712150 1441316 59.909112 10.628225 108944 1011
1297712151 1442325 59.909112 10.628225 154584 1009
1297712152 1443345 59.909409 10.6281 109855 1020
1297712153 1444405 59.909554 10.628073 220940 1060
1297712154 1445406 59.909554 10.628073 295488 1001
1297712155 1446416 59.90985 10.628004 174634 1010
1297712156 1447425 59.909991 10.627976 205873 1009
1297712157 1448426 59.909991 10.627976 287280 1001
1297712158 1449427 59.910291 10.627946 265822 1001
1297712159 1450429 59.910447 10.627925 267405 1002
1297712160 1451436 59.910447 10.627925 218987 1007
1297712161 1452446 59.910763 10.627901 281808 1010
1297712162 1453455 59.910924 10.627918 204447 1009
1297712163 1454456 59.910924 10.627918 257184 1001
1297712164 1455466 59.9110881818182 10.627973 182675 1010
1297712165 1456676 59.9112523636364 10.628028 236744 1210
1297712166 1457686 59.9114165454545 10.628083 270864 1010
1297712167 1458796 59.9115807272727 10.628138 218267 1110
1297712168 1459806 59.9117449090909 10.628193 296856 1010
1297712169 1460807 59.9119090909091 10.628248 224150 1001
1297712170 1461809 59.9120732727273 10.628303 311904 1002
1297712171 1462838 59.9122374545455 10.628358 264840 1029
1297712172 1463839 59.9124016363636 10.628413 312760 1001
1297712173 1464846 59.9125658181818 10.628468 323106 1007
1297712174 1465936 59.91273 10.628523 316062 1090
1297712175 1466946 59.9128941818182 10.628578 278240 1010
1297712176 1467947 59.9130583636364 10.628633 230470 1001
1297712177 1469086 59.9132225454545 10.628688 317010 1139
1297712178 1470087 59.9133867272727 10.628743 366624 1001
1297712179 1471088 59.9135509090909 10.628798 247276 1001
1297712180 1472096 59.9137150909091 10.628853 225720 1008
1297712181 1473098 59.9138792727273 10.628908 294120 1002
1297712182 1474106 59.9140434545455 10.628963 217211 1008
1297712183 1475116 59.9142076363636 10.629018 284593 1010
1297712184 1476117 59.9143718181818 10.629073 359784 1001
1297712185 1477119 59.914536 10.629128 284682 1002
1297712186 1478126 59.9147001818182 10.629183 302328 1007
1297712189 1480627 59.9151927272727 10.629348 145297 2501
1297712190 1481636 59.9153569090909 10.629403 739106 1009
1297712191 1482637 59.9155210909091 10.629458 238032 1001
1297712192 1483646 59.9156852727273 10.629513 202464 1009
1297712193 1484647 59.9158494545455 10.629568 215547 1001
1297712194 1485656 59.9160136363636 10.629623 278486 1009
1297712195 1486657 59.9161778181818 10.629678 257184 1001
1297712196 1487666 59.916342 10.629733 266553 1009
1297712197 1488687 59.9165061818182 10.629788 224998 1021
1297712198 1489706 59.9166703636364 10.629843 69768 1019
1297712199 1490726 59.9168345454545 10.629898 131328 1020
1297712200 1491737 59.9169987272727 10.629953 172449 1011
1297712201 1492746 59.9171629090909 10.630008 154584 1009
1297712202 1493756 59.9173270909091 10.630063 117648 1010
1297712203 1495017 59.9174912727273 10.630118 2736 1261
1297712204 1496026 59.9176554545455 10.630173 191760 1009
1297712205 1497027 59.9178196363636 10.630228 220912 1001
1297712206 1498028 59.9179838181818 10.630283 230909 1001
1297712207 1499036 59.918148 10.630338 246708 1008
1297712208 1500046 59.9183121818182 10.630393 215817 1010
1297712209 1501047 59.9184763636364 10.630448 218517 1001
1297712210 1502057 59.9186405454545 10.630503 220471 1010
1297712211 1503067 59.9188047272727 10.630558 240514 1010
1297712212 1504267 59.9189689090909 10.630613 224023 1200
1297712213 1505357 59.9191330909091 10.630668 298414 1090
1297712214 1506457 59.9192972727273 10.630723 290083 1100
1297712215 1507467 59.9194614545454 10.630778 279072 1010
1297712216 1508476 59.9196256363636 10.630833 159221 1009
1297712218 1509587 59.919954 10.630943 164881 1111
1297712219 1510616 59.920032 10.631236 125856 1029
1297712220 1511627 59.920032 10.631236 124488 1011
1297712221 1512628 59.920256 10.63173 240768 1001
1297712222 1513629 59.920371 10.631942 236084 1001
1297712223 1514637 59.920371 10.631942 268128 1008
1297712224 1515638 59.920633 10.632253 266760 1001
1297712225 1516639 59.920765 10.632398 164483 1001
1297712226 1517647 59.920765 10.632398 176472 1008
1297712227 1518677 59.921045 10.632642 190436 1030
1297712228 1519687 59.921195578125 10.632726828125 264024 1010
1297712229 1520688 59.92134615625 10.63281165625 208998 1001
1297712230 1521697 59.921496734375 10.632896484375 261288 1009
1297712231 1522699 59.9216473125 10.6329813125 266782 1002
1297712232 1523707 59.921797890625 10.633066140625 268475 1008
1297712233 1524717 59.92194846875 10.63315096875 214671 1010
1297712234 1525727 59.922099046875 10.633235796875 231192 1010
1297712235 1526747 59.922249625 10.633320625 229164 1020
1297712236 1527752 59.922400203125 10.633405453125 270577 1005
1297712237 1528757 59.92255078125 10.63349028125 119016 1005
1297712238 1529777 59.922701359375 10.633575109375 47880 1020
1297712239 1530778 59.9228519375 10.6336599375 250344 1001
1297712240 1531779 59.923002515625 10.633744765625 321926 1001
1297712241 1532797 59.92315309375 10.63382959375 369603 1018
1297712242 1533867 59.923303671875 10.633914421875 396081 1070
1297712243 1534869 59.92345425 10.63399925 439985 1002
1297712244 1535877 59.923604828125 10.634084078125 290300 1008
1297712245 1536878 59.92375540625 10.63416890625 356237 1001
1297712246 1537997 59.923905984375 10.634253734375 422810 1119
1297712247 1538998 59.9240565625 10.6343385625 487585 1001
1297712248 1540003 59.924207140625 10.634423390625 512996 1005
1297712249 1541107 59.92435771875 10.63450821875 400237 1104
1297712250 1542108 59.924508296875 10.634593046875 466677 1001
1297712251 1543118 59.924658875 10.634677875 401806 1010
1297712252 1544228 59.924809453125 10.634762703125 458156 1110
1297712253 1545229 59.92496003125 10.63484753125 529960 1001
1297712254 1546230 59.925110609375 10.634932359375 321343 1001
1297712255 1547232 59.9252611875 10.6350171875 361100 1002
1297712256 1548297 59.925411765625 10.635102015625 299086 1065
1297712257 1549327 59.92556234375 10.63518684375 273600 1030
1297712258 1550348 59.925712921875 10.635271671875 303476 1021
1297712259 1551518 59.9258635 10.6353565 330802 1170
1297712260 1552519 59.926014078125 10.635441328125 396720 1001
1297712261 1553520 59.92616465625 10.63552615625 407120 1001
1297712262 1554698 59.926315234375 10.635610984375 395772 1178
1297712263 1555699 59.9264658125 10.6356958125 390545 1001
1297712264 1556808 59.926616390625 10.635780640625 398050 1109
1297712265 1557928 59.92676696875 10.63586546875 569459 1120
1297712266 1558930 59.926917546875 10.635950296875 521208 1002
1297712267 1560158 59.927068125 10.636035125 514776 1228
1297712268 1561159 59.927218703125 10.636119953125 670320 1001
1297712269 1562161 59.92736928125 10.63620478125 412675 1002
1297712270 1563167 59.927519859375 10.636289609375 580032 1006
1297712272 1564681 59.927821015625 10.636459265625 231053 1514
1297712273 1565688 59.92797159375 10.63654409375 914582 1007
1297712274 1566689 59.928122171875 10.636628921875 488376 1001
1297712275 1567690 59.92827275 10.63671375 432826 1001
1297712276 1568691 59.928423328125 10.636798578125 460299 1001
1297712277 1569699 59.92857390625 10.63688340625 466407 1008
1297712278 1570700 59.928724484375 10.636968234375 510353 1001
1297712279 1571798 59.9288750625 10.6370530625 489190 1098
1297712280 1572799 59.929025640625 10.637137890625 482904 1001
1297712281 1573808 59.92917621875 10.63722271875 385685 1009
1297712282 1574809 59.929326796875 10.637307546875 420543 1001
1297712283 1575818 59.929477375 10.637392375 362166 1009
1297712284 1576878 59.929627953125 10.637477203125 418145 1060
1297712285 1577879 59.92977853125 10.63756203125 331056 1001
1297712286 1578881 59.929929109375 10.637646859375 413243 1001
1297712287 1579888 59.9300796875 10.6377316875 469224 1007
1297712288 1580889 59.930230265625 10.637816515625 488376 1001
1297712289 1581890 59.93038084375 10.63790134375 453676 1001
1297712291 1582898 59.930682 10.638071 515736 1008
1297712292 1583904 59.930341 10.639456 508896 1006
1297712293 1584908 59.93006 10.640681 366811 1004
1297712294 1585909 59.929832 10.641777 422712 1001
1297712295 1586919 59.929639 10.642808 346215 1010
1297712296 1587920 59.929459 10.643772 404928 1001
1297712297 1588928 59.929309 10.644673 248940 1008
1297712298 1589929 59.929174 10.645542 300960 1001
1297712299 1590938 59.929055 10.646361 270864 1009
1297712300 1591948 59.928953 10.647131 193273 1010
1297712301 1592949 59.928867 10.647852 355680 1001
1297712302 1593960 59.928784 10.648537 273600 1011
1297712303 1594968 59.928728 10.649194 178518 1008
1297712304 1595969 59.928681 10.649837 157320 1001
1297712306 1597448 59.928619 10.651002 124488 1479
1297712307 1598458 59.928619 10.651002 123062 1010
1297712308 1599459 59.928585 10.652069 140904 1001
1297712309 1600468 59.92859 10.652581 171000 1009
1297712310 1601678 59.928594 10.653057 162964 1210
1297712311 1602688 59.928612 10.65352 162792 1010
1297712312 1603689 59.928635 10.653965 180576 1001
1297712313 1604698 59.92866 10.654392 158371 1009
1297712314 1605708 59.928693 10.654823 207936 1010
1297712315 1606709 59.928728 10.655218 162792 1001
1297712316 1607729 59.928768 10.655614 211420 1020
1297712317 1608909 59.928817 10.655995 266889 1180
1297712318 1609919 59.928858 10.656373 331056 1010
1297712319 1610929 59.928907 10.656754 255166 1010
1297712320 1611939 59.928949 10.657132 281808 1010
1297712321 1612940 59.928999 10.657496 205683 1001
1297712322 1613948 59.929037 10.657856 221616 1008
1297712323 1614959 59.92908 10.658217 175265 1011
1297712324 1616021 59.929111 10.658574 180404 1062
1297712325 1617029 59.929146 10.658931 232560 1008
1297712326 1618039 59.929184 10.659291 216405 1010
1297712327 1619058 59.929207 10.659645 226368 1019
1297712328 1620059 59.929239 10.659984 231338 1001
1297712329 1621139 59.929268 10.660321 261140 1080
1297712330 1622140 59.929305 10.66066 318744 1001
1297712331 1623141 59.929334 10.660996 253702 1001
1297712332 1624142 59.92937 10.661336 215313 1001
1297712333 1625149 59.929408 10.661658 236061 1007
1297712334 1626150 59.929451 10.66198 194709 1001
1297712335 1627159 59.929502 10.662287 261287 1009
1297712337 1628369 59.929565 10.662616 328333 1210
1297712338 1629370 59.929688 10.663238 329688 1001
1297712339 1630379 59.929765 10.663534 236648 1009
1297712340 1631380 59.929765 10.663534 209304 1001
1297712341 1632389 59.929922 10.664131 154267 1009
1297712342 1633390 59.930004 10.664414 166683 1001
1297712343 1634398 59.930004 10.664414 251596 1008
1297712344 1635400 59.9302 10.66495 199559 1002
1297712345 1636409 59.930296 10.665201 283176 1009
1297712346 1637429 59.930296 10.665201 116452 1020
1297712347 1638469 59.930487 10.665698 139536 1040
1297712348 1639479 59.930588 10.665949 108072 1010
1297712349 1640489 59.930588 10.665949 111645 1010
1297712350 1641499 59.930786 10.66645 76608 1010
1297712351 1642509 59.930888 10.666701 82080 1010
1297712352 1643519 59.930888 10.666701 35568 1010
1297712353 1644539 59.931092 10.667185 53015 1020
1297712354 1645558 59.931193 10.667435 72261 1019
1297712355 1646559 59.931193 10.667435 93024 1001
1297712356 1647569 59.931402 10.667919 78035 1010
1297712357 1648579 59.931503 10.668169 110808 1010
1297712358 1649589 59.931503 10.668169 125856 1010
1297712359 1650599 59.931713 10.668636 116644 1010
1297712360 1651600 59.931814 10.668886 73872 1001
1297712361 1652619 59.931814 10.668886 95760 1019
1297712362 1653649 59.932026 10.669373 81475 1030
1297712363 1654859 59.932133 10.669606 110155 1210
1297712364 1655864 59.932242 10.66986 123120 1005
1297712365 1656869 59.932344 10.670111 106158 1005
1297712366 1658009 59.932454 10.670347 141705 1140
1297712367 1659010 59.932555 10.670598 153216 1001
1297712368 1660019 59.93267 10.670834 137247 1009
1297712369 1661020 59.932772 10.671085 107829 1001
1297712370 1662059 59.932882 10.671321 124157 1039
1297712371 1663069 59.932985 10.671554 151848 1010
1297712372 1664070 59.933094 10.671808 130181 1001
1297712373 1665079 59.933197 10.672041 138566 1009
1297712374 1666189 59.933306 10.672295 131700 1110
1297712375 1667190 59.933408 10.672528 147676 1001
1297712376 1668199 59.933519 10.672765 131098 1009
1297712377 1669200 59.933616 10.673015 118198 1001
1297712378 1670209 59.933718 10.673249 128829 1009
1297712379 1671219 59.933829 10.673485 93364 1010
1297712380 1672240 59.934033 10.673969 56088 1021
1297712381 1673279 59.934033 10.673969 49248 1039
1297712383 1675100 59.934232 10.674452 21888 1821
1297712385 1676930 59.934436 10.674936 8208 1830
1297712409 1700434 59.936396 10.679994 0 23504
