1297714089 3380626 59.894196 10.629626 197388 1001
1297714090 3381876 59.894195 10.629629 303127 1250
1297714091 3382936 59.894195 10.629629 100104 1060
1297714092 3383946 59.89419 10.629629 208646 1010
1297714093 3385026 59.894198 10.629633 130823 1080
1297714094 3386166 59.894192 10.62965 159137 1140
1297714095 3387167 59.894191 10.629668 244996 1001
1297714096 3388176 59.894201 10.629689 181034 1009
1297714097 3389177 59.894199 10.629724 194671 1001
1297714098 3390186 59.894196 10.629759 186328 1009
1297714100 3391376 59.894147 10.62976 248613 1190
1297714101 3392377 59.894147 10.62976 250353 1001
1297714102 3393496 59.894089 10.629684 281754 1119
1297714103 3394506 59.894064 10.629639 191520 1010
1297714104 3395516 59.894064 10.629639 134336 1010
1297714105 3396517 59.893989 10.629483 232839 1001
1297714106 3397556 59.893958 10.629417 191646 1039
1297714107 3398567 59.893958 10.629417 189264 1011
1297714108 3399568 59.893882 10.629279 249846 1001
1297714109 3400596 59.893843 10.62921 270257 1028
1297714110 3401597 59.893843 10.62921 247248 1001
1297714111 3402606 59.893777 10.629078 246151 1009
1297714112 3403616 59.893756 10.628998 260174 1010
1297714113 3404617 59.893756 10.628998 258480 1001
1297714114 3405627 59.893731 10.628862 251770 1010
1297714115 3406637 59.893736 10.628792 249408 1010
1297714116 3407647 59.893736 10.628792 152778 1010
1297714117 3408747 59.893795 10.62863 284513 1100
1297714118 3409836 59.89384 10.628534 280863 1089
1297714119 3410937 59.893894 10.628424 266804 1101
1297714120 3412037 59.893948 10.628315 271228 1100
1297714121 3413046 59.894006 10.628205 275887 1009
1297714122 3414126 59.894067 10.628116 273966 1080
1297714123 3415196 59.894122 10.627989 270316 1070
1297714124 3416287 59.894188 10.627882 285189 1091
1297714125 3417296 59.894346 10.627606 237215 1009
1297714126 3418297 59.894423 10.627468 243675 1001
1297714128 3419307 59.894423 10.627468 246172 1010
1297714129 3420309 59.894579 10.627209 249668 1002
1297714130 3421396 59.894656 10.62707 287697 1087
1297714131 3422397 59.894656 10.62707 316008 1001
1297714132 3423417 59.894785 10.626802 246663 1020
1297714133 3424424 59.894841 10.626674 235111 1007
1297714134 3425467 59.894841 10.626674 246000 1043
1297714135 3426477 59.894923 10.626427 310536 1010
1297714136 3427497 59.894962 10.626311 241307 1020
1297714137 3428498 59.894962 10.626311 203832 1001
1297714138 3429508 59.895074 10.62613 161765 1010
1297714139 3430509 59.895148 10.626079 377663 1001
1297714140 3431517 59.895148 10.626079 316008 1008
1297714141 3432518 59.895312 10.626024 210386 1001
1297714142 3433527 59.895405 10.626036 246354 1009
1297714143 3434528 59.895405 10.626036 314239 1001
1297714144 3435637 59.89562 10.626049 348406 1109
1297714145 3436638 59.895734 10.62605 390664 1001
1297714146 3437697 59.895858 10.626072 370784 1059
1297714147 3438807 59.895977 10.626073 364733 1110
1297714148 3439837 59.896106 10.626095 386700 1030
1297714149 3440957 59.896232 10.626099 419482 1120
1297714150 3441958 59.896364 10.626125 407832 1001
1297714151 3442967 59.896494 10.626129 380855 1009
1297714152 3443969 59.896619 10.626151 376196 1002
1297714153 3444976 59.896756 10.626176 382954 1007
1297714154 3446087 59.896882 10.626181 323155 1111
1297714155 3447088 59.897006 10.626203 383731 1001
1297714156 3448089 59.897123 10.626221 369360 1001
1297714157 3449097 59.897228 10.626237 401652 1008
1297714158 3450287 59.89741 10.626258 418102 1190
1297714159 3451288 59.897495 10.626267 413136 1001
1297714161 3452457 59.897495 10.626267 379011 1169
1297714162 3453508 59.897619 10.626288 351376 1051
1297714163 3454517 59.897665 10.626284 370728 1009
1297714164 3455518 59.897665 10.626284 274495 1001
1297714165 3456519 59.897704 10.626297 357886 1001
1297714166 3457520 59.897709 10.626297 379379 1001
1297714167 3458522 59.897709 10.626297 459065 1002
1297714168 3459537 59.897721 10.626301 307866 1015
1297714169 3460538 59.897742 10.62629 330935 1001
1297714170 3461657 59.897742 10.62629 360644 1119
1297714171 3462658 59.897827 10.626298 292752 1001
1297714172 3463667 59.897892 10.626301 211288 1009
1297714173 3464840 59.897967 10.626289 185234 1173
1297714174 3465847 59.898053 10.62628 235296 1007
1297714175 3466857 59.898149 10.626257 283176 1010
1297714176 3467858 59.898249 10.626234 194829 1001
1297714177 3468867 59.898364 10.626217 269678 1009
1297714178 3469868 59.898488 10.626201 193039 1001
1297714179 3470887 59.898625 10.626173 225720 1019
1297714180 3471897 59.898758 10.626143 135532 1010
1297714181 3472898 59.8989 10.626098 179208 1001
1297714182 3473907 59.899053 10.626074 154459 1009
1297714183 3474911 59.899194 10.626046 228557 1004
1297714184 3475917 59.899347 10.626022 311960 1006
1297714185 3476928 59.899488 10.625995 335454 1011
1297714186 3477957 59.899634 10.625967 428580 1028
1297714187 3478969 59.899776 10.625922 471355 1012
1297714188 3479972 59.899922 10.625895 350974 1003
1297714189 3481027 59.900064 10.62585 384704 1055
1297714190 3482028 59.900199 10.625802 333204 1001
1297714191 3483029 59.900337 10.625718 374618 1001
1297714192 3484037 59.900485 10.625656 336528 1008
1297714193 3485038 59.900621 10.62559 283047 1001
1297714194 3486098 59.900759 10.625507 308654 1060
1297714195 3487099 59.900895 10.625441 351576 1001
1297714196 3488249 59.901032 10.625357 235900 1150
1297714197 3489267 59.901161 10.625288 225720 1018
1297714198 3490268 59.901394 10.625182 302673 1001
1297714199 3491278 59.901394 10.625182 293555 1010
1297714200 3492288 59.901586 10.62508 241238 1010
1297714201 3493289 59.901673 10.625071 425448 1001
1297714202 3494297 59.901673 10.625071 400785 1008
1297714203 3495298 59.901843 10.625127 381579 1001
1297714205 3496398 59.901934 10.625157 328651 1100
1297714206 3497399 59.901934 10.625157 393984 1001
1297714207 3498407 59.902112 10.625269 236848 1008
1297714208 3499408 59.902201 10.625372 212551 1001
1297714209 3500409 59.902201 10.625372 220248 1001
1297714210 3501428 59.90238 10.625666 228310 1019
1297714211 3502437 59.902481 10.625825 168632 1009
1297714212 3503447 59.902481 10.625825 83448 1010
1297714213 3504457 59.902693 10.62615 109440 1010
1297714214 3505467 59.902794 10.626309 129960 1010
1297714215 3506468 59.902794 10.626309 112230 1001
1297714216 3507477 59.903018 10.626655 173736 1009
1297714217 3508478 59.903133 10.626838 171998 1001
1297714218 3509488 59.903133 10.626838 171799 1010
1297714219 3510506 59.903359 10.627202 231192 1018
1297714220 3511508 59.903481 10.627388 186639 1002
1297714221 3512537 59.903481 10.627388 153216 1029
1297714222 3513538 59.903715 10.627755 131328 1001
1297714223 3514549 59.903835 10.627938 117279 1011
1297714224 3515551 59.903835 10.627938 158688 1002
1297714225 3516557 59.904055 10.628319 134064 1006
1297714226 3517558 59.904174 10.628503 240649 1001
1297714227 3518560 59.904174 10.628503 403560 1002
1297714228 3519563 59.904413 10.628817 296005 1003
1297714229 3520568 59.904544 10.628951 377692 1005
1297714230 3521578 59.904544 10.628951 230535 1010
1297714231 3522579 59.904814 10.629184 209731 1001
1297714232 3523580 59.904955 10.629247 204196 1001
1297714233 3524588 59.904955 10.629247 91638 1008
1297714234 3525598 59.905236 10.62934 105336 1010
1297714235 3526718 59.905373 10.629365 117720 1120
1297714236 3527728 59.905487 10.629366 143640 1010
1297714237 3528748 59.905593 10.629364 114729 1020
1297714238 3529758 59.905667 10.629352 162792 1010
1297714239 3530768 59.905728 10.629354 129676 1010
1297714240 3532008 59.905752 10.629361 151848 1240
1297714241 3533018 59.905772 10.629367 154190 1010
1297714242 3534028 59.905772 10.629367 173736 1010
1297714243 3535048 59.90578 10.62937 134342 1020
1297714244 3536168 59.90578 10.62937 155456 1120
1297714245 3537179 59.90578 10.62937 173736 1011
1297714246 3538188 59.90578 10.62937 134479 1009
1297714247 3539189 59.905784 10.62937 172368 1001
1297714248 3540197 59.905784 10.62937 118340 1008
1297714249 3541198 59.905792 10.629374 236664 1001
1297714250 3542199 59.905818 10.629363 178738 1001
1297714251 3543208 59.905866 10.629362 162097 1009
1297714252 3544218 59.905919 10.629361 173736 1010
1297714253 3545228 59.905986 10.629345 153646 1010
1297714254 3546238 59.906072 10.629336 224352 1010
1297714255 3547248 59.906163 10.629328 197637 1010
1297714256 3548258 59.906271 10.629308 132696 1010
1297714257 3549259 59.906379 10.629288 75155 1001
1297714258 3550278 59.906626 10.629259 105336 1019
1297714260 3551418 59.906626 10.629259 124444 1140
1297714261 3552628 59.906885 10.629232 251210 1210
1297714262 3553629 59.907024 10.629223 298839 1001
1297714263 3554708 59.907172 10.629216 303427 1079
1297714264 3555909 59.907313 10.629189 225720 1201
1297714265 3556911 59.907454 10.629161 244233 1002
1297714266 3557919 59.907596 10.629116 284148 1008
1297714267 3558969 59.907738 10.629071 216569 1050
1297714268 3559988 59.907875 10.629058 183312 1019
1297714269 3560989 59.908004 10.629027 145008 1001
1297714270 3561991 59.908137 10.628997 194514 1002
1297714271 3563029 59.9082708 10.628941 153270 1038
1297714272 3564229 59.9084046 10.628885 77976 1200
1297714273 3565238 59.9085384 10.628829 151905 1009
1297714274 3566239 59.9086722 10.628773 106362 1001
1297714275 3567249 59.908806 10.628717 138168 1010
1297714276 3568258 59.909073 10.628403 118998 1009
1297714277 3569259 59.909073 10.628403 88920 1001
1297714278 3570269 59.909204 10.628299 142272 1010
1297714279 3571270 59.909483 10.628188 91968 1001
1297714280 3572279 59.909483 10.628188 166896 1009
1297714282 3573419 59.909777 10.628098 238791 1140
1297714283 3574429 59.909927 10.628056 255816 1010
1297714284 3575439 59.909927 10.628056 178438 1010
1297714285 3576440 59.910237 10.627994 270128 1001
1297714286 3577448 59.910398 10.627973 335160 1008
1297714287 3578459 59.910398 10.627973 159822 1011
1297714288 3579460 59.91073 10.627938 390864 1001
1297714289 3580469 59.910899 10.62792 346060 1009
1297714290 3581479 59.910899 10.62792 242136 1010
1297714291 3582489 59.911234 10.62798 175886 1010
1297714292 3583490 59.9113984385965 10.6280432807018 217512 1001
1297714293 3584491 59.911562877193 10.6281065614035 235089 1001
1297714294 3585499 59.9117273157895 10.6281698421053 286558 1008
1297714295 3586539 59.911891754386 10.628233122807 265473 1040
1297714296 3587549 59.9120561929825 10.6282964035088 365256 1010
1297714297 3588550 59.9122206315789 10.6283596842105 276576 1001
1297714298 3589551 59.9123850701754 10.6284229649123 191533 1001
1297714299 3590559 59.9125495087719 10.628486245614 315263 1008
1297714300 3591570 59.9127139473684 10.6285495263158 285912 1011
1297714301 3592579 59.9128783859649 10.6286128070175 298068 1009
1297714302 3593580 59.9130428245614 10.6286760877193 259052 1001
1297714303 3594589 59.9132072631579 10.6287393684211 226883 1008
1297714304 3595599 59.9133717017544 10.6288026491228 217439 1010
1297714305 3596719 59.9135361403509 10.6288659298246 229807 1120
1297714306 3597839 59.9137005789474 10.6289292105263 298633 1120
1297714307 3598959 59.9138650175439 10.6289924912281 275492 1120
1297714308 3599962 59.9140294561403 10.6290557719298 305064 1003
1297714309 3600969 59.9141938947368 10.6291190526316 236015 1007
1297714310 3601970 59.9143583333333 10.6291823333333 255883 1001
1297714311 3602979 59.9145227719298 10.6292456140351 191520 1009
1297714312 3603980 59.9146872105263 10.6293088947368 142805 1001
1297714313 3605039 59.9148516491228 10.6293721754386 194977 1059
1297714314 3606040 59.9150160877193 10.6294354561404 186048 1001
1297714315 3607049 59.9151805263158 10.6294987368421 210672 1009
1297714316 3608060 59.9153449649123 10.6295620175439 195044 1011
1297714317 3609061 59.9155094035088 10.6296252982456 277704 1001
1297714318 3610070 59.9156738421053 10.6296885789474 274968 1009
1297714319 3611080 59.9158382807018 10.6297518596491 226043 1010
1297714320 3612089 59.9160027192982 10.6298151403509 175104 1009
1297714321 3613120 59.9161671578947 10.6298784210526 247892 1031
1297714322 3614129 59.9163315964912 10.6299417017544 287280 1009
1297714323 3615140 59.9164960350877 10.6300049824561 252774 1011
1297714324 3616179 59.9166604736842 10.6300682631579 242158 1039
1297714325 3617189 59.9168249122807 10.6301315438596 57456 1010
1297714326 3618190 59.9169893508772 10.6301948245614 79344 1001
1297714327 3619191 59.9171537894737 10.6302581052632 153216 1001
1297714328 3620199 59.9173182280702 10.6303213859649 142619 1008
1297714329 3621239 59.9174826666667 10.6303846666667 173736 1040
1297714330 3622342 59.9176471052632 10.6304479473684 5472 1103
1297714331 3623351 59.9178115438596 10.6305112280702 222879 1009
1297714332 3624352 59.9179759824561 10.6305745087719 235993 1001
1297714333 3625360 59.9181404210526 10.6306377894737 246347 1008
1297714334 3626362 59.9183048596491 10.6307010701754 267370 1002
1297714335 3627369 59.9184692982456 10.6307643508772 281808 1007
1297714336 3628370 59.9186337368421 10.6308276315789 224319 1001
1297714337 3629371 59.9187981754386 10.6308909122807 232045 1001
1297714338 3630380 59.9189626140351 10.6309541929825 230016 1009
1297714339 3631381 59.9191270526316 10.6310174736842 233799 1001
1297714340 3632391 59.9192914912281 10.631080754386 210399 1010
1297714341 3633392 59.9194559298246 10.6311440350877 260455 1001
1297714342 3634400 59.9196203684211 10.6312073157895 309745 1008
1297714343 3635401 59.9197848070175 10.6312705964912 273600 1001
1297714344 3636420 59.919949245614 10.631333877193 202460 1019
1297714345 3637530 59.9201136842105 10.6313971578947 188169 1110
1297714346 3638540 59.920278122807 10.6314604385965 172368 1010
1297714348 3639541 59.920607 10.631587 164188 1001
1297714349 3640546 59.920698 10.631831 151848 1005
1297714350 3641550 59.920698 10.631831 199728 1004
1297714351 3642551 59.920883 10.632189 266949 1001
1297714352 3643552 59.920991 10.632327 310150 1001
1297714353 3644560 59.920991 10.632327 240436 1008
1297714354 3645561 59.921224 10.632593 242344 1001
1297714355 3646570 59.921341 10.632717 283720 1009
1297714356 3648030 59.9214904307692 10.6327992461538 339127 1460
1297714357 3649031 59.9216398615385 10.6328814923077 333792 1001
1297714358 3650033 59.9217892923077 10.6329637384615 266708 1002
1297714359 3651100 59.9219387230769 10.6330459846154 200590 1067
1297714360 3652120 59.9220881538462 10.6331282307692 225720 1020
1297714361 3653131 59.9222375846154 10.6332104769231 224132 1011
1297714362 3654231 59.9223870153846 10.6332927230769 244872 1100
1297714363 3655240 59.9225364461538 10.6333749692308 213154 1009
1297714364 3656241 59.9226858769231 10.6334572153846 290016 1001
1297714365 3657242 59.9228353076923 10.6335394615385 221072 1001
1297714366 3658250 59.9229847384615 10.6336217076923 183312 1008
1297714367 3659251 59.9231341692308 10.6337039538462 77976 1001
1297714368 3660260 59.9232836 10.6337862 123765 1009
1297714369 3661451 59.9234330307692 10.6338684461538 302103 1191
1297714370 3662460 59.9235824615385 10.6339506923077 370025 1009
1297714371 3663461 59.9237318923077 10.6340329384615 292752 1001
1297714372 3664470 59.9238813230769 10.6341151846154 325546 1009
1297714373 3665471 59.9240307538462 10.6341974307692 392987 1001
1297714374 3666481 59.9241801846154 10.6342796769231 511632 1010
1297714375 3667681 59.9243296153846 10.6343619230769 502464 1200
1297714376 3668691 59.9244790461538 10.6344441692308 489599 1010
1297714377 3669761 59.9246284769231 10.6345264153846 510906 1070
1297714378 3670770 59.9247779076923 10.6346086615385 406296 1009
1297714379 3671781 59.9249273384615 10.6346909076923 344083 1011
1297714380 3672782 59.9250767692308 10.6347731538462 356168 1001
1297714381 3673790 59.9252262 10.6348554 503177 1008
1297714382 3674911 59.9253756307692 10.6349376461538 311636 1121
1297714383 3675912 59.9255250615385 10.6350198923077 414337 1001
1297714384 3676914 59.9256744923077 10.6351021384615 355984 1002
1297714385 3677915 59.9258239230769 10.6351843846154 398841 1001
1297714386 3678916 59.9259733538462 10.6352666307692 314178 1001
1297714387 3679917 59.9261227846154 10.6353488769231 514295 1001
1297714388 3681061 59.9262722153846 10.6354311230769 644413 1144
1297714389 3682063 59.9264216461538 10.6355133692308 596448 1002
1297714390 3683461 59.9265710769231 10.6355956153846 161535 1398
1297714391 3684481 59.9267205076923 10.6356778615385 757836 1020
1297714392 3685482 59.9268699384615 10.6357601076923 283176 1001
1297714393 3686501 59.9270193692308 10.6358423538462 280440 1019
1297714394 3687552 59.9271688 10.6359246 305449 1051
1297714395 3688561 59.9273182307692 10.6360068461538 331976 1009
1297714396 3689602 59.9274676615385 10.6360890923077 385718 1041
1297714397 3690712 59.9276170923077 10.6361713384615 495388 1110
1297714398 3691881 59.9277665230769 10.6362535846154 422395 1169
1297714399 3692891 59.9279159538462 10.6363358307692 512380 1010
1297714400 3693892 59.9280653846154 10.6364180769231 571953 1001
1297714401 3694901 59.9282148153846 10.6365003230769 493198 1009
1297714402 3695910 59.9283642461538 10.6365825692308 457395 1009
1297714403 3696911 59.9285136769231 10.6366648153846 409193 1001
1297714404 3697921 59.9286631076923 10.6367470615385 430748 1010
1297714405 3698929 59.9288125384615 10.6368293076923 446232 1008
1297714406 3700012 59.9289619692308 10.6369115538462 396213 1083
1297714407 3701029 59.9291114 10.6369938 387144 1017
1297714408 3702042 59.9292608307692 10.6370760461538 422656 1013
1297714409 3703043 59.9294102615385 10.6371582923077 476881 1001
1297714410 3704046 59.9295596923077 10.6372405384615 500688 1003
1297714411 3705051 59.9297091230769 10.6373227846154 414723 1005
1297714412 3706053 59.9298585538462 10.6374050307692 409533 1001
1297714413 3707066 59.9300079846154 10.6374872769231 535053 1013
1297714414 3708067 59.9301574153846 10.6375695230769 432312 1001
1297714415 3709161 59.9303068461538 10.6376517692308 535607 1094
1297714416 3710162 59.9304562769231 10.6377340153846 585504 1001
1297714420 3711742 59.931054 10.638063 71651 1580
1297714421 3712743 59.930757 10.639314 770749 1001
1297714422 3713752 59.930489 10.640519 403560 1009
1297714423 3714881 59.930259 10.641646 347275 1129
1297714424 3715882 59.930047 10.642706 336528 1001
1297714425 3716883 59.929857 10.643702 311270 1001
1297714426 3717901 59.929687 10.644649 242273 1018
1297714427 3718902 59.929538 10.645532 277704 1001
1297714428 3719913 59.929409 10.646384 271014 1011
1297714429 3720921 59.929293 10.647168 257184 1008
1297714430 3721931 59.929193 10.64792 135604 1010
1297714431 3722941 59.929101 10.64862 154584 1010
1297714432 3723971 59.929027 10.649291 107541 1030
1297714433 3725041 59.92896 10.649927 58824 1070
1297714434 3726071 59.928909 10.650531 42408 1030
1297714436 3727463 59.928834 10.651641 17752 1392
1297714437 3728464 59.928834 10.651641 323668 1001
1297714438 3729471 59.928797 10.652651 237092 1007
1297714439 3730473 59.928788 10.653125 274968 1002
1297714440 3731481 59.928788 10.653125 247703 1008
1297714441 3732491 59.928794 10.654005 265392 1010
1297714442 3733551 59.928807 10.654429 228451 1060
1297714443 3734552 59.928807 10.654429 246240 1001
1297714444 3735561 59.928846 10.65521 216744 1009
1297714445 3736562 59.928883 10.655588 229718 1001
1297714446 3737724 59.928912 10.655962 279072 1162
1297714447 3738732 59.928946 10.656323 240830 1008
1297714448 3739733 59.928977 10.65668 254448 1001
1297714449 3740742 59.929015 10.65704 264024 1009
1297714450 3741743 59.929046 10.657397 212411 1001
1297714451 3742752 59.929079 10.657757 247608 1009
1297714452 3743762 59.929111 10.658097 167819 1010
1297714453 3744772 59.929143 10.658436 178050 1010
1297714454 3745782 59.929176 10.658776 218880 1010
1297714455 3746783 59.929195 10.659112 201954 1001
1297714456 3747784 59.929228 10.659452 211660 1001
1297714457 3748793 59.929252 10.659788 227587 1009
1297714458 3749812 59.929276 10.660124 213473 1019
1297714459 3750813 59.929314 10.660446 247697 1001
1297714460 3751822 59.929339 10.660782 250301 1009
1297714461 3752842 59.929369 10.661101 255938 1020
1297714462 3753852 59.929407 10.661423 259920 1010
1297714463 3754862 59.929445 10.661745 203922 1010
1297714464 3756072 59.929495 10.66207 208680 1210
1297714465 3757073 59.929547 10.662377 280440 1001
1297714466 3758082 59.929603 10.662685 165849 1009
1297714467 3759152 59.929662 10.662996 165194 1070
1297714468 3760153 59.929726 10.663307 192888 1001
1297714469 3761162 59.929799 10.663604 163564 1009
1297714470 3762172 59.929876 10.6639 128592 1010
1297714471 3763182 59.929962 10.664183 113123 1010
1297714472 3764193 59.930049 10.664465 143640 1011
1297714473 3765194 59.930144 10.664733 93644 1001
1297714474 3766202 59.930244 10.665002 134064 1008
1297714475 3767212 59.930341 10.665252 96839 1010
1297714476 3768222 59.930442 10.665503 145008 1010
1297714477 3769302 59.930633 10.666001 74210 1080
1297714479 3770314 59.930633 10.666001 173736 1012
1297714480 3771322 59.930832 10.666484 135890 1008
1297714481 3772388 59.930926 10.666732 99864 1066
1297714482 3773422 59.930926 10.666732 91656 1034
1297714483 3774442 59.931129 10.667233 111580 1020
1297714484 3775452 59.93123 10.667484 169632 1010
1297714485 3776462 59.93123 10.667484 149112 1010
1297714486 3777463 59.931442 10.667971 107287 1001
1297714487 3778482 59.931547 10.668221 135432 1019
1297714488 3779492 59.931547 10.668221 111688 1010
1297714489 3780512 59.931762 10.668687 129960 1020
1297714490 3781532 59.931868 10.668938 111803 1020
1297714491 3782542 59.931868 10.668938 147744 1010
1297714492 3783554 59.932076 10.669422 120762 1012
1297714493 3784652 59.932182 10.669672 112176 1098
1297714494 3785712 59.932296 10.669926 76705 1060
1297714495 3786732 59.932397 10.670177 116280 1020
1297714496 3787742 59.932507 10.670413 93004 1010
1297714497 3788752 59.932609 10.670664 131328 1010
1297714498 3789762 59.932719 10.6709 99229 1010
1297714499 3790926 59.93282 10.671151 112559 1164
1297714500 3791942 59.932926 10.671387 117648 1016
1297714501 3792953 59.933028 10.671638 92806 1011
1297714502 3793962 59.93313 10.671871 120384 1009
1297714503 3794972 59.933235 10.672125 86553 1010
1297714504 3795983 59.933338 10.672358 119016 1010
1297714505 3797083 59.933444 10.672594 72504 1100
1297714506 3798092 59.933546 10.672827 83394 1008
1297714507 3799113 59.933651 10.673081 95760 1021
1297714508 3800122 59.933753 10.673315 106704 1009
1297714509 3801133 59.933852 10.673548 89187 1011
1297714510 3802142 59.933954 10.673781 79344 1008
1297714511 3803162 59.934056 10.674031 39189 1020
1297714514 3805343 59.934363 10.674748 39672 2181
1297714515 3806352 59.934363 10.674748 16416 1009
1297714516 3807623 59.934562 10.675232 13680 1271
1297714529 3820496 59.935817 10.678425 6840 12873
1297714530 3821497 59.935817 10.678425 77976 1001
1297714531 3822577 59.935985 10.678899 43115 1080
1297714532 3823587 59.93606 10.679122 126186 1010
1297714533 3824596 59.93606 10.679122 130292 1009
1297714534 3825597 59.936209 10.679533 131818 1001
1297714535 3826697 59.936272 10.679714 135149 1100
1297714536 3827709 59.936331 10.679896 136403 1012
1297714537 3828717 59.936381 10.680021 130518 1008
1297714538 3829718 59.936426 10.680126 160313 1001
1297714539 3830727 59.936458 10.680188 114552 1009
1297714540 3831768 59.936488 10.680216 156851 1041
1297714541 3832544 59.936491 10.680233 132696 776
