1.0 1.42637362637
2.01 2.00658077304
3.04 1.3131184466
4.04 1.5363036963
5.06 1.17282502444
6.12 1.18710436433
7.13 1.41872205737
8.21 1.27988878591
9.36 1.52692869565
10.36 1.78642157842
11.37 1.81931417245
12.38 2.09222551929
13.39 2.14718415842
14.39 2.62257742258
15.4 2.68742120912
16.4 3.97565634366
17.4 2.0504278607
18.41 1.5812990099
19.43 1.64902970297
20.44 1.5820039604
21.44 1.48632167832
22.44 1.31809751244
23.56 1.39062857143
24.56 1.73835764236
25.57 1.42824975223
26.59 1.55399804114
27.72 1.84487978629
28.72 1.88727056492
29.73 1.54191408591
30.74 1.67157227723
31.74 2.68594605395
32.74 2.93804985045
33.78 2.28425384615
34.78 2.46434365634
35.95 2.05094952951
36.97 2.19737512243
37.97 2.20469130869
38.97 2.5398041958
39.97 2.94437562438
40.98 2.09812326044
41.98 3.01560839161
42.98 2.87252694611
43.98 2.57357842158
44.98 2.92185414585
45.98 2.3623016983
46.99 2.5842939424
48.0 2.6144
49.0 2.68632967033
50.0 3.38578221778
51.01 3.52393650794
52.02 3.82542574257
53.02 3.69106772908
54.17 3.08366290182
55.24 2.82419439252
56.24 2.8097982018
57.25 2.15195242815
58.25 1.96792007992
59.34 1.87691743119
60.35 2.57888316832
61.36 2.11328981207
62.36 2.4435964036
63.38 2.7317480315
64.39 1.20394846383
65.55 1.1438828596
66.55 2.19754645355
67.96 1.97085552408
68.97 2.62291161867
69.97 2.04131868132
70.98 2.052
71.98 1.5836963037
72.99 1.8854019802
73.99 1.56901397206
74.99 2.21941258741
76.0 2.40131485149
77.01 1.49043756244
78.01 2.64914285714
79.01 2.14915484515
80.02 1.99034565435
81.03 2.2961980198
82.04 2.77392475248
83.04 1.68800792864
84.05 2.19367920792
85.06 2.00898217822
86.07 1.96125148515
87.09 1.44847058824
88.1 1.31565148515
89.11 2.34113086913
90.11 2.96406793207
91.12 3.12455104063
92.22 2.45725090909
93.23 2.27548514851
94.23 1.52346719682
95.23 1.60951048951
96.24 1.63780376611
97.25 1.35445544554
98.27 0.77562352941
99.28 1.06505660377
100.29 1.11496735905
101.3 1.01955996036
102.31 0.92707326733
103.32 0.96437227723
104.33 1.09657142857
105.34 0.90542574257
106.35 1.34361980198
107.36 1.12498217822
108.37 1.00069772052
109.55 1.23059898477
110.55 1.04957442557
111.56 1.28944158416
112.57 0.99586534653
113.58 1.08356435644
114.58 1.07037125749
115.59 0.92428514851
116.6 1.12690693069
117.9 0.78547692308
118.91 0.86685148515
119.93 0.91045490196
120.93 0.90744455544
122.03 0.86033515483
123.04 1.23526336634
124.05 1.06000792079
125.06 1.48448316832
126.07 1.37424950495
127.08 1.46281188119
128.09 1.04779405941
129.1 1.7536379822
130.19 2.47059300184
131.28 2.03260917431
132.28 2.08695304695
133.29 2.14283448959
134.29 1.70845154845
135.3 1.43403766105
136.44 1.99106047327
137.45 2.42718415842
138.47 1.64785083415
139.63 1.65649612403
140.64 2.01542970297
141.66 1.41628235294
142.66 1.56247752248
143.66 1.33383416583
144.67 2.14971428571
145.77 1.26947636364
146.78 1.81858753709
147.79 2.18012289395
148.8 1.45197623762
149.81 1.24807920792
150.86 1.37295238095
151.87 2.27548514851
152.87 1.63042557443
153.87 2.21444155844
154.88 2.48628571429
155.88 1.87833766234
156.9 1.83384494603
157.91 2.09127920792
158.94 1.57211251212
159.94 2.33931668332
160.95 2.38857142857
161.95 1.82541458541
162.96 1.37749058474
163.97 1.1088950495
164.99 1.41628235294
166.0 1.2923960396
167.02 1.60941176471
168.03 1.34327128713
169.04 1.8943620178
170.06 1.21465882353
171.07 1.75537425743
172.22 1.55828720627
173.22 1.97888511489
174.22 2.06480719281
175.23 2.98571428571
176.24 2.01011904762
177.24 1.85389010989
178.25 3.07732277228
179.26 1.90981169475
180.26 1.94006793207
181.39 2.48232714412
182.5 2.7784410441
183.5 3.37831768232
184.5 2.99076123876
185.51 2.57153968254
186.55 2.4663054755
187.55 2.32641916168
188.56 1.98279365079
189.58 1.85821176471
190.59 2.26464950495
191.61 2.0646745098
192.61 2.37763836164
193.62 2.35076313181
194.62 2.97379420579
197.27 0.74236377358
198.27 5.81398601399
199.29 2.67463002944
200.29 3.35755444555
201.3 3.70228571429
202.31 2.51615841584
203.47 3.31416551724
204.47 3.64071128871
205.47 3.55940859141
206.48 3.2384222002
207.48 3.20173426573
208.6 2.75342269884
209.61 3.19841584158
210.61 3.19255944056
211.61 3.06623776224
212.61 3.01627972028
213.61 4.0710969031
214.63 2.5881025641
215.63 3.85538522954
216.64 2.94676709613
217.64 4.63562037962
218.64 3.45796603397
219.65 4.00585074627
220.74 3.88914808044
221.75 4.51467196819
223.03 0.25507572209
224.14 7.51943733093
225.14 2.68953446553
226.15 4.636
227.15 4.0343016983
228.15 3.41962037962
229.15 3.72817582418
230.16 2.32869910626
231.17 3.60470029674
232.18 2.82159207921
233.19 2.81726732673
234.2 2.208864222
235.2 2.50367232767
236.2 2.7742017982
237.21 3.72819821606
238.42 0.17825472473
239.43 6.58921357285
240.49 2.45151969981
241.49 2.25221178821
242.49 2.22297702298
243.51 2.87830421982
244.52 1.81147722772
245.53 2.08250545094
246.53 1.90817982018
247.54 2.42553815659
248.57 1.74305334627
249.65 1.98196107507
250.71 2.12126275992
251.71 2.21941258741
252.72 1.53866930693
253.73 1.44714370664
254.75 2.23171764706
255.76 1.47507631318
256.76 1.9849030969
257.89 2.2471079646
258.9 3.04481584158
259.9 2.45051748252
260.93 2.21725170068
261.95 2.73763137255
263.05 2.59830699364
264.06 2.8515123885
265.07 2.54637623762
266.07 1.81447352647
267.26 1.65338267452
268.27 1.22442772277
269.3 1.32815533981
270.31 1.49357623762
271.32 1.81134588702
272.33 2.46011496531
273.34 2.47052673267
274.66 1.57197575758
275.66 2.18958083832
276.67 1.79320079523
277.67 1.70555844156
278.67 1.58427860697
279.69 1.62972781065
280.7 1.5491960396
281.7 1.92421978022
282.74 2.02782808023
283.75 1.6849740519
284.76 1.60367524752
285.77 1.55214243323
286.77 1.75496414343
287.79 1.82305882353
288.8 1.70288206145
289.8 2.08821578422
290.81 1.76856349206
291.81 1.97888511489
292.81 2.476003996
293.82 2.45451881188
294.82 2.39694211577
295.83 2.35725124131
296.83 2.95498305085
297.84 2.99419623389
298.84 2.24813586414
299.85 1.832
300.89 1.70644380403
301.9 2.2534047619
303.05 2.16655304348
304.06 2.65473267327
305.11 2.40712380952
306.13 2.53214117647
307.13 2.5885508982
308.13 1.58597402597
309.14 1.66709217047
310.15 2.00459405941
311.15 2.11466133866
312.15 3.09987612388
313.16 4.14684231537
314.16 3.11085487078
315.16 2.81117282717
316.17 2.11714285714
317.18 1.9153980198
318.19 2.04793663366
319.2 2.28140990099
320.2 2.45003796204
321.2 2.86446353646
322.22 2.17938249754
323.23 2.43100990099
324.32 2.22809899175
325.39 2.56835173059
326.4 2.06081268583
327.4 1.62948502994
328.42 1.70199803729
329.42 1.87072127872
330.52 1.87446490428
331.67 2.31081352992
332.68 2.49645148515
333.69 2.0539960396
334.69 2.36516283716
335.71 2.1372404318
336.72 2.30799207921
337.74 1.7597254902
338.74 1.95689110889
339.75 2.33197224975
340.75 1.37503296703
341.76 2.10250941526
342.77 2.12076755687
343.77 2.89591208791
344.78 2.04453624628
345.79 2.030884273
346.87 1.83323191095
347.88 1.36529108911
348.99 1.15664144144
350.0 1.35445544554
351.01 1.40863366337
352.02 1.89511374876
353.02 2.8425974026
354.02 2.01164435564
355.02 2.45135329341
356.04 2.42278740157
357.05 1.95234886026
358.71 0.42857074052
359.72 5.93591278494
360.76 2.66687415946
361.77 2.89478019802
362.77 3.43640718563
363.8 2.47901263362
364.83 3.15738238141
365.86 2.62205258033
366.86 2.60304495504
367.87 2.563
368.87 2.58614985015
369.91 2.54905384615
370.91 2.42447152847
371.92 2.03439444995
372.98 0.50590188679
374.6 0.03379864114
375.64 1.55417692308
376.64 2.0255489022
377.67 2.49818677043
378.68 2.79207920792
379.85 2.34160683761
380.86 2.75225346535
381.86 2.37448951049
382.87 2.60313181368
383.87 2.53460939061
384.87 2.51516334661
385.9 2.45542130987
386.91 2.50303366337
387.91 2.05238761239
388.92 2.26300793651
390.08 1.60029655172
391.08 2.41620779221
392.09 1.95736769078
393.1 1.93717343905
394.1 1.74488711289
395.17 2.46672149533
396.17 2.99566033966
397.18 2.7670802775
398.28 3.17041454545
399.29 2.96142574257
400.29 3.11636363636
401.3 2.60546283449
402.3 2.83166433566
403.3 2.36860739261
404.31 2.34756349206
405.31 1.20682517483
406.31 2.20847952048
407.32 2.0815777998
408.32 2.01251548452
409.45 1.96198757764
410.46 2.08044356436
411.47 1.69638811881
412.48 1.80196435644
413.48 1.98981818182
414.49 1.22632612967
415.51 1.11166863905
416.51 0.71459502488
417.52 0.73682376238
418.71 0.19312941176
419.72 1.49428118812
420.76 1.27574566474
421.77 1.25693465347
422.77 1.16794405594
423.78 1.22564122894
424.78 1.50876323676
425.79 0.80157623762
426.8 1.02938613861
427.8 1.13703896104
428.81 0.88232309217
429.81 1.11517282717
430.82 1.03040634291
431.83 0.78843564356
432.84 0.97520792079
433.85 0.72798415842
434.86 1.18108514851
435.87 0.78400792079
436.88 1.06189306931
437.89 1.06639762611
438.9 1.34361942517
439.9 1.8605954046
440.91 1.83971456888
441.91 1.29870929071
442.92 1.44697720515
443.92 1.56377222777
444.93 1.60572908367
445.93 1.79287912088
446.93 2.32548251748
447.94 1.47104856293
448.95 1.77333861386
449.99 2.12533076181
451.0 1.62534653465
452.01 0.75886732673
453.03 1.11585882353
454.07 0.43144615385
455.1 0.28123495146
456.12 0.25750588235
457.14 0.23604705882
458.15 0.27089108911
459.18 0.2868815534
581.04 0.00108884713
582.22 1.11978305085
583.23 1.11734915925
584.25 1.24502745098
585.5 0.56958466454
586.51 1.43505555556
587.51 1.3802037962
588.52 1.32049950446
589.65 1.1554619469
590.7 1.32384395814
591.71 0.97297125867
592.76 1.19952091255
593.77 1.46612115194
594.87 1.49953454545
595.88 2.01250693069
596.92 2.3519307026
597.92 2.95192807193
598.93 2.75031912785
599.93 3.05966101695
600.93 2.27612387612
601.94 2.21982160555
603.07 2.76041843972
604.25 2.45398814564
605.26 2.66027777778
606.26 3.08123876124
607.26 3.47485314685
608.26 3.26515884116
609.26 4.08629141717
610.27 3.93159086395
611.38 3.21494679892
612.39 3.23171513353
613.55 3.06769655172
614.58 2.3648372093
615.59 2.29702380952
616.59 3.41863473054
617.6 2.14899702085
618.6 2.05168924303
619.61 2.29541153082
620.61 1.82579020979
621.62 2.51636075322
624.32 0.73648888889
625.34 5.62107163886
626.35 0.99589317507
627.37 1.42701176471
628.38 0.77867722772
629.39 0.85601584158
630.41 0.84762352941
631.57 0.55608965517
632.57 1.95701898102
633.58 1.28437661051
634.59 1.53142970297
635.6 1.44256888008
636.61 1.15956435644
637.61 1.68369230769
638.61 1.21584126984
639.62 2.09127920792
640.63 2.44397202797
641.63 2.46212987013
642.63 1.368
643.81 1.26418983051
644.82 2.25381386139
645.83 1.37653861386
646.84 1.85473141724
647.84 2.78945054945
648.86 2.69985882353
649.87 1.92117343905
650.9 1.80990882638
651.91 1.86955444555
652.92 1.71131630648
654.0 2.07412592593
655.0 2.55833766234
656.01 1.9755044955
657.01 2.1973518335
658.02 2.25117282717
659.02 2.30980376611
660.03 1.90707326733
661.04 1.83391008991
662.04 2.30385628743
663.04 2.1492027972
664.04 2.776999001
665.04 2.43065734266
666.05 2.55951539225
667.05 1.88513086913
668.06 2.08892673267
669.06 2.82073126873
670.07 2.62833696729
671.07 2.25671128871
672.23 2.22194148021
673.23 3.12685714286
674.24 2.15152428147
675.25 2.63885262117
676.39 2.56117295874
677.54 2.57129043478
678.54 3.14872327672
679.55 2.91299108028
680.55 3.19922477522
681.56 3.26275643564
682.56 2.85692707293
683.64 2.16949907236
684.64 3.0981018981
685.64 3.47621178821
686.65 3.46374628345
687.66 3.02535445545
688.74 3.48834814815
689.74 3.08550649351
690.75 2.37411111111
691.75 3.57511288711
694.08 0.40726180258
695.09 5.60956039604
696.09 2.05541658342
697.11 1.73987046124
698.11 2.0596007984
699.19 1.68723632994
700.36 2.3706029035
701.37 2.47052673267
702.39 2.30085064293
703.4 1.3881138371
704.42 1.83118110236
705.42 1.77861615155
706.43 1.56849353234
707.43 1.8605508982
708.45 1.99567058824
709.46 1.61996039604
710.49 1.5738407767
711.5 2.17581008902
712.51 1.89561942517
713.51 1.6267972028
714.52 1.91130227948
715.53 1.68248712871
716.54 1.71380594059
717.54 2.28501098901
718.55 1.77194053518
719.55 1.81854945055
720.56 1.9293716551
721.57 2.02626534653
722.58 1.5505980198
723.58 2.02156243756
724.74 2.39860689655
725.74 2.17568031968
726.75 1.95991278494
727.76 2.1649851632
728.77 1.7286221336
729.77 1.93065609514
730.78 1.19722677323
731.78 1.60526461843
732.8 1.85259742829
733.81 2.08714624506
734.81 1.36663336663
735.82 1.10523564356
736.83 0.68332210109
742.01 0.07540474812
743.02 5.47742319128
744.02 0.53904495504
745.05 0.39237209302
746.1 0.29267621777
747.13 0.26563106796
748.14 0.23838415842
749.58 0.0988
771.68 0.00297122172
772.71 0.43311196911
774.12 0.31713390313
775.18 0.44053584906
776.19 0.51081980198
777.29 0.53106909091
778.31 0.6651372549
779.34 0.53636258438
780.38 0.43067692308
781.4 0.30197628458
782.41 0.33326522593
783.43 0.29735177866
784.48 0.28114938154
785.51 0.39731778426
786.55 0.25255384615
787.56 0.22754851485
788.61 0.16361142857
789.78 0.26168403074
790.83 0.24819083969
791.91 0.296543618
792.92 0.34674059406
793.95 0.25322624878
794.96 0.35757623762
795.98 0.29662973761
797.14 0.34293103448
798.16 0.35407058824
799.17 0.25706930693
800.18 0.31423366337
801.22 0.18095861405
802.84 0.07431111111
804.26 0.03082816901
805.54 0.0342
806.56 0.05364705882
807.58 0.13948235294
809.08 0.10015466667
810.16 0.1824
811.17 0.1516990099
812.23 0.13421886792
813.28 0.13264761905
815.34 0.03718834951
816.5 0.01886896552
878.81 0.00035130971
879.97 0.04717241379
881.33 0.04828235294
882.73 0.02345142857
884.13 0.02345142857
886.41 0.01402807018
887.67 0.02605714286
888.69 0.02145882353
889.97 0.02565
912.86 0.00047807094
922.63 0.00111970534
923.89 0.00867882633
925.02 0.05857627119
926.05 0.05271676301
927.49 0.04556835531
928.76 0.05203169572
930.25 0.02644058745
931.27 0.05364705882
932.69 0.04624225352
933.73 0.06326011561
937.66 0.00556804884
939.1 0.06835253296
940.84 0.08180229885
942.05 0.11836272879
943.12 0.16243413729
944.2 0.09128452271
945.5 0.07516666667
946.61 0.07901805054
947.66 0.11443346008
956.41 0.00375051405
957.42 0.69987326733
958.47 1.66125407478
959.54 1.66085981308
960.54 2.03466933067
961.55 1.25604757185
962.55 1.77877322677
963.56 2.11738354807
964.57 1.85332277228
965.58 1.97973439049
966.58 2.22581418581
967.58 1.91578821179
968.59 2.13122376238
969.59 2.29612787213
970.61 2.2192627451
971.62 2.50890782953
972.62 2.74691708292
973.63 2.59047619048
974.63 2.78400799201
975.63 2.80166233766
976.64 3.21133333333
977.7 2.16683663834
978.71 3.57183842365
979.71 2.96083116883
980.72 2.98724281467
981.73 3.72126607319
982.74 3.34170069376
983.75 3.01279682854
984.76 2.74006336634
985.77 2.89961546085
986.77 2.60566633367
987.78 2.80271952428
988.87 2.05108088235
989.88 3.31443168317
990.88 2.34641358641
991.89 3.35665873016
992.9 2.84890999011
993.91 3.16695275591
994.92 3.23325024728
995.92 3.05117282717
996.94 3.33970559372
997.95 3.6772039604
998.95 3.63163236763
999.96 3.71192807193
1000.96 3.95511904762
1001.96 3.00309290709
1003.17 3.34585938792
1004.22 3.37651047619
1005.23 3.33666267465
1006.23 2.55778571429
1007.23 3.51824175824
1008.25 2.97519136408
1009.26 2.9604039604
1010.26 2.79557242757
1011.27 2.53217046581
1012.27 3.20338861139
1014.38 1.07755713608
1015.38 5.74576623377
1016.39 3.16414371257
1017.4 3.03203964321
1018.4 2.68764285714
1019.41 2.99757285429
1020.41 2.95527777778
1021.44 2.73450097087
1022.59 2.92995478261
1023.59 2.940995005
1024.6 2.24853280318
1025.6 2.53284315684
1026.61 1.89877777778
1027.68 2.68544299065
1028.69 2.22130693069
1029.71 1.47776125245
1030.71 1.84947852148
1031.72 2.33268525896
1032.72 3.37871968191
1033.73 2.92626362735
1034.73 2.09245154845
1035.93 2.67518932444
1036.94 2.82530563798
1037.95 1.42431777557
1038.97 0.98613907933
1039.98 0.72383810464
1040.98 2.5344975025
1041.99 2.51043012884
1042.99 2.86446353646
1044.0 1.70747722772
1045.01 1.56809552239
1046.04 0.65730232558
1047.05 2.33197224975
1048.06 1.92261386139
1049.16 2.16903272727
1050.17 2.62222574257
1051.64 0.27275102041
1052.65 1.76620990099
1053.84 1.4248
1054.85 1.90707326733
1055.86 1.46586930693
1056.87 1.95041584158
1057.88 1.5424
1058.89 2.19963564356
1059.9 2.26588514851
1060.91 2.07477227723
1061.95 1.64056923077
1062.95 2.3045748503
1063.96 1.73538949455
1064.98 1.74703827282
1066.06 2.22742115028
1067.06 2.41620779221
1068.06 1.55201598402
1069.07 1.59463230922
1070.11 1.95729230769
1071.12 1.57161111111
1072.13 1.62066534653
1073.14 1.96125148515
1074.15 1.56415430267
1075.19 2.18464677575
1076.33 2.5274877193
1077.33 3.17954491018
1078.33 4.49673526474
1079.42 3.61148114075
1080.42 3.88652147852
1081.42 3.50105389222
1082.48 2.82210785241
1083.48 3.77342657343
1084.48 2.57428171828
1085.49 3.170703667
1086.51 3.11271372549
1087.51 2.87397402597
1088.52 2.76134920635
1089.52 2.98165034965
1090.53 3.19651485149
1091.54 2.19577821782
1092.54 2.613002997
1093.54 2.42627772228
1094.56 2.23645579568
1095.57 1.48448316832
1096.77 1.47343333333
1097.79 1.47137193327
1098.81 1.02751372549
1099.81 1.28881437126
1100.82 1.32457142857
1101.83 1.25558019802
1103.03 1.21596666667
1104.03 2.3565782652
1105.05 1.56028374384
1106.06 1.38708910891
1107.09 1.43162754607
1108.1 2.20767492567
1109.1 3.09431368631
1110.11 3.01378790882
1111.31 1.87244
1112.31 0.98397602398
1113.34 0.86148104956
1114.38 0.35778461538
1115.39 0.39008316832
1116.4 0.80183762376
1117.4 1.14094705295
1118.41 1.06639370079
1119.41 1.2001996008
1120.42 2.46086818632
1121.52 2.59200727934
1122.52 2.13014985015
1123.53 1.18932801595
1125.91 0.10580580076
1127.04 0.06779469027
1128.07 0.11158058252
1129.07 0.57945254745
1130.07 0.684
1131.08 0.4323960396
1132.09 1.02770829171
1133.13 1.4391
1134.13 2.19131020813
1144.12 0.03103996795
1145.13 0.34674059406
1146.16 0.45732944606
1147.17 0.42259009901
1148.2 0.30783317168
1149.22 0.35309019608
1150.25 0.41691050584
1151.47 0.64771147541
1152.48 0.9910019802
1153.48 0.73216383616
1154.64 1.02348320413
1155.65 1.09152380952
1156.65 1.37848551449
1157.66 1.39810505451
1158.73 1.08308037383
1159.84 1.06469126913
1160.86 0.95398237023
1161.87 0.36914285714
1162.9 0.23375533981
1164.2 0.05047194466
1165.22 0.34264180569
1166.23 0.71515247525
1167.27 0.24003076923
1168.42 0.59954086957
1169.43 0.66811881188
1170.48 0.48472243346
1171.5 0.9102475442
1172.51 0.63867062315
1173.52 0.30283564356
1174.68 0.12254263566
1175.69 0.66228571429
1176.7 0.97227722772
1177.7 1.26121878122
1178.89 0.87921344538
1179.9 1.20880792079
1180.91 1.05775049505
1181.92 1.46281188119
1182.93 1.04191080278
1183.93 1.0044035964
1184.95 1.24583316977
1185.96 0.90043222004
1186.98 0.82535553379
1187.99 0.5051988012
1189.04 0.19635127479
1190.12 0.11177715877
1191.13 0.50776702863
1192.15 0.75913748764
1193.15 1.01677522478
1194.17 0.78263035019
1195.18 0.69296633663
1196.33 0.98386086957
1197.37 0.91459230769
1198.38 1.04721584158
1199.39 1.4109010989
1200.5 1.41479747975
1201.53 1.29616955684
1202.79 1.19215347722
1203.8 1.99762904809
1204.83 1.8028834476
1205.9 1.25522820037
1206.91 1.38711377246
1207.91 1.13514285714
1208.92 1.1820990099
1209.92 1.1812987013
1211.11 1.14852436975
1212.13 1.2768
1213.14 0.63635282458
1214.16 0.51501176471
1215.19 0.27625631068
1216.23 0.19993846154
1217.3 0.13284033613
1218.41 0.09931034483
1219.46 0.09318448439
1220.46 0.1311968032
1221.55 0.12059504132
1227.54 0.00182674011
1230.19 0.01255370651
1232.98 0.00322691482
1234.19 0.04518579686
1235.21 0.42959764475
1236.22 0.50720474777
1237.23 0.23502874133
1238.45 0.25330491803
1239.48 0.20148837209
1240.66 0.13923664122
1241.93 0.11547990544
1242.94 0.06501386139
1244.03 0.39659028414
1245.04 1.03204757185
1246.07 0.71876504854
1247.07 0.67380619381
1248.12 0.65448380952
1249.18 0.99471954674
1250.19 1.07883564356
1251.22 0.79707468477
1252.23 0.94377644711
1253.23 0.96980337637
1254.24 1.22434886026
1255.24 0.72345708583
1256.25 0.90020218038
1257.26 0.98604356436
1258.28 0.57643137255
1259.29 0.57485827552
1260.31 0.35802352941
1261.54 0.8256
1262.71 0.90869342442
1263.73 1.08505882353
1264.74 0.83558811881
1265.93 0.90311260504
1266.94 1.23526336634
1267.95 0.89664158416
1268.96 0.73211089109
1269.96 0.87464535465
1270.98 0.69399803729
1272.2 0.61392131148
1273.35 0.09516521739
1275.21 0.04704567437
1276.36 0.85163066202
1277.37 1.11592079208
1278.37 1.0493986014
1279.53 0.84047627265
1280.59 1.04482264151
1281.61 0.50428235294
1282.93 0.3432969697
1283.94 0.23791304348
1284.96 0.37552941176
1285.98 0.49277647059
1287.02 0.47353846154
1288.17 0.24839652174
1289.19 0.61157647059
1290.2 0.41822574257
1291.33 0.47258053097
1292.34 0.53465204387
1293.34 0.56711817279
1294.35 0.6393029703
1295.36 0.43771089109
1296.37 0.36841188119
1297.53 0.18852713178
1298.55 0.21030588235
1299.59 0.23262608696
1300.63 0.03156923077
1301.63 0.37425774226
1302.64 0.78198811881
1303.65 0.90255841584
1304.65 0.82193625498
1305.81 1.01810344828
1306.82 0.99420990099
1307.83 0.72490782953
1308.84 0.88764391691
1309.86 0.26428235294
1310.9 0.17889230769
1311.96 0.64804528302
1313.06 0.98090909091
1314.08 0.92272941176
1315.09 0.66903762376
1316.1 0.9488
1317.11 1.3299020979
1318.11 1.45966303271
1319.13 0.91282352941
1320.17 1.41009230769
1321.18 1.3850703667
1322.18 1.59622777223
1323.19 1.28873736373
1324.36 1.28815042735
1325.36 1.63996003996
1326.37 1.03986521308
1327.38 1.15941386139
1328.39 1.45021562809
1329.4 1.83122376238
1330.41 1.56877932406
1331.43 1.60573895976
1332.43 2.02261738262
1333.44 1.26069375619
1334.45 1.32752662722
1335.46 0.59820099502
1336.47 1.06189306931
1337.49 1.17458039216
1338.49 1.65089310689
1339.51 1.19168596663
1340.53 1.69524705882
1341.53 1.00429170829
1342.54 0.98702081269
1343.57 0.86148104956
1344.58 0.3972039604
1345.58 0.80904695305
1346.59 0.72598811881
1347.61 0.76178823529
1348.73 0.32633422699
1349.74 0.43299703264
1350.75 0.71515247525
1351.76 0.86685148515
1352.8 0.55801538462
1353.81 0.96341839763
1354.82 0.81046942801
1355.83 0.92653386454
1356.83 0.6583016983
1357.84 0.55316551041
1358.86 0.37552941176
1359.87 0.49745454545
1360.89 0.40319373777
1361.92 0.55520780488
1362.96 0.42603636364
1363.97 0.71515247525
1364.98 0.5684039604
1365.99 0.75924677899
1367.01 0.62669019608
1368.03 0.63277647059
1369.04 0.69086732673
1370.05 0.68652673267
1371.07 0.73031599607
1372.1 0.44742580019
1373.12 0.54773699706
1374.15 0.42642095053
1375.17 0.63303529412
1376.17 0.58130938124
1377.2 0.45822005842
1378.22 0.34201568627
1379.24 0.3436781158
1380.26 0.30042352941
1381.26 0.1541018981
1382.27 0.31423366337
1383.3 0.1168776699
1384.49 0.04598319328
1415.25 0.00039146833
1417.95 0.01620733062
1419.16 0.0269778143
1420.53 0.02410572687
1421.96 0.02281584434
1423.5 0.01423146944
1424.61 0.02976609248
1426.12 0.01440947992
1427.94 0.01805940594
1429.32 0.03172173913
1435.68 0.00516307596
1437.22 0.1421997406
1438.54 0.03318877938
1439.62 0.04053333333
1440.78 0.03780310881
1441.8 0.06425048924
1446.41 0.00951031936
1447.51 0.07952043597
1448.86 0.10476583211
1450.08 0.06361967213
1451.12 0.11597687861
1452.25 0.08731914894
1456.11 0.04526223143
1463.13 0.02109350057
1464.14 0.39008316832
1465.19 0.4350740038
1466.21 0.52636059113
1467.23 0.42244074437
1468.42 0.46549369218
1469.43 0.43299703264
1470.44 0.26692277228
1471.48 0.14746487007
1472.5 0.17150244858
1473.51 0.17417821782
1474.52 0.36841188119
1475.54 0.32242352941
1476.59 0.3648
1477.6 0.3847049505
1478.61 0.60439960435
1479.82 0.48635235732
1480.84 0.5472
1481.86 0.6121254902
1482.87 0.78066073195
1483.98 0.55735978359
1484.99 0.67708011869
1486.0 0.4051456888
1487.03 0.76435728155
1488.04 0.82404752475
1489.05 0.8592363996
1494.4 0.10737495327
1495.58 0.05564745763
1496.58 0.24052747253
1497.6 0.35441805692
1498.61 0.34674059406
1499.62 0.35757623762
1500.87 0.22317505995
1501.9 0.37188349515
1503.1 0.10922666667
1504.12 0.55545436703
1505.14 0.30012928501
1506.27 0.25084191829
1507.4 0.31070327724
1508.42 0.34300489716
1509.45 0.32970262391
1510.46 0.27760792079
1511.46 0.36079120879
1512.49 0.27703300971
1513.52 0.36125825243
1514.54 0.2879372549
1515.56 0.3648
1516.59 0.27914563107
1517.65 0.16673962264
1518.66 0.36841188119
1519.69 0.24620582524
1520.71 0.26607843137
1521.77 0.24755513666
1522.79 0.35230618253
1523.95 0.06598449612
1524.97 0.33182711198
1526.0 0.27472621359
1527.01 0.27569108911
1528.02 0.36841188119
1529.04 0.28217468106
1530.17 0.24000707965
1531.33 0.25883893196
1532.35 0.34323846909
1533.36 0.35757623762
1534.52 0.21043927649
1535.53 0.33768087215
1536.78 0.2892736
1537.8 0.3648
1538.91 0.16535013501
1539.92 0.36566105055
1540.99 0.28611764706
1542.0 0.28789692765
1543.17 0.2118736123
1544.36 0.33167367536
1545.36 0.36079120879
1546.37 0.27508424182
1547.39 0.27670127326
1548.42 0.36125825243
1549.45 0.27111456311
1550.47 0.27876078431
1551.49 0.35441805692
1552.49 0.17611988012
1553.52 0.36125825243
1554.74 0.24386229508
1555.87 0.12590442478
1558.65 0.07083495146
1563.15 0.04516329705
1564.17 0.53699705594
1568.08 0.00749066735
1569.1 0.46181746811
1570.21 0.32916651665
1571.24 0.44626019417
1572.26 0.52625711482
1573.27 0.47097922849
1574.31 0.63138461538
1575.32 0.55202376238
1576.33 0.65011485149
1577.37 0.51655384615
1578.38 0.84566336634
1579.6 0.5487147541
1580.75 0.86601563858
1581.76 0.76941922696
1582.8 0.45982307692
1583.87 0.21045233645
1584.88 0.1516990099
1585.89 0.16253465347
1587.05 0.10827586207
1588.06 0.16253465347
1591.72 0.06267212667
1593.06 0.24461331339
1594.1 0.16836923077
1595.14 0.22098461538
1596.16 0.28969411765
1597.18 0.29574142997
1598.18 0.53411952191
1599.19 0.38418217822
1600.21 0.51992156863
1601.24 0.49748349515
1602.27 0.20168380213
1603.28 0.76788899901
1604.29 0.9293214639
1605.3 0.71266600595
1606.47 0.854264731
1607.48 0.94380990099
1608.65 0.75243187661
1609.66 1.17024950495
1610.66 0.61536063936
1611.67 0.72284356436
1612.69 0.71859607843
1613.7 0.8323668993
1614.71 0.84728712871
1615.72 0.84418217822
1616.73 0.61473267327
1617.75 0.67304313725
1618.75 0.76972111554
1619.76 0.68756435644
1620.77 0.63843168317
1622.01 0.58177419355
1623.09 0.59708888889
1624.1 0.89676039604
1625.11 0.84312079208
1626.12 0.96037227723
1627.13 1.08798415842
1628.29 0.8361862069
1629.29 1.41018981019
1630.3 1.46109018831
1631.46 1.28212413793
1632.64 1.30209491525
1633.66 1.44141176471
1634.68 1.47888736533
1636.17 1.39530201342
1637.17 2.48237924152
1638.18 2.51047619048
1639.18 1.92245354645
1640.19 2.08842814668
1641.2 1.98053518335
1642.2 1.85450549451
1643.21 1.84628118812
1644.21 2.35060939061
1645.22 2.3692765114
1646.22 2.52940659341
1647.23 1.94835282458
1648.24 2.81726732673
1649.24 2.18867532468
1650.25 2.45140931615
1651.26 2.40079207921
1652.26 2.68953446553
1653.27 2.12456689792
1654.29 2.02293123772
1655.42 2.23156814159
1656.6 2.49989500423
1657.64 2.64424207493
1658.65 2.62742857143
1659.66 1.89770634921
1660.67 1.86529108911
1661.68 1.80093465347
1662.69 1.89623762376
1663.7 1.25944554455
1664.85 1.10098782609
1665.86 1.08356435644
1666.87 1.28944158416
1667.88 0.9726970297
1668.88 1.58529470529
1669.96 0.7508952734
1670.98 0.71887058824
1672.13 0.41872695652
1673.14 1.26777029703
1674.15 1.31007905138
1675.17 1.6379334638
1676.18 1.69708151093
1677.18 1.55428571429
1678.18 1.57276323676
1679.2 1.20755992141
1680.22 1.08776470588
1681.36 1.21596491228
1682.4 1.28941402498
1683.4 1.31781818182
1684.51 1.34270874662
1685.52 1.75537425743
1686.52 1.38316083916
1687.53 1.9
1688.53 1.53576023976
1689.54 1.2992
1690.54 1.74427037773
1691.55 1.30021760633
1692.56 1.12310009911
1693.56 1.59622777223
1694.64 1.2199592215
1695.65 1.75321791045
1696.87 1.29270819672
1697.88 1.32194851485
1698.9 1.34117647059
1699.91 1.07795643564
1700.92 1.48595441031
1701.93 1.1075009901
1702.94 1.28018217822
1703.97 1.34368186227
1704.99 1.70765063788
1705.99 1.50400799201
1707.11 1.39059033989
1708.11 1.72742457542
1709.12 1.44283845391
1710.13 2.19745994065
1711.15 1.4593254902
1712.18 1.80624902724
1713.18 2.43807392607
1714.18 1.9071968032
1715.19 2.49902362205
1716.2 2.33967330677
1717.2 2.18661338661
1718.21 1.29464554455
1719.22 1.54018632309
1720.23 1.52509306931
1721.23 2.17350898204
1722.25 1.37315520629
1723.25 1.66182617383
1724.26 1.25232111001
1725.26 1.90235364635
1726.27 1.50138888889
1727.27 1.66182617383
1728.29 1.34958431373
1729.3 1.34361980198
1730.31 0.91737029703
1731.32 1.14857821782
1732.33 1.26777029703
1733.33 0.83165771144
1734.34 0.96437227723
1735.36 0.60084705882
1736.39 0.3924815534
1737.4 0.40091881188
1738.43 0.3099375
1739.46 0.24438058252
1740.57 0.14789189189
1757.28 0.00785783522
1762.11 0.32721955261
1763.11 0.65966033966
1764.12 0.79612289395
1765.3 0.79921355932
1766.3 1.19528471528
1767.31 1.04263492063
1768.5 1.28404366079
1769.51 1.77813861386
1770.52 1.46281188119
1771.53 1.9177980198
1772.54 1.74266138614
1773.56 1.68170196078
1774.62 1.29543396226
1775.63 1.71617804154
1776.64 1.827
1777.64 1.78929070929
1778.65 1.75655896928
1779.72 1.6451588785
1780.72 1.80633766234
1781.95 1.6347078926
1782.96 1.80955247525
1783.97 1.51281584158
1784.98 1.56575841584
1785.99 1.43481188119
1787.16 1.62268146883
1788.17 1.8655777998
1789.17 1.412995005
1790.17 1.60725674326
1791.18 1.98685714286
1792.18 1.58277722278
1793.31 1.52220176991
1794.32 1.8655777998
1795.32 1.6474011976
1796.33 2.25828571429
1797.33 1.4372027972
1798.34 1.40196435644
1799.37 1.34566213592
1800.38 1.69203567889
1801.62 1.12324516129
1802.63 1.95234886026
1803.63 1.69926546906
1804.64 1.84205940594
1805.64 1.34481437126
1806.65 1.99771428571
1807.66 1.72886336634
1808.66 1.65551248751
1809.67 1.98444400396
1810.68 1.95544554455
1811.7 1.87905882353
1812.7 2.42714085914
1813.71 1.88649355798
1814.72 2.11504459861
1815.72 1.8593006993
1816.73 2.33197224975
1817.74 2.14429306931
1818.75 2.71159563925
1820.77 0.58853754941
1821.77 2.40089154229
1822.94 2.41512253642
1824.15 2.66458471761
1825.16 2.83893861386
1826.16 2.28492368682
1827.17 2.45175445545
1828.18 2.20181565907
1829.18 1.15742657343
1830.19 1.87642418236
1831.2 1.54151587302
1832.2 1.77115684316
1833.21 1.22775445545
1834.39 2.40058983051
1835.41 2.46670866142
1836.43 0.86954385965
1837.45 0.56865882353
1838.55 0.49017915905
1840.56 0.06524240916
1841.57 2.47957522124
1842.59 0.53647058824
1843.63 0.37883076923
1844.82 0.21152268908
1849.92 0.02579611078
1850.99 0.1227364486
1852.02 0.26563106796
1853.05 0.43563495146
1854.09 0.18266282421
1855.11 0.12875294118
1856.18 0.16380168382
1857.19 0.80914059406
1858.26 0.64609345794
1859.34 0.5978760407
1860.34 0.893002997
1861.48 0.76567311072
1862.48 0.8593366435
1863.56 0.69402423113
1864.73 0.45442051282
1865.74 0.98312339585
1866.75 0.9744
1867.76 1.04120438684
1868.92 1.05597932817
1869.93 1.27372222222
1870.93 0.77624775225
1871.95 0.67414327772
1872.96 0.95353663366
1873.96 0.813002997
1874.97 1.33102574257
1876.16 1.02462521008
1877.55 1.05265946724
1878.56 0.65013861386
1879.57 0.82920672601
1880.6 0.37956069364
1881.62 0.26823529412
1882.63 0.19504158416
1883.98 0.07296
1885.11 0.09436574487
1933.17 0.00159380851
1934.24 0.29661308411
1935.47 0.4072195122
1936.47 0.87590809191
1937.6 0.84558156028
1938.61 1.15685544554
1939.61 0.80646553447
1940.62 1.11640832507
1941.63 0.68886336634
1942.64 0.89674455446
1943.65 0.8459009901
1944.66 1.20062574257
1945.66 1.09885314685
1946.68 1.12569185476
1947.69 0.5597946693
1949.81 0.2632754717
1950.83 0.20385882353
1951.92 0.22485137615
1952.94 0.25750588235
1953.95 0.61763168317
1954.97 0.56986849853
1955.97 0.37137262737
1956.99 0.472
1958.01 0.59232220039
1959.02 0.58086336634
1960.04 0.65819607843
1961.04 0.78832367632
1962.05 0.66482376238
1963.15 0.84248
1964.16 1.50122772277
1965.24 1.1904962963
1966.25 1.5491257485
1967.25 1.16563492063
1968.51 0.35639714059
1969.51 0.66625149701
1970.52 0.48628741328
1971.67 0.74489043478
1972.68 1.05306930693
1973.7 1.39761018609
1974.72 0.94285265226
1975.74 1.34661960784
1977.09 0.70616296296
1978.28 1.03762016807
1979.45 0.78845811966
1980.47 0.64376470588
1981.48 0.54178217822
1982.5 0.30065882353
1983.51 0.40091881188
1985.4 0.02316190476
1987.45 0.87945756098
1988.52 0.03068411215
1989.54 0.60261946903
1990.55 0.64978926441
1991.55 0.49476861966
1992.71 0.77691034483
1993.72 1.3395590864
1994.83 1.08938005391
1996.04 1.39460941371
1997.05 1.50319920714
1998.06 1.48285148515
1999.06 1.21745454545
2000.07 1.34518811881
2001.08 1.18433300297
2002.09 1.27860594059
2003.09 1.03992807193
2004.09 1.1287992008
2005.19 0.93698181818
2006.2 1.19310208127
2007.22 0.84146666667
2008.41 1.21024537815
2009.41 2.25186013986
2010.42 2.11204795205
2011.51 1.62383242259
2012.52 1.94111683168
2013.54 2.16598226601
2014.55 1.51640944882
2015.56 1.4243012884
2016.57 1.2537029703
2017.58 0.84185044865
2018.74 0.92847586207
2019.75 1.96125148515
2020.76 0.78243960396
2021.77 0.93186534653
2022.78 0.77707722772
2023.79 1.05105742574
2024.8 0.81410693069
2026.28 0.76903783784
2027.53 0.04360159363
2028.57 0.88517101449
2029.78 1.5631338843
2030.79 2.0607636004
2031.8 1.95539345887
2033.08 2.19975663027
2034.08 2.48374825175
2035.09 2.3898015873
2036.1 2.33205544554
2037.12 2.15796689387
2038.32 1.43822670025
2039.32 3.56417982018
2040.33 3.15007333994
2041.33 1.99573439049
2042.53 1.65812
2043.55 1.67289940828
2044.55 1.55565805169
2045.56 1.89142057942
2046.57 3.45315133531
2047.57 2.73382617383
2048.58 2.04282259663
2049.6 1.61099116781
2050.6 1.18216983017
2051.8 1.54424666667
2052.8 1.23543656344
2053.81 0.47724083251
2054.82 0.55207121662
2055.85 0.40454474708
2056.87 0.29215686275
2057.95 0.43573333333
2058.96 0.28172673267
2059.97 0.68264554455
2060.98 0.59596039604
2062.0 0.48274509804
2063.02 0.40691976517
2064.02 0.33690566038
2065.12 0.22882909091
2066.14 0.1824
2067.15 0.34674059406
2068.37 0.36430819672
2069.38 0.77624775225
2070.39 0.57621197252
2071.41 0.66522352941
2072.42 1.03794605395
2073.43 1.45658440276
2074.44 1.23094444444
2075.45 0.97198017839
2076.45 0.91314285714
2077.46 0.90938354807
2078.47 0.89794059406
2079.47 0.98315284715
2080.48 1.16212487611
2081.49 1.07200791296
2082.49 1.6907012987
2083.71 1.13451559934
2084.72 1.11607128713
2085.72 0.8646953047
2086.73 1.14749306931
2087.74 1.54627552032
2088.74 1.7325508982
2089.75 1.51912079208
2090.98 1.33669536962
2092.2 1.68228383921
2093.21 2.13251038576
2094.22 1.17415262636
2095.23 1.61451089109
2096.24 0.8750148368
2097.25 1.05209910803
2098.28 0.48207953443
2099.29 0.7809395441
2100.3 0.52011089109
2102.29 0.06576618164
