1293002787 3274531 59.912358 10.749542 110724 1020
1293002789 3275692 59.912359 10.749595 415996 1161
1293002790 3276752 59.912335 10.749784 215237 1060
1293002791 3277782 59.912313 10.749957 172770 1030
1293002792 3278783 59.912309 10.750009 192804 1001
1293002793 3279801 59.912309 10.750009 196203 1018
1293002794 3280882 59.912294 10.750132 155661 1081
1293002795 3281892 59.912282 10.750182 216376 1010
1293002796 3282901 59.912282 10.750182 221528 1009
1293002797 3283912 59.912257 10.750298 212481 1011
1293002798 3285092 59.912243 10.750365 254190 1180
1293002799 3286261 59.91223 10.750432 243382 1169
1293002800 3287381 59.912216 10.750499 224700 1120
1293002801 3288382 59.91221 10.750569 200539 1001
1293002803 3289621 59.912197 10.750636 153918 1239
1293002804 3290691 59.912188 10.750741 144448 1070
1293002805 3291791 59.912188 10.750741 130354 1100
1293002806 3292961 59.912185 10.750776 63023 1170
1293002807 3293971 59.912187 10.750864 125658 1010
1293002808 3294982 59.912187 10.750864 156327 1011
1293002809 3295991 59.912186 10.750934 109097 1009
1293002810 3296992 59.912194 10.75099 104044 1001
1293002811 3298011 59.912194 10.75099 138600 1019
1293002812 3299021 59.912189 10.751043 93896 1010
1293002813 3300143 59.912188 10.751061 102775 1122
1293002814 3301301 59.912186 10.751078 125153 1158
1293002815 3302363 59.912185 10.751096 133179 1062
1293002816 3303383 59.912193 10.751099 133980 1020
1293002817 3304391 59.912191 10.751117 148504 1008
1293002818 3305401 59.912191 10.751117 134298 1010
1293002819 3306441 59.912197 10.751137 126296 1040
1293002821 3307621 59.912196 10.751155 156839 1180
1293002822 3308626 59.912199 10.751173 148798 1005
1293002823 3309711 59.912199 10.751173 193471 1085
1293002824 3310741 59.912207 10.751229 180627 1030
1293002825 3311751 59.912215 10.751285 154629 1010
1293002826 3312781 59.912215 10.751285 151610 1030
1293002827 3313790 59.912215 10.751285 46452 1009
1293002828 3314791 59.912223 10.751432 82900 1001
1293002829 3315792 59.912214 10.751537 123247 1001
1293002830 3316811 59.912211 10.751625 128502 1019
1293002831 3317821 59.912212 10.751821 108269 1010
1293002832 3318831 59.912212 10.751821 141704 1010
1293002833 3319911 59.912196 10.751938 192390 1080
1293002834 3320921 59.912193 10.751987 175957 1010
1293002835 3321922 59.912193 10.751987 180541 1001
1293002836 3322971 59.912196 10.75211 142984 1049
1293002837 3323972 59.912205 10.752201 110120 1001
1293002838 3325221 59.912205 10.752201 108918 1249
1293002839 3326231 59.912204 10.752391 113149 1009
1293002840 3327241 59.912205 10.752496 120317 1010
1293002841 3328261 59.912196 10.752616 117783 1020
1293002842 3329271 59.912188 10.752718 164618 1010
1293002843 3330290 59.912181 10.75282 117543 1019
1293002844 3331311 59.912184 10.752943 137224 1021
1293002845 3332313 59.912176 10.753062 204851 1001
1293002846 3333440 59.912173 10.753203 131965 1127
1293002847 3334450 59.912173 10.753203 155743 1010
1293002849 3335651 59.912159 10.753565 103657 1201
1293002850 3336661 59.912159 10.753565 137636 1010
1293002851 3337662 59.912146 10.753685 159869 1001
1293002852 3338790 59.912131 10.753965 111837 1128
1293002853 3339811 59.912131 10.753965 84463 1021
1293002854 3340831 59.912111 10.754082 46667 1020
1293002855 3341990 59.912055 10.754328 124945 1159
1293002856 3343000 59.912055 10.754328 134055 1010
1293002857 3344001 59.912014 10.754599 114879 1001
1293002858 3345121 59.912 10.754772 109461 1120
1293002859 3346161 59.912 10.754772 126767 1040
1293002860 3347170 59.911953 10.755113 121365 1009
1293002861 3348190 59.911939 10.755303 129118 1020
1293002862 3349201 59.911939 10.755303 101143 1011
1293002863 3350221 59.911909 10.755668 54408 1020
1293002864 3351230 59.911896 10.75584 65055 1009
1293002865 3352240 59.911896 10.75584 60480 1010
1293002866 3353262 59.911905 10.756107 27158 1022
1293002867 3354440 59.91189 10.756206 121138 1178
1293002868 3355450 59.91189 10.756206 140626 1010
1293002870 3356680 59.911854 10.756488 125715 1230
1293002871 3357690 59.911854 10.756488 129686 1010
1293002872 3358700 59.911825 10.7566 134110 1010
1293002873 3359730 59.91175 10.756816 104518 1030
1293002874 3360740 59.91175 10.756816 139088 1010
1293002875 3361750 59.91172 10.756947 99909 1010
1293002876 3362890 59.911649 10.757148 127209 1140
1293002877 3364080 59.911649 10.757148 142367 1190
1293002878 3365091 59.911604 10.757325 146979 1011
1293002879 3366150 59.911575 10.757385 127497 1059
1293002880 3367240 59.911559 10.757449 124580 1089
1293002881 3368410 59.911553 10.75748 147163 1170
1293002882 3369420 59.911535 10.757509 132187 1010
1293002883 3370490 59.911524 10.757541 145109 1070
1293002885 3371690 59.911512 10.75759 160036 1200
1293002886 3372740 59.911512 10.75759 131167 1050
1293002887 3373870 59.911497 10.757622 118969 1130
1293002888 3375030 59.911496 10.757639 150328 1160
1293002889 3376230 59.91149 10.757657 174953 1200
1293002890 3377240 59.911487 10.757692 133882 1009
1293002891 3378250 59.911478 10.757706 140507 1010
1293002892 3379410 59.911472 10.757724 142954 1160
1293002893 3380420 59.911478 10.757745 143710 1010
1293002894 3381510 59.911476 10.757762 108589 1090
1293002895 3382520 59.91147 10.75778 100285 1010
1293002896 3383530 59.911468 10.757815 101107 1010
1293002898 3384600 59.911459 10.757868 98344 1070
1293002899 3385610 59.911461 10.757941 91431 1010
1293002900 3386660 59.911445 10.75812 52524 1050
1293002901 3387670 59.911445 10.75812 86706 1010
1293002902 3388690 59.911436 10.758225 134256 1020
1293002903 3389700 59.911404 10.758506 105653 1010
1293002904 3390770 59.911404 10.758506 120333 1070
1293002905 3391780 59.911383 10.758647 148469 1010
1293002906 3392930 59.911341 10.758945 126515 1150
1293002907 3393940 59.911341 10.758945 145378 1010
1293002908 3394950 59.911301 10.759261 138708 1010
1293002909 3395960 59.911288 10.759405 107121 1010
1293002910 3396989 59.911288 10.759405 108830 1029
1293002911 3398080 59.911236 10.759718 119057 1090
1293002912 3399220 59.911204 10.759855 123189 1140
1293002913 3400290 59.911169 10.76001 110075 1070
1293002914 3401300 59.911134 10.760182 124856 1010
1293002915 3402309 59.911092 10.760333 171817 1009
1293002916 3403320 59.911046 10.760485 104960 1011
1293002917 3404350 59.911005 10.760618 108380 1030
1293002918 3405489 59.910959 10.76077 89953 1139
1293002919 3406509 59.910911 10.760939 80539 1020
1293002920 3407520 59.910867 10.761125 76448 1011
1293002922 3408660 59.910825 10.761315 73649 1140
1293002923 3409701 59.910768 10.761484 86069 1041
1293002924 3410710 59.910662 10.761839 119953 1009
1293002925 3411719 59.910662 10.761839 93876 1009
1293002926 3412730 59.910601 10.762022 83508 1011
1293002927 3413760 59.910498 10.76242 104142 1030
1293002928 3414789 59.910498 10.76242 50336 1029
1293002929 3415790 59.910434 10.762624 63207 1001
1293002930 3416910 59.91031 10.763032 85836 1120
1293002931 3417919 59.91031 10.763032 75790 1009
1293002932 3419049 59.910193 10.763394 95396 1130
1293002933 3420261 59.910124 10.763583 114850 1212
1293002934 3421289 59.910124 10.763583 104295 1028
1293002935 3422299 59.909997 10.763945 88695 1010
1293002936 3423309 59.909932 10.7641 49597 1010
1293002937 3424319 59.909932 10.7641 24624 1010
1293002938 3425340 59.909869 10.764272 10944 1021
1293002939 3426540 59.909759 10.764638 118247 1200
1293002941 3427550 59.909699 10.764828 160158 1010
1293002942 3428563 59.909659 10.764986 157215 1013
1293002943 3429569 59.909607 10.76514 141563 1006
1293002944 3430579 59.909559 10.765295 134390 1010
1293002945 3431580 59.909524 10.765453 139760 1001
1293002946 3432809 59.909484 10.765611 163777 1229
1293002947 3433810 59.909416 10.765892 134189 1001
1293002948 3434820 59.909386 10.766032 127266 1010
1293002949 3435959 59.909386 10.766032 72098 1139
1293002950 3437009 59.909322 10.766275 120542 1050
1293002951 3438039 59.909288 10.766377 85789 1030
1293002952 3439199 59.909244 10.766493 89972 1160
1293002953 3440210 59.909199 10.766627 136014 1011
1293002954 3441219 59.909159 10.766761 132772 1009
1293002955 3442220 59.909159 10.766761 152842 1001
1293002956 3443230 59.909063 10.76706 151697 1010
1293002957 3444249 59.909011 10.76719 105422 1019
1293002958 3445259 59.909011 10.76719 122840 1010
1293002959 3446369 59.908925 10.76742 66093 1110
1293002960 3447389 59.908894 10.767501 58545 1020
1293002961 3448459 59.908874 10.767585 88927 1070
1293002963 3449549 59.908856 10.767652 159534 1090
1293002964 3450600 59.908844 10.767701 159900 1051
1293002965 3451610 59.908832 10.767751 166117 1010
1293002966 3452620 59.908816 10.767814 161853 1010
1293002967 3453639 59.908816 10.767814 51613 1019
1293002968 3454640 59.908813 10.767864 164650 1001
1293002969 3455769 59.908804 10.767945 137647 1129
1293002970 3456770 59.908804 10.767945 163192 1001
1293002971 3457771 59.908793 10.767991 168221 1001
1293002972 3458779 59.908778 10.768051 181350 1008
1293002973 3459789 59.908778 10.768051 166409 1010
1293002974 3460989 59.908745 10.768087 150795 1200
1293002975 3462009 59.908726 10.768077 121851 1020
1293002976 3463049 59.908726 10.768077 123494 1040
1293002977 3464069 59.908673 10.768053 88666 1020
1293002978 3465079 59.908642 10.76804 86832 1010
1293002979 3466089 59.908642 10.76804 49163 1010
1293002980 3467239 59.908595 10.768038 66306 1150
1293002981 3468348 59.90858 10.768031 67006 1109
1293002983 3470029 59.90858 10.768031 64296 1680
1293002984 3471108 59.908558 10.768003 23254 1079
1293002985 3472109 59.908554 10.768003 77916 1001
1293002986 3473259 59.908545 10.768018 79433 1150
1293002987 3474300 59.908539 10.767997 57456 1041
1293002988 3475308 59.908539 10.767997 67379 1008
1293002989 3476339 59.908526 10.767993 55875 1031
1293002990 3477348 59.908519 10.76799 82981 1009
1293002991 3478358 59.908519 10.76799 100384 1010
1293002992 3479378 59.908513 10.768008 26624 1020
1293002993 3480379 59.908513 10.768008 114532 1001
1293002994 3481389 59.908513 10.768008 106913 1010
1293002995 3482399 59.908513 10.768008 134635 1010
1293002996 3483408 59.908508 10.768008 87496 1009
1293002997 3484519 59.908501 10.768004 93374 1111
1293002998 3485520 59.908489 10.768001 87525 1001
1293003000 3486611 59.908464 10.767994 80280 1091
1293003001 3487619 59.908432 10.767984 101612 1008
1293003002 3488638 59.908359 10.767926 77038 1019
1293003003 3489639 59.908359 10.767926 68181 1001
1293003004 3490658 59.908308 10.767909 59167 1019
1293003005 3491669 59.908215 10.767844 98051 1011
1293003006 3492679 59.908215 10.767844 118227 1010
1293003007 3493740 59.908141 10.767856 113113 1061
1293003008 3494749 59.907997 10.767865 136686 1009
1293003009 3495768 59.907997 10.767865 69887 1019
1293003010 3496808 59.90791 10.767873 31897 1040
1293003011 3497828 59.907836 10.767885 56088 1020
1293003012 3498838 59.907757 10.767897 57584 1010
1293003013 3499848 59.907606 10.767903 88707 1010
1293003014 3500849 59.907507 10.767908 132792 1001
1293003015 3501859 59.907507 10.767908 135806 1010
1293003016 3502868 59.907416 10.767916 86188 1009
1293003017 3503879 59.907231 10.76793 139649 1011
1293003018 3504899 59.907231 10.76793 111665 1020
1293003019 3505900 59.907145 10.767938 104639 1001
1293003020 3506918 59.906973 10.767951 121725 1018
1293003021 3507928 59.906973 10.767951 69297 1010
1293003022 3508968 59.9069 10.767946 49248 1040
1293003023 3509978 59.906747 10.767931 43649 1010
1293003024 3511118 59.906747 10.767931 87962 1140
1293003025 3512318 59.906597 10.767933 76299 1200
1293003026 3513328 59.906537 10.767913 65520 1009
1293003027 3514348 59.906477 10.767911 74121 1020
1293003028 3515368 59.906437 10.767897 72924 1020
1293003029 3516378 59.906396 10.767902 77363 1010
1293003030 3517388 59.906396 10.767902 78118 1010
1293003031 3518408 59.906341 10.767882 79267 1020
1293003032 3519428 59.906317 10.767889 62083 1020
1293003033 3520438 59.906317 10.767889 71462 1010
1293003034 3521448 59.906288 10.767897 80274 1010
1293003035 3522458 59.906281 10.767893 74764 1010
1293003036 3523468 59.906281 10.767893 52440 1010
1293003037 3524478 59.906264 10.767904 64760 1010
1293003038 3525488 59.906261 10.767901 83126 1010
1293003040 3526728 59.906253 10.767897 84136 1240
1293003041 3527768 59.906248 10.767912 73171 1040
1293003042 3528778 59.906248 10.767912 80966 1010
1293003043 3529788 59.906239 10.767926 75453 1010
1293003044 3530808 59.906235 10.76794 83168 1020
1293003045 3531988 59.906235 10.76794 79843 1180
1293003046 3533078 59.906233 10.767958 65769 1090
1293003047 3534108 59.906226 10.767954 65664 1030
1293003048 3535128 59.906226 10.767954 51084 1020
1293003049 3536138 59.906212 10.767969 21757 1010
1293003050 3537178 59.906208 10.767969 67858 1040
1293003051 3538188 59.906208 10.767969 72493 1010
1293003052 3539198 59.906203 10.767969 61436 1010
1293003053 3540211 59.906196 10.767965 91939 1013
1293003054 3541218 59.906196 10.767965 75030 1007
1293003055 3542338 59.906187 10.767965 75064 1120
1293003056 3543348 59.906174 10.767962 79828 1009
1293003057 3544357 59.906174 10.767962 93583 1009
1293003058 3545367 59.906164 10.767941 89450 1010
1293003059 3546378 59.906162 10.767959 88534 1011
1293003061 3547548 59.90615 10.767955 94049 1170
1293003062 3548560 59.906146 10.767955 94183 1011
1293003063 3549597 59.906133 10.767952 66936 1037
1293003064 3550607 59.906114 10.767945 64932 1010
1293003065 3551627 59.906036 10.767887 58025 1020
1293003066 3552647 59.906036 10.767887 77550 1020
1293003067 3553658 59.905986 10.767852 91720 1011
1293003068 3554687 59.905919 10.767815 54720 1029
1293003069 3555699 59.905837 10.767771 9576 1012
1293003070 3556708 59.905764 10.767712 76839 1009
1293003071 3557718 59.905606 10.767606 73226 1010
1293003072 3558719 59.905606 10.767606 112743 1001
1293003073 3559727 59.905524 10.767562 146484 1008
1293003074 3560728 59.905366 10.767456 144165 1001
1293003075 3561730 59.905366 10.767456 99037 1002
1293003076 3562738 59.905288 10.767411 144454 1008
1293003077 3563748 59.90513 10.767267 92380 1010
1293003078 3564768 59.90513 10.767267 94995 1020
1293003079 3565777 59.90505 10.767202 124765 1009
1293003080 3566797 59.904898 10.767092 79124 1020
1293003081 3567887 59.904898 10.767092 77987 1090
1293003082 3568897 59.904814 10.767027 80758 1010
1293003083 3569898 59.90467 10.76696 51697 1001
1293003084 3570957 59.90467 10.76696 56565 1059
1293003085 3571987 59.904565 10.766905 39200 1030
1293003086 3573008 59.904507 10.766868 16416 1021
1293003087 3574018 59.904507 10.766868 68314 1010
1293003088 3575047 59.904405 10.766817 45161 1029
1293003089 3576067 59.904361 10.766803 34200 1020
1293003090 3577078 59.904361 10.766803 46442 1011
1293003091 3578099 59.90425 10.766805 35484 1021
1293003093 3580068 59.904203 10.766827 24624 1969
1293003094 3581087 59.904146 10.76688 64607 1019
1293003095 3582097 59.904058 10.766997 102903 1010
1293003096 3583278 59.904003 10.767072 99300 1181
1293003097 3584287 59.903951 10.767146 149293 1008
1293003098 3585348 59.9039 10.767221 93916 1061
1293003099 3586357 59.903852 10.767298 161792 1009
1293003100 3587367 59.903798 10.767355 114654 1010
1293003101 3588497 59.903749 10.767395 148009 1130
1293003102 3589507 59.903689 10.767431 121652 1009
1293003104 3590697 59.903577 10.76745 105911 1190
1293003105 3591747 59.903577 10.76745 94881 1050
1293003106 3592757 59.903577 10.76745 53352 1010
1293003109 3596447 59.903493 10.767462 44730 3690
1293003110 3597456 59.903469 10.767455 88601 1009
1293003111 3598459 59.903413 10.767477 94573 1002
1293003113 3599907 59.903409 10.767477 58674 1448
1293003114 3601097 59.9034 10.767477 71613 1190
1293003115 3602099 59.903394 10.767494 157189 1001
1293003116 3603107 59.903389 10.767494 155205 1008
1293003117 3604327 59.903385 10.767494 127973 1220
1293003118 3605347 59.903385 10.767494 137472 1019
1293003119 3606387 59.90338 10.767494 126490 1040
1293003120 3607397 59.90338 10.767494 68735 1010
1293003121 3608407 59.903376 10.767494 97969 1010
1293003122 3609517 59.903371 10.767494 117216 1110
1293003123 3610518 59.903371 10.767494 115868 1001
1293003124 3611527 59.903367 10.767494 139564 1009
1293003125 3612537 59.903362 10.767494 122990 1010
1293003127 3613557 59.903362 10.767494 83421 1020
1293003128 3614561 59.903362 10.767494 106453 1003
1293003129 3615647 59.903358 10.767494 119732 1086
1293003130 3616708 59.903361 10.767498 152164 1061
1293003131 3618267 59.903353 10.767494 128208 1558
1293003132 3619347 59.903353 10.767494 70867 1080
1293003133 3620357 59.9033 10.767495 75629 1010
1293003134 3621427 59.903258 10.767517 53102 1070
1293003135 3622436 59.903258 10.767517 1368 1009
1293003136 3623457 59.903132 10.767512 97495 1021
1293003137 3624480 59.903079 10.767513 57032 1023
1293003139 3625557 59.903021 10.767528 57046 1077
1293003140 3626738 59.902925 10.767551 67966 1180
1293003141 3627807 59.902925 10.767551 66932 1069
1293003142 3628826 59.902884 10.767555 95789 1019
1293003143 3629827 59.902792 10.767542 127074 1001
1293003144 3630836 59.902792 10.767542 217447 1009
1293003145 3632047 59.902723 10.767536 171206 1211
1293003146 3633057 59.902684 10.767523 101515 1010
1293003147 3634176 59.902639 10.767527 102678 1119
1293003148 3635177 59.902596 10.767549 190380 1001
1293003149 3636336 59.902535 10.767547 162788 1159
1293003150 3637338 59.902482 10.767547 182556 1001
1293003151 3638339 59.902431 10.767531 127674 1001
1293003152 3639346 59.902371 10.767511 163217 1007
1293003153 3640347 59.902371 10.767511 141263 1001
1293003154 3641477 59.902278 10.76746 157891 1130
1293003155 3642486 59.902233 10.767426 227765 1008
1293003157 3643547 59.902187 10.767391 152278 1061
1293003158 3644616 59.902103 10.767326 183620 1068
1293003160 3646886 59.902103 10.767326 56895 2270
1293003161 3647956 59.902027 10.767226 56022 1070
1293003162 3649136 59.901984 10.767157 101209 1180
1293003163 3650156 59.901906 10.766983 132162 1020
1293003164 3651284 59.901871 10.766878 111183 1128
1293003165 3652286 59.901871 10.766878 95103 1002
1293003166 3653296 59.901812 10.76662 68985 1010
1293003167 3654326 59.901787 10.766484 44554 1030
1293003168 3655347 59.901787 10.766484 51984 1021
1293003169 3656366 59.901716 10.766184 58445 1019
1293003170 3657406 59.901685 10.766027 63657 1040
1293003171 3658416 59.901685 10.766027 73872 1010
1293003172 3659446 59.901612 10.765744 57075 1030
1293003173 3660466 59.901577 10.765601 49007 1020
1293003175 3661616 59.901517 10.765452 34933 1150
1293003176 3662666 59.901469 10.765305 32832 1050
1293003177 3663676 59.901415 10.765138 30096 1010
1293003178 3664686 59.901415 10.765138 60106 1010
1293003179 3665696 59.901321 10.764881 37773 1010
1293003180 3666708 59.901284 10.764756 36383 1012
1293003181 3667746 59.901284 10.764756 46512 1038
1293003182 3668755 59.901224 10.764582 43002 1009
1293003183 3669766 59.901191 10.764495 69768 1010
1293003184 3670856 59.901162 10.764411 75398 1090
1293003185 3671897 59.901108 10.764244 104662 1041
1293003186 3672898 59.901108 10.764244 125388 1001
1293003187 3673906 59.901065 10.764007 174796 1008
1293003188 3674916 59.90104 10.763871 140534 1010
1293003189 3676106 59.90104 10.763871 134028 1190
1293003190 3677296 59.900992 10.763581 159161 1190
1293003191 3678306 59.900974 10.763448 156862 1010
1293003192 3679326 59.900974 10.763448 197937 1020
1293003193 3680336 59.900914 10.763102 118928 1009
1293003195 3681553 59.900875 10.762927 129771 1217
1293003196 3682556 59.900843 10.762735 166964 1003
1293003197 3683573 59.900793 10.762539 138225 1017
1293003198 3684708 59.900739 10.762358 154387 1135
1293003199 3685715 59.900687 10.762159 158304 1007
1293003200 3686716 59.900582 10.761761 151860 1001
1293003201 3687726 59.900582 10.761761 129193 1010
1293003202 3688736 59.900537 10.761566 96142 1010
1293003203 3689746 59.900452 10.761175 87987 1010
1293003204 3690876 59.900452 10.761175 103723 1130
1293003205 3691877 59.900367 10.760784 147473 1001
1293003206 3692885 59.900335 10.760591 76649 1008
1293003207 3693896 59.900335 10.760591 101744 1011
1293003208 3694916 59.900293 10.760413 96773 1020
1293003209 3696136 59.900201 10.76011 84911 1220
1293003210 3697146 59.900201 10.76011 87560 1010
1293003211 3698155 59.900151 10.759967 76608 1009
1293003212 3699176 59.900065 10.759737 54268 1021
1293003213 3700286 59.900013 10.75963 54460 1110
1293003214 3701295 59.899978 10.759525 39672 1009
1293003217 3704103 59.899937 10.759438 16384 2808
1293003218 3705105 59.899888 10.759348 59122 1002
1293003219 3706129 59.899846 10.759261 28728 1024
1293003239 3726415 59.899805 10.759174 10944 20286
1293003241 3728316 59.899805 10.759174 2736 1900
1293003242 3729515 59.899762 10.759105 1368 1199
1293003244 3731415 59.899719 10.759036 2736 1900
1293003265 3752395 59.899669 10.758963 2736 20980
1293003266 3753404 59.89962 10.758911 41925 1009
1293003267 3754405 59.8995 10.758836 94544 1001
1293003268 3755415 59.899377 10.758796 130362 1010
1293003269 3756425 59.899241 10.758809 101484 1010
1293003270 3757445 59.899094 10.758853 110635 1020
1293003271 3758465 59.898856 10.758906 106203 1020
1293003272 3759494 59.898715 10.75888 134547 1029
1293003273 3760505 59.898649 10.758878 76941 1011
1293003274 3761514 59.898534 10.758841 114694 1009
1293003275 3762515 59.898431 10.758808 138547 1001
1293003277 3763605 59.898303 10.75882 161177 1090
1293003278 3764786 59.898206 10.75886 126687 1181
1293003279 3765915 59.898105 10.758953 185144 1129
1293003280 3766925 59.898016 10.759088 145553 1010
1293003281 3767935 59.897985 10.759169 174318 1010
1293003282 3768936 59.897962 10.759197 165739 1001
1293003283 3770035 59.897957 10.759212 158586 1099
1293003284 3771065 59.89795 10.759208 168717 1030
1293003285 3772066 59.89795 10.759208 214354 1001
1293003286 3773215 59.897951 10.759191 155385 1149
1293003287 3774234 59.897944 10.759187 114229 1019
1293003288 3775244 59.897945 10.75917 74810 1010
1293003289 3776274 59.897937 10.759167 72250 1030
1293003290 3777284 59.897939 10.759149 87570 1010
1293003291 3778304 59.897918 10.75916 125175 1020
1293003292 3779307 59.897888 10.759223 156133 1003
1293003293 3780314 59.897858 10.75934 191627 1007
1293003294 3781315 59.897819 10.759508 191635 1001
1293003295 3782325 59.897752 10.759776 209721 1010
1293003296 3783405 59.897648 10.760033 205382 1080
1293003297 3784414 59.897473 10.760215 178716 1009
1293003298 3785434 59.897325 10.76033 148522 1020
1293003300 3786595 59.897068 10.760519 194423 1161
1293003301 3787605 59.896874 10.760677 202731 1010
1293003302 3788614 59.896561 10.760903 185855 1009
1293003303 3789775 59.89634 10.76105 138457 1161
1293003304 3790804 59.896119 10.761197 193294 1029
1293003305 3791825 59.896007 10.761269 170572 1021
1293003306 3792985 59.896007 10.761269 154963 1160
1293003307 3793986 59.895771 10.761371 125946 1001
1293003308 3795094 59.895653 10.761422 135407 1108
1293003309 3796104 59.895653 10.761422 125259 1010
1293003310 3797114 59.895406 10.761503 162916 1010
1293003311 3798134 59.895277 10.761534 133644 1020
1293003312 3799204 59.895143 10.761578 204144 1070
1293003313 3800215 59.895015 10.761608 213120 1011
1293003314 3801216 59.894877 10.761652 165154 1001
1293003315 3802246 59.894746 10.7617 115177 1030
1293003316 3803247 59.89461 10.761727 196244 1001
1293003317 3804434 59.894472 10.761771 217422 1187
1293003318 3805435 59.894333 10.761833 204491 1001
1293003319 3806436 59.894193 10.761895 208936 1001
1293003320 3807444 59.894052 10.761975 209124 1008
1293003321 3808455 59.893919 10.762058 232055 1011
1293003323 3809624 59.893651 10.762293 272743 1169
1293003324 3810635 59.893651 10.762293 221363 1010
1293003325 3811784 59.893385 10.762564 263249 1149
1293003326 3812794 59.893251 10.762717 267975 1010
1293003327 3813795 59.893251 10.762717 235461 1001
1293003328 3814804 59.893002 10.763068 291765 1009
1293003329 3815974 59.892881 10.763246 250010 1170
1293003330 3817014 59.892881 10.763246 244694 1040
1293003331 3818016 59.892631 10.763614 288128 1002
1293003332 3819024 59.89251 10.763792 292284 1008
1293003333 3820085 59.89251 10.763792 225187 1061
1293003334 3821226 59.892266 10.764181 246916 1141
1293003335 3822386 59.892156 10.764379 306535 1160
1293003336 3823504 59.892053 10.764581 264194 1118
1293003338 3824655 59.891859 10.765004 290876 1151
1293003339 3825666 59.891859 10.765004 261673 1011
1293003340 3826774 59.891673 10.765432 297015 1108
1293003341 3827784 59.891582 10.765636 273338 1010
1293003342 3828934 59.891582 10.765636 259480 1150
1293003343 3830035 59.891425 10.766017 311790 1101
1293003344 3831074 59.89134 10.766205 268757 1039
1293003345 3832154 59.891259 10.766395 240420 1080
1293003346 3833184 59.891182 10.766586 221969 1030
1293003347 3834195 59.891107 10.766759 134024 1011
1293003348 3835215 59.891107 10.766759 156671 1020
1293003349 3836415 59.890931 10.767077 168205 1199
1293003350 3837464 59.890836 10.767244 157890 1049
1293003351 3838474 59.890742 10.767392 192257 1010
1293003353 3839623 59.890538 10.767687 188250 1149
1293003354 3840624 59.890538 10.767687 220674 1001
1293003355 3841626 59.890336 10.767963 247229 1002
1293003356 3842627 59.890238 10.768112 310190 1001
1293003357 3843755 59.890238 10.768112 280482 1128
1293003358 3844853 59.890034 10.768406 256246 1098
1293003359 3845995 59.889927 10.768569 235556 1142
1293003360 3846996 59.889927 10.768569 268029 1001
1293003361 3847997 59.889716 10.76886 269132 1001
1293003362 3849114 59.889618 10.769009 235805 1117
1293003363 3850124 59.889618 10.769009 282336 1010
1293003364 3851275 59.889407 10.7693 233240 1151
1293003365 3852364 59.88931 10.769431 207130 1089
1293003366 3853434 59.889216 10.76958 199823 1070
1293003368 3854584 59.889032 10.769842 243138 1150
1293003369 3855714 59.889032 10.769842 223294 1130
1293003370 3856883 59.888871 10.770076 230415 1169
1293003371 3857894 59.888797 10.770179 241757 1011
1293003372 3859053 59.888797 10.770179 207476 1159
1293003373 3860054 59.888681 10.770356 217432 1001
1293003374 3861164 59.888634 10.77043 181559 1110
1293003375 3862203 59.888589 10.770487 199904 1039
1293003376 3863245 59.888543 10.770544 224746 1042
1293003377 3864247 59.888507 10.770587 283354 1001
1293003378 3865253 59.888507 10.770587 197115 1006
1293003379 3866254 59.888451 10.770661 123264 1001
1293003380 3867255 59.888438 10.770675 132256 1001
1293003381 3868394 59.88842 10.77069 191223 1139
1293003382 3869503 59.88842 10.77069 194032 1108
1293003384 3870685 59.888415 10.77069 236044 1182
1293003385 3871695 59.888411 10.77069 230730 1010
1293003386 3872793 59.888406 10.77069 227932 1098
1293003387 3873794 59.888406 10.77069 295699 1001
1293003388 3874795 59.888402 10.77069 232923 1001
1293003389 3875924 59.888402 10.77069 285187 1129
1293003390 3876934 59.888402 10.77069 261372 1010
1293003391 3878114 59.888397 10.77069 284662 1179
1293003392 3879283 59.888397 10.77069 244976 1169
1293003393 3880373 59.888397 10.77069 306351 1090
1293003394 3881383 59.888397 10.77069 271647 1010
1293003395 3882385 59.888397 10.77069 242628 1002
1293003396 3883494 59.888385 10.770686 259701 1109
1293003398 3884664 59.888362 10.770715 288197 1169
1293003399 3885812 59.888362 10.770715 249341 1148
1293003400 3886814 59.888293 10.770803 245493 1002
1293003401 3887944 59.888249 10.770842 217668 1130
1293003402 3888945 59.888249 10.770842 256702 1001
1293003403 3890039 59.888157 10.770959 187500 1094
1293003404 3891043 59.888121 10.771002 229844 1004
1293003405 3892045 59.888121 10.771002 180303 1002
1293003406 3893046 59.88803 10.771102 198526 1001
1293003407 3894165 59.887985 10.771158 203207 1119
1293003408 3895173 59.887943 10.771219 198205 1008
1293003409 3896253 59.887893 10.771275 204152 1080
1293003410 3897363 59.887843 10.771332 216216 1110
1293003411 3898422 59.887793 10.771389 220677 1059
1293003412 3899463 59.887748 10.771446 161794 1041
1293003414 3900623 59.887698 10.771503 201521 1160
1293003415 3901783 59.887576 10.771645 216867 1160
1293003416 3902983 59.887512 10.771716 204837 1200
1293003417 3904083 59.887512 10.771716 199302 1100
1293003418 3905084 59.887376 10.771872 212898 1001
1293003419 3906263 59.887312 10.771961 249543 1179
1293003420 3907283 59.887239 10.772046 220617 1020
1293003421 3908333 59.887162 10.772131 222644 1050
1293003422 3909343 59.887088 10.772234 173425 1010
1293003423 3910345 59.887004 10.772316 161191 1002
1293003424 3911382 59.886925 10.772419 149952 1037
1293003425 3912383 59.886847 10.772521 128467 1001
1293003426 3913402 59.886771 10.772642 119239 1019
1293003428 3914562 59.886693 10.772745 159748 1160
1293003429 3915563 59.886627 10.772851 171518 1001
1293003430 3916633 59.886554 10.772974 96103 1070
1293003431 3917642 59.886441 10.773193 92505 1009
1293003432 3918643 59.886441 10.773193 62411 1001
1293003433 3919892 59.886392 10.773288 71367 1249
1293003434 3920923 59.886293 10.773493 86798 1031
1293003435 3921942 59.886293 10.773493 71289 1019
1293003436 3922952 59.886198 10.773736 97084 1010
1293003437 3924002 59.886146 10.773867 82127 1050
1293003438 3925003 59.886146 10.773867 39805 1001
1293003439 3926012 59.886045 10.77418 87014 1009
1293003440 3927092 59.885996 10.774328 118263 1080
1293003441 3928102 59.885996 10.774328 105693 1010
1293003442 3929112 59.885909 10.774627 35697 1010
1293003443 3930162 59.885863 10.774792 47872 1050
1293003444 3931392 59.885825 10.774944 67970 1230
1293003445 3932393 59.885792 10.775095 101984 1001
1293003446 3933512 59.885754 10.775264 162739 1119
1293003447 3934522 59.885727 10.775436 167760 1010
1293003448 3935532 59.885711 10.775629 132714 1010
1293003450 3936592 59.885695 10.775822 134023 1060
1293003451 3937593 59.885687 10.776018 147663 1001
1293003452 3938632 59.885693 10.776435 125158 1039
1293003453 3939642 59.885693 10.776435 156779 1010
1293003454 3940662 59.885699 10.776852 129283 1020
1293003455 3941663 59.885697 10.777069 145958 1001
1293003456 3942672 59.885697 10.777069 146772 1009
1293003457 3943692 59.885679 10.77728 86689 1020
1293003458 3944842 59.88561 10.777673 125616 1150
1293003459 3945852 59.88561 10.777673 133483 1010
1293003460 3947052 59.885494 10.778032 84674 1200
1293003461 3948072 59.885419 10.778205 97314 1020
1293003462 3949112 59.885419 10.778205 91780 1040
1293003463 3950132 59.885252 10.778548 81742 1020
1293003464 3951312 59.88516 10.778717 93833 1180
1293003465 3952442 59.885072 10.778887 141744 1130
1293003466 3953443 59.884979 10.779074 99735 1001
1293003467 3954452 59.884884 10.77924 137317 1009
1293003468 3955492 59.884797 10.77941 104040 1040
1293003470 3956553 59.884712 10.779583 120590 1061
1293003471 3957732 59.884625 10.779753 123426 1179
1293003472 3958852 59.884463 10.780081 134138 1120
1293003473 3959862 59.884371 10.78025 137237 1010
1293003474 3960942 59.884371 10.78025 135505 1080
1293003475 3962132 59.884207 10.780596 143752 1190
1293003476 3963133 59.884116 10.780748 129693 1001
1293003477 3964152 59.884035 10.780886 110172 1019
1293003478 3965182 59.883944 10.781038 157439 1030
1293003479 3966202 59.883859 10.781176 96484 1020
1293003480 3967211 59.883859 10.781176 109106 1009
1293003481 3968212 59.883687 10.781413 71441 1001
1293003482 3969222 59.883608 10.781516 112051 1010
1293003483 3970242 59.883608 10.781516 142430 1020
1293003484 3971432 59.883456 10.781722 83384 1190
1293003485 3972451 59.883377 10.781824 74722 1019
1293003486 3973472 59.883303 10.781927 74496 1021
1293003487 3974492 59.883234 10.782016 58872 1020
1293003488 3975522 59.88316 10.782118 37610 1030
1293003490 3976592 59.883086 10.782221 73562 1070
1293003491 3977601 59.883009 10.782306 60192 1009
1293003492 3978611 59.882944 10.782395 48327 1010
1293003493 3979632 59.882944 10.782395 58769 1021
1293003494 3980672 59.882802 10.782583 65083 1040
1293003495 3981791 59.882738 10.782671 67376 1119
1293003496 3982792 59.882738 10.782671 71664 1001
1293003497 3983822 59.882621 10.782834 57214 1030
1293003498 3984831 59.882572 10.782891 38990 1009
1293003499 3985851 59.882526 10.782948 35756 1020
1293003500 3986861 59.882489 10.783008 65664 1010
1293003501 3987901 59.882451 10.783068 45833 1040
1293003502 3989081 59.882416 10.783093 37520 1180
1293003503 3990111 59.882384 10.783136 46512 1030
1293003504 3991131 59.882362 10.783164 29642 1020
1293003505 3992151 59.882333 10.78321 65059 1020
1293003506 3993192 59.882324 10.783224 92587 1041
1293003507 3994402 59.882324 10.783224 142866 1210
1293003508 3995411 59.882324 10.783224 147926 1009
1293003509 3996441 59.882328 10.783224 139656 1030
1293003510 3997442 59.882328 10.783224 156424 1001
1293003511 3998443 59.882328 10.783224 148943 1001
1293003512 3999522 59.882333 10.783224 133635 1079
1293003513 4000531 59.882333 10.783224 157688 1009
1293003514 4001533 59.882333 10.783224 161873 1002
1293003515 4002541 59.882325 10.783221 172171 1008
1293003517 4003611 59.88233 10.783221 169641 1070
1293003518 4004612 59.88233 10.783221 153423 1001
1293003519 4005622 59.88233 10.783221 129947 1010
1293003520 4006722 59.88233 10.783221 132282 1100
1293003521 4007731 59.882334 10.783221 142584 1009
1293003522 4008732 59.882334 10.783221 124825 1001
1293003523 4009741 59.882334 10.783221 118439 1009
1293003524 4010871 59.882334 10.783221 128598 1130
1293003525 4011881 59.882334 10.783221 130180 1010
1293003526 4012891 59.882339 10.783221 153679 1010
1293003527 4013892 59.882334 10.783221 143443 1001
1293003528 4015051 59.882334 10.783221 142010 1159
1293003529 4016052 59.882334 10.783221 133619 1001
1293003530 4017061 59.882327 10.783218 122239 1009
1293003531 4018062 59.882327 10.783218 135243 1001
1293003532 4019071 59.882321 10.783235 139441 1009
1293003533 4020072 59.882321 10.783235 129782 1001
1293003534 4021081 59.882321 10.783235 136697 1009
1293003535 4022271 59.882324 10.783239 124038 1190
1293003536 4023431 59.882325 10.783221 123053 1160
1293003538 4024566 59.882325 10.783221 131689 1135
1293003539 4025721 59.882325 10.783221 146946 1155
1293003540 4026731 59.882325 10.783221 141066 1010
1293003541 4027741 59.882324 10.783239 96323 1010
1293003542 4028761 59.88231 10.783253 109881 1020
1293003543 4029780 59.88231 10.783253 111611 1019
1293003544 4030781 59.882297 10.783267 127620 1001
1293003545 4031791 59.882232 10.783356 108485 1010
1293003546 4032801 59.882232 10.783356 116442 1010
1293003547 4033961 59.882153 10.783458 106492 1160
1293003548 4034971 59.882113 10.783501 96736 1010
1293003549 4036161 59.882113 10.783501 127347 1190
1293003550 4037162 59.882028 10.783583 119392 1001
1293003551 4038208 59.881987 10.783625 76709 1046
1293003552 4039211 59.881934 10.783665 84570 1003
1293003553 4040221 59.881885 10.783721 106595 1010
1293003554 4041241 59.881836 10.783761 104128 1020
1293003555 4042242 59.881836 10.783761 60136 1001
1293003556 4043251 59.881727 10.783836 52338 1009
1293003557 4044261 59.881677 10.783893 76371 1010
1293003558 4045310 59.881617 10.783929 85523 1049
1293003559 4046321 59.881562 10.783947 129731 1011
1293003560 4047391 59.88151 10.783986 103741 1070
1293003561 4048401 59.881455 10.784005 98710 1010
1293003562 4049420 59.881387 10.784037 101263 1019
1293003564 4050600 59.881331 10.784073 109513 1180
1293003565 4051611 59.881264 10.784088 125885 1011
1293003566 4052620 59.881132 10.784153 138443 1009
1293003567 4053631 59.881132 10.784153 110834 1011
1293003568 4054632 59.881064 10.784186 119923 1001
1293003569 4055640 59.880929 10.784234 110466 1008
1293003570 4056721 59.880929 10.784234 91545 1081
1293003571 4057930 59.880866 10.784266 71441 1209
1293003572 4058931 59.88073 10.784331 81676 1001
1293003573 4059940 59.88073 10.784331 95760 1009
1293003574 4060941 59.880601 10.7844 52920 1001
1293003575 4061960 59.880546 10.784418 66100 1019
1293003576 4062970 59.880546 10.784418 81603 1010
1293003577 4063981 59.880457 10.784462 63780 1011
1293003578 4064991 59.880415 10.784483 104968 1010
1293003579 4066000 59.880415 10.784483 79536 1009
1293003580 4067140 59.880368 10.784505 88183 1140
1293003581 4068160 59.880354 10.784519 140310 1020
1293003582 4069281 59.880342 10.784516 132375 1121
1293003583 4070290 59.880334 10.784513 153103 1009
1293003584 4071300 59.880333 10.78453 120757 1010
1293003585 4072301 59.880333 10.78453 146254 1001
1293003586 4073390 59.880325 10.784527 124814 1089
1293003587 4074391 59.880325 10.784527 127589 1001
1293003588 4075400 59.880325 10.784527 132097 1009
1293003589 4076401 59.880316 10.784541 127664 1001
1293003590 4077402 59.880316 10.784541 110877 1001
1293003591 4078440 59.880304 10.784538 82938 1038
1293003592 4079450 59.880304 10.784538 89496 1010
1293003593 4080451 59.880304 10.784538 113101 1001
1293003595 4081640 59.880304 10.784538 162549 1189
1293003596 4082650 59.880296 10.784534 139399 1010
1293003597 4083780 59.880296 10.784534 143689 1130
1293003598 4084790 59.880296 10.784534 157196 1010
1293003599 4085791 59.880296 10.784534 122765 1001
1293003600 4086810 59.880296 10.784534 139718 1019
1293003601 4087820 59.880298 10.784517 139225 1010
1293003602 4088831 59.880298 10.784517 154656 1011
1293003603 4089850 59.880298 10.784517 152139 1019
1293003604 4090950 59.880293 10.784517 87866 1100
1293003605 4092021 59.880293 10.784517 137264 1071
1293003606 4093031 59.880293 10.784517 165747 1009
1293003607 4094040 59.880295 10.784499 142608 1009
1293003608 4095050 59.880295 10.784499 105371 1010
1293003609 4096080 59.880295 10.784499 75424 1030
1293003610 4097130 59.880302 10.784503 90288 1050
1293003611 4098190 59.880302 10.784503 70892 1060
1293003612 4099199 59.880302 10.784503 88533 1009
1293003613 4100210 59.880302 10.784503 90804 1011
1293003614 4101220 59.880302 10.784503 113262 1010
1293003615 4102221 59.880302 10.784503 119264 1001
1293003616 4103230 59.880302 10.784503 111600 1009
1293003617 4104240 59.880302 10.784503 114064 1010
1293003618 4105390 59.880302 10.784503 113088 1150
1293003619 4106500 59.880302 10.784503 113579 1110
1293003620 4107520 59.880302 10.784503 91909 1019
1293003622 4108880 59.880302 10.784503 75203 1360
1293003623 4110070 59.880298 10.784503 91570 1190
1293003624 4111080 59.880298 10.784503 89393 1010
1293003625 4112260 59.880269 10.78451 130928 1180
1293003626 4113340 59.880248 10.784521 142884 1080
1293003627 4114441 59.880248 10.784521 108575 1101
1293003629 4115640 59.880125 10.784572 123177 1199
1293003630 4116649 59.880125 10.784572 105319 1009
1293003631 4117650 59.880083 10.784594 129425 1001
1293003632 4118660 59.879981 10.784634 72393 1010
1293003633 4119680 59.879981 10.784634 78941 1020
1293003634 4120699 59.879939 10.784655 60588 1019
1293003635 4121710 59.879828 10.78471 81442 1011
1293003636 4122719 59.879828 10.78471 84455 1009
1293003637 4123720 59.879781 10.784731 104252 1001
1293003638 4124800 59.879663 10.784782 96303 1080
1293003639 4125809 59.879663 10.784782 83090 1009
1293003640 4126810 59.879603 10.784818 45191 1001
1293003641 4127840 59.879547 10.784854 46512 1030
1293003642 4128849 59.87948 10.784869 22409 1009
1293003643 4129919 59.87948 10.784869 20520 1070
1293003644 4130939 59.879315 10.784942 25300 1020
1293003645 4131979 59.879233 10.784989 56088 1040
1293003646 4133009 59.879132 10.785029 49852 1030
1293003647 4134029 59.878943 10.785133 51598 1020
1293003648 4135049 59.878943 10.785133 29517 1020
1293003649 4136219 59.878759 10.78522 59958 1170
1293003650 4137269 59.878658 10.78526 62928 1050
1293003651 4138279 59.878658 10.78526 66134 1010
1293003652 4139289 59.878475 10.785347 67488 1010
1293003653 4140450 59.878379 10.785408 101551 1161
1293003654 4141460 59.878379 10.785408 108637 1010
1293003655 4142470 59.878189 10.785491 87116 1010
1293003656 4143479 59.878099 10.785535 114919 1009
1293003657 4144499 59.87801 10.785578 81781 1020
1293003658 4145510 59.877921 10.785622 123577 1011
1293003659 4146529 59.877827 10.785665 97594 1019
1293003661 4147730 59.87773 10.785705 109061 1201
1293003662 4148749 59.877538 10.785806 70437 1018
1293003663 4149766 59.877538 10.785806 98028 1017
1293003664 4150769 59.877444 10.78585 90319 1003
1293003665 4151770 59.877253 10.785933 92158 1001
1293003666 4152782 59.877253 10.785933 74903 1012
1293003667 4153799 59.877158 10.785994 89251 1017
1293003668 4154809 59.876967 10.786078 51987 1010
1293003669 4155810 59.876967 10.786078 86596 1001
1293003670 4157009 59.876768 10.786158 86040 1199
1293003671 4158019 59.876677 10.786219 93632 1010
1293003672 4159029 59.876677 10.786219 63227 1010
1293003673 4160049 59.876487 10.786302 35757 1020
1293003674 4161079 59.876385 10.786342 61610 1030
1293003675 4162089 59.876385 10.786342 82079 1010
1293003676 4163109 59.876206 10.786429 62436 1020
1293003677 4164129 59.87611 10.786469 74898 1020
1293003678 4165319 59.876019 10.78653 60031 1190
1293003679 4166329 59.875931 10.786556 105336 1010
1293003680 4167339 59.875841 10.7866 103690 1010
1293003681 4168359 59.875841 10.7866 64919 1020
1293003682 4169379 59.875752 10.786643 65664 1020
1293003683 4170399 59.875581 10.786733 62715 1020
1293003684 4171429 59.875505 10.786762 53360 1030
1293003685 4172439 59.87544 10.786813 65664 1010
1293003686 4173449 59.87538 10.786848 49911 1010
1293003687 4174459 59.87538 10.786848 36366 1010
1293003688 4175479 59.875325 10.786867 50616 1020
1293003689 4176489 59.875251 10.786917 59161 1010
1293003690 4177499 59.875251 10.786917 53305 1010
1293003691 4178509 59.875237 10.786931 42408 1010
1293003692 4179518 59.875224 10.786945 52629 1009
1293003693 4180519 59.875224 10.786945 83448 1001
1293003694 4181539 59.875219 10.786945 49512 1020
1293003696 4182549 59.875219 10.786945 58572 1010
1293003697 4183588 59.875219 10.786945 63765 1039
1293003698 4184699 59.875224 10.786945 52129 1111
1293003699 4185769 59.875224 10.786945 27118 1070
1293003700 4186848 59.875224 10.786945 52529 1079
1293003701 4187928 59.875228 10.786945 68574 1080
1293003702 4188929 59.875228 10.786945 70261 1001
1293003703 4189939 59.875241 10.786949 114134 1010
1293003704 4190949 59.875241 10.786949 96900 1010
1293003705 4192158 59.875241 10.786949 114477 1209
1293003706 4193169 59.875245 10.786949 91235 1010
1293003707 4194209 59.875245 10.786949 48935 1040
1293003708 4195218 59.87525 10.786949 79330 1009
1293003709 4196229 59.875242 10.786945 75240 1011
1293003710 4197239 59.875228 10.78696 41388 1010
1293003711 4198468 59.8752 10.786967 59089 1229
1293003712 4199478 59.875165 10.786992 51984 1010
1293003713 4200499 59.875115 10.78701 42032 1021
1293003714 4201528 59.87506 10.787029 43433 1029
1293003715 4202539 59.874991 10.787079 40413 1011
1293003717 4203619 59.874922 10.787111 52289 1080
1293003718 4204629 59.874922 10.787111 57133 1010
1293003719 4205669 59.874706 10.787258 73131 1039
1293003720 4206678 59.874706 10.787258 96024 1009
1293003721 4207691 59.874623 10.787323 69720 1013
1293003722 4208699 59.874449 10.787448 54938 1008
1293003723 4209712 59.874449 10.787448 40857 1013
1293003724 4210748 59.874449 10.787448 32832 1036
1293003725 4211778 59.874261 10.787587 25280 1030
1293003726 4212809 59.874169 10.787666 34200 1031
1293003727 4213819 59.874063 10.787759 26921 1010
1293003728 4214868 59.873975 10.787837 39672 1049
1293003729 4215878 59.87387 10.78793 28728 1010
1293003730 4216888 59.873777 10.788008 29379 1010
1293003731 4217948 59.873676 10.788101 39672 1060
1293003732 4218988 59.873567 10.78819 24629 1040
1293003733 4220028 59.873466 10.788283 24382 1040
1293003734 4221059 59.873357 10.788372 34200 1031
1293003735 4222079 59.873255 10.788465 26623 1020
1293003736 4223103 59.873159 10.788558 31464 1024
1293003737 4224228 59.872954 10.788722 22914 1125
1293003738 4225238 59.872954 10.788722 42408 1010
1293003739 4226268 59.872762 10.78889 67430 1030
1293003740 4227269 59.872674 10.788969 87365 1001
1293003741 4228500 59.872584 10.789044 83158 1231
1293003743 4229618 59.872496 10.789122 68400 1118
1293003744 4230658 59.872408 10.789201 39733 1040
1293003745 4231708 59.872408 10.789201 28728 1050
1293003746 4232718 59.872229 10.789354 27136 1010
1293003747 4233728 59.872142 10.789433 38304 1010
1293003748 4234738 59.872052 10.789529 24672 1010
1293003749 4235788 59.871974 10.789593 38304 1050
1293003750 4236798 59.871894 10.789675 33784 1010
1293003751 4237808 59.871894 10.789675 49248 1010
1293003752 4238818 59.871748 10.789807 36538 1010
1293003753 4239848 59.871683 10.789857 54191 1030
1293003754 4241088 59.87162 10.789928 59366 1240
1293003755 4242108 59.871563 10.789981 38304 1020
1293003756 4243229 59.871507 10.790017 33830 1121
1293003757 4244298 59.871461 10.790074 28728 1069
1293003758 4245378 59.871413 10.790113 24624 1080
1293003759 4246408 59.87137 10.790135 26540 1030
1293003760 4247518 59.871334 10.790177 32832 1110
1293003761 4248538 59.871308 10.790188 19152 1020
1293003763 4249618 59.871295 10.790203 17649 1080
1293003764 4250788 59.871263 10.790231 148771 1170
1293003765 4251938 59.871263 10.790231 157686 1150
1293003766 4252958 59.871251 10.790228 106149 1020
1293003767 4254098 59.871247 10.790228 98240 1140
1293003768 4255108 59.871247 10.790228 113835 1010
1293003769 4256139 59.871242 10.790228 126632 1031
1293003770 4257328 59.871241 10.790245 103905 1189
1293003771 4258338 59.871241 10.790245 94503 1010
1293003772 4259358 59.871236 10.790245 131615 1020
1293003773 4260368 59.871236 10.790245 133209 1010
1293003774 4261369 59.871232 10.790245 123542 1001
1293003775 4262458 59.871232 10.790245 146054 1089
1293003776 4263459 59.871232 10.790245 164078 1001
1293003777 4264488 59.871232 10.790245 128848 1029
1293003778 4265507 59.871227 10.790245 74856 1019
1293003779 4266537 59.871219 10.790242 20520 1030
1293003781 4267567 59.871219 10.790242 31464 1030
1293003782 4268748 59.871185 10.790267 42757 1181
1293003783 4269758 59.871157 10.790295 124602 1010
1293003784 4270769 59.871157 10.790295 70693 1011
1293003785 4271937 59.870996 10.790424 84590 1168
1293003786 4273074 59.870996 10.790424 130515 1137
1293003787 4274088 59.870854 10.790559 124056 1014
1293003788 4275148 59.870776 10.790606 91447 1060
1293003789 4276157 59.870776 10.790606 151412 1009
1293003790 4277158 59.870605 10.790734 170115 1001
1293003791 4278207 59.870522 10.790799 135905 1049
1293003792 4279218 59.870522 10.790799 114644 1011
1293003793 4280219 59.870321 10.790938 92121 1001
1293003794 4281247 59.870214 10.790996 109194 1028
1293003795 4282268 59.870214 10.790996 74418 1021
1293003796 4283277 59.869999 10.791111 65383 1009
1293003797 4284307 59.869891 10.791168 78457 1030
1293003798 4285397 59.869784 10.791226 67716 1090
1293003799 4286417 59.869677 10.791284 73628 1020
1293003800 4287418 59.869569 10.791341 69012 1001
1293003801 4288427 59.869569 10.791341 78685 1009
1293003803 4289967 59.869259 10.791479 94986 1540
1293003804 4291077 59.869259 10.791479 67993 1110
1293003805 4292097 59.869062 10.79158 75171 1020
1293003806 4293107 59.868973 10.791623 93414 1010
1293003807 4294117 59.868973 10.791623 125394 1010
1293003808 4295127 59.868777 10.791707 95763 1010
1293003809 4296128 59.868674 10.791764 125591 1001
1293003810 4297137 59.868674 10.791764 128522 1009
1293003811 4298138 59.868484 10.791848 158315 1001
1293003812 4299158 59.86839 10.791891 109628 1020
1293003813 4300207 59.868293 10.791931 133592 1049
1293003814 4301287 59.868203 10.791975 100955 1080
1293003815 4302327 59.868114 10.792018 73556 1039
1293003816 4303347 59.868114 10.792018 41452 1020
1293003817 4304357 59.867949 10.792091 64680 1010
1293003818 4305367 59.867873 10.79212 72673 1010
1293003819 4306368 59.8678 10.792167 103241 1001
1293003820 4307497 59.867732 10.792199 90739 1129
1293003821 4308507 59.867673 10.792232 99434 1010
1293003822 4309537 59.867673 10.792232 87906 1030
1293003824 4310547 59.867576 10.792272 85831 1010
1293003825 4311746 59.867541 10.792297 80299 1199
1293003826 4312747 59.867513 10.792304 112473 1001
1293003827 4313757 59.867444 10.792337 157633 1010
1293003828 4314917 59.867444 10.792337 165726 1160
1293003829 4315927 59.867355 10.79238 147828 1010
1293003830 4316937 59.867301 10.792399 141468 1010
1293003831 4318097 59.867301 10.792399 160987 1160
1293003832 4319117 59.867199 10.792439 141628 1020
1293003833 4320127 59.867135 10.792471 158531 1010
1293003834 4321137 59.867135 10.792471 172834 1010
1293003835 4322227 59.867025 10.792525 117633 1090
1293003836 4323232 59.866963 10.79254 94336 1005
1293003837 4324317 59.866907 10.792576 152131 1085
1293003838 4325477 59.866839 10.792609 152339 1160
1293003839 4326497 59.866775 10.792641 133146 1020
1293003840 4327507 59.866705 10.792692 127874 1010
1293003842 4328627 59.866581 10.79276 195147 1120
1293003843 4329637 59.866581 10.79276 190498 1010
1293003844 4330817 59.866451 10.792846 197013 1180
1293003845 4332007 59.866391 10.792882 178009 1190
1293003846 4333227 59.866333 10.792935 197356 1220
1293003847 4334237 59.866265 10.792968 193100 1010
1293003848 4335247 59.866195 10.793018 153556 1010
1293003849 4336447 59.866133 10.793071 198658 1200
1293003850 4337457 59.86607 10.793104 189795 1010
1293003852 4338666 59.866 10.793154 134671 1209
1293003853 4339667 59.865944 10.79319 108787 1001
1293003854 4340867 59.865819 10.793276 175099 1200
1293003855 4341876 59.865819 10.793276 205127 1009
1293003856 4342878 59.865763 10.793312 112130 1002
1293003857 4343887 59.865616 10.793408 160551 1009
1293003858 4344907 59.865616 10.793408 182452 1020
1293003859 4345917 59.865446 10.793534 110277 1010
1293003860 4346926 59.865356 10.793595 75944 1009
1293003861 4347938 59.865356 10.793595 92018 1011
1293003862 4348956 59.865176 10.793751 103910 1018
1293003863 4350046 59.865095 10.793833 107219 1090
1293003864 4351057 59.865095 10.793833 117083 1011
1293003865 4352237 59.86494 10.794035 163314 1180
1293003866 4353377 59.864864 10.794155 160137 1140
1293003867 4354497 59.864789 10.794276 158907 1120
1293003869 4355566 59.86472 10.794417 149224 1069
1293003870 4356577 59.864649 10.794575 135380 1011
1293003871 4357586 59.864578 10.794734 101179 1009
1293003872 4358597 59.864437 10.795051 112839 1011
1293003873 4359606 59.864437 10.795051 135762 1009
1293003874 4360616 59.864368 10.795231 102854 1010
1293003875 4361626 59.864221 10.795565 110650 1010
1293003876 4362656 59.864221 10.795565 97709 1030
1293003877 4363691 59.864149 10.795742 75890 1035
1293003878 4364696 59.864007 10.796097 83147 1005
1293003879 4365796 59.864007 10.796097 93286 1100
1293003880 4366806 59.863932 10.796256 82008 1010
1293003881 4367818 59.863785 10.79659 98820 1012
1293003882 4368826 59.863785 10.79659 126241 1008
1293003883 4369827 59.863702 10.796746 118661 1001
1293003884 4370876 59.863533 10.797 88710 1049
1293003885 4371886 59.863533 10.797 135382 1010
1293003886 4372896 59.863446 10.797117 71036 1010
1293003887 4374126 59.863254 10.797309 72527 1230
1293003888 4375416 59.86316 10.797405 85260 1290
1293003889 4376446 59.863068 10.797483 47880 1030
1293003890 4377476 59.862974 10.797579 43776 1030
1293003891 4378496 59.862974 10.797579 11934 1020
1293003892 4379526 59.862873 10.797672 53352 1030
1293003894 4380546 59.862705 10.797832 31151 1020
1293003896 4382686 59.862618 10.797893 57412 2140
1293003897 4383696 59.862547 10.797961 35568 1009
1293003898 4384746 59.862473 10.798025 19785 1050
1293003899 4385966 59.862363 10.798132 65645 1220
1293003900 4386976 59.862311 10.798168 73815 1010
1293003901 4387996 59.862233 10.798232 71404 1020
1293003902 4389006 59.862202 10.798257 106938 1010
1293003903 4390016 59.862202 10.798257 123007 1010
1293003904 4391046 59.862145 10.79831 42280 1030
1293003905 4392056 59.862124 10.798321 58646 1010
1293003906 4393085 59.862124 10.798321 47509 1029
1293003907 4394106 59.862089 10.798346 56956 1021
1293003908 4395145 59.862075 10.79836 54584 1039
1293003909 4396196 59.862075 10.79836 54720 1051
1293003910 4397206 59.862041 10.798386 50637 1010
1293003911 4398236 59.862015 10.798396 51566 1030
1293003912 4399255 59.862015 10.798396 39699 1019
1293003913 4400256 59.86198 10.798421 41238 1001
1293003914 4401276 59.861966 10.798436 30096 1020
1293003915 4402296 59.861966 10.798436 26730 1020
1293003916 4403345 59.861966 10.798436 23256 1049
1293003917 4404356 59.861962 10.798436 40809 1011
1293003918 4405365 59.861962 10.798436 39672 1009
1293003919 4406386 59.861974 10.798439 33210 1021
1293003920 4407416 59.861974 10.798439 32916 1030
1293003921 4408495 59.861974 10.798439 17784 1079
1293003923 4409555 59.861974 10.798439 17784 1060
1293003924 4410571 59.861979 10.798439 20520 1016
1293003925 4411575 59.86198 10.798421 20036 1004
1293003926 4412776 59.861985 10.798421 41838 1201
1293003927 4413795 59.861989 10.798421 55705 1019
1293003928 4414935 59.861994 10.798421 55505 1140
1293003929 4415985 59.861994 10.798421 41040 1050
1293003930 4416996 59.861998 10.798421 34753 1011
1293003931 4418005 59.861992 10.798401 69768 1009
1293003932 4419025 59.862 10.798404 45964 1020
1293003933 4420125 59.862 10.798404 42098 1100
1293003934 4421145 59.861992 10.798401 27360 1020
1293003935 4422165 59.861971 10.798411 28728 1020
1293003936 4423185 59.861937 10.798419 25219 1020
1293003937 4424195 59.861895 10.798441 30096 1010
1293003938 4425215 59.861793 10.798481 48857 1020
1293003939 4426255 59.861793 10.798481 67479 1040
1293003940 4427275 59.861683 10.798535 48118 1020
1293003941 4428295 59.861622 10.798571 78651 1020
1293003942 4429306 59.861622 10.798571 117956 1011
1293003943 4430316 59.861491 10.798636 69251 1010
1293003944 4431475 59.861424 10.798651 98609 1159
1293003945 4432485 59.86136 10.798683 85773 1010
1293003946 4433495 59.861292 10.798716 105202 1010
1293003948 4434605 59.861228 10.798748 63952 1110
1293003949 4435615 59.86116 10.798781 69153 1010
1293003950 4436685 59.861097 10.798813 64296 1070
1293003951 4437696 59.861029 10.798846 36092 1011
1293003952 4438715 59.861029 10.798846 27118 1019
1293003953 4439745 59.860953 10.798875 28728 1030
1293003954 4440765 59.860885 10.798908 19152 1020
1293003955 4441795 59.860809 10.798937 14062 1030
1293003956 4442835 59.860736 10.798969 43776 1040
1293003957 4443845 59.860567 10.799042 25423 1010
1293003958 4444854 59.860567 10.799042 30096 1009
1293003959 4445855 59.860485 10.799089 20520 1001
1293003960 4446955 59.860285 10.799172 14281 1100
1293003961 4447985 59.860285 10.799172 23256 1030
1293003962 4449045 59.860184 10.799212 28728 1060
1293003974 4460899 59.859984 10.799295 8352 11854
1293003975 4461968 59.859775 10.799393 105002 1069
1293003976 4463148 59.859566 10.799491 164970 1180
1293003977 4464158 59.859357 10.799588 133212 1010
1293003978 4465458 59.859034 10.799722 134283 1300
1293003979 4466468 59.858927 10.79978 120490 1010
1293003980 4467508 59.858706 10.799874 91949 1040
1293003981 4468509 59.858374 10.800023 132682 1001
1293003982 4469528 59.85815 10.800113 119345 1019
1293003983 4470537 59.857927 10.800187 146261 1009
1293003984 4471538 59.8577 10.800222 144930 1001
1293003986 4472547 59.857468 10.800218 130809 1009
1293003987 4473548 59.857346 10.800213 138443 1001
1293003988 4474838 59.857225 10.800208 137303 1290
1293003989 4475878 59.856971 10.800139 158089 1040
1293003990 4476887 59.856971 10.800139 146267 1009
1293003991 4477898 59.856841 10.800095 137480 1011
1293003992 4478899 59.85657 10.800023 93339 1001
1293003993 4479908 59.85657 10.800023 98474 1009
1293003994 4480918 59.856297 10.799932 125763 1010
1293003995 4481928 59.85616 10.799906 133764 1009
1293003996 4483137 59.85616 10.799906 154160 1209
1293003997 4484187 59.855876 10.799886 137810 1050
1293003998 4485368 59.855729 10.799892 140751 1181
1293003999 4486487 59.855594 10.799901 124103 1119
1293004001 4487638 59.855318 10.799975 139737 1151
1293004002 4488651 59.855318 10.799975 132603 1013
1293004003 4489827 59.855197 10.800009 91243 1176
1293004004 4491117 59.854959 10.800075 69508 1290
1293004005 4492187 59.85485 10.800112 67225 1069
1293004006 4493197 59.854758 10.800138 129722 1010
1293004007 4494207 59.85467 10.800164 159038 1010
1293004008 4495217 59.854591 10.800175 131403 1010
1293004009 4496227 59.854515 10.800204 113247 1010
1293004010 4497228 59.854444 10.800219 163049 1001
1293004011 4498238 59.854444 10.800219 115032 1010
1293004012 4499317 59.854301 10.800264 121024 1079
1293004013 4500318 59.854236 10.800261 162272 1001
1293004014 4501327 59.854163 10.800255 115612 1009
1293004015 4502347 59.854098 10.800253 145864 1020
1293004016 4503447 59.854025 10.800247 121683 1100
1293004017 4504477 59.853964 10.800244 109555 1030
1293004019 4505577 59.853899 10.800242 113270 1100
1293004020 4506617 59.853839 10.800239 118378 1040
1293004021 4507777 59.853728 10.800255 138391 1160
1293004022 4508817 59.853687 10.800259 134418 1040
1293004023 4509847 59.853687 10.800259 132285 1030
1293004024 4511077 59.853606 10.80025 133973 1230
1293004025 4512197 59.853565 10.800254 144796 1120
1293004026 4513207 59.853565 10.800254 135358 1010
1293004027 4514208 59.853485 10.800245 130917 1001
1293004028 4515227 59.853452 10.800252 134646 1019
1293004029 4516237 59.853452 10.800252 136402 1010
1293004030 4517367 59.853396 10.800288 114452 1130
1293004031 4518377 59.853371 10.800334 131515 1010
1293004032 4519387 59.853344 10.800362 135860 1010
1293004033 4520397 59.853328 10.800412 123745 1010
1293004034 4521407 59.853313 10.800443 141115 1010
1293004035 4522417 59.853304 10.800496 150912 1010
1293004036 4523427 59.853293 10.800528 139070 1010
1293004037 4524428 59.853286 10.800563 95589 1001
1293004039 4525617 59.853282 10.800615 132567 1189
1293004040 4526627 59.85328 10.800633 115348 1010
1293004041 4527637 59.85328 10.800633 155149 1009
1293004042 4528857 59.853285 10.800671 159646 1220
1293004043 4530077 59.853285 10.800671 162849 1220
1293004044 4530595 59.853285 10.800671 88628 518
