1292493615 653525 59.911546 10.750297 6598 1018
1292493616 654526 59.911546 10.750297 131486 1001
1292493618 655716 59.911546 10.750297 388636 1190
1292493619 656717 59.911543 10.75028 160766 1001
1292493620 657786 59.911543 10.75028 177335 1069
1292493621 658836 59.911543 10.75028 161873 1050
1292493622 659975 59.911543 10.75028 213315 1139
1292493623 660976 59.911543 10.75028 125732 1001
1292493624 661985 59.911543 10.75028 134971 1009
1292493625 663135 59.911543 10.75028 118971 1150
1292493626 664145 59.911543 10.75028 151188 1010
1292493627 665146 59.911557 10.750304 125060 1001
1292493628 666147 59.911543 10.750322 143272 1001
1292493629 667155 59.911549 10.750343 127276 1008
1292493630 668325 59.911553 10.750343 139646 1169
1292493631 669334 59.911561 10.750347 137666 1009
1292493632 670335 59.911569 10.75035 106471 1001
1292493633 671336 59.911575 10.750357 152460 1001
1292493634 672348 59.911598 10.750367 163530 1012
1292493635 673355 59.911627 10.750398 106147 1007
1292493636 674365 59.911668 10.750432 147099 1010
1292493637 675525 59.911709 10.750466 137593 1160
1292493639 676915 59.911743 10.750497 138207 1390
1292493640 678015 59.911822 10.750562 129036 1100
1292493641 679465 59.911871 10.750571 151021 1449
1292493642 680466 59.911911 10.750609 150107 1001
1292493643 681484 59.91194 10.750654 111989 1018
1292493645 682548 59.911974 10.750685 105933 1063
1292493646 683564 59.911994 10.75073 100996 1016
1292493647 684656 59.912016 10.750754 33369 1091
1292493648 685675 59.912016 10.750754 39672 1019
1292493649 686724 59.912042 10.750782 40007 1049
1292493650 687734 59.912067 10.750827 17784 1010
1292493651 688755 59.912096 10.750872 16351 1021
1292493652 689845 59.912113 10.750914 61800 1090
1292493653 690924 59.912113 10.750914 17784 1079
1292493654 691925 59.912145 10.750962 32832 1001
1292493655 692944 59.912156 10.751021 53973 1019
1292493656 693954 59.912159 10.751077 45188 1010
1292493657 695065 59.912159 10.751116 42401 1111
1292493658 696084 59.912159 10.751116 56088 1019
1292493659 697085 59.912164 10.751169 44266 1001
1292493660 698134 59.912175 10.751228 64593 1049
1292493661 699195 59.912179 10.751281 40659 1061
1292493662 700204 59.912193 10.751333 73470 1009
1292493663 701214 59.912207 10.751358 77770 1010
1292493664 702224 59.912224 10.751399 48517 1010
1292493665 703226 59.912239 10.75142 91253 1002
1292493666 704335 59.912246 10.751452 113984 1109
1292493667 705354 59.912254 10.75147 135013 1019
1292493668 706365 59.912258 10.75147 99780 1011
1292493669 707374 59.912266 10.751487 110516 1009
1292493670 708375 59.912277 10.751508 82628 1001
1292493671 709414 59.912281 10.751546 82115 1039
1292493672 710415 59.912286 10.751546 65664 1001
1292493674 711574 59.912292 10.751567 104019 1159
1292493675 712594 59.912295 10.751585 123938 1019
1292493676 713604 59.912304 10.751623 63523 1010
1292493677 714614 59.912311 10.751644 59954 1010
1292493678 715625 59.912323 10.751662 73812 1011
1292493679 716644 59.912335 10.751679 84268 1019
1292493680 717654 59.912347 10.751735 54720 1010
1292493681 718664 59.912365 10.751827 28550 1010
1292493682 719814 59.912372 10.751914 48185 1150
1292493683 720854 59.912378 10.752041 54992 1040
1292493684 721874 59.912383 10.752184 74878 1020
1292493685 722894 59.912399 10.752296 56347 1020
1292493686 723904 59.912429 10.752429 67544 1010
1292493687 725014 59.91245 10.752541 58130 1110
1292493688 726124 59.912461 10.752668 87104 1110
1292493689 727134 59.912499 10.752804 51984 1010
1292493690 728154 59.912499 10.752804 28728 1020
1292493692 729759 59.912521 10.752951 16384 1605
1292493693 731074 59.912583 10.753132 16192 1315
1292493694 732404 59.912614 10.753304 77734 1330
1292493696 733924 59.912642 10.753525 87167 1520
1292493698 735874 59.912608 10.753564 65534 1950
1292493699 736884 59.912602 10.753687 104657 1010
1292493700 737904 59.912616 10.753869 81356 1020
1292493701 738915 59.912414 10.754132 96473 1011
1292493702 739984 59.912313 10.754354 61559 1069
1292493703 740994 59.91219 10.754514 54032 1010
1292493704 742004 59.912194 10.754595 71215 1010
1292493705 743024 59.912078 10.75463 70535 1020
1292493706 744034 59.912078 10.75463 64296 1010
1292493707 745054 59.912028 10.754715 50221 1020
1292493708 746085 59.912022 10.754603 61486 1031
1292493709 747094 59.911994 10.754764 87559 1009
1292493710 748334 59.912053 10.755075 116415 1240
1292493711 749344 59.912052 10.755131 107114 1010
1292493712 750474 59.91205 10.755125 107137 1130
1292493713 751483 59.912042 10.755174 96638 1009
1292493714 752484 59.912062 10.755248 97709 1001
1292493716 753634 59.912041 10.755364 99882 1150
1292493717 754654 59.912017 10.755501 145609 1020
1292493718 755664 59.912009 10.755645 115792 1010
1292493719 756674 59.912011 10.755824 110599 1010
1292493720 757679 59.912033 10.756023 53529 1005
1292493721 758824 59.912047 10.756206 81592 1144
1292493722 759834 59.912089 10.756451 108556 1010
1292493723 760923 59.912091 10.756882 90701 1089
1292493724 761933 59.911722 10.757593 113296 1009
1292493725 763064 59.911546 10.758104 96789 1131
1292493726 764074 59.911451 10.758351 114559 1010
1292493727 765084 59.911323 10.75865 85494 1010
1292493728 766094 59.911306 10.75878 108006 1010
1292493729 767174 59.9113 10.758888 91301 1080
1292493730 768183 59.911298 10.758986 135745 1009
1292493731 769194 59.911334 10.759129 86205 1011
1292493732 770343 59.911352 10.759192 118559 1149
1292493733 771354 59.911394 10.759208 114525 1011
1292493734 772363 59.911412 10.759203 81238 1009
1292493735 773374 59.911433 10.759206 83359 1011
1292493736 774393 59.911424 10.759192 150168 1019
1292493737 775404 59.911435 10.759208 113223 1011
1292493738 776413 59.911434 10.75925 99864 1009
1292493739 777514 59.91141 10.759383 126130 1101
1292493740 778515 59.911393 10.759474 161289 1001
1292493741 779523 59.911378 10.759439 110528 1008
1292493742 780533 59.911351 10.759506 154630 1010
1292493744 781553 59.911309 10.759629 106063 1020
1292493745 782563 59.911206 10.759805 73695 1010
1292493746 783613 59.911182 10.759914 29648 1050
1292493747 784643 59.911118 10.760051 38304 1030
1292493748 785663 59.911066 10.760206 24118 1020
1292493749 786674 59.911066 10.760206 62928 1011
1292493750 787683 59.911016 10.760325 55271 1009
1292493751 788883 59.910972 10.760445 40147 1200
1292493752 789893 59.910934 10.760568 77486 1010
1292493753 790894 59.910891 10.760684 88675 1001
1292493754 792133 59.910889 10.760993 104967 1239
1292493755 793144 59.910888 10.76114 95704 1011
1292493756 794154 59.910863 10.76128 60214 1010
1292493757 795163 59.910863 10.76128 24624 1009
1292493758 796183 59.910833 10.761396 21012 1020
1292493759 797193 59.910742 10.761566 16175 1010
1292493760 798203 59.910694 10.761683 54511 1010
1292493761 799333 59.91067 10.761767 53653 1130
1292493762 800373 59.910506 10.761889 60523 1040
1292493764 801583 59.910522 10.762054 86640 1210
1292493765 802603 59.910475 10.762128 113486 1020
1292493766 803613 59.910435 10.762224 68643 1010
1292493767 804634 59.910402 10.762403 65664 1021
1292493768 805653 59.910366 10.762523 103375 1019
1292493769 806823 59.910295 10.762524 87532 1170
1292493770 808044 59.910179 10.762817 129799 1221
1292493771 809053 59.910127 10.763 129913 1009
1292493772 810224 59.910019 10.763401 139384 1171
1292493773 811233 59.90998 10.76357 170051 1009
1292493774 812403 59.909886 10.763866 130576 1170
1292493775 813414 59.909844 10.764017 145979 1011
1292493776 814423 59.909758 10.764317 121946 1008
1292493777 815434 59.909714 10.764447 70256 1011
1292493778 816443 59.909654 10.764574 69502 1009
1292493779 817503 59.909617 10.764726 71364 1060
1292493780 818513 59.909588 10.764863 96385 1010
1292493781 819523 59.909543 10.764972 37357 1010
1292493783 820554 59.909515 10.765109 39984 1031
1292493784 821562 59.909491 10.765246 78907 1008
1292493785 822563 59.90941 10.765476 117496 1001
1292493786 823903 59.909376 10.765592 135747 1340
1292493787 824914 59.909346 10.765694 77130 1011
1292493788 825922 59.909309 10.765793 101424 1008
1292493789 826923 59.909266 10.765905 92415 1001
1292493790 828022 59.909224 10.766018 58382 1099
1292493791 829233 59.90919 10.766135 64649 1210
1292493792 830243 59.909154 10.766268 63892 1010
1292493793 831322 59.909126 10.766405 73229 1079
1292493794 832333 59.90909 10.766539 75240 1010
1292493795 833353 59.909054 10.766673 49001 1020
1292493796 834363 59.909018 10.766807 72042 1010
1292493797 835382 59.909018 10.766807 58824 1019
1292493798 836493 59.908976 10.76692 35938 1111
1292493799 837523 59.908945 10.767053 95325 1030
1292493800 838533 59.908911 10.76717 101965 1010
1292493802 839543 59.908884 10.767251 90947 1010
1292493803 840562 59.908884 10.767342 62586 1019
1292493804 841763 59.908819 10.767445 112048 1201
1292493805 842813 59.908807 10.76748 76509 1050
1292493806 843833 59.908793 10.767494 65276 1020
1292493807 845212 59.908788 10.767512 60649 1379
1292493808 846222 59.908774 10.767526 52868 1009
1292493809 847323 59.908774 10.767526 25992 1101
1292493810 848443 59.90876 10.76754 12063 1120
1292493811 849453 59.908747 10.767554 131696 1010
1292493812 850463 59.908738 10.767569 181134 1010
1292493814 851589 59.908745 10.767558 160215 1126
1292493815 852723 59.908747 10.767564 197884 1133
1292493816 853733 59.908747 10.76755 187033 1010
1292493817 854734 59.908738 10.76755 159510 1001
1292493818 855743 59.908732 10.767568 170180 1009
1292493819 856942 59.908717 10.767599 143898 1199
1292493820 857953 59.908696 10.767649 170660 1010
1292493821 859142 59.908674 10.767677 131764 1189
1292493822 860182 59.908669 10.76773 113853 1040
1292493823 861202 59.908653 10.767779 121729 1020
1292493824 862212 59.908641 10.767829 118791 1010
1292493825 863213 59.908629 10.767878 127041 1001
1292493826 864393 59.908594 10.767903 149062 1180
1292493827 865394 59.908556 10.767925 165400 1001
1292493828 866402 59.908514 10.767894 172555 1008
1292493830 867563 59.90846 10.767832 134800 1161
1292493831 868582 59.908418 10.767759 154808 1019
1292493832 869583 59.908374 10.767722 152643 1001
1292493833 870584 59.908335 10.767708 120567 1001
1292493834 871592 59.90831 10.767702 126628 1008
1292493835 872593 59.908291 10.767695 133951 1001
1292493836 873762 59.908278 10.767692 125123 1169
1292493837 874763 59.908269 10.767706 145219 1001
1292493838 875862 59.908268 10.767723 85091 1099
1292493839 876872 59.908268 10.767723 110193 1010
1292493840 877882 59.908265 10.76772 66147 1010
1292493841 878892 59.90826 10.767734 69361 1010
1292493842 880082 59.908258 10.767728 83074 1190
1292493843 881092 59.908258 10.767728 131593 1010
1292493844 882132 59.908266 10.767745 97628 1040
1292493845 883153 59.908266 10.767745 108610 1021
1292493846 884182 59.908266 10.767745 84536 1029
1292493847 885213 59.908271 10.767745 66093 1031
1292493849 887092 59.908266 10.767759 55809 1879
1292493850 888094 59.908266 10.767774 109447 1002
1292493851 889313 59.908251 10.767767 139014 1219
1292493852 890502 59.908225 10.767739 158532 1189
1292493853 891503 59.908194 10.767712 120369 1001
1292493854 892510 59.908167 10.767702 48484 1007
1292493855 893512 59.908127 10.767688 105062 1002
1292493857 894592 59.908097 10.767661 74204 1080
1292493858 895602 59.908082 10.767654 125164 1010
1292493859 896622 59.908051 10.767641 108031 1020
1292493860 897652 59.908008 10.767624 101934 1030
1292493861 898662 59.90796 10.767625 130360 1010
1292493862 899682 59.907899 10.767622 175061 1020
1292493863 900852 59.907741 10.767569 181350 1170
1292493864 901862 59.907644 10.767557 156833 1010
1292493865 902872 59.907538 10.767558 129323 1010
1292493866 903882 59.907538 10.767558 121674 1010
1292493867 904902 59.90735 10.767607 116539 1020
1292493868 905982 59.907257 10.767633 121374 1080
1292493869 907002 59.907164 10.767676 120947 1020
1292493870 908021 59.907073 10.767685 111450 1019
1292493871 909232 59.90698 10.767711 147716 1210
1292493872 910272 59.906885 10.767719 107424 1040
1292493873 911342 59.9068 10.76771 120894 1070
1292493874 912352 59.90671 10.767715 126157 1010
1292493875 913373 59.906603 10.767773 172421 1021
1292493877 914592 59.906516 10.767781 152715 1219
1292493878 915602 59.906444 10.767775 170322 1010
1292493879 916613 59.906372 10.767752 181621 1011
1292493880 917680 59.906307 10.76775 120449 1067
1292493881 918851 59.90621 10.767737 164108 1170
1292493882 919853 59.90621 10.767737 171430 1001
1292493883 920961 59.90614 10.767735 141951 1108
1292493884 921982 59.906128 10.767731 172556 1021
1292493885 922992 59.906108 10.767725 173582 1009
1292493886 924002 59.906101 10.767721 170184 1009
1292493887 925012 59.906101 10.767721 152266 1010
1292493888 926212 59.906107 10.767704 150073 1200
1292493889 927461 59.906114 10.767707 157452 1248
1292493891 928642 59.906114 10.767707 157679 1181
1292493892 929711 59.906119 10.767707 152705 1069
1292493893 930852 59.906125 10.767689 163548 1140
1292493894 931871 59.906129 10.767689 156737 1019
1292493895 932873 59.906129 10.767689 169505 1002
1292493896 933881 59.906137 10.767693 124589 1008
1292493897 934891 59.906137 10.767693 120489 1010
1292493898 935901 59.906135 10.76771 105143 1010
1292493899 937081 59.906135 10.76771 147809 1180
1292493900 938121 59.906131 10.76771 136281 1040
1292493901 939162 59.906123 10.767707 153670 1041
1292493902 940171 59.906123 10.767707 141824 1009
1292493903 941211 59.906123 10.767707 109115 1040
1292493904 942343 59.906103 10.7677 2494 1132
1292493905 943361 59.906084 10.767694 88485 1018
1292493906 944371 59.906072 10.76769 115579 1010
1292493907 945372 59.906059 10.767687 112643 1001
1292493908 946373 59.906049 10.767666 140510 1001
1292493909 947471 59.906029 10.767659 144826 1098
1292493910 948483 59.906009 10.767653 118885 1012
1292493911 949491 59.90597 10.767639 123935 1008
1292493912 950501 59.905918 10.767623 97287 1010
1292493914 951651 59.905853 10.767596 111320 1150
1292493915 952672 59.90579 10.767558 114014 1020
1292493916 953683 59.905713 10.767514 70811 1011
1292493917 954691 59.905635 10.767456 70298 1008
1292493918 955701 59.905553 10.767426 162406 1010
1292493919 956711 59.905471 10.767381 132353 1010
1292493920 957716 59.905393 10.767337 84410 1005
1292493921 958721 59.905325 10.767279 88289 1005
1292493922 959731 59.905253 10.767255 103169 1010
1292493923 960761 59.905191 10.767179 103542 1030
1292493924 961862 59.905098 10.767128 46576 1101
1292493925 962911 59.904998 10.767074 77976 1049
1292493926 964001 59.904928 10.767033 13911 1090
1292493927 965031 59.904928 10.767033 24624 1030
1292493928 966230 59.904844 10.767006 18130 1199
1292493930 967601 59.904772 10.766944 23256 1371
1292493931 968611 59.904698 10.766865 96136 1009
1292493932 969612 59.904626 10.766803 110007 1001
1292493933 970621 59.904576 10.766731 121860 1009
1292493934 971731 59.904522 10.766693 121468 1110
1292493935 972931 59.904416 10.766618 160852 1200
1292493936 974031 59.904371 10.766566 134788 1100
1292493937 975111 59.904264 10.766533 122355 1080
1292493938 976301 59.90422 10.766529 135055 1190
1292493939 977532 59.904105 10.766636 120829 1231
1292493941 978543 59.904054 10.766711 101278 1011
1292493942 979554 59.90401 10.766789 46225 1011
1292493943 980555 59.903963 10.766863 38781 1001
1292493944 982291 59.903923 10.766958 69296 1736
1292493945 983292 59.903884 10.767022 98410 1001
1292493946 984311 59.903839 10.767064 86131 1019
1292493948 985971 59.903793 10.767121 43776 1660
1292493949 987181 59.903742 10.767143 83675 1210
1292493950 988191 59.903704 10.767189 79647 1010
1292493951 989251 59.90365 10.767246 66744 1060
1292493952 990281 59.903591 10.767264 51984 1030
1292493954 991671 59.903591 10.767264 12312 1390
1292493955 992841 59.903527 10.767283 22980 1169
1292493956 994021 59.90347 10.767284 72685 1180
1292493957 995100 59.903415 10.767288 102600 1078
1292493958 996101 59.903358 10.767289 93916 1001
1292493959 997120 59.9033 10.76729 118016 1019
1292493960 998130 59.903189 10.767291 152958 1010
1292493961 999134 59.903132 10.767292 139801 1004
1292493962 1000151 59.903021 10.767294 177636 1017
1292493963 1001161 59.902974 10.767316 184480 1010
1292493964 1002261 59.902879 10.767338 144970 1100
1292493965 1003280 59.902807 10.767368 179912 1019
1292493966 1004510 59.902766 10.767372 165874 1230
1292493967 1005511 59.902734 10.767362 160677 1001
1292493968 1006520 59.902696 10.767331 88293 1009
1292493969 1007521 59.902657 10.767317 161297 1001
1292493971 1008630 59.902623 10.767325 164568 1109
1292493972 1009631 59.902586 10.767333 195097 1001
1292493973 1010840 59.902554 10.767323 152372 1209
1292493974 1011841 59.902467 10.767331 164188 1001
1292493975 1012850 59.902467 10.767331 155822 1009
1292493976 1013860 59.902426 10.767335 71109 1010
1292493977 1014890 59.90239 10.767325 57205 1030
1292493978 1015900 59.902349 10.767329 60192 1010
1292493979 1017000 59.902308 10.767334 23517 1100
1292493980 1018001 59.902276 10.767324 90743 1001
1292493981 1019011 59.902241 10.76731 159004 1010
1292493982 1020020 59.902211 10.767283 174692 1009
1292493983 1021160 59.902139 10.767221 127122 1140
1292493984 1022171 59.902107 10.767211 143747 1011
1292493985 1023240 59.902107 10.767211 50452 1069
1292493986 1024350 59.902049 10.767135 96284 1109
1292493987 1025360 59.902016 10.767104 90188 1010
1292493988 1026380 59.901991 10.767059 82109 1020
1292493989 1027390 59.901959 10.76701 79697 1010
1292493990 1028410 59.901934 10.766965 66529 1020
1292493991 1029430 59.901904 10.766899 80032 1020
1292493992 1030450 59.901876 10.766836 100479 1020
1292493993 1031460 59.901856 10.766791 71941 1010
1292493994 1032490 59.901829 10.766743 70996 1030
1292493995 1033500 59.901815 10.76668 52893 1010
1292493997 1034549 59.901815 10.76668 49248 1049
1292493998 1035560 59.901798 10.7666 27643 1011
1292493999 1036770 59.90178 10.76652 47863 1210
1292494000 1037800 59.90175 10.766415 57456 1030
1292494001 1038820 59.901717 10.76629 56183 1020
1292494002 1039830 59.90168 10.766165 60864 1010
1292494003 1040831 59.901652 10.766025 58380 1001
1292494004 1041839 59.901629 10.765871 44676 1008
1292494005 1042890 59.901629 10.765871 25992 1051
1292494006 1043900 59.901602 10.765714 50910 1010
1292494007 1045111 59.90151 10.765411 140704 1211
1292494008 1046120 59.901465 10.765268 130518 1009
1292494009 1047130 59.901419 10.765143 132202 1010
1292494010 1048170 59.901312 10.764871 142181 1040
1292494011 1049180 59.901275 10.764731 137675 1010
1292494012 1050181 59.901161 10.764477 139837 1001
1292494013 1051182 59.901099 10.764349 108113 1001
1292494014 1052230 59.901046 10.764202 149165 1048
1292494015 1053290 59.900997 10.76406 133979 1059
1292494016 1054419 59.900963 10.763899 122884 1129
1292494018 1055560 59.900938 10.763724 121735 1140
1292494019 1056569 59.900918 10.763536 107656 1009
1292494020 1057729 59.900894 10.763343 97800 1160
1292494021 1058739 59.900872 10.763172 57945 1010
1292494022 1059749 59.900851 10.762983 83299 1009
1292494023 1060809 59.900829 10.762773 94259 1060
1292494024 1061819 59.900797 10.762581 131323 1010
1292494025 1062839 59.900764 10.762389 133685 1020
1292494026 1063850 59.900719 10.762193 92385 1011
1292494027 1064859 59.900677 10.762015 122739 1009
1292494028 1065860 59.900631 10.761837 77100 1001
1292494029 1066866 59.90058 10.761674 88834 1006
1292494030 1067870 59.900539 10.761496 59661 1004
1292494031 1068879 59.900492 10.761318 47327 1009
1292494032 1069899 59.900454 10.761143 57456 1020
1292494033 1070909 59.900427 10.760986 41634 1010
1292494034 1071929 59.900427 10.760986 39672 1020
1292494035 1072949 59.900398 10.760811 28558 1020
1292494036 1074191 59.900356 10.760633 41040 1242
1292494037 1075229 59.900326 10.760459 41368 1038
1292494038 1076289 59.900326 10.760459 30096 1060
1292494042 1080303 59.900292 10.760284 10944 4014
1292494043 1081479 59.900292 10.760284 1368 1176
1292494045 1083500 59.900245 10.760123 5472 2021
1292494048 1085610 59.900201 10.759963 10270 2109
1292494049 1086779 59.900201 10.759963 2736 1169
1292494050 1087781 59.900169 10.759824 51984 1002
1292494052 1090339 59.900123 10.759698 13584 2558
1292494054 1091849 59.900123 10.759698 24624 1510
1292494055 1093049 59.900081 10.759573 6840 1200
1292494056 1094209 59.900081 10.759573 2736 1160
1292494057 1095339 59.900031 10.759448 1368 1129
1292494065 1103068 59.899985 10.759322 22884 7729
1292494066 1104138 59.899985 10.759322 34176 1070
1292494067 1105179 59.899943 10.759235 21804 1041
1292494068 1106259 59.89989 10.759145 35383 1080
1292494069 1107329 59.89989 10.759145 17784 1070
1292494070 1108509 59.899844 10.759058 27360 1180
1292494072 1109549 59.899844 10.759058 9576 1040
1292494073 1110558 59.899801 10.758989 12312 1009
1292494074 1111569 59.899746 10.758916 20505 1011
1292494075 1113038 59.899699 10.758847 52278 1469
1292494076 1114059 59.899699 10.758847 47880 1021
1292494077 1115089 59.899638 10.758792 39008 1030
1292494078 1116138 59.899582 10.758737 37091 1049
1292494079 1117149 59.899516 10.758696 47880 1011
1292494080 1118158 59.899454 10.758658 32279 1009
1292494081 1119198 59.899387 10.758635 41402 1040
1292494082 1120199 59.899387 10.758635 50616 1001
1292494083 1121229 59.899314 10.758629 36713 1030
1292494084 1122269 59.899253 10.758627 46512 1040
1292494085 1123279 59.899187 10.758642 28056 1010
1292494086 1124319 59.899187 10.758642 32832 1040
1292494087 1125339 59.899123 10.758674 34200 1020
1292494088 1126378 59.899056 10.758689 16220 1039
1292494089 1127379 59.899056 10.758689 20520 1001
1292494090 1128409 59.898988 10.758722 31464 1030
1292494091 1129459 59.898926 10.758737 13418 1050
1292494092 1130471 59.898926 10.758737 21888 1012
1292494107 1145054 59.898859 10.758752 10944 14583
1292494108 1146164 59.898859 10.758752 10944 1110
1292494109 1147224 59.898797 10.758767 8208 1060
1292494110 1148344 59.898797 10.758767 8208 1120
1292494112 1149634 59.898737 10.758765 10514 1290
1292494113 1150645 59.89867 10.75878 50616 1011
1292494114 1152055 59.898611 10.75876 36943 1410
1292494115 1153064 59.898544 10.758737 116873 1009
1292494116 1154254 59.898425 10.758697 163322 1190
1292494117 1155374 59.898361 10.758677 143676 1120
1292494118 1156375 59.898244 10.758672 166953 1001
1292494119 1157384 59.898184 10.758669 131434 1009
1292494120 1158394 59.898069 10.758738 127982 1010
1292494121 1159395 59.898023 10.758795 131499 1001
1292494123 1160564 59.897943 10.758929 169997 1169
1292494124 1161574 59.897885 10.759091 145390 1010
1292494125 1162708 59.897855 10.759155 117429 1134
1292494126 1163734 59.897843 10.759204 61560 1026
1292494127 1164754 59.897828 10.759236 25033 1020
1292494128 1165764 59.897826 10.759254 48455 1010
1292494129 1166794 59.897817 10.759268 55261 1030
1292494130 1167795 59.897822 10.759268 109462 1001
1292494131 1168944 59.897811 10.759261 153373 1149
1292494132 1169945 59.897811 10.759261 202559 1001
1292494133 1170954 59.897799 10.759272 184236 1009
1292494134 1172084 59.897796 10.759269 180099 1130
1292494135 1173264 59.897799 10.759272 194810 1180
1292494136 1174445 59.8978 10.759255 185790 1180
1292494138 1175564 59.897803 10.759258 177676 1119
1292494139 1176565 59.897797 10.759275 178323 1001
1292494140 1177754 59.897781 10.759363 204904 1189
1292494141 1178804 59.897757 10.7595 196485 1050
1292494142 1179944 59.897729 10.759637 190665 1140
1292494143 1181074 59.897695 10.759754 186512 1130
1292494144 1182084 59.897665 10.75987 183857 1010
1292494145 1183254 59.897615 10.759979 140608 1170
1292494146 1184264 59.897587 10.760025 189632 1010
1292494147 1185265 59.897528 10.760096 197131 1001
1292494148 1186404 59.897455 10.760182 184132 1139
1292494149 1187414 59.897419 10.760224 179440 1010
1292494150 1188524 59.897328 10.760285 171465 1110
1292494152 1189679 59.897195 10.760368 203148 1155
1292494153 1190864 59.897039 10.760479 207273 1184
1292494154 1191954 59.896853 10.760616 216604 1090
1292494155 1193134 59.896643 10.760745 265335 1180
1292494156 1194194 59.896417 10.760907 224769 1060
1292494157 1195204 59.896184 10.761065 226750 1010
1292494158 1196205 59.895943 10.76122 140932 1001
1292494159 1197214 59.895816 10.761285 193666 1009
1292494160 1198224 59.895546 10.761395 192097 1010
1292494161 1199324 59.895416 10.761442 115159 1100
1292494162 1200475 59.895134 10.76151 183057 1151
1292494164 1201634 59.894838 10.761592 179367 1158
1292494165 1202635 59.89454 10.761657 186765 1001
1292494166 1203694 59.894231 10.761753 135656 1059
1292494167 1204873 59.893929 10.761906 193980 1179
1292494168 1205973 59.893631 10.762114 196203 1100
1292494169 1207074 59.893332 10.762378 192558 1101
1292494170 1208123 59.893064 10.762743 178045 1049
1292494171 1209225 59.892808 10.76313 182892 1102
1292494172 1210404 59.892546 10.763533 205512 1179
1292494174 1211554 59.892295 10.763941 215423 1150
1292494175 1212745 59.89205 10.764386 208608 1191
1292494176 1213764 59.891827 10.764856 198521 1019
1292494177 1214844 59.891621 10.765367 173293 1080
1292494178 1215945 59.891411 10.76584 178794 1100
1292494179 1217124 59.891193 10.766348 197801 1127
1292494180 1218174 59.890982 10.766822 177051 1050
1292494181 1219374 59.890736 10.767229 202381 1200
1292494182 1220384 59.890608 10.767441 201643 1010
1292494183 1221385 59.89034 10.767785 192190 1001
1292494185 1222550 59.890065 10.768147 162960 1165
1292494186 1223553 59.889936 10.768321 179996 1003
1292494187 1224554 59.889691 10.768675 161307 1001
1292494188 1225555 59.889452 10.768995 164477 1001
1292494189 1226574 59.889236 10.769286 190800 1019
1292494190 1227575 59.88914 10.769417 217269 1001
1292494191 1228583 59.888946 10.769641 194605 1008
1292494192 1229723 59.888783 10.76984 183728 1140
1292494193 1230724 59.888714 10.769942 177122 1001
1292494194 1231733 59.888655 10.770014 195899 1009
1292494195 1232743 59.888607 10.770105 162002 1010
1292494196 1233748 59.88856 10.77018 183129 1005
1292494197 1234753 59.888508 10.770254 181663 1005
1292494198 1235833 59.888424 10.770389 171538 1080
1292494199 1236834 59.888424 10.770389 161534 1001
1292494200 1237984 59.888355 10.770477 160650 1150
1292494201 1238993 59.88834 10.770509 186389 1008
1292494202 1240004 59.88834 10.770509 171998 1011
1292494203 1241073 59.888311 10.770555 75312 1068
1292494204 1242074 59.888302 10.770569 178026 1001
1292494205 1243233 59.888302 10.770569 155258 1159
1292494206 1244243 59.888303 10.770552 195936 1010
1292494207 1245423 59.888303 10.770552 185065 1180
1292494209 1246605 59.888311 10.770555 244035 1181
1292494210 1247613 59.888316 10.770555 228154 1008
1292494211 1248663 59.888316 10.770555 190968 1050
1292494212 1249773 59.888316 10.770555 209084 1110
1292494213 1250803 59.888316 10.770555 201678 1030
1292494214 1251953 59.888316 10.770555 108744 1150
1292494215 1252957 59.88832 10.770555 90228 1004
1292494216 1254024 59.888321 10.770537 102183 1067
1292494217 1255033 59.888321 10.770537 109178 1009
1292494218 1256044 59.88832 10.770555 130032 1011
1292494219 1257053 59.888299 10.770566 132276 1009
1292494220 1258133 59.888285 10.77058 169985 1080
1292494221 1259163 59.888263 10.770609 155643 1030
1292494222 1260313 59.888226 10.770651 156178 1150
1292494223 1261324 59.888182 10.77069 120459 1011
1292494224 1262363 59.888133 10.770747 125504 1039
1292494225 1263376 59.888081 10.770822 139773 1013
1292494226 1264412 59.888022 10.770893 131385 1036
1292494227 1265413 59.887956 10.77096 191611 1001
1292494228 1266424 59.887893 10.771031 167322 1011
1292494229 1267425 59.887828 10.77112 203894 1001
1292494230 1268433 59.887767 10.771209 152532 1008
1292494231 1269512 59.887704 10.77128 180473 1079
1292494232 1270513 59.887644 10.771368 196917 1001
1292494233 1271522 59.88758 10.771439 112592 1009
1292494235 1272583 59.887502 10.771504 77738 1061
1292494236 1273633 59.887434 10.771589 132927 1050
1292494237 1274643 59.887357 10.771674 130070 1010
1292494238 1275812 59.887284 10.771759 110308 1169
1292494239 1276822 59.88721 10.771862 62348 1010
1292494240 1277842 59.887133 10.771947 73156 1020
1292494241 1278852 59.887059 10.77205 69768 1010
1292494242 1279862 59.886975 10.772132 50425 1010
1292494243 1281062 59.886896 10.772235 63736 1200
1292494244 1282203 59.886896 10.772235 21888 1141
1292494245 1283303 59.88673 10.772455 155833 1099
1292494246 1284312 59.886655 10.772575 107827 1009
1292494247 1285332 59.886583 10.772699 45989 1020
1292494248 1286392 59.88651 10.772822 53597 1060
1292494249 1287412 59.88651 10.772822 45144 1020
1292494250 1288423 59.886443 10.772946 39467 1011
1292494251 1289432 59.886384 10.773055 107696 1009
1292494252 1290442 59.88633 10.773165 58797 1010
1292494253 1291472 59.886275 10.773274 44831 1030
1292494254 1292513 59.886239 10.773355 36936 1041
1292494256 1293542 59.886203 10.773436 18652 1029
1292494257 1294545 59.886203 10.773436 25992 1003
1292494258 1295562 59.886172 10.773518 63068 1017
1292494259 1296642 59.88611 10.773662 126178 1080
1292494260 1297663 59.886077 10.773761 138617 1021
1292494261 1298672 59.886002 10.773972 114592 1009
1292494262 1299682 59.885966 10.774106 106165 1010
1292494263 1300843 59.885872 10.774401 128509 1161
1292494264 1302162 59.885787 10.774736 119721 1318
1292494265 1303192 59.88574 10.774901 120681 1030
1292494266 1304193 59.885708 10.775091 153319 1001
1292494267 1305282 59.885675 10.77528 137314 1089
1292494268 1306472 59.885647 10.77547 163076 1190
1292494269 1307482 59.885634 10.775666 165223 1010
1292494270 1308502 59.885614 10.775859 108049 1020
1292494271 1309503 59.885613 10.776059 145819 1001
1292494272 1310504 59.885617 10.776259 140281 1001
1292494273 1311512 59.885624 10.776462 134653 1008
1292494274 1312523 59.885635 10.776665 135921 1011
1292494275 1313532 59.885639 10.776864 123709 1009
1292494276 1314533 59.885638 10.777064 161505 1001
1292494278 1315543 59.88563 10.77726 153504 1010
1292494279 1316547 59.88561 10.777453 144640 1004
1292494280 1317693 59.885569 10.77764 148947 1146
1292494281 1318702 59.885523 10.777805 158279 1008
1292494282 1319882 59.885389 10.77814 164139 1180
1292494283 1320892 59.885389 10.77814 161130 1010
1292494284 1322102 59.88522 10.778448 155655 1210
1292494285 1323112 59.885133 10.778617 136865 1010
1292494286 1324122 59.885028 10.778801 127353 1010
1292494287 1325132 59.884922 10.778985 120699 1010
1292494288 1326133 59.884821 10.779169 131017 1001
1292494289 1327142 59.88472 10.779352 116144 1009
1292494290 1328242 59.884615 10.779536 144534 1100
1292494291 1329252 59.884506 10.779755 150430 1010
1292494292 1330253 59.884399 10.779956 122751 1001
1292494293 1331372 59.884293 10.780158 170844 1119
1292494294 1332512 59.884184 10.780377 165259 1140
1292494296 1333622 59.884065 10.780575 146864 1110
1292494297 1334632 59.883958 10.780776 99084 1010
1292494298 1335661 59.883839 10.780974 117215 1029
1292494299 1336662 59.883722 10.781154 103298 1001
1292494300 1337663 59.883604 10.781335 96514 1001
1292494301 1338682 59.883486 10.781515 135858 1019
1292494302 1339811 59.88337 10.781678 95105 1129
1292494303 1340812 59.883254 10.781841 72851 1001
1292494304 1341822 59.883142 10.782004 67077 1010
1292494305 1342841 59.883037 10.782135 66492 1019
1292494306 1343992 59.882839 10.782397 107303 1151
1292494307 1345002 59.882839 10.782397 136876 1010
1292494308 1346011 59.882673 10.782617 110191 1009
1292494309 1347021 59.882673 10.782617 111268 1010
1292494310 1348041 59.882536 10.782791 99013 1020
1292494311 1349071 59.882484 10.782865 78242 1030
1292494312 1350151 59.882429 10.78294 77056 1080
1292494313 1351161 59.882383 10.782996 106377 1010
1292494314 1352181 59.882335 10.783036 105707 1020
1292494315 1353201 59.882335 10.783036 92856 1020
1292494316 1354202 59.882255 10.783118 92834 1001
1292494317 1355241 59.882219 10.78316 144188 1039
1292494318 1356251 59.882191 10.783189 155901 1010
1292494319 1357341 59.882178 10.783203 123258 1090
1292494320 1358342 59.882169 10.783217 157104 1001
1292494321 1359351 59.88217 10.783238 129460 1009
1292494322 1360501 59.88217 10.783238 91043 1150
1292494323 1361502 59.88217 10.783238 120878 1001
1292494324 1362531 59.882178 10.783241 83574 1029
1292494326 1363551 59.882178 10.783241 81616 1020
1292494327 1364572 59.882178 10.783241 92422 1021
1292494328 1365581 59.882178 10.783241 77388 1009
1292494329 1366591 59.882178 10.783241 88260 1010
1292494330 1367592 59.882178 10.783241 114283 1001
1292494331 1368593 59.882178 10.783241 134153 1001
1292494332 1369601 59.882178 10.783241 148388 1008
1292494333 1370602 59.882186 10.783245 119535 1001
1292494334 1371611 59.882186 10.783245 116067 1009
1292494335 1372621 59.882186 10.783245 123430 1010
1292494336 1373641 59.882186 10.783245 106200 1020
1292494337 1374702 59.882178 10.783241 116804 1061
1292494338 1375711 59.882178 10.783241 100357 1009
1292494339 1376721 59.882178 10.783241 100584 1010
1292494340 1377771 59.882178 10.783241 125027 1050
1292494341 1378781 59.882178 10.783241 116061 1010
1292494342 1379782 59.88218 10.783224 109298 1001
1292494343 1380791 59.882178 10.783241 137014 1009
1292494344 1382031 59.882174 10.783241 79689 1240
1292494345 1383041 59.882165 10.783255 108156 1010
1292494346 1384091 59.882137 10.783284 113914 1050
1292494347 1385131 59.882115 10.783312 131276 1040
1292494348 1386141 59.882115 10.783312 152325 1010
1292494349 1387151 59.882073 10.783372 107196 1010
1292494350 1388171 59.882073 10.783372 102831 1020
1292494351 1389182 59.882027 10.783429 115894 1011
1292494352 1390191 59.882005 10.783458 105433 1009
1292494353 1391211 59.881977 10.783486 123988 1020
1292494354 1392221 59.881947 10.783511 136862 1010
1292494355 1393241 59.881912 10.783536 125606 1020
1292494356 1394301 59.881885 10.783564 129192 1060
1292494357 1395311 59.881855 10.78359 117293 1010
1292494358 1396312 59.881816 10.783615 93275 1001
1292494359 1397321 59.881785 10.78364 145126 1009
1292494360 1398331 59.881749 10.783682 137201 1010
1292494361 1399332 59.881713 10.783725 130869 1001
1292494362 1400341 59.881676 10.783767 136193 1009
1292494363 1401501 59.881637 10.783793 128141 1160
1292494364 1402502 59.881593 10.783832 151552 1001
1292494366 1403561 59.881559 10.783857 120854 1059
1292494367 1404571 59.881515 10.783896 120287 1010
1292494368 1405581 59.881468 10.783918 154001 1010
1292494369 1406591 59.881419 10.783957 159206 1010
1292494370 1407601 59.881365 10.783975 128935 1010
1292494371 1408611 59.881322 10.783997 112508 1010
1292494372 1409621 59.881268 10.784016 59055 1010
1292494373 1410631 59.881268 10.784016 83448 1010
1292494374 1411781 59.881169 10.784073 76007 1150
1292494375 1412811 59.881122 10.784095 102556 1030
1292494376 1413821 59.881068 10.784113 84863 1010
1292494377 1414831 59.881021 10.784135 68533 1010
1292494378 1415850 59.88097 10.784171 56918 1019
1292494379 1416851 59.880915 10.784189 66136 1001
1292494380 1417980 59.880868 10.784211 109940 1129
1292494381 1418991 59.880812 10.784247 108201 1010
1292494382 1420000 59.880757 10.784265 110370 1009
1292494383 1421002 59.880711 10.784287 107456 1002
1292494384 1422011 59.8806 10.784341 75665 1009
1292494385 1423021 59.8806 10.784341 107594 1010
1292494386 1424243 59.880497 10.784399 78840 1222
1292494387 1425250 59.880443 10.784417 95874 1007
1292494388 1426261 59.8804 10.784439 95967 1011
1292494389 1427281 59.880353 10.784461 105220 1020
1292494390 1428291 59.880311 10.784482 124318 1010
1292494391 1429301 59.880284 10.784511 102430 1010
1292494392 1430302 59.88025 10.784518 74573 1001
1292494393 1431320 59.880237 10.784533 113003 1018
1292494394 1432341 59.880228 10.784547 158011 1021
1292494395 1433470 59.880224 10.784543 114494 1129
1292494396 1434471 59.880229 10.784543 131724 1001
1292494397 1435481 59.880233 10.784543 116785 1010
1292494398 1436530 59.880235 10.784526 135192 1049
1292494399 1437531 59.880229 10.784505 140323 1001
1292494401 1438542 59.880229 10.784505 91514 1011
1292494402 1439631 59.880221 10.784502 133006 1089
1292494403 1440640 59.880215 10.784481 136462 1009
1292494404 1441641 59.880219 10.784481 84257 1001
1292494405 1442650 59.880224 10.784481 93251 1009
1292494406 1443660 59.880227 10.784498 119629 1010
1292494407 1444680 59.880227 10.784498 94263 1020
1292494408 1445780 59.880232 10.784498 95519 1100
1292494409 1446790 59.880232 10.784498 126686 1010
1292494410 1447800 59.880232 10.784498 71342 1010
1292494411 1448810 59.880224 10.784495 83173 1010
1292494412 1449981 59.880224 10.784495 104495 1171
1292494413 1451031 59.880227 10.784513 135000 1050
1292494414 1452190 59.880227 10.784513 135307 1159
1292494415 1453191 59.880227 10.784513 83275 1001
1292494416 1454200 59.880227 10.784513 86779 1009
1292494417 1455220 59.880227 10.784513 92541 1020
1292494418 1456400 59.880235 10.784516 107140 1180
1292494419 1457401 59.880235 10.784516 93053 1001
1292494420 1458410 59.880235 10.784516 83567 1009
1292494421 1459430 59.880235 10.784516 141168 1020
1292494422 1460440 59.880233 10.784533 132822 1010
1292494423 1461450 59.880233 10.784533 119196 1010
1292494424 1462467 59.880233 10.784533 135590 1017
1292494425 1463481 59.880233 10.784533 116887 1014
1292494426 1464490 59.880233 10.784533 78673 1009
1292494427 1465501 59.880233 10.784533 106810 1011
1292494428 1466510 59.880233 10.784533 121106 1009
1292494429 1467520 59.880233 10.784533 92714 1010
1292494430 1468530 59.880233 10.784533 90735 1010
1292494432 1469541 59.880233 10.784533 104700 1011
1292494433 1470690 59.880233 10.784533 134694 1149
1292494434 1471700 59.880233 10.784533 106022 1010
1292494435 1472710 59.880233 10.784533 98247 1010
1292494436 1473720 59.880233 10.784533 65422 1010
1292494437 1474740 59.880232 10.784551 67616 1020
1292494438 1475750 59.880232 10.784551 83757 1010
1292494439 1476770 59.880239 10.784554 119947 1020
1292494440 1477781 59.880239 10.784554 96820 1011
1292494441 1479110 59.880239 10.784554 76425 1329
1292494442 1480119 59.880239 10.784554 67032 1009
1292494448 1486333 59.880239 10.784554 1509 6214
1292494450 1487740 59.880239 10.784554 1126 1406
1292494451 1488910 59.880235 10.784554 68139 1170
1292494452 1490100 59.880233 10.784572 145657 1190
1292494453 1491110 59.880233 10.784572 140790 1010
1292494454 1492120 59.880241 10.784575 139135 1010
1292494455 1493130 59.880241 10.784575 138289 1010
1292494456 1494131 59.880241 10.784575 138536 1001
1292494457 1495150 59.880232 10.784589 160505 1019
1292494458 1496160 59.880194 10.784597 188587 1010
1292494459 1497161 59.880159 10.784622 202473 1001
1292494460 1498379 59.880079 10.784651 173930 1218
1292494461 1499390 59.879931 10.784713 115838 1010
1292494462 1500530 59.879694 10.784801 186388 1140
1292494464 1501660 59.879444 10.784903 178176 1130
1292494465 1502710 59.87931 10.78495 160118 1050
1292494466 1503720 59.879166 10.785012 159496 1010
1292494467 1504800 59.879034 10.785077 142883 1080
1292494468 1505810 59.878886 10.785139 165331 1010
1292494469 1506940 59.878581 10.785259 154322 1130
1292494470 1507950 59.878581 10.785259 177395 1010
1292494471 1508960 59.878428 10.785335 97615 1010
1292494472 1509980 59.878271 10.785411 121563 1020
1292494473 1510990 59.877965 10.785549 116185 1010
1292494474 1512020 59.877812 10.785625 144830 1030
1292494475 1513180 59.877654 10.785701 195563 1160
1292494476 1514200 59.877506 10.785763 150448 1020
1292494477 1515201 59.877353 10.785839 106931 1001
1292494478 1516340 59.877205 10.785901 135664 1139
1292494479 1517350 59.877059 10.78598 113489 1010
1292494480 1518450 59.876911 10.786042 105257 1100
1292494481 1519460 59.876755 10.7861 82884 1010
1292494482 1520470 59.876611 10.786162 56651 1010
1292494483 1521500 59.876473 10.786245 77854 1030
1292494484 1522520 59.876325 10.786306 69181 1020
1292494486 1523539 59.876189 10.786372 52006 1019
1292494487 1524542 59.876049 10.786433 78372 1003
1292494488 1525550 59.875922 10.786484 94436 1008
1292494489 1526589 59.87579 10.786549 63297 1039
1292494490 1527613 59.87579 10.786549 47880 1023
1292494491 1528630 59.87568 10.786604 37098 1017
1292494492 1529639 59.875581 10.786661 42408 1009
1292494493 1530640 59.875484 10.786701 46457 1001
1292494494 1531649 59.875408 10.786731 77819 1009
1292494495 1532669 59.875339 10.786781 61168 1020
1292494496 1533689 59.875275 10.786813 105554 1020
1292494497 1534713 59.875228 10.786835 68305 1024
1292494498 1535719 59.875186 10.786857 46888 1006
1292494499 1536739 59.875156 10.786882 39773 1020
1292494500 1537759 59.875156 10.786882 54720 1020
1292494501 1538800 59.875134 10.786893 36311 1041
1292494502 1539829 59.875121 10.786907 38683 1029
1292494503 1540849 59.875125 10.786907 57456 1020
1292494504 1541860 59.875139 10.786893 62819 1011
1292494505 1542869 59.875143 10.786893 83608 1009
1292494506 1544090 59.875143 10.786893 74170 1221
1292494507 1545110 59.875156 10.786896 76371 1020
1292494508 1546169 59.87516 10.786896 53235 1059
1292494509 1547171 59.87516 10.786896 45144 1002
1292494510 1548179 59.875165 10.786896 59648 1008
1292494511 1549189 59.875172 10.786899 54491 1010
1292494512 1550329 59.875172 10.786899 80019 1140
1292494513 1551339 59.875172 10.786899 72504 1010
1292494514 1552349 59.875178 10.786882 57922 1010
1292494515 1553369 59.875178 10.786882 41254 1020
1292494517 1554550 59.875178 10.786882 88951 1181
1292494518 1555569 59.875178 10.786882 72504 1019
1292494519 1556590 59.875178 10.786882 53425 1021
1292494520 1557600 59.875178 10.786882 90288 1009
1292494521 1558619 59.875174 10.786882 78005 1019
1292494522 1559630 59.875172 10.786899 65939 1011
1292494523 1560639 59.875152 10.786893 51984 1009
1292494524 1561660 59.875152 10.786893 60192 1021
1292494525 1562669 59.875125 10.786921 34226 1009
1292494526 1563699 59.875078 10.786943 47880 1030
1292494527 1564709 59.875031 10.786964 33739 1010
1292494528 1565769 59.875031 10.786964 43776 1060
1292494529 1566809 59.874975 10.787 33858 1040
1292494530 1567849 59.874906 10.787051 35568 1040
1292494531 1568889 59.874906 10.787051 32832 1040
1292494532 1569959 59.874836 10.787101 14605 1070
1292494533 1570979 59.874745 10.787162 17784 1020
1292494534 1571989 59.874745 10.787162 20520 1010
1292494535 1573059 59.87465 10.787223 10944 1070
1292494536 1574119 59.87465 10.787223 17784 1060
1292494537 1575129 59.874538 10.787294 23588 1010
1292494538 1576139 59.874432 10.787387 31464 1010
1292494539 1577158 59.874314 10.787476 26297 1019
1292494540 1578159 59.874314 10.787476 38304 1001
1292494541 1579249 59.874184 10.787562 35164 1090
1292494542 1580309 59.874066 10.787652 24624 1060
1292494543 1581379 59.874066 10.787652 15048 1070
1292494544 1582418 59.873935 10.787755 23256 1039
1292494545 1583449 59.873935 10.787755 31464 1031
1292494546 1584479 59.873803 10.787859 43344 1030
1292494548 1585549 59.873684 10.787966 30532 1070
1292494549 1586599 59.873561 10.788069 34200 1050
1292494550 1587639 59.873442 10.788176 26883 1040
1292494551 1588649 59.873442 10.788176 58824 1010
1292494552 1589659 59.873322 10.788283 52836 1010
1292494553 1590669 59.873195 10.788387 68400 1010
1292494554 1591699 59.873067 10.788508 40672 1030
1292494555 1592719 59.87294 10.788611 56280 1020
1292494556 1593798 59.872807 10.788732 63702 1079
1292494557 1594939 59.872675 10.788836 65521 1141
1292494558 1596039 59.872535 10.788953 73634 1100
1292494559 1597040 59.872406 10.789075 84460 1001
1292494560 1598049 59.872278 10.789196 102583 1009
1292494561 1599059 59.872151 10.789299 106529 1010
1292494562 1600078 59.872022 10.78942 80735 1019
1292494563 1601089 59.871895 10.789524 89028 1010
1292494564 1602099 59.871768 10.789627 83381 1010
1292494565 1603259 59.871555 10.78983 73557 1160
1292494566 1604269 59.871458 10.789909 66927 1010
1292494567 1605280 59.87137 10.789987 111499 1011
1292494568 1606298 59.871295 10.790055 59189 1018
1292494569 1607308 59.871228 10.790122 59709 1010
1292494570 1608359 59.871168 10.790158 65548 1050
1292494571 1609418 59.871124 10.790197 58081 1059
1292494572 1610439 59.871089 10.790223 34200 1021
1292494573 1611488 59.871062 10.790251 27175 1049
1292494574 1612489 59.871062 10.790251 32832 1001
1292494575 1613519 59.871042 10.790244 25177 1030
1292494576 1614529 59.871041 10.790262 27360 1010
1292494578 1615608 59.871029 10.790258 18668 1079
1292494579 1616620 59.871029 10.790258 20520 1012
1292494580 1617629 59.87103 10.790241 103458 1009
1292494581 1618644 59.87103 10.790241 68532 1015
1292494582 1619759 59.87103 10.790241 66518 1115
1292494583 1620778 59.87103 10.790241 64811 1019
1292494584 1621789 59.871022 10.790238 63596 1011
1292494585 1622798 59.871024 10.79022 65766 1009
1292494586 1623809 59.871024 10.79022 71491 1011
1292494587 1624818 59.871024 10.79022 96991 1009
1292494588 1625819 59.871024 10.79022 101144 1001
1292494589 1626829 59.871024 10.79022 110391 1010
1292494590 1628118 59.871028 10.79022 126695 1289
1292494591 1629128 59.871028 10.79022 125092 1010
1292494592 1630129 59.871028 10.79022 123302 1001
1292494593 1631148 59.871028 10.79022 129649 1019
1292494594 1632149 59.871013 10.790252 114984 1001
1292494595 1633278 59.870992 10.790263 131638 1129
1292494596 1634288 59.870963 10.790309 86101 1010
1292494597 1635289 59.870924 10.790348 115290 1001
1292494598 1636298 59.870817 10.790458 83912 1009
1292494599 1637318 59.870738 10.790522 105931 1020
1292494600 1638508 59.870644 10.790618 95587 1190
1292494602 1639538 59.87054 10.790693 105469 1030
1292494603 1640689 59.87031 10.790855 94427 1151
1292494604 1641699 59.87031 10.790855 50616 1010
1292494605 1642709 59.870189 10.790941 34384 1010
1292494607 1645317 59.870065 10.791009 16384 2608
1292494608 1646338 59.869933 10.791074 98450 1021
1292494609 1647448 59.86981 10.791125 36770 1110
1292494610 1648498 59.86981 10.791125 50616 1049
1292494611 1649508 59.869686 10.791193 40653 1010
1292494613 1650545 59.869564 10.791244 44292 1037
1292494614 1651568 59.869441 10.791295 67032 1023
1292494615 1652578 59.869324 10.791367 38288 1010
1292494616 1653589 59.869215 10.791404 59926 1011
1292494617 1654709 59.869117 10.791461 104216 1119
1292494618 1656058 59.869015 10.791501 56590 1349
1292494619 1657078 59.868926 10.791545 39672 1020
1292494620 1658089 59.868835 10.791606 46802 1011
1292494621 1659108 59.868741 10.791649 82841 1019
1292494622 1660118 59.868652 10.791693 65326 1010
1292494623 1661128 59.868564 10.791718 80353 1010
1292494624 1662138 59.868475 10.791762 47700 1010
1292494625 1663148 59.868398 10.791809 52199 1010
1292494626 1664169 59.868322 10.791838 85069 1021
1292494627 1665213 59.868241 10.791867 58787 1044
1292494628 1666242 59.868164 10.791914 71523 1029
1292494629 1667268 59.868089 10.791943 43303 1026
1292494630 1668278 59.868011 10.79199 45144 1010
1292494631 1669298 59.867943 10.792022 31937 1020
1292494632 1670308 59.867943 10.792022 46512 1010
1292494633 1671331 59.867867 10.792051 29376 1023
1292494634 1672338 59.867792 10.792081 90608 1007
1292494635 1673358 59.867654 10.792163 107316 1020
1292494636 1674378 59.86759 10.792196 81215 1020
1292494637 1675388 59.867534 10.792232 74870 1010
1292494638 1676398 59.867487 10.792253 81139 1010
1292494639 1677408 59.867445 10.792275 99847 1010
1292494640 1678428 59.867419 10.792286 81545 1020
1292494641 1679439 59.867404 10.792279 78602 1011
1292494643 1680541 59.867403 10.792297 98724 1102
1292494644 1681548 59.867403 10.792297 133092 1007
1292494645 1682588 59.867404 10.792279 111177 1040
1292494646 1683608 59.867404 10.792279 124772 1020
1292494647 1684738 59.867404 10.792279 139721 1130
1292494648 1685757 59.867396 10.792276 140104 1019
1292494649 1686758 59.867396 10.792276 118928 1001
1292494650 1687768 59.867396 10.792276 124891 1010
1292494651 1688818 59.867396 10.792276 116516 1050
1292494652 1689828 59.867396 10.792276 149568 1010
1292494653 1690858 59.867389 10.792273 136316 1030
1292494654 1692238 59.86736 10.79228 204771 1380
1292494655 1693248 59.867334 10.792291 129661 1010
1292494656 1694249 59.867271 10.792323 163778 1001
1292494657 1695418 59.86719 10.792353 166454 1169
1292494658 1696448 59.867148 10.792374 115113 1030
1292494659 1697458 59.867045 10.792432 157351 1010
1292494661 1698658 59.86694 10.792469 156117 1200
1292494662 1699668 59.866892 10.792508 152182 1009
1292494663 1700678 59.866795 10.792548 156967 1010
1292494664 1701681 59.866697 10.792606 119176 1003
1292494665 1702688 59.866648 10.792645 149351 1007
1292494666 1703769 59.866566 10.792691 153749 1081
1292494667 1704777 59.866489 10.792738 117487 1008
1292494668 1705778 59.866447 10.79276 170722 1001
1292494669 1706898 59.866412 10.792785 170042 1120
1292494670 1707908 59.866376 10.792828 169640 1009
1292494671 1708918 59.866306 10.792878 136893 1010
1292494672 1709968 59.866271 10.792903 113834 1050
1292494673 1710988 59.866237 10.792928 170277 1020
1292494674 1711989 59.866159 10.792974 138180 1001
1292494675 1712998 59.86612 10.792999 138908 1009
1292494676 1714008 59.866034 10.79306 156671 1010
1292494677 1715018 59.865987 10.793082 103683 1010
1292494678 1716027 59.865929 10.793135 90472 1009
1292494679 1717057 59.865796 10.793218 86613 1030
1292494680 1718058 59.865796 10.793218 123212 1001
1292494681 1719068 59.865619 10.79334 92290 1010
1292494682 1720077 59.865619 10.79334 106690 1009
1292494683 1721098 59.865524 10.793401 92004 1021
1292494684 1722211 59.865319 10.793551 121641 1113
1292494685 1723227 59.865214 10.793644 141302 1016
1292494686 1724238 59.865115 10.79374 92764 1011
1292494687 1725258 59.865014 10.793832 66533 1020
1292494688 1726267 59.864927 10.793949 94656 1009
1292494689 1727437 59.864831 10.794063 68570 1170
1292494690 1728438 59.864742 10.794197 79161 1001
1292494692 1729587 59.864661 10.794335 113761 1149
1292494693 1730598 59.864587 10.794476 130611 1011
1292494694 1731607 59.864517 10.794635 131722 1009
1292494695 1732608 59.864452 10.794814 165584 1001
1292494696 1733628 59.864381 10.794973 150003 1020
1292494697 1734629 59.864309 10.795149 120445 1001
1292494698 1735637 59.864239 10.795307 118840 1008
1292494699 1736667 59.864174 10.795487 119968 1030
1292494700 1737681 59.864113 10.795684 48850 1013
1292494701 1738687 59.86405 10.795846 37775 1006
1292494702 1739817 59.863986 10.796008 67574 1130
1292494703 1740837 59.863986 10.796008 62928 1020
1292494713 1750955 59.863911 10.796166 8080 10118
1292494714 1752167 59.863841 10.796325 16150 1212
1292494715 1753247 59.863841 10.796325 32832 1080
1292494718 1755697 59.863771 10.796466 25196 2450
1292494719 1757057 59.863702 10.796607 50520 1360
1292494720 1758178 59.863625 10.796745 34161 1121
1292494722 1760047 59.86355 10.796865 63638 1869
1292494723 1761057 59.86355 10.796865 61560 1010
1292494737 1774782 59.863462 10.796982 15365 13725
1292494738 1775792 59.863369 10.797078 142405 1010
1292494739 1776802 59.863198 10.797259 98174 1010
1292494740 1777952 59.863106 10.797337 121496 1150
1292494741 1778964 59.863021 10.797419 123411 1012
1292494742 1780172 59.862844 10.797579 143425 1208
1292494743 1781232 59.862752 10.797658 141943 1060
1292494744 1782242 59.862584 10.797804 120671 1010
1292494745 1783332 59.862504 10.797886 141398 1090
1292494746 1784333 59.862428 10.797953 84059 1001
1292494747 1785342 59.862359 10.798003 139366 1009
1292494748 1786458 59.862239 10.79811 115958 1116
1292494749 1787462 59.862182 10.798163 159974 1004
1292494751 1788612 59.862139 10.798185 159928 1150
1292494752 1789622 59.862091 10.798224 172717 1010
1292494753 1790632 59.862049 10.798246 107743 1010
1292494754 1791762 59.862027 10.798257 105110 1130
1292494755 1792772 59.862015 10.798254 128021 1010
1292494756 1793792 59.862006 10.798268 86878 1020
1292494757 1794822 59.861994 10.798264 129993 1030
1292494758 1795831 59.861985 10.798279 87269 1009
1292494759 1796842 59.861959 10.798289 144371 1011
1292494760 1797851 59.861882 10.798336 111767 1009
1292494761 1799012 59.86184 10.798358 113783 1161
1292494762 1800052 59.861767 10.79839 133994 1040
1292494763 1801182 59.861732 10.798415 131349 1129
1292494764 1802242 59.86169 10.798437 142537 1060
1292494765 1803262 59.86169 10.798437 131373 1020
1292494766 1804272 59.861696 10.79842 151356 1010
1292494767 1805282 59.861696 10.79842 140857 1010
1292494768 1806292 59.861688 10.798416 144234 1010
1292494769 1807312 59.861688 10.798416 150004 1020
1292494770 1808322 59.861694 10.798399 158211 1010
1292494771 1809452 59.861694 10.798399 124742 1130
1292494772 1810462 59.861694 10.798399 149565 1010
1292494773 1811463 59.861691 10.798395 186089 1001
1292494774 1812464 59.861691 10.798395 147043 1001
1292494776 1813632 59.861691 10.798395 141641 1168
1292494777 1814633 59.861683 10.798392 148835 1001
1292494778 1815802 59.861655 10.798438 105816 1169
1292494779 1816951 59.861587 10.79847 141049 1149
1292494780 1817952 59.861552 10.798495 129213 1001
1292494781 1818961 59.861449 10.798553 105401 1009
1292494782 1820052 59.861399 10.798571 129961 1091
1292494783 1821062 59.861291 10.798629 144595 1010
1292494784 1822152 59.861243 10.798668 150826 1090
1292494785 1823262 59.861142 10.798708 142519 1110
1292494786 1824412 59.861086 10.798744 138383 1150
1292494788 1825551 59.860989 10.798784 143724 1139
1292494789 1826553 59.860929 10.798802 187980 1002
1292494790 1827562 59.860887 10.798824 167827 1009
1292494791 1828572 59.860772 10.798878 145732 1010
1292494792 1829581 59.860717 10.798897 110651 1009
1292494793 1830591 59.860661 10.798933 129351 1010
1292494794 1831742 59.860551 10.798987 87138 1151
1292494795 1832762 59.860483 10.799019 113650 1020
1292494796 1833771 59.860416 10.799034 118960 1009
1292494797 1834782 59.860336 10.799063 98779 1011
1292494798 1835963 59.860254 10.79911 97249 1181
1292494799 1837112 59.860036 10.799222 112996 1149
1292494800 1838342 59.859913 10.799273 147026 1230
1292494801 1839422 59.859654 10.799389 160060 1080
1292494802 1840431 59.85951 10.79945 198701 1009
1292494803 1841511 59.859242 10.799581 76132 1080
1292494807 1844801 59.859108 10.799628 120010 3290
1292494808 1845851 59.858971 10.799693 36936 1050
1292494809 1846871 59.858971 10.799693 27996 1020
1292494810 1847891 59.858835 10.799758 65423 1020
1292494811 1848971 59.858576 10.799874 59878 1080
1292494812 1849991 59.858453 10.799925 68883 1020
1292494813 1851001 59.858326 10.799976 77332 1010
1292494814 1852012 59.858211 10.80003 81589 1011
1292494815 1853022 59.858087 10.800098 79475 1010
1292494816 1854031 59.857961 10.800132 73223 1009
1292494817 1855041 59.857828 10.800162 51477 1010
1292494818 1856042 59.857699 10.800139 47791 1001
1292494819 1857061 59.857561 10.800169 55753 1019
1292494820 1858081 59.857429 10.800182 62324 1020
1292494821 1859122 59.857294 10.800138 63675 1041
1292494822 1860142 59.857157 10.800112 72138 1020
1292494823 1861151 59.857014 10.800065 69685 1009
1292494824 1862211 59.856885 10.800043 64322 1060
1292494825 1863221 59.856885 10.800043 65522 1010
1292494826 1864291 59.856629 10.799942 63398 1070
1292494827 1865361 59.856506 10.799901 125752 1069
1292494828 1866362 59.85626 10.799821 150945 1001
1292494829 1867392 59.856143 10.799802 132941 1030
1292494831 1868591 59.855915 10.79976 162719 1198
1292494832 1869602 59.855787 10.79972 191474 1011
1292494833 1870612 59.855665 10.799771 134559 1010
1292494834 1871811 59.855428 10.79982 195542 1199
1292494835 1872812 59.855314 10.799857 122060 1001
1292494836 1873813 59.855112 10.799937 115729 1001
1292494837 1874822 59.855024 10.799963 106646 1009
1292494838 1875842 59.854877 10.800007 140051 1020
1292494839 1876851 59.854798 10.800018 149915 1009
1292494840 1877852 59.854724 10.80003 122274 1001
1292494841 1878981 59.854581 10.800074 149193 1129
1292494842 1880061 59.854514 10.800089 92031 1080
1292494843 1881071 59.854452 10.800104 90132 1010
1292494844 1882082 59.854376 10.800133 120482 1011
1292494845 1883221 59.85431 10.800148 71150 1139
1292494846 1884231 59.854245 10.800146 71084 1010
1292494847 1885331 59.854178 10.800161 82027 1100
1292494848 1886341 59.854111 10.800176 110382 1010
1292494849 1887342 59.853984 10.800188 78645 1001
1292494850 1888491 59.853919 10.800186 116966 1149
1292494852 1889681 59.853811 10.800205 119176 1190
1292494853 1890821 59.853759 10.800188 116861 1140
1292494854 1891831 59.853714 10.800192 106158 1010
1292494855 1892881 59.853641 10.800186 58351 1049
1292494856 1893882 59.853621 10.80018 120880 1001
1292494857 1894892 59.853594 10.80017 83142 1010
1292494858 1895901 59.853582 10.800166 123444 1009
1292494859 1896911 59.853562 10.80016 87937 1010
1292494860 1897922 59.853554 10.800156 137813 1011
1292494861 1898931 59.853536 10.800132 101022 1009
1292494862 1899951 59.853519 10.800143 125806 1020
1292494863 1901081 59.853507 10.80014 136723 1130
1292494864 1902082 59.853507 10.80014 146820 1001
1292494865 1903281 59.853477 10.800112 125165 1199
1292494866 1904301 59.853465 10.800109 114133 1020
1292494867 1905431 59.853451 10.800123 131252 1130
1292494869 1906581 59.853439 10.80012 130462 1150
1292494870 1907811 59.853419 10.800113 132583 1230
1292494871 1908931 59.853393 10.800124 113238 1120
1292494872 1909941 59.853393 10.800124 128221 1010
1292494873 1910951 59.853372 10.800135 92388 1010
1292494874 1912391 59.853359 10.800149 88764 1440
1292494875 1913411 59.853337 10.80016 73658 1020
1292494876 1914421 59.853322 10.800191 91224 1010
1292494877 1915431 59.853312 10.800209 110558 1010
1292494878 1916441 59.853312 10.800209 34597 1010
1292494879 1917451 59.853303 10.800223 68484 1010
1292494880 1918521 59.853271 10.800251 87866 1070
1292494882 1919750 59.853265 10.800269 111210 1229
1292494883 1920762 59.853256 10.800283 108625 1011
1292494884 1921981 59.853244 10.800318 124998 1219
1292494885 1922991 59.853244 10.800318 130555 1009
1292494886 1924002 59.853228 10.800367 113600 1011
1292494887 1925011 59.853229 10.800402 106249 1009
1292494888 1925722 59.853229 10.800402 98804 711
