1297434648 132092 59.604052 10.749474 139689 1001
1297434649 133111 59.604047 10.74946 159170 1019
1297434650 134121 59.604052 10.749446 168264 1010
1297434651 135441 59.604045 10.749411 133496 1320
1297434652 136451 59.604041 10.749411 190862 1010
1297434653 137452 59.604038 10.749394 170495 1001
1297434654 138453 59.604045 10.749397 163241 1001
1297434655 139462 59.604042 10.74938 258414 1009
1297434656 140591 59.604042 10.74938 292519 1128
1297434657 141592 59.604042 10.74938 305344 1001
1297434658 142593 59.604047 10.74938 297861 1001
1297434660 143761 59.604051 10.74938 345063 1168
1297434661 144763 59.604056 10.74938 305336 1001
1297434662 145772 59.604054 10.749397 265671 1009
1297434663 146774 59.604059 10.749397 284670 1002
1297434664 147922 59.604059 10.749397 280422 1148
1297434665 148931 59.6040575 10.7493955 307800 1009
1297434666 149972 59.604056 10.749394 215177 1041
1297434667 150973 59.604056 10.749394 348751 1001
1297434668 152032 59.60404675 10.749395 291566 1059
1297434669 153033 59.6040375 10.749396 374890 1001
1297434670 154042 59.60402825 10.749397 309600 1009
1297434671 155164 59.604019 10.749398 377130 1122
1297434672 156253 59.60400875 10.7494255 291353 1089
1297434673 157254 59.6039985 10.749453 278127 1001
1297434674 158262 59.60398825 10.7494805 269540 1008
1297434675 159271 59.603978 10.749508 269860 1009
1297434676 160382 59.60396775 10.7495355 309085 1111
1297434677 161393 59.6039575 10.749563 467308 1011
1297434678 162394 59.60394725 10.7495905 360980 1001
1297434679 163626 59.603937 10.749618 348002 1232
1297434680 164682 59.603941 10.749618 529125 1055
1297434681 165683 59.603954 10.749622 421761 1001
1297434682 166692 59.603967 10.749608 443655 1009
1297434683 167693 59.603973 10.74959 466303 1001
1297434684 168702 59.6039757692308 10.7495761538462 460776 1009
1297434685 169703 59.6039785384615 10.7495623076923 371267 1001
1297434686 170705 59.6039813076923 10.7495484615385 343709 1002
1297434687 171712 59.6039840769231 10.7495346153846 307895 1007
1297434688 172713 59.6039868461538 10.7495207692308 332138 1001
1297434689 173714 59.6039896153846 10.7495069230769 418722 1001
1297434690 174723 59.6039923846154 10.7494930769231 390847 1009
1297434691 175724 59.6039951538462 10.7494792307692 352510 1001
1297434692 176732 59.6039979230769 10.7494653846154 340048 1008
1297434693 177734 59.6040006923077 10.7494515384615 331112 1002
1297434694 178742 59.6040034615385 10.7494376923077 397565 1008
1297434696 179792 59.604009 10.74941 327876 1050
1297434697 180793 59.604009 10.74941 409032 1001
1297434698 181912 59.60404 10.749329 386818 1119
1297434699 182913 59.604061 10.749319 473879 1001
1297434700 183924 59.604061 10.749319 497948 1007
1297434701 184925 59.6040826 10.7492894 413050 1001
1297434702 185933 59.6041042 10.7492598 343675 1008
1297434703 186943 59.6041258 10.7492302 389203 1009
1297434704 187944 59.6041474 10.7492006 422172 1001
1297434705 188963 59.604169 10.749171 390358 1016
1297434706 189964 59.604169 10.749171 397104 1001
1297434707 190965 59.6042 10.749181 399927 1001
1297434708 191973 59.60419 10.749212 329292 1008
1297434709 192993 59.60419 10.749212 269296 1020
1297434710 194004 59.604161 10.749258 326479 1002
1297434711 195093 59.60416 10.749275 501526 1089
1297434712 196094 59.60416 10.749275 486083 1001
1297434713 197113 59.604149 10.749293 480953 1019
1297434714 198123 59.604148 10.74931 428250 1010
1297434715 199134 59.604148 10.74931 289895 1001
1297434716 200143 59.604137 10.749328 253940 1009
1297434717 201253 59.604137 10.749328 282424 1110
1297434718 202273 59.604137 10.749328 262656 1020
1297434719 203284 59.604144 10.749348 223538 1011
1297434720 204303 59.604154 10.749369 316008 1018
1297434721 205323 59.604162 10.749372 248181 1020
1297434722 206324 59.604174 10.749376 401006 1001
1297434723 207334 59.604174 10.749376 453059 1010
1297434724 208483 59.604174 10.749376 506136 1149
1297434725 209484 59.604174 10.749376 492536 1001
1297434726 210494 59.604174 10.749376 429846 1010
1297434727 211503 59.604174 10.749376 346500 1009
1297434728 212515 59.604163 10.749355 314035 1012
1297434729 213534 59.6041656666667 10.749356 375598 1019
1297434730 214535 59.6041683333333 10.749357 398384 1001
1297434731 215553 59.604171 10.749358 390660 1018
1297434732 216554 59.604169 10.749376 397874 1001
1297434733 217555 59.604168 10.749393 406167 1001
1297434734 218723 59.604167 10.74941 420830 1168
1297434735 219724 59.604167 10.74941 307800 1001
1297434736 220733 59.604165 10.749428 246240 1009
1297434737 221734 59.6041533333333 10.7494363333333 115516 1001
1297434738 222744 59.6041416666667 10.7494446666667 217512 1010
1297434739 223745 59.60413 10.749453 235641 1001
1297434740 224754 59.604123 10.749449 221051 1009
1297434742 225768 59.604123 10.749449 358886 1013
1297434743 226774 59.604123 10.749449 473289 1006
1297434744 227824 59.604123 10.749449 522483 1050
1297434745 228875 59.604123 10.749449 491443 1051
1297434746 229924 59.604136 10.749435 452992 1049
1297434747 230934 59.604149 10.749439 378079 1010
1297434748 231935 59.604149 10.749439 310390 1001
1297434749 232936 59.604159 10.749421 265760 1001
1297434750 233954 59.604173 10.749407 389880 1018
1297434751 235014 59.604173 10.749407 315692 1060
1297434752 236015 59.604188 10.74939 375631 1001
1297434753 237016 59.604192 10.74939 458871 1001
1297434754 238024 59.604192 10.74939 531783 1008
1297434755 239025 59.60421 10.74939 549815 1001
1297434756 240036 59.604229 10.749376 507528 1001
1297434758 242127 59.604251 10.749376 364813 2091
1297434759 243145 59.604268 10.749379 986328 1018
1297434760 244154 59.604268 10.749379 382329 1009
1297434761 245164 59.604294 10.749382 523944 1002
1297434762 246165 59.604291 10.749379 455153 1001
1297434763 247175 59.604283 10.749376 517281 1010
1297434764 248269 59.604275 10.749372 491112 1094
1297434765 249275 59.604268 10.749369 556726 1006
1297434766 250454 59.604272 10.749369 525513 1178
1297434767 251455 59.604265 10.749366 645696 1001
1297434768 252485 59.604256 10.74938 460406 1029
1297434769 253534 59.60426 10.74938 420121 1049
1297434771 254806 59.604263 10.749397 16416 1272
1297434772 255855 59.604263 10.749397 811870 1049
1297434773 256865 59.604262 10.749376 495216 1010
1297434774 257866 59.604263 10.749359 391953 1001
1297434775 258867 59.604263 10.749359 429552 1001
1297434776 260084 59.604249 10.749335 336829 1217
1297434777 261085 59.604242 10.749332 355680 1001
1297434778 262105 59.604242 10.749332 411768 1020
1297434779 263107 59.604223 10.7493165 316332 1002
1297434780 264174 59.604204 10.749301 415881 1067
1297434781 265175 59.604175 10.749309 493848 1001
1297434782 266256 59.604158 10.749305 486331 1001
1297434783 267275 59.604149 10.749305 467856 1019
1297434784 268285 59.60414 10.749305 390927 1010
1297434785 269295 59.604131 10.749305 422712 1010
1297434786 270405 59.60413 10.749309 398175 1110
1297434787 271407 59.604129 10.749295 533520 1001
1297434789 273257 59.604114 10.749298 380894 1850
1297434790 274265 59.604114 10.749284 817182 1008
1297434791 275275 59.604113 10.749287 299592 1010
1297434792 276305 59.604114 10.749308 404928 1019
1297434793 277315 59.604105 10.749308 314506 1010
1297434794 278317 59.604113 10.749311 392616 1002
1297434795 279325 59.604116 10.749314 359240 1008
1297434796 280335 59.604124 10.749318 456912 1010
1297434797 281366 59.604133 10.749304 381402 1019
1297434798 282476 59.604146 10.749289 448015 1110
1297434799 283485 59.604154 10.749293 487008 1008
1297434800 284595 59.60416 10.749275 465759 1110
1297434801 285605 59.604158 10.749255 392616 1010
1297434802 286615 59.6041505 10.7492515 250344 1010
1297434803 287655 59.604143 10.749248 283264 1040
1297434805 288789 59.604149 10.749269 16384 1134
1297434806 289795 59.604177 10.749331 892945 1006
1297434807 290796 59.604194 10.749372 415872 1001
1297434808 291835 59.604194 10.749372 359275 1039
1297434810 293806 59.604244 10.749482 15048 1971
1297434811 294865 59.604244 10.749482 709959 1059
1297434812 295875 59.604275 10.749548 281808 1010
1297434813 296886 59.604287 10.749589 190206 1001
1297434814 297895 59.604287 10.749589 250880 1009
1297434815 298896 59.604309 10.749669 234574 1001
1297434816 299906 59.604319 10.749689 218514 1010
1297434817 300915 59.604319 10.749689 251712 1009
1297434818 301925 59.604337 10.749769 198028 1010
1297434819 302926 59.60435 10.749793 326952 1001
1297434820 303936 59.60435 10.749793 213408 1010
1297434821 304946 59.604373 10.749855 167963 1009
1297434822 305956 59.604392 10.749879 195624 1010
1297434823 306965 59.604392 10.749879 165528 1002
1297434824 307966 59.6043990526316 10.7498894736842 181993 1001
1297434825 308967 59.6044061052632 10.7498999473684 314640 1001
1297434826 309968 59.6044131578947 10.7499104210526 322986 1001
1297434827 310987 59.6044202105263 10.7499208947368 351865 1019
1297434828 312005 59.6044272631579 10.7499313684211 378936 1009
1297434829 313006 59.6044343157895 10.7499418421053 325970 1001
1297434830 314007 59.604441368421 10.7499523157895 318744 1001
1297434831 315016 59.6044484210526 10.7499627894737 255219 1009
1297434832 316036 59.6044554736842 10.7499732631579 248976 1019
1297434833 317046 59.6044625263158 10.7499837368421 174518 1010
1297434834 318086 59.6044695789474 10.7499942105263 65664 1040
1297434835 319096 59.6044766315789 10.7500046842105 69768 1010
1297434836 320108 59.6044836842105 10.7500151578947 76608 1012
1297434837 321257 59.6044907368421 10.7500256315789 139329 1149
1297434838 322276 59.6044977894737 10.7500361052632 179208 1009
1297434839 323356 59.6045048421053 10.7500465789474 153862 1080
1297434840 324366 59.6045118947368 10.7500570526316 191520 1010
1297434841 325367 59.6045189473684 10.7500675263158 172449 1001
1297434842 326376 59.604526 10.750078 255816 1009
1297434843 327377 59.604499 10.750106 236904 1001
1297434844 328426 59.604479 10.750137 248989 1049
1297434845 329427 59.60446 10.750131 329688 1001
1297434846 330436 59.604453 10.75011 240023 1008
1297434847 331495 59.604446 10.750107 228300 1059
1297434848 332626 59.604447 10.750089 222116 1129
1297434849 333647 59.604441 10.750069 224352 1021
1297434858 342659 59.604424 10.750017 69768 9012
1297434859 343699 59.604424 10.750017 31259 1039
1297434860 344710 59.60442 10.750031 76608 1011
1297434861 345729 59.60442 10.750031 92241 1019
1297434862 346731 59.604415 10.750031 129609 1002
1297434863 347740 59.604418 10.750035 186632 1009
1297434865 348775 59.604418 10.750035 240220 1014
1297434866 349780 59.604427 10.750059 271767 1005
1297434867 350910 59.60444 10.7501 301661 1130
1297434868 352040 59.60444 10.7501 289101 1130
1297434869 353041 59.604466 10.750166 257403 1001
1297434870 354140 59.604481 10.750224 261355 1099
1297434871 355141 59.604481 10.750224 275765 1001
1297434872 356142 59.604536 10.750334 338420 1001
1297434873 357150 59.604558 10.750414 259249 1008
1297434874 358170 59.604558 10.750414 258659 1020
1297434875 359171 59.604627 10.750562 300960 1001
1297434876 360190 59.604668 10.750648 248054 1010
1297434877 361192 59.604722 10.750738 299592 1002
1297434878 362200 59.604771 10.750827 189027 1007
1297434879 363210 59.60482 10.750917 228456 1010
1297434880 364220 59.60487 10.751041 147105 1010
1297434881 365230 59.604933 10.751168 183312 1002
1297434882 366240 59.604997 10.751317 149969 1010
1297434883 367250 59.605066 10.751465 162792 1010
1297434884 368251 59.605141 10.751634 139820 1001
1297434885 369260 59.605219 10.75182 88920 1009
1297434886 370270 59.605305 10.75201 194813 1010
1297434887 371281 59.605391 10.752199 220939 1011
1297434888 372290 59.605489 10.752392 187951 1009
1297434889 373300 59.60559 10.752603 150360 1010
1297434890 374311 59.605694 10.752816 149112 1011
1297434891 375320 59.605804 10.753012 148385 1009
1297434892 376440 59.6059 10.753223 151109 1120
1297434893 377441 59.606008 10.753454 202464 1001
1297434894 378450 59.606118 10.753688 171973 1009
1297434895 379461 59.606236 10.75394 171076 1011
1297434896 380470 59.606355 10.754174 192435 1009
1297434897 381471 59.606481 10.754429 184963 1001
1297434898 382480 59.606598 10.754681 200514 1009
1297434899 383550 59.606727 10.754954 219036 1070
1297434900 384561 59.606853 10.755209 201128 1009
1297434901 385564 59.606981 10.755481 203757 1001
1297434902 386565 59.607113 10.755757 190267 1001
1297434904 387841 59.607244 10.756033 190033 1276
1297434905 388851 59.607512 10.756584 146376 1010
1297434906 389861 59.60765 10.756881 82080 1010
1297434907 390871 59.60765 10.756881 91968 1010
1297434908 391891 59.607923 10.757509 140904 1020
1297434909 392941 59.608055 10.757822 77976 1050
1297434910 394040 59.608055 10.757822 16416 1099
1297434911 395041 59.608329 10.758433 36936 1001
1297434912 396071 59.608465 10.758747 95791 1030
1297434913 397081 59.608465 10.758747 132696 1010
1297434914 398091 59.608761 10.759385 122180 1010
1297434915 399101 59.608923 10.759726 133473 1010
1297434916 400251 59.609077 10.760064 147193 1150
1297434917 401261 59.609241 10.760388 103968 1010
1297434918 402271 59.609393 10.760708 64472 1010
1297434919 403281 59.60955 10.761011 106704 1010
1297434920 404291 59.609706 10.761332 105336 1010
1297434921 405301 59.609859 10.761635 100583 1010
1297434922 406311 59.610018 10.761921 93024 1010
1297434923 407321 59.610177 10.762206 97128 1010
1297434924 408341 59.610336 10.762492 85541 1020
1297434925 409342 59.6104958333333 10.7627841666667 84816 1001
1297434926 410351 59.6106556666667 10.7630763333333 84816 1009
1297434927 411353 59.6108155 10.7633685 55259 1002
1297434928 412361 59.6109753333333 10.7636606666667 113544 1008
1297434929 413431 59.6111351666667 10.7639528333333 120694 1070
1297434930 414441 59.611295 10.764245 149112 1009
1297434931 415442 59.611465 10.76459 158769 1001
1297434932 416451 59.611644 10.764972 191520 1009
1297434933 417454 59.611825 10.765338 208479 1003
1297434934 418461 59.612004 10.76572 206997 1007
1297434935 419462 59.612196 10.766089 223543 1001
1297434936 420473 59.612389 10.766458 268529 1011
1297434937 421481 59.612582 10.766826 210774 1008
1297434938 422542 59.612776 10.767177 133141 1061
1297434939 423562 59.612976 10.767549 150480 1020
1297434940 424592 59.61317 10.767901 170999 1030
1297434941 425593 59.613372 10.768255 336026 1001
1297434942 426652 59.613578 10.76861 257982 1059
1297434943 427653 59.613786 10.768947 220248 1001
1297434945 428772 59.614205 10.769586 200298 1119
1297434946 429782 59.614205 10.769586 191520 1010
1297434947 430792 59.614632 10.770212 110808 1010
1297434948 432057 59.614864 10.770504 16384 1251
1297434949 433072 59.614864 10.770504 168524 1015
1297434950 434113 59.615321 10.771066 73872 1041
1297434951 435122 59.615559 10.77134 80712 1007
1297434952 436136 59.615559 10.77134 52607 1014
1297434953 437142 59.616032 10.771871 69768 1005
1297434954 438162 59.616265 10.772145 61560 1020
1297434955 439192 59.616512 10.772406 50616 1030
1297435113 597699 59.65894 10.797201 41367 158507
1297435114 598709 59.659217 10.797072 162792 1009
1297435116 599798 59.65975 10.796785 247573 1089
1297435117 600808 59.65975 10.796785 242735 1010
1297435118 601999 59.660255 10.796528 219792 1191
1297435119 603189 59.660491 10.796402 182115 1190
1297435120 604349 59.660717 10.796309 230555 1160
1297435121 605379 59.660935 10.796212 199269 1030
1297435122 606459 59.661138 10.796094 201550 1080
1297435123 607461 59.661339 10.795993 274456 1001
1297435124 608489 59.661541 10.795893 204417 1028
1297435125 609509 59.661716 10.795804 240768 1020
1297435126 610522 59.661892 10.795714 122543 1013
1297435127 611529 59.662063 10.795624 190248 1007
1297435128 612539 59.662214 10.795528 217265 1004
1297435129 613549 59.662364 10.795449 194559 1010
1297435130 614629 59.662509 10.795371 192651 1080
1297435131 615640 59.662638 10.795303 256241 1011
1297435132 616649 59.662762 10.795235 386140 1009
1297435133 617660 59.662873 10.795181 317117 1001
1297435134 618669 59.662983 10.795127 316608 1009
1297435135 619679 59.663091 10.79507 276647 1010
1297435136 620680 59.6631985 10.7950055 370271 1001
1297435137 621681 59.663306 10.794941 293393 1001
1297435138 622689 59.663424 10.79489 262303 1008
1297435139 623809 59.6635455 10.79483 217115 1120
1297435140 624810 59.663667 10.79477 238052 1001
1297435142 625989 59.66391 10.79465 292805 1179
1297435143 627000 59.664028 10.7945805 295703 1011
1297435144 628189 59.664146 10.794511 253724 1189
1297435145 629199 59.66426 10.794422 241948 1010
1297435146 630200 59.664366 10.79433 292752 1001
1297435147 631220 59.664382 10.794281 320856 1009
1297435148 632229 59.664393 10.794249 312225 1009
1297435149 633230 59.664408 10.794218 214442 1001
1297435150 634231 59.664409 10.7942 307204 1001
1297435151 635380 59.664411 10.794183 295687 1149
1297435152 636569 59.664404 10.794162 323753 1178
1297435153 637660 59.664404 10.794162 338820 1091
1297435155 638820 59.664374 10.794187 358876 1160
1297435156 639830 59.664374 10.794187 339264 1010
1297435157 640831 59.664339 10.794212 260172 1001
1297435158 641850 59.664315 10.794205 399456 1007
1297435159 642860 59.664315 10.794205 318511 1010
1297435160 643950 59.66428 10.79423 269141 1090
1297435161 645090 59.664267 10.794244 333139 1140
1297435162 646210 59.664245 10.794255 342989 1120
1297435163 647220 59.664233 10.794252 326952 1010
1297435164 648221 59.66422 10.794266 276931 1001
1297435165 649222 59.664208 10.794262 304547 1001
1297435166 650230 59.664195 10.794259 272865 1008
1297435167 651231 59.664183 10.794256 363342 1001
1297435168 652232 59.664177 10.794273 363337 1001
1297435169 653241 59.664165 10.79427 401060 1009
1297435170 654251 59.664159 10.794287 367025 1010
1297435171 655270 59.664155 10.794287 291141 1009
1297435172 656290 59.664142 10.794284 279980 1020
1297435173 657291 59.664138 10.794284 334208 1001
1297435174 658380 59.664136 10.794301 354367 1089
1297435175 659381 59.664132 10.794301 358416 1001
1297435176 660401 59.664127 10.794301 236958 1020
1297435177 661410 59.664127 10.794301 259436 1009
1297435178 662481 59.664123 10.794301 301284 1071
1297435179 663482 59.664123 10.794301 354817 1001
1297435180 664491 59.664118 10.794301 348840 1009
1297435181 665492 59.664118 10.794301 289899 1001
1297435182 666511 59.664118 10.794301 324320 1019
1297435183 667521 59.664112 10.794281 327011 1010
1297435184 668531 59.664112 10.794281 338657 1010
1297435185 669533 59.664117 10.794281 387554 1002
1297435186 670650 59.664109 10.794277 345685 1117
1297435187 671661 59.664109 10.794277 408901 1011
1297435188 672671 59.664103 10.794257 407427 1010
1297435189 673681 59.664103 10.794257 389880 1010
1297435191 675563 59.6641 10.794253 177354 1882
1297435192 676571 59.6641 10.794253 770566 1008
1297435193 677573 59.664091 10.794267 262656 1002
1297435194 678581 59.664094 10.794285 284969 1008
1297435195 679582 59.664094 10.794285 298507 1001
1297435196 680591 59.664097 10.794302 304734 1009
1297435197 681611 59.664089 10.794299 343434 1020
1297435198 682621 59.664089 10.794299 384036 1010
1297435199 683622 59.664089 10.794299 335632 1001
1297435200 684623 59.664089 10.794299 331899 1001
1297435201 685641 59.664089 10.794299 288710 1010
1297435202 686651 59.664089 10.794299 343634 1010
1297435204 687761 59.664089 10.794299 412352 1110
1297435205 688762 59.664089 10.794299 399698 1001
1297435206 689781 59.664089 10.794299 280138 1018
1297435207 690792 59.664089 10.794299 228196 1001
1297435208 691793 59.664091 10.794282 262413 1001
1297435209 692801 59.664091 10.794282 378094 1008
1297435217 700868 59.664123 10.794316 284157 8067
1297435218 701869 59.664132 10.794301 199728 1001
1297435219 702879 59.664132 10.794301 225442 1010
1297435220 703890 59.664159 10.794273 327122 1011
1297435221 704900 59.664186 10.794245 307955 1009
1297435222 705902 59.664186 10.794245 368191 1002
1297435223 707009 59.664265 10.794195 457418 1107
1297435224 708230 59.664312 10.794174 542960 1221
1297435225 709237 59.664372 10.794138 524963 1007
1297435226 710240 59.664432 10.79412 532035 1003
1297435227 711241 59.664512 10.794091 517545 1001
1297435228 712339 59.664592 10.794062 487162 1098
1297435229 713340 59.664672 10.794033 479646 1001
1297435230 714349 59.664768 10.79401 409869 1009
1297435231 715350 59.664865 10.793971 526383 1001
1297435232 716351 59.664957 10.793893 440026 1001
1297435233 717399 59.665057 10.793818 448029 1048
1297435234 718400 59.66517 10.793729 438772 1001
1297435235 719401 59.665287 10.793644 658008 1001
1297435236 720410 59.665403 10.793558 566375 1009
1297435238 722391 59.665646 10.793426 470448 1981
1297435239 723419 59.665775 10.793382 1059137 1028
1297435240 724430 59.665908 10.793338 433656 1011
1297435241 725440 59.666046 10.793294 521208 1010
1297435242 726441 59.66619 10.79327 571824 1001
1297435243 727460 59.666346 10.793251 354362 1019
1297435244 728469 59.666504 10.793251 367992 1009
1297435245 729569 59.666662 10.793266 322797 1100
1297435246 730579 59.666824 10.793267 407664 1009
1297435248 731780 59.667158 10.793307 470089 1201
1297435249 732799 59.667158 10.793307 385776 1001
1297435250 733800 59.667504 10.793351 277704 1001
1297435253 736809 59.668027 10.793471 160322 3009
1297435254 737961 59.668197 10.793527 705513 1152
1297435255 738980 59.668197 10.793527 232560 1019
1297435256 739990 59.66855 10.793644 218915 1009
1297435257 741010 59.66874 10.793707 210436 1020
1297435258 742019 59.66874 10.793707 240768 1009
1297435259 743020 59.669118 10.793851 225487 1001
1297435260 744039 59.669308 10.793914 204721 1019
1297435261 745050 59.669308 10.793914 184680 1011
1297435262 746080 59.669694 10.794075 125856 1030
1297435263 747090 59.669887 10.794155 59000 1010
1297435264 748139 59.669887 10.794155 49248 1040
1297435265 749170 59.670277 10.794317 42408 1031
1297435266 750200 59.670475 10.794397 32832 1030
1297435267 751230 59.670672 10.794478 28728 1030
1297435277 761245 59.67108 10.794642 16384 10015
1297435278 762280 59.673 10.795428 225752 1035
1297435294 778155 59.676513 10.796772 8208 15875
1297435295 779215 59.677008 10.796963 51658 1060
1297435296 780216 59.677257 10.79706 80958 1001
1297435297 781225 59.677519 10.797161 138397 1009
1297435298 782245 59.677773 10.797258 81453 1020
1297435299 783247 59.678034 10.797358 104639 1002
1297435300 784265 59.678288 10.797456 119231 1018
1297435301 785356 59.678549 10.797556 79999 1091
1297435302 786385 59.678809 10.797674 106577 1029
1297435303 787406 59.67907 10.797775 92066 1021
1297435304 788525 59.679333 10.797858 73563 1119
1297435305 789546 59.679602 10.797962 76464 1012
1297435306 790565 59.679872 10.798048 50865 1019
1297435307 791586 59.680143 10.798135 45144 1021
1297435308 792625 59.680413 10.798221 14100 1039
1297435309 793635 59.680686 10.798311 42408 1010
1297435310 794645 59.680958 10.798418 32219 1002
1297435311 795655 59.681239 10.798511 42408 1010
1297435312 796677 59.681531 10.798611 45286 1022
1297435313 797695 59.681822 10.798728 58824 1018
1297435315 798966 59.682112 10.798845 68846 1271
1297435316 799986 59.682702 10.799066 105662 1020
1297435317 800995 59.682998 10.799166 87114 1009
1297435318 802206 59.683294 10.799265 90268 1211
1297435319 803345 59.68359 10.799365 60656 1139
1297435320 804346 59.68389 10.799482 38304 1001
1297435321 805355 59.684186 10.799582 59870 1009
1297435322 806376 59.684473 10.799696 73627 1021
1297435323 807396 59.684774 10.799796 85749 1020
1297435324 808606 59.685069 10.799913 85737 1210
1297435326 809806 59.685663 10.800147 65877 1200
1297435327 810825 59.685663 10.800147 17784 1019
1297435328 812006 59.686261 10.800399 12312 1181
1297435329 813076 59.68656 10.800517 6840 1070
1297435330 814186 59.68656 10.800517 16416 1110
1297435331 815206 59.687162 10.800769 9296 1020
1297435332 816216 59.687458 10.800921 20520 1010
1297435333 817246 59.687758 10.801076 39558 1030
1297435334 818266 59.688054 10.801228 43776 1020
1297435335 819286 59.688357 10.801401 47125 1020
1297435336 820346 59.688658 10.801592 35673 1060
1297435337 821367 59.688955 10.801782 56088 1021
1297435338 822386 59.689256 10.801972 49735 1019
1297435339 823396 59.689544 10.802177 77826 1010
1297435340 824436 59.689843 10.802384 43234 1040
1297435341 825556 59.690129 10.802606 30085 1120
1297435342 826606 59.690428 10.802832 15048 1050
1297435343 827726 59.690714 10.803054 23256 1120
1297435366 849969 59.696727 10.809526 1368 22243
1297435367 851089 59.697257 10.810148 6840 1120
1297435368 852149 59.69751 10.810482 5472 1060
1297435369 853449 59.697763 10.810816 4104 1299
1297435397 881900 59.7007569512195 10.8156897073171 4104 28450
1297435399 883478 59.700970804878 10.8160378292683 4104 1578
1297435400 884479 59.7010777317073 10.8162118902439 1486 1001
1297435451 934820 59.706531 10.825089 1126 50341
1297435452 935940 59.709347 10.829133 8208 1120
1297435453 937541 59.709782 10.829527 8208 1601
1297435455 938780 59.715036 10.83371 4104 1238
1297435456 939880 59.715635 10.833907 8208 1100
1297435457 940980 59.715921 10.834001 8208 1100
1297435458 942124 59.716059 10.834047 101305 1144
1297435459 943141 59.716059 10.834047 120208 1017
1297435460 944151 59.716329 10.83412 140579 1010
1297435461 945510 59.716467 10.834167 157464 1359
1297435462 946521 59.716598 10.83421 107903 1010
1297435463 947550 59.716729 10.834254 91273 1029
1297435464 948551 59.716856 10.83428 118920 1001
1297435465 949561 59.71699 10.834288 151685 1010
1297435466 950562 59.717114 10.834311 165101 1001
1297435467 951582 59.717231 10.83433 184889 1020
1297435468 952591 59.717342 10.834367 138873 1009
1297435469 953601 59.717465 10.834407 190929 1010
1297435470 954611 59.717576 10.834444 197586 1010
1297435471 955621 59.717691 10.83448 259920 1010
1297435472 956641 59.71781 10.834521 167397 1020
1297435474 957871 59.717925 10.834557 172594 1230
1297435475 958881 59.718159 10.834634 207936 1010
1297435476 959882 59.718284 10.834657 200348 1001
1297435477 960891 59.718284 10.834657 202148 1009
1297435478 961901 59.718524 10.834716 174196 1010
1297435479 963011 59.71865 10.834721 231749 1110
1297435480 964031 59.71865 10.834721 197111 1020
1297435481 965041 59.718896 10.834801 188236 1010
1297435482 966042 59.719005 10.834856 206568 1001
1297435483 967061 59.719005 10.834856 166788 1019
1297435484 968071 59.719215 10.834978 183075 1010
1297435485 969131 59.719312 10.835029 145439 1060
1297435486 970341 59.719416 10.835062 197980 1210
1297435487 971431 59.719514 10.835096 172319 1090
1297435488 972631 59.719618 10.835129 179694 1200
1297435490 973801 59.719791 10.835203 174373 1170
1297435491 974811 59.719873 10.835248 192888 1010
1297435492 975821 59.719873 10.835248 152763 1009
1297435493 976831 59.720013 10.835291 154876 1010
1297435494 977841 59.720076 10.835311 180114 1010
1297435495 978861 59.720076 10.835311 180796 1020
1297435496 979862 59.720175 10.835359 228456 1001
1297435497 980881 59.720215 10.835386 158417 1008
1297435498 981882 59.720215 10.835386 163749 1001
1297435499 983091 59.720283 10.835406 223132 1209
1297435500 984102 59.720301 10.835392 216144 1011
1297435501 985121 59.720301 10.835392 155098 1019
1297435502 986122 59.720313 10.835395 192888 1001
1297435503 987132 59.720313 10.835395 120827 1010
1297435504 988152 59.720313 10.835395 176472 1020
1297435505 989153 59.720321 10.835399 168074 1001
1297435506 990221 59.720321 10.835399 164765 1068
1297435507 991362 59.720316 10.835399 250344 1001
1297435508 992372 59.720316 10.835399 210672 1010
1297435509 993382 59.720313 10.835381 114414 1010
1297435510 994392 59.720313 10.835381 172368 1010
1297435511 995402 59.720312 10.835399 221616 1010
1297435512 996412 59.720312 10.835399 140778 1010
1297435513 997432 59.720307 10.835399 191520 1020
1297435514 998433 59.720307 10.835399 141839 1001
1297435515 999442 59.720307 10.835399 148812 1009
1297435516 1000452 59.7203 10.835395 191086 1010
1297435517 1001462 59.720297 10.835378 179208 1010
1297435518 1002472 59.720297 10.835378 141450 1010
1297435519 1003482 59.720294 10.83536 199728 1010
1297435520 1004492 59.720281 10.835357 141049 1010
1297435521 1005502 59.720281 10.835357 176472 1010
1297435522 1006512 59.720278 10.83534 134047 1010
1297435523 1007513 59.720286 10.835343 155952 1001
1297435524 1008524 59.720289 10.835308 99479 1011
1297435525 1009532 59.720293 10.835294 146376 1007
1297435526 1010533 59.720304 10.835262 127010 1001
1297435527 1011562 59.720314 10.835231 180576 1015
1297435528 1012572 59.720333 10.835203 149162 1010
1297435529 1013582 59.720343 10.835171 183312 1010
1297435530 1014593 59.720351 10.835174 114400 1011
1297435531 1015594 59.720346 10.835174 188784 1001
1297435532 1016612 59.720346 10.835174 151001 1006
1297435533 1017622 59.720342 10.835174 147947 1010
1297435534 1018632 59.720342 10.835174 169632 1010
1297435535 1019642 59.720342 10.835174 146503 1010
1297435536 1020653 59.72033 10.835171 149212 1011
1297435537 1021672 59.72033 10.835171 171000 1006
1297435538 1022673 59.720322 10.835168 124765 1001
1297435539 1023682 59.720319 10.835164 153216 1009
1297435540 1024683 59.720319 10.835164 120301 1001
1297435541 1025684 59.720323 10.835164 145008 1001
1297435542 1026703 59.72032 10.835161 146477 1009
1297435543 1027753 59.720313 10.835158 137457 1050
1297435545 1028763 59.720307 10.835165 150480 1010
1297435546 1029769 59.720307 10.835165 121634 1006
1297435547 1030782 59.720312 10.835162 163343 1013
1297435548 1031862 59.720317 10.835162 161424 1002
1297435549 1032883 59.720317 10.835162 89661 1021
1297435550 1033893 59.720329 10.835165 120384 1010
1297435551 1034904 59.720325 10.835179 64054 1011
1297435552 1035973 59.720325 10.835179 179279 1069
1297435553 1036993 59.720308 10.835228 180576 1010
1297435554 1037994 59.720298 10.83526 175636 1001
1297435555 1039443 59.720293 10.835274 149137 1449
1297435556 1040453 59.720284 10.835288 218880 1010
1297435557 1041463 59.720276 10.835285 164582 1010
1297435558 1042473 59.720279 10.835302 158466 1010
1297435559 1043474 59.72029 10.835285 153182 1001
1297435560 1044483 59.720302 10.835288 210672 1005
1297435561 1045493 59.720334 10.835298 170261 1010
1297435562 1046693 59.720366 10.835308 271603 1200
1297435564 1047883 59.720402 10.835318 282123 1190
1297435565 1048884 59.720478 10.835342 265392 1001
1297435566 1049886 59.720522 10.835355 246822 1002
1297435567 1050895 59.720522 10.835355 234800 1009
1297435568 1051903 59.720616 10.835402 262012 1008
1297435569 1052904 59.720685 10.835422 275809 1001
1297435570 1054084 59.720685 10.835422 331192 1180
1297435571 1055103 59.72084 10.835473 175104 1019
1297435572 1056133 59.720922 10.835517 76608 1030
1297435573 1057134 59.720922 10.835517 32768 1001
1297435574 1058135 59.721115 10.835598 319265 1001
1297435575 1059143 59.721215 10.835666 312140 1008
1297435576 1060144 59.721215 10.835666 250344 1001
1297435577 1061154 59.721428 10.835754 217582 1010
1297435578 1062155 59.721543 10.83579 216808 1001
1297435579 1063173 59.721543 10.83579 259920 1007
1297435580 1064174 59.721777 10.835867 190194 1001
1297435581 1065175 59.721902 10.83589 213408 1001
1297435582 1066184 59.721902 10.83589 218256 1009
1297435583 1067185 59.722137 10.835987 256027 1001
1297435584 1068204 59.722256 10.836066 246836 1009
1297435585 1069334 59.722373 10.836123 250015 1130
1297435586 1070344 59.722496 10.836202 247608 1010
1297435587 1071345 59.722619 10.83628 194140 1001
1297435588 1072355 59.722741 10.836376 185329 1010
1297435589 1073514 59.722855 10.836468 237845 1159
1297435591 1074854 59.722969 10.836561 253880 1340
1297435592 1075855 59.72319 10.836795 231192 1001
1297435593 1076864 59.723301 10.836922 181373 1009
1297435594 1077874 59.723301 10.836922 238543 1010
1297435595 1078884 59.723417 10.837049 310536 1010
1297435596 1079885 59.723637 10.837339 112262 1001
1297435597 1080894 59.723637 10.837339 239400 1009
1297435598 1081904 59.723859 10.837594 223229 1010
1297435599 1082905 59.723979 10.837707 236797 1001
1297435600 1084024 59.723979 10.837707 337896 1119
1297435601 1085025 59.724216 10.837948 267090 1001
1297435602 1086035 59.724339 10.838079 261288 1010
1297435603 1087044 59.724339 10.838079 228393 1009
1297435604 1088054 59.724573 10.838337 245838 1010
1297435605 1089055 59.724691 10.838447 251712 1001
1297435606 1090056 59.724691 10.838447 268128 1001
1297435607 1091064 59.724925 10.838705 178826 1008
1297435608 1092065 59.725044 10.838835 235296 1001
1297435609 1093144 59.725044 10.838835 184802 1079
1297435610 1094145 59.725286 10.839059 216144 1001
1297435611 1095164 59.725397 10.839186 187279 1019
1297435612 1096165 59.725397 10.839186 218880 1001
1297435613 1097174 59.725648 10.839395 175524 1009
1297435614 1098175 59.725775 10.839491 274968 1001
1297435615 1099184 59.725775 10.839491 245553 1009
1297435616 1100195 59.726038 10.839651 227942 1011
1297435617 1101205 59.726179 10.839715 241697 1010
1297435618 1102206 59.726322 10.839762 307800 1001
1297435619 1103214 59.726472 10.839812 246280 1008
1297435620 1104235 59.726623 10.839862 241571 1007
1297435621 1105236 59.726765 10.839909 300960 1001
1297435622 1106238 59.726924 10.839963 299720 1002
1297435623 1107245 59.727074 10.840013 343053 1007
1297435624 1108246 59.72723 10.840045 336357 1001
1297435625 1109265 59.727391 10.840064 368450 1004
1297435626 1110266 59.727549 10.840079 286362 1001
1297435627 1111424 59.72771 10.840098 339813 1158
1297435628 1112455 59.727883 10.84012 291259 1031
1297435629 1113465 59.72805 10.840121 310375 1010
1297435630 1114496 59.728223 10.840143 323691 1031
1297435631 1115505 59.728396 10.840165 321480 1009
1297435632 1116506 59.728575 10.840169 184907 1001
1297435633 1117514 59.728748 10.840191 257184 1006
1297435634 1118726 59.728926 10.840213 384666 1212
1297435636 1119825 59.729102 10.840252 375770 1099
1297435637 1120826 59.729459 10.840369 255816 1001
1297435638 1121855 59.729635 10.840447 208042 1029
1297435639 1122865 59.729635 10.840447 236664 1010
1297435640 1123866 59.730003 10.840623 192835 1001
1297435641 1124876 59.730181 10.840736 272232 1010
1297435642 1125885 59.730181 10.840736 214776 1009
1297435643 1126896 59.730546 10.840908 155079 1011
1297435644 1127897 59.730721 10.841003 276336 1001
1297435645 1128915 59.730721 10.841003 202696 1018
1297435646 1129936 59.731101 10.841183 210007 1011
1297435647 1130937 59.731288 10.841281 303696 1001
1297435648 1131945 59.731288 10.841281 264417 1008
1297435649 1132946 59.731699 10.841471 238785 1001
1297435650 1133955 59.731918 10.841541 261465 1009
1297435651 1134975 59.731918 10.841541 222984 1006
1297435652 1135977 59.732361 10.841612 215184 1002
1297435653 1137066 59.732578 10.841609 257795 1089
1297435654 1138067 59.732578 10.841609 343135 1001
1297435655 1139076 59.73302 10.841568 326261 1009
1297435656 1140096 59.733232 10.841527 242429 1020
1297435657 1141115 59.733232 10.841527 89428 1019
1297435658 1142117 59.733659 10.841371 161424 1002
1297435659 1143135 59.733882 10.84126 86184 1018
1297435660 1144146 59.733882 10.84126 36660 1011
1297435661 1145166 59.7342155 10.841067 42408 1011
1297435662 1146206 59.734549 10.840874 32832 1040
1297435663 1147218 59.734791 10.840717 36936 1012
1297435664 1148226 59.735038 10.840561 175133 1008
1297435665 1149236 59.73528 10.840404 171000 1010
1297435666 1150257 59.735527 10.840285 139143 1011
1297435667 1151266 59.735769 10.840167 161551 1009
1297435668 1152276 59.736019 10.840052 279072 1010
1297435669 1153286 59.736262 10.839933 181945 1010
1297435670 1154287 59.736512 10.839818 191520 1001
1297435671 1155336 59.736762 10.839703 154132 1049
1297435672 1156536 59.737004 10.839584 202464 1200
1297435673 1157546 59.73724 10.839483 223484 1010
1297435674 1158726 59.73749 10.839368 229589 1180
1297435676 1159886 59.737978 10.839148 222233 1160
1297435677 1161006 59.738228 10.839033 225769 1120
1297435678 1162007 59.738228 10.839033 209304 1001
1297435679 1163016 59.738737 10.838841 180174 1009
1297435680 1164019 59.738981 10.838758 187190 1003
1297435681 1165026 59.738981 10.838758 243504 1007
1297435682 1166037 59.739485 10.838635 151547 1011
1297435683 1167226 59.739732 10.838607 141790 1189
1297435684 1168236 59.739973 10.838597 162792 1010
1297435685 1169237 59.740222 10.83859 153823 1001
1297435686 1170247 59.740475 10.838583 186048 1010
1297435687 1171267 59.740716 10.838572 133298 1011
1297435688 1172426 59.740965 10.838565 142705 1159
1297435689 1173446 59.741222 10.838562 109440 1020
1297435690 1174466 59.741474 10.838572 125856 1020
1297435691 1175479 59.741723 10.838565 111145 1013
1297435692 1176506 59.741971 10.838558 108072 1027
1297435693 1177515 59.74222 10.838551 49248 1009
1297435694 1178533 59.742474 10.838544 45144 1016
1297435695 1179541 59.742724 10.838519 46684 1008
1297435696 1180558 59.742974 10.838495 47637 1017
1297435697 1181566 59.743229 10.83847 101232 1008
1297435698 1182736 59.743476 10.83839 100682 1170
1297435699 1183747 59.743738 10.838278 145008 1011
1297435700 1184757 59.744248 10.837978 169726 1010
1297435702 1185787 59.744248 10.837978 157092 1030
1297435703 1186797 59.744734 10.837646 161424 1010
1297435704 1187807 59.744967 10.837451 112765 1010
1297435705 1188827 59.744967 10.837451 132294 1020
1297435706 1190057 59.74543 10.837005 205322 1230
1297435707 1191058 59.745657 10.836789 172368 1001
1297435708 1192067 59.745657 10.836789 155503 1009
1297435709 1193077 59.746098 10.836354 131328 1010
1297435710 1194117 59.746336 10.836159 67254 1040
1297435711 1195298 59.746578 10.836002 30096 1181
1297435712 1196346 59.746826 10.835866 46512 1048
1297435713 1197357 59.747088 10.835754 109440 1010
1297435714 1198367 59.747364 10.835681 89211 1010
1297435715 1199377 59.74764 10.835645 91656 1010
1297435716 1200398 59.747907 10.835624 99641 1021
1297435717 1201417 59.748179 10.835641 131328 1019
1297435718 1202427 59.748447 10.835693 88253 1010
1297435719 1203457 59.748727 10.835804 103968 1030
1297435720 1204467 59.748992 10.835947 71905 1010
1297435721 1205479 59.749261 10.83609 98253 1012
1297435722 1206498 59.749525 10.836232 127200 1019
1297435723 1207513 59.749784 10.836354 190152 1004
1297435724 1208518 59.750048 10.836497 151700 1005
1297435725 1209521 59.750314 10.836622 154462 1003
1297435726 1210534 59.750577 10.836744 159980 1012
1297435727 1211537 59.750834 10.836883 186917 1003
1297435728 1212578 59.751105 10.837008 173906 1040
1297435729 1213588 59.751363 10.83713 203832 1010
1297435730 1214597 59.751626 10.837252 149860 1009
1297435731 1215598 59.751884 10.837374 156378 1001
1297435732 1216638 59.752134 10.83751 168848 1040
1297435733 1217658 59.752395 10.83765 224352 1005
1297435734 1218668 59.752644 10.837786 135103 1010
1297435735 1219678 59.752892 10.837901 133376 1010
1297435736 1220688 59.753147 10.838019 165528 1010
1297435737 1221698 59.753399 10.83812 110496 1010
1297435738 1222717 59.753652 10.838183 125856 1008
1297435739 1223738 59.753911 10.838249 43692 1021
1297435741 1224938 59.754168 10.838298 16416 1200
1297435742 1225948 59.754673 10.838354 145008 1010
1297435743 1226958 59.754929 10.838312 134226 1010
1297435744 1227978 59.754929 10.838312 135808 1007
1297435745 1228988 59.75543 10.838172 175104 1010
1297435746 1230189 59.755671 10.838071 86848 1201
1297435747 1231198 59.755671 10.838071 150222 1008
1297435748 1232208 59.756107 10.83782 151848 1010
1297435749 1233218 59.756299 10.837667 140796 1010
1297435750 1234220 59.756493 10.837497 200821 1002
1297435751 1235378 59.756685 10.837344 190094 1158
1297435752 1236498 59.756872 10.837153 186960 1120
1297435753 1237499 59.757058 10.83698 211676 1001
1297435754 1238508 59.757241 10.836789 174110 1009
1297435755 1239510 59.757418 10.836577 154150 1002
1297435756 1240528 59.757595 10.836365 157320 1018
1297435757 1241530 59.757776 10.836153 111305 1002
1297435758 1242538 59.757959 10.835923 154584 1008
1297435759 1243568 59.75813 10.835691 125184 1020
1297435760 1244578 59.758308 10.835461 166896 1010
1297435761 1245600 59.758471 10.835225 44655 1018
1297435762 1246608 59.758635 10.834971 171000 1008
1297435763 1247618 59.758779 10.834729 118179 1010
1297435765 1248868 59.758922 10.834486 114009 1250
1297435766 1249888 59.759187 10.834063 76608 1020
1297435767 1250898 59.759299 10.833863 41040 1010
1297435768 1252149 59.759299 10.833863 17784 1251
1297435769 1253218 59.759482 10.83332 23256 1069
1297435770 1254288 59.759549 10.832977 15048 1070
1297435771 1255368 59.759597 10.832572 16416 1071
1297435772 1256379 59.759644 10.832132 16416 1011
1297435775 1258808 59.759724 10.830703 2736 2429
1297435778 1262468 59.759746 10.829262 25992 3660
1297435780 1264230 59.759799 10.828319 8208 1761
1297435781 1265239 59.75985 10.827865 30096 1009
1297435782 1266259 59.759906 10.827449 61560 1020
1297435783 1267289 59.759993 10.82706 71545 1030
1297435784 1268309 59.760113 10.826702 88468 1020
1297435785 1269499 59.760256 10.826369 129966 1190
1297435786 1270539 59.760417 10.826059 154700 1040
1297435787 1271549 59.760591 10.825792 132651 1010
1297435788 1272559 59.760776 10.825527 87707 1010
1297435789 1273569 59.760967 10.825301 90385 1010
1297435790 1274599 59.761169 10.825078 47369 1030
1297435791 1275649 59.761364 10.82489 49947 1050
1297435792 1276719 59.761565 10.824685 32832 1070
1297435794 1277760 59.761972 10.824313 24624 1041
1297435795 1278899 59.761972 10.824313 117990 1139
1297435796 1280079 59.762348 10.823913 153699 1180
1297435797 1281159 59.762527 10.823683 154699 1080
1297435798 1282179 59.762527 10.823683 126813 1020
1297435799 1283190 59.762851 10.823176 118886 1011
1297435800 1284191 59.763 10.822901 151152 1001
1297435801 1285200 59.763 10.822901 140511 1009
1297435802 1286203 59.763253 10.82228 93611 1003
1297435803 1287429 59.763372 10.82194 201526 1226
1297435804 1288510 59.76347 10.821593 205074 1081
1297435805 1289519 59.763556 10.821222 169632 1009
1297435806 1290534 59.763618 10.820826 117121 1015
1297435807 1291590 59.763671 10.820445 118507 1045
1297435809 1292799 59.763712 10.819642 122662 1209
1297435810 1293819 59.763712 10.819642 113544 1020
1297435811 1294829 59.763718 10.819244 89621 1010
1297435812 1295830 59.763698 10.818424 161424 1001
1297435813 1296839 59.763698 10.818424 114475 1009
1297435814 1297849 59.763683 10.817643 170070 1010
1297435815 1298850 59.763693 10.817248 169632 1001
1297435816 1299869 59.763693 10.817248 93097 1019
1297435817 1300890 59.763741 10.816486 123120 1021
1297435818 1301910 59.763769 10.816116 106646 1009
1297435819 1302920 59.763769 10.816116 179208 1010
1297435820 1303930 59.763881 10.815413 92839 1010
1297435821 1304940 59.763959 10.815077 119016 1010
1297435822 1305970 59.763959 10.815077 60192 1030
1297435823 1307120 59.764156 10.814453 16384 1134
1297435824 1308360 59.76427 10.814165 13038 1240
1297435825 1309370 59.764407 10.813901 108072 1009
1297435826 1310375 59.764564 10.813644 148000 1005
1297435827 1311380 59.764727 10.813408 183466 1005
1297435828 1312390 59.76489 10.81321 151548 1010
1297435829 1313400 59.765057 10.813012 143755 1010
1297435830 1314421 59.765242 10.812855 139798 1021
1297435831 1315430 59.765433 10.81272 131068 1009
1297435832 1316431 59.765622 10.812602 64073 1001
1297435833 1317630 59.765814 10.812501 43533 1198
1297435834 1318631 59.766011 10.812401 155397 1001
1297435835 1319640 59.766214 10.812321 119933 1009
1297435836 1320650 59.766417 10.812241 127153 1010
1297435837 1321660 59.766619 10.812179 162422 1010
1297435838 1322661 59.766823 10.812134 130760 1001
1297435840 1323801 59.76702 10.812072 155721 1140
1297435841 1324951 59.767416 10.811982 152534 1150
1297435842 1325990 59.767611 10.811937 145256 1039
1297435843 1327000 59.767611 10.811937 190152 1010
1297435844 1328020 59.768003 10.811886 100986 1011
1297435845 1329030 59.768195 10.811876 61317 1010
1297435846 1330050 59.768195 10.811876 143640 1020
1297435847 1331070 59.768603 10.811828 98496 1020
1297435848 1332091 59.768803 10.811784 99864 1021
1297435849 1333101 59.768803 10.811784 169155 1001
1297435850 1334111 59.769205 10.811624 244692 1010
1297435851 1335121 59.769412 10.811492 126892 1010
1297435852 1336331 59.769615 10.81136 116565 1210
1297435853 1337340 59.769816 10.811154 120384 1009
1297435854 1338430 59.770015 10.810914 95936 1090
1297435855 1339440 59.770204 10.810667 103968 1010
1297435856 1340450 59.770384 10.810381 131328 1010
1297435857 1341461 59.770564 10.810078 108764 1011
1297435858 1342473 59.770738 10.809772 47880 1012
1297435859 1343582 59.770905 10.809483 43744 1095
1297435860 1344591 59.771075 10.80916 91577 1009
1297435861 1345601 59.771244 10.808853 198360 1010
1297435863 1346801 59.771612 10.808268 135543 1200
1297435864 1347811 59.771612 10.808268 141858 1010
1297435865 1348821 59.771996 10.807742 142632 1010
1297435866 1349831 59.772205 10.807484 117052 1010
1297435867 1351011 59.772205 10.807484 168025 1180
1297435868 1352021 59.772616 10.806983 184680 1010
1297435869 1353031 59.772825 10.806742 139011 1010
1297435870 1354041 59.772825 10.806742 164280 1010
1297435871 1355051 59.773245 10.806279 244872 1010
1297435872 1356052 59.773465 10.806042 182280 1001
1297435873 1357061 59.773465 10.806042 218880 1009
1297435874 1358071 59.773866 10.80561 175346 1010
1297435875 1359081 59.774068 10.805387 238032 1010
1297435876 1360091 59.774068 10.805387 196502 1010
1297435877 1361101 59.774468 10.804955 149868 1010
1297435878 1362102 59.774669 10.804749 172496 1001
1297435879 1363111 59.774669 10.804749 132762 1009
1297435880 1364131 59.775087 10.804359 166896 1009
1297435881 1365132 59.7753 10.804157 162635 1001
1297435882 1366142 59.7753 10.804157 181492 1010
1297435883 1367152 59.775751 10.803811 191322 1010
1297435884 1368161 59.775979 10.80363 147744 1009
1297435885 1369181 59.775979 10.80363 115110 1020
1297435886 1370182 59.776434 10.803285 139536 1001
1297435887 1371341 59.776661 10.803121 76413 1159
1297435888 1372351 59.776894 10.802978 113544 1010
1297435889 1373352 59.777126 10.802852 97128 1001
1297435890 1374371 59.777357 10.802727 76983 1019
1297435891 1375392 59.777583 10.802618 101232 1021
1297435892 1376401 59.777815 10.802493 109440 1009
1297435893 1377412 59.778043 10.802402 91346 1011
1297435894 1378452 59.778275 10.802315 101930 1040
1297435895 1379621 59.778513 10.80221 161424 1020
1297435896 1380651 59.778749 10.802123 72439 1030
1297435897 1381662 59.778998 10.802039 62928 1011
1297435898 1382692 59.779242 10.801955 38304 1030
1297435899 1383742 59.779498 10.801874 55058 1050
1297435900 1384752 59.779746 10.80179 49248 1010
1297435902 1386262 59.780233 10.801654 19152 1510
1297435903 1387272 59.78047 10.801601 39672 1009
1297435904 1388282 59.780717 10.801535 62820 1010
1297435905 1389302 59.780955 10.801483 84816 1020
1297435906 1390312 59.781193 10.80143 54851 1010
1297435907 1391322 59.781448 10.801367 96294 1010
1297435908 1392332 59.781706 10.801321 89101 1010
1297435909 1393333 59.781971 10.801279 120361 1001
1297435910 1394342 59.782236 10.801237 117404 1009
1297435911 1395352 59.782508 10.801215 137611 1010
1297435912 1396362 59.7827853333333 10.8012016666667 123668 1010
1297435913 1397372 59.7830626666667 10.8011883333333 97940 1010
1297435914 1398392 59.78334 10.801175 113201 1020
1297435915 1399602 59.783632 10.80116 132210 1210
1297435916 1400612 59.78393 10.801148 175104 1010
1297435917 1401633 59.784228 10.801154 153560 1021
1297435918 1402643 59.784533 10.801164 142863 1010
1297435920 1403782 59.7851 10.801166 143508 1139
1297435921 1404793 59.7851 10.801166 120384 1011
1297435922 1405815 59.785518 10.8011475 117270 1013
1297435923 1406832 59.785936 10.801129 142272 1017
1297435924 1407842 59.785936 10.801129 100576 1010
1297435925 1408852 59.786427 10.801069 145008 1010
1297435926 1409873 59.78665 10.800996 103332 1021
1297435927 1410892 59.78665 10.800996 101941 1009
1297435928 1411902 59.787062 10.800804 136800 1010
1297435929 1413063 59.787263 10.800689 75055 1161
1297435930 1414093 59.787263 10.800689 98496 1030
1297435931 1415103 59.787652 10.800474 52581 1010
1297435932 1416122 59.787839 10.800391 60192 1019
1297435933 1417152 59.787839 10.800391 41040 1030
1297435934 1418182 59.788245 10.800217 31464 1030
1297435935 1419234 59.788448 10.800137 17784 1052
1297435947 1431198 59.79096 10.80007 21101 11964
1297435948 1432233 59.791181 10.800108 58824 1035
1297435949 1433253 59.791412 10.800168 51984 1020
1297435950 1434273 59.791632 10.80022 35967 1020
1297435951 1435283 59.791855 10.800276 49248 1010
1297435952 1436293 59.792089 10.800353 40836 1010
1297435953 1437313 59.792321 10.800447 39017 1020
1297435954 1438393 59.792551 10.800576 50727 1080
1297435957 1440784 59.793005 10.800943 12312 2391
1297435958 1442415 59.793459 10.801401 5472 1631
1297435959 1443563 59.793673 10.801652 41661 1148
1297435960 1444583 59.79389 10.801887 28728 1020
1297435961 1445603 59.794114 10.802124 23449 1020
1297435962 1446693 59.794342 10.802362 50699 1090
1297435963 1447713 59.794562 10.802561 75621 1007
1297435964 1448723 59.794796 10.802729 101722 1010
1297435966 1449804 59.795032 10.802879 86353 1081
1297435967 1450814 59.795525 10.803007 114184 1010
1297435968 1451833 59.795777 10.803017 75600 1019
1297435969 1453013 59.795777 10.803017 110875 1169
1297435970 1454014 59.796292 10.803044 128345 1001
1297435971 1455154 59.796551 10.803058 97761 1140
1297435972 1456173 59.796551 10.803058 94621 1019
1297435973 1457183 59.797067 10.80312 75240 1010
1297435974 1458204 59.797319 10.803168 60192 1021
1297435975 1459215 59.797587 10.803238 65211 1011
1297435976 1460223 59.79784 10.803321 62928 1008
1297435977 1461234 59.798102 10.803408 54151 1011
1297435978 1462244 59.798357 10.803512 114912 1010
1297435979 1463264 59.798616 10.803634 94738 1009
1297435980 1464284 59.798875 10.803738 101491 1020
1297435981 1465354 59.799128 10.803878 115669 1070
1297435982 1466364 59.799386 10.803999 135013 1010
1297435983 1467374 59.799645 10.804121 54477 1010
1297435984 1468424 59.799903 10.804243 65664 1050
1297435985 1469434 59.800169 10.804368 27360 1010
1297435986 1470444 59.800431 10.804455 75737 1010
1297435987 1471454 59.800692 10.804542 117059 1010
1297435988 1472475 59.800953 10.804576 136296 1021
1297435989 1473634 59.80122 10.804593 220741 1159
1297435990 1474635 59.801492 10.80461 211690 1001
1297435991 1475645 59.80176 10.804609 185450 1010
1297435992 1476665 59.802035 10.804591 204334 1020
1297435993 1477675 59.802301 10.804587 173723 1010
1297435994 1478685 59.802571 10.804569 246109 1010
1297435995 1479695 59.802842 10.804586 194956 1010
1297435996 1480704 59.803115 10.804585 144024 1009
1297435997 1481756 59.803387 10.804602 171000 1052
1297435999 1482766 59.803659 10.804619 243504 1010
1297436000 1483784 59.803915 10.804667 131528 1004
1297436001 1484785 59.804451 10.804788 180576 1001
1297436002 1485874 59.804451 10.804788 158308 1089
1297436003 1486875 59.804982 10.804979 165528 1001
1297436004 1487885 59.805234 10.80508 133889 1010
1297436005 1488896 59.805234 10.80508 177840 1001
1297436006 1490005 59.8055 10.805167 110735 1109
1297436007 1491345 59.806001 10.805366 41072 1340
1297436008 1492355 59.80625 10.805449 294402 1010
1297436009 1493364 59.806496 10.80553 139536 1009
1297436010 1494366 59.806736 10.805589 160056 1002
1297436011 1495454 59.806985 10.805634 40371 1088
1297436012 1496537 59.807233 10.805644 41040 1083
1297436013 1497553 59.807472 10.805651 38304 1016
1297436014 1498554 59.807721 10.805644 86184 1001
1297436015 1499606 59.807965 10.805598 94392 1041
1297436016 1500705 59.808196 10.805514 38304 1099
1297436017 1501724 59.808415 10.805423 79661 1019
1297436018 1502754 59.808615 10.805273 65664 1030
1297436020 1503770 59.808801 10.805099 87552 1016
1297436021 1504785 59.808996 10.804911 55172 1004
1297436022 1505807 59.809341 10.8045 67032 1022
1297436023 1506815 59.809341 10.8045 75701 1008
1297436024 1508195 59.809651 10.804006 113544 1380
1297436025 1509205 59.809778 10.803721 87251 1010
1297436026 1510206 59.809778 10.803721 90558 1001
1297436027 1511215 59.810008 10.80318 146376 1009
1297436028 1512216 59.810119 10.802926 131447 1001
1297436029 1513225 59.810223 10.80267 144429 1009
1297436030 1514245 59.810325 10.802431 112176 1020
1297436031 1515265 59.810414 10.802206 46767 1011
1297436032 1516266 59.810501 10.801998 108072 1001
1297436033 1517267 59.810578 10.801822 98167 1001
1297436034 1518275 59.810662 10.80165 133336 1008
1297436035 1519285 59.810739 10.801474 114739 1010
1297436036 1520287 59.810812 10.801333 107635 1002
1297436037 1521305 59.810882 10.801192 153216 1018
1297436038 1522315 59.810952 10.801086 105098 1010
1297436039 1523326 59.811019 10.800981 61560 1011
1297436040 1524335 59.811084 10.800892 71136 1009
1297436041 1525345 59.811139 10.800818 59658 1010
1297436042 1526346 59.811203 10.800747 68400 1001
1297436043 1527395 59.811266 10.800676 47071 1049
1297436044 1528406 59.811318 10.800602 41040 1011
1297436045 1529567 59.811366 10.800563 43446 1161
1297436046 1530676 59.811407 10.800559 111298 1109
1297436048 1531816 59.811493 10.800498 93024 1140
1297436049 1532825 59.811524 10.800473 89126 1009
1297436050 1533826 59.811524 10.800473 108307 1001
1297436051 1534835 59.811563 10.800434 96065 1009
1297436052 1535846 59.811576 10.80042 136800 1011
1297436053 1536916 59.811576 10.80042 81911 1070
1297436054 1537936 59.811576 10.80042 89049 1020
1297436055 1538946 59.811583 10.800441 94001 1010
1297436056 1539956 59.811583 10.800441 123120 1010
1297436057 1540966 59.811587 10.800441 100720 1010
1297436058 1541976 59.811587 10.800441 104486 1010
1297436059 1542977 59.811587 10.800441 118955 1001
1297436060 1543986 59.811584 10.800437 134086 1009
1297436061 1544996 59.811576 10.800434 153040 1010
1297436062 1545997 59.811576 10.800434 161424 1001
1297436063 1547006 59.811564 10.800445 168196 1009
1297436064 1548187 59.811552 10.800441 172306 1181
1297436065 1549196 59.811552 10.800441 184680 1009
1297436066 1550206 59.81154 10.800438 138148 1010
1297436067 1551207 59.811523 10.800435 146192 1001
1297436068 1552406 59.81152 10.800417 164677 1199
1297436069 1553416 59.811511 10.800417 168264 1010
1297436070 1554499 59.811516 10.800403 122347 1083
1297436071 1555518 59.811508 10.800386 199760 1019
1297436072 1556519 59.811513 10.800371 153216 1001
1297436073 1557520 59.811516 10.800375 119054 1001
1297436074 1558526 59.811519 10.800378 160056 1004
1297436075 1559540 59.811516 10.800361 131192 1014
1297436076 1560541 59.811511 10.800361 171000 1001
1297436077 1561557 59.811508 10.800343 143413 1016
1297436078 1562566 59.811508 10.800343 190152 1009
1297436079 1563586 59.811504 10.800343 160079 1020
1297436080 1564607 59.811492 10.80034 191520 1021
1297436081 1565687 59.81149 10.800357 161274 1001
1297436082 1566707 59.81149 10.800357 164813 1020
1297436083 1567717 59.811481 10.800371 162332 1010
1297436084 1568727 59.811481 10.800371 174339 1010
1297436085 1569737 59.811481 10.800371 176472 1010
1297436086 1570757 59.811486 10.800371 188784 1006
1297436088 1571771 59.811496 10.800392 123868 1014
1297436089 1572777 59.811496 10.800392 165528 1005
1297436090 1573827 59.811495 10.80041 124210 1050
1297436091 1574847 59.811499 10.80041 180576 1020
1297436092 1575857 59.811499 10.80041 188784 1010
1297436093 1576867 59.811498 10.800427 193888 1010
1297436094 1577868 59.811498 10.800427 187416 1001
1297436095 1578877 59.811498 10.800427 187416 1009
1297436096 1579887 59.811521 10.800399 149123 1010
1297436097 1580917 59.811534 10.800385 210672 1018
1297436098 1581927 59.811534 10.800385 174773 1010
1297436099 1582937 59.81156 10.800374 175104 1010
1297436100 1583957 59.811592 10.800346 196992 1020
1297436101 1584967 59.811592 10.800346 138843 1010
1297436102 1585987 59.811673 10.800313 195624 1007
1297436103 1586997 59.811717 10.800288 164255 1010
1297436104 1588047 59.811717 10.800288 127856 1050
1297436105 1589048 59.811846 10.800234 119016 1001
1297436106 1590428 59.81192 10.800184 205629 1380
1297436107 1591437 59.812002 10.800137 221616 1009
1297436108 1592449 59.812083 10.800091 167034 1012
1297436109 1593457 59.812165 10.800044 97128 1008
1297436110 1594467 59.812251 10.799997 82336 1010
1297436111 1595491 59.812333 10.799951 117648 1022
1297436112 1596497 59.812422 10.799908 107738 1006
1297436113 1597498 59.812518 10.799847 140904 1001
1297436114 1598518 59.812609 10.799786 172385 1020
1297436115 1599545 59.812702 10.799743 93510 1027
1297436116 1600547 59.812792 10.799699 91656 1002
1297436117 1601587 59.812887 10.799639 22853 1040
1297436129 1613253 59.814043 10.798785 23256 11666
1297436130 1614284 59.81414 10.798692 39672 1031
1297436131 1615324 59.81424 10.798617 65664 1040
1297436132 1616363 59.814335 10.798542 48358 1039
1297436133 1617414 59.814438 10.798471 38121 1051
1297436134 1618444 59.814534 10.798396 49051 1030
1297436135 1619704 59.814622 10.798317 53958 1260
1297436136 1620724 59.814717 10.798242 74246 1020
1297436137 1621744 59.814809 10.798164 71465 1020
1297436138 1622754 59.814889 10.798082 118036 1010
1297436140 1623771 59.814982 10.798004 132933 1017
1297436141 1624774 59.815063 10.797905 108754 1003
1297436142 1625775 59.815228 10.797741 113834 1001
1297436143 1626784 59.815228 10.797741 148472 1009
1297436144 1627794 59.815412 10.797585 138558 1010
1297436145 1628924 59.815505 10.797506 153493 1130
1297436146 1629934 59.815505 10.797506 134820 1010
1297436147 1630944 59.815695 10.797371 119228 1010
1297436148 1631953 59.815791 10.79731 138514 1009
1297436149 1632974 59.815791 10.79731 139195 1021
1297436150 1634204 59.815966 10.79722 182513 1230
1297436151 1635214 59.816047 10.797191 191520 1010
1297436152 1636344 59.816128 10.797144 108151 1130
1297436153 1637384 59.816209 10.797115 116280 1040
1297436154 1638394 59.816289 10.797086 173736 1010
1297436155 1639395 59.81636 10.797071 147744 1001
1297436156 1640404 59.816439 10.797059 106561 1009
1297436157 1641424 59.816511 10.797027 147744 1020
1297436158 1642434 59.816583 10.797012 146376 1010
1297436159 1643454 59.816654 10.796997 104350 1020
1297436160 1644464 59.816725 10.796982 131328 1010
1297436161 1645474 59.816795 10.796984 90735 1010
1297436162 1646484 59.816868 10.79699 105788 1010
1297436163 1647505 59.81695 10.796996 107164 1021
1297436164 1648714 59.817028 10.796984 137139 1209
1297436165 1649735 59.817106 10.79699 145008 1021
1297436166 1650754 59.817195 10.796999 121329 1019
1297436167 1651755 59.817285 10.797009 135346 1001
1297436169 1652784 59.817478 10.797051 159640 1029
1297436170 1653795 59.817478 10.797051 110565 1010
1297436171 1654804 59.817573 10.797081 109421 1009
1297436172 1655815 59.81776 10.797141 122036 1011
1297436173 1656824 59.81776 10.797141 113769 1009
1297436174 1658015 59.817942 10.797163 148083 1191
1297436175 1659024 59.818033 10.797193 143640 1009
1297436176 1660044 59.818033 10.797193 92728 1020
1297436177 1661394 59.818216 10.797253 57456 1350
1297436178 1662414 59.81831 10.797301 57456 1020
1297436182 1666486 59.818508 10.79742 16384 4072
1297436183 1667494 59.818792 10.797622 146531 1007
1297436184 1668504 59.818873 10.797684 24624 1010
1297436188 1671848 59.819161 10.797795 5472 3344
1297436189 1672855 59.81936 10.797858 193385 1007
1297436190 1673865 59.819471 10.797895 73127 1010
1297436191 1674875 59.819471 10.797895 67658 1010
1297436192 1676045 59.819687 10.797947 62683 1170
1297436193 1677265 59.819804 10.797967 71981 1220
1297436194 1678295 59.819914 10.797965 67519 1030
1297436195 1679315 59.820031 10.797984 54478 1020
1297436196 1680325 59.820136 10.798 58619 1010
1297436197 1681335 59.82025 10.798002 66656 1010
1297436198 1682565 59.820359 10.798018 77636 1230
1297436199 1683575 59.820474 10.798002 91156 1010
1297436200 1684585 59.820581 10.798 98636 1010
1297436201 1685595 59.820694 10.798002 91536 1010
1297436202 1686645 59.820804 10.798004 96295 1050
1297436203 1687655 59.820918 10.798005 143640 1010
1297436204 1688755 59.821027 10.798007 90746 1100
1297436206 1689769 59.821141 10.798009 107364 1014
1297436207 1690775 59.82125 10.798011 151319 1006
1297436208 1691785 59.821473 10.798014 142296 1010
1297436209 1692805 59.821473 10.798014 118524 1020
1297436210 1693816 59.821701 10.798056 125485 1011
1297436211 1694825 59.821822 10.798061 111648 1009
1297436212 1695835 59.821822 10.798061 131054 1010
1297436213 1696836 59.822074 10.798057 169763 1001
1297436214 1697846 59.822203 10.798065 179179 1010
1297436215 1698885 59.822203 10.798065 119120 1039
1297436216 1700305 59.82246 10.798061 9576 1420
1297436217 1701306 59.822589 10.79807 136029 1001
1297436218 1702315 59.822697 10.798089 128917 1009
1297436219 1703325 59.822814 10.798094 117459 1010
1297436220 1704346 59.822918 10.79811 136034 1021
1297436221 1705355 59.823029 10.798094 161775 1009
1297436222 1706356 59.823132 10.798075 175703 1001
1297436223 1707376 59.823237 10.798077 164635 1020
1297436224 1708377 59.823345 10.798096 150080 1001
1297436225 1709386 59.823447 10.798094 158560 1009
1297436226 1710395 59.823556 10.798096 154572 1009
1297436227 1711446 59.823653 10.798094 131459 1051
1297436228 1712455 59.823753 10.79811 175104 1009
1297436229 1713456 59.823842 10.798123 142153 1001
1297436230 1714686 59.823922 10.798132 183946 1230
1297436231 1715696 59.824001 10.798159 175104 1010
1297436232 1716706 59.824074 10.798164 146331 1010
1297436233 1717716 59.824147 10.79817 184680 1010
1297436234 1718736 59.82422 10.798176 112558 1020
1297436236 1719836 59.824292 10.798182 168576 1100
1297436237 1720837 59.824429 10.798208 196992 1001
1297436238 1721856 59.824493 10.798228 146155 1019
1297436239 1722946 59.824493 10.798228 152595 1090
1297436240 1723956 59.82464 10.798236 186048 1010
1297436241 1724966 59.824713 10.798242 148563 1010
1297436242 1725982 59.824713 10.798242 118744 1016
1297436243 1726987 59.824875 10.798219 147501 1004
1297436244 1727996 59.824964 10.798228 178531 1008
1297436245 1729026 59.824964 10.798228 163758 1030
1297436246 1730039 59.825154 10.798215 205200 1013
1297436247 1731046 59.825245 10.798207 169987 1007
1297436248 1732047 59.825245 10.798207 160442 1001
1297436249 1733056 59.82546 10.798221 225720 1009
1297436250 1734057 59.825583 10.798223 145510 1001
1297436251 1735066 59.825583 10.798223 181944 1009
1297436252 1736076 59.825844 10.798233 55515 1010
1297436253 1737086 59.825987 10.798241 169632 1010
1297436254 1738096 59.825987 10.798241 127009 1010
1297436255 1739106 59.826261 10.798237 153216 1010
1297436256 1740127 59.826405 10.798228 114740 1010
1297436257 1741136 59.826405 10.798228 175104 1009
1297436258 1742137 59.8267 10.798231 126043 1001
1297436259 1743146 59.82685 10.798242 179208 1009
1297436260 1744147 59.82685 10.798242 137112 1001
1297436261 1745167 59.827153 10.798231 151518 1008
1297436262 1746377 59.827305 10.798225 189687 1210
1297436263 1747398 59.82746 10.798222 191520 1021
1297436264 1748407 59.827611 10.798217 145883 1009
1297436265 1749480 59.82776 10.798193 154090 1073
1297436266 1750677 59.827919 10.798191 197871 1197
1297436267 1751687 59.828074 10.798189 200064 1010
1297436268 1752757 59.82823 10.798169 174213 1070
1297436270 1753907 59.828535 10.798125 217798 1150
1297436271 1754917 59.828691 10.798105 257184 1010
1297436272 1755927 59.828691 10.798105 157095 1010
1297436273 1756937 59.829004 10.798027 171929 1010
1297436274 1758017 59.829161 10.79799 231134 1080
1297436275 1759018 59.829161 10.79799 276560 1001
1297436276 1760037 59.829477 10.797915 229624 1019
1297436277 1761038 59.829625 10.797891 227534 1001
1297436278 1762047 59.829625 10.797891 231714 1009
1297436279 1763057 59.829938 10.797813 209657 1010
1297436280 1764058 59.830095 10.797776 246306 1001
1297436281 1765117 59.830095 10.797776 232950 1059
1297436282 1766118 59.830402 10.797715 273600 1001
1297436283 1767127 59.830547 10.797674 201499 1009
1297436284 1768137 59.830547 10.797674 276336 1010
1297436285 1769147 59.83084 10.797589 190555 1010
1297436286 1770157 59.830982 10.797545 270864 1010
1297436287 1771167 59.830982 10.797545 169812 1010
1297436288 1772168 59.831249 10.797471 272232 1001
1297436289 1773169 59.831382 10.797441 213621 1001
1297436290 1774178 59.831382 10.797441 208187 1009
1297436291 1775187 59.831632 10.797378 239308 1009
1297436292 1776379 59.83176 10.797365 275009 1186
1297436293 1777388 59.831877 10.797332 261288 1009
1297436294 1778398 59.831996 10.797316 272232 1010
1297436295 1779407 59.832116 10.7973 208513 1009
1297436296 1780408 59.832244 10.797288 243504 1001
1297436297 1781417 59.832369 10.797255 173736 1009
1297436298 1782428 59.832489 10.797239 128483 1011
1297436299 1783588 59.832618 10.797209 127224 1160
1297436300 1784598 59.832745 10.797196 120384 1010
1297436301 1785618 59.832868 10.797184 71136 1020
1297436302 1786637 59.832996 10.797171 51984 1019
1297436303 1787667 59.833114 10.797173 53352 1030
1297436304 1788678 59.833229 10.797157 29813 1011
1297436305 1789688 59.833355 10.797162 19152 1010
1297436306 1790708 59.833487 10.79715 16416 1020
1297436307 1791728 59.833605 10.797152 32832 1020
1297436308 1792748 59.833724 10.797153 53352 1020
1297436310 1793778 59.833974 10.797181 64296 1030
1297436311 1794788 59.833974 10.797181 120384 1010
1297436312 1795790 59.834087 10.7972 115198 1002
1297436313 1796798 59.834299 10.797235 91799 1008
1297436314 1797799 59.834299 10.797235 154584 1001
1297436315 1798808 59.834398 10.797269 151126 1009
1297436316 1799828 59.834591 10.797297 109592 1020
1297436317 1800838 59.834591 10.797297 190152 1010
1297436318 1801848 59.834766 10.797354 157714 1010
1297436319 1802858 59.834846 10.797363 161902 1010
1297436320 1803868 59.834846 10.797363 214776 1010
1297436321 1804869 59.834996 10.797413 147045 1001
1297436322 1805978 59.835068 10.797437 157583 1109
1297436323 1806998 59.835068 10.797437 188784 1008
1297436324 1808008 59.835194 10.79748 170153 1010
1297436325 1809009 59.835255 10.797483 184046 1001
1297436326 1810198 59.835255 10.797483 209657 1188
1297436327 1811199 59.83537 10.797519 214776 1001
1297436328 1812200 59.835431 10.797522 169865 1001
1297436329 1813328 59.835495 10.797542 180100 1128
1297436330 1814338 59.835546 10.797559 183312 1010
1297436331 1815339 59.835599 10.797558 142147 1001
1297436332 1816358 59.835652 10.797557 170746 1019
1297436333 1817510 59.835696 10.79757 206859 1152
1297436334 1818519 59.835745 10.797584 224352 1009
1297436335 1819521 59.835789 10.797597 159199 1002
1297436336 1820529 59.835838 10.79761 182193 1006
1297436337 1821538 59.835882 10.797624 207936 1009
1297436338 1822579 59.835919 10.797616 183228 1005
1297436339 1823588 59.835956 10.797626 238032 1009
1297436340 1824589 59.835988 10.797636 156436 1001
1297436341 1825599 59.836013 10.797625 189984 1010
1297436342 1826679 59.83603 10.797629 273389 1080
1297436343 1827709 59.836035 10.797629 221521 1017
1297436345 1828969 59.836042 10.797646 265514 1260
1297436346 1829970 59.836035 10.797643 291384 1001
1297436347 1830971 59.836035 10.797643 279678 1001
1297436348 1831989 59.836031 10.79764 244287 1018
1297436349 1833239 59.836028 10.797636 325584 1007
1297436350 1834249 59.836027 10.797615 213408 1010
1297436354 1837871 59.836011 10.797637 132553 3622
1297436355 1838880 59.836016 10.797637 827640 1009
1297436356 1839889 59.836016 10.797637 144271 1009
1297436357 1841600 59.836017 10.797634 231192 1711
1297436358 1842669 59.836017 10.797634 275372 1068
1297436359 1843679 59.83602 10.797651 134064 1010
1297436360 1844689 59.836013 10.797648 166896 1010
1297436361 1845691 59.836016 10.797665 151929 1002
1297436362 1846699 59.836017 10.797662 235296 1007
1297436363 1847700 59.836013 10.797676 191564 1001
1297436364 1848709 59.836008 10.79769 283176 1009
1297436365 1849719 59.836008 10.797705 165490 1010
1297436366 1850721 59.836003 10.797719 233928 1002
1297436367 1851729 59.836 10.797715 162665 1008
1297436368 1852739 59.835996 10.79773 225720 1010
1297436369 1853740 59.835991 10.797744 172618 1001
1297436370 1854749 59.835991 10.797744 238032 1009
1297436371 1855750 59.835987 10.797758 197610 1001
1297436373 1856770 59.835999 10.797761 224546 1020
1297436374 1857920 59.835999 10.797761 229994 1150
1297436375 1858930 59.836015 10.797765 253080 1010
1297436376 1859940 59.836037 10.797754 191370 1010
1297436377 1860959 59.836037 10.797754 228313 1006
1297436378 1861969 59.836097 10.797756 242136 1010
1297436379 1862990 59.836132 10.79777 172622 1021
1297436380 1864010 59.836132 10.79777 186525 1020
1297436381 1865020 59.836234 10.797754 244872 1010
1297436382 1866030 59.83629 10.797756 206355 1010
1297436383 1867060 59.83629 10.797756 229979 1030
1297436384 1868470 59.836428 10.797751 160056 1410
1297436385 1869570 59.836506 10.797742 234927 1100
1297436386 1870580 59.836579 10.797748 106704 1009
1297436387 1871582 59.836667 10.797761 248976 1002
1297436388 1872590 59.836743 10.79777 233650 1008
1297436389 1873591 59.836831 10.797783 251029 1001
1297436390 1874600 59.836919 10.797795 252281 1009
1297436391 1875601 59.837007 10.797808 247096 1001
1297436392 1876630 59.837107 10.797824 219209 1015
1297436393 1877640 59.837215 10.797843 227100 1010
1297436394 1878650 59.837327 10.797862 228456 1010
1297436395 1879660 59.837441 10.797864 166581 1010
1297436396 1880661 59.837554 10.797883 187484 1001
1297436397 1881680 59.837667 10.797885 203824 1010
1297436398 1882681 59.837789 10.79789 242136 1001
1297436399 1883690 59.837909 10.797874 168776 1009
1297436400 1884701 59.838032 10.797862 181103 1011
1297436401 1885710 59.838159 10.797849 173254 1009
1297436402 1886730 59.838286 10.797837 247608 1008
1297436403 1887731 59.838406 10.797821 221983 1001
1297436405 1888860 59.838678 10.797785 193681 1129
1297436406 1889871 59.838801 10.797773 240768 1011
1297436407 1890872 59.838801 10.797773 187590 1001
1297436408 1891881 59.839068 10.797737 229824 1009
1297436409 1892991 59.839203 10.797728 204589 1110
1297436410 1894000 59.839203 10.797728 214776 1009
1297436411 1895001 59.839465 10.797692 137378 1001
1297436412 1896081 59.839583 10.797679 166840 1080
1297436413 1897090 59.839583 10.797679 129960 1006
1297436414 1898091 59.839828 10.797672 117648 1001
1297436415 1899110 59.839942 10.797674 58091 1019
1297436416 1900111 59.839942 10.797674 73872 1001
1297436417 1901330 59.840177 10.797681 53486 1219
1297436418 1902361 59.840297 10.797703 39672 1031
1297436419 1903371 59.840411 10.797743 39672 1010
1297436420 1904420 59.840529 10.797783 28728 1049
1297436421 1905510 59.84064 10.79782 24624 1090
1297436422 1906520 59.840759 10.79786 38304 1010
1297436423 1907690 59.840876 10.797918 19152 1170
1297436425 1908761 59.84099 10.797958 35568 1071
1297436426 1909771 59.841107 10.798015 31464 1010
1297436427 1910860 59.841334 10.798127 16416 1089
1297436428 1911891 59.841334 10.798127 13680 1031
1297436429 1912900 59.841556 10.798239 16416 1009
1297436430 1913943 59.841664 10.798311 28728 1043
1297436431 1915121 59.841664 10.798311 1816 1178
1297436432 1916191 59.841884 10.79844 15048 1070
1297436433 1917251 59.841998 10.798533 15048 1060
1297436434 1918411 59.842099 10.79864 39594 1160
1297436435 1919431 59.842192 10.798743 42408 1020
1297436436 1920591 59.842291 10.798868 38921 1160
1297436437 1921611 59.842383 10.798989 36936 1020
1297436438 1922671 59.842473 10.799127 31464 1060
1297436441 1925081 59.842741 10.799546 10706 2410
1297436443 1926841 59.8429163333333 10.7998466666667 69367 1759
1297436444 1927851 59.843004 10.799997 50616 1010
1297436445 1928852 59.843079 10.800167 96252 1001
1297436446 1930001 59.843079 10.800167 146721 1149
1297436447 1931061 59.843194 10.800533 160010 1060
1297436448 1932072 59.843256 10.800717 129030 1011
1297436449 1933251 59.843319 10.800884 209325 1179
1297436450 1934252 59.843391 10.801037 198398 1001
1297436451 1935261 59.843469 10.801172 193809 1009
1297436452 1936262 59.843554 10.801311 197703 1001
1297436453 1937263 59.843644 10.801449 203715 1001
1297436454 1938322 59.843722 10.801584 176009 1059
1297436455 1939332 59.843814 10.801705 212079 1010
1297436456 1940341 59.843904 10.801844 248635 1009
1297436457 1941342 59.844001 10.801947 236201 1001
1297436458 1942343 59.844102 10.802054 200187 1001
1297436459 1943352 59.844208 10.802144 177025 1009
1297436460 1944362 59.844309 10.802212 209304 1010
1297436461 1945363 59.844424 10.802287 106133 1001
1297436462 1946371 59.844534 10.802342 162931 1008
1297436463 1947572 59.844636 10.802393 242029 1201
1297436465 1948761 59.844744 10.802464 220387 1189
1297436466 1949902 59.844955 10.80257 238423 1141
1297436467 1951071 59.844955 10.80257 246418 1169
1297436468 1952142 59.845146 10.802668 249195 1071
1297436469 1953292 59.845244 10.802719 286026 1150
1297436470 1954302 59.845338 10.802767 242136 1004
1297436471 1955312 59.845438 10.802835 152010 1010
1297436472 1956322 59.845528 10.802883 242136 1010
1297436473 1957332 59.845621 10.802948 184997 1010
1297436474 1958442 59.845711 10.802996 195739 1110
1297436475 1959452 59.845799 10.803061 231192 1001
1297436476 1960453 59.845887 10.803126 168927 1001
1297436477 1961462 59.845968 10.803188 226412 1009
1297436478 1962472 59.84605 10.803232 233287 1010
1297436479 1963473 59.846139 10.803279 209041 1001
1297436480 1964503 59.846217 10.803324 220083 1018
1297436481 1965512 59.846302 10.803371 211746 1009
1297436482 1966513 59.846381 10.803398 209334 1001
1297436483 1967743 59.846453 10.803422 201212 1230
1297436485 1968852 59.846533 10.803431 191865 1109
1297436486 1969922 59.846685 10.803463 187890 1070
1297436487 1971022 59.846764 10.80349 195724 1100
1297436488 1972023 59.846764 10.80349 231192 1001
1297436489 1973024 59.846911 10.803523 167996 1001
1297436490 1974032 59.846992 10.803532 188784 1008
1297436491 1975033 59.846992 10.803532 75372 1001
1297436492 1976043 59.847159 10.80348 123120 1010
1297436493 1977494 59.847233 10.803469 100036 1451
1297436494 1978495 59.847316 10.803443 235913 1001
1297436495 1979512 59.847388 10.803414 230114 1017
1297436496 1980513 59.847463 10.803385 282828 1001
1297436497 1981523 59.847539 10.803355 224867 1010
1297436498 1982533 59.847616 10.803309 218880 1010
1297436499 1983543 59.847707 10.803248 149316 1010
1297436500 1984553 59.847793 10.803187 144598 1010
1297436501 1985563 59.847886 10.803109 161424 1010
1297436502 1986583 59.847975 10.803013 123387 1020
1297436503 1987584 59.848078 10.802903 210672 1001
1297436504 1988593 59.848168 10.802789 183909 1009
1297436505 1989603 59.848263 10.802676 198360 1010
1297436506 1990642 59.84836 10.802545 38431 1039
1297436508 1992203 59.848549 10.802244 1368 1561
1297436509 1993224 59.848653 10.802078 269792 1021
1297436510 1994233 59.848746 10.801892 84816 1009
1297436511 1995243 59.848841 10.801726 135432 1010
1297436512 1996244 59.848927 10.801535 109288 1001
1297436513 1997253 59.849014 10.801328 110808 1009
1297436514 1998263 59.849089 10.801117 88920 1010
1297436515 1999304 59.849164 10.800905 37736 1041
1297436516 2000634 59.849241 10.800677 17784 1320
1297436522 2006473 59.84969325 10.79931575 15048 5839
1297436523 2007504 59.849768625 10.799088875 155952 1031
1297436524 2008524 59.849844 10.798862 28728 1019
1297436525 2009553 59.849882 10.798602 35424 1029
1297436526 2010583 59.849901 10.798389 47880 1030
1297436527 2011713 59.849908 10.798172 46984 1119
1297436528 2012724 59.849908 10.797972 56231 1011
1297436529 2013733 59.849908 10.797752 56445 1009
1297436530 2014743 59.849902 10.797532 99993 1010
1297436532 2015774 59.849902 10.797112 76170 1031
1297436533 2016793 59.849902 10.797112 108824 1003
1297436534 2017894 59.849877 10.796686 93449 1101
1297436535 2018903 59.849871 10.796483 118536 1009
1297436536 2019924 59.849871 10.796483 118745 1021
1297436537 2020944 59.849854 10.79606 101553 1020
1297436538 2022183 59.849838 10.795871 134438 1225
1297436539 2023185 59.849838 10.795871 87552 1002
1297436540 2024223 59.849805 10.795497 45398 1038
1297436541 2025224 59.84979 10.795329 64296 1001
1297436542 2026234 59.849767 10.795176 52514 1010
1297436543 2027259 59.849743 10.795022 53352 1025
1297436544 2028384 59.849723 10.794872 28131 1125
1297436545 2029414 59.849694 10.794736 100055 1030
1297436546 2030664 59.849669 10.7946 205096 1250
1297436547 2031674 59.849649 10.79445 135011 1010
1297436549 2032794 59.849633 10.7943 105099 1120
1297436550 2033804 59.849588 10.794013 107487 1010
1297436551 2034974 59.849588 10.794013 85267 1170
1297436552 2035984 59.849528 10.79372 84816 1010
1297436553 2037204 59.849498 10.793584 109555 1220
1297436554 2038225 59.849498 10.793584 72504 1021
1297436555 2039244 59.849432 10.793309 47880 1019
1297436556 2040264 59.849403 10.793173 72135 1020
1297436557 2041265 59.849375 10.793019 121103 1001
1297436558 2042274 59.849338 10.79288 145484 1009
1297436559 2043305 59.849302 10.792723 103979 1031
1297436560 2044314 59.849274 10.79257 175158 1009
1297436561 2045474 59.849251 10.792416 196858 1160
1297436562 2046714 59.849215 10.792259 214672 1237
1297436563 2047724 59.84918 10.792102 155820 1010
1297436564 2048734 59.849144 10.791945 114294 1010
1297436566 2049834 59.849109 10.791788 116766 1100
1297436567 2050855 59.849053 10.791481 69768 1021
1297436568 2051884 59.849039 10.791314 68400 1029
1297436569 2052904 59.849039 10.791314 65862 1020
1297436570 2053914 59.84901 10.790978 129960 1010
1297436571 2054915 59.849016 10.790817 71398 1001
1297436572 2055954 59.849016 10.790817 67032 1039
1297436573 2056964 59.849033 10.790477 42408 1010
1297436574 2058204 59.84904 10.790299 34361 1240
1297436575 2059254 59.849051 10.79012 28728 1050
1297436576 2060265 59.849062 10.789942 12312 1011
1297436644 2128118 59.853491 10.785228 4104 67853
1297436645 2129127 59.853687 10.785365 51984 1009
1297436646 2130268 59.853789 10.785416 59910 1059
1297436647 2131288 59.853897 10.785488 66583 1020
1297436648 2132338 59.854017 10.785563 80602 1050
1297436649 2133478 59.854138 10.785638 110280 1140
1297436650 2134638 59.854258 10.785713 183700 1160
1297436652 2135808 59.854518 10.78587 223950 1170
1297436653 2136818 59.854518 10.78587 142675 1010
1297436654 2137819 59.854784 10.786062 151934 1001
1297436655 2139008 59.854927 10.786162 202530 1189
1297436656 2140009 59.854927 10.786162 121489 1001
1297436657 2141018 59.855229 10.786349 141645 1009
1297436658 2142038 59.855389 10.786438 144558 1020
1297436659 2143058 59.855389 10.786438 149233 1020
1297436660 2144068 59.855704 10.786629 146376 1010
1297436661 2145078 59.855863 10.786718 44285 1010
1297436662 2146088 59.855863 10.786718 77976 1010
1297436663 2147098 59.856221 10.786834 86184 1010
1297436664 2148109 59.856395 10.786891 75624 1011
1297436665 2149128 59.856395 10.786891 75240 1019
1297436666 2150138 59.856773 10.786959 53352 1010
1297436667 2151158 59.856963 10.786984 38304 1020
1297436670 2153818 59.857541 10.786954 26569 2660
1297436671 2154829 59.857541 10.786954 45144 1011
1297436672 2155928 59.857952 10.786909 106873 1099
1297436673 2156938 59.858157 10.786888 102629 1010
1297436674 2157959 59.858157 10.786888 136919 1021
1297436675 2159128 59.858571 10.786846 149502 1169
1297436676 2160138 59.858782 10.786846 72809 1010
1297436677 2161148 59.858782 10.786846 73747 1010
1297436678 2162159 59.859203 10.786917 103968 1011
1297436679 2163298 59.859399 10.787001 155349 1139
1297436680 2164300 59.859593 10.787103 185628 1002
1297436681 2165309 59.859768 10.787198 184810 1009
1297436682 2166329 59.859951 10.787296 204161 1020
1297436683 2167339 59.860144 10.787363 225026 1010
1297436684 2168349 59.860354 10.787433 207591 1010
1297436685 2169359 59.860554 10.787465 228445 1010
1297436686 2170360 59.860759 10.787497 292752 1001
1297436687 2171369 59.86096 10.787529 221712 1009
1297436688 2172469 59.86116 10.787522 309870 1100
1297436689 2173489 59.861351 10.787477 268271 1020
1297436690 2174499 59.861536 10.787411 233893 1010
1297436691 2175548 59.861717 10.787289 258108 1048
1297436692 2176555 59.861899 10.787167 367445 1007
1297436693 2177559 59.8620826666667 10.7870216666667 323973 1004
1297436694 2178560 59.8622663333333 10.7868763333333 270307 1001
1297436695 2179561 59.86245 10.786731 312686 1001
1297436696 2180562 59.862646 10.786578 356205 1001
1297436697 2181581 59.862841 10.786442 351962 1009
1297436698 2182639 59.863029 10.786302 328020 1058
1297436700 2183789 59.863421 10.786013 304279 1150
1297436701 2184790 59.863421 10.786013 279072 1001
1297436702 2185791 59.863607 10.785891 169772 1001
1297436703 2186799 59.863999 10.785783 216144 1008
1297436704 2187809 59.863999 10.785783 170005 1010
1297436705 2188819 59.864421 10.785759 284544 1010
1297436706 2189820 59.864618 10.785735 257806 1001
1297436707 2190830 59.864618 10.785735 373870 1010
1297436708 2191832 59.865034 10.785637 361901 1002
1297436709 2192841 59.865243 10.785525 347700 1008
1297436710 2193850 59.865243 10.785525 404282 1009
1297436711 2194851 59.865677 10.785252 405009 1001
1297436712 2195852 59.865881 10.785102 489425 1001
1297436713 2196870 59.865881 10.785102 353670 1002
1297436714 2197880 59.866298 10.784805 296582 1010
1297436715 2198881 59.8665 10.784672 358416 1001
1297436716 2199890 59.8665 10.784672 277052 1008
1297436717 2200900 59.866918 10.784448 291191 1010
1297436718 2201920 59.867129 10.78441 367992 1006
1297436719 2202921 59.867129 10.78441 342407 1001
1297436720 2204130 59.867592 10.78442 344643 1209
1297436721 2205140 59.86782 10.784423 335160 1010
1297436722 2206141 59.86782 10.784423 302323 1001
1297436723 2207341 59.868261 10.784406 370288 1200
1297436724 2208350 59.868484 10.784371 321480 1009
1297436725 2209351 59.868698 10.784297 219104 1001
1297436726 2210470 59.868913 10.784168 221911 1119
1297436727 2211500 59.869137 10.783986 209304 1030
1297436728 2212520 59.869345 10.783744 120384 1019
1297436730 2214592 59.869737 10.783217 16384 2072
1297436731 2215610 59.869936 10.782937 257649 1018
1297436732 2216612 59.870132 10.782654 138168 1002
1297436733 2217620 59.870329 10.782371 100863 1008
1297436734 2218650 59.87052 10.782087 88920 1030
1297436735 2219700 59.870699 10.781801 28728 1050
1297436736 2220740 59.870887 10.781518 25992 1040
1297436738 2222191 59.871267 10.781025 2736 1451
1297436748 2232593 59.873614 10.779468 6840 10402
1297436776 2260069 59.880237 10.77461 1368 27473
1297436777 2261149 59.880634 10.774121 20520 1080
1297436845 2329344 59.894113 10.75794 19120 68195
1297436846 2330516 59.894338 10.757779 70903 1172
1297436848 2331936 59.894562 10.757596 8208 1420
1297436849 2333176 59.895007 10.757214 4104 1240
1297436850 2334436 59.895208 10.757007 4104 1260
1297436852 2335876 59.895587 10.756623 4104 1148
1297436877 2361449 59.899432 10.756664 1368 25573
1297436879 2363369 59.899726 10.756995 1368 1920
1297436880 2364527 59.899878 10.757172 8208 1158
1297436881 2365709 59.900019 10.757344 8208 1182
1297436883 2367130 59.900301 10.757725 12312 1421
1297436884 2368229 59.900301 10.757725 5197 1099
1297436885 2369350 59.900556 10.758135 10944 1121
1297436886 2370510 59.900675 10.758371 9576 1160
1297436887 2371750 59.90079 10.758608 19152 1240
1297436889 2372772 59.90089 10.758876 10944 1022
1297436890 2373809 59.900983 10.759123 13708 1037
1297436891 2374950 59.901146 10.759625 12312 1140
1297436899 2382961 59.901556 10.761249 13680 8011
1297436900 2383971 59.901644 10.761672 71553 1010
1297436901 2385131 59.901687 10.761885 145240 1160
1297436902 2386132 59.901687 10.761885 163831 1001
1297436903 2387141 59.901773 10.762273 117406 1009
1297436904 2388201 59.90181625 10.76246325 166272 1060
1297436905 2389211 59.9018595 10.7626535 211782 1010
1297436906 2390212 59.90190275 10.76284375 276648 1001
1297436907 2391391 59.901946 10.763034 301257 1179
1297436908 2392402 59.901939 10.763213 249801 1011
1297436909 2393411 59.901933 10.763392 257388 1009
1297436910 2394412 59.901947 10.76356 243073 1001
1297436911 2395421 59.901961 10.763728 258587 1009
1297436912 2396422 59.901976 10.763896 321560 1001
1297436913 2397432 59.902002 10.764053 443198 1010
1297436914 2398433 59.902025 10.764207 547200 1001
1297436915 2399442 59.902059 10.764329 394840 1009
1297436916 2400443 59.902103 10.764475 411925 1001
1297436917 2401451 59.90215 10.764621 227084 1008
1297436918 2402462 59.902191 10.764764 160172 1011
1297436919 2403471 59.90225 10.764914 269496 1009
1297436920 2404561 59.902298 10.76506 7165 1090
1297436921 2405562 59.902347 10.765189 164160 1001
1297436922 2406568 59.902398 10.765353 185943 1006
1297436923 2407572 59.902454 10.765502 337896 1004
1297436924 2408582 59.902501 10.765648 243852 1010
1297436925 2409592 59.902551 10.765777 196767 1010
1297436926 2410743 59.90261 10.765927 187416 1151
1297436928 2411762 59.902663 10.766073 182978 1009
1297436929 2412772 59.902728 10.766205 138168 1010
1297436930 2413781 59.902787 10.766334 146376 1009
1297436931 2414932 59.902908 10.766591 114161 1151
1297436932 2415952 59.902908 10.766591 127224 1020
1297436933 2416962 59.903033 10.766848 105336 1002
1297436934 2417992 59.903097 10.766959 94392 1030
1297436935 2419002 59.903097 10.766959 34200 1010
1297436948 2431753 59.9041083469388 10.7676514489796 2736 12751
1297436964 2448085 59.9053530816327 10.7685036938776 1473 16332
1297436965 2449105 59.905430877551 10.7685569591837 69204 1020
1297436966 2450115 59.9055086734694 10.7686102244898 100427 1010
1297436967 2451116 59.9055864693878 10.7686634897959 88211 1001
1297436968 2452155 59.9056642653061 10.768716755102 129010 1039
1297436969 2453326 59.9057420612245 10.7687700204082 76652 1171
1297436970 2454385 59.9058198571429 10.7688232857143 149481 1059
1297436971 2455406 59.9058976530612 10.7688765510204 130067 1007
1297436972 2456416 59.9059754489796 10.7689298163265 110259 1010
1297436973 2457576 59.906053244898 10.7689830816327 146498 1160
1297436974 2458586 59.9061310408163 10.7690363469388 183417 1010
1297436975 2459596 59.9062088367347 10.7690896122449 197426 1010
1297436976 2460976 59.9062866326531 10.769142877551 80014 1016
1297436977 2462006 59.9063644285714 10.7691961428571 55451 1029
1297436978 2463226 59.9064422244898 10.7692494081633 15048 1220
1297436979 2464246 59.9065200204082 10.7693026734694 119016 1020
1297436980 2465255 59.9065978163265 10.7693559387755 46564 1009
1297436981 2466466 59.9066756122449 10.7694092040816 117688 1211
1297436982 2467476 59.9067534081633 10.7694624693878 113544 1010
1297436984 2468477 59.906909 10.769569 92529 1001
1297436985 2469486 59.906961 10.769295 96535 1009
1297436986 2470496 59.907016 10.769038 71653 1010
1297436987 2471506 59.907059 10.768792 80712 1010
1297436988 2472526 59.907099 10.768582 57110 1020
1297436989 2473536 59.907131 10.768406 95760 1010
1297436990 2474546 59.907164 10.768231 98431 1010
1297436991 2475556 59.907196 10.768055 99528 1010
1297436992 2476566 59.907224 10.767879 110144 1010
1297436993 2477567 59.907255 10.767721 116475 1001
1297436994 2478636 59.907282 10.767563 142393 1069
1297436995 2479646 59.90731 10.767426 186048 1010
1297436996 2480656 59.907334 10.767303 191215 1010
1297436997 2481657 59.90736 10.767184 200363 1001
1297436998 2482666 59.907387 10.767064 184680 1009
1297436999 2483667 59.90742 10.766966 165528 1001
1297437000 2484676 59.907451 10.766846 196487 1009
1297437001 2485677 59.907486 10.76673 179171 1001
1297437002 2486686 59.90752 10.766614 191520 1009
1297437003 2487696 59.907555 10.766497 135432 1010
1297437004 2488707 59.907588 10.766399 157631 1011
1297437006 2489827 59.907644 10.766216 238400 1120
1297437007 2490828 59.907644 10.766216 294120 1001
1297437008 2491848 59.907716 10.766001 224573 1008
1297437009 2492997 59.907742 10.765899 199766 1149
1297437010 2494007 59.907742 10.765899 206676 1010
1297437011 2495017 59.907814 10.765684 166342 1010
1297437012 2496027 59.90784 10.765564 209304 1010
1297437013 2497107 59.90784 10.765564 157173 1026
1297437014 2498127 59.907903 10.765349 124488 1020
1297437015 2499137 59.907938 10.765233 194256 1010
1297437016 2500147 59.907938 10.765233 205200 1010
1297437017 2501568 59.90801 10.765018 104083 1421
1297437018 2502587 59.908052 10.764905 160344 1010
1297437019 2503607 59.908094 10.764793 155355 1020
1297437020 2504617 59.908128 10.764676 242136 1010
1297437021 2505627 59.9081645483871 10.7645520322581 218880 1010
1297437022 2506628 59.9082010967742 10.7644280645161 171441 1001
1297437023 2507647 59.9082376451613 10.7643040967742 235296 1005
1297437024 2508667 59.9082741935484 10.7641801290323 178456 1020
1297437025 2509723 59.9083107419355 10.7640561612903 181944 1056
1297437026 2510727 59.9083472903226 10.7639321935484 243504 1002
1297437027 2511731 59.9083838387097 10.7638082258065 153801 1004
1297437028 2512747 59.9084203870968 10.7636842580645 218880 1016
1297437029 2513758 59.9084569354839 10.7635602903226 181384 1011
1297437030 2514770 59.908493483871 10.7634363225806 192512 1012
1297437031 2515777 59.9085300322581 10.7633123548387 224352 1007
1297437032 2516787 59.9085665806452 10.7631883870968 170551 1010
1297437033 2517788 59.9086031290323 10.7630644193548 124488 1001
1297437034 2518797 59.9086396774194 10.7629404516129 124144 1009
1297437035 2519808 59.9086762258065 10.762816483871 176348 1011
1297437036 2520967 59.9087127741935 10.762692516129 228810 1159
1297437037 2521968 59.9087493225806 10.7625685483871 72504 1001
1297437038 2522977 59.9087858709677 10.7624445806452 88920 1009
1297437039 2523997 59.9088224193548 10.7623206129032 41040 1020
1297437049 2533938 59.9091879032258 10.7610809354839 16384 9941
1297437051 2535047 59.909261 10.760833 83907 1108
1297437052 2536488 59.909261 10.760833 39640 1441
1297437053 2537497 59.90936 10.760485 45441 1009
1297437054 2538498 59.909407 10.760301 79452 1001
1297437055 2539530 59.90946 10.760118 57389 1032
1297437056 2540538 59.9095 10.759932 53139 1008
1297437057 2541567 59.909551 10.759766 58741 1029
1297437058 2542607 59.9096 10.759618 43776 1040
1297437059 2543688 59.909639 10.759449 10820 1081
1297437060 2544708 59.909676 10.759298 59756 1020
1297437061 2545728 59.909714 10.759147 42167 1020
1297437063 2546798 59.909793 10.758791 20839 1070
1297437064 2547838 59.909793 10.758791 21888 1040
1297437065 2548898 59.909881 10.758474 6840 1060
1297437066 2549908 59.90992 10.758305 13680 1010
1297437067 2550937 59.90992 10.758305 8254 1029
1297437068 2552080 59.910003 10.75795 25992 1143
1297437069 2553098 59.910042 10.757781 12312 1018
1297437071 2555144 59.910138 10.757468 8208 2046
1297437072 2556698 59.910186 10.757284 14565 1554
1297437074 2558036 59.91029 10.756918 66916 1338
1297437075 2559339 59.910343 10.756735 60817 1303
1297437076 2560348 59.910386 10.756566 66847 1009
1297437077 2561508 59.910432 10.756401 37489 1160
1297437078 2562565 59.910475 10.756232 39672 1057
1297437079 2563618 59.910519 10.756063 17300 1053
1297437080 2564738 59.910564 10.755915 13680 1120
1297437082 2565778 59.910607 10.755746 10944 1040
1297437083 2566978 59.910706 10.75545 10944 1122
1297437084 2568059 59.910744 10.755281 9576 1081
1297437085 2569168 59.910744 10.755281 8613 1109
1297437086 2570488 59.910804 10.75501 13680 1320
1297437087 2571498 59.910838 10.754894 10944 1010
1297437088 2572518 59.910864 10.754792 6840 1020
1297437089 2573658 59.910882 10.754725 6840 1140
1297437090 2574220 59.910898 10.754675 4104 562
