1297437489 81873 59.910069 10.754844 115065 1001
1297437490 82883 59.910058 10.754823 205682 1009
1297437491 83905 59.910043 10.754803 227570 1022
1297437492 84913 59.910043 10.754803 96078 1008
1297437493 85923 59.910039 10.754803 100816 1010
1297437494 87053 59.910031 10.754785 69277 1130
1297437495 88063 59.910031 10.754785 88407 1010
1297437496 89073 59.910028 10.754767 74129 1010
1297437497 90263 59.910029 10.75475 63362 1190
1297437498 91383 59.910025 10.75475 58839 1120
1297437499 92423 59.910026 10.754732 38304 1040
1297437500 93453 59.910019 10.754729 24749 1030
1297437501 94473 59.910014 10.754729 25992 1020
1297437502 95523 59.910014 10.754729 21888 1050
1297437503 96543 59.910004 10.754708 32832 1020
1297437504 97553 59.910002 10.754726 56047 1010
1297437505 98563 59.909998 10.754726 78596 1010
1297437506 99583 59.909985 10.754722 74319 1020
1297437507 100593 59.909973 10.754719 69030 1010
1297437508 101603 59.909969 10.754719 78253 1010
1297437509 102623 59.909961 10.754701 60921 1020
1297437510 103633 59.909961 10.754687 67032 1010
1297437511 104653 59.909949 10.75467 35733 1020
1297437512 105693 59.909942 10.754652 42408 1040
1297437513 106713 59.909937 10.754638 41040 1020
1297437514 107714 59.909931 10.754603 34581 1001
1297437515 108723 59.909931 10.754589 69768 1009
1297437516 109733 59.909937 10.754557 50684 1010
1297437518 110763 59.909934 10.754539 51984 1030
1297437519 111773 59.909931 10.754522 42912 1010
1297437520 112793 59.909934 10.754487 54082 1020
1297437521 113803 59.909939 10.754472 63198 1010
1297437522 114813 59.909948 10.754458 50057 1010
1297437523 115824 59.909951 10.754423 77219 1011
1297437524 116834 59.909964 10.754409 95267 1010
1297437525 117854 59.909966 10.754391 90891 1008
1297437526 118994 59.909976 10.754359 85682 1140
1297437527 120004 59.909976 10.754359 82163 1010
1297437528 121023 59.909976 10.754359 62610 1019
1297437529 122034 59.909972 10.754359 57456 1011
1297437530 123064 59.909973 10.754342 56256 1030
1297437531 124134 59.909973 10.754342 63906 1070
1297437532 125144 59.909975 10.754324 112434 1010
1297437533 126164 59.90997 10.754324 99551 1020
1297437534 127174 59.90997 10.754324 141188 1010
1297437535 128194 59.909972 10.754307 116955 1016
1297437536 129204 59.90995 10.754318 100657 1010
1297437537 130205 59.90995 10.754318 143632 1001
1297437538 131214 59.909916 10.754343 106554 1009
1297437539 132224 59.909902 10.754357 127557 1010
1297437540 133234 59.909902 10.754357 77130 1004
1297437541 134434 59.909872 10.754382 114539 1200
1297437542 135454 59.909855 10.754393 117648 1020
1297437543 136504 59.909834 10.754404 81121 1050
1297437544 137614 59.90982 10.754418 10944 1110
1297437545 138654 59.909811 10.754432 6840 1034
1297437546 139674 59.909805 10.75445 6840 1020
1297437548 140774 59.909793 10.754446 20520 1100
1297437549 141804 59.909779 10.754461 20520 1030
1297437553 146585 59.909761 10.754475 16384 4781
1297437555 147769 59.909742 10.754492 97862 1184
1297437556 148774 59.909747 10.754478 107738 1005
1297437557 149775 59.909745 10.754482 97204 1001
1297437558 150884 59.909747 10.754503 154185 1108
1297437559 151894 59.909738 10.754503 96095 1010
1297437560 152895 59.909733 10.754503 123293 1001
1297437561 153905 59.909724 10.754503 149114 1010
1297437562 154915 59.90972 10.754503 131102 1010
1297437563 155935 59.909726 10.754509 98059 1008
1297437564 156945 59.909726 10.754509 64296 1010
1297437565 157954 59.909723 10.75453 55867 1009
1297437566 159165 59.909723 10.75453 69768 1211
1297437567 160184 59.909719 10.75453 53111 1018
1297437568 161295 59.909695 10.754562 79537 1111
1297437569 162665 59.909668 10.75459 41040 1370
1297437570 163735 59.909653 10.754622 15048 1070
1297437572 164775 59.909616 10.754665 28728 1040
1297437573 165835 59.90958 10.754707 24624 1060
1297437574 167005 59.909521 10.754817 19267 1170
1297437575 168015 59.909493 10.754863 19152 1010
1297437576 169045 59.909493 10.754863 20520 1030
1297437577 170055 59.909454 10.754979 24418 1010
1297437578 171067 59.909424 10.755043 70405 1012
1297437579 172135 59.909424 10.755043 67997 1068
1297437580 173155 59.909371 10.755173 32832 1020
1297437581 174235 59.909335 10.755254 17784 1080
1297437582 175385 59.909296 10.755332 13680 1150
1297437583 176635 59.909277 10.755417 5325 1250
1297437584 177665 59.909253 10.755501 9576 1030
1297437585 178705 59.90922 10.7556 20520 1040
1297437587 179768 59.909192 10.755698 15048 1063
1297437588 180835 59.909183 10.755804 37523 1067
1297437589 181915 59.909188 10.755895 17784 1080
1297437590 183165 59.909161 10.75612 1368 1250
1297437591 184166 59.909161 10.75612 115861 1001
1297437592 185335 59.909129 10.756377 79260 1169
1297437593 186365 59.90911 10.756514 28728 1030
1297437594 187666 59.909083 10.756647 16416 1301
1297437596 189285 59.909038 10.756939 13680 1619
1297437597 190406 59.909011 10.757073 14756 1120
1297437598 191467 59.908998 10.757231 9576 1061
1297437599 192507 59.908979 10.757368 17784 1040
1297437600 193575 59.908959 10.757523 16416 1068
1297437601 194716 59.908923 10.757671 5472 1141
1297437603 196047 59.908878 10.757819 6840 1331
1297437604 197716 59.908786 10.758147 4104 1669
1297437605 198747 59.908749 10.758298 4104 1031
1297437607 200126 59.908708 10.758607 2736 1379
1297437608 201136 59.908695 10.758765 30644 1010
1297437609 202166 59.908695 10.758765 27360 1030
1297437610 203187 59.90865 10.759057 30096 1021
1297437611 204226 59.908624 10.759229 28728 1039
1297437615 208376 59.908555 10.759882 10979 4150
1297437616 209396 59.908544 10.760061 49248 1020
1297437618 210776 59.908528 10.76024 17784 1380
1297437619 211906 59.90851 10.760398 16403 1130
1297437620 212936 59.908446 10.760708 8208 1030
1297437621 214006 59.908446 10.760708 16416 1070
1297437622 215205 59.908396 10.761055 16416 1199
1297437623 216456 59.908377 10.761231 54784 1251
1297437624 217476 59.908361 10.76141 36936 1020
1297437625 218569 59.908342 10.761586 33650 1093
1297437626 219576 59.908317 10.761779 34200 1007
1297437627 220647 59.908298 10.761954 39672 1071
1297437628 221666 59.908275 10.76213 34795 1019
1297437629 222708 59.908244 10.762302 23256 1042
1297437630 223757 59.908219 10.762457 17784 1049
1297437632 224767 59.908197 10.762615 29858 1010
1297437633 225772 59.908179 10.762773 9576 1005
1297437634 226776 59.908155 10.762948 36936 1004
1297437635 227907 59.908135 10.763089 21828 1131
1297437636 228916 59.908113 10.763247 68400 1009
1297437637 229927 59.908083 10.763401 35020 1011
1297437638 230946 59.90799 10.763718 60192 1019
1297437639 231956 59.90799 10.763718 51806 1010
1297437640 233096 59.907882 10.764029 53929 1140
1297437641 234177 59.907827 10.764194 51622 1081
1297437642 235237 59.907827 10.764194 53611 1060
1297437643 236247 59.907733 10.764529 55232 1010
1297437644 237257 59.907685 10.764697 96554 1010
1297437645 238277 59.907685 10.764697 93824 1020
1297437646 239287 59.907577 10.764993 147488 1009
1297437647 240337 59.90751 10.765156 129333 1050
1297437648 241347 59.90751 10.765156 80582 1010
1297437649 242357 59.907383 10.765442 90977 1010
1297437650 243367 59.907322 10.765586 109440 1010
1297437651 244377 59.907257 10.765728 136945 1010
1297437652 245387 59.907196 10.765872 180648 1010
1297437653 246407 59.907133 10.766034 84011 1009
1297437654 247427 59.907063 10.766176 85719 1020
1297437655 248437 59.907005 10.766338 41040 1010
1297437656 249477 59.906934 10.766497 32832 1040
1297437657 250508 59.906873 10.766642 23256 1031
1297437658 251577 59.906802 10.7668 15212 1069
1297437659 252587 59.906733 10.766942 19152 1010
1297437660 253627 59.906662 10.767101 28728 1040
1297437674 267982 59.9055203636364 10.7690011818182 13680 14355
1297437675 269021 59.9054388181818 10.7691369090909 8208 1039
1297437676 270162 59.9053572727273 10.7692726363636 9576 1141
1297437677 271192 59.9052757272727 10.7694083636364 8208 1030
1297437678 272251 59.9051941818182 10.7695440909091 8208 1059
1297437679 273381 59.9051126363636 10.7696798181818 9576 1130
1297437680 274462 59.9050310909091 10.7698155454545 9576 1081
1297437682 275472 59.904868 10.770087 23551 1010
1297437684 276942 59.904694 10.769922 62533 1470
1297437685 278182 59.904393 10.769517 79270 1240
1297437686 279272 59.904258 10.769291 145473 1079
1297437687 280352 59.904258 10.769291 142359 1080
1297437688 281363 59.90411725 10.769023875 153649 1011
1297437689 282372 59.9039765 10.76875675 134155 1009
1297437690 283373 59.90383575 10.768489625 194274 1001
1297437691 284382 59.903695 10.7682225 107305 1009
1297437692 285714 59.90355425 10.767955375 39672 1332
1297437693 286912 59.9034135 10.76768825 177367 1198
1297437695 287914 59.903132 10.767154 114912 1002
1297437696 288962 59.903132 10.767154 98490 1048
1297437697 290002 59.902922 10.766664 80957 1040
1297437698 291012 59.902824 10.766431 127132 1010
1297437699 292023 59.902824 10.766431 125192 1011
1297437700 293042 59.902629 10.765947 75043 1019
1297437701 294072 59.902539 10.765717 77976 1030
1297437702 295102 59.902539 10.765717 28714 1030
1297437703 296342 59.902359 10.76524 15048 1240
1297437704 297343 59.902281 10.765013 188330 1001
1297437705 298344 59.902281 10.765013 283786 1001
1297437706 299353 59.902127 10.764564 158812 1009
1297437707 300363 59.902058 10.764323 227114 1010
1297437708 301373 59.901987 10.7641 150480 1010
1297437709 302383 59.901921 10.763877 114136 1010
1297437710 303453 59.901858 10.763657 149461 1070
1297437711 304662 59.901801 10.76342 242278 1209
1297437712 305673 59.901742 10.7632 195624 1011
1297437714 306883 59.901693 10.762966 118078 1210
1297437715 307893 59.901636 10.762728 132696 1010
1297437716 308903 59.901568 10.7624266666667 142272 1010
1297437717 309912 59.9015 10.7621253333333 145653 1009
1297437718 310992 59.901432 10.761824 173651 1070
1297437719 312233 59.901378 10.76159 285868 1241
1297437720 313243 59.901378 10.76159 240768 1010
1297437721 314244 59.901277 10.76114 256682 1001
1297437722 315245 59.901216 10.760902 313887 1001
1297437723 316253 59.901216 10.760902 280171 1008
1297437724 317263 59.901091 10.760445 199089 1010
1297437725 318303 59.901034 10.760208 237636 1040
1297437726 319363 59.901034 10.760208 294545 1060
1297437727 320374 59.90093 10.759754 315971 1011
1297437728 321383 59.900881 10.75952 261388 1009
1297437729 322453 59.900822 10.7593 233643 1070
1297437730 323454 59.900765 10.759063 310518 1001
1297437731 324463 59.900714 10.758847 299904 1009
1297437732 325464 59.900655 10.758627 303696 1001
1297437733 326483 59.900585 10.758404 196383 1008
1297437734 327493 59.900512 10.758198 188014 1010
1297437735 328503 59.900427 10.758007 225720 1010
1297437736 329523 59.900333 10.757812 193520 1020
1297437737 330524 59.90024 10.757618 218880 1001
1297437738 331624 59.900131 10.757455 174870 1018
1297437739 332633 59.900012 10.757271 196992 1009
1297437740 333634 59.899904 10.757108 154200 1001
1297437741 334644 59.899788 10.756942 232560 1010
1297437742 335663 59.899666 10.756793 175060 1019
1297437744 336994 59.899544 10.756644 266837 1204
1297437745 338004 59.899279 10.756358 235296 1010
1297437746 339013 59.899148 10.756224 187569 1009
1297437747 340194 59.899148 10.756224 192166 1181
1297437748 341204 59.898869 10.755951 150480 1010
1297437749 342223 59.898736 10.755834 143640 1019
1297437750 343234 59.898736 10.755834 73953 1011
1297437751 344243 59.898446 10.755612 79344 1009
1297437752 345254 59.898298 10.755526 71136 1011
1297437753 346264 59.898298 10.755526 109714 1010
1297437754 347273 59.897992 10.755388 116280 1009
1297437755 348294 59.897836 10.755356 61560 1021
1297437756 349333 59.897836 10.755356 51984 1030
1297437757 350343 59.897522 10.755322 51280 1010
1297437758 351374 59.897359 10.755322 28728 1031
1297437759 352384 59.897199 10.755342 67032 1010
1297437760 353534 59.897036 10.75538 131045 1150
1297437761 354574 59.896877 10.755435 110808 1040
1297437762 355603 59.896714 10.75549 36936 1029
1297437763 356724 59.896553 10.755563 9576 1121
1297437765 358144 59.896391 10.755653 22845 1420
1297437766 359164 59.89607 10.755838 60192 1020
1297437767 360184 59.895907 10.755946 63217 1020
1297437768 361414 59.895745 10.756074 117579 1230
1297437769 362464 59.895586 10.756221 130545 1050
1297437770 363474 59.895426 10.756385 91656 1010
1297437771 364484 59.895269 10.756552 88569 1010
1297437772 365654 59.895104 10.756716 111392 1170
1297437773 366674 59.894947 10.756883 127224 1020
1297437774 367714 59.894788 10.757068 138988 1040
1297437775 368715 59.894622 10.757249 212481 1001
1297437777 369814 59.894455 10.757448 189246 1001
1297437778 370834 59.894285 10.757612 207334 1020
1297437779 371835 59.894115 10.757794 309827 1001
1297437780 372844 59.893939 10.757937 320984 1009
1297437781 373845 59.893763 10.758097 271083 1001
1297437782 374846 59.89358 10.758237 280507 1001
1297437783 375854 59.893404 10.75838 158117 1008
1297437784 376855 59.89322 10.758537 99020 1001
1297437785 377994 59.892849 10.758869 210001 1139
1297437786 379004 59.892849 10.758869 274968 1010
1297437787 380005 59.892669 10.759027 228563 1001
1297437788 381054 59.892326 10.759316 145618 1049
1297437789 382065 59.892326 10.759316 131328 1011
1297437790 383066 59.892026 10.759661 142272 1001
1297437791 384194 59.891931 10.759851 136767 1128
1297437792 385195 59.891931 10.759851 76608 1001
1297437793 386205 59.891535 10.760247 99864 1010
1297437794 387214 59.891363 10.760446 114397 1009
1297437795 388225 59.891363 10.760446 147744 1011
1297437796 389235 59.891029 10.760826 224544 1010
1297437797 390245 59.890869 10.761028 164031 1010
1297437798 391255 59.890869 10.761028 186452 1010
1297437799 392265 59.890551 10.761415 142963 1010
1297437800 393275 59.890398 10.761621 163327 1010
1297437801 394295 59.890398 10.761621 147624 1020
1297437802 395315 59.890107 10.762071 176472 1020
1297437803 396325 59.889972 10.762318 144281 1010
1297437804 397505 59.889836 10.762566 152477 1170
1297437805 398515 59.889709 10.762816 127224 1010
1297437806 399516 59.889581 10.763067 122725 1001
1297437807 400525 59.889453 10.763318 177840 1009
1297437808 401635 59.889317 10.763565 72580 1110
1297437810 402855 59.889183 10.763795 199728 1014
1297437811 403965 59.888892 10.764231 165358 1110
1297437812 404975 59.888749 10.764422 191520 1010
1297437813 405986 59.888749 10.764422 143058 1011
1297437814 407015 59.888424 10.764774 127412 1029
1297437815 408025 59.888255 10.764938 154584 1010
1297437816 409045 59.888255 10.764938 117573 1020
1297437817 410046 59.887923 10.765286 161424 1001
1297437818 411055 59.887757 10.765468 130094 1009
1297437819 412056 59.887757 10.765468 209304 1001
1297437820 413065 59.887443 10.765893 174966 1009
1297437821 414095 59.8873 10.766137 135744 1030
1297437822 415105 59.8873 10.766137 164160 1010
1297437823 416115 59.8871553548387 10.7663919032258 121752 1010
1297437824 417135 59.8870107096774 10.7666468064516 65676 1020
1297437826 419216 59.8867214193548 10.7671566129032 20520 2081
1297437846 439458 59.883828516129 10.7722546774194 19152 20242
1297437847 440747 59.8836838709677 10.7725095806452 57424 1289
1297437848 441770 59.8835392258065 10.772764483871 175136 1022
1297437849 442778 59.8833945806452 10.7730193870968 65057 1008
1297437850 443788 59.8832499354839 10.7732742903226 39230 1009
1297437851 444798 59.8831052903226 10.7735291935484 139485 1010
1297437853 445799 59.882816 10.774039 187894 1001
1297437854 446808 59.882562 10.774064 213316 1009
1297437855 447809 59.882325 10.774113 221914 1001
1297437856 448939 59.882107 10.774187 235975 1130
1297437857 449940 59.881657 10.774401 264048 1001
1297437858 450949 59.881657 10.774401 257550 1009
1297437859 451959 59.88123 10.774678 198651 1009
1297437860 452969 59.881015 10.774807 258050 1009
1297437861 453979 59.881015 10.774807 250974 1010
1297437862 454980 59.880595 10.775105 262824 1001
1297437863 456029 59.880378 10.775252 227658 1049
1297437864 457038 59.880378 10.775252 184680 1009
1297437865 458059 59.879939 10.775525 97128 1021
1297437866 459088 59.879724 10.775654 71136 1029
1297437867 460118 59.879724 10.775654 62928 1030
1297437868 461128 59.879285 10.775928 19380 1010
1297437869 462229 59.879071 10.776057 10944 1101
1297437870 463329 59.879071 10.776057 12312 1100
1297437871 464409 59.878622 10.776292 23256 1080
1297437872 465429 59.878394 10.776397 27360 1020
1297437873 466499 59.878173 10.776506 16416 1070
1297437874 467529 59.87795 10.776632 20520 1030
1297437875 468549 59.87772 10.776755 19152 1020
1297437876 469550 59.877497 10.776881 27360 1001
1297437877 470559 59.877276 10.77699 25992 1009
1297437878 471609 59.877048 10.777133 23256 1050
1297437879 472649 59.876825 10.77726 23256 1035
1297437880 473669 59.876602 10.777386 19776 1020
1297437881 474709 59.876388 10.777515 25992 1040
1297437882 475729 59.876159 10.777659 20520 1020
1297437884 476769 59.875944 10.777788 16416 1040
1297437885 477829 59.875729 10.777918 8516 1060
1297437886 478879 59.875516 10.778068 19152 1050
1297437887 479909 59.875306 10.778236 28728 1030
1297437888 480949 59.875097 10.778387 19854 1040
1297437889 481969 59.874681 10.778722 21888 1020
1297437890 483039 59.874477 10.778911 24624 1070
1297437891 484070 59.874477 10.778911 20520 1031
1297437892 485079 59.874073 10.77925 18115 1009
1297437893 486119 59.873875 10.779422 28728 1040
1297437894 487139 59.873875 10.779422 31291 1020
1297437895 488149 59.87347 10.779726 27360 1010
1297437896 489150 59.873259 10.779855 36936 1001
1297437897 490159 59.873259 10.779855 70976 1009
1297437898 491229 59.87284 10.780082 24401 1070
1297437899 492239 59.872627 10.780194 56088 1010
1297437900 493489 59.872418 10.780306 28613 1241
1297437901 494519 59.872203 10.780436 21888 1030
1297437902 495579 59.872 10.780568 12312 1060
1297437904 496879 59.871797 10.780701 4104 1300
1297437905 498169 59.871391 10.780967 5472 1289
1297437909 502070 59.871 10.781257 16384 3900
1297437910 503120 59.870443 10.781763 18753 1050
1297437911 504130 59.870263 10.781958 12312 1010
1297437943 536220 59.864967 10.785271 6840 32090
1297437944 537230 59.864802 10.785343 49248 1010
1297437945 538250 59.864802 10.785343 79892 1020
1297437946 539351 59.864453 10.785464 189042 1101
1297437947 540460 59.864271 10.785495 185979 1109
1297437948 541461 59.864095 10.785508 178026 1001
1297437949 542462 59.863916 10.785504 220513 1001
1297437950 543630 59.863728 10.785514 265809 1168
1297437951 544631 59.863536 10.785524 358803 1001
1297437952 545641 59.863355 10.785538 291147 1010
1297437953 546642 59.863173 10.785569 348519 1001
1297437954 547651 59.862988 10.785634 544205 1009
1297437955 548652 59.862803 10.7857 449615 1001
1297437956 549661 59.862628 10.785805 347015 1009
1297437957 550663 59.862454 10.78593 404201 1002
1297437958 551664 59.862284 10.786055 348284 1001
1297437959 552671 59.862123 10.786184 461874 1007
1297437960 553672 59.861947 10.786327 301079 1001
1297437961 554681 59.861785 10.786455 369425 1009
1297437963 555811 59.861616 10.78658 340678 1130
1297437964 556812 59.861454 10.786709 392738 1001
1297437965 557821 59.86128 10.786834 392706 1009
1297437966 558831 59.861112 10.786942 285288 1010
1297437967 559832 59.860945 10.787032 387465 1001
1297437968 560991 59.860599 10.787174 378006 1159
1297437969 561993 59.860599 10.787174 438707 1002
1297437970 563141 59.86025 10.787204 436549 1148
1297437971 564151 59.860078 10.787203 296856 1010
1297437972 565162 59.860078 10.787203 255372 1011
1297437973 566163 59.85972 10.787104 339724 1001
1297437974 567171 59.859542 10.787043 316260 1008
1297437975 568182 59.859542 10.787043 203832 1011
1297437976 569191 59.859191 10.786856 213408 1009
1297437977 570201 59.85901 10.786779 196992 1010
1297437978 571221 59.85901 10.786779 102367 1020
1297437979 572242 59.858645 10.78662 145008 1015
1297437980 573251 59.858461 10.786578 77976 1009
1297437981 574271 59.858461 10.786578 97128 1020
1297437982 575281 59.858085 10.786545 118661 1010
1297437983 576301 59.857898 10.786537 119016 1020
1297437984 577351 59.857898 10.786537 64296 1038
1297437985 578381 59.857525 10.786561 50616 1030
1297437986 579401 59.857337 10.786571 39019 1020
1297437987 580402 59.857149 10.786581 113544 1001
1297437988 581431 59.856955 10.786608 131706 1029
1297437989 582461 59.85676 10.786597 166896 1017
1297437990 583471 59.856569 10.78659 101329 1010
1297437991 584482 59.856383 10.786582 165528 1011
1297437992 585491 59.856187 10.786536 111679 1009
1297437993 586501 59.856004 10.786476 175104 1010
1297437994 587521 59.855814 10.786413 121847 1009
1297437995 588551 59.855635 10.786318 84816 1030
1297437996 589571 59.855459 10.78624 65080 1020
1297437997 590581 59.855281 10.786127 125856 1010
1297437998 591582 59.855107 10.786015 81352 1001
1297437999 592596 59.854922 10.785899 151848 1002
1297438000 593602 59.854748 10.785786 98569 1005
1297438001 594620 59.854575 10.785673 190152 1018
1297438002 595623 59.854409 10.785564 123066 1003
1297438003 596682 59.854235 10.785451 212307 1059
1297438004 597692 59.854066 10.785324 234813 1010
1297438005 598702 59.853893 10.785212 220954 1010
1297438007 599856 59.853721 10.785082 308314 1154
1297438008 600862 59.853557 10.784955 254626 1006
1297438009 601872 59.853392 10.784828 288498 1010
1297438010 602892 59.85322 10.784698 157170 1014
1297438011 603893 59.853054 10.784588 196285 1001
1297438012 605072 59.852711 10.784419 311292 1179
1297438013 606082 59.852532 10.784376 329840 1010
1297438014 607083 59.852532 10.784376 374930 1001
1297438015 608092 59.852181 10.784333 316859 1009
1297438016 609102 59.852011 10.784367 226957 1010
1297438017 610142 59.852011 10.784367 213408 1040
1297438018 611162 59.851664 10.784471 119016 1020
1297438019 612163 59.851497 10.784561 213171 1001
1297438020 613168 59.851497 10.784561 302328 1005
1297438021 614172 59.851172 10.784797 226602 1004
1297438022 615192 59.851018 10.784929 151848 1020
1297438023 616222 59.851018 10.784929 116280 1030
1297438024 617223 59.850702 10.785242 102600 1001
1297438025 618232 59.850546 10.785391 94392 1009
1297438026 619342 59.850546 10.785391 24624 1110
1297438027 620352 59.850232 10.785725 10944 1010
1297438028 621392 59.850081 10.785913 13680 1040
1297438029 622442 59.849929 10.786118 16416 1050
1297438030 623472 59.849779 10.786341 20520 1030
1297438031 624512 59.849645 10.78657 19152 1040
1297438033 625912 59.849514 10.786817 12312 1400
1297438044 637337 59.849257 10.78735 1368 11425
1297438054 647291 59.849268 10.79426 1368 9953
1297438055 648300 59.849332 10.794609 14063 1009
1297438056 649641 59.8494 10.794958 143153 1159
1297438057 650660 59.849444 10.7953 100828 1019
1297438058 651671 59.849486 10.79566 84583 1011
1297438059 652680 59.84953 10.796002 66954 1009
1297438060 653681 59.849565 10.796358 88681 1001
1297438062 654901 59.849588 10.796711 98870 1220
1297438063 655970 59.849612 10.797428 58570 1069
1297438064 657331 59.84961 10.797775 32832 1361
1297438065 658341 59.84961 10.797775 28008 1010
1297438066 659406 59.849575 10.798471 114540 1065
1297438067 660411 59.849544 10.798825 69329 1005
1297438071 664701 59.8493706666667 10.8000374444444 31464 4290
1297438072 665751 59.8493273333333 10.8003405555556 15048 1050
1297438073 666771 59.849284 10.8006436666667 9550 1020
1297438074 667831 59.8492406666667 10.8009467777778 31464 1060
1297438076 668871 59.849154 10.801553 35568 1040
1297438077 669902 59.849004 10.801793 28726 1023
1297438078 670911 59.84885 10.802016 40980 1009
1297438079 671991 59.848528 10.802385 34200 1080
1297438080 673391 59.848363 10.802548 17196 1400
1297438081 674401 59.848188 10.802691 66341 1009
1297438082 675422 59.848017 10.802819 62761 1021
1297438083 676451 59.847844 10.802927 60465 1029
1297438084 677461 59.847661 10.803013 80740 1010
1297438085 678462 59.847487 10.803086 59725 1001
1297438086 679463 59.847299 10.803134 59344 1001
1297438087 680471 59.847125 10.803168 59456 1008
1297438088 681481 59.846941 10.803164 58444 1010
1297438089 682491 59.846755 10.803156 66279 1010
1297438091 683811 59.846571 10.803114 77570 1320
1297438092 684961 59.846395 10.803074 152178 1150
1297438093 685962 59.846031 10.802937 164362 1001
1297438094 687151 59.845857 10.80288 166049 1189
1297438095 688211 59.845857 10.80288 186980 1060
1297438096 689212 59.845504 10.80271 194674 1001
1297438097 690223 59.845329 10.802615 156486 1011
1297438098 691224 59.845329 10.802615 188380 1001
1297438099 692231 59.84498 10.80241 178839 1007
1297438100 693232 59.844805 10.802315 179443 1001
1297438101 694242 59.844805 10.802315 254448 1010
1297438102 695251 59.844455 10.802072 173255 1009
1297438103 696252 59.844283 10.801942 233928 1001
1297438104 697262 59.844283 10.801942 185245 1010
1297438105 698263 59.843948 10.801629 227088 1001
1297438106 699264 59.843792 10.801449 194512 1001
1297438107 700272 59.843792 10.801449 204264 1008
1297438108 701292 59.843501 10.801006 216809 1020
1297438109 702312 59.843363 10.80076 238032 1020
1297438110 703332 59.843363 10.80076 141928 1020
1297438111 704333 59.843104 10.800218 142770 1001
1297438112 705394 59.842988 10.799961 147534 1061
1297438113 706402 59.842867 10.799666 135432 1008
1297438114 707452 59.842732 10.799385 25992 1050
1297438116 709211 59.842608 10.799124 16384 1759
1297438117 710222 59.842323 10.798611 38703 1011
1297438118 711262 59.84217 10.798396 30096 1040
1297438119 712272 59.84217 10.798396 21888 1010
1297438120 713292 59.841848 10.798017 20520 1020
1297438121 714332 59.841679 10.797851 12312 1040
1297438122 715418 59.8415 10.797718 21888 1086
1297438123 716502 59.841328 10.797588 16416 1082
1297438126 719272 59.840802 10.79732 2736 2770
1297438128 720843 59.840631 10.797263 44301 1571
1297438129 721852 59.840461 10.797206 72504 1009
1297438130 722882 59.840285 10.797167 40200 1030
1297438131 723962 59.840112 10.797145 46116 1080
1297438132 724982 59.839767 10.797122 96006 1020
1297438133 726022 59.839602 10.797104 136787 1040
1297438134 727023 59.839602 10.797104 152831 1001
1297438135 728082 59.839264 10.797102 85572 1059
1297438136 729093 59.839104 10.797105 121640 1011
1297438137 730103 59.839104 10.797105 144536 1010
1297438138 731113 59.838792 10.79713 169673 1010
1297438139 732123 59.83864 10.797136 176156 1010
1297438140 733133 59.83864 10.797136 140687 1010
1297438141 734142 59.838329 10.797144 161105 1009
1297438142 735153 59.838178 10.79715 142127 1011
1297438143 736154 59.838178 10.79715 159037 1001
1297438144 737163 59.837882 10.797179 208946 1009
1297438145 738173 59.837742 10.797188 215404 1010
1297438146 739183 59.837742 10.797188 212643 1010
1297438147 740193 59.83746 10.797203 183455 1010
1297438148 741293 59.837328 10.797216 221234 1100
1297438149 742303 59.837328 10.797216 222984 1010
1297438150 743323 59.837061 10.797199 164994 1010
1297438151 744353 59.83694 10.797194 167853 1030
1297438152 745363 59.83694 10.797194 191520 1010
1297438153 746364 59.836709 10.797173 158509 1001
1297438154 747373 59.836589 10.79715 161392 1009
1297438155 748424 59.836477 10.797131 198061 1051
1297438156 749443 59.836376 10.797115 181944 1019
1297438157 750463 59.836264 10.797096 146339 1020
1297438158 751464 59.836164 10.79708 161424 1001
1297438159 752473 59.836059 10.797064 121105 1009
1297438160 753483 59.835965 10.797069 151848 1002
1297438161 754493 59.835865 10.797053 126795 1010
1297438162 755494 59.835772 10.797041 142232 1001
1297438163 756503 59.835679 10.797028 171000 1009
1297438164 757513 59.835587 10.797016 121706 1010
1297438166 758793 59.835494 10.797003 148445 1005
1297438167 759803 59.835402 10.79699 173736 1010
1297438168 760813 59.835317 10.796981 123250 1010
1297438169 761823 59.835213 10.796948 143654 1010
1297438170 762833 59.835122 10.796918 155952 1010
1297438171 763854 59.835031 10.796888 140480 1011
1297438172 764863 59.834944 10.796858 202464 1009
1297438173 765873 59.834861 10.796831 162709 1010
1297438174 766874 59.834776 10.796822 164346 1001
1297438175 768094 59.834604 10.796782 198186 1220
1297438176 769204 59.834604 10.796782 192411 1110
1297438177 770213 59.83442 10.79674 206568 1009
1297438178 771223 59.834328 10.796727 125041 1010
1297438179 772224 59.834328 10.796727 131328 1001
1297438180 773233 59.834137 10.79672 98282 1009
1297438181 774243 59.834044 10.796707 116280 1010
1297438182 775254 59.834044 10.796707 116280 1011
1297438183 776264 59.833841 10.796696 124868 1010
1297438184 777284 59.833747 10.796701 171000 1020
1297438185 778294 59.833747 10.796701 114135 1010
1297438186 779304 59.833533 10.796722 104685 1010
1297438187 780313 59.833422 10.796724 123120 1009
1297438188 781314 59.833422 10.796724 101051 1001
1297438189 782334 59.833188 10.796738 173736 1020
1297438190 783354 59.83307 10.796736 132469 1020
1297438191 784364 59.83307 10.796736 153997 1010
1297438192 785365 59.832827 10.796764 224352 1001
1297438193 786454 59.832706 10.796798 122409 1089
1297438194 787456 59.832577 10.796828 192888 1002
1297438195 788466 59.832449 10.796858 167274 1010
1297438196 789484 59.832315 10.796888 203414 1007
1297438197 790485 59.832173 10.796932 225476 1001
1297438198 791584 59.83203 10.796976 272684 1099
1297438200 792765 59.831888 10.79702 239194 1181
1297438201 793773 59.831733 10.797061 299787 1008
1297438202 794784 59.831577 10.797081 273946 1001
1297438203 795845 59.831415 10.797118 297211 1061
1297438204 796854 59.831251 10.797173 291384 1008
1297438205 797945 59.830915 10.797245 256151 1091
1297438206 799025 59.830915 10.797245 254746 1080
1297438207 800026 59.830557 10.797327 300960 1001
1297438208 801034 59.830366 10.797372 229370 1008
1297438209 802044 59.830366 10.797372 284544 1010
1297438210 803055 59.829988 10.797448 213007 1011
1297438211 804066 59.829787 10.797472 280440 1011
1297438212 805085 59.829787 10.797472 340632 1019
1297438213 806087 59.829383 10.797559 176055 1002
1297438214 807095 59.829173 10.797597 262656 1008
1297438215 808104 59.829173 10.797597 188197 1009
1297438216 809106 59.828753 10.797694 254448 1002
1297438217 810135 59.82853 10.797729 185158 1020
1297438218 811146 59.82853 10.797729 205200 1011
1297438219 812165 59.82809 10.797767 152741 1019
1297438220 813185 59.827864 10.797785 169632 1020
1297438221 814195 59.827864 10.797785 105336 1010
1297438222 815215 59.8274 10.797778 71909 1004
1297438223 816225 59.827166 10.797792 94392 1010
1297438224 817234 59.827166 10.797792 121752 1009
1297438225 818325 59.826682 10.797779 148064 1091
1297438226 819326 59.826436 10.797789 180576 1001
1297438227 820345 59.826436 10.797789 151967 1004
1297438228 821346 59.82594 10.797772 155404 1001
1297438229 822365 59.825688 10.797762 147636 1018
1297438230 823475 59.82543 10.79777 225483 1110
1297438231 824495 59.825178 10.79776 209304 1020
1297438232 825506 59.824917 10.797764 145439 1002
1297438233 826515 59.824661 10.797754 163780 1009
1297438234 827525 59.824408 10.797761 150431 1010
1297438235 828535 59.824154 10.797768 145494 1010
1297438236 829645 59.823902 10.797758 137437 1110
1297438237 830646 59.823649 10.797766 181944 1001
1297438238 831655 59.823397 10.797756 144555 1009
1297438239 832666 59.823156 10.797766 116572 1011
1297438240 833675 59.822904 10.797756 101232 1009
1297438241 834725 59.822656 10.797746 41040 1050
1297438242 835745 59.822412 10.797739 72042 1010
1297438244 836845 59.822165 10.797729 205420 1100
1297438245 837855 59.821925 10.797722 186048 1010
1297438246 838865 59.821691 10.797737 192617 1010
1297438247 839867 59.821452 10.79773 136389 1002
1297438248 840885 59.821212 10.797723 128592 1007
1297438249 842095 59.820748 10.797716 128740 1210
1297438250 843105 59.820514 10.79773 94392 1010
1297438251 844115 59.820514 10.79773 77976 1010
1297438252 845389 59.820056 10.797706 16384 1274
1297438253 846556 59.819837 10.797688 189330 1167
1297438254 847565 59.819612 10.79765 187447 1009
1297438255 848576 59.819385 10.797594 80712 1011
1297438256 849585 59.819163 10.79752 34200 1009
1297438257 850595 59.818954 10.797433 34200 1010
1297438258 851605 59.818736 10.797324 19849 1001
1297438260 852896 59.818524 10.797219 20520 1291
1297438262 855127 59.817895 10.796904 4104 2231
1297438264 857056 59.817468 10.796746 215800 1929
1297438265 858057 59.817257 10.796693 160056 1001
1297438266 859066 59.817257 10.796693 152894 1009
1297438267 860076 59.816833 10.796682 183125 1010
1297438268 861086 59.816621 10.796686 154457 1010
1297438269 862087 59.816621 10.796686 184883 1001
1297438270 863166 59.816201 10.796783 168671 1079
1297438271 864176 59.816003 10.796863 189285 1010
1297438272 865196 59.816003 10.796863 143637 1020
1297438273 866226 59.815606 10.797075 129960 1029
1297438274 867246 59.815411 10.797211 102047 1020
1297438275 868256 59.815411 10.797211 110014 1010
1297438276 869257 59.815043 10.797507 161424 1001
1297438277 870266 59.814868 10.79765 122065 1009
1297438278 871365 59.814868 10.79765 135470 1099
1297438279 872366 59.814511 10.797966 154584 1001
1297438280 873376 59.81434 10.798109 146375 1002
1297438281 874386 59.81434 10.798109 141504 1010
1297438282 875387 59.813989 10.798408 154897 1001
1297438283 876397 59.813817 10.798568 172933 1010
1297438284 877406 59.813646 10.79871 206568 1009
1297438285 878416 59.813479 10.798853 152125 1010
1297438286 879476 59.813317 10.798981 99781 1060
1297438287 880487 59.81316 10.799109 134064 1011
1297438288 881506 59.813001 10.799203 116280 1019
1297438289 882526 59.812835 10.799293 54821 1020
1297438290 883546 59.81268 10.799386 61560 1010
1297438291 884547 59.812527 10.799462 65664 1001
1297438292 885548 59.812382 10.799541 101232 1001
1297438298 891161 59.811617 10.799958 7497 5613
1297438299 892171 59.811617 10.799958 73872 1010
1297438300 893181 59.811402 10.800049 101489 1010
1297438301 894272 59.811303 10.800106 51878 1091
1297438302 895521 59.811205 10.800164 46512 1249
1297438303 896751 59.81112 10.800207 61047 1230
1297438305 897951 59.811038 10.800268 64161 1200
1297438306 898971 59.810908 10.800368 62928 1020
1297438307 900001 59.810863 10.800424 29535 1030
1297438308 901011 59.810863 10.800424 43776 1010
1297438309 902051 59.810777 10.800524 43042 1040
1297438310 903131 59.810741 10.800566 30431 1080
1297438311 904141 59.810741 10.800566 34200 1010
1297438312 905171 59.81068 10.800654 33869 1030
1297438313 906181 59.810665 10.800686 49248 1010
1297438314 907191 59.810665 10.800686 38108 1010
1297438315 908301 59.810637 10.800732 50879 1110
1297438316 909358 59.810626 10.800764 69073 1057
1297438317 910464 59.81062 10.800781 72092 1106
1297438318 911481 59.810619 10.800799 96845 1017
1297438319 912491 59.810619 10.800799 87863 1010
1297438320 913511 59.810625 10.800819 86054 1020
1297438321 914521 59.810632 10.800823 81131 1010
1297438322 915522 59.81064 10.800826 80266 1001
1297438323 916532 59.810636 10.800826 62677 1010
1297438324 917541 59.810643 10.800829 85077 1001
1297438325 918552 59.810646 10.800833 89375 1011
1297438326 919561 59.810654 10.800836 93713 1009
1297438327 920562 59.810657 10.800839 104961 1001
1297438329 922163 59.810665 10.800843 75126 1601
1297438330 923172 59.810675 10.800849 107170 1009
1297438331 924191 59.810678 10.800853 86436 1019
1297438332 925202 59.810678 10.800853 95760 1011
1297438333 926211 59.810682 10.800856 87383 1009
1297438334 927221 59.810689 10.800859 79954 1010
1297438335 928241 59.810689 10.800859 73872 1020
1297438336 929282 59.810692 10.800863 50486 1041
1297438337 930512 59.810691 10.80088 70883 1230
1297438338 931542 59.810698 10.800884 64296 1030
1297438339 932552 59.810698 10.800884 58714 1010
1297438341 933773 59.810706 10.800887 101675 1011
1297438342 934782 59.810702 10.800887 106704 1009
1297438343 935792 59.810702 10.800887 87262 1010
1297438344 936812 59.810711 10.800873 100008 1020
1297438345 937822 59.810711 10.800873 104881 1010
1297438346 938962 59.810718 10.800876 125231 1127
1297438347 939972 59.810718 10.800876 143640 1010
1297438348 940992 59.810714 10.800876 92632 1020
1297438349 941993 59.810714 10.800876 101609 1001
1297438350 943002 59.810714 10.800876 162871 1009
1297438351 944012 59.810721 10.80088 178633 1004
1297438352 945172 59.810721 10.80088 187320 1160
1297438353 946592 59.810729 10.800883 211934 1420
1297438354 947593 59.810724 10.800883 125856 1001
1297438355 948602 59.810724 10.800883 99250 1009
1297438356 949614 59.810732 10.800886 153216 1001
1297438357 950622 59.810732 10.800886 94975 1008
1297438358 951632 59.810732 10.800886 107183 1010
1297438360 952782 59.810732 10.800886 147701 1150
1297438361 953802 59.810732 10.800886 103968 1020
1297438362 954822 59.81074 10.80089 41040 1010
1297438363 955872 59.81074 10.80089 46512 1050
1297438364 956882 59.810735 10.80089 83070 1010
1297438365 957902 59.810735 10.80089 120384 1020
1297438366 958903 59.810735 10.80089 88634 1001
1297438367 959933 59.810735 10.80089 121203 1013
1297438368 960952 59.810735 10.80089 202464 1018
1297438369 961953 59.810731 10.80089 117768 1001
1297438370 962963 59.810714 10.8009 148204 1010
1297438371 964093 59.810714 10.8009 36936 1130
1297438372 965195 59.810685 10.800946 45144 1102
1297438373 966202 59.81067 10.800978 137841 1007
1297438374 967223 59.81067 10.800978 97046 1021
1297438375 968233 59.810636 10.801055 142272 1010
1297438376 969354 59.810606 10.801119 113423 1121
1297438377 970443 59.810581 10.801165 143388 1089
1297438378 971453 59.810548 10.801225 125856 1010
1297438379 972463 59.810518 10.801288 68748 1010
1297438380 973483 59.810484 10.801365 117648 1020
1297438381 974493 59.810444 10.801443 58505 1010
1297438382 975523 59.810398 10.801517 49248 1030
1297438383 976603 59.810357 10.801612 32832 1080
1297438384 977663 59.810321 10.801707 27360 1060
1297438386 978943 59.810271 10.801816 38719 1280
1297438387 979965 59.810169 10.802017 54720 1021
1297438388 980973 59.81011 10.80214 65664 1008
1297438389 981993 59.81011 10.80214 55199 1010
1297438390 983184 59.809993 10.802373 49248 1191
1297438391 984213 59.809937 10.802499 46811 1028
1297438392 985253 59.809937 10.802499 53352 1040
1297438393 986263 59.809815 10.802784 49248 1010
1297438394 987283 59.809746 10.802925 57140 1020
1297438395 988303 59.809746 10.802925 50387 1020
1297438396 989333 59.809604 10.803204 50616 1030
1297438397 990353 59.809526 10.803359 28266 1020
1297438398 991423 59.809437 10.803493 23256 1070
1297438399 992543 59.809351 10.803644 13680 1120
1297438400 993613 59.809262 10.803779 10944 1070
1297438401 994703 59.809171 10.80393 16416 1090
1297438403 996524 59.80896 10.804206 15805 1821
1297438404 997533 59.808844 10.80433 20278 1009
1297438405 998644 59.808724 10.804437 47229 1111
1297438406 999654 59.808597 10.80454 78542 1010
1297438407 1000674 59.808463 10.80464 56705 1020
1297438408 1001735 59.808334 10.804761 17784 1061
1297438409 1002754 59.808189 10.80484 40187 1008
1297438411 1003904 59.808039 10.804919 117631 1150
1297438412 1005141 59.807736 10.805074 106288 1237
1297438413 1006295 59.807736 10.805074 103272 1154
1297438414 1007348 59.807404 10.805183 51105 1053
1297438415 1008354 59.80724 10.805238 43776 1006
1297438416 1009364 59.80724 10.805238 49099 1010
1297438417 1010580 59.806886 10.805286 90155 1216
1297438418 1011714 59.806707 10.805281 127219 1134
1297438419 1012725 59.806529 10.80526 189773 1011
1297438420 1013734 59.806338 10.805252 148921 1009
1297438422 1014894 59.806153 10.805227 158484 1160
1297438423 1015904 59.805964 10.805184 158768 1010
1297438424 1016905 59.805777 10.805124 183492 1001
1297438425 1017934 59.805583 10.805061 117762 1029
1297438426 1018954 59.805389 10.804997 95003 1020
1297438427 1019964 59.804995 10.804832 114232 1010
1297438428 1020965 59.804995 10.804832 186048 1001
1297438429 1021975 59.8046 10.804684 147520 1010
1297438430 1022984 59.804398 10.804617 165025 1009
1297438431 1023985 59.804398 10.804617 181000 1001
1297438432 1025045 59.803988 10.804501 142272 1060
1297438433 1026055 59.803784 10.804452 168900 1010
1297438434 1027064 59.803784 10.804452 129969 1009
1297438435 1028135 59.803371 10.804371 167233 1071
1297438436 1029145 59.803166 10.804339 165528 1010
1297438437 1030155 59.803166 10.804339 161424 1010
1297438438 1031164 59.802762 10.804296 91585 1009
1297438439 1032165 59.802552 10.804282 155952 1001
1297438440 1033185 59.802552 10.804282 126440 1020
1297438441 1034194 59.802149 10.804274 168264 1009
1297438442 1035235 59.801951 10.804263 135677 1041
1297438443 1036244 59.801951 10.804263 177840 1009
1297438444 1037325 59.801551 10.804259 144889 1081
1297438445 1038335 59.801351 10.804266 183312 1010
1297438446 1039357 59.801351 10.804266 146011 1006
1297438447 1040365 59.800954 10.804244 93024 1006
1297438448 1041375 59.800756 10.804215 98496 1010
1297438449 1042376 59.800756 10.804215 75803 1001
1297438450 1043385 59.800363 10.804141 102600 1009
1297438451 1044395 59.800169 10.804077 72504 1010
1297438452 1045515 59.799966 10.804011 58654 1120
1297438453 1046525 59.799772 10.803947 88920 1010
1297438454 1047675 59.799579 10.803866 32832 1150
1297438455 1048695 59.799388 10.803768 53352 1020
1297438457 1049785 59.799187 10.803683 76608 1014
1297438458 1050805 59.798983 10.803582 29647 1020
1297438459 1051845 59.798792 10.803483 36936 1040
1297438460 1052865 59.798588 10.803382 41040 1020
1297438461 1053885 59.798389 10.80328 77827 1020
1297438462 1054925 59.798176 10.803192 65421 1029
1297438463 1055945 59.797769 10.803003 53352 1020
1297438464 1056975 59.797769 10.803003 42358 1030
1297438465 1057976 59.797354 10.802848 76608 1001
1297438466 1059005 59.797152 10.802782 60192 1029
1297438467 1060025 59.797152 10.802782 45610 1016
1297438468 1061045 59.796739 10.802662 68400 1020
1297438469 1062065 59.796534 10.80263 63597 1020
1297438470 1063085 59.796534 10.80263 47637 1020
1297438471 1064096 59.796124 10.802567 82080 1011
1297438472 1065105 59.795917 10.802553 66970 1009
1297438473 1066125 59.795917 10.802553 55313 1020
1297438474 1067155 59.795512 10.802527 43776 1030
1297438475 1068176 59.795315 10.802499 28047 1021
1297438476 1069305 59.795315 10.802499 47163 1129
1297438477 1070436 59.794914 10.802421 74432 1130
1297438478 1071516 59.794712 10.802355 68400 1080
1297438479 1072537 59.794513 10.802253 21736 1021
1297438480 1073605 59.794315 10.802134 27360 1068
1297438481 1074665 59.794123 10.801997 13680 1060
1297438482 1075725 59.793921 10.801839 13868 1038
1297438484 1076765 59.793727 10.801667 16416 1040
1297438485 1077796 59.793539 10.801496 10944 1031
1297438486 1078855 59.793347 10.801307 10944 1059
1297438488 1080836 59.792957 10.800907 16384 1981
1297438489 1081865 59.792756 10.800732 33630 1029
1297438490 1082905 59.792546 10.800571 20520 1040
1297438491 1083976 59.792339 10.800414 22547 1071
1297438492 1084986 59.791902 10.80018 24624 1010
1297438493 1086005 59.791682 10.800089 32832 1019
1297438494 1087025 59.791682 10.800089 29488 1012
1297438495 1088046 59.791242 10.799945 27360 1021
1297438496 1089126 59.79102 10.799872 14394 1080
1297438497 1090186 59.79102 10.799872 25992 1060
1297438498 1091316 59.790576 10.799763 21888 1130
1297438499 1092466 59.790352 10.799725 10944 1150
1297438501 1094266 59.789905 10.799651 4104 1800
1297438503 1096296 59.789679 10.79963 9273 2030
1297438504 1097336 59.789242 10.799633 58759 1040
1297438505 1098346 59.789022 10.799633 23014 1010
1297438506 1099356 59.789022 10.799633 35568 1010
1297438507 1100421 59.788582 10.799671 21811 1065
1297438508 1101446 59.788361 10.799689 27360 1025
1297438509 1102486 59.788138 10.799724 27608 1040
1297438510 1103506 59.787921 10.799779 49248 1020
1297438511 1104516 59.787704 10.799835 29860 1010
1297438512 1105607 59.787491 10.799908 52119 1091
1297438513 1106646 59.787272 10.799982 61560 1039
1297438515 1107846 59.787059 10.800055 8674 1200
1297438516 1109076 59.786634 10.800204 68570 1230
1297438517 1110077 59.786419 10.800295 57456 1001
1297438518 1111096 59.786419 10.800295 43988 1019
1297438519 1112126 59.786003 10.800448 37371 1030
1297438520 1113146 59.785795 10.800542 43776 1020
1297438521 1114157 59.785795 10.800542 39018 1011
1297438522 1115186 59.785378 10.800695 45553 1029
1297438523 1116326 59.785174 10.800754 62135 1140
1297438524 1117357 59.785174 10.800754 70309 1031
1297438525 1118377 59.784754 10.800852 80734 1019
1297438526 1119386 59.78454 10.800872 104794 1009
1297438527 1120567 59.784335 10.800879 59637 1181
1297438528 1121577 59.784121 10.8009 76006 1010
1297438529 1122582 59.783909 10.800903 115495 1005
1297438531 1123807 59.783697 10.800906 115836 1225
1297438532 1124876 59.78349 10.80093 90028 1069
1297438533 1125877 59.783278 10.800933 96025 1001
1297438534 1126887 59.783066 10.800937 139536 1010
1297438535 1127907 59.782859 10.800961 107690 1020
1297438536 1128927 59.782646 10.800981 50114 1020
1297438537 1129937 59.782439 10.801005 101701 1010
1297438538 1130947 59.782018 10.801068 80712 1010
1297438539 1131957 59.782018 10.801068 104952 1009
1297438540 1132967 59.781596 10.80113 88045 1010
1297438541 1133977 59.781389 10.801171 103561 1010
1297438542 1134987 59.781389 10.801171 87923 1010
1297438543 1135997 59.780972 10.801272 90987 1010
1297438544 1137107 59.780764 10.801313 82065 1110
1297438545 1138118 59.780764 10.801313 105336 1011
1297438546 1139127 59.780338 10.801428 78268 1009
1297438547 1140147 59.780129 10.801487 53352 1020
1297438548 1141247 59.780129 10.801487 19152 1100
1297438549 1142257 59.779709 10.801623 40310 1010
1297438550 1143258 59.779506 10.801703 36936 1001
1297438551 1144267 59.779506 10.801703 43776 1009
1297438552 1145277 59.779079 10.801873 67032 1010
1297438553 1146287 59.778867 10.801967 39818 1010
1297438554 1147288 59.778867 10.801967 41615 1001
1297438555 1148307 59.778451 10.802158 25750 1019
1297438556 1149317 59.778246 10.802256 38304 1010
1297438557 1150347 59.778246 10.802256 49030 1023
1297438558 1151357 59.777821 10.802461 43365 1010
1297438559 1152367 59.777619 10.802576 60982 1010
1297438560 1153477 59.777413 10.802691 68848 1110
1297438561 1154707 59.7772 10.802802 65287 1230
1297438562 1155717 59.776986 10.802914 54720 1010
1297438563 1156737 59.776779 10.803046 55770 1020
1297438564 1157747 59.776573 10.803161 30707 1010
1297438565 1158748 59.776366 10.803293 61780 1001
1297438567 1159770 59.776157 10.803443 52186 1022
1297438568 1160778 59.77595 10.803575 56005 1001
1297438569 1161788 59.775749 10.803728 68745 1010
1297438570 1162798 59.77554 10.803878 78197 1010
1297438571 1163818 59.775342 10.804049 68724 1020
1297438572 1164838 59.775133 10.804198 76564 1020
1297438573 1165858 59.77493 10.804369 62186 1014
1297438574 1166878 59.774728 10.804539 47002 1020
1297438575 1168018 59.774529 10.80471 67866 1140
1297438576 1169118 59.774132 10.805054 83462 1100
1297438577 1170128 59.773932 10.805243 71911 1010
1297438578 1171248 59.773932 10.805243 84180 1120
1297438579 1172328 59.773538 10.805604 87668 1080
1297438580 1173348 59.773346 10.805796 89257 1020
1297438581 1174358 59.773346 10.805796 93390 1007
1297438582 1175359 59.77296 10.806196 84816 1001
1297438583 1176378 59.772779 10.806408 53052 1019
1297438584 1177390 59.772601 10.806624 97128 1011
1297438585 1178408 59.772421 10.806818 68515 1018
1297438586 1179609 59.772247 10.807034 71136 1201
1297438587 1180628 59.772074 10.80725 70030 1018
1297438588 1181638 59.771902 10.807448 61560 1010
1297438589 1182658 59.771742 10.807649 55828 1020
1297438590 1183659 59.771576 10.807868 72504 1001
1297438591 1184668 59.771414 10.808087 63830 1009
1297438593 1185798 59.77126 10.808309 71949 1130
1297438594 1186818 59.771112 10.808552 79344 1020
1297438595 1187828 59.770962 10.808791 61109 1010
1297438596 1188868 59.770826 10.809038 54720 1040
1297438597 1190309 59.77054 10.809524 16416 1441
1297438598 1191419 59.770405 10.809753 124436 1110
1297438599 1192439 59.770262 10.809996 98300 1020
1297438600 1193459 59.770119 10.810239 78859 1020
1297438601 1194469 59.769977 10.810464 62220 1010
1297438602 1195489 59.769825 10.810669 80233 1020
1297438603 1196509 59.769665 10.81087 112455 1009
1297438604 1197520 59.769498 10.811051 149288 1011
1297438605 1198529 59.769334 10.811214 141446 1009
1297438606 1199549 59.769166 10.811359 155027 1020
1297438607 1200569 59.768984 10.811481 83448 1020
1297438608 1201580 59.768812 10.811588 65000 1002
1297438609 1202589 59.768632 10.811692 121752 1009
1297438610 1203620 59.76845 10.811761 71071 1031
1297438612 1204849 59.768265 10.811826 122278 1229
1297438613 1205869 59.768085 10.811878 158569 1020
1297438614 1206889 59.767903 10.811909 141787 1006
1297438615 1207900 59.767722 10.81196 92428 1011
1297438616 1208909 59.767539 10.812008 132696 1009
1297438617 1210011 59.76736 10.812042 16384 1102
1297438618 1211019 59.766998 10.812124 102393 1008
1297438619 1212020 59.766822 10.812176 109440 1001
1297438620 1213029 59.766822 10.812176 92499 1009
1297438621 1214039 59.766452 10.812254 98496 1010
1297438622 1215049 59.766276 10.812306 80607 1010
1297438623 1216050 59.766276 10.812306 113544 1001
1297438624 1217100 59.765917 10.812444 31839 1040
1297438625 1218110 59.765738 10.81253 71136 1010
1297438626 1219129 59.765738 10.81253 167134 1019
1297438627 1220140 59.765407 10.812731 177003 1011
1297438628 1221141 59.765237 10.812855 132881 1001
1297438629 1222280 59.765237 10.812855 120395 1139
1297438630 1223290 59.76492 10.813132 187896 1010
1297438631 1224310 59.764769 10.813281 163127 1020
1297438632 1225320 59.764769 10.813281 99970 1010
1297438633 1226350 59.764476 10.813655 97128 1030
1297438634 1227379 59.764341 10.813846 40030 1029
1297438635 1228400 59.764212 10.814075 34200 1021
1297438636 1229409 59.764094 10.814307 43776 1009
1297438637 1230429 59.763982 10.814577 65664 1020
1297438638 1231450 59.763882 10.814834 40307 1021
1297438639 1232470 59.763788 10.815128 27360 1020
1297438640 1233500 59.763707 10.815409 86184 1030
1297438641 1234520 59.763632 10.81571 71189 1020
1297438642 1235529 59.76357 10.816014 74745 1009
1297438644 1237030 59.763513 10.81634 113989 1501
1297438645 1238040 59.763446 10.816986 135768 1010
1297438646 1239050 59.763421 10.817322 112769 1010
1297438647 1240090 59.763421 10.817322 107319 1040
1297438648 1241110 59.763401 10.817985 86184 1020
1297438649 1242139 59.763404 10.818331 56219 1029
1297438650 1243140 59.763404 10.818331 101232 1001
1297438651 1244150 59.763415 10.819004 68934 1002
1297438652 1245160 59.76342 10.819332 49429 1010
1297438653 1246170 59.76342 10.819332 83448 1010
1297438654 1247180 59.763407 10.820037 61537 1010
1297438655 1248410 59.763383 10.820372 92780 1230
1297438656 1249440 59.763352 10.820725 87552 1017
1297438657 1250450 59.763315 10.821057 56899 1010
1297438658 1251640 59.76326 10.821404 85364 1190
1297438659 1252660 59.763192 10.821726 77976 1020
1297438660 1253670 59.763123 10.822048 62372 1010
1297438662 1254780 59.763035 10.822363 85841 1027
1297438663 1255791 59.76294 10.822658 54720 1011
1297438664 1256800 59.762835 10.822931 40232 1009
1297438665 1257810 59.762735 10.823205 90610 1010
1297438666 1258821 59.762623 10.823458 106784 1011
1297438667 1259861 59.762494 10.823687 66789 1029
1297438668 1260880 59.762359 10.823915 72504 1019
1297438669 1261991 59.762073 10.82431 37261 1111
1297438670 1263000 59.761928 10.82448 23256 1009
1297438672 1264761 59.761761 10.824608 2736 1761
1297438673 1265780 59.761607 10.824739 32832 1019
1297438674 1266790 59.761445 10.824867 41035 1010
1297438675 1267820 59.761279 10.824995 30096 1030
1297438676 1268950 59.760953 10.825269 20520 1130
1297438677 1270080 59.760953 10.825269 12312 1130
1297438678 1271262 59.760647 10.825605 6856 1182
1297438679 1272270 59.760499 10.825809 85449 1008
1297438680 1273320 59.760499 10.825809 39672 1050
1297438681 1274450 59.760235 10.826267 18231 1130
1297438682 1275470 59.76011 10.826534 62928 1020
1297438683 1276491 59.759997 10.826804 22823 1021
1297438684 1277561 59.75989 10.827095 24624 1070
1297438685 1278591 59.759796 10.82739 17784 1030
1297438686 1279641 59.759708 10.827705 11774 1050
1297438688 1280761 59.759637 10.828044 9576 1120
1297438689 1282031 59.759572 10.828384 9576 1262
1297438690 1283281 59.759468 10.829073 5472 1250
1297438691 1284741 59.759433 10.82944 1368 1460
1297438693 1285891 59.759401 10.82981 4104 1150
1297438694 1286981 59.75936 10.830537 10944 1090
1297438695 1288161 59.75936 10.830537 9576 1180
1297438696 1289181 59.759308 10.831242 9576 1020
1297438697 1290231 59.759282 10.831595 7456 1050
1297438698 1291361 59.759282 10.831595 8208 1130
1297438699 1292381 59.759202 10.832291 8208 1020
1297438700 1293441 59.759168 10.83264 12312 1060
1297438701 1294471 59.759112 10.832966 12312 1030
1297438703 1295763 59.759046 10.833305 15048 1292
1297438704 1296781 59.758961 10.833638 55295 1018
1297438705 1297811 59.758858 10.833985 32503 1007
1297438706 1298991 59.758616 10.834613 64092 1180
1297438707 1300201 59.758616 10.834613 62273 1210
1297438708 1301351 59.758325 10.835189 58935 1150
1297438709 1302371 59.758174 10.835467 62181 1020
1297438710 1303381 59.758174 10.835467 91849 1010
1297438711 1304391 59.757841 10.835974 89384 1010
1297438712 1305392 59.757661 10.836207 90778 1001
1297438713 1306592 59.75748 10.836419 93193 1200
1297438714 1307612 59.757286 10.836627 116920 1020
1297438715 1308631 59.757094 10.836818 79704 1019
1297438717 1309831 59.756902 10.837009 102667 1200
1297438718 1310832 59.756698 10.837197 120137 1001
1297438719 1311922 59.756488 10.837364 104600 1090
1297438720 1312951 59.756282 10.837531 164012 1029
1297438721 1314022 59.75586 10.83783 173283 1071
1297438722 1315122 59.75586 10.83783 160855 1100
1297438723 1316132 59.75543 10.838087 156298 1009
1297438724 1317142 59.755212 10.838198 135691 1010
1297438725 1318392 59.755212 10.838198 199304 1250
1297438726 1319522 59.754759 10.838341 194395 1130
1297438727 1320534 59.754531 10.838375 77976 1012
1297438728 1321592 59.754305 10.838393 36936 1058
1297438729 1322602 59.754073 10.838389 20520 1010
1297438730 1323612 59.753852 10.838353 53352 1010
1297438731 1324622 59.753627 10.838315 104041 1010
1297438732 1325632 59.753398 10.838276 145787 1010
1297438733 1326633 59.753183 10.838206 137664 1001
1297438734 1327652 59.752956 10.83815 157002 1019
1297438735 1328653 59.752741 10.83808 156763 1001
1297438736 1329672 59.752517 10.837989 147394 1007
1297438737 1330682 59.752295 10.837915 119786 1010
1297438738 1331692 59.752082 10.837827 114420 1010
1297438739 1332703 59.751859 10.837719 117068 1011
1297438740 1333705 59.751638 10.837628 154932 1002
1297438741 1334722 59.751419 10.837519 121509 1006
1297438743 1335953 59.751201 10.837411 119972 1231
1297438744 1336962 59.750988 10.837323 127224 1009
1297438745 1337972 59.750553 10.837109 82080 1010
1297438746 1338992 59.750553 10.837109 86184 1020
1297438747 1340003 59.750122 10.836913 76358 1001
1297438748 1341022 59.749901 10.836822 82080 1019
1297438749 1342042 59.749901 10.836822 72504 1020
1297438750 1343052 59.749477 10.836629 77976 1010
1297438751 1344162 59.74927 10.836524 65272 1110
1297438752 1345163 59.74927 10.836524 68400 1001
1297438753 1346172 59.748846 10.836331 77976 1009
1297438754 1347273 59.748647 10.836229 54801 1101
1297438755 1348293 59.748647 10.836229 102600 1020
1297438756 1349312 59.748234 10.836057 66637 1019
1297438757 1350322 59.748027 10.83599 82080 1010
1297438758 1351343 59.748027 10.83599 38304 1021
1297438759 1352353 59.74762 10.835892 26057 1009
1297438760 1353356 59.747423 10.835863 25992 1003
1297438761 1354364 59.747423 10.835863 69768 1008
1297438762 1355373 59.747023 10.835876 56743 1009
1297438763 1356384 59.746828 10.835903 58824 1011
1297438765 1357824 59.746639 10.83593 9576 1440
1297438766 1359093 59.74626 10.836075 9576 1269
1297438767 1360094 59.74626 10.836075 143434 1001
1297438768 1361103 59.7459 10.836244 122490 1009
1297438769 1362104 59.745718 10.836365 145045 1001
1297438770 1363143 59.745718 10.836365 169366 1039
1297438771 1364353 59.745379 10.836614 170174 1210
1297438772 1365383 59.745208 10.836756 73697 1030
1297438773 1366394 59.745048 10.836919 83046 1011
1297438774 1367403 59.744892 10.837068 112176 1009
1297438775 1368433 59.744741 10.837216 76171 1030
1297438776 1369443 59.744591 10.837348 76608 1010
1297438777 1370453 59.744441 10.837479 58081 1010
1297438778 1371466 59.744299 10.837613 83448 1013
1297438779 1372483 59.744163 10.83773 58015 1017
1297438780 1373613 59.744022 10.837848 75207 1130
1297438781 1374633 59.743877 10.837926 65664 1020
1297438782 1375653 59.743742 10.838026 42078 1012
1297438783 1376663 59.743606 10.838091 49248 1010
1297438784 1377683 59.743474 10.838155 32832 1020
1297438785 1378723 59.743339 10.838202 21010 1040
1297438786 1379753 59.743203 10.838229 45144 1030
1297438788 1380783 59.743074 10.838259 31464 1017
1297438789 1381793 59.742939 10.838268 32832 1010
1297438790 1382803 59.742818 10.838301 28935 1010
1297438791 1383853 59.74269 10.838313 23256 1050
1297438792 1384963 59.742563 10.838325 13680 1110
1297438793 1385973 59.742308 10.83835 12312 1010
1297438794 1387004 59.742308 10.83835 6840 1031
1297438795 1388253 59.742067 10.83836 7131 1249
1297438797 1389814 59.741939 10.838372 67758 1561
1297438798 1390834 59.741812 10.838385 111003 1020
1297438799 1391934 59.741692 10.8384 103963 1100
1297438800 1392944 59.741572 10.838416 99913 1010
1297438801 1393953 59.741458 10.838414 76734 1009
1297438802 1394964 59.741213 10.838424 55403 1011
1297438803 1395985 59.741213 10.838424 49113 1021
1297438804 1397004 59.740964 10.838432 69518 1019
1297438805 1398014 59.740844 10.838447 88114 1010
1297438806 1399024 59.740844 10.838447 78760 1010
1297438807 1400034 59.740603 10.838458 115779 1010
1297438808 1401054 59.740475 10.83847 112277 1020
1297438809 1402064 59.740475 10.83847 121094 1010
1297438810 1403065 59.740234 10.83848 111920 1001
1297438811 1404074 59.740114 10.838496 132640 1009
1297438812 1405084 59.740114 10.838496 142272 1010
1297438813 1406094 59.739866 10.838503 110515 1010
1297438814 1407105 59.73975 10.838519 92526 1011
1297438815 1408114 59.73975 10.838519 109440 1009
1297438816 1409115 59.739508 10.838546 76881 1001
1297438817 1410134 59.739392 10.838562 117648 1019
1297438818 1411145 59.739392 10.838562 59627 1011
1297438819 1412164 59.739151 10.838611 101273 1019
1297438820 1413174 59.739027 10.83864 107411 1010
1297438821 1414185 59.739027 10.83864 114423 1011
1297438822 1415284 59.738789 10.838707 121476 1099
1297438823 1416286 59.738672 10.83874 136800 1002
1297438824 1417506 59.738551 10.838773 150159 1220
1297438825 1418514 59.73844 10.838827 176472 1008
1297438826 1419735 59.738319 10.83886 211601 1221
1297438827 1420745 59.738201 10.83891 250344 1010
1297438828 1421755 59.738092 10.838947 229170 1010
1297438830 1422764 59.737969 10.838997 203832 1009
1297438831 1423777 59.737851 10.839048 135101 1013
1297438832 1424794 59.737728 10.839098 199728 1016
1297438833 1425795 59.737618 10.839152 69768 1001
1297438834 1426805 59.737495 10.839203 121752 1010
1297438835 1427815 59.737372 10.839253 92331 1002
1297438836 1428825 59.737246 10.8393 138168 1010
1297438837 1429844 59.737122 10.839368 116280 1019
1297438838 1430845 59.737 10.839419 65778 1001
1297438839 1431864 59.736875 10.839487 88920 1019
1297438840 1432986 59.736607 10.839616 64296 1044
1297438841 1434015 59.736471 10.839681 48493 1029
1297438842 1435025 59.736471 10.839681 62928 1010
1297438843 1436033 59.736183 10.839804 87552 1008
1297438844 1437035 59.736035 10.839865 89555 1002
1297438845 1438045 59.736035 10.839865 142272 1010
1297438846 1439065 59.735717 10.840012 95086 1020
1297438847 1440085 59.735559 10.840088 93024 1020
1297438848 1441115 59.735559 10.840088 71136 1030
1297438849 1442125 59.735224 10.840232 48388 1010
1297438850 1443135 59.735047 10.840301 103968 1010
1297438851 1444155 59.735047 10.840301 43776 1020
1297438852 1445245 59.734691 10.840456 24603 1090
1297438853 1446305 59.734512 10.840542 43776 1060
1297438854 1447335 59.734512 10.840542 28728 1030
1297438855 1448445 59.734141 10.84069 27819 1110
1297438856 1449495 59.73395 10.840773 13680 1050
1297438857 1450655 59.733762 10.840873 75897 1160
1297438858 1451746 59.733564 10.840953 104792 1091
1297438860 1452855 59.733373 10.841035 100852 1109
1297438861 1453865 59.733175 10.841115 128204 1010
1297438862 1454936 59.732968 10.841191 120657 1071
1297438863 1455995 59.732767 10.841253 169877 1059
1297438864 1457005 59.732351 10.841297 181588 1010
1297438865 1458006 59.732139 10.8413 157873 1001
1297438866 1459266 59.732139 10.8413 184795 1260
1297438867 1460276 59.731726 10.841219 172022 1010
1297438868 1461277 59.731525 10.841135 231206 1001
1297438869 1462278 59.731525 10.841135 158334 1001
1297438870 1463295 59.731126 10.840948 278520 1017
1297438871 1464296 59.730934 10.84085 264761 1001
1297438872 1465306 59.730934 10.84085 283526 1010
1297438873 1466316 59.730556 10.840653 301132 1010
1297438874 1467326 59.730378 10.840541 283986 1010
1297438875 1468406 59.730201 10.840463 271595 1080
1297438876 1469408 59.730022 10.840368 340632 1002
1297438877 1470426 59.729855 10.840276 263288 1018
1297438878 1471436 59.729686 10.840202 299592 1010
1297438880 1473310 59.729344 10.840053 16384 1874
1297438881 1474316 59.729344 10.840053 752022 1006
1297438882 1475436 59.729018 10.839964 337869 1120
1297438883 1476437 59.728855 10.83991 432456 1001
1297438884 1477467 59.728691 10.839874 261205 1030
1297438885 1478477 59.728526 10.839856 377439 1010
1297438886 1479489 59.728369 10.839823 359847 1001
1297438887 1480491 59.728216 10.839808 398144 1002
1297438888 1481496 59.728058 10.839792 456161 1005
1297438889 1482497 59.727914 10.839763 547200 1001
1297438890 1483506 59.727768 10.839751 285099 1009
1297438891 1484526 59.727622 10.839739 337896 1012
1297438894 1486767 59.727346 10.839684 204507 2241
1297438895 1487787 59.727214 10.839658 621800 1020
1297438896 1488796 59.727085 10.839635 248976 1009
1297438897 1489807 59.726965 10.839613 224034 1003
1297438898 1490809 59.726842 10.839573 257184 1002
1297438899 1491816 59.726719 10.839533 196315 1007
1297438900 1492996 59.726499 10.839442 246828 1180
1297438901 1493997 59.726395 10.839408 284544 1001
1297438902 1495017 59.726395 10.839408 239120 1011
1297438903 1496027 59.726196 10.839306 300551 1009
1297438904 1497037 59.726096 10.839238 296423 1010
1297438905 1498187 59.726096 10.839238 353231 1150
1297438906 1499207 59.725906 10.839122 277704 1020
1297438907 1500208 59.725818 10.839057 225577 1001
1297438908 1501217 59.725818 10.839057 333792 1009
1297438909 1502237 59.72563 10.838906 295896 1020
1297438910 1503247 59.725536 10.838821 267154 1010
1297438911 1504248 59.725536 10.838821 299592 1001
1297438912 1505257 59.725357 10.838673 200097 1009
1297438913 1506267 59.72527 10.838591 227088 1010
1297438914 1507269 59.72527 10.838591 177911 1002
1297438915 1508397 59.725096 10.838426 283501 1128
1297438916 1509407 59.725006 10.838326 269893 1010
1297438917 1510409 59.724927 10.838247 248227 1002
1297438918 1511417 59.724842 10.838147 216980 1008
1297438919 1512427 59.724767 10.838068 237552 1010
1297438920 1513428 59.724682 10.837968 246436 1001
1297438921 1514447 59.724615 10.837892 213509 1019
1297438922 1515458 59.72454 10.837813 214474 1001
1297438923 1516467 59.724473 10.837737 193469 1009
1297438924 1517468 59.724414 10.837665 215388 1001
1297438925 1518587 59.724351 10.837589 246765 1119
1297438926 1519597 59.724284 10.837513 224352 1010
1297438927 1520607 59.724229 10.837441 155858 1001
1297438929 1521837 59.724167 10.837365 227586 1230
1297438930 1522838 59.724101 10.837272 214354 1001
1297438931 1523927 59.724039 10.837196 211034 1089
1297438932 1524977 59.723972 10.83712 219587 1050
1297438933 1525979 59.723844 10.836951 269496 1002
1297438934 1526988 59.723781 10.836876 226677 1008
1297438935 1527997 59.723781 10.836876 264024 1009
1297438936 1528998 59.723655 10.836689 199332 1001
1297438937 1529999 59.723594 10.836596 191510 1001
1297438938 1531017 59.723594 10.836596 213001 1009
1297438939 1532028 59.723461 10.836427 222504 1011
1297438940 1533038 59.723399 10.836351 203444 1010
1297438941 1534048 59.723399 10.836351 257184 1010
1297438942 1535058 59.723249 10.836193 190664 1010
1297438943 1536067 59.723182 10.836117 175888 1009
1297438944 1537087 59.723182 10.836117 187416 1020
1297438945 1538217 59.723033 10.835959 187124 1130
1297438946 1539218 59.722952 10.835897 240768 1001
1297438947 1540228 59.722952 10.835897 216407 1010
1297438948 1541248 59.7228 10.835774 262656 1020
1297438949 1542249 59.722724 10.835713 217362 1001
1297438950 1543258 59.722724 10.835713 231435 1009
1297438951 1544259 59.722578 10.83561 309168 1001
1297438952 1545260 59.722499 10.835583 195827 1001
1297438953 1546268 59.722499 10.835583 196988 1008
1297438954 1547278 59.722339 10.835495 162549 1010
1297438955 1548468 59.722264 10.835472 215796 1190
1297438956 1549477 59.722184 10.835445 222984 1009
1297438957 1550478 59.722102 10.835401 155236 1001
1297438958 1551488 59.722023 10.835374 246240 1010
1297438959 1552498 59.721932 10.835344 256354 1010
1297438960 1553508 59.721853 10.835317 223196 1010
1297438961 1554558 59.721773 10.835308 246773 1050
1297438963 1555798 59.721689 10.835281 352177 1240
1297438964 1556799 59.721601 10.835269 379420 1001
1297438965 1557808 59.721522 10.835242 337896 1009
1297438966 1558809 59.721437 10.835233 229320 1001
1297438967 1559838 59.721349 10.83522 198360 1029
1297438968 1560908 59.721278 10.835197 46770 1070
1297438969 1561918 59.721193 10.835187 231192 1010
1297438970 1562928 59.721114 10.835161 131328 1010
1297438971 1563948 59.721038 10.835137 79360 1020
1297438972 1564978 59.720954 10.83511 244872 1015
1297438973 1565979 59.720793 10.835078 283948 1001
1297438974 1567029 59.720793 10.835078 276169 1050
1297438975 1568030 59.720646 10.835031 291384 1001
1297438976 1569038 59.720576 10.83499 154818 1008
1297438977 1570039 59.720576 10.83499 202464 1001
1297438978 1571048 59.720435 10.834874 177041 1009
1297438979 1572058 59.72036 10.834833 153216 1010
1297438980 1573069 59.72036 10.834833 146376 1011
1297438981 1574079 59.720219 10.834769 146063 1010
1297438982 1575089 59.720144 10.834742 199728 1010
1297438983 1576099 59.720144 10.834742 106050 1010
1297438984 1577100 59.720004 10.834674 198360 1001
1297438985 1578109 59.719925 10.834648 136492 1009
1297438986 1579118 59.719925 10.834648 177840 1009
1297438987 1580129 59.719786 10.83458 67925 1011
1297438988 1581152 59.719728 10.834542 175983 1023
1297438989 1582209 59.719728 10.834542 168600 1057
1297438990 1583279 59.719603 10.834482 186525 1070
1297438991 1584469 59.719551 10.834465 216430 1190
1297438992 1585479 59.719492 10.834445 216144 1010
1297438993 1586499 59.719442 10.834411 187191 1020
1297438994 1587509 59.719402 10.834397 203393 1010
1297438995 1588549 59.719363 10.834384 209246 1040
1297438996 1589559 59.719327 10.834374 176472 1010
1297438997 1590569 59.719295 10.834364 132920 1010
1297438998 1591570 59.719266 10.834371 179008 1001
1297438999 1592590 59.719242 10.834365 186494 1020
1297439000 1593599 59.719228 10.834379 234450 1009
1297439001 1594611 59.719216 10.834375 177379 1012
1297439002 1595619 59.719204 10.834372 191041 1008
1297439003 1596620 59.719199 10.834372 205932 1001
1297439004 1597639 59.719199 10.834372 191605 1019
1297439005 1598649 59.719201 10.834355 198360 1010
1297439006 1599659 59.719195 10.834372 164860 1010
1297439007 1600699 59.719195 10.834372 238674 1040
1297439008 1601700 59.719202 10.834375 250208 1001
1297439009 1602709 59.719198 10.834375 213870 1009
1297439010 1603710 59.719205 10.834379 265300 1001
1297439012 1604869 59.719204 10.834396 301001 1159
1297439013 1605870 59.719204 10.834396 344736 1001
1297439014 1606879 59.719207 10.8344 316585 1009
1297439015 1607881 59.719207 10.8344 305064 1002
1297439016 1608949 59.719208 10.834382 258443 1068
1297439017 1609960 59.719208 10.834382 310536 1011
1297439018 1610970 59.719216 10.834385 217229 1010
1297439019 1611972 59.719216 10.834385 321480 1001
1297439020 1613103 59.719215 10.834403 271426 1001
1297439021 1614110 59.719218 10.834406 273194 1007
1297439022 1615280 59.719218 10.834406 328134 1170
1297439023 1616290 59.719218 10.834406 254448 1010
1297439024 1617300 59.719225 10.83441 208170 1010
1297439025 1618301 59.719225 10.83441 250344 1001
1297439026 1619310 59.719224 10.834427 193140 1009
1297439027 1620320 59.719224 10.834427 287280 1010
1297439028 1621450 59.719231 10.83443 251748 1130
1297439029 1622459 59.719231 10.83443 265392 1009
1297439030 1623460 59.719231 10.83443 227088 1001
1297439031 1624470 59.719231 10.83443 172816 1010
1297439032 1625480 59.719231 10.83443 232560 1010
1297439033 1626500 59.719231 10.83443 178839 1020
1297439034 1627521 59.719236 10.83443 242136 1021
1297439035 1628540 59.719236 10.83443 242136 1018
1297439036 1629560 59.719237 10.834413 188022 1020
1297439037 1630561 59.719237 10.834413 266760 1001
1297439038 1631571 59.719237 10.834413 227965 1010
1297439039 1632660 59.719237 10.834413 283833 1089
1297439040 1633661 59.719237 10.834413 322848 1001
1297439041 1634680 59.719237 10.834413 271887 1019
1297439042 1635711 59.719236 10.83443 254078 1031
1297439043 1636720 59.719244 10.834434 290016 1009
1297439044 1637721 59.719244 10.834434 235925 1001
1297439045 1638740 59.719244 10.834434 271255 1007
1297439047 1639860 59.719244 10.834434 288352 1120
1297439048 1640861 59.719244 10.834434 310536 1001
1297439049 1641862 59.719244 10.834434 252618 1001
1297439050 1642881 59.719244 10.834434 226229 1019
1297439051 1643900 59.719244 10.834434 272232 1001
1297439052 1644910 59.719244 10.834434 196276 1010
1297439053 1645911 59.719244 10.834434 222984 1001
1297439054 1646920 59.719244 10.834434 281808 1009
1297439055 1647921 59.719245 10.834416 254587 1001
1297439056 1648931 59.719245 10.834416 244908 1002
1297439057 1649932 59.719245 10.834416 337896 1001
1297439058 1650940 59.719245 10.834416 220317 1008
1297439059 1651941 59.719245 10.834416 222073 1001
1297439060 1652953 59.719251 10.834437 284544 1012
1297439061 1653970 59.719251 10.834437 242330 1007
1297439062 1655061 59.719251 10.834437 240006 1091
1297439063 1656071 59.71925 10.834455 262656 1010
1297439065 1658541 59.71925 10.834455 115695 2470
1297439066 1659573 59.71925 10.834455 692065 1032
1297439067 1660592 59.71925 10.834455 201096 1019
1297439068 1661601 59.719257 10.834458 225720 1009
1297439069 1662611 59.719257 10.834458 264024 1010
1297439070 1663621 59.719257 10.834458 154584 1010
1297439071 1664640 59.71925 10.834455 141535 1008
1297439072 1665641 59.719245 10.834455 198360 1001
1297439073 1666642 59.719238 10.834451 279072 1001
1297439074 1667661 59.719225 10.834448 194660 1018
1297439075 1668671 59.719206 10.834441 227088 1010
1297439076 1669691 59.719174 10.834431 147825 1009
1297439077 1670701 59.719142 10.834421 190152 1010
1297439078 1671711 59.71911 10.834411 181988 1010
1297439079 1672712 59.719069 10.834415 231192 1001
1297439080 1673721 59.719017 10.834399 176434 1009
1297439081 1674741 59.718964 10.834399 213408 1010
1297439083 1675861 59.718913 10.834383 176345 1120
1297439084 1676871 59.718847 10.83438 218880 1010
1297439085 1677872 59.718787 10.834377 189034 1001
1297439086 1678981 59.718714 10.834371 274218 1109
1297439087 1679982 59.718576 10.834363 299592 1001
1297439088 1681002 59.718576 10.834363 227282 1020
1297439089 1682011 59.718421 10.834365 247778 1009
1297439090 1683012 59.718344 10.834359 209154 1001
1297439091 1684162 59.718344 10.834359 237889 1150
1297439092 1685171 59.718192 10.834327 222984 1008
1297439093 1686172 59.718108 10.8343 163046 1001
1297439094 1687321 59.718108 10.8343 260397 1149
1297439095 1688332 59.717964 10.834271 294120 1011
1297439096 1689360 59.717885 10.834244 259707 1026
1297439097 1690361 59.717885 10.834244 302483 1001
1297439098 1691362 59.71773 10.834194 281439 1001
1297439099 1692364 59.717651 10.834167 324216 1002
1297439100 1693382 59.717651 10.834167 258274 1018
1297439101 1694383 59.717495 10.834134 230378 1001
1297439102 1695562 59.717402 10.834122 259702 1179
1297439103 1696572 59.717323 10.834095 247608 1010
1297439104 1697612 59.717232 10.834065 177152 1040
1297439105 1698622 59.717139 10.834052 202464 1010
1297439106 1699623 59.717044 10.834022 236664 1001
1297439107 1700633 59.716945 10.833989 146808 1010
1297439108 1701642 59.716842 10.833956 165528 1009
1297439109 1702652 59.716743 10.833922 145008 1010
1297439110 1703653 59.71664 10.833889 194061 1001
1297439111 1704722 59.716529 10.833852 198952 1069
1297439112 1705733 59.716413 10.833815 150480 1011
1297439115 1708042 59.716179 10.833738 82080 2309
1297439116 1709052 59.715927 10.833637 269731 1010
1297439117 1710053 59.715796 10.833594 160048 1001
1297439118 1711062 59.715796 10.833594 195624 1009
1297439119 1712073 59.715532 10.83349 170144 1011
1297439120 1713082 59.715391 10.833426 156479 1009
1297439121 1714092 59.715391 10.833426 112644 1010
1297439122 1715102 59.715094 10.833311 105336 1010
1297439123 1716142 59.714939 10.833261 127703 1040
1297439124 1717143 59.714939 10.833261 146376 1001
1297439125 1718312 59.714617 10.833119 105877 1169
1297439126 1719314 59.714458 10.833031 135432 1002
1297439127 1720512 59.714294 10.832943 67032 1198
1297439128 1721522 59.714123 10.832834 28728 1010
1297439130 1722766 59.713947 10.832704 32111 1244
1297439131 1723794 59.713778 10.832577 32589 1028
1297439134 1727102 59.713072 10.832005 8208 3308
1297439138 1730705 59.7123266666667 10.8313667777778 27360 3603
1297439139 1731785 59.7121403333333 10.8312072222222 56088 1080
1297439140 1732825 59.711954 10.8310476666667 51984 1040
1297439141 1733845 59.7117676666667 10.8308881111111 56088 1020
1297439142 1734855 59.7115813333333 10.8307285555556 36990 1010
1297439143 1736294 59.711395 10.830569 53119 1439
1297439144 1737305 59.7112086666667 10.8304094444444 67789 1011
1297439145 1738326 59.7110223333333 10.8302498888889 44391 1021
1297439146 1739805 59.710836 10.8300903333333 24624 1479
1297439148 1742266 59.7104633333333 10.8297712222222 14926 2461
1297439149 1743295 59.710277 10.8296116666667 77328 1029
1297439150 1744296 59.7100906666667 10.8294521111111 129882 1001
1297439152 1745305 59.709718 10.829133 109838 1009
1297439153 1746315 59.709438 10.828879 122700 1010
1297439154 1747335 59.709438 10.828879 103092 1020
1297439155 1748515 59.708889 10.828336 124832 1180
1297439156 1749705 59.708623 10.82803 135170 1190
1297439157 1750715 59.708355 10.827741 82080 1010
1297439158 1751725 59.708086 10.827453 95716 1010
1297439159 1752746 59.707827 10.82715 145299 1008
1297439161 1753826 59.707568 10.826847 76761 1080
1297439162 1754835 59.707311 10.826527 139558 1009
1297439163 1755836 59.707053 10.826207 136812 1001
1297439164 1756996 59.706553 10.825534 139574 1160
1297439165 1758006 59.706304 10.8252 136353 1010
1297439166 1759008 59.706304 10.8252 137511 1002
1297439167 1760015 59.705816 10.824479 124488 1007
1297439168 1761195 59.705574 10.824127 53235 1180
1297439169 1762496 59.705336 10.823761 1368 1301
1297439172 1765895 59.704537127907 10.8228846511628 1368 3399
1297439199 1793004 59.6973472790698 10.8149975116279 13680 27109
1297439255 1848462 59.682435 10.798639 1368 55457
1297439261 1854120 59.680494 10.797972 1368 5654
1297439265 1858464 59.679204 10.797501 1368 4344
1297439315 1908599 59.665714 10.793385 2736 50135
1297439316 1909619 59.665532 10.793416 47880 1020
1297439317 1910629 59.665358 10.79345 116042 1010
1297439318 1911649 59.665196 10.793487 50374 1020
1297439320 1912819 59.665038 10.793524 80809 1170
1297439321 1913820 59.664874 10.793579 115683 1001
1297439322 1914999 59.664732 10.793623 150639 1179
1297439323 1916000 59.664456 10.793749 191270 1001
1297439324 1917009 59.664326 10.793796 204077 1009
1297439325 1918011 59.664326 10.793796 223230 1001
1297439326 1919012 59.664093 10.793901 282095 1001
1297439327 1920019 59.663982 10.793955 270901 1007
1297439328 1921030 59.663982 10.793955 275879 1011
1297439329 1922031 59.663794 10.794055 276617 1001
1297439330 1923055 59.663711 10.794081 392157 1024
1297439331 1924060 59.663711 10.794081 354556 1003
1297439332 1925110 59.663558 10.794156 394299 1050
1297439333 1926112 59.66349 10.794188 360703 1002
1297439334 1927113 59.66349 10.794188 383824 1001
1297439335 1928114 59.663367 10.794239 404660 1001
1297439336 1929120 59.663311 10.794275 368124 1006
1297439337 1930190 59.663311 10.794275 366899 1070
1297439338 1931191 59.663234 10.794321 437884 1001
1297439339 1932192 59.663192 10.794343 518365 1001
1297439340 1933251 59.663192 10.794343 497135 1059
1297439341 1934252 59.66313 10.794396 545786 1001
1297439342 1935271 59.663099 10.794421 508288 1019
1297439343 1936272 59.663099 10.794421 499607 1001
1297439344 1937273 59.663063 10.794463 425551 1001
1297439345 1938281 59.66305 10.794477 437718 1008
1297439346 1939330 59.66305 10.794477 531711 1049
1297439347 1940341 59.663036 10.794491 615600 1011
1297439349 1941915 59.663028 10.794488 243361 1574
1297439350 1942920 59.663028 10.794488 908302 1005
1297439351 1943921 59.663028 10.794488 574560 1001
1297439352 1944923 59.663024 10.794488 481235 1002
1297439353 1945925 59.663018 10.794467 537198 1002
1297439354 1946990 59.663012 10.794446 421898 1065
1297439355 1947991 59.663012 10.794446 398088 1001
1297439356 1948992 59.663008 10.794443 327010 1001
1297439357 1950001 59.66301 10.794426 525312 1009
1297439358 1951002 59.66301 10.794426 453422 1001
1297439359 1952010 59.66301 10.794426 421800 1008
1297439360 1953112 59.663007 10.794422 579139 1102
1297439361 1954113 59.663007 10.794422 649800 1001
1297439362 1955114 59.663013 10.794443 500122 1001
1297439363 1956121 59.663005 10.79444 462824 1007
1297439364 1957265 59.663005 10.79444 53352 1144
1297439365 1958272 59.663017 10.794443 808006 1007
1297439366 1959291 59.663017 10.794443 515718 1011
1297439367 1960311 59.663017 10.794443 507528 1020
1297439368 1961313 59.663017 10.794443 419520 1001
1297439369 1962491 59.663017 10.794443 535476 1178
1297439370 1963492 59.663022 10.794443 596448 1001
1297439371 1964511 59.663022 10.794443 361885 1009
1297439372 1965701 59.663022 10.794443 489586 1190
1297439373 1966702 59.663022 10.794443 575928 1001
1297439374 1967711 59.663022 10.794443 483521 1009
1297439375 1968713 59.663022 10.794443 460134 1002
1297439377 1969801 59.663022 10.794443 532063 1078
1297439378 1970811 59.663022 10.794443 493848 1010
1297439379 1971812 59.663022 10.794443 213514 1001
1297439380 1972911 59.663022 10.794443 385878 1099
1297439381 1974001 59.663022 10.794443 436705 1090
1297439382 1975051 59.663022 10.794443 429629 1050
1297439383 1976062 59.66303 10.794446 299592 1011
1297439384 1977072 59.66303 10.794446 274614 1010
1297439385 1978081 59.66303 10.794446 452808 1009
1297439386 1979082 59.66303 10.794446 242805 1001
1297439388 1980853 59.66303 10.794446 83448 1771
1297439389 1981871 59.66303 10.794446 795940 1018
1297439390 1982872 59.66303 10.794446 339264 1001
1297439391 1983882 59.66303 10.794446 387102 1010
1297439392 1984883 59.663037 10.79445 431098 1001
1297439393 1985891 59.663036 10.794467 382756 1008
1297439394 1987061 59.663036 10.794467 329824 1170
1297439395 1988062 59.663036 10.794467 439746 1001
1297439396 1989072 59.663036 10.794467 444304 1010
1297439397 1990074 59.663036 10.794467 450957 1002
1297439398 1991102 59.663043 10.79447 408673 1028
1297439399 1992103 59.663043 10.79447 408282 1001
1297439400 1993104 59.663043 10.79447 574560 1001
1297439401 1994111 59.663042 10.794488 373700 1007
1297439402 1995112 59.663037 10.794488 367992 1001
1297439403 1996113 59.663037 10.794488 360135 1001
1297439404 1997122 59.663015 10.794516 586872 1009
1297439405 1998123 59.663001 10.79453 495536 1001
1297439407 2000183 59.662962 10.794555 336920 2060
1297439408 2001184 59.662936 10.794566 800867 1001
1297439409 2002191 59.662936 10.794566 303456 1007
1297439410 2003192 59.662874 10.794619 318296 1001
1297439411 2004361 59.662835 10.794644 378401 1169
1297439412 2005362 59.662835 10.794644 436392 1001
1297439413 2006522 59.662747 10.794708 283074 1160
1297439414 2007532 59.662693 10.794726 432673 1010
1297439415 2008682 59.66264 10.794765 405834 1150
1297439416 2009683 59.662571 10.794797 363888 1001
1297439417 2010692 59.662511 10.794833 247116 1009
1297439418 2011702 59.662435 10.794862 218225 1010
1297439419 2012711 59.662367 10.794894 161424 1009
1297439420 2013722 59.662293 10.794944 140792 1011
1297439421 2014742 59.662217 10.794973 157320 1006
1297439422 2015752 59.662135 10.79502 135076 1010
1297439424 2016762 59.662054 10.795066 113544 1010
1297439425 2017763 59.661964 10.795109 68228 1001
1297439426 2018794 59.661881 10.795173 112176 1030
1297439427 2019822 59.66179 10.795234 131328 1016
1297439428 2020842 59.661701 10.795277 72923 1020
1297439429 2021852 59.661606 10.795337 77976 1010
1297439430 2022862 59.661503 10.795394 41040 1010
1297439431 2023872 59.6614 10.795452 110808 1010
1297439432 2025057 59.661182 10.795563 171455 1185
1297439433 2026062 59.661182 10.795563 166896 1005
1297439434 2027084 59.660947 10.795685 115871 1022
1297439435 2028092 59.66083 10.795756 139536 1007
1297439436 2029102 59.66083 10.795756 76808 1010
1297439437 2030303 59.660581 10.795909 226695 1201
1297439438 2031313 59.660444 10.795974 272232 1010
1297439439 2032314 59.660444 10.795974 226848 1001
1297439440 2033322 59.66017 10.796121 281957 1008
1297439441 2034333 59.660024 10.796217 226476 1011
1297439442 2035342 59.660024 10.796217 208354 1009
1297439443 2036343 59.659721 10.796371 216708 1001
1297439444 2037344 59.659562 10.796464 328320 1001
1297439445 2038345 59.659562 10.796464 315033 1001
1297439446 2039346 59.659226 10.796626 316685 1001
1297439447 2040354 59.659053 10.796733 417269 1008
1297439448 2041355 59.659053 10.796733 394567 1001
1297439449 2042363 59.658696 10.796905 306490 1008
1297439450 2043733 59.658497 10.796985 296130 1370
1297439451 2044734 59.658305 10.797085 358416 1001
1297439452 2045754 59.658106 10.797165 313855 1005
1297439454 2046763 59.657894 10.797259 432288 1009
1297439455 2047773 59.657694 10.797356 332166 1010
1297439456 2048783 59.657476 10.797428 389880 1010
1297439458 2050835 59.657032 10.797609 36936 2052
1297439459 2051844 59.65681 10.797682 839802 1009
1297439460 2052845 59.656567 10.797748 326271 1001
1297439461 2053854 59.656337 10.797818 328495 1009
1297439462 2055163 59.655843 10.797965 250808 1309
1297439463 2056173 59.655843 10.797965 314640 1010
1297439464 2057174 59.655339 10.798073 254743 1001
1297439465 2058283 59.655077 10.798133 231156 1109
1297439466 2059284 59.655077 10.798133 290016 1001
1297439467 2060293 59.654548 10.798214 180886 1009
1297439468 2061294 59.654275 10.798253 214776 1001
1297439469 2062303 59.654275 10.798253 178096 1009
1297439470 2063313 59.653728 10.79831 261288 1010
1297439471 2064323 59.653448 10.798328 235592 1010
1297439472 2065324 59.653448 10.798328 291384 1001
1297439473 2066325 59.652877 10.798378 260237 1001
1297439474 2067334 59.65259 10.798393 244148 1009
1297439475 2068464 59.652299 10.798408 275400 1130
1297439476 2069474 59.652 10.798419 311904 1010
1297439477 2070483 59.6517 10.798448 205598 1009
1297439478 2071484 59.651401 10.79846 226700 1001
1297439479 2072493 59.651102 10.798471 261288 1009
1297439480 2073494 59.650798 10.798483 198938 1001
1297439481 2074503 59.650492 10.798491 257184 1009
1297439482 2075523 59.650181 10.798499 96571 1020
1297439483 2076533 59.649873 10.798472 101232 1010
1297439484 2077553 59.649557 10.798442 125856 1010
1297439485 2078574 59.649237 10.798412 118430 1021
1297439486 2079594 59.648915 10.798362 143640 1020
1297439487 2080613 59.648602 10.798297 91656 1019
1297439488 2081643 59.648277 10.798229 107229 1030
1297439489 2082663 59.647958 10.798143 123120 1009
1297439490 2083673 59.647633 10.798037 72504 1010
1297439491 2084683 59.647311 10.797934 99864 1010
1297439492 2085704 59.646988 10.79781 65744 1021
1297439493 2086714 59.646661 10.797669 62928 1010
1297439494 2087743 59.64634 10.79751 53352 1021
1297439496 2088884 59.646019 10.797352 59301 1141
1297439497 2089894 59.645686 10.79719 94392 1010
1297439498 2090904 59.645369 10.796997 72627 1010
1297439499 2091934 59.645043 10.7968 57456 1030
1297439500 2092964 59.644722 10.796589 43776 1022
1297439501 2093995 59.644085 10.796129 38304 1031
1297439502 2095124 59.644085 10.796129 29959 1129
1297439503 2096164 59.643451 10.795617 32832 1040
1297439504 2097194 59.643139 10.795354 32832 1030
1297439505 2098244 59.643139 10.795354 31464 1050
1297439506 2099414 59.642505 10.794808 21953 1170
1297439507 2100454 59.642194 10.794527 19152 1040
1297439691 2284190 59.626522 10.780085 2736 183736
