1296514615 1761547 59.954561 10.866964 4104 1044
1296514616 1762852 59.954564 10.866928 12312 1305
1296514617 1764303 59.954564 10.866928 15687 1451
1296514618 1765333 59.954573 10.866914 21402 1029
1296514619 1766343 59.954573 10.866914 8208 1010
1296514621 1767794 59.954581 10.866918 8208 1451
1296514622 1768903 59.954579 10.866935 6840 1109
1296514623 1770034 59.954579 10.866935 10944 1131
1296514624 1771093 59.954576 10.866918 16416 1059
1296514625 1772113 59.95457 10.866897 13680 1020
1296514626 1773183 59.954525 10.866848 10944 1070
1296514627 1774203 59.954476 10.866796 10944 1020
1296514628 1775223 59.954476 10.866796 15048 1020
1296514629 1776273 59.95436 10.866668 17784 1050
1296514630 1777293 59.954272 10.866602 12312 1020
1296514631 1778374 59.954272 10.866602 8208 1081
1296514632 1779434 59.954094 10.866436 10944 1060
1296514634 1780643 59.953983 10.866346 15048 1209
1296514635 1781644 59.953869 10.866253 53352 1001
1296514636 1782655 59.953758 10.866163 54720 1011
1296514637 1783708 59.953629 10.866049 39672 1053
1296514638 1785004 59.953502 10.865952 31464 1295
1296514640 1786624 59.953228 10.865717 24624 1620
1296514641 1787633 59.953228 10.865717 24624 1009
1296514643 1789545 59.952792 10.865284 6840 1912
1296514644 1790604 59.952644 10.865107 12312 1059
1296514645 1791683 59.952507 10.864899 10944 1079
1296514646 1792803 59.952375 10.864672 4104 1120
1296514647 1793854 59.952231 10.86446 5472 1051
1296514648 1794993 59.952099 10.864234 8208 1139
1296514649 1796143 59.951977 10.863993 4104 1150
1296514650 1797223 59.951748 10.863428 8208 1080
1296514651 1798303 59.951671 10.86313 12312 1080
1296514652 1799523 59.951671 10.86313 6840 1220
1296514654 1800613 59.951565 10.862405 2736 1090
1296514655 1801943 59.951526 10.862048 4104 1330
1296514656 1802993 59.951526 10.862048 2736 1050
1296514657 1804003 59.951468 10.861339 5954 1010
1296514658 1805113 59.951455 10.86101 8690 1110
1296514659 1806246 59.95141 10.860417 6436 1133
1296514661 1807603 59.951387 10.860157 3218 1357
1296514663 1809733 59.951387 10.860157 6840 2130
1296514664 1810803 59.95135 10.859515 8208 1070
1296514665 1811903 59.951339 10.85935 2736 1100
1296514666 1813023 59.951339 10.859206 4104 1120
1296514667 1814133 59.951325 10.859077 2736 1110
1296514668 1815523 59.951317 10.858968 2736 1390
1296514670 1816535 59.951295 10.858782 4104 1012
1296514671 1817553 59.951295 10.858782 5472 1018
1296514672 1818833 59.951289 10.858694 5712 1280
1296514673 1819973 59.951289 10.858694 4104 1140
1296514674 1820992 59.951297 10.858697 5472 1019
1296514675 1822173 59.951303 10.858718 9576 1180
1296514676 1823293 59.951303 10.858718 6840 1120
1296514678 1824623 59.951313 10.858739 6840 1330
1296514679 1825682 59.951313 10.858739 8208 1059
1296514680 1826693 59.951307 10.858718 10944 1011
1296514681 1827973 59.951303 10.858718 9576 1280
1296514682 1829273 59.951303 10.858718 4104 1300
1296514684 1830722 59.951304 10.858701 4614 1449
1296514685 1831733 59.951303 10.858666 5472 1011
1296514686 1832763 59.951306 10.858631 6840 1030
1296514687 1833823 59.951314 10.858578 6840 1060
1296514688 1835043 59.951313 10.858504 5472 1220
1296514697 1844068 59.951317 10.858413 16384 9025
1296514698 1845071 59.951021 10.856695 75472 1003
1296514699 1846112 59.950961 10.856492 28479 1041
1296514700 1847132 59.950884 10.8563 41040 1020
1296514701 1848143 59.950801 10.856126 33687 1011
1296514702 1849153 59.95063 10.855809 20520 1010
1296514703 1850183 59.95063 10.855809 19152 1030
1296514705 1852083 59.950423 10.855535 7097 1900
1296514706 1853143 59.950315 10.855424 100298 1059
1296514707 1854153 59.950076 10.855269 112191 1010
1296514708 1855273 59.949954 10.855211 93149 1120
1296514709 1856282 59.949954 10.855211 84598 1009
1296514710 1857283 59.949716 10.855134 100661 1001
1296514711 1858300 59.949591 10.855111 92733 1017
1296514712 1859342 59.949591 10.855111 60469 1042
1296514713 1860442 59.9494745555556 10.8550727777778 41770 1100
1296514714 1861874 59.9493581111111 10.8550345555556 21888 1432
1296514715 1862902 59.9492416666667 10.8549963333333 45737 1028
1296514716 1863913 59.9491252222222 10.8549581111111 93732 1011
1296514717 1864934 59.9490087777778 10.8549198888889 94460 1021
1296514718 1865942 59.9488923333333 10.8548816666667 116784 1008
1296514719 1866982 59.9487758888889 10.8548434444444 81712 1040
1296514721 1868002 59.948543 10.854767 76049 1020
1296514722 1869022 59.948421 10.854718 95003 1020
1296514723 1870023 59.948299 10.854669 102107 1001
1296514724 1871033 59.948212 10.854495 104569 1010
1296514725 1872042 59.948134 10.854306 95248 1009
1296514726 1873045 59.948056 10.854118 105592 1003
1296514727 1874333 59.947985 10.853933 147758 1246
1296514728 1875343 59.947839 10.853541 135599 1010
1296514729 1876352 59.947782 10.853342 114912 1009
1296514730 1877363 59.947782 10.853342 94441 1011
1296514731 1878374 59.947659 10.852958 181807 1011
1296514732 1879453 59.947602 10.852758 162642 1078
1296514734 1880683 59.947602 10.852758 199744 1230
1296514735 1881692 59.947472 10.852356 119016 1009
1296514736 1882722 59.947402 10.852171 115413 1030
1296514737 1883742 59.947333 10.851969 93024 1020
1296514738 1884753 59.947267 10.851784 110239 1011
1296514739 1885762 59.947189 10.851595 97128 1009
1296514740 1886922 59.947127 10.851413 78312 1160
1296514741 1887932 59.94705 10.851207 88920 1010
1296514742 1888942 59.946972 10.851019 79344 1010
1296514743 1889972 59.946894 10.85083 36275 1030
1296514744 1890982 59.946812 10.850642 69768 1010
1296514745 1891993 59.946734 10.850453 112389 1011
1296514746 1893002 59.946663 10.850268 147594 1009
1296514747 1894003 59.946599 10.850066 159021 1001
1296514748 1895013 59.946545 10.849884 108594 1010
1296514749 1896033 59.946479 10.849699 152843 1020
1296514750 1897034 59.946404 10.849528 145417 1001
1296514751 1898042 59.946325 10.849357 112886 1008
1296514752 1899043 59.946247 10.849169 136299 1001
1296514753 1900044 59.946172 10.848998 162563 1001
1296514754 1901182 59.9461 10.84883 180448 1138
1296514755 1902192 59.945941 10.848541 206468 1010
1296514756 1903322 59.945838 10.848416 214618 1130
1296514757 1904332 59.945838 10.848416 220248 1010
1296514758 1905342 59.945616 10.848198 142414 1009
1296514759 1906354 59.945503 10.848088 179560 1012
1296514760 1907362 59.945503 10.848088 186969 1008
1296514761 1908382 59.945277 10.847866 197633 1020
1296514762 1909392 59.945172 10.847759 207936 1010
1296514763 1910404 59.945172 10.847759 157182 1011
1296514764 1911414 59.944971 10.847492 174818 1010
1296514765 1912522 59.944881 10.847352 201418 1108
1296514766 1913523 59.944881 10.847352 199728 1001
1296514768 1914532 59.944724 10.847099 155309 1009
1296514769 1915547 59.944658 10.846966 184540 1014
1296514770 1916552 59.944658 10.846966 232560 1005
1296514771 1917562 59.944559 10.846803 172813 1010
1296514772 1918571 59.944516 10.846733 173445 1009
1296514773 1919572 59.944496 10.846688 182829 1001
1296514774 1920592 59.944484 10.846646 206384 1020
1296514775 1921662 59.944473 10.846639 210928 1070
1296514776 1922663 59.944465 10.846636 268128 1001
1296514777 1923664 59.944461 10.84665 199731 1001
1296514778 1924673 59.944461 10.84665 261679 1009
1296514779 1925675 59.944459 10.846668 262590 1002
1296514780 1926693 59.944455 10.846668 253003 1018
1296514781 1927701 59.944463 10.846671 311904 1008
1296514782 1928712 59.944463 10.846671 217116 1011
1296514783 1929713 59.944461 10.846689 213208 1001
1296514784 1930722 59.944469 10.846692 284544 1009
1296514785 1931723 59.944469 10.846692 227983 1001
1296514786 1932733 59.944467 10.84671 305064 1010
1296514787 1933734 59.944467 10.84671 253918 1001
1296514788 1934743 59.944467 10.84671 253523 1009
1296514789 1935974 59.944467 10.84671 305064 1231
1296514790 1936992 59.944467 10.84671 179993 1018
1296514791 1938042 59.944472 10.84671 190218 1050
1296514792 1939052 59.944472 10.84671 201096 1010
1296514793 1940121 59.944472 10.84671 176351 1069
1296514794 1941131 59.944464 10.846706 196992 1010
1296514795 1942132 59.944459 10.846668 169632 1001
1296514796 1943142 59.944459 10.846668 102092 1010
1296514797 1944143 59.944436 10.846566 190152 1001
1296514798 1945151 59.944415 10.846486 141520 1008
1296514799 1946152 59.944415 10.846486 186048 1001
1296514800 1947171 59.944335 10.846291 127778 1019
1296514801 1948181 59.944287 10.846183 160056 1010
1296514802 1949182 59.944287 10.846183 132696 1001
1296514803 1950191 59.944176 10.845925 113036 1009
1296514804 1951193 59.944099 10.845772 144083 1001
1296514805 1952212 59.944099 10.845772 119867 1019
1296514806 1953213 59.943928 10.845441 88920 1001
1296514807 1954223 59.943829 10.845263 93155 1010
1296514808 1955371 59.943829 10.845263 170918 1148
1296514809 1956401 59.943632 10.844838 131328 1030
1296514810 1957412 59.943525 10.844604 82514 1011
1296514812 1958613 59.943525 10.844604 174169 1201
1296514813 1959721 59.943299 10.844095 197117 1108
1296514814 1960722 59.943178 10.843837 257184 1001
1296514815 1961731 59.943053 10.843579 183560 1009
1296514816 1963021 59.942932 10.843321 225079 1290
1296514817 1964022 59.942811 10.843063 257184 1001
1296514818 1965032 59.942689 10.842823 174617 1010
1296514819 1966041 59.942556 10.842561 187173 1009
1296514820 1967045 59.942443 10.842307 219237 1003
1296514821 1968051 59.942331 10.842034 221493 1006
1296514822 1969052 59.942218 10.84178 254448 1001
1296514823 1970061 59.942097 10.841522 209176 1009
1296514824 1971062 59.941987 10.841285 224763 1001
1296514825 1972071 59.941874 10.84103 262656 1009
1296514826 1973073 59.941752 10.84079 283176 1002
1296514827 1974074 59.941642 10.840553 48484 1001
1296514828 1975081 59.941521 10.840295 218880 1007
1296514829 1976082 59.941413 10.84004 167241 1001
1296514830 1977091 59.941312 10.839789 196992 1009
1296514831 1978093 59.941209 10.839556 140339 1002
1296514832 1979101 59.941108 10.839304 212040 1008
1296514833 1980111 59.940992 10.839085 108542 1010
1296514834 1981113 59.940789 10.838639 175104 1002
1296514835 1982141 59.940789 10.838639 133827 1028
1296514836 1983158 59.940655 10.838233 150480 1016
1296514837 1984161 59.940603 10.838073 154584 1003
1296514838 1985171 59.940603 10.838073 100820 1010
1296514839 1986191 59.940571 10.837866 121752 1020
1296514840 1987212 59.940562 10.837775 138168 1021
1296514841 1988214 59.940562 10.837775 138391 1002
1296514842 1989330 59.940572 10.837729 174192 1116
1296514843 1990331 59.940574 10.83775 188784 1001
1296514844 1991341 59.940574 10.83775 154735 1010
1296514845 1992342 59.940602 10.837798 157162 1001
1296514846 1993351 59.940615 10.837823 156721 1008
1296514847 1994353 59.940615 10.837823 196992 1002
1296514848 1995369 59.940632 10.83785 156314 1016
1296514849 1996407 59.940651 10.837875 160348 1037
1296514850 1997411 59.940651 10.837875 199728 1004
1296514851 1998421 59.940672 10.837902 147610 1009
1296514852 1999442 59.940684 10.837906 157211 1021
1296514853 2000452 59.940684 10.837906 187416 1009
1296514854 2001453 59.940716 10.837916 150841 1001
1296514855 2002471 59.940727 10.837937 195624 1018
1296514856 2003481 59.940727 10.837937 156760 1009
1296514857 2004490 59.940755 10.837943 176472 1009
1296514858 2005491 59.940771 10.837964 160056 1001
1296514860 2006621 59.940771 10.837964 103117 1130
1296514861 2007631 59.940776 10.837961 136800 1010
1296514862 2008641 59.940773 10.837958 142272 1010
1296514863 2009651 59.94076 10.837933 124488 1010
1296514864 2010660 59.94074 10.837888 58948 1009
1296514865 2011680 59.940721 10.837825 77976 1020
1296514866 2012720 59.940704 10.837745 61560 1040
1296514867 2013800 59.94067 10.837623 65007 1080
1296514868 2014801 59.940635 10.837479 165585 1001
1296514870 2017044 59.940635 10.837479 122568 2242
1296514871 2018051 59.940499 10.837029 140904 1007
1296514872 2019056 59.940444 10.836865 128530 1005
1296514873 2020061 59.940381 10.836697 186474 1005
1296514874 2021153 59.9403 10.836506 234463 1092
1296514875 2022241 59.940097 10.836074 98243 1088
1296514876 2023251 59.93998 10.835816 203585 1010
1296514877 2024252 59.93998 10.835816 217492 1001
1296514878 2025260 59.939725 10.835328 201026 1008
1296514879 2026271 59.939589 10.835102 194282 1011
1296514880 2027310 59.939589 10.835102 158688 1039
1296514881 2028420 59.939303 10.834643 28728 1110
1296514882 2029430 59.939159 10.834414 43100 1010
1296514883 2030440 59.939159 10.834414 90288 1010
1296514884 2031450 59.938874 10.833976 82080 1010
1296514886 2033201 59.938732 10.833767 24624 1751
1296514887 2034250 59.938444 10.833364 62928 1049
1296514888 2035280 59.938296 10.833187 35568 1030
1296514889 2036290 59.938296 10.833187 52882 1010
1296514890 2037340 59.937994 10.832799 135060 1050
1296514891 2038472 59.937842 10.832622 165212 1132
1296514893 2039532 59.937842 10.832622 128592 1060
1296514894 2040540 59.937536 10.832286 171163 1008
1296514895 2041721 59.93739 10.83213 162773 1181
1296514896 2042722 59.937235 10.831989 224694 1001
1296514897 2043731 59.937075 10.831847 200978 1009
1296514898 2044742 59.936908 10.83174 219626 1011
1296514899 2045750 59.936742 10.831616 239003 1008
1296514900 2046960 59.936588 10.831496 197417 1210
1296514902 2048612 59.936432 10.83141 175104 1652
1296514903 2049680 59.936159 10.831252 97091 1068
1296514904 2050901 59.936032 10.831195 203932 1220
1296514905 2051902 59.935922 10.831143 224409 1001
1296514906 2052910 59.935831 10.831099 182970 1008
1296514907 2053920 59.935744 10.831054 166878 1010
1296514908 2054921 59.935671 10.831034 243504 1001
1296514909 2055930 59.935603 10.831014 175416 1009
1296514910 2056940 59.935541 10.831015 221616 1010
1296514911 2057941 59.935485 10.831037 234687 1001
1296514912 2058942 59.935443 10.831044 229054 1001
1296514913 2059951 59.935428 10.831062 272232 1009
1296514914 2060971 59.935431 10.831065 226352 1019
1296514915 2061981 59.935426 10.831065 246006 1010
1296514916 2062982 59.93544 10.831051 291384 1001
1296514917 2063990 59.935454 10.831037 288648 1008
1296514918 2065000 59.935463 10.831022 217898 1010
1296514919 2066020 59.935476 10.831008 284544 1019
1296514920 2067021 59.935488 10.831012 184083 1001
1296514921 2068030 59.935502 10.830997 284544 1009
1296514922 2069031 59.935511 10.830983 203246 1001
1296514923 2070080 59.935525 10.830969 230985 1049
1296514924 2071082 59.935538 10.830955 306432 1001
1296514925 2072090 59.93555 10.830958 238678 1008
1296514926 2073103 59.935556 10.83094 232641 1013
1296514927 2074110 59.935577 10.83093 317859 1007
1296514928 2075120 59.935577 10.83093 230949 1010
1296514929 2076121 59.935582 10.83093 243517 1001
1296514930 2077180 59.935596 10.830915 271487 1059
1296514931 2078182 59.935596 10.830915 332511 1002
1296514932 2079184 59.935609 10.830901 262413 1002
1296514933 2080190 59.935614 10.830901 252212 1006
1296514934 2081192 59.935614 10.830901 250139 1002
1296514935 2082200 59.935632 10.830887 232487 1008
1296514936 2083201 59.935636 10.830887 248959 1001
1296514937 2084461 59.935636 10.830887 260329 1260
1296514938 2085470 59.935645 10.830849 224352 1008
1296514939 2086471 59.935645 10.83081 176996 1001
1296514940 2087479 59.935645 10.83081 222984 1007
1296514941 2088480 59.935614 10.830705 192239 1001
1296514942 2089481 59.935583 10.830639 229891 1001
1296514943 2090520 59.935583 10.830639 263189 1039
1296514945 2091690 59.935491 10.830494 290737 1170
1296514946 2092700 59.935429 10.830417 233928 1009
1296514947 2093701 59.935347 10.830334 264024 1001
1296514948 2094710 59.935252 10.830248 185468 1009
1296514949 2095711 59.935156 10.830141 276336 1001
1296514950 2096712 59.935056 10.830034 287280 1001
1296514951 2097713 59.934957 10.829909 208259 1001
1296514952 2098720 59.934845 10.829781 239400 1007
1296514953 2099730 59.934749 10.829621 219164 1010
1296514954 2100739 59.934665 10.829464 212040 1009
1296514955 2101749 59.93457 10.829287 125550 1010
1296514956 2102751 59.93447 10.829127 166896 1001
1296514957 2103754 59.934375 10.828949 162814 1003
1296514958 2104760 59.934282 10.828754 169632 1006
1296514959 2105780 59.934178 10.828538 117648 1020
1296514960 2106790 59.934069 10.828322 113891 1010
1296514961 2107799 59.933949 10.828103 157320 1008
1296514962 2108849 59.933836 10.827848 76503 1050
1296514963 2109859 59.933726 10.827597 23256 1010
1296514964 2110869 59.933621 10.827329 68400 1010
1296514965 2111879 59.933516 10.827077 82080 1010
1296514966 2112900 59.933421 10.826795 59521 1020
1296514967 2113939 59.93333 10.826512 13680 1039
1296514968 2114959 59.933264 10.826235 86184 1020
1296514969 2116029 59.933199 10.825942 36936 1070
1296514970 2117050 59.933142 10.825651 16416 1021
1296514971 2118059 59.93309 10.825361 128592 1008
1296514972 2119060 59.933031 10.825088 128699 1001
1296514973 2120099 59.932977 10.824815 75240 1039
1296514974 2121109 59.932917 10.82456 86762 1010
1296514975 2122119 59.932811 10.824088 112176 1010
1296514976 2123139 59.932811 10.824088 120384 1019
1296514977 2124159 59.932715 10.823676 88101 1020
1296514978 2125179 59.932666 10.82348 113544 1020
1296514979 2126199 59.932666 10.82348 71228 1020
1296514980 2127219 59.932593 10.82313 99864 1020
1296514981 2128229 59.932559 10.822994 74919 1010
1296514982 2129231 59.932559 10.822994 116280 1002
1296514983 2130259 59.932527 10.822787 85858 1028
1296514984 2131269 59.932504 10.82271 88094 1010
1296514985 2132289 59.932504 10.82271 88986 1020
1296514986 2133308 59.932473 10.822577 98438 1019
1296514987 2134319 59.932472 10.822542 101981 1011
1296514988 2135329 59.932472 10.822542 120765 1010
1296514989 2136339 59.932463 10.822542 113582 1010
1296514990 2137359 59.932457 10.822559 121527 1020
1296514991 2138369 59.932457 10.822559 131736 1010
1296514992 2139379 59.932444 10.822612 136333 1010
1296514993 2140389 59.932438 10.82263 130688 1010
1296514995 2141749 59.932438 10.82263 103576 1360
1296514996 2142899 59.932421 10.822665 127224 1150
1296514997 2143919 59.932415 10.822682 42790 1020
1296514998 2144929 59.932402 10.822697 112176 1010
1296514999 2145958 59.932396 10.822714 75115 1029
1296515000 2146979 59.932396 10.822714 86184 1021
1296515001 2148109 59.93239 10.822732 80763 1130
1296515002 2149138 59.93239 10.822732 88920 1029
1296515003 2150369 59.93239 10.822732 61652 1231
1296515004 2151379 59.932396 10.822714 84816 1010
1296515005 2152389 59.932397 10.822697 83749 1010
1296515006 2153409 59.932397 10.822697 73872 1018
1296515008 2154579 59.932392 10.822658 87912 1170
1296515009 2155599 59.932386 10.822637 91656 1020
1296515010 2156738 59.932386 10.822637 66363 1139
1296515011 2157748 59.932357 10.822553 69768 1010
1296515012 2158769 59.93234 10.822512 54720 1021
1296515013 2159779 59.932311 10.822428 55853 1010
1296515014 2160789 59.932285 10.822309 65664 1010
1296515015 2161798 59.932231 10.822166 66878 1009
1296515016 2162810 59.932188 10.822005 95459 1012
1296515017 2163939 59.932141 10.821845 104830 1129
1296515018 2164940 59.932082 10.821663 116280 1001
1296515019 2165959 59.932027 10.821499 92883 1019
1296515020 2166978 59.931964 10.821332 125856 1019
1296515021 2167980 59.931907 10.821132 115521 1002
1296515022 2169079 59.931849 10.820912 124729 1098
1296515023 2170089 59.93178 10.820671 166896 1010
1296515024 2171090 59.93171 10.820392 104064 1001
1296515025 2172319 59.931522 10.819784 132139 1229
1296515026 2173328 59.93141 10.819474 131328 1009
1296515027 2174438 59.93141 10.819474 124917 1109
1296515028 2175439 59.931166 10.818923 139536 1001
1296515029 2176469 59.93103 10.818659 114103 1030
1296515030 2177470 59.93103 10.818659 117871 1001
1296515031 2178478 59.930749 10.81813 112411 1008
1296515032 2179508 59.930609 10.817865 98496 1029
1296515033 2180518 59.930609 10.817865 56905 1009
1296515035 2181547 59.930325 10.817371 156318 1029
1296515036 2182551 59.930183 10.817124 151279 1004
1296515037 2183559 59.930183 10.817124 182216 1008
1296515038 2184629 59.929924 10.81662 164990 1070
1296515039 2185698 59.929809 10.816344 170958 1069
1296515040 2186699 59.92969 10.816069 233928 1001
1296515041 2187709 59.929575 10.815794 180857 1010
1296515042 2188710 59.929468 10.815522 224352 1001
1296515043 2189718 59.929374 10.815236 178068 1008
1296515044 2190808 59.929288 10.814953 178463 1090
1296515045 2191818 59.929204 10.814652 227088 1010
1296515046 2192838 59.929141 10.814341 197319 1020
1296515047 2193839 59.929091 10.814016 203936 1001
1296515048 2194840 59.929052 10.813711 211972 1001
1296515049 2195918 59.92901 10.813389 222956 1078
1296515050 2196938 59.928978 10.813088 155952 1020
1296515051 2197940 59.928951 10.812825 127224 1002
1296515052 2198978 59.928925 10.812563 113169 1038
1296515053 2200008 59.928906 10.812303 73872 1030
1296515054 2201028 59.928891 10.812082 54720 1020
1296515055 2202038 59.928866 10.811841 50616 1010
1296515056 2203039 59.928852 10.81162 106275 1001
1296515057 2204188 59.928837 10.811399 260221 1149
1296515058 2205198 59.928798 10.810975 258552 1010
1296515059 2206208 59.928784 10.810792 162362 1010
1296515060 2207238 59.928784 10.810792 156403 1030
1296515061 2208239 59.928751 10.810442 191520 1001
1296515062 2209248 59.928735 10.810277 130826 1009
1296515063 2210249 59.928735 10.810277 155952 1001
1296515064 2211258 59.928721 10.809951 135872 1008
1296515065 2212418 59.928703 10.809804 181362 1160
1296515067 2213648 59.928703 10.809804 201223 1230
1296515068 2214878 59.928687 10.809495 208703 1230
1296515069 2216038 59.928669 10.809365 204314 1160
1296515070 2217299 59.928656 10.809074 165528 1261
1296515071 2218309 59.928636 10.808924 113640 1010
1296515072 2219318 59.928636 10.808924 146256 1009
1296515073 2220448 59.928612 10.808612 177135 1130
1296515075 2221540 59.928592 10.808461 175339 1092
1296515076 2222638 59.928592 10.808461 209583 1098
1296515077 2223688 59.92857575 10.808309875 184775 1050
1296515078 2224698 59.9285595 10.80815875 187416 1010
1296515079 2225708 59.92854325 10.808007625 134668 1010
1296515080 2226748 59.928527 10.8078565 162339 1040
1296515081 2227758 59.92851075 10.807705375 181944 1010
1296515082 2228759 59.9284945 10.80755425 138869 1001
1296515083 2229768 59.92847825 10.807403125 126669 1009
1296515084 2230798 59.928462 10.807252 157978 1030
1296515085 2231808 59.92844575 10.807100875 186048 1010
1296515086 2232818 59.9284295 10.80694975 138685 1010
1296515087 2233827 59.92841325 10.806798625 142620 1009
1296515088 2234837 59.928397 10.8066475 179208 1010
1296515089 2235848 59.92838075 10.806496375 155640 1011
1296515090 2236850 59.9283645 10.80634525 150216 1001
1296515091 2238057 59.92834825 10.806194125 176531 1207
1296515092 2239067 59.928332 10.806043 207936 1010
1296515093 2240068 59.928322 10.805928 169996 1001
1296515094 2241077 59.928325 10.805816 209304 1009
1296515095 2242087 59.928332 10.805704 158429 1009
1296515096 2243088 59.928337 10.805609 192120 1001
1296515097 2244097 59.928341 10.805532 198671 1009
1296515098 2245268 59.928342 10.805466 249887 1171
1296515099 2246269 59.928342 10.805466 277704 1001
1296515100 2247277 59.928338 10.805453 212681 1007
1296515101 2248358 59.928335 10.805464 228103 1081
1296515102 2249368 59.928335 10.805464 248773 1010
1296515103 2250378 59.928318 10.805464 251518 1010
1296515104 2251387 59.928319 10.805461 228076 1009
1296515105 2252400 59.928319 10.805461 235795 1012
1296515106 2253408 59.92831 10.805465 253145 1008
1296515107 2254409 59.928307 10.805476 249065 1001
1296515108 2255418 59.928307 10.805476 258509 1009
1296515109 2256428 59.928296 10.805484 254570 1010
1296515111 2257678 59.928296 10.805498 329778 1249
1296515112 2258680 59.928285 10.805491 318744 1002
1296515113 2259687 59.92828 10.805505 230568 1007
1296515114 2260688 59.928273 10.805502 258873 1001
1296515115 2261690 59.928268 10.805516 226754 1002
1296515116 2262698 59.928265 10.805513 210076 1008
1296515117 2263778 59.928256 10.805527 230771 1080
1296515118 2264798 59.92826 10.805527 242136 1020
1296515119 2265807 59.928254 10.805506 148364 1009
1296515120 2266927 59.928247 10.805503 215681 1120
1296515121 2267938 59.928234 10.805461 247608 1011
1296515122 2268940 59.928216 10.805437 186972 1002
1296515123 2270038 59.928205 10.805377 263116 1098
1296515124 2271039 59.92819 10.805318 307800 1001
1296515125 2272048 59.9281748214286 10.8052453214286 232812 1009
1296515126 2273058 59.9281596428571 10.8051726428571 295488 1010
1296515127 2274059 59.9281444642857 10.8050999642857 255816 1001
1296515128 2275077 59.9281292857143 10.8050272857143 166663 1018
1296515129 2276087 59.9281141071429 10.8049546071429 232560 1010
1296515130 2277107 59.9280989285714 10.8048819285714 176117 1020
1296515131 2278117 59.92808375 10.80480925 195624 1009
1296515132 2279127 59.9280685714286 10.8047365714286 110155 1010
1296515133 2280128 59.9280533928571 10.8046638928571 135432 1001
1296515134 2281137 59.9280382142857 10.8045912142857 153080 1009
1296515135 2282157 59.9280230357143 10.8045185357143 80469 1020
1296515136 2283167 59.9280078571429 10.8044458571429 225720 1009
1296515137 2284177 59.9279926785714 10.8043731785714 137395 1010
1296515138 2285186 59.9279775 10.8043005 139536 1009
1296515139 2286187 59.9279623214286 10.8042278214286 85687 1001
1296515140 2287197 59.9279471428571 10.8041551428571 109440 1010
1296515141 2288207 59.9279319642857 10.8040824642857 108167 1009
1296515142 2289208 59.9279167857143 10.8040097857143 93024 1001
1296515143 2290517 59.9279016071429 10.8039371071429 75240 1309
1296515144 2291526 59.9278864285714 10.8038644285714 59608 1009
1296515145 2292527 59.92787125 10.80379175 61560 1001
1296515146 2293545 59.9278560714286 10.8037190714286 64296 1017
1296515147 2294556 59.9278408928571 10.8036463928571 31464 1011
1296515148 2295708 59.9278257142857 10.8035737142857 28728 1152
1296515149 2296717 59.9278105357143 10.8035010357143 53992 1009
1296515150 2297718 59.9277953571429 10.8034283571429 94392 1001
1296515152 2298776 59.927765 10.803283 48249 1058
1296515153 2299787 59.927627 10.803022 57456 1011
1296515154 2300797 59.927478 10.802796 103968 1010
1296515155 2301806 59.927341 10.802574 69722 1009
1296515156 2302818 59.927206 10.802316 21888 1012
1296515157 2303827 59.92708 10.802062 133795 1009
1296515158 2304828 59.926957 10.801807 148162 1001
1296515159 2305837 59.926838 10.801571 131351 1009
1296515160 2306846 59.926715 10.801334 111389 1009
1296515161 2307857 59.926595 10.801097 129118 1011
1296515162 2308866 59.926475 10.800878 150854 1009
1296515163 2309897 59.926365 10.80068 83584 1031
1296515164 2310898 59.926244 10.80046 143484 1001
1296515165 2311996 59.92613 10.800276 112628 1098
1296515166 2313047 59.92602 10.800078 57456 1051
1296515167 2314066 59.925907 10.799876 45144 1019
1296515168 2315076 59.925794 10.799675 62928 1010
1296515169 2316077 59.925688 10.799476 103098 1001
1296515170 2317086 59.925584 10.799261 94471 1009
1296515171 2318087 59.925492 10.799048 92257 1001
1296515172 2319116 59.92541 10.798821 110755 1029
1296515173 2320118 59.925253 10.798368 110364 1001
1296515174 2321137 59.925253 10.798368 101489 1019
1296515175 2322306 59.925127 10.79789 140544 1169
1296515176 2323427 59.925074 10.797652 112176 1121
1296515177 2324456 59.925074 10.797652 79344 1029
1296515178 2325466 59.924971 10.797159 70667 1010
1296515179 2326506 59.924918 10.796922 87552 1040
1296515180 2327516 59.924918 10.796922 71136 1010
1296515181 2328526 59.924817 10.796432 66867 1010
1296515183 2329556 59.924765 10.796195 80186 1030
1296515184 2330566 59.924723 10.795978 88920 1010
1296515185 2331586 59.924673 10.795744 74657 1020
1296515186 2332597 59.924627 10.795527 81095 1011
1296515187 2333686 59.924627 10.795527 69768 1089
1296515188 2334696 59.924547 10.795136 60489 1010
1296515189 2335716 59.924506 10.79494 86184 1020
1296515190 2336726 59.924472 10.794765 71678 1010
1296515191 2337736 59.924444 10.794611 77331 1010
1296515192 2338896 59.924417 10.794458 99828 1160
1296515193 2340116 59.924386 10.794339 123079 1220
1296515194 2341146 59.924338 10.79414 20520 1030
1296515195 2342176 59.924338 10.79414 79344 1030
1296515196 2343185 59.924318 10.794042 66491 1009
1296515197 2344186 59.924315 10.794024 68974 1001
1296515198 2345246 59.924315 10.794024 77932 1060
1296515199 2346255 59.924313 10.794042 94392 1009
1296515200 2347476 59.924321 10.794045 71971 1221
1296515201 2348485 59.924321 10.794045 72389 1009
1296515202 2349486 59.924316 10.794045 84816 1001
1296515204 2350616 59.924316 10.794045 58155 1130
1296515205 2351646 59.924316 10.794045 77976 1030
1296515206 2352656 59.924316 10.794045 63008 1010
1296515207 2353666 59.924316 10.794045 86184 1010
1296515208 2354676 59.924316 10.794045 72946 1010
1296515209 2355686 59.924318 10.794028 74545 1010
1296515210 2356746 59.92431 10.794024 70017 1060
1296515211 2357826 59.92431 10.794024 94023 1080
1296515212 2359035 59.924309 10.794042 113084 1209
1296515213 2360156 59.924306 10.794038 112395 1121
1296515214 2361166 59.924298 10.794035 97514 1010
1296515215 2362175 59.92429 10.794032 93955 1009
1296515216 2363176 59.92429 10.794032 95760 1001
1296515217 2364211 59.924265 10.794004 88246 1035
1296515218 2365215 59.92424 10.793959 88402 1004
1296515219 2366346 59.92424 10.793959 92822 1131
1296515220 2367356 59.92417 10.79388 110808 1010
1296515221 2368375 59.924136 10.793849 90459 1018
1296515223 2369746 59.924136 10.793849 114829 1371
1296515224 2370755 NOFIX NOFIX 139536 1009
1296515225 2371776 NOFIX NOFIX 44668 1021
1296515226 2372825 NOFIX NOFIX 41040 1049
1296515227 2373856 NOFIX NOFIX 8208 1031
1296515262 2408938 NOFIX NOFIX 10944 35082
1296515713 2859470 NOFIX NOFIX 0 450532
