1288861074 143637 59.954453 10.866666 43776 1073
1288861075 144640 59.954453 10.866666 110596 1003
1288861075 145164 59.954342 10.866538 14258 524
1288861077 146576 59.954182 10.866357 74381 1159
1288861078 147677 59.953981 10.866167 136016 1101
1288861079 148737 59.953981 10.866167 73872 1060
1288861080 149741 59.953725 10.865956 78207 1004
1288861081 150748 59.953584 10.865839 107659 1007
1288861082 151888 59.953276 10.865614 105475 1140
1288861083 152893 59.953116 10.865473 95174 1005
1288861084 153912 59.95295 10.865348 75273 1019
1288861085 155032 59.95279 10.865207 24624 1120
1288861086 156040 59.952625 10.865082 70879 1008
1288861087 157044 59.952292 10.864813 121003 1004
1288861088 158265 59.952129 10.864653 194224 1221
1288861089 159284 59.952129 10.864653 150970 1016
1288861091 160465 59.951868 10.86426 161839 1181
1288861092 161484 59.951769 10.863991 187154 1019
1288861093 162584 59.951691 10.863711 165542 1100
1288861094 163589 59.951629 10.863382 162957 1005
1288861095 164596 59.95157 10.863071 149493 1007
1288861096 165776 59.951527 10.862766 176418 1180
1288861097 166856 59.951455 10.862177 175934 1080
1288861098 167861 59.951455 10.862177 206618 1005
1288861099 168901 59.951436 10.861879 122980 1036
1288861100 169908 59.951405 10.861272 192878 1007
1288861101 170924 59.951405 10.861272 191331 1015
1288861102 171925 59.951392 10.860995 192205 1001
1288861103 172932 59.95138 10.860465 128336 1007
1288861104 173941 59.95138 10.860465 137396 1009
1288861105 174953 59.95137 10.860244 141690 1012
1288861106 175961 59.951352 10.859876 156119 1008
1288861107 176972 59.951352 10.859876 112225 1011
1288861108 177973 59.951333 10.859631 95623 1001
1288861109 178985 59.951329 10.859536 118922 1012
1288861110 180012 59.951329 10.859536 135376 1027
1288861111 181016 59.951317 10.859403 163886 1004
1288861112 182024 59.951312 10.859365 166849 1008
1288861113 183037 59.951312 10.859365 167762 1013
1288861114 184057 59.951322 10.859294 177916 1020
1288861115 185069 59.951337 10.859263 159361 1012
1288861116 186077 59.951337 10.859263 205050 1008
1288861117 187121 59.951344 10.859231 149967 1044
1288861118 188137 59.951345 10.859213 226715 1016
1288861120 189328 59.951354 10.859199 239151 1191
1288861121 190481 59.951365 10.859167 197630 1153
1288861122 191488 59.951366 10.85915 230803 1007
1288861123 192500 59.951372 10.859132 159974 1012
1288861124 193673 59.951378 10.859114 172083 1173
1288861125 194681 59.951378 10.859114 200245 1008
1288861126 195685 59.951379 10.859097 137059 1004
1288861127 196705 59.951378 10.859076 209306 1020
1288861128 197712 59.951378 10.859076 175809 1007
1288861129 198872 59.951396 10.859062 210210 1160
1288861130 199873 59.951405 10.859048 232753 1001
1288861131 200884 59.951405 10.859048 135702 1011
1288861132 201889 59.951409 10.859048 176008 1004
1288861133 202900 59.951429 10.859016 247691 1011
1288861134 204136 59.951429 10.859016 145257 1235
1288861135 205268 59.951442 10.858963 162938 1132
1288861136 206277 59.951444 10.858907 201888 1009
1288861137 207288 59.951444 10.858907 220291 1011
1288861138 208300 59.951452 10.858763 175129 1011
1288861139 209308 59.951458 10.858654 119985 1008
1288861140 210313 59.951458 10.858654 195507 1005
1288861142 211329 59.951445 10.858339 180558 1016
1288861143 212341 59.951433 10.858135 58824 1012
1288861144 213704 59.951419 10.857928 70739 1363
1288861145 214721 59.951391 10.857683 99864 1017
1288861146 215733 59.951349 10.857452 63329 1012
1288861147 216744 59.951349 10.857452 77976 1011
1288861148 217752 59.951244 10.857001 101556 1008
1288861149 218765 59.95118 10.856798 137210 1013
1288861150 219784 59.95118 10.856798 80712 1019
1288861151 220817 59.951108 10.856592 27360 1033
1288861152 221965 59.950961 10.856253 27636 1148
1288861153 222988 59.950961 10.856253 73872 1023
1288861154 224040 59.950873 10.856097 28728 1052
1288861156 226136 59.95079 10.855961 21888 2096
1288861157 227148 59.9507 10.855822 189207 1012
1288861158 228181 59.950372 10.855528 89377 1033
1288861159 229188 59.950255 10.85547 84217 1007
1288861160 230209 59.950016 10.855354 97190 1021
1288861161 231220 59.950016 10.855354 100815 1011
1288861162 232221 59.949885 10.85531 104327 1001
1288861163 233232 59.949885 10.85531 124312 1011
1288861164 234240 59.949885 10.85531 38304 1008
1288861165 235293 59.949885 10.85531 12312 1053
1288861166 236301 59.949885 10.85531 43776 1008
1288861167 237312 59.949885 10.85531 35752 1011
1288861169 238340 59.949885 10.85531 49248 1028
1288861170 239345 59.949034 10.854918 88920 1005
1288861171 240365 59.948934 10.854849 75554 1020
1288861172 241396 59.948823 10.85476 43776 1031
1288861173 242397 59.948704 10.854666 43776 1001
1288861174 243424 59.948599 10.854545 65664 1027
1288861175 244429 59.948491 10.85442 39101 1005
1288861176 245437 59.948388 10.854281 56088 1008
1288861177 246448 59.94829 10.854124 53352 1011
1288861178 247456 59.94829 10.854124 31464 1008
1288861179 248460 59.948098 10.853776 27492 1003
1288861180 249480 59.948014 10.853605 87552 1020
1288861181 250488 59.947939 10.85342 100401 1008
1288861182 251520 59.947797 10.853028 90188 1032
1288861183 252532 59.947797 10.853028 84816 1012
1288861184 253640 59.947667 10.852641 65809 1108
1288861185 254652 59.947596 10.852456 99864 1012
1288861186 255673 59.947596 10.852456 79344 1021
1288861187 256692 59.947469 10.852085 58915 1019
1288861188 257713 59.947409 10.851883 73872 1021
1288861189 258725 59.947409 10.851883 68925 1012
1288861190 259812 59.947264 10.851488 29650 1087
1288861191 260816 59.947198 10.851303 38304 1004
1288861192 261936 59.947129 10.851115 93188 1120
1288861193 262956 59.947063 10.850929 106704 1020
1288861194 263964 59.946999 10.850727 39966 1008
1288861195 264968 59.946999 10.850727 47880 1004
1288861196 265976 59.946925 10.850538 102600 1008
1288861197 266984 59.946786 10.850165 80304 1008
1288861198 268000 59.946786 10.850165 103968 1016
1288861199 269020 59.946643 10.849788 71821 1019
1288861200 270021 59.946564 10.849617 91381 1001
1288861201 271029 59.946489 10.849446 73629 1008
1288861202 272052 59.946329 10.849136 90751 1023
1288861203 273072 59.946329 10.849136 105336 1020
1288861204 274073 59.946133 10.848851 91687 1001
1288861205 275080 59.94603 10.848726 107031 1007
1288861206 276081 59.94603 10.848726 108270 1001
1288861207 277152 59.945817 10.848494 104774 1071
1288861208 278164 59.945704 10.848369 112176 1012
1288861209 279173 59.945704 10.848369 80967 1009
1288861210 280176 59.945488 10.848119 86615 1003
1288861211 281264 59.945383 10.847998 102326 1088
1288861212 282277 59.945383 10.847998 109440 1013
1288861213 283285 59.945155 10.84773 80178 1008
1288861214 284296 59.945044 10.847588 109440 1011
1288861216 285348 59.944952 10.847452 88103 1052
1288861217 286369 59.944861 10.847317 117648 1021
1288861218 287376 59.944782 10.847184 99864 1007
1288861219 288388 59.944782 10.847184 65191 1012
1288861220 289401 59.944707 10.847052 101232 1013
1288861221 290428 59.944592 10.846801 73866 1027
1288861222 291569 59.944544 10.846696 80957 1141
1288861223 292580 59.944487 10.846588 81988 1011
1288861224 293772 59.944434 10.846497 82784 1192
1288861225 294792 59.944434 10.846497 101232 1019
1288861226 295800 59.944344 10.846358 87355 1008
1288861227 296805 59.944307 10.84631 93010 1005
1288861228 297812 59.94429 10.846268 113090 1007
1288861229 298813 59.944263 10.846258 126361 1001
1288861230 299925 59.944263 10.846258 125961 1112
1288861231 300937 59.944267 10.846258 141609 1012
1288861232 301977 59.944266 10.846275 126643 1040
1288861233 302984 59.944266 10.846275 139849 1007
1288861234 303985 59.944258 10.846272 117853 1001
1288861235 304988 59.944258 10.846272 171744 1003
1288861236 305996 59.944258 10.846272 95517 1008
1288861237 307009 59.944255 10.846268 88548 1013
1288861238 308021 59.944246 10.846283 87552 1012
1288861239 309049 59.944251 10.846283 70820 1028
1288861240 310068 59.944255 10.846283 87552 1019
1288861241 311080 59.944258 10.8463 75403 1012
1288861242 312088 59.944258 10.8463 93024 1008
1288861243 313093 59.944266 10.846318 74808 1005
1288861244 314100 59.944275 10.846318 90288 1007
1288861245 315113 59.944275 10.846318 78389 1013
1288861246 316121 59.944282 10.846335 108414 1008
1288861247 317124 59.944285 10.846353 138531 1003
1288861248 318125 59.944285 10.846353 125375 1001
1288861249 319132 59.944302 10.846356 146376 1007
1288861250 320145 59.944315 10.846395 134810 1013
1288861251 321164 59.944315 10.846395 129563 1019
1288861253 322404 59.944321 10.846391 121352 1240
1288861254 323416 59.944326 10.846391 93024 1012
1288861255 324425 59.944326 10.846391 68315 1008
1288861256 325596 59.94431 10.846346 96049 1171
1288861257 326736 59.944295 10.846287 91622 1140
1288861258 327740 59.944295 10.846287 97128 1004
1288861259 328760 59.944243 10.84614 68705 1019
1288861260 329800 59.944201 10.846053 61175 1040
1288861261 330809 59.944201 10.846053 77976 1009
1288861262 331821 59.944177 10.845955 82080 1012
1288861263 332833 59.9441 10.845711 55347 1012
1288861264 333840 59.9441 10.845711 32832 1007
1288861265 335033 59.944051 10.845567 17784 1193
1288861266 336061 59.943996 10.845403 69768 1027
1288861267 337092 59.943935 10.845218 15457 1031
1288861268 338105 59.943861 10.84503 41040 1013
1288861269 339125 59.943777 10.84482 53352 1019
1288861270 340164 59.943699 10.844594 64674 1039
1288861272 341376 59.943497 10.844105 164387 1212
1288861273 342385 59.943393 10.843851 187177 1009
1288861274 343389 59.943284 10.843596 136557 1004
1288861275 344396 59.943051 10.84308 103205 1007
1288861276 345397 59.943051 10.84308 108072 1001
1288861277 346409 59.942827 10.842568 123097 1012
1288861278 347416 59.942718 10.842313 116973 1007
1288861279 348429 59.942614 10.842058 76058 1013
1288861280 349441 59.942501 10.841804 91656 1012
1288861281 350500 59.942392 10.841549 53856 1059
1288861282 351508 59.942392 10.841549 75240 1008
1288861283 352540 59.942271 10.841291 51984 1032
1288861284 353545 59.94206 10.840803 26671 1005
1288861285 354553 59.94206 10.840803 47880 1008
1288861286 355604 59.941971 10.840555 45144 1051
1288861287 356633 59.941795 10.84008 43649 1029
1288861288 357652 59.941795 10.84008 57456 1019
1288861289 358653 59.94172 10.839857 57456 1001
1288861290 359672 59.941648 10.839651 48696 1019
1288861291 360684 59.941648 10.839651 67032 1012
1288861292 361693 59.941648 10.839651 56549 1009
1288861293 362704 59.941346 10.838827 68400 1011
1288861294 363717 59.941285 10.83868 37123 1013
1288861295 364737 59.941224 10.838534 53352 1020
1288861296 365757 59.941177 10.838412 60192 1020
1288861297 366797 59.941177 10.838412 39961 1040
1288861298 367828 59.941146 10.838293 31464 1031
1288861299 368861 59.941099 10.838171 24624 1033
1288861300 370081 59.941054 10.838066 28660 1220
1288861301 371168 59.941024 10.837986 19152 1087
1288861302 372281 59.940986 10.837902 13680 1113
1288861304 373412 59.940887 10.837801 95802 1131
1288861305 374432 59.940809 10.837743 96061 1019
1288861306 375653 59.940785 10.837736 114331 1221
1288861307 376665 59.940773 10.837732 117590 1012
1288861308 377684 59.940767 10.83775 111051 1019
1288861309 378692 59.940767 10.83775 110215 1007
1288861310 379693 59.940763 10.83775 144988 1001
1288861311 380916 59.940766 10.837768 144858 1223
1288861312 381925 59.940779 10.837753 164798 1009
1288861313 382929 59.940791 10.837757 137739 1004
1288861314 384009 59.940791 10.837757 150584 1080
1288861315 385016 59.940825 10.837763 143234 1007
1288861316 386028 59.94084 10.837784 161966 1012
1288861317 387029 59.94084 10.837784 145016 1001
1288861318 388036 59.940861 10.837788 151229 1007
1288861319 389040 59.940873 10.837805 85197 1004
1288861320 390041 59.940873 10.837805 97166 1001
1288861321 391048 59.940873 10.837805 98271 1007
1288861323 392361 59.940877 10.837805 64296 1313
1288861324 393400 59.940877 10.837805 42408 1039
1288861325 394633 59.940877 10.837805 25032 1233
1288861326 395653 59.94088 10.83777 51984 1020
1288861327 396684 59.940888 10.837735 28728 1031
1288861328 397852 59.940897 10.837682 18685 1168
1288861329 398944 59.940913 10.837633 23256 1091
1288861330 399945 59.940916 10.837559 23256 1001
1288861331 401017 59.940917 10.837451 34928 1072
1288861332 402036 59.940898 10.837335 54720 1019
1288861333 403144 59.940877 10.837202 53019 1108
1288861334 404177 59.940841 10.837045 69768 1033
1288861335 405196 59.940741 10.836685 64183 1019
1288861336 406208 59.940681 10.836482 66331 1012
1288861338 407417 59.940608 10.836294 52020 1208
1288861339 408441 59.940516 10.836081 53110 1024
1288861340 409448 59.940302 10.835666 49750 1007
1288861341 410869 59.940186 10.835447 42949 1421
1288861342 411873 59.940186 10.835447 56088 1004
1288861343 412913 59.93993 10.835016 49440 1040
1288861344 413980 59.939792 10.834807 9576 1067
1288861347 416400 59.939792 10.834807 30096 2420
1288861348 417553 59.939646 10.834599 21888 1153
1288861352 421477 59.939347 10.834175 4863 3924
1288861353 422505 59.939347 10.834175 30096 1028
1288861354 423597 59.939204 10.833984 49248 1092
1288861355 424609 59.938901 10.833613 52910 1012
1288861356 425624 59.938756 10.833439 66017 1015
1288861357 426625 59.938462 10.833107 80308 1001
1288861358 427789 59.938143 10.832785 104446 1164
1288861359 428797 59.937984 10.832626 114450 1008
1288861360 429800 59.937654 10.832321 139906 1003
1288861361 430801 59.937321 10.832052 138466 1001
1288861362 431808 59.93699 10.831804 108731 1007
1288861363 432813 59.93699 10.831804 88578 1005
1288861364 433820 59.936518 10.831435 69640 1007
1288861365 434821 59.936518 10.831435 97029 1001
1288861366 435845 59.936363 10.831332 120453 1024
1288861367 436852 59.936081 10.831136 103235 1007
1288861368 437868 59.936081 10.831136 124856 1016
1288861369 438872 59.935965 10.831047 140353 1004
1288861370 439873 59.935799 10.830908 115904 1001
1288861371 440877 59.935799 10.830908 136442 1004
1288861372 441884 59.935687 10.830822 128750 1007
1288861373 442896 59.935641 10.830773 144848 1012
1288861374 443904 59.935641 10.830773 113206 1008
1288861375 445009 59.935573 10.830701 131749 1105
1288861376 446013 59.935543 10.830673 57456 1004
1288861377 447016 59.935543 10.830673 84512 1003
1288861378 448021 59.935509 10.830628 101770 1005
1288861379 449028 59.935479 10.8306 102599 1007
1288861380 450169 59.935479 10.8306 103620 1141
1288861381 451300 59.935471 10.830597 116445 1131
1288861383 452432 59.935476 10.830597 113853 1132
1288861384 453600 59.935468 10.830593 124465 1168
1288861385 454613 59.935462 10.830572 137943 1012
1288861386 455620 59.935457 10.830572 109257 1007
1288861387 456621 59.935451 10.830551 107835 1001
1288861388 457625 59.935447 10.830551 121854 1004
1288861389 458636 59.935448 10.830534 120279 1011
1288861390 459644 59.935444 10.830534 140195 1008
1288861391 460645 59.935453 10.83052 141230 1001
1288861392 461657 59.935448 10.83052 154808 1012
1288861393 462669 59.935457 10.830505 140331 1012
1288861394 463676 59.935453 10.830505 141087 1007
1288861395 464868 59.935456 10.830509 128766 1192
1288861396 465869 59.935453 10.830491 136394 1001
1288861397 466884 59.935449 10.830477 113702 1015
1288861398 467888 59.935449 10.830477 127435 1004
1288861399 468901 59.935433 10.830456 106979 1012
1288861400 469908 59.935398 10.830428 114780 1007
1288861401 470913 59.935398 10.830428 122297 1005
1288861402 472032 59.935347 10.830373 160363 1119
1288861403 473180 59.935302 10.830321 142772 1148
1288861405 474380 59.935252 10.830287 138426 1200
1288861406 475404 59.935176 10.830225 136950 1024
1288861407 476425 59.935089 10.830142 146383 1021
1288861408 477432 59.934989 10.830035 158166 1007
1288861409 478444 59.934891 10.829931 144852 1012
1288861410 479457 59.934797 10.829792 146965 1013
1288861411 480536 59.934699 10.829649 133144 1079
1288861412 482036 59.934519 10.829319 134350 1500
1288861413 483116 59.934519 10.829319 62742 1080
1288861414 484128 59.934427 10.829145 117793 1012
1288861415 485257 59.934223 10.828716 82782 1129
1288861416 486284 59.934223 10.828716 66873 1027
1288861418 487468 59.934007 10.828228 67591 1184
1288861419 488481 59.9339 10.827956 62088 1013
1288861420 489509 59.9339 10.827956 57456 1028
1288861421 490520 59.933679 10.827429 36365 1011
1288861422 491680 59.933574 10.82714 83068 1160
1288861423 492901 59.933468 10.82685 117434 1221
1288861424 493912 59.933288 10.826281 83568 1010
1288861425 494920 59.933288 10.826281 81473 1007
1288861426 495932 59.933196 10.825977 55684 1012
1288861427 497204 59.933104 10.825673 6840 1272
1288861428 498212 59.933016 10.82537 119735 1008
1288861429 499216 59.932863 10.82479 132795 1004
1288861430 500224 59.932801 10.824513 128966 1008
1288861432 501377 59.932801 10.824513 123514 1153
1288861433 502384 59.932688 10.823982 34115 1007
1288861434 503385 59.932626 10.823744 81552 1001
1288861435 504416 59.932626 10.823744 79146 1031
1288861436 505637 59.932517 10.823308 97100 1221
1288861437 506829 59.932463 10.823126 107424 1192
1288861438 507836 59.932425 10.822951 103277 1007
1288861439 508900 59.932368 10.822661 79450 1064
1288861440 510069 59.932368 10.822661 110369 1169
1288861441 511080 59.932337 10.822542 88072 1011
1288861442 512081 59.932303 10.822367 86816 1001
1288861443 513093 59.932303 10.822367 99484 1012
1288861444 514096 59.932294 10.822328 85025 1003
1288861445 515120 59.932281 10.822287 116008 1024
1288861447 516345 59.932281 10.822287 96547 1225
1288861448 517353 59.932254 10.822277 116297 1008
1288861449 518372 59.932246 10.822273 89226 1019
1288861450 519405 59.932246 10.822273 76661 1033
1288861451 520497 59.93224 10.822252 24139 1092
1288861452 521504 59.932233 10.822249 46892 1007
1288861453 522517 59.932233 10.822249 99328 1013
1288861454 523536 59.932229 10.822246 65043 1019
1288861455 524548 59.932229 10.822246 91999 1012
1288861456 525569 59.932229 10.822246 98051 1021
1288861457 526576 59.932226 10.822242 96339 1007
1288861458 527588 59.932226 10.822242 103577 1012
1288861459 528601 59.932226 10.822242 75200 1013
1288861460 529609 59.932237 10.822263 86070 1008
1288861461 530881 59.932249 10.822266 82632 1272
1288861462 531900 59.932261 10.82227 94520 1019
1288861463 532913 59.932289 10.822294 72794 1013
1288861464 534092 59.932289 10.822294 86158 1179
1288861465 535112 59.932301 10.822297 80331 1019
1288861466 536124 59.93232 10.822318 79872 1012
1288861467 537125 59.93232 10.822318 78948 1001
1288861468 538133 59.932323 10.822336 83694 1008
1288861469 539144 59.93234 10.822339 87665 1011
1288861470 540165 59.93234 10.822339 73746 1021
1288861471 541173 59.932341 10.822283 81695 1008
1288861472 542177 59.932326 10.822224 77279 1004
1288861473 543196 59.932326 10.822224 91741 1019
1288861474 544217 59.932284 10.822046 81968 1021
1288861475 545228 59.932252 10.821944 65193 1011
1288861476 546236 59.932252 10.821944 54593 1008
1288861477 547240 59.932227 10.821808 67032 1004
1288861478 548301 59.932173 10.821482 85226 1061
1288861480 549469 59.932153 10.821293 92571 1168
1288861481 550473 59.93214 10.821108 106953 1004
1288861482 551520 59.932131 10.820922 75047 1047
1288861483 552720 59.932102 10.820694 67174 1200
1288861484 553812 59.932057 10.82046 94315 1092
1288861485 554821 59.932006 10.820205 83971 1008
1288861486 555832 59.931956 10.819932 90614 1011
1288861487 556853 59.931849 10.819383 80274 1021
1288861488 557865 59.931849 10.819383 88442 1011
1288861489 558913 59.931784 10.819104 65215 1048
1288861490 560264 59.931707 10.818821 57456 1351
1288861492 561337 59.931624 10.818555 39636 1072
1288861493 562404 59.931532 10.818304 18489 1067
1288861494 563689 59.931422 10.818068 54720 1285
1288861495 564709 59.931303 10.817845 57134 1020
1288861496 565716 59.931053 10.817435 39427 1007
1288861497 566776 59.930914 10.817244 24624 1060
1288861498 567788 59.930774 10.817071 25557 1012
1288861499 568820 59.930635 10.81688 74539 1031
1288861500 569840 59.930493 10.816671 74126 1020
1288861501 570861 59.930351 10.816463 85029 1021
1288861502 572061 59.930089 10.815997 98102 1200
1288861503 573080 59.930089 10.815997 92269 1019
1288861504 574110 59.929963 10.815739 94497 1030
1288861505 575164 59.929723 10.815206 78292 1053
1288861506 576165 59.929723 10.815206 102600 1001
1288861507 577172 59.929521 10.814612 20069 1007
1288861508 578252 59.929438 10.814295 87079 1080
1288861509 579264 59.929438 10.814295 126676 1012
1288861510 580265 59.929365 10.813998 109440 1001
1288861511 581277 59.929271 10.813438 103667 1012
1288861513 582344 59.929271 10.813438 112927 1067
1288861514 583357 59.929188 10.81292 91045 1013
1288861515 584389 59.929159 10.812692 75240 1032
1288861516 585430 59.929159 10.812692 54983 1041
1288861517 586456 59.929129 10.812465 65664 1026
1288861518 587496 59.92907 10.811995 32902 1040
1288861519 588528 59.92907 10.811995 46512 1032
1288861520 589541 59.929005 10.811544 78498 1013
1288861521 590553 59.928974 10.81132 178024 1012
1288861522 591560 59.928974 10.81132 140661 1007
1288861523 592681 59.928924 10.810889 143399 1120
1288861524 593693 59.928902 10.810665 155568 1012
1288861525 594700 59.928902 10.810665 124720 1007
1288861526 595725 59.928849 10.810216 86949 1025
1288861527 596733 59.928823 10.809974 138797 1008
1288861528 597852 59.928809 10.809754 165790 1119
1288861529 599004 59.928757 10.809288 154793 1152
1288861530 600005 59.928757 10.809288 158688 1001
1288861531 601144 59.928698 10.808818 118353 1139
1288861532 602157 59.928662 10.80857 129369 1013
1288861533 603164 59.928662 10.80857 99864 1007
1288861534 604196 59.928662 10.80857 71136 1032
1288861535 605216 59.928588 10.808094 79938 1019
1288861536 606228 59.928588 10.808094 102600 1012
1288861537 607237 59.928588 10.808094 86090 1009
1288861538 608249 59.928588 10.808094 108072 1012
1288861539 609308 59.928588 10.808094 101673 1059
1288861541 610321 59.928588 10.808094 114912 1013
1288861542 611336 59.928588 10.808094 90423 1015
1288861543 612340 59.928588 10.808094 96220 1004
1288861544 613349 59.928588 10.808094 108127 1009
1288861545 614453 59.928249 10.80585 121149 1104
1288861546 615465 59.92825 10.805741 104258 1012
1288861547 616504 59.928248 10.805668 58824 1039
1288861548 617512 59.928253 10.805615 82950 1008
1288861549 618632 59.928262 10.805562 83285 1120
1288861550 619645 59.928265 10.805541 105336 1013
1288861551 620677 59.928266 10.805538 82334 1032
1288861552 621816 59.928266 10.805538 73872 1139
1288861553 622836 59.928273 10.80557 42210 1019
1288861554 623857 59.928285 10.805587 78987 1021
1288861555 625088 59.928293 10.805605 103100 1231
1288861556 626257 59.928299 10.805654 107150 1168
1288861557 627280 59.928299 10.805654 79344 1023
1288861558 628301 59.928322 10.805693 36953 1021
1288861560 629329 59.928334 10.80571 95760 1027
1288861561 630337 59.928334 10.80571 59889 1008
1288861562 631360 59.928358 10.805746 71683 1023
1288861563 632373 59.928371 10.805746 91656 1013
1288861564 633380 59.928371 10.805746 83385 1007
1288861565 634392 59.928395 10.805781 90308 1011
1288861566 635400 59.928407 10.805798 97142 1008
1288861567 636405 59.928407 10.805798 128970 1005
1288861568 637412 59.928433 10.805816 96885 1007
1288861569 638413 59.928442 10.805816 104140 1001
1288861570 639425 59.928442 10.805816 105126 1012
1288861571 640436 59.928454 10.805833 143168 1011
1288861572 641444 59.928467 10.805833 113301 1008
1288861573 642496 59.928467 10.805833 103343 1052
1288861574 643509 59.928473 10.80583 128831 1012
1288861575 644528 59.928473 10.805791 131328 1019
1288861576 645577 59.928462 10.805732 89966 1049
1288861577 646581 59.928441 10.805652 112176 1004
1288861578 647681 59.928428 10.805557 101045 1100
1288861579 648689 59.928428 10.805557 129960 1008
1288861580 649701 59.928374 10.805323 110681 1012
1288861581 650708 59.928345 10.805187 123323 1007
1288861582 651720 59.928345 10.805187 125194 1012
1288861583 652741 59.928317 10.805033 124189 1021
1288861584 653753 59.928317 10.805033 120885 1012
1288861585 654932 59.928317 10.805033 143637 1179
1288861586 656144 59.928317 10.805033 147191 1212
1288861588 657332 59.928317 10.805033 144214 1187
1288861589 658336 59.928317 10.805033 153216 1004
1288861590 659385 59.928317 10.805033 74660 1049
1288861591 660484 59.928317 10.805033 80965 1099
1288861592 661505 59.928317 10.805033 87552 1021
1288861593 662517 59.928317 10.805033 50830 1012
1288861594 663545 59.928317 10.805033 60192 1028
1288861595 664608 59.928317 10.805033 57456 1063
1288861596 665616 59.928317 10.805033 76091 1008
1288861597 666677 59.928317 10.805033 58824 1061
1288861598 668029 59.928317 10.805033 2736 1352
1288861599 669039 59.928317 10.805033 89593 1008
1288861600 670041 59.928317 10.805033 81339 1002
1288861601 671048 59.928317 10.805033 82080 1007
1288861602 672081 59.928317 10.805033 45910 1033
1288861603 673180 59.928317 10.805033 20520 1099
1288861604 674193 59.927647 10.801882 136809 1013
1288861605 675212 59.927546 10.801684 104394 1019
1288861606 676233 59.927409 10.801476 122787 1021
1288861607 677252 59.927101 10.801028 107091 1019
1288861608 678277 59.927101 10.801028 106120 1025
1288861610 679472 59.92682 10.800604 114265 1195
1288861611 680476 59.92669 10.800414 110808 1004
1288861612 681496 59.92669 10.800414 63698 1020
1288861613 682564 59.926556 10.800223 80712 1068
1288861614 683624 59.926421 10.800032 10944 1060
1288861615 684629 59.926283 10.799841 50616 1005
1288861616 685637 59.926139 10.799651 131225 1008
1288861617 686649 59.925894 10.799265 153043 1012
1288861618 687668 59.925894 10.799265 151224 1019
1288861619 688761 59.925668 10.798833 133411 1093
1288861620 689940 59.925576 10.798607 170929 1179
1288861621 691120 59.925472 10.798376 167813 1180
1288861622 692121 59.925388 10.798153 177840 1001
1288861623 693129 59.925298 10.797909 102698 1008
1288861624 694141 59.925298 10.797909 150480 1012
1288861625 695205 59.92514 10.79743 132067 1064
1288861626 696209 59.925072 10.797196 132696 1004
1288861628 697424 59.925002 10.796959 148059 1215
1288861629 698436 59.924931 10.796721 151848 1012
1288861630 699444 59.924856 10.796483 149112 1008
1288861631 700457 59.924795 10.796232 107286 1012
1288861632 701464 59.924724 10.795994 157320 1007
1288861633 702484 59.924664 10.795777 108944 1020
1288861634 703489 59.924594 10.79554 179208 1005
1288861635 704497 59.924486 10.79511 132052 1008
1288861636 705508 59.924486 10.79511 175104 1011
1288861637 706516 59.924414 10.794746 116843 1008
1288861638 707520 59.92438 10.79461 126122 1004
1288861639 708521 59.92438 10.79461 169632 1001
1288861640 709549 59.924342 10.794365 124945 1028
1288861641 710573 59.924326 10.79427 177840 1024
1288861642 711580 59.924326 10.79427 172368 1007
1288861643 712581 59.924296 10.79412 138404 1001
1288861644 713772 59.924287 10.794081 142272 1191
1288861645 714964 59.924287 10.794081 86184 1192
1288861646 716025 59.924275 10.794039 84816 1061
1288861647 717044 59.924261 10.794015 73942 1019
1288861648 718065 59.924261 10.794015 113544 1020
1288861649 719072 59.924253 10.794012 120384 1007
1288861650 720076 59.924252 10.793991 125856 1004
1288861651 721077 59.924248 10.793987 110104 1001
1288861652 722081 59.924238 10.793981 158688 1004
1288861653 723276 59.924233 10.793957 172410 1195
1288861654 724288 59.924233 10.793957 196992 1012
1288861655 725297 59.924239 10.793953 173112 1009
1288861656 726301 59.92424 10.79395 209304 1004
1288861657 727309 59.924249 10.79395 153427 1008
1288861659 728320 59.92425 10.793946 183312 1011
1288861660 729328 59.924263 10.793964 105336 1008
1288861661 730337 59.924263 10.793964 121752 1009
1288861662 731341 59.924284 10.793982 130169 1004
1288861663 732353 59.924297 10.793982 198360 1012
1288861664 733360 59.924297 10.793982 179208 1006
1288861665 734380 59.924314 10.793985 149112 1020
1288861666 735384 59.924329 10.794006 91611 1004
1288861667 736385 59.924329 10.794006 169632 1001
1288861668 737404 59.924341 10.794009 146376 1019
1288861669 738405 59.924356 10.794016 176472 1001
1288861670 739416 59.924356 10.794016 169180 1011
1288861671 740425 59.924365 10.794002 201096 1009
1288861672 741444 59.924362 10.793984 199728 1019
1288861673 742509 59.924353 10.793946 139536 1065
1288861674 743517 59.924347 10.793872 72950 1008
1288861675 744536 59.924334 10.793778 184680 1019
1288861676 745542 59.924322 10.793683 217512 1006
1288861677 746556 59.924305 10.79355 144823 1013
1288861678 747568 59.924284 10.793399 125856 1012
1288861679 748589 59.924284 10.793399 102600 1021
1288861680 749601 59.924284 10.793399 68400 1012
1288861681 750629 59.924284 10.793399 42408 1028
1288861682 751673 59.924284 10.793399 13680 1044
1288861683 752692 59.924284 10.793399 10944 1019
1288861684 753761 59.924284 10.793399 25992 1069
1288861744 813509 59.924284 10.793399 4104 59748
1288861745 814808 59.924284 10.793399 9576 1299
1288861746 815932 59.924284 10.793399 20520 1124
1288861747 817073 59.924284 10.793399 20520 1141
1288861750 819393 59.924284 10.793399 8226 2320
1288861751 820528 59.924284 10.793399 9576 1135
1288861752 821548 59.924284 10.793399 15048 1020
1288861753 822652 59.924284 10.793399 13680 1104
1288861754 823812 59.924284 10.793399 17784 1160
1288861755 824852 59.924284 10.793399 15048 1040
1288861756 825873 59.924284 10.793399 32832 1021
1288861757 827056 59.924284 10.793399 16416 1183
1288861758 828196 59.924284 10.793399 19152 1140
1288861760 829412 59.924284 10.793399 20520 1216
1288861761 830576 59.924284 10.793399 20520 1164
1288861762 831636 59.924284 10.793399 19152 1060
1288861763 832717 59.924284 10.793399 17784 1080
1288861764 833776 59.924284 10.793399 19152 1059
1288861765 834877 59.924284 10.793399 13680 1101
1288861766 836100 59.924284 10.793399 17784 1223
1288861767 837201 59.924284 10.793399 16416 1101
1288861768 838296 59.924284 10.793399 17784 1095
1288861770 839481 59.924284 10.793399 12312 1185
1288861771 840505 59.924284 10.793399 17784 1024
1288861772 841561 59.924284 10.793399 20520 1056
1288861773 842601 59.924284 10.793399 27360 1040
1288861774 843640 59.924284 10.793399 27360 1039
1288861775 844644 59.924284 10.793399 25992 1003
1288861776 845664 59.924284 10.793399 25992 1020
1288861777 846704 59.924284 10.793399 27360 1040
1288861778 847764 59.924284 10.793399 28728 1060
1288861779 848805 59.924284 10.793399 27360 1040
1288861780 849824 59.924284 10.793399 27360 1019
1288861781 850829 59.924284 10.793399 25858 1005
1288861782 851849 59.924284 10.793399 6597 1020
1288861783 852853 59.924284 10.793399 23256 1004
1288861784 853868 59.924284 10.793399 27360 1015
1288861785 854893 59.924284 10.793399 27360 1025
1288861786 855929 59.924284 10.793399 27360 1036
1288861787 856969 59.924284 10.793399 23256 1040
1288861788 857989 59.924284 10.793399 27360 1020
1288861789 859053 59.924284 10.793399 28728 1064
1288861790 860132 59.924284 10.793399 27360 1041
1288861791 861168 59.924284 10.793399 25992 1036
1288861792 862232 59.924284 10.793399 16416 1064
1288861793 863293 59.924284 10.793399 20520 1061
1288861795 864353 59.924284 10.793399 27360 1060
1288861796 865373 59.924284 10.793399 24624 1020
1288861797 866392 59.924284 10.793399 25992 1019
1288861798 867436 59.924284 10.793399 21888 1044
1288861799 868476 59.924284 10.793399 30096 1040
1288861800 869720 59.924284 10.793399 31464 1244
1288861801 870721 59.924284 10.793399 25992 1001
1288861802 871776 59.924284 10.793399 21888 1055
1288861803 872781 59.924284 10.793399 23256 1004
1288861804 873897 59.924284 10.793399 23256 1116
1288861805 874956 59.924284 10.793399 21888 1059
1288861806 876040 59.924284 10.793399 19152 1084
1288861807 877137 59.924284 10.793399 21888 1097
1288861808 878201 59.924284 10.793399 21888 1064
1288861809 879204 59.924284 10.793399 19152 1003
1288861810 880225 59.924284 10.793399 20520 1020
1288861812 881380 59.924284 10.793399 17596 1155
1288861814 884004 59.924284 10.793399 1125 2624
1288861815 885180 59.924284 10.793399 12312 1176
1288861817 886444 59.924284 10.793399 10944 1264
1288861818 887945 59.924284 10.793399 8208 1500
1288861819 889169 59.924284 10.793399 8208 1224
1288861820 890284 59.924284 10.793399 5472 1115
1288861822 891349 59.924284 10.793399 5472 1065
1288861823 892745 59.924284 10.793399 1368 1396
1288861824 894108 59.924284 10.793399 5472 1363
1288861826 896012 59.924284 10.793399 4104 1902
1288861827 897093 59.924284 10.793399 4104 1081
1288861844 914169 59.924284 10.793399 6840 17076
1288861845 915205 59.924284 10.793399 15048 1036
1288861847 916405 59.924284 10.793399 21888 1200
1288861848 917408 59.924284 10.793399 17784 1003
1288861849 918668 59.924284 10.793399 15048 1260
1288861850 919888 59.924284 10.793399 9576 1220
1288861851 921188 59.924284 10.793399 9576 1299
1288861852 922253 59.924284 10.793399 8208 1065
1288861854 923692 59.924284 10.793399 6840 1439
1288861855 924748 59.924284 10.793399 8208 1056
1288861856 925773 59.924284 10.793399 8208 1025
1288861857 926892 59.924284 10.793399 8208 1119
1288861858 928192 59.924284 10.793399 12312 1300
1288861859 929193 59.924284 10.793399 13680 1001
1288861860 930197 59.924284 10.793399 10944 1004
1288861862 931333 59.924284 10.793399 13680 1136
1288861863 932432 59.924284 10.793399 12312 1099
1288861864 933437 59.924284 10.793399 16416 1005
1288861865 934516 59.924284 10.793399 17784 1079
1288861866 935536 59.924284 10.793399 16416 1020
1288861867 936537 59.924284 10.793399 13680 1001
1288861868 937657 59.924284 10.793399 16416 1120
1288861869 938680 59.924284 10.793399 17784 1023
1288861870 939800 59.924284 10.793399 15048 1120
1288861871 940897 59.924284 10.793399 20520 1097
1288861872 942021 59.924284 10.793399 8208 1124
1288861873 943181 59.924284 10.793399 17784 1160
1288861874 944257 59.924284 10.793399 12312 1076
1288861876 945360 59.924284 10.793399 20520 1103
1288861877 946445 59.924284 10.793399 13680 1085
1288861878 947525 59.924284 10.793399 13680 1080
1288861879 948581 59.924284 10.793399 9576 1056
1288861880 949600 59.924284 10.793399 10944 1019
1288861881 950604 59.924284 10.793399 10944 1004
1288861882 951665 59.924284 10.793399 15048 1061
1288861890 959869 59.924284 10.793399 1368 8204
1288861892 961848 59.924284 10.793399 152219 1979
1288861893 962928 59.924284 10.793399 17784 1080
1288861894 963993 59.924284 10.793399 20520 1065
1288861897 966492 59.924284 10.793399 17752 2499
1288861898 967552 59.924284 10.793399 50648 1060
1288861899 968593 59.924284 10.793399 20520 1041
1288861900 969633 59.924284 10.793399 19152 1040
1288861901 970684 59.924284 10.793399 20520 1051
1288861902 971732 59.924284 10.793399 20520 1048
1288861903 972757 59.924284 10.793399 20520 1025
1288861904 973776 59.924284 10.793399 16416 1019
1288861905 974797 59.924284 10.793399 19152 1020
1288861906 975856 59.924284 10.793399 20520 1059
1288861907 976896 59.924284 10.793399 20520 1040
1288861908 977957 59.924284 10.793399 20520 1061
1288861909 978996 59.924284 10.793399 20520 1039
1288861910 980036 59.924284 10.793399 19152 1040
1288861916 985945 59.924284 10.793399 24592 5909
1288861917 986985 59.924284 10.793399 87584 1040
1288861918 988020 59.924284 10.793399 9576 1035
1288861919 989064 59.924284 10.793399 8208 1044
1288861920 990084 59.924284 10.793399 6840 1020
1288861921 991245 59.924284 10.793399 6840 1160
1288861922 992285 59.924284 10.793399 9576 1040
1288861945 1014972 59.924284 10.793399 4104 22687
1288861946 1015996 59.924284 10.793399 1368 1023
1288861947 1016997 59.924284 10.793399 5472 1001
1288861948 1018117 59.924284 10.793399 15048 1120
1288861950 1019412 59.924284 10.793399 16416 1295
1288861951 1020493 59.924284 10.793399 16416 1081
1288861952 1021572 59.924284 10.793399 19152 1079
1288861953 1022592 59.924284 10.793399 16416 1020
1288861954 1023832 59.924284 10.793399 15048 1240
1288861955 1024872 59.924284 10.793399 16416 1040
1288861956 1025916 59.924284 10.793399 15048 1044
1288861957 1026940 59.924284 10.793399 25992 1023
1288861958 1027973 59.924284 10.793399 23256 1033
1288861959 1028996 59.924284 10.793399 21888 1023
1288861960 1030000 59.924284 10.793399 16416 1001
1288861961 1031032 59.924284 10.793399 23256 1032
1288861962 1032292 59.924284 10.793399 12689 1260
1288861964 1033392 59.924284 10.793399 20520 1099
1288861965 1034413 59.924284 10.793399 25992 1021
1288861966 1035516 59.924284 10.793399 20520 1103
1288861967 1036537 59.924284 10.793399 20520 1021
1288861968 1037652 59.924284 10.793399 20520 1115
1288861969 1038672 59.924284 10.793399 23256 1020
1288861970 1039716 59.924284 10.793399 24624 1044
1288861971 1040917 59.924284 10.793399 24624 1201
1288861972 1042032 59.924284 10.793399 25992 1115
1288861973 1043037 59.924284 10.793399 25992 1005
1288861974 1044156 59.924284 10.793399 21888 1119
1288861975 1045177 59.924284 10.793399 23256 1021
1288861976 1046217 59.924284 10.793399 21888 1040
1288861977 1047252 59.924284 10.793399 23256 1035
1288861978 1048296 59.924284 10.793399 23256 1044
1288861980 1049413 59.924284 10.793399 21888 1117
1288861981 1050472 59.924284 10.793399 21888 1059
1288861982 1051497 59.924284 10.793399 17784 1025
1288861983 1052712 59.924284 10.793399 24624 1215
1288861984 1053836 59.924284 10.793399 23256 1124
1288861985 1054857 59.924284 10.793399 19152 1020
1288861986 1055877 59.924284 10.793399 17784 1020
1288861987 1057032 59.924284 10.793399 23256 1155
1288861988 1058116 59.924284 10.793399 24624 1084
1288861989 1059276 59.924284 10.793399 23256 1160
1288861990 1060297 59.924284 10.793399 21888 1021
1288861992 1061392 59.924284 10.793399 17784 1095
1288861993 1062397 59.924284 10.793399 20520 1005
1288861994 1063453 59.924284 10.793399 16416 1056
1288861995 1064472 59.924284 10.793399 19152 1019
1288861996 1065518 59.924284 10.793399 19152 1046
1288861997 1066596 59.924284 10.793399 23256 1078
1288862000 1069493 59.924284 10.793399 18340 2897
1288862001 1070533 59.924284 10.793399 8208 1040
1288862002 1071552 59.924284 10.793399 17784 1019
1288862005 1074596 59.924284 10.793399 25960 3044
1288862006 1075677 59.924284 10.793399 42440 1080
1288862007 1076737 59.924284 10.793399 15048 1060
1288862008 1077837 59.924284 10.793399 15048 1099
1288862009 1079172 59.924284 10.793399 12312 1335
1288862011 1080497 59.924284 10.793399 12312 1325
1288862012 1081660 59.924284 10.793399 13680 1163
1288862013 1082677 59.924284 10.793399 13680 1017
1288862014 1083877 59.924284 10.793399 9576 1200
1288862018 1087961 59.924284 10.793399 4104 4084
1288862019 1089020 59.924284 10.793399 10944 1059
1288862020 1090041 59.924284 10.793399 15048 1021
1288862021 1091060 59.924284 10.793399 19152 1019
1288862022 1092140 59.924284 10.793399 17784 1080
1288862023 1093160 59.924284 10.793399 17784 1020
1288862024 1094277 59.924284 10.793399 17784 1117
1288862026 1095402 59.924284 10.793399 19152 1125
1288862027 1096405 59.924284 10.793399 13680 1002
1288862028 1097561 59.924284 10.793399 19152 1156
1288862029 1098621 59.924284 10.793399 19152 1060
1288862030 1099741 59.924284 10.793399 21888 1120
1288862031 1100801 59.924284 10.793399 15048 1060
1288862032 1101804 59.924284 10.793399 16416 1003
1288862033 1102921 59.924284 10.793399 17784 1116
1288862034 1104116 59.924284 10.793399 9576 1195
1288862035 1105317 59.924284 10.793399 10944 1201
1288862037 1106341 59.924284 10.793399 10944 1024
1288862038 1107380 59.924284 10.793399 9576 1039
1288862039 1108557 59.924284 10.793399 8208 1177
1288862040 1109817 59.924284 10.793399 12312 1260
1288862041 1110897 59.924284 10.793399 10944 1080
1288862042 1111981 59.924284 10.793399 15048 1084
1288862043 1112996 59.924284 10.793399 19152 1015
1288862044 1114016 59.924284 10.793399 13680 1020
1288862045 1115021 59.924284 10.793399 10944 1005
1288862046 1116025 59.924284 10.793399 6840 1004
1288862047 1117196 59.924284 10.793399 9576 1171
1288862049 1118381 59.924284 10.793399 9576 1185
1288862050 1119417 59.924284 10.793399 9576 1036
1288862051 1120541 59.924284 10.793399 9576 1124
1288862052 1121661 59.924284 10.793399 9576 1120
1288862053 1122701 59.924284 10.793399 9576 1040
1288862054 1123720 59.924284 10.793399 9576 1019
1288862055 1124881 59.924284 10.793399 9576 1160
1288862056 1125896 59.924284 10.793399 9576 1015
1288862057 1126941 59.924284 10.793399 8208 1044
1288862074 1143701 59.924284 10.793399 1368 16760
1288862075 1145141 59.924284 10.793399 16416 1440
1288862076 1146237 59.924284 10.793399 15048 1096
1288862078 1147741 59.924284 10.793399 23256 1504
1288862081 1150521 59.924284 10.793399 120808 2780
1288862082 1151720 59.924284 10.793399 5472 1199
1288862083 1152804 59.924284 10.793399 5472 1084
1288862084 1154101 59.924284 10.793399 9576 1297
1288862086 1155500 59.924284 10.793399 8208 1399
1288862087 1156796 59.924284 10.793399 9576 1296
1288862088 1158161 59.924284 10.793399 6840 1365
1288862089 1159257 59.924284 10.793399 8208 1096
1288862091 1160521 59.924284 10.793399 5472 1264
1288862092 1161680 59.924284 10.793399 5472 1159
1288862093 1162720 59.924284 10.793399 5472 1040
1288862094 1163801 59.924284 10.793399 5472 1081
1288862095 1164881 59.924284 10.793399 8208 1080
1288862096 1166061 59.924284 10.793399 8208 1180
1288862104 1174309 59.924284 10.793399 0 8248
