1289466756 188337 59.954616 10.866626 49448 1120
1289466757 189345 59.954566 10.866591 69519 1008
1289466758 190356 59.954434 10.866512 73359 1011
1289466759 191365 59.954434 10.866512 45144 1009
1289466760 192533 59.954156 10.86633 52899 1168
1289466761 193632 59.954055 10.866261 53128 1099
1289466762 194644 59.953832 10.866113 58839 1012
1289466763 195656 59.953718 10.86602 65788 1012
1289466764 196664 59.953592 10.865923 72504 1008
1289466765 197673 59.953452 10.865841 77976 1009
1289466766 198700 59.953318 10.865741 59931 1027
1289466767 199720 59.953179 10.865641 53352 1019
1289466768 200760 59.953041 10.865541 25813 1040
1289466769 201781 59.952901 10.86542 35568 1021
1289466770 202788 59.952644 10.865136 62465 1007
1289466771 203793 59.952523 10.864969 145886 1005
1289466772 204801 59.952317 10.86461 69506 1008
1289466773 205808 59.952317 10.86461 203006 1007
1289466774 206836 59.952122 10.86422 147381 1028
1289466775 207849 59.952026 10.864007 196005 1013
1289466776 208857 59.951942 10.863797 195570 1008
1289466777 209865 59.951859 10.86357 178670 1008
1289466778 210876 59.951791 10.863311 172418 1011
1289466779 211897 59.951737 10.863038 125716 1021
1289466780 212905 59.951663 10.862485 184670 1008
1289466781 213924 59.951663 10.862485 189963 1019
1289466782 214932 59.951637 10.862204 173053 1008
1289466783 216032 59.951587 10.861682 144752 1100
1289466784 217033 59.951587 10.861682 172964 1001
1289466786 218205 59.951552 10.861181 165113 1172
1289466787 219213 59.951536 10.860939 191569 1008
1289466788 220220 59.951536 10.860939 200959 1007
1289466789 221369 59.951498 10.860511 179058 1149
1289466790 222373 59.951486 10.860325 195350 1004
1289466791 223380 59.951486 10.860325 168217 1007
1289466792 224381 59.951454 10.859971 171866 1001
1289466793 225449 59.951439 10.85982 148280 1068
1289466794 226468 59.951439 10.85982 143853 1019
1289466795 227489 59.951418 10.859578 159906 1021
1289466796 228496 59.951416 10.859504 167229 1007
1289466797 229497 59.951416 10.859504 166050 1001
1289466798 230704 59.951408 10.859357 169668 1207
1289466799 231717 59.951404 10.859319 186758 1013
1289466800 232725 59.951404 10.859319 159555 1008
1289466801 233805 59.951403 10.85928 164910 1080
1289466802 234952 59.951408 10.85928 190070 1147
1289466803 235953 59.951412 10.85928 205134 1001
1289466804 236964 59.95142 10.859298 132994 1010
1289466805 237973 59.95142 10.859298 177384 1009
1289466807 239152 59.951424 10.859298 151197 1179
1289466808 240161 59.951433 10.859298 126998 1009
1289466809 241169 59.951433 10.859298 118579 1008
1289466810 242180 59.951424 10.859312 136579 1011
1289466811 243188 59.951429 10.859312 122879 1008
1289466812 244197 59.951429 10.859312 150673 1009
1289466813 245201 59.951429 10.859312 131441 1004
1289466814 246216 59.951429 10.859312 157477 1015
1289466815 247285 59.951429 10.859312 137634 1069
1289466816 248357 59.951426 10.859294 202374 1072
1289466817 249376 59.951426 10.859294 206817 1019
1289466818 250388 59.951426 10.859294 247997 1012
1289466819 251576 59.951421 10.859294 182779 1188
1289466820 252580 59.951417 10.859294 192913 1004
1289466821 253597 59.951414 10.859277 119985 1017
1289466822 254604 59.951409 10.859238 195624 1007
1289466823 255605 59.951409 10.859185 159939 1001
1289466824 256613 59.951409 10.859185 161406 1008
1289466825 257625 59.951398 10.859035 135035 1012
1289466826 258626 59.951387 10.858923 133097 1001
1289466827 259633 59.951387 10.858923 126180 1007
1289466828 260645 59.95136 10.858621 168674 1012
1289466829 261648 59.951344 10.858432 142548 1003
1289466830 262668 59.951344 10.858432 113544 1020
1289466831 263669 59.951309 10.858036 86607 1001
1289466832 264840 59.951283 10.857826 165985 1171
1289466833 266028 59.95125 10.857633 147207 1188
1289466835 267456 59.95117 10.857241 80295 1427
1289466836 268637 59.951118 10.857042 77667 1181
1289466837 270056 59.950981 10.856672 121052 1419
1289466838 271065 59.950981 10.856672 144832 1009
1289466839 272077 59.950904 10.856483 106888 1012
1289466840 273084 59.950824 10.856312 105336 1007
1289466842 274244 59.950719 10.856152 41040 1160
1289466843 275257 59.95062 10.855974 45458 1013
1289466844 276265 59.950515 10.855814 149112 1008
1289466845 277277 59.950408 10.855672 132125 1012
1289466846 278284 59.950167 10.855429 128724 1007
1289466847 279296 59.950047 10.855354 105873 1012
1289466848 280297 59.950047 10.855354 76508 1001
1289466849 281317 59.949935 10.855282 135432 1020
1289466850 282337 59.949686 10.855183 67177 1020
1289466851 283377 59.949686 10.855183 36936 1040
1289466852 284404 59.949686 10.855183 57456 1027
1289466853 285408 59.949686 10.855183 19152 1004
1289466854 286417 59.949686 10.855183 35568 1009
1289466855 287452 59.949686 10.855183 41131 1035
1289466856 288457 59.949686 10.855183 86184 1005
1289466857 289465 59.949686 10.855183 89445 1008
1289466858 290557 59.948722 10.854852 37858 1092
1289466859 291564 59.94862 10.854801 80712 1007
1289466860 292596 59.94862 10.854801 39672 1032
1289466861 293597 59.948405 10.854678 31628 1001
1289466862 294696 59.948316 10.854577 21888 1099
1289466863 295945 59.948316 10.854577 73872 1249
1289466864 296997 59.948143 10.854288 29022 1052
1289466866 298244 59.948069 10.854103 27360 1247
1289466867 299437 59.947992 10.853897 132288 1193
1289466868 300444 59.947917 10.853712 172368 1007
1289466869 301457 59.947847 10.853526 89605 1013
1289466870 302524 59.947703 10.853153 74722 1067
1289466871 303529 59.947637 10.852968 77976 1004
1289466872 304637 59.947561 10.852762 70231 1108
1289466873 305753 59.947495 10.852577 50616 1116
1289466874 306860 59.94743 10.852374 42408 1107
1289466875 307884 59.947357 10.852185 50647 1023
1289466876 308904 59.947296 10.852 50616 1020
1289466877 309936 59.947227 10.851812 65991 1032
1289466878 310945 59.947227 10.851812 80712 1009
1289466879 311953 59.947092 10.851438 69966 1008
1289466880 312977 59.947023 10.85125 101232 1024
1289466881 313985 59.947023 10.85125 85622 1008
1289466882 314997 59.946888 10.850876 100119 1012
1289466883 316004 59.946822 10.850691 144071 1007
1289466884 317017 59.946753 10.850503 118742 1013
1289466885 318021 59.94662 10.850164 144474 1004
1289466886 319025 59.94662 10.850164 164160 1004
1289466887 320029 59.946549 10.849993 116831 1004
1289466888 321057 59.946486 10.849826 146376 1028
1289466889 322065 59.946415 10.849673 134959 1008
1289466890 323076 59.946329 10.849534 165522 1011
1289466891 324084 59.946178 10.849262 95913 1008
1289466892 325089 59.946178 10.849262 186752 1005
1289466893 326096 59.946091 10.849141 132485 1007
1289466894 327101 59.945919 10.848918 196538 1004
1289466895 328104 59.945919 10.848918 206053 1003
1289466897 329185 59.945836 10.848835 142734 1081
1289466898 330197 59.94564 10.848659 175891 1012
1289466899 331204 59.94564 10.848659 168577 1007
1289466900 332225 59.945449 10.848466 128797 1021
1289466901 333229 59.945357 10.848362 150981 1004
1289466902 334237 59.945357 10.848362 161052 1008
1289466903 335244 59.945175 10.848154 155636 1007
1289466904 336249 59.945091 10.848035 130123 1005
1289466905 337257 59.945091 10.848035 182880 1008
1289466906 338265 59.944946 10.847785 179621 1008
1289466907 339345 59.944882 10.847674 148449 1080
1289466908 340517 59.944823 10.847562 186935 1172
1289466909 341625 59.944763 10.847451 182690 1108
1289466910 342684 59.944708 10.847339 185651 1059
1289466911 343696 59.944662 10.847252 208904 1012
1289466912 344697 59.944619 10.847183 211955 1001
1289466913 345705 59.944584 10.847116 145263 1008
1289466914 346817 59.944561 10.847054 175024 1112
1289466915 347824 59.944531 10.847026 201723 1007
1289466916 348829 59.944514 10.846984 242545 1005
1289466917 349837 59.944514 10.846984 206946 1008
1289466918 350844 59.944493 10.846942 194483 1007
1289466919 352025 59.944493 10.846942 209427 1181
1289466920 353029 59.94449 10.846925 179185 1004
1289466921 354044 59.944491 10.846907 145701 1014
1289466922 355065 59.944491 10.846907 121752 1021
1289466923 356097 59.944491 10.846907 48698 1032
1289466924 357105 59.944491 10.846907 93024 1008
1289466926 358122 59.944488 10.846889 82584 1017
1289466927 359127 59.944488 10.846889 147055 1004
1289466928 360144 59.944497 10.846875 196865 1017
1289466929 361197 59.944497 10.846875 157229 1053
1289466930 362204 59.944493 10.846875 190339 1007
1289466931 363316 59.944486 10.846854 175324 1112
1289466932 364536 59.944483 10.846837 227322 1220
1289466933 365624 59.944483 10.846837 194840 1088
1289466934 366637 59.944485 10.846819 248883 1013
1289466935 367644 59.944485 10.846819 154570 1007
1289466936 368684 59.94448 10.846819 204294 1040
1289466937 369689 59.94448 10.846819 264580 1005
1289466938 370697 59.944482 10.846802 163500 1008
1289466939 371704 59.944482 10.846802 228438 1007
1289466940 372717 59.944482 10.846802 129255 1012
1289466941 373724 59.944482 10.846802 209822 1007
1289466942 374899 59.944459 10.846739 152062 1175
1289466943 375996 59.944459 10.846739 174223 1096
1289466944 376997 59.944459 10.846739 188784 1001
1289466945 378004 59.944418 10.846652 106999 1007
1289466947 379185 59.944379 10.846582 128875 1181
1289466948 380197 59.944334 10.846495 163048 1012
1289466949 381204 59.944214 10.846272 92198 1007
1289466950 382208 59.944214 10.846272 105402 1004
1289466951 383224 59.944075 10.84599 127166 1016
1289466952 384225 59.944005 10.845858 134813 1001
1289466953 386021 59.944005 10.845858 102981 1796
1289466954 387025 59.943861 10.845537 117686 1004
1289466956 388129 59.943794 10.845369 149295 1104
1289466957 389336 59.943715 10.845198 99397 1207
1289466958 390345 59.943637 10.84501 80315 1009
1289466959 391357 59.943566 10.844825 103725 1012
1289466960 392364 59.94339 10.844441 121547 1007
1289466961 393484 59.943294 10.844229 125169 1120
1289466962 394497 59.943294 10.844229 212695 1013
1289466963 395505 59.943103 10.843786 229878 1008
1289466964 396517 59.943014 10.843576 24944 1012
1289466965 397665 59.942918 10.843363 161784 1148
1289466966 398677 59.94283 10.843154 181275 1012
1289466967 399684 59.942733 10.842941 176237 1007
1289466968 400865 59.942637 10.842729 151393 1181
1289466969 401877 59.94244 10.842303 214270 1012
1289466970 402884 59.94244 10.842303 207795 1007
1289466971 403889 59.942344 10.842091 197601 1005
1289466972 404897 59.942169 10.841689 180817 1008
1289466973 405917 59.942169 10.841689 176568 1020
1289466974 406924 59.942085 10.84148 185491 1007
1289466975 407937 59.941931 10.841086 173179 1013
1289466976 408956 59.941931 10.841086 160355 1019
1289466977 410025 59.941853 10.840897 143938 1069
1289466978 411029 59.941707 10.840489 204816 1004
1289466979 412037 59.941707 10.840489 139275 1008
1289466981 413177 59.941568 10.840101 163322 1140
1289466982 414185 59.941499 10.839898 164777 1008
1289466983 415208 59.941499 10.839898 155306 1023
1289466984 416216 59.941361 10.839546 133331 1008
1289466985 417236 59.941297 10.839382 176728 1020
1289466986 418244 59.941297 10.839382 164164 1007
1289466987 419248 59.941297 10.839382 123661 1004
1289466988 420256 59.941123 10.838928 104654 1008
1289466989 421257 59.941123 10.838928 120567 1001
1289466990 422456 59.941063 10.838687 125232 1199
1289466991 423476 59.941035 10.838586 123120 1020
1289466992 424505 59.941035 10.838586 67663 1029
1289466993 425585 59.940995 10.838404 110527 1080
1289466994 426597 59.940981 10.838341 113544 1012
1289466995 427616 59.940973 10.838299 73680 1019
1289466996 428645 59.940972 10.838261 87552 1029
1289466997 429764 59.940975 10.83824 37688 1119
1289466998 430777 59.940975 10.83824 46269 1013
1289466999 431844 59.940974 10.838219 76608 1067
1289467000 432924 59.940975 10.838215 54565 1080
1289467001 433957 59.940975 10.838215 86184 1033
1289467002 435105 59.940976 10.838198 98151 1148
1289467004 436121 59.940978 10.83818 82835 1016
1289467005 437148 59.940983 10.838166 106957 1027
1289467006 438257 59.940983 10.838166 111232 1109
1289467007 439476 59.940984 10.838149 114796 1219
1289467008 440576 59.940984 10.838149 116723 1100
1289467009 441585 59.940988 10.838149 128880 1009
1289467010 442608 59.940988 10.838149 121727 1023
1289467011 443625 59.940988 10.838149 99430 1017
1289467012 444637 59.940988 10.838149 89492 1012
1289467013 445644 59.940988 10.838149 88802 1007
1289467014 446657 59.941001 10.838152 122187 1013
1289467015 447677 59.940996 10.838152 107164 1020
1289467016 448697 59.940996 10.838152 101232 1020
1289467017 449705 59.940996 10.838152 82117 1008
1289467018 450905 59.941001 10.838152 101868 1200
1289467019 451924 59.941001 10.838152 75014 1019
1289467020 453077 59.940997 10.838096 91114 1153
1289467021 454096 59.940997 10.838096 67032 1019
1289467023 455217 59.940988 10.838057 42610 1121
1289467024 456257 59.940979 10.83798 31464 1040
1289467025 457377 59.940959 10.837882 56088 1120
1289467026 458425 59.940959 10.837882 34200 1048
1289467032 465037 59.94092 10.83776 5472 6612
1289467033 466057 59.940837 10.837495 64481 1020
1289467034 467069 59.940785 10.837348 158588 1012
1289467035 468070 59.940669 10.836999 171692 1001
1289467036 469077 59.940531 10.836608 216393 1006
1289467037 470089 59.940459 10.836402 141639 1012
1289467039 471156 59.940177 10.83582 160838 1067
1289467040 472164 59.94008 10.835625 155822 1008
1289467041 473185 59.939855 10.835228 134417 1021
1289467042 474217 59.939855 10.835228 109440 1032
1289467043 475384 59.939733 10.835026 8208 1167
1289467044 476416 59.93948 10.834637 22467 1032
1289467045 477417 59.93948 10.834637 97128 1001
1289467046 478425 59.939223 10.834247 41494 1008
1289467047 479437 59.939084 10.834042 75240 1012
1289467048 480452 59.938948 10.833854 32099 1015
1289467049 481484 59.938805 10.833663 41040 1032
1289467050 482557 59.938661 10.83349 15048 1073
1289467051 483564 59.938523 10.83332 108439 1007
1289467052 484665 59.93824 10.832994 74235 1101
1289467053 485837 59.93798 10.832693 138211 1172
1289467054 486844 59.937853 10.832543 105930 1007
1289467055 487848 59.937853 10.832543 90288 1004
1289467056 488857 59.937582 10.832274 53093 1009
1289467057 489865 59.937446 10.832156 73872 1008
1289467058 490877 59.937446 10.832156 54664 1012
1289467059 491884 59.937175 10.831925 103193 1007
1289467060 492896 59.937045 10.831811 123845 1012
1289467061 493904 59.936922 10.831718 107601 1008
1289467063 495217 59.936671 10.831546 70025 1313
1289467064 496224 59.936671 10.831546 105091 1007
1289467065 497324 59.936565 10.831456 80712 1100
1289467066 498336 59.936354 10.831298 68337 1012
1289467067 499344 59.936354 10.831298 83166 1008
1289467068 500389 59.936253 10.831229 95760 1044
1289467069 501404 59.936075 10.831116 58163 1015
1289467070 502684 59.935993 10.831072 69586 1280
1289467071 503696 59.93592 10.831013 91656 1012
1289467072 504699 59.935858 10.830975 78298 1003
1289467073 505716 59.935808 10.830941 86449 1016
1289467074 506717 59.935765 10.83091 83032 1001
1289467075 507737 59.935735 10.830882 76156 1020
1289467076 508756 59.935735 10.830882 81250 1019
1289467077 509764 59.935697 10.830851 79064 1008
1289467078 510956 59.935697 10.830851 78126 1192
1289467079 511972 59.935701 10.830851 94637 1016
1289467080 512977 59.935712 10.830834 79106 1005
1289467081 513984 59.935712 10.830834 74462 1007
1289467082 514989 59.935712 10.830834 78232 1005
1289467083 515997 59.935718 10.83083 78430 1008
1289467084 517004 59.935718 10.83083 81470 1007
1289467085 518009 59.935722 10.83083 77961 1005
1289467086 519017 59.935732 10.830813 79948 1008
1289467088 520244 59.935732 10.830813 83896 1227
1289467089 521257 59.935741 10.830813 89879 1013
1289467090 522324 59.935746 10.830813 44471 1067
1289467091 523337 59.935746 10.830813 77790 1013
1289467092 524345 59.935755 10.830813 101377 1008
1289467093 525465 59.935756 10.830795 85518 1120
1289467094 526477 59.935756 10.830795 94233 1012
1289467095 527724 59.935765 10.830795 94111 1247
1289467096 528749 59.935765 10.830795 65664 1025
1289467097 529776 59.935765 10.830795 41837 1027
1289467098 530956 59.935771 10.830778 53352 1180
1289467099 531964 59.935773 10.83076 57076 1007
1289467100 532985 59.935773 10.83076 68400 1021
1289467101 533996 59.935744 10.830715 57242 1011
1289467102 534997 59.935716 10.830652 61680 1001
1289467103 536017 59.93568 10.830603 67793 1020
1289467104 537025 59.93557 10.830496 62524 1008
1289467105 538036 59.93557 10.830496 73639 1011
1289467106 539037 59.93549 10.830434 73456 1001
1289467107 540047 59.935302 10.830282 78314 1010
1289467109 541136 59.935302 10.830282 63187 1089
1289467110 542145 59.935191 10.830193 62804 1009
1289467111 543157 59.934978 10.829961 72250 1012
1289467112 544177 59.934978 10.829961 73152 1020
1289467113 545185 59.934875 10.829836 71051 1008
1289467114 546216 59.934683 10.829555 71976 1031
1289467115 547225 59.934683 10.829555 57258 1009
1289467116 548237 59.934477 10.829182 67006 1012
1289467117 549256 59.934382 10.82899 78155 1019
1289467118 550277 59.934382 10.82899 55259 1021
1289467119 551364 59.93428 10.828795 51984 1087
1289467120 552385 59.934077 10.828387 33509 1021
1289467121 553397 59.934077 10.828387 49081 1012
1289467122 554424 59.933878 10.827941 61833 1027
1289467123 555425 59.933783 10.827711 52012 1001
1289467124 556516 59.933783 10.827711 16416 1091
1289467125 557524 59.933613 10.827257 46045 1008
1289467126 558537 59.933521 10.827045 94912 1013
1289467127 559545 59.933521 10.827045 81344 1008
1289467128 560557 59.933351 10.826591 113779 1012
1289467129 561765 59.933273 10.826364 138858 1208
1289467130 562825 59.933199 10.826138 64898 1060
1289467131 563996 59.933065 10.825655 61745 1171
1289467132 565008 59.933065 10.825655 75257 1012
1289467133 566017 59.933005 10.825414 85149 1009
1289467134 567049 59.932896 10.824939 72530 1032
1289467136 568185 59.932896 10.824939 109335 1136
1289467137 569345 59.932789 10.82452 115342 1160
1289467138 570545 59.932746 10.824321 124612 1200
1289467139 571556 59.932746 10.824321 141827 1011
1289467140 572577 59.932663 10.823964 102788 1021
1289467141 573589 59.932626 10.823824 147704 1012
1289467142 574597 59.932626 10.823824 153101 1008
1289467143 575616 59.932561 10.823583 178664 1019
1289467144 576617 59.932543 10.823468 143035 1001
1289467145 577624 59.932543 10.823468 171617 1007
1289467146 578636 59.932515 10.823314 145539 1012
1289467147 579637 59.932495 10.823255 146411 1001
1289467148 580644 59.932481 10.823178 178837 1007
1289467149 581649 59.932478 10.823122 180436 1005
1289467150 582656 59.932467 10.823101 182737 1007
1289467151 583676 59.932467 10.823101 162205 1020
1289467152 584677 59.932471 10.823048 66415 1001
1289467153 585905 59.932464 10.823045 162346 1228
1289467154 587096 59.932464 10.823045 165449 1191
1289467156 588404 59.932473 10.823045 173275 1308
1289467157 589409 59.932473 10.823045 151924 1005
1289467158 590417 59.932471 10.823024 150703 1008
1289467159 591424 59.93247 10.823041 151848 1007
1289467160 592436 59.93247 10.823041 72545 1012
1289467161 593437 59.93247 10.823041 119016 1001
1289467162 594448 59.93247 10.823041 111860 1011
1289467163 595457 59.93247 10.823041 113327 1009
1289467164 596476 59.93247 10.823041 87628 1019
1289467165 597484 59.93247 10.823041 120694 1008
1289467166 598497 59.93247 10.823041 127000 1013
1289467167 599505 59.932474 10.823041 138829 1008
1289467168 600509 59.932467 10.823038 148783 1004
1289467169 601517 59.932467 10.823038 154531 1008
1289467170 602536 59.932476 10.823038 154212 1019
1289467171 603749 59.932476 10.823038 149569 1213
1289467172 604757 59.932472 10.823034 156889 1008
1289467173 605764 59.932472 10.823034 165079 1007
1289467174 606776 59.932472 10.823034 167564 1012
1289467175 607897 59.932472 10.823034 154628 1121
1289467176 608909 59.932469 10.823031 180357 1012
1289467177 609976 59.932469 10.823031 97128 1067
1289467179 611117 59.932463 10.82301 137385 1141
1289467180 612141 59.932445 10.822947 167361 1024
1289467181 613149 59.932445 10.822947 141029 1008
1289467182 614349 59.932406 10.822773 143470 1200
1289467183 615356 59.932381 10.822675 128437 1007
1289467184 616644 59.932381 10.822675 127224 1288
1289467185 617657 59.93232 10.822384 72473 1013
1289467186 618664 59.93228 10.822227 58249 1007
1289467188 620157 59.932243 10.822035 110357 1492
1289467189 621205 59.932157 10.821646 91183 1048
1289467190 622229 59.932157 10.821646 143092 1024
1289467191 623236 59.932059 10.821199 147443 1007
1289467192 624377 59.93201 10.820964 188165 1141
1289467193 625517 59.931961 10.82073 125519 1140
1289467194 626568 59.931913 10.820478 105599 1051
1289467195 627576 59.931859 10.820244 162862 1008
1289467196 628577 59.931859 10.820244 182466 1001
1289467197 629589 59.931742 10.819751 175045 1012
1289467198 630597 59.931673 10.81951 172108 1008
1289467199 631736 59.93161 10.81929 113179 1139
1289467200 632737 59.931545 10.819049 123478 1001
1289467201 633738 59.931468 10.818843 100864 1001
1289467202 634745 59.931468 10.818843 111815 1007
1289467203 635749 59.931304 10.818425 104597 1004
1289467204 636844 59.931199 10.818226 135694 1095
1289467205 637984 59.931106 10.818031 153425 1140
1289467206 638989 59.930997 10.817868 128592 1004
1289467207 640004 59.93089 10.817687 75756 1015
1289467208 641009 59.93089 10.817687 39672 1005
1289467209 642021 59.930674 10.817361 39861 1012
1289467210 643072 59.930573 10.817201 99516 1051
1289467211 644077 59.930573 10.817201 109197 1004
1289467212 645084 59.930347 10.816874 160650 1007
1289467214 646157 59.930239 10.816711 138168 1073
1289467215 647168 59.930128 10.81653 159962 1011
1289467216 648177 59.929931 10.816158 183753 1009
1289467217 649185 59.929931 10.816158 167031 1008
1289467218 650356 59.929728 10.815764 159203 1171
1289467219 651357 59.929639 10.815555 173133 1001
1289467220 652596 59.929567 10.815349 166688 1239
1289467221 653597 59.929495 10.815144 117485 1001
1289467222 654637 59.929432 10.814924 141158 1040
1289467223 655649 59.929379 10.814724 161226 1012
1289467224 656656 59.929327 10.814525 178851 1007
1289467225 657665 59.929282 10.814329 137746 1009
1289467226 658669 59.929282 10.814329 184697 1004
1289467227 659677 59.929222 10.813945 158932 1008
1289467228 660897 59.929189 10.813752 195581 1220
1289467229 661901 59.929164 10.813563 180590 1004
1289467230 662904 59.929111 10.81322 184815 1003
1289467231 663909 59.929111 10.81322 193060 1005
1289467232 665004 59.929082 10.813031 160499 1095
1289467233 666009 59.929056 10.81286 142272 1005
1289467234 667017 59.92904 10.812709 65039 1008
1289467235 668021 59.929012 10.812555 142511 1004
1289467236 669025 59.928986 10.812384 157320 1004
1289467237 670045 59.92897 10.812233 59870 1020
1289467239 671129 59.92897 10.812233 34200 1084
1289467240 672137 59.928946 10.812079 45144 1008
1289467241 673196 59.928907 10.811774 132509 1059
1289467242 674197 59.928889 10.811606 187289 1001
1289467243 675208 59.928856 10.811323 180779 1011
1289467244 676209 59.928856 10.811323 175810 1001
1289467245 677368 59.928817 10.811071 179410 1159
1289467246 678537 59.9288 10.810938 155949 1169
1289467247 679544 59.928782 10.810805 149927 1007
1289467248 680709 59.928768 10.810689 141478 1165
1289467249 681716 59.928754 10.810574 143640 1007
1289467250 682717 59.928754 10.810574 118436 1001
1289467251 683736 59.928738 10.810332 109693 1019
1289467252 684737 59.928734 10.810185 160270 1001
1289467253 685757 59.928734 10.810185 143123 1020
1289467254 686769 59.928712 10.809884 121057 1012
1289467255 687776 59.928698 10.809716 126483 1007
1289467256 688777 59.928698 10.809716 126622 1001
1289467257 689796 59.928663 10.809397 83457 1019
1289467258 690829 59.928644 10.809229 84816 1033
1289467259 691837 59.92863 10.809061 64722 1008
1289467260 692856 59.928614 10.80891 92691 1019
1289467261 693985 59.928588 10.808739 112562 1129
1289467262 694988 59.928588 10.808739 131328 1003
1289467263 696008 59.928547 10.808437 107661 1020
1289467264 697016 59.928547 10.808437 123841 1008
1289467265 698021 59.928547 10.808437 104738 1005
1289467267 699276 59.928547 10.808437 143537 1215
1289467268 700277 59.928547 10.808437 160056 1001
1289467269 701416 59.928547 10.808437 61387 1139
1289467270 702549 59.928547 10.808437 45144 1133
1289467271 703709 59.928547 10.808437 69768 1160
1289467272 704717 59.928547 10.808437 69144 1008
1289467273 705729 59.928547 10.808437 76608 1012
1289467274 706976 59.928547 10.808437 69115 1247
1289467275 707984 59.928547 10.808437 91656 1008
1289467276 709028 59.928547 10.808437 83377 1006
1289467277 710037 59.928547 10.808437 87552 1009
1289467278 711049 59.928547 10.808437 89837 1012
1289467279 712056 59.928254 10.806228 93024 1007
1289467280 713065 59.928254 10.806228 99864 1009
1289467282 714157 59.92825 10.806137 75338 1092
1289467283 715176 59.928254 10.806123 93024 1019
1289467284 716196 59.928254 10.806123 95760 1020
1289467285 717197 59.928263 10.806108 72965 1001
1289467286 718216 59.928275 10.806112 105336 1019
1289467287 719236 59.92828 10.806112 85390 1020
1289467288 720237 59.92828 10.806112 94392 1001
1289467289 721265 59.928287 10.806129 101232 1028
1289467290 722269 59.928292 10.806129 80806 1004
1289467291 723284 59.928295 10.806147 114912 1015
1289467292 724288 59.928299 10.806147 78510 1004
1289467293 725296 59.928303 10.806165 108072 1008
1289467294 726516 59.928306 10.806182 110579 1220
1289467295 727517 59.928306 10.806182 119016 1001
1289467296 728545 59.928309 10.8062 87737 1028
1289467297 729556 59.928307 10.806179 106704 1011
1289467298 730557 59.928307 10.806179 77723 1001
1289467299 731565 59.92831 10.806196 103968 1008
1289467300 732569 59.92832 10.806179 84150 1004
1289467301 733584 59.92832 10.806179 116280 1015
1289467302 734589 59.928308 10.806098 63293 1005
1289467303 735597 59.928301 10.806039 94392 1008
1289467304 736604 59.928301 10.806039 88920 1007
1289467305 737629 59.928275 10.805882 61869 1025
1289467306 738637 59.928259 10.805784 79344 1008
1289467307 739964 59.928259 10.805784 16384 1327
1289467308 740977 59.928234 10.805504 155120 1012
1289467309 742009 59.928215 10.80535 112176 1032
1289467310 743016 59.928199 10.805199 85826 1007
1289467311 744084 59.928199 10.805199 106704 1019
1289467312 745097 59.928199 10.805199 84391 1013
1289467313 746109 59.928199 10.805199 108072 1012
1289467315 747117 59.928199 10.805199 109440 1008
1289467316 748129 59.928199 10.805199 74962 1012
1289467317 749136 59.928199 10.805199 102600 1007
1289467318 750145 59.928199 10.805199 81632 1009
1289467319 751149 59.928199 10.805199 112176 1004
1289467320 752156 59.928199 10.805199 97947 1007
1289467321 753168 59.928199 10.805199 153216 1012
1289467322 754169 59.928199 10.805199 121632 1001
1289467323 755216 59.928199 10.805199 102600 1047
1289467324 756244 59.928199 10.805199 73859 1027
1289467325 757324 59.928199 10.805199 53352 1080
1289467326 758717 59.928199 10.805199 2736 1393
1289467327 759729 59.928199 10.805199 68430 1012
1289467328 760736 59.928199 10.805199 116280 1007
1289467329 761745 59.928199 10.805199 99531 1009
1289467330 762749 59.928199 10.805199 94392 1004
1289467332 764316 59.92771 10.801949 58564 1567
1289467333 765328 59.927553 10.801734 125856 1012
1289467334 766337 59.927384 10.801501 118513 1009
1289467335 767349 59.92723 10.80129 155952 1012
1289467336 768357 59.927079 10.801081 139536 1008
1289467337 769369 59.92693 10.80087 94459 1012
1289467338 770377 59.926805 10.800665 135432 1008
1289467339 771389 59.926684 10.800445 190640 1012
1289467340 772408 59.92656 10.800261 132453 1019
1289467341 773416 59.926437 10.800077 192888 1008
1289467342 774417 59.926184 10.799727 117781 1001
1289467343 775437 59.926184 10.799727 72504 1020
1289467344 776448 59.926067 10.799564 15048 1011
1289467345 777452 59.925942 10.799397 140904 1004
1289467346 778457 59.925826 10.799216 137130 1005
1289467347 779476 59.92571 10.799036 191520 1019
1289467348 780480 59.925607 10.798841 177840 1004
1289467349 781489 59.925514 10.798632 143577 1009
1289467350 782496 59.925425 10.798422 165528 1007
1289467351 783497 59.92535 10.798199 168264 1001
1289467352 784505 59.925274 10.797993 125454 1008
1289467353 785508 59.925206 10.797773 108072 1003
1289467354 786517 59.925155 10.797557 128592 1009
1289467355 787529 59.925092 10.797337 149112 1012
1289467356 788696 59.92504 10.797138 132314 1167
1289467357 789716 59.924977 10.796918 140904 1020
1289467358 790728 59.924926 10.796701 136800 1012
1289467359 791729 59.924926 10.796701 147744 1001
1289467360 792808 59.924871 10.796484 67032 1079
1289467361 793897 59.92476 10.796065 94514 1089
1289467362 794909 59.92476 10.796065 69768 1012
1289467363 795916 59.92472 10.795869 102600 1007
1289467364 796937 59.924679 10.795674 98496 1021
1289467365 797968 59.924638 10.795496 93024 1031
1289467366 798989 59.924638 10.795496 97128 1021
1289467367 799997 59.924599 10.795335 106704 1008
1289467368 801009 59.924574 10.795199 125856 1012
1289467369 802016 59.92454 10.795076 112516 1007
1289467370 803024 59.924506 10.794954 171000 1007
1289467371 804029 59.924482 10.794871 162792 1005
1289467372 805037 59.924465 10.79479 157320 1008
1289467373 806097 59.924451 10.794728 152144 1060
1289467374 807109 59.924446 10.794651 128592 1012
1289467376 808129 59.924433 10.794609 157320 1020
1289467377 809136 59.924433 10.794609 179208 1007
1289467378 810137 59.924434 10.794553 209304 1001
1289467379 811148 59.924436 10.794497 168329 1011
1289467380 812156 59.924436 10.794497 236664 1007
1289467381 813168 59.924442 10.794479 231192 1012
1289467382 814169 59.924455 10.794465 164076 1001
1289467383 815176 59.924455 10.794465 218880 1007
1289467384 816636 59.924464 10.794451 131328 1460
1289467385 817649 59.924475 10.794419 149231 1013
1289467386 818656 59.924475 10.794419 164160 1007
1289467387 819668 59.924478 10.794422 192888 1012
1289467388 820669 59.924483 10.794408 196992 1001
1289467389 821676 59.92449 10.794412 151271 1007
1289467390 822709 59.924495 10.794397 113544 1033
1289467391 823717 59.924502 10.794401 153216 1008
1289467392 824729 59.924502 10.794401 186048 1012
1289467393 825736 59.924502 10.794401 172368 1007
1289467394 826756 59.924513 10.794369 98331 1020
1289467395 827789 59.924521 10.794372 173736 1033
1289467396 828797 59.924521 10.794372 168264 1008
1289467397 829808 59.924522 10.794355 158688 1011
1289467398 830809 59.924523 10.794337 168264 1001
1289467399 831817 59.924531 10.79434 117174 1008
1289467400 832829 59.924534 10.794305 150480 1012
1289467401 833848 59.924529 10.794267 160056 1019
1289467402 834856 59.924523 10.794193 171000 1008
1289467403 835857 59.924523 10.794193 151848 1001
1289467404 836877 59.9245 10.794116 124488 1020
1289467405 837905 59.924442 10.793921 47282 1028
1289467406 838945 59.924442 10.793921 24624 1040
1289467407 839949 59.924414 10.793805 36936 1004
1289467408 840969 59.92438 10.793669 42408 1020
1289467409 842069 59.92438 10.793669 25992 1100
1289467411 843469 59.92438 10.793669 17784 1400
1289467459 891993 59.92438 10.793669 4104 48524
1289467460 893073 59.92438 10.793669 12312 1080
1289467462 894136 59.92438 10.793669 17784 1063
1289467463 895292 59.92438 10.793669 17784 1156
1289467464 896372 59.92438 10.793669 16416 1080
1289467465 897437 59.92438 10.793669 17784 1065
1289467466 898572 59.92438 10.793669 20520 1135
1289467467 899673 59.92438 10.793669 23256 1101
1289467468 900737 59.92438 10.793669 21888 1064
1289467469 901816 59.92438 10.793669 24624 1079
1289467470 902873 59.92438 10.793669 23256 1057
1289467471 903937 59.92438 10.793669 23256 1064
1289467472 905012 59.92438 10.793669 21888 1075
1289467474 906137 59.92438 10.793669 23256 1125
1289467475 907172 59.92438 10.793669 25992 1035
1289467476 908216 59.92438 10.793669 25992 1044
1289467477 909436 59.92438 10.793669 31464 1220
1289467478 910492 59.92438 10.793669 27360 1056
1289467479 911569 59.92438 10.793669 25992 1077
1289467480 912621 59.92438 10.793669 30096 1052
1289467481 913656 59.92438 10.793669 23256 1035
1289467545 977492 59.92438 10.793669 21888 63836
1289467546 979052 59.92438 10.793669 4104 1560
1289467548 980113 59.92438 10.793669 10944 1061
1289467549 981232 59.92438 10.793669 67032 1119
1289467550 982433 59.92438 10.793669 17784 1201
1289467551 983476 59.92438 10.793669 34200 1043
1289467552 984593 59.92438 10.793669 35536 1117
1289467553 985637 59.92438 10.793669 19184 1044
1289467557 989252 59.92438 10.793669 30519 3615
1289467558 990677 59.92438 10.793669 5472 1425
1289467560 992233 59.92438 10.793669 8208 1556
1289467562 994433 59.92438 10.793669 10944 2200
1289467563 996012 59.92438 10.793669 4104 1579
1289467578 1010900 59.92438 10.793669 2736 14888
1289467579 1011920 59.92438 10.793669 4104 1020
1289467580 1013020 59.92438 10.793669 8208 1100
1289467583 1015884 59.92438 10.793669 1368 2862
1289467584 1016920 59.92438 10.793669 9576 1036
1289467585 1017961 59.92438 10.793669 28728 1041
1289467586 1018981 59.92438 10.793669 13680 1020
1289467587 1020101 59.92438 10.793669 23256 1120
1289467589 1021141 59.92438 10.793669 19152 1040
1289467590 1022181 59.92438 10.793669 19152 1040
1289467591 1023341 59.92438 10.793669 19152 1160
1289467592 1024425 59.92438 10.793669 17784 1084
1289467593 1025604 59.92438 10.793669 16416 1179
1289467594 1026701 59.92438 10.793669 21888 1097
1289467595 1027736 59.92438 10.793669 15048 1035
1289467596 1028816 59.92438 10.793669 17784 1080
1289467597 1029821 59.92438 10.793669 19152 1005
1289467598 1030840 59.92438 10.793669 19152 1019
1289467599 1031920 59.92438 10.793669 13680 1080
1289467600 1032941 59.92438 10.793669 17784 1021
1289467601 1033945 59.92438 10.793669 24624 1004
1289467602 1034981 59.92438 10.793669 24624 1036
1289467603 1036045 59.92438 10.793669 20520 1064
1289467604 1037101 59.92438 10.793669 25992 1056
1289467606 1038125 59.92438 10.793669 17784 1024
1289467607 1039160 59.92438 10.793669 27360 1035
1289467608 1040401 59.92438 10.793669 24624 1241
1289467609 1041461 59.92438 10.793669 21888 1060
1289467610 1042480 59.92438 10.793669 2895 1019
1289467611 1043520 59.92438 10.793669 25992 1040
1289467612 1044541 59.92438 10.793669 21888 1021
1289467613 1045581 59.92438 10.793669 23256 1040
1289467614 1046661 59.92438 10.793669 25992 1080
1289467615 1047781 59.92438 10.793669 25992 1120
1289467616 1048825 59.92438 10.793669 24624 1044
1289467617 1049861 59.92438 10.793669 31464 1036
1289467618 1050881 59.92438 10.793669 21888 1020
1289467619 1051945 59.92438 10.793669 31464 1064
1289467621 1053117 59.92438 10.793669 25992 1172
1289467622 1054141 59.92438 10.793669 24624 1024
1289467623 1055261 59.92438 10.793669 24624 1120
1289467624 1056281 59.92438 10.793669 25992 1020
1289467625 1057285 59.92438 10.793669 17784 1004
1289467626 1058301 59.92438 10.793669 23256 1016
1289467627 1059364 59.92438 10.793669 23256 1063
1289467628 1060621 59.92438 10.793669 25992 1257
1289467629 1061680 59.92438 10.793669 23256 1059
1289467630 1062985 59.92438 10.793669 27360 1305
1289467631 1064101 59.92438 10.793669 28728 1116
1289467633 1065181 59.92438 10.793669 27360 1080
1289467634 1066240 59.92438 10.793669 21888 1059
1289467635 1067280 59.92438 10.793669 24624 1040
1289467637 1069960 59.92438 10.793669 20488 2680
1289467639 1071116 59.92438 10.793669 42823 1156
1289467640 1072921 59.92438 10.793669 3861 1805
1289467641 1073997 59.92438 10.793669 15048 1076
1289467642 1075021 59.92438 10.793669 24624 1024
1289467643 1076040 59.92438 10.793669 24624 1019
1289467645 1077121 59.92438 10.793669 25992 1081
1289467646 1078225 59.92438 10.793669 34200 1104
1289467647 1079240 59.92438 10.793669 27360 1014
1289467648 1080261 59.92438 10.793669 27360 1021
1289467649 1081317 59.92438 10.793669 21888 1056
1289467650 1082484 59.92438 10.793669 32832 1167
1289467651 1083701 59.92438 10.793669 25992 1217
1289467652 1084901 59.92438 10.793669 32832 1200
1289467653 1085964 59.92438 10.793669 28728 1063
1289467654 1087021 59.92438 10.793669 31464 1057
1289467655 1088040 59.92438 10.793669 27360 1019
1289467657 1089144 59.92438 10.793669 20520 1066
1289467658 1090201 59.92438 10.793669 30096 1057
1289467659 1091244 59.92438 10.793669 25992 1043
1289467660 1092481 59.92438 10.793669 27360 1237
1289467661 1093501 59.92438 10.793669 30096 1020
1289467662 1094564 59.92438 10.793669 27360 1063
1289467663 1095581 59.92438 10.793669 27360 1017
1289467664 1096724 59.92438 10.793669 28728 1143
1289467665 1097884 59.92438 10.793669 30096 1160
1289467666 1098945 59.92438 10.793669 28728 1061
1289467667 1100021 59.92438 10.793669 24624 1076
1289467668 1101088 59.92438 10.793669 27360 1067
1289467670 1102304 59.92438 10.793669 8208 1216
1289467671 1103521 59.92438 10.793669 42408 1216
1289467672 1104705 59.92438 10.793669 30096 1184
1289467673 1105741 59.92438 10.793669 9284 1036
1289467674 1106781 59.92438 10.793669 19152 1040
1289467675 1107924 59.92438 10.793669 27360 1143
1289467676 1108941 59.92438 10.793669 28728 1017
1289467677 1110000 59.92438 10.793669 25992 1059
1289467678 1111080 59.92438 10.793669 24624 1079
1289467680 1112141 59.92438 10.793669 30096 1061
1289467681 1113145 59.92438 10.793669 30096 1004
1289467682 1114305 59.92438 10.793669 30096 1160
1289467683 1115360 59.92438 10.793669 28728 1055
1289467684 1116388 59.92438 10.793669 27360 1028
1289467685 1117425 59.92438 10.793669 25992 1036
1289467686 1118461 59.92438 10.793669 28728 1036
1289467687 1119484 59.92438 10.793669 27360 1023
1289467688 1120505 59.92438 10.793669 27360 1021
1289467689 1121541 59.92438 10.793669 28728 1036
1289467690 1122545 59.92438 10.793669 24624 1004
1289467691 1123561 59.92438 10.793669 30096 1016
1289467692 1124621 59.92438 10.793669 28728 1060
1289467693 1125625 59.92438 10.793669 25992 1004
1289467694 1126665 59.92438 10.793669 27360 1040
1289467695 1127680 59.92438 10.793669 27360 1015
1289467696 1128701 59.92438 10.793669 10488 1021
1289467697 1129840 59.92438 10.793669 25992 1139
1289467698 1130845 59.92438 10.793669 25992 1005
1289467699 1132016 59.92438 10.793669 28728 1171
1289467700 1133080 59.92438 10.793669 25992 1064
1289467702 1134204 59.92438 10.793669 27360 1124
1289467703 1135305 59.92438 10.793669 25992 1101
1289467704 1136381 59.92438 10.793669 23256 1076
1289467705 1137504 59.92438 10.793669 23256 1123
1289467706 1138561 59.92438 10.793669 28728 1056
1289467715 1147208 59.92438 10.793669 17784 8647
1289467716 1148221 59.92438 10.793669 27360 1013
1289467717 1149268 59.92438 10.793669 61560 1047
1289467718 1150381 59.92438 10.793669 128592 1113
1289467723 1155717 59.92438 10.793669 84397 5336
1289467724 1156801 59.92438 10.793669 17784 1084
1289467725 1157921 59.92438 10.793669 23256 1120
1289467726 1158980 59.92438 10.793669 27360 1059
1289467727 1160101 59.92438 10.793669 30096 1121
1289467729 1161225 59.92438 10.793669 28728 1124
1289467730 1162300 59.92438 10.793669 25992 1075
1289467731 1163341 59.92438 10.793669 28728 1041
1289467732 1164461 59.92438 10.793669 23256 1120
1289467733 1165501 59.92438 10.793669 28728 1040
1289467734 1166545 59.92438 10.793669 25992 1044
1289467735 1167660 59.92438 10.793669 25992 1115
1289467736 1168681 59.92438 10.793669 24624 1021
1289467737 1169760 59.92438 10.793669 25992 1079
1289467738 1170981 59.92438 10.793669 30096 1221
1289467739 1172021 59.92438 10.793669 24624 1039
1289467741 1173145 59.92438 10.793669 25992 1124
1289467742 1174201 59.92438 10.793669 20520 1056
1289467743 1175208 59.92438 10.793669 20520 1007
1289467744 1176381 59.92438 10.793669 23256 1173
1289467745 1177421 59.92438 10.793669 25992 1040
1289467746 1178485 59.92438 10.793669 28728 1064
1289467747 1179501 59.92438 10.793669 21888 1016
1289467748 1180529 59.92438 10.793669 28728 1028
1289467753 1185744 59.92438 10.793669 15048 5215
1289467755 1187460 59.92438 10.793669 115290 1716
1289467756 1188660 59.92438 10.793669 10944 1200
1289467757 1189664 59.92438 10.793669 20520 1004
1289467758 1190844 59.92438 10.793669 23256 1180
1289467760 1192129 59.92438 10.793669 28728 1285
1289467761 1193161 59.92438 10.793669 25992 1032
1289467762 1194181 59.92438 10.793669 19152 1020
1289467763 1195261 59.92438 10.793669 21888 1080
1289467764 1196440 59.92438 10.793669 19152 1179
1289467765 1197581 59.92438 10.793669 17784 1141
1289467766 1198584 59.92438 10.793669 16416 1003
1289467767 1199721 59.92438 10.793669 17784 1137
1289467768 1200744 59.92438 10.793669 17784 1023
1289467769 1201781 59.92438 10.793669 17784 1036
1289467770 1202921 59.92438 10.793669 17784 1140
1289467771 1204081 59.92438 10.793669 15048 1160
1289467773 1205161 59.92438 10.793669 19152 1080
1289467774 1206461 59.92438 10.793669 13680 1300
1289467775 1208025 59.92438 10.793669 15048 1564
1289467777 1209220 59.92438 10.793669 12312 1195
1289467778 1210384 59.92438 10.793669 8208 1164
1289467779 1211660 59.92438 10.793669 9576 1276
1289467780 1213040 59.92438 10.793669 6840 1380
1289467782 1214305 59.92438 10.793669 9576 1265
1289467783 1215564 59.92438 10.793669 6840 1259
1289467787 1219269 59.92438 10.793669 1368 3705
1289467797 1229684 59.92438 10.793669 1368 10415
1289467798 1230788 59.92438 10.793669 28728 1104
1289467800 1232233 59.92438 10.793669 162792 1445
1289467801 1233265 59.92438 10.793669 6840 1032
1289467802 1234365 59.92438 10.793669 15048 1100
1289467803 1235409 59.92438 10.793669 16416 1044
1289467804 1236628 59.92438 10.793669 21888 1219
1289467805 1237688 59.92438 10.793669 21888 1060
1289467806 1238744 59.92438 10.793669 16416 1056
1289467807 1239825 59.92438 10.793669 17784 1081
1289467808 1240885 59.92438 10.793669 10944 1060
1289467809 1241969 59.92438 10.793669 10944 1084
1289467811 1243365 59.92438 10.793669 9576 1396
1289467812 1244604 59.92438 10.793669 12312 1239
1289467813 1245645 59.92438 10.793669 8208 1040
1289467814 1246769 59.92438 10.793669 6840 1124
1289467815 1247889 59.92438 10.793669 12312 1120
1289467817 1249125 59.92438 10.793669 9576 1236
1289467820 1252589 59.92438 10.793669 15048 3464
1289467823 1255145 59.92438 10.793669 20979 2556
1289467824 1256349 59.92438 10.793669 6840 1204
1289467825 1257405 59.92438 10.793669 15048 1056
1289467826 1258665 59.92438 10.793669 16416 1260
1289467827 1259725 59.92438 10.793669 13680 1060
1289467828 1260865 59.92438 10.793669 17784 1140
1289467829 1261989 59.92438 10.793669 8342 1124
1289467830 1263005 59.92438 10.793669 17784 1016
1289467832 1264269 59.92438 10.793669 13680 1264
1289467833 1265505 59.92438 10.793669 15048 1236
1289467834 1266565 59.92438 10.793669 15048 1060
1289467835 1267649 59.92438 10.793669 8375 1084
1289467836 1268865 59.92438 10.793669 13680 1216
1289467837 1270013 59.92438 10.793669 12312 1148
1289467842 1274589 59.92438 10.793669 16384 4576
1289467843 1275765 59.92438 10.793669 31766 1176
1289467844 1276905 59.92438 10.793669 8208 1140
1289467845 1278017 59.92438 10.793669 10944 1112
1289467847 1279389 59.92438 10.793669 8208 1372
1289467848 1280426 59.92438 10.793669 17784 1037
1289467849 1281669 59.92438 10.793669 9576 1243
1289467850 1282785 59.92438 10.793669 8208 1116
1289467851 1284085 59.92438 10.793669 7979 1300
1289467853 1285149 59.92438 10.793669 6840 1064
1289467854 1286365 59.92438 10.793669 10944 1216
1289467855 1287369 59.92438 10.793669 12312 1004
1289467856 1288869 59.92438 10.793669 13680 1500
1289467857 1289889 59.92438 10.793669 10944 1020
1289467858 1290985 59.92438 10.793669 9576 1096
1289467860 1292305 59.92438 10.793669 7746 1320
1289467861 1293325 59.92438 10.793669 6840 1020
1289467862 1294585 59.92438 10.793669 13680 1260
1289467863 1295625 59.92438 10.793669 15048 1040
1289467864 1296685 59.92438 10.793669 12312 1060
1289467865 1297705 59.92438 10.793669 10944 1020
1289467866 1298865 59.92438 10.793669 13680 1160
1289467867 1300045 59.92438 10.793669 12312 1180
1289467869 1301125 59.92438 10.793669 10944 1080
1289467870 1302145 59.92438 10.793669 5987 1020
1289467871 1303209 59.92438 10.793669 12312 1064
1289467872 1304365 59.92438 10.793669 13680 1156
1289467873 1305405 59.92438 10.793669 12312 1040
1289467874 1306449 59.92438 10.793669 15048 1044
1289467875 1307505 59.92438 10.793669 15765 1056
1289467876 1308565 59.92438 10.793669 19152 1060
1289467877 1309585 59.92438 10.793669 17784 1020
1289467878 1310625 59.92438 10.793669 19152 1040
1289467879 1311789 59.92438 10.793669 15614 1164
1289467880 1312869 59.92438 10.793669 20520 1080
1289467881 1313965 59.92438 10.793669 20520 1096
1289467882 1314985 59.92438 10.793669 12929 1020
1289467883 1316009 59.92438 10.793669 17784 1023
1289467884 1317045 59.92438 10.793669 20520 1036
1289467885 1318109 59.92438 10.793669 16416 1064
1289467887 1319145 59.92438 10.793669 11459 1036
1289467888 1320165 59.92438 10.793669 20520 1020
1289467889 1321245 59.92438 10.793669 20520 1080
1289467890 1322469 59.92438 10.793669 15592 1224
1289467891 1323625 59.92438 10.793669 12312 1156
1289467892 1324665 59.92438 10.793669 21888 1040
1289467893 1325729 59.92438 10.793669 15048 1064
1289467894 1326825 59.92438 10.793669 18591 1096
1289467895 1327829 59.92438 10.793669 19152 1004
1289467896 1328917 59.92438 10.793669 16416 1088
1289467898 1330149 59.92438 10.793669 10878 1232
1289467899 1331325 59.92438 10.793669 19152 1176
1289467900 1332425 59.92438 10.793669 20520 1100
1289467901 1333505 59.92438 10.793669 13330 1080
1289467902 1334545 59.92438 10.793669 19152 1040
1289467903 1335549 59.92438 10.793669 19152 1004
1289467904 1336965 59.92438 10.793669 12639 1416
1289467906 1338145 59.92438 10.793669 16416 1180
1289467907 1339385 59.92438 10.793669 17784 1240
1289467908 1340545 59.92438 10.793669 12657 1160
1289467909 1341569 59.92438 10.793669 19152 1024
1289467910 1342585 59.92438 10.793669 13680 1016
1289467911 1343745 59.92438 10.793669 18514 1160
1289467912 1344865 59.92438 10.793669 6599 1120
1289467913 1345965 59.92438 10.793669 17784 1100
1289467914 1347019 59.92438 10.793669 13680 1054
