1284498220 398081 59.93576 10.83108 134064 1020
1284498223 400873 59.935876 10.831233 16384 2791
1284498224 401885 59.935863 10.831229 382272 1012
1284498225 402892 59.935863 10.831229 228456 1007
1284498226 403897 59.935854 10.831191 239968 1004
1284498227 404904 59.935825 10.831146 249544 1007
1284498228 405916 59.935795 10.831118 257184 1012
1284498229 406917 59.935795 10.831118 212608 1001
1284498230 407924 59.935745 10.831084 259920 1007
1284498231 408936 59.935704 10.831035 207136 1012
1284498232 409949 59.935635 10.830976 232560 1013
1284498233 410960 59.935635 10.830976 212609 1011
1284498234 411980 59.935562 10.830918 265960 1020
1284498235 412981 59.935471 10.830835 292752 1001
1284498236 413988 59.935377 10.830734 116848 1007
1284498237 415001 59.935377 10.830734 195624 1013
1284498238 416005 59.935278 10.830648 185248 1004
1284498239 417008 59.935168 10.830541 179208 1003
1284498240 418012 59.93506 10.830416 146376 1004
1284498241 419020 59.93506 10.830416 153784 1008
1284498242 420021 59.934952 10.830291 210672 1001
1284498243 421092 59.934845 10.830149 116848 1071
1284498244 422105 59.934739 10.830006 45144 1013
1284498245 423112 59.934739 10.830006 121752 1007
1284498246 424117 59.934644 10.829867 183312 1005
1284498247 425125 59.934548 10.829693 145576 1008
1284498248 426136 59.934464 10.829522 171000 1011
1284498249 427144 59.934464 10.829522 141472 1008
1284498250 428148 59.934372 10.829348 222984 1004
1284498251 429149 59.934279 10.829139 285112 1001
1284498252 430156 59.934186 10.82893 246240 1007
1284498253 431161 59.934186 10.82893 203032 1005
1284498254 432169 59.934094 10.828703 218880 1008
1284498255 433180 59.933996 10.828455 127792 1011
1284498256 434181 59.933899 10.828207 168264 1001
1284498258 435300 59.933899 10.828207 163360 1119
1284498259 436309 59.933795 10.827939 206568 1009
1284498260 437313 59.933698 10.827673 171000 1004
1284498261 438320 59.933606 10.827408 125056 1007
1284498262 439332 59.933606 10.827408 155952 1012
1284498263 440352 59.93351 10.827143 196192 1020
1284498264 441365 59.933419 10.82686 207936 1013
1284498265 442372 59.933342 10.826563 177040 1007
1284498266 443384 59.933342 10.826563 203832 1012
1284498267 444412 59.933265 10.826266 194824 1028
1284498268 445417 59.933193 10.825969 207936 1005
1284498269 446424 59.93313 10.825657 77976 1007
1284498270 447444 59.93313 10.825657 79344 1020
1284498271 448456 59.933065 10.825364 97696 1012
1284498272 449469 59.932991 10.825084 150480 1013
1284498273 450476 59.932929 10.824808 164160 1007
1284498274 451477 59.932929 10.824808 149680 1001
1284498275 452488 59.932875 10.824535 188784 1011
1284498276 453497 59.932818 10.824297 164728 1009
1284498277 454500 59.93276 10.824077 225720 1003
1284498278 455508 59.93276 10.824077 175672 1008
1284498279 456521 59.932721 10.823864 180576 1013
1284498280 457641 59.932679 10.823686 186616 1120
1284498281 458653 59.932638 10.823507 199728 1012
1284498282 459700 59.932638 10.823507 208503 1047
1284498283 460704 59.932602 10.82335 218880 1004
1284498284 461772 59.932567 10.823193 190720 1067
1284498285 462785 59.932534 10.823053 228456 1013
1284498286 463793 59.932534 10.823053 203032 1008
1284498287 464805 59.932504 10.822934 242136 1012
1284498288 465817 59.932477 10.822815 211240 1012
1284498289 466836 59.932457 10.822718 227088 1019
1284498290 467844 59.932457 10.822718 219448 1008
1284498291 468856 59.932437 10.82262 274968 1012
1284498292 469857 59.932422 10.82256 246808 1001
1284498293 470869 59.932411 10.822501 239968 1012
1284498294 471876 59.932411 10.822501 288648 1007
1284498295 472880 59.932406 10.822462 231760 1004
1284498296 474008 59.932399 10.822459 253648 1128
1284498297 475020 59.9324 10.822441 259920 1012
1284498298 476021 59.9324 10.822441 222184 1001
1284498299 477032 59.9324 10.822441 259920 1011
1284498300 478040 59.9324 10.822441 229024 1008
1284498301 479120 59.932402 10.822424 257752 1080
1284498302 480124 59.932402 10.822424 306432 1004
1284498303 481132 59.932394 10.82242 244072 1008
1284498304 482145 59.932395 10.822403 275517 1013
1284498305 483152 59.932395 10.822403 305064 1007
1284498306 484156 59.932395 10.822403 134651 1004
1284498307 485157 59.932403 10.822406 276336 1001
1284498308 486165 59.9324 10.822389 178405 1008
1284498309 487176 59.9324 10.822389 187416 1011
1284498310 488184 59.9324 10.822389 283747 1008
1284498311 489200 59.932397 10.822371 275536 1016
1284498312 490201 59.932397 10.822371 303696 1001
1284498313 491208 59.932394 10.822354 278272 1007
1284498314 492228 59.932394 10.822354 281008 1020
1284498315 493241 59.932401 10.822357 326952 1013
1284498317 494257 59.932398 10.822339 249544 1016
1284498318 495260 59.932395 10.822322 260489 1003
1284498319 496261 59.932395 10.822322 266760 1001
1284498320 497273 59.932388 10.822266 220816 1012
1284498321 498292 59.932378 10.822227 259459 1019
1284498322 499300 59.932372 10.822154 252741 1008
1284498323 500312 59.932372 10.822154 279640 1012
1284498324 501324 59.932357 10.822094 281808 1012
1284498325 502332 59.932343 10.822017 252280 1008
1284498326 503345 59.93232 10.821902 264592 1013
1284498327 504357 59.93232 10.821902 291384 1012
1284498328 505364 59.93229 10.821765 252280 1007
1284498329 506376 59.932255 10.821608 282376 1012
1284498330 507464 59.93221 10.821412 301528 1088
1284498331 508477 59.93221 10.821412 214776 1013
1284498332 509497 59.932158 10.821213 113544 1020
1284498333 510509 59.932107 10.820996 16384 1012
1284498334 511528 59.932058 10.820762 122352 1019
1284498335 512536 59.932058 10.820762 69768 1008
1284498336 513548 59.932007 10.820545 79344 1012
1284498337 514568 59.931957 10.820311 86184 1020
1284498338 515588 59.931894 10.820052 58824 1020
1284498339 516608 59.931894 10.820052 56995 1020
1284498340 517632 59.931829 10.819759 29757 1024
1284498341 518680 59.931756 10.819479 34200 1048
1284498343 520892 59.931671 10.819179 5472 2212
1284498344 521912 59.931671 10.819179 64296 1020
1284498345 522913 59.931576 10.81891 39672 1001
1284498346 523964 59.931481 10.818642 45144 1051
1284498347 524973 59.93138 10.81839 21888 1009
1284498348 525997 59.93138 10.81839 27360 1024
1284498349 527004 59.931267 10.81815 86304 1007
1284498350 528188 59.931147 10.817928 59272 1184
1284498351 529208 59.93102 10.817702 114912 1020
1284498352 530209 59.93102 10.817702 140904 1001
1284498353 531220 59.930879 10.817507 146376 1011
1284498354 532228 59.930737 10.817313 134632 1008
1284498355 533229 59.930587 10.817116 175104 1001
1284498357 534257 59.930587 10.817116 168832 1028
1284498358 535380 59.930441 10.816921 129960 1123
1284498359 536388 59.930299 10.816727 165528 1008
1284498360 537400 59.930153 10.816533 119584 1012
1284498361 538412 59.930153 10.816533 147744 1012
1284498362 539432 59.930012 10.816321 151848 1020
1284498363 540433 59.929881 10.816095 148312 1001
1284498364 541444 59.929758 10.815855 171000 1011
1284498365 542445 59.929758 10.815855 138736 1001
1284498366 543452 59.929647 10.815583 139536 1007
1284498367 544465 59.92954 10.815311 150480 1013
1284498368 545477 59.929441 10.815025 133264 1012
1284498369 546484 59.929441 10.815025 168264 1007
1284498370 547497 59.92936 10.814728 188784 1012
1284498371 548516 59.929283 10.814431 166096 1019
1284498372 549528 59.929229 10.814105 169632 1012
1284498373 550536 59.929229 10.814105 148312 1008
1284498374 551549 59.929173 10.813797 147744 1013
1284498375 552556 59.92913 10.813493 87552 1007
1284498376 553560 59.92908 10.813206 51984 1004
1284498377 554580 59.92908 10.813206 45144 1020
1284498378 555680 59.929043 10.812922 15048 1100
1284498386 563804 59.92901 10.812677 18352 8124
1284498387 564812 59.928974 10.812467 57456 1008
1284498388 565816 59.928974 10.812467 105336 1004
1284498389 566817 59.928949 10.812278 123120 1001
1284498390 567944 59.928923 10.812107 123687 1127
1284498391 568964 59.928913 10.811977 146376 1020
1284498392 569969 59.928913 10.811977 153216 1005
1284498393 570988 59.928896 10.811844 145576 1019
1284498394 571989 59.928876 10.811693 109440 1001
1284498395 572997 59.928859 10.81156 108072 1008
1284498396 574000 59.928859 10.81156 123120 1003
1284498397 575001 59.928843 10.81141 111376 1001
1284498398 576008 59.928827 10.811259 158688 1007
1284498399 577021 59.928807 10.811109 166896 1013
1284498400 578025 59.928807 10.811109 137368 1004
1284498401 579032 59.928791 10.810958 160056 1007
1284498402 580040 59.928776 10.810807 117188 1008
1284498403 581041 59.92876 10.810657 70796 1001
1284498404 582052 59.92876 10.810657 93024 1011
1284498405 583064 59.928744 10.810506 121752 1012
1284498406 584193 59.928724 10.810356 16384 1128
1284498407 585196 59.928708 10.810205 229056 1003
1284498408 586197 59.928708 10.810205 155952 1001
1284498409 587205 59.92869 10.81009 127224 1008
1284498410 588216 59.928666 10.809974 110008 1011
1284498411 589236 59.928642 10.809838 116280 1020
1284498413 590244 59.928642 10.809838 83448 1008
1284498414 591249 59.928627 10.80967 43776 1004
1284498415 592288 59.928605 10.809498 19152 1039
1284498416 593648 59.928591 10.80933 10944 1360
1284498417 594669 59.928591 10.80933 48448 1020
1284498418 595680 59.928577 10.809162 116280 1011
1284498419 596688 59.928555 10.80899 127224 1008
1284498420 597892 59.928542 10.808805 88920 1204
1284498421 598952 59.928542 10.808805 60760 1060
1284498422 599972 59.928528 10.808637 24624 1020
1284498423 601085 59.928507 10.808447 19152 1112
1284498424 602100 59.928507 10.808447 10944 1015
1284498458 635720 59.928507 10.808447 5472 33619
1284498459 636785 59.928507 10.808447 5472 1065
1284498460 638064 59.928507 10.808447 10944 1279
1284498462 639244 59.928507 10.808447 10944 1180
1284498463 640325 59.928507 10.808447 16416 1081
1284498464 641389 59.928507 10.808447 15048 1064
1284498465 642489 59.928507 10.808447 20520 1100
1284498466 643668 59.928507 10.808447 20520 1179
1284498467 644808 59.928507 10.808447 19152 1140
1284498468 645828 59.928507 10.808447 19152 1020
1284498472 649429 59.928507 10.808447 23224 3601
1284498473 650468 59.928507 10.808447 27360 1039
1284498474 651628 59.928507 10.808447 46544 1160
1284498475 652708 59.928507 10.808447 19152 1080
1284498476 653749 59.928296 10.806364 21888 1041
1284498477 654897 59.928258 10.806241 21888 1148
1284498478 655948 59.928258 10.806241 17784 1051
1284498479 656968 59.928229 10.806105 20520 1020
1284498481 659068 59.928206 10.80599 12860 2100
1284498482 660172 59.928196 10.80586 14828 1104
1284498483 661196 59.928196 10.80586 24264 1024
1284498485 662261 59.928188 10.805765 24264 1065
1284498486 663317 59.928183 10.805674 26960 1056
1284498487 664352 59.928183 10.805583 21568 1035
1284498488 665396 59.928183 10.805583 24264 1044
1284498490 667565 59.928176 10.80551 2696 2169
1284498491 668820 59.928173 10.805453 36188 1255
1284498492 670217 59.928173 10.805401 16384 1396
1284498493 671220 59.928173 10.805401 76836 1003
1284498495 672381 59.92817 10.805383 29656 1161
1284498496 673384 59.928172 10.805366 26960 1003
1284498497 674420 59.928175 10.805369 31004 1036
1284498498 675624 59.928175 10.805369 28308 1204
1284498500 677560 59.92817 10.805369 26768 1936
1284498501 678684 59.928178 10.805372 18872 1124
1284498502 679704 59.928173 10.805372 24264 1020
1284498503 680745 59.928173 10.805372 29656 1040
1284498504 681872 59.92817 10.805355 26960 1127
1284498505 682904 59.928178 10.805358 25612 1032
1284498508 685524 59.928173 10.805358 16176 2620
1284498509 686564 59.928173 10.805358 80880 1040
1284498510 687568 59.928181 10.805361 20220 1004
1284498511 688589 59.928177 10.805361 26960 1021
1284498512 689628 59.92818 10.805365 28308 1039
1284498513 690644 59.92818 10.805365 26960 1016
1284498514 691649 59.92818 10.805365 26960 1005
1284498516 693708 59.928175 10.805365 5392 2059
1284498518 695568 59.928183 10.805368 51032 1860
1284498519 696588 59.928183 10.805368 22916 1020
1284498520 697632 59.928183 10.805368 26960 1044
1284498521 698633 59.928178 10.805368 25612 1001
1284498522 699652 59.928178 10.805368 25612 1019
1284498523 700669 59.928178 10.805368 26960 1017
1284498524 701672 59.928183 10.805368 25612 1003
1284498526 704196 59.928183 10.805368 9436 2524
1284498528 705276 59.928183 10.805368 49876 1080
1284498529 706312 59.928183 10.805368 62008 1036
1284498530 707361 59.928187 10.805368 26960 1049
1284498531 708396 59.928187 10.805368 26960 1035
1284498533 710904 59.928187 10.805368 16176 2508
1284498534 712220 59.928187 10.805368 64512 1316
1284498536 713280 59.92819 10.805386 20220 1060
1284498537 714300 59.92819 10.805386 24264 1020
1284498538 715301 59.928195 10.805386 29656 1001
1284498539 716400 59.928195 10.805386 24264 1099
1284498540 717504 59.928195 10.805386 28308 1104
1284498541 718680 59.928199 10.805386 26960 1176
1284498544 721904 59.928199 10.805386 17524 3224
1284498547 724593 59.928199 10.805386 84924 2689
1284498548 725728 59.928196 10.805382 20220 1135
1284498549 726844 59.928198 10.805365 21568 1116
1284498550 727864 59.928213 10.805333 21568 1020
1284498551 728868 59.928213 10.805333 20220 1004
1284498555 732389 59.92822 10.805298 28516 3521
1284498557 734688 59.928227 10.805263 41388 2299
1284498558 735952 59.92825 10.805196 9436 1264
1284498559 737072 59.92825 10.805196 5392 1120
1284498560 738132 59.92825 10.805196 6740 1060
1284498562 739393 59.92825 10.805196 12132 1261
1284498563 741096 59.92825 10.805196 13480 1703
1284498565 742296 59.92825 10.805196 6740 1200
1284498566 743516 59.92825 10.805196 8088 1220
1284498583 760262 59.92825 10.805196 16384 16746
1284498584 761312 59.92825 10.805196 56904 1050
1284498585 762372 59.92825 10.805196 14268 1060
1284498586 763413 59.92825 10.805196 12196 1041
1284498591 768616 59.92825 10.805196 12132 5203
1284498592 769636 59.92825 10.805196 29576 1020
1284498593 770660 59.92825 10.805196 59392 1024
1284498594 771741 59.92825 10.805196 13480 1081
1284498595 772876 59.92825 10.805196 16176 1135
1284498596 773900 59.92825 10.805196 14828 1024
1284498597 775080 59.92825 10.805196 16176 1179
1284498598 776100 59.92825 10.805196 20220 1020
1284498599 777240 59.92825 10.805196 17524 1140
1284498602 779284 59.92825 10.805196 4044 2044
1284498603 780761 59.92825 10.805196 44292 1477
1284498604 781840 59.92825 10.805196 13480 1079
1284498605 782884 59.92825 10.805196 20220 1044
1284498606 784064 59.92825 10.805196 20220 1180
1284498607 785184 59.92825 10.805196 20220 1120
1284498609 786265 59.92825 10.805196 18872 1081
1284498610 787285 59.92825 10.805196 17524 1020
1284498611 788484 59.92825 10.805196 20220 1199
1284498612 789628 59.92825 10.805196 14828 1144
1284498613 790808 59.92825 10.805196 20220 1178
1284498617 794668 59.928391 10.803382 1348 3860
1284498618 795889 59.928141 10.80301 84924 1220
1284498619 797008 59.928141 10.80301 17524 1119
1284498620 798012 59.927906 10.802645 18872 1004
1284498621 799092 59.927708 10.802329 21568 1080
1284498622 800112 59.927521 10.802016 17524 1020
1284498623 801196 59.927521 10.802016 21568 1084
1284498626 803452 59.92735 10.80171 12132 2256
1284498628 805492 59.927187 10.801421 48336 2040
1284498629 806552 59.927022 10.80115 13480 1060
1284498630 807597 59.927022 10.80115 24264 1045
1284498631 808776 59.92686 10.800896 22916 1179
1284498632 809836 59.926697 10.800661 20220 1060
1284498633 810857 59.926541 10.800428 20220 1021
1284498634 811880 59.926541 10.800428 20220 1023
1284498635 812936 59.926388 10.800216 20220 1056
1284498636 813956 59.92624 10.799987 20220 1020
1284498639 817060 59.926099 10.799761 2696 3104
1284498640 818120 59.926099 10.799761 45832 1060
1284498641 819160 59.925971 10.799539 53920 1040
1284498642 820164 59.925849 10.799298 18872 1004
1284498644 821244 59.925742 10.799065 20220 1080
1284498645 822285 59.925742 10.799065 20220 1041
1284498646 823344 59.925639 10.798832 21568 1059
1284498648 826144 59.925546 10.798584 5392 2800
1284498649 827224 59.925464 10.79834 59120 1080
1284498651 828284 59.925464 10.79834 17524 1060
1284498652 829309 59.925387 10.798095 20220 1025
1284498653 830344 59.925308 10.797834 20220 1035
1284498654 831388 59.925238 10.797593 20220 1044
1284498655 832448 59.925238 10.797593 21568 1060
1284498656 833529 59.925169 10.797352 20220 1081
1284498657 834568 59.9251 10.797111 20220 1039
1284498658 835608 59.925035 10.796856 20220 1040
1284498662 839528 59.925035 10.796856 8088 3920
1284498663 840816 59.924971 10.796615 44484 1288
1284498664 841852 59.924901 10.796374 56616 1036
1284498665 842856 59.92484 10.796136 20220 1004
1284498666 843912 59.92484 10.796136 20220 1056
1284498667 845076 59.924783 10.795899 20220 1164
1284498668 846133 59.924721 10.795661 22916 1057
1284498670 847676 59.924663 10.795441 1348 1543
1284498671 848816 59.924663 10.795441 18872 1140
1284498672 850120 59.92461 10.795242 38900 1304
1284498673 851236 59.924566 10.795046 12132 1116
1284498675 852281 59.924512 10.794865 14828 1045
1284498678 855761 59.924512 10.794865 16384 3480
1284498679 856840 59.924469 10.794704 67272 1078
1284498680 858001 59.924429 10.794547 20140 1161
1284498684 861584 59.924392 10.794407 29864 3583
1284498685 862824 59.924392 10.794407 31004 1240
1284498686 863884 59.924365 10.794289 55060 1060
1284498687 864945 59.924335 10.79417 14828 1061
1284498688 865969 59.924313 10.79409 24264 1024
1284498689 867108 59.924313 10.79409 18872 1139
1284498690 868188 59.924291 10.794009 20220 1080
1284498691 869224 59.924268 10.793946 22916 1036
1284498693 870444 59.924252 10.793905 20220 1220
1284498694 871468 59.924252 10.793905 21568 1024
1284498695 872572 59.924253 10.793887 16324 1104
1284498696 873988 59.924245 10.793884 1008 1416
1284498697 874989 59.924239 10.793863 14828 1001
1284498698 876008 59.924239 10.793863 20220 1019
1284498699 877152 59.924239 10.793863 20220 1144
1284498700 878156 59.924232 10.793859 13480 1004
1284498701 879208 59.924236 10.793859 21568 1052
1284498703 880273 59.924236 10.793859 20220 1065
1284498704 881276 59.924236 10.793859 20220 1003
1284498705 882472 59.924236 10.793859 20220 1196
1284498708 886172 59.924233 10.793856 20992 3700
1284498710 887456 59.924233 10.793856 28884 1284
1284498711 888496 59.924233 10.793856 57964 1038
1284498712 889537 59.924236 10.793874 17524 1041
1284498713 890580 59.924236 10.793874 21568 1043
1284498714 891696 59.924236 10.793874 17524 1116
1284498715 892740 59.924236 10.793874 22916 1044
1284498718 895956 59.924241 10.793874 6740 3216
1284498720 897620 59.924241 10.793874 64512 1664
1284498721 898684 59.924241 10.793874 10784 1062
1284498722 899780 59.924244 10.793891 18872 1096
1284498723 901044 59.924244 10.793891 18872 1264
1284498724 902060 59.924242 10.79387 17524 1016
1284498725 903064 59.924242 10.79387 18872 1004
1284498726 904144 59.924236 10.793849 16176 1080
1284498727 905200 59.924242 10.793832 18872 1056
1284498729 906265 59.924234 10.79379 20220 1065
1284498734 911348 59.924234 10.79379 6740 5083
1284498735 913068 59.924231 10.793734 32144 1720
1284498736 914148 59.92422 10.793675 56824 1080
1284498737 915208 59.924207 10.793594 9436 1060
1284498739 916392 59.924207 10.793594 8088 1184
1284498740 917733 59.924207 10.793594 9436 1339
1284498741 918948 59.924207 10.793594 10784 1215
1284498742 919992 59.924207 10.793594 8088 1044
1284498759 937125 59.924207 10.793594 16384 17132
1284498761 938624 59.924207 10.793594 111484 1499
1284498762 939704 59.924207 10.793594 10784 1080
1284498763 940924 59.924207 10.793594 12132 1220
1284498764 941964 59.924207 10.793594 9436 1040
1284498766 943329 59.924207 10.793594 10784 1364
1284498767 944504 59.924207 10.793594 9436 1175
1284498768 945549 59.924207 10.793594 16176 1045
1284498769 946608 59.924207 10.793594 18872 1059
1284498770 947748 59.924207 10.793594 17524 1140
1284498771 948768 59.924207 10.793594 21568 1020
1284498774 952032 59.924207 10.793594 8088 3264
1284498775 953052 59.924207 10.793594 37744 1020
1284498776 954072 59.924207 10.793594 51224 1020
1284498777 955073 59.924207 10.793594 18872 1001
1284498778 956117 59.924207 10.793594 17524 1044
1284498779 957173 59.924207 10.793594 18872 1056
1284498780 958216 59.924207 10.793594 18872 1043
1284498782 959257 59.924207 10.793594 20220 1041
1284498784 962177 59.924207 10.793594 6740 2918
1284498785 963236 59.924207 10.793594 41788 1059
1284498787 965060 59.924207 10.793594 42945 1824
1284498788 966116 59.924207 10.793594 16176 1056
1284498789 967136 59.924207 10.793594 18872 1020
1284498790 968180 59.924207 10.793594 18872 1044
1284498791 969220 59.924207 10.793594 20220 1040
1284498793 970261 59.924207 10.793594 20220 1041
1284498794 971300 59.924207 10.793594 20220 1039
1284498795 972325 59.924207 10.793594 20220 1025
1284498796 973344 59.924207 10.793594 18872 1019
1284498799 976860 59.924207 10.793594 10784 3516
1284498801 978365 59.924207 10.793594 48528 1505
1284498802 979444 59.924207 10.793594 60660 1079
1284498803 980464 59.924207 10.793594 20220 1020
1284498804 981509 59.924207 10.793594 17524 1045
1284498805 982549 59.924207 10.793594 17524 1040
1284498806 983565 59.924207 10.793594 17524 1016
1284498807 984588 59.924207 10.793594 18872 1023
1284498809 986508 59.924207 10.793594 4044 1920
1284498810 988048 59.924207 10.793594 40248 1540
1284498811 989108 59.924207 10.793594 18872 1060
1284498812 990172 59.924207 10.793594 18872 1064
1284498813 991192 59.924207 10.793594 20220 1020
1284498815 992256 59.924207 10.793594 21568 1064
1284498816 993312 59.924207 10.793594 18872 1056
1284498817 994352 59.924207 10.793594 18872 1040
1284498818 995473 59.924207 10.793594 20220 1121
1284498821 998952 59.924207 10.793594 5392 3479
1284498822 1000116 59.924207 10.793594 83576 1164
1284498824 1001772 59.924207 10.793594 2696 1656
1284498825 1002976 59.924207 10.793594 20220 1204
1284498826 1004081 59.924207 10.793594 17524 1105
1284498827 1005160 59.924207 10.793594 17524 1079
1284498829 1006341 59.924207 10.793594 17524 1181
1284498830 1007400 59.924207 10.793594 18872 1059
1284498831 1008600 59.924207 10.793594 18872 1200
1284498832 1009664 59.924207 10.793594 20220 1064
1284498833 1010700 59.924207 10.793594 17524 1036
1284498834 1011720 59.924207 10.793594 16176 1020
1284498837 1014500 59.924207 10.793594 17332 2780
1284498838 1015505 59.924207 10.793594 13480 1005
1284498839 1016508 59.924207 10.793594 20220 1003
1284498840 1017524 59.924207 10.793594 20220 1016
1284498841 1018544 59.924207 10.793594 18872 1020
1284498842 1019564 59.924207 10.793594 20220 1020
1284498847 1024628 59.924207 10.793594 16176 5064
1284498849 1026369 59.924207 10.793594 68172 1739
1284498850 1027448 59.924207 10.793594 10012 1079
