1284466544 208468 59.94413 10.846249 194304 1008
1284466574 239034 59.94413 10.846249 16384 30566
1284466579 244005 59.944062 10.846134 16384 4971
1284466580 245168 59.943994 10.845984 179792 1163
1284466581 246185 59.943925 10.845834 98496 1017
1284466582 247189 59.943925 10.845834 147744 1004
1284466583 248196 59.943847 10.845646 134064 1007
1284466584 249208 59.943776 10.84546 126424 1012
1284466585 250221 59.943685 10.845234 129960 1013
1284466586 251228 59.943685 10.845234 124488 1007
1284466587 252240 59.943584 10.845021 99064 1012
1284466588 253252 59.943482 10.844773 124488 1012
1284466590 254484 59.943381 10.844507 123088 1232
1284466591 255512 59.943381 10.844507 138768 1010
1284466592 256513 59.943268 10.844239 153216 1001
1284466593 257525 59.943161 10.843952 154584 1012
1284466594 258533 59.943035 10.84368 127792 1008
1284466595 259544 59.943035 10.84368 168264 1011
1284466596 260553 59.942916 10.84339 187416 1009
1284466597 261556 59.942796 10.843118 81280 1003
1284466598 262585 59.942684 10.842832 65664 1029
1284466605 270096 59.942684 10.842832 42376 7511
1284466612 276888 59.942563 10.84256 230424 6792
1284466613 277896 59.942443 10.842288 220248 1008
1284466614 278909 59.942322 10.842015 256384 1013
1284466615 279916 59.942322 10.842015 300960 1007
1284466616 280921 59.942209 10.841747 183880 1005
1284466617 281928 59.942088 10.841474 221616 1007
1284466618 282952 59.941972 10.841202 79912 1024
1284466619 283956 59.941972 10.841202 30096 1004
1284466620 284988 59.941856 10.84093 51984 1032
1284466621 286140 59.941746 10.840679 35568 1152
1284466622 287148 59.941642 10.84041 83448 1008
1284466623 288156 59.941642 10.84041 82080 1008
1284466624 289168 59.941544 10.840162 46512 1012
1284466625 290188 59.941457 10.839935 38304 1020
1284466626 291197 59.941382 10.839712 23824 1009
1284466627 292208 59.941382 10.839712 60192 1011
1284466628 293209 59.941302 10.839488 61560 1001
1284466629 294228 59.941235 10.839268 62928 1019
1284466630 295248 59.941235 10.839268 43776 1020
1284466631 296249 59.941235 10.839268 61560 1001
1284466632 297388 59.941092 10.838824 103168 1139
1284466633 298396 59.941008 10.838615 129960 1008
1284466634 299409 59.940942 10.83843 244872 1013
1284466636 300428 59.940942 10.83843 151048 1019
1284466637 301436 59.940895 10.838269 106704 1008
1284466638 302437 59.940844 10.838144 47880 1001
1284466639 303556 59.940806 10.838021 51984 1119
1284466640 304568 59.940806 10.838021 71136 1012
1284466641 305576 59.940768 10.837899 53920 1008
1284466642 306597 59.940732 10.837795 121752 1021
1284466643 307608 59.940704 10.837693 127224 1011
1284466644 308616 59.940704 10.837693 102600 1008
1284466645 309629 59.94068 10.837609 112744 1013
1284466646 310636 59.940663 10.837529 109440 1007
1284466647 311657 59.940643 10.837484 90288 1021
1284466648 312668 59.940643 10.837484 90288 1011
1284466649 313669 59.940623 10.837439 138736 1001
1284466650 314688 59.940626 10.837418 149112 1019
1284466651 315748 59.94063 10.837418 148312 1060
1284466652 316756 59.94063 10.837418 168264 1008
1284466653 317769 59.940627 10.837414 168264 1013
1284466654 318776 59.940636 10.837414 134632 1007
1284466655 319788 59.940639 10.837432 136800 1012
1284466656 320789 59.940639 10.837432 177840 1001
1284466657 321800 59.940644 10.837432 170200 1011
1284466658 322809 59.940644 10.837432 183312 1009
1284466659 323828 59.940648 10.837432 170200 1019
1284466660 324829 59.940648 10.837432 181944 1001
1284466661 325836 59.940648 10.837432 146944 1007
1284466662 326837 59.940653 10.837432 186048 1001
1284466663 327849 59.94066 10.837435 202464 1011
1284466664 328868 59.94066 10.837435 167461 1019
1284466665 329877 59.94066 10.837435 190152 1009
1284466666 330888 59.94066 10.837435 146947 1011
1284466667 331896 59.940668 10.837439 213408 1008
1284466668 333036 59.940668 10.837439 122320 1140
1284466669 334040 59.940668 10.837439 186048 1004
1284466670 335041 59.940668 10.837439 209304 1001
1284466671 336048 59.940672 10.837424 171568 1007
1284466672 337049 59.940672 10.837424 221616 1001
1284466673 338068 59.940672 10.837424 181144 1019
1284466674 339069 59.94068 10.837428 220248 1001
1284466675 340088 59.940675 10.837428 212608 1019
1284466676 341196 59.940675 10.837428 237232 1108
1284466677 342197 59.940675 10.837428 162792 1001
1284466678 343209 59.940679 10.837431 155952 1012
1284466702 367047 59.94068 10.837414 16384 23838
1284466724 389117 59.94068 10.837414 16384 22070
1284466752 417148 59.940676 10.837414 56720 28031
1284466753 418161 59.940676 10.837414 140904 1013
1284466754 419169 59.940676 10.837414 192888 1008
1284466755 420181 59.940676 10.837414 99064 1012
1284466756 421188 59.940676 10.837414 87552 1007
1284466757 422189 59.94068 10.837414 164160 1001
1284466758 423201 59.94068 10.837414 193456 1012
1284466759 424204 59.94068 10.837414 188784 1003
1284466760 425208 59.940672 10.83741 161992 1004
1284466761 426221 59.940668 10.837372 242136 1013
1284466762 427228 59.940651 10.83733 207136 1007
1284466763 428243 59.940651 10.83733 236664 1013
1284466764 429248 59.940628 10.837267 174304 1005
1284466765 430253 59.940596 10.837166 236664 1005
1284466766 431261 59.940568 10.837064 174304 1008
1284466767 432269 59.940568 10.837064 202464 1008
1284466768 433281 59.940517 10.836939 140904 1012
1284466769 434300 59.940473 10.836796 82648 1019
1284466770 435301 59.940421 10.836635 112176 1001
1284466771 436308 59.940421 10.836635 139536 1007
1284466772 437320 59.940366 10.836471 127792 1012
1284466773 438321 59.9403 10.836286 123120 1001
1284466774 439348 59.940226 10.836097 101232 1027
1284466775 440360 59.940226 10.836097 69768 1012
1284466776 441361 59.940141 10.835906 56088 1001
1284466777 442368 59.940047 10.835711 116848 1007
1284466778 443389 59.939942 10.835512 190152 1020
1284466779 444408 59.939942 10.835512 134632 1019
1284466781 445420 59.939837 10.835314 136800 1012
1284466782 446428 59.939715 10.835112 132696 1008
1284466783 447548 59.939586 10.834889 140104 1120
1284466784 448553 59.939586 10.834889 183312 1005
1284466785 449560 59.939449 10.83468 180576 1007
1284466786 450568 59.939321 10.834458 168832 1008
1284466787 451581 59.939178 10.834267 205200 1013
1284466788 452589 59.939178 10.834267 155152 1007
1284466789 453612 59.939048 10.834061 68400 1023
1284466790 454620 59.938905 10.833871 188784 1008
1284466791 455628 59.938766 10.83368 123688 1008
1284466792 456649 59.938766 10.83368 157320 1021
1284466793 457660 59.938623 10.833489 138168 1011
1284466794 458669 59.938483 10.833315 100432 1009
1284466795 459680 59.938339 10.833124 143640 1011
1284466796 460688 59.938339 10.833124 47880 1008
1284466797 461705 59.938198 10.832968 94392 1017
1284466816 481278 59.938053 10.832795 16384 19573
1284466835 499464 59.937904 10.832636 74472 18186
1284466836 500469 59.937904 10.832636 101232 1005
1284466837 501564 59.937758 10.83248 236664 1095
1284466838 502576 59.937602 10.832338 229024 1012
1284466839 503652 59.937452 10.832197 252280 1076
1284466840 504656 59.937452 10.832197 202464 1004
1284466841 505676 59.937296 10.832055 194256 1020
1284466842 506684 59.937147 10.831934 160624 1008
1284466843 507705 59.937006 10.831817 196992 1021
1284466844 508717 59.937006 10.831817 174304 1012
1284466845 509724 59.936868 10.831717 210672 1007
1284466846 510745 59.936725 10.831617 207136 1021
1284466847 511757 59.936586 10.831518 261288 1012
1284466848 512944 59.936586 10.831518 203032 1187
1284466849 513964 59.936455 10.831421 249544 1020
1284466850 514972 59.936329 10.831325 261288 1008
1284466851 515977 59.936215 10.831232 185248 1005
1284466852 516984 59.936215 10.831232 244872 1007
1284466853 517993 59.936107 10.83116 208504 1009
1284466854 518997 59.936 10.83107 222984 1004
1284466855 520004 59.935905 10.831001 209872 1007
1284466856 521005 59.935905 10.831001 253080 1001
1284466857 522017 59.935816 10.830936 211240 1012
1284466858 523104 59.93574 10.830874 177840 1087
1284466859 524117 59.935675 10.830833 81280 1013
1284466860 525205 59.935675 10.830833 124488 1088
1284466861 526217 59.935618 10.830778 142272 1012
1284466862 527324 59.935573 10.830743 122320 1107
1284466863 528336 59.935535 10.830712 142272 1012
1284466864 529344 59.935535 10.830712 147744 1008
1284466865 530393 59.935495 10.830699 119584 1049
1284466866 531412 59.935469 10.830671 108072 1019
1284466868 532432 59.935454 10.830664 90288 1020
1284466869 533445 59.935454 10.830664 91656 1013
1284466870 534564 59.935446 10.830661 119585 1119
1284466871 535565 59.935446 10.830661 124488 1001
1284466872 536604 59.935451 10.830661 56088 1039
1284466873 537612 59.935451 10.830661 69768 1008
1284466874 538677 59.935455 10.830661 67032 1065
1284466875 539685 59.935455 10.830661 83448 1008
1284466877 542244 59.93546 10.830661 22456 2559
1284466878 543245 59.93546 10.830661 105336 1001
1284466879 544257 59.935463 10.830679 168264 1012
1284466880 545396 59.935463 10.830679 122320 1139
1284466882 546424 59.935467 10.830679 77976 1028
1284466883 547437 59.935467 10.830679 62928 1013
1284466884 548444 59.935472 10.830679 181944 1007
1284466885 549445 59.935472 10.830679 138736 1001
1284466886 550452 59.935476 10.830679 140904 1007
1284466887 551456 59.935476 10.830679 132696 1004
1284466888 552464 59.935479 10.830696 116848 1008
1284466889 553476 59.935479 10.830696 143640 1012
1284466890 554484 59.935476 10.830693 145008 1008
1284466891 555504 59.935476 10.830693 159256 1020
1284466892 556516 59.935481 10.830693 151848 1012
1284466893 557524 59.935481 10.830693 128592 1008
1284466894 558525 59.935485 10.830693 103168 1001
1284466895 559537 59.935485 10.830693 113544 1012
1284466896 560544 59.935492 10.830714 134064 1007
1284466897 561552 59.935488 10.83071 119584 1008
1284466898 562564 59.935488 10.83071 158688 1012
1284466899 563573 59.935488 10.83071 179208 1009
1284466900 564592 59.935493 10.83071 110008 1019
1284466901 565612 59.935493 10.83071 123120 1020
1284466902 566624 59.935497 10.83071 129960 1012
1284466903 567644 59.935497 10.83071 133264 1020
1284466904 568652 59.935496 10.830728 169632 1008
1284466905 569665 59.935496 10.830728 143640 1013
1284466906 570672 59.9355 10.830728 123688 1007
1284466907 571684 59.9355 10.830728 113544 1012
1284466908 572705 59.935493 10.830724 106704 1021
1284466930 595033 59.935474 10.8307 16384 22328
1284467015 679996 59.935447 10.83069 127803 84963
1284467016 681052 59.935447 10.83069 12132 1056
1284467017 682057 59.935409 10.830659 14828 1005
1284467018 683193 59.93536 10.830607 13480 1135
1284467019 684196 59.935295 10.830566 14828 1003
1284467021 685576 59.935295 10.830566 8088 1380
1284467022 686916 59.935226 10.830507 13480 1340
1284467031 696153 59.935146 10.830445 16384 9237
1284467032 697252 59.935064 10.830362 61800 1099
1284467033 698356 59.935064 10.830362 20388 1104
1284467034 699416 59.934974 10.830262 18704 1059
1284467038 702712 59.934882 10.83014 6740 3296
1284467039 703892 59.934788 10.830001 26960 1180
1284467040 705052 59.934788 10.830001 59312 1160
1284467041 706096 59.934693 10.829862 14828 1044
1284467042 707297 59.934602 10.829688 17524 1201
1284467043 708337 59.934513 10.829532 18872 1040
1284467044 709352 59.934513 10.829532 10784 1015
1284467045 710392 59.934423 10.82934 14828 1040
1284467049 713656 59.934328 10.829148 8088 3264
1284467050 715172 59.934232 10.828936 37552 1516
1284467051 716192 59.934232 10.828936 12132 1020
1284467052 717412 59.934127 10.828723 14828 1220
1284467054 718432 59.934021 10.828472 13480 1020
1284467055 719433 59.933911 10.828221 10784 1001
1284467056 720436 59.933911 10.828221 12132 1003
1284467057 721493 59.933803 10.827952 12132 1057
1284467058 722593 59.9337 10.827666 13480 1100
1284467059 723632 59.93359 10.827376 13480 1039
1284467060 724733 59.93359 10.827376 13480 1101
1284467061 725753 59.933487 10.82709 12132 1020
1284467067 731716 59.933378 10.826783 13480 5963
1284467068 732796 59.933289 10.826482 74140 1080
1284467069 733852 59.933289 10.826482 13480 1056
1284467070 734932 59.933208 10.826185 13480 1080
1284467071 735976 59.933123 10.825885 9436 1044
1284467072 736996 59.933048 10.82557 16176 1020
1284467073 738052 59.933048 10.82557 13480 1056
1284467074 739072 59.932973 10.825256 13480 1020
1284467075 740252 59.932897 10.824941 13480 1180
1284467076 741332 59.932832 10.824647 14828 1080
1284467077 742412 59.932832 10.824647 10784 1080
1284467083 748292 59.93276 10.82435 2696 5880
1284467085 749752 59.932706 10.824077 35048 1460
1284467100 765152 59.932644 10.82384 37552 15400
1284467101 766413 59.932644 10.82384 8088 1261
1284467103 767476 59.932587 10.823602 6740 1063
1284467104 768812 59.932539 10.823403 6740 1336
1284467105 769936 59.932499 10.823207 5392 1124
1284467106 770953 59.932499 10.823207 4044 1017
1284467107 772252 59.932464 10.82305 8088 1299
1284467109 773512 59.932431 10.82291 5392 1260
1284467110 774557 59.932402 10.822774 5392 1045
1284467111 775712 59.932402 10.822774 4044 1155
1284467112 776792 59.932376 10.822655 4044 1027
1284467113 778052 59.932356 10.822557 9436 1260
1284467114 779092 59.932328 10.822456 8088 1040
1284467115 780112 59.932328 10.822456 5392 1020
1284467117 781476 59.932317 10.822396 5392 1364
1284467118 782477 59.932302 10.822337 2696 1001
1284467119 783917 59.932294 10.822295 4044 1440
1284467120 785092 59.932294 10.822295 4044 1175
1284467122 786573 59.932288 10.822274 1348 1481
1284467124 788836 59.932292 10.822274 4044 2263
1284467135 800100 59.932292 10.822274 2696 11264
1284467136 801284 59.932292 10.822274 12132 1184
1284467137 802300 59.932285 10.822271 13480 1016
1284467138 803340 59.932289 10.822271 11556 1040
1284467140 804444 59.932289 10.822271 14056 1104
1284467141 805584 59.932289 10.822271 18016 1139
1284467145 809504 59.932289 10.822271 2696 3920
1284467146 810864 59.932294 10.822271 46896 1360
1284467148 813029 59.932286 10.822267 24056 2162
1284467149 814080 59.932286 10.822267 17524 1051
1284467150 815084 59.932286 10.822267 16176 1004
1284467151 816105 59.932281 10.822267 16176 1021
1284467152 817164 59.932281 10.822267 18872 1059
1284467153 818224 59.932281 10.822267 18872 1060
1284467157 822001 59.932281 10.822267 13480 3777
1284467159 823480 59.932281 10.822267 60468 1478
1284467160 824560 59.932281 10.822267 14828 1080
1284467161 825640 59.932281 10.822267 18872 1080
1284467162 826665 59.932286 10.822267 16176 1025
1284467163 827940 59.932284 10.822285 17524 1275
1284467164 829140 59.932289 10.822285 24264 1200
1284467165 830244 59.932289 10.822285 16176 1104
1284467167 831420 59.932281 10.822281 18872 1176
1284467168 832680 59.932281 10.822281 25612 1260
1284467169 833700 59.932286 10.822281 18872 1020
1284467173 837760 59.932286 10.822281 9436 4060
1284467174 838765 59.932286 10.822281 43136 1003
1284467175 839784 59.932281 10.822243 56616 1019
1284467176 840824 59.932269 10.822201 22916 1040
1284467177 841844 59.932269 10.822201 20220 1020
1284467178 842880 59.932258 10.822142 20220 1036
1284467179 843901 59.932236 10.822061 20220 1021
1284467181 845504 59.932216 10.821963 2696 1603
1284467214 878561 59.932216 10.821963 42944 33057
1284467215 879684 59.932186 10.821845 22916 1123
1284467216 880704 59.932155 10.821687 29656 1020
1284467217 881825 59.932119 10.82153 29656 1121
1284467218 882865 59.932119 10.82153 28308 1040
1284467219 883901 59.932073 10.821352 28308 1036
1284467220 884908 59.932034 10.821177 22916 1007
1284467224 888665 59.931984 10.82096 18872 3757
1284467225 890324 59.931984 10.82096 97096 1657
1284467226 891360 59.931936 10.820747 17484 1036
1284467227 892364 59.931886 10.820512 25612 1004
1284467228 893365 59.931825 10.820275 26960 1001
1284467230 895320 59.931825 10.820275 17524 1955
1284467231 896386 59.931765 10.82002 13480 1065
1284467233 897445 59.931706 10.819747 33508 1059
1284467234 898604 59.93164 10.819471 14828 1159
1284467235 899685 59.93164 10.819471 29656 1081
1284467236 900780 59.931562 10.819191 22916 1095
1284467237 901800 59.931483 10.818912 24264 1020
1284467238 902944 59.931384 10.818643 28308 1144
1284467239 904060 59.931384 10.818643 25612 1116
1284467240 905080 59.931272 10.818371 21568 1020
1284467245 910300 59.931162 10.818134 10784 5220
1284467246 911321 59.93104 10.817894 103796 1021
1284467248 912481 59.93104 10.817894 17524 1160
1284467249 913484 59.93091 10.817689 21568 1003
1284467250 914581 59.930773 10.81748 29656 1097
1284467252 916529 59.930641 10.817293 22916 1948
1284467253 917881 59.930641 10.817293 33508 1352
1284467254 919109 59.930503 10.817102 16176 1227
1284467255 920200 59.930365 10.816894 22916 1091
1284467256 921241 59.930222 10.816703 28308 1041
1284467257 922260 59.930222 10.816703 21568 1019
1284467258 923304 59.930092 10.816498 22916 1044
1284467259 924324 59.929963 10.816293 21568 1020
1284467261 925453 59.929836 10.816052 18872 1128
1284467262 926504 59.929836 10.816052 24264 1049
1284467267 931860 59.929709 10.815812 9436 5356
1284467268 932980 59.929605 10.815544 109188 1120
1284467269 934364 59.929501 10.815275 16176 1384
1284467270 935400 59.929501 10.815275 14828 1036
1284467272 936584 59.929402 10.815006 12132 1184
1284467273 937680 59.929312 10.814706 21568 1096
1284467274 938700 59.929222 10.814423 17524 1020
1284467276 941081 59.929222 10.814423 16384 2381
1284467290 954524 59.929152 10.814091 15776 13443
1284467291 955664 59.929097 10.813783 14828 1140
1284467292 956745 59.929041 10.813475 20220 1081
1284467293 957824 59.929041 10.813475 18872 1079
1284467294 958928 59.928988 10.813185 16176 1104
1284467295 959964 59.928951 10.812901 14828 1036
1284467296 961048 59.928915 10.812653 13480 1084
1284467297 962188 59.928915 10.812653 17524 1140
1284467298 963224 59.928882 10.812408 16176 1036
1284467299 964228 59.928854 10.812163 18872 1004
1284467300 965264 59.928825 10.811935 14828 1036
1284467301 966348 59.928825 10.811935 20220 1084
1284467307 971728 59.928795 10.811708 5184 5380
1284467308 972745 59.928777 10.811483 88036 1017
1284467309 973828 59.928755 10.811259 28100 1083
1284467310 974924 59.928755 10.811259 14828 1096
1284467311 975984 59.928726 10.811032 16176 1060
1284467312 977024 59.928705 10.81079 14828 1040
1284467313 978144 59.928683 10.810566 13480 1120
1284467316 981068 59.928683 10.810566 6740 2924
1284467317 982088 59.928661 10.810341 36204 1020
1284467318 983369 59.928648 10.810103 20220 1279
1284467319 984384 59.928641 10.809886 20220 1015
1284467321 985449 59.928641 10.809886 14828 1065
1284467322 986485 59.928619 10.809661 13480 1036
1284467323 987524 59.928602 10.809423 17524 1039
1284467324 988529 59.928581 10.809181 13480 1005
1284467325 989584 59.928581 10.809181 17524 1055
1284467326 990668 59.928556 10.808939 17524 1084
1284467327 991784 59.928536 10.808698 16176 1116
1284467328 992824 59.928515 10.808456 16176 1040
1284467334 998608 59.928515 10.808456 16176 5784
1284467335 999644 59.928482 10.808211 8860 1036
1284467336 1000724 59.928453 10.807983 27536 1080
1284467337 1001784 59.928453 10.807983 6740 1060
1284467338 1002788 59.928453 10.807983 55268 1004
1284467339 1004084 59.928453 10.807983 14828 1296
1284467340 1005164 59.928453 10.807983 13480 1080
1284467342 1006485 59.928453 10.807983 9436 1321
1284467343 1007828 59.928453 10.807983 10784 1343
1284467344 1009268 59.928453 10.807983 13480 1440
1284467345 1010388 59.928453 10.807983 21568 1120
1284467347 1011508 59.928453 10.807983 17524 1120
1284467348 1012708 59.928453 10.807983 21568 1200
1284467349 1013868 59.928209 10.806089 6548 1160
1284467350 1014884 59.928163 10.805911 13480 1014
1284467351 1015886 59.928136 10.80574 17524 1001
1284467352 1017028 59.928136 10.80574 20220 1142
1284467353 1018104 59.928119 10.805607 13480 1076
1284467354 1019229 59.928113 10.805494 18872 1125
1284467355 1020344 59.928105 10.8054 20220 1115
1284467357 1021433 59.928105 10.8054 18872 1089
1284467358 1022488 59.928098 10.805326 16176 1055
1284467359 1023489 59.928094 10.805288 15600 1001
1284467364 1029104 59.928088 10.805267 5392 5615
1284467365 1030149 59.928088 10.805267 31988 1045
1284467367 1031564 59.928085 10.805249 64296 1415
1284467368 1032584 59.928077 10.805246 6740 1020
1284467369 1033764 59.928071 10.805264 10784 1180
1284467370 1035024 59.928071 10.805264 12132 1260
1284467371 1036148 59.928063 10.80526 18872 1124
1284467372 1037308 59.928059 10.80526 17524 1160
1284467373 1038328 59.928047 10.805257 20220 1020
1284467374 1039348 59.928047 10.805257 13480 1020
1284467375 1040412 59.928042 10.805257 17524 1062
1284467377 1041445 59.92803 10.805254 12132 1033
1284467378 1042464 59.928026 10.805254 13480 1019
1284467400 1064989 59.928026 10.805254 9244 22525
1284467401 1066128 59.928021 10.805254 6740 1139
1284467402 1067228 59.928015 10.805233 9436 1100
1284467404 1068428 59.92801 10.805233 10784 1199
1284467405 1069688 59.92801 10.805233 17524 1259
1284467406 1070872 59.928006 10.805233 18872 1184
1284467407 1071948 59.928006 10.805233 16176 1076
1284467408 1073009 59.927994 10.805229 16176 1061
1284467409 1074024 59.927994 10.805229 17524 1015
1284467410 1075044 59.927994 10.805229 10784 1020
1284467411 1076068 59.927989 10.805229 9436 1024
1284467413 1077433 59.927977 10.805226 9436 1365
1284467414 1078568 59.927977 10.805226 8088 1135
