1296579658 482995 59.954649 10.866847 100017 1010
1296579659 484098 59.954649 10.866847 16384 1103
1296579660 485115 59.954658 10.866832 267274 1017
1296579661 486116 59.954658 10.866832 149112 1001
1296579662 487136 59.954658 10.866832 115712 1020
1296579663 488145 59.954665 10.866836 114254 1009
1296579664 489155 59.954665 10.866836 122358 1010
1296579665 490156 59.954661 10.866836 117195 1001
1296579666 491165 59.954661 10.866836 139327 1009
1296579667 492255 59.954667 10.866818 116364 1090
1296579668 493475 59.954662 10.866818 156678 1220
1296579669 494486 59.954644 10.866794 177350 1011
1296579670 495518 59.954644 10.866794 80450 1032
1296579672 496695 59.954644 10.866794 79886 1177
1296579673 498181 59.954554 10.866707 137608 1486
1296579674 499184 59.954512 10.866676 202661 1003
1296579675 500195 59.954449 10.866638 128973 1011
1296579676 501205 59.954379 10.866597 68400 1010
1296579677 502227 59.954299 10.866535 27360 1022
1296579678 503335 59.954206 10.86647 36936 1108
1296579679 504355 59.954094 10.866397 21834 1020
1296579680 505365 59.953983 10.866308 32832 1010
1296579681 506395 59.953866 10.866197 35568 1030
1296579682 507435 59.953735 10.8661 17784 1040
1296579683 508505 59.953455 10.865883 25992 1070
1296579684 509515 59.953314 10.865765 20520 1010
1296579685 510524 59.953314 10.865765 59654 1009
1296579687 511645 59.953009 10.865502 76658 1121
1296579688 512665 59.952854 10.865361 65664 1020
1296579689 513765 59.952854 10.865361 20520 1100
1296579690 514795 59.95251 10.864993 55625 1030
1296579691 515805 59.952352 10.864795 120707 1010
1296579692 516806 59.952352 10.864795 183302 1001
1296579693 517815 59.952044 10.864347 172179 1009
1296579694 518935 59.951923 10.864089 191693 1120
1296579695 519945 59.951845 10.863809 149368 1010
1296579696 521085 59.951774 10.863494 177854 1139
1296579697 522095 59.951712 10.863165 187583 1010
1296579698 523105 59.951672 10.862825 183361 1010
1296579699 524106 59.951636 10.862485 170863 1001
1296579700 525115 59.951607 10.862148 161274 1009
1296579701 526395 59.951589 10.861833 191246 1002
1296579702 527405 59.951548 10.861258 161377 1010
1296579704 528624 59.951548 10.861258 180150 1219
1296579705 529626 59.951515 10.860739 187876 1002
1296579706 530627 59.951502 10.8605 190365 1001
1296579707 531685 59.951502 10.8605 146559 1058
1296579708 532695 59.951481 10.860075 181098 1010
1296579709 533696 59.951471 10.859893 214403 1001
1296579710 534835 59.951471 10.859893 189903 1139
1296579711 536195 59.951456 10.859581 197630 1360
1296579712 537215 59.951442 10.859451 226699 1020
1296579713 538225 59.951439 10.859342 140822 1010
1296579714 539235 59.951434 10.859251 192846 1010
1296579715 540255 59.951436 10.859181 146650 1020
1296579716 541265 59.951441 10.85911 171912 1010
1296579717 542305 59.95144 10.859075 123837 1040
1296579718 543306 59.95144 10.859075 218654 1001
1296579719 544314 59.951449 10.859061 149822 1008
1296579720 545315 59.951444 10.859061 226847 1001
1296579721 546325 59.951452 10.859064 154890 1010
1296579723 547568 59.95146 10.859068 229517 1242
1296579724 548575 59.95146 10.859068 222914 1007
1296579725 549675 59.95146 10.859068 83358 1100
1296579726 550685 59.951469 10.859054 167145 1010
1296579727 551695 59.951467 10.859071 150869 1010
1296579728 552708 59.951467 10.859071 161424 1013
1296579729 553714 59.951472 10.859071 138960 1006
1296579730 554725 59.951479 10.859075 167207 1011
1296579731 555874 59.951479 10.859075 164886 1149
1296579732 557104 59.951479 10.859075 226971 1229
1296579733 558105 59.951479 10.859075 176454 1001
1296579734 559224 59.951479 10.859075 123120 1119
1296579735 560235 59.951476 10.859057 170603 1011
1296579736 561244 59.951479 10.859022 133097 1009
1296579737 562457 59.951477 10.858857 137092 1212
1296579738 563474 59.951471 10.858745 172810 1017
1296579739 564475 59.951471 10.858745 126132 1001
1296579740 565485 59.951452 10.858447 94815 1010
1296579741 566505 59.951437 10.858278 109440 1020
1296579742 567514 59.951437 10.858278 82282 1009
1296579743 568534 59.951386 10.857879 83703 1020
1296579744 569546 59.951355 10.857669 63697 1012
1296579745 570554 59.951355 10.857669 69830 1008
1296579747 571571 59.951279 10.857224 118599 1017
1296579748 572804 59.951228 10.857007 87911 1233
1296579749 573874 59.951228 10.857007 12312 1070
1296579750 574884 59.951104 10.856602 84640 1010
1296579751 575904 59.951032 10.856434 46512 1020
1296579752 576914 59.950951 10.856242 64296 1010
1296579753 577915 59.950864 10.856068 63112 1001
1296579754 578924 59.950771 10.855911 103968 1009
1296579755 579994 59.950681 10.855772 62928 1070
1296579756 581245 59.950586 10.855633 6840 1251
1296579757 582254 59.950481 10.855526 72818 1009
1296579758 583324 59.95037 10.855436 133493 1070
1296579759 584334 59.950256 10.855343 142272 1010
1296579760 585354 59.950142 10.855288 78108 1020
1296579761 586554 59.949898 10.85519 78513 1200
1296579763 587574 59.949781 10.85517 91656 1020
1296579764 588584 59.949781 10.85517 68300 1010
1296579765 589585 59.9496368333333 10.8551445 72504 1001
1296579766 590614 59.9494926666667 10.855119 24624 1029
1296579767 591814 59.9493485 10.8550935 4104 1200
1296579768 592834 59.9492043333333 10.855068 42408 1020
1296579769 593884 59.9490601666667 10.8550425 10944 1050
1296579770 594894 59.948916 10.855017 38449 1010
1296579771 595914 59.948785 10.854973 50616 1020
1296579772 596934 59.948665 10.854898 57456 1020
1296579773 597983 59.948552 10.854787 34200 1049
1296579774 598985 59.948453 10.854662 20592 1002
1296579775 599994 59.94836 10.854519 30096 1009
1296579776 601033 59.948272 10.854377 32832 1039
1296579777 602044 59.948195 10.854224 46512 1011
1296579778 603394 59.948117 10.854049 30659 1350
1296579779 604424 59.94797 10.853672 46512 1030
1296579780 605434 59.947897 10.853484 47415 1010
1296579781 606443 59.947897 10.853484 56088 1009
1296579782 607445 59.947766 10.853096 39672 1002
1296579783 608454 59.947696 10.852911 41204 1009
1296579784 609464 59.947696 10.852911 84816 1010
1296579785 610465 59.947566 10.852523 70062 1001
1296579786 611484 59.9475 10.852338 87552 1019
1296579787 612514 59.9475 10.852338 58416 1030
1296579788 613533 59.947362 10.851947 47880 1019
1296579790 614564 59.947296 10.851762 50616 1031
1296579791 615571 59.947296 10.851762 70453 1006
1296579792 616574 59.947163 10.851371 146101 1003
1296579793 617624 59.947097 10.851186 21645 1050
1296579794 618713 59.947097 10.851186 31464 1089
1296579795 619733 59.946967 10.850798 27360 1020
1296579796 620834 59.946893 10.850609 61560 1101
1296579797 621854 59.946827 10.850424 51079 1020
1296579798 623483 59.946689 10.850033 98527 1629
1296579799 624493 59.946689 10.850033 79344 1009
1296579800 625494 59.946541 10.849674 70095 1001
1296579802 626634 59.946466 10.849503 85014 1140
1296579803 627644 59.946466 10.849503 97128 1010
1296579804 628654 59.946289 10.84919 77414 1010
1296579805 629664 59.946191 10.849047 107202 1010
1296579806 630683 59.946191 10.849047 99621 1019
1296579807 631694 59.945999 10.848818 107135 1011
1296579808 632708 59.945908 10.848697 102326 1014
1296579809 633904 59.945908 10.848697 113010 1196
1296579810 634905 59.945719 10.848485 120384 1001
1296579811 636083 59.945618 10.848378 100415 1178
1296579812 637104 59.945507 10.84825 97128 1021
1296579813 638124 59.945402 10.848143 114912 1020
1296579814 639133 59.945303 10.848018 91183 1009
1296579815 640134 59.945204 10.847893 129960 1001
1296579816 641144 59.945106 10.84775 99858 1009
1296579817 642304 59.945021 10.847611 89073 1160
1296579818 643313 59.944944 10.847458 99200 1008
1296579819 644333 59.944874 10.847325 101035 1020
1296579821 645744 59.944804 10.847193 124474 1411
1296579822 646873 59.944694 10.846995 124034 1129
1296579823 647884 59.944653 10.846907 132696 1011
1296579824 648904 59.944616 10.84682 96265 1020
1296579825 649913 59.944581 10.846754 113649 1009
1296579826 650945 59.944556 10.846709 107409 1032
1296579827 651973 59.944543 10.846685 100651 1028
1296579828 653183 59.944532 10.846664 116593 1210
1296579829 654184 59.944538 10.846646 117648 1001
1296579830 655193 59.944538 10.846646 76813 1009
1296579831 656423 59.944539 10.846629 116781 1230
1296579832 657433 59.944539 10.846629 135432 1010
1296579833 658443 59.944544 10.846629 106332 1010
1296579834 659465 59.944544 10.846629 113228 1022
1296579836 660573 59.944544 10.846629 142435 1108
1296579837 661583 59.944544 10.846629 151848 1010
1296579838 662584 59.944544 10.846629 117216 1001
1296579839 663593 59.944544 10.846629 108485 1009
1296579840 664603 59.944556 10.846632 108414 1010
1296579841 665623 59.944556 10.846632 93387 1020
1296579842 666813 59.944556 10.846632 133583 1190
1296579843 667814 59.94456 10.846632 145008 1001
1296579844 668824 59.94456 10.846632 119762 1010
1296579845 669834 59.94456 10.846632 128195 1010
1296579846 670843 59.94456 10.846632 156920 1009
1296579847 671864 59.94456 10.846632 146291 1021
1296579848 672873 59.944565 10.846632 154873 1009
1296579849 673934 59.944565 10.846632 134335 1061
1296579850 674944 59.944556 10.846593 161039 1010
1296579851 675963 59.944542 10.846569 157947 1019
1296579852 676973 59.944514 10.846506 163201 1010
1296579853 678043 59.944484 10.84644 153594 1070
1296579854 679044 59.944441 10.846371 151848 1001
1296579855 680053 59.944397 10.846266 87779 1009
1296579856 681062 59.944337 10.846154 103968 1009
1296579857 682073 59.944267 10.846022 84334 1011
1296579858 683083 59.944198 10.845872 115517 1010
1296579859 684084 59.944117 10.845719 153216 1001
1296579860 685093 59.94403 10.845545 82057 1009
1296579861 686433 59.943847 10.845158 89613 1340
1296579863 687613 59.943847 10.845158 147194 1180
1296579864 688622 59.943637 10.84469 61560 1009
1296579865 690152 59.943524 10.844436 83952 1530
1296579866 691163 59.943411 10.844181 147055 1011
1296579867 692173 59.94329 10.843923 214649 1010
1296579868 693283 59.943174 10.843651 194165 1110
1296579869 694303 59.943061 10.843396 190339 1020
1296579870 695422 59.942827 10.842884 175324 1119
1296579871 696423 59.942827 10.842884 209889 1001
1296579872 697443 59.942598 10.842371 131608 1020
1296579873 698453 59.942485 10.842117 216097 1010
1296579874 699463 59.942485 10.842117 158140 1010
1296579875 700533 59.94226 10.84159 200631 1070
1296579876 701543 59.942147 10.841335 212596 1010
1296579878 702564 59.942147 10.841335 236809 1021
1296579879 703693 59.941925 10.840826 209849 1129
1296579880 704694 59.94182 10.840575 176738 1001
1296579881 705712 59.94182 10.840575 155499 1018
1296579882 706713 59.941633 10.840079 217121 1001
1296579883 707714 59.941548 10.839831 182549 1001
1296579884 708723 59.941548 10.839831 171487 1009
1296579885 709733 59.941391 10.839381 135727 1010
1296579886 710743 59.9413186666667 10.8391573333333 143963 1010
1296579887 712123 59.9412463333333 10.8389336666667 109656 1380
1296579888 713132 59.941174 10.83871 145550 1009
1296579889 714133 59.941134 10.838553 132762 1001
1296579890 715142 59.941096 10.838431 114854 1009
1296579891 716162 59.941077 10.838315 89669 1020
1296579892 717163 59.941057 10.838217 78357 1001
1296579893 718172 59.941036 10.838137 103968 1009
1296579894 719182 59.941025 10.838077 54758 1010
1296579895 720183 59.941013 10.838036 69543 1001
1296579896 721272 59.941008 10.837997 58824 1089
1296579897 722502 59.941012 10.837997 21888 1230
1296579898 723516 59.941012 10.837997 72912 1014
1296579899 724532 59.941017 10.837997 62461 1016
1296579901 725743 59.941017 10.837997 75968 1211
1296579902 726752 59.941017 10.837997 84816 1009
1296579903 727762 59.94102 10.838015 72171 1010
1296579904 728796 59.941024 10.838015 84701 1034
1296579905 729802 59.941024 10.838015 101232 1006
1296579906 730803 59.941024 10.838015 73428 1001
1296579908 732612 59.941029 10.838015 15048 1809
1296579909 733632 59.941046 10.838018 92292 1020
1296579910 734642 59.941046 10.838018 71136 1010
1296579919 743979 59.941046 10.838018 52076 9337
1296579920 744989 59.940966 10.837837 32832 1010
1296579921 746079 59.940933 10.837736 42408 1090
1296579922 747368 59.940903 10.837617 51952 1289
1296579923 748369 59.940867 10.837498 61893 1001
1296579924 749419 59.940763 10.837177 84784 1050
1296579925 750468 59.940763 10.837177 85208 1049
1296579926 751478 59.940642 10.836813 69768 1010
1296579927 752479 59.940573 10.836611 63627 1001
1296579929 753998 59.940573 10.836611 64296 1519
1296579930 754999 59.940401 10.836192 83213 1001
1296579931 756019 59.940292 10.835976 176318 1020
1296579932 757029 59.940173 10.835739 183011 1010
1296579933 758040 59.940051 10.835499 188278 1011
1296579934 759249 59.939918 10.835276 202932 1209
1296579935 760299 59.939782 10.83505 186289 1050
1296579936 761468 59.939509 10.834601 202560 1169
1296579938 763400 59.939509 10.834601 41040 1932
1296579941 766368 59.939095 10.833996 31464 2968
1296579942 767384 59.93881 10.833597 119016 1016
1296579943 768398 59.938657 10.83342 56900 1014
1296579944 769549 59.938369 10.833055 47171 1151
1296579946 770568 59.938217 10.832879 62586 1019
1296579947 771578 59.938217 10.832879 68132 1010
1296579948 772589 59.937917 10.832564 74012 1010
1296579949 773809 59.937771 10.832408 96641 1220
1296579950 774839 59.937771 10.832408 105793 1030
1296579951 776009 59.937476 10.832131 64931 1170
1296579952 777108 59.937328 10.831993 123488 1099
1296579953 778109 59.937187 10.831876 159505 1001
1296579954 779139 59.937053 10.831762 139160 1030
1296579955 780140 59.93691 10.831662 137810 1001
1296579956 781149 59.936776 10.831548 119174 1009
1296579957 782178 59.936645 10.831452 117488 1029
1296579958 783388 59.936527 10.831358 102377 1210
1296579961 786348 59.936416 10.831269 2736 2960
1296579962 787468 59.936039 10.830986 25877 1120
1296579964 788619 59.935969 10.830945 65233 1151
1296579965 789968 59.935969 10.830945 74724 1349
1296579966 790969 59.93587 10.830859 117344 1001
1296579967 791970 59.935827 10.830828 97666 1001
1296579968 793048 59.9358 10.830818 112175 1078
1296579969 794049 59.93578 10.830811 143292 1001
1296579970 795050 59.935773 10.830808 149277 1001
1296579971 796148 59.935777 10.830808 116239 1098
1296579972 797149 59.935769 10.830804 176574 1001
1296579973 798158 59.935774 10.830804 148929 1009
1296579974 799309 59.935765 10.830819 134014 1151
1296579975 800319 59.935769 10.830819 147616 1010
1296579976 801328 59.935762 10.830815 113482 1009
1296579977 802498 59.935766 10.830815 144490 1170
1296579978 803508 59.935757 10.830829 163605 1010
1296579979 804509 59.935757 10.830829 139100 1001
1296579980 805510 59.935762 10.830829 141871 1001
1296579981 806528 59.935759 10.830826 106829 1018
1296579982 807537 59.935759 10.830826 109482 1009
1296579983 808538 59.935757 10.830844 113138 1001
1296579985 809739 59.935757 10.830844 108230 1201
1296579986 810748 59.935757 10.830844 137011 1009
1296579987 811758 59.935762 10.830844 134339 1010
1296579988 812768 59.935754 10.83084 116148 1010
1296579989 813778 59.935754 10.83084 100409 1010
1296579990 814788 59.935731 10.830816 143682 1010
1296579991 815798 59.935713 10.830792 120233 1010
1296579992 817058 59.935713 10.830792 102686 1260
1296579993 818060 59.935653 10.830719 173885 1002
1296579994 819068 59.935615 10.830688 138134 1008
1296579995 820077 59.935553 10.83065 112528 1009
1296579996 821088 59.935472 10.830588 138424 1011
1296579997 822089 59.93538 10.830523 98340 1001
1296579998 823098 59.935281 10.830436 145597 1009
1296579999 824118 59.935176 10.830329 138597 1020
1296580000 825128 59.935066 10.830222 77605 1010
1296580001 826138 59.934967 10.830097 118138 1010
1296580002 827380 59.934865 10.829955 131045 1242
1296580003 828388 59.934764 10.829795 140507 1007
1296580004 829398 59.934673 10.829621 108631 1009
1296580005 830468 59.934471 10.82921 86141 1070
1296580006 831469 59.934471 10.82921 144628 1001
1296580007 832478 59.934252 10.828757 111962 1009
1296580008 833498 59.934139 10.828502 93144 1020
1296580009 834500 59.934139 10.828502 118005 1001
1296580010 835508 59.933931 10.827979 103319 1008
1296580011 836527 59.933824 10.827707 60530 1019
1296580013 837917 59.933824 10.827707 21888 1390
1296580019 843632 59.933616 10.827184 16384 5714
1296580020 845471 59.933356 10.826314 12105 1839
1296580022 846661 59.933068 10.825161 124862 1190
1296580023 847762 59.932951 10.82463 116674 1101
1296580024 848821 59.932898 10.824392 117035 1059
1296580025 850022 59.932849 10.824158 124264 1201
1296580026 851191 59.932801 10.823959 132634 1169
1296580027 852325 59.932764 10.82378 110897 1134
1296580028 853461 59.93269 10.823462 125962 1136
1296580029 854542 59.932657 10.823323 113105 1081
1296580031 855722 59.932657 10.823323 137952 1180
1296580032 856972 59.932612 10.823088 137035 1250
1296580033 857982 59.932595 10.823008 124082 1010
1296580034 859452 59.93258 10.822948 109770 1470
1296580036 860601 59.932563 10.822868 120586 1149
1296580037 861611 59.932563 10.822868 78309 1009
1296580038 862612 59.932563 10.822868 108098 1001
1296580039 863621 59.932561 10.822886 109335 1009
1296580040 864622 59.932561 10.822886 104396 1001
1296580041 865851 59.93257 10.822886 101561 1229
1296580042 867001 59.93257 10.822886 138066 1150
1296580043 868011 59.932575 10.822886 153795 1010
1296580044 869031 59.932575 10.822886 111745 1020
1296580045 870541 59.932579 10.822886 155957 1510
1296580046 871542 59.932578 10.822903 141337 1001
1296580047 872551 59.932583 10.822903 108488 1009
1296580049 873563 59.932583 10.822903 67435 1012
1296580050 874901 59.932583 10.822903 102600 1338
1296580051 875911 59.932587 10.822903 108200 1010
1296580052 876921 59.932587 10.822903 117683 1010
1296580053 877931 59.932587 10.822903 132325 1010
1296580054 878932 59.932579 10.8229 118876 1001
1296580055 880091 59.932581 10.822882 143065 1159
1296580056 881231 59.932564 10.82284 153997 1140
1296580057 882391 59.932547 10.822799 145759 1159
1296580058 883411 59.932538 10.822722 149112 1020
1296580059 884421 59.93249 10.822522 89842 1010
1296580060 885422 59.93249 10.822522 97049 1001
1296580061 886441 59.932422 10.822225 119016 1019
1296580062 887451 59.932387 10.822068 72043 1009
1296580063 888471 59.932387 10.822068 61560 1020
1296580064 889481 59.932345 10.82189 80788 1010
1296580065 890492 59.932246 10.821474 145231 1011
1296580066 891522 59.932246 10.821474 123120 1030
1296580067 892531 59.932146 10.821023 117689 1008
1296580068 893541 59.932092 10.82075 198044 1010
1296580069 894542 59.932092 10.82075 178991 1001
1296580070 895551 59.931971 10.820201 123506 1009
1296580072 896561 59.931898 10.819922 161200 1010
1296580073 897572 59.931898 10.819922 155245 1010
1296580074 898581 59.931736 10.819324 159727 1009
1296580075 899591 59.93165 10.819041 125803 1010
1296580076 900632 59.93165 10.819041 89916 1041
1296580077 901641 59.931436 10.818497 74543 1009
1296580078 902651 59.931323 10.818243 129960 1010
1296580079 903660 59.931323 10.818243 98282 1009
1296580080 904681 59.931059 10.817794 100801 1021
1296580081 905701 59.930924 10.817589 76159 1020
1296580082 906720 59.930924 10.817589 79344 1019
1296580083 907742 59.930644 10.81719 41708 1022
1296580084 908751 59.930501 10.816999 53352 1009
1296580085 909771 59.930501 10.816999 101925 1020
1296580086 910781 59.930216 10.8166 186767 1010
1296580087 911871 59.930087 10.816377 190165 1090
1296580088 912881 59.929961 10.816137 157787 1010
1296580089 913891 59.92984 10.815879 143246 1010
1296580090 914901 59.929727 10.815625 125206 1010
1296580091 915961 59.929727 10.815625 97465 1060
1296580092 917142 59.929533 10.815056 118462 1181
1296580093 918150 59.929449 10.814755 225172 1007
1296580094 919181 59.929372 10.814458 167344 1031
1296580095 920290 59.929307 10.814165 211703 1109
1296580096 921292 59.929262 10.813878 204095 1001
1296580097 922301 59.929213 10.813591 146968 1009
1296580098 923310 59.929171 10.813321 217453 1009
1296580099 924311 59.929138 10.813076 98496 1001
1296580100 925320 59.929101 10.812845 84556 1009
1296580101 926321 59.929071 10.812618 95779 1001
1296580102 927330 59.929047 10.812411 140520 1009
1296580103 928371 59.929018 10.812184 76966 1040
1296580104 929380 59.928999 10.811977 66664 1009
1296580105 930391 59.928969 10.811749 121391 1011
1296580106 931401 59.928947 10.811525 172997 1010
1296580107 932440 59.928903 10.811077 183574 1039
1296580108 933450 59.928903 10.811077 86393 1009
1296580109 934460 59.928851 10.810625 109440 1010
1296580110 935470 59.928829 10.810401 57972 1010
1296580111 936490 59.928829 10.810401 78165 1020
1296580112 937500 59.92877 10.809984 72504 1010
1296580113 938510 59.928747 10.809778 54129 1009
1296580114 939530 59.928747 10.809778 57456 1020
1296580115 940550 59.928704 10.809364 64296 1020
1296580117 941573 59.928688 10.809161 70362 1023
1296580118 942580 59.928688 10.809161 102600 1007
1296580119 943810 59.928651 10.808786 121658 1229
1296580120 944811 59.928624 10.808615 145008 1001
1296580121 945821 59.928624 10.808615 100305 1010
1296580122 946831 59.928587 10.808279 147879 1010
1296580123 947840 59.92856375 10.8081120833333 100324 1009
1296580124 949050 59.9285405 10.8079451666667 120439 1210
1296580125 950060 59.92851725 10.80777825 117648 1010
1296580126 951070 59.928494 10.8076113333333 82845 1010
1296580127 952080 59.92847075 10.8074444166667 70058 1010
1296580128 953090 59.9284475 10.8072775 72006 1010
1296580129 954100 59.92842425 10.8071105833333 99864 1010
1296580130 955101 59.928401 10.8069436666667 75077 1001
1296580131 956141 59.92837775 10.80677675 79841 1040
1296580132 957410 59.9283545 10.8066098333333 28485 1269
1296580133 958420 59.92833125 10.8064429166667 65664 1010
1296580134 959441 59.928308 10.806276 55890 1021
1296580135 960450 59.928308 10.806276 76608 1009
1296580136 961460 59.928318 10.806167 58467 1010
1296580137 962490 59.928321 10.806093 63428 1030
1296580138 963500 59.928321 10.806093 72504 1010
1296580139 964529 59.9283305 10.8060195 57902 1029
1296580140 965550 59.92834 10.805946 73872 1021
1296580142 966580 59.92834 10.805946 50633 1029
1296580143 967610 59.92834 10.805922 65664 1030
1296580144 968620 59.928339 10.805936 57155 1010
1296580145 969630 59.928339 10.805936 63824 1010
1296580146 970640 59.928326 10.805965 72418 1010
1296580147 971760 59.92833 10.805965 76555 1119
1296580148 972761 59.92833 10.805965 101148 1001
1296580149 973920 59.928318 10.80599 110054 1159
1296580150 974921 59.928313 10.806004 144720 1001
1296580151 975930 59.92831 10.806001 99769 1009
1296580152 977022 59.928306 10.806015 128592 1092
1296580153 978030 59.928306 10.806015 165206 1008
1296580154 979050 59.928301 10.806029 163973 1020
1296580155 980060 59.928306 10.806029 165401 1010
1296580156 981070 59.928298 10.806026 171203 1010
1296580157 982080 59.928301 10.806043 177178 1009
1296580158 983081 59.928293 10.80604 154285 1001
1296580159 984089 59.928298 10.80604 159189 1008
1296580160 985090 59.928298 10.80604 150477 1001
1296580161 986100 59.928295 10.806036 156767 1010
1296580162 987109 59.928295 10.806036 136006 1008
1296580163 988120 59.928299 10.806036 111596 1011
1296580164 989121 59.928299 10.806036 131581 1001
1296580165 990139 59.928307 10.806001 124702 1018
1296580166 991159 59.928308 10.805945 88403 1020
1296580167 992360 59.928317 10.805893 137473 1200
1296580168 993380 59.928316 10.805801 133323 1020
1296580169 994390 59.928321 10.80571 141670 1010
1296580170 995400 59.928323 10.805454 127233 1010
1296580171 996429 59.928323 10.805454 142698 1029
1296580172 997430 59.9282944782609 10.8052919565217 132363 1001
1296580173 998441 59.9282659565217 10.8051299130435 128979 1011
1296580174 999620 59.9282374347826 10.8049678695652 153535 1179
1296580175 1000820 59.9282089130435 10.804805826087 160826 1200
1296580176 1001849 59.9281803913043 10.8046437826087 102600 1029
1296580184 1009667 59.9279522173913 10.8033474347826 16384 7818
1296580185 1011122 59.9279236956522 10.8031853913043 51913 1455
1296580186 1012162 59.927895173913 10.8030233478261 49248 1040
1296580188 1014322 59.9278381304348 10.8026992608696 5472 2160
1296580190 1016525 59.9277810869565 10.802375173913 15048 2202
1296580191 1017527 59.9277525652174 10.8022131304348 51984 1002
1296580194 1018683 59.927667 10.801727 28728 1156
1296580195 1019862 59.927478 10.801463 15048 1179
1296580196 1020872 59.927298 10.801224 47707 1010
1296580197 1021883 59.927131 10.801026 72504 1011
1296580198 1022892 59.926971 10.800832 48461 1009
1296580199 1023922 59.926831 10.800645 68400 1030
1296580200 1024932 59.926689 10.800475 57095 1010
1296580201 1025944 59.926557 10.800291 79344 1012
1296580202 1026962 59.926423 10.800124 57030 1017
1296580203 1027972 59.926293 10.799958 55815 1010
1296580204 1029002 59.926161 10.799774 61560 1030
1296580205 1030003 59.926034 10.79961 30096 1001
1296580206 1031022 59.925914 10.79943 47880 1019
1296580207 1032042 59.925806 10.799252 24090 1019
1296580208 1033062 59.925699 10.799057 42408 1020
1296580209 1034071 59.925604 10.798866 47880 1009
1296580210 1035072 59.925522 10.798678 57811 1001
1296580211 1036082 59.925442 10.798454 51741 1010
1296580212 1037112 59.92537 10.798234 53352 1029
1296580213 1038121 59.925302 10.798014 61072 1009
1296580214 1039151 59.925242 10.797798 56088 1030
1296580215 1040182 59.925189 10.797563 56088 1031
1296580216 1041201 59.925133 10.797347 49305 1019
1296580217 1042202 59.925079 10.797112 69768 1001
1296580218 1043412 59.92497 10.796662 66311 1210
1296580219 1044432 59.92497 10.796662 61560 1020
1296580220 1045471 59.92487 10.796211 64296 1039
1296580221 1046481 59.924819 10.795994 48663 1010
1296580222 1047501 59.924819 10.795994 69768 1020
1296580223 1048512 59.924723 10.795582 76608 1011
1296580224 1049522 59.924678 10.795386 60377 1010
1296580225 1050551 59.924678 10.795386 79344 1029
1296580227 1051612 59.924609 10.795054 55835 1061
1296580228 1052631 59.924579 10.794918 71136 1019
1296580229 1053651 59.924579 10.794918 71136 1020
1296580230 1054661 59.924539 10.794683 52686 1010
1296580231 1055681 59.924522 10.794603 64296 1020
1296580232 1056711 59.924522 10.794603 65664 1030
1296580233 1057921 59.924502 10.794467 72869 1210
1296580234 1058931 59.924497 10.794428 68400 1010
1296580235 1059951 59.924491 10.794407 75240 1020
1296580236 1060971 59.924483 10.794404 65973 1020
1296580237 1062001 59.924488 10.794404 93024 1030
1296580238 1063011 59.924488 10.794404 95760 1009
1296580239 1064033 59.924488 10.794404 67536 1022
1296580240 1065041 59.92448 10.794401 90288 1008
1296580241 1066042 59.924484 10.794401 70786 1001
1296580242 1067061 59.924484 10.794401 90288 1019
1296580243 1068071 59.924489 10.794401 73207 1009
1296580244 1069092 59.924489 10.794401 102600 1021
1296580245 1070101 59.924481 10.794397 70831 1009
1296580246 1071121 59.924481 10.794397 87552 1020
1296580247 1072131 59.924481 10.794397 73302 1010
1296580248 1073172 59.924481 10.794397 76608 1041
1296580249 1074291 59.924481 10.794397 84249 1119
1296580250 1075301 59.92448 10.794415 86184 1010
1296580251 1076311 59.92448 10.794415 90284 1010
1296580252 1077422 59.92448 10.794415 70861 1111
1296580253 1078431 59.924477 10.794397 84040 1008
1296580254 1079441 59.924478 10.79438 83448 1010
1296580255 1080451 59.924478 10.79438 60137 1010
1296580256 1081481 59.924483 10.794327 76608 1030
1296580258 1082571 59.924473 10.794289 36562 1090
1296580259 1083581 59.924473 10.794289 82080 1010
1296580260 1084591 59.924453 10.794138 71159 1010
1296580261 1085641 59.924424 10.794002 82080 1050
1296580262 1086643 59.924424 10.794002 82080 1002
1296580263 1087671 59.924367 10.793711 55343 1028
1296580264 1088681 59.924333 10.793537 73872 1010
1296580265 1089721 59.924333 10.793537 65007 1040
1296580266 1090731 NOFIX NOFIX 88920 1010
1296580267 1091751 NOFIX NOFIX 83448 1020
1296580269 1094181 NOFIX NOFIX 25184 2430
1296580270 1095211 NOFIX NOFIX 64296 1030
1296580271 1096341 NOFIX NOFIX 21888 1130
1296580306 1130926 NOFIX NOFIX 9576 34585
1296580307 1131963 NOFIX NOFIX 2736 1037
1296580308 1133263 NOFIX NOFIX 4104 1300
1296580309 1134561 NOFIX NOFIX 4104 1298
1296580310 1135641 NOFIX NOFIX 2736 1080
1296580311 1136864 NOFIX NOFIX 5472 1223
1296580312 1138281 NOFIX NOFIX 4104 1417
1296580314 1139782 NOFIX NOFIX 5472 1501
1296580315 1140843 NOFIX NOFIX 4104 1061
1296580317 1143200 NOFIX NOFIX 2736 2357
1296580321 1147369 NOFIX NOFIX 2736 4168
1296580322 1148566 NOFIX NOFIX 6840 1197
1296580323 1149688 NOFIX NOFIX 12312 1122
1296580324 1150708 NOFIX NOFIX 6840 1020
1296580326 1152251 NOFIX NOFIX 10944 1543
1296580327 1153388 NOFIX NOFIX 9576 1137
1296580328 1154408 NOFIX NOFIX 5472 1020
1296580332 1158207 NOFIX NOFIX 2375 3799
1296580333 1159545 NOFIX NOFIX 4104 1338
1296580334 1160649 NOFIX NOFIX 8208 1104
1296580335 1161708 NOFIX NOFIX 9576 1059
1296580336 1163007 NOFIX NOFIX 6840 1299
1296580337 1164028 NOFIX NOFIX 4104 1021
1296580338 1165467 NOFIX NOFIX 8208 1439
1296580339 1166847 NOFIX NOFIX 6840 1380
1296580340 1168028 NOFIX NOFIX 5472 1181
1296580341 1169408 NOFIX NOFIX 4104 1380
1296580342 1170669 NOFIX NOFIX 5472 1261
1296580343 1171845 NOFIX NOFIX 5472 1176
1296580344 1173187 NOFIX NOFIX 6840 1342
1296580345 1174569 NOFIX NOFIX 5472 1382
1296580354 1183710 NOFIX NOFIX 17752 9140
1296580355 1184829 NOFIX NOFIX 42440 1119
1296580356 1185988 NOFIX NOFIX 12312 1159
1296580358 1187547 NOFIX NOFIX 6840 1559
1296580359 1188567 NOFIX NOFIX 12312 1020
1296580360 1189708 NOFIX NOFIX 6840 1141
1296580365 1194759 NOFIX NOFIX 24592 5051
1296580366 1195809 NOFIX NOFIX 10060 1050
1296580367 1196866 NOFIX NOFIX 10944 1057
1296580368 1198208 NOFIX NOFIX 12312 1342
1296580369 1199348 NOFIX NOFIX 9576 1140
1296580370 1200585 NOFIX NOFIX 9576 1237
1296580371 1201605 NOFIX NOFIX 6840 1020
1296580372 1202625 NOFIX NOFIX 6840 1020
1296580373 1204066 NOFIX NOFIX 9576 1441
1296580374 1205506 NOFIX NOFIX 10944 1440
1296580375 1206527 NOFIX NOFIX 6840 1021
1296580376 1207606 NOFIX NOFIX 10944 1079
1296580377 1208770 NOFIX NOFIX 8208 1164
1296580378 1210090 NOFIX NOFIX 10944 1320
1296580379 1211349 NOFIX NOFIX 10944 1259
1296580380 1212405 NOFIX NOFIX 10944 1056
1296580381 1213526 NOFIX NOFIX 9576 1121
1296580382 1214727 NOFIX NOFIX 9576 1201
1296580383 1215926 NOFIX NOFIX 8208 1199
1296580384 1217066 NOFIX NOFIX 9576 1140
1296580385 1218188 NOFIX NOFIX 6840 1122
1296580392 1225389 NOFIX NOFIX 4104 7201
1296580393 1226528 NOFIX NOFIX 12312 1139
1296580395 1228587 NOFIX NOFIX 35012 2059
1296580396 1229727 NOFIX NOFIX 10944 1140
1296580397 1230788 NOFIX NOFIX 6840 1061
1296580398 1231789 NOFIX NOFIX 10944 1001
1296580399 1232888 NOFIX NOFIX 10944 1099
1296580400 1234028 NOFIX NOFIX 9576 1140
1296580401 1235169 NOFIX NOFIX 8208 1141
1296580402 1236668 NOFIX NOFIX 8208 1499
1296580403 1238007 NOFIX NOFIX 8208 1339
1296580404 1239147 NOFIX NOFIX 10944 1140
1296580405 1240286 NOFIX NOFIX 8208 1139
1296580406 1241607 NOFIX NOFIX 9576 1321
1296580407 1242645 NOFIX NOFIX 9576 1038
1296580408 1243725 NOFIX NOFIX 9576 1080
1296580409 1244846 NOFIX NOFIX 9576 1121
1296580410 1245885 NOFIX NOFIX 9576 1039
1296580411 1246887 NOFIX NOFIX 9576 1002
1296580412 1248008 NOFIX NOFIX 10944 1121
1296580413 1249088 NOFIX NOFIX 9576 1080
1296580414 1250147 NOFIX NOFIX 9576 1059
1296580415 1251225 NOFIX NOFIX 9576 1078
1296580416 1252327 NOFIX NOFIX 9576 1102
1296580417 1253367 NOFIX NOFIX 9576 1040
1296580418 1254806 NOFIX NOFIX 7539 1439
1296580419 1255886 NOFIX NOFIX 9576 1010
1296580420 1256907 NOFIX NOFIX 10944 1021
1296580421 1258004 NOFIX NOFIX 13680 1097
1296580422 1259006 NOFIX NOFIX 12312 1002
1296580423 1260104 NOFIX NOFIX 13680 1098
1296580424 1261245 NOFIX NOFIX 13680 1005
1296580425 1262268 NOFIX NOFIX 16416 1023
1296580426 1263525 NOFIX NOFIX 16416 1257
1296580427 1264586 NOFIX NOFIX 13680 1061
1296580428 1265626 NOFIX NOFIX 15048 1040
1296580429 1266867 NOFIX NOFIX 9576 1241
1296580430 1267904 NOFIX NOFIX 12312 1037
1296580431 1268966 NOFIX NOFIX 9576 1062
1296580432 1269967 NOFIX NOFIX 9576 1001
1296580433 1271246 NOFIX NOFIX 9576 1279
1296580434 1272267 NOFIX NOFIX 10944 1021
1296580439 1276878 NOFIX NOFIX 16384 4611
1296580440 1278187 NOFIX NOFIX 38872 1309
1296580441 1279226 NOFIX NOFIX 8208 1039
1296580445 1283108 NOFIX NOFIX 21856 3882
1296580447 1285424 NOFIX NOFIX 17816 2316
1296580448 1286545 NOFIX NOFIX 10944 1121
1296580449 1287626 NOFIX NOFIX 6840 1081
1296580450 1288708 NOFIX NOFIX 8208 1082
1296580451 1289804 NOFIX NOFIX 8208 1096
1296580453 1291886 NOFIX NOFIX 5472 2082
1296580454 1293205 NOFIX NOFIX 10944 1319
1296580455 1294348 NOFIX NOFIX 4104 1143
1296580456 1295527 NOFIX NOFIX 8208 1179
1296580458 1297027 NOFIX NOFIX 5472 1500
1296580459 1298168 NOFIX NOFIX 6840 1141
1296580460 1299187 NOFIX NOFIX 8208 1019
1296580461 1300425 NOFIX NOFIX 4104 1238
1296580462 1301786 NOFIX NOFIX 6840 1361
1296580464 1303724 NOFIX NOFIX 4104 1938
1296580471 1310666 NOFIX NOFIX 2736 6942
1296580492 1331647 NOFIX NOFIX 2736 20981
1296580494 1333847 NOFIX NOFIX 4104 2200
1296580495 1334849 NOFIX NOFIX 4104 1002
1296580496 1335928 NOFIX NOFIX 2736 1079
1296580497 1337189 NOFIX NOFIX 4104 1261
1296580498 1338447 NOFIX NOFIX 5472 1258
1296580499 1339666 NOFIX NOFIX 5472 1219
1296580500 1340867 NOFIX NOFIX 5472 1201
1296580502 1342509 NOFIX NOFIX 2736 1641
1296580503 1343571 NOFIX NOFIX 5472 1062
1296580504 1344609 NOFIX NOFIX 8208 1038
1296580506 1346146 NOFIX NOFIX 5472 1537
1296580507 1347369 NOFIX NOFIX 5472 1223
1296580508 1348569 NOFIX NOFIX 6840 1200
1296580509 1349588 NOFIX NOFIX 8208 1019
1296580510 1350789 NOFIX NOFIX 8208 1201
1296580511 1351868 NOFIX NOFIX 4104 1079
1296580512 1353129 NOFIX NOFIX 6840 1261
1296580516 1356696 NOFIX NOFIX 19120 3567
1296580518 1358307 NOFIX NOFIX 5427 1611
1296580519 1359589 NOFIX NOFIX 5472 1031
1296580520 1360708 NOFIX NOFIX 13680 1119
1296580521 1361889 NOFIX NOFIX 6840 1181
1296580522 1363089 NOFIX NOFIX 8208 1200
1296580528 1368628 NOFIX NOFIX 2736 5539
1296580529 1369647 NOFIX NOFIX 42408 1019
1296580530 1370648 NOFIX NOFIX 8208 1001
1296580531 1371669 NOFIX NOFIX 9576 1021
1296580532 1372708 NOFIX NOFIX 10944 1039
1296580533 1373806 NOFIX NOFIX 12312 1098
1296580534 1375065 NOFIX NOFIX 6840 1259
1296580535 1376349 NOFIX NOFIX 5472 1284
1296580536 1377572 NOFIX NOFIX 5472 1223
1296580537 1378647 NOFIX NOFIX 6840 1075
1296580538 1379828 NOFIX NOFIX 8208 1181
1296580539 1381048 NOFIX NOFIX 5472 1220
1296580540 1382168 NOFIX NOFIX 5472 1120
1296580541 1383490 NOFIX NOFIX 5472 1322
1296580547 1389825 NOFIX NOFIX 8208 6335
1296580548 1391066 NOFIX NOFIX 5472 1241
1296580549 1392445 NOFIX NOFIX 8208 1379
1296580550 1393626 NOFIX NOFIX 8208 1181
1296580552 1395786 NOFIX NOFIX 12187 2160
1296580553 1396825 NOFIX NOFIX 5472 1039
1296580554 1397826 NOFIX NOFIX 2736 1001
1296580555 1398925 NOFIX NOFIX 10944 1099
1296580556 1400046 NOFIX NOFIX 6840 1121
1296580557 1401165 NOFIX NOFIX 8208 1119
1296580558 1402208 NOFIX NOFIX 8208 1043
1296580559 1403366 NOFIX NOFIX 8208 1158
1296580560 1404506 NOFIX NOFIX 8208 1140
1296580561 1405869 NOFIX NOFIX 8208 1363
1296580562 1406946 NOFIX NOFIX 10944 1077
1296580563 1408048 NOFIX NOFIX 8208 1102
1296580564 1409066 NOFIX NOFIX 10944 1018
1296580565 1410145 NOFIX NOFIX 9576 1079
1296580566 1411166 NOFIX NOFIX 10944 1021
1296580567 1412246 NOFIX NOFIX 12312 1080
1296580568 1413269 NOFIX NOFIX 12312 1023
1296580569 1414327 NOFIX NOFIX 12312 1058
1296580570 1415445 NOFIX NOFIX 9576 1118
1296580571 1416446 NOFIX NOFIX 12312 1001
1296580572 1417604 NOFIX NOFIX 9576 1158
1296580584 1429844 NOFIX NOFIX 7594 12240
1296580585 1430888 NOFIX NOFIX 4104 1044
1296580586 1431968 NOFIX NOFIX 10944 1080
1296580587 1432987 NOFIX NOFIX 12312 1019
1296580588 1434009 NOFIX NOFIX 10944 1022
1296580589 1435088 NOFIX NOFIX 10944 1079
1296580590 1436245 NOFIX NOFIX 10944 1157
1296580591 1437247 NOFIX NOFIX 12312 1002
1296580592 1438364 NOFIX NOFIX 9576 1117
1296580593 1439505 NOFIX NOFIX 6840 1141
1296580594 1440584 NOFIX NOFIX 12312 1079
1296580595 1441665 NOFIX NOFIX 9576 1081
1296580596 1442866 NOFIX NOFIX 6840 1201
1296580597 1443928 NOFIX NOFIX 8208 1062
1296580598 1445205 NOFIX NOFIX 12312 1277
1296580599 1446345 NOFIX NOFIX 9576 1140
1296580601 1448208 NOFIX NOFIX 10944 1863
1296580602 1449386 NOFIX NOFIX 12312 1178
1296580603 1450665 NOFIX NOFIX 10944 1279
1296580604 1451789 NOFIX NOFIX 13680 1124
1296580605 1452823 NOFIX NOFIX 8791 1034
1296580606 1453928 NOFIX NOFIX 10944 1105
1296580607 1455010 NOFIX NOFIX 19152 1082
1296580608 1456028 NOFIX NOFIX 19152 1018
1296580609 1457168 NOFIX NOFIX 9576 1140
1296580610 1458327 NOFIX NOFIX 12312 1059
1296580611 1459506 NOFIX NOFIX 12312 1179
1296580612 1460865 NOFIX NOFIX 15048 1359
1296580616 1465244 NOFIX NOFIX 1368 4379
1296580617 1466588 NOFIX NOFIX 68879 1344
1296580618 1467666 NOFIX NOFIX 17784 1078
1296580619 1468766 NOFIX NOFIX 12312 1100
1296580620 1469786 NOFIX NOFIX 16416 1020
1296580621 1470967 NOFIX NOFIX 13680 1181
1296580622 1472109 NOFIX NOFIX 15048 1142
1296580623 1473126 NOFIX NOFIX 15048 1017
1296580624 1474186 NOFIX NOFIX 16416 1060
1296580625 1475324 NOFIX NOFIX 19152 1138
1296580626 1476403 NOFIX NOFIX 13680 1079
1296580627 1477484 NOFIX NOFIX 13680 1081
1296580628 1478686 NOFIX NOFIX 8165 1202
1296580629 1479884 NOFIX NOFIX 12312 1198
1296580630 1480991 NOFIX NOFIX 13680 1107
1296580641 1492413 NOFIX NOFIX 16384 11422
1296580642 1493765 NOFIX NOFIX 147776 1351
1296580643 1494822 NOFIX NOFIX 10809 1057
1296580644 1496045 NOFIX NOFIX 1125 1223
1296580645 1497161 NOFIX NOFIX 8208 1116
1296580646 1498205 NOFIX NOFIX 5472 1044
1296580647 1499303 NOFIX NOFIX 15048 1098
1296580648 1500582 NOFIX NOFIX 15048 1279
1296580649 1501605 NOFIX NOFIX 13680 1023
1296580650 1502708 NOFIX NOFIX 16416 1103
1296580651 1503804 NOFIX NOFIX 15048 1096
1296580652 1504865 NOFIX NOFIX 10944 1061
1296580653 1506024 NOFIX NOFIX 10944 1159
1296580654 1507062 NOFIX NOFIX 5472 1038
1296580655 1508124 NOFIX NOFIX 9576 1062
1296580656 1509164 NOFIX NOFIX 8208 1040
1296580657 1510243 NOFIX NOFIX 9576 1079
1296580658 1511425 NOFIX NOFIX 8208 1182
1296580659 1512504 NOFIX NOFIX 9576 1079
1296580660 1513646 NOFIX NOFIX 9576 1142
1296580662 1515375 NOFIX NOFIX 12312 1729
1296580663 1516603 NOFIX NOFIX 9576 1228
1296580664 1518007 NOFIX NOFIX 6840 1404
1296580670 1523529 NOFIX NOFIX 9291 5522
1296580671 1524590 NOFIX NOFIX 9576 1061
1296580672 1525850 NOFIX NOFIX 12312 1260
1296580673 1527266 NOFIX NOFIX 10944 1416
1296580674 1528267 NOFIX NOFIX 6840 1001
1296580675 1529348 NOFIX NOFIX 6840 1081
1296580676 1530367 NOFIX NOFIX 4080 1019
1296580681 1535150 NOFIX NOFIX 2724 4782
1296580682 1536548 NOFIX NOFIX 14252 1398
1296580684 1538450 NOFIX NOFIX 1126 1902
1296580685 1539890 NOFIX NOFIX 6840 1440
1296580686 1541006 NOFIX NOFIX 6840 1116
1296580687 1542050 NOFIX NOFIX 8208 1044
1296580688 1543268 NOFIX NOFIX 12312 1218
1296580689 1544467 NOFIX NOFIX 9576 1199
1296580690 1545506 NOFIX NOFIX 9576 1039
1296580691 1546587 NOFIX NOFIX 9576 1081
1296580692 1547607 NOFIX NOFIX 8208 1020
1296580693 1548788 NOFIX NOFIX 4274 1181
1296580694 1550067 NOFIX NOFIX 13680 1279
1296580695 1551290 NOFIX NOFIX 12312 1223
1296580696 1552429 NOFIX NOFIX 13680 1139
1296580697 1553449 NOFIX NOFIX 12312 1020
1296580698 1554506 NOFIX NOFIX 9576 1057
1296580699 1555586 NOFIX NOFIX 4104 1080
1296580701 1557792 NOFIX NOFIX 10815 2206
1296580702 1559168 NOFIX NOFIX 2495 1376
1296580703 1560229 NOFIX NOFIX 5472 1061
1296580704 1561447 NOFIX NOFIX 5472 1218
1296580705 1562510 NOFIX NOFIX 6840 1063
1296580706 1563709 NOFIX NOFIX 6840 1199
1296580707 1565065 NOFIX NOFIX 6840 1356
1296580708 1566428 NOFIX NOFIX 6840 1363
1296580712 1570388 NOFIX NOFIX 5472 3959
1296580713 1571528 NOFIX NOFIX 16416 1140
1296580729 1587709 NOFIX NOFIX 3718 16181
1296580731 1589246 NOFIX NOFIX 1368 1537
1296580732 1590448 NOFIX NOFIX 8208 1202
1296580733 1591548 NOFIX NOFIX 8208 1100
1296580734 1592689 NOFIX NOFIX 6840 1141
1296580735 1593768 NOFIX NOFIX 10944 1079
1296580736 1594945 NOFIX NOFIX 8208 1177
1296580737 1595947 NOFIX NOFIX 9576 1002
1296580738 1597027 NOFIX NOFIX 12312 1080
1296580746 1604948 NOFIX NOFIX 2070 7921
1296580747 1606346 NOFIX NOFIX 5472 1398
1296580749 1608547 NOFIX NOFIX 4104 2200
1296580751 1610888 NOFIX NOFIX 2736 2341
1296580752 1612148 NOFIX NOFIX 8208 1260
1296580753 1613246 NOFIX NOFIX 1368 1098
1296580755 1615087 NOFIX NOFIX 4104 1841
1296580756 1616089 NOFIX NOFIX 4104 1001
1296580757 1617326 NOFIX NOFIX 5472 1237
1296580759 1619572 NOFIX NOFIX 4104 2246
1296580760 1620649 NOFIX NOFIX 17784 1077
1296580761 1622065 NOFIX NOFIX 9576 1416
1296580763 1624070 NOFIX NOFIX 9576 2005
1296580764 1625355 NOFIX NOFIX 5472 1285
1296580766 1627148 NOFIX NOFIX 6588 1793
1296580767 1628246 NOFIX NOFIX 5472 1098
1296580768 1629529 NOFIX NOFIX 6840 1283
1296580769 1630586 NOFIX NOFIX 5472 1057
1296580770 1631606 NOFIX NOFIX 4104 1020
1296580771 1632888 NOFIX NOFIX 6840 1282
1296580772 1633928 NOFIX NOFIX 5472 1040
1296580773 1635067 NOFIX NOFIX 6840 1139
1296580774 1636147 NOFIX NOFIX 2736 1080
1296580775 1637606 NOFIX NOFIX 8208 1459
1296580776 1638687 NOFIX NOFIX 8208 1081
1296580778 1640605 NOFIX NOFIX 2263 1918
1296580779 1641786 NOFIX NOFIX 4104 1181
1296580781 1643308 NOFIX NOFIX 5472 1522
1296580782 1644368 NOFIX NOFIX 4104 1060
1296580783 1645626 NOFIX NOFIX 5472 1258
1296580784 1646628 NOFIX NOFIX 5472 1002
1296580785 1647986 NOFIX NOFIX 4104 1358
1296580786 1649148 NOFIX NOFIX 2736 1162
1296580791 1654441 NOFIX NOFIX 0 5293
