1284367591 63285 59.940977 10.838759 201096 1005
1284367592 64512 59.940977 10.838759 208504 1227
1284367593 65524 59.940974 10.838755 294120 1012
1284367594 66533 59.940974 10.838755 203032 1009
1284367595 67540 59.940973 10.838773 239400 1007
1284367596 68545 59.94097 10.838769 172936 1005
1284367597 69552 59.940968 10.838787 191520 1007
1284367598 70640 59.940968 10.838787 127792 1088
1284367599 71660 59.940965 10.838784 102600 1020
1284367600 72680 59.940968 10.838801 77976 1020
1284367601 73692 59.940961 10.838798 64296 1012
1284367602 74704 59.940961 10.838798 47880 1012
1284367604 76300 59.940953 10.838794 116848 1596
1284367605 77301 59.940939 10.83877 91656 1001
1284367606 78304 59.940927 10.838728 15048 1003
1284367607 79312 59.940927 10.838728 259920 1008
1284367608 80317 59.940898 10.838645 278272 1005
1284367609 81324 59.94087 10.838543 222184 1007
1284367610 82332 59.940838 10.838442 280440 1008
1284367611 83336 59.940838 10.838442 227656 1004
1284367612 84345 59.940801 10.838302 267328 1009
1284367613 85352 59.940752 10.838159 280440 1007
1284367614 86360 59.940704 10.837998 222184 1008
1284367615 87365 59.940704 10.837998 181944 1005
1284367616 88372 59.94065 10.837817 71136 1007
1284367617 89380 59.940586 10.837614 28728 1008
1284367618 90392 59.940517 10.837411 19152 1012
1284367619 91412 59.940517 10.837411 5472 1020
1284367620 92413 59.940447 10.837188 21088 1001
1284367622 93789 59.940373 10.836947 12312 1376
1284367623 94804 59.940285 10.836681 179208 1015
1284367624 95833 59.940285 10.836681 71136 1029
1284367625 96852 59.940192 10.836434 75240 1019
1284367626 97864 59.940093 10.836165 94960 1012
1284367627 98892 59.939979 10.83591 80712 1028
1284367628 99900 59.939979 10.83591 102600 1008
1284367629 100904 59.939859 10.835652 131328 1004
1284367630 101920 59.939732 10.835412 85384 1016
1284367631 102940 59.939605 10.835172 54720 1020
1284367632 103944 59.939605 10.835172 88920 1004
1284367633 104972 59.939477 10.834949 105336 1028
1284367634 105984 59.939349 10.834726 116280 1012
1284367635 106993 59.939207 10.834518 119584 1009
1284367636 108000 59.939207 10.834518 220248 1007
1284367637 109004 59.939073 10.834312 146944 1004
1284367638 110005 59.938939 10.834107 220248 1001
1284367639 111012 59.9388 10.833916 153784 1007
1284367640 112300 59.9388 10.833916 76608 1288
1284367641 113320 59.938664 10.833729 98496 1020
1284367642 114321 59.938527 10.833558 68400 1001
1284367643 115400 59.938402 10.833392 19152 1079
1284367644 116405 59.938402 10.833392 178408 1005
1284367645 117425 59.938272 10.833243 150480 1020
1284367646 118432 59.938145 10.833094 142272 1007
1284367647 119433 59.938025 10.832965 144208 1001
1284367648 120445 59.938025 10.832965 186048 1012
1284367649 121461 59.937905 10.832837 177040 1016
1284367650 122465 59.937784 10.832709 209304 1004
1284367651 123472 59.937663 10.832598 196192 1007
1284367652 124473 59.937663 10.832598 229824 1001
1284367653 125480 59.937537 10.832488 233128 1007
1284367654 126484 59.937416 10.83236 254448 1004
1284367655 127492 59.937293 10.832267 164725 1008
1284367656 128505 59.937293 10.832267 284544 1013
1284367657 129524 59.937176 10.832156 216715 1019
1284367658 130528 59.937061 10.832066 239968 1004
1284367659 131532 59.93695 10.831977 264024 1004
1284367660 132541 59.93695 10.831977 207136 1009
1284367661 133545 59.936834 10.831887 268128 1004
1284367662 134564 59.936729 10.831818 196192 1019
1284367663 135572 59.936629 10.831749 218880 1008
1284367664 136580 59.936629 10.831749 156520 1008
1284367665 137592 59.936538 10.831666 224352 1012
1284367666 138593 59.936445 10.831601 204400 1001
1284367667 139604 59.936363 10.831557 213408 1011
1284367668 140605 59.936363 10.831557 189352 1001
1284367670 141756 59.93629 10.831498 206568 1151
1284367671 142764 59.936227 10.83146 213976 1008
1284367672 143765 59.936174 10.831408 172368 1001
1284367673 144773 59.936174 10.831408 149680 1008
1284367674 145792 59.936124 10.831374 203832 1019
1284367675 146793 59.93608 10.83136 196192 1001
1284367676 147800 59.93605 10.831333 192888 1007
1284367677 148804 59.93605 10.831333 166896 1004
1284367678 149813 59.936027 10.831309 155152 1008
1284367679 150825 59.936007 10.831302 191520 1012
1284367680 151844 59.935995 10.831298 140104 1019
1284367681 152845 59.935995 10.831298 202464 1001
1284367682 153912 59.935995 10.831298 152416 1067
1284367683 154924 59.935983 10.831295 205200 1012
1284367684 155925 59.935983 10.831295 201096 1001
1284367685 156932 59.935983 10.831295 219448 1007
1284367686 157940 59.935983 10.831295 218080 1008
1284367687 158945 59.935983 10.831295 196992 1005
1284367688 159952 59.935983 10.831295 213976 1007
1284367689 160961 59.935983 10.831295 158688 1009
1284367690 161972 59.935983 10.831295 155952 1011
1284367691 162980 59.935983 10.831295 144208 1008
1284367692 164013 59.935983 10.831295 134064 1033
1284367693 165025 59.935983 10.831295 62928 1012
1284367694 166053 59.935983 10.831295 43776 1028
1284367695 167064 59.935981 10.831313 53352 1011
1284367696 168212 59.935981 10.831313 40240 1148
1284367697 169280 59.935981 10.831313 34200 1068
1284367698 170281 59.935981 10.831313 36936 1001
1284367699 171304 59.935986 10.831313 105168 1023
1284367700 172305 59.935986 10.831313 98664 1001
1284367701 173320 59.935986 10.831313 110808 1015
1284367702 174340 59.935986 10.831313 63496 1020
1284367703 175345 59.935994 10.831316 73872 1005
1284367705 176892 59.935986 10.831313 35568 1547
1284367706 177893 59.935986 10.831313 109440 1001
1284367707 178905 59.935998 10.831316 177040 1012
1284367708 179912 59.93599 10.831313 251712 1007
1284367709 180932 59.935978 10.831309 192088 1020
1284367710 181940 59.935978 10.831309 213408 1008
1284367711 182945 59.935959 10.831303 193456 1005
1284367712 183952 59.935925 10.831272 235296 1007
1284367713 184964 59.935882 10.831241 203032 1012
1284367714 185965 59.935882 10.831241 250344 1001
1284367715 186985 59.935826 10.831185 161992 1020
1284367716 187992 59.935768 10.831147 222984 1007
1284367717 189001 59.935688 10.831085 182512 1009
1284367718 190005 59.935688 10.831085 248976 1004
1284367719 191012 59.935607 10.831023 222184 1007
1284367720 192125 59.935511 10.830955 263224 1113
1284367721 193132 59.935412 10.830868 290016 1007
1284367722 194136 59.935412 10.830868 259120 1004
1284367723 195225 59.935304 10.830796 270064 1089
1284367724 196232 59.935198 10.830707 313272 1007
1284367725 197245 59.935091 10.830617 253648 1013
1284367726 198364 59.935091 10.830617 252280 1119
1284367727 199365 59.934982 10.83051 248976 1001
1284367728 200372 59.934877 10.830402 179776 1007
1284367729 201385 59.934774 10.83026 134064 1013
1284367730 202392 59.934774 10.83026 213408 1007
1284367731 203405 59.934666 10.830097 164728 1013
1284367732 204413 59.934559 10.829916 190152 1008
1284367733 205421 59.934458 10.829718 164728 1008
1284367734 206425 59.934458 10.829718 175104 1004
1284367735 207520 59.934359 10.829502 167464 1095
1284367736 208524 59.934258 10.829303 165528 1004
1284367737 209532 59.934168 10.829073 180576 1008
1284367738 210533 59.934168 10.829073 155152 1001
1284367739 211545 59.934068 10.828857 202464 1012
1284367740 212552 59.933975 10.828623 189352 1007
1284367741 213553 59.933877 10.82839 244872 1001
1284367742 214565 59.933877 10.82839 183881 1012
1284367743 215584 59.933785 10.828139 220248 1019
1284367744 216592 59.9337 10.827891 116848 1008
1284367745 217605 59.933608 10.82764 198360 1013
1284367746 218624 59.933608 10.82764 190720 1019
1284367747 219625 59.933524 10.827392 209304 1001
1284367749 220740 59.933445 10.827127 200296 1115
1284367750 221757 59.933369 10.826882 162792 1017
1284367751 222773 59.933369 10.826882 145008 1016
1284367752 223920 59.933298 10.82662 101800 1147
1284367753 224925 59.933233 10.826379 75240 1005
1284367754 225945 59.933169 10.826138 162792 1020
1284367755 227072 59.933169 10.826138 171568 1127
1284367756 228073 59.933104 10.825897 236664 1001
1284367757 229085 59.933055 10.825663 233128 1011
1284367758 230092 59.933002 10.825425 248976 1007
1284367759 231105 59.933002 10.825425 224920 1013
1284367760 232112 59.932951 10.825209 243504 1007
1284367761 233125 59.932905 10.824992 201664 1013
1284367762 234137 59.932865 10.824796 195624 1012
1284367763 235140 59.932865 10.824796 137368 1003
1284367764 236564 59.932823 10.824618 103968 1423
1284367766 237812 59.932786 10.82444 53352 1248
1284367767 238813 59.93275 10.824282 150480 1001
1284367768 239820 59.93275 10.824282 131896 1007
1284367769 240824 59.932712 10.824122 134064 1004
1284367770 241832 59.932684 10.823968 103968 1008
1284367771 242844 59.932658 10.823849 70336 1012
1284367772 243852 59.932658 10.823849 128592 1008
1284367773 244872 59.932636 10.82373 105336 1020
1284367774 245904 59.932622 10.823653 155952 1032
1284367775 246920 59.932607 10.823593 120952 1016
1284367776 247925 59.932607 10.823593 142272 1005
1284367777 248932 59.932594 10.823552 134064 1007
1284367778 249937 59.932597 10.823517 92224 1005
1284367779 250940 59.93259 10.823513 132696 1003
1284367780 251941 59.93259 10.823513 128592 1001
1284367781 252953 59.932594 10.823513 116848 1012
1284367782 253961 59.932596 10.823496 145008 1008
1284367783 254985 59.9326 10.823496 134064 1024
1284367784 255993 59.9326 10.823496 125056 1008
1284367785 257000 59.932608 10.823499 147744 1007
1284367786 258012 59.932608 10.823499 157320 1012
1284367787 259024 59.932612 10.823499 140104 1012
1284367788 260044 59.932612 10.823499 155952 1020
1284367789 261053 59.932612 10.823499 157320 1009
1284367790 262064 59.932617 10.823499 118216 1011
1284367791 263065 59.932617 10.823499 161424 1001
1284367792 264072 59.932617 10.823499 128592 1007
1284367793 265105 59.932621 10.823499 40240 1033
1284367794 266172 59.932629 10.823502 46512 1067
1284367795 267180 59.932635 10.823485 36936 1008
1284367796 268185 59.932635 10.823485 75240 1005
1284367798 270561 59.932639 10.823485 16384 2375
1284367799 271565 59.932639 10.823485 281040 1004
1284367800 272572 59.932644 10.823485 138168 1007
1284367801 273592 59.932644 10.823485 121752 1020
1284367802 274593 59.932648 10.823485 114112 1001
1284367803 275612 59.932653 10.823485 136800 1019
1284367804 276625 59.932654 10.823467 136800 1013
1284367805 277692 59.932654 10.823467 111375 1067
1284367806 278705 59.932649 10.823429 128592 1013
1284367807 279725 59.93264 10.82339 136800 1020
1284367808 280733 59.932626 10.823313 143180 1008
1284367810 281745 59.932626 10.823313 88580 1012
1284367811 282752 59.932606 10.823215 120384 1007
1284367812 283753 59.932582 10.823117 125856 1001
1284367813 284761 59.932552 10.822981 108640 1008
1284367814 285765 59.932552 10.822981 134064 1004
1284367815 286772 59.932522 10.822862 134064 1007
1284367816 287773 59.932486 10.822705 114112 1001
1284367817 288785 59.93244 10.822527 140904 1012
1284367818 289792 59.93244 10.822527 135432 1007
1284367819 290820 59.932395 10.822331 127792 1028
1284367820 291833 59.932351 10.822135 143640 1013
1284367821 292844 59.932295 10.821918 140904 1011
1284367822 293921 59.932295 10.821918 125056 1077
1284367823 294932 59.932238 10.821681 134064 1011
1284367824 295940 59.93219 10.821429 132696 1008
1284367825 296944 59.93213 10.821174 123120 1004
1284367826 297952 59.93213 10.821174 107272 1008
1284367827 298961 59.932063 10.820915 124488 1009
1284367828 299973 59.931998 10.820621 135432 1012
1284367829 300984 59.931933 10.820328 122320 1011
1284367830 301985 59.931933 10.820328 134064 1001
1284367831 303005 59.931857 10.820013 140904 1020
1284367832 304012 59.931784 10.819719 123688 1007
1284367833 305032 59.931702 10.819422 151848 1020
1284367834 306052 59.931702 10.819422 147744 1020
1284367835 307064 59.931612 10.819139 104536 1012
1284367836 308072 59.931517 10.818856 149112 1008
1284367837 309085 59.931407 10.818605 117648 1013
1284367838 310092 59.931407 10.818605 125056 1007
1284367839 311105 59.931289 10.818351 134064 1013
1284367840 312120 59.93117 10.818114 145008 1015
1284367841 313124 59.931042 10.817891 126424 1004
1284367842 314132 59.931042 10.817891 127224 1008
1284367843 315140 59.930908 10.817686 129960 1008
1284367844 316260 59.930764 10.817495 130528 1120
1284367845 317265 59.930621 10.817305 138168 1005
1284367846 318272 59.930621 10.817305 145008 1007
1284367847 319320 59.930482 10.817114 126424 1048
1284367848 320324 59.930345 10.816905 142272 1004
1284367849 321325 59.930202 10.816714 132696 1001
1284367850 322336 59.930202 10.816714 102600 1011
1284367851 323712 59.930064 10.816506 59392 1376
1284367852 324720 59.929942 10.816266 71136 1008
1284367853 325724 59.92982 10.816026 43776 1004
1284367855 326820 59.92982 10.816026 93024 1096
1284367856 327832 59.929707 10.815771 123120 1012
1284367857 328844 59.929603 10.815503 75808 1012
1284367858 329852 59.9295 10.815216 123120 1008
1284367859 330853 59.9295 10.815216 127224 1001
1284367860 331864 59.929408 10.814951 121752 1011
1284367861 332872 59.929327 10.814654 81280 1008
1284367862 333892 59.929256 10.814378 114912 1020
1284367863 334912 59.929256 10.814378 123120 1020
1284367864 335925 59.929202 10.814105 114112 1013
1284367865 336932 59.929154 10.813853 143640 1007
1284367866 337945 59.929117 10.813623 155952 1013
1284367867 338952 59.929117 10.813623 131896 1007
1284367868 339965 59.929087 10.813395 149112 1013
1284367869 340992 59.929057 10.813167 147744 1027
1284367870 342004 59.929031 10.812957 119584 1012
1284367871 343172 59.929031 10.812957 139536 1168
1284367872 344173 59.929 10.812747 151848 1001
1284367873 345205 59.928976 10.812541 112744 1032
1284367874 346212 59.928948 10.812348 129960 1007
1284367875 347221 59.928948 10.812348 136800 1009
1284367876 348225 59.928928 10.812159 125057 1004
1284367877 349245 59.928909 10.811991 151848 1020
1284367878 350252 59.928885 10.811837 145008 1007
1284367879 351265 59.928885 10.811837 123688 1013
1284367880 352272 59.92887 10.811687 125856 1007
1284367881 353273 59.928846 10.811533 142272 1001
1284367882 354284 59.928831 10.811382 115480 1011
1284367883 355292 59.928831 10.811382 113544 1008
1284367884 356305 59.928813 10.811249 106704 1013
1284367888 360081 59.928798 10.811099 16384 3775
1284367889 361092 59.92878 10.810966 177072 1011
1284367890 362104 59.92878 10.810966 119016 1012
1284367891 363112 59.928772 10.810818 101232 1008
1284367892 364113 59.928757 10.810668 50616 1001
1284367893 365125 59.928741 10.810517 72352 1012
1284367894 366132 59.928741 10.810517 142992 1007
1284367895 367140 59.928724 10.810384 102600 1008
1284367896 368145 59.928714 10.810254 106704 1005
1284367897 369152 59.928703 10.810142 155152 1007
1284367898 370164 59.928703 10.810142 151848 1012
1284367899 371165 59.928692 10.81003 116280 1001
1284367900 372192 59.928675 10.809897 104536 1027
1284367901 373205 59.928661 10.809729 164160 1013
1284367902 374212 59.928661 10.809729 153216 1007
1284367903 375224 59.92864 10.809578 115480 1012
1284367904 376225 59.928625 10.809428 117648 1001
1284367905 377232 59.928604 10.809277 143640 1007
1284367906 378333 59.928604 10.809277 125056 1101
1284367907 379345 59.928584 10.809127 161424 1012
1284367908 380353 59.928572 10.80898 177840 1008
1284367909 381365 59.928556 10.808829 111376 1012
1284367910 382372 59.928556 10.808829 128592 1007
1284367911 383384 59.928542 10.808699 139536 1012
1284367912 384385 59.928534 10.808552 115480 1001
1284367913 385392 59.928515 10.808437 155952 1007
1284367914 386400 59.928515 10.808437 155952 1008
1284367915 387405 59.928506 10.808307 125056 1005
1284367916 388412 59.928496 10.808177 132696 1007
1284367917 389425 59.928477 10.808062 129960 1013
1284367918 390521 59.928477 10.808062 104536 1096
1284367919 391605 59.928477 10.808062 60192 1084
1284367920 392612 59.928477 10.808062 32832 1007
1284367921 393692 59.928477 10.808062 21888 1080
1284367922 394700 59.928477 10.808062 15048 1008
1284367923 395704 59.928477 10.808062 53352 1004
1284367924 396712 59.928477 10.808062 98496 1008
1284367925 397736 59.928477 10.808062 94392 1024
1284367927 398745 59.928477 10.808062 51184 1009
1284367928 399752 59.928477 10.808062 187416 1007
1284367929 400756 59.928477 10.808062 222184 1003
1284367930 401760 59.928477 10.808062 243504 1004
1284367931 402765 59.928477 10.808062 226288 1005
1284367932 403784 59.928477 10.808062 261288 1019
1284367933 404792 59.928477 10.808062 230392 1008
1284367934 405884 59.928477 10.808062 249544 1092
1284367935 406892 59.928477 10.808062 264024 1008
1284367936 407893 59.928477 10.808062 219448 1001
1284367937 408912 59.928477 10.808062 280440 1019
1284367938 409913 59.928477 10.808062 235864 1001
1284367939 410965 59.928477 10.808062 229024 1052
1284367940 411972 59.928477 10.808062 251712 1007
1284367941 412984 59.928477 10.808062 215343 1012
1284367942 413985 59.92814 10.806173 264024 1001
1284367943 414993 59.92814 10.806173 230392 1008
1284367944 416005 59.928089 10.806138 264024 1012
1284367945 417013 59.92805 10.806125 145576 1008
1284367946 418017 59.92802 10.806097 145008 1004
1284367947 419104 59.92802 10.806097 122320 1087
1284367948 420112 59.928 10.806091 132696 1008
1284367949 421124 59.927987 10.806049 119016 1012
1284367950 422461 59.927981 10.806028 16384 1336
1284367951 423464 59.927981 10.806028 265992 1003
1284367952 424472 59.927974 10.806025 161424 1008
1284367953 425492 59.927986 10.806066 123688 1020
1284367954 426505 59.927995 10.806105 132696 1011
1284367955 427512 59.927995 10.806105 146376 1007
1284367956 428517 59.928008 10.806147 138736 1005
1284367957 429565 59.928023 10.806206 86184 1048
1284367959 431640 59.928052 10.80629 15048 2075
1284367960 432645 59.928052 10.80629 64296 1005
1284367961 433665 59.928074 10.80637 57456 1020
1284367962 434672 59.928095 10.806451 47880 1007
1284367963 435692 59.928117 10.806531 39672 1020
1284367964 436732 59.928117 10.806531 24624 1040
1284367966 437892 59.928135 10.806555 19152 1160
1284367967 438913 59.928144 10.806555 6840 1021
1284368006 477940 59.928157 10.806502 5472 39027
1284368007 479100 59.928157 10.806502 6840 1160
1284368008 480104 59.92816 10.80639 12312 1004
1284368009 481124 59.92815 10.806275 9576 1020
1284368011 483144 59.928138 10.806142 6020 2020
1284368012 484164 59.928138 10.806142 8088 1020
1284368013 485184 59.928117 10.806005 13480 1020
1284368014 486240 59.928103 10.805852 13480 1056
1284368015 487320 59.928083 10.805715 10784 1080
1284368016 488424 59.928083 10.805715 13480 1104
1284368017 489624 59.928062 10.805579 17524 1200
1284368019 490944 59.928055 10.805428 14828 1320
1284368020 492024 59.928053 10.805316 14828 1080
1284368021 493104 59.928053 10.805316 10784 1080
1284368022 494445 59.928038 10.80518 13480 1341
1284368023 495540 59.928036 10.805068 10784 1095
1284368030 501804 59.928036 10.805068 1348 6264
1284368032 503940 59.928036 10.805068 40440 2136
1284368033 505064 59.928036 10.805068 51224 1124
1284368034 506220 59.928036 10.805068 14828 1156
1284368035 507384 59.928036 10.805068 14828 1164
1284368036 508408 59.928036 10.805068 14828 1024
1284368037 509484 59.928036 10.805068 18872 1076
1284368038 510624 59.928036 10.805068 13480 1140
1284368043 514905 59.928036 10.805068 12132 4281
1284368044 515940 59.928036 10.805068 40440 1035
1284368045 517064 59.928036 10.805068 27168 1124
1284368046 518124 59.928036 10.805068 22516 1059
1284368047 519444 59.928036 10.805068 16176 1320
1284368048 520464 59.928036 10.805068 26960 1020
1284368050 521761 59.928036 10.805068 16176 1297
1284368051 522804 59.928036 10.805068 18872 1043
1284368052 523900 59.928036 10.805068 16176 1096
1284368053 524905 59.928036 10.805068 14828 1005
1284368054 525960 59.928036 10.805068 16176 1055
1284368055 527024 59.928036 10.805068 14828 1064
1284368056 528085 59.928036 10.805068 16176 1061
1284368057 529108 59.928036 10.805068 14252 1023
1284368058 530124 59.928036 10.805068 15404 1016
1284368059 531180 59.928036 10.805068 16176 1056
1284368063 535065 59.928036 10.805068 4044 3885
1284368064 536100 59.928036 10.805068 18872 1035
1284368065 537120 59.928036 10.805068 14828 1020
1284368066 538164 59.928036 10.805068 64704 1044
1284368067 539220 59.928036 10.805068 14828 1056
1284368068 540280 59.928036 10.805068 14828 1060
1284368069 541344 59.928036 10.805068 18872 1064
1284368071 543160 59.928036 10.805068 21568 1816
1284368072 544344 59.927667 10.801989 30812 1184
1284368073 545364 59.927667 10.801989 20220 1020
1284368074 546384 59.92748 10.801732 14828 1018
1284368075 547620 59.927306 10.801514 14828 1236
1284368076 548724 59.92714 10.801299 16176 1104
1284368078 549804 59.92714 10.801299 18872 1080
1284368079 550828 59.926974 10.801084 12132 1024
1284368080 552184 59.926813 10.800907 18872 1356
1284368081 553500 59.926653 10.800713 18872 1316
1284368087 559224 59.926653 10.800713 8088 5724
1284368088 560280 59.926496 10.800537 71444 1056
1284368089 561344 59.926342 10.800363 13480 1064
1284368090 562484 59.926199 10.800173 8088 1140
1284368091 563684 59.926199 10.800173 18872 1200
1284368093 564864 59.926063 10.799985 13480 1180
1284368094 566004 59.925927 10.799798 16176 1140
1284368095 567340 59.925805 10.799596 12132 1336
1284368096 568585 59.925805 10.799596 9436 1245
1284368137 608852 59.925691 10.799398 2696 40267
1284368138 609936 59.92559 10.799185 63356 1084
1284368139 611072 59.925491 10.798955 16176 1136
1284368140 612128 59.925491 10.798955 20368 1056
1284368141 613388 59.925411 10.798732 1008 1260
1284368142 614408 59.925331 10.798509 9436 1020
1284368143 615488 59.925261 10.798271 18872 1080
1284368144 616552 59.925261 10.798271 20220 1064
1284368145 617572 59.925196 10.798016 16176 1020
1284368146 618633 59.925126 10.797778 21568 1061
1284368147 619673 59.925064 10.797541 21568 1040
1284368149 620748 59.925064 10.797541 21568 1075
1284368150 621816 59.925007 10.797289 24264 1068
1284368154 625832 59.924941 10.797051 16176 4016
1284368155 626913 59.924886 10.796835 41788 1081
1284368156 627932 59.924886 10.796835 62008 1019
1284368157 628968 59.924833 10.796621 24264 1036
1284368158 629972 59.924778 10.796405 20220 1004
1284368159 631013 59.924736 10.796212 18872 1041
1284368162 634492 59.924736 10.796212 25820 3479
1284368164 635948 59.924686 10.796034 46780 1455
1284368165 637029 59.924643 10.795859 12132 1081
1284368166 638228 59.92461 10.795706 22916 1199
1284368167 639352 59.92461 10.795706 26960 1124
1284368168 640353 59.924576 10.795569 28308 1001
1284368169 641408 59.924549 10.795454 21568 1055
1284368170 642472 59.92453 10.795377 20220 1064
1284368174 646177 59.92453 10.795377 10784 3705
1284368175 647228 59.924506 10.795317 88968 1051
1284368176 648272 59.924491 10.795296 18872 1042
1284368177 649312 59.924485 10.795261 21568 1040
1284368178 650316 59.924485 10.795261 20220 1004
1284368179 651512 59.924489 10.795247 25612 1196
1284368183 654769 59.924486 10.79523 31212 3257
1284368184 655808 59.924489 10.795233 56408 1039
1284368185 657048 59.924489 10.795233 5200 1240
1284368186 658053 59.924486 10.795215 14828 1005
1284368187 659129 59.924482 10.795215 17524 1076
1284368188 660248 59.924474 10.795212 16176 1119
1284368189 661268 59.924474 10.795212 18872 1020
1284368190 662372 59.92447 10.795212 17524 1104
1284368191 663453 59.924471 10.795194 16176 1081
1284368192 664488 59.924471 10.795194 12132 1035
1284368193 665672 59.924471 10.795194 16176 1184
1284368195 666768 59.924467 10.795194 17524 1096
1284368196 667869 59.924468 10.795177 13480 1101
1284368197 669228 59.924468 10.795177 10208 1359
1284368205 676988 59.924468 10.795177 2696 7760
1284368206 678212 59.924468 10.795177 72020 1224
1284368207 679352 59.92446 10.795174 9436 1140
1284368208 680672 59.92446 10.795174 8088 1320
1284368210 681968 59.92446 10.795174 5392 1296
1284368211 682988 59.92446 10.795174 6740 1020
1284368212 684128 59.92446 10.795174 6740 1140
1284368213 685172 59.924448 10.79517 6740 1044
1284368214 686228 59.924448 10.79517 8088 1056
1284368215 687293 59.924438 10.795149 8088 1065
1284368216 688328 59.924421 10.795107 12132 1033
1284368217 689373 59.924405 10.795048 21568 1045
1284368220 692252 59.924405 10.795048 1348 2879
1284368222 694368 59.924384 10.794968 68556 2116
1284368223 695388 59.924371 10.794835 13480 1020
1284368224 696412 59.924351 10.794684 14828 1024
1284368225 697472 59.924351 10.794684 17524 1060
1284368226 698528 59.92432 10.794527 25612 1056
1284368227 699572 59.924292 10.794335 20220 1044
1284368228 700608 59.924244 10.794136 20220 1035
1284368230 701752 59.924244 10.794136 20220 1144
1284368233 705032 59.924207 10.793905 28516 3280
1284368234 706268 59.92416 10.793688 18660 1236
1284368235 707352 59.924117 10.793489 67404 1084
1284368236 708368 59.924117 10.793489 20220 1015
1284368237 709388 59.924117 10.793489 14828 1020
1284368238 710509 59.924117 10.793489 13480 1121
1284368239 711533 59.924117 10.793489 14828 1024
1284368240 712568 59.924117 10.793489 12132 1035
1284368241 713672 59.924117 10.793489 14828 1104
1284368242 714712 59.924117 10.793489 18872 1040
1284368244 715753 59.924117 10.793489 18872 1041
1284368245 716828 59.924117 10.793489 17524 1075
1284368247 718892 59.924117 10.793489 17332 2064
1284368248 719936 59.924117 10.793489 13480 1044
1284368249 721013 59.924117 10.793489 14828 1077
1284368250 722032 59.924117 10.793489 16176 1019
1284368251 723116 59.924117 10.793489 22916 1084
1284368252 724132 59.924117 10.793489 12132 1016
1284368253 725213 59.924117 10.793489 16176 1081
1284368254 726520 59.924117 10.793489 12132 1307
1284368255 727532 59.924117 10.793489 12132 1012
1284368256 728572 59.924117 10.793489 13480 1040
1284368257 729632 59.924117 10.793489 16176 1060
1284368258 730652 59.924117 10.793489 12132 1020
1284368260 731752 59.924117 10.793489 15784 1100
1284368261 732992 59.924117 10.793489 19264 1240
1284368262 734213 59.924117 10.793489 13480 1221
1284368266 738364 59.924117 10.793489 13480 4151
1284368267 739448 59.924117 10.793489 20100 1084
1284368268 740452 59.924117 10.793489 86392 1004
1284368269 741668 59.924117 10.793489 22916 1216
1284368271 742852 59.924117 10.793489 28308 1184
1284368272 744096 59.924117 10.793489 24264 1244
1284368273 745173 59.924117 10.793489 7893 1077
1284368274 746192 59.924117 10.793489 22916 1019
1284368275 747312 59.924117 10.793489 25612 1120
1284368276 748532 59.924117 10.793489 22916 1220
1284368278 750012 59.924117 10.793489 31004 1478
1284368279 751072 59.924117 10.793489 28308 1060
1284368280 752073 59.924117 10.793489 24264 1001
1284368283 755228 59.924117 10.793489 16948 3155
1284368284 756253 59.924117 10.793489 36972 1025
1284368285 757272 59.924117 10.793489 63356 1019
1284368286 758316 59.924117 10.793489 18872 1044
1284368287 759332 59.924117 10.793489 21568 1016
1284368288 760492 59.924117 10.793489 17524 1160
1284368292 764288 59.924117 10.793489 21776 3794
1284368293 765293 59.924117 10.793489 14620 1005
1284368296 768069 59.924117 10.793489 40251 2776
1284368297 769193 59.924117 10.793489 12132 1124
1284368298 770228 59.924117 10.793489 21568 1035
1284368299 771232 59.924117 10.793489 18872 1004
1284368300 772508 59.924117 10.793489 18872 1276
1284368301 773617 59.924117 10.793489 21568 1109
1284368302 774632 59.924117 10.793489 20220 1015
1284368304 775777 59.924117 10.793489 21568 1145
1284368305 776812 59.924117 10.793489 14828 1035
1284368309 781208 59.924117 10.793489 14828 4396
1284368310 782288 59.924117 10.793489 78184 1080
1284368311 783673 59.924117 10.793489 22916 1385
1284368313 784912 59.924117 10.793489 21568 1239
1284368314 785916 59.924117 10.793489 20220 1004
1284368315 786968 59.924117 10.793489 17524 1052
1284368316 787972 59.924117 10.793489 16176 1004
1284368319 791033 59.924117 10.793489 21776 3061
1284368320 792052 59.924117 10.793489 31004 1019
1284368321 793132 59.924117 10.793489 14428 1079
1284368322 794332 59.924117 10.793489 9436 1200
1284368323 795488 59.924117 10.793489 13480 1156
1284368324 796552 59.924117 10.793489 10784 1064
1284368325 797708 59.924117 10.793489 12132 1156
1284368327 799013 59.924117 10.793489 10784 1305
1284368328 800033 59.924117 10.793489 12132 1020
1284368329 801188 59.924117 10.793489 10784 1155
1284368330 802732 59.924117 10.793489 8088 1544
1284368332 803757 59.924117 10.793489 9436 1025
1284368333 804948 59.924117 10.793489 5392 1191
1284368343 815076 59.924117 10.793489 20428 10128
1284368344 816136 59.924117 10.793489 41580 1060
1284368345 817236 59.924117 10.793489 12132 1100
1284368346 818476 59.924117 10.793489 12132 1240
1284368347 819696 59.924117 10.793489 16176 1220
1284368348 820733 59.924117 10.793489 12132 1037
1284368350 821932 59.924117 10.793489 12132 1199
1284368351 822976 59.924117 10.793489 12132 1044
1284368352 824001 59.924117 10.793489 14828 1025
1284368353 825216 59.924117 10.793489 9436 1215
1284368354 826696 59.924117 10.793489 5392 1480
1284368355 827716 59.924117 10.793489 6740 1020
1284368357 828956 59.924117 10.793489 12132 1240
1284368358 830037 59.924117 10.793489 10784 1081
1284368359 831496 59.924117 10.793489 20220 1459
1284368360 832596 59.924117 10.793489 12132 1100
1284368362 833752 59.924117 10.793489 18872 1156
1284368363 835073 59.924117 10.793489 10784 1321
1284368364 836332 59.924117 10.793489 8088 1259
1284368365 837376 59.924117 10.793489 12132 1044
1284368366 838396 59.924117 10.793489 14828 1020
1284368373 845496 59.924117 10.793489 11940 7100
1284368374 846556 59.924117 10.793489 13480 1060
1284368375 847612 59.924117 10.793489 17524 1056
1284368376 848632 59.924117 10.793489 16176 1020
1284368377 849697 59.924117 10.793489 20220 1065
1284368378 850732 59.924117 10.793489 20220 1035
1284368380 851813 59.924117 10.793489 20220 1081
1284368381 852832 59.924117 10.793489 20220 1019
1284368382 853896 59.924117 10.793489 18872 1064
1284368386 858476 59.924117 10.793489 18872 4580
1284368388 859837 59.924117 10.793489 45832 1361
1284368389 860856 59.924117 10.793489 52572 1019
1284368390 861945 59.924117 10.793489 20220 1089
1284368391 862957 59.924117 10.793489 14828 1012
1284368392 863992 59.924117 10.793489 14828 1035
1284368393 864996 59.924117 10.793489 18872 1004
1284368396 868497 59.924117 10.793489 17524 3501
1284368398 870616 59.924117 10.793489 59120 2117
1284368400 871836 59.924117 10.793489 20220 1220
1284368401 872936 59.924117 10.793489 20220 1100
1284368402 874012 59.924117 10.793489 21568 1076
1284368403 875256 59.924117 10.793489 18872 1244
1284368404 876292 59.924117 10.793489 17524 1036
1284368405 877316 59.924117 10.793489 21568 1024
1284368406 878556 59.924117 10.793489 20220 1240
