1285743175 1480729 59.851265 10.781479 337896 1001
1285743176 1481730 59.851256 10.781493 452008 1001
1285743177 1482731 59.851256 10.781493 523712 1001
1285743178 1483732 59.851237 10.781486 595648 1001
1285743179 1484779 59.851224 10.781483 549704 1047
1285743180 1485780 59.851215 10.781497 618904 1001
1285743181 1486781 59.851215 10.781497 590176 1001
1285743182 1487782 59.851202 10.781511 549704 1001
1285743183 1488798 59.851187 10.781543 606592 1016
1285743184 1489799 59.851185 10.78156 545600 1001
1285743185 1490800 59.851185 10.78156 612064 1001
1285743186 1491878 59.851178 10.781596 572960 1078
1285743187 1492879 59.851175 10.781631 564184 1001
1285743188 1493880 59.851172 10.781666 546400 1001
1285743189 1494979 59.851172 10.781666 527816 1099
1285743190 1495989 59.851159 10.78168 460216 1010
1285743191 1496990 59.851148 10.781712 535453 1001
1285743192 1497991 59.851133 10.781743 517675 1001
1285743193 1498998 59.851133 10.781743 521776 1007
1285743194 1499999 59.851112 10.781754 432056 1001
1285743195 1501009 59.851086 10.781765 490312 1010
1285743196 1502019 59.851072 10.781779 478000 1010
1285743197 1503024 59.851072 10.781779 531352 1005
1285743198 1504028 59.851051 10.78179 454744 1004
1285743199 1505068 59.851039 10.781787 492248 1040
1285743200 1506178 59.851018 10.781798 410968 1110
1285743201 1507188 59.851018 10.781798 409600 1010
1285743202 1508189 59.851004 10.781812 476632 1001
1285743203 1509190 59.850983 10.781823 372664 1001
1285743204 1510198 59.850971 10.781819 462952 1008
1285743205 1511199 59.850971 10.781819 516304 1001
1285743206 1512200 59.85095 10.78183 490312 1001
1285743207 1513201 59.850935 10.781823 468424 1001
1285743208 1514248 59.850921 10.781838 488144 1047
1285743209 1515249 59.850921 10.781838 527248 1001
1285743210 1516250 59.850901 10.781831 584704 1001
1285743211 1517290 59.850888 10.781845 530552 1040
1285743212 1518298 59.850868 10.781838 487576 1008
1285743213 1519299 59.850868 10.781838 439696 1001
1285743214 1520300 59.850854 10.781853 435592 1001
1285743215 1521308 59.850834 10.781846 409600 1008
1285743216 1522310 59.850821 10.78186 378136 1002
1285743217 1523311 59.850821 10.78186 379504 1001
1285743218 1524312 59.850801 10.781853 384976 1001
1285743219 1525318 59.850788 10.781868 340632 1006
1285743220 1526319 59.850768 10.781861 343936 1001
1285743221 1527327 59.850768 10.781861 330256 1008
1285743222 1528328 59.850754 10.781875 348040 1001
1285743223 1529333 59.850742 10.781872 282376 1005
1285743224 1530368 59.850721 10.781883 352144 1035
1285743225 1531369 59.850721 10.781883 372096 1001
1285743226 1532378 59.850709 10.781879 322048 1009
1285743227 1533379 59.850695 10.781894 311105 1001
1285743228 1534388 59.850682 10.781908 322048 1009
1285743229 1535438 59.850682 10.781908 311104 1050
1285743230 1536439 59.850662 10.781901 254448 1001
1285743231 1537447 59.850648 10.781915 238600 1008
1285743232 1538457 59.850636 10.781912 239400 1010
1285743233 1539458 59.850636 10.781912 234496 1001
1285743235 1540537 59.850615 10.781923 260488 1079
1285743236 1541538 59.850601 10.781937 247608 1001
1285743237 1542547 59.850589 10.781934 189352 1009
1285743238 1543552 59.850589 10.781934 248976 1005
1285743239 1544557 59.850576 10.781948 283744 1005
1285743240 1545558 59.850563 10.781944 232560 1001
1285743241 1546566 59.850544 10.781938 155152 1008
1285743242 1547568 59.850544 10.781938 238032 1002
1285743243 1548569 59.85053 10.781952 174304 1001
1285743244 1549581 59.850518 10.781949 225720 1012
1285743245 1550587 59.850497 10.781959 197560 1006
1285743246 1551588 59.850497 10.781959 231192 1001
1285743247 1552598 59.850485 10.781956 430120 1010
1285743248 1553599 59.850473 10.781953 367192 1001
1285743249 1554600 59.850459 10.781967 289216 1001
1285743250 1555615 59.850459 10.781967 252280 1015
1285743251 1556617 59.850439 10.78196 328320 1002
1285743252 1557618 59.850427 10.781957 282376 1001
1285743253 1558632 59.850415 10.781954 209872 1014
1285743254 1559637 59.850415 10.781954 306432 1005
1285743255 1560647 59.850407 10.78195 230392 1010
1285743256 1561649 59.850407 10.78195 224920 1002
1285743257 1562717 59.850395 10.781947 389080 1068
1285743258 1563727 59.850395 10.781947 281808 1010
1285743259 1564737 59.850388 10.781944 167464 1010
1285743260 1565738 59.850375 10.78194 320112 1001
1285743261 1566757 59.850368 10.781937 297423 1019
1285743262 1567767 59.850368 10.781937 289216 1010
1285743263 1568768 59.850356 10.781934 262656 1001
1285743264 1569777 59.85036 10.781934 197560 1009
1285743265 1570788 59.85036 10.781934 217512 1011
1285743266 1571798 59.85036 10.781934 244072 1010
1285743267 1572807 59.850359 10.781951 197560 1009
1285743268 1573808 59.850356 10.781948 229824 1001
1285743269 1574809 59.850356 10.781948 257752 1001
1285743270 1575907 59.850356 10.781948 313840 1098
1285743271 1576908 59.850357 10.78193 257184 1001
1285743272 1577917 59.850348 10.781944 283744 1009
1285743273 1578937 59.850352 10.781944 278272 1020
1285743274 1579957 59.850352 10.781944 295488 1020
1285743275 1580967 59.850352 10.781944 163360 1010
1285743276 1581988 59.850345 10.781941 162792 1021
1285743277 1583017 59.850349 10.781941 197560 1029
1285743278 1584018 59.850349 10.781941 244872 1001
1285743279 1585027 59.850349 10.781941 167464 1009
1285743280 1586028 59.850349 10.781941 284544 1001
1285743281 1587036 59.850342 10.781938 260488 1008
1285743282 1588037 59.850342 10.781938 209304 1001
1285743283 1589047 59.850346 10.781938 190720 1010
1285743284 1590057 59.850348 10.78192 251712 1010
1285743285 1591067 59.850348 10.78192 239968 1010
1285743286 1592077 59.850348 10.78192 213976 1010
1285743287 1593078 59.850348 10.78192 248976 1001
1285743288 1594087 59.850352 10.78192 207136 1009
1285743289 1595088 59.850352 10.78192 306432 1001
1285743290 1596089 59.850352 10.78192 286480 1001
1285743291 1597097 59.850345 10.781917 331624 1008
1285743292 1598098 59.850346 10.781899 312453 1001
1285743293 1599347 59.850346 10.781899 339851 1249
1285743294 1600357 59.850346 10.781899 316008 1010
1285743295 1601367 59.850346 10.781899 338465 1010
1285743296 1602376 59.850346 10.781899 246808 1009
1285743297 1603377 59.850351 10.781899 257184 1001
1285743298 1604387 59.850351 10.781899 271432 1010
1285743299 1605407 59.850351 10.781899 242704 1020
1285743300 1606417 59.850352 10.781882 288648 1010
1285743301 1607418 59.850352 10.781882 227656 1001
1285743302 1608427 59.850352 10.781882 266760 1009
1285743303 1609437 59.850352 10.781882 260488 1010
1285743304 1610446 59.850352 10.781882 291952 1009
1285743305 1611457 59.850352 10.781882 272800 1011
1285743306 1612467 59.850352 10.781882 288648 1010
1285743307 1613468 59.850352 10.781882 294688 1001
1285743308 1614477 59.850356 10.781882 319312 1009
1285743309 1615487 59.850356 10.781882 298224 1010
1285743310 1616496 59.850356 10.781882 193456 1009
1285743311 1617497 59.850364 10.781885 224352 1001
1285743312 1618507 59.850376 10.781889 209872 1010
1285743313 1619516 59.850404 10.781899 246808 1009
1285743314 1620517 59.850404 10.781899 281808 1001
1285743315 1621518 59.850437 10.781891 259120 1001
1285743316 1622527 59.85049 10.78189 294688 1009
1285743317 1623528 59.850555 10.781893 367192 1001
1285743319 1624536 59.850555 10.781893 299592 1008
1285743320 1625551 59.85063 10.781881 260488 1015
1285743321 1626556 59.850708 10.781869 300160 1005
1285743322 1627567 59.850802 10.781864 257184 1011
1285743323 1628576 59.850802 10.781864 198928 1009
1285743324 1629586 59.850898 10.781842 160056 1010
1285743325 1630587 59.850994 10.781819 194824 1001
1285743326 1631596 59.851101 10.7818 243504 1009
1285743327 1632607 59.851101 10.7818 227656 1011
1285743328 1633616 59.851216 10.781784 251712 1009
1285743329 1634617 59.851341 10.781754 237231 1001
1285743330 1635636 59.851468 10.781742 248176 1019
1285743331 1636637 59.851468 10.781742 266760 1001
1285743332 1637646 59.851605 10.781767 193456 1009
1285743333 1638647 59.851749 10.781797 216144 1001
1285743334 1639666 59.851889 10.781878 161992 1019
1285743335 1640676 59.851889 10.781878 199728 1010
1285743336 1641696 59.852035 10.781981 190720 1020
1285743337 1642708 59.852175 10.782101 169632 1012
1285743338 1643716 59.852326 10.782242 135432 1008
1285743339 1644726 59.852326 10.782242 131896 1010
1285743340 1645736 59.852474 10.782366 162792 1010
1285743341 1646746 59.852611 10.782483 136800 1010
1285743342 1647756 59.852746 10.782603 101800 1010
1285743343 1648776 59.852746 10.782603 94392 1020
1285743344 1649786 59.85287 10.782734 109440 1010
1285743345 1650816 59.85299 10.782847 91656 1030
1285743346 1651846 59.853109 10.782978 77176 1030
1285743347 1652856 59.853109 10.782978 91656 1010
1285743348 1653876 59.853232 10.783109 121752 1020
1285743349 1654906 59.853359 10.783244 61560 1030
1285743350 1655935 59.853484 10.783357 39672 1029
1285743351 1656976 59.853484 10.783357 46512 1041
1285743352 1658016 59.853616 10.783474 36936 1040
1285743353 1659026 59.853761 10.783594 25192 1010
1285743354 1660056 59.853898 10.783711 39672 1030
1285743375 1680922 59.853898 10.783711 21888 20866
1285743376 1681944 59.854044 10.783814 108072 1022
1285743377 1682953 59.854193 10.783934 270064 1009
1285743378 1683954 59.854342 10.784054 335160 1001
1285743379 1684964 59.854342 10.784054 278272 1010
1285743380 1685965 59.854502 10.784143 215344 1001
1285743381 1686983 59.854657 10.784245 336528 1018
1285743382 1687984 59.854814 10.78433 287848 1001
1285743383 1688993 59.854814 10.78433 320680 1009
1285743384 1689994 59.854966 10.784416 297424 1001
1285743385 1691003 59.85511 10.784497 337896 1009
1285743386 1692005 59.855256 10.784562 297421 1002
1285743387 1693014 59.855256 10.784562 305635 1009
1285743388 1694022 59.855402 10.784626 230392 1008
1285743389 1695234 59.855543 10.78469 229824 1212
1285743390 1696291 59.85569 10.784737 187952 1057
1285743391 1697292 59.85569 10.784737 281840 1001
1285743392 1698303 59.855836 10.784801 145576 1011
1285743393 1699312 59.855984 10.784848 195624 1009
1285743394 1700322 59.856134 10.784912 226288 1010
1285743395 1701333 59.856134 10.784912 254448 1011
1285743396 1702353 59.856272 10.784973 231761 1020
1285743397 1703362 59.856404 10.785013 284083 1009
1285743398 1704363 59.856544 10.785057 254109 1001
1285743399 1705372 59.856544 10.785057 283744 1009
1285743400 1706397 59.856693 10.785086 290584 1025
1285743401 1707404 59.856822 10.785108 337896 1007
1285743402 1708412 59.8569183333333 10.785109 286480 1008
1285743403 1709415 59.8570146666667 10.78511 272800 1003
1285743404 1710523 59.857111 10.785111 324784 1108
1285743405 1711533 59.857255 10.785049 326952 1010
1285743407 1712543 59.857405 10.78497 297424 1010
1285743408 1713550 59.857405 10.78497 302896 1007
1285743409 1714792 59.857554 10.784894 300160 1242
1285743410 1715793 59.857701 10.784797 326952 1001
1285743411 1716795 59.857841 10.784718 308368 1002
1285743412 1717803 59.857841 10.784718 294688 1008
1285743413 1718812 59.857982 10.784638 304264 1009
1285743414 1719823 59.858123 10.784559 339264 1011
1285743415 1720824 59.858266 10.784501 301528 1001
1285743416 1721833 59.858266 10.784501 302896 1009
1285743417 1722843 59.858399 10.784456 301528 1010
1285743418 1723844 59.858522 10.784444 332424 1001
1285743419 1724852 59.858648 10.784487 252280 1008
1285743420 1725864 59.858648 10.784487 297424 1012
1285743421 1726932 59.858773 10.784548 326152 1068
1285743422 1727933 59.858881 10.784658 331056 1001
1285743423 1728953 59.858982 10.784804 302896 1020
1285743424 1729954 59.858982 10.784804 302896 1001
1285743425 1730962 59.85908 10.784984 291951 1008
1285743426 1731963 59.859181 10.785182 331056 1001
1285743427 1732972 59.859279 10.785362 265960 1009
1285743428 1733973 59.859279 10.785362 263224 1001
1285743429 1734982 59.859369 10.785539 290016 1009
1285743430 1735992 59.859464 10.785664 211240 1010
1285743431 1737012 59.859553 10.78575 205200 1020
1285743434 1739942 59.859553 10.78575 115480 2930
1285743435 1740952 59.859648 10.785836 513568 1010
1285743436 1741962 59.859744 10.785904 228456 1010
1285743437 1742982 59.859843 10.785937 185248 1020
1285743438 1744001 59.859843 10.785937 87552 1019
1285743439 1745009 59.859946 10.785971 102600 1008
1285743445 1750824 59.860053 10.785952 16384 5815
1285743447 1753444 59.860167 10.785915 49848 2620
1285743448 1754446 59.860167 10.785915 149112 1001
1285743449 1755447 59.860296 10.785846 453376 1001
1285743450 1756448 59.860432 10.785781 528616 1001
1285743451 1757449 59.860556 10.785713 530552 1001
1285743452 1758455 59.860556 10.785713 543664 1006
1285743453 1759456 59.860695 10.785613 592912 1001
1285743454 1760457 59.86083 10.785513 499088 1001
1285743455 1761458 59.860965 10.785412 503992 1001
1285743456 1762459 59.860965 10.785412 479368 1001
1285743457 1763465 59.861113 10.785336 509464 1006
1285743458 1764466 59.861266 10.78526 457480 1001
1285743459 1765467 59.861411 10.785181 483472 1001
1285743460 1766505 59.861411 10.785181 415641 1038
1285743461 1767515 59.861567 10.785123 472528 1010
1285743462 1768525 59.861722 10.785043 413704 1010
1285743463 1769535 59.861878 10.784985 372664 1010
1285743465 1770544 59.861878 10.784985 379504 1009
1285743466 1771596 59.862032 10.784906 410968 1051
1285743467 1772605 59.86219 10.78483 453376 1009
1285743468 1773606 59.862338 10.784768 430120 1001
1285743469 1774614 59.862338 10.784768 387712 1008
1285743470 1775615 59.8625 10.784692 409600 1001
1285743471 1776616 59.862653 10.78463 479368 1001
1285743472 1777617 59.86281 10.784554 493048 1001
1285743473 1778625 59.86281 10.784554 491680 1008
1285743474 1779634 59.862965 10.784475 494416 1009
1285743475 1780635 59.863127 10.784399 431488 1001
1285743476 1781685 59.863283 10.78434 432056 1049
1285743477 1782695 59.863283 10.78434 438328 1010
1285743478 1783696 59.863445 10.784264 505360 1001
1285743479 1784708 59.863607 10.784188 438328 1012
1285743480 1785714 59.863763 10.78413 413704 1006
1285743481 1786715 59.863763 10.78413 498520 1001
1285743482 1787716 59.863922 10.784089 490312 1001
1285743483 1788725 59.864077 10.784048 499088 1009
1285743484 1789726 59.864234 10.784025 553240 1001
1285743485 1790727 59.864234 10.784025 484840 1001
1285743486 1791735 59.86438 10.783998 536824 1008
1285743487 1792736 59.864531 10.783992 515504 1001
1285743488 1793744 59.864674 10.784001 524512 1008
1285743489 1794745 59.864674 10.784001 497152 1001
1285743490 1795747 59.864818 10.783991 427384 1002
1285743491 1796754 59.864956 10.784 516304 1007
1285743492 1797774 59.86509 10.784022 443000 1020
1285743493 1798775 59.86509 10.784022 516304 1001
1285743494 1799776 59.865219 10.784045 508096 1001
1285743495 1800784 59.865345 10.78405 516304 1008
1285743496 1801785 59.865461 10.784069 452008 1001
1285743497 1802965 59.865461 10.784069 474464 1180
1285743498 1803966 59.865568 10.784067 549136 1001
1285743499 1804974 59.865669 10.784027 580600 1008
1285743500 1805985 59.865763 10.783984 503192 1011
1285743501 1806994 59.865763 10.783984 528616 1009
1285743502 1807995 59.865864 10.783944 575128 1001
1285743503 1809009 59.865957 10.783865 589376 1014
1285743504 1810014 59.866067 10.783811 609328 1005
1285743505 1811015 59.866067 10.783811 482104 1001
1285743506 1812035 59.866167 10.783736 488144 1020
1285743507 1813036 59.866271 10.783661 446536 1001
1285743508 1814037 59.866376 10.783586 410968 1001
1285743509 1815038 59.866376 10.783586 479368 1001
1285743510 1816039 59.866489 10.783496 568288 1001
1285743511 1817044 59.8666 10.783442 538192 1005
1285743512 1818045 59.86671 10.783388 452576 1001
1285743513 1819046 59.86671 10.783388 550504 1001
1285743514 1820054 59.866832 10.783354 543663 1008
1285743515 1821056 59.866953 10.783359 530552 1002
1285743516 1822064 59.867071 10.783361 575128 1008
1285743517 1823065 59.867071 10.783361 584704 1001
1285743518 1824067 59.867196 10.783384 546968 1002
1285743519 1825074 59.86733 10.783392 624376 1007
1285743520 1826075 59.86745 10.783414 559280 1001
1285743521 1827080 59.86745 10.783414 554608 1005
1285743522 1828085 59.867574 10.783437 540928 1005
1285743523 1829154 59.867709 10.783428 504560 1069
1285743524 1830155 59.867844 10.783419 502624 1001
1285743525 1831165 59.867844 10.783419 564184 1010
1285743526 1832214 59.867988 10.783395 571592 1049
1285743527 1833215 59.868129 10.783369 590176 1001
1285743528 1834234 59.868267 10.783324 603856 1019
1285743529 1835235 59.868267 10.783324 582536 1001
1285743530 1836245 59.868407 10.783262 598384 1010
1285743531 1837414 59.868552 10.783183 490880 1169
1285743532 1838424 59.868693 10.783104 430120 1010
1285743533 1839425 59.868693 10.783104 565552 1001
1285743534 1840426 59.868827 10.783004 550504 1001
1285743535 1841504 59.868959 10.782886 501824 1078
1285743536 1842505 59.869097 10.782751 499888 1001
1285743537 1843506 59.869097 10.782751 543664 1001
1285743538 1844507 59.869225 10.78263 498520 1001
1285743539 1845514 59.869355 10.782491 423280 1007
1285743540 1846524 59.86948 10.782352 487576 1010
1285743541 1847525 59.86948 10.782352 438896 1001
1285743542 1848534 59.869603 10.78221 409600 1009
1285743543 1849535 59.869727 10.782089 543664 1001
1285743545 1850545 59.869849 10.781947 469792 1010
1285743546 1851553 59.869849 10.781947 421912 1008
1285743547 1852564 59.869959 10.781802 426016 1011
1285743548 1853566 59.870076 10.781678 434225 1001
1285743549 1854574 59.870186 10.781532 428752 1008
1285743550 1855575 59.870186 10.781532 424648 1001
1285743551 1856584 59.870295 10.781404 505357 1009
1285743552 1857585 59.870403 10.781277 560651 1001
1285743553 1858586 59.870512 10.781149 558712 1001
1285743554 1859587 59.870512 10.781149 420544 1001
1285743555 1860593 59.870621 10.781021 461584 1006
1285743556 1861603 59.870734 10.780932 231760 1010
1285743557 1862613 59.870854 10.780825 138168 1010
1285743558 1863623 59.870854 10.780825 93592 1010
1285743559 1864633 59.870958 10.78075 162792 1010
1285743560 1865634 59.871076 10.78066 129960 1001
1285743562 1867733 59.871179 10.780603 20520 2099
1285743563 1868743 59.871179 10.780603 100432 1010
1285743564 1869753 59.871291 10.780531 87552 1010
1285743565 1870763 59.871407 10.780459 83448 1010
1285743566 1871783 59.871512 10.780384 79344 1020
1285743567 1872823 59.871512 10.780384 82080 1040
1285743568 1873833 59.871622 10.78033 35568 1010
1285743569 1874853 59.871733 10.780275 37504 1020
1285743570 1875863 59.871842 10.7802 49248 1010
1285743571 1876943 59.871842 10.7802 30096 1080
1285743572 1877953 59.871952 10.780146 103968 1010
1285743573 1878963 59.872063 10.780092 82080 1010
1285743574 1879973 59.872173 10.780037 110808 1010
1285743575 1880983 59.872173 10.780037 77176 1010
1285743576 1881993 59.872276 10.77998 76608 1010
1285743577 1883003 59.872387 10.779925 127224 1010
1285743578 1884496 59.872485 10.779868 42408 1493
1285743579 1885506 59.872485 10.779868 198925 1010
1285743580 1886513 59.872587 10.779828 339835 1007
1285743581 1887514 59.872673 10.779767 419176 1001
1285743582 1888515 59.872762 10.779723 435592 1001
1285743583 1889523 59.872762 10.779723 431488 1008
1285743584 1890524 59.872852 10.77968 402757 1001
1285743585 1891534 59.872934 10.779633 408235 1010
1285743587 1892543 59.873011 10.779586 378135 1009
1285743588 1893549 59.873011 10.779586 367992 1006
1285743589 1894553 59.873088 10.779539 337096 1004
1285743590 1895563 59.873164 10.77951 345304 1010
1285743591 1896573 59.873241 10.779463 296056 1010
1285743592 1897575 59.873241 10.779463 430120 1002
1285743593 1898576 59.87332 10.779399 472528 1001
1285743594 1899583 59.873404 10.779356 431488 1007
1285743595 1900584 59.873497 10.779277 390448 1001
1285743596 1901593 59.873497 10.779277 337096 1009
1285743597 1902594 59.873595 10.779219 324784 1001
1285743598 1903595 59.873703 10.779148 446536 1001
1285743599 1904603 59.873807 10.779072 342568 1008
1285743600 1905613 59.873807 10.779072 284544 1010
1285743601 1906633 59.87392 10.778983 253648 1020
1285743602 1907683 59.874037 10.778911 237232 1050
1285743603 1908693 59.87415 10.778822 196992 1010
1285743604 1909703 59.87415 10.778822 187416 1010
1285743605 1910712 59.874264 10.778732 153784 1009
1285743606 1911722 59.87437 10.77864 195624 1010
1285743607 1912733 59.874483 10.77855 246808 1011
1285743608 1913773 59.874483 10.77855 249544 1040
1285743609 1914783 59.874601 10.778461 318744 1010
1285743610 1915793 59.874715 10.778372 278272 1010
1285743611 1916794 59.874829 10.778265 357616 1001
1285743612 1917795 59.874829 10.778265 488944 1001
1285743613 1918803 59.874943 10.778175 394552 1008
1285743614 1919804 59.875058 10.778068 341200 1001
1285743615 1920812 59.875177 10.777961 317944 1008
1285743616 1921822 59.875177 10.777961 359784 1010
1285743617 1922823 59.875292 10.777855 259120 1001
1285743618 1923824 59.875413 10.77773 283744 1001
1285743619 1924832 59.875532 10.777623 285112 1008
1285743620 1925833 59.875532 10.777623 268128 1001
1285743621 1926834 59.875661 10.777502 261856 1001
1285743622 1927835 59.875789 10.777381 330256 1001
1285743623 1928843 59.875918 10.77726 346104 1008
1285743624 1929844 59.875918 10.77726 312472 1001
1285743625 1930852 59.876045 10.777156 415072 1008
1285743626 1931853 59.876183 10.777021 447904 1001
1285743627 1932854 59.876311 10.7769 302896 1001
1285743628 1933862 59.876311 10.7769 257752 1008
1285743629 1934863 59.876452 10.776782 295488 1001
1285743634 1940478 59.87658 10.776661 16384 5615
1285743637 1943297 59.876715 10.776561 22488 2819
1285743638 1944318 59.876715 10.776561 125856 1021
1285743639 1945319 59.876863 10.776446 406864 1001
1285743640 1946328 59.877002 10.776346 525880 1009
1285743641 1947330 59.87714 10.776263 529984 1002
1285743642 1948367 59.87714 10.776263 460784 1037
1285743643 1949368 59.877278 10.77618 409600 1001
1285743644 1950369 59.877415 10.776098 520408 1001
1285743645 1951370 59.877559 10.776036 491680 1001
1285743646 1952377 59.877559 10.776036 531353 1007
1285743647 1953478 59.877703 10.775974 504560 1101
1285743648 1954487 59.877847 10.775912 546400 1009
1285743649 1955488 59.877982 10.775864 524512 1001
1285743650 1956489 59.877982 10.775864 510832 1001
1285743651 1957490 59.878126 10.775803 474464 1001
1285743652 1958507 59.878273 10.775758 484840 1017
1285743653 1959508 59.878415 10.775714 483472 1001
1285743654 1960518 59.878415 10.775714 490312 1010
1285743655 1961527 59.878559 10.775652 498520 1009
1285743656 1962528 59.878714 10.775611 450640 1001
1285743658 1963537 59.878857 10.775549 453944 1009
1285743659 1964538 59.878857 10.775549 475264 1001
1285743660 1965539 59.879003 10.77547 509464 1001
1285743661 1966547 59.879139 10.775405 478000 1008
1285743662 1967550 59.879278 10.775305 505360 1003
1285743663 1968557 59.879278 10.775305 486767 1007
1285743664 1969559 59.879411 10.775183 465697 1002
1285743665 1970567 59.879537 10.775059 509464 1008
1285743666 1971568 59.879662 10.774934 519040 1001
1285743667 1972569 59.879662 10.774934 529984 1001
1285743668 1973588 59.879787 10.77481 508664 1019
1285743669 1974589 59.879913 10.774685 486208 1001
1285743670 1975590 59.880034 10.774561 499888 1001
1285743671 1976597 59.880034 10.774561 465688 1007
1285743672 1977617 59.880147 10.774433 519608 1020
1285743673 1978619 59.880252 10.774302 514936 1002
1285743674 1979620 59.880352 10.774188 506728 1001
1285743675 1980627 59.880352 10.774188 525880 1007
1285743676 1981697 59.88044 10.774071 500456 1070
1285743677 1982699 59.880527 10.773954 513568 1002
1285743678 1983701 59.880598 10.773848 516304 1002
1285743679 1984708 59.880598 10.773848 505360 1007
1285743680 1985710 59.880666 10.773763 483472 1002
1285743681 1986998 59.880728 10.77371 438895 1288
1285743682 1988006 59.880763 10.773684 483472 1008
1285743683 1989096 59.880763 10.773684 335728 1090
1285743684 1990207 59.880778 10.773653 410968 1111
1285743685 1991217 59.880785 10.773656 350208 1010
1285743686 1992226 59.880785 10.773656 229024 1009
1285743687 1993237 59.880785 10.773656 302896 1011
1285743688 1994246 59.880784 10.773674 268128 1009
1285743689 1995247 59.880784 10.773674 230392 1001
1285743690 1996267 59.880784 10.773674 268696 1020
1285743691 1997457 59.880784 10.773674 397288 1190
1285743692 1998466 59.880779 10.773674 409600 1009
1285743693 1999467 59.880779 10.773674 464320 1001
1285743694 2000476 59.880786 10.773695 232560 1009
1285743695 2001477 59.880786 10.773695 161992 1001
1285743696 2002486 59.880781 10.773695 179208 1009
1285743697 2003496 59.880787 10.773677 189692 1010
1285743698 2004498 59.880798 10.773645 182972 1002
1285743699 2005526 59.880798 10.773645 227656 1028
1285743701 2006536 59.88082 10.773617 205200 1009
1285743702 2007538 59.880858 10.773557 188784 1002
1285743703 2008539 59.880902 10.773517 229024 1001
1285743704 2009551 59.880902 10.773517 272800 1012
1285743705 2010596 59.880962 10.773429 332992 1045
1285743706 2011606 59.881039 10.773344 272232 1009
1285743707 2012616 59.881133 10.773248 365824 1010
1285743708 2013618 59.881133 10.773248 313840 1002
1285743709 2014626 59.881232 10.773134 339832 1008
1285743710 2015636 59.881329 10.773003 344736 1010
1285743711 2016637 59.881439 10.772857 379504 1001
1285743712 2017646 59.881439 10.772857 415072 1009
1285743713 2018647 59.881554 10.772712 421912 1001
1285743714 2019648 59.881672 10.77257 289216 1001
1285743715 2020656 59.881803 10.772414 246808 1008
1285743716 2021658 59.881803 10.772414 301528 1002
1285743717 2022666 59.881936 10.77224 376200 1008
1285743718 2023667 59.882069 10.772066 348040 1001
1285743719 2024668 59.882209 10.771896 361720 1001
1285743720 2025669 59.882209 10.771896 369928 1001
1285743721 2026676 59.882354 10.771725 334360 1007
1285743722 2027678 59.882487 10.771551 281008 1002
1285743723 2028686 59.882626 10.771398 328320 1008
1285743724 2029708 59.882626 10.771398 285112 1022
1285743725 2030716 59.882763 10.771225 293320 1008
1285743726 2031717 59.882908 10.771054 354880 1001
1285743727 2032718 59.88304 10.770898 475264 1001
1285743728 2033846 59.88304 10.770898 283744 1128
1285743729 2034847 59.883182 10.770762 231192 1001
1285743730 2035866 59.883316 10.770624 235864 1019
1285743731 2036867 59.883452 10.770467 300960 1001
1285743732 2037875 59.883452 10.770467 257752 1008
1285743733 2038876 59.883576 10.770308 168264 1001
1285743734 2039885 59.883704 10.770148 149680 1009
1285743735 2040886 59.883831 10.770006 198360 1001
1285743736 2041896 59.883831 10.770006 142840 1010
1285743737 2042897 59.883946 10.769861 150480 1001
1285743738 2043905 59.884065 10.769754 157320 1008
1285743739 2044916 59.884169 10.76964 73072 1011
1285743740 2045935 59.884169 10.76964 50616 1019
1285743741 2046936 59.884281 10.76953 86184 1001
1285743742 2047955 59.884393 10.769419 124488 1019
1285743743 2048971 59.884505 10.769309 97128 1016
1285743744 2049975 59.884505 10.769309 73072 1004
1285743745 2050976 59.884616 10.769199 142272 1001
1285743746 2051986 59.88474 10.769092 180576 1010
1285743747 2053001 59.88486 10.768985 177041 1015
1285743748 2054007 59.88486 10.768985 114912 1006
1285743749 2055035 59.884987 10.768881 61560 1028
1285743750 2056036 59.885117 10.768795 39672 1001
1285743751 2057045 59.885236 10.768688 61560 1009
1285743752 2058155 59.885236 10.768688 16984 1110
1285743753 2059165 59.885366 10.768602 31464 1010
1285743754 2060175 59.885492 10.768516 54720 1010
1285743755 2061195 59.88562 10.768447 67032 1020
1285743756 2062196 59.88562 10.768447 67032 1001
1285743757 2063226 59.88574 10.76834 61560 1030
1285743758 2064235 59.885865 10.768254 79344 1009
1285743759 2065265 59.885989 10.768147 45712 1030
1285743760 2066266 59.885989 10.768147 83448 1001
1285743761 2067346 59.886116 10.768044 139536 1080
1285743762 2068355 59.886243 10.76794 109456 1009
1285743763 2069526 59.886363 10.767833 43760 1171
1285743764 2070535 59.886363 10.767833 152416 1009
1285743766 2071553 59.886482 10.767726 50616 1018
1285743767 2072555 59.886597 10.767619 46512 1002
1285743768 2073575 59.886717 10.767512 50616 1020
1285743769 2074595 59.886717 10.767512 38304 1020
1285743770 2075615 59.886833 10.767387 45144 1020
1285743771 2076626 59.886942 10.76726 45144 1011
1285743772 2077655 59.887055 10.767132 25192 1029
1285743773 2078715 59.887055 10.767132 45144 1060
1285743774 2079736 59.887165 10.766986 8208 1021
1285743776 2081767 59.887283 10.766844 36936 2031
1285743777 2082775 59.887393 10.766699 79344 1008
1285743778 2083786 59.887393 10.766699 153216 1011
1285743779 2084795 59.887502 10.766571 231760 1009
1285743780 2085805 59.887612 10.766425 296056 1010
1285743781 2086806 59.887728 10.766262 292752 1001
1285743782 2087820 59.887728 10.766262 279640 1014
1285743783 2088823 59.887838 10.766117 239968 1003
1285743784 2089826 59.887953 10.765972 232560 1003
1285743785 2090835 59.888075 10.765829 192088 1009
1285743786 2091836 59.888075 10.765829 213408 1001
1285743787 2092855 59.888197 10.765687 166096 1019
1285743788 2093856 59.88832 10.765545 228456 1001
1285743789 2094865 59.888441 10.765421 186616 1009
1285743790 2095866 59.888441 10.765421 202464 1001
1285743791 2096867 59.888561 10.765296 256384 1001
1285743792 2097868 59.888684 10.765154 318744 1001
1285743793 2098875 59.888797 10.765026 264592 1007
1285743794 2099885 59.888797 10.765026 265960 1010
1285743795 2100886 59.888912 10.764919 304261 1001
1285743796 2101887 59.889033 10.764795 361152 1001
1285743797 2102895 59.889149 10.76467 304267 1008
1285743798 2103896 59.889149 10.76467 323416 1001
1285743799 2104905 59.889261 10.76456 265960 1009
1285743800 2105915 59.889379 10.764418 355680 1010
1285743801 2106916 59.889487 10.76429 287848 1001
1285743802 2107925 59.889487 10.76429 255016 1009
1285743803 2108945 59.889599 10.764127 268128 1020
1285743804 2109955 59.889689 10.763975 242703 1010
1285743805 2110965 59.88979 10.763791 323416 1010
1285743806 2112035 59.88979 10.763791 276904 1070
1285743807 2113135 59.889882 10.763621 233928 1100
1285743808 2114146 59.889979 10.763451 246808 1011
1285743809 2115155 59.890078 10.763285 214776 1009
1285743810 2116164 59.890078 10.763285 114912 1009
1285743811 2117165 59.890178 10.763119 41608 1001
1285743812 2118174 59.890277 10.762952 75240 1009
1285743813 2119175 59.89039 10.762772 212040 1001
1285743814 2120176 59.89039 10.762772 312472 1001
1285743815 2121185 59.890503 10.762591 267328 1009
1285743816 2122205 59.890618 10.762432 309168 1020
1285743817 2123214 59.890728 10.762286 149680 1009
1285743818 2124226 59.890728 10.762286 225720 1012
1285743819 2125234 59.890841 10.762144 198928 1008
1285743820 2126245 59.890938 10.762013 246240 1011
1285743821 2127247 59.891027 10.761878 198928 1002
1285743822 2128254 59.891027 10.761878 224352 1007
1285743823 2129255 59.89111 10.761761 164728 1001
1285743824 2130265 59.891184 10.761658 186048 1010
1285743825 2131275 59.891244 10.76157 153784 1010
1285743826 2132276 59.891244 10.76157 183312 1001
1285743827 2133294 59.891291 10.761495 155152 1018
1285743828 2134296 59.891321 10.761432 168264 1002
1285743829 2135305 59.891336 10.7614 171000 1009
1285743830 2136324 59.891336 10.7614 116848 1019
1285743831 2137334 59.891351 10.761368 129960 1010
1285743832 2138344 59.891362 10.761336 71136 1010
1285743833 2139364 59.891368 10.761319 77976 1020
1285743834 2140374 59.891368 10.761319 112744 1010
1285743835 2141376 59.891383 10.761287 202464 1002
1285743836 2142385 59.891405 10.761259 234496 1009
1285743837 2143386 59.89142 10.761227 181944 1001
1285743838 2144394 59.89142 10.761227 160624 1008
1285743839 2145395 59.891429 10.761213 348840 1001
1285743840 2146405 59.891444 10.761181 265960 1010
1285743841 2147414 59.891467 10.761153 231760 1009
1285743842 2148434 59.891467 10.761153 143640 1020
1285743843 2149435 59.89149 10.761124 231760 1001
1285743844 2150455 59.891509 10.761078 236664 1020
1285743845 2151464 59.891532 10.76105 196192 1009
1285743846 2152465 59.891532 10.76105 253080 1001
1285743847 2153466 59.891555 10.761021 212608 1001
1285743848 2154474 59.891589 10.760996 310536 1008
1285743849 2155475 59.891614 10.76095 261856 1001
1285743850 2156485 59.891614 10.76095 285112 1010
1285743851 2157494 59.891651 10.76089 217512 1009
1285743852 2158495 59.891687 10.760847 182512 1001
1285743853 2159505 59.891731 10.760808 268128 1010
1285743854 2160506 59.891731 10.760808 330256 1001
1285743855 2161514 59.891768 10.760765 257752 1008
1285743856 2162515 59.891808 10.760723 287848 1001
1285743857 2163524 59.891845 10.76068 313272 1009
1285743858 2164525 59.891845 10.76068 289216 1001
1285743859 2165526 59.89189 10.760623 226288 1001
1285743860 2166528 59.891938 10.760584 310536 1002
1285743861 2167534 59.89199 10.76051 291952 1006
1285743862 2168535 59.89199 10.76051 245440 1001
1285743864 2169536 59.892047 10.760456 270864 1001
1285743865 2170545 59.892104 10.760403 239968 1009
1285743866 2171754 59.892156 10.760328 245440 1209
1285743867 2172755 59.892156 10.760328 279072 1001
1285743868 2173764 59.892213 10.760275 281008 1009
1285743869 2174766 59.892272 10.760204 145008 1002
1285743870 2175767 59.892331 10.760132 155152 1001
1285743871 2176774 59.892331 10.760132 309168 1007
1285743872 2177775 59.892393 10.760079 241336 1001
1285743873 2178784 59.89245 10.760025 257752 1009
1285743874 2179794 59.892515 10.759975 317376 1010
1285743875 2180795 59.892515 10.759975 342568 1001
1285743876 2181796 59.892573 10.759922 320680 1001
1285743877 2182814 59.89263 10.759868 296056 1018
1285743878 2183834 59.892689 10.759797 332992 1020
1285743879 2184835 59.892689 10.759797 285912 1001
1285743880 2185844 59.892734 10.75974 237232 1009
1285743881 2186874 59.892787 10.759687 296056 1030
1285743882 2187875 59.892833 10.75963 318744 1001
1285743883 2188876 59.892833 10.75963 276904 1001
1285743884 2189884 59.892889 10.759594 279640 1008
1285743885 2190894 59.892933 10.759555 335160 1010
1285743886 2191904 59.892972 10.759515 276904 1010
1285743887 2192914 59.892972 10.759515 227656 1010
1285743888 2193915 59.893002 10.75949 239400 1001
1285743889 2194916 59.893023 10.759479 230392 1001
1285743890 2195924 59.893037 10.759465 268128 1008
1285743891 2196926 59.893037 10.759465 282376 1002
1285743892 2197934 59.893052 10.759472 282376 1008
1285743893 2198974 59.893052 10.759472 257752 1040
1285743894 2199984 59.893057 10.759472 299592 1010
1285743895 2200985 59.893057 10.759472 301528 1001
1285743896 2201994 59.893064 10.759475 298792 1009
1285743897 2202995 59.893077 10.759478 334360 1001
1285743898 2203996 59.893078 10.759461 389880 1001
1285743899 2204998 59.893078 10.759461 341200 1002
1285743900 2206003 59.893095 10.759464 291952 1005
1285743901 2207004 59.893117 10.759436 291952 1001
1285743902 2208014 59.893144 10.759407 290016 1010
1285743903 2209015 59.893144 10.759407 313840 1001
1285743904 2210024 59.893179 10.759382 348040 1009
1285743905 2211034 59.89322 10.75934 374032 1010
1285743906 2212035 59.893249 10.759294 394552 1001
1285743907 2213043 59.893249 10.759294 341200 1008
1285743908 2214044 59.893288 10.759269 334361 1001
1285743909 2215053 59.893336 10.759229 318744 1009
1285743910 2216055 59.893383 10.759207 229024 1002
1285743911 2217064 59.893383 10.759207 276904 1009
1285743912 2218074 59.893426 10.759186 351576 1010
1285743913 2219075 59.893471 10.759182 358984 1001
1285743914 2220076 59.893518 10.75916 431488 1001
1285743915 2221093 59.893518 10.75916 457480 1017
1285743916 2222094 59.89356 10.759138 447104 1001
1285743917 2223095 59.893598 10.75913 484840 1001
1285743918 2224096 59.893644 10.759126 447904 1001
1285743919 2225105 59.893644 10.759126 304264 1009
1285743920 2226195 59.893689 10.759122 369928 1090
1285743921 2227204 59.893735 10.759118 450640 1009
1285743922 2228213 59.89378 10.759114 359784 1009
1285743923 2229224 59.89378 10.759114 241336 1011
1285743924 2230233 59.893826 10.759109 230392 1009
1285743925 2231235 59.893871 10.759105 192888 1002
1285743926 2232243 59.893917 10.759101 241336 1008
1285743927 2233273 59.893917 10.759101 328888 1030
1285743928 2234304 59.89397 10.7591 412336 1031
1285743929 2235305 59.894012 10.759078 497152 1001
1285743930 2236313 59.894053 10.759074 400024 1008
1285743931 2237393 59.894053 10.759074 328869 1080
1285743932 2238394 59.894094 10.75907 336528 1001
1285743933 2239403 59.894135 10.759066 157907 1009
1285743934 2240414 59.894168 10.759058 294120 1011
1285743935 2241423 59.894168 10.759058 244072 1009
1285743936 2242424 59.894202 10.759051 224920 1001
1285743937 2243433 59.89423 10.759043 268128 1009
1285743938 2244434 59.894262 10.759053 238600 1001
1285743939 2245443 59.894262 10.759053 279072 1009
1285743940 2246463 59.894282 10.75906 256384 1020
1285743941 2247473 59.8943 10.759046 231760 1010
1285743942 2248474 59.894315 10.759052 251712 1001
1285743943 2249483 59.894315 10.759052 222184 1009
1285743944 2250484 59.894328 10.759056 255816 1001
1285743945 2251485 59.894341 10.759041 274168 1001
1285743946 2252493 59.894341 10.759041 281008 1008
1285743947 2253494 59.894341 10.759041 331624 1001
1285743948 2254504 59.894346 10.759041 322848 1010
1285743949 2255505 59.894346 10.759041 274168 1001
1285743950 2256513 59.894346 10.759041 349408 1008
1285743951 2257533 59.894346 10.759041 345304 1020
1285743953 2258543 59.894346 10.759041 342568 1010
1285743954 2259552 59.894338 10.759038 397288 1009
1285743955 2260553 59.894343 10.759038 378136 1001
1285743956 2261555 59.894343 10.759038 373464 1002
1285743957 2262557 59.894344 10.75902 427384 1002
1285743958 2263563 59.894336 10.759017 363088 1006
1285743959 2264564 59.894336 10.759017 291952 1001
1285743960 2265573 59.894336 10.759017 293320 1009
1285743961 2266583 59.894336 10.759017 309736 1010
1285743962 2267584 59.89433 10.758996 287280 1001
1285743963 2268585 59.89433 10.758996 205767 1001
1285743964 2269603 59.89433 10.758996 311104 1018
1285743965 2270604 59.894335 10.758996 309168 1001
1285743966 2271613 59.894335 10.758996 290584 1009
1285743967 2272615 59.894336 10.758979 409600 1002
1285743968 2273634 59.894336 10.758979 445168 1019
1285743969 2274635 59.894333 10.758975 551872 1001
1285743970 2275642 59.894333 10.758975 470360 1007
1285743971 2276643 59.894338 10.758975 549136 1001
1285743972 2277644 59.894338 10.758975 465688 1001
1285743973 2278664 59.894339 10.758958 605792 1020
1285743974 2279674 59.894343 10.758958 618904 1010
1285743975 2280883 59.894336 10.758954 608528 1209
1285743976 2281884 59.894336 10.758954 631216 1001
1285743977 2282953 59.894336 10.758954 597584 1069
1285743978 2283954 59.89434 10.758954 609328 1001
1285743979 2284956 59.894342 10.758937 531352 1002
1285743980 2285957 59.894342 10.758937 505929 1001
1285743981 2286964 59.894342 10.758937 591544 1007
1285743982 2287973 59.894346 10.758937 524512 1009
1285743983 2288974 59.894346 10.758937 464320 1001
1285743984 2289983 59.894346 10.758937 416440 1009
1285743985 2290994 59.894352 10.758919 442432 1011
1285743986 2292002 59.894352 10.758919 364456 1008
1285743987 2293013 59.894345 10.758916 335728 1011
1285743988 2294022 59.894345 10.758916 332992 1009
1285743989 2295023 59.894349 10.758916 317944 1001
1285743990 2296024 59.894349 10.758916 475264 1001
1285743991 2297025 59.894354 10.758916 506728 1001
1285743992 2298032 59.894354 10.758916 432856 1007
1285743993 2299033 59.894354 10.758916 372664 1001
1285743994 2300034 59.894354 10.758916 488944 1001
1285743995 2301035 59.894354 10.758916 523712 1001
1285743996 2302036 59.894354 10.758916 519040 1001
1285743997 2303043 59.894361 10.758919 471160 1007
1285743998 2304044 59.894361 10.758919 445168 1001
1285743999 2305142 59.894357 10.758919 567488 1098
1285744000 2306144 59.894357 10.758919 610696 1002
1285744001 2307145 59.894364 10.758923 569656 1001
1285744002 2308153 59.894364 10.758923 504560 1008
1285744003 2309154 59.894368 10.758926 519040 1001
1285744004 2310155 59.894368 10.758926 640792 1001
1285744005 2311163 59.894366 10.758944 563384 1008
1285744006 2312165 59.894369 10.758947 677728 1002
1285744007 2313167 59.894369 10.758947 549704 1002
1285744008 2314169 59.894369 10.758947 620272 1002
1285744009 2315171 59.894365 10.758947 578432 1002
1285744010 2316173 59.894372 10.75895 695512 1002
1285744011 2317174 59.894372 10.75895 557912 1001
1285744012 2318183 59.894372 10.75895 628480 1009
1285744013 2319185 59.894368 10.75895 645464 1002
1285744014 2320193 59.894368 10.75895 649567 1008
1285744015 2321194 59.894368 10.75895 718768 1001
1285744016 2322203 59.894368 10.75895 604424 1009
1285744017 2323204 59.894366 10.758968 594280 1001
1285744018 2324213 59.894374 10.758971 541496 1009
1285744019 2325214 59.894369 10.758971 501256 1001
1285744020 2326223 59.894369 10.758971 462952 1009
1285744021 2327224 59.894369 10.758971 519040 1001
1285744022 2328243 59.894369 10.758971 564752 1019
1285744023 2329244 59.894371 10.758954 558712 1001
1285744024 2330246 59.894371 10.758954 553240 1002
1285744025 2331253 59.894375 10.758954 596194 1007
1285744026 2332254 59.894375 10.758954 405518 1001
1285744027 2333256 59.894375 10.758954 640792 1002
1285744028 2334262 59.894375 10.758954 527816 1006
1285744029 2335263 59.894375 10.758954 632585 1001
1285744030 2336264 59.894372 10.75895 608528 1001
1285744031 2337265 59.894372 10.75895 618904 1001
1285744032 2338272 59.894372 10.75895 590744 1007
1285744033 2339273 59.894377 10.75895 651736 1001
1285744034 2340274 59.894377 10.75895 616736 1001
1285744035 2341275 59.894375 10.758929 654472 1001
1285744036 2342276 59.894375 10.758929 597584 1001
1285744037 2343277 59.894375 10.758929 664048 1001
1285744038 2344282 59.89438 10.758929 568856 1005
1285744039 2345284 59.89438 10.758929 625744 1002
1285744040 2346286 59.89438 10.758929 552440 1002
1285744041 2347292 59.89438 10.758929 606592 1006
1285744042 2348313 59.894393 10.758915 607160 1021
1285744043 2349314 59.894405 10.758918 586072 1001
1285744044 2350316 59.894405 10.758918 602488 1002
1285744045 2351323 59.894427 10.758908 607160 1007
1285744046 2352362 59.894454 10.758879 660512 1039
1285744047 2353364 59.894495 10.758875 635320 1002
1285744048 2354365 59.894495 10.758875 620840 1001
1285744049 2355366 59.894531 10.758832 640792 1001
1285744050 2356442 59.894573 10.758811 562016 1076
1285744051 2357443 59.894617 10.758771 380304 1001
1285744052 2358444 59.894617 10.758771 334360 1001
1285744053 2359446 59.894664 10.758749 571592 1002
1285744054 2360452 59.894708 10.75871 635320 1006
1285744055 2361453 59.894752 10.758671 557912 1001
1285744056 2362456 59.894752 10.758671 613432 1003
1285744057 2363462 59.89479 10.758649 519040 1006
1285744058 2364471 59.894834 10.75861 482672 1009
1285744059 2365472 59.894878 10.75857 543664 1001
1285744060 2366473 59.894878 10.75857 510832 1001
1285744061 2367474 59.894918 10.758514 542296 1001
1285744062 2368482 59.894962 10.758474 470360 1008
1285744063 2369483 59.895008 10.758417 505357 1001
1285744064 2370502 59.895008 10.758417 406867 1019
1285744065 2371503 59.895054 10.758343 376768 1001
1285744066 2372511 59.895092 10.758283 386344 1008
1285744067 2373512 59.895137 10.758226 369928 1001
1285744068 2374521 59.895137 10.758226 376200 1009
1285744069 2375522 59.895183 10.758169 289216 1001
1285744071 2376543 59.895243 10.75808 356247 1021
1285744072 2377551 59.895291 10.757988 361720 1008
1285744073 2378552 59.895291 10.757988 343936 1001
1285744074 2379553 59.895344 10.757897 335728 1001
1285744075 2380642 59.8954 10.757808 379504 1089
1285744076 2381651 59.895452 10.757716 347472 1009
1285744077 2382652 59.895452 10.757716 376768 1001
1285744078 2383653 59.895513 10.757627 393184 1001
1285744079 2384671 59.895561 10.757535 379504 1018
1285744080 2385673 59.895621 10.757447 524512 1002
1285744081 2386681 59.895621 10.757447 383608 1008
1285744082 2387692 59.895674 10.757355 286480 1011
1285744083 2388693 59.89573 10.757266 368560 1001
1285744084 2389702 59.895781 10.757192 494416 1009
1285744085 2390703 59.895781 10.757192 512200 1001
1285744086 2391708 59.895828 10.757117 419176 1005
1285744087 2392711 59.895879 10.757043 443000 1003
1285744088 2393721 59.895925 10.756986 434224 1010
1285744089 2394761 59.895925 10.756986 369928 1040
1285744090 2395762 59.89597 10.756929 253080 1001
1285744091 2396771 59.896009 10.75689 227656 1009
1285744092 2397772 59.896053 10.75685 378136 1001
1285744093 2398782 59.896053 10.75685 529985 1010
1285744094 2399791 59.896089 10.756808 424648 1009
1285744095 2400792 59.896133 10.756769 417808 1001
1285744096 2401793 59.896169 10.756726 482104 1001
1285744097 2402801 59.896169 10.756726 452008 1008
1285744098 2403802 59.896207 10.756704 497152 1001
1285744099 2404811 59.896244 10.756661 499088 1009
1285744100 2405812 59.896274 10.756636 478000 1001
1285744101 2406822 59.896274 10.756636 465688 1010
1285744102 2407831 59.89631 10.756594 469792 1009
1285744103 2408832 59.896345 10.756569 452008 1001
1285744104 2409833 59.89638 10.756544 491680 1001
1285744105 2410841 59.89638 10.756544 456680 1008
1285744106 2411851 59.896428 10.756504 443800 1010
1285744107 2412852 59.896472 10.756465 551872 1001
1285744108 2413862 59.89652 10.756426 586072 1010
1285744109 2414863 59.89652 10.756426 501824 1001
1285744110 2415871 59.896569 10.756386 471160 1008
1285744111 2416872 59.896625 10.75635 464300 1001
1285744112 2417881 59.896679 10.756293 275555 1009
1285744113 2418883 59.896679 10.756293 482104 1002
1285744114 2419891 59.896747 10.756261 586072 1008
1285744115 2420892 59.896817 10.756211 475264 1001
1285744116 2421893 59.896885 10.756178 460216 1001
1285744117 2422901 59.896885 10.756178 460784 1008
1285744118 2423902 59.896948 10.756145 431488 1001
1285744119 2424903 59.897017 10.756113 426016 1001
1285744120 2425904 59.897085 10.75608 438328 1001
1285744121 2426905 59.897085 10.75608 445168 1001
1285744122 2427911 59.897139 10.756062 386344 1006
1285744123 2428921 59.897173 10.756054 322048 1010
1285744124 2429922 59.897194 10.756043 361152 1001
1285744125 2430987 59.897194 10.756043 429320 1065
1285744126 2431991 59.897219 10.756032 558712 1004
1285744127 2432993 59.897241 10.756021 579232 1002
1285744128 2434001 59.897254 10.756007 442432 1008
1285744129 2435002 59.897254 10.756007 372664 1001
1285744130 2436003 59.897271 10.75601 380872 1001
1285744131 2437005 59.897304 10.756003 375400 1002
1285744132 2438010 59.89733 10.755992 445168 1005
1285744133 2439011 59.89733 10.755992 382240 1001
1285744134 2440021 59.897371 10.755988 324784 1010
1285744135 2441023 59.897424 10.755987 402760 1002
1285744136 2442024 59.897469 10.755983 341200 1001
1285744137 2443030 59.897469 10.755983 376768 1006
1285744138 2444031 59.897517 10.755999 383608 1001
1285744139 2445032 59.897561 10.756013 436960 1001
1285744140 2446033 59.897608 10.756029 457480 1001
1285744141 2447041 59.897608 10.756029 471160 1008
1285744142 2448043 59.897641 10.756022 405496 1002
1285744143 2449050 59.897669 10.756032 382240 1007
1285744144 2450051 59.897688 10.756038 331624 1001
1285744145 2451081 59.897688 10.756038 342568 1030
1285744146 2452082 59.897688 10.756038 423280 1001
1285744147 2453171 59.897696 10.756042 395920 1089
1285744148 2454260 59.897693 10.756038 408232 1089
1285744149 2455261 59.897693 10.756038 421912 1001
1285744150 2456263 59.897693 10.756038 520408 1002
1285744151 2457270 59.897705 10.756042 409600 1007
1285744152 2458271 59.897709 10.756042 312473 1001
1285744153 2459280 59.897709 10.756042 378936 1009
1285744154 2460290 59.897718 10.756028 289216 1010
1285744155 2461300 59.897714 10.756042 360352 1010
1285744156 2462301 59.897714 10.756042 449272 1001
1285744157 2463310 59.897714 10.756042 421912 1009
1285744158 2464311 59.897711 10.756038 376768 1001
1285744159 2465320 59.897703 10.756035 479368 1009
1285744160 2466321 59.8977 10.756032 383608 1001
1285744161 2467322 59.8977 10.756032 449272 1001
1285744162 2468330 59.897697 10.756028 449272 1008
1285744163 2469331 59.897694 10.756025 408232 1001
1285744164 2470332 59.897691 10.756022 409600 1001
1285744165 2471341 59.897691 10.756022 343936 1009
1285744166 2472342 59.897686 10.756036 343936 1001
1285744167 2473343 59.897686 10.756036 395920 1001
1285744168 2474344 59.897681 10.75605 478000 1001
1285744169 2475350 59.897681 10.75605 394552 1006
1285744170 2476351 59.897677 10.756064 334360 1001
1285744171 2477352 59.897669 10.756061 300160 1001
1285744172 2478360 59.897662 10.756058 311104 1008
1285744173 2479362 59.897662 10.756058 362520 1001
1285744174 2480370 59.897666 10.756058 379504 1008
1285744175 2481371 59.897659 10.756054 341200 1001
1285744176 2482372 59.897651 10.756051 376768 1001
1285744177 2483380 59.897651 10.756051 400024 1008
1285744178 2484391 59.897659 10.756054 360352 1011
1285744179 2485400 59.89766 10.756037 438328 1009
1285744180 2486401 59.89766 10.756037 442432 1001
1285744181 2487410 59.89766 10.756037 394552 1009
1285744182 2488420 59.897668 10.75604 208504 1010
1285744183 2489430 59.897668 10.75604 214776 1010
1285744184 2490431 59.897669 10.756023 244072 1001
1285744185 2491440 59.897669 10.756023 346672 1009
1285744186 2492441 59.897669 10.756023 388512 1001
1285744187 2493510 59.897658 10.756002 426584 1069
1285744188 2494511 59.897651 10.755998 420544 1001
1285744189 2495520 59.897651 10.755998 434224 1009
1285744190 2496521 59.897652 10.755981 405496 1001
1285744192 2497551 59.897652 10.755981 376768 1030
1285744193 2498560 59.897654 10.755963 398088 1009
1285744194 2499562 59.897654 10.755963 398656 1002
1285744195 2500563 59.897654 10.755963 358984 1001
1285744196 2501564 59.897651 10.755946 400024 1001
1285744197 2502570 59.897651 10.755946 376768 1006
1285744198 2503571 59.897651 10.755946 342568 1001
1285744199 2504572 59.897651 10.755946 387711 1001
1285744200 2505580 59.897651 10.755946 445168 1008
1285744201 2506582 59.897648 10.755928 452008 1001
1285744202 2507591 59.897648 10.755928 512200 1009
1285744203 2508592 59.897655 10.755932 449840 1001
1285744204 2509600 59.897649 10.755949 388512 1008
1285744205 2510601 59.897657 10.755952 338464 1001
1285744206 2511609 59.897657 10.755952 372664 1008
1285744207 2512610 59.897659 10.755973 380872 1001
1285744208 2513611 59.897666 10.755977 332992 1001
1285744209 2514612 59.897668 10.755998 278272 1001
1285744210 2515620 59.897668 10.755998 333792 1008
1285744211 2516640 59.897675 10.756001 309736 1020
1285744212 2517641 59.897675 10.756001 308368 1001
1285744213 2518650 59.897675 10.756001 301528 1009
1285744214 2519651 59.897675 10.756001 331624 1001
1285744215 2520759 59.897683 10.756004 404128 1108
1285744216 2521760 59.897682 10.756022 279072 1001
1285744217 2522761 59.897685 10.756025 287848 1001
1285744218 2523762 59.897685 10.756025 328869 1001
1285744219 2524959 59.897685 10.756025 331643 1197
1285744220 2525960 59.897685 10.756025 350208 1001
1285744221 2526961 59.897673 10.756022 447904 1001
1285744222 2527962 59.897673 10.756022 363088 1001
1285744223 2528969 59.897679 10.756043 335728 1007
1285744224 2529970 59.897683 10.756043 379504 1001
1285744225 2530971 59.897689 10.756064 331624 1001
1285744226 2531979 59.897689 10.756064 393184 1008
1285744227 2532986 59.897702 10.756067 379504 1007
1285744228 2533990 59.897708 10.756088 375400 1004
1285744229 2534991 59.897715 10.756091 510832 1001
1285744230 2535992 59.897715 10.756091 628480 1001
1285744231 2536994 59.897729 10.756077 393184 1002
1285744232 2537995 59.897744 10.756084 520976 1001
1285744233 2538996 59.897756 10.756087 480736 1001
1285744234 2539999 59.897756 10.756087 480736 1003
1285744235 2541001 59.897764 10.75609 406864 1002
1285744236 2542009 59.897772 10.756094 457480 1008
1285744237 2543019 59.897772 10.756094 410968 1010
1285744238 2544020 59.897772 10.756094 342568 1001
1285744239 2545021 59.897778 10.756114 380872 1001
1285744240 2546022 59.897781 10.756118 590176 1001
1285744241 2547029 59.897781 10.756118 397288 1007
1285744242 2548030 59.897781 10.756118 404128 1001
1285744243 2549031 59.897784 10.756121 389080 1001
1285744244 2550040 59.897784 10.756121 460216 1009
1285744245 2551041 59.897792 10.756124 409600 1001
1285744246 2552049 59.897792 10.756124 380872 1008
1285744247 2553059 59.897792 10.756124 367192 1010
1285744248 2554061 59.897792 10.756124 343936 1002
1285744249 2555062 59.897799 10.756128 394552 1001
1285744250 2556063 59.897799 10.756128 379504 1001
1285744251 2557069 59.897799 10.756128 348040 1006
1285744252 2558070 59.897799 10.756128 367192 1001
1285744254 2559608 59.897799 10.756128 251712 1538
1285744255 2560609 59.897799 10.756128 74440 1001
1285744256 2561610 59.897799 10.756128 224352 1001
1285744257 2562620 59.897799 10.756128 168264 1010
1285744258 2563621 59.897801 10.75611 201664 1001
1285744259 2564628 59.897801 10.75611 291952 1007
1285744260 2565629 59.897805 10.75611 295488 1001
1285744261 2566630 59.897802 10.756107 296056 1001
1285744262 2567639 59.897802 10.756107 327520 1009
1285744263 2568640 59.897802 10.756107 372664 1001
1285744264 2569648 59.897799 10.756104 458848 1008
1285744265 2570649 59.897804 10.756104 260488 1001
1285744266 2571650 59.897808 10.756104 443800 1001
1285744267 2572651 59.897808 10.756104 460216 1001
1285744268 2573652 59.897809 10.756086 502624 1001
1285744269 2574659 59.897814 10.756086 378137 1007
1285744270 2575660 59.897818 10.756086 423280 1001
1285744271 2576661 59.897818 10.756086 326152 1001
1285744272 2577662 59.897811 10.756083 382240 1001
1285744273 2578663 59.897811 10.756083 387712 1001
1285744274 2579668 59.897817 10.756065 488944 1005
1285744275 2580669 59.897817 10.756065 387712 1001
1285744276 2581679 59.897817 10.756065 487576 1010
1285744277 2582680 59.897809 10.756062 557344 1001
1285744278 2583681 59.897811 10.756044 526448 1001
1285744279 2584688 59.897811 10.756044 445168 1007
1285744280 2585689 59.897795 10.756038 523144 1001
1285744281 2586690 59.897788 10.756034 573760 1001
1285744282 2587691 59.897786 10.756013 597584 1001
1285744283 2588692 59.897786 10.756013 513568 1001
1285744284 2589693 59.897778 10.75601 543664 1001
1285744285 2590695 59.897775 10.756007 567488 1002
1285744286 2591699 59.897772 10.756003 561448 1004
1285744287 2592700 59.897772 10.756003 367192 1001
1285744288 2593701 59.897778 10.755986 490312 1001
1285744289 2594709 59.897775 10.755982 507296 1008
1285744290 2595710 59.897772 10.755979 558712 1001
1285744291 2596720 59.897772 10.755979 432856 1010
1285744292 2597728 59.89777 10.755958 424648 1008
1285744293 2598729 59.897769 10.755937 613432 1001
1285744294 2599730 59.897774 10.75592 510032 1001
1285744295 2600731 59.897774 10.75592 551872 1001
1285744296 2601732 59.897773 10.755899 546400 1001
1285744297 2602749 59.897768 10.755861 443800 1017
1285744298 2603750 59.897766 10.75584 372664 1001
1285744299 2604753 59.897766 10.75584 445168 1003
1285744300 2605838 59.897754 10.755798 419744 1085
1285744301 2606899 59.897752 10.755777 410968 1061
1285744302 2607908 59.897745 10.755735 383040 1009
1285744303 2608909 59.897745 10.755735 342568 1001
1285744304 2609910 59.897735 10.755711 449272 1001
1285744305 2610988 59.897735 10.755673 462152 1078
1285744306 2611989 59.897726 10.755648 435592 1001
1285744307 2612990 59.897726 10.755648 394552 1001
1285744308 2613998 59.897718 10.755607 388512 1008
1285744309 2615028 59.897716 10.755586 419744 1030
1285744310 2616030 59.897713 10.755582 513568 1002
1285744311 2617038 59.897713 10.755582 441064 1008
1285744312 2618039 59.897713 10.755582 430120 1001
1285744313 2619040 59.897721 10.755586 576496 1001
1285744314 2620041 59.897722 10.755607 525080 1001
1285744315 2621042 59.897722 10.755607 571024 1001
1285744316 2622048 59.897732 10.755631 493048 1006
1285744317 2623049 59.897741 10.755655 378117 1001
1285744318 2624050 59.897753 10.755683 250931 1001
1285744319 2625059 59.897753 10.755683 356248 1009
1285744320 2626138 59.897769 10.755728 379504 1079
1285744321 2627139 59.897774 10.755752 393984 1001
1285744322 2628140 59.897791 10.755779 289216 1001
1285744323 2629147 59.897791 10.755779 285112 1007
1285744324 2630148 59.897795 10.755804 400024 1001
1285744325 2631157 59.897808 10.755831 367192 1009
1285744326 2632268 59.897829 10.755859 312471 1111
1285744327 2633269 59.897829 10.755859 264024 1001
1285744328 2634271 59.897845 10.755904 197560 1002
1285744329 2635278 59.897854 10.755928 320112 1007
1285744330 2636288 59.897875 10.755956 324784 1010
1285744331 2637289 59.897875 10.755956 239968 1001
1285744332 2638297 59.897883 10.755997 235296 1008
1285744333 2639299 59.8979 10.756025 227656 1002
1285744334 2640300 59.89791 10.756049 283744 1001
1285744335 2641307 59.89791 10.756049 287280 1007
1285744336 2642318 59.897919 10.756073 276904 1011
1285744337 2643328 59.897927 10.756077 224920 1010
1285744338 2644329 59.89794 10.756101 343368 1001
1285744339 2645337 59.89794 10.756101 281008 1008
1285744340 2646338 59.897956 10.756108 281008 1001
1285744341 2647339 59.897969 10.756132 246240 1001
1285744342 2648348 59.897995 10.756159 238591 1009
1285744343 2649357 59.897995 10.756159 245449 1009
1285744344 2650358 59.898021 10.756187 239400 1001
1285744345 2651368 59.898056 10.7562 178408 1010
1285744346 2652369 59.898096 10.756214 207936 1001
1285744347 2653377 59.898096 10.756214 205768 1008
1285744348 2654388 59.898155 10.756234 198360 1011
1285744349 2655398 59.898214 10.756254 208504 1010
1285744350 2656438 59.89828 10.756295 136800 1040
1285744351 2657447 59.89828 10.756295 183312 1009
1285744352 2658448 59.898357 10.756339 133264 1001
1285744353 2659458 59.898426 10.756397 139536 1010
1285744354 2660467 59.89851 10.756462 132696 1009
1285744355 2661477 59.89851 10.756462 156520 1010
1285744356 2662479 59.898577 10.756538 131328 1002
1285744357 2663497 59.898651 10.756618 147744 1018
1285744358 2664507 59.898718 10.756694 104536 1010
1285744360 2665538 59.898718 10.756694 112176 1031
1285744361 2666547 59.898795 10.756755 155952 1009
1285744362 2667548 59.898854 10.756828 161992 1001
1285744363 2668557 59.898915 10.756883 173736 1009
1285744364 2669567 59.898915 10.756883 150480 1010
1285744365 2670607 59.898971 10.756938 90856 1040
1285744366 2671617 59.899032 10.756993 71136 1010
1285744367 2672677 59.899087 10.757066 69768 1060
1285744368 2673697 59.899087 10.757066 34200 1020
1285744369 2674708 59.899151 10.757125 86184 1011
1285744370 2675717 59.899223 10.757201 99064 1009
1285744371 2676718 59.89929 10.757277 128592 1001
1285744372 2677727 59.89929 10.757277 176472 1009
1285744373 2678728 59.899363 10.757373 174304 1001
1285744374 2679917 59.899448 10.757474 212040 1189
1285744375 2680918 59.899534 10.757574 198928 1001
1285744376 2681927 59.899534 10.757574 224352 1009
1285744377 2682938 59.899618 10.757692 196192 1011
1285744378 2683947 59.899709 10.757813 247608 1009
1285744379 2684948 59.899805 10.757934 229024 1001
1285744380 2685997 59.899805 10.757934 224920 1049
1285744381 2687004 59.8999 10.758073 186048 1007
1285744382 2688007 59.899994 10.758211 194256 1003
1285744383 2689017 59.900086 10.758332 111376 1010
1285744384 2690020 59.900086 10.758332 102600 1003
1285744385 2691047 59.900168 10.758468 79344 1027
1285744386 2692067 59.900257 10.758624 155152 1020
1285744387 2693092 59.900326 10.758773 149112 1025
1285744388 2694097 59.900326 10.758773 138168 1005
1285744389 2695327 59.900395 10.758923 56088 1230
1285744390 2696347 59.900456 10.759108 73072 1020
1285744391 2697361 59.900512 10.759271 129960 1014
1285744392 2698377 59.900512 10.759271 181944 1016
1285744393 2699387 59.900553 10.759449 171568 1010
1285744394 2700397 59.900592 10.759624 217512 1010
1285744395 2701407 59.900628 10.759781 170200 1010
1285744396 2702417 59.900628 10.759781 246240 1010
1285744397 2703418 59.900663 10.759938 230392 1001
1285744398 2704427 59.9007 10.760078 175104 1009
1285744399 2705447 59.900723 10.760193 140104 1020
1285744400 2706448 59.900723 10.760193 253080 1001
1285744401 2707457 59.900756 10.760294 134632 1009
1285744402 2708506 59.90077 10.760371 94392 1049
1285744403 2709526 59.900768 10.760389 75240 1020
1285744404 2710527 59.900768 10.760389 162792 1001
1285744405 2711529 59.900764 10.760389 234496 1002
1285744407 2712547 59.900764 10.760389 234496 1018
1285744408 2713548 59.900764 10.760389 121752 1001
1285744410 2715767 59.900764 10.760389 87552 2219
1285744411 2716777 59.900756 10.760385 248176 1010
1285744412 2717778 59.900751 10.760385 342000 1001
1285744413 2718779 59.900753 10.760368 278272 1001
1285744414 2719780 59.900753 10.760368 268696 1001
1285744415 2720787 59.900753 10.760368 363088 1007
1285744416 2721797 59.90075 10.76035 357616 1010
1285744417 2722798 59.900754 10.76035 363888 1001
1285744418 2723799 59.900754 10.76035 358984 1001
1285744419 2724800 59.900763 10.760336 332992 1001
1285744420 2725807 59.900765 10.760319 367192 1007
1285744421 2726808 59.900777 10.760322 304264 1001
1285744422 2727816 59.900777 10.760322 258552 1008
1285744423 2728826 59.900778 10.760304 144208 1010
1285744424 2729827 59.900778 10.760304 179208 1001
1285744425 2730836 59.900792 10.76029 144209 1009
1285744426 2731837 59.900792 10.76029 184680 1001
1285744427 2732846 59.900794 10.760273 160056 1009
1285744428 2733856 59.900794 10.760273 163360 1010
1285744429 2734890 59.900795 10.760255 102600 1034
1285744430 2735915 59.900795 10.760255 86184 1025
1285744431 2736916 59.900795 10.760255 46512 1001
1285744432 2737936 59.900795 10.760255 51984 1020
1285744433 2738946 59.900795 10.760255 63496 1010
1285744434 2740007 59.900795 10.760255 50616 1061
1285744435 2741026 59.900795 10.760255 42408 1019
1285744436 2742036 59.900809 10.760241 73872 1010
1285744437 2743046 59.900809 10.760241 180576 1010
1285744438 2744047 59.900809 10.760241 208504 1001
1285744439 2745066 59.900809 10.760241 223552 1019
1285744440 2746077 59.900801 10.760237 246240 1011
1285744441 2747086 59.900805 10.760237 212608 1009
1285744442 2748087 59.900805 10.760237 328320 1001
1285744443 2749088 59.900805 10.760237 290581 1001
1285744444 2750098 59.900805 10.760237 229027 1010
1285744445 2751136 59.90081 10.760237 86184 1038
1285744446 2752146 59.90081 10.760237 73872 1010
1285744447 2753147 59.90081 10.760237 185245 1001
1285744448 2754156 59.90081 10.760237 372096 1009
1285744449 2755158 59.90081 10.760237 267331 1002
1285744450 2756166 59.90081 10.760237 193456 1008
1285744451 2757176 59.900814 10.760237 231192 1010
1285744452 2758356 59.900802 10.760234 51984 1180
1285744453 2759366 59.900807 10.760234 167464 1010
1285744454 2760416 59.900807 10.760234 324784 1050
1285744455 2761426 59.900807 10.760234 309168 1010
1285744456 2762446 59.900807 10.760234 120952 1020
1285744457 2763456 59.900807 10.760234 154584 1010
1285744459 2764708 59.900807 10.760234 234496 1252
1285744460 2765716 59.900807 10.760234 221616 1007
1285744461 2766717 59.900799 10.760231 194824 1001
1285744462 2767726 59.900799 10.760231 216144 1009
1285744463 2768736 59.900799 10.760231 219448 1010
1285744464 2769738 59.900798 10.760248 231192 1002
1285744465 2770746 59.900804 10.760231 159256 1008
1285744466 2771747 59.900804 10.760231 217512 1001
1285744467 2772766 59.900804 10.760231 222184 1019
1285744468 2773776 59.900802 10.760248 265392 1010
1285744469 2774777 59.900802 10.760248 220816 1001
1285744470 2775786 59.900802 10.760248 244872 1009
1285744471 2776796 59.900802 10.760248 177040 1010
1285744472 2777836 59.900801 10.760266 276904 1040
1285744473 2778837 59.900796 10.760266 276336 1001
1285744474 2779838 59.900796 10.760266 296056 1001
1285744475 2780846 59.900796 10.760266 276904 1008
1285744476 2781847 59.90079 10.760283 287280 1001
1285744477 2782856 59.90079 10.760283 249544 1009
1285744478 2783896 59.900778 10.76028 252280 1040
1285744479 2784897 59.900778 10.76028 295488 1001
1285744480 2785917 59.900777 10.760298 218080 1020
1285744481 2786926 59.900772 10.760298 276336 1009
1285744482 2787936 59.900765 10.760294 156520 1010
1285744483 2788937 59.900765 10.760294 214776 1001
1285744484 2789946 59.900759 10.760312 198928 1009
1285744485 2790956 59.900754 10.760312 218880 1010
1285744486 2791965 59.900747 10.760309 218080 1009
1285744487 2792986 59.900747 10.760309 250912 1021
1285744488 2793996 59.900741 10.760326 246240 1010
1285744489 2795006 59.900733 10.760323 193456 1010
1285744490 2796008 59.900728 10.760323 259920 1002
1285744491 2797017 59.900728 10.760323 245440 1009
1285744492 2798025 59.900727 10.76034 293320 1008
1285744493 2799026 59.900715 10.760337 225720 1001
1285744494 2800035 59.900715 10.760337 169632 1009
1285744495 2801065 59.900715 10.760337 104536 1030
1285744496 2802195 59.900715 10.760337 27360 1130
1285744497 2803196 59.900715 10.760337 201096 1001
1285744498 2804197 59.900715 10.760337 218080 1001
1285744499 2805205 59.900715 10.760337 222984 1008
1285744500 2806206 59.900718 10.760355 174304 1001
1285744501 2807215 59.900718 10.760355 201096 1009
1285744502 2808217 59.900718 10.760355 205768 1002
1285744503 2809225 59.900718 10.760355 239400 1008
1285744504 2810226 59.900718 10.760355 204400 1001
1285744505 2811315 59.900718 10.760355 253648 1089
1285744506 2812326 59.900718 10.760355 225720 1011
1285744507 2813337 59.900718 10.760355 187984 1011
1285744508 2814345 59.900715 10.760351 171000 1008
1285744509 2815355 59.900715 10.760351 198360 1010
1285744510 2816356 59.900719 10.760351 153784 1001
1285744511 2817357 59.900719 10.760351 205200 1001
1285744512 2818375 59.900719 10.760351 163360 1018
1285744513 2819385 59.900724 10.760351 169632 1010
1285744514 2820395 59.900716 10.760348 108072 1010
1285744515 2821405 59.900716 10.760348 187984 1010
1285744516 2822525 59.900721 10.760348 276904 1120
1285744517 2823526 59.900721 10.760348 147744 1001
1285744519 2824647 59.900725 10.760348 263224 1121
1285744520 2825685 59.900725 10.760348 408232 1038
1285744521 2826686 59.90073 10.760348 302328 1001
1285744522 2827695 59.900728 10.760327 215344 1009
1285744523 2828708 59.900737 10.760327 251712 1013
1285744524 2829715 59.900737 10.760327 241336 1007
1285744525 2830716 59.900749 10.76033 255016 1001
1285744526 2831725 59.900754 10.76033 328320 1009
1285744527 2832735 59.90076 10.760313 250912 1010
1285744528 2833737 59.90076 10.760313 294688 1002
1285744529 2834739 59.900769 10.760313 273600 1002
1285744530 2835745 59.900773 10.760313 281008 1006
1285744531 2836746 59.900779 10.760295 328888 1001
1285744532 2837755 59.900779 10.760295 368560 1009
1285744533 2838846 59.900784 10.760295 296056 1091
1285744534 2839855 59.900787 10.760313 279072 1009
1285744535 2840868 59.900799 10.760316 204400 1013
1285744536 2841885 59.900799 10.760316 176472 1017
1285744537 2842895 59.900796 10.760351 174304 1010
1285744538 2843896 59.900806 10.760372 266760 1001
1285744539 2844897 59.900802 10.760425 218080 1001
