1296296707 7351352 59.850335 10.781864 185076 1001
1296296708 7353041 59.850348 10.781868 315439 1689
1296296709 7354051 59.850358 10.781889 173118 1010
1296296710 7355222 59.850392 10.781881 196430 1171
1296296712 7356361 59.850392 10.781881 170323 1139
1296296713 7357362 59.850431 10.781894 177980 1001
1296296714 7358371 59.850477 10.78189 215454 1009
1296296715 7359382 59.850534 10.781889 216559 1011
1296296716 7360383 59.850534 10.781889 230104 1001
1296296717 7361391 59.850604 10.781878 169269 1008
1296296718 7362533 59.850683 10.781866 350535 1142
1296296719 7363534 59.850757 10.781854 367733 1001
1296296720 7364541 59.850757 10.781854 299718 1007
1296296721 7365652 59.850853 10.781832 385758 1111
1296296722 7366662 59.85094 10.781806 372857 1010
1296296723 7367692 59.85104 10.781783 362071 1030
1296296724 7368761 59.85104 10.781783 428366 1069
1296296725 7369772 59.851148 10.781764 458338 1011
1296296726 7370832 59.851259 10.781762 363882 1060
1296296727 7371833 59.851374 10.781747 465089 1001
1296296728 7372842 59.851374 10.781747 302751 1009
1296296729 7373843 59.851497 10.781748 305108 1001
1296296730 7374851 59.851621 10.781771 45508 1008
1296296731 7375891 59.851751 10.781832 30096 1040
1296296732 7376912 59.851751 10.781832 61560 1021
1296296733 7377922 59.851895 10.781913 139536 1010
1296296734 7378931 59.852028 10.78203 43327 1009
1296296735 7379932 59.852177 10.78215 108072 1001
1296296736 7380941 59.852177 10.78215 125856 1009
1296296737 7381942 59.852314 10.782267 74238 1001
1296296738 7382951 59.852458 10.782387 38304 1009
1296296739 7384041 59.852606 10.782525 23256 1090
1296296740 7385071 59.852606 10.782525 31464 1030
1296296741 7386161 59.852748 10.782642 23256 1090
1296296742 7387233 59.852885 10.782759 20520 1072
1296296744 7388382 59.853014 10.782872 91108 1149
1296296745 7389392 59.853014 10.782872 254448 1010
1296296746 7390393 59.853131 10.782983 216789 1001
1296296747 7391402 59.853253 10.783093 196175 1009
1296296748 7392412 59.853372 10.783185 176643 1010
1296296749 7393422 59.853372 10.783185 190084 1010
1296296750 7394424 59.853493 10.783295 189476 1002
1296296751 7395432 59.853618 10.783409 212626 1008
1296296752 7396453 59.85374 10.783519 286911 1021
1296296753 7397462 59.85374 10.783519 270698 1009
1296296754 7398463 59.853866 10.783615 292971 1001
1296296755 7399472 59.853988 10.783725 248816 1009
1296296756 7400473 59.854117 10.783839 125856 1001
1296296757 7401482 59.854117 10.783839 137380 1009
1296296758 7402493 59.854241 10.783931 215980 1011
1296296759 7403495 59.854367 10.784027 362362 1002
1296296760 7404502 59.85449 10.78412 320254 1007
1296296761 7405503 59.85449 10.78412 301927 1001
1296296762 7406504 59.854603 10.784192 286846 1001
1296296763 7407513 59.854703 10.78426 286696 1009
1296296764 7408534 59.854805 10.784311 288704 1021
1296296765 7409542 59.854805 10.784311 357048 1008
1296296766 7410552 59.854886 10.784373 252557 1010
1296296767 7411872 59.854968 10.784417 139092 1320
1296296768 7412873 59.85503 10.784455 333792 1001
1296296769 7413892 59.85503 10.784455 84322 1019
1296296770 7414902 59.855079 10.784507 266760 1010
1296296773 7417922 59.855129 10.784541 110976 3020
1296296774 7418924 59.855159 10.784568 253080 1002
1296296775 7419932 59.855159 10.784568 335711 1008
1296296776 7420942 59.855184 10.784575 161424 1010
1296296777 7421952 59.855203 10.784582 134060 1010
1296296778 7422962 59.855211 10.784585 114912 1010
1296296779 7423982 59.855211 10.784585 87552 1020
1296296780 7425242 59.855215 10.784585 36850 1260
1296296782 7426392 59.855215 10.784585 13680 1150
1296296783 7427402 59.855215 10.784585 13680 1010
1296296784 7428462 59.855215 10.784585 10944 1060
1296296785 7429522 59.855219 10.784603 27360 1060
1296296786 7430562 59.855219 10.784603 20520 1040
1296296787 7431682 59.855223 10.784603 15048 1120
1296296788 7432703 59.855223 10.784603 69768 1021
1296296790 7434423 59.855223 10.784603 57456 1720
1296296791 7435512 59.85522 10.784599 142579 1089
1296296792 7436532 59.85522 10.784599 181944 1020
1296296793 7437533 59.85522 10.784599 128592 1001
1296296794 7438542 59.85522 10.784599 106027 1009
1296296795 7439549 59.855224 10.784599 231192 1007
1296296796 7440552 59.855224 10.784599 252540 1003
1296296797 7441553 59.855224 10.784599 127224 1001
1296296798 7442565 59.855224 10.784599 97128 1012
1296296799 7443582 59.855223 10.784617 124966 1017
1296296800 7444583 59.855227 10.784617 161424 1001
1296296801 7445713 59.855227 10.784617 161808 1130
1296296802 7446732 59.855229 10.784599 114912 1019
1296296803 7447742 59.855241 10.784603 158688 1010
1296296804 7448753 59.855253 10.784606 165999 1011
1296296805 7449755 59.855253 10.784606 253080 1002
1296296806 7450761 59.855267 10.784592 177444 1006
1296296807 7451768 59.855287 10.784598 176472 1007
1296296808 7452772 59.855312 10.784587 106504 1004
1296296809 7453773 59.855312 10.784587 164160 1001
1296296810 7454774 59.855353 10.784583 168264 1001
1296296811 7455783 59.855397 10.784597 125383 1009
1296296812 7456803 59.855458 10.784599 155952 1020
1296296813 7457813 59.855458 10.784599 143640 1010
1296296814 7458823 59.855526 10.784605 165528 1010
1296296815 7459824 59.855598 10.784628 126694 1001
1296296816 7460843 59.855671 10.784634 160056 1019
1296296817 7461853 59.855671 10.784634 117957 1010
1296296818 7462863 59.855751 10.784643 139536 1010
1296296819 7463883 59.855845 10.784638 96443 1020
1296296820 7464903 59.855938 10.784651 128592 1020
1296296821 7465913 59.855938 10.784651 96774 1010
1296296822 7466943 59.856042 10.784667 127224 1030
1296296823 7467952 59.85615 10.784686 109257 1009
1296296824 7468953 59.856263 10.784705 176472 1001
1296296825 7469954 59.856263 10.784705 165269 1001
1296296826 7470963 59.856383 10.784728 224216 1009
1296296827 7471993 59.856516 10.784736 192057 1030
1296296828 7472994 59.856656 10.784765 302328 1001
1296296829 7474053 59.856656 10.784765 217447 1059
1296296830 7475054 59.85679 10.784774 337379 1001
1296296831 7476055 59.856937 10.784768 254497 1001
1296296832 7477063 59.857079 10.784762 204266 1008
1296296833 7478064 59.857079 10.784762 193321 1001
1296296834 7479075 59.857229 10.784721 206693 1011
1296296835 7480083 59.857375 10.78468 247856 1008
1296296836 7481084 59.857519 10.784618 255816 1001
1296296837 7482094 59.857519 10.784618 220975 1010
1296296838 7483095 59.857658 10.784557 273113 1001
1296296839 7484115 59.857799 10.784477 251469 1020
1296296840 7485123 59.857929 10.78443 259332 1008
1296296841 7486124 59.857929 10.78443 292538 1001
1296296842 7487133 59.858063 10.784386 264024 1009
1296296843 7488233 59.85819 10.784373 226959 1100
1296296844 7489234 59.858322 10.784399 306432 1001
1296296845 7490235 59.858322 10.784399 214262 1001
1296296846 7491243 59.858455 10.784425 329688 1008
1296296848 7492326 59.85857 10.7845 235900 1083
1296296849 7493354 59.858689 10.784593 280440 1028
1296296850 7494363 59.858689 10.784593 314985 1009
1296296851 7495364 59.858796 10.78472 312707 1001
1296296852 7496365 59.858898 10.784862 368462 1001
1296296853 7497903 59.858996 10.785004 273561 1538
1296296854 7498914 59.858996 10.785004 358416 1011
1296296855 7499954 59.859098 10.785146 202371 1040
1296296856 7500955 59.859189 10.785267 357048 1001
1296296859 7503953 59.859273 10.785385 133027 2998
1296296860 7504964 59.859273 10.785385 259920 1011
1296296861 7505974 59.859354 10.785485 266944 1010
1296296862 7506984 59.85941 10.78554 313783 1010
1296296863 7507985 59.859455 10.785592 269350 1001
1296296865 7509904 59.859455 10.785592 275336 1919
1296296866 7510914 59.859485 10.785619 337896 1010
1296296867 7511919 59.859505 10.785626 91710 1005
1296296869 7513895 59.859523 10.78565 299222 1976
1296296871 7515894 59.859523 10.78565 297655 1999
1296296873 7517947 59.859543 10.785657 316599 2053
1296296874 7518954 59.859585 10.785688 261288 1007
1296296875 7519964 59.859636 10.785722 204831 1010
1296296876 7520974 59.859636 10.785722 262656 1010
1296296877 7521984 59.859686 10.785756 281808 1010
1296296878 7522985 59.859744 10.785794 233809 1001
1296296879 7523994 59.859801 10.785831 307800 1009
1296296880 7524995 59.859801 10.785831 289465 1001
1296296881 7526004 59.859853 10.785848 333792 1009
1296296882 7527026 59.859906 10.785847 236914 1022
1296296883 7528124 59.85994 10.78584 297848 1098
1296296884 7529134 59.85994 10.78584 277704 1010
1296296885 7530135 59.859973 10.785832 265567 1001
1296296886 7531154 59.859985 10.785836 245618 1019
1296296889 7533934 59.859985 10.785836 296587 2780
1296296890 7534935 59.859985 10.785836 268128 1001
1296296891 7535944 59.85999 10.785836 137826 1009
1296296893 7537894 59.85999 10.785836 366766 1950
1296296895 7539884 59.85999 10.785836 380259 1990
1296296897 7541874 59.85999 10.785836 418557 1990
1296296899 7543894 59.859994 10.785836 417702 2020
1296296906 7550923 59.859994 10.785836 383413 7029
1296296907 7551973 59.859999 10.785836 51984 1050
1296296908 7553023 59.859999 10.785836 95760 1050
1296296909 7554093 59.860008 10.785821 119016 1070
1296296910 7555124 59.860032 10.785828 175060 1031
1296296911 7556125 59.860058 10.785817 332709 1001
1296296912 7557127 59.860058 10.785817 539817 1002
1296296913 7558133 59.860092 10.785792 609935 1006
1296296914 7559134 59.860147 10.785774 561075 1001
1296296915 7560135 59.860206 10.785755 303104 1001
1296296917 7561904 59.860206 10.785755 254555 1769
1296296919 7563883 59.860279 10.785709 412383 1979
1296296921 7565903 59.860348 10.785659 386507 2020
1296296922 7566943 59.860438 10.785615 384488 1040
1296296923 7567954 59.860438 10.785615 535643 1011
1296296925 7569894 59.860527 10.785572 438926 1940
1296296927 7572133 59.860624 10.785532 468672 2239
1296296929 7573883 59.860729 10.785495 418096 1750
1296296931 7575903 59.860729 10.785495 358674 2020
1296296933 7577883 59.860832 10.785437 317430 1980
1296296935 7580233 59.860956 10.785369 233096 2350
1296296941 7585797 59.861074 10.785318 256462 5564
1296296942 7586807 59.861074 10.785318 46512 1010
1296296943 7587857 59.861197 10.785267 87552 1050
1296296944 7588876 59.861328 10.785202 102600 1019
1296296945 7589877 59.86146 10.785137 159690 1001
1296296946 7590887 59.86146 10.785137 357048 1010
1296296947 7591897 59.861604 10.785075 349876 1010
1296296948 7592907 59.861743 10.785013 339264 1010
1296296949 7593917 59.861887 10.784952 215843 1010
1296296950 7594977 59.861887 10.784952 296905 1060
1296296951 7595988 59.862033 10.784872 396720 1011
1296296952 7596997 59.862186 10.784796 290154 1009
1296296953 7598007 59.862337 10.784738 337896 1010
1296296954 7599017 59.862337 10.784738 156241 1010
1296296955 7600018 59.862495 10.784662 236664 1001
1296296956 7601027 59.862652 10.784586 265392 1009
1296296957 7602028 59.862817 10.784513 174122 1001
1296296958 7603037 59.862817 10.784513 188784 1009
1296296959 7604047 59.86297 10.784437 192888 1010
1296296960 7605057 59.863135 10.784365 169035 1010
1296296961 7606059 59.863293 10.784289 108072 1002
1296296962 7607067 59.863293 10.784289 82080 1008
1296296963 7608097 59.86345 10.784213 62928 1030
1296296964 7609127 59.863615 10.78414 65664 1030
1296296977 7622046 59.863759 10.784078 12312 12919
1296296978 7623105 59.863759 10.784078 12312 1059
1296296979 7624206 59.863909 10.784037 12312 1101
1296296980 7625216 59.864056 10.783993 18566 1010
1296296981 7626226 59.864205 10.78397 168264 1010
1296296982 7627236 59.864205 10.78397 164313 1010
1296296984 7628329 59.864344 10.783961 164739 1093
1296296985 7629446 59.864488 10.783951 248790 1117
1296296986 7630566 59.864627 10.78396 262930 1120
1296296987 7631626 59.864627 10.78396 260584 1060
1296296988 7632667 59.864754 10.783947 258269 1041
1296296989 7633676 59.864877 10.783949 234396 1009
1296296990 7634956 59.864981 10.783965 210672 1280
1296296991 7636167 59.864981 10.783965 219558 1211
1296296992 7637168 59.865091 10.783981 236887 1001
1296296993 7638176 59.865188 10.783993 247354 1008
1296296994 7639177 59.865286 10.783988 246671 1001
1296296995 7640178 59.865286 10.783988 248216 1001
1296296996 7641179 59.865371 10.783997 240958 1001
1296296997 7642186 59.865462 10.783989 222473 1007
1296296999 7643336 59.865537 10.783977 244473 1150
1296297000 7644337 59.865537 10.783977 325584 1001
1296297001 7645527 59.865611 10.783966 152090 1190
1296297002 7646536 59.865684 10.783933 168264 1009
1296297003 7647726 59.865747 10.7839 238278 1190
1296297004 7648736 59.865747 10.7839 251712 1010
1296297005 7649737 59.865815 10.783868 208389 1001
1296297006 7650738 59.865871 10.783832 219099 1001
1296297007 7651739 59.865926 10.783814 214843 1001
1296297008 7652747 59.865926 10.783814 251141 1008
1296297009 7653758 59.865973 10.783792 249500 1011
1296297010 7654759 59.866003 10.783767 264721 1001
1296297011 7655797 59.866024 10.783756 214883 1038
1296297012 7657126 59.866024 10.783756 151848 1329
1296297013 7658137 59.866029 10.783756 210672 1011
1296297014 7659146 59.866037 10.783759 146822 1009
1296297015 7660157 59.866037 10.783759 198360 1011
1296297016 7661167 59.866037 10.783759 213408 1010
1296297017 7662177 59.866037 10.783759 164403 1010
1296297018 7663186 59.866037 10.783759 240768 1009
1296297019 7664187 59.866041 10.783759 203193 1001
1296297020 7665207 59.866041 10.783759 214265 1020
1296297022 7666437 59.866041 10.783759 310820 1230
1296297023 7667456 59.866049 10.783763 270053 1019
1296297024 7668526 59.866046 10.783745 280537 1070
1296297025 7669627 59.866046 10.783745 291385 1101
1296297026 7670847 59.866046 10.783745 328897 1220
1296297027 7671848 59.866046 10.783745 155952 1001
1296297028 7672857 59.866046 10.783745 212036 1009
1296297029 7673858 59.866046 10.783745 244872 1001
1296297030 7674867 59.866046 10.783745 170385 1009
1296297031 7675868 59.866046 10.783745 268128 1001
1296297032 7676877 59.866046 10.783745 210700 1009
1296297033 7677897 59.866046 10.783745 220437 1020
1296297034 7678898 59.866046 10.783745 311904 1001
1296297035 7680087 59.866046 10.783745 252362 1189
1296297036 7681097 59.866046 10.783745 339264 1010
1296297037 7682107 59.866046 10.783745 219088 1010
1296297038 7683108 59.866046 10.783745 200272 1001
1296297039 7684117 59.866046 10.783745 257184 1009
1296297040 7685127 59.866046 10.783745 153079 1010
1296297041 7686166 59.866046 10.783745 285879 1039
1296297042 7687167 59.866046 10.783745 322848 1001
1296297043 7688177 59.866046 10.783745 162267 1010
1296297044 7689178 59.866046 10.783745 214776 1001
1296297045 7690187 59.866046 10.783745 254228 1009
1296297049 7693887 59.866055 10.783731 362266 3700
1296297050 7694897 59.866074 10.783738 351576 1010
1296297053 7697887 59.866097 10.783709 121208 2990
1296297054 7698897 59.866097 10.783709 322848 1010
1296297055 7700298 59.866144 10.783688 77253 1401
1296297057 7701308 59.866188 10.783648 273600 1010
1296297058 7702309 59.866242 10.783592 124263 1001
1296297059 7703327 59.866242 10.783592 218177 1018
1296297060 7704329 59.866304 10.783538 299592 1002
1296297061 7705337 59.866374 10.783488 258514 1008
1296297062 7706347 59.866457 10.783424 250344 1010
1296297063 7707348 59.866457 10.783424 255816 1001
1296297064 7708357 59.866548 10.783363 305435 1009
1296297065 7709358 59.866643 10.783302 330216 1001
1296297066 7710367 59.866731 10.783276 448584 1009
1296297069 7713887 59.866731 10.783276 447191 3520
1296297070 7714897 59.866839 10.783257 292752 1010
1296297071 7715917 59.866945 10.783255 216786 1020
1296297072 7716927 59.867057 10.783274 268128 1010
1296297073 7718097 59.867057 10.783274 215491 1170
1296297074 7719108 59.867162 10.78329 220248 1011
1296297075 7720109 59.867283 10.783295 220873 1001
1296297076 7721117 59.8674 10.783314 310399 1008
1296297077 7722118 59.8674 10.783314 172121 1001
1296297079 7723897 59.867515 10.783298 217587 1779
1296297081 7725887 59.867637 10.783303 296513 1990
1296297083 7727898 59.867764 10.783291 250177 2011
1296297085 7729899 59.867764 10.783291 213277 2001
1296297087 7732227 59.867892 10.783278 261723 2328
1296297089 7733917 59.868012 10.783262 270249 1690
1296297091 7735888 59.86814 10.783232 327858 1971
1296297092 7736889 59.86814 10.783232 392616 1001
1296297093 7737948 59.868259 10.783181 257111 1059
1296297094 7738957 59.86839 10.783116 307800 1009
1296297095 7739958 59.86851 10.783048 290016 1001
1296297096 7740959 59.86851 10.783048 253165 1001
1296297097 7741978 59.868623 10.782959 225310 1019
1296297099 7743877 59.868745 10.782873 328893 1899
1296297100 7744878 59.868859 10.782766 298224 1001
1296297101 7745888 59.868859 10.782766 77336 1010
1296297102 7746889 59.868974 10.782659 290016 1001
1296297103 7747899 59.869082 10.782549 171920 1010
1296297104 7748900 59.869193 10.782424 287280 1001
1296297107 7751898 59.869193 10.782424 146318 2998
1296297108 7752899 59.86931 10.7823 321480 1001
1296297109 7753908 59.869426 10.782175 179380 1009
1296297110 7754909 59.869537 10.782068 313272 1001
1296297111 7755918 59.869537 10.782068 107755 1009
1296297112 7756928 59.869661 10.781947 354312 1010
1296297113 7757930 59.869777 10.781823 163540 1002
1296297114 7758938 59.869893 10.781698 374832 1008
1296297115 7759939 59.869893 10.781698 63057 1001
1296297116 7760948 59.870019 10.78156 376200 1009
1296297117 7761958 59.870135 10.781435 318094 1010
1296297118 7762968 59.870265 10.781297 257667 1010
1296297121 7765888 59.870265 10.781297 318905 2920
1296297122 7766898 59.870389 10.781176 328320 1010
1296297123 7767899 59.870519 10.781037 21716 1001
1296297125 7769888 59.870648 10.780916 282069 1989
1296297126 7770908 59.870648 10.780916 119016 1020
1296297127 7771938 59.870775 10.780812 68400 1030
1296297128 7772948 59.870902 10.780709 53352 1010
1296297129 7773958 59.871023 10.780623 125136 1010
1296297130 7774959 59.871023 10.780623 224498 1001
1296297131 7775978 59.871148 10.780537 198360 1019
1296297132 7776988 59.871271 10.780486 39672 1010
1296297134 7778680 59.871395 10.780417 16416 1692
1296297135 7779681 59.871395 10.780417 209156 1001
1296297136 7780689 59.871519 10.780349 316630 1008
1296297137 7781699 59.871643 10.78028 286449 1010
1296297138 7782709 59.871766 10.780229 260685 1010
1296297139 7783719 59.871766 10.780229 198813 1010
1296297140 7784728 59.871883 10.780158 127224 1009
1296297141 7785893 59.872007 10.780089 121751 1165
1296297142 7786898 59.872117 10.780035 213408 1005
1296297143 7787900 59.872117 10.780035 261301 1002
1296297144 7788901 59.872241 10.779966 281792 1001
1296297145 7789908 59.872358 10.779894 348840 1007
1296297146 7791059 59.872468 10.77984 248446 1151
1296297147 7792060 59.872468 10.77984 274852 1001
1296297151 7795898 59.872585 10.779768 233759 3838
1296297152 7796908 59.872696 10.779714 142272 1010
1296297153 7797909 59.872798 10.779656 166896 1001
1296297155 7799929 59.872798 10.779656 20673 2020
1296297156 7800938 59.872904 10.779602 180576 1009
1296297158 7802468 59.873007 10.779544 171856 1530
1296297159 7803469 59.873112 10.779469 166896 1001
1296297160 7804500 59.873112 10.779469 219668 1031
1296297161 7805669 59.873203 10.779408 286340 1169
1296297162 7806670 59.873301 10.779351 340632 1001
1296297163 7807671 59.873398 10.779272 306527 1001
1296297164 7808679 59.873398 10.779272 309168 1008
1296297165 7809899 59.873496 10.779214 75235 1220
1296297167 7811889 59.873601 10.779139 316608 1990
1296297168 7812891 59.873705 10.779064 336528 1002
1296297169 7813909 59.873705 10.779064 9470 1018
1296297170 7814910 59.873817 10.778992 218880 1001
1296297171 7815911 59.873929 10.77892 217574 1001
1296297172 7816919 59.874047 10.778831 281808 1008
1296297173 7817920 59.874047 10.778831 305064 1001
1296297174 7818929 59.87416 10.778742 197363 1009
1296297175 7819939 59.874278 10.778652 306432 1010
1296297176 7820940 59.874396 10.778563 178763 1001
1296297177 7821959 59.874396 10.778563 150690 1019
1296297178 7822968 59.874516 10.778456 98496 1009
1296297179 7823979 59.874634 10.778367 123120 1011
1296297180 7824989 59.874749 10.77826 85674 1010
1296297181 7825999 59.874749 10.77826 145008 1010
1296297182 7827009 59.874868 10.778153 176092 1010
1296297183 7828179 59.874995 10.778049 175603 1170
1296297184 7829184 59.875114 10.777942 128592 1005
1296297186 7830399 59.875114 10.777942 9576 1215
1296297187 7831439 59.875234 10.777835 12312 1040
1296297188 7832469 59.875341 10.777725 73872 1030
1296297189 7833479 59.875461 10.777618 39737 1010
1296297190 7834639 59.875461 10.777618 42408 1160
1296297192 7836409 59.875588 10.777515 88920 1770
1296297194 7838410 59.875702 10.777408 41040 2001
1296297196 7840589 59.875823 10.777283 1368 2179
1296297197 7841929 59.875823 10.777283 1368 1340
1296297202 7846541 59.875943 10.777176 4104 4612
1296297203 7847546 59.876058 10.777069 214865 1005
1296297204 7848550 59.876179 10.776945 238676 1004
1296297205 7849620 59.876179 10.776945 229636 1070
1296297207 7851970 59.876298 10.776838 207150 2350
1296297208 7852980 59.876414 10.776713 262796 1010
1296297209 7853981 59.876532 10.776624 225594 1001
1296297210 7854990 59.876532 10.776624 267515 1009
1296297211 7856050 59.876647 10.776517 210637 1060
1296297212 7857052 59.876767 10.77641 230903 1002
1296297213 7858060 59.876885 10.776321 283514 1008
1296297214 7859061 59.876885 10.776321 237122 1001
1296297215 7860062 59.876997 10.776249 301732 1001
1296297216 7861070 59.877119 10.776198 355680 1008
1296297217 7862170 59.877242 10.776147 287047 1100
1296297219 7863359 59.877242 10.776147 418253 1189
1296297220 7864510 59.877372 10.776099 333139 1151
1296297221 7865689 59.877501 10.776031 342989 1179
1296297222 7866690 59.877633 10.775966 352944 1001
1296297223 7867890 59.877633 10.775966 34795 1200
1296297225 7869880 59.877769 10.7759 357899 1990
1296297226 7870890 59.877905 10.775835 336528 1010
1296297227 7871901 59.878049 10.775773 23889 1011
1296297228 7872921 59.878049 10.775773 333792 1020
1296297229 7873930 59.878181 10.775708 281262 1009
1296297230 7874931 59.878317 10.775643 318193 1001
1296297233 7877870 59.878461 10.775581 48116 2939
1296297234 7878871 59.878461 10.775581 466488 1001
1296297235 7879890 59.878606 10.775502 124646 1019
1296297236 7880891 59.878752 10.775422 404928 1001
1296297237 7881892 59.878897 10.775343 263564 1001
1296297238 7882900 59.878897 10.775343 261704 1008
1296297239 7884081 59.879036 10.775243 328375 1181
1296297241 7885871 59.879175 10.775143 390174 1790
1296297242 7886901 59.879302 10.775039 426332 1030
1296297243 7887902 59.879302 10.775039 351900 1001
1296297245 7889870 59.879434 10.774935 323353 1968
1296297246 7890871 59.879562 10.774814 350208 1001
1296297247 7891881 59.879682 10.774707 28611 1010
1296297249 7893870 59.879682 10.774707 346208 1989
1296297251 7895870 59.879797 10.7746 350267 2000
1296297253 7897870 59.879916 10.774493 353705 2000
1296297255 7899870 59.880023 10.774383 346514 2000
1296297257 7901870 59.880023 10.774383 324314 2000
1296297259 7903870 59.880117 10.774287 279923 2000
1296297260 7904881 59.880203 10.774188 344605 1011
1296297261 7905890 59.880292 10.774091 361152 1009
1296297262 7906891 59.880292 10.774091 354075 1001
1296297265 7909861 59.880377 10.77401 308682 2970
1296297266 7910862 59.880468 10.773896 342000 1001
1296297267 7911863 59.880555 10.773779 357048 1001
1296297268 7912870 59.880555 10.773779 283558 1007
1296297271 7915871 59.880658 10.773669 189209 3001
1296297278 7922817 59.880753 10.773555 366907 6946
1296297279 7923847 59.880862 10.773427 99864 1030
1296297280 7924867 59.880862 10.773427 129960 1020
1296297281 7925868 59.880966 10.773299 139206 1001
1296297282 7926870 59.881084 10.773157 187416 1002
1296297283 7927898 59.881202 10.773015 187482 1028
1296297284 7928907 59.881202 10.773015 218880 1009
1296297285 7929908 59.881329 10.772859 147372 1001
1296297286 7930917 59.88146 10.772703 199728 1009
1296297287 7931918 59.881588 10.772529 212512 1001
1296297288 7932919 59.881588 10.772529 297699 1001
1296297289 7933920 59.881733 10.772359 302390 1001
1296297290 7935048 59.881881 10.772191 402907 1128
1296297291 7936050 59.882035 10.772007 452943 1002
1296297298 7942615 59.882035 10.772007 191762 6565
1296297299 7943665 59.882182 10.771819 54720 1050
1296297300 7944715 59.882336 10.771634 88920 1050
1296297301 7945716 59.882491 10.771432 119016 1001
1296297302 7946745 59.882491 10.771432 178906 1029
1296297303 7947756 59.882645 10.771247 341497 1011
1296297304 7948757 59.882799 10.771062 523121 1001
1296297305 7949765 59.88295 10.77086 307394 1008
1296297306 7950766 59.88295 10.77086 264071 1001
1296297307 7951777 59.883097 10.770672 286553 1011
1296297308 7952785 59.883242 10.770502 281235 1008
1296297309 7953895 59.883388 10.770314 146405 1110
1296297311 7955895 59.883388 10.770314 317648 2000
1296297313 7957975 59.883533 10.770143 244573 2080
1296297314 7958984 59.883669 10.769987 94392 1009
1296297315 7960024 59.883813 10.769834 102600 1040
1296297316 7961255 59.883813 10.769834 65592 1231
1296297317 7962275 59.883935 10.769692 38304 1020
1296297318 7963276 59.884056 10.769567 274968 1001
1296297319 7964286 59.884175 10.76946 208653 1010
1296297321 7965325 59.884175 10.76946 231072 1039
1296297322 7966329 59.884295 10.769353 162792 1004
1296297323 7967354 59.884413 10.769264 182889 1025
1296297324 7968355 59.884532 10.769157 196992 1001
1296297325 7969365 59.884532 10.769157 161424 1010
1296297326 7970555 59.884659 10.769053 108705 1190
1296297327 7971556 59.884791 10.76895 157320 1001
1296297328 7972565 59.884922 10.768846 151848 1009
1296297329 7973575 59.884922 10.768846 56088 1010
1296297330 7974585 59.885054 10.768742 126875 1010
1296297331 7975586 59.885193 10.768642 270864 1001
1296297332 7976595 59.885332 10.768542 283059 1009
1296297333 7977656 59.885332 10.768542 354753 1061
1296297334 7978658 59.885476 10.768442 360245 1002
1296297335 7979898 59.885622 10.768345 304757 1240
1296297336 7980925 59.885774 10.768248 344214 1026
1296297337 7982135 59.885774 10.768248 274020 1210
1296297339 7983885 59.885919 10.76813 260337 1750
1296297341 7985916 59.886067 10.768015 263727 2031
1296297343 7987915 59.886212 10.767897 280557 1999
1296297345 7989906 59.886212 10.767897 279853 1991
1296297347 7991908 59.886365 10.767783 290979 2002
1296297349 7993896 59.886507 10.767647 307530 1988
1296297351 7995905 59.886655 10.767494 333436 2009
1296297352 7996906 59.886655 10.767494 393984 1001
1296297353 7997907 59.886798 10.767341 47535 1001
1296297354 7998915 59.886936 10.767168 344736 1008
1296297355 7999925 59.887073 10.766994 150912 1010
1296297356 8000926 59.887073 10.766994 150480 1001
1296297357 8001935 59.88721 10.76682 149112 1009
1296297358 8002936 59.887348 10.766646 181944 1001
1296297359 8003946 59.887494 10.766458 74993 1010
1296297360 8004955 59.887494 10.766458 93024 1009
1296297361 8005965 59.887632 10.766284 172368 1010
1296297362 8006966 59.887764 10.76611 217512 1001
1296297363 8007976 59.887909 10.76594 264024 1010
1296297364 8008977 59.887909 10.76594 291939 1001
1296297365 8009985 59.888045 10.765783 417906 1008
1296297366 8010986 59.88819 10.765613 329223 1001
1296297367 8011996 59.888334 10.76546 342000 1010
1296297368 8012997 59.888334 10.76546 277043 1001
1296297369 8014016 59.88848 10.765325 204950 1019
1296297370 8015045 59.888624 10.765172 186048 1029
1296297371 8016046 59.888766 10.765036 79379 1001
1296297372 8017048 59.888766 10.765036 254212 1002
1296297373 8018216 59.888896 10.764897 280207 1168
1296297374 8019227 59.889038 10.764762 279072 1011
1296297375 8020236 59.889174 10.764606 143161 1009
1296297376 8021266 59.889174 10.764606 54720 1030
1296297378 8022305 59.889313 10.764453 31464 1039
1296297379 8023326 59.889441 10.764293 57456 1021
1296297380 8024626 59.889568 10.764098 46512 1300
1296297381 8025649 59.889568 10.764098 114912 1023
1296297382 8026657 59.889679 10.763897 173912 1008
1296297383 8027668 59.889787 10.763678 262656 1011
1296297384 8028676 59.889894 10.763476 204873 1008
1296297385 8029686 59.889894 10.763476 216144 1010
1296297386 8030687 59.889995 10.763254 145345 1001
1296297387 8031708 59.890115 10.763038 186048 1021
1296297388 8032886 59.890224 10.762819 192255 1178
1296297389 8033896 59.890224 10.762819 190152 1010
1296297390 8034916 59.89035 10.762625 113544 1020
1296297391 8035917 59.890477 10.76243 79344 1001
1296297392 8036956 59.890604 10.762235 129336 1039
1296297393 8037976 59.890604 10.762235 129960 1020
1296297394 8038986 59.890741 10.762061 99864 1010
1296297395 8039987 59.890874 10.761887 87552 1001
1296297396 8040996 59.890999 10.76171 143856 1009
1296297397 8042006 59.890999 10.76171 224352 1010
1296297398 8043107 59.89113 10.761554 147153 1101
1296297399 8044116 59.891254 10.761394 119016 1009
1296297400 8045256 59.891378 10.761234 77976 1140
1296297401 8046276 59.891378 10.761234 228456 1020
1296297402 8047286 59.891497 10.761075 143281 1010
1296297403 8048296 59.891619 10.760933 225720 1010
1296297405 8049326 59.891737 10.760791 174039 1030
1296297406 8050331 59.891737 10.760791 257184 1005
1296297407 8051336 59.89186 10.760648 164160 1005
1296297408 8052337 59.89199 10.76051 151844 1001
1296297409 8053348 59.892119 10.760371 236664 1011
1296297410 8054546 59.892119 10.760371 205200 1198
1296297411 8055547 59.892249 10.760232 117648 1001
1296297415 8059556 59.892379 10.760093 40629 4009
1296297416 8060716 59.892514 10.759954 681784 1160
1296297417 8061717 59.892514 10.759954 187416 1001
1296297418 8062908 59.892642 10.759833 225532 1191
1296297419 8063917 59.892774 10.759677 233928 1009
1296297420 8064918 59.892907 10.759555 239321 1001
1296297421 8065928 59.892907 10.759555 224920 1010
1296297422 8066947 59.893044 10.75942 196992 1019
1296297423 8067956 59.893185 10.759302 119471 1009
1296297424 8068966 59.893319 10.759202 129960 1010
1296297425 8069976 59.893319 10.759202 125875 1010
1296297426 8070977 59.893466 10.759105 240768 1001
1296297427 8071978 59.893602 10.759039 166876 1001
1296297428 8072997 59.893745 10.758995 236664 1019
1296297429 8074007 59.893745 10.758995 173736 1010
1296297430 8075016 59.893886 10.758968 117018 1009
1296297431 8076116 59.894021 10.758959 150623 1100
1296297432 8077127 59.894154 10.758929 198360 1011
1296297433 8078136 59.894154 10.758929 118634 1009
1296297435 8079336 59.894269 10.758913 195090 1200
1296297436 8080337 59.894382 10.758893 106704 1001
1296297437 8081338 59.894479 10.758853 223941 1001
1296297438 8082347 59.894479 10.758853 255637 1009
1296297439 8083370 59.894566 10.758827 203800 1023
1296297440 8084387 59.894642 10.758798 236365 1017
1296297441 8085397 59.894706 10.758765 240731 1010
1296297442 8086407 59.894706 10.758765 192888 1010
1296297443 8087487 59.894757 10.758744 66385 1080
1296297444 8088488 59.8948 10.758722 161424 1001
1296297445 8089497 59.894834 10.758697 184251 1009
1296297446 8090517 59.894834 10.758697 183272 1020
1296297447 8091526 59.89486 10.758686 192888 1009
1296297448 8092527 59.894877 10.758675 161378 1001
1296297449 8093528 59.894881 10.758675 182645 1001
1296297450 8094536 59.894881 10.758675 175234 1008
1296297451 8095537 59.894881 10.758675 181958 1001
1296297452 8096597 59.894881 10.758675 204776 1060
1296297453 8097607 59.894881 10.758675 218880 1010
1296297454 8098617 59.894881 10.758675 113461 1010
1296297455 8099636 59.894881 10.758675 161424 1019
1296297456 8100637 59.894881 10.758675 113730 1001
1296297457 8101646 59.89489 10.758661 136800 1009
1296297458 8102647 59.89489 10.758661 105162 1001
1296297459 8103657 59.89489 10.758661 112176 1010
1296297460 8104668 59.894896 10.758643 108963 1011
1296297461 8105687 59.894904 10.758646 125856 1019
1296297462 8106708 59.894904 10.758646 143640 1021
1296297463 8107709 59.894919 10.758615 138611 1001
1296297464 8108710 59.89493 10.758583 157320 1001
1296297465 8109717 59.894958 10.758537 173736 1007
1296297466 8110727 59.894958 10.758537 148307 1010
1296297467 8111747 59.894996 10.758477 162792 1020
1296297468 8112748 59.895035 10.758399 162792 1001
1296297469 8113774 59.895094 10.758328 139425 1026
1296297470 8114777 59.895094 10.758328 207936 1003
1296297471 8115797 59.895147 10.758236 142980 1020
1296297472 8116868 59.895213 10.75813 161213 1071
1296297473 8117869 59.895288 10.758009 191520 1001
1296297474 8118877 59.895288 10.758009 147437 1008
1296297475 8119887 59.895364 10.757889 135432 1010
1296297476 8120897 59.895441 10.757751 129960 1010
1296297477 8121907 59.895517 10.757613 114912 1010
1296297478 8122908 59.895517 10.757613 86943 1001
1296297479 8123917 59.895599 10.757475 106704 1009
1296297480 8124928 59.895683 10.757341 116280 1011
1296297481 8125937 59.895774 10.757188 89183 1009
1296297482 8126957 59.895774 10.757188 113544 1020
1296297483 8127977 59.895862 10.757054 110808 1020
1296297484 8128978 59.895947 10.756919 120384 1001
1296297485 8129988 59.896044 10.756788 128592 1010
1296297486 8130990 59.896044 10.756788 69177 1002
1296297487 8132017 59.896152 10.75666 90288 1027
1296297488 8133117 59.89626 10.756549 161802 1100
1296297489 8134157 59.896374 10.756442 117648 1040
1296297490 8135177 59.896374 10.756442 93024 1020
1296297491 8136197 59.896486 10.75637 65246 1020
1296297492 8137207 59.8966 10.756281 94392 1010
1296297493 8138287 59.896716 10.756209 57212 1080
1296297494 8139288 59.896716 10.756209 49248 1001
1296297495 8140297 59.896836 10.75614 68400 1009
1296297496 8141299 59.89696 10.756072 153668 1002
1296297498 8142310 59.897083 10.756021 223483 1011
1296297499 8143317 59.897083 10.756021 166191 1007
1296297500 8144330 59.897212 10.75599 206763 1013
1296297501 8145338 59.897333 10.755957 240768 1008
1296297502 8146347 59.897459 10.755962 163138 1009
1296297503 8147348 59.897459 10.755962 201451 1001
1296297504 8148357 59.897585 10.755967 258552 1009
1296297505 8149358 59.897709 10.755989 178643 1001
1296297506 8150378 59.897832 10.756029 232171 1020
1296297507 8151379 59.897832 10.756029 169536 1001
1296297508 8152398 59.897963 10.756073 221616 1019
1296297509 8153399 59.898085 10.75613 160184 1001
1296297510 8154408 59.898206 10.756188 176472 1009
1296297511 8155418 59.898206 10.756188 140904 1010
1296297512 8156527 59.898326 10.756263 117888 1109
1296297513 8157547 59.898444 10.756373 151848 1020
1296297514 8158548 59.898565 10.756469 154584 1001
1296297515 8159577 59.898565 10.756469 104783 1029
1296297516 8160578 59.89869 10.756583 125856 1001
1296297517 8161588 59.89882 10.756696 83448 1010
1296297518 8162598 59.898945 10.75681 85436 1010
1296297519 8163678 59.898945 10.75681 207620 1080
1296297520 8164688 59.899068 10.756941 261288 1010
1296297521 8165690 59.899197 10.757054 193348 1002
1296297522 8166707 59.899319 10.757203 75797 1017
1296297523 8167710 59.899319 10.757203 64296 1003
1296297524 8168718 59.899434 10.757348 255935 1008
1296297525 8169728 59.899548 10.757494 200548 1010
1296297526 8170738 59.899658 10.757639 150372 1010
1296297527 8171748 59.899658 10.757639 162792 1010
1296297528 8172751 59.899765 10.757781 217275 1003
1296297529 8173758 59.899867 10.757923 175535 1007
1296297530 8174761 59.899962 10.758062 151468 1003
1296297531 8175771 59.899962 10.758062 134015 1010
1296297532 8176778 59.900052 10.7582 144126 1007
1296297533 8177788 59.900136 10.758318 196261 1010
1296297534 8178790 59.900207 10.758433 283176 1002
1296297535 8179798 59.900207 10.758433 234152 1008
1296297536 8180809 59.90029 10.758568 234430 1011
1296297537 8181818 59.900354 10.758679 226178 1009
1296297538 8182848 59.900423 10.758829 236502 1030
1296297539 8183849 59.900423 10.758829 269496 1001
1296297540 8184868 59.90048 10.758975 176611 1019
1296297541 8185878 59.900533 10.759118 60192 1010
1296297542 8186879 59.900584 10.759281 116280 1001
1296297543 8187898 59.900584 10.759281 174972 1019
1296297544 8188908 59.900632 10.759442 146376 1010
1296297545 8189928 59.900672 10.759599 87552 1020
1296297546 8190938 59.900709 10.759739 71136 1010
1296297547 8191948 59.900709 10.759739 100190 1010
1296297548 8192978 59.900746 10.759878 158688 1030
1296297549 8193988 59.900777 10.759997 90288 1010
1296297550 8195198 59.900803 10.760115 91242 1210
1296297551 8196218 59.900803 10.760115 64296 1020
1296297552 8197228 59.900822 10.760231 108072 1010
1296297553 8198268 59.900833 10.760343 112176 1040
1296297554 8199278 59.900835 10.760416 39672 1010
1296297555 8200288 59.900835 10.760416 46512 1010
1296297557 8201358 59.900838 10.760472 34200 1070
1296297558 8202368 59.900833 10.760525 22470 1010
1296297559 8203378 59.900829 10.760578 27360 1010
1296297560 8204388 59.900829 10.760578 30096 1010
1296297561 8205429 59.900822 10.760665 36936 1041
1296297562 8206438 59.900804 10.760732 38304 1009
1296297563 8207468 59.900797 10.76082 30096 1030
1296297572 8217134 59.900797 10.76082 2736 9666
1296297573 8218154 59.900797 10.760911 13680 1020
1296297574 8219184 59.900814 10.761006 13680 1030
1296297575 8220257 59.900849 10.761072 13680 1073
1296297577 8221404 59.900849 10.761072 10944 1147
1296297578 8222474 59.900877 10.761134 12312 1070
1296297593 8237387 59.900912 10.7612 10944 14913
1296297594 8238753 59.900946 10.761284 178531 1366
1296297595 8239848 59.900946 10.761284 165767 1095
1296297596 8240878 59.900973 10.761385 282854 1030
1296297597 8241907 59.901004 10.761504 311717 1029
1296297598 8242976 59.901031 10.761622 263681 1068
