1285675666 310761 59.889623 10.763866 288648 1008
1285675667 311771 59.889623 10.763866 171588 1010
1285675668 312772 59.889508 10.764064 365824 1001
1285675669 313781 59.889371 10.764238 326952 1009
1285675670 314791 59.88924 10.764394 302896 1010
1285675671 315801 59.88924 10.764394 224920 1010
1285675672 316811 59.889104 10.76455 284544 1010
1285675673 317821 59.888954 10.764683 275536 1010
1285675674 318823 59.888812 10.764818 315208 1002
1285675675 319831 59.888812 10.764818 309736 1008
1285675676 320840 59.888662 10.76495 279072 1009
1285675677 321841 59.888569 10.765085 268696 1001
1285675678 322851 59.888406 10.765231 360352 1010
1285675679 323871 59.888406 10.765231 281008 1020
1285675680 324872 59.888264 10.765366 317376 1001
1285675681 325880 59.88812 10.765519 235864 1008
1285675682 326881 59.887975 10.76569 247608 1001
1285675683 327891 59.887975 10.76569 406864 1010
1285675684 328892 59.887824 10.76584 406864 1001
1285675685 329901 59.887687 10.766013 427384 1009
1285675686 330902 59.887546 10.766222 313840 1001
1285675687 331911 59.887546 10.766222 316576 1009
1285675688 332912 59.887381 10.766295 301528 1001
1285675689 333921 59.887226 10.766445 266760 1009
1285675690 334931 59.887091 10.766636 207136 1010
1285675691 335940 59.887091 10.766636 267328 1009
1285675692 336941 59.886954 10.76681 346104 1001
1285675693 337951 59.886821 10.766984 350776 1010
1285675694 338961 59.886685 10.76714 297424 1010
1285675695 339970 59.886685 10.76714 250911 1009
1285675696 340972 59.886542 10.767293 276336 1002
1285675697 341990 59.886398 10.767446 260488 1018
1285675698 342991 59.886276 10.767588 297424 1001
1285675699 344000 59.886276 10.767588 248976 1009
1285675700 345001 59.886169 10.767699 213976 1001
1285675701 346002 59.88602 10.767813 220248 1001
1285675702 347010 59.88586 10.767924 220816 1008
1285675703 348011 59.88586 10.767924 244872 1001
1285675704 349020 59.885714 10.767822 208504 1009
1285675705 350021 59.885564 10.767901 233128 1001
1285675706 351031 59.885359 10.768194 287280 1010
1285675707 352051 59.885359 10.768194 265960 1020
1285675708 353070 59.885144 10.768151 252280 1019
1285675709 354071 59.884985 10.768245 253080 1001
1285675710 355072 59.884923 10.768298 227656 1001
1285675711 356080 59.884923 10.768298 262656 1008
1285675712 357090 59.88477 10.768413 223552 1010
1285675713 358100 59.884616 10.768545 220248 1010
1285675714 359101 59.884468 10.768659 205768 1001
1285675715 360110 59.884468 10.768659 218880 1009
1285675716 361111 59.884314 10.768791 194824 1001
1285675717 362120 59.884161 10.768906 240308 1009
1285675718 363121 59.884007 10.769038 217172 1001
1285675719 364122 59.884007 10.769038 216712 1001
1285675720 365130 59.883856 10.769188 225720 1008
1285675721 366140 59.883709 10.769323 227653 1010
1285675722 367150 59.883561 10.769476 277704 1010
1285675723 368160 59.883561 10.769476 256387 1010
1285675724 369170 59.883417 10.769629 257752 1010
1285675725 370180 59.883276 10.769803 273600 1010
1285675726 371181 59.883138 10.769976 222184 1001
1285675727 372190 59.883138 10.769976 262656 1009
1285675728 373191 59.882996 10.77015 257752 1001
1285675729 374200 59.882859 10.770324 259120 1009
1285675730 375340 59.882719 10.77048 323417 1140
1285675731 376341 59.882719 10.77048 336528 1001
1285675732 377350 59.882589 10.770657 293320 1009
1285675733 378351 59.882465 10.770817 311104 1001
1285675734 379352 59.882337 10.770977 342568 1001
1285675735 380430 59.882337 10.770977 356248 1078
1285675736 381431 59.882222 10.771122 336528 1001
1285675737 382440 59.882109 10.77125 302896 1009
1285675738 383451 59.881997 10.77136 304264 1011
1285675739 384460 59.881997 10.77136 348040 1009
1285675740 385461 59.881899 10.771456 317376 1001
1285675741 386470 59.881819 10.771577 294688 1009
1285675742 387490 59.881747 10.771662 275536 1020
1285675743 388500 59.881747 10.771662 278272 1010
1285675744 389501 59.881692 10.771719 287280 1001
1285675745 390510 59.881643 10.771775 192088 1009
1285675746 391520 59.881606 10.771818 268128 1010
1285675747 392530 59.881606 10.771818 279640 1010
1285675748 393531 59.881584 10.771847 486208 1001
1285675750 394591 59.881555 10.771892 537392 1060
1285675751 395592 59.88154 10.771924 380304 1001
1285675752 396600 59.88154 10.771924 364456 1008
1285675753 397610 59.881519 10.771935 348040 1010
1285675754 398611 59.881508 10.771967 379504 1001
1285675755 399620 59.881495 10.771981 354880 1009
1285675756 400630 59.881495 10.771981 298792 1010
1285675757 401639 59.881493 10.771999 269496 1009
1285675758 402640 59.88149 10.772034 293319 1001
1285675759 403641 59.881495 10.772034 249544 1001
1285675760 404649 59.881495 10.772034 236664 1008
1285675761 405650 59.881493 10.772051 227656 1001
1285675762 406659 59.881498 10.772051 251712 1009
1285675763 407660 59.881506 10.772055 231760 1001
1285675764 408670 59.881506 10.772055 238600 1010
1285675765 409680 59.881509 10.772072 279072 1010
1285675766 410681 59.881509 10.772072 282376 1001
1285675767 411690 59.881521 10.772075 285112 1009
1285675768 412691 59.881521 10.772075 340632 1001
1285675769 413692 59.881521 10.772075 274168 1001
1285675770 414710 59.881521 10.772075 192088 1018
1285675771 415719 59.881525 10.772075 243504 1009
1285675772 416730 59.881525 10.772075 218080 1011
1285675773 417739 59.881533 10.772079 246240 1009
1285675774 418740 59.881531 10.772096 226288 1001
1285675775 419749 59.881536 10.772096 236664 1009
1285675776 420750 59.881536 10.772096 229024 1001
1285675777 421770 59.881536 10.772096 227656 1020
1285675778 422779 59.881536 10.772096 264024 1009
1285675779 423791 59.88154 10.772096 238600 1012
1285675780 424799 59.88154 10.772096 257184 1008
1285675781 425809 59.881548 10.7721 215344 1010
1285675782 426810 59.881548 10.7721 190152 1001
1285675783 427819 59.881548 10.7721 181144 1009
1285675784 428829 59.881548 10.7721 214776 1010
1285675785 429830 59.881548 10.7721 194824 1001
1285675786 430849 59.881548 10.7721 210672 1019
1285675787 431859 59.881553 10.7721 168832 1010
1285675788 432869 59.881553 10.7721 177840 1010
1285675789 433889 59.881553 10.7721 179776 1020
1285675790 434899 59.881553 10.7721 176472 1010
1285675791 435909 59.881553 10.7721 139536 1010
1285675792 436919 59.881553 10.7721 105904 1010
1285675793 437920 59.881543 10.772114 155952 1001
1285675794 438929 59.881528 10.772146 125856 1009
1285675795 439939 59.881504 10.772192 99064 1010
1285675796 440949 59.881504 10.772192 93024 1010
1285675797 441969 59.881474 10.772255 82080 1020
1285675798 442999 59.881437 10.772315 64296 1030
1285675799 444029 59.881391 10.772372 57456 1030
1285675800 445439 59.881391 10.772372 56657 1410
1285675801 446459 59.88134 10.772446 61560 1020
1285675806 451258 59.88128 10.772535 41040 4799
1285675807 452399 59.881219 10.772624 36936 1140
1285675809 454319 59.881219 10.772624 9576 1920
1285675810 455339 59.881154 10.772712 42408 1020
1285675815 460469 59.88108 10.772815 16512 5130
1285675816 461488 59.881007 10.772918 39672 1019
1285675818 462558 59.881007 10.772918 2640 1070
1285675820 465139 59.880928 10.77302 35632 2581
1285675824 468948 59.880845 10.773137 43712 3809
1285675828 472979 59.880759 10.773237 79912 4031
1285675829 473988 59.880759 10.773237 99864 1009
1285675830 475008 59.880671 10.773354 75072 1020
1285675831 476018 59.880576 10.773467 83616 1010
1285675832 477029 59.880487 10.773602 75240 1011
1285675833 478058 59.880487 10.773602 73872 1029
1285675834 479218 59.880392 10.773716 1936 1160
1285675835 480219 59.880291 10.773847 76608 1001
1285675836 481228 59.880187 10.773975 84816 1009
1285675837 482268 59.880187 10.773975 46512 1040
1285675838 483308 59.880078 10.774102 120384 1040
1285675840 485178 59.879957 10.774227 81280 1870
1285675841 486188 59.879849 10.774355 105336 1010
1285675842 487199 59.879849 10.774355 114912 1011
1285675843 488218 59.879728 10.774479 91656 1019
1285675844 489228 59.879607 10.774604 68400 1010
1285675845 490238 59.879483 10.774725 66232 1010
1285675846 491248 59.879483 10.774725 129960 1010
1285675847 492258 59.879362 10.774849 117648 1010
1285675848 493349 59.879223 10.77495 125056 1091
1285675849 494359 59.879088 10.77505 131328 1010
1285675850 495368 59.879088 10.77505 117648 1008
1285675851 496378 59.878949 10.77515 131328 1010
1285675852 497388 59.878814 10.77525 157888 1010
1285675853 498390 59.878661 10.775326 94392 1002
1285675854 499398 59.878661 10.775326 84816 1008
1285675856 500903 59.878508 10.775402 16384 1505
1285675857 501918 59.878355 10.775479 172968 1015
1285675858 502928 59.878204 10.775537 97128 1010
1285675859 503929 59.878204 10.775537 71136 1001
1285675860 504948 59.878052 10.775596 88920 1019
1285675861 505978 59.877905 10.775654 68968 1030
1285675862 506998 59.877755 10.775695 82080 1020
1285675863 508028 59.877755 10.775695 82080 1030
1285675864 509048 59.87761 10.775774 72504 1019
1285675865 510050 59.877458 10.775833 43776 1002
1285675866 511078 59.877318 10.775912 50616 1028
1285675867 512088 59.877318 10.775912 60192 1010
1285675868 513098 59.877166 10.775971 32032 1010
1285675869 514108 59.877013 10.776047 60192 1010
1285675870 515148 59.876851 10.776137 45144 1040
1285675871 516149 59.876851 10.776137 50616 1001
1285675872 517188 59.876697 10.776231 41040 1039
1285675873 518218 59.876529 10.776338 34232 1030
1285675874 519248 59.87638 10.776453 32800 1030
1285675875 520278 59.87638 10.776453 35568 1030
1285675876 521288 59.876237 10.776567 32832 1010
1285675877 522328 59.876079 10.776696 23256 1040
1285675878 523357 59.875939 10.776814 23256 1029
1285675879 524408 59.875939 10.776814 23824 1051
1285675880 525437 59.875789 10.776946 49248 1029
1285675881 526448 59.875648 10.777064 31464 1011
1285675882 527457 59.87552 10.777185 31464 1009
1285675883 528458 59.87552 10.777185 28728 1001
1285675884 529468 59.875378 10.77732 31328 1010
1285675885 530498 59.875239 10.77742 28864 1030
1285675887 531568 59.875104 10.777521 24624 1070
1285675888 532617 59.875104 10.777521 21888 1049
1285675889 533708 59.874971 10.777642 19152 1091
1285675890 534808 59.874839 10.777745 21888 1100
1285675903 548162 59.874712 10.777849 1368 13354
1285675904 549172 59.874712 10.777849 129160 1010
1285675905 550173 59.874584 10.77797 497152 1001
1285675906 551174 59.874452 10.778074 594280 1001
1285675907 552192 59.874334 10.778163 527816 1018
1285675908 553194 59.874334 10.778163 581968 1002
1285675909 554195 59.874215 10.77827 542296 1001
1285675910 555203 59.874102 10.778359 572960 1008
1285675911 556205 59.873997 10.778434 658576 1002
1285675914 559492 59.873997 10.778434 100432 3287
1285675916 560544 59.8739 10.778513 409600 1052
1285675917 561545 59.873805 10.778574 597016 1001
1285675918 562547 59.873714 10.778635 584704 1002
1285675919 563552 59.873714 10.778635 566120 1005
1285675920 564553 59.873633 10.778682 587440 1001
1285675921 565561 59.873555 10.778728 512200 1008
1285675922 566572 59.873486 10.778779 417808 1011
1285675923 567592 59.873486 10.778779 415072 1020
1285675924 568593 59.873425 10.778814 422480 1001
1285675925 569603 59.873375 10.778833 478000 1010
1285675926 570665 59.873328 10.778855 471160 1062
1285675927 571672 59.873328 10.778855 691976 1007
1285675928 572683 59.873286 10.778876 633952 1011
1285675929 573684 59.873239 10.778898 615368 1001
1285675930 574685 59.873206 10.778906 684568 1001
1285675931 575686 59.873206 10.778906 534656 1001
1285675932 576687 59.873171 10.778931 606592 1001
1285675933 577712 59.873138 10.778938 601688 1025
1285675934 578713 59.873115 10.778967 657208 1001
1285675935 579722 59.873115 10.778967 627680 1009
1285675936 580732 59.873101 10.778981 639424 1010
1285675937 581743 59.873089 10.778977 572960 1011
1285675938 582753 59.873083 10.778957 680464 1010
1285675939 583754 59.873083 10.778957 655040 1001
1285675940 584802 59.873071 10.778953 674192 1048
1285675941 585814 59.873071 10.778953 643528 1012
1285675942 586852 59.873071 10.778953 586640 1038
1285675943 587853 59.873071 10.778953 610696 1001
1285675944 588913 59.873071 10.778953 616736 1060
1285675945 589932 59.873071 10.778953 408231 1019
1285675946 590933 59.873078 10.778957 606592 1001
1285675947 592012 59.873078 10.778957 623576 1079
1285675948 593014 59.873078 10.778957 623008 1001
1285675949 594051 59.873086 10.77896 605792 1037
1285675950 595053 59.873094 10.778963 640792 1001
1285675951 596092 59.873094 10.778963 589376 1039
1285675952 597102 59.873097 10.778981 514936 1009
1285675953 598103 59.873104 10.778984 612064 1001
1285675954 599104 59.873112 10.778987 552440 1001
1285675955 600105 59.873112 10.778987 621640 1001
1285675956 601163 59.873123 10.779008 566120 1058
1285675957 602164 59.873123 10.779008 577864 1001
1285675958 603172 59.873127 10.779008 577864 1008
1285675959 604173 59.873127 10.779008 548336 1001
1285675960 605181 59.873114 10.779022 623008 1008
1285675961 606211 59.873103 10.779054 537392 1030
1285675962 607212 59.873076 10.779083 591544 1001
1285675963 608213 59.873076 10.779083 580600 1001
1285675964 609214 59.87304 10.779125 515504 1001
1285675965 610216 59.872996 10.779164 602488 1002
1285675966 611241 59.872941 10.779221 578432 1025
1285675967 612242 59.872941 10.779221 639424 1001
1285675968 613322 59.872876 10.779271 589376 1080
1285675969 614323 59.872802 10.779321 591544 1001
1285675970 615324 59.872725 10.779368 547768 1001
1285675971 616331 59.872725 10.779368 499088 1007
1285675972 617332 59.872642 10.779433 568288 1001
1285675973 618333 59.872547 10.779494 649000 1001
1285675974 619373 59.872454 10.779572 470360 1040
1285675975 620374 59.872454 10.779572 628481 1001
1285675976 621402 59.872345 10.779647 551072 1028
1285675977 622411 59.872241 10.779722 603853 1009
1285675978 623412 59.872129 10.779794 612067 1001
1285675979 624413 59.872129 10.779794 540109 1001
1285675980 625421 59.87202 10.779869 346691 1008
1285675981 626422 59.871896 10.779938 497152 1001
1285675982 627423 59.87177 10.780024 486208 1001
1285675983 628431 59.87177 10.780024 527248 1008
1285675984 629441 59.871646 10.780092 494984 1010
1285675985 630442 59.871522 10.780161 503992 1001
1285675986 631443 59.871392 10.780247 612061 1001
1285675987 632462 59.871392 10.780247 530555 1019
1285675988 633463 59.87126 10.780312 601120 1001
1285675989 634531 59.871127 10.780395 605789 1068
1285675991 635532 59.870996 10.780498 577867 1001
1285675992 636548 59.870996 10.780498 606591 1016
1285675993 637551 59.870862 10.780581 525080 1003
1285675994 638552 59.870728 10.780681 554608 1001
1285675995 639560 59.870595 10.780802 602028 1008
1285675996 640562 59.870595 10.780802 540588 1002
1285675997 641563 59.870466 10.780923 545032 1001
1285675998 642564 59.870336 10.781062 542296 1001
1285675999 643565 59.870214 10.781204 474464 1001
1285676000 644571 59.870214 10.781204 591544 1006
1285676001 645572 59.870092 10.781346 503992 1001
1285676002 646573 59.869971 10.78147 527816 1001
1285676003 647582 59.869863 10.781581 557344 1009
1285676004 648583 59.869863 10.781581 519040 1001
1285676005 649650 59.869747 10.781705 523712 1067
1285676006 650651 59.86964 10.781815 566920 1001
1285676007 651652 59.86952 10.781922 576496 1001
1285676008 652653 59.86952 10.781922 417808 1001
1285676009 653661 59.869412 10.78205 484840 1008
1285676010 654662 59.869303 10.782178 512768 1001
1285676011 655671 59.869191 10.782288 591544 1009
1285676012 656683 59.869191 10.782288 537392 1012
1285676013 657691 59.869075 10.782412 586072 1008
1285676014 658702 59.868968 10.782523 529984 1011
1285676015 659703 59.86886 10.782633 560648 1001
1285676016 660708 59.86886 10.782633 583336 1005
1285676017 661711 59.868745 10.78274 557344 1003
1285676018 662712 59.868632 10.782829 492248 1001
1285676019 663713 59.868526 10.782922 620272 1001
1285676020 664771 59.868526 10.782922 577064 1058
1285676021 665773 59.868423 10.782979 651736 1001
1285676022 666775 59.868332 10.78304 604424 1002
1285676023 667781 59.868257 10.78307 668153 1006
1285676024 668782 59.868257 10.78307 594848 1001
1285676025 669784 59.868188 10.783102 674992 1002
1285676026 670785 59.86814 10.783103 586640 1001
1285676027 671787 59.868093 10.783125 668152 1002
1285676028 672802 59.868093 10.783125 538760 1015
1285676029 673803 59.86806 10.783132 640792 1001
1285676030 674811 59.868026 10.78314 544232 1008
1285676031 675812 59.868002 10.783133 654472 1001
1285676032 676890 59.868002 10.783133 544232 1078
1285676033 677891 59.867982 10.783126 538192 1001
1285676034 678892 59.867964 10.783141 610696 1001
1285676035 679893 59.867944 10.783134 508664 1001
1285676036 680901 59.867944 10.783134 565552 1008
1285676037 681911 59.867919 10.783145 535447 1010
1285676038 682912 59.867882 10.783135 510841 1001
1285676039 683913 59.867829 10.783136 490880 1001
1285676040 684920 59.867829 10.783136 508096 1007
1285676041 685921 59.867784 10.78314 516304 1001
1285676042 686922 59.867726 10.783141 513568 1001
1285676043 687931 59.867668 10.783141 503192 1009
1285676044 688932 59.867668 10.783141 566920 1001
1285676045 689933 59.867603 10.783139 509464 1001
1285676046 691040 59.86755 10.78314 493616 1107
1285676047 692051 59.867498 10.783123 540928 1011
1285676048 693052 59.867498 10.783123 484840 1001
1285676049 694061 59.867442 10.783106 460216 1009
1285676050 695062 59.867391 10.78309 497152 1001
1285676051 696063 59.867348 10.783059 456112 1001
1285676052 697070 59.867348 10.783059 497720 1007
1285676053 698085 59.867311 10.78301 554608 1015
1285676054 699091 59.867269 10.782979 553240 1006
1285676055 700092 59.867222 10.782963 468991 1001
1285676056 701101 59.867222 10.782963 547749 1009
1285676057 702110 59.86719 10.782953 304283 1009
1285676058 703111 59.86715 10.782939 476632 1001
1285676059 704112 59.867131 10.782933 419176 1001
1285676060 705121 59.867131 10.782933 479368 1009
1285676061 706122 59.867112 10.782908 523144 1001
1285676062 707131 59.867093 10.782902 419176 1009
1285676063 708140 59.867085 10.782898 405496 1009
1285676064 709141 59.867085 10.782898 257752 1001
1285676065 710142 59.867079 10.782878 413704 1001
1285676066 711150 59.867076 10.782874 464320 1008
1285676067 712160 59.867077 10.782857 524512 1010
1285676068 713169 59.867077 10.782857 492248 1009
1285676069 714190 59.867072 10.782818 408232 1020
1285676070 715240 59.867056 10.782777 410968 1050
1285676071 716241 59.867048 10.782773 617536 1001
1285676072 717250 59.867048 10.782773 546400 1009
1285676073 718260 59.86704 10.78277 460216 1010
1285676074 719319 59.867034 10.782749 422480 1059
1285676075 720360 59.867026 10.782746 412336 1041
1285676076 721420 59.867026 10.782746 406864 1060
1285676077 722421 59.867011 10.782739 391248 1001
1285676078 723429 59.866997 10.782715 238600 1008
1285676079 724430 59.86699 10.782711 332992 1001
1285676080 725440 59.86699 10.782711 397288 1010
1285676081 726441 59.866976 10.782687 307000 1001
1285676082 727442 59.866961 10.782681 238032 1001
1285676083 728460 59.866938 10.782671 245440 1018
1285676084 729461 59.866938 10.782671 274968 1001
1285676085 730469 59.866923 10.782664 237232 1008
1285676086 731479 59.866888 10.782651 203372 1010
1285676087 732480 59.866856 10.78264 158348 1001
1285676088 733481 59.866856 10.78264 187416 1001
1285676089 734490 59.866807 10.782641 220816 1009
1285676090 735491 59.866753 10.78266 238032 1001
1285676091 736510 59.866692 10.782696 159256 1019
1285676092 737511 59.866692 10.782696 282376 1001
1285676093 738519 59.866624 10.782728 352944 1008
1285676094 739529 59.866548 10.782757 192088 1010
1285676096 740549 59.866468 10.782787 259120 1020
1285676097 741550 59.866468 10.782787 259920 1001
1285676098 742559 59.866391 10.782833 205768 1009
1285676099 743560 59.866314 10.782919 272232 1001
1285676100 744584 59.866243 10.782986 241336 1024
1285676101 745591 59.866243 10.782986 275536 1007
1285676102 746599 59.866176 10.783054 380304 1008
1285676103 747600 59.866114 10.783107 276904 1001
1285676104 748601 59.866069 10.783164 260488 1001
1285676105 749859 59.866069 10.783164 285113 1258
1285676106 750880 59.86603 10.783189 296856 1021
1285676107 751890 59.866007 10.783217 291952 1010
1285676108 752899 59.865992 10.783249 276904 1009
1285676109 753900 59.865992 10.783249 266760 1001
1285676110 754901 59.865978 10.783263 255016 1001
1285676111 755919 59.865965 10.783278 307000 1018
1285676112 756920 59.865947 10.783292 340632 1001
1285676113 757929 59.865947 10.783292 326152 1009
1285676114 758930 59.865921 10.783303 301528 1001
1285676115 759931 59.865886 10.783328 342568 1001
1285676116 760939 59.865845 10.78337 331624 1008
1285676117 761941 59.865845 10.78337 358984 1002
1285676118 762949 59.865798 10.783392 348840 1008
1285676119 763950 59.865729 10.783442 307000 1001
1285676120 764960 59.865662 10.783457 331624 1010
1285676121 765969 59.865662 10.783457 350776 1009
1285676122 766970 59.865593 10.783507 304264 1001
1285676123 767971 59.865517 10.783536 372096 1001
1285676124 768979 59.865424 10.783562 395920 1008
1285676125 770059 59.865424 10.783562 445736 1080
1285676126 771060 59.865329 10.783585 402192 1001
1285676127 772069 59.865242 10.783593 313840 1009
1285676128 773079 59.865141 10.783595 317944 1010
1285676129 774089 59.865141 10.783595 397288 1010
1285676130 775090 59.865035 10.783597 405496 1001
1285676131 776100 59.864924 10.783598 332991 1010
1285676132 777101 59.86481 10.783597 332992 1001
1285676133 778140 59.86481 10.783597 364456 1039
1285676134 779141 59.864683 10.783609 403560 1001
1285676135 780149 59.864569 10.783607 332992 1008
1285676136 781151 59.86444 10.783637 405496 1002
1285676137 782159 59.86444 10.783637 445168 1008
1285676138 783160 59.864313 10.78365 371296 1001
1285676139 784161 59.864185 10.783663 365824 1001
1285676140 785179 59.86405 10.783672 350776 1018
1285676141 786180 59.86405 10.783672 469792 1001
1285676142 787278 59.86392 10.783719 541496 1098
1285676143 788280 59.863791 10.783749 513568 1002
1285676144 789281 59.863655 10.783814 644896 1001
1285676145 790282 59.863655 10.783814 499088 1001
1285676146 791289 59.863524 10.783862 553240 1007
1285676147 792291 59.863396 10.783931 428752 1002
1285676148 793299 59.863273 10.783981 431488 1008
1285676149 794305 59.863273 10.783981 424648 1006
1285676150 795309 59.863141 10.784047 471160 1004
1285676151 796319 59.863017 10.784115 420544 1010
1285676152 797320 59.862902 10.784169 471160 1001
1285676153 798359 59.862902 10.784169 467624 1039
1285676154 799360 59.862779 10.78422 571024 1001
1285676155 800369 59.862669 10.784274 538192 1009
1285676156 801408 59.862558 10.784329 527816 1039
1285676157 802409 59.862558 10.784329 480736 1001
1285676158 803410 59.862457 10.784369 502624 1001
1285676159 804429 59.862354 10.784426 380872 1019
1285676160 805430 59.862252 10.784467 572392 1001
