1285770173 1707756 59.850675 10.781799 306432 1009
1285770174 1708758 59.850684 10.781799 235864 1002
1285770175 1709759 59.850684 10.781799 334360 1001
1285770176 1710774 59.850688 10.781799 427384 1015
1285770177 1711778 59.850685 10.781796 503992 1004
1285770178 1712780 59.850691 10.781778 472528 1002
1285770179 1713792 59.850691 10.781778 442432 1012
1285770180 1714793 59.850691 10.781778 358984 1001
1285770181 1715798 59.850691 10.781778 374032 1005
1285770182 1716811 59.850679 10.781775 387712 1013
1285770183 1717812 59.850679 10.781775 449272 1001
1285770184 1718818 59.850679 10.781775 523144 1006
1285770185 1719828 59.850679 10.781775 401392 1010
1285770186 1720829 59.850667 10.781772 401392 1001
1285770187 1721830 59.850667 10.781772 435592 1001
1285770188 1722845 59.850662 10.781772 488944 1015
1285770189 1723848 59.850658 10.781772 418716 1003
1285770190 1724888 59.850653 10.781772 410628 1040
1285770191 1725948 59.850653 10.781772 410968 1060
1285770192 1726949 59.85064 10.781786 392616 1001
1285770193 1727950 59.850635 10.781786 419176 1001
1285770194 1728951 59.85063 10.781786 379504 1001
1285770195 1729958 59.85063 10.781786 320677 1007
1285770196 1731111 59.850618 10.781783 383611 1153
1285770197 1732118 59.850614 10.781783 473896 1007
1285770198 1733128 59.850609 10.781783 386344 1010
1285770199 1734129 59.850609 10.781783 374032 1001
1285770200 1735130 59.850602 10.781779 453376 1001
1285770201 1736138 59.850597 10.781779 424648 1008
1285770202 1737139 59.85059 10.781762 415072 1001
1285770203 1738140 59.85059 10.781762 372664 1001
1285770204 1739148 59.850585 10.781762 391816 1008
1285770205 1740149 59.850581 10.781762 447904 1001
1285770206 1741158 59.850576 10.781762 391816 1009
1285770207 1742168 59.850576 10.781762 382240 1010
1285770208 1743179 59.850572 10.781762 357616 1011
1285770209 1744187 59.850555 10.781758 324784 1008
1285770210 1745198 59.850549 10.781776 281008 1011
1285770211 1746208 59.850549 10.781776 346104 1010
1285770212 1747209 59.85054 10.781776 390448 1001
1285770213 1748248 59.850531 10.781776 490880 1039
1285770214 1749249 59.850522 10.781776 516304 1001
1285770215 1750258 59.850522 10.781776 488944 1009
1285770216 1751259 59.850513 10.781776 417808 1001
1285770217 1752260 59.850495 10.78179 434224 1001
1285770218 1753267 59.850486 10.78179 323416 1007
1285770219 1754268 59.850486 10.78179 404128 1001
1285770220 1755269 59.850477 10.78179 450640 1001
1285770221 1756278 59.850471 10.781808 426016 1009
1285770222 1757287 59.850462 10.781808 445168 1009
1285770223 1758288 59.850462 10.781808 371296 1001
1285770224 1759297 59.850457 10.781808 286480 1009
1285770225 1760468 59.850453 10.781808 53352 1171
1285770226 1761477 59.85045 10.78179 222984 1009
1285770227 1762478 59.85045 10.78179 261856 1001
1285770228 1763487 59.85045 10.78179 227656 1009
1285770229 1764488 59.850445 10.78179 228456 1001
1285770230 1765497 59.850438 10.781787 200296 1009
1285770231 1766498 59.850438 10.781787 240768 1001
1285770232 1767507 59.850438 10.781787 172936 1009
1285770233 1768508 59.850438 10.781787 166896 1001
1285770234 1769509 59.850438 10.781787 220816 1001
1285770235 1770517 59.850438 10.781787 194256 1008
1285770237 1771547 59.850438 10.781787 139536 1030
1285770238 1772647 59.850433 10.781787 118216 1100
1285770239 1773648 59.850433 10.781787 196992 1001
1285770240 1774657 59.850433 10.781787 177040 1009
1285770241 1775658 59.850426 10.781783 198360 1001
1285770242 1776667 59.850426 10.781783 191520 1009
1285770243 1777677 59.850426 10.781783 163360 1010
1285770244 1778697 59.850426 10.781783 184680 1020
1285770245 1779698 59.850427 10.781766 103169 1001
1285770246 1780699 59.850422 10.781766 134064 1001
1285770247 1781708 59.850422 10.781766 165528 1009
1285770248 1782717 59.850422 10.781766 160624 1009
1285770249 1783727 59.850422 10.781766 151848 1010
1285770250 1784766 59.850415 10.781763 171568 1039
1285770251 1785767 59.850415 10.781763 190152 1001
1285770252 1786777 59.850415 10.781763 154584 1010
1285770253 1787786 59.850415 10.781763 172936 1009
1285770254 1788797 59.850415 10.781763 191520 1011
1285770255 1789806 59.850403 10.781759 144208 1009
1285770256 1790846 59.850403 10.781759 80712 1040
1285770257 1791847 59.850403 10.781759 98496 1001
1285770258 1792897 59.850398 10.781759 197560 1050
1285770259 1793898 59.850392 10.781777 235296 1001
1285770260 1794907 59.850392 10.781777 198928 1009
1285770261 1795916 59.850385 10.781773 97128 1009
1285770262 1796917 59.85038 10.781773 164160 1001
1285770263 1797918 59.850374 10.781791 246808 1001
1285770264 1798927 59.850374 10.781791 265392 1009
1285770265 1799928 59.85037 10.781791 203032 1001
1285770266 1800937 59.850365 10.781791 233128 1009
1285770267 1801946 59.850353 10.781788 225720 1009
1285770268 1802947 59.850353 10.781788 213976 1001
1285770269 1803948 59.850347 10.781805 264024 1001
1285770270 1804957 59.850335 10.781802 248176 1009
1285770271 1805987 59.850318 10.781798 270064 1030
1285770272 1806996 59.850318 10.781798 274968 1009
1285770273 1808007 59.850314 10.781798 212608 1011
1285770274 1809017 59.850297 10.781795 285912 1010
1285770275 1810018 59.850284 10.781809 241336 1001
1285770276 1811036 59.850284 10.781809 278272 1018
1285770277 1812137 59.850285 10.781792 346672 1101
1285770278 1813146 59.85028 10.781792 292752 1009
1285770279 1814147 59.85028 10.781792 227656 1001
1285770280 1815148 59.85028 10.781792 266760 1001
1285770281 1816157 59.850271 10.781806 235864 1009
1285770282 1817166 59.850271 10.781806 220816 1009
1285770283 1818167 59.850279 10.781809 285912 1001
1285770284 1819176 59.850279 10.781809 281008 1009
1285770285 1820266 59.850279 10.781809 235863 1090
1285770286 1821276 59.850274 10.781823 242136 1010
1285770287 1822278 59.850282 10.781827 237232 1002
1285770288 1823286 59.850282 10.781827 246240 1008
1285770289 1824296 59.850287 10.781827 203032 1010
1285770290 1825306 59.850279 10.781823 244872 1010
1285770291 1826317 59.850279 10.781823 213976 1011
1285770292 1827326 59.850279 10.781823 209304 1009
1285770293 1828327 59.850271 10.78182 208504 1001
1285770294 1829336 59.850283 10.781823 239400 1009
1285770295 1830346 59.850288 10.781823 193456 1010
1285770296 1831407 59.850288 10.781823 220816 1061
1285770297 1832426 59.850288 10.781823 233928 1019
1285770298 1833428 59.850296 10.781827 192088 1002
1285770299 1834437 59.850296 10.781827 257184 1009
1285770300 1835456 59.850296 10.781827 220816 1019
1285770301 1836466 59.850296 10.781827 268128 1010
1285770302 1837471 59.850308 10.78183 238600 1005
1285770303 1838497 59.850315 10.781833 227656 1026
1285770304 1839506 59.850315 10.781833 243504 1009
1285770305 1840507 59.850323 10.781837 213976 1001
1285770306 1841516 59.850322 10.781854 246240 1009
1285770307 1842526 59.850322 10.781854 235864 1010
1285770309 1843539 59.850322 10.781854 259920 1013
1285770310 1844546 59.850326 10.781854 244072 1007
1285770311 1845547 59.850327 10.781837 241336 1001
1285770312 1846556 59.850331 10.78184 243504 1009
1285770313 1847566 59.850331 10.78184 213976 1010
1285770314 1848576 59.850329 10.781858 254448 1010
1285770315 1849577 59.850337 10.781861 226288 1001
1285770316 1850616 59.850337 10.781861 242704 1039
1285770317 1851626 59.850337 10.781861 261288 1010
1285770318 1852627 59.850331 10.781879 239968 1001
1285770319 1853636 59.850326 10.781879 258552 1009
1285770320 1854638 59.850314 10.781875 235845 1002
1285770321 1855916 59.850314 10.781875 233147 1278
1285770322 1856917 59.850314 10.781875 228456 1001
1285770323 1857926 59.85031 10.781875 227657 1009
1285770324 1858927 59.850316 10.781896 261288 1001
1285770325 1859936 59.850316 10.781896 198928 1009
1285770326 1860946 59.850316 10.781896 140904 1010
1285770327 1862250 59.850323 10.781899 16384 1304
1285770328 1863255 59.850314 10.781914 378168 1005
1285770329 1864256 59.850314 10.781914 265960 1001
1285770330 1865276 59.850322 10.781917 294120 1020
1285770331 1866277 59.850318 10.781917 220816 1001
1285770332 1867286 59.850318 10.781917 229024 1009
1285770333 1868295 59.850318 10.781917 261288 1009
1285770334 1869296 59.850304 10.781931 252280 1001
1285770335 1870336 59.850304 10.781931 302896 1040
1285770336 1871337 59.850299 10.781931 203832 1001
1285770337 1872345 59.850299 10.781931 237232 1008
1285770338 1873346 59.850299 10.781931 251712 1001
1285770339 1874347 59.850301 10.781914 250912 1001
1285770340 1875355 59.850301 10.781914 229824 1008
1285770341 1876356 59.850301 10.781914 182512 1001
1285770342 1877357 59.850301 10.781914 251712 1001
1285770343 1878365 59.850307 10.781934 200296 1008
1285770344 1879386 59.850307 10.781934 253648 1021
1285770345 1880395 59.850307 10.781934 246240 1009
1285770346 1881426 59.850307 10.781934 72504 1031
1285770347 1882435 59.850307 10.781934 104536 1009
1285770348 1883445 59.850308 10.781917 99864 1010
1285770349 1884455 59.850308 10.781917 64296 1010
1285770350 1885465 59.850308 10.781917 73872 1010
1285770351 1886475 59.850308 10.781917 84816 1010
1285770352 1887515 59.850308 10.781917 62128 1040
1285770353 1888517 59.850308 10.781917 212040 1002
1285770354 1889525 59.850305 10.781914 230392 1008
1285770355 1890526 59.850305 10.781914 251712 1001
1285770357 1891544 59.850301 10.781914 197560 1018
1285770358 1892545 59.850301 10.781914 262656 1001
1285770359 1893546 59.850301 10.781914 260488 1001
1285770360 1894555 59.850295 10.781931 241336 1009
1285770361 1895556 59.850295 10.781931 291384 1001
1285770362 1896565 59.850295 10.781931 267328 1009
1285770363 1897566 59.850283 10.781928 252280 1001
1285770364 1898575 59.850278 10.781928 244872 1009
1285770365 1899585 59.850274 10.781928 193455 1010
1285770366 1900595 59.850274 10.781928 146376 1010
1285770367 1901605 59.850268 10.781945 98496 1010
1285770368 1902625 59.850268 10.781945 159256 1020
1285770369 1903626 59.850263 10.781945 348840 1001
1285770370 1904635 59.850263 10.781945 316576 1009
1285770371 1905636 59.850259 10.781945 297424 1001
1285770372 1906637 59.850254 10.781945 462952 1001
1285770373 1907645 59.85025 10.781945 361720 1008
1285770374 1908655 59.85025 10.781945 353512 1010
1285770375 1909666 59.850236 10.781959 364456 1011
1285770376 1910668 59.850232 10.781959 328888 1002
1285770377 1911675 59.850227 10.781959 372096 1007
1285770378 1912676 59.850227 10.781959 400024 1001
1285770379 1913677 59.850226 10.781977 315208 1001
1285770380 1914685 59.850226 10.781977 443800 1008
1285770381 1915686 59.850226 10.781977 438328 1001
1285770382 1916695 59.850226 10.781977 371296 1009
1285770383 1917711 59.85022 10.781995 275536 1016
1285770384 1918715 59.850212 10.781991 306997 1004
1285770385 1919931 59.850206 10.782009 367163 1216
1285770386 1920945 59.850206 10.782009 397320 1014
1285770387 1922065 59.850194 10.782005 404128 1120
1285770388 1923066 59.85018 10.78202 314640 1001
1285770389 1924075 59.850174 10.782037 278272 1009
1285770390 1925085 59.850174 10.782037 360352 1010
1285770391 1926105 59.850162 10.782034 275537 1020
1285770392 1927106 59.850165 10.782037 354312 1001
1285770393 1928115 59.850165 10.782037 337096 1009
1285770394 1929116 59.850165 10.782037 323416 1001
1285770395 1930125 59.850161 10.782037 294688 1009
1285770396 1931126 59.850169 10.78204 306432 1001
1285770397 1932135 59.850166 10.782023 276904 1009
1285770398 1933144 59.850166 10.782023 250912 1009
1285770399 1934155 59.850164 10.78204 264024 1011
1285770400 1935165 59.85016 10.78204 265960 1010
1285770401 1936175 59.85016 10.78204 301528 1010
1285770402 1937176 59.85016 10.78204 322048 1001
1285770403 1938195 59.85016 10.78204 296856 1019
1285770404 1939205 59.85016 10.78204 264592 1010
1285770405 1940215 59.850167 10.782044 271432 1010
1285770406 1941225 59.850167 10.782044 266760 1010
1285770407 1942234 59.85017 10.782061 260488 1009
1285770408 1943305 59.850172 10.782044 259120 1071
1285770409 1944314 59.850176 10.782044 284544 1009
1285770410 1945315 59.850176 10.782044 300160 1001
1285770411 1946316 59.850188 10.782047 278272 1001
1285770412 1947318 59.850188 10.782047 332424 1002
1285770413 1948325 59.850188 10.782047 369928 1007
1285770414 1949327 59.850188 10.782047 257752 1002
1285770415 1950334 59.850188 10.782047 309736 1007
1285770416 1951395 59.850188 10.782047 324784 1061
1285770418 1952565 59.85019 10.78203 253080 1170
1285770419 1953575 59.85019 10.78203 276904 1010
1285770420 1954584 59.85019 10.78203 308368 1009
1285770421 1955585 59.85019 10.78203 321480 1001
1285770422 1956586 59.850191 10.782012 287847 1001
1285770423 1957594 59.850191 10.782012 297424 1008
1285770424 1958644 59.850196 10.782012 301528 1050
1285770425 1959645 59.850203 10.782015 307800 1001
1285770426 1960654 59.850205 10.781998 230392 1009
1285770427 1961655 59.850205 10.781998 262656 1001
1285770428 1962656 59.850209 10.781998 233128 1001
1285770429 1963664 59.850218 10.781998 261856 1008
1285770430 1964665 59.850229 10.78198 273600 1001
1285770431 1965674 59.850229 10.78198 242704 1009
1285770432 1966675 59.850245 10.781984 268696 1001
1285770433 1967684 59.850256 10.781966 299592 1009
1285770434 1968685 59.85026 10.781966 278272 1001
1285770435 1969694 59.85026 10.781966 291952 1009
1285770436 1970708 59.850265 10.781966 287280 1014
1285770437 1971725 59.850271 10.781949 255016 1017
1285770438 1972734 59.850275 10.781949 289216 1009
1285770439 1973744 59.850275 10.781949 268128 1010
1285770440 1974746 59.85028 10.781949 242704 1002
1285770441 1975754 59.850292 10.781952 283744 1008
1285770442 1976756 59.850298 10.781934 262656 1002
1285770443 1977764 59.850298 10.781934 238600 1008
1285770444 1978774 59.850303 10.781934 298792 1010
1285770445 1979784 59.850304 10.781917 253080 1010
1285770446 1980785 59.850308 10.781917 219448 1001
1285770447 1981786 59.850308 10.781917 246240 1001
1285770448 1982794 59.850308 10.781917 197560 1008
1285770449 1983795 59.850322 10.781903 220248 1001
1285770450 1984804 59.850327 10.781903 137368 1009
1285770451 1985814 59.850327 10.781903 158688 1010
1285770452 1986815 59.850334 10.781868 160624 1001
1285770453 1987834 59.850332 10.781847 202464 1019
1285770454 1988844 59.850337 10.781847 208504 1010
1285770455 1989845 59.850337 10.781847 202464 1001
1285770456 1990854 59.850346 10.781847 171000 1009
1285770457 1991864 59.850362 10.78185 118217 1010
1285770458 1992884 59.850367 10.78185 209304 1020
1285770459 1993894 59.850367 10.78185 194824 1010
1285770460 1994895 59.850376 10.78185 251712 1001
1285770461 1995913 59.850381 10.78185 263224 1018
1285770462 1996914 59.850397 10.781853 179208 1001
1285770463 1997934 59.850397 10.781853 175672 1020
1285770464 1998944 59.850412 10.781874 229824 1010
1285770465 1999954 59.850417 10.781874 177040 1010
1285770466 2000963 59.850421 10.781874 154584 1009
1285770467 2001974 59.850421 10.781874 172936 1011
1285770468 2002983 59.850426 10.781874 179208 1009
1285770469 2003994 59.85043 10.781874 112176 1011
1285770470 2005014 59.850427 10.781871 79912 1020
1285770471 2006023 59.850427 10.781871 101232 1009
1285770472 2007024 59.85042 10.781868 114912 1001
1285770473 2008044 59.850415 10.781868 114912 1020
1285770474 2009053 59.850402 10.781882 118216 1009
1285770475 2010063 59.850402 10.781882 125856 1010
1285770476 2011064 59.850405 10.781885 155952 1001
1285770477 2012065 59.8504 10.781885 270064 1001
1285770478 2013066 59.850394 10.781903 307000 1001
1285770479 2014233 59.850394 10.781903 317944 1167
1285770480 2015251 59.850385 10.781903 383040 1018
1285770481 2016254 59.850376 10.781903 270064 1003
1285770482 2017264 59.850372 10.781903 256384 1010
1285770483 2018274 59.850372 10.781903 307800 1010
1285770484 2019275 59.850364 10.781885 278272 1001
1285770485 2020294 59.850363 10.781889 289216 1019
1285770486 2021303 59.850366 10.781892 272800 1009
1285770487 2022304 59.850366 10.781892 316008 1001
1285770488 2023314 59.850378 10.781881 249544 1010
1285770489 2024323 59.850389 10.781888 261856 1009
1285770490 2025325 59.850413 10.78188 266760 1002
1285770491 2026333 59.850413 10.78188 248176 1008
1285770492 2027334 59.85043 10.781869 274968 1001
1285770493 2028335 59.850462 10.781865 275536 1001
1285770494 2029336 59.850486 10.781858 212608 1001
1285770495 2030355 59.850486 10.781858 214776 1019
1285770496 2031363 59.850532 10.781839 270064 1008
1285770497 2032364 59.850589 10.781824 279640 1001
1285770498 2033365 59.850639 10.781806 357048 1001
1285770499 2034393 59.850639 10.781806 354880 1028
1285770500 2035394 59.850705 10.781794 253648 1001
1285770501 2036483 59.85077 10.781783 252280 1089
1285770502 2037484 59.850837 10.781753 340632 1001
1285770503 2038493 59.850837 10.781753 268696 1009
1285770504 2039503 59.850914 10.781745 263224 1010
1285770505 2040504 59.850993 10.781719 259920 1001
1285770506 2041523 59.85109 10.781717 278272 1019
1285770508 2042603 59.85109 10.781717 226288 1080
1285770509 2043613 59.851189 10.781698 258552 1010
1285770510 2044614 59.851297 10.781717 211221 1001
1285770511 2045617 59.851412 10.78174 238032 1003
1285770512 2046623 59.851412 10.78174 157907 1006
1285770513 2047624 59.851519 10.781777 261288 1001
1285770514 2048635 59.851636 10.781834 261856 1011
1285770515 2049643 59.85176 10.781895 274168 1008
1285770516 2050644 59.85176 10.781895 307800 1001
1285770517 2051654 59.851876 10.78197 256384 1010
1285770518 2052674 59.85199 10.782063 286480 1020
1285770519 2053675 59.852112 10.782159 298224 1001
1285770520 2054676 59.852112 10.782159 257752 1001
1285770521 2055683 59.852234 10.782255 274168 1007
1285770522 2056684 59.852352 10.782347 272232 1001
1285770523 2057685 59.852468 10.782423 264592 1001
1285770524 2058693 59.852468 10.782423 352144 1008
1285770525 2059694 59.852578 10.782515 375400 1001
1285770526 2060701 59.852691 10.782625 345304 1007
1285770527 2061713 59.852791 10.782732 269496 1012
1285770528 2062723 59.852791 10.782732 182512 1010
1285770529 2063724 59.852905 10.782825 321480 1001
1285770530 2064725 59.853006 10.782932 317944 1001
1285770531 2065726 59.853111 10.783038 368560 1001
1285770532 2066731 59.853111 10.783038 286480 1005
1285770533 2067752 59.853213 10.783128 263224 1021
1285770534 2068753 59.853318 10.783235 317376 1001
1285770535 2069754 59.853423 10.783341 287848 1001
1285770536 2070763 59.853423 10.783341 297424 1009
1285770537 2071772 59.853534 10.783431 326152 1009
1285770538 2072773 59.853653 10.783523 337896 1001
1285770539 2073783 59.853772 10.783616 297424 1010
1285770540 2074793 59.853772 10.783616 271432 1010
1285770541 2075832 59.853883 10.783705 322048 1039
1285770542 2076833 59.853994 10.783795 236664 1001
1285770543 2077842 59.854117 10.783887 201664 1009
1285770544 2078853 59.854117 10.783887 272232 1011
1285770545 2079854 59.854228 10.783977 264592 1001
1285770546 2080862 59.854341 10.784062 270064 1008
1285770547 2081863 59.854458 10.784134 276336 1001
1285770548 2082872 59.854458 10.784134 196192 1009
1285770549 2083882 59.854573 10.784224 209304 1010
1285770550 2084883 59.854675 10.784289 216712 1001
1285770551 2085884 59.854786 10.78434 236664 1001
1285770552 2086892 59.854786 10.78434 212608 1008
1285770553 2087893 59.854869 10.78438 297424 1001
1285770554 2088902 59.854953 10.784421 229824 1009
1285770555 2089922 59.855018 10.784438 218080 1020
1285770556 2090923 59.855018 10.784438 240768 1001
1285770557 2091924 59.855063 10.784448 248176 1001
1285770558 2092942 59.855097 10.784455 268696 1018
1285770559 2093943 59.855119 10.784441 246240 1001
1285770560 2094944 59.855119 10.784441 226287 1001
1285770561 2095952 59.855125 10.784423 240768 1008
1285770562 2096954 59.855128 10.784402 227656 1002
1285770563 2097962 59.855134 10.784385 280440 1008
1285770564 2098963 59.855134 10.784385 238600 1001
1285770565 2099964 59.855128 10.784364 250912 1001
1285770566 2100973 59.855122 10.784343 298224 1009
1285770567 2101993 59.855102 10.784336 285112 1020
1285770568 2102994 59.855102 10.784336 238600 1001
1285770569 2104012 59.855082 10.78433 246240 1018
1285770570 2105013 59.855069 10.784344 203032 1001
1285770571 2106014 59.855061 10.78434 251712 1001
1285770572 2107022 59.855061 10.78434 248176 1008
1285770573 2108032 59.855052 10.784355 224920 1010
1285770574 2109033 59.855058 10.784375 306432 1001
1285770575 2110042 59.855066 10.784379 248176 1009
1285770576 2111043 59.855066 10.784379 235296 1001
1285770577 2112052 59.855085 10.784386 183880 1009
1285770578 2113053 59.855117 10.784396 210672 1001
1285770579 2114054 59.85516 10.784426 181144 1001
1285770580 2115072 59.85516 10.784426 227088 1018
1285770581 2116082 59.855216 10.784443 177040 1010
1285770582 2117083 59.855271 10.784477 195624 1001
1285770583 2118092 59.855341 10.784518 160624 1009
1285770584 2119102 59.855341 10.784518 161424 1010
1285770585 2120112 59.855424 10.784545 138168 1010
1285770586 2121113 59.855521 10.784557 108640 1001
1285770587 2122122 59.855632 10.784556 140904 1009
1285770588 2123131 59.855632 10.784556 129960 1009
1285770589 2124132 59.855741 10.784572 71704 1001
1285770590 2125142 59.855858 10.784591 134064 1010
1285770591 2126152 59.855967 10.784607 131328 1010
1285770592 2127172 59.855967 10.784607 72504 1020
1285770593 2128182 59.856087 10.784643 47080 1010
1285770594 2129202 59.856221 10.784666 77976 1020
1285770595 2130222 59.85635 10.784689 62928 1020
1285770596 2131233 59.85635 10.784689 75240 1011
1285770597 2132292 59.856477 10.784729 41040 1059
1285770598 2133341 59.856606 10.784751 31464 1049
1285770599 2134384 59.856728 10.78477 34200 1043
1285770600 2135432 59.856728 10.78477 30096 1048
1285770656 2190797 59.856852 10.784793 24624 55365
1285770657 2191857 59.856978 10.784798 30664 1060
1285770658 2192858 59.857101 10.784785 108072 1001
1285770659 2193867 59.857101 10.784785 131328 1009
1285770660 2194877 59.857222 10.784752 117648 1010
1285770661 2195887 59.857347 10.784722 131896 1010
1285770662 2196897 59.857479 10.784657 153216 1010
1285770663 2197907 59.857479 10.784657 151848 1010
1285770664 2198927 59.857603 10.784588 126424 1020
1285770665 2199947 59.857722 10.78452 154584 1020
1285770666 2200957 59.857834 10.784448 143640 1010
1285770667 2201967 59.857834 10.784448 94960 1010
1285770668 2202977 59.857953 10.784397 109440 1010
1285770669 2203987 59.858074 10.784364 86184 1010
1285770671 2205917 59.858186 10.78433 61560 1930
1285770672 2206926 59.858186 10.78433 108640 1008
1285770673 2207927 59.858298 10.78435 83448 1001
1285770674 2208937 59.858405 10.784386 95760 1010
1285770675 2209938 59.858516 10.784423 140904 1001
1285770676 2210957 59.858516 10.784423 112744 1019
1285770677 2211966 59.858645 10.784484 106704 1009
1285770678 2212967 59.858771 10.78458 134064 1001
1285770679 2213977 59.858901 10.784694 151048 1010
1285770680 2215007 59.858901 10.784694 176472 1030
1285770681 2216008 59.859012 10.784821 177840 1001
1285770682 2217009 59.85912 10.784946 127792 1001
1285770683 2218017 59.859213 10.785102 153216 1008
1285770684 2219026 59.859213 10.785102 145576 1009
1285770685 2220037 59.859309 10.785223 140904 1011
1285770686 2221047 59.859393 10.78534 155952 1010
1285770687 2222066 59.859474 10.785441 108640 1019
1285770688 2223076 59.859474 10.785441 154584 1010
1285770689 2224086 59.859561 10.785523 162792 1010
1285770690 2225087 59.859646 10.785585 197560 1001
1285770691 2226097 59.859728 10.785629 209304 1010
1285770692 2227107 59.859728 10.785629 127792 1010
1285770693 2228116 59.859824 10.785659 155952 1009
1285770694 2229117 59.859919 10.785689 209304 1001
1285770695 2230118 59.860018 10.785684 142840 1001
1285770696 2231137 59.860018 10.785684 108072 1019
1285770697 2232146 59.860138 10.785669 103968 1009
1285770698 2233166 59.860256 10.78567 108640 1020
1285770699 2234176 59.860385 10.78564 158688 1010
1285770700 2235186 59.860385 10.78564 151848 1010
1285770701 2236187 59.860527 10.785596 96328 1001
1285770702 2237206 59.860659 10.785531 131328 1019
1285770703 2238216 59.860803 10.785469 113544 1010
1285770704 2239336 59.860803 10.785469 116848 1120
1285770705 2240366 59.860947 10.785407 145008 1030
1285770706 2241386 59.861086 10.785346 94392 1020
1285770707 2242396 59.861238 10.785287 91656 1010
1285770708 2243466 59.861238 10.785287 78544 1070
1285770709 2244496 59.861377 10.785225 90288 1030
1285770710 2245506 59.86153 10.785149 86184 1010
1285770711 2246526 59.861683 10.785073 68400 1020
1285770712 2247527 59.861683 10.785073 82080 1001
1285770714 2248536 59.861836 10.784997 85384 1009
1285770715 2249538 59.861977 10.784918 113544 1002
1285770716 2250566 59.862125 10.784842 116280 1028
1285770717 2251576 59.862125 10.784842 125856 1010
1285770718 2252596 59.862266 10.784763 112744 1020
1285770719 2253606 59.862418 10.784704 135432 1010
1285770720 2254607 59.862571 10.784628 127224 1001
1285770721 2255616 59.862571 10.784628 107272 1009
1285770722 2256626 59.862724 10.784552 105336 1010
1285770723 2257636 59.862883 10.784497 88920 1010
1285770724 2258656 59.863036 10.784421 86184 1020
1285770725 2259683 59.863036 10.784421 94392 1027
1285770726 2260696 59.863192 10.784363 79912 1013
1285770727 2261708 59.863352 10.78429 114912 1012
1285770728 2262716 59.863504 10.784232 117648 1008
1285770729 2264006 59.863504 10.784232 110008 1290
1285770730 2265016 59.863656 10.784173 195624 1010
1285770731 2266146 59.863813 10.784097 213976 1130
1285770732 2267166 59.863961 10.784036 240768 1019
1285770733 2268186 59.863961 10.784036 168832 1020
1285770734 2269187 59.864117 10.783977 196992 1001
1285770735 2270196 59.864266 10.783915 187416 1009
1285770736 2271206 59.864411 10.783889 163360 1010
1285770737 2272216 59.864411 10.783889 209304 1010
1285770738 2273225 59.864545 10.783859 148313 1009
1285770739 2274226 59.864684 10.78385 213408 1001
1285770740 2275228 59.864815 10.783855 164728 1002
1285770741 2276236 59.864815 10.783855 164160 1008
1285770742 2277245 59.864944 10.783877 134064 1009
1285770743 2278255 59.865073 10.7839 74440 1010
1285770744 2279256 59.865199 10.783919 95760 1001
1285770745 2280265 59.865199 10.783919 113544 1009
1285770746 2281266 59.865312 10.783935 99864 1001
1285770747 2282275 59.865432 10.783933 110005 1009
1285770748 2283276 59.865532 10.783925 149112 1001
1285770749 2284286 59.865532 10.783925 151848 1010
1285770750 2285295 59.865627 10.783916 131899 1009
1285770751 2286305 59.865723 10.78387 151848 1010
1285770752 2287306 59.865819 10.783805 128592 1001
1285770753 2288316 59.865819 10.783805 127792 1010
1285770754 2289326 59.865913 10.783723 120384 1010
1285770755 2290336 59.866011 10.783642 117648 1010
1285770756 2291345 59.866108 10.783577 142840 1009
1285770757 2292355 59.866108 10.783577 154584 1010
1285770758 2293356 59.866214 10.783499 158688 1001
1285770759 2294366 59.866332 10.783424 129160 1010
1285770760 2295376 59.866443 10.783366 162792 1010
1285770761 2296385 59.866443 10.783366 162792 1009
1285770762 2297395 59.866569 10.783294 149680 1010
1285770763 2298396 59.866695 10.783222 190152 1001
1285770764 2299405 59.866819 10.783168 201664 1009
1285770765 2300416 59.866819 10.783168 183312 1011
1285770766 2301425 59.866937 10.783131 157888 1009
1285770767 2302426 59.867049 10.783112 154584 1001
1285770768 2303435 59.867166 10.783093 147744 1009
1285770769 2304455 59.867166 10.783093 152416 1020
1285770770 2305456 59.867282 10.783112 247608 1001
1285770771 2306465 59.867401 10.783114 161992 1009
1285770772 2307475 59.867522 10.783133 173736 1010
1285770773 2308505 59.867522 10.783133 159256 1030
1285770774 2309515 59.867648 10.783138 161424 1010
1285770775 2310525 59.867766 10.78314 177840 1010
1285770776 2311526 59.867897 10.783145 163357 1001
1285770778 2312535 59.867897 10.783145 173736 1009
1285770779 2313545 59.868029 10.783132 152419 1010
1285770780 2314546 59.86818 10.783126 285912 1001
1285770781 2315547 59.868326 10.7831 215344 1001
1285770782 2316555 59.868326 10.7831 270864 1008
1285770783 2317556 59.868482 10.783041 160624 1001
1285770784 2318565 59.868635 10.782965 196992 1009
1285770785 2319575 59.868794 10.782872 145576 1010
1285770786 2320595 59.868794 10.782872 210672 1020
1285770787 2321605 59.86895 10.782761 186613 1010
1285770788 2322606 59.869099 10.782629 222984 1001
1285770789 2323615 59.869243 10.782476 252283 1009
1285770790 2324616 59.869243 10.782476 216144 1001
1285770791 2325625 59.869374 10.78232 140103 1009
1285770792 2326645 59.8695 10.782143 196992 1020
1285770793 2327655 59.869602 10.781941 186616 1010
1285770794 2328675 59.869602 10.781941 188784 1020
1285770795 2329676 59.869701 10.781737 157320 1001
1285770796 2330695 59.869792 10.781532 84016 1019
1285770797 2331708 59.86988 10.781307 150480 1013
1285770798 2332725 59.86988 10.781307 134064 1017
1285770799 2333735 59.869957 10.781078 82648 1010
1285770800 2334745 59.870033 10.780849 80712 1010
1285770801 2335755 59.870088 10.780631 99864 1010
1285770802 2336756 59.870088 10.780631 83448 1001
1285770803 2337784 59.870151 10.780417 84816 1028
1285770804 2338795 59.870192 10.78023 90856 1011
1285770805 2339796 59.870252 10.780051 103968 1001
1285770806 2340805 59.870252 10.780051 103968 1009
1285770807 2341815 59.870315 10.779889 149112 1010
1285770808 2342825 59.870384 10.779748 156520 1010
1285770809 2343834 59.870461 10.77961 186048 1009
1285770810 2344835 59.870461 10.77961 227656 1001
1285770811 2345845 59.870548 10.779493 263224 1010
1285770812 2346855 59.870646 10.779397 242136 1010
1285770813 2347924 59.870767 10.779311 166096 1069
1285770814 2348944 59.870767 10.779311 110808 1020
1285770815 2349954 59.870892 10.779242 68400 1010
1285770816 2350985 59.871036 10.779181 58824 1031
1285770817 2351995 59.871178 10.779136 68400 1010
1285770818 2353014 59.871178 10.779136 145576 1019
1285770819 2354015 59.871352 10.779102 172368 1001
1285770820 2355016 59.871514 10.779065 183312 1001
1285770821 2356017 59.871694 10.779069 219448 1001
1285770822 2357055 59.871694 10.779069 201664 1038
1285770823 2358065 59.871866 10.779052 232560 1010
1285770824 2359095 59.872047 10.779039 177040 1030
1285770825 2360104 59.872203 10.779018 186048 1009
1285770826 2361124 59.872203 10.779018 139536 1020
1285770827 2362125 59.872364 10.778998 168832 1001
1285770828 2363135 59.872534 10.778964 196992 1010
1285770829 2364144 59.872688 10.778923 137368 1009
1285770830 2365155 59.872688 10.778923 171000 1011
1285770831 2366164 59.872843 10.778882 147744 1009
1285770832 2367174 59.872985 10.778838 112744 1010
1285770833 2368175 59.873128 10.778794 155952 1001
1285770834 2369184 59.873128 10.778794 138168 1009
1285770835 2370204 59.87326 10.778729 93592 1020
1285770836 2371226 59.873396 10.778663 87552 1022
1285770837 2372244 59.873528 10.778598 138168 1018
1285770838 2373264 59.873528 10.778598 79344 1020
1285770839 2374484 59.873664 10.778533 94960 1220
1285770841 2375544 59.873809 10.778454 36936 1059
1285770842 2376694 59.873945 10.778389 24624 1150
1285770843 2377835 59.873945 10.778389 5472 1141
1285770844 2378864 59.874098 10.778312 54720 1029
1285770845 2380185 59.874244 10.778233 15048 1321
1285770846 2381204 59.874389 10.778154 73872 1019
1285770847 2382224 59.874389 10.778154 67032 1020
1285770848 2383244 59.87453 10.778074 83448 1020
1285770849 2384274 59.874665 10.777974 36936 1030
1285770850 2385384 59.874811 10.777877 11512 1110
1285770852 2387144 59.874811 10.777877 9576 1760
1285770853 2388154 59.874946 10.777777 95760 1010
1285770854 2389155 59.875081 10.777677 161424 1001
1285770855 2390156 59.875214 10.777594 140904 1001
1285770856 2391164 59.875214 10.777594 164728 1008
1285770857 2392174 59.875336 10.77749 173736 1010
1285770858 2393184 59.875463 10.777387 99064 1010
1285770859 2394194 59.8756 10.777307 169632 1010
1285770860 2395344 59.8756 10.777307 213976 1150
1285770861 2396355 59.875747 10.777211 212040 1011
1285770862 2397356 59.875887 10.777131 132696 1001
1285770863 2398364 59.876028 10.777013 104536 1008
1285770864 2399365 59.876028 10.777013 243504 1001
1285770865 2400366 59.876175 10.776917 252280 1001
1285770866 2401374 59.876323 10.776802 253080 1008
1285770867 2402384 59.876459 10.776684 253648 1010
1285770868 2403386 59.876459 10.776684 301528 1002
1285770869 2404394 59.876588 10.776563 294688 1008
1285770870 2405395 59.876704 10.776439 292752 1001
1285770871 2406404 59.876833 10.776318 270064 1009
1285770872 2407405 59.876833 10.776318 311104 1001
1285770874 2408564 59.876941 10.77619 354880 1159
1285770875 2409565 59.877056 10.776083 369360 1001
1285770876 2410574 59.877163 10.775973 178408 1009
1285770877 2411575 59.877163 10.775973 283744 1001
1285770878 2412577 59.877281 10.775883 322848 1002
1285770879 2413585 59.877403 10.775797 316576 1008
1285770880 2414594 59.877527 10.775729 342568 1009
1285770881 2415604 59.877527 10.775729 389080 1010
1285770882 2416605 59.877671 10.775667 375400 1001
1285770883 2417624 59.877839 10.775612 378136 1019
1285770884 2418625 59.877996 10.775535 383608 1001
1285770885 2419634 59.877996 10.775535 430120 1009
1285770886 2420644 59.878149 10.775459 404128 1010
1285770887 2421645 59.878298 10.775398 428752 1001
1285770888 2422654 59.878437 10.775336 330256 1009
1285770889 2423656 59.878437 10.775336 362520 1002
1285770890 2424664 59.878569 10.775271 378137 1008
1285770891 2425665 59.8787 10.775205 341200 1001
1285770892 2426666 59.878826 10.775158 307000 1001
1285770893 2427673 59.878826 10.775158 234496 1007
1285770894 2428684 59.878946 10.775089 317376 1011
1285770895 2429685 59.879061 10.775021 279640 1001
1285770896 2430694 59.879182 10.774935 249544 1009
1285770897 2431703 59.879182 10.774935 181944 1009
1285770898 2432713 59.87929 10.774863 175104 1010
1285770899 2433714 59.879406 10.774777 190720 1001
1285770900 2434716 59.879509 10.774666 286480 1002
1285770901 2435754 59.879509 10.774666 364456 1038
1285770902 2436774 59.879624 10.774559 410968 1020
1285770903 2437784 59.879725 10.774467 494416 1010
1285770904 2438786 59.879828 10.774356 358984 1002
1285770905 2439794 59.879828 10.774356 365256 1008
1285770906 2440804 59.879934 10.774264 322048 1010
1285770907 2441805 59.880037 10.774153 350776 1001
1285770908 2442824 59.880144 10.774043 372664 1019
1285770909 2443834 59.880144 10.774043 350776 1010
1285770910 2444843 59.880251 10.773933 250912 1009
1285770911 2445853 59.880339 10.773816 224352 1010
1285770912 2446883 59.880435 10.773737 185248 1030
1285770913 2447884 59.880435 10.773737 127224 1001
1285770914 2448895 59.88052 10.773655 114912 1011
1285770915 2449913 59.880611 10.773594 87552 1018
1285770916 2450923 59.880697 10.773548 105904 1010
1285770917 2451924 59.880697 10.773548 240768 1001
1285770918 2452933 59.880786 10.773504 222184 1009
1285770919 2453943 59.880871 10.773475 149112 1010
1285770920 2454984 59.880964 10.773449 182503 1041
1285770921 2455985 59.880964 10.773449 274968 1001
1285770922 2456993 59.881042 10.773437 194833 1008
1285770923 2458023 59.881114 10.773422 150480 1030
1285770924 2459033 59.881171 10.773421 86184 1010
1285770925 2460123 59.881171 10.773421 111376 1090
1285770926 2461133 59.881198 10.773446 181944 1010
1285770927 2462143 59.881223 10.773452 217512 1010
1285770928 2463145 59.881238 10.773473 189352 1002
1285770929 2464153 59.881238 10.773473 218880 1008
1285770930 2465154 59.881253 10.773494 237232 1001
1285770931 2466163 59.88125 10.773491 213976 1009
1285770932 2467173 59.881235 10.773484 291384 1010
1285770933 2468183 59.881235 10.773484 151048 1010
1285770934 2469193 59.881227 10.773481 173736 1010
1285770935 2470293 59.881216 10.773474 172936 1100
1285770936 2471303 59.881207 10.773488 224352 1010
1285770937 2472305 59.881207 10.773488 164160 1002
1285770938 2473314 59.881187 10.773481 155152 1009
1285770939 2474323 59.88118 10.773478 199728 1009
1285770940 2475333 59.881166 10.773454 198928 1010
1285770941 2476343 59.881166 10.773454 331624 1010
1285770942 2477503 59.881157 10.773468 364456 1160
1285770944 2478733 59.881151 10.773447 409600 1230
1285770945 2479736 59.881148 10.773444 406296 1003
1285770946 2480743 59.881148 10.773444 304264 1007
1285770947 2481744 59.881155 10.773447 308368 1001
1285770948 2482753 59.88118 10.773454 278272 1009
1285770949 2483763 59.881217 10.773446 305064 1010
1285770950 2484764 59.881217 10.773446 248176 1001
1285770951 2485773 59.881264 10.773425 265960 1009
1285770952 2486774 59.881332 10.773392 296856 1001
1285770953 2487783 59.88141 10.773345 263224 1009
1285770954 2488793 59.88141 10.773345 324784 1010
1285770955 2489795 59.881505 10.773284 233928 1002
1285770956 2490803 59.881628 10.773233 300160 1008
1285770957 2491804 59.881759 10.773168 291952 1001
1285770958 2492805 59.881759 10.773168 327519 1001
1285770959 2493823 59.881899 10.773068 221616 1018
1285770960 2494824 59.882045 10.772971 153784 1001
1285770961 2495832 59.882194 10.772856 257184 1008
1285770962 2496852 59.882194 10.772856 187984 1020
1285770963 2497862 59.882354 10.772745 120384 1010
1285770964 2498873 59.882523 10.77262 128592 1011
1285770965 2499882 59.882687 10.772474 100432 1009
1285770966 2500883 59.882687 10.772474 180576 1001
1285770967 2501884 59.88285 10.772327 253648 1001
1285770968 2502893 59.883022 10.772167 335160 1009
1285770969 2503894 59.883187 10.772003 296056 1001
1285770970 2504895 59.883187 10.772003 242704 1001
1285770971 2505943 59.88335 10.771857 330256 1048
1285770972 2506944 59.883511 10.771693 273600 1001
1285770973 2507945 59.883675 10.771529 324784 1001
1285770974 2508953 59.883675 10.771529 282376 1008
1285770975 2510003 59.883828 10.771362 348040 1050
1285770976 2511014 59.883973 10.771192 214776 1011
1285770977 2512032 59.884074 10.770969 157320 1018
1285770978 2513053 59.884074 10.770969 55288 1021
1285770979 2514055 59.884176 10.770768 176472 1002
1285770980 2515058 59.884278 10.770567 215344 1003
1285770981 2516062 59.884372 10.770379 265392 1004
1285770982 2517063 59.884372 10.770379 286480 1001
1285770983 2518072 59.884479 10.770216 301528 1009
1285770984 2519073 59.884578 10.77005 266760 1001
1285770985 2520074 59.884673 10.769898 263224 1001
1285770986 2521095 59.884673 10.769898 250344 1021
1285770987 2522097 59.884765 10.769767 384976 1002
1285770988 2523102 59.884845 10.769647 238600 1005
1285770989 2524104 59.884925 10.769565 260488 1002
1285770990 2525112 59.884925 10.769565 259920 1008
1285770991 2526115 59.88499 10.769476 316576 1003
1285770992 2527117 59.885051 10.769388 405496 1002
1285770993 2528122 59.885076 10.769324 186616 1005
1285770994 2529123 59.885076 10.769324 539560 1001
1285770995 2530125 59.885093 10.769275 555976 1002
1285770996 2531129 59.8851 10.76924 482104 1004
1285770997 2532232 59.885112 10.769243 470360 1103
1285770998 2533292 59.885112 10.769243 409600 1060
1285770999 2534332 59.885118 10.769264 409600 1040
1285771000 2535333 59.885124 10.769285 391248 1001
1285771001 2536334 59.885135 10.769306 302896 1001
1285771002 2537342 59.885135 10.769306 250912 1008
1285771003 2538343 59.885141 10.769327 338464 1001
1285771004 2539353 59.885135 10.769344 367192 1010
1285771005 2540402 59.885111 10.769337 397288 1049
1285771006 2541404 59.885111 10.769337 446517 1002
1285771007 2542412 59.885099 10.769334 376787 1008
1285771008 2543483 59.885076 10.76931 406864 1071
1285771009 2544484 59.885055 10.769268 502624 1001
1285771010 2545503 59.885055 10.769268 534088 1019
1285771011 2546504 59.885035 10.769209 557344 1001
1285771012 2547507 59.885024 10.769135 494984 1003
1285771014 2548563 59.885031 10.769048 383609 1056
1285771015 2549564 59.885031 10.769048 636688 1001
1285771016 2550643 59.885045 10.768981 577064 1079
1285771017 2551644 59.885072 10.7689 581968 1001
1285771018 2552648 59.885111 10.768822 575128 1004
1285771019 2553682 59.885111 10.768822 479936 1034
1285771020 2554683 59.885164 10.76873 464320 1001
1285771021 2555692 59.885218 10.768659 357616 1009
1285771022 2556693 59.885281 10.768588 506728 1001
1285771023 2557694 59.885281 10.768588 661312 1001
1285771024 2558701 59.885362 10.768506 226288 1007
1285771025 2559942 59.885457 10.768445 241336 1241
1285771026 2560952 59.885561 10.76837 253080 1009
1285771027 2561961 59.885561 10.76837 186616 1009
1285771028 2562962 59.885673 10.768298 224352 1001
1285771029 2563972 59.885787 10.768208 189349 1010
1285771030 2564973 59.885911 10.76814 313272 1001
1285771031 2565982 59.885911 10.76814 390451 1009
1285771032 2566992 59.886044 10.768057 259120 1010
1285771033 2568001 59.886162 10.767968 267328 1009
1285771034 2569002 59.886281 10.767861 281808 1001
1285771035 2570003 59.886281 10.767861 218080 1001
1285771036 2571062 59.886401 10.767754 285112 1059
1285771037 2572064 59.886522 10.767629 302328 1001
1285771038 2573072 59.886636 10.767484 305631 1008
1285771039 2574074 59.886636 10.767484 598384 1002
1285771040 2575076 59.886748 10.767321 541496 1002
1285771041 2576082 59.886864 10.767158 579232 1006
1285771042 2577083 59.886982 10.766977 487576 1001
1285771043 2578084 59.886982 10.766977 431488 1001
1285771044 2579092 59.887107 10.7668 426016 1008
1285771045 2580093 59.887246 10.766609 458048 1001
1285771046 2581094 59.887396 10.766421 560080 1001
1285771047 2582103 59.887396 10.766421 491680 1009
1285771048 2583112 59.887543 10.766232 493048 1009
1285771049 2584113 59.887686 10.766041 394552 1001
1285771050 2585121 59.887825 10.76585 378136 1008
1285771051 2586132 59.887825 10.76585 478000 1011
1285771052 2587133 59.88797 10.765679 432856 1001
1285771053 2588134 59.888121 10.765491 402760 1001
1285771054 2589142 59.888276 10.765341 413704 1008
1285771055 2590152 59.888276 10.765341 426584 1010
1285771056 2591162 59.888438 10.765174 454744 1010
1285771057 2592172 59.888586 10.765021 365824 1010
1285771058 2593173 59.888742 10.764872 366624 1001
1285771059 2594181 59.888742 10.764872 320680 1008
1285771060 2595182 59.88891 10.764725 305632 1001
1285771061 2596261 59.88907 10.764576 233128 1079
1285771062 2597262 59.889233 10.764429 257184 1001
1285771063 2598272 59.889233 10.764429 249544 1010
1285771064 2599282 59.88939 10.764262 342568 1010
1285771065 2600291 59.889552 10.764095 262656 1009
1285771066 2601293 59.889718 10.763914 246808 1002
1285771067 2602311 59.889718 10.763914 279640 1018
1285771068 2603312 59.889896 10.763736 321480 1001
1285771069 2604321 59.890062 10.763554 223552 1009
1285771070 2605331 59.890234 10.763355 274168 1010
1285771071 2606333 59.890234 10.763355 337896 1002
1285771072 2607341 59.890393 10.76317 296056 1008
1285771073 2608342 59.89055 10.762951 226288 1001
1285771074 2609343 59.89071 10.762748 340632 1001
1285771075 2610353 59.89071 10.762748 311104 1010
1285771076 2611354 59.89085 10.762539 367192 1001
1285771077 2612362 59.890986 10.76233 327520 1008
1285771078 2613363 59.891114 10.762118 345304 1001
1285771079 2614372 59.891114 10.762118 335728 1009
1285771080 2615373 59.891241 10.761923 309168 1001
1285771081 2616374 59.891358 10.761743 265960 1001
1285771082 2617381 59.891483 10.761565 244072 1007
1285771083 2618391 59.891483 10.761565 233928 1010
1285771084 2619393 59.891615 10.761409 231760 1002
1285771085 2620401 59.891747 10.761235 248976 1008
1285771086 2621411 59.891871 10.761075 178408 1010
1285771087 2622412 59.891871 10.761075 205200 1001
1285771088 2623417 59.891987 10.760912 174304 1005
1285771089 2624421 59.892098 10.760767 236664 1004
1285771090 2625431 59.892206 10.760639 208504 1010
1285771091 2626432 59.892206 10.760639 233928 1001
1285771092 2627441 59.892307 10.760508 204400 1009
1285771093 2628451 59.892416 10.76038 216144 1010
1285771094 2629472 59.892525 10.760252 138736 1021
1285771095 2630481 59.892525 10.760252 110808 1009
1285771096 2631500 59.892633 10.760124 127224 1019
1285771098 2632571 59.892739 10.759993 97696 1071
1285771099 2633580 59.892834 10.759879 84816 1009
1285771100 2634591 59.892834 10.759879 134064 1011
1285771101 2635601 59.892935 10.759748 127224 1010
1285771102 2636611 59.893035 10.759634 152416 1010
1285771103 2637620 59.89313 10.75952 183312 1009
1285771104 2638621 59.89313 10.75952 91656 1001
1285771105 2639631 59.893225 10.759407 88120 1010
1285771106 2640651 59.893311 10.759307 164160 1020
1285771107 2641721 59.893417 10.759214 50616 1070
1285771108 2642752 59.893417 10.759214 95760 1031
1285771109 2643900 59.893511 10.759118 56656 1148
1285771110 2644910 59.893615 10.759043 176472 1010
1285771111 2645911 59.893714 10.758985 94392 1001
1285771112 2646932 59.893714 10.758985 80712 1021
1285771113 2647940 59.893815 10.758945 78544 1008
1285771114 2648950 59.893924 10.758908 83448 1010
1285771115 2650040 59.894041 10.758875 31464 1090
1285771116 2651041 59.894041 10.758875 154584 1001
1285771117 2652051 59.894156 10.758859 278272 1010
1285771118 2653052 59.894271 10.758843 249884 1001
1285771119 2654053 59.894387 10.758827 207596 1001
1285771120 2655191 59.894387 10.758827 203032 1138
1285771121 2656193 59.894502 10.758811 296856 1001
1285771122 2657200 59.894619 10.758777 127792 1007
1285771123 2658211 59.894729 10.758761 162792 1011
1285771124 2659213 59.894729 10.758761 180576 1002
1285771125 2660220 59.894838 10.758724 181144 1007
1285771126 2661221 59.894945 10.75867 140904 1001
1285771127 2662250 59.895049 10.758595 128592 1029
1285771128 2663260 59.895049 10.758595 59392 1010
1285771129 2664280 59.895152 10.758484 73872 1020
1285771130 2665300 59.895235 10.758367 62928 1020
1285771131 2666310 59.895331 10.758236 46512 1010
1285771132 2667330 59.895331 10.758236 56088 1020
1285771133 2668350 59.895417 10.758084 58824 1020
1285771135 2669660 59.895495 10.757928 62128 1310
1285771136 2670661 59.895568 10.757752 69768 1001
1285771137 2671680 59.895568 10.757752 34200 1019
1285771138 2672700 59.895647 10.757579 27360 1020
1285771139 2673710 59.895733 10.757427 35568 1010
1285771140 2674711 59.895833 10.75726 99864 1001
1285771141 2675712 59.895833 10.75726 192088 1001
1285771142 2676720 59.895932 10.757094 265392 1008
1285771143 2677730 59.896039 10.756931 142840 1010
1285771144 2678740 59.896143 10.756764 64296 1010
1285771145 2679802 59.896143 10.756764 53352 1062
1285771146 2680830 59.896249 10.756619 38304 1028
1285771147 2681840 59.896367 10.756477 80712 1010
1285771148 2682860 59.896478 10.756314 83448 1020
1285771149 2683880 59.896478 10.756314 82648 1020
1285771150 2684892 59.896588 10.756168 176472 1012
1285771151 2685910 59.8967 10.756005 191060 1018
1285771152 2686920 59.8968 10.755839 136460 1010
1285771153 2687922 59.8968 10.755839 220248 1002
1285771154 2688940 59.896901 10.755708 186617 1018
1285771155 2690100 59.897015 10.7556 278272 1160
1285771156 2691120 59.897127 10.755528 316008 1020
1285771157 2692140 59.897127 10.755528 203032 1020
1285771158 2693159 59.897253 10.755481 128592 1019
1285771159 2694180 59.897381 10.755468 77976 1021
1285771160 2695260 59.897514 10.755476 93592 1080
1285771161 2696270 59.897514 10.755476 108072 1009
1285771162 2697280 59.897657 10.755523 109440 1010
1285771163 2698380 59.897798 10.755587 192088 1100
1285771164 2699390 59.897935 10.755651 176472 1009
1285771165 2700392 59.897935 10.755651 205200 1002
1285771166 2701400 59.898074 10.755751 219448 1008
1285771167 2702420 59.898215 10.755853 164160 1020
1285771168 2703430 59.898357 10.75597 116848 1010
1285771169 2704431 59.898357 10.75597 225720 1001
1285771170 2705432 59.898508 10.756111 290584 1001
1285771171 2706440 59.898662 10.75627 236664 1008
1285771172 2707441 59.898825 10.756415 235864 1001
1285771173 2708442 59.898825 10.756415 237232 1001
1285771174 2709451 59.898978 10.756573 243504 1009
1285771175 2710456 59.899138 10.756753 196192 1005
1285771176 2711459 59.899288 10.756911 221616 1003
1285771177 2712480 59.899288 10.756911 190720 1021
1285771178 2713490 59.89944 10.757088 138168 1010
1285771179 2714500 59.899579 10.757278 150480 1010
1285771180 2715509 59.899718 10.757469 257752 1009
1285771181 2716519 59.899718 10.757469 224920 1010
1285771182 2717520 59.899866 10.757645 216144 1001
1285771183 2718529 59.899993 10.757832 196192 1009
1285771184 2719530 59.900121 10.758001 258552 1001
1285771185 2720531 59.900121 10.758001 297424 1001
1285771187 2721545 59.900241 10.758168 282376 1014
1285771188 2722579 59.900357 10.758334 336528 1034
1285771189 2723590 59.900455 10.758529 301528 1011
1285771190 2724609 59.900455 10.758529 316576 1019
1285771191 2725611 59.900553 10.758723 248176 1002
1285771192 2726612 59.900639 10.758915 332424 1001
1285771193 2727620 59.90071 10.759138 300160 1008
1285771194 2728621 59.90071 10.759138 285112 1001
1285771195 2729629 59.900761 10.759354 282376 1008
1285771196 2730630 59.900813 10.759553 288648 1001
1285771197 2731631 59.900846 10.759745 268696 1001
1285771198 2732639 59.900846 10.759745 257752 1008
1285771199 2733659 59.900875 10.75992 239400 1020
1285771200 2734660 59.900888 10.760053 252280 1001
1285771201 2735661 59.900904 10.760151 311904 1001
1285771202 2736669 59.900904 10.760151 242704 1008
1285771203 2737679 59.900907 10.760207 223552 1010
1285771204 2738680 59.900907 10.760245 206568 1001
1285771205 2739699 59.900901 10.760263 142272 1019
1285771206 2740700 59.900901 10.760263 149680 1001
1285771207 2741701 59.900901 10.760301 286480 1001
1285771208 2742702 59.900902 10.760339 310536 1001
1285771209 2743709 59.900888 10.760392 276904 1007
1285771210 2744710 59.900888 10.760392 291952 1001
1285771211 2745719 59.900887 10.760448 461584 1009
1285771212 2746729 59.900874 10.760501 320680 1010
1285771213 2747731 59.90086 10.760553 367992 1002
1285771214 2748749 59.90086 10.760553 300160 1018
1285771215 2749759 59.900838 10.76062 164728 1010
1285771216 2750760 59.900823 10.760691 257184 1001
1285771217 2751770 59.900801 10.760757 250912 1010
1285771218 2752771 59.900801 10.760757 383608 1001
1285771219 2753779 59.900784 10.760845 365824 1008
1285771220 2754969 59.90078 10.760936 327520 1190
1285771221 2755979 59.900779 10.761031 291384 1010
1285771222 2756980 59.900779 10.761031 220816 1001
1285771223 2757989 59.900787 10.761125 243504 1009
1285771224 2759009 59.900814 10.76123 201664 1020
1285771225 2760010 59.900846 10.761369 212040 1001
1285771226 2761011 59.900846 10.761369 174303 1001
1285771227 2762019 59.900886 10.761512 238032 1008
1285771228 2763020 59.900925 10.761672 237232 1001
1285771229 2764029 59.900958 10.761812 260488 1009
1285771230 2765030 59.900958 10.761812 202464 1001
1285771231 2766079 59.900984 10.761931 175672 1049
1285771232 2767089 59.901009 10.762067 165528 1010
1285771233 2768098 59.901015 10.762179 108072 1009
1285771234 2769108 59.901015 10.762179 77976 1010
1285771236 2770738 59.901019 10.762273 35568 1630
1285771237 2771748 59.901008 10.762344 60760 1010
1285771238 2772749 59.901001 10.762417 71136 1001
1285771239 2773758 59.901001 10.762417 109440 1009
1285771240 2774809 59.900992 10.76247 31464 1051
1285771241 2775839 59.900991 10.762526 38304 1029
1285771242 2776848 59.90099 10.762582 49248 1009
1285771243 2777858 59.90099 10.762582 39672 1010
1285771244 2779229 59.900998 10.762624 32032 1371
1285771245 2780239 59.901004 10.762683 75240 1010
1285771246 2781258 59.901024 10.762728 116360 1019
1285771247 2782509 59.901024 10.762728 60112 1251
1285771248 2783518 59.90105 10.762756 61560 1009
1285771249 2784519 59.901091 10.76279 114112 1001
1285771251 2785554 59.901152 10.762792 132696 1035
1285771252 2786568 59.901152 10.762792 166896 1014
1285771253 2787578 59.901192 10.762806 105904 1010
1285771254 2788588 59.901242 10.762787 125856 1010
1285771255 2789589 59.901284 10.762727 119016 1001
