1287388301 321816 59.954575 10.86663 120384 1268
1287388302 322820 59.954575 10.86663 157320 1004
1287388303 323821 59.954572 10.866612 213976 1001
1287388304 324868 59.954562 10.866591 151848 1047
1287388305 326016 59.954531 10.866563 174304 1148
1287388306 327020 59.954531 10.866563 186048 1004
1287388307 328028 59.954501 10.866536 161424 1008
1287388308 329036 59.954463 10.866505 138736 1008
1287388309 330048 59.954434 10.866459 175104 1012
1287388310 331060 59.954434 10.866459 168832 1011
1287388311 332068 59.954396 10.866428 273600 1008
1287388312 333077 59.954344 10.866373 153784 1009
1287388313 334088 59.954288 10.866318 175104 1011
1287388314 335096 59.954288 10.866318 68400 1008
1287388315 336108 59.954203 10.86627 93024 1012
1287388316 337109 59.954114 10.866204 104536 1001
1287388317 338116 59.954008 10.866114 121752 1007
1287388318 339128 59.954008 10.866114 132696 1012
1287388319 340136 59.953892 10.866039 101800 1008
1287388320 341149 59.953766 10.865942 71136 1013
1287388321 342156 59.953638 10.865863 102600 1007
1287388323 343168 59.953638 10.865863 161424 1012
1287388324 344176 59.953508 10.865766 159256 1008
1287388325 345181 59.953375 10.865687 143640 1005
1287388326 346192 59.953249 10.865591 138168 1011
1287388327 347200 59.953249 10.865591 125056 1008
1287388328 348209 59.95313 10.865498 158688 1009
1287388329 349308 59.953018 10.865425 161992 1098
1287388330 350309 59.952915 10.865353 175104 1001
1287388331 351341 59.952915 10.865353 225720 1032
1287388332 352349 59.952799 10.865278 174304 1008
1287388333 353356 59.952694 10.86517 196992 1007
1287388334 354360 59.952574 10.865056 138736 1004
1287388335 355368 59.952574 10.865056 183312 1008
1287388336 356376 59.952464 10.86491 157888 1008
1287388337 357393 59.952366 10.864767 187416 1017
1287388338 358508 59.952272 10.86459 198928 1115
1287388339 359509 59.952272 10.86459 183312 1001
1287388340 360517 59.952183 10.864433 190152 1008
1287388341 361528 59.952099 10.864262 151048 1011
1287388342 362529 59.95203 10.864112 169632 1001
1287388343 363548 59.95203 10.864112 166096 1019
1287388344 364556 59.95196 10.863927 202464 1008
1287388345 365580 59.951896 10.863724 166096 1024
1287388346 366588 59.951852 10.863511 190152 1008
1287388347 367600 59.951852 10.863511 177840 1012
1287388348 368608 59.951805 10.863297 119584 1008
1287388349 369616 59.951769 10.863087 169632 1008
1287388350 370628 59.951734 10.862877 154584 1012
1287388351 371648 59.951734 10.862877 159256 1020
1287388352 372656 59.951698 10.862667 190152 1008
1287388353 373657 59.951663 10.862456 144208 1001
1287388354 374668 59.951639 10.86225 179208 1011
1287388355 375708 59.951639 10.86225 153784 1040
1287388356 376716 59.951639 10.86225 183312 1008
1287388357 377720 59.951583 10.861798 169632 1004
1287388358 378728 59.951573 10.861577 138733 1008
1287388359 379740 59.951573 10.861577 183312 1012
1287388360 380741 59.951565 10.861376 163363 1001
1287388361 381745 59.951565 10.861376 172368 1004
1287388362 382749 59.951557 10.860994 191520 1004
1287388363 383760 59.951557 10.860994 168832 1011
1287388364 384761 59.951551 10.860811 177840 1001
1287388365 385768 59.951551 10.860811 175672 1007
1287388366 386776 59.951496 10.860451 186048 1008
1287388367 387780 59.951496 10.860451 160624 1004
1287388368 388860 59.951468 10.860297 164160 1078
1287388369 389968 59.951448 10.860146 222184 1108
1287388370 390988 59.95144 10.859998 176472 1020
1287388371 391996 59.95144 10.859998 183312 1008
1287388372 393000 59.951435 10.859854 171568 1004
1287388373 394008 59.951433 10.859728 206568 1008
1287388374 395009 59.951443 10.859605 157888 1001
1287388375 396016 59.951443 10.859605 190152 1007
1287388376 397020 59.951443 10.859605 142840 1004
1287388377 398029 59.951451 10.859317 196992 1009
1287388378 399032 59.951462 10.859194 203832 1003
1287388379 400036 59.951462 10.859194 156520 1004
1287388380 401048 59.951479 10.859075 179208 1012
1287388381 402060 59.9515 10.858972 161992 1012
1287388382 403069 59.951509 10.858867 187416 1009
1287388383 404160 59.951509 10.858867 144208 1091
1287388385 405168 59.95153 10.858765 181944 1008
1287388386 406177 59.951555 10.858663 205200 1009
1287388387 407188 59.951575 10.858578 146944 1011
1287388388 408189 59.951575 10.858578 164160 1001
1287388389 409328 59.951584 10.858526 119584 1139
1287388390 410336 59.951579 10.858487 166896 1008
1287388391 411340 59.951579 10.858487 195624 1004
1287388392 412381 59.951579 10.858487 60760 1041
1287388393 413401 59.95157 10.858501 87552 1020
1287388394 414409 59.951556 10.858516 77976 1008
1287388395 415468 59.951554 10.858551 76608 1059
1287388398 418174 59.951554 10.858551 16384 2706
1287388399 419181 59.951538 10.858582 175704 1007
1287388400 420185 59.951528 10.858614 151848 1004
1287388401 421196 59.951513 10.858646 199728 1011
1287388402 422220 59.951513 10.858646 136000 1024
1287388403 423229 59.951504 10.85866 120384 1009
1287388404 424836 59.951493 10.858692 30096 1607
1287388405 425849 59.951489 10.858706 34200 1013
1287388407 427180 59.951489 10.858706 111376 1331
1287388408 428189 59.95148 10.85872 139536 1009
1287388409 429200 59.951483 10.858738 136800 1011
1287388410 430328 59.951484 10.858773 130528 1128
1287388411 431361 59.951484 10.858773 140904 1033
1287388412 432409 59.951475 10.858787 67032 1048
1287388413 433420 59.951466 10.858801 69768 1011
1287388414 434468 59.951467 10.858837 51984 1048
1287388415 435668 59.951467 10.858837 16416 1200
1287388416 436700 59.951469 10.858872 39672 1032
1287388417 437780 59.951464 10.858886 23824 1080
1287388418 438788 59.951467 10.858904 125856 1008
1287388419 439800 59.951467 10.858904 191520 1012
1287388420 440808 59.951476 10.858904 149680 1008
1287388421 441820 59.951472 10.858918 99864 1012
1287388422 442840 59.951469 10.858914 116280 1020
1287388423 443861 59.951469 10.858914 94392 1021
1287388424 444868 59.951461 10.858911 84016 1007
1287388425 445888 59.95145 10.858904 138168 1020
1287388426 446900 59.951435 10.858898 160056 1012
1287388427 447909 59.951435 10.858898 148312 1009
1287388428 448948 59.951421 10.858873 145008 1039
1287388429 449980 59.951392 10.858842 101232 1032
1287388430 451028 59.951362 10.858776 42408 1048
1287388431 452040 59.951362 10.858776 58024 1012
1287388432 453048 59.951323 10.858706 98496 1008
1287388433 454056 59.951276 10.858598 93024 1008
1287388434 455060 59.951236 10.858455 106704 1004
1287388435 456068 59.951236 10.858455 80712 1008
1287388436 457076 59.951184 10.858308 45712 1008
1287388437 458096 59.951122 10.858123 56088 1020
1287388438 459101 59.951049 10.857935 72504 1005
1287388439 460120 59.951049 10.857935 103968 1019
1287388440 461140 59.950983 10.857711 56088 1020
1287388441 462148 59.950911 10.857505 46512 1008
1287388442 463160 59.950839 10.857299 58024 1012
1287388444 464176 59.950839 10.857299 136800 1016
1287388445 465181 59.950759 10.85709 147744 1005
1287388446 466189 59.950687 10.856884 153784 1007
1287388447 467200 59.95062 10.856677 146376 1011
1287388448 468201 59.95062 10.856677 195624 1001
1287388449 469208 59.950567 10.856425 160624 1007
1287388450 470220 59.950506 10.856188 164160 1012
1287388451 471960 59.950443 10.855967 108640 1740
1287388452 472968 59.950443 10.855967 196992 1008
1287388453 473980 59.950365 10.855779 210672 1012
1287388454 474988 59.950272 10.855622 190720 1008
1287388455 475989 59.950272 10.855622 231760 1001
1287388456 477001 59.950272 10.855622 258552 1012
1287388457 478008 59.950272 10.855622 224920 1007
1287388458 479028 59.950272 10.855622 242136 1020
1287388459 480049 59.950272 10.855622 192088 1021
1287388460 481065 59.950272 10.855622 192888 1016
1287388461 482068 59.950272 10.855622 134632 1003
1287388462 483080 59.950272 10.855622 205200 1012
1287388463 484084 59.950272 10.855622 194824 1004
1287388464 485088 59.950272 10.855622 227088 1004
1287388465 486097 59.950272 10.855622 189352 1009
1287388466 487100 59.950272 10.855622 194256 1003
1287388468 488228 59.949304 10.854206 192088 1128
1287388469 489249 59.949304 10.854206 173736 1021
1287388470 490268 59.949133 10.854205 135432 1019
1287388471 491280 59.948969 10.854207 116848 1012
1287388472 492297 59.948801 10.854171 102600 1017
1287388473 493309 59.948801 10.854171 124488 1012
1287388474 494328 59.948656 10.854127 120384 1019
1287388475 495357 59.948518 10.854066 58025 1029
1287388476 496376 59.948376 10.854004 73872 1019
1287388477 497400 59.948376 10.854004 109440 1024
1287388478 498460 59.948228 10.853905 212608 1060
1287388479 499468 59.94809 10.853791 187416 1008
1287388480 500488 59.947964 10.853641 149112 1020
1287388481 501501 59.947964 10.853641 179776 1013
1287388482 502508 59.947858 10.853481 190152 1007
1287388483 503588 59.947768 10.853328 114112 1080
1287388484 504600 59.947691 10.853178 155952 1012
1287388485 505616 59.947691 10.853178 209304 1016
1287388486 506620 59.947611 10.852993 78544 1004
1287388487 507628 59.947537 10.852808 119016 1008
1287388488 508648 59.947462 10.852623 113544 1020
1287388489 509649 59.947462 10.852623 117648 1001
1287388490 510668 59.947384 10.85242 156520 1019
1287388491 511680 59.947307 10.8522 243504 1012
1287388492 512688 59.947222 10.851994 233128 1008
1287388493 513689 59.947222 10.851994 259120 1001
1287388494 514700 59.947147 10.851809 273600 1011
1287388495 515701 59.947074 10.851606 230392 1001
1287388496 516768 59.946999 10.851421 265960 1067
1287388497 517769 59.946999 10.851421 302328 1001
1287388498 518780 59.94693 10.851218 219448 1011
1287388499 519781 59.946861 10.851015 225720 1001
1287388500 520789 59.946795 10.85083 283744 1008
1287388501 521800 59.946795 10.85083 293320 1011
1287388502 522808 59.946734 10.850631 264024 1008
1287388503 523812 59.946671 10.850449 222184 1004
1287388504 524820 59.946602 10.850247 181944 1008
1287388505 525828 59.946602 10.850247 178408 1008
1287388506 526840 59.94654 10.850065 213408 1012
1287388507 527848 59.946478 10.849866 187984 1008
1287388508 528860 59.946408 10.849681 191520 1012
1287388509 529868 59.946408 10.849681 181144 1008
1287388510 530880 59.946345 10.849499 202464 1012
1287388511 531908 59.946273 10.849331 106704 1028
1287388512 532917 59.946193 10.849178 122320 1009
1287388513 533920 59.946193 10.849178 186048 1003
1287388514 534928 59.946112 10.849025 142840 1008
1287388515 535948 59.946022 10.848886 73872 1020
1287388516 536953 59.945942 10.848767 65664 1005
1287388517 537980 59.945942 10.848767 175104 1027
1287388518 539008 59.945865 10.84867 99064 1028
1287388519 540020 59.945793 10.848555 95760 1012
1287388520 541028 59.945732 10.848462 82080 1008
1287388521 542040 59.945732 10.848462 173736 1012
1287388522 543048 59.945666 10.848368 134632 1008
1287388523 544060 59.945605 10.848274 157320 1012
1287388524 545061 59.945559 10.848187 208503 1001
1287388525 546068 59.945559 10.848187 295488 1007
1287388526 547077 59.945511 10.848096 198928 1009
1287388527 548081 59.945456 10.848023 205200 1004
1287388528 549089 59.945402 10.847933 216712 1008
1287388530 550201 59.945402 10.847933 256384 1112
1287388531 551208 59.945337 10.847839 239400 1007
1287388532 552240 59.945277 10.847728 172936 1032
1287388533 553248 59.945205 10.847613 201096 1008
1287388534 554261 59.945205 10.847613 222184 1013
1287388535 555268 59.94512 10.847512 243504 1007
1287388536 556280 59.945042 10.847376 181144 1012
1287388537 557288 59.944977 10.847283 179208 1008
1287388538 558380 59.944977 10.847283 198928 1092
1287388539 559388 59.944917 10.847171 266760 1008
1287388540 560400 59.944858 10.84706 166096 1012
1287388541 561401 59.944804 10.846969 251712 1001
1287388542 562408 59.944804 10.846969 196192 1007
1287388543 563420 59.944804 10.846969 239400 1012
1287388544 564421 59.944673 10.846782 234496 1001
1287388545 565428 59.944618 10.846709 276336 1007
1287388546 566441 59.944618 10.846709 209872 1013
1287388547 567528 59.944559 10.846636 207136 1087
1287388548 568540 59.944512 10.846566 199728 1012
1287388549 569541 59.944483 10.846521 128592 1001
1287388550 570568 59.944483 10.846521 82648 1027
1287388551 571592 59.944454 10.846476 171000 1024
1287388552 572608 59.944426 10.846451 175104 1016
1287388553 573621 59.944411 10.84643 131896 1013
1287388554 574628 59.944411 10.84643 155952 1007
1287388555 575648 59.9444 10.846409 127224 1020
1287388556 576660 59.944392 10.846409 108640 1012
1287388557 577661 59.944384 10.846392 134064 1001
1287388558 578668 59.944384 10.846392 106704 1007
1287388559 579680 59.944379 10.846392 77976 1012
1287388560 580708 59.944375 10.846392 70336 1028
1287388562 582700 59.944378 10.846395 21888 1992
1287388563 583728 59.944378 10.846395 356248 1028
1287388564 584740 59.944378 10.846395 164160 1012
1287388565 585748 59.944378 10.846395 236664 1008
1287388566 586760 59.944383 10.846395 181144 1012
1287388567 587768 59.944383 10.846395 213408 1008
1287388568 588781 59.944383 10.846395 198928 1013
1287388569 589808 59.944386 10.846413 234496 1027
1287388570 590820 59.944389 10.84643 280440 1012
1287388571 591828 59.944389 10.84643 203033 1008
1287388572 592840 59.944396 10.846448 311904 1012
1287388573 593848 59.944401 10.846448 216712 1008
1287388574 594861 59.944404 10.846466 241336 1013
1287388575 595888 59.944404 10.846466 154584 1027
1287388576 596908 59.944408 10.846466 235864 1020
1287388577 597929 59.944413 10.846466 90288 1021
1287388578 598940 59.944416 10.846483 132696 1011
1287388579 600072 59.944416 10.846483 27360 1132
1287388580 601088 59.944425 10.846483 186616 1016
1287388581 602148 59.94442 10.846497 54720 1060
1287388583 603260 59.944429 10.846497 28728 1112
1287388584 604280 59.944429 10.846497 142272 1020
1287388586 606620 59.944438 10.846497 113544 2340
1287388587 607668 59.944447 10.846497 41608 1048
1287388588 608669 59.944444 10.846455 41040 1001
1287388589 609673 59.944444 10.846455 87552 1004
1287388590 610680 59.944436 10.846414 212040 1007
1287388591 611740 59.944417 10.846351 30096 1059
1287388592 612741 59.944393 10.846267 63496 1001
1287388593 613748 59.944393 10.846267 273600 1007
1287388594 614749 59.944348 10.846177 211240 1001
1287388595 615752 59.944286 10.846062 257184 1003
1287388596 616760 59.94422 10.845929 222184 1008
1287388597 617820 59.94422 10.845929 238600 1060
1287388598 618824 59.944151 10.845779 276336 1004
1287388599 619828 59.944075 10.845626 265960 1004
1287388600 620841 59.944 10.845455 265392 1013
1287388601 621848 59.944 10.845455 187984 1007
1287388602 622960 59.94391 10.845264 231760 1112
1287388603 623961 59.943824 10.845072 76608 1001
1287388604 625020 59.943758 10.844887 25992 1059
1287388609 630008 59.943758 10.844887 4104 4988
1287388611 631560 59.943685 10.844698 27360 1552
1287388612 632600 59.9436 10.844489 242136 1040
1287388613 633700 59.943524 10.844283 13680 1100
1287388614 634720 59.943524 10.844283 41608 1020
1287388615 635728 59.943434 10.844091 132696 1008
1287388616 636740 59.943348 10.843899 119016 1012
1287388617 637748 59.943263 10.843707 116280 1008
1287388618 638769 59.943263 10.843707 86752 1021
1287388619 639788 59.943177 10.843516 54720 1019
1287388620 640800 59.943087 10.843324 80712 1012
1287388622 642609 59.943001 10.843132 77944 1809
1287388623 643620 59.943001 10.843132 270096 1010
1287388624 644628 59.942926 10.842961 192888 1008
1287388625 645648 59.942841 10.842769 137368 1020
1287388626 646660 59.942755 10.842578 206568 1012
1287388627 647668 59.942755 10.842578 197560 1008
1287388628 648680 59.942669 10.842386 186048 1012
1287388629 649688 59.942584 10.842194 132696 1008
1287388630 650928 59.942506 10.842006 108640 1240
1287388633 653228 59.942506 10.842006 13680 2300
1287388634 654308 59.94242 10.841814 326152 1080
1287388635 655320 59.942347 10.841625 149112 1012
1287388636 656328 59.94226 10.841451 181944 1008
1287388637 657348 59.94226 10.841451 130528 1020
1287388638 658361 59.942185 10.84128 192888 1013
1287388639 659368 59.942102 10.841106 164727 1007
1287388640 660369 59.942026 10.840953 186048 1001
1287388641 661460 59.942026 10.840953 220816 1091
1287388642 662461 59.941961 10.840803 217512 1001
1287388643 663468 59.941901 10.840653 196192 1007
1287388644 664720 59.941842 10.840503 213408 1252
1287388645 665728 59.941842 10.840503 234496 1008
1287388646 666748 59.941779 10.84035 235296 1020
1287388647 667761 59.941723 10.8402 201664 1013
1287388648 668768 59.941656 10.840047 254448 1007
1287388649 669781 59.941656 10.840047 196192 1013
1287388650 670788 59.941593 10.839893 232560 1007
1287388651 671789 59.941533 10.839744 235864 1001
1287388652 672868 59.941473 10.839594 238600 1079
1287388653 673881 59.941473 10.839594 242136 1011
1287388654 674940 59.941417 10.839461 166096 1059
1287388655 675941 59.941417 10.839461 194256 1001
1287388656 676948 59.941417 10.839461 196992 1007
1287388657 677968 59.941417 10.839461 111376 1020
1287388658 678980 59.941417 10.839461 147744 1012
1287388659 679989 59.941194 10.838904 172936 1009
1287388660 681001 59.94113 10.838754 183312 1012
1287388661 682008 59.94113 10.838754 153216 1007
1287388662 683020 59.941064 10.838621 142840 1012
1287388663 684028 59.940999 10.838528 213408 1008
1287388664 685032 59.94093 10.83843 186616 1004
1287388665 686048 59.94093 10.83843 243504 1016
1287388666 687060 59.940864 10.838337 200296 1012
1287388667 688068 59.940805 10.838264 217512 1008
1287388668 689100 59.940749 10.838208 190720 1032
1287388669 690109 59.940749 10.838208 160056 1009
1287388670 691120 59.940699 10.838174 167461 1011
1287388671 692121 59.940677 10.838185 179208 1001
1287388673 693240 59.940677 10.838185 216715 1119
1287388674 694248 59.940677 10.838185 229824 1008
1287388675 695260 59.940684 10.838206 185248 1012
1287388676 696268 59.940703 10.838212 225720 1008
1287388677 697288 59.940723 10.838219 218080 1020
1287388678 698308 59.940723 10.838219 173736 1020
1287388679 699320 59.940731 10.838223 125856 1012
1287388680 700328 59.940735 10.838223 103168 1008
1287388681 701344 59.940749 10.838208 153216 1016
1287388682 702360 59.940749 10.838208 108072 1016
1287388683 703380 59.940761 10.838212 69768 1020
1287388684 704440 59.940761 10.838212 44344 1060
1287388685 705460 59.940774 10.838197 93024 1020
1287388686 706468 59.940774 10.838197 101232 1008
1287388687 707492 59.940774 10.838197 38304 1024
1287388688 708508 59.940782 10.838201 51984 1016
1287388689 709509 59.940785 10.838204 62928 1001
1287388690 710800 59.940785 10.838204 62129 1291
1287388691 711801 59.940782 10.838187 135432 1001
1287388692 712808 59.940791 10.838172 168264 1007
1287388693 713980 59.940796 10.838158 105904 1172
1287388694 714988 59.940796 10.838158 65664 1008
1287388695 716001 59.940793 10.838141 76608 1013
1287388696 717060 59.940797 10.838126 103968 1059
1287388697 718148 59.940807 10.838112 163360 1088
1287388698 719161 59.940807 10.838112 165528 1013
1287388700 720177 59.940811 10.838098 169632 1016
1287388701 721180 59.940811 10.838045 155152 1003
1287388702 722181 59.940812 10.837975 191520 1001
1287388703 723188 59.940812 10.837975 186616 1006
1287388704 724189 59.940789 10.837898 229824 1001
1287388705 725200 59.94076 10.8378 197560 1011
1287388706 726208 59.940733 10.837685 238032 1008
1287388707 727220 59.940733 10.837685 204400 1012
1287388708 728228 59.940699 10.837548 247608 1008
1287388709 729240 59.940655 10.837391 84016 1012
1287388710 730381 59.940599 10.837212 214776 1141
1287388711 731428 59.940599 10.837212 174304 1047
1287388712 732448 59.94053 10.83701 161424 1020
1287388713 733461 59.940469 10.836811 164160 1013
1287388714 734488 59.94039 10.836587 137368 1027
1287388715 735489 59.94039 10.836587 183312 1001
1287388716 736501 59.940309 10.836381 175672 1012
1287388717 737520 59.940214 10.836151 231192 1019
1287388718 738528 59.940117 10.835938 220816 1008
1287388719 739541 59.940117 10.835938 262656 1013
1287388721 741421 59.940017 10.835726 153752 1880
1287388722 742668 59.939919 10.83553 356280 1247
1287388723 743688 59.939817 10.835335 175104 1020
1287388724 744701 59.939817 10.835335 253648 1013
1287388725 745708 59.939714 10.83514 296856 1007
1287388726 746720 59.939603 10.834959 213976 1012
1287388727 747728 59.939492 10.834778 195624 1008
1287388728 748740 59.939492 10.834778 205768 1012
1287388729 749748 59.93938 10.834597 288648 1008
1287388730 750760 59.93928 10.834423 237232 1012
1287388731 751761 59.939172 10.834246 235864 1001
1287388732 752764 59.939172 10.834246 265392 1003
1287388733 753768 59.939063 10.834068 197560 1004
1287388734 754769 59.938967 10.833894 272232 1001
1287388735 755772 59.938845 10.833731 256384 1003
1287388736 756780 59.938845 10.833731 230391 1008
1287388737 757788 59.938737 10.833553 251712 1008
1287388738 758800 59.938618 10.833407 182512 1012
1287388739 759808 59.938509 10.833247 209304 1008
1287388740 760820 59.938509 10.833247 187984 1012
1287388741 761821 59.938405 10.833108 224352 1001
1287388742 762825 59.938302 10.832969 182512 1004
1287388743 763828 59.938203 10.83283 207936 1003
1287388744 764848 59.938203 10.83283 145576 1020
1287388745 765868 59.938098 10.832709 165528 1020
1287388746 766881 59.93799 10.832584 94392 1013
1287388749 769241 59.937879 10.832442 16384 2359
1287388750 770248 59.937879 10.832442 276936 1007
1287388751 771260 59.937758 10.832314 177840 1012
1287388752 772281 59.937625 10.8322 156520 1021
1287388753 773288 59.937495 10.832086 235296 1007
1287388754 774289 59.937495 10.832086 179776 1001
1287388755 775300 59.937374 10.831975 201096 1011
1287388756 776308 59.937256 10.831864 138736 1008
1287388757 777309 59.937138 10.831771 157320 1001
1287388758 778320 59.937138 10.831771 139536 1011
1287388759 779420 59.937027 10.831682 107272 1100
1287388760 780421 59.93692 10.831592 151848 1001
1287388761 781428 59.936809 10.831502 103968 1007
1287388762 782448 59.936809 10.831502 77976 1020
1287388763 783457 59.936697 10.83143 104536 1009
1287388764 784460 59.93659 10.83134 135432 1003
1287388765 785468 59.936478 10.831268 127224 1008
1287388766 786488 59.936478 10.831268 112176 1020
1287388767 787508 59.936371 10.831179 93592 1020
1287388768 788548 59.936272 10.831092 76608 1040
1287388769 789568 59.936188 10.831027 39672 1020
1287388770 790580 59.936188 10.831027 71136 1012
1287388771 791581 59.936093 10.830958 99864 1001
1287388772 792588 59.93601 10.830875 45712 1007
1287388773 793600 59.935934 10.830813 134064 1012
1287388774 794608 59.935934 10.830813 166896 1008
1287388775 795788 59.935863 10.830751 126424 1180
1287388776 796792 59.935799 10.830693 124488 1004
1287388777 797800 59.935735 10.830634 171000 1008
1287388778 798828 59.935735 10.830634 123688 1028
1287388779 799840 59.935681 10.830596 139536 1012
1287388780 800848 59.935652 10.830565 150480 1008
1287388781 801860 59.935617 10.830552 131896 1012
1287388782 802868 59.935617 10.830552 177840 1008
1287388783 803880 59.935608 10.830527 150480 1012
1287388784 804888 59.935593 10.830521 134632 1008
1287388785 805900 59.935585 10.830517 153216 1012
1287388786 807008 59.935585 10.830517 152416 1108
1287388787 808028 59.935577 10.830514 171000 1020
1287388788 809040 59.935577 10.830514 179208 1012
1287388789 810048 59.935584 10.830535 153784 1008
1287388790 811060 59.935584 10.830535 175104 1012
1287388791 812068 59.93559 10.830517 152416 1008
1287388792 813088 59.935597 10.830521 168264 1020
1287388793 814108 59.935597 10.830521 72504 1020
1287388794 815120 59.935597 10.830521 109440 1012
1287388795 816128 59.9356 10.830524 125056 1008
1287388797 817180 59.935605 10.830524 64296 1052
1287388798 818201 59.935611 10.830545 45144 1021
1287388799 819208 59.935611 10.830545 88920 1007
1287388800 820220 59.935615 10.830545 149681 1012
1287388801 821288 59.935619 10.830563 87552 1068
1287388802 822300 59.935635 10.830566 112176 1012
1287388803 823308 59.935635 10.830566 143640 1008
1287388804 824320 59.93564 10.830566 116848 1012
1287388805 825328 59.935643 10.830584 143640 1008
1287388806 826341 59.935653 10.830604 154584 1013
1287388807 827361 59.935653 10.830604 134632 1020
1287388808 828369 59.935658 10.830604 125856 1008
1287388809 829388 59.935661 10.830622 95760 1019
1287388810 830508 59.935665 10.830622 97696 1120
1287388811 831520 59.935665 10.830622 116280 1012
1287388812 832528 59.935658 10.830619 140904 1008
1287388813 833541 59.935647 10.830612 129960 1013
1287388814 834548 59.935626 10.830584 81280 1007
1287388815 835561 59.935626 10.830584 125856 1013
1287388816 836568 59.9356 10.830557 105336 1007
1287388817 837588 59.935566 10.830526 108072 1020
1287388818 838608 59.935533 10.830495 103168 1020
1287388819 839621 59.935533 10.830495 132696 1013
1287388820 840628 59.93549 10.830464 155952 1007
1287388821 841640 59.935453 10.830415 116848 1012
1287388822 842648 59.9354 10.830363 183312 1008
1287388823 843660 59.9354 10.830363 153784 1012
1287388824 844661 59.935341 10.83029 176472 1001
1287388825 845669 59.935255 10.83019 194256 1008
1287388826 846688 59.935158 10.830086 155152 1019
1287388827 847692 59.935158 10.830086 179208 1004
1287388828 848700 59.935047 10.829958 161992 1008
1287388829 849709 59.934937 10.829812 149112 1009
1287388830 850720 59.934841 10.829652 135432 1011
1287388831 851740 59.934841 10.829652 133264 1020
1287388832 852748 59.934745 10.829492 143640 1008
1287388833 853760 59.934636 10.829329 129960 1012
1287388834 854768 59.934542 10.829151 112744 1008
1287388835 855769 59.934542 10.829151 142272 1001
1287388836 856780 59.934441 10.828953 150480 1011
1287388837 857781 59.934347 10.828758 112744 1001
1287388838 858837 59.93424 10.828538 71136 1056
1287388839 859841 59.93424 10.828538 112176 1004
1287388840 860848 59.934141 10.828322 106704 1007
1287388841 861860 59.93404 10.828086 81280 1012
1287388842 862868 59.933949 10.82787 128592 1008
1287388843 863888 59.933949 10.82787 135432 1020
1287388844 864897 59.933856 10.827636 117648 1009
1287388845 865900 59.933764 10.827385 89488 1003
1287388846 866908 59.933679 10.827137 161424 1008
1287388847 867921 59.933679 10.827137 165528 1013
1287388848 868928 59.933598 10.826907 149680 1007
1287388849 869940 59.933506 10.826656 180576 1012
1287388851 871260 59.933426 10.826408 96328 1320
1287388852 872261 59.933426 10.826408 157320 1001
1287388853 873268 59.933345 10.826178 191520 1007
1287388854 874280 59.933272 10.825933 170200 1012
1287388855 875300 59.933199 10.825707 191520 1020
1287388856 876316 59.933199 10.825707 170200 1016
1287388857 877320 59.933134 10.825466 210672 1004
1287388858 878328 59.933068 10.825242 142840 1008
1287388859 879332 59.933015 10.825004 113544 1004
1287388860 880340 59.933015 10.825004 160056 1008
1287388861 881348 59.932957 10.824784 129160 1008
1287388862 882361 59.932895 10.824561 157320 1013
1287388863 883381 59.932844 10.824344 166896 1020
1287388864 884388 59.932844 10.824344 138736 1007
1287388865 885400 59.932806 10.824131 194256 1012
1287388866 886401 59.932753 10.823932 177040 1001
1287388867 887408 59.932701 10.823732 199728 1007
1287388868 888560 59.932701 10.823732 196192 1152
1287388869 889568 59.932655 10.823554 209304 1008
1287388870 890668 59.93261 10.823358 198928 1099
1287388871 891672 59.932578 10.823204 201096 1004
1287388872 892680 59.932578 10.823204 203832 1008
1287388873 893688 59.93254 10.823082 156520 1008
1287388874 894708 59.932497 10.82296 191520 1020
1287388875 895713 59.93246 10.822859 164728 1005
1287388876 896721 59.93246 10.822859 181944 1008
1287388877 897728 59.932438 10.822778 133264 1007
1287388878 898748 59.932412 10.822698 176472 1020
1287388879 899760 59.932397 10.822639 227995 1012
1287388880 900769 59.932397 10.822639 192549 1009
1287388881 901860 59.932374 10.822576 218080 1091
1287388882 902868 59.932366 10.82252 225720 1008
1287388883 903888 59.932356 10.822499 213976 1020
1287388884 904901 59.932356 10.822499 239400 1013
1287388885 905908 59.932345 10.822478 171568 1007
1287388886 906920 59.932345 10.822478 179208 1012
1287388887 907928 59.932351 10.822499 143640 1008
1287388888 908988 59.932351 10.822499 94960 1060
1287388889 909989 59.93235 10.822517 73872 1001
1287388890 911001 59.932354 10.822517 162792 1012
1287388891 912008 59.932357 10.822534 152416 1007
1287388892 913021 59.932357 10.822534 186048 1013
1287388893 914028 59.93236 10.822552 179208 1007
1287388894 915040 59.932359 10.822569 159256 1012
1287388895 916041 59.932363 10.822569 157320 1001
1287388896 917048 59.932363 10.822569 116280 1007
1287388897 918061 59.932359 10.822583 82648 1013
1287388898 919068 59.932362 10.822601 114912 1007
1287388899 920088 59.932365 10.822619 84816 1020
1287388900 921140 59.932365 10.822619 65664 1052
1287388901 922148 59.932365 10.822619 35568 1008
1287388904 924328 59.932363 10.822636 21888 2180
1287388905 925341 59.932371 10.822639 25192 1013
1287388906 926388 59.932371 10.822639 105336 1047
1287388907 927408 59.932369 10.822657 64296 1020
1287388908 928440 59.932369 10.822657 68000 1032
1287388909 929768 59.932369 10.822657 25024 1328
1287388910 930773 59.932369 10.822657 86184 1005
1287388911 931780 59.932369 10.822657 71704 1007
1287388912 932788 59.932373 10.82266 80712 1008
1287388913 933800 59.93238 10.822664 87552 1012
1287388914 934808 59.93238 10.822664 69768 1008
1287388915 935828 59.932376 10.822664 76608 1020
1287388916 936840 59.93238 10.82265 67600 1012
1287388917 937841 59.932374 10.822614 82080 1001
1287388918 938857 59.932374 10.822614 80712 1016
1287388919 939861 59.932368 10.822579 53352 1004
1287388920 941048 59.932365 10.822509 10944 1187
1287388921 942080 59.932356 10.822418 30096 1032
1287388922 943100 59.932356 10.822418 79344 1020
1287388923 944108 59.932339 10.822323 86752 1008
1287388924 945120 59.932323 10.822211 150312 1012
1287388925 946129 59.932309 10.822082 176640 1009
1287388926 947132 59.932309 10.822082 144208 1003
1287388927 948140 59.932283 10.821948 169632 1008
1287388928 949148 59.932257 10.821777 143640 1008
1287388929 950161 59.932221 10.821605 94960 1013
1287388931 951168 59.932221 10.821605 161424 1007
1287388932 952177 59.932177 10.82141 170539 1009
1287388933 953181 59.932129 10.821196 140565 1004
1287388934 954201 59.932073 10.82098 175104 1020
1287388935 955209 59.932073 10.82098 131896 1008
1287388936 956221 59.932018 10.820724 184680 1012
1287388937 957228 59.931959 10.820452 162792 1007
1287388938 958248 59.931892 10.820193 118216 1020
1287388939 959260 59.931892 10.820193 149112 1012
1287388940 960280 59.931824 10.819934 146376 1020
1287388941 961281 59.931758 10.819658 120952 1001
1287388942 962300 59.93169 10.8194 168264 1019
1287388943 963320 59.93169 10.8194 142840 1020
1287388944 964328 59.931621 10.819159 140904 1008
1287388945 965340 59.931559 10.818921 157320 1012
1287388946 966348 59.93149 10.81868 141472 1008
1287388947 967349 59.93149 10.81868 158688 1001
1287388948 968361 59.931419 10.818457 147744 1012
1287388949 969368 59.93134 10.818247 141472 1007
1287388950 970380 59.931271 10.818059 190152 1012
1287388951 971381 59.931271 10.818059 181144 1001
1287388952 972384 59.9312 10.817888 195624 1003
1287388953 973388 59.93113 10.817718 204400 1004
1287388954 974392 59.931044 10.817579 209304 1004
1287388955 975401 59.931044 10.817579 186616 1009
1287388956 976420 59.930945 10.817415 255816 1019
1287388957 977428 59.930835 10.81727 218080 1008
1287388958 978440 59.930722 10.817121 284544 1012
1287388959 979448 59.930722 10.817121 208504 1008
1287388960 980461 59.930617 10.816975 222984 1013
1287388961 981468 59.930515 10.816833 187984 1007
1287388962 982540 59.930405 10.816687 253648 1072
1287388963 983548 59.930405 10.816687 233928 1008
1287388964 984600 59.930309 10.816527 175672 1052
1287388965 985608 59.930202 10.816346 207936 1008
1287388966 986780 59.930101 10.816186 200296 1172
1287388967 987788 59.930101 10.816186 209304 1008
1287388968 988800 59.930006 10.816009 201664 1012
1287388969 989808 59.929907 10.815832 243504 1008
1287388970 990821 59.929809 10.815637 193456 1013
1287388971 991832 59.929809 10.815637 132696 1011
1287388972 992840 59.929719 10.815445 209304 1008
1287388973 993849 59.929627 10.815232 207136 1009
1287388974 994861 59.929543 10.815023 218880 1012
1287388975 995868 59.929543 10.815023 163360 1007
1287388976 996880 59.929467 10.814817 217512 1012
1287388977 997884 59.929407 10.814615 152416 1004
1287388978 998888 59.929342 10.814412 199728 1004
1287388979 999901 59.929342 10.814412 175671 1013
1287388980 1000908 59.929296 10.814196 202464 1007
1287388981 1001920 59.929265 10.813986 172936 1012
1287388982 1002928 59.929238 10.813776 192888 1008
1287388983 1003940 59.929238 10.813776 194824 1012
1287388984 1004948 59.929205 10.813583 214776 1008
1287388985 1005960 59.929179 10.813373 190720 1012
1287388986 1006968 59.929146 10.813181 231192 1008
1287388987 1007980 59.929146 10.813181 155952 1012
1287388988 1008981 59.929114 10.812988 74440 1001
1287388989 1009992 59.929077 10.812796 84816 1011
1287388990 1011020 59.929046 10.812624 49248 1028
1287388991 1012088 59.929046 10.812624 24624 1068
1287389030 1050305 59.929019 10.812453 16384 38216
1287389045 1065860 59.928981 10.812278 131360 15555
1287389047 1067316 59.928956 10.812128 5472 1456
1287389048 1068476 59.928956 10.812128 8208 1160
1287389049 1069536 59.928936 10.811977 5472 1060
1287389050 1070576 59.928919 10.81183 6840 1040
1287389051 1071716 59.928912 10.811703 8208 1140
1287389052 1072856 59.928912 10.811703 8208 1140
1287389054 1074560 59.928903 10.811574 1936 1704
1287389055 1075640 59.928892 10.811462 6840 1080
1287389056 1076680 59.928893 10.811353 12312 1040
1287389057 1077741 59.928893 10.811353 20520 1061
1287389058 1078840 59.928885 10.811258 24624 1099
1287389059 1079876 59.928883 10.811146 23256 1036
1287389060 1080880 59.928887 10.811055 21888 1004
1287389061 1081916 59.928887 10.811055 23256 1036
1287389062 1082940 59.928884 10.810961 28728 1024
1287389064 1084196 59.928874 10.810884 25824 1256
1287389065 1085216 59.928859 10.810786 26160 1020
1287389066 1086280 59.928859 10.810786 27360 1064
1287389067 1087360 59.928849 10.810709 25992 1080
1287389068 1088420 59.928841 10.810614 30096 1060
1287389069 1089501 59.928841 10.810614 21888 1081
1287389070 1090656 59.928841 10.810614 30096 1155
1287389071 1091720 59.928837 10.810428 23256 1064
1287389072 1092800 59.928837 10.810428 28728 1080
1287389073 1093960 59.928862 10.810235 11512 1160
1287389074 1095100 59.928862 10.810235 20520 1140
1287389075 1096121 59.928862 10.810235 21888 1021
1287389076 1097124 59.928895 10.809954 27360 1003
1287389077 1098160 59.928906 10.809775 30096 1036
1287389079 1099256 59.928906 10.809775 23256 1096
1287389080 1100280 59.928904 10.80961 28728 1024
1287389081 1101416 59.928899 10.809481 19152 1136
1287389082 1102436 59.928895 10.809334 31464 1020
1287389083 1103481 59.928895 10.809334 25992 1045
1287389084 1104517 59.928886 10.809204 27360 1036
1287389085 1105557 59.928881 10.809074 25992 1040
1287389086 1106576 59.928862 10.808959 27360 1019
1287389087 1107596 59.928862 10.808959 26472 1020
1287389088 1108616 59.92884 10.808826 25512 1020
1287389089 1109680 59.928815 10.808689 25992 1064
1287389091 1111176 59.928788 10.808535 19720 1496
1287389092 1112196 59.928788 10.808535 20520 1020
1287389093 1113216 59.928788 10.808535 24624 1020
1287389094 1114257 59.928788 10.808535 25992 1041
1287389095 1115300 59.928788 10.808535 25992 1043
1287389096 1116356 59.928788 10.808535 27360 1056
1287389097 1117361 59.928788 10.808535 25992 1005
1287389098 1118380 59.928788 10.808535 27192 1019
1287389099 1119381 59.928788 10.808535 23424 1001
1287389100 1120400 59.928788 10.808535 24624 1019
1287389101 1121448 59.928788 10.808535 27360 1048
1287389102 1122516 59.928788 10.808535 24624 1068
1287389103 1123520 59.928788 10.808535 24624 1004
1287389104 1124636 59.928788 10.808535 20552 1116
1287389105 1125716 59.928788 10.808535 16384 1080
1287389110 1130997 59.928788 10.808535 16384 5281
1287389111 1132100 59.928788 10.808535 55320 1103
1287389113 1133320 59.928788 10.808535 20520 1220
1287389114 1134440 59.928788 10.808535 17784 1120
1287389115 1135656 59.928788 10.808535 17784 1216
1287389116 1136740 59.928788 10.808535 20520 1084
1287389117 1138000 59.928788 10.808535 28728 1260
1287389118 1139001 59.928788 10.808535 24624 1001
1287389119 1140161 59.92838 10.806195 27360 1160
1287389121 1141280 59.928357 10.806079 24624 1119
1287389122 1142320 59.928357 10.806079 20520 1040
1287389123 1143340 59.928334 10.805964 23256 1020
1287389124 1144376 59.928309 10.805866 16416 1036
1287389125 1145500 59.928285 10.805768 23256 1124
1287389126 1146640 59.928285 10.805768 23256 1140
1287389127 1147856 59.928266 10.805691 17784 1216
1287389128 1148876 59.928259 10.805635 20520 1020
1287389129 1149920 59.928251 10.805579 15048 1044
1287389130 1150940 59.928251 10.805579 16416 1020
1287389131 1152056 59.928243 10.805523 16416 1116
1287389132 1153121 59.928249 10.805453 17784 1065
1287389133 1154140 59.928246 10.805397 14588 1019
1287389136 1156376 59.928246 10.805397 1028 2236
1287389137 1157396 59.928254 10.805344 6840 1020
1287389138 1158641 59.928247 10.805302 12312 1245
1287389139 1159740 59.928237 10.805278 5472 1099
1287389140 1160840 59.928237 10.805278 4104 1100
1287389141 1161941 59.928231 10.805271 12312 1101
1287389143 1163196 59.928223 10.805282 8208 1253
1287389144 1164740 59.928214 10.80531 6840 1544
1287389145 1165956 59.928214 10.80531 8208 1216
1287389147 1167200 59.928219 10.805325 2736 1244
1287389148 1168280 59.928209 10.805353 1368 1080
1287389160 1180924 59.928214 10.805367 1368 12644
1287389161 1181949 59.928214 10.805367 8208 1025
1287389165 1185412 59.928214 10.805381 1368 3463
1287389166 1186548 59.928214 10.805396 13680 1136
1287389167 1187588 59.928212 10.805427 53184 1040
1287389168 1188688 59.928212 10.805427 12480 1100
1287389169 1189744 59.928204 10.805438 16416 1056
1287389170 1190748 59.928201 10.805435 16416 1004
1287389171 1191784 59.928201 10.805449 12312 1036
1287389172 1192808 59.928201 10.805449 23256 1024
1287389173 1193824 59.928202 10.805446 20520 1016
1287389174 1194888 59.928196 10.805439 16416 1064
1287389175 1195924 59.928198 10.805436 17784 1036
1287389176 1197068 59.928198 10.805436 20520 1144
1287389177 1198128 59.928205 10.805453 20520 1060
1287389179 1199208 59.928211 10.80545 15048 1080
1287389180 1200424 59.928215 10.805464 21888 1216
1287389181 1201564 59.928215 10.805464 19152 1140
1287389182 1202608 59.928217 10.805461 24624 1042
1287389183 1203688 59.928223 10.805457 6040 1080
1287389184 1204708 59.928225 10.805437 16416 1020
1287389185 1205788 59.928225 10.805437 20520 1080
1287389186 1206844 59.928216 10.805412 20520 1056
1287389187 1208008 59.92822 10.805374 19152 1164
1287389188 1209028 59.928219 10.805353 23256 1020
1287389189 1210064 59.928219 10.805353 16416 1036
1287389190 1211144 59.928205 10.805329 17784 1080
1287389192 1212244 59.9282 10.80529 16416 1100
1287389193 1213288 59.9282 10.80529 24456 1044
1287389194 1214328 59.9282 10.80529 20688 1040
1287389195 1215404 59.9282 10.80529 20520 1076
1287389196 1216424 59.9282 10.80529 20520 1020
1287389197 1217428 59.9282 10.80529 19152 1004
1287389198 1218464 59.9282 10.80529 20520 1036
1287389199 1219504 59.9282 10.80529 20520 1040
1287389200 1220624 59.9282 10.80529 21888 1120
1287389201 1221644 59.9282 10.80529 20520 1020
1287389202 1222788 59.9282 10.80529 21888 1144
1287389203 1223845 59.9282 10.80529 21888 1057
1287389205 1225725 59.9282 10.80529 16384 1880
1287389207 1227184 59.9282 10.80529 10176 1459
1287389208 1228228 59.9282 10.80529 17784 1044
1287389209 1229284 59.9282 10.80529 20520 1056
1287389210 1230304 59.9282 10.80529 20520 1020
1287389211 1231364 59.9282 10.80529 20520 1060
1287389212 1232384 59.9282 10.80529 20520 1020
1287389213 1233424 59.9282 10.80529 20520 1040
1287389214 1234469 59.9282 10.80529 20520 1045
1287389215 1235548 59.9282 10.80529 20520 1079
1287389216 1236628 59.9282 10.80529 21888 1080
1287389217 1237684 59.9282 10.80529 20520 1056
1287389218 1238764 59.9282 10.80529 20520 1080
1287389219 1239808 59.9282 10.80529 20520 1044
1287389220 1240828 59.9282 10.80529 19152 1020
1287389221 1241884 59.9282 10.80529 20520 1056
1287389222 1242904 59.9282 10.80529 19152 1020
1287389223 1243964 59.9282 10.80529 19152 1060
1287389224 1245008 59.9282 10.80529 17784 1044
1287389225 1246069 59.9282 10.80529 16416 1061
1287389226 1247145 59.9282 10.80529 17784 1076
1287389228 1248172 59.9282 10.80529 16416 1027
1287389229 1250084 59.9282 10.80529 18352 1912
1287389230 1251109 59.9282 10.80529 13680 1025
1287389232 1252185 59.92775 10.803769 20520 1076
1287389233 1253204 59.927599 10.803431 20520 1019
1287389234 1254268 59.927599 10.803431 19152 1064
1287389235 1255324 59.927464 10.803135 20520 1056
1287389236 1256345 59.927327 10.802821 20520 1021
1287389237 1257364 59.927188 10.802511 19152 1019
1287389238 1258384 59.927188 10.802511 20520 1020
1287389239 1259404 59.927046 10.802197 19152 1020
1287389240 1260448 59.926905 10.801918 20520 1044
1287389241 1261489 59.926757 10.801622 20520 1041
1287389242 1262524 59.926757 10.801622 20520 1035
1287389243 1263544 59.926612 10.801344 20520 1020
1287389244 1264604 59.926466 10.801083 20520 1060
1287389245 1265624 59.926324 10.800822 20520 1020
1287389246 1266644 59.926324 10.800822 19152 1020
1287389247 1267664 59.926182 10.800561 20520 1020
1287389248 1268704 59.926055 10.800306 20520 1040
1287389249 1269724 59.925933 10.800052 20520 1020
1287389250 1270728 59.925933 10.800052 19152 1004
1287389251 1272064 59.925817 10.79978 12880 1336
1287389252 1273108 59.925714 10.799532 15048 1044
1287389253 1274144 59.925619 10.79925 20520 1036
1287389255 1275164 59.925619 10.79925 19152 1020
1287389256 1276364 59.92553 10.798988 19152 1200
1287389257 1277444 59.925458 10.798715 19152 1080
1287389258 1278464 59.925377 10.798457 17784 1020
1287389259 1279528 59.925377 10.798457 15048 1064
1287389260 1280624 59.925308 10.798202 15048 1096
1287389261 1281764 59.925227 10.797943 16416 1140
1287389262 1282788 59.925165 10.797691 19128 1024
1287389263 1283848 59.925165 10.797691 21912 1060
1287389264 1284904 59.925096 10.797436 20520 1056
1287389266 1286188 59.925047 10.797188 21888 1284
1287389274 1294205 59.924984 10.796954 16384 8017
1287389276 1296664 59.924984 10.796954 153816 2459
1287389277 1297804 59.924936 10.79674 12312 1140
1287389278 1298824 59.924884 10.796527 15048 1020
1287389279 1299928 59.924839 10.796331 16416 1104
1287389280 1300952 59.924839 10.796331 17784 1024
1287389281 1301984 59.924799 10.796121 17784 1032
1287389282 1303008 59.924748 10.795943 19152 1024
1287389283 1304068 59.924711 10.795751 17784 1060
1287389284 1305089 59.924711 10.795751 20520 1021
1287389285 1306109 59.924668 10.795576 14880 1020
1287389287 1307188 59.924633 10.795419 16584 1079
1287389288 1308209 59.924597 10.795261 14880 1021
1287389289 1309228 59.924597 10.795261 17952 1019
1287389290 1310284 59.924562 10.795104 19152 1056
1287389291 1311288 59.924537 10.794968 17784 1004
1287389292 1312304 59.924511 10.794849 16072 1016
1287389293 1313384 59.924511 10.794849 16760 1080
1287389294 1314484 59.924504 10.794737 16416 1100
1287389302 1322248 59.92449 10.794621 24592 7764
1287389304 1324588 59.924486 10.794527 96360 2340
1287389305 1325624 59.924486 10.794527 12312 1036
1287389306 1326748 59.924477 10.79445 16416 1124
1287389307 1327784 59.924475 10.794391 16416 1036
1287389308 1328804 59.924473 10.794331 15048 1020
1287389309 1329948 59.924473 10.794331 16416 1144
1287389310 1331088 59.924465 10.794289 15048 1140
1287389312 1332185 59.924457 10.794248 15048 1097
1287389313 1333468 59.924448 10.794223 15048 1283
1287389314 1334624 59.924448 10.794223 13680 1156
1287389315 1335768 59.924445 10.79422 14880 1144
1287389316 1336904 59.924437 10.794217 8376 1136
1287389317 1338004 59.92443 10.794213 10944 1100
1287389318 1339048 59.92443 10.794213 8184 1044
1287389320 1340248 59.92441 10.794207 9600 1200
1287389321 1341328 59.92441 10.794207 6840 1080
1287389322 1342528 59.924401 10.794221 6840 1200
1287389333 1353328 59.924401 10.794221 5472 10800
1287389334 1354332 59.924405 10.794221 101232 1004
1287389335 1355412 59.924398 10.794217 10944 1080
1287389336 1356512 59.924402 10.794217 21888 1100
1287389337 1357696 59.924402 10.794217 17784 1184
1287389338 1358832 59.924399 10.794214 19152 1136
1287389339 1359872 59.924396 10.794211 20520 1040
1287389341 1361772 59.924388 10.794207 11512 1900
1287389342 1362812 59.924388 10.794207 13680 1040
1287389343 1363932 59.924381 10.794204 19152 1120
1287389344 1365072 59.924378 10.794186 21888 1140
1287389346 1366233 59.924378 10.794186 23256 1161
1287389347 1367492 59.924378 10.794186 23256 1259
1287389348 1368508 59.924373 10.794186 19152 1016
1287389349 1369512 59.924369 10.794186 17784 1004
1287389350 1370732 59.924366 10.794169 17616 1220
1287389351 1371768 59.924366 10.794169 24792 1036
1287389352 1372892 59.924364 10.794172 17784 1124
1287389353 1373912 59.924357 10.794155 20520 1020
1287389354 1374952 59.924349 10.794137 20520 1040
1287389355 1376072 59.924349 10.794137 20520 1120
1287389363 1383689 59.924342 10.79412 16384 7617
1287389364 1384892 59.924334 10.794102 137400 1203
1287389365 1385952 59.92432 10.794064 19152 1060
1287389366 1386989 59.92432 10.794064 20520 1037
1287389367 1388028 59.924307 10.794025 20520 1039
1287389368 1389073 59.92429 10.793969 20520 1045
1287389369 1390092 59.92427 10.79391 20520 1019
1287389370 1391148 59.92427 10.79391 20520 1056
1287389372 1392181 59.924253 10.793854 20520 1033
1287389373 1393233 59.924233 10.793794 20520 1052
1287389374 1394268 59.924233 10.793794 20520 1035
1287389375 1395288 59.924233 10.793794 20520 1020
1287389376 1396308 59.924233 10.793794 20520 1020
1287389377 1397309 59.924233 10.793794 19912 1001
1287389378 1398332 59.924233 10.793794 19760 1023
1287389379 1399352 59.924233 10.793794 20520 1020
1287389380 1400372 59.924233 10.793794 19152 1020
1287389381 1401392 59.924233 10.793794 20520 1020
1287389382 1402429 59.924233 10.793794 20520 1037
1287389383 1403448 59.924233 10.793794 20520 1019
1287389384 1404493 59.924233 10.793794 20520 1045
1287389385 1406052 59.924233 10.793794 19720 1559
1287389386 1407136 59.924233 10.793794 17784 1084
1287389387 1408152 59.924233 10.793794 16416 1016
1287389389 1409192 59.924233 10.793794 21888 1040
1287389390 1410232 59.924233 10.793794 19152 1040
1287389391 1411292 59.924233 10.793794 21888 1060
1287389392 1412472 59.924233 10.793794 19152 1180
1287389393 1413493 59.924233 10.793794 23256 1021
1287389394 1414532 59.924233 10.793794 15048 1039
1287389395 1415552 59.924233 10.793794 23288 1020
1287389396 1416672 59.924233 10.793794 19120 1120
1287389397 1417728 59.924233 10.793794 19152 1056
1287389398 1418936 59.924233 10.793794 21888 1208
1287389399 1419996 59.924233 10.793794 23256 1060
1287389400 1421132 59.924233 10.793794 19152 1136
1287389402 1422176 59.924233 10.793794 19152 1044
1287389403 1423188 59.924233 10.793794 16416 1012
1287389404 1424268 59.924233 10.793794 16416 1080
1287389405 1425408 59.924233 10.793794 20520 1140
1287389406 1426412 59.924233 10.793794 17784 1004
1287389407 1427472 59.924233 10.793794 16416 1060
1287389408 1428533 59.924233 10.793794 17784 1061
1287389410 1430628 59.924233 10.793794 4672 2095
1287389411 1431708 59.924233 10.793794 8208 1080
1287389412 1432712 59.924233 10.793794 15048 1004
1287389413 1433792 59.924233 10.793794 10944 1080
1287389414 1434812 59.924233 10.793794 17784 1020
