1296647475 545467 59.954779 10.866895 182579 1002
1296647476 546475 59.954774 10.866895 294120 1008
1296647478 547615 59.954773 10.866912 134864 1140
1296647479 548616 59.954773 10.866912 145718 1001
1296647480 549625 59.954779 10.866933 141510 1009
1296647481 550765 59.95478 10.866915 141595 1140
1296647482 551775 59.95478 10.866915 123260 1010
1296647483 552785 59.954776 10.866915 161206 1010
1296647484 553795 59.954781 10.866901 165404 1010
1296647485 554805 59.954776 10.866901 142074 1010
1296647486 555815 59.954776 10.866901 193728 1010
1296647487 556885 59.954772 10.866901 161970 1070
1296647488 557945 59.954772 10.866901 235242 1060
1296647489 558946 59.954767 10.866901 237494 1001
1296647490 559995 59.954776 10.866887 158275 1049
1296647491 561005 59.954772 10.866887 220571 1010
1296647492 562034 59.954776 10.866873 155753 1029
1296647493 563044 59.954773 10.866855 162792 1010
1296647494 564054 59.954763 10.866834 112861 1010
1296647495 565264 59.954731 10.866771 151592 1210
1296647496 566266 59.954731 10.866771 152444 1002
1296647497 567274 59.954671 10.866699 118434 1008
1296647498 568295 59.954627 10.866647 83615 1021
1296647499 569325 59.954627 10.866647 114912 1030
1296647500 570326 59.954478 10.86654 93073 1001
1296647501 571335 59.954346 10.866542 132559 1009
1296647502 572364 59.954346 10.866542 132602 1029
1296647503 573374 59.954117 10.866408 84760 1010
1296647504 574394 59.953994 10.866329 73872 1020
1296647505 575395 59.953994 10.866329 88646 1001
1296647506 576405 59.953733 10.86615 147697 1010
1296647507 577415 59.953599 10.866036 118514 1010
1296647508 578424 59.953599 10.866036 130036 1009
1296647510 579605 59.953311 10.865815 122212 1180
1296647511 580614 59.953162 10.865694 132696 1009
1296647512 581634 59.953012 10.865591 89133 1020
1296647513 582644 59.952867 10.86547 102450 1010
1296647514 583664 59.952724 10.865332 70101 1020
1296647515 584675 59.952724 10.865332 31464 1011
1296647516 585676 59.952456 10.864974 211194 1001
1296647517 586685 59.95233 10.864786 168543 1009
1296647518 587874 59.952223 10.864552 167363 1189
1296647519 589295 59.952026 10.864088 197630 1421
1296647520 590304 59.952026 10.864088 171979 1009
1296647521 591305 59.951854 10.86356 156898 1001
1296647522 592314 59.951786 10.863249 141178 1009
1296647523 593325 59.951786 10.863249 116061 1011
1296647524 594334 59.951698 10.862604 122269 1009
1296647525 595425 59.951671 10.862288 136344 1002
1296647526 596434 59.951671 10.862288 153931 1009
1296647527 597435 59.951627 10.861695 65666 1001
1296647528 598444 59.951602 10.861415 133838 1009
1296647530 599574 59.951602 10.861415 98059 1130
1296647531 600594 59.951562 10.860914 121531 1020
1296647532 601595 59.95154 10.860689 116039 1001
1296647533 602605 59.951529 10.860486 115105 1010
1296647534 603614 59.951505 10.860279 116393 1009
1296647535 604624 59.951499 10.860114 126013 1010
1296647536 605684 59.951499 10.860114 91192 1060
1296647537 606694 59.951493 10.859788 142202 1010
1296647538 607734 59.951478 10.859637 164070 1040
1296647539 608744 59.951467 10.859525 164409 1010
1296647540 609745 59.951459 10.85943 157709 1001
1296647541 610746 59.951452 10.859356 180000 1001
1296647542 611754 59.951443 10.859318 205243 1008
1296647543 612756 59.951446 10.859283 165553 1002
1296647544 613764 59.951446 10.859283 199329 1008
1296647545 614765 59.951445 10.8593 183195 1001
1296647546 615774 59.95144 10.8593 196974 1009
1296647547 616775 59.95144 10.8593 165131 1001
1296647548 617985 59.95144 10.8593 204557 1210
1296647549 618994 59.95144 10.8593 226130 1009
1296647550 619995 59.951448 10.859304 220524 1001
1296647551 621004 59.951448 10.859304 164583 1009
1296647552 622013 59.951448 10.859304 138625 1009
1296647553 623064 59.951448 10.859304 114375 1051
1296647554 624174 59.951448 10.859304 159330 1110
1296647555 625274 59.951443 10.859304 164652 1100
1296647556 626285 59.951443 10.859304 213592 1011
1296647557 627286 59.951443 10.859304 224666 1001
1296647558 628287 59.951443 10.859304 222413 1001
1296647559 629344 59.951443 10.859304 205869 1057
1296647560 630345 59.951443 10.859304 218780 1001
1296647561 631346 59.951443 10.859304 167041 1001
1296647562 632354 59.951443 10.859304 177912 1008
1296647563 633513 59.95144 10.859248 92219 1159
1296647564 634514 59.951435 10.859209 100767 1001
1296647565 635533 59.951435 10.859209 123284 1019
1296647566 636534 59.951427 10.859023 83448 1001
1296647568 637543 59.951409 10.858908 100158 1008
1296647569 638544 59.951409 10.858908 117240 1001
1296647570 639545 59.951389 10.85861 160056 1001
1296647571 640564 59.951374 10.858459 108757 1019
1296647572 641583 59.951374 10.858459 111658 1019
1296647573 642614 59.951337 10.858066 130423 1030
1296647574 643663 59.951311 10.857856 54720 1049
1296647575 645368 59.951281 10.857628 16384 1705
1296647577 646664 59.951195 10.857163 67095 1296
1296647578 647674 59.951144 10.856946 108399 1009
1296647579 648693 59.951084 10.856743 82080 1019
1296647580 649694 59.951017 10.856537 63126 1001
1296647581 650724 59.951017 10.856537 100670 1030
1296647582 651745 59.950868 10.856178 86184 1021
1296647583 652763 59.95078 10.856021 64551 1018
1296647584 653803 59.950683 10.855861 84816 1040
1296647585 655344 59.950488 10.855614 22319 1541
1296647586 656366 59.950488 10.855614 31464 1022
1296647587 657373 59.950269 10.855414 84816 1007
1296647588 658374 59.950158 10.855324 116006 1001
1296647589 659381 59.950158 10.855324 111642 1007
1296647590 660394 59.949923 10.855211 103968 1013
1296647592 661543 59.949798 10.855189 63479 1148
1296647593 662563 59.949798 10.855189 56088 1020
1296647594 663573 59.949686 10.855169 54720 1010
1296647595 664613 59.949686 10.855169 57456 1040
1296647596 665753 59.949686 10.855169 38304 1140
1296647597 667164 59.949686 10.855169 10944 1411
1296647598 668173 59.949686 10.855169 85711 1009
1296647599 669184 59.948813 10.855118 102600 1011
1296647600 670203 59.948699 10.855063 61554 1019
1296647601 671209 59.948699 10.855063 89165 1006
1296647602 672223 59.948505 10.854869 90196 1014
1296647603 673224 59.948407 10.854727 70472 1001
1296647604 674453 59.948407 10.854727 101035 1229
1296647605 675473 59.948227 10.854449 90288 1020
1296647606 676483 59.94814 10.854274 90274 1010
1296647608 677673 59.94814 10.854274 72050 1190
1296647609 678674 59.947993 10.853936 152353 1001
1296647610 679683 59.94792 10.853747 128697 1009
1296647611 680933 59.947855 10.853545 140241 1250
1296647612 681943 59.947789 10.85336 76608 1009
1296647613 682963 59.947725 10.853157 55507 1020
1296647614 684003 59.947659 10.852972 77976 1040
1296647616 685753 59.947533 10.852584 35881 1750
1296647617 686762 59.947468 10.852399 82080 1009
1296647618 687823 59.947409 10.852217 56293 1061
1296647619 688983 59.947345 10.852015 38304 1160
1296647620 690174 59.947284 10.851829 134565 1191
1296647621 691283 59.947152 10.851459 88920 1109
1296647622 692323 59.947152 10.851459 76236 1040
1296647624 693623 59.947018 10.851068 75240 1300
1296647625 694633 59.946953 10.850883 77976 1010
1296647626 695653 59.946891 10.850698 33884 1020
1296647627 696654 59.946827 10.850495 73872 1001
1296647628 697663 59.946753 10.850307 135595 1009
1296647629 698664 59.946692 10.850122 148680 1001
1296647630 699683 59.946625 10.849954 144053 1019
1296647631 700693 59.946551 10.849766 146718 1010
1296647632 701703 59.946472 10.849595 148107 1010
1296647633 702708 59.946388 10.849438 152735 1005
1296647634 703823 59.946299 10.849282 181322 1010
1296647635 704833 59.946209 10.849142 154187 1010
1296647636 705843 59.946106 10.849018 197960 1010
1296647637 706923 59.946014 10.848896 167100 1080
1296647638 707924 59.945915 10.848771 186014 1001
1296647639 708974 59.945811 10.848646 132616 1050
1296647640 709983 59.945706 10.848539 174363 1009
1296647641 711092 59.9456 10.848411 176881 1109
1296647642 712113 59.945496 10.848286 189162 1021
1296647643 713142 59.945391 10.848178 150675 1029
1296647644 714143 59.945295 10.848057 223902 1001
1296647645 715212 59.945117 10.847852 138773 1069
1296647646 716263 59.945117 10.847852 173713 1051
1296647647 717283 59.944969 10.847623 152541 1020
1296647648 718353 59.944917 10.847515 145826 1070
1296647649 719373 59.944917 10.847515 163296 1020
1296647650 720385 59.944812 10.847316 47880 1012
1296647651 721442 59.944766 10.847229 66343 1057
1296647652 722463 59.944766 10.847229 144881 1021
1296647653 723473 59.9447 10.847097 170448 1010
1296647654 724482 59.944676 10.847051 157781 1009
1296647655 725483 59.944676 10.847051 178027 1001
1296647657 726572 59.944663 10.84701 138388 1089
1296647658 727573 59.944663 10.84701 146961 1001
1296647659 728582 59.944663 10.84701 95409 1009
1296647660 729593 59.944675 10.847013 166159 1010
1296647661 730763 59.944675 10.847013 169492 1170
1296647662 731772 59.944675 10.847013 189697 1009
1296647663 732832 59.944675 10.847013 148647 1060
1296647664 733966 59.944675 10.847013 209828 1134
1296647665 734972 59.944675 10.847013 250521 1006
1296647666 736032 59.944683 10.847016 197537 1060
1296647668 737552 59.944688 10.847016 225015 1520
1296647669 738553 59.944686 10.847034 224870 1001
1296647670 739563 59.944691 10.847034 209518 1010
1296647671 740572 59.944691 10.847034 257671 1009
1296647672 741584 59.944691 10.847034 179826 1012
1296647673 742763 59.944691 10.847034 198576 1179
1296647674 743773 59.944691 10.847034 190694 1010
1296647675 744783 59.944695 10.847034 166904 1010
1296647676 745973 59.944695 10.847034 178970 1190
1296647677 746982 59.944695 10.847034 210710 1009
1296647678 747983 59.944695 10.847034 154767 1001
1296647679 749092 59.9447 10.847034 178101 1109
1296647680 750103 59.9447 10.847034 177507 1011
1296647681 751123 59.944698 10.847013 148997 1019
1296647682 752133 59.94469 10.84701 163716 1010
1296647684 753622 59.944661 10.846926 156680 1489
1296647685 754623 59.944624 10.846877 138168 1001
1296647686 755631 59.944591 10.846793 169933 1007
1296647687 756822 59.94455 10.846706 180267 1191
1296647688 757832 59.944496 10.846616 170765 1010
1296647689 758842 59.944437 10.846504 129806 1010
1296647690 759852 59.944378 10.846375 135131 1010
1296647691 760861 59.944307 10.846261 99358 1009
1296647692 761872 59.94423 10.846107 108072 1011
1296647693 762881 59.944154 10.845954 81939 1009
1296647694 763882 59.944067 10.84578 123120 1001
1296647695 764892 59.94398 10.845606 62169 1010
1296647696 765902 59.943888 10.845393 50616 1010
1296647697 766903 59.943784 10.845177 82080 1001
1296647698 767912 59.943682 10.844943 50857 1009
1296647699 768922 59.943573 10.844688 62928 1010
1296647700 769942 59.943464 10.844434 72504 1020
1296647701 770951 59.943359 10.844183 57456 1008
1296647702 771973 59.943247 10.84391 64392 1022
1296647703 772992 59.943134 10.843656 80712 1019
1296647704 774002 59.943021 10.843401 59635 1010
1296647705 775011 59.942917 10.843132 87552 1009
1296647706 776081 59.942804 10.842878 84259 1069
1296647707 777091 59.942691 10.842623 75240 1010
1296647708 778111 59.942582 10.842369 60491 1020
1296647709 779302 59.942477 10.842117 84539 1191
1296647710 780312 59.942258 10.841612 102600 1010
1296647711 781321 59.942145 10.841357 68975 1008
1296647712 782342 59.942145 10.841357 103584 1021
1296647713 783351 59.941946 10.840858 65260 1009
1296647715 784571 59.941851 10.840628 90431 1220
1296647716 785572 59.941851 10.840628 83613 1001
1296647717 786581 59.941672 10.840135 54478 1008
1296647718 787682 59.941585 10.839908 44383 1101
1296647719 788701 59.94151 10.839685 51984 1019
1296647720 789711 59.941442 10.839465 45144 1010
1296647721 790751 59.9413695 10.8392605 33449 1040
1296647722 791781 59.941297 10.839056 53352 1030
1296647723 792791 59.941213 10.838847 54074 1010
1296647724 793802 59.941153 10.838683 65664 1011
1296647725 794811 59.941092 10.838536 49248 1009
1296647726 795821 59.941055 10.838435 49248 1010
1296647727 796841 59.941038 10.838393 37571 1020
1296647728 797871 59.941023 10.838372 53352 1030
1296647729 798891 59.941025 10.838354 64296 1020
1296647730 800061 59.941025 10.838354 65920 1170
1296647731 801081 59.941031 10.838375 71136 1020
1296647732 802102 59.941038 10.838379 71140 1020
1296647733 803241 59.941049 10.8384 101773 1139
1296647734 804251 59.941055 10.838421 112176 1010
1296647735 805271 59.941061 10.838442 40358 1020
1296647736 806291 59.941061 10.838442 83448 1020
1296647737 807311 59.941064 10.838459 64479 1019
1296647738 808331 59.941072 10.838463 101232 1020
1296647739 809351 59.941072 10.838463 54096 1020
1296647740 810382 59.941083 10.838483 84816 1031
1296647741 811411 59.941081 10.838501 48511 1029
1296647742 812461 59.941081 10.838501 2736 1050
1296647743 813491 59.941092 10.838522 24624 1030
1296647745 814543 59.941092 10.838522 54720 1052
1296647746 815571 59.941092 10.838522 54439 1028
1296647747 816772 59.941095 10.83854 36936 1201
1296647748 817791 59.941096 10.838522 79344 1019
1296647749 818801 59.941086 10.838501 46320 1010
1296647750 819821 59.941072 10.838477 51984 1020
1296647751 820841 59.941052 10.838417 41040 1020
1296647752 822051 59.941031 10.838337 37445 1210
1296647753 823070 59.940997 10.838253 21888 1019
1296647754 824091 59.940965 10.838152 36936 1021
1296647755 825181 59.940877 10.837886 43776 1090
1296647756 826190 59.940828 10.837743 21888 1009
1296647757 827212 59.940828 10.837743 21888 1022
1296647758 828221 59.940718 10.837415 13525 1009
1296647759 829250 59.940661 10.837216 23256 1029
1296647760 830251 59.940661 10.837216 69768 1001
1296647761 831261 59.940517 10.836804 46167 1010
1296647762 832282 59.940434 10.836577 109440 1021
1296647763 833291 59.940434 10.836577 69155 1009
1296647764 834321 59.940241 10.836113 72757 1030
1296647765 835331 59.940127 10.835876 75240 1010
1296647766 836341 59.940127 10.835876 61984 1010
1296647768 837541 59.939876 10.835413 88804 1200
1296647769 838550 59.939748 10.83519 79344 1009
1296647770 839560 59.939748 10.83519 48323 1010
1296647771 840571 59.939495 10.834762 47880 1011
1296647772 841631 59.939358 10.834554 24624 1060
1296647773 842648 59.939228 10.834349 9576 1017
1296647774 843661 59.939085 10.834158 37224 1013
1296647775 844671 59.938954 10.83397 51984 1010
1296647776 845691 59.938815 10.833779 46487 1019
1296647784 854326 59.938531 10.833415 64296 8635
1296647785 855367 59.937351 10.832161 41975 1041
1296647786 856376 59.937202 10.83204 96069 1009
1296647787 857378 59.937202 10.83204 144985 1001
1296647788 858406 59.936921 10.831802 146500 1028
1296647790 859626 59.936784 10.831685 155183 1220
1296647791 860636 59.936661 10.831592 143742 1010
1296647792 861876 59.936547 10.831499 112071 1240
1296647793 862986 59.936434 10.831427 152507 1110
1296647794 863996 59.936347 10.831344 150806 1010
1296647795 865006 59.936259 10.831279 163016 1010
1296647796 866215 59.936183 10.831217 176088 1209
1296647797 867226 59.936057 10.83112 153717 1011
1296647798 868436 59.936019 10.831089 161951 1210
1296647799 869437 59.936019 10.831089 161242 1001
1296647801 870550 59.935969 10.831055 139196 1113
1296647802 871796 59.935961 10.831051 170660 1246
1296647803 872797 59.935953 10.831048 164236 1001
1296647804 873806 59.93595 10.831045 165154 1009
1296647805 874808 59.93595 10.831045 154433 1002
1296647806 875985 59.93595 10.831045 153022 1177
1296647807 876986 59.935943 10.831041 149262 1001
1296647808 878385 59.935944 10.831024 178437 1399
1296647809 879395 59.935936 10.83102 72504 1009
1296647810 880396 59.935936 10.83102 104224 1001
1296647811 881405 59.935936 10.83102 118860 1009
1296647812 882416 59.935933 10.831017 114133 1011
1296647813 883466 59.935926 10.831014 127653 1049
1296647814 884475 59.935926 10.831014 76237 1009
1296647816 885645 59.935926 10.831014 123610 1170
1296647817 886716 59.935918 10.83101 135147 1071
1296647818 887736 59.935919 10.830993 177073 1020
1296647819 888885 59.935912 10.830989 178711 1149
1296647820 889886 59.935892 10.830983 202721 1001
1296647821 890895 59.935866 10.830955 207576 1009
1296647822 891896 59.935824 10.830924 191051 1001
1296647823 892906 59.935778 10.83089 192723 1010
1296647824 893907 59.935722 10.830834 135691 1001
1296647825 894925 59.935656 10.830793 226103 1018
1296647826 896076 59.93558 10.830731 129431 1151
1296647827 897086 59.935499 10.830669 170355 1010
1296647828 898216 59.935309 10.830514 194179 1130
1296647829 899335 59.935309 10.830514 201129 1119
1296647830 900336 59.935096 10.830335 206524 1001
1296647831 901345 59.935003 10.830231 170352 1009
1296647832 902505 59.935003 10.830231 207347 1160
1296647833 903507 59.934804 10.829985 222058 1002
1296647834 904516 59.934714 10.829846 165082 1009
1296647836 905575 59.934714 10.829846 171539 1059
1296647837 906586 59.934526 10.829512 143859 1011
1296647838 907595 59.934428 10.829317 130346 1009
1296647839 908613 59.934332 10.829104 96691 1018
1296647840 909615 59.934228 10.828888 140230 1002
1296647841 910625 59.934121 10.828654 102082 1010
1296647842 911635 59.93402 10.828403 122918 1010
1296647843 912646 59.93392 10.828135 183483 1011
1296647844 913687 59.933815 10.827883 128509 1041
1296647845 914715 59.933715 10.827615 53352 1027
1296647846 915716 59.933623 10.827349 67924 1001
1296647847 916735 59.933533 10.827067 109049 1019
1296647848 917745 59.933442 10.826784 125553 1010
1296647849 918746 59.933364 10.826504 114381 1001
1296647850 919755 59.933293 10.826228 77976 1009
1296647851 921126 59.933219 10.825948 43802 1371
1296647852 922128 59.933156 10.825676 90679 1001
1296647853 923325 59.93309 10.825399 175411 1197
1296647854 924335 59.932986 10.824892 193021 1010
1296647855 925345 59.932929 10.824655 135397 1010
1296647856 926355 59.932929 10.824655 175431 1010
1296647857 927365 59.932834 10.824242 162108 1010
1296647858 928385 59.932786 10.824043 177825 1020
1296647859 929395 59.932786 10.824043 205602 1010
1296647861 930565 59.932718 10.823693 183715 1170
1296647862 931605 59.932681 10.823553 159664 1040
1296647863 932607 59.93265 10.823435 169807 1002
1296647864 933615 59.932632 10.823319 175510 1008
1296647865 934625 59.93261 10.823239 200734 1010
1296647866 935635 59.932596 10.823162 185700 1009
1296647867 936854 59.932593 10.823106 162955 1219
1296647868 937875 59.932582 10.823085 161053 1021
1296647869 938895 59.932584 10.823067 207796 1020
1296647870 939905 59.932584 10.823067 195049 1010
1296647871 940915 59.932584 10.823067 174517 1010
1296647872 942135 59.932584 10.823067 213713 1220
1296647873 943145 59.932585 10.82305 195545 1010
1296647874 944155 59.932585 10.82305 221155 1010
1296647875 945354 59.932585 10.82305 201395 1199
1296647876 946355 59.932597 10.823053 213449 1001
1296647877 947365 59.932597 10.823053 211724 1010
1296647878 948375 59.932597 10.823053 211823 1010
1296647879 949385 59.932597 10.823053 149498 1010
1296647880 950395 59.932597 10.823053 161200 1010
1296647882 951585 59.932597 10.823053 164492 1190
1296647883 952595 59.932599 10.823036 206515 1010
1296647884 953854 59.932599 10.823036 215075 1259
1296647885 954855 59.932599 10.823036 233714 1001
1296647886 956134 59.932606 10.823039 163280 1279
1296647887 957135 59.932599 10.823036 189452 1001
1296647888 958145 59.932591 10.822979 145701 1010
1296647889 959206 59.932591 10.822979 67751 1061
1296647890 960214 59.932566 10.822843 25992 1008
1296647892 962020 59.932546 10.822745 16384 1806
1296647893 963025 59.93252 10.822626 146189 1005
1296647894 964034 59.932491 10.82249 67032 1009
1296647895 965064 59.932455 10.822333 56319 1030
1296647896 966264 59.932379 10.821979 83802 1200
1296647897 967294 59.932335 10.821784 35568 1030
1296647898 968314 59.932335 10.821784 85524 1020
1296647899 969434 59.932238 10.82135 62685 1120
1296647900 970444 59.932181 10.821113 84941 1010
1296647901 971454 59.932181 10.821113 88540 1010
1296647902 972474 59.932066 10.820585 94602 1020
1296647903 973484 59.932 10.820308 113544 1010
1296647904 974494 59.932 10.820308 92869 1010
1296647905 975516 59.931875 10.819759 99814 1022
1296647907 976655 59.931801 10.81948 73335 1139
1296647908 977664 59.931723 10.8192 105336 1008
1296647909 978674 59.931643 10.818939 48778 1010
1296647910 979685 59.93155 10.818691 51984 1011
1296647911 980686 59.931449 10.81844 55615 1001
1296647912 981708 59.931346 10.818206 85636 1022
1296647913 982903 59.931235 10.817987 124187 1195
1296647914 983933 59.931109 10.817782 64296 1030
1296647915 984934 59.930983 10.817594 56088 1001
1296647916 985954 59.930852 10.817407 63677 1020
1296647917 986974 59.930725 10.817219 35568 1020
1296647918 988123 59.930593 10.817049 23256 1149
1296647919 989153 59.930461 10.816862 29723 1030
1296647920 990174 59.930211 10.81649 46512 1021
1296647921 991194 59.930082 10.816285 41076 1020
1296647922 992214 59.930082 10.816285 64296 1020
1296647923 993224 59.929857 10.81585 60455 1010
1296647924 994344 59.92975 10.815616 84886 1120
1296647925 995423 59.92975 10.815616 114066 1079
1296647926 996484 59.929569 10.815104 106704 1061
1296647927 997504 59.929482 10.814838 62928 1020
1296647928 998514 59.929482 10.814838 95701 1010
1296647930 999714 59.929346 10.814268 84556 1200
1296647931 1000884 59.929295 10.813999 46512 1170
1296647932 1002144 59.929249 10.81373 76627 1260
1296647933 1003206 59.929179 10.813254 23256 1062
1296647934 1004214 59.929179 10.813254 36936 1008
1296647935 1005353 59.929115 10.812799 36552 1139
1296647936 1006354 59.929084 10.812589 38304 1001
1296647937 1007374 59.929084 10.812589 47880 1020
1296647938 1008413 59.929028 10.81219 41399 1039
1296647939 1009453 59.928995 10.811997 30197 1040
1296647940 1010463 59.928995 10.811997 41040 1010
1296647941 1011474 59.928956 10.81164 58092 1011
1296647943 1012613 59.92893 10.811468 98639 1139
1296647944 1013904 59.928908 10.811297 90352 1291
1296647945 1014915 59.928889 10.811129 64296 1011
1296647946 1016003 59.928873 10.810978 94969 1088
1296647947 1017023 59.928854 10.81081 87928 1020
1296647948 1018033 59.928839 10.810659 78543 1010
1296647949 1019313 59.928829 10.81053 105444 1280
1296647950 1020314 59.928792 10.810246 53352 1001
1296647951 1021323 59.928768 10.810131 62928 1009
1296647952 1022353 59.928768 10.810131 58824 1030
1296647954 1023603 59.928742 10.809906 37378 1250
1296647955 1024624 59.928719 10.809791 60192 1021
1296647956 1025633 59.928715 10.809682 45703 1009
1296647957 1026754 59.9287 10.80957 57438 1121
1296647958 1027763 59.928689 10.809458 68400 1009
1296647959 1028773 59.928678 10.809346 47326 1010
1296647960 1029783 59.928667 10.809234 49364 1010
1296647961 1030793 59.928656 10.809122 63536 1010
1296647962 1031813 59.92864 10.80901 67967 1020
1296647963 1032843 59.928629 10.808898 66700 1030
1296647964 1033853 59.92862 10.808768 59101 1010
1296647965 1034863 59.928601 10.808653 66378 1010
1296647966 1035883 59.928592 10.808523 81146 1020
1296647967 1036903 59.928574 10.80839 83746 1020
1296647968 1037913 59.928565 10.80826 65136 1010
1296647969 1038934 59.928549 10.80811 79821 1021
1296647970 1039994 59.928521 10.8079227857143 77504 1060
1296647971 1041023 59.928493 10.8077355714286 34114 1029
1296647972 1042033 59.928465 10.8075483571429 52001 1010
1296647973 1043063 59.928437 10.8073611428571 58824 1030
1296647974 1044073 59.928409 10.8071739285714 36866 1010
1296647975 1045093 59.928381 10.8069867142857 46428 1020
1296647976 1046094 59.928353 10.8067995 71447 1001
1296647977 1047103 59.928325 10.8066122857143 71439 1009
1296647978 1048263 59.928297 10.8064250714286 64008 1160
1296647979 1049283 59.928269 10.8062378571429 75206 1020
1296647980 1050313 59.928241 10.8060506428571 54478 1030
1296647981 1051323 59.928213 10.8058634285714 52165 1010
1296647982 1052333 59.928185 10.8056762142857 62928 1010
1296647983 1053353 59.928157 10.805489 55612 1020
1296647984 1054433 59.928099 10.805107 66718 1080
1296647985 1055443 59.928099 10.805107 79344 1010
1296647986 1056513 59.9280145 10.8045965 54034 1070
1296647987 1057517 59.92793 10.804086 44691 1004
1296647988 1058523 59.92793 10.804086 71331 1006
1296647990 1059543 59.927899 10.803837 73021 1020
1296647991 1060564 59.927894 10.803799 79344 1021
1296647992 1061582 59.927894 10.803799 56088 1018
1296647993 1062613 59.927889 10.80376 40174 1031
1296647994 1063623 59.927894 10.80376 53252 1010
1296647995 1064733 59.927897 10.803778 72400 1110
1296647996 1065773 59.927903 10.803813 73183 1040
1296647997 1066962 59.927913 10.803834 94881 1189
1296647998 1067974 59.92792 10.803869 88506 1012
1296647999 1068982 59.927933 10.803907 85865 1008
1296648000 1069993 59.927935 10.803943 89615 1011
1296648001 1071003 59.92795 10.803964 63782 1010
1296648002 1072012 59.927952 10.803999 43626 1009
1296648003 1073043 59.927967 10.80402 42884 1031
1296648004 1074073 59.927968 10.804055 64296 1030
1296648005 1075083 59.927979 10.804076 58824 1010
1296648006 1076112 59.927982 10.804093 21897 1029
1296648007 1077163 59.927991 10.804132 28728 1051
1296648008 1078202 59.927997 10.804167 32832 1039
1296648009 1079232 59.927997 10.804167 43776 1030
1296648010 1080242 59.928013 10.804188 31890 1010
1296648011 1081262 59.928016 10.804205 43776 1020
1296648012 1082292 59.928016 10.804205 41040 1030
1296648013 1083493 59.928031 10.804226 27027 1201
1296648014 1084523 59.928031 10.804226 49248 1030
1296648016 1085702 59.928029 10.804205 36936 1179
1296648017 1086712 59.928037 10.80417 21888 1010
1296648018 1087732 59.928039 10.804097 18171 1020
1296648019 1088752 59.92803 10.80402 32832 1020
1296648020 1089762 59.928022 10.803925 38304 1010
1296648021 1090793 59.928006 10.803827 39089 1031
1296648022 1091892 59.928 10.803715 54254 1099
1296648023 1092902 59.927991 10.803582 82080 1010
1296648024 1093922 59.9279692 10.80344335 62581 1020
1296648025 1094932 59.9279474 10.8033047 72504 1010
1296648026 1095943 59.9279256 10.80316605 53125 1011
1296648027 1096962 59.9279038 10.8030274 47880 1018
1296648028 1097972 59.927882 10.80288875 43860 1010
1296648029 1098993 59.9278602 10.8027501 84816 1021
1296648030 1100012 59.9278384 10.80261145 33413 1019
1296648031 1101052 59.9278166 10.8024728 42408 1040
1296648032 1102082 59.9277948 10.80233415 31464 1029
1296648033 1103102 59.927773 10.8021955 33839 1020
1296648034 1104133 59.9277512 10.80205685 24624 1031
1296648035 1105162 59.9277294 10.8019182 31464 1029
1296648036 1106192 59.9277076 10.80177955 27360 1030
1296648037 1107203 59.9276858 10.8016409 21705 1010
1296648038 1108332 59.927664 10.80150225 2493 1129
1296648039 1109573 59.9276422 10.8013636 10944 1241
1296648041 1111192 59.9275986 10.8010863 1368 1619
1296648042 1112202 59.9275768 10.80094765 41040 1010
1296648043 1113212 59.927555 10.800809 28728 1010
1296648044 1114292 59.927403 10.800685 23226 1080
1296648045 1115312 59.927403 10.800685 9333 1020
1296648046 1116422 59.927137 10.800478 6840 1110
1296648047 1117489 59.927024 10.800354 20520 1067
1296648048 1118492 59.927024 10.800354 51984 1003
1296648050 1119742 59.926785 10.800118 67866 1250
1296648051 1120762 59.926671 10.800011 64296 1020
1296648052 1121772 59.926546 10.799883 50616 1010
1296648053 1122792 59.926434 10.799759 43888 1020
1296648054 1123832 59.926317 10.799648 24624 1040
1296648055 1124912 59.926204 10.799523 20520 1080
1296648056 1125952 59.926091 10.799399 34200 1040
1296648057 1127452 59.92598 10.799257 20520 1500
1296648058 1128462 59.925773 10.798993 36936 1010
1296648059 1129472 59.925675 10.798837 24136 1010
1296648060 1130502 59.925675 10.798837 45144 1030
1296648061 1131522 59.92551 10.798513 51984 1020
1296648063 1132782 59.925428 10.798325 57513 1260
1296648064 1133893 59.925367 10.798125 62928 1110
1296648065 1134912 59.925302 10.797923 100511 1019
1296648066 1135940 59.925245 10.797724 128592 1028
1296648067 1136941 59.92519 10.797507 89703 1001
1296648068 1137982 59.925134 10.797291 50350 1041
1296648069 1138992 59.925087 10.797077 42408 1009
1296648070 1140022 59.925031 10.796861 35568 1030
1296648071 1141211 59.924923 10.796445 37169 1189
1296648072 1142222 59.924923 10.796445 47880 1011
1296648073 1143522 59.924825 10.796015 47143 1300
1296648074 1144532 59.924772 10.795816 87552 1010
1296648076 1145612 59.924772 10.795816 79181 1080
1296648077 1146621 59.924683 10.795424 98496 1009
1296648078 1147632 59.924644 10.79525 84752 1011
1296648079 1148641 59.924609 10.795092 71136 1009
1296648080 1149652 59.924572 10.794953 50975 1010
1296648081 1150701 59.924543 10.794816 91656 1049
1296648082 1151702 59.92452 10.794701 79512 1001
1296648083 1152711 59.924499 10.794603 54606 1009
1296648084 1153712 59.924473 10.794523 99864 1001
1296648085 1154721 59.924459 10.794446 85282 1009
1296648086 1155722 59.924455 10.794407 94644 1001
1296648087 1156791 59.924444 10.794386 96959 1069
1296648088 1157792 59.924444 10.794386 116280 1001
1296648089 1158812 59.924444 10.794386 86794 1020
1296648090 1159822 59.924436 10.794383 91526 1010
1296648091 1160852 59.924436 10.794383 99592 1030
1296648092 1161861 59.924436 10.794383 47789 1009
1296648093 1163062 59.924436 10.794383 107147 1201
1296648094 1164232 59.924436 10.794383 135142 1170
1296648095 1165252 59.924436 10.794383 128736 1020
1296648096 1166261 59.924436 10.794383 147289 1009
1296648097 1167262 59.924436 10.794383 162167 1001
1296648098 1168271 59.924436 10.794383 165136 1009
1296648099 1169272 59.924436 10.794383 148121 1001
1296648100 1170282 59.924436 10.794383 161503 1010
1296648101 1171301 59.924435 10.794401 123913 1019
1296648102 1172322 59.924435 10.794401 45144 1021
1296648103 1173381 59.924435 10.794401 62928 1059
1296648104 1174402 59.924435 10.794401 49228 1021
1296648105 1175411 59.924435 10.794401 101232 1008
1296648106 1176412 59.924427 10.794397 81607 1001
1296648107 1177421 59.924429 10.79438 88298 1009
1296648109 1178572 59.924429 10.79438 112087 1151
1296648110 1179761 59.924418 10.79432 122679 1189
1296648111 1180861 59.924402 10.794261 119318 1100
1296648112 1182071 59.924394 10.794166 146300 1210
1296648113 1183161 59.92435 10.793932 146916 1090
1296648114 1184221 59.92435 10.793932 130411 1060
1296648115 1185231 59.924283 10.793618 131328 1010
1296648116 1186241 59.924253 10.793443 95535 1010
1296648117 1187261 59.924253 10.793443 90592 1020
1296648118 1188291 59.924172 10.793069 79344 1030
1296648119 1189672 NOFIX NOFIX 34392 1381
1296648120 1190761 NOFIX NOFIX 35568 1089
1296648121 1191801 NOFIX NOFIX 13680 1040
1296648122 1192861 NOFIX NOFIX 10944 1060
1296648123 1193961 NOFIX NOFIX 9576 1100
1296648125 1195901 NOFIX NOFIX 1368 1940
1296648127 1197911 NOFIX NOFIX 23256 2010
1296648158 1228618 NOFIX NOFIX 1368 30707
1296648159 1229877 NOFIX NOFIX 4104 1259
1296648162 1232998 NOFIX NOFIX 2166 3121
1296648163 1234298 NOFIX NOFIX 2736 1300
1296648167 1238609 NOFIX NOFIX 8208 4311
1296648168 1239735 NOFIX NOFIX 2736 1126
1296648170 1241397 NOFIX NOFIX 2736 1662
1296648171 1242556 NOFIX NOFIX 1368 1159
1296648172 1243659 NOFIX NOFIX 2736 1103
1296648174 1246097 NOFIX NOFIX 4104 2438
1296648175 1247559 NOFIX NOFIX 1368 1462
1296648184 1256922 NOFIX NOFIX 1368 9363
1296648185 1257942 NOFIX NOFIX 10944 1020
1296648186 1258983 NOFIX NOFIX 24624 1041
1296648187 1260023 NOFIX NOFIX 13680 1040
1296648188 1261024 NOFIX NOFIX 12312 1001
1296648189 1262104 NOFIX NOFIX 9576 1080
1296648190 1263185 NOFIX NOFIX 17784 1081
1296648191 1264240 NOFIX NOFIX 21888 1055
1296648192 1265242 NOFIX NOFIX 12312 1002
1296648194 1267143 NOFIX NOFIX 13043 1901
1296648195 1268200 NOFIX NOFIX 13680 1057
1296648196 1269281 NOFIX NOFIX 12312 1081
1296648197 1270299 NOFIX NOFIX 8208 1018
1296648198 1271343 NOFIX NOFIX 8208 1044
1296648199 1272502 NOFIX NOFIX 9576 1159
1296648200 1273541 NOFIX NOFIX 8208 1039
1296648201 1274608 NOFIX NOFIX 10944 1067
1296648202 1275623 NOFIX NOFIX 12312 1015
1296648203 1276721 NOFIX NOFIX 12312 1098
1296648204 1277741 NOFIX NOFIX 10944 1020
1296648205 1278803 NOFIX NOFIX 8208 1062
1296648206 1279840 NOFIX NOFIX 10582 1037
1296648207 1280883 NOFIX NOFIX 12312 1043
1296648208 1281963 NOFIX NOFIX 8208 1080
1296648209 1283124 NOFIX NOFIX 9576 1161
1296648210 1284221 NOFIX NOFIX 6840 1097
1296648211 1285341 NOFIX NOFIX 15048 1120
1296648212 1286523 NOFIX NOFIX 12312 1182
1296648213 1287543 NOFIX NOFIX 8208 1020
1296648214 1288582 NOFIX NOFIX 10944 1039
1296648215 1289661 NOFIX NOFIX 10944 1079
1296648216 1290802 NOFIX NOFIX 5301 1141
1296648217 1291822 NOFIX NOFIX 9576 1020
1296648218 1292943 NOFIX NOFIX 10944 1121
1296648219 1293963 NOFIX NOFIX 10944 1020
1296648220 1295043 NOFIX NOFIX 9576 1080
1296648221 1296123 NOFIX NOFIX 12312 1080
1296648222 1297162 NOFIX NOFIX 12312 1039
1296648223 1298202 NOFIX NOFIX 10944 1040
1296648227 1302313 NOFIX NOFIX 16384 4111
1296648228 1303323 NOFIX NOFIX 26019 1010
1296648229 1304381 NOFIX NOFIX 12312 1058
1296648230 1305382 NOFIX NOFIX 12312 1001
1296648231 1306703 NOFIX NOFIX 9576 1321
1296648232 1307782 NOFIX NOFIX 10944 1079
1296648233 1308983 NOFIX NOFIX 6840 1201
1296648234 1310202 NOFIX NOFIX 8208 1219
1296648235 1311401 NOFIX NOFIX 6840 1199
1296648236 1312505 NOFIX NOFIX 6840 1104
1296648237 1313621 NOFIX NOFIX 6840 1116
1296648238 1314862 NOFIX NOFIX 6840 1241
1296648242 1319003 NOFIX NOFIX 4104 4141
1296648243 1320245 NOFIX NOFIX 20520 1242
1296648246 1323580 NOFIX NOFIX 7648 3335
1296648247 1324899 NOFIX NOFIX 4104 1319
1296648248 1326261 NOFIX NOFIX 5472 1362
1296648249 1327562 NOFIX NOFIX 5472 1301
1296648250 1328680 NOFIX NOFIX 5472 1118
1296648251 1329801 NOFIX NOFIX 5472 1121
1296648252 1331081 NOFIX NOFIX 6840 1280
1296648253 1332261 NOFIX NOFIX 6840 1180
1296648254 1333540 NOFIX NOFIX 6840 1279
1296648255 1334601 NOFIX NOFIX 5472 1061
1296648256 1335981 NOFIX NOFIX 5472 1380
1296648257 1337103 NOFIX NOFIX 4104 1122
1296648258 1338141 NOFIX NOFIX 4104 1038
1296648259 1339180 NOFIX NOFIX 5472 1039
1296648260 1340301 NOFIX NOFIX 4104 1121
1296648275 1355282 NOFIX NOFIX 2736 14981
1296648280 1359905 NOFIX NOFIX 2736 4623
1296648282 1361443 NOFIX NOFIX 6840 1538
1296648283 1362623 NOFIX NOFIX 6840 1180
1296648284 1364002 NOFIX NOFIX 5472 1379
1296648285 1365460 NOFIX NOFIX 6840 1458
1296648286 1366623 NOFIX NOFIX 5472 1163
1296648288 1368385 NOFIX NOFIX 12312 1762
1296648290 1370584 NOFIX NOFIX 8687 2199
1296648291 1371641 NOFIX NOFIX 13680 1057
1296648292 1372782 NOFIX NOFIX 10944 1141
1296648293 1373825 NOFIX NOFIX 9576 1043
1296648294 1374880 NOFIX NOFIX 20520 1055
1296648295 1375882 NOFIX NOFIX 17784 1002
1296648296 1376921 NOFIX NOFIX 15048 1039
1296648297 1378180 NOFIX NOFIX 20520 1259
1296648298 1379181 NOFIX NOFIX 16958 1001
1296648299 1380340 NOFIX NOFIX 1125 1159
1296648300 1381383 NOFIX NOFIX 19152 1043
1296648301 1382421 NOFIX NOFIX 20520 1038
1296648302 1383423 NOFIX NOFIX 19152 1002
1296648303 1384443 NOFIX NOFIX 17784 1020
1296648304 1385464 NOFIX NOFIX 15048 1021
1296648305 1386562 NOFIX NOFIX 13680 1098
1296648306 1387684 NOFIX NOFIX 15048 1122
1296648309 1390203 NOFIX NOFIX 16099 2519
1296648310 1391343 NOFIX NOFIX 9576 1140
1296648311 1392381 NOFIX NOFIX 12312 1038
1296648312 1393423 NOFIX NOFIX 15048 1042
1296648313 1394644 NOFIX NOFIX 23256 1221
1296648314 1395864 NOFIX NOFIX 21888 1220
1296648315 1396923 NOFIX NOFIX 23256 1059
1296648316 1398005 NOFIX NOFIX 17784 1082
1296648317 1399043 NOFIX NOFIX 20520 1038
1296648318 1400045 NOFIX NOFIX 8046 1002
1296648319 1401176 NOFIX NOFIX 15048 1131
1296648320 1402184 NOFIX NOFIX 19152 1008
1296648321 1403262 NOFIX NOFIX 24624 1078
1296648322 1404324 NOFIX NOFIX 16416 1062
1296648323 1405344 NOFIX NOFIX 17784 1020
1296648324 1406404 NOFIX NOFIX 23256 1060
1296648325 1407423 NOFIX NOFIX 20520 1019
1296648326 1408443 NOFIX NOFIX 8100 1020
1296648327 1409509 NOFIX NOFIX 20520 1066
1296648328 1410562 NOFIX NOFIX 20520 1053
1296648329 1411600 NOFIX NOFIX 20520 1038
1296648330 1412680 NOFIX NOFIX 19152 1079
1296648331 1413762 NOFIX NOFIX 13680 1082
1296648332 1414805 NOFIX NOFIX 15048 1043
1296648333 1415843 NOFIX NOFIX 19152 1038
1296648334 1416881 NOFIX NOFIX 19152 1038
1296648335 1418043 NOFIX NOFIX 20520 1045
1296648337 1419701 NOFIX NOFIX 18305 1658
1296648338 1420781 NOFIX NOFIX 15048 1080
1296648339 1421824 NOFIX NOFIX 13680 1043
1296648340 1422862 NOFIX NOFIX 13680 1038
1296648341 1423883 NOFIX NOFIX 15048 1021
1296648342 1424903 NOFIX NOFIX 19152 1020
1296648343 1425904 NOFIX NOFIX 19152 1001
1296648344 1426984 NOFIX NOFIX 16416 1080
1296648345 1428184 NOFIX NOFIX 12127 1200
1296648346 1429265 NOFIX NOFIX 21888 1081
1296648347 1430345 NOFIX NOFIX 20520 1080
1296648348 1431365 NOFIX NOFIX 15048 1020
1296648349 1432465 NOFIX NOFIX 17784 1100
1296648350 1433482 NOFIX NOFIX 16416 1017
1296648351 1434546 NOFIX NOFIX 17784 1064
1296648352 1435763 NOFIX NOFIX 14439 1217
1296648353 1436764 NOFIX NOFIX 19152 1001
1296648354 1437806 NOFIX NOFIX 16416 1042
1296648355 1438807 NOFIX NOFIX 16416 1001
1296648356 1439824 NOFIX NOFIX 17784 1017
1296648357 1440880 NOFIX NOFIX 21888 1056
1296648358 1442002 NOFIX NOFIX 17784 1122
1296648359 1443424 NOFIX NOFIX 20174 1422
1296648360 1444463 NOFIX NOFIX 16416 1039
1296648361 1445483 NOFIX NOFIX 20520 1020
1296648362 1446503 NOFIX NOFIX 13680 1020
1296648363 1447583 NOFIX NOFIX 16416 1080
1296648364 1448741 NOFIX NOFIX 21888 1158
1296648365 1449846 NOFIX NOFIX 20520 1105
1296648366 1451123 NOFIX NOFIX 19335 1277
1296648367 1452142 NOFIX NOFIX 15048 1019
1296648368 1453205 NOFIX NOFIX 21888 1063
1296648369 1454262 NOFIX NOFIX 20520 1057
1296648370 1455485 NOFIX NOFIX 16416 1223
1296648371 1456742 NOFIX NOFIX 25992 1257
1296648372 1457781 NOFIX NOFIX 23256 1039
1296648373 1459023 NOFIX NOFIX 9630 1242
1296648374 1460042 NOFIX NOFIX 25992 1019
1296648375 1461062 NOFIX NOFIX 19152 1020
1296648376 1462101 NOFIX NOFIX 19152 1039
1296648377 1463102 NOFIX NOFIX 19152 1001
1296648378 1464201 NOFIX NOFIX 12786 1099
1296648379 1465360 NOFIX NOFIX 9576 1159
1296648380 1466522 NOFIX NOFIX 13680 1162
1296648381 1467543 NOFIX NOFIX 9576 1021
1296648382 1468582 NOFIX NOFIX 9576 1039
1296648383 1469662 NOFIX NOFIX 12312 1080
1296648384 1470742 NOFIX NOFIX 12312 1080
1296648385 1471803 NOFIX NOFIX 13680 1061
1296648386 1472841 NOFIX NOFIX 4851 1038
1296648387 1474120 NOFIX NOFIX 12312 1279
1296648388 1475260 NOFIX NOFIX 10944 1140
1296648389 1476442 NOFIX NOFIX 12312 1182
1296648390 1477541 NOFIX NOFIX 15048 1099
1296648391 1478560 NOFIX NOFIX 10944 1019
1296648392 1479761 NOFIX NOFIX 6840 1201
1296648394 1481380 NOFIX NOFIX 13526 1619
1296648395 1482640 NOFIX NOFIX 9576 1260
1296648396 1483900 NOFIX NOFIX 9576 1260
1296648397 1484943 NOFIX NOFIX 10944 1043
1296648398 1486083 NOFIX NOFIX 13680 1140
1296648399 1487380 NOFIX NOFIX 9576 1297
1296648400 1488604 NOFIX NOFIX 5472 1224
1296648401 1489839 NOFIX NOFIX 15048 1235
1296648402 1491003 NOFIX NOFIX 8072 1164
1296648403 1492058 NOFIX NOFIX 10944 1055
1296648404 1493102 NOFIX NOFIX 10944 1044
1296648405 1494201 NOFIX NOFIX 12312 1099
1296648406 1495383 NOFIX NOFIX 10944 1182
1296648407 1496739 NOFIX NOFIX 13680 1356
1296648408 1497922 NOFIX NOFIX 9576 1183
1296648409 1499380 NOFIX NOFIX 6493 1458
1296648410 1500461 NOFIX NOFIX 15048 1081
1296648411 1501508 NOFIX NOFIX 10944 1047
1296648412 1502662 NOFIX NOFIX 13680 1154
1296648413 1503663 NOFIX NOFIX 6840 1001
1296648414 1504983 NOFIX NOFIX 6840 1320
1296648415 1506159 NOFIX NOFIX 9576 1176
1296648416 1507262 NOFIX NOFIX 9576 1103
1296648417 1508559 NOFIX NOFIX 6840 1297
1296648418 1509740 NOFIX NOFIX 5472 1181
1296648421 1512259 NOFIX NOFIX 5028 2519
1296648422 1513300 NOFIX NOFIX 2736 1040
1296648423 1514461 NOFIX NOFIX 5472 1161
1296648424 1515579 NOFIX NOFIX 5472 1118
1296648425 1516644 NOFIX NOFIX 9576 1065
1296648428 1520004 NOFIX NOFIX 4104 3360
1296648429 1521245 NOFIX NOFIX 5472 1241
1296648430 1522625 NOFIX NOFIX 9576 1380
1296648431 1523687 NOFIX NOFIX 6840 1062
1296648432 1524864 NOFIX NOFIX 6840 1177
1296648433 1525967 NOFIX NOFIX 8208 1103
1296648435 1527744 NOFIX NOFIX 5472 1777
1296648436 1528907 NOFIX NOFIX 12312 1163
1296648437 1530084 NOFIX NOFIX 6840 1177
1296648438 1531245 NOFIX NOFIX 10944 1161
1296648440 1533306 NOFIX NOFIX 3188 2061
1296648441 1534625 NOFIX NOFIX 9576 1319
1296648442 1535843 NOFIX NOFIX 9576 1218
1296648443 1537024 NOFIX NOFIX 6840 1181
1296648445 1538645 NOFIX NOFIX 8208 1621
1296648446 1539724 NOFIX NOFIX 6840 1079
1296648447 1540744 NOFIX NOFIX 4104 1020
1296648448 1541844 NOFIX NOFIX 4104 1100
1296648449 1542886 NOFIX NOFIX 6840 1042
1296648450 1543906 NOFIX NOFIX 6840 1020
1296648451 1545166 NOFIX NOFIX 8208 1260
1296648452 1546342 NOFIX NOFIX 9576 1176
1296648453 1547447 NOFIX NOFIX 8208 1105
1296648454 1548526 NOFIX NOFIX 6840 1079
1296648455 1549546 NOFIX NOFIX 8208 1020
1296648456 1550625 NOFIX NOFIX 6840 1079
1296648457 1551904 NOFIX NOFIX 4013 1279
1296648458 1553003 NOFIX NOFIX 9576 1099
1296648459 1554105 NOFIX NOFIX 8208 1102
1296648460 1555204 NOFIX NOFIX 8208 1099
1296648461 1556265 NOFIX NOFIX 8208 1061
1296648462 1557345 NOFIX NOFIX 8208 1080
1296648463 1558462 NOFIX NOFIX 8208 1117
1296648464 1559505 NOFIX NOFIX 6840 1043
1296648471 1566619 NOFIX NOFIX 16384 7114
1296648472 1567823 NOFIX NOFIX 31561 1204
1296648473 1568844 NOFIX NOFIX 5472 1021
1296648474 1570006 NOFIX NOFIX 6840 1162
1296648475 1571025 NOFIX NOFIX 6840 1019
1296648476 1572185 NOFIX NOFIX 8208 1160
1296648477 1573245 NOFIX NOFIX 6840 1060
1296648478 1574504 NOFIX NOFIX 6840 1259
1296648479 1575547 NOFIX NOFIX 5472 1043
1296648480 1576845 NOFIX NOFIX 6840 1298
1296648481 1577883 NOFIX NOFIX 5472 1038
1296648483 1579709 NOFIX NOFIX 4104 1826
1296648484 1580763 NOFIX NOFIX 10944 1054
1296648485 1581945 NOFIX NOFIX 6840 1182
1296648486 1583025 NOFIX NOFIX 5472 1080
1296648487 1584105 NOFIX NOFIX 5472 1080
1296648488 1585143 NOFIX NOFIX 6840 1038
1296648489 1586602 NOFIX NOFIX 3400 1459
1296648490 1587664 NOFIX NOFIX 8208 1062
1296648491 1588925 NOFIX NOFIX 6840 1261
1296648492 1589984 NOFIX NOFIX 8208 1059
1296648493 1591282 NOFIX NOFIX 5472 1298
1296648494 1592386 NOFIX NOFIX 5472 1104
1296648496 1594564 NOFIX NOFIX 9576 2178
1296648497 1595662 NOFIX NOFIX 8208 1098
1296648498 1596664 NOFIX NOFIX 5472 1002
1296648499 1597845 NOFIX NOFIX 6493 1181
1296648500 1598884 NOFIX NOFIX 1125 1039
1296648501 1599885 NOFIX NOFIX 5472 1001
1296648502 1601301 NOFIX NOFIX 6840 1416
1296648503 1602303 NOFIX NOFIX 5472 1002
1296648504 1603623 NOFIX NOFIX 6840 1320
1296648505 1604628 NOFIX NOFIX 5472 1005
1296648507 1606145 NOFIX NOFIX 8208 1516
1296648508 1607182 NOFIX NOFIX 6840 1037
1296648509 1608243 NOFIX NOFIX 8208 1061
1296648510 1609304 NOFIX NOFIX 6840 1061
1296648512 1610903 NOFIX NOFIX 13680 1599
1296648514 1612485 NOFIX NOFIX 8208 1582
1296648515 1613523 NOFIX NOFIX 6840 1038
1296648516 1614862 NOFIX NOFIX 9576 1339
1296648518 1617201 NOFIX NOFIX 3725 2339
1296648519 1618485 NOFIX NOFIX 5472 1284
1296648520 1619625 NOFIX NOFIX 4104 1140
1296648521 1620682 NOFIX NOFIX 5472 1057
1296648522 1621724 NOFIX NOFIX 2736 1042
1296648523 1622902 NOFIX NOFIX 5472 1178
1296648524 1623983 NOFIX NOFIX 6840 1081
1296648525 1625001 NOFIX NOFIX 6840 1018
1296648526 1626263 NOFIX NOFIX 5472 1262
1296648527 1627325 NOFIX NOFIX 6840 1062
1296648528 1628466 NOFIX NOFIX 8208 1141
1296648529 1629484 NOFIX NOFIX 5472 1018
1296648530 1630641 NOFIX NOFIX 6840 1157
1296648531 1631703 NOFIX NOFIX 6840 1062
1296648532 1633161 NOFIX NOFIX 4104 1458
1296648533 1634343 NOFIX NOFIX 8208 1182
1296648534 1635362 NOFIX NOFIX 1368 1019
