1285047769 672552 59.953583 10.866014 179208 1004
1285047770 673561 59.953583 10.866014 123664 1009
1285047771 674568 59.953449 10.865914 162816 1007
1285047772 675581 59.953303 10.865811 264024 1013
1285047773 676588 59.953303 10.865811 216712 1007
1285047774 677589 59.953157 10.865708 282376 1001
1285047775 678600 59.953006 10.865566 299592 1011
1285047776 679601 59.952856 10.865424 235864 1001
1285047777 680609 59.952856 10.865424 229824 1008
1285047778 681628 59.952712 10.865286 209872 1019
1285047779 682761 59.952583 10.865133 255016 1133
1285047780 683768 59.952449 10.864942 259920 1007
1285047781 684773 59.952449 10.864942 223552 1005
1285047782 685780 59.952316 10.864733 243504 1007
1285047783 686781 59.952183 10.864486 186616 1001
1285047784 687861 59.952047 10.864221 136800 1080
1285047785 689028 59.952047 10.864221 47880 1167
1285047786 690037 59.951905 10.863935 201664 1009
1285047787 691041 59.951772 10.863635 183312 1004
1285047788 692068 59.951639 10.863335 153784 1027
1285047789 693080 59.951639 10.863335 201096 1012
1285047790 694188 59.951526 10.863042 208504 1108
1285047791 695193 59.951446 10.862741 231192 1005
1285047792 696201 59.951379 10.862426 200296 1008
1285047793 697208 59.951379 10.862426 261288 1007
1285047794 698221 59.95133 10.862101 229024 1013
1285047796 699360 59.951292 10.861778 82080 1139
1285047797 700368 59.951273 10.86148 124488 1008
1285047798 701369 59.951273 10.86148 134632 1001
1285047799 702388 59.951266 10.861186 151848 1019
1285047800 703401 59.951256 10.860873 158688 1013
1285047801 704408 59.951256 10.860582 146944 1007
1285047802 705420 59.951256 10.860582 180576 1012
1285047803 706428 59.951251 10.860308 168832 1008
1285047804 707441 59.951258 10.860038 231192 1013
1285047805 708448 59.951269 10.859806 172936 1007
1285047806 709461 59.951269 10.859806 224352 1013
1285047807 710468 59.951273 10.859571 219448 1007
1285047808 711481 59.951283 10.859357 277704 1013
1285047809 712500 59.95129 10.859178 175672 1019
1285047810 713508 59.95129 10.859178 217512 1008
1285047811 714529 59.951303 10.859019 159256 1021
1285047812 715540 59.951322 10.858935 207936 1011
1285047813 716548 59.951337 10.858903 179776 1008
1285047814 717560 59.951337 10.858903 191520 1012
1285047815 718568 59.951353 10.85891 161424 1008
1285047816 719580 59.951359 10.858931 135997 1012
1285047817 720588 59.951363 10.858969 136800 1008
1285047818 721601 59.951363 10.858969 147744 1013
1285047819 722609 59.951368 10.859008 130531 1008
1285047820 723620 59.951373 10.859046 153216 1011
1285047821 724640 59.951373 10.859085 131896 1020
1285047822 725641 59.951373 10.859085 176472 1001
1285047823 726660 59.951379 10.859106 128592 1019
1285047824 727668 59.951387 10.859148 97128 1008
1285047825 728681 59.951393 10.859169 71704 1013
1285047826 729688 59.951393 10.859169 129960 1007
1285047827 730693 59.951395 10.85919 192888 1005
1285047828 731828 59.951397 10.859211 27928 1135
1285047829 732928 59.951398 10.859231 60192 1098
1285047830 733933 59.951398 10.859231 87552 1005
1285047831 734948 59.951404 10.859252 176472 1015
1285047832 736068 59.951406 10.859273 79912 1120
1285047833 737088 59.951409 10.859277 15048 1020
1285047834 738108 59.951409 10.859277 47880 1020
1285047835 739121 59.951419 10.859301 120384 1013
1285047836 740128 59.951422 10.859304 207936 1007
1285047837 741140 59.951423 10.859325 134632 1012
1285047838 742152 59.951423 10.859325 151848 1012
1285047839 743168 59.951431 10.859329 79344 1016
1285047840 744204 59.951434 10.859332 36936 1036
1285047841 745208 59.951437 10.859335 92224 1004
1285047842 746220 59.951437 10.859335 125856 1012
1285047843 747229 59.95144 10.859339 124488 1009
1285047844 748240 59.951445 10.859325 99064 1011
1285047845 749248 59.951445 10.859272 112176 1008
1285047846 750260 59.951445 10.859272 93024 1012
1285047847 751276 59.951445 10.859219 101232 1016
1285047848 752288 59.951439 10.859146 65664 1012
1285047849 753320 59.951434 10.859054 53920 1032
1285047850 754328 59.951434 10.859054 19152 1008
1285047852 755393 59.951432 10.858928 16416 1065
1285047853 756408 59.951418 10.858798 99864 1015
1285047854 757421 59.95141 10.858651 112176 1012
1285047855 758748 59.95141 10.858651 138736 1327
1285047856 759761 59.951397 10.858465 162792 1013
1285047857 760768 59.951378 10.858258 125856 1007
1285047858 761840 59.951359 10.858051 120952 1072
1285047859 762853 59.951359 10.858051 136800 1013
1285047860 763868 59.95133 10.857824 171000 1015
1285047861 764881 59.951292 10.857592 148312 1013
1285047862 765888 59.951242 10.857376 172368 1007
1285047863 766900 59.951242 10.857376 184680 1012
1285047864 767908 59.951185 10.857138 138736 1008
1285047865 768920 59.951122 10.856917 175104 1012
1285047866 769921 59.951044 10.85669 99864 1001
1285047867 770928 59.951044 10.85669 75808 1007
1285047868 771948 59.950959 10.856481 119016 1020
1285047869 772961 59.950874 10.856289 127224 1013
1285047870 773968 59.950787 10.856115 80712 1007
1285047871 774980 59.950787 10.856115 49816 1012
1285047872 776001 59.950698 10.855958 79344 1021
1285047873 777021 59.95061 10.855801 82080 1020
1285047874 778028 59.950508 10.855659 86184 1007
1285047875 779040 59.950508 10.855659 88920 1008
1285047876 780160 59.9504 10.855534 32032 1120
1285047877 781168 59.950293 10.855444 105336 1008
1285047878 782180 59.950182 10.855354 135432 1012
1285047879 783300 59.950182 10.855354 51984 1120
1285047880 784301 59.95007 10.855282 94392 1001
1285047881 785308 59.949954 10.855245 77176 1007
1285047882 786320 59.949831 10.855205 86184 1012
1285047883 787329 59.949831 10.855205 91656 1009
1285047885 788340 59.949831 10.855205 106704 1011
1285047886 789348 59.949831 10.855205 94960 1008
1285047887 790360 59.949831 10.855205 101232 1012
1285047888 791381 59.949831 10.855205 87552 1021
1285047889 792388 59.949831 10.855205 116280 1007
1285047890 793400 59.949831 10.855205 105904 1012
1285047891 794401 59.949831 10.855205 134064 1001
1285047892 795420 59.949831 10.855205 150480 1019
1285047893 796421 59.949831 10.855205 144208 1001
1285047894 797428 59.949831 10.855205 198360 1007
1285047895 798441 59.949831 10.855205 186616 1013
1285047896 799460 59.949831 10.855205 239400 1019
1285047897 800469 59.948615 10.854902 223552 1009
1285047898 801473 59.948495 10.854865 232560 1004
1285047899 802481 59.948381 10.85481 177040 1008
1285047900 803488 59.948381 10.85481 212040 1007
1285047901 804492 59.948278 10.854685 174304 1004
1285047902 805501 59.948183 10.854546 201096 1009
1285047903 806508 59.948104 10.854375 159256 1007
1285047904 807528 59.948104 10.854375 202464 1020
1285047905 808540 59.948021 10.854201 192888 1012
1285047906 809541 59.947949 10.853995 153784 1001
1285047907 810548 59.947882 10.853789 236664 1007
1285047908 811552 59.947882 10.853789 215344 1004
1285047909 812560 59.947817 10.853586 249544 1008
1285047910 813568 59.947757 10.853383 243504 1008
1285047911 814580 59.947697 10.853181 224920 1012
1285047912 815581 59.947697 10.853181 229824 1001
1285047913 816588 59.947638 10.852978 194824 1007
1285047914 817600 59.947573 10.852775 191520 1012
1285047915 818608 59.947521 10.852576 161992 1008
1285047916 819613 59.947521 10.852576 216144 1005
1285047917 820621 59.94747 10.852359 182512 1008
1285047918 821628 59.947413 10.85216 210672 1007
1285047919 822632 59.947348 10.851975 220816 1004
1285047920 823633 59.947348 10.851975 276336 1001
1285047921 824640 59.947283 10.851772 216712 1007
1285047922 825641 59.947219 10.851569 250344 1001
1285047923 826648 59.947162 10.85137 220816 1007
1285047924 827653 59.947162 10.85137 257752 1005
1285047925 828688 59.947093 10.851182 254448 1035
1285047926 829692 59.947029 10.850979 189352 1004
1285047927 830693 59.946964 10.850776 306432 1001
1285047928 831700 59.946964 10.850776 246809 1007
1285047929 832708 59.946907 10.850577 257752 1008
1285047930 833713 59.946851 10.850378 311904 1005
1285047931 834721 59.946788 10.850196 286480 1008
1285047932 835728 59.946788 10.850196 260488 1007
1285047933 836788 59.94673 10.850014 298792 1060
1285047934 837801 59.946662 10.849847 294120 1013
1285047935 838808 59.9466 10.849665 233128 1007
1285047936 839821 59.9466 10.849665 235296 1013
1285047937 840828 59.94652 10.849494 203032 1007
1285047938 841840 59.94645 10.849309 221616 1011
1285047939 842841 59.946364 10.849156 168832 1001
1285047940 843848 59.946364 10.849156 242136 1007
1285047941 844861 59.946291 10.849006 222184 1013
1285047942 845868 59.946204 10.84887 201096 1007
1285047943 846880 59.946122 10.848734 136000 1012
1285047944 847881 59.946122 10.848734 198360 1001
1285047945 848888 59.946024 10.848592 141472 1007
1285047946 849901 59.945921 10.848467 162792 1013
1285047947 850908 59.945817 10.848342 158688 1007
1285047948 851920 59.945817 10.848342 138736 1012
1285047949 852928 59.94571 10.848214 119016 1008
1285047950 853933 59.945602 10.848103 139536 1005
1285047951 854940 59.945486 10.847989 90856 1007
1285047952 855941 59.945486 10.847989 49248 1001
1285047953 856948 59.945374 10.847878 43776 1007
1285047954 857961 59.945271 10.84775 116280 1013
1285047955 859060 59.945163 10.847639 170200 1099
1285047956 860080 59.945163 10.847639 217512 1020
1285047957 861088 59.945069 10.847514 200296 1008
1285047958 862093 59.944982 10.847393 202464 1005
1285047959 863133 59.944895 10.847271 198928 1040
1285047960 864140 59.944895 10.847271 233928 1007
1285047961 865160 59.944818 10.847171 175672 1020
1285047962 866161 59.944754 10.847073 250344 1001
1285047963 867173 59.944704 10.847001 260488 1012
1285047964 868188 59.944704 10.847001 279072 1015
1285047965 869201 59.944657 10.846945 246808 1013
1285047966 870228 59.944617 10.846893 192088 1027
1285047967 871241 59.944589 10.846845 283176 1013
1285047968 872249 59.944589 10.846845 224920 1008
1285047969 873253 59.944566 10.846835 220248 1004
1285047970 874261 59.944563 10.846831 226287 1008
1285047971 875268 59.944554 10.846845 262656 1007
1285047972 876273 59.944554 10.846845 209872 1005
1285047974 877480 59.944557 10.846863 211240 1207
1285047975 878488 59.944551 10.846895 125856 1006
1285047976 879501 59.944541 10.846927 116280 1013
1285047977 880632 59.944541 10.846927 167464 1131
1285047978 881641 59.944544 10.846944 173736 1009
1285047979 882648 59.944548 10.846944 153216 1007
1285047980 883660 59.944545 10.846941 134632 1012
1285047981 884668 59.944545 10.846941 195624 1008
1285047982 885680 59.944548 10.846958 163360 1012
1285047983 886681 59.94454 10.846955 181944 1001
1285047984 887688 59.944543 10.846972 183312 1007
1285047985 888693 59.944543 10.846972 156520 1005
1285047986 889701 59.944548 10.846972 179208 1008
1285047987 890720 59.944551 10.84699 187984 1019
1285047988 891729 59.944551 10.84699 145008 1009
1285047989 892741 59.944551 10.84699 179208 1012
1285047990 893749 59.944557 10.847011 105904 1008
1285047991 894761 59.944557 10.847011 150480 1012
1285047992 895768 59.94456 10.847014 157320 1007
1285047993 896780 59.94456 10.847014 138736 1012
1285047994 897800 59.944568 10.847018 138168 1020
1285047995 898940 59.944563 10.847018 142840 1140
1285047996 899941 59.944563 10.847018 138168 1001
1285047997 900949 59.944563 10.847018 128592 1008
1285047998 901961 59.944565 10.847 136800 1012
1285047999 902969 59.944562 10.846983 136000 1008
1285048000 903973 59.944562 10.846983 210672 1004
1285048001 904981 59.944562 10.846983 155152 1008
1285048002 905989 59.944569 10.846986 202464 1008
1285048003 907001 59.944569 10.846986 161992 1012
1285048004 908008 59.9446 10.847014 158688 1007
1285048005 909009 59.9446 10.847014 157320 1001
1285048006 910013 59.944627 10.847076 163360 1004
1285048007 911020 59.944664 10.847125 176472 1007
1285048008 912028 59.944673 10.847164 164728 1008
1285048009 913041 59.944673 10.847164 188784 1013
1285048010 914048 59.944673 10.847164 160056 1007
1285048012 915796 59.944673 10.847164 45712 1748
1285048013 916801 59.944652 10.847083 181944 1005
1285048014 917852 59.944652 10.847083 200296 1051
1285048015 918860 59.944592 10.846972 151848 1008
1285048016 919861 59.944523 10.846822 139536 1001
1285048017 920881 59.944433 10.846644 86184 1020
1285048018 921900 59.944433 10.846644 49816 1019
1285048019 922908 59.944328 10.846446 51984 1008
1285048020 923920 59.944219 10.846244 58824 1012
1285048021 924921 59.944114 10.846045 39672 1001
1285048022 925925 59.944114 10.846045 162792 1004
1285048023 926928 59.943995 10.845822 140104 1003
1285048026 929369 59.943883 10.845603 83448 2441
1285048027 930640 59.943765 10.845363 264592 1271
1285048028 931889 59.943765 10.845363 160056 1249
1285048029 932920 59.943649 10.845105 249545 1031
1285048030 933921 59.94353 10.844829 322848 1001
1285048031 934928 59.943406 10.844553 264592 1007
1285048032 935929 59.943406 10.844553 283744 1001
1285048033 936941 59.94329 10.844281 283176 1012
1285048034 937948 59.943163 10.843988 183880 1007
1285048035 938961 59.943042 10.843716 196992 1013
1285048036 939980 59.943042 10.843716 73872 1019
1285048037 941020 59.942917 10.843444 45712 1040
1285048038 942028 59.942792 10.843172 27360 1008
1285048040 943448 59.942671 10.8429 13680 1420
1285048045 948588 59.942671 10.8429 75240 5140
1285048055 959016 59.942551 10.842627 276904 10428
1285048056 960017 59.942438 10.842359 201712 1001
1285048057 961044 59.942323 10.842069 199112 1027
1285048058 962049 59.942323 10.842069 103168 1005
1285048059 963064 59.942195 10.841793 139536 1015
1285048060 964065 59.94206 10.841497 187984 1001
1285048061 965069 59.941937 10.841221 254448 1004
1285048062 966084 59.941937 10.841221 220816 1015
1285048063 967096 59.941804 10.84096 266760 1012
1285048064 968097 59.941675 10.840699 234496 1001
1285048065 969105 59.941555 10.840441 257752 1008
1285048066 970109 59.941555 10.840441 313272 1004
1285048067 971116 59.941449 10.840204 285112 1007
1285048068 972117 59.941339 10.839967 272800 1001
1285048069 973124 59.941232 10.839747 277704 1007
1285048070 974196 59.941232 10.839747 230392 1072
1285048071 975205 59.941232 10.839747 259120 1009
1285048072 976217 59.941012 10.839326 280440 1012
1285048073 977224 59.941012 10.839326 257752 1007
1285048074 978237 59.941012 10.839326 272800 1013
1285048075 979244 59.941012 10.839326 284544 1007
1285048076 980257 59.941012 10.839326 231760 1013
1285048078 981376 59.941012 10.839326 293320 1119
1285048079 982377 59.941012 10.839326 313272 1001
1285048080 983396 59.941012 10.839326 257752 1019
1285048081 984404 59.941012 10.839326 274168 1008
1285048082 985416 59.941012 10.839326 270864 1012
1285048083 986417 59.941012 10.839326 235863 1001
1285048084 987424 59.941012 10.839326 285452 1007
1285048085 988428 59.941012 10.839326 265052 1004
1285048086 989429 59.941012 10.839326 256384 1001
1285048087 990596 59.941012 10.839326 298792 1167
1285048088 991597 59.941012 10.839326 328320 1001
1285048089 992629 59.939714 10.837047 282376 1032
1285048090 993636 59.93964 10.83695 264592 1007
1285048091 994645 59.93964 10.83695 299592 1009
1285048092 995648 59.939611 10.836905 263224 1003
1285048093 996649 59.939598 10.836919 265960 1001
1285048094 997656 59.939622 10.836964 291384 1007
1285048095 998664 59.939622 10.836964 239968 1008
1285048096 999677 59.939685 10.83704 294688 1013
1285048097 1000684 59.939685 10.83704 320112 1007
1285048098 1001689 59.93984 10.83722 257752 1005
1285048099 1002697 59.93984 10.83722 264592 1008
1285048100 1003704 59.939935 10.837307 303696 1007
1285048101 1004717 59.940015 10.837407 233128 1013
1285048102 1005725 59.940098 10.83749 230392 1008
1285048103 1006729 59.940098 10.83749 298224 1004
1285048104 1007736 59.940174 10.837552 291952 1007
1285048105 1008737 59.940248 10.837632 239965 1001
1285048106 1009744 59.94032 10.837708 269496 1007
1285048107 1010745 59.94032 10.837708 239971 1001
1285048108 1011864 59.94038 10.83782 255016 1119
1285048109 1012884 59.940434 10.837892 233928 1020
1285048110 1013885 59.940483 10.837944 200296 1001
1285048111 1014896 59.940483 10.837944 246240 1011
1285048112 1015904 59.940515 10.837955 204400 1008
1285048113 1016924 59.940545 10.837982 206568 1020
1285048114 1017936 59.940565 10.837989 138736 1012
1285048115 1018956 59.940565 10.837989 173736 1020
1285048116 1019957 59.940577 10.837992 186048 1001
1285048117 1020976 59.940597 10.837999 115481 1019
1285048118 1021984 59.940617 10.838006 68400 1008
1285048119 1022996 59.940617 10.838006 60192 1012
1285048120 1024016 59.940637 10.838012 114912 1020
1285048121 1025036 59.940637 10.838012 167464 1019
1285048122 1026037 59.940637 10.838012 184680 1001
1285048123 1027057 59.940637 10.838012 79344 1020
1285048124 1028136 59.940637 10.838012 77176 1079
1285048125 1029137 59.940637 10.838012 216144 1001
1285048126 1030144 59.940637 10.838012 200296 1007
1285048127 1031157 59.940637 10.838012 264024 1013
1285048128 1032176 59.940637 10.838012 211240 1019
1285048129 1033184 59.940637 10.838012 244872 1008
1285048130 1034188 59.940637 10.838012 197560 1004
1285048131 1035196 59.940637 10.838012 261288 1008
1285048132 1036205 59.940637 10.838012 182512 1009
1285048133 1037216 59.940637 10.838012 209304 1011
1285048134 1038217 59.940637 10.838012 161992 1001
1285048135 1039224 59.940637 10.838012 201096 1007
1285048136 1040237 59.940637 10.838012 192088 1013
1285048137 1041244 59.940637 10.838012 273600 1007
1285048138 1042256 59.940637 10.838012 242704 1012
1285048139 1043257 59.940637 10.838012 249544 1001
1285048140 1044280 59.940733 10.837934 150480 1023
1285048142 1045476 59.940707 10.837762 227656 1196
1285048143 1046477 59.940656 10.837546 205200 1001
1285048144 1047616 59.940656 10.837546 204400 1139
1285048145 1048624 59.940609 10.837332 210672 1008
1285048146 1049656 59.940565 10.837119 198928 1032
1285048147 1050664 59.940501 10.836916 209304 1008
1285048148 1051744 59.940501 10.836916 200296 1079
1285048149 1052745 59.940424 10.83671 224352 1001
1285048150 1053756 59.940345 10.836487 205768 1011
1285048151 1054856 59.940345 10.836487 84816 1100
1285048152 1055857 59.940345 10.836487 202464 1001
1285048153 1056864 59.940345 10.836487 144208 1007
1285048154 1057876 59.940345 10.836487 176472 1012
1285048155 1058884 59.940345 10.836487 186048 1008
1285048156 1059888 59.940345 10.836487 168832 1003
1285048157 1060896 59.940345 10.836487 217512 1008
1285048158 1061904 59.939854 10.835241 208504 1008
1285048159 1062908 59.939777 10.835035 248176 1004
1285048160 1063909 59.939777 10.835035 279072 1001
1285048161 1064929 59.939673 10.834819 246808 1020
1285048162 1066004 59.939673 10.834819 274167 1075
1285048163 1067016 59.939673 10.834819 316008 1012
1285048164 1068024 59.939673 10.834819 233128 1008
1285048165 1069044 59.939673 10.834819 272800 1020
1285048166 1070056 59.939673 10.834819 285912 1012
1285048167 1071064 59.939673 10.834819 248176 1008
1285048168 1072076 59.939673 10.834819 246240 1011
1285048169 1073084 59.939673 10.834819 186616 1008
1285048170 1074096 59.939673 10.834819 214776 1011
1285048171 1075104 59.939673 10.834819 178408 1008
1285048172 1076105 59.939673 10.834819 240768 1001
1285048173 1077116 59.938672 10.83311 197560 1011
1285048174 1078124 59.938465 10.832952 169632 1008
1285048175 1079144 59.938269 10.832776 125056 1020
1285048176 1080164 59.938269 10.832776 87552 1020
1285048177 1081317 59.938074 10.832621 274168 1153
1285048178 1082324 59.938074 10.832621 262656 1007
1285048180 1083436 59.937704 10.832279 146944 1112
1285048181 1084444 59.937704 10.832279 203832 1008
1285048182 1085456 59.937511 10.832106 205768 1012
1285048183 1086464 59.937311 10.831913 224352 1008
1285048184 1087465 59.937131 10.831726 222184 1001
1285048185 1088476 59.937131 10.831726 213408 1011
1285048186 1089484 59.936956 10.831577 197560 1008
1285048187 1090485 59.936787 10.831412 227088 1001
1285048188 1091497 59.936623 10.831284 194824 1012
1285048189 1092504 59.936623 10.831284 214776 1007
1285048190 1093517 59.936459 10.831157 148312 1013
1285048191 1094524 59.936325 10.831057 88920 1007
1285048192 1095536 59.936209 10.830981 116280 1012
1285048193 1096544 59.936209 10.830981 157320 1008
1285048194 1097545 59.93611 10.830895 108640 1001
1285048195 1098556 59.936027 10.83083 69768 1011
1285048196 1099565 59.935966 10.830774 124488 1009
1285048197 1100576 59.935966 10.830774 140904 1011
1285048198 1101584 59.935909 10.830719 66232 1008
1285048199 1102604 59.935859 10.830685 58824 1020
1285048200 1103616 59.935826 10.830654 38304 1012
1285048201 1104624 59.935826 10.830654 64296 1008
1285048202 1105637 59.935814 10.83065 154584 1013
1285048203 1106644 59.935804 10.830665 51184 1007
1285048204 1107656 59.935797 10.830661 205200 1011
1285048205 1108676 59.935797 10.830661 189352 1020
1285048206 1109684 59.935788 10.830675 236664 1008
1285048207 1110689 59.935788 10.830675 204400 1005
1285048208 1111697 59.935786 10.830693 212040 1008
1285048209 1112704 59.935786 10.830693 177040 1007
1285048210 1113717 59.935794 10.830696 209304 1013
1285048211 1114724 59.935794 10.830696 184680 1007
1285048212 1115725 59.93579 10.830749 161993 1001
1285048213 1116729 59.93579 10.830749 120384 1004
1285048214 1117737 59.935811 10.830777 97128 1008
1285048215 1118744 59.935837 10.830804 152416 1007
1285048216 1119745 59.935858 10.830832 168264 1001
1285048217 1120764 59.935858 10.830832 130528 1019
1285048218 1121784 59.935886 10.830842 190152 1020
1285048219 1122797 59.9359 10.830866 203832 1013
1285048220 1123804 59.935913 10.830891 186616 1007
1285048221 1124924 59.935913 10.830891 231760 1120
1285048222 1125937 59.935916 10.830894 145008 1013
1285048223 1126944 59.935924 10.830897 101232 1007
1285048224 1127956 59.935927 10.830901 114912 1012
1285048225 1128957 59.935927 10.830901 99064 1001
1285048226 1129976 59.935923 10.830901 128592 1019
1285048227 1130996 59.935918 10.830901 27360 1020
1285048228 1132004 59.935912 10.830918 94392 1008
1285048229 1133024 59.935912 10.830918 112744 1020
1285048230 1134025 59.935905 10.830915 153216 1001
1285048231 1135036 59.9359 10.830915 150480 1011
1285048232 1136040 59.935888 10.830912 114112 1004
1285048233 1137044 59.935888 10.830912 222984 1004
1285048234 1138208 59.935865 10.830887 109440 1164
1285048235 1139220 59.93585 10.830866 104536 1012
1285048236 1140236 59.935815 10.830839 228456 1016
1285048237 1141244 59.935815 10.830839 132696 1008
1285048238 1142265 59.935786 10.830794 79912 1021
1285048239 1143276 59.935751 10.830766 75240 1011
1285048240 1144296 59.935709 10.830735 77976 1020
1285048241 1145304 59.935709 10.830735 145008 1008
1285048242 1146317 59.935668 10.830686 103168 1013
1285048243 1147336 59.935614 10.830634 217512 1019
1285048245 1148357 59.935554 10.830579 189352 1021
1285048246 1149364 59.935554 10.830579 202464 1007
1285048247 1150377 59.935481 10.83052 170200 1013
1285048248 1151397 59.9354 10.830458 76608 1020
1285048249 1152416 59.935315 10.830396 99864 1019
1285048250 1153425 59.935315 10.830396 91656 1009
1285048251 1154504 59.935224 10.830313 73872 1079
1285048252 1155516 59.935122 10.83021 84016 1012
1285048253 1156521 59.93502 10.830106 82080 1005
1285048254 1157524 59.93502 10.830106 88920 1003
1285048255 1158576 59.934925 10.829967 50616 1052
1285048256 1159585 59.934831 10.829828 76608 1009
1285048257 1160636 59.934831 10.829828 43776 1051
1285048258 1161644 59.934831 10.829828 40240 1008
1285048259 1162664 59.934831 10.829828 56088 1020
1285048260 1163676 59.934579 10.829368 61560 1012
1285048261 1164684 59.934489 10.829176 71136 1008
1285048262 1165836 59.934489 10.829176 46512 1152
1285048263 1166845 59.934394 10.828946 68400 1009
1285048264 1167856 59.934291 10.828713 58824 1011
1285048265 1168864 59.934177 10.828476 56656 1008
1285048266 1169876 59.934177 10.828476 73872 1012
1285048267 1170884 59.934065 10.828204 88920 1008
1285048268 1171916 59.934065 10.828204 79344 1032
1285048269 1172925 59.934065 10.828204 102600 1009
1285048270 1173937 59.934065 10.828204 75808 1012
1285048271 1174957 59.934065 10.828204 88920 1020
1285048272 1175964 59.934065 10.828204 98496 1007
1285048273 1176976 59.934065 10.828204 108072 1012
1285048274 1177984 59.934065 10.828204 84016 1008
1285048275 1178985 59.934065 10.828204 93024 1001
1285048276 1179996 59.934065 10.828204 94392 1011
1285048277 1180997 59.934065 10.828204 94392 1001
1285048278 1182016 59.934065 10.828204 61560 1019
1285048280 1183516 59.934065 10.828204 63496 1500
1285048281 1184524 59.934065 10.828204 67032 1008
1285048282 1185544 59.934065 10.828204 86184 1020
1285048283 1186577 59.934065 10.828204 86184 1033
1285048284 1187584 59.934065 10.828204 80712 1007
1285048285 1188604 59.934065 10.828204 84816 1020
1285048286 1189624 59.934065 10.828204 63496 1020
1285048287 1190644 59.934065 10.828204 79344 1020
1285048288 1191664 59.932469 10.824428 79344 1020
1285048289 1192676 59.93245 10.824221 93024 1012
1285048290 1193685 59.932431 10.824014 71136 1009
1285048291 1194704 59.932431 10.824014 78544 1019
1285048292 1195705 59.932421 10.823793 80712 1001
1285048293 1196716 59.932421 10.823793 99864 1011
1285048294 1197717 59.932399 10.82344 86184 1001
1285048295 1198725 59.932399 10.82344 73872 1008
1285048296 1199737 59.932378 10.82325 53920 1012
1285048297 1200764 59.932355 10.823096 61560 1027
1285048298 1201796 59.932341 10.822981 58824 1032
1285048299 1202816 59.932341 10.822981 72504 1020
1285048300 1203836 59.932332 10.822904 86184 1020
1285048301 1204857 59.932341 10.822904 84816 1021
1285048302 1205864 59.932345 10.822904 56656 1007
1285048303 1206884 59.932345 10.822904 106704 1020
1285048304 1207904 59.932353 10.822922 98496 1020
1285048305 1208917 59.932374 10.822925 99576 1013
1285048306 1209924 59.932389 10.822946 84304 1007
1285048307 1210936 59.932389 10.822946 86184 1012
1285048308 1211944 59.932403 10.822984 103968 1008
1285048309 1212957 59.932418 10.823005 98496 1013
1285048310 1213976 59.93243 10.823023 103168 1019
1285048311 1214977 59.93243 10.823023 88920 1001
1285048312 1215984 59.93244 10.823044 98496 1007
1285048313 1216997 59.932448 10.823061 93024 1013
1285048314 1218004 59.932463 10.823082 109440 1007
1285048315 1219017 59.932463 10.823082 96328 1013
1285048316 1220024 59.932471 10.8231 86184 1007
1285048317 1221036 59.932474 10.823117 82080 1012
1285048318 1222037 59.932481 10.823135 110808 1001
1285048319 1223044 59.932481 10.823135 88120 1007
1285048320 1224076 59.932492 10.823156 95760 1032
1285048321 1225104 59.932501 10.823156 54720 1028
1285048322 1226116 59.932512 10.823177 73872 1012
1285048323 1227124 59.932512 10.823177 82080 1008
1285048324 1228236 59.932516 10.823177 60760 1112
1285048325 1229276 59.932519 10.823194 35568 1040
1285048326 1230284 59.932527 10.823198 31464 1008
1285048327 1231304 59.932527 10.823198 39672 1020
1285048328 1232336 59.932531 10.823198 41040 1032
1285048331 1234428 59.932536 10.823198 21888 2092
1285048333 1236344 59.932536 10.823198 34200 1916
1285048334 1237356 59.932536 10.823198 124152 1012
1285048335 1238357 59.93254 10.823198 84352 1001
1285048336 1239385 59.93254 10.823198 58824 1028
1285048337 1240405 59.932542 10.82318 58824 1020
1285048338 1241409 59.932542 10.82318 139536 1004
1285048339 1242524 59.932537 10.823142 149680 1115
1285048340 1243544 59.932528 10.823103 124488 1020
1285048341 1244557 59.932512 10.823044 127224 1013
1285048342 1245576 59.932512 10.823044 151848 1019
1285048343 1246577 59.932491 10.822963 103168 1001
1285048344 1247584 59.932472 10.822848 155952 1007
1285048345 1248756 59.932443 10.822712 156520 1172
1285048346 1249764 59.932443 10.822712 113544 1008
1285048347 1250796 59.932415 10.822558 77976 1032
1285048348 1251836 59.932373 10.822379 68400 1040
1285048349 1252844 59.932329 10.822184 84816 1008
1285048350 1253864 59.932329 10.822184 112744 1020
1285048351 1254877 59.932278 10.821967 176472 1011
1285048352 1255884 59.932228 10.821733 175104 1007
1285048353 1256897 59.932175 10.821498 114112 1013
1285048354 1257904 59.932175 10.821498 129960 1007
1285048355 1258925 59.932118 10.821261 97128 1021
1285048356 1259936 59.932064 10.821026 110008 1011
1285048357 1260937 59.932008 10.820771 138168 1001
1285048358 1261956 59.932008 10.820771 113544 1019
1285048359 1262957 59.931947 10.820533 114912 1001
1285048360 1263977 59.931891 10.820278 90856 1020
1285048361 1264984 59.931829 10.820041 132696 1007
1285048362 1266001 59.931829 10.820041 93024 1017
1285048363 1267004 59.931772 10.819803 46512 1003
1285048364 1268044 59.931703 10.819562 28728 1040
1285048365 1269064 59.931634 10.819321 21888 1020
1285048366 1270076 59.931634 10.819321 12880 1012
1285048367 1271084 59.931559 10.819097 47880 1008
1285048368 1272096 59.931476 10.818871 56088 1012
1285048369 1273116 59.931384 10.818658 49248 1020
1285048370 1274136 59.931384 10.818658 62928 1020
1285048371 1275145 59.931293 10.818445 110808 1009
1285048372 1276284 59.931199 10.81825 77176 1139
1285048373 1277297 59.9311 10.818073 123120 1013
1285048374 1278304 59.9311 10.818073 147744 1007
1285048376 1279404 59.930993 10.817892 131328 1100
1285048377 1280468 59.930894 10.817715 73072 1064
1285048378 1281476 59.930793 10.817555 117648 1007
1285048379 1282497 59.930793 10.817555 86184 1021
1285048380 1283504 59.930688 10.817395 80712 1007
1285048381 1284516 59.930583 10.817235 90856 1012
1285048382 1285525 59.930478 10.817075 97128 1009
1285048383 1286536 59.930478 10.817075 108072 1011
1285048384 1287556 59.930374 10.816898 91656 1020
1285048385 1288576 59.930273 10.816738 93592 1020
1285048386 1289596 59.930177 10.816564 90288 1020
1285048387 1290604 59.930177 10.816564 101232 1008
1285048388 1291616 59.930081 10.81639 91656 1012
1285048389 1292664 59.929971 10.816191 114112 1048
1285048390 1293665 59.92987 10.815979 110808 1001
1285048391 1294677 59.92987 10.815979 123120 1012
1285048392 1295685 59.929777 10.81577 102600 1008
1285048393 1296716 59.929681 10.815557 114112 1031
1285048394 1297717 59.929578 10.815324 146376 1001
1285048395 1298725 59.929578 10.815324 147744 1008
1285048396 1299736 59.929483 10.815093 103168 1011
1285048397 1300740 59.929387 10.814881 71136 1004
1285048398 1301744 59.929292 10.814651 99864 1004
1285048399 1302757 59.929292 10.814651 113544 1013
1285048400 1303764 59.929197 10.814421 112744 1007
1285048401 1304784 59.929124 10.81418 124488 1020
1285048402 1305797 59.929071 10.813928 124488 1013
1285048403 1306804 59.929071 10.813928 129960 1007
1285048404 1307808 59.929043 10.813721 74440 1004
1285048405 1308816 59.929021 10.813535 162792 1008
1285048407 1310456 59.929009 10.813388 39672 1640
1285048408 1311460 59.929009 10.813388 94392 1004
1285048409 1312716 59.928996 10.813241 52552 1256
1285048410 1313776 59.928988 10.813094 30096 1060
1285048411 1314804 59.928975 10.812947 84816 1028
1285048412 1315820 59.928975 10.812947 106704 1016
1285048413 1316836 59.928961 10.812817 113416 1016
1285048416 1319937 59.92895 10.812705 74568 3101
1285048417 1321004 59.928939 10.812593 21888 1067
1285048504 1407980 59.928939 10.812593 4104 86976
1285048505 1409016 59.928927 10.812498 9576 1036
1285048506 1410060 59.928916 10.812386 10944 1044
1285048507 1411200 59.928897 10.812271 12312 1140
1285048509 1412440 59.928897 10.812271 13680 1240
1285048510 1413540 59.928892 10.812141 13680 1100
1285048511 1414620 59.928887 10.812011 9576 1080
1285048512 1415641 59.928861 10.811892 13680 1021
1285048513 1416740 59.928861 10.811892 10944 1099
1285048514 1417901 59.928847 10.811777 10944 1161
1285048515 1419080 59.92882 10.811658 8208 1179
1285048517 1420416 59.928794 10.811578 5472 1336
1285048518 1421600 59.928794 10.811578 5472 1184
1285048519 1422740 59.928774 10.81148 4104 1140
1285048520 1424316 59.928754 10.811382 6840 1576
1285048521 1425320 59.928733 10.811302 5472 1004
1285048523 1426461 59.928733 10.811302 5472 1141
1285048524 1427556 59.928714 10.811225 4104 1095
1285048525 1428816 59.928709 10.811134 5472 1260
1285048527 1430601 59.928708 10.81106 5472 1785
1285048528 1431756 59.928708 10.81106 6840 1155
1285048529 1432920 59.928708 10.81106 6840 1164
1285048530 1434036 59.928708 10.81106 5472 1116
1285048532 1435441 59.928687 10.810818 8208 1405
1285048538 1441921 59.928687 10.810818 4104 6480
1285048539 1443200 59.928676 10.810706 9576 1279
1285048622 1525828 59.928662 10.810577 24592 82628
1285048689 1592468 59.92864 10.810444 132728 66640
1285048701 1604668 59.92864 10.810444 1368 12200
1285048705 1608988 59.928615 10.810293 4104 4320
1285048707 1610504 59.928586 10.810142 1368 1516
1285048708 1611725 59.928571 10.809978 4104 1221
1285048709 1613024 59.928571 10.809978 2736 1299
1285048710 1614224 59.928547 10.809809 2736 1200
1285048712 1615689 59.92853 10.809624 4104 1465
1285048717 1620764 59.928519 10.80942 3284 5073
1285048720 1624124 59.928519 10.80942 4044 3360
1285048721 1625324 59.928494 10.809231 2696 1200
1285048723 1626924 59.928485 10.809046 4044 1600
1285048724 1628108 59.928463 10.808874 2696 1184
1285048725 1629284 59.928463 10.808874 2696 1176
1285048727 1630724 59.928463 10.808874 4044 1440
1285048728 1631725 59.928463 10.808874 4044 1001
1285048730 1633484 59.928463 10.808874 4044 1759
1285048731 1634624 59.928463 10.808874 4044 1140
1285048732 1636004 59.928463 10.808874 4044 1380
1285048733 1637325 59.928463 10.808874 4044 1321
1285048735 1638608 59.928463 10.808874 4044 1283
1285048737 1640544 59.928463 10.808874 4044 1936
1285048738 1641684 59.928463 10.808874 4044 1140
1285048740 1643408 59.928463 10.808874 1348 1724
1285048741 1645148 59.928463 10.808874 2696 1740
1285048742 1646324 59.928463 10.808874 1348 1176
1285048744 1647568 59.928463 10.808874 4044 1244
1285048745 1649008 59.928463 10.808874 2696 1440
1285048747 1650449 59.928463 10.808874 2696 1441
1285048748 1651689 59.928463 10.808874 2696 1240
1285048750 1653524 59.928463 10.808874 2696 1835
1285048751 1655264 59.928463 10.808874 4044 1740
1285048753 1656524 59.928463 10.808874 1348 1260
1285048754 1657589 59.928463 10.808874 2696 1065
1285048755 1658649 59.928463 10.808874 2696 1060
1285048756 1659824 59.928463 10.808874 2696 1175
1285048758 1661529 59.928463 10.808874 1348 1705
1285048759 1663048 59.928463 10.808874 2696 1519
1285048760 1664264 59.928463 10.808874 2696 1216
1285048762 1665344 59.928463 10.808874 4044 1080
1285048764 1667349 59.928056 10.805773 1348 2005
1285048765 1668968 59.928056 10.805773 4044 1619
1285048767 1670369 59.928054 10.805791 2696 1401
1285048769 1673024 59.928054 10.805791 4044 2655
1285048770 1674068 59.928067 10.805832 2696 1044
1285048772 1675709 59.928067 10.805832 5392 1641
1285048774 1677868 59.928083 10.805874 2696 2159
1285048775 1679248 59.928097 10.805913 2696 1380
1285048777 1680688 59.928115 10.805951 2696 1440
1285048779 1682864 59.928115 10.805951 4044 2176
1285048780 1684244 59.928135 10.805972 4044 1380
1285048782 1685948 59.928141 10.806007 2696 1704
1285048785 1688428 59.928159 10.806046 4044 2480
1285048790 1693748 59.928159 10.806046 2120 5320
1285048793 1697108 59.92817 10.806081 2696 3360
1285048796 1700128 59.928182 10.806098 5968 3020
1285048798 1702064 59.928189 10.806116 2696 1936
1285048800 1703428 59.928189 10.806116 2696 1364
1285048802 1705649 59.928199 10.806154 1348 2221
1285048804 1707884 59.928206 10.806172 2696 2235
1285048806 1709445 59.928199 10.806169 1348 1561
1285048807 1710884 59.928199 10.806169 2696 1439
1285048813 1716808 59.928203 10.806169 1348 5923
1285048849 1752432 59.928208 10.806169 1348 35624
1285048850 1754248 59.928214 10.80619 1348 1816
1285048852 1755788 59.928214 10.80619 2696 1540
1285048853 1756873 59.928214 10.80619 3468 1085
1285048855 1758592 59.928217 10.806207 4044 1719
1285048856 1759692 59.928221 10.806207 3272 1100
1285048857 1761172 59.928221 10.806207 24264 1480
1285048859 1762612 59.928223 10.80619 5392 1440
1285048860 1763692 59.928229 10.806172 35048 1080
1285048861 1764748 59.928236 10.806137 4044 1056
1285048862 1766008 59.928236 10.806137 5392 1260
1285048864 1767472 59.928239 10.806102 2696 1464
1285048865 1768649 59.928248 10.806049 8088 1177
1285048870 1774032 59.928266 10.805982 2696 5383
1285048871 1775128 59.928266 10.805982 5392 1096
1285048872 1776292 59.928276 10.805912 12132 1164
1285048874 1777373 59.928276 10.805821 9436 1081
1285048875 1778392 59.928282 10.80575 9436 1019
1285048876 1779532 59.928282 10.80575 10784 1140
1285048877 1780812 59.928284 10.805677 12132 1280
1285048878 1782012 59.928276 10.805582 10784 1200
1285048879 1783073 59.928267 10.805505 6740 1061
1285048880 1784128 59.928267 10.805505 17524 1055
1285048881 1785172 59.928267 10.805505 14828 1044
1285048883 1786613 59.928267 10.805505 6740 1441
1285048884 1787712 59.928267 10.805505 8088 1099
1285048885 1788728 59.928267 10.805505 10784 1016
1285048890 1793472 59.928267 10.805505 5200 4744
1285048891 1794492 59.928267 10.805505 9436 1020
1285048892 1795529 59.928267 10.805505 10784 1037
1285048893 1796532 59.928267 10.805505 10784 1003
1285048894 1797568 59.928267 10.805505 10784 1036
1285048895 1798572 59.928267 10.805505 10784 1004
1285048896 1799653 59.928267 10.805505 10784 1081
1285048897 1800688 59.928267 10.805505 12132 1035
1285048898 1801752 59.928267 10.805505 12132 1064
1285048899 1802769 59.928267 10.805505 8088 1017
1285048900 1804272 59.928267 10.805505 9436 1503
1285048901 1805308 59.928267 10.805505 9436 1036
