1284453497 103793 59.948142 10.854348 216144 1001
1284453498 105012 59.948053 10.854191 190720 1219
1284453499 106020 59.948053 10.854191 246240 1008
1284453500 107033 59.947978 10.85402 223552 1013
1284453501 108040 59.947978 10.85402 272232 1007
1284453502 109053 59.947903 10.853849 222184 1013
1284453503 110065 59.947837 10.853664 153216 1012
1284453504 111072 59.947837 10.853664 177040 1007
1284453505 112073 59.94777 10.853458 281808 1001
1284453506 113080 59.947704 10.853273 219448 1007
1284453507 114081 59.94763 10.853085 242136 1001
1284453508 115092 59.94763 10.853085 163360 1011
1284453509 116152 59.947565 10.8529 108072 1060
1284453510 117260 59.947491 10.852711 148312 1108
1284453511 118272 59.947425 10.852526 171000 1012
1284453512 119280 59.947425 10.852526 160056 1008
1284453513 120293 59.947352 10.852338 123688 1013
1284453515 121300 59.947286 10.852153 161424 1007
1284453516 122320 59.947225 10.851967 165528 1020
1284453517 123333 59.947225 10.851967 137368 1013
1284453518 124340 59.947159 10.851782 173736 1007
1284453519 125352 59.947087 10.851576 174304 1012
1284453520 126353 59.947022 10.851374 150480 1001
1284453521 127360 59.947022 10.851374 140904 1007
1284453522 128372 59.946956 10.851189 166096 1012
1284453523 129373 59.946889 10.850983 257184 1001
1284453524 130380 59.946815 10.850794 182512 1007
1284453525 131400 59.946815 10.850794 177840 1020
1284453526 132412 59.94675 10.850609 189352 1012
1284453527 133420 59.946676 10.85042 165528 1008
1284453528 134540 59.946603 10.850232 170200 1120
1284453529 135553 59.946603 10.850232 165528 1013
1284453530 136560 59.946528 10.850061 205200 1007
1284453531 137573 59.946459 10.849873 181144 1013
1284453532 138580 59.946385 10.849684 205200 1007
1284453533 139593 59.946385 10.849684 111376 1013
1284453534 140600 59.946309 10.849531 153216 1007
1284453535 141620 59.946222 10.849357 173736 1020
1284453536 142621 59.946138 10.8492 160624 1001
1284453537 143633 59.946138 10.8492 202464 1012
1284453538 144640 59.946046 10.849078 152416 1007
1284453539 145652 59.945947 10.848954 195624 1012
1284453540 146660 59.945853 10.848829 160624 1008
1284453541 147681 59.945853 10.848829 214776 1021
1284453542 148693 59.945749 10.848704 193456 1012
1284453543 149700 59.945648 10.848596 213408 1007
1284453544 150792 59.945548 10.848489 178408 1092
1284453545 151800 59.945548 10.848489 190152 1008
1284453546 152832 59.945456 10.848368 219445 1032
1284453547 153840 59.945356 10.84826 233928 1008
1284453548 154841 59.945257 10.848135 209875 1001
1284453549 155845 59.945257 10.848135 232560 1004
1284453550 156853 59.945161 10.848014 198928 1008
1284453551 157860 59.945069 10.847892 243504 1007
1284453552 158861 59.94499 10.847774 181144 1001
1284453553 159873 59.94499 10.847774 216144 1012
1284453554 160881 59.944908 10.847638 166096 1008
1284453555 161893 59.94483 10.847503 257184 1012
1284453556 162900 59.944766 10.847391 181144 1007
1284453557 163920 59.944766 10.847391 206568 1020
1284453558 164921 59.944715 10.847266 164728 1001
1284453559 165925 59.944659 10.847172 166896 1004
1284453560 166932 59.944619 10.847067 154584 1007
1284453561 167933 59.944619 10.847067 104536 1001
1284453562 168952 59.944582 10.84698 186048 1019
1284453563 169972 59.944539 10.84691 172936 1020
1284453564 170980 59.944521 10.846848 194256 1008
1284453565 171992 59.944521 10.846848 215344 1012
1284453566 172993 59.944495 10.84682 261288 1001
1284453567 174000 59.94449 10.846781 189352 1007
1284453568 175013 59.944487 10.846778 214776 1013
1284453569 176020 59.944487 10.846778 183880 1007
1284453570 177032 59.944488 10.84676 233928 1012
1284453571 178033 59.944493 10.84676 151048 1001
1284453572 179053 59.94449 10.846757 183312 1020
1284453573 180060 59.94449 10.846757 201096 1007
1284453574 181073 59.944491 10.84674 170200 1013
1284453575 182080 59.944496 10.84674 203832 1007
1284453576 183100 59.944497 10.846722 167464 1020
1284453577 184120 59.944497 10.846722 235296 1020
1284453578 185133 59.944502 10.846722 104536 1013
1284453579 186140 59.944494 10.846719 95760 1007
1284453580 187153 59.9445 10.846701 129960 1013
1284453581 188161 59.9445 10.846701 117648 1008
1284453582 189173 59.9445 10.846701 84016 1012
1284453583 190220 59.9445 10.846701 56088 1047
1284453584 191232 59.944492 10.846698 116280 1012
1284453586 192685 59.944492 10.846698 86184 1452
1284453587 193692 59.944494 10.84668 62928 1007
1284453588 194700 59.944494 10.84668 32032 1008
1284453589 195713 59.944494 10.84668 160056 1013
1284453590 196720 59.944494 10.84668 222984 1007
1284453591 197732 59.944494 10.84668 200296 1012
1284453592 198840 59.944494 10.84668 231760 1108
1284453593 199844 59.944494 10.84668 266760 1004
1284453594 200865 59.944494 10.84668 235864 1021
1284453595 201872 59.944489 10.84668 231192 1007
1284453596 202880 59.944489 10.84668 216712 1008
1284453597 203885 59.944489 10.84668 281008 1001
1284453598 204892 59.944489 10.84668 279072 1007
1284453599 205904 59.944489 10.84668 193456 1012
1284453600 206912 59.944485 10.84668 288648 1008
1284453601 207917 59.944485 10.84668 257752 1005
1284453602 208920 59.944485 10.84668 257752 1003
1284453603 209932 59.944485 10.84668 238032 1011
1284453604 210933 59.944485 10.84668 183880 1001
1284453605 211940 59.944492 10.846683 285912 1007
1284453606 212945 59.944492 10.846683 222184 1005
1284453607 214052 59.944488 10.846683 248176 1107
1284453608 215060 59.944482 10.846663 186048 1008
1284453609 216073 59.944464 10.846638 134064 1013
1284453610 217080 59.944464 10.846638 119584 1007
1284453611 218093 59.944442 10.846596 194256 1013
1284453613 219300 59.944407 10.84653 185248 1207
1284453614 220313 59.944372 10.846464 175104 1013
1284453615 221317 59.944372 10.846464 171000 1004
1284453616 222320 59.944319 10.846374 131896 1003
1284453617 223333 59.944267 10.846265 158688 1013
1284453618 224352 59.944204 10.846136 175104 1019
1284453619 225353 59.944204 10.846136 119584 1001
1284453620 226360 59.944134 10.846004 125856 1007
1284453621 227361 59.94406 10.845854 116280 1001
1284453622 228384 59.943976 10.845698 90856 1023
1284453623 229500 59.943976 10.845698 45144 1116
1284453624 230520 59.943897 10.845527 198360 1020
1284453625 231532 59.943814 10.845352 152416 1012
1284453626 232540 59.943721 10.845157 201096 1008
1284453627 233552 59.943721 10.845157 168264 1012
1284453628 234560 59.943637 10.844948 164728 1008
1284453629 235572 59.943534 10.844714 209304 1012
1284453630 236573 59.943432 10.844481 171568 1001
1284453631 237581 59.943432 10.844481 188784 1008
1284453632 238593 59.94333 10.844247 171568 1012
1284453633 239600 59.943216 10.843992 173736 1007
1284453634 240624 59.943105 10.84372 168833 1024
1284453635 241641 59.943105 10.84372 191520 1017
1284453636 242652 59.942987 10.843466 190152 1011
1284453637 243660 59.942874 10.843211 148312 1008
1284453638 244665 59.942762 10.842939 161424 1005
1284453639 245680 59.942762 10.842939 93024 1015
1284453640 246713 59.942645 10.842684 55288 1033
1284453641 247732 59.942532 10.84243 35568 1019
1284453642 248733 59.942419 10.842175 57456 1001
1284453643 249740 59.942419 10.842175 124488 1007
1284453646 252593 59.942312 10.841941 16384 2853
1284453647 253600 59.942205 10.841708 172968 1007
1284453648 254613 59.942098 10.841474 97128 1013
1284453649 255620 59.942098 10.841474 109440 1007
1284453651 257720 59.942001 10.841261 19152 2100
1284453652 258732 59.941907 10.841031 120384 1010
1284453653 259881 59.941816 10.840839 212608 1149
1284453654 260884 59.941816 10.840839 149112 1003
1284453655 261912 59.941732 10.84063 138736 1028
1284453656 262913 59.941644 10.840421 134064 1001
1284453657 263932 59.941569 10.840197 188784 1019
1284453658 264940 59.941569 10.840197 148312 1008
1284453659 265952 59.9415 10.839994 166896 1012
1284453660 266960 59.941428 10.839788 145576 1008
1284453661 267972 59.941357 10.839603 82080 1012
1284453662 269001 59.941357 10.839603 36936 1029
1284453663 270052 59.941357 10.839603 25992 1051
1284453664 271060 59.941357 10.839603 72504 1008
1284453665 272073 59.941172 10.838999 113544 1013
1284453666 273200 59.941172 10.838999 67600 1127
1284453667 274212 59.941106 10.838814 75240 1012
1284453668 275260 59.941045 10.838667 58824 1048
1284453669 276272 59.94099 10.838542 87552 1012
1284453670 277273 59.94099 10.838542 149112 1001
1284453671 278280 59.940945 10.838437 116848 1007
1284453672 279293 59.940915 10.838357 109440 1013
1284453674 280300 59.940887 10.838294 117648 1007
1284453675 281321 59.940887 10.838294 54720 1021
1284453676 282353 59.940872 10.838235 62128 1032
1284453677 283360 59.940855 10.838193 68400 1007
1284453678 284361 59.940832 10.838168 113544 1001
1284453679 285532 59.940832 10.838168 215344 1171
1284453680 286540 59.940828 10.83813 236664 1008
1284453681 287552 59.940828 10.83813 203032 1012
1284453682 288573 59.940835 10.838133 206568 1021
1284453683 289576 59.940835 10.838133 99864 1003
1284453684 290580 59.94084 10.838133 75808 1004
1284453685 291592 59.940846 10.838154 134064 1011
1284453686 292601 59.940853 10.838157 143640 1009
1284453687 293720 59.940853 10.838157 129160 1119
1284453688 294740 59.940853 10.838157 127224 1020
1284453689 295760 59.94086 10.838178 134064 1020
1284453690 296773 59.94086 10.838178 140904 1013
1284453691 297781 59.94086 10.838178 131896 1008
1284453692 298800 59.940854 10.838196 180576 1019
1284453693 299812 59.940861 10.838199 155152 1012
1284453694 300820 59.94086 10.838217 202464 1008
1284453695 301821 59.94086 10.838217 170200 1001
1284453696 302833 59.94086 10.838217 205200 1012
1284453697 303840 59.940867 10.83822 186048 1007
1284453698 304852 59.940866 10.838238 170200 1012
1284453699 305853 59.940866 10.838238 203832 1001
1284453700 306861 59.940866 10.838238 193456 1008
1284453701 307873 59.940866 10.838238 238032 1012
1284453702 308880 59.940866 10.838238 207136 1007
1284453703 309900 59.940866 10.838238 220815 1020
1284453704 310912 59.940866 10.838238 247608 1012
1284453705 311920 59.940866 10.838238 182512 1007
1284453706 312944 59.940866 10.838199 236664 1024
1284453707 313952 59.940866 10.838199 227656 1008
1284453708 314953 59.940861 10.838161 259920 1001
1284453709 315961 59.940838 10.838098 224920 1008
1284453710 317140 59.94081 10.837997 259120 1179
1284453711 318153 59.94081 10.837997 257184 1013
1284453712 319172 59.940778 10.837895 153784 1019
1284453713 320180 59.940738 10.837791 238032 1008
1284453715 321332 59.940694 10.837648 170200 1152
1284453716 322333 59.940694 10.837648 175104 1001
1284453717 323340 59.940639 10.837484 194256 1007
1284453718 324352 59.940583 10.837319 161992 1012
1284453719 325353 59.94053 10.837138 207936 1001
1284453720 326360 59.94053 10.837138 189352 1007
1284453721 327372 59.940464 10.836953 247608 1012
1284453722 328460 59.940392 10.836747 123688 1088
1284453723 329473 59.940308 10.836537 195624 1013
1284453724 330492 59.940308 10.836537 146944 1019
1284453725 331501 59.940225 10.836311 175104 1009
1284453726 332513 59.940121 10.836094 203832 1012
1284453727 333520 59.940018 10.835861 137368 1007
1284453728 334533 59.940018 10.835861 212040 1013
1284453729 335540 59.939904 10.835624 194824 1007
1284453730 336560 59.939782 10.835384 224352 1020
1284453731 337572 59.939658 10.835161 209872 1010
1284453732 338588 59.939658 10.835161 203832 1016
1284453733 339592 59.939522 10.834935 103168 1004
1284453734 340600 59.939391 10.834709 166896 1008
1284453735 341604 59.939255 10.834482 192888 1004
1284453736 342620 59.939255 10.834482 105904 1016
1284453737 343640 59.939118 10.834274 57456 1020
1284453738 344660 59.93898 10.834065 62928 1020
1284453739 345661 59.938837 10.833874 146376 1001
1284453740 346672 59.938837 10.833874 93592 1011
1284453741 347732 59.938691 10.83368 24624 1060
1284453742 348753 59.938546 10.833507 46512 1021
1284453743 349772 59.938406 10.833333 103968 1019
1284453744 350780 59.938406 10.833333 114912 1008
1284453745 352112 59.938261 10.83316 82648 1332
1284453747 353652 59.93812 10.833004 31464 1540
1284453748 354660 59.937981 10.832851 176472 1006
1284453749 355664 59.937981 10.832851 201664 1004
1284453750 356688 59.937846 10.832716 248976 1024
1284453751 357692 59.937709 10.832599 230392 1004
1284453752 358693 59.937573 10.832464 231192 1001
1284453753 359704 59.937573 10.832464 207136 1011
1284453754 360713 59.937444 10.83235 254448 1009
1284453755 361720 59.937315 10.832236 203033 1007
1284453756 362724 59.937184 10.83214 213408 1004
1284453757 363732 59.937184 10.83214 190720 1008
1284453758 364741 59.937053 10.832044 217512 1009
1284453759 365745 59.936931 10.831933 194824 1004
1284453760 366753 59.936808 10.83184 229824 1008
1284453761 367773 59.936808 10.83184 193456 1020
1284453762 368780 59.936688 10.831764 251251 1007
1284453763 369781 59.936572 10.831675 208965 1001
1284453764 370792 59.936449 10.831582 235864 1011
1284453765 371793 59.936449 10.831582 251712 1001
1284453766 372800 59.936328 10.83151 200296 1007
1284453767 373805 59.936215 10.831437 294120 1005
1284453768 374812 59.936106 10.831369 260488 1007
1284453769 375820 59.936106 10.831369 248176 1008
1284453770 376825 59.936013 10.831303 274968 1005
1284453771 377832 59.935936 10.831245 249544 1007
1284453772 378833 59.935867 10.831186 264592 1001
1284453773 379840 59.935867 10.831186 233928 1007
1284453774 380860 59.935805 10.831148 209872 1020
1284453775 381872 59.935764 10.8311 302328 1012
1284453776 382873 59.935732 10.83109 281008 1001
1284453777 383892 59.935732 10.83109 271432 1019
1284453778 384905 59.935721 10.831069 255816 1013
1284453779 385912 59.93572 10.831048 222184 1007
1284453780 386993 59.935724 10.831048 241336 1081
1284453781 388000 59.935724 10.831048 255816 1007
1284453782 389005 59.935729 10.831048 239968 1005
1284453783 390012 59.935733 10.831048 281808 1007
1284453784 391020 59.935747 10.831034 261856 1008
1284453785 392033 59.935747 10.831034 264592 1013
1284453786 393045 59.935751 10.831034 255816 1012
1284453787 394053 59.935763 10.831037 220816 1008
1284453788 395060 59.935768 10.831037 244872 1007
1284453789 396073 59.935768 10.831037 181144 1013
1284453790 397080 59.935772 10.831037 209304 1007
1284453791 398093 59.935781 10.831037 186615 1013
1284453792 399100 59.935786 10.831037 181944 1007
1284453793 400112 59.935786 10.831037 157888 1012
1284453794 401133 59.935792 10.831019 124488 1021
1284453795 402152 59.935793 10.831016 102600 1019
1284453797 404160 59.935798 10.831016 16384 2008
1284453798 405172 59.935798 10.831016 229056 1011
1284453799 406184 59.935802 10.831016 177840 1012
1284453800 407193 59.935796 10.830995 160624 1009
1284453801 408200 59.935801 10.830995 273600 1007
1284453802 409205 59.935801 10.830995 219448 1005
1284453803 410212 59.935801 10.830995 235296 1007
1284453804 411225 59.935805 10.830995 183880 1013
1284453805 412232 59.935805 10.830995 216144 1007
1284453806 413233 59.935805 10.830995 177040 1001
1284453807 414252 59.935805 10.830995 190152 1019
1284453808 415264 59.935797 10.830992 125056 1012
1284453809 416272 59.935787 10.830971 65664 1008
1284453810 417273 59.935787 10.830971 165528 1001
1284453811 418280 59.935772 10.830964 131896 1007
1284453812 419293 59.935746 10.830936 157320 1013
1284453814 420300 59.93572 10.830909 165528 1007
1284453815 421313 59.93572 10.830909 89488 1013
1284453816 422340 59.935674 10.830874 76608 1027
1284453817 423372 59.935621 10.830837 119016 1032
1284453818 424373 59.935564 10.830781 177840 1001
1284453819 425480 59.935564 10.830781 118216 1107
1284453820 426573 59.935488 10.830719 57456 1093
1284453821 427593 59.935417 10.830657 57456 1020
1284453822 428600 59.93533 10.830574 113544 1007
1284453823 429620 59.93533 10.830574 93592 1020
1284453824 430640 59.935235 10.830488 106704 1020
1284453825 431652 59.935138 10.830384 113544 1012
1284453826 432653 59.935034 10.830259 123120 1001
1284453827 433660 59.935034 10.830259 119584 1007
1284453828 434672 59.934932 10.830117 142272 1012
1284453829 435681 59.934832 10.829957 127224 1009
1284453830 436692 59.934731 10.829797 90856 1011
1284453831 437700 59.934731 10.829797 91656 1008
1284453832 438712 59.934638 10.829641 101232 1012
1284453833 439720 59.934542 10.829466 108072 1008
1284453834 440832 59.934444 10.829271 104536 1112
1284453835 441852 59.934444 10.829271 99864 1020
1284453836 442860 59.934342 10.829076 103968 1008
1284453837 443872 59.934233 10.82886 87552 1012
1284453838 444901 59.934134 10.82863 61560 1029
1284453839 445912 59.934134 10.82863 90853 1011
1284453840 446920 59.934015 10.828393 47880 1008
1284453841 447933 59.933902 10.828139 113544 1013
1284453842 448940 59.933796 10.827888 106704 1007
1284453843 449961 59.933796 10.827888 107275 1021
1284453844 450972 59.933684 10.827616 153216 1011
1284453845 452112 59.933586 10.827329 108072 1140
1284453846 453120 59.933496 10.827046 146376 1008
1284453847 454132 59.933496 10.827046 112744 1012
1284453848 455140 59.933405 10.826764 114912 1008
1284453849 456152 59.933321 10.826463 95760 1012
1284453850 457172 59.933236 10.826163 68400 1020
1284453851 458173 59.933236 10.826163 68968 1001
1284453852 459180 59.933158 10.825883 121752 1007
1284453853 460193 59.933084 10.825604 142272 1013
1284453854 461212 59.933029 10.825348 116848 1019
1284453855 462220 59.933029 10.825348 154584 1008
1284453856 463232 59.932972 10.825111 164160 1012
1284453857 464233 59.932918 10.824891 134632 1001
1284453858 465240 59.932867 10.824674 157320 1007
1284453859 466260 59.932867 10.824674 158688 1020
1284453860 467272 59.932817 10.824492 118217 1012
1284453861 468273 59.932777 10.824296 153216 1001
1284453862 469292 59.93274 10.824118 162792 1019
1284453863 470293 59.93274 10.824118 123688 1001
1284453865 471300 59.932711 10.823943 146376 1007
1284453866 472313 59.932669 10.823765 138168 1013
1284453867 473320 59.932632 10.823587 122320 1007
1284453868 474344 59.932632 10.823587 135432 1024
1284453869 475352 59.932601 10.823429 132696 1007
1284453870 476353 59.932565 10.823272 145576 1001
1284453871 477360 59.932545 10.823136 153216 1007
1284453872 478380 59.932545 10.823136 136000 1020
1284453873 479393 59.932519 10.823017 147744 1013
1284453874 480400 59.932491 10.822916 151848 1007
1284453875 481413 59.932475 10.822818 140104 1013
1284453876 482420 59.932475 10.822818 181944 1007
1284453877 483425 59.932457 10.822755 196531 1005
1284453878 484432 59.932438 10.822692 169293 1007
1284453879 485440 59.932438 10.822654 207936 1008
1284453880 486452 59.932438 10.822654 187984 1012
1284453881 487465 59.932437 10.822633 242136 1013
1284453882 488472 59.932446 10.822633 212608 1007
1284453883 489473 59.932444 10.822612 224920 1001
1284453884 490480 59.932444 10.822612 268128 1007
1284453885 491484 59.932448 10.822612 239968 1004
1284453886 492485 59.932445 10.822608 281808 1001
1284453887 493500 59.932451 10.822591 196192 1015
1284453888 494501 59.932451 10.822591 226627 1001
1284453889 495512 59.932456 10.822591 193917 1011
1284453890 496600 59.93246 10.822591 216712 1088
1284453891 497604 59.932457 10.822588 186048 1004
1284453892 498712 59.932457 10.822588 223552 1108
1284453893 499720 59.932462 10.822588 239400 1008
1284453894 500733 59.932466 10.822588 189352 1013
1284453895 501740 59.932471 10.822588 248976 1007
1284453896 502741 59.932471 10.822588 216712 1001
1284453897 503745 59.932477 10.82257 261288 1004
1284453898 504752 59.932473 10.822567 229024 1007
1284453899 505792 59.932482 10.822567 253648 1040
1284453900 506796 59.932482 10.822567 218880 1004
1284453901 507801 59.932482 10.822567 196192 1005
1284453902 508812 59.932487 10.822567 220248 1011
1284453903 509820 59.932491 10.822567 185248 1008
1284453904 510824 59.932491 10.822567 206568 1004
1284453905 511832 59.932496 10.822567 215343 1008
1284453906 512833 59.932488 10.822563 207936 1001
1284453907 513900 59.93249 10.822546 187984 1067
1284453908 514912 59.93249 10.822546 225720 1012
1284453909 515952 59.932489 10.822507 183880 1040
1284453910 516960 59.932473 10.822465 216144 1008
1284453911 517973 59.932463 10.822388 213976 1013
1284453912 518980 59.932463 10.822388 229824 1007
1284453913 519992 59.932434 10.822305 194824 1012
1284453914 521000 59.932411 10.822189 162792 1008
1284453915 522140 59.932378 10.822049 211240 1140
1284453916 523160 59.932378 10.822049 199728 1020
1284453917 524172 59.932349 10.821913 135432 1012
1284453918 525193 59.932308 10.821735 96328 1021
1284453919 526220 59.932269 10.82156 101232 1027
1284453920 527233 59.932269 10.82156 83448 1013
1284453921 528240 59.93222 10.821378 73872 1007
1284453922 529252 59.932172 10.821165 43776 1012
1284453924 530940 59.932121 10.820948 28728 1688
1284453926 532340 59.932121 10.820948 56656 1400
1284453927 533352 59.932067 10.820714 108072 1012
1284453928 534353 59.932007 10.820459 113544 1001
1284453929 535361 59.931943 10.820204 121752 1008
1284453930 536400 59.931943 10.820204 30096 1039
1284453931 537640 59.931872 10.819927 36136 1240
1284453932 538652 59.931797 10.819651 109440 1012
1284453933 539653 59.931714 10.819372 164160 1001
1284453934 540660 59.931714 10.819372 141472 1007
1284453935 541672 59.931623 10.819089 143640 1012
1284453936 542673 59.931521 10.818803 160056 1001
1284453937 543681 59.931408 10.818548 141472 1008
1284453938 544692 59.931408 10.818548 169632 1011
1284453939 545693 59.93129 10.818294 147744 1001
1284453940 546700 59.931163 10.818054 112744 1007
1284453941 547712 59.931035 10.817831 146376 1012
1284453942 548713 59.931035 10.817831 146376 1001
1284453943 549720 59.930901 10.817626 125056 1007
1284453944 550732 59.930765 10.817438 184680 1012
1284453945 551740 59.930634 10.817251 155152 1008
1284453946 552752 59.930634 10.817251 154584 1012
1284453947 553761 59.930503 10.817063 94392 1009
1284453948 554773 59.930373 10.816897 136800 1012
1284453949 555780 59.930248 10.81673 138736 1007
1284453950 556793 59.930248 10.81673 164160 1013
1284453951 557800 59.930137 10.816549 149680 1007
1284453952 558804 59.930026 10.816369 169632 1004
1284453953 559824 59.929922 10.816191 157320 1020
1284453954 560832 59.929922 10.816191 119584 1008
1284453955 561841 59.929823 10.816014 105336 1009
1284453956 562860 59.929733 10.815822 53352 1019
1284453957 563892 59.929642 10.81563 30096 1032
1284453958 564900 59.929642 10.81563 25992 1008
1284453959 565920 59.929558 10.815421 12312 1020
1284453960 566932 59.929483 10.815198 19152 1012
1284453961 568204 59.929416 10.814978 6840 1272
1284453963 569312 59.929416 10.814978 107272 1108
1284453964 570313 59.92934 10.814754 120384 1001
1284453965 571317 59.929277 10.814534 134064 1004
1284453966 572320 59.92922 10.814297 139536 1003
1284453967 573424 59.92922 10.814297 96328 1104
1284453968 574432 59.929179 10.814066 80712 1008
1284453969 575445 59.929138 10.813817 103968 1013
1284453970 576452 59.929109 10.81359 108072 1007
1284453971 577453 59.929109 10.81359 100432 1001
1284453972 578460 59.929071 10.813359 131328 1007
1284453973 579473 59.929042 10.813131 145008 1013
1284453974 580480 59.929012 10.812904 116848 1007
1284453975 581481 59.929012 10.812904 151848 1001
1284453976 582492 59.928985 10.812694 164160 1011
1284453977 583513 59.928956 10.812466 105905 1021
1284453978 584516 59.928932 10.81226 136800 1003
1284453979 585532 59.928932 10.81226 165528 1016
1284453980 586552 59.9289 10.812067 123688 1020
1284453981 587564 59.928881 10.811861 145008 1012
1284453982 588572 59.928856 10.811671 169632 1008
1284453983 589585 59.928856 10.811671 157888 1013
1284453984 590593 59.928835 10.811482 198360 1008
1284453985 591600 59.928818 10.811297 178408 1007
1284453986 592604 59.928798 10.811108 186048 1004
1284453987 593612 59.928798 10.811108 152416 1008
1284453988 594632 59.928773 10.810919 165528 1020
1284453989 595652 59.928751 10.810747 127224 1020
1284453990 596653 59.928733 10.810561 136000 1001
1284453991 597660 59.928733 10.810561 169632 1007
1284453992 598673 59.928719 10.810393 161424 1013
1284453993 599712 59.928691 10.810239 79912 1039
1284453994 600845 59.928679 10.810092 30096 1133
1284453995 601872 59.928679 10.810092 71136 1027
1284453999 605722 59.928672 10.809927 16384 3849
1284454000 606741 59.928658 10.809759 259152 1019
1284454001 607760 59.928633 10.80957 61560 1019
1284454002 608792 59.928633 10.80957 47880 1032
1284454003 609832 59.928615 10.809384 21888 1040
1284454004 610900 59.928597 10.809216 12328 1068
1284454005 611960 59.928572 10.809027 8192 1060
1284454038 644912 59.928572 10.809027 1368 32952
1284454039 645933 59.928554 10.808841 5472 1021
1284454041 647332 59.928537 10.808656 8208 1399
1284454042 648408 59.928518 10.808488 5472 1076
1284454043 649692 59.928518 10.808488 8200 1284
1284454044 650748 59.9285 10.808319 10952 1055
1284454045 652112 59.928493 10.808155 5472 1364
1284454047 653316 59.928493 10.808155 10944 1204
1284454048 654332 59.928493 10.808155 9576 1016
1284454049 655392 59.928493 10.808155 10944 1060
1284454050 656532 59.928493 10.808155 8208 1140
1284454051 657588 59.928493 10.808155 9576 1056
1284454052 658672 59.928493 10.808155 8208 1084
1284454053 659792 59.928493 10.808155 5472 1118
1284454054 660873 59.928493 10.808155 10944 1081
1284454055 661952 59.928493 10.808155 15048 1079
1284454060 667052 59.928493 10.808155 10944 5100
1284454061 668116 59.928493 10.808155 41040 1064
1284454063 669648 59.928493 10.808155 41588 1532
1284454064 670652 59.928493 10.808155 14828 1004
1284454065 671792 59.928493 10.808155 14828 1140
1284454066 672892 59.928493 10.808155 14828 1100
1284454067 673912 59.928493 10.808155 16176 1020
1284454068 675012 59.928357 10.806108 9436 1100
1284454069 676052 59.928357 10.806108 13480 1040
1284454070 677088 59.928331 10.805989 9436 1036
1284454071 678212 59.928313 10.805856 17524 1124
1284454072 679232 59.928287 10.805737 18872 1020
1284454073 680252 59.928287 10.805737 20220 1020
1284454074 681272 59.928272 10.805639 18872 1020
1284454076 682428 59.928251 10.805541 16176 1156
1284454081 687732 59.928242 10.805464 13480 5304
1284454082 688848 59.928242 10.805464 40440 1116
1284454083 689892 59.928223 10.805402 29656 1044
1284454084 690932 59.928211 10.80536 56616 1040
1284454085 692076 59.92819 10.805332 18872 1144
1284454086 693112 59.92819 10.805332 21568 1036
1284454087 694128 59.928179 10.805325 18872 1016
1284454088 695232 59.92817 10.80534 16176 1104
1284454090 696332 59.928159 10.805333 9244 1100
1284454091 697368 59.928159 10.805333 14828 1036
1284454092 698373 59.928148 10.805326 13480 1005
1284454093 699393 59.928145 10.805323 13480 1020
1284454094 700413 59.928134 10.805316 13480 1020
1284454095 701472 59.928134 10.805316 13480 1059
1284454096 702568 59.928131 10.805313 13480 1096
1284454097 703572 59.928128 10.805309 18872 1004
1284454098 704628 59.928125 10.805306 20220 1056
1284454099 705633 59.928125 10.805306 18872 1005
1284454103 709772 59.928122 10.805303 2696 4139
1284454104 710832 59.928119 10.805299 75488 1060
1284454105 711889 59.928119 10.805299 13480 1057
1284454106 712968 59.928119 10.805299 14828 1079
1284454107 714032 59.928117 10.805278 13480 1064
1284454108 715068 59.928117 10.805278 13480 1036
1284454109 716112 59.928114 10.805275 13480 1044
1284454110 717148 59.928114 10.805275 13480 1036
1284454111 718188 59.928112 10.805293 13480 1040
1284454113 719316 59.928106 10.805272 16176 1128
1284454116 722508 59.928099 10.805268 8088 3192
1284454117 723688 59.928099 10.805268 35048 1180
1284454118 724908 59.928086 10.805227 36204 1220
1284454119 726033 59.928082 10.805188 12132 1125
1284454120 727212 59.92806 10.805108 13480 1179
1284454122 728313 59.92806 10.805108 17524 1101
1284454123 729332 59.928046 10.805031 16176 1019
1284454124 730452 59.928046 10.805031 18872 1120
1284454125 731628 59.928046 10.805031 16176 1176
1284454126 732632 59.928046 10.805031 17524 1004
1284454127 733648 59.928046 10.805031 13480 1016
1284454128 734713 59.928046 10.805031 14828 1065
1284454129 735752 59.928046 10.805031 14828 1039
1284454130 736909 59.928046 10.805031 13480 1157
1284454139 745729 59.928046 10.805031 7512 8820
1284454140 747152 59.928046 10.805031 20428 1423
1284454142 748693 59.928046 10.805031 52940 1541
1284454143 749772 59.928046 10.805031 6740 1079
1284454144 751092 59.928046 10.805031 2696 1320
1284454146 753272 59.928046 10.805031 2696 2180
1284454148 755072 59.928046 10.805031 1348 1800
1284454152 759293 59.928046 10.805031 1348 4221
1284454161 767500 59.928046 10.805031 2696 8207
1284454162 768560 59.928046 10.805031 9436 1060
1284454163 769640 59.928046 10.805031 10784 1080
1284454164 770696 59.928046 10.805031 12132 1056
1284454165 771701 59.928046 10.805031 12132 1005
1284454166 772896 59.928046 10.805031 9436 1195
1284454167 773921 59.928046 10.805031 13480 1025
1284454172 778960 59.928046 10.805031 2696 5039
1284454173 779980 59.928046 10.805031 12132 1020
1284454175 782036 59.928046 10.805031 60468 2056
1284454176 783040 59.928046 10.805031 13480 1004
1284454177 784080 59.928046 10.805031 13480 1040
1284454178 785180 59.928046 10.805031 18872 1100
1284454179 786220 59.927553 10.80299 14828 1040
1284454181 787480 59.927389 10.802754 18872 1260
1284454182 788556 59.927389 10.802754 18872 1076
1284454183 789681 59.927241 10.802472 18872 1125
1284454184 790777 59.927102 10.802176 17524 1096
1284454185 791876 59.926962 10.801898 16176 1099
1284454190 796781 59.926962 10.801898 16176 4905
1284454191 797817 59.926826 10.801658 11556 1036
1284454192 798937 59.926683 10.801414 34276 1120
1284454193 800020 59.926538 10.801188 48528 1083
1284454195 801340 59.926538 10.801188 10784 1320
1284454196 802404 59.926404 10.800983 16176 1064
1284454197 803440 59.926271 10.800761 16176 1036
1284454198 804456 59.926144 10.800559 14828 1015
1284454199 805500 59.926144 10.800559 14828 1044
1284454200 806561 59.926024 10.80034 16176 1061
1284454203 809740 59.925902 10.800138 12132 3179
1284454204 810760 59.925781 10.799919 14828 1020
1284454205 811836 59.925781 10.799919 32160 1076
1284454206 813020 59.925668 10.799703 6740 1184
1284454207 814076 59.925559 10.799487 16176 1056
1284454208 815120 59.925465 10.799257 13480 1044
1284454209 816236 59.925465 10.799257 16176 1116
1284454211 817341 59.925377 10.79903 14828 1105
1284454212 818440 59.925304 10.79879 17524 1099
1284454213 819620 59.925231 10.798531 21568 1180
1284454214 820840 59.925231 10.798531 9436 1220
1284454216 823256 59.92517 10.798294 17524 2416
1284454218 824496 59.925102 10.798035 12132 1240
1284454219 825800 59.92505 10.797783 6740 1304
1284454220 826896 59.92505 10.797783 16176 1094
1284454223 830184 59.924994 10.797528 12132 3288
1284454224 831220 59.924938 10.797273 32352 1036
1284454225 832225 59.924877 10.797035 63356 1005
1284454227 833336 59.924877 10.797035 22916 1111
1284454228 834400 59.924821 10.79678 24264 1064
1284454229 835616 59.924772 10.796546 21568 1216
1284454230 836680 59.924716 10.796291 21568 1064
1284454232 838520 59.924716 10.796291 5392 1840
1284454233 839696 59.924667 10.796057 37552 1176
1284454234 840920 59.924622 10.795823 16176 1224
1284454235 841981 59.924571 10.795606 16176 1061
1284454236 843100 59.924571 10.795606 10784 1119
1284454237 844256 59.924518 10.795407 13480 1156
1284454238 845257 59.924478 10.795211 16176 1001
1284454239 846296 59.924437 10.795033 12132 1039
1284454241 847501 59.924437 10.795033 17524 1205
1284454242 848576 59.924401 10.794876 17524 1075
1284454243 849624 59.924378 10.794722 18872 1048
1284454248 855160 59.924341 10.794582 20428 5536
1284454250 856320 59.924341 10.794582 76628 1160
1284454252 858520 59.924314 10.794463 8088 2200
1284454254 860300 59.924296 10.794348 2696 1780
1284454255 861460 59.924276 10.79425 17524 1160
1284454256 862821 59.924276 10.79425 21568 1361
1284454257 863876 59.924254 10.79417 18872 1055
1284454258 864896 59.924242 10.794128 21568 1020
1284454259 866060 59.924229 10.794086 18872 1164
1284454261 867360 59.924229 10.794086 24264 1300
1284454262 868364 59.924223 10.794065 29656 1004
1284454264 870476 59.924223 10.794065 10592 2112
1284454265 871520 59.924216 10.794062 21568 1044
1284454266 872580 59.924216 10.794062 25612 1060
1284454267 873821 59.924216 10.794062 29656 1241
1284454268 874856 59.924216 10.794062 33700 1035
1284454269 876100 59.924208 10.794058 25612 1244
1284454270 877120 59.924208 10.794058 29656 1020
1284454275 881621 59.924212 10.794058 10208 4501
1284454276 882625 59.924214 10.794041 77412 1004
1284454277 883921 59.924214 10.794041 26960 1296
1284454280 886420 59.924214 10.794041 21776 2499
1284454281 887576 59.924206 10.794038 69888 1156
1284454282 888656 59.924211 10.794038 28308 1080
1284454283 889896 59.924211 10.794038 9244 1240
1284454284 890900 59.924211 10.794038 16176 1004
1284454285 892016 59.924211 10.794038 21568 1116
1284454286 893017 59.924211 10.794038 31004 1001
1284454287 894236 59.924215 10.794038 26960 1219
1284454288 895296 59.924215 10.794038 25612 1060
1284454290 896440 59.924215 10.794038 26960 1144
1284454293 899500 59.924209 10.794017 21568 3060
1284454294 900576 59.924203 10.793996 37744 1076
1284454295 901676 59.924203 10.793996 62008 1100
1284454296 902977 59.924186 10.793954 12132 1301
1284454297 904040 59.924172 10.793877 14828 1063
1284454298 905180 59.924147 10.793793 14828 1140
1284454299 906220 59.924147 10.793793 18872 1040
1284454300 907296 59.924127 10.793695 13480 1076
1284454303 909900 59.924127 10.793695 1348 2604
1284454305 911756 59.924127 10.793695 64512 1856
1284454306 912801 59.924127 10.793695 16176 1045
1284454307 914036 59.924127 10.793695 17524 1235
1284454308 915041 59.924127 10.793695 24264 1005
1284454309 916076 59.924127 10.793695 17524 1035
1284454310 917120 59.924127 10.793695 17524 1044
1284454311 918140 59.924127 10.793695 18872 1020
1284454312 919160 59.924127 10.793695 21568 1020
1284454313 920216 59.924127 10.793695 21568 1056
1284454317 923564 59.924127 10.793695 14828 3348
1284454318 924721 59.924127 10.793695 37744 1157
1284454319 925781 59.924127 10.793695 49876 1060
1284454320 926800 59.924127 10.793695 17524 1019
1284454321 927880 59.924127 10.793695 14828 1080
1284454322 928921 59.924127 10.793695 13480 1041
1284454323 930160 59.924127 10.793695 13480 1239
1284454324 931280 59.924127 10.793695 10784 1120
1284454326 932316 59.924127 10.793695 16176 1036
1284454327 933380 59.924127 10.793695 10784 1064
1284454328 934476 59.924127 10.793695 6740 1096
1284454329 935556 59.924127 10.793695 13480 1080
1284454333 939701 59.924127 10.793695 9436 4145
1284454334 940901 59.924127 10.793695 16176 1200
1284454336 942964 59.924127 10.793695 10592 2063
1284454337 944065 59.924127 10.793695 12132 1101
1284454338 945144 59.924127 10.793695 14828 1079
1284454340 946424 59.924127 10.793695 17524 1280
1284454341 947484 59.924127 10.793695 17524 1060
1284454342 948624 59.924127 10.793695 20220 1140
1284454343 949684 59.924127 10.793695 16176 1060
1284454344 950804 59.924127 10.793695 13480 1120
1284454345 951925 59.924127 10.793695 16176 1121
1284454346 952964 59.924127 10.793695 20220 1039
1284454347 954024 59.924127 10.793695 17524 1060
1284454351 957984 59.924127 10.793695 13272 3960
1284454352 959224 59.924127 10.793695 31212 1240
1284454353 960225 59.924127 10.793695 63356 1001
1284454354 961284 59.924127 10.793695 18872 1059
1284454356 962304 59.924127 10.793695 20220 1020
1284454357 963340 59.924127 10.793695 20220 1036
1284454359 965568 59.924127 10.793695 13480 2228
1284454360 966784 59.924127 10.793695 17524 1216
1284454361 967825 59.924127 10.793695 29864 1041
1284454362 968860 59.924127 10.793695 17124 1035
1284454363 969945 59.924127 10.793695 18872 1085
1284454364 971004 59.924127 10.793695 16176 1059
1284454365 972040 59.924127 10.793695 16176 1036
1284454366 973120 59.924127 10.793695 17524 1080
1284454367 974140 59.924127 10.793695 20220 1020
1284454368 975144 59.924127 10.793695 17524 1004
1284454369 976204 59.924127 10.793695 20220 1060
1284454370 977224 59.924127 10.793695 18872 1020
1284454372 978384 59.924127 10.793695 17524 1160
1284454375 981908 59.924127 10.793695 2696 3524
1284454376 983004 59.924127 10.793695 35048 1096
1284454377 984100 59.924127 10.793695 51224 1096
1284454378 985180 59.924127 10.793695 13480 1080
1284454379 986200 59.924127 10.793695 13480 1020
1284454380 987280 59.924127 10.793695 13480 1080
1284454381 988284 59.924127 10.793695 12132 1004
1284454383 989312 59.924127 10.793695 18872 1028
1284454384 990325 59.924127 10.793695 18872 1013
1284454387 993669 59.924127 10.793695 2696 3344
1284454389 995484 59.924127 10.793695 61816 1815
1284454390 996520 59.924127 10.793695 14828 1036
1284454391 997565 59.924127 10.793695 16176 1045
1284454392 998728 59.924127 10.793695 16176 1163
1284454393 999784 59.924127 10.793695 21568 1056
1284454394 1000804 59.924127 10.793695 17524 1020
1284454395 1001861 59.924127 10.793695 18872 1057
1284454399 1005809 59.924127 10.793695 21776 3948
1284454400 1006868 59.924127 10.793695 60452 1059
1284454401 1007884 59.924127 10.793695 20220 1015
1284454402 1008925 59.924127 10.793695 16176 1041
1284454403 1010144 59.924127 10.793695 21568 1219
1284454405 1011424 59.924127 10.793695 25612 1280
1284454406 1012524 59.924127 10.793695 17524 1100
1284454407 1013664 59.924127 10.793695 13480 1140
1284454408 1014880 59.924127 10.793695 16176 1216
1284454409 1016140 59.924127 10.793695 13480 1260
1284454410 1017184 59.924127 10.793695 13480 1044
1284454411 1018224 59.924127 10.793695 12132 1040
1284454413 1019320 59.924127 10.793695 14828 1096
1284454414 1020344 59.924127 10.793695 21568 1024
1284454416 1022845 59.924127 10.793695 15984 2501
