1287752293 278180 59.953644 10.865835 90654 687
1287752294 279373 59.953528 10.865707 118158 1012
1287752295 280380 59.953099 10.865277 113495 1007
1287752296 281392 59.952767 10.864899 106448 1012
1287752297 282400 59.952417 10.864458 103034 1008
1287752298 283632 59.95208 10.863897 120524 1232
1287752299 284640 59.951806 10.863265 121711 1008
1287752300 285652 59.951681 10.862916 93642 1012
1287752301 286660 59.951589 10.862559 130838 1008
1287752302 287672 59.951462 10.861831 132434 1012
1287752303 288680 59.951462 10.861831 120926 1008
1287752304 289682 59.951422 10.861491 130800 1002
1287752305 290684 59.951383 10.860919 126021 1002
1287752306 291700 59.951383 10.860919 146757 1016
1287752307 292720 59.951383 10.860919 151848 1020
1287752308 293740 59.951387 10.860434 109386 1020
1287752309 294752 59.951377 10.860213 119846 1012
1287752310 295760 59.951364 10.859975 119066 1008
1287752311 296780 59.951311 10.859632 126775 1020
1287752312 297796 59.951311 10.859632 143090 1016
1287752313 298800 59.951311 10.859632 116037 1004
1287752314 299820 59.951279 10.859386 112656 1020
1287752315 300832 59.951266 10.859292 147744 1012
1287752316 301860 59.951266 10.859292 114414 1028
1287752317 302873 59.95126 10.859218 160056 1013
1287752318 303880 59.951249 10.859106 125249 1007
1287752319 304900 59.951237 10.859064 143041 1020
1287752320 305912 59.951237 10.859064 124610 1012
1287752322 307012 59.951237 10.859064 143831 1100
1287752323 308172 59.951267 10.85913 162389 1160
1287752324 309400 59.951286 10.859154 174898 1228
1287752325 310412 59.951286 10.859154 171000 1012
1287752326 311420 59.951345 10.859213 133053 1008
1287752327 312425 59.951374 10.859258 146941 1005
1287752328 313432 59.951374 10.859258 183312 1007
1287752329 314436 59.951416 10.859289 110173 1004
1287752330 315440 59.951441 10.859296 154584 1004
1287752331 316448 59.951441 10.859296 131751 1008
1287752332 317453 59.951453 10.8593 157320 1005
1287752333 318480 59.951451 10.859279 112220 1027
1287752334 319492 59.951444 10.859275 116781 1012
1287752335 320500 59.951433 10.859254 155952 1008
1287752336 321504 59.951419 10.85923 128143 1004
1287752337 322513 59.951419 10.85923 177840 1009
1287752338 323533 59.951383 10.859181 133032 1020
1287752339 324540 59.951381 10.85916 112883 1007
1287752340 325548 59.951381 10.85916 168264 1008
1287752341 326552 59.951399 10.859094 130605 1004
1287752342 327640 59.951415 10.859044 153767 1088
1287752343 328645 59.951415 10.859044 181944 1005
1287752344 329660 59.951434 10.85883 138339 1015
1287752345 330673 59.951438 10.858686 132628 1013
1287752346 331676 59.951438 10.858686 109440 1003
1287752347 332680 59.951465 10.858384 108764 1004
1287752348 333693 59.951484 10.858208 149112 1013
1287752349 334716 59.951484 10.858208 102600 1023
1287752350 335732 59.951496 10.857829 29314 1016
1287752351 336740 59.951489 10.857625 143640 1008
1287752352 337741 59.951489 10.857625 110808 1001
1287752353 338773 59.95142 10.857202 29727 1032
1287752354 339980 59.951369 10.856985 28728 1207
1287752355 340992 59.951369 10.856985 45144 1012
1287752357 342032 59.951193 10.856563 109274 1040
1287752358 343040 59.95108 10.856361 140904 1008
1287752359 344053 59.950961 10.856176 91875 1013
1287752360 345100 59.950834 10.855988 131328 1047
1287752361 346540 59.950834 10.855988 13680 1440
1287752362 347893 59.950834 10.855988 9576 1353
1287752363 348905 59.950462 10.855429 131834 1012
1287752364 349913 59.950325 10.855273 115174 1008
1287752365 350920 59.95019 10.855137 116280 1007
1287752366 351933 59.949895 10.854966 97028 1013
1287752367 352952 59.94974 10.854916 139338 1019
1287752369 354017 59.949588 10.854883 49248 1065
1287752370 355032 59.94943 10.854867 23256 1014
1287752371 356033 59.94943 10.854867 34200 1001
1287752372 357040 59.94943 10.854867 10944 1007
1287752373 358073 59.94943 10.854867 33470 1033
1287752374 359080 59.94943 10.854867 73872 1007
1287752375 360272 59.94943 10.854867 92022 1192
1287752376 361280 59.94943 10.854867 109440 1008
1287752377 362512 59.94943 10.854867 64694 1232
1287752378 363541 59.94943 10.854867 56088 1029
1287752379 364552 59.948156 10.854646 73872 1011
1287752380 365560 59.94809 10.854661 65199 1008
1287752381 366581 59.948035 10.854627 64296 1021
1287752382 367613 59.947979 10.854571 47880 1032
1287752383 368692 59.947979 10.854571 21888 1079
1287752384 369752 59.947864 10.854373 36205 1059
1287752385 370760 59.947803 10.854226 97128 1008
1287752386 371933 59.947728 10.854041 83419 1173
1287752387 372941 59.947658 10.853856 73872 1008
1287752388 373952 59.947577 10.85365 84816 1011
1287752389 374960 59.947511 10.853465 88696 1008
1287752390 375973 59.947445 10.85328 91656 1013
1287752391 376980 59.947376 10.853077 55933 1007
1287752392 377981 59.947304 10.852871 150480 1001
1287752394 379100 59.947179 10.852483 163811 1119
1287752395 380112 59.947059 10.852078 194401 1012
1287752396 381172 59.946987 10.851872 173752 1060
1287752397 382184 59.946987 10.851872 128592 1012
1287752398 383420 59.946862 10.851481 53737 1236
1287752399 384436 59.946784 10.851306 82080 1016
1287752400 385440 59.946711 10.851132 86249 1004
1287752401 386465 59.946639 10.85094 129960 1025
1287752402 387472 59.946561 10.850766 94392 1007
1287752403 388473 59.946561 10.850766 99794 1001
1287752404 389480 59.946495 10.850595 135432 1007
1287752405 390493 59.946354 10.850253 92987 1013
1287752406 391573 59.946291 10.850086 126880 1080
1287752407 392593 59.946228 10.849918 120384 1020
1287752408 393705 59.946152 10.849765 115694 1112
1287752409 394712 59.946152 10.849765 135432 1007
1287752410 395721 59.945996 10.849441 109329 1009
1287752411 396732 59.945919 10.849287 183469 1011
1287752412 397872 59.945845 10.849155 190536 1140
1287752413 398873 59.945777 10.848988 220248 1001
1287752414 399893 59.945703 10.848855 148874 1020
1287752415 400940 59.945628 10.848723 166229 1047
1287752416 401944 59.945555 10.848573 210672 1004
1287752418 403172 59.94548 10.84844 199011 1228
1287752419 404173 59.945397 10.848305 196992 1001
1287752420 405180 59.945222 10.848012 150943 1007
1287752421 406193 59.945222 10.848012 157709 1013
1287752422 407200 59.945024 10.847748 139580 1007
1287752423 408300 59.944932 10.847627 180419 1100
1287752424 409316 59.944932 10.847627 166896 1016
1287752425 410320 59.94485 10.847491 135432 1004
1287752426 411333 59.944687 10.847255 80204 1013
1287752427 412352 59.944687 10.847255 131328 1019
1287752428 413353 59.944588 10.847077 68843 1001
1287752429 414360 59.944566 10.847035 137651 1007
1287752430 415384 59.944545 10.846993 172499 1024
1287752431 416393 59.944542 10.846976 206486 1009
1287752432 417405 59.944539 10.846958 196058 1012
1287752433 418413 59.944539 10.846958 202897 1008
1287752434 419424 59.944538 10.846962 198485 1011
1287752435 420893 59.944542 10.846947 258800 1469
1287752436 421901 59.944542 10.846947 258552 1008
1287752437 422904 59.944541 10.846951 216871 1003
1287752438 423905 59.944548 10.846954 215657 1001
1287752439 424973 59.944544 10.846954 225477 1068
1287752441 426072 59.944547 10.846958 216501 1099
1287752442 427080 59.944547 10.846958 103968 1008
1287752443 428088 59.944547 10.846958 87552 1008
1287752444 429300 59.944544 10.846954 121538 1212
1287752445 430301 59.944544 10.846954 180576 1001
1287752446 431304 59.944552 10.846958 177840 1003
1287752447 432312 59.94455 10.846975 143512 1008
1287752448 433325 59.94455 10.846975 205873 1013
1287752449 434333 59.944555 10.846975 111933 1008
1287752450 435340 59.944562 10.846978 173736 1007
1287752451 436341 59.944562 10.846978 139914 1001
1287752452 437952 59.944562 10.846978 122942 1611
1287752453 438957 59.944562 10.846978 149112 1005
1287752454 439960 59.94457 10.846982 193321 1003
1287752455 441005 59.944562 10.846978 172130 1045
1287752457 442012 59.944562 10.846978 232560 1007
1287752458 443014 59.944542 10.846919 158451 1002
1287752459 444025 59.944524 10.846895 201096 1011
1287752460 445036 59.944524 10.846895 155540 1011
1287752461 446041 59.9445 10.846849 190152 1005
1287752462 447045 59.944429 10.846717 139759 1004
1287752463 448053 59.944429 10.846717 177840 1007
1287752464 449060 59.944333 10.846557 139992 1007
1287752465 450072 59.944275 10.846428 162792 1012
1287752466 451080 59.944275 10.846428 106855 1008
1287752467 452093 59.944128 10.846142 109282 1013
1287752468 453100 59.944053 10.845972 135432 1007
1287752469 454140 59.944053 10.845972 58225 1040
1287752470 455300 59.943959 10.845794 69768 1160
1287752471 456312 59.943858 10.845595 129960 1012
1287752472 457320 59.943768 10.845365 53352 1008
1287752473 458333 59.943683 10.845117 40034 1013
1287752474 459352 59.943594 10.844869 93024 1019
1287752475 460373 59.943502 10.844618 87552 1021
1287752476 461381 59.943415 10.844353 127516 1008
1287752477 462392 59.943222 10.843836 124354 1011
1287752478 463393 59.943222 10.843836 166896 1001
1287752479 464397 59.94302 10.843295 127115 1004
1287752480 465400 59.942914 10.843044 155952 1003
1287752481 466413 59.942914 10.843044 130321 1013
1287752482 467421 59.942807 10.842772 171000 1008
1287752483 468425 59.942699 10.842517 184680 1004
1287752484 469520 59.942585 10.842262 136240 1095
1287752485 470525 59.942475 10.842025 169632 1005
1287752486 471741 59.942365 10.841788 112176 1216
1287752487 472752 59.942263 10.841555 89437 1011
1287752488 473760 59.942153 10.841318 132696 1008
1287752489 474781 59.942046 10.841084 145008 1021
1287752490 475785 59.941937 10.840868 150480 1004
1287752491 476796 59.941821 10.840649 128716 1011
1287752492 477813 59.941607 10.840181 130671 1017
1287752493 478832 59.941607 10.840181 123120 1019
1287752494 479836 59.941456 10.839752 85243 1004
1287752495 480840 59.94141 10.839574 109440 1004
1287752496 481860 59.941356 10.839392 61924 1020
1287752497 482861 59.941322 10.839217 88920 1001
1287752498 483925 59.941322 10.839217 65664 1064
1287752499 484941 59.941322 10.839217 80694 1016
1287752500 485973 59.941322 10.839217 90288 1032
1287752501 486981 59.941322 10.839217 79344 1008
1287752502 488000 59.941322 10.839217 65664 1019
1287752504 489021 59.941322 10.839217 45216 1021
1287752505 490025 59.941322 10.839217 65664 1004
1287752506 491040 59.941322 10.839217 47880 1015
1287752507 492061 59.941016 10.838011 42408 1021
1287752508 493093 59.940993 10.838039 46512 1032
1287752509 494112 59.940977 10.83805 42225 1019
1287752510 495260 59.940967 10.838064 62928 1148
1287752511 496292 59.940942 10.838089 84816 1032
1287752512 497301 59.940916 10.838114 57203 1009
1287752513 498312 59.94091 10.838146 73872 1011
1287752514 499316 59.940902 10.838195 77976 1004
1287752515 500320 59.94091 10.838213 61313 1004
1287752516 501345 59.940919 10.838251 102600 1025
1287752517 502360 59.940911 10.838301 76588 1015
1287752518 503361 59.940911 10.838301 106704 1001
1287752519 504365 59.940915 10.838318 92954 1004
1287752520 505464 59.940907 10.838315 109440 1099
1287752521 506485 59.940905 10.838332 87578 1021
1287752522 507493 59.940902 10.838368 103968 1007
1287752523 508512 59.940898 10.838382 77200 1019
1287752524 509516 59.940896 10.838399 105336 1004
1287752525 510524 59.940895 10.838417 103968 1008
1287752526 511533 59.940894 10.838434 83797 1009
1287752527 512544 59.940889 10.838434 120384 1011
1287752528 513552 59.940892 10.838452 91798 1008
1287752529 514573 59.940892 10.838452 97128 1021
1287752530 515601 59.940906 10.838438 94392 1028
1287752531 516613 59.940915 10.838438 71422 1012
1287752532 517632 59.940915 10.838438 88920 1019
1287752533 518640 59.940918 10.838455 101232 1008
1287752534 519653 59.940939 10.838459 85242 1013
1287752535 520661 59.940939 10.838459 102600 1008
1287752536 521673 59.940951 10.838476 91118 1012
1287752537 522680 59.940957 10.838459 120384 1007
1287752538 523693 59.940961 10.838459 81575 1013
1287752539 524712 59.940966 10.838459 113544 1019
1287752540 525725 59.940966 10.838459 102253 1013
1287752541 526752 59.940966 10.838459 103968 1027
1287752542 527753 59.940969 10.838476 74812 1001
1287752543 528760 59.940973 10.838476 125856 1007
1287752544 529773 59.940981 10.83848 111601 1013
1287752545 530792 59.940981 10.83848 147744 1019
1287752546 531800 59.940993 10.838483 102600 1008
1287752547 532813 59.940993 10.838483 52449 1013
1287752548 533821 59.941004 10.838504 57456 1007
1287752549 534832 59.941011 10.838507 62928 1011
1287752550 535853 59.941013 10.83849 67032 1021
1287752552 537020 59.941001 10.838486 43800 1167
1287752553 538026 59.940998 10.838469 73872 1006
1287752554 539053 59.940986 10.838466 61560 1027
1287752555 540072 59.940975 10.838445 43376 1019
1287752556 541093 59.94097 10.838445 50616 1021
1287752557 542141 59.940967 10.838427 50616 1048
1287752558 543173 59.940958 10.838389 24539 1032
1287752559 544181 59.940928 10.838308 96049 1008
1287752560 545192 59.940914 10.83827 88886 1011
1287752561 546200 59.940895 10.838193 93024 1008
1287752562 547213 59.940871 10.838095 79649 1013
1287752563 548232 59.940806 10.837839 70751 1019
1287752564 549253 59.940754 10.837679 87552 1021
1287752565 550540 59.940754 10.837679 46512 1287
1287752566 551553 59.940616 10.837273 23883 1012
1287752567 552732 59.940534 10.837047 64296 1179
1287752568 553733 59.940534 10.837047 73872 1001
1287752569 554744 59.940343 10.836551 78385 1011
1287752570 555756 59.940237 10.8363 105336 1012
1287752571 556773 59.940237 10.8363 83826 1017
1287752572 557792 59.94 10.835808 94619 1019
1287752573 558801 59.939869 10.835568 131328 1009
1287752574 559813 59.939736 10.835345 104854 1012
1287752576 561012 59.939453 10.834875 142877 1199
1287752577 562040 59.939453 10.834875 64296 1028
1287752578 563112 59.939312 10.834649 24624 1072
1287752580 565912 59.939178 10.834444 17784 2800
1287752581 566913 59.939046 10.834221 77953 1001
1287752582 567932 59.938911 10.834016 60192 1019
1287752584 570005 59.938764 10.833825 23256 2073
1287752586 571013 59.93863 10.83362 53352 1008
1287752587 572025 59.938494 10.833432 73197 1012
1287752588 573032 59.938202 10.833068 108890 1007
1287752589 574033 59.938202 10.833068 99864 1001
1287752590 575045 59.937915 10.832724 66168 1012
1287752591 576052 59.937771 10.832551 81391 1007
1287752592 577165 59.937469 10.832253 136673 1113
1287752593 578173 59.937314 10.832112 169080 1008
1287752594 579184 59.936997 10.83186 165989 1011
1287752595 580185 59.936848 10.83174 142459 1001
1287752596 581192 59.936579 10.831558 157609 1007
1287752597 582264 59.936464 10.831482 148259 1072
1287752598 583333 59.936368 10.831413 134710 1069
1287752599 584344 59.936282 10.831366 113544 1011
1287752600 585360 59.936206 10.831304 65116 1016
1287752601 586384 59.936206 10.831304 42408 1024
1287752602 587392 59.936085 10.831207 121497 1008
1287752603 588412 59.936034 10.831173 182417 1020
1287752604 589432 59.935978 10.831118 201770 1020
1287752605 590433 59.935928 10.831083 189866 1001
1287752606 591445 59.935885 10.831052 185881 1012
1287752607 592453 59.93584 10.831004 175870 1008
1287752608 593966 59.935802 10.830973 16384 1513
1287752609 594972 59.935773 10.830966 502747 1006
1287752610 595984 59.93575 10.830942 169136 1012
1287752611 597005 59.935711 10.830914 171707 1021
1287752613 598017 59.935711 10.830914 179240 1012
1287752614 599024 59.935682 10.830907 186287 1006
1287752615 600025 59.93569 10.830911 174869 1001
1287752616 601032 59.93569 10.830911 176660 1007
1287752617 602053 59.935717 10.830921 184787 1021
1287752618 603064 59.935725 10.830924 284544 1011
1287752619 604072 59.935725 10.830924 215386 1008
1287752620 605085 59.935734 10.83091 258552 1013
1287752621 606092 59.935753 10.830917 109407 1007
1287752622 607093 59.935753 10.830917 159541 1001
1287752623 608104 59.935794 10.830912 230016 1011
1287752624 609105 59.935826 10.830922 228327 1001
1287752625 610112 59.935826 10.830922 228860 1007
1287752626 611124 59.935873 10.830953 220939 1012
1287752627 612125 59.93589 10.830957 198895 1001
1287752628 613128 59.93589 10.830957 200976 1003
1287752629 614245 59.935893 10.830974 232556 1117
1287752630 615253 59.935893 10.830974 240768 1008
1287752631 616265 59.935893 10.830974 181205 1012
1287752632 617272 59.935861 10.830926 179236 1007
1287752633 618285 59.935841 10.830919 190152 1013
1287752634 619293 59.935841 10.830919 161424 1008
1287752635 620312 59.935774 10.830896 109629 1019
1287752636 621325 59.935733 10.8309 161424 1012
1287752637 622333 59.935733 10.8309 154198 1008
1287752638 623405 59.935654 10.830873 189820 1072
1287752639 624413 59.935595 10.830853 225720 1008
1287752640 625425 59.935508 10.83077 137008 1012
1287752641 626432 59.935409 10.830683 198360 1007
1287752642 627448 59.935323 10.8306 170176 1016
1287752643 628472 59.935323 10.8306 176472 1024
1287752644 629485 59.935112 10.830386 247471 1013
1287752645 630705 59.935003 10.83024 298191 1220
1287752646 631712 59.935003 10.83024 168264 1007
1287752648 633885 59.934901 10.830098 60192 2173
1287752649 634916 59.934705 10.82976 204656 1031
1287752650 635944 59.934705 10.82976 58824 1028
1287752651 636973 59.934612 10.829565 51984 1029
1287752652 637981 59.934497 10.829328 77976 1008
1287752653 638992 59.934373 10.829067 86184 1011
1287752655 640152 59.934373 10.829067 36936 1160
1287752656 641181 59.934246 10.828788 34200 1029
1287752657 642665 59.934018 10.82822 50415 1484
1287752658 643672 59.934018 10.82822 142272 1007
1287752659 644872 59.933905 10.827927 190183 1200
1287752660 645880 59.933686 10.827345 120384 1008
1287752662 647085 59.933686 10.827345 34200 1205
1287752663 648093 59.933494 10.826734 160797 1008
1287752664 649105 59.933393 10.826444 171000 1012
1287752665 650125 59.933297 10.826175 141672 1020
1287752666 651152 59.933222 10.825913 171014 1027
1287752667 652173 59.933144 10.825648 136557 1021
1287752668 653181 59.932995 10.825107 143472 1008
1287752669 654184 59.932939 10.824851 187416 1003
1287752670 655196 59.93289 10.824617 156954 1012
1287752671 656197 59.932855 10.824404 213408 1001
1287752672 657205 59.932817 10.82419 164786 1008
1287752673 658213 59.932781 10.823994 214776 1008
1287752674 659224 59.93271 10.823641 158489 1011
1287752675 660232 59.93271 10.823641 177840 1008
1287752676 661245 59.932648 10.823365 129228 1013
1287752677 662253 59.932622 10.823246 168264 1008
1287752678 663272 59.932594 10.823145 127412 1019
1287752679 664284 59.932566 10.823044 143640 1012
1287752680 665285 59.932549 10.822949 143640 1001
1287752681 666293 59.932534 10.82289 77305 1008
1287752682 667305 59.932523 10.822869 155952 1012
1287752683 668552 59.932513 10.822848 164074 1247
1287752684 669553 59.932499 10.822862 158688 1001
1287752685 670556 59.932481 10.822862 119778 1003
1287752686 671685 59.932469 10.822859 111628 1129
1287752687 672693 59.932469 10.822859 166896 1008
1287752688 673701 59.932469 10.822859 110389 1008
1287752689 674752 59.932469 10.822859 119118 1051
1287752690 675765 59.932469 10.822859 146376 1013
1287752691 676773 59.932469 10.822859 129037 1008
1287752692 677785 59.932469 10.822859 124995 1012
1287752693 678813 59.932469 10.822859 125348 1028
1287752694 679825 59.932469 10.822859 154584 1012
1287752695 680833 59.932362 10.822912 119882 1008
1287752696 681845 59.932381 10.822975 114174 1012
1287752697 682985 59.932381 10.822975 93024 1140
1287752699 684164 59.932408 10.823076 112344 1179
1287752700 685173 59.932425 10.823118 101232 1009
1287752701 686181 59.932425 10.823118 106704 1008
1287752702 687192 59.932425 10.823118 114912 1011
1287752703 688204 59.932425 10.823118 97698 1012
1287752704 689224 59.932425 10.823118 142272 1020
1287752705 690232 59.932475 10.823191 169632 1008
1287752706 691248 59.932484 10.8231 142500 1016
1287752707 692253 59.932484 10.8231 198360 1005
1287752708 693265 59.932452 10.822922 121007 1012
1287752709 694272 59.932407 10.82274 99864 1007
1287752710 695284 59.932351 10.822537 49575 1012
1287752711 696545 59.932297 10.822317 131328 1261
1287752712 697625 59.932236 10.822094 109544 1080
1287752713 698632 59.932188 10.821856 77976 1007
1287752714 699636 59.932127 10.821615 91656 1004
1287752715 700653 59.93207 10.821339 103968 1017
1287752716 701672 59.932009 10.821063 76540 1019
1287752717 702684 59.931939 10.820783 91656 1012
1287752718 703693 59.931873 10.820469 91656 1009
1287752719 704705 59.931793 10.820168 65636 1012
1287752720 705712 59.931722 10.819854 88920 1007
1287752721 706740 59.931649 10.819557 80712 1028
1287752722 707741 59.931649 10.819557 65664 1001
1287752723 708832 59.93148 10.818956 69393 1091
1287752724 709836 59.931396 10.818655 82080 1004
1287752725 710857 59.931396 10.818655 69768 1021
1287752726 711880 59.931299 10.818352 51984 1023
1287752727 712885 59.931095 10.817776 27731 1005
1287752728 713893 59.931095 10.817776 25992 1008
1287752729 714905 59.930974 10.817518 86184 1012
1287752731 716141 59.930706 10.817084 126273 1236
1287752732 717144 59.930706 10.817084 176472 1003
1287752733 718152 59.930425 10.816699 160130 1008
1287752734 719165 59.930301 10.816476 138875 1013
1287752735 720192 59.930031 10.816059 178423 1027
1287752736 721333 59.929892 10.815816 200595 1141
1287752737 722348 59.929649 10.815303 186480 1015
1287752738 723352 59.929536 10.815049 176274 1004
1287752739 724357 59.929432 10.81478 200495 1005
1287752740 725404 59.929345 10.814501 181058 1047
1287752741 726501 59.929262 10.814222 203928 1097
1287752742 727665 59.929191 10.813945 225600 1164
1287752743 728672 59.929048 10.813397 193551 1007
1287752744 729688 59.929048 10.813397 182179 1016
1287752745 730692 59.92899 10.813162 202743 1004
1287752746 731705 59.928916 10.812749 214871 1012
1287752747 732713 59.928916 10.812749 198964 1008
1287752748 733728 59.928916 10.812749 188784 1015
1287752749 734745 59.928885 10.812405 63843 1017
1287752750 735752 59.928868 10.812258 124488 1007
1287752751 736764 59.928868 10.812258 154584 1012
1287752752 737781 59.928849 10.812023 112877 1017
1287752753 738793 59.928835 10.811893 69213 1012
1287752754 739805 59.928835 10.811893 77976 1012
1287752755 740812 59.928813 10.811655 123778 1007
1287752756 741825 59.928813 10.811549 205717 1012
1287752757 742832 59.928813 10.811549 232560 1007
1287752758 743844 59.92882 10.811356 202636 1012
1287752759 744861 59.928824 10.811251 158157 1017
1287752760 745872 59.928824 10.811251 176472 1011
1287752761 746884 59.92884 10.811149 161087 1012
1287752762 747885 59.928865 10.810941 177597 1001
1287752763 748893 59.928881 10.810801 186476 1008
1287752764 749904 59.928892 10.810678 162792 1011
1287752765 750905 59.928894 10.810552 117648 1001
1287752766 751925 59.928894 10.810552 116280 1020
1287752767 752944 59.92887 10.810307 58919 1019
1287752768 753956 59.928856 10.810191 64296 1012
1287752769 754965 59.928856 10.810191 106704 1009
1287752770 755984 59.928839 10.810058 88920 1019
1287752772 757072 59.928817 10.809795 77717 1088
1287752773 758085 59.928817 10.809795 95760 1013
1287752774 759093 59.928812 10.809666 91656 1008
1287752775 760105 59.928786 10.8094 63528 1012
1287752776 761112 59.928786 10.8094 114912 1007
1287752777 762125 59.928764 10.809098 86495 1013
1287752778 763133 59.928756 10.808965 109440 1008
1287752779 764144 59.928756 10.808965 98496 1011
1287752780 765152 59.928724 10.808679 96671 1008
1287752781 766173 59.928705 10.808525 134064 1021
1287752782 767192 59.928705 10.808525 97128 1019
1287752783 768213 59.928684 10.808406 136800 1021
1287752784 769221 59.928666 10.808273 97769 1008
1287752785 770232 59.928666 10.808273 73872 1011
1287752786 771264 59.928666 10.808273 113544 1032
1287752787 772265 59.928666 10.808273 99511 1001
1287752788 773464 59.928666 10.808273 142069 1199
1287752789 774485 59.928666 10.808273 97128 1021
1287752790 775493 59.928666 10.808273 102600 1007
1287752791 776504 59.928666 10.808273 103774 1011
1287752792 777512 59.928666 10.808273 94412 1008
1287752793 778544 59.928666 10.808273 88920 1032
1287752794 779552 59.928666 10.808273 83585 1008
1287752795 780573 59.928666 10.808273 76608 1021
1287752796 781605 59.928666 10.808273 82080 1032
1287752797 782613 59.928666 10.808273 66948 1008
1287752798 783625 59.928666 10.808273 76608 1012
1287752799 784652 59.928666 10.808273 50831 1027
1287752800 785653 59.928335 10.806146 112176 1001
1287752801 786665 59.928351 10.806097 115628 1012
1287752802 787713 59.928343 10.806093 138096 1048
1287752803 788725 59.928343 10.806093 120384 1012
1287752804 789765 59.928343 10.806093 105148 1040
1287752805 790772 59.928343 10.806093 160056 1007
1287752806 791773 59.928341 10.806129 111390 1001
1287752807 792785 59.928342 10.80615 168264 1012
1287752808 793792 59.928342 10.80615 141044 1007
1287752809 794805 59.928335 10.806185 129834 1013
1287752810 795817 59.928341 10.806206 136187 1012
1287752811 796821 59.928341 10.806206 131328 1004
1287752812 797824 59.928352 10.806212 147591 1003
1287752813 798844 59.928358 10.806233 76726 1020
1287752814 799865 59.928358 10.806233 187416 1020
1287752815 800872 59.928358 10.806272 136511 1007
1287752816 801873 59.928351 10.806268 156290 1001
1287752817 802893 59.928351 10.806268 165528 1020
1287752818 803905 59.928348 10.806303 71594 1012
1287752819 804925 59.928346 10.806321 168264 1020
1287752820 805933 59.928346 10.806321 119788 1008
1287752821 806944 59.928335 10.8063 136800 1011
1287752822 807953 59.928323 10.806258 113544 1009
1287752824 809446 59.928323 10.806258 16384 1492
1287752825 810461 59.9283 10.806104 223599 1015
1287752826 811465 59.928298 10.805992 86184 1004
1287752827 812472 59.928298 10.805992 95760 1007
1287752828 813493 59.928295 10.80575 81592 1021
1287752829 814504 59.928296 10.805603 113544 1011
1287752830 815505 59.928291 10.805435 103595 1001
1287752831 816525 59.928273 10.805264 146376 1020
1287752832 817528 59.928273 10.805264 120762 1003
1287752833 818544 59.928273 10.805264 205200 1016
1287752834 819545 59.928273 10.805264 194353 1001
1287752835 820653 59.928273 10.805264 118519 1108
1287752836 821664 59.928273 10.805264 201191 1011
1287752837 822684 59.928273 10.805264 209304 1020
1287752838 823685 59.928273 10.805264 133480 1001
1287752839 824693 59.928273 10.805264 96400 1008
1287752840 825732 59.928273 10.805264 97128 1039
1287752841 826805 59.928273 10.805264 119089 1073
1287752842 827825 59.928273 10.805264 229824 1020
1287752843 828832 59.928273 10.805264 173772 1007
1287752844 829845 59.928273 10.805264 238032 1013
1287752845 830853 59.928273 10.805264 179665 1008
1287752847 832061 59.928273 10.805264 159549 1208
1287752848 833064 59.928273 10.805264 120384 1003
1287752849 834072 59.928273 10.805264 62928 1008
1287752850 835085 59.928273 10.805264 79094 1013
1287752851 836093 59.928273 10.805264 113544 1008
1287752852 837101 59.928273 10.805264 117648 1008
1287752853 838112 59.928273 10.805264 98492 1011
1287752854 839128 59.928273 10.805264 181944 1016
1287752855 840145 59.928273 10.805264 103638 1017
1287752856 841164 59.928273 10.805264 99864 1019
1287752858 843133 59.928273 10.805264 23256 1968
1287752859 844525 59.928273 10.805264 51996 1392
1287752860 845645 59.928273 10.805264 54720 1119
1287752861 846653 59.928273 10.805264 71136 1008
1287752862 847693 59.928273 10.805264 68400 1040
1287752864 849292 59.928273 10.805264 38391 1599
1287752865 850293 59.928273 10.805264 87552 1001
1287752866 851813 59.928273 10.805264 79213 1520
1287752867 852821 59.928273 10.805264 110808 1008
1287752868 853825 59.928273 10.805264 110101 1004
1287752869 854845 59.928273 10.805264 134064 1020
1287752870 855853 59.928273 10.805264 129090 1007
1287752871 856865 59.927598 10.798824 129670 1012
1287752872 857872 59.927466 10.798812 113299 1007
1287752873 858893 59.927349 10.798807 165528 1021
1287752874 859912 59.927241 10.798788 76128 1019
1287752876 861704 59.927135 10.798751 28728 1792
1287752877 862725 59.927032 10.798717 49248 1021
1287752878 863752 59.926933 10.798684 53714 1027
1287752879 864773 59.926842 10.798654 62928 1021
1287752880 865792 59.926748 10.798606 54720 1019
1287752881 866825 59.926646 10.798502 44498 1033
1287752882 867832 59.926541 10.798381 64296 1007
1287752883 868848 59.926434 10.798239 75240 1016
1287752884 869853 59.926324 10.798079 70971 1005
1287752885 870865 59.926227 10.797923 114912 1012
1287752886 871872 59.926127 10.797745 147744 1007
1287752887 872885 59.926045 10.797557 106223 1013
1287752888 873893 59.92595 10.797365 116280 1008
1287752889 874901 59.92586 10.797174 119016 1008
1287752890 875904 59.925782 10.796986 85556 1003
1287752891 876912 59.925701 10.79678 124488 1008
1287752892 877925 59.925523 10.796361 97341 1013
1287752894 879084 59.925433 10.79617 148787 1159
1287752895 880093 59.925355 10.795982 162792 1009
1287752896 881101 59.925265 10.79579 142350 1008
1287752897 882104 59.92512 10.795473 142651 1003
1287752898 883125 59.925046 10.795323 107297 1021
1287752899 884152 59.924909 10.795062 113772 1027
1287752900 885165 59.924852 10.794954 105336 1013
1287752901 886184 59.924852 10.794954 74513 1019
1287752902 887192 59.924808 10.79485 138168 1008
1287752903 888205 59.92473 10.7947 111223 1013
1287752904 889208 59.92473 10.7947 79553 1003
1287752905 890284 59.924686 10.794634 130535 1076
1287752906 891453 59.924674 10.794631 157703 1168
1287752907 892473 59.924674 10.794631 76608 1020
1287752908 893664 59.92466 10.794645 46512 1191
1287752909 894906 59.924654 10.794662 16384 1242
1287752910 895925 59.924641 10.794677 121588 1019
1287752911 896933 59.924626 10.794708 88398 1008
1287752912 897941 59.924612 10.794723 123120 1008
1287752913 898965 59.924612 10.794723 101162 1024
1287752914 899973 59.924612 10.794723 146376 1008
1287752915 900985 59.924611 10.79474 113076 1012
1287752916 901992 59.924611 10.79474 194256 1007
1287752917 903005 59.924611 10.79474 161952 1013
1287752919 904012 59.924611 10.79474 146639 1007
1287752920 905024 59.924611 10.79474 158417 1012
1287752921 906025 59.924611 10.79474 160226 1001
1287752922 907032 59.924611 10.79474 151154 1007
1287752923 908041 59.924614 10.794887 155433 1009
1287752924 909165 59.924594 10.794881 167015 1124
1287752925 910245 59.924594 10.794881 149112 1080
1287752926 911253 59.924532 10.794805 109520 1008
1287752927 912465 59.924509 10.794742 149951 1212
1287752928 913472 59.924509 10.794742 143640 1007
1287752929 914512 59.924469 10.794637 121752 1040
1287752930 915525 59.924469 10.794637 58491 1013
1287752931 916533 59.924469 10.794637 112176 1008
1287752932 917552 59.924469 10.794637 83693 1019
1287752933 918565 59.924469 10.794637 106704 1013
1287752934 919577 59.924469 10.794637 86184 1012
1287752935 920592 59.924469 10.794637 58824 1015
1287752936 921624 59.924469 10.794637 19152 1032
1287752937 922860 59.924469 10.794637 10944 1236
1287752938 923893 59.924469 10.794637 44763 1032
1287752939 924933 59.924469 10.794637 28728 1040
1287752941 926024 59.924469 10.794637 15048 1091
1287752942 927152 59.924469 10.794637 10944 1128
1287752990 975801 59.924469 10.794637 2736 48649
1287752991 977001 59.924469 10.794637 4104 1200
1287752993 978357 59.924469 10.794637 6840 1356
1287752994 979497 59.924469 10.794637 8208 1140
1287752995 980577 59.924469 10.794637 6840 1080
1287752996 981681 59.924469 10.794637 5472 1104
1287752997 982721 59.924469 10.794637 20520 1040
1287752998 983745 59.924469 10.794637 16416 1024
1287752999 984777 59.924469 10.794637 17784 1032
1287753000 985881 59.924469 10.794637 16416 1104
1287753002 987041 59.924469 10.794637 20520 1160
1287753003 988181 59.924469 10.794637 13680 1140
1287753005 990221 59.924469 10.794637 10575 2040
1287753006 991541 59.924469 10.794637 17784 1320
1287753007 992697 59.924469 10.794637 21888 1156
1287753008 993801 59.924469 10.794637 21888 1104
1287753009 994857 59.924469 10.794637 19152 1056
1287753010 995901 59.924469 10.794637 9304 1044
1287753011 996961 59.924469 10.794637 16416 1060
1287753013 998097 59.924469 10.794637 23256 1136
1287753014 999181 59.924469 10.794637 16416 1084
1287753015 1000361 59.924469 10.794637 14282 1180
1287753016 1001397 59.924469 10.794637 27360 1036
1287753017 1002481 59.924469 10.794637 16416 1084
1287753018 1003521 59.924469 10.794637 17969 1040
1287753019 1004621 59.924469 10.794637 17784 1100
1287753020 1005641 59.924469 10.794637 12312 1020
1287753021 1006677 59.924469 10.794637 13680 1036
1287753022 1007797 59.924469 10.794637 5730 1120
1287753023 1008861 59.924469 10.794637 5231 1064
1287753025 1010025 59.924469 10.794637 13680 1164
1287753026 1011041 59.924469 10.794637 12312 1016
1287753027 1012101 59.924469 10.794637 9576 1060
1287753028 1013277 59.924469 10.794637 9576 1176
1287753029 1014297 59.924469 10.794637 5472 1020
1287753030 1015941 59.924469 10.794637 4437 1644
1287753032 1017117 59.924469 10.794637 5472 1176
1287753033 1018541 59.924469 10.794637 5472 1424
1287753034 1019741 59.924469 10.794637 10944 1200
1287753035 1020861 59.924469 10.794637 6840 1120
1287753037 1022037 59.924469 10.794637 6840 1176
1287753038 1023057 59.924469 10.794637 6840 1020
1287753039 1024197 59.924469 10.794637 5472 1140
1287753040 1025261 59.924469 10.794637 5472 1064
1287753041 1026297 59.924469 10.794637 4104 1036
1287753042 1027461 59.924469 10.794637 2709 1164
1287753043 1028501 59.924469 10.794637 6840 1040
1287753044 1029537 59.924469 10.794637 8208 1036
1287753045 1030581 59.924469 10.794637 8208 1044
1287753046 1031721 59.924469 10.794637 9576 1140
1287753047 1032761 59.924469 10.794637 9576 1040
1287753049 1034457 59.924469 10.794637 10997 1696
1287753050 1035597 59.924469 10.794637 6840 1140
1287753051 1036601 59.924469 10.794637 6840 1004
1287753052 1037741 59.924469 10.794637 8208 1140
1287753053 1038837 59.924469 10.794637 8208 1095
1287753054 1039961 59.924469 10.794637 8208 1124
1287753056 1041021 59.924469 10.794637 6840 1060
1287753057 1042197 59.924469 10.794637 6840 1176
1287753058 1043577 59.924469 10.794637 6355 1380
1287753059 1044657 59.924469 10.794637 16416 1080
1287753060 1045661 59.924469 10.794637 12312 1004
1287753061 1046721 59.924469 10.794637 16416 1060
1287753063 1048441 59.924469 10.794637 7220 1720
1287753064 1049541 59.924469 10.794637 19152 1100
1287753065 1050621 59.924469 10.794637 13680 1080
1287753066 1051641 59.924469 10.794637 15048 1020
1287753068 1053237 59.924469 10.794637 9040 1596
1287753069 1054361 59.924469 10.794637 12312 1124
1287753070 1055381 59.924469 10.794637 9576 1020
1287753071 1056417 59.924469 10.794637 8208 1036
1287753072 1057501 59.924469 10.794637 6840 1084
1287753073 1058621 59.924469 10.794637 6840 1120
1287753074 1059921 59.924469 10.794637 6840 1299
1287753075 1060941 59.924469 10.794637 5472 1020
1287753077 1062321 59.924469 10.794637 3702 1380
1287753078 1063677 59.924469 10.794637 8208 1356
1287753080 1065021 59.924469 10.794637 5472 1343
1287753081 1066421 59.924469 10.794637 6840 1400
1287753082 1067661 59.924469 10.794637 5472 1240
1287753083 1068777 59.924469 10.794637 5472 1116
1287753085 1070601 59.924469 10.794637 4104 1823
1287753086 1071777 59.924469 10.794637 4104 1176
1287753112 1097385 59.924469 10.794637 1368 25608
1287753114 1099349 59.924469 10.794637 9576 1964
1287753116 1101629 59.924469 10.794637 7989 2280
1287753118 1103205 59.924469 10.794637 6840 1576
1287753119 1104329 59.924469 10.794637 8208 1124
1287753120 1105349 59.924469 10.794637 8208 1020
1287753121 1106449 59.924469 10.794637 15048 1100
1287753122 1107509 59.924469 10.794637 15048 1060
1287753123 1108969 59.924469 10.794637 11287 1460
1287753124 1110005 59.924469 10.794637 16416 1036
1287753126 1111145 59.924469 10.794637 19152 1140
1287753127 1112205 59.924469 10.794637 17784 1060
1287753128 1113233 59.924469 10.794637 18949 1028
1287753129 1114349 59.924469 10.794637 9334 1116
1287753130 1115369 59.924469 10.794637 17784 1020
1287753131 1116449 59.924469 10.794637 19152 1080
1287753132 1117533 59.924469 10.794637 19152 1084
1287753134 1119165 59.924469 10.794637 17237 1632
1287753135 1120229 59.924469 10.794637 5230 1064
1287753136 1121285 59.924469 10.794637 17784 1056
1287753137 1122409 59.924469 10.794637 20520 1124
1287753138 1123429 59.924469 10.794637 20520 1020
1287753139 1124465 59.924469 10.794637 20371 1036
1287753140 1125545 59.924469 10.794637 9334 1080
1287753141 1126849 59.924469 10.794637 20520 1304
1287753142 1127909 59.924469 10.794637 25992 1060
1287753143 1128965 59.924469 10.794637 20520 1056
1287753145 1130045 59.924469 10.794637 21888 1080
1287753146 1131105 59.924469 10.794637 12272 1060
1287753147 1132125 59.924469 10.794637 20520 1020
1287753148 1133149 59.924469 10.794637 19152 1024
1287753149 1134169 59.924469 10.794637 21888 1020
1287753150 1135185 59.924469 10.794637 13566 1015
1287753151 1136205 59.924469 10.794637 20520 1020
1287753152 1137269 59.924469 10.794637 20520 1064
1287753153 1138325 59.924469 10.794637 21888 1056
1287753154 1139369 59.924469 10.794637 16535 1044
1287753155 1140405 59.924469 10.794637 20520 1036
1287753156 1141425 59.924469 10.794637 20520 1020
1287753157 1142465 59.924469 10.794637 20520 1040
1287753158 1143545 59.924469 10.794637 14113 1080
1287753159 1144589 59.924469 10.794637 20520 1044
1287753160 1145613 59.924469 10.794637 19152 1024
1287753161 1146949 59.924469 10.794637 19280 1336
1287753163 1148025 59.924469 10.794637 21888 1076
1287753164 1149029 59.924469 10.794637 20520 1004
1287753165 1150049 59.924469 10.794637 20520 1020
1287753166 1151129 59.924469 10.794637 12602 1080
1287753167 1152209 59.924469 10.794637 20520 1080
1287753168 1153249 59.924469 10.794637 21888 1040
1287753169 1154265 59.924469 10.794637 15913 1016
1287753170 1155285 59.924469 10.794637 20520 1020
1287753171 1156309 59.924469 10.794637 20520 1024
1287753172 1157369 59.924469 10.794637 8685 1060
1287753173 1158449 59.924469 10.794637 21888 1080
1287753174 1159505 59.924469 10.794637 20520 1056
1287753175 1160609 59.924469 10.794637 19152 1104
1287753176 1161829 59.924469 10.794637 13299 1220
1287753177 1162889 59.924469 10.794637 21888 1060
1287753179 1164949 59.924469 10.794637 10944 2060
1287753181 1166145 59.924469 10.794637 37464 1195
1287753182 1167425 59.924469 10.794637 8208 1280
1287753183 1168605 59.924469 10.794637 12312 1180
1287753184 1169769 59.924469 10.794637 12312 1164
1287753185 1170829 59.924469 10.794637 13680 1060
1287753186 1171889 59.924469 10.794637 10944 1060
1287753188 1173069 59.924469 10.794637 13680 1180
1287753189 1174549 59.924469 10.794637 10548 1480
1287753190 1175613 59.924469 10.794637 19152 1064
1287753191 1176849 59.924469 10.794637 20520 1236
1287753192 1177889 59.924469 10.794637 21888 1040
1287753194 1179189 59.924469 10.794637 16662 1300
1287753195 1180249 59.924469 10.794637 20520 1060
1287753198 1183149 59.924469 10.794637 8208 2900
1287753199 1184329 59.924469 10.794637 53465 1180
1287753200 1185453 59.924469 10.794637 17784 1124
1287753201 1186629 59.924469 10.794637 23256 1176
1287753202 1187689 59.924469 10.794637 19152 1060
1287753204 1189089 59.924469 10.794637 14922 1400
1287753205 1190389 59.924469 10.794637 21888 1300
1287753206 1191469 59.924469 10.794637 20520 1079
1287753207 1192489 59.924469 10.794637 15048 1020
1287753208 1193909 59.924469 10.794637 16273 1420
1287753209 1194969 59.924469 10.794637 5230 1060
1287753210 1195989 59.924469 10.794637 21888 1020
1287753212 1197153 59.924469 10.794637 17784 1164
1287753213 1198229 59.924469 10.794637 19152 1076
1287753214 1199969 59.924469 10.794637 17087 1740
1287753215 1201009 59.924469 10.794637 17784 1040
1287753217 1202069 59.924469 10.794637 15048 1060
1287753218 1203109 59.924469 10.794637 8208 1040
1287753219 1204129 59.924469 10.794637 10944 1020
1287753220 1205165 59.924469 10.794637 12312 1036
1287753221 1206209 59.924469 10.794637 8208 1044
1287753222 1207805 59.924469 10.794637 8293 1596
1287753223 1208849 59.924469 10.794637 8208 1044
1287753225 1210189 59.924469 10.794637 8208 1340
1287753226 1211309 59.924469 10.794637 6840 1120
1287753227 1212329 59.924469 10.794637 6840 1020
1287753228 1213589 59.924469 10.794637 6840 1260
1287753229 1214969 59.924469 10.794637 8208 1380
1287753231 1216229 59.924469 10.794637 6840 1260
1287753232 1217405 59.924469 10.794637 2736 1176
1287753233 1218449 59.924469 10.794637 8208 1044
1287753235 1220025 59.924469 10.794637 3992 1576
1287753236 1221545 59.924469 10.794637 5472 1520
1287753237 1222845 59.924469 10.794637 5472 1300
1287753238 1223985 59.924469 10.794637 4104 1140
1287753240 1225229 59.924469 10.794637 6840 1244
1287753241 1226445 59.924469 10.794637 5472 1216
1287753242 1227785 59.924469 10.794637 4104 1340
1287753257 1242989 59.924469 10.794637 1368 15204
1287753261 1246753 59.924469 10.794637 8208 3764
1287753262 1247869 59.924469 10.794637 25992 1116
1287753264 1249049 59.924469 10.794637 9576 1180
1287753267 1252529 59.924469 10.794637 2265 3480
1287753268 1253673 59.924469 10.794637 8208 1144
1287753269 1254693 59.924469 10.794637 16416 1019
1287753270 1255729 59.924469 10.794637 19152 1036
1287753271 1256913 59.924469 10.794637 13680 1184
1287753273 1258189 59.924469 10.794637 13680 1276
1287753274 1259329 59.924469 10.794637 6840 1140
1287753275 1260349 59.924469 10.794637 8208 1020
1287753276 1261413 59.924469 10.794637 5345 1064
1287753277 1262713 59.924469 10.794637 6840 1300
1287753278 1263769 59.924469 10.794637 6840 1056
1287753279 1264813 59.924469 10.794637 6840 1043
1287753280 1265833 59.924469 10.794637 8208 1020
1287753281 1266973 59.924469 10.794637 6840 1140
1287753283 1268029 59.924469 10.794637 8208 1056
1287753284 1269109 59.924469 10.794637 10944 1080
1287753285 1270129 59.924469 10.794637 10944 1020
1287753286 1271133 59.924469 10.794637 16416 1004
1287753287 1272289 59.924469 10.794637 13680 1156
1287753288 1273333 59.924469 10.794637 11354 1044
1287753289 1274389 59.924469 10.794637 19152 1056
1287753290 1275453 59.924469 10.794637 13680 1064
1287753291 1276473 59.924469 10.794637 17784 1020
1287753292 1277493 59.924469 10.794637 17784 1020
1287753293 1278509 59.924469 10.794637 12003 1016
1287753294 1279529 59.924469 10.794637 20520 1020
1287753295 1280549 59.924469 10.794637 17784 1020
1287753296 1281573 59.924469 10.794637 19152 1024
1287753297 1282609 59.924469 10.794637 8064 1036
1287753298 1283629 59.924469 10.794637 19152 1020
1287753299 1284673 59.924469 10.794637 19152 1044
1287753301 1286009 59.924469 10.794637 16665 1336
1287753302 1287013 59.924469 10.794637 16416 1004
1287753303 1288069 59.924469 10.794637 19152 1056
1287753304 1289253 59.924469 10.794637 13680 1184
1287753305 1290313 59.924469 10.794637 14100 1060
1287753306 1291349 59.924469 10.794637 12312 1036
1287753307 1292413 59.924469 10.794637 15048 1064
1287753308 1293493 59.924469 10.794637 16416 1080
1287753309 1294729 59.924469 10.794637 13067 1236
1287753310 1295809 59.924469 10.794637 8208 1079
1287753311 1296889 59.924469 10.794637 13680 1080
1287753313 1298053 59.924469 10.794637 15048 1164
1287753314 1299305 59.924469 10.794637 12312 1252
1287753316 1301233 59.924469 10.794637 15432 1928
1287753317 1302493 59.924469 10.794637 9334 1260
1287753318 1303533 59.924469 10.794637 17784 1040
1287753319 1304733 59.924469 10.794637 19152 1200
1287753320 1305933 59.924469 10.794637 15048 1200
1287753322 1307113 59.924469 10.794637 10944 1180
1287753323 1308229 59.924469 10.794637 9576 1116
1287753324 1309549 59.924469 10.794637 9576 1320
1287753325 1310733 59.924469 10.794637 5395 1184
1287753327 1312033 59.924469 10.794637 9576 1300
1287753328 1313073 59.924469 10.794637 6840 1040
1287753329 1314137 59.924469 10.794637 19152 1064
1287753330 1315153 59.924469 10.794637 5472 1016
1287753331 1316189 59.924469 10.794637 15048 1036
1287753333 1318009 59.924469 10.794637 10099 1820
1287753334 1319193 59.924469 10.794637 10944 1184
1287753334 1319794 59.924469 10.794637 9576 601
