1294125610 323759 59.853325 10.800923 81996 1082
1294125615 329270 59.853329 10.800923 16384 5511
1294125616 330347 59.853329 10.800923 417700 1077
1294125617 331496 59.853328 10.800941 10640 1149
1294125619 332597 59.853328 10.800941 73014 1101
1294125620 333658 59.853338 10.800962 143591 1061
1294125621 334687 59.853358 10.800968 122864 1029
1294125622 335697 59.853377 10.800992 145442 1010
1294125623 336708 59.853395 10.801017 116420 1011
1294125624 337747 59.853422 10.801027 113326 1039
1294125625 338776 59.85343 10.80103 117524 1029
1294125626 339877 59.85345 10.801037 126763 1101
1294125627 340966 59.853466 10.801026 134019 1089
1294125628 341977 59.853474 10.801029 166236 1011
1294125629 342986 59.853503 10.801036 119588 1009
1294125630 343997 59.853519 10.801039 114544 1011
1294125631 344998 59.85355 10.801014 124540 1001
1294125632 346167 59.853571 10.801003 161534 1169
1294125633 347396 59.853588 10.800978 115778 1229
1294125634 348416 59.853598 10.800947 122887 1020
1294125635 349507 59.853634 10.800904 146988 1091
1294125637 350627 59.853651 10.800893 141642 1120
1294125638 351646 59.85368 10.800862 141715 1019
1294125639 352757 59.853696 10.800851 138891 1111
1294125640 353947 59.853711 10.800819 143065 1190
1294125641 355086 59.853725 10.800805 139575 1139
1294125642 356176 59.853736 10.800773 127668 1089
1294125643 357357 59.853751 10.800727 151021 1181
1294125644 358476 59.853772 10.800716 133691 1119
1294125646 359596 59.853778 10.800699 128405 1120
1294125647 360616 59.853796 10.800671 107301 1019
1294125648 361656 59.853804 10.800674 123421 1040
1294125649 362676 59.85381 10.800642 119286 1020
1294125650 363716 59.853819 10.800628 128085 1040
1294125651 364846 59.853832 10.800614 131365 1130
1294125652 365866 59.853844 10.800617 133483 1019
1294125653 366876 59.853866 10.800606 137385 1010
1294125654 367877 59.853884 10.800592 129023 1001
1294125655 368887 59.853899 10.80056 147194 1010
1294125656 369897 59.853912 10.800546 160224 1009
1294125657 370906 59.853938 10.800535 177756 1009
1294125658 371916 59.853938 10.800535 160312 1010
1294125659 372926 59.853967 10.800528 173758 1010
1294125660 373928 59.853967 10.800528 170514 1001
1294125661 375046 59.853994 10.8005 145365 1118
1294125662 376226 59.854014 10.800506 196384 1002
1294125663 377446 59.854032 10.800492 145407 1220
1294125664 378447 59.854044 10.800495 131225 1001
1294125666 379546 59.854053 10.800481 131146 1099
1294125667 380826 59.854067 10.800467 189448 1280
1294125668 381915 59.854079 10.80047 174477 1089
1294125669 382917 59.854092 10.800456 141463 1001
1294125670 383996 59.854105 10.80046 184669 1079
1294125671 385026 59.854118 10.800445 88919 1030
1294125672 386266 59.854151 10.800438 115671 1240
1294125673 387286 59.854151 10.800438 138935 1020
1294125674 388306 59.854159 10.800441 133595 1020
1294125675 389326 59.854176 10.800445 170097 1020
1294125676 390516 59.854209 10.800437 139671 1190
1294125677 391526 59.854223 10.800423 173631 1010
1294125678 392536 59.854223 10.800423 174160 1010
1294125679 393537 59.854238 10.80043 135607 1001
1294125680 394538 59.854244 10.800412 165641 1001
1294125682 395546 59.854256 10.800415 175072 1008
1294125683 396635 59.854294 10.800408 128588 1089
1294125684 397636 59.854294 10.800408 174149 1001
1294125685 398866 59.854335 10.800404 170413 1230
1294125686 399876 59.854364 10.800396 143442 1010
1294125687 400885 59.854364 10.800396 152305 1009
1294125688 402136 59.854402 10.800389 102487 1251
1294125689 403145 59.854489 10.800363 83519 1009
1294125690 404146 59.854539 10.800345 124925 1001
1294125691 405156 59.854606 10.80033 124765 1010
1294125692 406166 59.854661 10.800311 113375 1010
1294125693 407176 59.854661 10.800311 153742 1010
1294125694 408186 59.854811 10.80027 124087 1010
1294125695 409196 59.854899 10.800245 140583 1010
1294125696 410206 59.854996 10.800205 132696 1010
1294125697 411216 59.855096 10.800182 145282 1010
1294125698 412336 59.855205 10.800145 146235 1120
1294125699 413356 59.855205 10.800145 137894 1020
1294125700 414365 59.855326 10.800112 91702 1009
1294125701 415376 59.855452 10.800079 134791 1011
1294125702 416396 59.855709 10.800019 123863 1020
1294125703 417405 59.855835 10.800024 105381 1009
1294125704 418415 59.855835 10.800024 116755 1010
1294125706 419656 59.856107 10.800041 95025 1241
1294125707 420665 59.856256 10.80007 107044 1009
1294125708 421836 59.856256 10.80007 62219 1171
1294125709 422860 59.856399 10.800117 69712 1024
1294125710 423875 59.856531 10.800143 57478 1015
1294125711 424895 59.856678 10.80019 63179 1020
1294125712 425905 59.856821 10.800236 51775 1010
1294125713 426915 59.856953 10.800262 71437 1010
1294125714 427918 59.857091 10.800309 68731 1003
1294125715 428957 59.85721 10.800349 79800 1039
1294125716 429965 59.857339 10.800358 49190 1008
1294125717 430975 59.857459 10.80038 87101 1010
1294125718 432165 59.857721 10.800359 127325 1190
1294125719 433175 59.857853 10.800332 142675 1010
1294125720 434176 59.857987 10.800288 103962 1001
1294125721 435415 59.858114 10.800223 102033 1239
1294125722 436425 59.858249 10.800175 69710 1010
1294125724 437575 59.858402 10.800114 63624 1150
1294125725 438655 59.858553 10.800031 77128 1080
1294125726 439695 59.858694 10.799966 83867 1040
1294125727 440708 59.858833 10.799918 117078 1013
1294125728 441715 59.858974 10.799853 109258 1007
1294125729 442725 59.859109 10.799806 103812 1010
1294125730 443744 59.859236 10.799755 83843 1019
1294125731 444745 59.859363 10.79969 84374 1001
1294125732 445746 59.859483 10.799636 87774 1001
1294125733 446935 59.859598 10.799582 109668 1189
1294125734 448045 59.859813 10.799505 124166 1110
1294125735 449046 59.859813 10.799505 112051 1001
1294125736 450115 59.859984 10.799415 128440 1069
1294125737 451535 59.860052 10.799382 141219 1420
1294125739 452545 59.860113 10.799346 81234 1010
1294125740 453685 59.860155 10.799325 165111 1140
1294125741 454725 59.860169 10.79931 147655 1040
1294125742 455835 59.860172 10.799314 137121 1110
1294125743 456975 59.860184 10.799317 194915 1139
1294125744 458095 59.860184 10.799317 190087 1120
1294125745 459275 59.860172 10.799314 190176 1180
1294125746 460276 59.860179 10.799317 147134 1001
1294125747 461305 59.860193 10.799303 91697 1029
1294125748 462315 59.860207 10.799289 169701 1010
1294125749 463316 59.86024 10.799281 112811 1001
1294125750 464325 59.860275 10.799256 101600 1009
1294125751 465455 59.860316 10.799252 161982 1130
1294125752 466475 59.860346 10.799227 142463 1020
1294125753 467485 59.860388 10.79922 143305 1010
1294125754 468495 59.860423 10.799195 155619 1010
1294125756 469575 59.860462 10.79917 161086 1080
1294125757 470585 59.86049 10.799141 152269 1010
1294125758 471595 59.860523 10.799134 145068 1010
1294125759 472596 59.86055 10.799105 168158 1001
1294125760 473765 59.860583 10.799098 136731 1169
1294125761 474766 59.860617 10.79909 132861 1001
1294125762 475767 59.860644 10.799062 134373 1001
1294125763 476775 59.860677 10.799054 83667 1008
1294125764 477965 59.860753 10.799025 80245 1190
1294125765 479115 59.860792 10.799 93373 1150
1294125766 480125 59.860792 10.799 73340 1010
1294125767 481135 59.860827 10.798975 69651 1010
1294125768 482334 59.860907 10.798946 76675 1199
1294125769 483356 59.860907 10.798946 63084 1022
1294125770 484374 59.860942 10.798921 54479 1018
1294125771 485404 59.860977 10.798896 57413 1030
1294125772 486414 59.861013 10.798892 45082 1010
1294125773 487444 59.861056 10.79887 50865 1030
1294125774 488474 59.861091 10.798845 69768 1030
1294125775 489504 59.861133 10.798823 63338 1030
1294125776 490534 59.861166 10.798816 61751 1030
1294125778 491554 59.861204 10.798794 45279 1020
1294125779 492564 59.861247 10.798773 49926 1010
1294125780 493574 59.861247 10.798773 64296 1010
1294125781 494584 59.861268 10.798762 55634 1010
1294125782 495594 59.861297 10.798754 56106 1010
1294125783 496604 59.861326 10.798747 63705 1010
1294125784 497614 59.861368 10.798725 87742 1010
1294125785 498654 59.861439 10.798696 58949 1040
1294125786 499884 59.861474 10.798671 49888 1230
1294125787 500904 59.861503 10.798663 56858 1020
1294125788 501915 59.861541 10.798656 59309 1011
1294125789 502946 59.861582 10.798652 55197 1031
1294125790 504057 59.861627 10.798647 60901 1111
1294125791 505095 59.861627 10.798647 45144 1038
1294125792 506134 59.861661 10.79864 44593 1039
1294125793 507154 59.861694 10.798632 57061 1020
1294125794 508163 59.861732 10.798625 51222 1009
1294125795 509164 59.861752 10.798632 63374 1001
1294125796 510184 59.861765 10.798617 64125 1020
1294125797 511194 59.861777 10.798621 56841 1010
1294125798 512204 59.861785 10.798624 59307 1010
1294125799 513214 59.861789 10.798624 61153 1010
1294125800 514234 59.861792 10.798642 72088 1020
1294125801 515264 59.861797 10.798642 62970 1030
1294125802 516494 59.861809 10.798645 65929 1230
1294125803 517504 59.861814 10.798645 53352 1010
1294125804 518523 59.861818 10.798645 54304 1019
1294125806 519554 59.861823 10.798645 39220 1031
1294125807 520559 59.861823 10.798645 58824 1005
1294125808 521584 59.861827 10.798645 38842 1025
1294125809 522604 59.861827 10.798645 44864 1020
1294125810 523614 59.861832 10.798645 57456 1010
1294125811 524654 59.861839 10.798648 44205 1040
1294125812 525663 59.861844 10.798648 48969 1009
1294125813 526723 59.861844 10.798648 45389 1060
1294125814 527774 59.861844 10.798648 61322 1051
1294125815 528814 59.861848 10.798648 64886 1040
1294125816 529833 59.861848 10.798648 77976 1019
1294125817 530834 59.861848 10.798648 56344 1001
1294125818 531904 59.861853 10.798648 56542 1070
1294125819 533035 59.861853 10.798648 63686 1131
1294125820 534164 59.861857 10.798648 67017 1129
1294125821 535394 59.861857 10.798648 73108 1230
1294125823 536624 59.861862 10.798648 76334 1230
1294125824 537634 59.861871 10.798634 50616 1010
1294125825 538643 59.861869 10.798652 45847 1009
1294125826 539724 59.861875 10.798634 35197 1081
1294125827 540734 59.861875 10.798634 75916 1010
1294125828 541754 59.861875 10.798634 94206 1020
1294125829 542774 59.861875 10.798634 89065 1020
1294125830 543863 59.86188 10.798634 74574 1089
1294125831 544864 59.86188 10.798634 95601 1001
1294125832 545874 59.86188 10.798634 89479 1010
1294125833 547014 59.86188 10.798634 84773 1140
1294125834 548154 59.861884 10.798634 103588 1140
1294125835 549324 59.861884 10.798634 114698 1170
1294125836 550333 59.861884 10.798634 97248 1009
1294125837 551344 59.861884 10.798634 80105 1011
1294125838 552354 59.861884 10.798634 99460 1010
1294125839 553364 59.861884 10.798634 65015 1010
1294125840 554384 59.861884 10.798634 108410 1020
1294125841 555413 59.861889 10.798634 66793 1029
1294125843 556603 59.861889 10.798634 70142 1190
1294125844 557613 59.861889 10.798634 74986 1009
1294125845 558623 59.861889 10.798634 85464 1010
1294125846 559683 59.861889 10.798634 71051 1060
1294125847 560693 59.861889 10.798634 59466 1010
1294125848 561723 59.861889 10.798634 68374 1030
1294125849 562903 59.861889 10.798634 79342 1180
1294125850 563904 59.861889 10.798634 62868 1001
1294125851 564924 59.861889 10.798634 65076 1020
1294125852 565954 59.861889 10.798634 51293 1030
1294125853 566963 59.861889 10.798634 49081 1009
1294125854 567973 59.861889 10.798634 39672 1010
1294125855 568993 59.861889 10.798634 27633 1020
1294125856 570235 59.861889 10.798634 10944 1242
1294125857 571263 59.861889 10.798634 95321 1028
1294125858 572274 59.861889 10.798634 105856 1011
1294125859 573323 59.86189 10.798617 94644 1049
1294125860 574324 59.861898 10.79862 129207 1001
1294125861 575434 59.861933 10.798595 114234 1110
1294125863 576614 59.861966 10.798587 128011 1180
1294125864 577644 59.862061 10.798527 119366 1030
1294125865 578654 59.862117 10.798491 112202 1010
1294125866 579663 59.862244 10.798387 127119 1009
1294125867 580664 59.862323 10.798323 112606 1001
1294125868 581673 59.862462 10.79817 131452 1009
1294125869 582713 59.862535 10.798085 135566 1040
1294125870 583804 59.862752 10.797868 182881 1091
1294125871 584973 59.862858 10.797776 155957 1169
1294125872 586083 59.86307 10.79759 144201 1110
1294125873 587084 59.863174 10.797515 129747 1001
1294125874 588085 59.863264 10.797419 173832 1001
1294125875 589104 59.863336 10.797334 151980 1019
1294125876 590115 59.863507 10.797139 152207 1011
1294125877 591124 59.86359 10.797022 144497 1009
1294125878 592133 59.863673 10.796919 129348 1009
1294125879 593154 59.863762 10.796799 158105 1021
1294125880 594155 59.863762 10.796799 176345 1001
1294125881 595163 59.863918 10.796503 109541 1007
1294125882 596173 59.863989 10.796344 101337 1010
1294125883 597293 59.864061 10.796168 120191 1120
1294125884 598303 59.864061 10.796168 135574 1010
1294125885 599403 59.864213 10.795833 92102 1100
1294125886 600412 59.864291 10.79564 96086 1009
1294125887 601413 59.864368 10.795449 83010 1001
1294125888 602443 59.864437 10.795256 65188 1030
1294125889 603452 59.864437 10.795256 83904 1009
1294125890 604463 59.864505 10.795065 46976 1011
1294125891 605523 59.864569 10.794886 30096 1060
1294125892 606542 59.86465 10.794696 35246 1019
1294125893 607543 59.86473 10.794523 70891 1001
1294125895 608583 59.864808 10.794367 43341 1040
1294125896 609613 59.864808 10.794367 47880 1030
1294125897 610632 59.864916 10.794219 29395 1019
1294125898 611653 59.865014 10.794085 47880 1021
1294125899 612693 59.865121 10.793974 39926 1040
1294125900 613703 59.865225 10.793847 61773 1009
1294125901 614732 59.865326 10.793754 38024 1029
1294125902 616034 59.865326 10.793754 34200 1302
1294125903 617062 59.865432 10.793661 66918 1028
1294125904 618082 59.86554 10.79359 62173 1020
1294125905 619154 59.865652 10.793518 39777 1072
1294125906 620182 59.86575 10.79346 28728 1028
1294125907 621194 59.86575 10.79346 24624 1012
1294125908 622202 59.865841 10.793399 34668 1008
1294125909 623362 59.865918 10.793353 25992 1160
1294125911 624703 59.865995 10.793306 5341 1341
1294125912 625722 59.865995 10.793306 56088 1019
1294125913 626723 59.866051 10.79327 44602 1001
1294125914 627742 59.866107 10.793234 69757 1019
1294125915 628873 59.866203 10.793173 84975 1131
1294125916 629883 59.86625 10.793137 85974 1009
1294125917 630998 59.866288 10.793116 101056 1115
1294125918 632002 59.866321 10.793108 120868 1004
1294125919 633013 59.866365 10.793069 71695 1011
1294125920 634023 59.866407 10.793047 89450 1010
1294125921 635034 59.866454 10.793025 96742 1011
1294125922 636102 59.866544 10.792968 66689 1068
1294125923 637112 59.866592 10.792929 62719 1010
1294125924 638122 59.866639 10.792907 69571 1010
1294125925 639243 59.866687 10.792868 84185 1121
1294125926 640252 59.866734 10.792846 141473 1009
1294125927 641253 59.866811 10.792799 115918 1001
1294125928 642452 59.86684 10.792792 137377 1199
1294125929 643462 59.866867 10.792763 134440 1009
1294125931 644602 59.866923 10.792742 137475 1140
1294125932 645653 59.86694 10.792745 115437 1051
1294125933 646654 59.866954 10.792731 134623 1001
1294125934 647812 59.866958 10.792731 110236 1158
1294125935 648822 59.866955 10.792727 89036 1010
1294125936 649834 59.866959 10.792727 86792 1012
1294125937 650842 59.866956 10.792724 69335 1008
1294125938 652043 59.866965 10.792724 82025 1201
1294125939 653212 59.866962 10.792721 66378 1169
1294125940 654252 59.866962 10.792721 51984 1040
1294125941 655353 59.866962 10.792721 19586 1101
1294125942 656482 59.866962 10.792721 49259 1129
1294125943 657493 59.866967 10.792721 98542 1011
1294125945 658622 59.866959 10.792717 80902 1129
1294125946 659633 59.866959 10.792717 50616 1011
1294125947 660642 59.866959 10.792717 51512 1009
1294125948 661652 59.866959 10.792717 42322 1010
1294125949 662702 59.866959 10.792717 45161 1050
1294125950 663722 59.866955 10.792717 51984 1020
1294125951 664852 59.866955 10.792717 27290 1130
1294125952 665882 59.866955 10.792717 35568 1030
1294125954 667833 59.866946 10.792732 35484 1951
1294125955 668842 59.866946 10.792732 74183 1009
1294125956 669862 59.86695 10.792732 30096 1020
1294125957 670882 59.86695 10.792732 20823 1020
1294125959 673434 59.86695 10.792732 23256 2552
1294125960 674481 59.86695 10.792732 50328 1047
1294125962 675802 59.86695 10.792732 15048 1321
1294125963 677302 59.86695 10.792732 12312 1499
1294125964 678492 59.86695 10.792732 44868 1190
1294125965 679522 59.86695 10.792732 69768 1030
1294125966 680542 59.866955 10.792732 37117 1020
1294125968 681552 59.866955 10.792732 62928 1010
1294125969 682592 59.866955 10.792732 33724 1040
1294125970 683612 59.866964 10.792717 42408 1020
1294125971 684911 59.866985 10.792707 44830 1299
1294125972 685921 59.866985 10.792707 56088 1009
1294125973 686972 59.867006 10.792696 28728 1051
1294125974 688072 59.867035 10.792688 15730 1100
1294125975 689102 59.867035 10.792688 19152 1029
1294125976 690121 59.867077 10.792667 37851 1019
1294125977 691433 59.867129 10.792631 60387 1311
1294125978 692452 59.867183 10.792612 51984 1019
1294125979 693462 59.867255 10.792583 52502 1010
1294125981 694702 59.867326 10.792554 57203 1240
1294125982 695711 59.867326 10.792554 47880 1009
1294125983 696721 59.867403 10.792507 51884 1010
1294125984 697731 59.867488 10.792464 84712 1010
1294125985 698762 59.867561 10.792417 63607 1031
1294125986 699772 59.867632 10.792388 67032 1010
1294125987 700802 59.867708 10.792359 22377 1030
1294125988 701881 59.867708 10.792359 20520 1079
1294125989 702891 59.867776 10.792326 17784 1010
1294125990 703931 59.867858 10.792279 20106 1040
1294125991 704951 59.867858 10.792279 31464 1020
1294125992 706221 59.867933 10.79225 33881 1270
1294125993 707512 59.868005 10.792221 63623 1291
1294125994 708531 59.868089 10.792178 56088 1018
1294125996 709551 59.868167 10.792131 33686 1020
1294125997 710558 59.868167 10.792131 41040 1007
1294125998 711613 59.868251 10.792087 20370 1055
1294125999 712632 59.868341 10.792044 38304 1019
1294126000 713651 59.868447 10.79199 27837 1019
1294126001 714673 59.868447 10.79199 31464 1022
1294126002 715872 59.868557 10.791935 28351 1199
1294126003 716881 59.86868 10.79187 53352 1009
1294126004 717901 59.868804 10.791802 37182 1020
1294126005 718952 59.868804 10.791802 38304 1051
1294126006 719961 59.868932 10.791737 21515 1009
1294126007 721033 59.86908 10.791675 34200 1072
1294126008 722061 59.86921 10.791628 32458 1028
1294126009 723361 59.869347 10.791562 46406 1300
1294126010 724401 59.869347 10.791562 43776 1040
1294126011 725421 59.869478 10.791497 25471 1020
1294126012 726441 59.869602 10.791429 36936 1020
1294126013 727451 59.869734 10.791364 15056 1010
1294126014 728511 59.869734 10.791364 21888 1060
1294126016 729681 59.869857 10.791313 10944 1170
1294126017 730981 59.869977 10.791244 17649 1300
1294126018 732001 59.869977 10.791244 38304 1020
1294126019 733011 59.870092 10.79119 30096 1010
1294126020 734021 59.870207 10.791136 21327 1010
1294126021 735061 59.870207 10.791136 12312 1040
1294126022 736251 59.870302 10.791075 40306 1190
1294126023 737481 59.870391 10.791032 67367 1230
1294126024 738512 59.870467 10.790964 62597 1031
1294126026 740221 59.870544 10.790917 28728 1709
1294126027 741231 59.870606 10.790864 91460 1010
1294126028 742241 59.870676 10.790814 39935 1010
1294126031 745251 59.870676 10.790814 19152 3010
1294126032 746321 59.870748 10.790781 47185 1070
1294126034 747721 59.87081 10.790728 30064 1400
1294126035 749001 59.870866 10.790692 28348 1280
1294126036 750032 59.870866 10.790692 24624 1031
1294126037 751041 59.870915 10.790653 81797 1009
1294126038 752060 59.870966 10.790631 72815 1019
1294126039 753061 59.871007 10.790588 56088 1001
1294126040 754090 59.871046 10.790549 36806 1029
1294126041 755311 59.871073 10.790521 55139 1221
1294126042 756381 59.871073 10.790521 21888 1070
1294126045 758711 59.871099 10.79051 30064 2330
1294126046 759770 59.87111 10.790478 16002 1059
1294126047 760781 59.87111 10.790478 41040 1011
1294126048 761801 59.871114 10.790464 25741 1020
1294126049 762820 59.871114 10.790464 32832 1019
1294126050 763841 59.871114 10.790464 32832 1021
1294126051 764881 59.87111 10.790464 23517 1040
1294126052 765891 59.87111 10.790464 47880 1010
1294126053 766910 59.871098 10.790461 33287 1019
1294126054 767930 59.871098 10.790461 43776 1020
1294126055 768951 59.871098 10.790461 40361 1021
1294126056 769961 59.871093 10.790461 49248 1010
1294126057 770980 59.871094 10.790443 35195 1019
1294126058 772231 59.871094 10.790443 27541 1251
1294126059 773240 59.871094 10.790443 25992 1009
1294126060 774252 59.871094 10.790443 25992 1012
1294126061 775291 59.871093 10.790461 21323 1039
1294126062 776330 59.871093 10.790461 28728 1039
1294126063 777470 59.871098 10.790461 28459 1140
1294126065 778552 59.871093 10.790475 15048 1082
1294126066 779600 59.871093 10.790475 24624 1048
1294126067 780630 59.871097 10.790475 25013 1030
1294126068 781670 59.871097 10.790475 25992 1040
1294126069 782910 59.871097 10.790475 12312 1240
1294126070 783950 59.871101 10.790492 13680 1040
1294126071 785000 59.871105 10.790492 10694 1050
1294126076 789890 59.871105 10.790492 21856 4890
1294126077 790960 59.87111 10.790492 43054 1070
1294126078 791970 59.871113 10.79051 17784 1010
1294126079 793061 59.871113 10.79051 9576 1091
1294126081 794730 59.871122 10.79051 5472 1669
1294126082 795850 59.871122 10.79051 2736 1120
1294126083 797020 59.871126 10.79051 5472 1170
1294126084 798424 59.871126 10.79051 2489 1404
1294126085 799480 59.871129 10.790527 46252 1056
1294126087 800850 59.871131 10.790524 9412 1370
1294126089 802720 59.871135 10.790524 9576 1870
1294126090 803950 59.87114 10.790524 48838 1230
1294126091 805080 59.871147 10.790542 66598 1130
1294126092 806460 59.871147 10.790542 62928 1380
1294126094 807550 59.871155 10.790559 23156 1090
1294126095 808580 59.871159 10.790559 34200 1030
1294126096 809802 59.871159 10.790559 24653 1222
1294126097 811249 59.871159 10.790559 30096 1447
1294126098 812330 59.871159 10.790559 4104 1080
1294126099 813410 59.871159 10.790559 9576 1080
1294126100 814420 59.871164 10.790559 40025 1010
1294126101 815510 59.871164 10.790559 13680 1090
1294126102 816531 59.871164 10.790559 23256 1021
1294126104 817579 59.871159 10.790573 28225 1048
1294126105 818650 59.871164 10.790573 46512 1071
1294126106 819700 59.871164 10.790573 19152 1050
1294126107 820839 59.871164 10.790573 10264 1139
1294126108 821960 59.871168 10.790573 5472 1121
1294126109 822970 59.871168 10.790573 9576 1010
1294126110 824030 59.871173 10.790573 13680 1060
1294126111 825120 59.871173 10.790573 13680 1090
1294126112 826280 59.871177 10.790573 12312 1160
1294126113 827350 59.871177 10.790573 10944 1070
1294126114 828389 59.871182 10.790573 8823 1039
1294126116 829609 59.871182 10.790573 6840 1220
1294126117 830699 59.871182 10.790573 5472 1090
1294126118 831711 59.871186 10.790573 6840 1012
1294126119 832879 59.871186 10.790573 6840 1168
1294126120 834039 59.871186 10.790573 8208 1160
1294126121 835139 59.871186 10.790573 12312 1100
1294126122 836219 59.871195 10.790559 13680 1080
1294126123 837249 59.871195 10.790559 16416 1030
1294126124 838259 59.8712 10.790559 7645 1010
1294126126 839549 59.871218 10.790531 16416 1290
1294126127 840560 59.871218 10.790531 17784 1011
1294126128 841569 59.871241 10.790502 15048 1009
1294126129 842599 59.871241 10.790502 13680 1030
1294126130 843869 59.871271 10.790477 14908 1270
1294126131 844889 59.871304 10.790417 31464 1020
1294126132 845949 59.871304 10.790417 25992 1060
1294126133 847189 59.871343 10.790378 15957 1240
1294126134 848199 59.871395 10.790342 46512 1010
1294126135 849240 59.871449 10.790271 22171 1041
1294126136 850540 59.871523 10.790207 71119 1300
1294126138 851549 59.871592 10.790107 73967 1009
1294126139 852740 59.871679 10.790029 127452 1191
1294126140 853760 59.87179 10.789922 138236 1020
1294126141 854770 59.872001 10.789722 101160 1010
1294126142 855889 59.872119 10.789619 118260 1119
1294126143 856899 59.872243 10.789498 151182 1009
1294126144 857900 59.872508 10.789259 114187 1001
1294126145 858910 59.872644 10.789141 110948 1010
1294126146 859920 59.872913 10.788888 116163 1010
1294126147 861039 59.87305 10.788771 135869 1118
1294126148 862169 59.873319 10.788532 145685 1130
1294126149 863179 59.873447 10.788411 156467 1010
1294126150 864189 59.873576 10.78829 114827 1010
1294126151 865210 59.873807 10.788097 114676 1021
1294126152 866220 59.873921 10.788007 120367 1010
1294126153 867221 59.874135 10.787825 114496 1001
1294126154 868229 59.874237 10.787747 97800 1008
1294126155 869240 59.874424 10.787608 127564 1011
1294126156 870250 59.874498 10.787543 133931 1010
1294126157 871270 59.874619 10.787457 136795 1020
1294126158 872349 59.874663 10.787418 143990 1079
1294126159 873460 59.874741 10.787371 153962 1111
1294126160 874499 59.874774 10.787364 125135 1039
1294126162 875549 59.874787 10.787349 126140 1050
1294126163 876729 59.874787 10.787349 171424 1180
1294126164 877730 59.874791 10.787367 192542 1001
1294126165 878731 59.874786 10.787381 162324 1001
1294126166 879949 59.874787 10.787378 147730 1218
1294126167 880959 59.874807 10.787399 132187 1010
1294126174 887975 59.874807 10.787399 16384 7016
1294126175 889212 59.874816 10.787399 29575 1237
1294126176 890242 59.874821 10.787399 36936 1030
1294126177 891262 59.874826 10.787381 46874 1020
1294126178 892283 59.874826 10.787381 56088 1021
1294126179 893322 59.874835 10.787381 88025 1039
1294126180 894442 59.874849 10.787367 147286 1120
1294126181 895453 59.874901 10.787345 162369 1011
1294126182 896455 59.874944 10.787306 168176 1002
1294126183 897462 59.875055 10.787238 169475 1007
1294126185 898622 59.875203 10.787123 152650 1160
1294126186 899632 59.875293 10.78708 149163 1010
1294126187 900742 59.875502 10.786968 112587 1110
1294126188 901743 59.875611 10.786931 147360 1001
1294126189 902753 59.875848 10.786812 160068 1010
1294126190 903962 59.876112 10.786696 159459 1209
1294126191 904963 59.876248 10.786631 151127 1001
1294126192 905972 59.876533 10.786489 140659 1009
1294126193 907402 59.876812 10.78638 147514 1430
1294126194 908412 59.876957 10.786301 126682 1010
1294126195 909413 59.877098 10.786236 123819 1001
1294126196 910491 59.877375 10.786091 79439 1078
1294126197 911493 59.877375 10.786091 64296 1001
1294126198 912502 59.877516 10.786012 88928 1009
1294126199 913512 59.877655 10.78595 100780 1010
1294126201 914559 59.877787 10.785885 92764 1047
1294126202 915592 59.878058 10.785772 98279 1033
1294126203 916612 59.87819 10.785707 128744 1020
1294126204 917622 59.878461 10.785594 144197 1009
1294126205 918623 59.878596 10.785532 135019 1001
1294126206 919643 59.878855 10.785402 134912 1020
1294126207 920652 59.878987 10.785337 108084 1009
1294126208 921653 59.879238 10.785203 142064 1001
1294126209 922672 59.879348 10.785149 147115 1019
1294126210 923673 59.879541 10.785048 161294 1001
1294126211 924674 59.879629 10.785022 162097 1001
1294126212 925782 59.879774 10.784943 113209 1108
1294126213 926783 59.879892 10.784892 152110 1001
1294126214 927791 59.879935 10.78487 153761 1008
1294126215 928792 59.880036 10.78483 130542 1001
1294126216 929793 59.880103 10.784815 161380 1001
1294126217 930794 59.880216 10.784778 154005 1001
1294126218 931802 59.880275 10.78476 171848 1008
1294126219 932803 59.880362 10.784713 177176 1001
1294126220 933981 59.880439 10.78468 151656 1178
1294126221 934991 59.880481 10.784659 171889 1009
1294126222 935992 59.880549 10.784626 139411 1001
1294126223 936994 59.880583 10.784619 151307 1002
1294126224 938142 59.880652 10.784569 142251 1148
1294126225 939182 59.880729 10.784522 154384 1040
1294126226 940392 59.880776 10.7845 199904 1210
1294126227 941401 59.880879 10.784442 152391 1009
1294126228 942471 59.880926 10.784421 121913 1070
1294126230 943751 59.880981 10.784402 101063 1280
1294126231 944752 59.881034 10.784401 100784 1001
1294126232 945891 59.881081 10.78438 60471 1139
1294126233 946932 59.881178 10.78434 118524 1041
1294126234 948061 59.881228 10.784321 136210 1129
1294126235 949062 59.881275 10.7843 130235 1001
1294126236 950072 59.881317 10.784278 133017 1010
1294126237 951102 59.881394 10.784231 104196 1030
1294126238 952241 59.881437 10.784209 118692 1139
1294126239 953422 59.881506 10.784159 122861 1181
1294126240 954521 59.881537 10.784148 120871 1098
1294126242 955621 59.881599 10.784095 130677 1099
1294126243 956701 59.881626 10.784066 128083 1080
1294126244 957762 59.881707 10.78402 128164 1061
1294126245 958771 59.881747 10.783995 129477 1009
1294126246 959791 59.881831 10.783913 135016 1020
1294126247 960792 59.881881 10.783894 146972 1001
1294126248 961793 59.881971 10.783813 151917 1001
1294126249 962931 59.88206 10.783731 132901 1138
1294126250 964031 59.882104 10.783691 117395 1100
1294126252 965551 59.882141 10.783631 64129 1520
1294126253 966791 59.882196 10.783574 137096 1240
1294126254 967871 59.882212 10.783578 140185 1080
1294126255 968982 59.882214 10.78356 146390 1111
1294126256 970031 59.882214 10.78356 135510 1049
1294126257 971111 59.882214 10.78356 139782 1080
1294126258 972121 59.882209 10.78356 114708 1010
1294126259 973271 59.882214 10.78356 74696 1150
1294126260 974281 59.882214 10.78356 97749 1010
1294126261 975321 59.882215 10.783543 64572 1040
1294126262 976341 59.882215 10.783543 94773 1019
1294126263 977431 59.882215 10.783543 102483 1090
1294126265 978571 59.882211 10.783543 130008 1140
1294126266 979691 59.882214 10.783546 122112 1120
1294126267 980771 59.882208 10.783564 114979 1080
1294126268 981791 59.882199 10.783564 99617 1020
1294126269 982821 59.882199 10.783564 85132 1030
1294126270 983890 59.882194 10.783564 39989 1069
1294126272 985791 59.882194 10.783564 13680 1901
1294126273 986810 59.882194 10.783564 97358 1019
1294126274 987860 59.882194 10.783564 49652 1050
1294126275 988861 59.88219 10.783564 82080 1001
1294126276 989901 59.882185 10.783564 85369 1040
1294126277 990910 59.882185 10.783564 134986 1009
1294126278 991911 59.88219 10.783564 112166 1001
1294126279 992991 59.882185 10.783564 117423 1080
1294126280 994031 59.88219 10.783564 127525 1040
1294126281 995060 59.882191 10.783546 136681 1029
1294126282 996100 59.882184 10.783543 123030 1040
1294126283 997111 59.882193 10.783543 74202 1011
1294126284 998121 59.882193 10.783543 87960 1010
1294126285 999130 59.882188 10.783543 87309 1009
1294126286 1000140 59.882188 10.783543 60192 1010
1294126287 1001190 59.882188 10.783543 41296 1050
1294126288 1002240 59.882188 10.783543 28728 1050
1294126289 1003250 59.882188 10.783543 25992 1010
1294126290 1004260 59.882193 10.783543 13773 1010
1294126291 1005290 59.882193 10.783543 54720 1030
1294126292 1006520 59.882193 10.783543 54798 1230
1294126294 1007851 59.882197 10.783543 73584 1331
1294126295 1008871 59.882197 10.783543 93650 1020
1294126296 1009900 59.882197 10.783543 70932 1029
1294126297 1010901 59.882197 10.783543 125342 1001
1294126298 1011911 59.882196 10.78356 127499 1010
1294126299 1012951 59.882206 10.783529 153794 1040
1294126300 1013990 59.882229 10.7835 173553 1039
1294126301 1015070 59.882294 10.783412 180295 1080
1294126302 1016071 59.882335 10.783355 163731 1001
1294126303 1017270 59.882446 10.783192 210381 1199
1294126305 1019031 59.882593 10.783004 123301 1761
1294126306 1020040 59.882662 10.782901 129087 1008
1294126307 1021070 59.88274 10.782798 82339 1029
1294126308 1022100 59.882823 10.782696 61560 1030
1294126309 1023110 59.882909 10.782596 23547 1010
1294126310 1024130 59.882909 10.782596 27360 1020
1294126311 1025141 59.882997 10.782479 36294 1011
1294126312 1026150 59.883094 10.782348 68400 1009
1294126313 1027190 59.883193 10.782196 42603 1040
1294126314 1028210 59.883294 10.782065 61418 1020
1294126315 1029510 59.883401 10.781916 43913 1300
1294126317 1030580 59.883401 10.781916 45144 1070
1294126318 1031590 59.883505 10.781788 52033 1010
1294126319 1032600 59.883599 10.78164 57582 1010
1294126320 1033610 59.883697 10.781491 34883 1010
1294126321 1034700 59.883806 10.781363 55953 1090
1294126322 1035710 59.88391 10.781197 114662 1010
1294126323 1036730 59.884014 10.781031 99058 1020
1294126324 1037860 59.884205 10.780695 93307 1130
1294126325 1039050 59.884302 10.780525 73974 1190
1294126326 1040060 59.884398 10.780356 84885 1010
1294126327 1041080 59.884484 10.780165 71825 1020
1294126328 1042090 59.884571 10.779996 107845 1010
1294126329 1043100 59.884668 10.779812 158316 1010
1294126330 1044110 59.88475 10.779656 146606 1010
1294126331 1045209 59.88493 10.779331 95048 1099
1294126332 1046400 59.885011 10.779179 112041 1191
1294126333 1047410 59.885085 10.779024 147659 1009
1294126334 1048411 59.885157 10.778886 139604 1001
1294126335 1049439 59.885238 10.778748 107218 1028
1294126336 1050440 59.885312 10.778593 66317 1001
1294126338 1051560 59.885385 10.778455 38263 1120
1294126339 1052590 59.885452 10.778317 99447 1030
1294126340 1053620 59.885519 10.778211 79082 1030
1294126341 1054630 59.885574 10.778084 105408 1010
1294126342 1055689 59.885616 10.777971 65144 1059
1294126343 1056690 59.885661 10.777823 51984 1001
1294126344 1057719 59.885703 10.777658 52084 1029
1294126345 1058720 59.885721 10.7775 65440 1001
1294126346 1059750 59.885721 10.7775 61560 1030
1294126347 1060751 59.885741 10.777307 26364 1001
1294126348 1061770 59.885751 10.777107 35773 1019
1294126349 1063299 59.885762 10.77689 50851 1529
1294126350 1064300 59.885763 10.776691 55813 1001
1294126351 1065320 59.885773 10.776277 102148 1020
1294126352 1066330 59.885768 10.776095 122161 1010
1294126353 1067349 59.885765 10.77571 97203 1019
1294126355 1068560 59.88576 10.775528 27988 1211
1294126356 1069609 59.88576 10.775528 39672 1049
1294126357 1070649 59.885773 10.775331 34144 1040
1294126358 1071659 59.88579 10.775173 68844 1010
1294126359 1072689 59.885822 10.77504 64478 1029
1294126360 1073819 59.885907 10.774797 65426 1130
1294126361 1074890 59.885948 10.774716 61167 1071
1294126362 1075929 59.885948 10.774716 36936 1039
1294126363 1076979 59.885994 10.774641 23999 1050
1294126364 1077980 59.886024 10.774578 63845 1001
1294126365 1078990 59.886052 10.774535 99038 1010
1294126366 1079999 59.886052 10.774521 137252 1009
1294126367 1081000 59.886034 10.774535 149235 1001
1294126368 1082009 59.886022 10.774532 130999 1009
1294126369 1083010 59.886022 10.774546 141031 1001
1294126370 1084011 59.886006 10.774539 159384 1001
1294126371 1085139 59.886009 10.774543 211962 1128
1294126372 1086140 59.885987 10.774557 149232 1001
1294126373 1087360 59.885975 10.774553 150772 1220
1294126374 1088369 59.885972 10.77455 154694 1009
1294126375 1089370 59.885972 10.77455 106204 1001
1294126376 1090389 59.885964 10.774547 105408 1019
1294126377 1091409 59.885959 10.774547 111985 1020
1294126379 1092620 59.885974 10.774529 180639 1211
1294126380 1093639 59.885995 10.774494 142898 1019
1294126381 1094699 59.886012 10.774445 75840 1060
1294126382 1095719 59.886042 10.774381 89165 1020
1294126383 1096739 59.886081 10.774304 84611 1020
1294126384 1097919 59.886154 10.774071 88517 1180
1294126385 1099070 59.88621 10.773944 141459 1151
1294126386 1100079 59.886321 10.773624 162813 1009
1294126387 1101170 59.886392 10.773465 139977 1091
1294126388 1102249 59.886551 10.773119 109674 1079
1294126389 1103270 59.886634 10.772963 116826 1020
1294126390 1104279 59.886828 10.772645 131382 1009
1294126391 1105519 59.887041 10.772351 110718 1240
1294126392 1106529 59.887156 10.772206 119852 1010
1294126393 1107538 59.887259 10.772095 96057 1009
1294126395 1108551 59.887455 10.77185 87187 1013
1294126396 1109569 59.887551 10.771733 134739 1018
1294126397 1110579 59.887728 10.771534 139858 1009
1294126398 1111769 59.88788 10.771329 122738 1190
1294126399 1112779 59.887951 10.771261 142544 1010
1294126400 1113789 59.88806 10.771133 151587 1010
1294126401 1114790 59.88811 10.771076 162593 1001
1294126402 1115798 59.888207 10.770945 140464 1008
1294126403 1116949 59.888306 10.770832 128073 1151
1294126404 1118079 59.888374 10.770746 196498 1130
1294126405 1119129 59.888383 10.770732 81876 1050
1294126406 1120209 59.888388 10.770718 132984 1080
1294126407 1121430 59.888388 10.770718 151480 1221
1294126408 1122479 59.888388 10.770718 147028 1049
1294126409 1123499 59.888385 10.7707 166457 1019
1294126411 1124699 59.888391 10.770683 166234 1200
1294126412 1125878 59.888401 10.770665 170560 1179
1294126413 1126968 59.888409 10.770669 131286 1090
1294126414 1128179 59.888413 10.770669 143383 1211
1294126415 1129190 59.888406 10.770665 168042 1011
1294126416 1130350 59.888406 10.770665 134797 1160
1294126417 1131358 59.888407 10.770648 146065 1008
1294126418 1132359 59.888413 10.77063 148976 1001
1294126419 1133369 59.888465 10.770542 151374 1010
1294126420 1134472 59.888584 10.770449 127305 1103
1294126421 1135479 59.888664 10.770381 216224 1007
1294126422 1136480 59.888839 10.770161 194973 1001
1294126424 1137599 59.889041 10.769913 176606 1119
1294126425 1138619 59.889147 10.769782 197147 1019
1294126426 1139839 59.889379 10.769494 209388 1220
1294126427 1140840 59.889614 10.769172 216750 1001
1294126428 1141849 59.889731 10.769009 130840 1009
1294126429 1142947 59.889961 10.768672 140813 1098
1294126430 1143949 59.890189 10.768346 178111 1002
1294126431 1144950 59.89031 10.768183 147127 1001
1294126432 1145958 59.890522 10.76785 166535 1008
1294126433 1146969 59.890633 10.767705 141140 1011
1294126434 1148029 59.890823 10.767372 123241 1060
1294126435 1149050 59.890916 10.767223 175475 1021
1294126436 1150058 59.891034 10.76712 130918 1008
1294126437 1151059 59.891129 10.766953 126047 1001
1294126438 1152070 59.891313 10.766638 152157 1011
1294126439 1153078 59.891388 10.766465 134672 1008
1294126440 1154079 59.891557 10.766129 91570 1001
1294126441 1155088 59.891628 10.765956 161875 1009
1294126442 1156218 59.891765 10.765572 146997 1130
1294126443 1157230 59.891909 10.765205 186444 1011
1294126444 1158389 59.892061 10.764856 151006 1159
1294126446 1159598 59.89213 10.764714 142392 1209
1294126447 1160599 59.892202 10.764562 144115 1001
1294126448 1161668 59.892341 10.764199 87161 1069
1294126449 1162669 59.892411 10.764026 117024 1001
1294126450 1163888 59.892496 10.763891 144081 1219
1294126451 1164918 59.892707 10.763614 112106 1030
1294126452 1165928 59.892813 10.763469 143403 1010
1294126453 1166938 59.892917 10.763341 86587 1010
1294126454 1167948 59.893024 10.763178 80712 1010
1294126455 1168958 59.893127 10.763015 45363 1010
1294126456 1169998 59.893225 10.762866 32599 1040
1294126457 1171038 59.893225 10.762866 34200 1040
1294126458 1172048 59.893341 10.762742 14437 1010
1294126459 1173108 59.893458 10.762617 34200 1060
1294126460 1174158 59.893583 10.762492 26607 1050
1294126461 1175238 59.893687 10.762379 40918 1080
1294126462 1176258 59.893687 10.762379 60192 1020
1294126464 1177598 59.893912 10.762231 84090 1340
1294126465 1178658 59.894035 10.762128 82697 1060
1294126466 1179788 59.894153 10.762038 76389 1130
1294126467 1180818 59.894153 10.762038 65664 1030
1294126468 1181838 59.894291 10.761955 37884 1020
1294126469 1182858 59.894418 10.76189 45422 1020
1294126470 1183868 59.89456 10.761846 85030 1010
1294126471 1184998 59.894832 10.761771 130305 1130
1294126472 1186017 59.894978 10.761727 123204 1019
1294126473 1187217 59.895115 10.7617 98866 1200
1294126474 1188218 59.895256 10.761659 80650 1001
1294126475 1189227 59.895392 10.761632 90298 1009
1294126476 1190248 59.895538 10.761591 46989 1021
1294126477 1191258 59.89565 10.761558 50616 1010
1294126478 1192317 59.89575 10.761497 32782 1059
1294126479 1193327 59.89575 10.761497 30096 1009
1294126480 1194428 59.89589 10.761473 29270 1101
1294126481 1195457 59.896026 10.761499 32832 1029
1294126483 1196588 59.896179 10.761437 37167 1131
1294126484 1197598 59.896179 10.761437 49248 1010
1294126485 1198617 59.8963 10.761365 35644 1019
1294126486 1199627 59.896383 10.761286 39672 1010
1294126487 1200638 59.89648 10.761193 39210 1011
1294126488 1201667 59.896577 10.761115 39695 1029
1294126489 1202677 59.896577 10.761115 50616 1010
1294126490 1203688 59.89666 10.76105 47954 1011
1294126491 1204708 59.896734 10.760986 74643 1020
1294126492 1205747 59.89681 10.760918 47977 1039
1294126493 1206768 59.896885 10.760851 51330 1021
1294126494 1207857 59.896971 10.760818 58172 1089
1294126495 1208922 59.897033 10.760779 51984 1064
1294126496 1209927 59.897101 10.760746 14476 1005
1294126497 1210987 59.897101 10.760746 24624 1060
1294126498 1212017 59.897159 10.760692 21888 1030
1294126499 1213137 59.897212 10.760653 23578 1120
1294126500 1214328 59.897212 10.760653 19152 1191
1294126501 1215378 59.897242 10.76059 43776 1050
1294126502 1216427 59.897272 10.760526 39956 1049
1294126503 1217457 59.89727 10.760453 41356 1030
1294126504 1218467 59.897312 10.760392 54365 1010
1294126505 1219477 59.897312 10.760392 53352 1010
1294126506 1220487 59.897351 10.760329 51473 1010
1294126507 1221507 59.897374 10.760262 50010 1020
1294126509 1222597 59.897389 10.76023 42408 1090
1294126510 1223607 59.897451 10.760177 22006 1010
1294126511 1224617 59.897451 10.760177 21888 1010
1294126512 1225647 59.897463 10.760127 24624 1030
1294126513 1226687 59.897467 10.760099 33252 1040
1294126514 1227708 59.897467 10.760099 32832 1021
1294126515 1228737 59.897521 10.760084 25992 1029
1294126516 1229817 59.897578 10.760069 12293 1080
1294126517 1230867 59.897578 10.760069 23256 1050
1294126518 1231907 59.897638 10.760075 25992 1040
1294126519 1233057 59.897706 10.760119 19779 1150
1294126520 1234158 59.897706 10.760119 16416 1101
1294126521 1235167 59.897729 10.760129 21888 1009
1294126522 1236187 59.897729 10.760129 26516 1020
1294126524 1238058 59.897752 10.760153 1126 1871
1294126525 1239147 59.897766 10.760177 17784 1089
1294126526 1240157 59.897766 10.760177 34200 1010
1294126527 1241167 59.897778 10.760181 25399 1010
1294126528 1242297 59.897781 10.760184 13680 1130
1294126529 1243327 59.897781 10.760184 36936 1030
1294126530 1244367 59.897796 10.760191 16402 1040
1294126531 1245437 59.897792 10.760191 23256 1070
1294126532 1246457 59.897792 10.760191 10944 1020
1294126534 1247666 59.897798 10.760211 15206 1209
1294126535 1248678 59.897786 10.760208 19152 1011
1294126537 1251027 59.897786 10.760208 15048 2348
1294126538 1252075 59.897778 10.760205 29719 1048
1294126539 1253416 59.897767 10.760198 9576 1341
1294126540 1254437 59.897767 10.760198 23256 1020
1294126542 1255626 59.897764 10.760195 23024 1189
1294126543 1256657 59.897757 10.760191 13680 1031
1294126544 1257674 59.897757 10.760191 27360 1017
1294126545 1258686 59.897752 10.760191 22708 1011
1294126546 1259728 59.897755 10.760195 13680 1041
1294126547 1260729 59.897755 10.760195 25992 1001
1294126548 1261967 59.897761 10.760163 55765 1238
1294126549 1262977 59.897767 10.760131 68850 1010
1294126550 1263997 59.897767 10.760064 77203 1020
1294126551 1265007 59.897782 10.75998 68028 1010
1294126552 1266017 59.8978 10.759899 75546 1010
1294126553 1267217 59.897849 10.759631 133120 1200
1294126554 1268317 59.897888 10.759501 131419 1100
1294126555 1269476 59.897914 10.759385 66764 1159
1294126556 1270517 59.897922 10.759265 61560 1041
1294126557 1271537 59.897931 10.759146 47361 1020
1294126559 1272559 59.89796 10.759047 54203 1022
1294126560 1273867 59.89796 10.759047 53352 1308
1294126561 1274996 59.898026 10.758888 97973 1129
1294126562 1276066 59.898062 10.758831 143749 1070
1294126563 1277067 59.898187 10.75884 160236 1001
1294126564 1278076 59.898282 10.75887 169566 1009
1294126565 1279077 59.898498 10.758946 90788 1001
1294126566 1280084 59.89857 10.758955 112305 1007
1294126567 1281087 59.898643 10.758961 122682 1003
1294126568 1282088 59.898779 10.758973 144719 1001
1294126569 1283266 59.898916 10.75896 137081 1178
1294126570 1284366 59.899 10.758945 135749 1100
1294126571 1285536 59.899143 10.758901 117855 1170
1294126573 1286636 59.899217 10.758889 117304 1100
1294126574 1287646 59.899401 10.758893 147663 1010
1294126575 1288767 59.899568 10.758971 126526 1121
1294126576 1289768 59.899632 10.759029 195083 1001
1294126577 1290857 59.899747 10.759265 151605 1089
1294126578 1291866 59.899842 10.759519 126928 1009
1294126579 1292876 59.899872 10.759718 58664 1010
1294126580 1293896 59.899872 10.759718 46512 1020
1294126581 1294906 59.899932 10.759868 34402 1010
1294126582 1295936 59.899999 10.759997 33135 1030
1294126583 1296947 59.900065 10.760143 36936 1011
1294126584 1297996 59.900122 10.760289 30848 1048
1294126585 1299026 59.900122 10.760289 54720 1030
1294126586 1300046 59.900157 10.760446 42784 1020
1294126587 1301366 59.900206 10.760589 56875 1320
1294126588 1302376 59.90024 10.760711 65664 1010
1294126589 1303388 59.900265 10.760847 39635 1012
1294126590 1304406 59.900282 10.76098 42284 1018
1294126592 1305776 59.900301 10.761095 63133 1370
1294126593 1306786 59.900301 10.761095 68400 1010
1294126594 1307796 59.900325 10.761235 45268 1010
1294126595 1308936 59.900359 10.761357 44806 1140
1294126596 1309956 59.900394 10.761514 50616 1020
1294126597 1310976 59.900424 10.761636 51535 1020
1294126598 1311986 59.900447 10.761776 49138 1010
1294126599 1313006 59.900483 10.761919 60419 1020
1294126600 1314016 59.900529 10.762058 81325 1010
1294126601 1315026 59.90057 10.762198 101103 1010
1294126602 1316248 59.900619 10.762341 147503 1222
1294126603 1317256 59.900665 10.76248 73334 1007
1294126604 1318257 59.900705 10.762637 81606 1001
1294126605 1319266 59.900739 10.762773 54032 1009
1294126606 1320267 59.900774 10.763063 117954 1001
1294126607 1321327 59.90079 10.763214 128666 1060
1294126608 1322406 59.900793 10.763508 127661 1079
1294126609 1323415 59.900802 10.763638 93270 1009
1294126610 1324475 59.900816 10.763767 50443 1060
1294126611 1325526 59.900816 10.763767 21888 1050
1294126613 1326562 59.900837 10.763918 47107 1036
1294126614 1327617 59.90087 10.764054 133581 1055
1294126615 1328625 59.900941 10.764291 176908 1008
1294126616 1329626 59.900987 10.764416 160204 1001
1294126617 1330686 59.901108 10.764621 146766 1059
1294126618 1331687 59.901244 10.764861 165708 1001
1294126619 1332876 59.901301 10.764993 240165 1189
1294126620 1333877 59.901373 10.765247 162971 1001
1294126621 1334947 59.901443 10.765473 143618 1070
1294126622 1335949 59.901492 10.765578 157457 1001
1294126623 1336950 59.901556 10.765766 196356 1001
1294126624 1337956 59.901592 10.76587 142902 1005
1294126625 1338965 59.901658 10.766079 151354 1009
1294126626 1339966 59.901689 10.766198 131233 1001
1294126627 1340985 59.901704 10.766296 74786 1018
1294126628 1341995 59.901715 10.766394 44539 1010
1294126629 1343121 59.901724 10.766474 43339 1126
1294126630 1344125 59.901745 10.766554 43776 1004
1294126631 1345336 59.901758 10.766634 50308 1211
1294126632 1346536 59.901776 10.766711 128409 1200
1294126633 1347537 59.901828 10.766833 200734 1001
1294126634 1348538 59.901876 10.766979 156805 1001
1294126636 1349556 59.901939 10.767108 188065 1018
1294126637 1350566 59.902015 10.767223 180817 1010
1294126638 1351708 59.902087 10.767323 203161 1142
1294126639 1352716 59.902126 10.767389 236467 1008
1294126640 1353896 59.902225 10.767475 232776 1180
1294126641 1354897 59.902336 10.76755 223045 1001
1294126642 1355898 59.902458 10.767593 184850 1001
1294126643 1356915 59.902563 10.767595 176953 1017
1294126644 1358341 59.902648 10.767604 183588 1426
1294126645 1359345 59.902745 10.767617 134095 1003
1294126646 1360355 59.902839 10.767612 138912 1010
1294126647 1361436 59.902909 10.7676 207678 1081
1294126648 1362466 59.902938 10.767592 180314 1030
1294126650 1363556 59.902985 10.767585 194703 1090
1294126651 1364605 59.903022 10.767577 117110 1049
1294126652 1365635 59.903059 10.767587 153857 1030
1294126653 1366670 59.903079 10.767594 174794 1035
1294126654 1367696 59.903102 10.767604 208541 1026
1294126655 1368736 59.903116 10.767586 132706 1040
1294126656 1369855 59.90313 10.767572 194090 1119
1294126657 1370985 59.903131 10.767569 223243 1130
1294126658 1372036 59.903127 10.767569 195855 1051
1294126659 1373125 59.903127 10.767569 186729 1089
1294126660 1374126 59.903122 10.767569 205640 1001
1294126661 1375135 59.903118 10.767569 159219 1009
1294126663 1376558 59.90311 10.767565 171764 1423
1294126664 1377565 59.903106 10.76758 150603 1007
1294126665 1379195 59.903106 10.76758 24624 1630
1294126666 1380225 59.903106 10.76758 40290 1030
1294126667 1381266 59.903098 10.767576 23014 1040
1294126668 1382385 59.903097 10.767594 49349 1119
1294126669 1383415 59.903097 10.767594 43776 1030
1294126670 1384445 59.903101 10.76758 30839 1030
1294126671 1385515 59.903098 10.767576 60571 1070
1294126673 1386665 59.9031 10.767597 76499 1150
1294126674 1387666 59.903127 10.767607 91816 1001
1294126675 1388675 59.903132 10.767607 86128 1009
1294126676 1389825 59.90318 10.767606 83565 1150
1294126677 1390855 59.903198 10.767592 80595 1028
1294126678 1391865 59.903247 10.767591 76064 1010
1294126679 1392866 59.903308 10.767594 105107 1001
1294126680 1393875 59.903362 10.767614 112851 1009
1294126681 1394885 59.903417 10.767595 74338 1010
1294126682 1395944 59.903485 10.767601 45358 1059
1294126683 1396946 59.903485 10.767601 35568 1002
1294126684 1398153 59.903558 10.767607 16384 1207
1294126685 1399155 59.903616 10.767606 80775 1002
1294126686 1400163 59.903681 10.767609 90361 1008
1294126687 1401164 59.903731 10.76759 103997 1001
1294126688 1402165 59.903731 10.76759 97128 1001
1294126689 1403175 59.903772 10.767548 98771 1010
1294126690 1404365 59.903885 10.767367 117213 1190
1294126691 1405375 59.903933 10.767275 130986 1010
1294126692 1406385 59.903986 10.767183 125745 1010
1294126693 1407395 59.904072 10.767031 181845 1010
1294126694 1408406 59.904131 10.766974 186052 1011
1294126695 1409407 59.904252 10.766902 126231 1001
1294126696 1410475 59.904324 10.766908 146200 1068
1294126698 1411565 59.904481 10.766993 145639 1089
1294126699 1412675 59.90456 10.767072 140310 1110
1294126700 1413765 59.904722 10.767249 131007 1090
1294126701 1414875 59.904807 10.767258 177992 1110
1294126702 1415876 59.904901 10.767253 120425 1001
1294126703 1416924 59.904995 10.7673 75027 1048
1294126704 1417926 59.905084 10.76731 60109 1002
1294126705 1418935 59.905165 10.767319 101108 1009
1294126706 1419954 59.905239 10.767345 73514 1019
1294126707 1420955 59.905308 10.767404 104014 1001
1294126708 1421965 59.905382 10.767445 92425 1010
1294126709 1422984 59.905508 10.767517 96200 1019
1294126710 1424044 59.905508 10.767517 47880 1060
1294126711 1425054 59.905583 10.767558 64365 1009
1294126712 1426145 59.90566 10.767602 44181 1091
1294126713 1427154 59.905732 10.767664 92109 1009
1294126714 1428155 59.905849 10.76776 82656 1001
1294126715 1429165 59.9059 10.767794 100789 1010
1294126716 1430275 59.905945 10.767828 96530 1110
1294126717 1431294 59.905945 10.767828 111163 1019
1294126718 1432324 59.906035 10.767876 62791 1030
1294126719 1433484 59.90607 10.767889 114824 1160
1294126721 1434594 59.906103 10.767882 118599 1110
1294126722 1435965 59.906122 10.767906 132167 1371
1294126723 1436974 59.906134 10.767909 107308 1009
1294126724 1437984 59.906132 10.767927 109860 1010
1294126725 1438994 59.906125 10.767923 88280 1010
1294126726 1440114 59.906114 10.767955 119593 1120
1294126727 1441124 59.906114 10.767955 121338 1010
1294126728 1442134 59.906099 10.767963 90598 1010
1294126729 1443164 59.906099 10.767963 76525 1030
1294126730 1444174 59.906094 10.767963 67410 1010
1294126731 1445185 59.906097 10.767966 85468 1011
1294126732 1446186 59.906093 10.767952 116687 1001
1294126733 1447324 59.906096 10.767955 128419 1138
1294126734 1448434 59.906099 10.767959 122675 1110
1294126736 1449624 59.906098 10.767976 149909 1190
1294126737 1450625 59.906102 10.767962 140826 1001
1294126738 1451634 59.906109 10.767983 96575 1009
1294126739 1452844 59.906109 10.767983 152348 1210
1294126740 1453845 59.906103 10.768 120544 1001
1294126741 1454854 59.906109 10.768021 143964 1009
1294126742 1455855 59.906109 10.768021 133661 1001
1294126743 1456865 59.906109 10.768021 125486 1010
1294126744 1457874 59.906116 10.768025 98075 1009
1294126745 1458875 59.906129 10.768028 116748 1001
1294126746 1460064 59.906169 10.768024 158565 1189
1294126747 1461214 59.9062 10.768051 147497 1150
1294126748 1462254 59.906236 10.768047 143280 1040
1294126749 1463504 59.90629 10.768046 148171 1250
1294126750 1464514 59.906355 10.768049 103598 1010
1294126752 1465624 59.906445 10.767949 56515 1110
1294126753 1466774 59.906445 10.767949 35568 1150
1294126754 1467794 59.906542 10.767962 95743 1019
1294126755 1468814 59.906782 10.768007 110899 1020
1294126756 1469934 59.906893 10.768005 117876 1120
1294126757 1470948 59.907005 10.768024 113940 1014
1294126758 1471964 59.907115 10.767987 127954 1016
1294126759 1472974 59.907227 10.767968 80351 1010
1294126760 1473993 59.907315 10.767942 78260 1019
1294126761 1474994 59.907406 10.767958 46512 1001
1294126762 1476004 59.907494 10.767932 68585 1010
1294126763 1477013 59.907585 10.767909 84863 1009
1294126764 1478025 59.90766 10.767894 62081 1012
1294126765 1479026 59.907707 10.767872 64972 1001
1294126766 1480034 59.907782 10.767875 74476 1008
1294126767 1481268 59.907914 10.767901 71539 1234
1294126768 1482285 59.907957 10.767891 65430 1017
1294126769 1483293 59.908 10.767881 47880 1008
1294126770 1484294 59.908043 10.767871 48350 1001
1294126771 1485314 59.908091 10.767884 59197 1020
1294126772 1486324 59.908112 10.76782 64379 1010
1294126773 1487333 59.90813 10.767845 68057 1009
1294126774 1488465 59.908227 10.768057 66891 1132
1294126775 1489473 59.908244 10.768099 88821 1008
1294126776 1490474 59.908273 10.768105 99527 1001
1294126777 1491524 59.908274 10.768088 82255 1050
1294126778 1492533 59.908274 10.768102 103501 1009
1294126780 1493614 59.908266 10.768099 95378 1081
1294126781 1494624 59.908277 10.768081 121689 1010
1294126782 1495625 59.908274 10.768078 111797 1001
1294126783 1496644 59.90827 10.768075 95961 1019
1294126784 1497654 59.908278 10.768054 108152 1010
1294126785 1498664 59.908282 10.768054 111261 1010
1294126786 1499843 59.908294 10.768057 135426 1179
1294126787 1501034 59.908312 10.768019 129007 1191
1294126788 1502044 59.908312 10.768019 119619 1010
1294126789 1503063 59.908324 10.768022 66893 1018
1294126790 1504133 59.908346 10.768049 118136 1070
1294126791 1505214 59.908352 10.76807 123169 1080
1294126792 1506503 59.908352 10.76807 115446 1288
1294126793 1507504 59.90835 10.768088 98539 1001
1294126794 1508513 59.90835 10.768088 133860 1009
1294126795 1509533 59.908361 10.768109 106426 1020
1294126797 1510663 59.908366 10.768109 118058 1130
1294126798 1511844 59.908367 10.768091 186719 1181
1294126799 1512853 59.908356 10.76807 106134 1008
1294126800 1513854 59.908356 10.768085 119372 1001
1294126801 1514863 59.908356 10.76806 134643 1009
1294126802 1515865 59.908359 10.768039 158700 1002
1294126803 1516874 59.908359 10.768039 151220 1009
1294126804 1517883 59.908356 10.768022 151199 1009
1294126805 1518884 59.908341 10.768001 151563 1001
1294126806 1520045 59.908333 10.767969 148357 1161
1294126807 1521054 59.908333 10.767969 156991 1009
1294126808 1522163 59.908313 10.767948 128265 1109
1294126809 1523173 59.908313 10.767948 172716 1010
1294126810 1524194 59.908312 10.767966 117537 1021
1294126811 1525423 59.908304 10.767963 115615 1229
1294126812 1526426 59.908297 10.767959 104771 1003
1294126813 1527433 59.908292 10.767959 100997 1007
1294126814 1528443 59.908285 10.767956 102770 1010
1294126816 1529633 59.908295 10.767938 126329 1190
1294126817 1530634 59.908303 10.767942 137729 1001
1294126818 1531663 59.908318 10.767924 82731 1029
1294126819 1532894 59.90831 10.767921 86578 1231
1294126820 1534104 59.908316 10.767879 164216 1210
1294126821 1535105 59.908335 10.767861 133587 1001
1294126822 1536113 59.90834 10.767861 158749 1008
1294126823 1537114 59.90834 10.767861 173560 1001
1294126824 1538283 59.908328 10.767858 147769 1169
1294126825 1539293 59.908332 10.767858 154756 1010
1294126826 1540344 59.908323 10.767858 138581 1051
1294126827 1541453 59.908305 10.767858 148771 1109
1294126828 1542473 59.908297 10.76784 124621 1020
1294126829 1543492 59.908326 10.767833 59057 1019
1294126831 1545303 59.908326 10.767833 27360 1811
1294126832 1546333 59.908341 10.767801 44589 1030
1294126833 1547334 59.908354 10.76779 86695 1001
1294126834 1548343 59.908413 10.767796 128116 1009
1294126835 1549423 59.908428 10.767803 158473 1080
1294126836 1550513 59.908476 10.767858 141943 1090
1294126838 1551613 59.908515 10.767871 120671 1100
1294126839 1552632 59.908559 10.76787 90466 1019
1294126840 1553743 59.908606 10.767782 50951 1111
1294126841 1554948 59.908642 10.767672 155006 1205
1294126842 1555950 59.908707 10.767555 92698 1002
1294126843 1557113 59.908782 10.767171 168186 1163
1294126844 1558114 59.908782 10.767171 178096 1001
1294126845 1559123 59.908833 10.766992 156936 1009
1294126846 1560133 59.908982 10.766793 120847 1010
1294126847 1561134 59.909054 10.766735 131339 1001
1294126848 1562143 59.909054 10.766735 159103 1009
1294126849 1563323 59.909143 10.766533 154865 1180
1294126850 1564325 59.909173 10.76647 157185 1002
1294126851 1565333 59.909198 10.766406 164248 1008
1294126852 1566403 59.909238 10.766328 153975 1070
1294126853 1567414 59.90927 10.766244 175918 1011
1294126855 1568972 59.909299 10.766145 142491 1558
1294126856 1569973 59.90932 10.766043 60738 1001
1294126857 1570982 59.909342 10.765938 91375 1008
1294126858 1572013 59.909375 10.765839 89401 1031
1294126859 1573023 59.909382 10.765766 37868 1010
1294126860 1574033 59.909424 10.765614 99616 1010
1294126861 1575111 59.90948 10.765326 82448 1078
1294126862 1576213 59.909507 10.765192 121868 1102
1294126863 1577223 59.909507 10.765192 136619 1010
1294126864 1578233 59.909521 10.764925 70660 1010
1294126865 1579243 59.909541 10.764788 105726 1010
1294126866 1580252 59.909569 10.764637 76146 1009
1294126867 1581254 59.909569 10.764637 85538 1002
1294126868 1582282 59.909586 10.764359 85311 1028
1294126869 1583283 59.909659 10.764221 113433 1001
1294126870 1584323 59.909696 10.76407 94322 1040
1294126871 1585353 59.909724 10.763933 75915 1030
1294126872 1586412 59.909765 10.763799 67352 1059
1294126873 1587422 59.909794 10.763644 72851 1010
1294126875 1588573 59.909832 10.763493 65505 1151
1294126876 1589582 59.909832 10.763493 49248 1009
1294126877 1590592 59.909863 10.763321 44195 1010
1294126878 1591642 59.909942 10.763018 93431 1050
1294126879 1592762 59.909982 10.762884 102077 1120
1294126880 1593792 59.910035 10.762754 102028 1030
1294126881 1594802 59.91011 10.762633 97297 1010
1294126882 1595992 59.910123 10.762542 89561 1190
1294126883 1597012 59.910155 10.762475 76564 1020
1294126884 1598022 59.91023 10.762422 72999 1010
1294126885 1599032 59.910295 10.762333 87122 1010
1294126886 1600052 59.910373 10.7621655 95761 1020
1294126887 1601272 59.910451 10.761998 126811 1220
1294126888 1602273 59.91048 10.761966 139833 1001
1294126889 1603282 59.910507 10.761899 98809 1009
1294126890 1604492 59.910536 10.761797 127390 1210
1294126891 1605512 59.910586 10.761702 99896 1020
1294126892 1606522 59.910651 10.761575 52069 1010
1294126893 1607532 59.910677 10.761441 61559 1010
1294126894 1608542 59.910712 10.761339 120948 1010
1294126896 1609552 59.910748 10.761258 138526 1010
1294126897 1610562 59.910748 10.761258 81285 1010
1294126898 1611583 59.910767 10.761188 85770 1021
1294126899 1612682 59.910836 10.761022 78610 1099
1294126900 1613692 59.910872 10.760941 82427 1010
1294126901 1614752 59.91092 10.760863 92415 1060
1294126902 1615762 59.910979 10.760792 70843 1010
1294126903 1616950 59.911042 10.760735 146361 1187
1294126904 1617952 59.91108 10.760636 154528 1002
1294126905 1618992 59.911133 10.760544 90571 1040
1294126906 1620004 59.911179 10.760484 141025 1012
1294126907 1621012 59.911227 10.760406 117100 1008
1294126908 1622092 59.911299 10.760258 116930 1080
1294126909 1623102 59.911299 10.760258 120086 1010
1294126910 1624321 59.911358 10.760163 113365 1219
1294126911 1625542 59.911341 10.760121 129680 1220
1294126913 1626558 59.911347 10.760104 81338 1016
1294126914 1627561 59.91135 10.760107 74715 1003
1294126915 1628562 59.911364 10.760093 84967 1001
1294126916 1629652 59.911382 10.760079 82234 1090
1294126917 1630662 59.911395 10.760064 77903 1009
1294126918 1631681 59.911391 10.760064 88035 1019
1294126919 1632692 59.911395 10.76005 78209 1011
1294126920 1633701 59.911399 10.760053 117779 1009
1294126921 1634712 59.911403 10.760039 70487 1011
1294126922 1635902 59.9114 10.760022 92428 1190
1294126923 1636910 59.911391 10.760022 120049 1008
1294126924 1637972 59.911399 10.760025 75383 1062
1294126925 1639082 59.911415 10.760014 136351 1110
1294126926 1640091 59.911415 10.760014 127250 1009
1294126927 1641092 59.911415 10.760014 104296 1001
1294126928 1642102 59.911424 10.76 106600 1010
1294126929 1643111 59.911429 10.76 112641 1009
1294126930 1644124 59.911429 10.76 93204 1013
1294126931 1645161 59.911429 10.76 67097 1037
1294126932 1646172 59.911424 10.76 110517 1011
1294126933 1647392 59.911432 10.760003 136972 1219
1294126934 1648402 59.91144 10.760007 129539 1010
1294126935 1649421 59.91144 10.760007 152764 1019
1294126936 1650423 59.91144 10.760007 140044 1002
1294126937 1651431 59.911446 10.759989 117607 1008
1294126938 1652441 59.911452 10.759971 72718 1010
1294126939 1653442 59.911427 10.759926 96637 1001
1294126940 1654541 59.911426 10.759891 114377 1099
1294126941 1655542 59.911443 10.759839 130437 1001
1294126943 1656731 59.911457 10.759786 126191 1189
1294126944 1657741 59.911476 10.759701 99486 1010
1294126945 1658791 59.911489 10.759582 78430 1050
1294126946 1659801 59.911506 10.759427 81707 1010
1294126947 1660811 59.911506 10.759427 82080 1010
1294126948 1661841 59.911525 10.759252 48255 1030
1294126949 1662891 59.911531 10.759073 25992 1050
1294126950 1663981 59.911538 10.758894 73814 1090
1294126951 1664982 59.911545 10.758729 127238 1001
1294126952 1666001 59.911578 10.758325 103641 1019
1294126953 1667082 59.911605 10.758153 129756 1081
1294126954 1668281 59.911649 10.757679 122421 1199
1294126955 1669462 59.911695 10.757513 119702 1181
1294126957 1670602 59.911691 10.757328 120544 1140
1294126958 1671612 59.911693 10.75731 111844 1009
1294126959 1672721 59.9117 10.757222 61927 1109
1294126960 1673941 59.911687 10.757089 53180 1220
1294126961 1674951 59.911715 10.756914 57155 1010
1294126962 1675961 59.911746 10.756756 59320 1010
1294126963 1676971 59.911797 10.756604 76374 1010
1294126964 1678061 59.911834 10.756414 53280 1090
1294126965 1679071 59.91191 10.756347 72828 1010
1294126966 1680078 59.911967 10.756202 111718 1007
1294126967 1681101 59.912014 10.756033 85659 1023
1294126968 1682111 59.912061 10.755882 85829 1010
1294126969 1683121 59.912089 10.755745 71272 1010
1294126970 1684131 59.912137 10.7556 70790 1010
1294126971 1685161 59.912148 10.755488 56509 1030
1294126972 1686171 59.912207 10.755364 89717 1010
1294126973 1687181 59.912214 10.755224 117671 1010
1294126974 1688191 59.91222 10.755101 67476 1010
1294126975 1689201 59.912222 10.754974 139158 1010
1294126976 1690211 59.912221 10.754768 122763 1010
1294126977 1691212 59.912251 10.754613 136046 1001
1294126978 1692221 59.91227 10.75449 109651 1009
1294126979 1693231 59.912291 10.75435 113858 1010
1294126980 1694241 59.912313 10.75423 139215 1010
1294126981 1695242 59.912341 10.754093 147195 1001
1294126982 1696401 59.912333 10.754027 132081 1159
1294126983 1697411 59.912349 10.753939 130937 1010
1294126984 1698421 59.912372 10.75382 104904 1010
1294126985 1699431 59.912379 10.753708 113691 1010
1294126986 1700491 59.912401 10.753588 117248 1060
1294126988 1701581 59.912438 10.753489 113959 1090
1294126989 1702741 59.912471 10.753366 124458 1160
1294126990 1703742 59.912487 10.753264 158140 1001
1294126991 1704841 59.912514 10.753198 80997 1099
1294126992 1705851 59.912517 10.75311 49248 1010
1294126993 1706860 59.912529 10.753022 57065 1009
1294126994 1707980 59.912557 10.752937 89605 1120
1294126995 1708990 59.912576 10.752853 67707 1009
1294126996 1710030 59.912596 10.752769 42408 1040
1294126997 1711031 59.912609 10.752663 61868 1001
1294126998 1712040 59.912624 10.75254 72940 1009
1294126999 1713081 59.912616 10.752379 68711 1041
1294127000 1714083 59.912608 10.75227 93241 1002
1294127001 1715201 59.912699 10.752052 97951 1118
1294127002 1716211 59.912699 10.752052 88572 1010
1294127003 1717290 59.912779 10.751655 96517 1079
1294127004 1718291 59.912805 10.751497 138450 1001
1294127005 1719311 59.912805 10.751497 116643 1020
1294127006 1720321 59.912807 10.751388 35018 1010
1294127007 1721330 59.912835 10.751118 97873 1009
1294127008 1722342 59.912859 10.751009 106370 1012
1294127009 1723361 59.912869 10.750886 113520 1019
1294127010 1724370 59.912869 10.750886 84282 1009
1294127011 1725381 59.912878 10.750834 74664 1011
1294127012 1726390 59.912878 10.750676 66756 1009
1294127013 1727481 59.912833 10.750476 91875 1091
1294127014 1728482 59.912788 10.75036 130066 1001
1294127016 1729571 59.912731 10.750277 147148 1089
1294127017 1730611 59.912678 10.750197 154420 1040
1294127018 1731621 59.912657 10.750141 172253 1010
1294127019 1732641 59.912625 10.750102 107994 1020
1294127020 1733671 59.912621 10.750088 129441 1030
1294127021 1734851 59.912603 10.750074 145283 1179
1294127022 1735860 59.912586 10.750056 125501 1009
1294127023 1736861 59.912568 10.750056 115770 1001
1294127024 1737871 59.912552 10.750039 96529 1010
1294127025 1738872 59.912531 10.750035 138241 1001
1294127026 1739900 59.912531 10.750035 78474 1028
1294127027 1740910 59.912526 10.750021 128907 1010
1294127028 1741911 59.912514 10.750003 139514 1001
1294127029 1742980 59.912487 10.750003 165918 1068
1294127030 1743981 59.912487 10.750003 186521 1001
1294127031 1744982 59.912464 10.749979 135976 1001
1294127032 1746000 59.912452 10.749976 145157 1017
1294127033 1747091 59.912433 10.749955 104962 1091
1294127034 1748092 59.912433 10.749955 146083 1001
1294127035 1749210 59.912417 10.749948 205103 1118
1294127036 1750400 59.912414 10.749931 211899 1190
1294127037 1751411 59.912411 10.749927 124250 1011
1294127037 1751507 59.912411 10.749927 34200 96
