1292927696 1020912 59.853309 10.800864 124404 1010
1292927697 1021922 59.853309 10.800864 154873 1010
1292927698 1022931 59.853316 10.800885 150769 1009
1292927699 1023981 59.853334 10.800909 96674 1050
1292927700 1024982 59.853354 10.800916 96270 1001
1292927701 1025991 59.853384 10.800943 116472 1009
1292927702 1027002 59.85342 10.800953 104582 1011
1292927703 1028011 59.85344 10.80096 96675 1009
1292927704 1029113 59.85344 10.80096 85975 1102
1292927705 1030282 59.853481 10.800956 157404 1169
1292927706 1031302 59.853502 10.800945 114164 1020
1292927707 1032462 59.853522 10.800952 122829 1160
1292927708 1033532 59.853558 10.800909 132335 1069
1292927709 1034533 59.853558 10.800909 136733 1001
1292927711 1035682 59.853596 10.800849 193460 1149
1292927712 1036693 59.853619 10.800821 139168 1011
1292927713 1037713 59.853619 10.800821 151900 1020
1292927714 1038714 59.853664 10.800764 168374 1001
1292927715 1039912 59.853679 10.800732 140485 1198
1292927716 1040933 59.853679 10.800732 158006 1021
1292927717 1041942 59.853729 10.800676 170868 1009
1292927718 1042943 59.853753 10.80063 147431 1001
1292927719 1044112 59.853764 10.800598 155543 1169
1292927720 1045122 59.853789 10.800587 174529 1010
1292927721 1046123 59.853812 10.800559 160095 1001
1292927722 1047124 59.853812 10.800559 116724 1001
1292927723 1048141 59.853856 10.80052 189325 1017
1292927724 1049241 59.853883 10.800491 105997 1100
1292927725 1050242 59.853904 10.80048 164236 1001
1292927726 1051442 59.853966 10.800465 143241 1200
1292927727 1052443 59.853966 10.800465 174006 1001
1292927729 1053561 59.854033 10.80045 136337 1118
1292927730 1054562 59.854068 10.800425 157803 1001
1292927731 1055583 59.854068 10.800425 168180 1021
1292927732 1056711 59.854142 10.800414 138197 1128
1292927733 1057732 59.854176 10.800406 159506 1021
1292927734 1058742 59.854176 10.800406 175272 1010
1292927735 1059761 59.854251 10.800377 177756 1018
1292927736 1060762 59.854289 10.800369 168520 1001
1292927737 1061772 59.854289 10.800369 181966 1010
1292927738 1062773 59.854377 10.800344 182295 1001
1292927739 1063951 59.85443 10.800343 163620 1178
1292927740 1064952 59.85443 10.800343 181218 1001
1292927741 1066061 59.854559 10.800313 139751 1109
1292927742 1067221 59.854627 10.80028 157517 1160
1292927743 1068222 59.854706 10.800269 164960 1001
1292927744 1069352 59.854794 10.800243 167766 1130
1292927745 1070522 59.854889 10.80022 154069 1170
1292927746 1071531 59.854991 10.80018 133385 1009
1292927748 1072621 59.855209 10.800107 124477 1090
1292927749 1073631 59.855209 10.800107 93023 1010
1292927750 1074711 59.855439 10.800037 112935 1080
1292927751 1075941 59.855568 10.800007 149484 1230
1292927752 1076942 59.855568 10.800007 120310 1001
1292927753 1077951 59.855823 10.799982 127689 1009
1292927754 1078961 59.855961 10.799991 128679 1010
1292927755 1079981 59.856098 10.800016 142705 1020
1292927756 1081111 59.856242 10.800046 132787 1130
1292927757 1082121 59.856392 10.800096 131171 1010
1292927758 1083131 59.856392 10.800096 98671 1010
1292927759 1084151 59.856684 10.800172 118249 1020
1292927760 1085161 59.856831 10.800219 134944 1010
1292927761 1086171 59.856979 10.800266 84784 1010
1292927762 1087181 59.857135 10.800298 92723 1010
1292927763 1088201 59.857284 10.800328 83745 1020
1292927764 1089220 59.857284 10.800328 78328 1019
1292927765 1090261 59.857574 10.80033 43837 1040
1292927766 1091430 59.857725 10.800324 69520 1169
1292927767 1092431 59.857871 10.800298 127575 1001
1292927768 1093450 59.858153 10.800206 102925 1019
1292927769 1094451 59.858153 10.800206 101910 1001
1292927770 1095461 59.858287 10.800159 138093 1010
1292927771 1096531 59.858563 10.800046 143607 1069
1292927773 1097721 59.858563 10.800046 139557 1190
1292927774 1098732 59.858826 10.79993 134975 1011
1292927775 1099751 59.858949 10.799879 170013 1019
1292927776 1100771 59.858949 10.799879 114581 1020
1292927777 1101931 59.859178 10.799788 139983 1160
1292927778 1103011 59.859287 10.799752 120470 1080
1292927779 1104081 59.85939 10.799694 127978 1070
1292927780 1105091 59.859491 10.799654 155674 1010
1292927781 1106092 59.859579 10.799628 121611 1001
1292927782 1107321 59.859669 10.799585 172140 1229
1292927784 1108551 59.859817 10.799523 186598 1230
1292927785 1109761 59.859817 10.799523 152262 1210
1292927786 1110871 59.859947 10.799476 140562 1110
1292927787 1112011 59.85999 10.799454 142905 1140
1292927788 1113110 59.860032 10.799432 143271 1099
1292927789 1114120 59.860058 10.799421 134030 1010
1292927790 1115131 59.860093 10.799396 130002 1011
1292927791 1116151 59.860112 10.799403 137432 1020
1292927792 1117241 59.860134 10.799392 133094 1090
1292927793 1118250 59.860156 10.799364 150723 1009
1292927794 1119291 59.860185 10.799356 159866 1041
1292927795 1120311 59.860218 10.799349 134058 1020
1292927796 1121321 59.860253 10.799324 155385 1010
1292927797 1122351 59.860282 10.799316 171638 1030
1292927798 1123352 59.860324 10.799295 159627 1001
1292927799 1124510 59.860346 10.799284 145624 1158
1292927801 1125580 59.86038 10.799259 114515 1070
1292927802 1126581 59.860444 10.799226 152042 1001
1292927803 1127591 59.860444 10.799226 143862 1010
1292927804 1128787 59.860502 10.799173 136285 1196
1292927805 1129792 59.860524 10.799145 162157 1005
1292927806 1130951 59.860524 10.799145 69880 1159
1292927807 1131952 59.860592 10.799112 157762 1001
1292927808 1133001 59.860626 10.799104 60732 1049
1292927809 1134200 59.860661 10.799079 145722 1199
1292927810 1135201 59.860703 10.799058 151239 1001
1292927811 1136210 59.860736 10.79905 128503 1009
1292927812 1137211 59.860767 10.799025 146697 1001
1292927813 1138212 59.8608 10.799018 175763 1001
1292927814 1139280 59.860842 10.798996 155887 1068
1292927815 1140410 59.860882 10.798971 191544 1130
1292927816 1141420 59.860965 10.798945 156710 1010
1292927817 1142421 59.860965 10.798945 130001 1001
1292927818 1143430 59.861012 10.798924 125682 1009
1292927820 1144590 59.861101 10.79888 116341 1160
1292927821 1145600 59.861101 10.79888 162300 1010
1292927822 1146610 59.861148 10.798858 96627 1010
1292927823 1147800 59.861238 10.798815 138359 1190
1292927824 1148970 59.861279 10.798811 143305 1170
1292927825 1149990 59.861325 10.798789 124315 1019
1292927826 1151100 59.861372 10.798768 107689 1110
1292927827 1152110 59.861372 10.798768 140789 1010
1292927828 1153120 59.861462 10.798724 101653 1010
1292927829 1154330 59.861504 10.798702 140964 1210
1292927830 1155450 59.861551 10.798681 118910 1120
1292927832 1156630 59.861638 10.798672 124148 1180
1292927833 1158140 59.861638 10.798672 122573 1510
1292927834 1159150 59.861733 10.79865 110444 1010
1292927835 1160219 59.861774 10.798646 113482 1068
1292927836 1161410 59.861807 10.798638 146478 1191
1292927838 1162650 59.861854 10.798617 139353 1240
1292927839 1163690 59.861854 10.798617 109203 1040
1292927840 1164790 59.861866 10.79862 127326 1100
1292927841 1165950 59.861868 10.798602 127119 1160
1292927842 1166960 59.861868 10.798602 142521 1010
1292927843 1167987 59.861872 10.798602 93625 1027
1292927844 1169150 59.861872 10.798602 112989 1163
1292927845 1170160 59.861872 10.798602 128138 1010
1292927846 1171230 59.861865 10.798599 102027 1070
1292927847 1172320 59.861869 10.798599 121935 1090
1292927848 1173370 59.861869 10.798599 106108 1050
1292927849 1174380 59.861871 10.798582 109327 1010
1292927850 1175390 59.861871 10.798582 136618 1009
1292927851 1176400 59.861871 10.798582 141326 1010
1292927852 1177401 59.861863 10.798578 100916 1001
1292927853 1178410 59.861863 10.798578 110022 1009
1292927854 1179420 59.861868 10.798578 128668 1010
1292927855 1180440 59.861868 10.798578 122746 1020
1292927857 1181570 59.861868 10.798578 164009 1130
1292927858 1182600 59.861859 10.798592 131414 1030
1292927859 1183780 59.861859 10.798592 143789 1180
1292927860 1184800 59.861859 10.798592 132662 1019
1292927861 1185850 59.861859 10.798592 124840 1050
1292927862 1186851 59.861859 10.798592 178096 1001
1292927863 1187860 59.861859 10.798592 112020 1009
1292927864 1188869 59.861859 10.798592 127813 1009
1292927865 1189940 59.861859 10.798592 120813 1071
1292927866 1190959 59.861859 10.798592 92653 1019
1292927867 1191960 59.861851 10.798589 115402 1001
1292927868 1193070 59.861851 10.798589 124205 1110
1292927869 1194130 59.861851 10.798589 132299 1060
1292927870 1195150 59.861851 10.798589 121471 1020
1292927871 1196159 59.861851 10.798589 164957 1009
1292927872 1197169 59.861851 10.798589 133712 1010
1292927873 1198199 59.861851 10.798589 81958 1030
1292927874 1199210 59.861851 10.798589 123881 1011
1292927875 1200211 59.861863 10.798592 88283 1001
1292927876 1201220 59.861884 10.798582 100816 1009
1292927877 1202260 59.861905 10.798571 69867 1040
1292927878 1203269 59.861933 10.798542 97626 1009
1292927879 1204289 59.86198 10.798521 80588 1020
1292927880 1205369 59.862023 10.798481 61954 1080
1292927881 1206479 59.862085 10.798428 61475 1110
1292927882 1207499 59.862225 10.798328 59664 1020
1292927884 1208749 59.862225 10.798328 53154 1250
1292927885 1209799 59.862303 10.798264 34200 1050
1292927886 1210803 59.862383 10.798182 16384 1004
1292927887 1211930 59.862476 10.798103 97132 1127
1292927888 1213150 59.862671 10.797915 108792 1220
1292927889 1214239 59.862777 10.797822 120894 1089
1292927890 1215241 59.862891 10.797715 123421 1001
1292927891 1216279 59.863009 10.797626 114965 1038
1292927892 1217399 59.863124 10.797519 134316 1120
1292927893 1218469 59.863253 10.797398 157529 1070
1292927895 1219579 59.863492 10.797132 152178 1110
1292927896 1220580 59.863492 10.797132 134266 1001
1292927897 1221589 59.863715 10.796807 138474 1009
1292927898 1222590 59.863829 10.796609 113112 1001
1292927899 1223599 59.863829 10.796609 125700 1009
1292927900 1224779 59.864037 10.796186 132418 1180
1292927901 1225790 59.864135 10.79596 172502 1010
1292927902 1226869 59.864135 10.79596 166465 1079
1292927903 1227989 59.864321 10.795509 157325 1120
1292927904 1229091 59.86441 10.795284 144201 1102
1292927905 1230099 59.864503 10.795059 122907 1008
1292927906 1231179 59.864598 10.794854 127320 1080
1292927907 1232189 59.864685 10.794646 151008 1010
1292927908 1233190 59.864783 10.794459 109290 1001
1292927909 1234229 59.864888 10.794276 132683 1039
1292927910 1235239 59.864995 10.794127 115895 1010
1292927911 1236258 59.864995 10.794127 119687 1019
1292927912 1237352 59.865223 10.793854 68373 1093
1292927913 1238370 59.865343 10.793747 64296 1018
1292927914 1239378 59.865343 10.793747 85713 1008
1292927915 1240388 59.865551 10.793597 62801 1010
1292927916 1241389 59.865656 10.793522 64706 1001
1292927917 1242399 59.865751 10.793461 113235 1010
1292927918 1243419 59.865933 10.793339 90393 1020
1292927919 1244431 59.865933 10.793339 70188 1012
1292927920 1245449 59.866018 10.793296 65051 1018
1292927922 1246769 59.86617 10.793181 48022 1320
1292927923 1247789 59.86617 10.793181 95683 1020
1292927924 1248799 59.866325 10.793088 74395 1010
1292927925 1249959 59.866402 10.793041 51984 1160
1292927926 1251068 59.866479 10.792995 86072 1109
1292927927 1252298 59.866544 10.792944 76132 1230
1292927928 1253319 59.866614 10.792894 54720 1021
1292927930 1255008 59.866614 10.792894 20976 1689
1292927931 1256139 59.866734 10.792826 83912 1131
1292927932 1257279 59.866833 10.792751 93825 1140
1292927933 1258288 59.866876 10.792729 121317 1009
1292927934 1259299 59.866917 10.792725 99417 1011
1292927935 1260318 59.866917 10.792725 97341 1019
1292927936 1261499 59.866947 10.7927 76328 1181
1292927938 1262588 59.866955 10.792703 67531 1089
1292927939 1263669 59.86695 10.792703 65769 1081
1292927940 1265119 59.866953 10.792707 138505 1450
1292927941 1266129 59.866953 10.792707 113002 1010
1292927942 1267130 59.866949 10.792707 113409 1001
1292927943 1268139 59.866949 10.792707 104041 1009
1292927944 1269218 59.866944 10.792707 112000 1079
1292927945 1270439 59.866946 10.792727 131003 1221
1292927946 1271449 59.866946 10.792727 134594 1010
1292927948 1272588 59.866946 10.792727 121197 1139
1292927949 1273669 59.866941 10.792727 114529 1081
1292927950 1274738 59.866941 10.792727 106608 1069
1292927951 1275770 59.866945 10.792731 64932 1031
1292927952 1276809 59.866966 10.79272 27360 1039
1292927953 1277819 59.866966 10.79272 88121 1010
1292927954 1278838 59.867029 10.792687 67974 1018
1292927955 1279850 59.867079 10.792669 41104 1012
1292927956 1280878 59.867079 10.792669 67032 1028
1292927957 1281898 59.867211 10.792604 46743 1020
1292927958 1283218 59.867287 10.792575 45490 1320
1292927960 1284758 59.867287 10.792575 20520 1540
1292927961 1285798 59.867376 10.792531 25992 1040
1292927962 1286808 59.867551 10.792445 33208 1010
1292927963 1287828 59.867551 10.792445 61560 1020
1292927964 1288838 59.867716 10.792372 53919 1010
1292927965 1289858 59.867793 10.792325 46512 1020
1292927966 1290918 59.867869 10.792296 34308 1060
1292927967 1291928 59.867958 10.792253 101232 1010
1292927968 1293158 59.868123 10.79218 95476 1230
1292927969 1294218 59.868208 10.792137 75222 1060
1292927970 1295228 59.868302 10.792093 92470 1010
1292927971 1296248 59.868412 10.792039 68516 1020
1292927972 1297268 59.868523 10.791985 77216 1020
1292927973 1298278 59.868647 10.791916 73439 1010
1292927974 1299308 59.868779 10.791851 39340 1030
1292927975 1300328 59.868903 10.791783 36936 1020
1292927976 1301338 59.869035 10.791718 30373 1010
1292927977 1302368 59.869035 10.791718 38304 1030
1292927978 1303378 59.869289 10.791602 26706 1010
1292927979 1304408 59.869421 10.791537 41040 1030
1292927980 1305423 59.869545 10.791468 36002 1015
1292927981 1306428 59.869792 10.791349 62939 1005
1292927982 1307508 59.869792 10.791349 32878 1080
1292927983 1308518 59.869792 10.791349 51984 1006
1292927984 1309528 59.870031 10.791226 40753 1010
1292927985 1310538 59.870146 10.791172 45621 1010
1292927987 1311549 59.870251 10.791097 41936 1011
1292927988 1312888 59.870446 10.790961 56002 1339
1292927989 1313917 59.870446 10.790961 17784 1029
1292927990 1314978 59.870529 10.790896 20520 1061
1292927991 1315988 59.870612 10.790832 24624 1010
1292927992 1317018 59.870695 10.790768 23273 1030
1292927993 1318028 59.870765 10.790718 43776 1010
1292927994 1319037 59.870896 10.790614 21818 1009
1292927995 1320088 59.870896 10.790614 46512 1051
1292927996 1321097 59.870993 10.790536 19068 1009
1292927997 1322107 59.871029 10.790493 30096 1010
1292928000 1325177 59.871029 10.790493 10944 3070
1292928001 1326228 59.871064 10.790468 15359 1051
1292928003 1328449 59.871064 10.790468 23256 2221
1292928015 1340029 59.871064 10.790468 9576 11580
1292928016 1341039 59.87106 10.790468 53655 1010
1292928018 1343169 59.87106 10.790468 100944 2130
1292928019 1344398 59.87106 10.790468 32832 1229
1292928020 1345430 59.871054 10.790486 13404 1031
1292928021 1346518 59.871054 10.790486 17784 1088
1292928023 1347578 59.871054 10.790486 12312 1060
1292928024 1348598 59.871054 10.790486 15048 1020
1292928025 1349639 59.871049 10.790486 20520 1040
1292928026 1350679 59.871049 10.790486 17965 1040
1292928027 1351689 59.871049 10.790486 28728 1010
1292928028 1352708 59.871045 10.790486 25992 1019
1292928029 1353719 59.871045 10.790486 25992 1011
1292928030 1354758 59.871045 10.790486 20044 1039
1292928031 1355792 59.871039 10.790503 32832 1034
1292928032 1356809 59.871039 10.790503 41040 1017
1292928033 1357818 59.871039 10.790503 53038 1009
1292928034 1358869 59.871034 10.790503 38304 1051
1292928035 1359928 59.871034 10.790503 16416 1059
1292928036 1360989 59.871043 10.790489 11626 1061
1292928037 1362018 59.871065 10.790478 20520 1029
1292928038 1363058 59.871065 10.790478 21888 1040
1292928039 1364108 59.87113 10.790428 25539 1050
1292928040 1365168 59.87117 10.790385 31464 1060
1292928041 1366178 59.871226 10.79035 23451 1010
1292928042 1367208 59.871291 10.790299 41040 1030
1292928043 1368419 59.871367 10.790232 31982 1211
1292928044 1369438 59.871446 10.790167 34200 1019
1292928046 1370548 59.871629 10.78999 51731 1110
1292928047 1371578 59.871629 10.78999 36936 1030
1292928048 1372598 59.871734 10.789897 24624 1020
1292928049 1373638 59.871958 10.789715 28628 1040
1292928050 1374648 59.871958 10.789715 34200 1010
1292928051 1375688 59.872205 10.789505 31360 1040
1292928052 1376708 59.872333 10.789384 42408 1020
1292928053 1377838 59.872466 10.789262 29407 1130
1292928054 1378868 59.872598 10.789159 61560 1030
1292928055 1380011 59.872731 10.789038 33321 1143
1292928056 1381019 59.872859 10.788917 27360 1008
1292928057 1382058 59.872992 10.788796 28728 1039
1292928058 1383108 59.873124 10.788692 22842 1050
1292928059 1384113 59.873264 10.788574 38304 1005
1292928060 1385128 59.873526 10.788332 22937 1015
1292928061 1386138 59.873526 10.788332 50616 1010
1292928062 1387158 59.873765 10.788119 36263 1020
1292928063 1388198 59.873883 10.788029 42136 1040
1292928064 1389218 59.874002 10.787922 31222 1020
1292928065 1390268 59.874106 10.787847 24624 1050
1292928066 1391278 59.874205 10.787751 19002 1010
1292928067 1392308 59.874295 10.78769 46512 1030
1292928068 1393318 59.874457 10.787562 23733 1010
1292928069 1394328 59.874457 10.787562 27360 1010
1292928070 1395378 59.874527 10.787511 25992 1050
1292928071 1396417 59.874643 10.78744 28351 1038
1292928072 1397418 59.874643 10.78744 39672 1001
1292928073 1398458 59.874709 10.78739 53598 1040
1292928074 1399468 59.874722 10.787375 44771 1010
1292928075 1400478 59.87473 10.787379 50616 1010
1292928076 1401508 59.874731 10.787361 37930 1030
1292928078 1402548 59.874731 10.787361 24518 1040
1292928079 1403558 59.874731 10.787361 31464 1010
1292928080 1404588 59.874731 10.787361 37783 1030
1292928081 1405608 59.874736 10.787347 36944 1020
1292928082 1406618 59.874736 10.787347 56088 1010
1292928083 1407628 59.874736 10.787347 39537 1010
1292928084 1408708 59.874731 10.787347 39111 1080
1292928085 1409748 59.874731 10.787347 57456 1040
1292928086 1410758 59.874736 10.787333 37570 1010
1292928087 1411768 59.874748 10.787336 56423 1010
1292928088 1412778 59.874801 10.787283 74909 1010
1292928089 1413808 59.874836 10.787258 59996 1030
1292928090 1414958 59.874948 10.787186 56351 1150
1292928091 1415978 59.875025 10.787139 56088 1020
1292928092 1416997 59.875102 10.787092 22561 1019
1292928093 1418088 59.875191 10.787049 23256 1091
1292928094 1419197 59.875282 10.786988 16416 1109
1292928095 1420208 59.875282 10.786988 16416 1011
1292928096 1421257 59.875496 10.786876 16004 1049
1292928097 1422358 59.875614 10.786825 9576 1101
1292928098 1423417 59.875614 10.786825 12312 1059
1292928099 1424437 59.875738 10.786757 20520 1020
1292928100 1425478 59.875993 10.786641 28445 1041
1292928101 1426497 59.875993 10.786641 65664 1019
1292928102 1427507 59.876257 10.786507 39983 1010
1292928103 1428517 59.876389 10.786442 35568 1010
1292928105 1429559 59.876389 10.786442 31464 1042
1292928106 1430597 59.876657 10.786312 21758 1038
1292928107 1431627 59.876792 10.786264 23256 1030
1292928108 1432637 59.876792 10.786264 21888 1010
1292928109 1433647 59.877048 10.78613 25043 1010
1292928110 1434677 59.877184 10.786065 28728 1030
1292928111 1435698 59.877307 10.786014 28282 1021
1292928112 1436928 59.877563 10.785881 36685 1230
1292928113 1437970 59.877563 10.785881 30096 1042
1292928114 1438987 59.877693 10.785833 24624 1017
1292928115 1440028 59.877816 10.785782 25992 1041
1292928116 1441047 59.87794 10.785714 22149 1019
1292928117 1442067 59.878063 10.785663 36936 1020
1292928118 1443138 59.878309 10.785543 40127 1071
1292928119 1444157 59.878309 10.785543 38304 1019
1292928120 1445167 59.878432 10.785492 36936 1010
1292928121 1446187 59.878674 10.785373 48569 1020
1292928122 1447197 59.878785 10.785319 51611 1010
1292928123 1448217 59.879018 10.785213 71317 1020
1292928124 1449218 59.879127 10.785177 43211 1001
1292928125 1450237 59.879314 10.785093 51715 1019
1292928126 1451439 59.879395 10.785046 60581 1202
1292928127 1452477 59.879548 10.78497 64046 1038
1292928128 1453508 59.879624 10.784941 75854 1031
1292928129 1454517 59.87976 10.784876 54213 1009
1292928130 1455537 59.879829 10.784843 43612 1020
1292928132 1456567 59.879971 10.784799 66622 1030
1292928133 1457577 59.880039 10.784766 73438 1010
1292928134 1458587 59.880175 10.784701 77876 1010
1292928135 1459597 59.88023 10.784683 91685 1010
1292928136 1460787 59.880324 10.784639 90138 1190
1292928137 1461807 59.880413 10.784596 93712 1020
1292928138 1462809 59.880448 10.784571 103215 1002
1292928139 1463817 59.880536 10.784545 93829 1008
1292928140 1464947 59.880625 10.784502 106105 1130
1292928141 1465957 59.880714 10.784458 108355 1010
1292928142 1466958 59.880714 10.784458 121830 1001
1292928143 1468057 59.880808 10.784415 111036 1099
1292928144 1469067 59.880864 10.784379 126756 1010
1292928145 1470097 59.880911 10.784357 88016 1030
1292928146 1471108 59.880958 10.784335 135062 1011
1292928147 1472117 59.881005 10.784314 96076 1009
1292928148 1473217 59.881053 10.784274 130603 1100
1292928149 1474227 59.881096 10.784253 121282 1010
1292928150 1475337 59.881135 10.784228 70127 1110
1292928151 1476357 59.881182 10.784206 121886 1020
1292928152 1477527 59.881262 10.784177 96197 1170
1292928154 1478547 59.881262 10.784177 96899 1020
1292928155 1479548 59.881302 10.784152 110346 1001
1292928156 1480857 59.881374 10.784119 105200 1309
1292928157 1481866 59.881374 10.784119 108638 1008
1292928158 1482957 59.881452 10.784072 81844 1091
1292928159 1483969 59.881479 10.784044 94936 1012
1292928160 1484977 59.881479 10.784044 70575 1008
1292928161 1486067 59.881556 10.783997 59776 1090
1292928162 1487076 59.881603 10.783975 70095 1009
1292928163 1488077 59.881639 10.783933 100698 1001
1292928164 1489206 59.881681 10.783911 107111 1129
1292928165 1490226 59.881725 10.783872 115591 1020
1292928166 1491227 59.88176 10.783847 77971 1001
1292928167 1492237 59.881809 10.783808 122741 1010
1292928168 1493247 59.881852 10.783768 119745 1010
1292928169 1494407 59.881852 10.783768 100851 1160
1292928170 1495416 59.881969 10.783644 105828 1009
1292928171 1496417 59.881969 10.783644 99488 1001
1292928172 1497426 59.882004 10.783619 88126 1009
1292928173 1498436 59.882061 10.783565 130554 1010
1292928174 1499447 59.882061 10.783565 91814 1010
1292928175 1500457 59.882075 10.783551 82774 1010
1292928176 1501476 59.882087 10.783554 65568 1019
1292928177 1502487 59.882087 10.783554 80340 1011
1292928178 1503506 59.882087 10.783554 73579 1019
1292928179 1504516 59.882087 10.783554 72489 1010
1292928180 1505517 59.882087 10.783554 57750 1001
1292928182 1506546 59.882087 10.783554 56088 1029
1292928187 1512063 59.882093 10.783537 6417 5517
1292928188 1513128 59.8821 10.78354 1127 1065
1292928189 1514138 59.882105 10.78354 83603 1010
1292928190 1515139 59.882105 10.78354 163969 1001
1292928191 1516218 59.882114 10.78354 161701 1079
1292928192 1517228 59.882126 10.783558 197668 1010
1292928193 1518238 59.882139 10.783544 159288 1010
1292928194 1519239 59.882158 10.783529 151818 1001
1292928195 1520307 59.882183 10.783519 151076 1068
1292928196 1521318 59.882212 10.783473 147801 1011
1292928198 1522767 59.882297 10.783391 181747 1449
1292928199 1523778 59.882297 10.783391 195240 1011
1292928200 1524779 59.882396 10.783277 180723 1001
1292928201 1525848 59.882455 10.783206 160904 1069
1292928202 1527017 59.882514 10.783135 190342 1169
1292928203 1528048 59.882573 10.783064 154313 1031
1292928204 1529087 59.882633 10.782976 82947 1039
1292928205 1530088 59.882698 10.782887 188115 1001
1292928206 1531187 59.882771 10.782802 171103 1099
1292928207 1532198 59.882857 10.782702 215432 1011
1292928208 1533208 59.882952 10.782589 199511 1010
1292928209 1534217 59.883045 10.782454 144194 1009
1292928210 1535348 59.883154 10.782326 176214 1131
1292928211 1536457 59.883374 10.78205 180412 1109
1292928212 1537458 59.883489 10.781905 196107 1001
1292928214 1538667 59.883489 10.781905 185752 1209
1292928215 1539717 59.883732 10.7816 132566 1050
1292928216 1540729 59.883848 10.781437 188089 1012
1292928217 1541797 59.883848 10.781437 115945 1068
1292928218 1542798 59.884074 10.78109 173998 1001
1292928219 1543897 59.884183 10.780924 150981 1099
1292928220 1545019 59.884183 10.780924 148860 1122
1292928221 1546048 59.884386 10.780553 217767 1029
1292928222 1547058 59.884484 10.780366 225200 1010
1292928223 1548067 59.884582 10.780179 188699 1009
1292928224 1549068 59.884675 10.779991 179805 1001
1292928225 1550197 59.884767 10.779822 159147 1129
1292928226 1551358 59.884856 10.779649 213172 1161
1292928227 1552360 59.884948 10.779479 177159 1001
1292928228 1553407 59.88503 10.779324 176932 1047
1292928229 1554457 59.88519 10.779031 199904 1049
1292928231 1555588 59.885267 10.778893 210008 1131
1292928232 1556598 59.885267 10.778893 177428 1010
1292928233 1557599 59.885405 10.77861 199802 1001
1292928234 1558628 59.885482 10.778473 136031 1029
1292928235 1559638 59.885482 10.778473 177802 1010
1292928236 1560687 59.885616 10.77819 158580 1049
1292928237 1561689 59.88567 10.778028 157587 1002
1292928238 1562858 59.88567 10.778028 181751 1168
1292928239 1563928 59.885767 10.777697 187705 1070
1292928240 1565007 59.885796 10.777508 193294 1079
1292928241 1566197 59.885812 10.777315 195705 1190
1292928242 1567198 59.88582 10.777118 142142 1001
1292928243 1568207 59.885828 10.776922 159773 1009
1292928244 1569227 59.885823 10.77674 107052 1020
1292928245 1570228 59.885819 10.77654 137571 1001
1292928246 1571247 59.88582 10.776341 82204 1019
1292928247 1572257 59.885822 10.776162 113291 1010
1292928248 1573317 59.885829 10.775983 135651 1060
1292928249 1574427 59.885833 10.775787 209863 1110
1292928250 1575437 59.885848 10.775611 195638 1010
1292928251 1576527 59.885883 10.775295 155256 1090
1292928253 1577567 59.885883 10.775295 138984 1040
1292928254 1578907 59.885914 10.775162 62273 1340
1292928255 1579927 59.885966 10.774926 94503 1020
1292928256 1580947 59.885966 10.774926 60813 1020
1292928257 1581948 59.88602 10.774726 76884 1001
1292928258 1582957 59.886038 10.774659 74253 1009
1292928259 1584117 59.886054 10.774609 112059 1160
1292928260 1585197 59.886066 10.77456 66440 1080
1292928261 1586226 59.886072 10.774543 127572 1029
1292928262 1587307 59.886072 10.774543 174455 1081
1292928263 1588457 59.886077 10.774543 224738 1150
1292928264 1589467 59.886077 10.774543 231826 1009
1292928265 1590477 59.886077 10.774543 172475 1010
1292928267 1591667 59.886081 10.774543 215891 1190
1292928268 1592787 59.886081 10.774543 200047 1120
1292928269 1593887 59.886089 10.774546 204991 1100
1292928270 1594917 59.886089 10.774546 217505 1030
1292928271 1595918 59.886089 10.774546 212798 1001
1292928272 1596927 59.886097 10.774549 212211 1009
1292928273 1598017 59.886097 10.774549 179342 1090
1292928274 1599026 59.886097 10.774549 149966 1009
1292928275 1600027 59.886101 10.774535 31916 1001
1292928276 1601037 59.886112 10.774503 39672 1010
1292928277 1602056 59.886112 10.774503 43599 1019
1292928278 1603057 59.886148 10.774408 126771 1001
1292928279 1604076 59.886163 10.774324 87215 1019
1292928280 1605096 59.886163 10.774324 82454 1020
1292928281 1606126 59.886218 10.774144 47323 1030
1292928282 1607146 59.886239 10.774042 28728 1020
1292928283 1608186 59.886274 10.773926 27651 1039
1292928284 1609386 59.886308 10.77381 93820 1200
1292928285 1610396 59.886351 10.77368 81826 1010
1292928286 1611397 59.886407 10.773553 69593 1001
1292928287 1612417 59.886455 10.773422 58824 1020
1292928288 1613447 59.886518 10.773299 59791 1030
1292928289 1614466 59.886578 10.773172 44521 1019
1292928290 1615486 59.886642 10.773048 51984 1020
1292928292 1616546 59.886709 10.772924 55453 1060
1292928293 1617567 59.886789 10.772804 19549 1021
1292928294 1618738 59.886945 10.772563 58608 1170
1292928295 1619863 59.886945 10.772563 119511 1125
1292928296 1620896 59.887118 10.772347 152398 1033
1292928297 1621897 59.887213 10.772233 167817 1001
1292928298 1622906 59.887213 10.772233 145003 1009
1292928299 1623917 59.887387 10.772017 126031 1011
1292928300 1624956 59.887465 10.771914 93707 1039
1292928301 1625969 59.887465 10.771914 40905 1013
1292928302 1626976 59.887615 10.771743 100982 1007
1292928303 1627996 59.887687 10.771658 56650 1020
1292928304 1629006 59.887687 10.771658 65080 1010
1292928305 1630036 59.88782 10.771484 103467 1030
1292928306 1631177 59.887885 10.771396 101403 1141
1292928307 1632306 59.887885 10.771396 129281 1129
1292928308 1633326 59.887952 10.771328 38319 1019
1292928309 1634346 59.888075 10.771168 24382 1020
1292928310 1635436 59.888185 10.771023 163858 1090
1292928311 1636437 59.888243 10.770969 206236 1001
1292928312 1637438 59.888243 10.770969 206213 1001
1292928314 1638576 59.888326 10.770852 233057 1138
1292928315 1639846 59.888353 10.770824 197604 1270
1292928316 1640847 59.888353 10.770824 165111 1001
1292928317 1641865 59.888389 10.770781 154394 1018
1292928318 1642876 59.888389 10.770781 103548 1011
1292928319 1643886 59.888389 10.770781 95536 1009
1292928320 1645016 59.888394 10.770781 127801 1130
1292928321 1646026 59.888398 10.770781 97363 1010
1292928322 1647056 59.888398 10.770781 54445 1030
1292928323 1648166 59.888403 10.770781 44875 1110
1292928324 1649356 59.888403 10.770781 113770 1190
1292928325 1650446 59.888407 10.770781 145711 1090
1292928327 1651656 59.888404 10.770778 159258 1210
1292928328 1652708 59.888404 10.770778 167633 1052
1292928329 1653866 59.888409 10.770778 159027 1158
1292928330 1654867 59.888409 10.770778 169211 1001
1292928331 1656016 59.888413 10.770778 215152 1149
1292928332 1657017 59.888422 10.770764 193232 1001
1292928333 1658018 59.888436 10.77075 236561 1001
1292928334 1659026 59.888436 10.77075 220170 1008
1292928335 1660036 59.888486 10.770693 134245 1010
1292928336 1661216 59.888526 10.77065 200097 1180
1292928337 1662376 59.888576 10.770593 175944 1160
1292928338 1663385 59.888626 10.770537 161496 1009
1292928339 1664406 59.888685 10.770466 156569 1021
1292928340 1665466 59.888806 10.770303 177721 1060
1292928341 1666476 59.88888 10.7702 172968 1010
1292928343 1667586 59.88888 10.7702 165192 1110
1292928344 1668756 59.889041 10.76998 204360 1170
1292928345 1669766 59.889138 10.769849 217533 1010
1292928346 1670767 59.889138 10.769849 155474 1001
1292928347 1671776 59.889355 10.76954 145339 1009
1292928348 1672777 59.889467 10.769377 194146 1001
1292928349 1673786 59.889467 10.769377 144550 1009
1292928350 1674796 59.889691 10.769072 162602 1009
1292928351 1675816 59.889803 10.768909 162221 1020
1292928352 1676846 59.889803 10.768909 180310 1030
1292928353 1677926 59.890034 10.768587 164712 1079
1292928354 1679086 59.890149 10.768427 200761 1160
1292928355 1680096 59.890268 10.768267 181745 1010
1292928356 1681216 59.890375 10.768104 164080 1120
1292928357 1682255 59.890494 10.767945 188399 1039
1292928358 1683525 59.890716 10.767622 199904 1270
1292928359 1684536 59.890835 10.767462 169920 1010
1292928361 1685554 59.890835 10.767462 195256 1018
1292928362 1686565 59.891063 10.767122 144843 1011
1292928363 1687566 59.891173 10.766924 187007 1001
1292928364 1688567 59.891173 10.766924 143619 1001
1292928365 1689634 59.891373 10.766483 169072 1067
1292928366 1690708 59.891457 10.766257 212007 1074
1292928367 1691755 59.891457 10.766257 184876 1047
1292928368 1692966 59.891642 10.765848 224356 1210
1292928369 1694115 59.891725 10.76564 233288 1149
1292928370 1695185 59.89182 10.765435 176452 1070
1292928371 1696186 59.891904 10.765209 200727 1001
1292928372 1697316 59.891999 10.765004 227017 1130
1292928373 1698326 59.892093 10.7648 217646 1010
1292928374 1699346 59.892188 10.764595 224507 1020
1292928375 1700416 59.892289 10.764411 183396 1070
1292928376 1701435 59.892402 10.76423 196230 1019
1292928377 1702436 59.892609 10.763863 163672 1001
1292928378 1703525 59.892609 10.763863 127133 1089
1292928379 1704535 59.89272 10.7637 206839 1010
1292928381 1705575 59.892943 10.763374 164003 1040
1292928382 1706755 59.892943 10.763374 226503 1180
1292928383 1707756 59.893162 10.763048 216265 1001
1292928384 1708766 59.893274 10.762885 243465 1010
1292928385 1709775 59.893274 10.762885 170232 1009
1292928386 1710826 59.893508 10.762618 207076 1050
1292928387 1712006 59.893633 10.762479 190883 1180
1292928388 1713105 59.893748 10.762372 188796 1099
1292928389 1714215 59.893872 10.762251 194895 1110
1292928390 1715315 59.894001 10.762168 204358 1100
1292928391 1716407 59.894122 10.762082 229051 1092
1292928393 1717557 59.894389 10.761955 224705 1150
1292928394 1718566 59.894389 10.761955 198801 1009
1292928395 1719685 59.894648 10.761862 166037 1119
1292928396 1720686 59.894784 10.761836 162379 1001
1292928397 1721708 59.894784 10.761836 183298 1022
1292928398 1722788 59.895042 10.761761 123002 1080
1292928399 1723795 59.895176 10.761717 130661 1007
1292928400 1724815 59.895176 10.761717 62869 1020
1292928401 1725825 59.895438 10.761642 67649 1010
1292928402 1726835 59.895568 10.761594 75021 1010
1292928403 1727845 59.895568 10.761594 106284 1010
1292928404 1728855 59.895826 10.76152 93516 1010
1292928405 1729859 59.89595 10.761451 145353 1004
1292928406 1730865 59.89595 10.761451 205154 1006
1292928407 1731945 59.896189 10.761314 134512 1080
1292928408 1733025 59.896303 10.761225 163219 1080
1292928409 1734045 59.89641 10.761153 137573 1020
1292928410 1735046 59.896524 10.761063 137782 1001
1292928411 1736066 59.896624 10.760988 157417 1020
1292928412 1737075 59.896624 10.760988 162292 1009
1292928413 1738085 59.896824 10.760876 135494 1010
1292928414 1739095 59.89691 10.760815 126974 1010
1292928415 1740105 59.89691 10.760815 126456 1010
1292928416 1741106 59.897073 10.760707 109942 1001
1292928417 1742115 59.897138 10.760656 106098 1009
1292928418 1743134 59.897208 10.760606 99034 1019
1292928419 1744307 59.897273 10.760556 146984 1173
1292928420 1745334 59.897321 10.760517 122034 1027
1292928421 1746344 59.897321 10.760517 67807 1010
1292928422 1747374 59.897418 10.760477 62914 1030
1292928423 1748385 59.897465 10.760455 54878 1011
1292928424 1749515 59.897496 10.76043 70527 1130
1292928425 1750534 59.897562 10.760362 93844 1019
1292928426 1751535 59.897562 10.760362 96805 1001
1292928427 1752536 59.897597 10.760337 132373 1001
1292928429 1753556 59.897636 10.760298 106607 1020
1292928430 1754714 59.897636 10.760298 150935 1158
1292928431 1755725 59.897657 10.760287 131419 1011
1292928432 1756735 59.897657 10.760287 149693 1010
1292928433 1757744 59.897657 10.760287 155666 1009
1292928434 1758815 59.897657 10.760287 148511 1071
1292928435 1759955 59.897662 10.760287 145011 1140
1292928436 1761004 59.897666 10.760287 140499 1049
1292928437 1762014 59.897671 10.760287 126328 1010
1292928438 1763024 59.897675 10.760287 103100 1010
1292928439 1764074 59.897681 10.760269 98617 1050
1292928440 1765134 59.897683 10.760266 67970 1060
1292928441 1766135 59.897687 10.760266 129344 1001
1292928442 1767145 59.897687 10.760266 122177 1010
1292928443 1768175 59.897698 10.760248 97311 1030
1292928444 1769176 59.897695 10.760245 120701 1001
1292928445 1770177 59.897704 10.760245 146583 1001
1292928446 1771295 59.897717 10.760231 143354 1118
1292928447 1772455 59.897737 10.760199 165411 1160
1292928448 1773464 59.897752 10.760167 118979 1009
1292928450 1774644 59.897798 10.760054 141966 1180
1292928451 1775824 59.897798 10.760054 132903 1180
1292928452 1776844 59.897852 10.759906 75756 1020
1292928453 1777864 59.897879 10.759825 73060 1020
1292928454 1778884 59.897879 10.759825 94434 1020
1292928455 1779924 59.897935 10.759607 113847 1040
1292928456 1780954 59.897957 10.759488 66416 1030
1292928457 1782004 59.897957 10.759488 40048 1050
1292928458 1783365 59.897987 10.759371 2736 1361
1292928459 1784376 59.898021 10.759255 50616 1011
1292928460 1785384 59.898059 10.759142 24043 1008
1292928461 1786446 59.898099 10.759047 36936 1062
1292928462 1787474 59.898219 10.758926 20483 1028
1292928463 1788484 59.898219 10.758926 34200 1010
1292928465 1789724 59.898282 10.758893 25992 1240
1292928466 1790915 59.898408 10.758884 12188 1191
1292928467 1791934 59.898408 10.758884 51984 1019
1292928468 1792964 59.898539 10.758913 24829 1030
1292928469 1794004 59.898614 10.75894 25992 1040
1292928470 1795114 59.898614 10.75894 21888 1110
1292928471 1796124 59.898744 10.758969 30220 1010
1292928472 1797303 59.898822 10.75896 66694 1179
1292928473 1798324 59.898892 10.758949 38304 1020
1292928474 1799353 59.89903 10.75889 29647 1029
1292928475 1800534 59.899099 10.758878 68290 1181
1292928477 1801584 59.899171 10.758849 47880 1049
1292928478 1803164 59.899242 10.75882 38531 1579
1292928479 1804174 59.899379 10.758831 89533 1010
1292928480 1805234 59.899456 10.758875 58695 1060
1292928481 1806264 59.899522 10.758916 88069 1029
1292928482 1807285 59.899584 10.758992 76608 1021
1292928483 1808288 59.899647 10.759068 29338 1003
1292928484 1809304 59.899647 10.759068 36936 1016
1292928485 1810347 59.899774 10.759294 82436 1043
1292928486 1811363 59.899838 10.759405 86864 1015
1292928487 1812364 59.899896 10.759534 91962 1001
1292928488 1813494 59.900008 10.759791 132770 1130
1292928490 1814693 59.900008 10.759791 129029 1199
1292928491 1815694 59.900057 10.759934 86430 1001
1292928492 1816864 59.900139 10.760216 126278 1170
1292928493 1817993 59.900183 10.760359 152466 1129
1292928494 1819024 59.90022 10.760499 160788 1031
1292928495 1820074 59.90025 10.760635 165911 1050
1292928496 1821234 59.900281 10.760792 138294 1160
1292928497 1822250 59.900309 10.760946 133001 1016
1292928498 1823254 59.900346 10.761085 203865 1004
1292928499 1824334 59.900381 10.761243 192306 1080
1292928500 1825424 59.900452 10.761557 183290 1090
1292928501 1826524 59.900452 10.761557 143777 1099
1292928503 1827686 59.900526 10.761836 233636 1162
1292928504 1828714 59.900571 10.761979 203624 1028
1292928505 1829764 59.900571 10.761979 210123 1049
1292928506 1830774 59.900644 10.762275 224678 1010
1292928507 1831784 59.900681 10.762415 160933 1010
1292928508 1832873 59.900681 10.762415 216163 1089
1292928509 1833994 59.900736 10.762708 183466 1120
1292928510 1835064 59.900754 10.762841 198383 1070
1292928511 1836065 59.900766 10.762974 199793 1001
1292928512 1837264 59.900791 10.76311 232353 1199
1292928513 1838265 59.900798 10.763222 236490 1001
1292928514 1839273 59.900811 10.763355 208785 1008
1292928515 1840274 59.900828 10.763488 168084 1001
1292928516 1841285 59.900841 10.763621 202634 1011
1292928517 1842474 59.900883 10.76389 189015 1189
1292928518 1843494 59.900895 10.764023 158750 1020
1292928519 1844503 59.900895 10.764023 151288 1009
1292928520 1845504 59.90092 10.764159 149965 1001
1292928522 1846643 59.900991 10.764421 139097 1139
1292928523 1847645 59.900991 10.764421 133655 1002
1292928524 1848653 59.901068 10.764665 122246 1008
1292928525 1849753 59.901114 10.76479 120484 1100
1292928526 1850773 59.901114 10.76479 113006 1020
1292928527 1852003 59.901205 10.76502 119657 1230
1292928528 1853013 59.901248 10.765142 135122 1010
1292928529 1854033 59.901248 10.765142 137508 1020
1292928530 1855223 59.901326 10.765368 151787 1190
1292928531 1856225 59.901369 10.76549 135400 1002
1292928532 1857293 59.901409 10.765595 121979 1068
1292928533 1858403 59.901487 10.765821 137032 1110
1292928535 1859593 59.901487 10.765821 152850 1190
1292928536 1860773 59.901564 10.766065 130996 1180
1292928537 1861933 59.901584 10.766163 126297 1160
1292928538 1863043 59.901612 10.766264 125291 1110
1292928539 1864053 59.901632 10.766362 146816 1010
1292928540 1865063 59.901654 10.766442 156321 1010
1292928541 1866073 59.901675 10.766522 101339 1010
1292928542 1867083 59.901698 10.766585 124331 1010
1292928543 1868086 59.90172 10.766665 114738 1003
1292928544 1869093 59.901734 10.766742 141185 1007
1292928545 1870103 59.901755 10.766822 140380 1010
1292928546 1871143 59.901778 10.766885 111078 1040
1292928547 1872153 59.901778 10.766885 138328 1010
1292928548 1873163 59.901823 10.767028 89218 1010
1292928549 1874173 59.901846 10.767091 84579 1010
1292928550 1875182 59.901846 10.767091 99445 1009
1292928551 1876183 59.9019 10.767219 87081 1001
1292928552 1877184 59.901936 10.767268 116955 1001
1292928553 1878193 59.901981 10.76732 166208 1009
1292928554 1879194 59.902017 10.767368 276440 1001
1292928555 1880353 59.902061 10.76742 247938 1159
1292928556 1881533 59.902147 10.767467 273722 1180
1292928558 1882793 59.902185 10.767498 231425 1008
1292928559 1883943 59.902223 10.767529 214303 1150
1292928560 1885054 59.902261 10.76756 267436 1111
1292928561 1886055 59.902311 10.767594 218147 1001
1292928562 1887072 59.902358 10.767611 130713 1017
1292928563 1888073 59.902396 10.767642 178791 1001
1292928564 1889074 59.902445 10.767641 168637 1001
1292928565 1890085 59.902489 10.767654 156957 1011
1292928566 1891125 59.90253 10.76765 170518 1040
1292928567 1892253 59.902571 10.767646 178655 1128
1292928568 1893343 59.902612 10.767642 166521 1090
1292928570 1894803 59.902697 10.767651 159062 1460
1292928571 1895933 59.90273 10.767643 156938 1130
1292928572 1897093 59.902771 10.767639 162709 1160
1292928573 1898095 59.902811 10.767653 156443 1002
1292928574 1899153 59.902844 10.767645 132335 1058
1292928575 1900162 59.902889 10.767641 145959 1009
1292928576 1901433 59.902929 10.767654 103439 1271
1292928577 1902463 59.903015 10.767646 146032 1030
1292928579 1903544 59.903049 10.767638 211491 1081
1292928580 1904573 59.903049 10.767638 200294 1029
1292928581 1905653 59.903111 10.767623 203943 1080
1292928582 1906713 59.90312 10.767609 210363 1060
1292928583 1907767 59.90312 10.767609 139363 1054
1292928584 1908792 59.903135 10.767616 122675 1025
1292928585 1909803 59.903131 10.767616 148783 1011
1292928586 1910833 59.903131 10.767616 165042 1030
1292928587 1911860 59.903126 10.767616 227201 1027
1292928588 1913013 59.903126 10.767616 234412 1153
1292928589 1914032 59.903134 10.767619 170442 1019
1292928590 1915132 59.903134 10.767619 97031 1100
1292928591 1916204 59.903134 10.767619 133740 1072
1292928592 1917205 59.903134 10.767619 168480 1001
1292928593 1918212 59.903134 10.767619 129874 1007
1292928594 1919402 59.903141 10.767622 180649 1190
1292928595 1920403 59.903141 10.767622 190764 1001
1292928596 1921522 59.903143 10.767643 185240 1119
1292928597 1922532 59.903143 10.767643 84799 1010
1292928599 1923692 59.903139 10.767643 161515 1160
1292928600 1924723 59.903142 10.767647 183936 1031
1292928601 1925724 59.903142 10.767647 254817 1001
1292928602 1926913 59.903148 10.767667 189253 1189
1292928603 1928023 59.903165 10.767657 180452 1110
1292928604 1929162 59.903192 10.767667 182951 1139
1292928605 1930163 59.903229 10.767662 158924 1001
1292928606 1931203 59.903277 10.767662 136913 1040
1292928607 1932352 59.903338 10.767664 189912 1149
1292928608 1933353 59.903399 10.767667 141942 1001
1292928609 1934373 59.903452 10.767666 144709 1020
1292928610 1935374 59.903508 10.767668 121370 1001
1292928612 1936572 59.903632 10.767638 131508 1198
1292928613 1937652 59.903632 10.767638 119063 1080
1292928614 1938662 59.903761 10.767517 135044 1010
1292928615 1939672 59.903821 10.767428 113997 1010
1292928616 1940742 59.903821 10.767428 118679 1070
1292928617 1941762 59.903928 10.767265 123451 1020
1292928618 1942772 59.903979 10.767191 97543 1010
1292928619 1943773 59.903979 10.767191 99720 1001
1292928620 1944882 59.90407 10.767038 104875 1109
1292928621 1946022 59.90413 10.767002 131567 1140
1292928622 1947062 59.904186 10.766966 117136 1040
1292928623 1948063 59.904259 10.766972 107749 1001
1292928624 1949083 59.904335 10.766996 88759 1020
1292928625 1950112 59.904335 10.766996 72504 1029
1292928626 1951122 59.904506 10.767105 111898 1010
1292928627 1952282 59.904594 10.76717 135842 1160
1292928628 1953285 59.904683 10.767218 176480 1002
1292928629 1954432 59.90486 10.76731 148193 1147
1292928631 1955555 59.90486 10.76731 192099 1121
1292928632 1956572 59.905041 10.767402 195636 1017
1292928633 1957573 59.905115 10.767442 188156 1001
1292928634 1958612 59.905115 10.767442 78695 1039
1292928635 1959632 59.905288 10.767569 163875 1019
1292928636 1960782 59.905375 10.767614 163405 1150
1292928637 1961792 59.905375 10.767614 76700 1010
1292928638 1962813 59.905457 10.767658 30096 1021
1292928639 1964018 59.905539 10.767702 16384 1205
1292928641 1965582 59.905612 10.767761 20131 1564
1292928642 1967042 59.905682 10.767802 6840 1460
1292928643 1968052 59.905817 10.767898 148785 1010
1292928644 1969062 59.905931 10.767952 109788 1010
1292928645 1970063 59.905968 10.767962 89185 1001
1292928646 1971092 59.906006 10.767993 90937 1029
1292928647 1972101 59.90603 10.768 78717 1009
1292928648 1973102 59.906042 10.768003 68705 1001
1292928649 1974111 59.906047 10.768003 90592 1009
1292928650 1975242 59.906051 10.768003 116496 1131
1292928651 1976251 59.906059 10.768006 112394 1009
1292928652 1977262 59.906063 10.768006 122225 1011
1292928653 1978272 59.906062 10.768024 123332 1010
1292928654 1979282 59.906062 10.768024 107835 1010
1292928655 1980411 59.906062 10.768024 96049 1129
1292928656 1981422 59.906062 10.768024 92054 1011
1292928657 1982431 59.906062 10.768024 121565 1009
1292928658 1983432 59.906062 10.768024 128302 1001
1292928659 1984442 59.906062 10.768024 139373 1010
1292928660 1985462 59.906062 10.768024 83080 1020
1292928661 1986471 59.906062 10.768024 132298 1009
1292928663 1987612 59.906057 10.768024 82093 1141
1292928664 1988621 59.906057 10.768024 88550 1009
1292928665 1989632 59.906062 10.768024 92204 1011
1292928666 1990671 59.906089 10.768034 112751 1039
1292928667 1991691 59.906089 10.768034 93341 1020
1292928668 1992711 59.906089 10.768034 58824 1020
1292928669 1993731 59.90614 10.768068 41173 1020
1292928670 1994831 59.906171 10.768078 39905 1100
1292928671 1995832 59.906276 10.768094 103413 1001
1292928672 1996891 59.906337 10.768096 102344 1059
1292928673 1997892 59.906337 10.768096 161366 1001
1292928674 1998901 59.906471 10.768105 130094 1009
1292928675 1999911 59.906545 10.768093 166567 1010
1292928676 2000912 59.906545 10.768093 148209 1001
1292928677 2001970 59.906692 10.768087 222373 1058
1292928678 2002991 59.906777 10.768096 143318 1021
1292928682 2006861 59.906777 10.768096 94392 3870
1292928683 2007902 59.90685 10.768102 4104 1041
1292928684 2008911 59.906997 10.768096 24542 1009
1292928685 2009931 59.906997 10.768096 65664 1020
1292928686 2010941 59.90715 10.768073 142528 1010
1292928687 2011942 59.907224 10.768061 109056 1001
1292928688 2012964 59.907299 10.768049 17784 1022
1292928689 2013971 59.907435 10.768022 57805 1007
1292928690 2015112 59.907502 10.768007 42522 1141
1292928691 2016131 59.907635 10.767963 74797 1019
1292928692 2017161 59.90769 10.767944 51070 1030
1292928693 2018341 59.907767 10.767936 59512 1180
1292928694 2019391 59.907767 10.767936 39672 1050
1292928695 2020401 59.907819 10.7679 61287 1010
1292928697 2021871 59.907832 10.767886 28188 1470
1292928698 2022891 59.907829 10.767868 65580 1020
1292928699 2023941 59.907817 10.767865 77513 1050
1292928700 2024950 59.907817 10.767865 107978 1009
1292928701 2026031 59.907814 10.767847 118338 1080
1292928702 2027211 59.907814 10.767847 180167 1180
1292928703 2028371 59.907822 10.767851 123359 1160
1292928704 2029381 59.907837 10.767857 140834 1010
1292928705 2030502 59.907849 10.767861 123141 1121
1292928707 2031581 59.907877 10.767871 142537 1079
1292928708 2032591 59.907889 10.767874 140949 1010
1292928709 2033601 59.907889 10.767874 165036 1010
1292928710 2034641 59.907916 10.767884 133424 1040
1292928711 2035642 59.907928 10.767887 205980 1001
1292928712 2036811 59.907928 10.767887 165387 1169
1292928713 2037831 59.90794 10.767891 129963 1020
1292928714 2038841 59.907948 10.767894 142007 1009
1292928715 2039849 59.907948 10.767894 172298 1008
1292928716 2040851 59.907969 10.767883 122747 1002
1292928717 2041861 59.907981 10.767887 171188 1010
1292928718 2042880 59.907981 10.767887 128050 1019
1292928719 2044031 59.90801 10.767893 153105 1150
1292928720 2045040 59.908022 10.767897 122800 1009
1292928721 2046050 59.908046 10.767903 115058 1010
1292928722 2047060 59.908069 10.767928 137251 1010
1292928723 2048080 59.908088 10.767952 131252 1020
1292928724 2049131 59.908118 10.767979 123534 1051
1292928725 2050323 59.908148 10.768007 159173 1192
1292928726 2051331 59.908161 10.76801 186361 1008
1292928727 2052381 59.90818 10.768017 157518 1050
1292928728 2053382 59.908188 10.76802 216228 1001
1292928729 2054391 59.908196 10.768024 230746 1009
1292928730 2055411 59.908196 10.768024 146305 1020
1292928732 2056591 59.908206 10.76803 230426 1180
1292928733 2057720 59.908206 10.76803 217204 1129
1292928734 2058871 59.908214 10.768034 245099 1151
1292928735 2060011 59.908222 10.768037 228029 1140
1292928736 2061051 59.908222 10.768037 219232 1040
1292928737 2062061 59.908226 10.768023 231835 1010
1292928738 2063062 59.908226 10.768023 185047 1001
1292928739 2064070 59.908222 10.768023 204137 1008
1292928740 2065121 59.908217 10.768023 165294 1051
1292928741 2066123 59.908217 10.768023 203472 1002
1292928742 2067131 59.90822 10.768026 167019 1008
1292928743 2068200 59.908216 10.768026 177648 1069
1292928744 2069351 59.90821 10.768044 207513 1150
1292928745 2070430 59.908201 10.768044 188838 1079
1292928747 2071541 59.908196 10.768044 188051 1111
1292928748 2072602 59.908196 10.768044 164405 1060
1292928749 2073603 59.908196 10.768029 175031 1001
1292928750 2074610 59.908192 10.768029 219781 1007
1292928751 2075611 59.908192 10.768029 236720 1001
1292928752 2076612 59.908183 10.768029 192606 1001
1292928753 2077761 59.908183 10.768029 178599 1149
1292928754 2078891 59.908183 10.768029 240718 1130
1292928755 2079901 59.908191 10.768033 252234 1009
1292928756 2080951 59.908198 10.768036 183768 1050
1292928757 2082050 59.908198 10.768036 216100 1099
1292928758 2083080 59.908198 10.768036 172041 1030
1292928759 2084090 59.9082 10.768019 111972 1010
1292928760 2085100 59.908212 10.768022 147045 1010
1292928761 2086101 59.908224 10.768025 132014 1001
1292928762 2087110 59.908228 10.768025 105496 1009
1292928763 2088120 59.908242 10.768011 97709 1010
1292928764 2089150 59.90825 10.768014 80166 1030
1292928765 2090170 59.908268 10.768039 32660 1020
1292928766 2091330 59.908268 10.768039 13680 1160
1292928767 2092380 59.908298 10.768066 91851 1050
1292928768 2093391 59.908311 10.768069 141966 1011
1292928769 2094401 59.90833 10.768076 139402 1010
1292928770 2095410 59.908389 10.768058 67875 1009
1292928772 2096610 59.908389 10.768058 81725 1200
1292928773 2097681 59.908424 10.768033 87688 1071
1292928774 2098686 59.908528 10.767828 59846 1005
1292928775 2099850 59.908528 10.767828 59245 1164
1292928776 2100879 59.908585 10.767683 50616 1029
1292928777 2101900 59.9087 10.76739 61089 1021
1292928778 2103090 59.908758 10.767246 106627 1190
1292928779 2104114 59.908827 10.767104 104412 1024
1292928780 2105130 59.908882 10.766977 89910 1016
1292928781 2106280 59.90895 10.766854 136443 1150
1292928782 2107320 59.909006 10.766727 120998 1040
1292928783 2108449 59.90906 10.766617 64239 1129
1292928784 2109470 59.90906 10.766617 31464 1020
1292928786 2110730 59.909116 10.76649 13680 1260
1292928787 2111740 59.909213 10.76625 63196 1010
1292928788 2112810 59.909311 10.765971 87866 1070
1292928789 2113858 59.90936 10.765823 98303 1048
1292928790 2114869 59.90936 10.765823 85878 1011
1292928791 2115870 59.909463 10.765527 100861 1001
1292928792 2116880 59.909519 10.7654 87052 1010
1292928793 2117883 59.909519 10.7654 68285 1003
1292928794 2118884 59.909623 10.765104 85766 1001
1292928795 2119890 59.909671 10.764974 78201 1006
1292928796 2120960 59.909724 10.764826 112683 1070
1292928797 2122050 59.90978 10.76466 123582 1089
1292928798 2123060 59.909834 10.764512 99380 1010
1292928799 2124081 59.909883 10.764364 81127 1021
1292928800 2125082 59.909937 10.764216 91073 1001
1292928801 2126219 59.909996 10.764054 109445 1137
1292928802 2127220 59.909996 10.764054 128282 1001
1292928803 2128250 59.910101 10.76374 113748 1030
1292928804 2129281 59.91015 10.763592 111493 1031
1292928805 2130301 59.91015 10.763592 110115 1020
1292928806 2131309 59.910255 10.763279 100608 1008
1292928807 2132349 59.910318 10.763117 101543 1040
1292928808 2133350 59.910367 10.762969 109657 1001
1292928809 2134389 59.910417 10.762821 81535 1039
1292928810 2135439 59.910466 10.762673 118672 1050
1292928812 2136570 59.910564 10.762394 172035 1131
1292928813 2137809 59.910605 10.762243 151661 1237
1292928814 2138810 59.910605 10.762243 89521 1001
1292928815 2139939 59.910698 10.761926 95551 1129
1292928816 2140940 59.910728 10.761771 71155 1001
1292928817 2142159 59.910728 10.761771 71112 1219
1292928818 2143160 59.910831 10.761475 89754 1001
1292928819 2144180 59.910882 10.76131 100656 1020
1292928820 2145309 59.910936 10.761162 95529 1129
1292928821 2146379 59.910979 10.760993 109720 1070
1292928822 2147400 59.911021 10.760841 107786 1021
1292928823 2148429 59.911054 10.760704 75819 1029
1292928824 2149440 59.911128 10.760468 63407 1011
1292928825 2150449 59.911128 10.760468 63803 1009
1292928826 2151459 59.911128 10.760468 58830 1010
1292928828 2152559 59.911242 10.760183 67360 1100
1292928829 2153560 59.911242 10.760183 95640 1001
1292928830 2154569 59.911268 10.760134 78498 1009
1292928831 2155680 59.911296 10.760064 108676 1111
1292928832 2156689 59.911296 10.760064 94037 1009
1292928833 2157699 59.9113 10.760064 71131 1010
1292928834 2158709 59.911322 10.760067 91936 1010
1292928835 2159720 59.911322 10.760067 65309 1011
1292928836 2160769 59.911331 10.760067 65154 1049
1292928837 2161789 59.911347 10.76007 91871 1020
1292928838 2162808 59.911347 10.76007 105890 1019
1292928839 2163889 59.911352 10.76007 105227 1081
1292928840 2164920 59.911364 10.760074 127904 1031
1292928841 2165929 59.911364 10.760074 120877 1009
1292928842 2166940 59.911368 10.760074 113344 1011
1292928843 2167949 59.911368 10.760074 109347 1009
1292928844 2169039 59.911376 10.760077 110508 1090
1292928845 2170049 59.91138 10.760077 114800 1010
1292928846 2171159 59.911382 10.760059 115456 1110
1292928847 2172329 59.911389 10.760024 136949 1170
1292928848 2173339 59.911392 10.759989 131195 1010
1292928849 2174340 59.911406 10.759922 121352 1001
1292928850 2175348 59.911417 10.759834 102801 1008
1292928851 2176349 59.911438 10.759732 118923 1001
1292928852 2177369 59.911456 10.759613 87139 1020
1292928853 2178379 59.91148 10.759476 126964 1010
1292928854 2179388 59.911515 10.759198 90243 1009
1292928855 2180519 59.911515 10.759198 137150 1131
1292928857 2181561 59.911536 10.759043 113023 1042
1292928858 2182568 59.911574 10.758731 115508 1006
1292928859 2183619 59.911574 10.758731 85887 1051
1292928860 2184639 59.911596 10.758558 93281 1020
1292928861 2185649 59.911655 10.758235 124556 1009
1292928862 2186720 59.911655 10.758235 90170 1071
1292928863 2187729 59.911701 10.757925 133506 1009
1292928864 2188730 59.911722 10.757771 114392 1001
1292928865 2189749 59.911722 10.757771 58072 1019
1292928866 2190848 59.911747 10.757616 43776 1099
1292928867 2191849 59.91181 10.757296 58908 1001
1292928868 2192858 59.91181 10.757296 114400 1009
1292928869 2193919 59.911857 10.756969 113475 1061
1292928870 2194920 59.911872 10.756793 123235 1001
1292928871 2195928 59.911872 10.756793 120110 1008
1292928872 2196930 59.91192 10.756449 108802 1002
1292928873 2197939 59.911941 10.756294 128815 1009
1292928874 2199018 59.911968 10.756122 131682 1079
1292928875 2200078 59.911981 10.755964 133653 1060
1292928876 2201079 59.912007 10.755791 135341 1001
1292928877 2202099 59.912032 10.755637 143428 1020
1292928878 2203119 59.912067 10.755468 150406 1019
1292928879 2204120 59.912087 10.755313 126813 1001
1292928880 2205121 59.912107 10.755176 125070 1001
1292928881 2206269 59.912132 10.755021 136161 1148
1292928882 2207270 59.912166 10.754905 139317 1001
1292928884 2208648 59.912218 10.754669 166915 1378
1292928885 2209760 59.912236 10.75455 121078 1112
1292928886 2210818 59.912236 10.75455 142645 1058
1292928887 2211888 59.912258 10.754339 126958 1070
1292928888 2213049 59.912279 10.754237 134574 1161
1292928889 2214068 59.912292 10.754132 136716 1019
1292928890 2215129 59.912293 10.754023 136429 1061
1292928891 2216148 59.912285 10.753928 134173 1019
1292928892 2217149 59.912273 10.753834 119947 1001
1292928893 2218158 59.912266 10.753722 115150 1009
1292928894 2219198 59.912248 10.753645 119939 1040
1292928895 2220208 59.912226 10.753565 106096 1010
1292928896 2221209 59.912212 10.753488 119681 1001
1292928897 2222218 59.912212 10.753397 133458 1009
1292928898 2223228 59.912204 10.753302 110673 1010
1292928899 2224358 59.912206 10.753176 105046 1130
1292928900 2225418 59.912212 10.753067 110210 1060
1292928901 2226458 59.912213 10.752959 63868 1040
1292928902 2227459 59.91221 10.752755 127394 1001
1292928904 2228588 59.91221 10.752755 122055 1129
1292928905 2229748 59.912221 10.752538 128874 1160
1292928906 2230888 59.91223 10.752447 140514 1140
1292928907 2231908 59.91223 10.752447 131888 1020
1292928908 2232909 59.912258 10.752271 136857 1001
1292928909 2233918 59.912262 10.75218 125476 1009
1292928910 2234919 59.912262 10.75218 143111 1001
1292928911 2235978 59.912277 10.752019 114501 1059
1292928912 2236988 59.912287 10.751949 160991 1010
1292928913 2237989 59.912287 10.751949 130660 1001
1292928914 2238998 59.912298 10.751822 130022 1009
1292928915 2240008 59.912307 10.75177 99611 1010
1292928916 2241018 59.912307 10.75177 95158 1010
1292928917 2242228 59.912324 10.75172 93744 1210
1292928918 2243258 59.912325 10.751703 100793 1029
1292928919 2244348 59.912332 10.751668 97930 1090
1292928920 2245428 59.912338 10.75165 183315 1080
1292928921 2246439 59.912338 10.75165 188326 1011
1292928922 2247454 59.912332 10.751629 208620 1015
1292928924 2248558 59.912341 10.751591 202077 1104
1292928925 2249559 59.912341 10.751591 171064 1001
1292928926 2250560 59.912353 10.75157 178107 1001
1292928927 2251698 59.912368 10.751552 177363 1138
1292928928 2252700 59.912368 10.751552 221913 1002
1292928929 2253719 59.912381 10.751514 162524 1019
1292928930 2254838 59.912382 10.75151 149889 1119
1292928931 2255842 59.912382 10.75151 203862 1004
1292928932 2256938 59.912369 10.751486 167648 1096
1292928933 2257948 59.912367 10.751465 148003 1010
1292928934 2258988 59.912359 10.751462 139686 1040
1292928935 2260057 59.912353 10.751441 150696 1069
1292928936 2261167 59.912359 10.751424 162487 1110
1292928937 2262168 59.912359 10.751424 132914 1001
1292928938 2263178 59.912371 10.751388 128569 1010
1292928939 2264179 59.912385 10.751374 106326 1001
1292928940 2265198 59.912396 10.751339 127303 1019
1292928941 2266288 59.912411 10.751307 145684 1090
1292928942 2267348 59.912419 10.751272 143803 1060
1292928944 2268768 59.912443 10.751188 139326 1419
1292928945 2269828 59.912459 10.751138 140805 1060
1292928946 2270830 59.912459 10.751138 145821 1002
1292928947 2271838 59.912465 10.75103 156258 1008
1292928948 2272848 59.912448 10.750988 173285 1010
1292928949 2273927 59.912436 10.750946 126631 1079
1292928950 2274928 59.912411 10.750901 138029 1001
1292928951 2275968 59.912387 10.750856 138914 1040
1292928952 2277018 59.912358 10.750811 134674 1050
1292928953 2278027 59.912333 10.750766 102550 1009
1292928954 2279067 59.912291 10.750735 61098 1040
1292928955 2280227 59.912237 10.750683 95449 1160
1292928956 2281307 59.912184 10.750631 109329 1080
1292928957 2282309 59.912131 10.750579 107773 1002
1292928958 2283318 59.912131 10.750579 77481 1009
1292928959 2284477 59.911938 10.750379 58227 1159
1292928960 2285483 59.911938 10.750379 50616 1006
1292928961 2286507 59.911874 10.750306 22867 1024
1292928963 2287657 59.911755 10.750199 37452 1150
1292928964 2288667 59.911755 10.750199 38304 1009
1292928965 2289677 59.911714 10.750151 37029 1010
1292928966 2290687 59.911668 10.750102 35568 1010
1292928966 2290878 59.91163 10.750057 5449 191
