1294298067 2165823 59.853142 10.800863 129876 1001
1294298068 2166824 59.853142 10.800863 172657 1001
1294298069 2167825 59.853149 10.800884 98496 1001
1294298070 2168843 59.853185 10.800932 143475 1018
1294298071 2169873 59.853225 10.800984 127934 1030
1294298072 2170973 59.853284 10.801004 122358 1100
1294298073 2172013 59.853309 10.800997 118563 1040
1294298074 2173053 59.853337 10.800989 111967 1040
1294298075 2174054 59.853337 10.800989 157645 1001
1294298076 2175055 59.853396 10.800957 114164 1001
1294298077 2176233 59.853428 10.800914 121958 1178
1294298078 2177234 59.853459 10.800889 124027 1001
1294298079 2178244 59.85348 10.800878 132651 1010
1294298080 2179253 59.853498 10.80085 156728 1009
1294298081 2180255 59.853515 10.800839 116146 1002
1294298082 2181264 59.853531 10.800828 161135 1009
1294298083 2182273 59.853548 10.800817 164278 1009
1294298084 2183473 59.853574 10.800792 147845 1200
1294298085 2184483 59.85359 10.800781 168031 1010
1294298086 2185484 59.85359 10.800781 159300 1001
1294298088 2186563 59.8536 10.800767 122490 1079
1294298089 2187564 59.853634 10.800728 155395 1001
1294298090 2188792 59.853634 10.800728 158022 1228
1294298091 2189793 59.853683 10.800675 162232 1001
1294298092 2190803 59.853701 10.800646 172762 1010
1294298093 2191872 59.853701 10.800646 149009 1069
1294298094 2193024 59.85374 10.800607 141270 1152
1294298095 2194242 59.853759 10.800579 180318 1218
1294298096 2195284 59.853793 10.800554 137232 1042
1294298097 2196363 59.853822 10.800546 159495 1079
1294298098 2197364 59.853851 10.800539 173229 1001
1294298099 2198433 59.853878 10.80051 132733 1069
1294298101 2199634 59.85394 10.800495 154990 1201
1294298102 2200643 59.85394 10.800495 162184 1009
1294298103 2201653 59.854012 10.800466 167130 1010
1294298104 2202893 59.854054 10.800445 150501 1240
1294298105 2203894 59.854054 10.800445 161340 1001
1294298106 2204895 59.854127 10.800398 176728 1001
1294298107 2205900 59.854169 10.800376 181966 1005
1294298108 2206903 59.854169 10.800376 180090 1003
1294298109 2207905 59.854263 10.800319 174093 1002
1294298110 2208913 59.854327 10.800286 171760 1008
1294298111 2210122 59.854402 10.800257 148143 1209
1294298112 2211213 59.854486 10.800231 106601 1091
1294298113 2212214 59.85459 10.800194 52496 1001
1294298114 2213223 59.854698 10.800175 127898 1009
1294298115 2214313 59.854818 10.800159 167560 1090
1294298116 2215493 59.854935 10.800126 174477 1180
1294298117 2216503 59.855176 10.800077 131887 1010
1294298118 2217512 59.855295 10.800061 145652 1009
1294298120 2218733 59.855295 10.800061 130672 1221
1294298121 2219742 59.855559 10.800075 103280 1009
1294298122 2220744 59.85571 10.800086 117126 1002
1294298123 2221752 59.85571 10.800086 102205 1008
1294298124 2222772 59.856006 10.800163 79270 1020
1294298125 2223792 59.856174 10.800199 54727 1020
1294298126 2224812 59.856174 10.800199 68858 1020
1294298127 2225813 59.856493 10.800299 106381 1001
1294298128 2226852 59.856666 10.800335 71594 1039
1294298129 2227862 59.856666 10.800335 97513 1010
1294298130 2228863 59.856997 10.8004 88430 1001
1294298131 2229902 59.857156 10.800412 104392 1039
1294298132 2230904 59.857156 10.800412 132871 1002
1294298133 2231912 59.857482 10.8004 101833 1008
1294298134 2233162 59.857652 10.80038 103480 1250
1294298135 2234172 59.857652 10.80038 98496 1009
1294298136 2235322 59.857982 10.800316 61528 1150
1294298137 2236323 59.85813 10.800269 103480 1001
1294298138 2237362 59.858267 10.800218 129428 1039
1294298140 2238582 59.858533 10.800134 135245 1220
1294298141 2239624 59.858533 10.800134 108423 1042
1294298142 2240692 59.858665 10.800083 80022 1068
1294298143 2241693 59.858924 10.799995 103770 1001
1294298144 2242742 59.858924 10.799995 104425 1049
1294298145 2243962 59.859181 10.799873 143285 1220
1294298146 2244982 59.859304 10.799836 141217 1020
1294298147 2245992 59.859304 10.799836 91677 1010
1294298148 2246994 59.859503 10.799753 71829 1002
1294298149 2248222 59.859585 10.799706 125687 1228
1294298150 2249232 59.859661 10.799677 125014 1010
1294298151 2250233 59.859724 10.799644 120295 1001
1294298152 2251292 59.85979 10.799594 96207 1059
1294298153 2252512 59.859853 10.799562 121838 1220
1294298154 2253521 59.859947 10.799504 120586 1009
1294298156 2254562 59.859947 10.799504 93298 1041
1294298157 2255572 59.860006 10.799471 120249 1010
1294298158 2256573 59.860096 10.799414 120378 1001
1294298159 2257832 59.860096 10.799414 122892 1259
1294298160 2258833 59.860185 10.799356 118375 1001
1294298161 2259852 59.860215 10.799331 121575 1019
1294298162 2260862 59.860215 10.799331 105750 1010
1294298163 2261872 59.860296 10.799288 123671 1010
1294298164 2262873 59.860325 10.79928 90273 1001
1294298165 2263882 59.860325 10.79928 128347 1009
1294298166 2264892 59.860391 10.799251 89919 1010
1294298167 2266072 59.860422 10.799226 121718 1180
1294298168 2267242 59.860464 10.799205 128634 1170
1294298169 2268382 59.860531 10.799137 123752 1140
1294298171 2269581 59.860531 10.799137 148142 1199
1294298172 2270642 59.860594 10.799104 119259 1061
1294298173 2271652 59.860623 10.799097 147151 1010
1294298174 2272662 59.860623 10.799097 104371 1010
1294298175 2273682 59.86065 10.799069 94386 1020
1294298176 2274691 59.860705 10.79905 100665 1009
1294298177 2275792 59.860705 10.79905 134702 1101
1294298178 2276801 59.860765 10.799014 120904 1008
1294298179 2277862 59.860805 10.798989 105755 1061
1294298180 2278882 59.860805 10.798989 101336 1020
1294298181 2279992 59.860874 10.798939 106299 1110
1294298182 2281141 59.860915 10.798935 114700 1149
1294298183 2282331 59.860958 10.798913 119062 1190
1294298184 2283531 59.86103 10.798867 130030 1200
1294298186 2284661 59.86103 10.798867 123637 1130
1294298187 2285672 59.861077 10.798831 107437 1011
1294298188 2286772 59.861098 10.79882 127336 1100
1294298189 2287971 59.861124 10.798795 134506 1199
1294298190 2289142 59.861141 10.798784 70308 1171
1294298191 2290241 59.861158 10.798773 62928 1099
1294298192 2291242 59.861158 10.798773 78498 1001
1294298193 2292251 59.861212 10.798741 95952 1009
1294298194 2293462 59.861253 10.798737 91973 1211
1294298195 2294471 59.861299 10.798718 101585 1009
1294298196 2295511 59.861397 10.798699 76204 1040
1294298197 2296531 59.861397 10.798699 63653 1020
1294298199 2297541 59.861446 10.798698 98249 1010
1294298200 2298546 59.861523 10.79869 99402 1005
1294298201 2299551 59.861523 10.79869 105706 1005
1294298202 2300561 59.861564 10.798686 111741 1010
1294298203 2301562 59.861622 10.798671 111541 1001
1294298204 2302571 59.861622 10.798671 74189 1009
1294298205 2303591 59.861643 10.79866 103700 1020
1294298206 2304631 59.861692 10.798659 69809 1040
1294298207 2305641 59.861692 10.798659 95372 1010
1294298208 2306661 59.861728 10.798655 86157 1020
1294298209 2307672 59.861753 10.798648 73623 1011
1294298210 2308681 59.861753 10.798648 96311 1009
1294298211 2309691 59.861753 10.798648 66849 1010
1294298212 2310711 59.861785 10.798643 56905 1020
1294298213 2311731 59.861792 10.798647 21888 1020
1294298214 2312771 59.861801 10.798633 48989 1040
1294298215 2313772 59.861813 10.798636 97011 1001
1294298216 2314796 59.861813 10.798636 53660 1024
1294298217 2315801 59.861827 10.798622 90990 1005
1294298218 2316811 59.861832 10.798622 94723 1010
1294298219 2317821 59.861832 10.798622 83275 1010
1294298220 2319061 59.861838 10.798604 98113 1240
1294298221 2320071 59.861842 10.798604 105221 1010
1294298222 2321081 59.861842 10.798604 119953 1010
1294298223 2322091 59.861857 10.798587 86732 1010
1294298224 2323101 59.861869 10.79859 118012 1010
1294298225 2324111 59.861874 10.79859 83342 1010
1294298226 2325121 59.86189 10.798593 104247 1010
1294298227 2326131 59.861902 10.798597 69420 1010
1294298228 2327151 59.861902 10.798597 103150 1020
1294298229 2328166 59.861911 10.798597 33815 1015
1294298230 2329381 59.861916 10.798597 93333 1215
1294298231 2330430 59.861916 10.798597 42408 1048
1294298232 2331432 59.861916 10.798611 76258 1002
1294298233 2332441 59.86192 10.798611 75567 1009
1294298234 2333460 59.86192 10.798611 46287 1019
1294298235 2334472 59.861952 10.798583 57805 1012
1294298236 2335490 59.861978 10.798572 43244 1018
1294298237 2336521 59.861978 10.798572 39672 1031
1294298238 2337531 59.86204 10.798518 35451 1010
1294298240 2338545 59.862075 10.798493 38184 1014
1294298241 2339721 59.862129 10.798436 59011 1176
1294298242 2340741 59.862191 10.798383 43776 1020
1294298243 2342191 59.862266 10.798315 20435 1450
1294298244 2343211 59.862433 10.798187 72461 1020
1294298245 2344220 59.862517 10.798105 64234 1009
1294298247 2345591 59.862517 10.798105 42408 1371
1294298248 2346631 59.862665 10.797952 22137 1040
1294298249 2347640 59.862742 10.797867 134474 1009
1294298250 2348810 59.862813 10.7978 74198 1170
1294298251 2349811 59.862963 10.797668 126534 1001
1294298252 2350821 59.862963 10.797668 107636 1010
1294298253 2352050 59.863105 10.797533 126823 1229
1294298254 2353171 59.863178 10.797448 112301 1121
1294298255 2354181 59.863178 10.797448 99136 1010
1294298256 2355391 59.863397 10.797175 122116 1209
1294298257 2356401 59.863397 10.797175 143798 1010
1294298258 2357411 59.863472 10.797055 127435 1010
1294298259 2358421 59.863617 10.796793 113819 1010
1294298261 2359560 59.863617 10.796793 87420 1139
1294298262 2360562 59.863686 10.796652 76201 1001
1294298263 2361570 59.863827 10.796335 113128 1008
1294298264 2362571 59.863827 10.796335 95802 1001
1294298265 2363691 59.863895 10.796159 87401 1120
1294298266 2364701 59.864034 10.795877 106252 1010
1294298267 2365831 59.864034 10.795877 97386 1130
1294298268 2366833 59.864167 10.795595 81141 1002
1294298269 2367970 59.864229 10.79545 120350 1137
1294298270 2368980 59.864229 10.79545 75002 1010
1294298271 2369990 59.864374 10.79515 70358 1010
1294298272 2371020 59.864437 10.794989 75496 1030
1294298273 2372070 59.864437 10.794989 90288 1050
1294298274 2373100 59.864581 10.794689 42862 1030
1294298275 2374120 59.86465 10.794548 37694 1020
1294298276 2375330 59.864719 10.794407 56073 1210
1294298277 2376380 59.864793 10.794266 43776 1050
1294298278 2377520 59.864876 10.794149 29332 1140
1294298280 2378543 59.864876 10.794149 39672 1023
1294298281 2379560 59.86503 10.793964 38030 1017
1294298282 2380600 59.865103 10.793879 31464 1040
1294298283 2381770 59.865182 10.793815 33535 1170
1294298284 2382780 59.865257 10.793747 36936 1010
1294298285 2384390 59.865334 10.793701 28357 1610
1294298286 2385400 59.865404 10.79365 30096 1010
1294298288 2386770 59.865473 10.7936 4104 1370
1294298289 2387780 59.865542 10.793568 51292 1010
1294298290 2388820 59.865682 10.793489 47694 1040
1294298291 2389830 59.865748 10.793439 31464 1010
1294298292 2390840 59.865748 10.793439 20520 1010
1294298293 2391871 59.865864 10.793367 24769 1031
1294298294 2393013 59.865925 10.793331 35568 1142
1294298295 2394059 59.865985 10.793295 29668 1046
1294298296 2395060 59.866046 10.793259 31464 1001
1294298297 2396240 59.866102 10.793223 27122 1180
1294298299 2397780 59.866162 10.793187 27360 1540
1294298300 2398840 59.866259 10.793109 39513 1060
1294298301 2399890 59.866259 10.793109 45144 1050
1294298302 2400900 59.866362 10.793051 38863 1009
1294298303 2401911 59.86641 10.793012 27360 1011
1294298304 2402920 59.866459 10.792973 22416 1009
1294298305 2404020 59.866554 10.792912 69197 1100
1294298306 2405031 59.866554 10.792912 98496 1011
1294298307 2406050 59.866651 10.792872 83068 1019
1294298308 2407059 59.866686 10.792847 76394 1009
1294298309 2408085 59.866686 10.792847 76728 1026
1294298310 2409090 59.866742 10.792811 88313 1005
1294298311 2410120 59.866775 10.792803 57052 1030
1294298312 2411339 59.866789 10.792789 80063 1219
1294298313 2412410 59.866813 10.792796 94730 1071
1294298314 2413499 59.866813 10.792796 35329 1089
1294298316 2414890 59.866813 10.792796 17784 1391
1294298323 2421970 59.866831 10.792782 89418 7080
1294298324 2422991 59.866835 10.792782 46388 1021
1294298325 2424000 59.866849 10.792768 124882 1009
1294298326 2425070 59.866858 10.792768 127781 1070
1294298327 2426081 59.866863 10.792768 160028 1011
1294298328 2427140 59.866866 10.792785 151877 1059
1294298329 2428210 59.866873 10.792788 182078 1069
1294298330 2429310 59.866878 10.792788 194941 1100
1294298331 2430380 59.866878 10.792788 218709 1070
1294298332 2431409 59.866878 10.792788 213923 1029
1294298333 2432410 59.866878 10.792788 146726 1001
1294298335 2433600 59.866885 10.792792 139077 1190
1294298336 2435460 59.866885 10.792792 56468 1860
1294298337 2436489 59.866888 10.792795 115342 1029
1294298338 2437499 59.866888 10.792795 124612 1010
1294298339 2438510 59.866892 10.792798 176606 1011
1294298340 2439511 59.866899 10.792802 229393 1001
1294298341 2440520 59.866899 10.792802 124493 1009
1294298343 2441629 59.866902 10.792805 108633 1109
1294298344 2442789 59.866898 10.792805 124275 1160
1294298345 2443794 59.866898 10.792805 168360 1005
1294298346 2444800 59.866899 10.792826 150612 1006
1294298347 2445810 59.866899 10.792826 168623 1010
1294298348 2446830 59.866899 10.792826 137657 1020
1294298349 2447840 59.866907 10.792829 118319 1010
1294298350 2448849 59.866915 10.792833 90261 1009
1294298351 2449859 59.866915 10.792833 106233 1010
1294298352 2450869 59.86695 10.792808 77849 1010
1294298353 2451880 59.866972 10.792779 81122 1010
1294298354 2452899 59.866972 10.792779 69768 1019
1294298355 2453900 59.86704 10.792747 58515 1001
1294298356 2454909 59.867062 10.792736 50472 1009
1294298357 2455919 59.867062 10.792736 63177 1010
1294298358 2456949 59.867148 10.792689 74292 1030
1294298359 2458029 59.867202 10.792671 73401 1080
1294298360 2459189 59.86727 10.792638 95683 1160
1294298361 2460229 59.867331 10.792602 64296 1040
1294298362 2461249 59.867398 10.792587 36091 1020
1294298363 2462279 59.867458 10.792551 37262 1030
1294298364 2463519 59.867519 10.792516 24624 1240
1294298366 2464980 59.867579 10.79248 23256 1461
1294298367 2466000 59.867579 10.79248 17784 1020
1294298368 2467009 59.867694 10.792425 46074 1009
1294298369 2468109 59.867814 10.792371 101212 1100
1294298370 2469129 59.867868 10.792353 72968 1020
1294298371 2470149 59.867909 10.79231 61238 1020
1294298372 2471169 59.867956 10.792289 76363 1020
1294298373 2472189 59.868006 10.79227 72069 1020
1294298374 2473209 59.86805 10.792231 66331 1020
1294298375 2474219 59.868101 10.792195 79598 1010
1294298376 2475249 59.868145 10.792156 49461 1030
1294298377 2476269 59.868197 10.79212 54440 1020
1294298378 2477279 59.868257 10.79207 81966 1010
1294298379 2478299 59.868321 10.792037 53965 1020
1294298380 2479329 59.868394 10.791991 54825 1030
1294298381 2480339 59.868479 10.791947 74340 1010
1294298385 2484429 59.868674 10.79185 60061 4090
1294298386 2485459 59.868674 10.79185 42408 1030
1294298387 2486469 59.868877 10.791755 45970 1010
1294298388 2487479 59.868974 10.791715 51973 1010
1294298389 2488529 59.869171 10.7916 46388 1050
1294298391 2489579 59.86928 10.791563 41040 1050
1294298392 2490609 59.869377 10.791523 50899 1030
1294298393 2491617 59.869475 10.791466 35568 1008
1294298394 2492638 59.869572 10.791426 25782 1021
1294298395 2493659 59.869663 10.791365 34200 1021
1294298396 2494682 59.869836 10.791295 30818 1023
1294298397 2495699 59.869925 10.791252 53822 1017
1294298398 2496729 59.870002 10.791205 43776 1030
1294298399 2497739 59.870078 10.791176 30580 1010
1294298400 2498899 59.870231 10.7911 38863 1160
1294298401 2499909 59.870296 10.79105 70298 1010
1294298402 2501038 59.870366 10.791 99478 1129
1294298403 2502069 59.870435 10.79095 45144 1031
1294298404 2503259 59.8705 10.7909 42239 1190
1294298405 2504299 59.87057 10.79085 69594 1040
1294298406 2505439 59.870684 10.79076 99458 1140
1294298407 2506449 59.870684 10.79076 115649 1010
1294298409 2507580 59.870744 10.790724 53921 1131
1294298410 2508589 59.870792 10.790685 34200 1008
1294298411 2509619 59.870835 10.790663 39672 1030
1294298412 2511198 59.870874 10.790638 7782 1579
1294298413 2512229 59.870909 10.790613 38304 1031
1294298414 2513279 59.870935 10.790602 36912 1050
1294298415 2514379 59.87096 10.790592 15136 1100
1294298417 2515889 59.870965 10.790592 15048 1510
1294298418 2517008 59.870978 10.790577 97359 1119
1294298419 2518019 59.870992 10.790577 76954 1011
1294298420 2519039 59.870992 10.790577 61936 1020
1294298421 2520358 59.871004 10.790581 25992 1319
1294298422 2521528 59.871004 10.790581 2736 1170
1294298424 2522548 59.871009 10.790581 44343 1020
1294298425 2523598 59.871009 10.790581 23256 1050
1294298426 2524668 59.871021 10.790584 9576 1070
1294298427 2525758 59.871021 10.790584 10944 1090
1294298428 2526768 59.871021 10.790584 13680 1010
1294298429 2527819 59.871021 10.790584 19152 1051
1294298430 2528828 59.871019 10.790602 15048 1009
1294298431 2529858 59.871024 10.790602 14031 1030
1294298432 2531168 59.871024 10.790602 1125 1310
1294298433 2532178 59.871024 10.790602 13680 1010
1294298434 2533218 59.871024 10.790602 62928 1040
1294298435 2534229 59.871024 10.790602 38829 1011
1294298436 2535258 59.871022 10.790619 61560 1029
1294298437 2536278 59.871022 10.790619 42967 1020
1294298438 2537298 59.87103 10.790623 46512 1020
1294298440 2539478 59.87103 10.790623 9558 2180
1294298441 2540518 59.87103 10.790623 17784 1040
1294298443 2541578 59.87103 10.790623 20520 1060
1294298444 2542638 59.871025 10.790623 17784 1060
1294298445 2543678 59.871025 10.790623 19152 1040
1294298446 2544708 59.871033 10.790626 17230 1030
1294298447 2545718 59.871033 10.790626 19152 1010
1294298448 2546771 59.871029 10.790626 17784 1053
1294298449 2547788 59.871029 10.790626 23256 1017
1294298450 2548798 59.871029 10.790626 19268 1010
1294298451 2549828 59.871029 10.790626 35568 1030
1294298452 2550838 59.871032 10.790629 26600 1010
1294298453 2552188 59.871032 10.790629 46079 1350
1294298454 2553208 59.871032 10.790629 20520 1020
1294298455 2554238 59.871027 10.790629 16416 1030
1294298456 2555328 59.871027 10.790629 10944 1090
1294298457 2556428 59.871027 10.790629 13590 1100
1294298459 2557758 59.87103 10.790633 13438 1330
1294298460 2558833 59.871032 10.790615 20520 1075
1294298461 2559928 59.871032 10.790615 17784 1095
1294298462 2560948 59.871032 10.790615 16416 1020
1294298463 2562038 59.871062 10.79059 18061 1090
1294298464 2563058 59.871091 10.790582 21888 1020
1294298465 2564068 59.871091 10.790582 21888 1010
1294298466 2565468 59.871176 10.790501 6186 1400
1294298467 2566488 59.871233 10.790447 21888 1020
1294298468 2567508 59.871233 10.790447 34200 1020
1294298470 2568548 59.871368 10.790347 34634 1040
1294298471 2569638 59.871448 10.790265 20520 1090
1294298472 2570848 59.871531 10.790201 9587 1210
1294298473 2571878 59.871623 10.790122 16416 1030
1294298474 2572947 59.871715 10.790044 19152 1069
1294298475 2574037 59.871715 10.790044 10944 1090
1294298476 2575208 59.871923 10.789859 10990 1171
1294298477 2576268 59.872028 10.789766 24624 1060
1294298478 2577308 59.872028 10.789766 19152 1040
1294298479 2578338 59.872252 10.789584 16129 1030
1294298480 2579347 59.87236 10.789474 24624 1009
1294298482 2580652 59.87236 10.789474 16384 1305
1294298483 2581658 59.87258 10.789274 57965 1006
1294298484 2582718 59.872691 10.789181 36464 1060
1294298485 2583738 59.872798 10.789071 28728 1020
1294298486 2584778 59.873028 10.788872 21802 1040
1294298487 2585788 59.873028 10.788872 34200 1010
1294298488 2586848 59.87325 10.788669 32849 1060
1294298489 2587868 59.873356 10.788576 41040 1020
1294298490 2588908 59.87346 10.788463 27290 1040
1294298491 2589928 59.873564 10.788387 31464 1020
1294298492 2590978 59.87367 10.788295 25908 1050
1294298493 2591998 59.873768 10.788199 38304 1019
1294298494 2593008 59.873965 10.788045 46823 1010
1294298496 2594697 59.874057 10.787967 59127 1689
1294298497 2595698 59.87414 10.787902 58824 1001
1294298498 2596718 59.874219 10.787838 32544 1020
1294298499 2597728 59.874293 10.787788 57422 1010
1294298500 2598729 59.874422 10.787667 70894 1001
1294298501 2599938 59.874478 10.787631 65845 1209
1294298502 2600957 59.874565 10.787552 52876 1019
1294298503 2601968 59.874565 10.787552 71136 1011
1294298504 2602977 59.874624 10.78752 61246 1009
1294298505 2603978 59.874646 10.787509 88234 1001
1294298506 2605157 59.874684 10.787487 99606 1179
1294298507 2606167 59.874693 10.787473 144158 1010
1294298508 2607257 59.874697 10.787473 96775 1090
1294298509 2608267 59.874703 10.787456 140800 1010
1294298510 2609308 59.874703 10.787456 85495 1041
1294298511 2610317 59.874701 10.787435 44265 1009
1294298512 2611347 59.874701 10.787435 54306 1030
1294298513 2612348 59.874701 10.787435 107753 1001
1294298514 2613368 59.874706 10.787435 135613 1020
1294298515 2614377 59.874706 10.787435 128919 1009
1294298516 2615378 59.874707 10.787417 127093 1001
1294298517 2616379 59.874707 10.787417 121005 1001
1294298518 2617387 59.874707 10.787417 110181 1008
1294298519 2618388 59.874715 10.78742 120257 1001
1294298520 2619397 59.874715 10.78742 82887 1009
1294298521 2620438 59.874715 10.78742 64930 1041
1294298522 2621477 59.874729 10.787406 71471 1039
1294298523 2622487 59.874771 10.787385 42077 1010
1294298524 2623517 59.874771 10.787385 51984 1030
1294298526 2624545 59.874771 10.787385 36740 1028
1294298527 2625597 59.874806 10.78736 28728 1052
1294298528 2626627 59.874904 10.787302 19415 1030
1294298529 2627657 59.874904 10.787302 32832 1030
1294298530 2628667 59.874948 10.787263 25992 1010
1294298531 2629697 59.875071 10.787159 22561 1030
1294298532 2630717 59.875071 10.787159 31464 1020
1294298533 2631787 59.875254 10.787058 28316 1070
1294298534 2632817 59.875364 10.787004 43776 1030
1294298535 2633837 59.875471 10.78695 51701 1020
1294298536 2634857 59.875583 10.786878 67032 1020
1294298537 2635907 59.875701 10.786827 39983 1050
1294298538 2636917 59.875811 10.786772 27360 1010
1294298539 2637937 59.875922 10.786718 21888 1020
1294298540 2638977 59.876032 10.786664 27230 1040
1294298541 2640027 59.876143 10.78661 31464 1050
1294298542 2641057 59.876376 10.786504 26411 1030
1294298543 2642067 59.876376 10.786504 28728 1010
1294298544 2643077 59.8766 10.786413 32386 1010
1294298545 2644098 59.876711 10.786359 42157 1021
1294298546 2645107 59.876711 10.786359 42408 1009
1294298547 2646307 59.876931 10.786268 50877 1200
1294298548 2647327 59.877046 10.786214 53352 1020
1294298549 2648337 59.877149 10.786156 34655 1010
1294298550 2649397 59.877259 10.786102 32832 1060
1294298552 2650617 59.877373 10.786065 41729 1220
1294298553 2651658 59.877373 10.786065 43776 1041
1294298554 2652667 59.877476 10.786008 25992 1009
1294298555 2653787 59.877688 10.785913 16043 1120
1294298556 2654816 59.877688 10.785913 16416 1029
1294298557 2655817 59.877791 10.785856 16416 1001
1294298558 2656837 59.878003 10.785761 26173 1020
1294298559 2657847 59.878003 10.785761 35568 1010
1294298560 2658858 59.878216 10.785649 52787 1011
1294298561 2659876 59.878325 10.785613 50347 1018
1294298562 2660887 59.878537 10.785518 44165 1011
1294298563 2661917 59.878636 10.785461 57456 1030
1294298564 2662927 59.878636 10.785461 40790 1010
1294298565 2663937 59.87884 10.785363 48494 1010
1294298566 2664946 59.878937 10.785323 56949 1009
1294298567 2665967 59.878937 10.785323 50452 1021
1294298568 2666976 59.879123 10.785239 62518 1009
1294298569 2668117 59.879205 10.785192 35134 1141
1294298570 2669136 59.879205 10.785192 51984 1019
1294298571 2670157 59.879349 10.785131 46412 1021
1294298572 2671177 59.879413 10.785098 43805 1020
1294298573 2672196 59.879413 10.785098 50616 1019
1294298574 2673237 59.879535 10.785047 42761 1041
1294298575 2674447 59.879582 10.785025 47377 1210
1294298576 2675457 59.879582 10.785025 46512 1010
1294298577 2676476 59.879684 10.784985 44464 1019
1294298578 2677486 59.879731 10.784964 65664 1010
1294298579 2678487 59.879731 10.784964 49863 1001
1294298580 2679507 59.879811 10.784934 54157 1020
1294298581 2680527 59.879846 10.784909 61662 1020
1294298583 2681557 59.879846 10.784909 42166 1030
1294298584 2682566 59.879926 10.78488 44685 1008
1294298585 2683587 59.879973 10.784858 59107 1021
1294298586 2684726 59.880015 10.784837 68383 1139
1294298587 2685837 59.880108 10.784811 64391 1111
1294298588 2686856 59.880108 10.784811 32832 1019
1294298589 2687976 59.880197 10.784781 32136 1120
1294298590 2689017 59.880244 10.78476 47880 1041
1294298591 2690026 59.880244 10.78476 67956 1009
1294298592 2691036 59.880329 10.784731 87084 1010
1294298593 2692046 59.880374 10.784726 59118 1010
1294298594 2693057 59.880374 10.784726 57626 1011
1294298595 2694066 59.880454 10.784697 54350 1009
1294298596 2695086 59.880494 10.784672 58438 1020
1294298597 2696106 59.880528 10.784647 70470 1020
1294298598 2697136 59.880569 10.784643 80712 1030
1294298599 2698286 59.880612 10.784621 64939 1150
1294298600 2699316 59.880651 10.784596 65194 1030
1294298601 2700336 59.880694 10.784574 62170 1020
1294298602 2701356 59.88075 10.784538 64045 1020
1294298604 2702556 59.880792 10.784517 74006 1200
1294298605 2703557 59.88088 10.784491 76775 1001
1294298606 2704577 59.88088 10.784491 75510 1020
1294298607 2705626 59.880927 10.784469 66803 1049
1294298608 2706627 59.881016 10.784426 77514 1001
1294298609 2707676 59.881016 10.784426 93539 1049
1294298610 2708682 59.881051 10.784401 86901 1006
1294298611 2709686 59.881131 10.784371 85382 1004
1294298612 2710726 59.881131 10.784371 41657 1040
1294298613 2711896 59.881208 10.784325 42923 1170
1294298614 2713016 59.881242 10.784317 63472 1120
1294298615 2714026 59.881242 10.784317 76047 1010
1294298616 2715126 59.881307 10.784281 85768 1100
1294298617 2716286 59.88134 10.784274 103272 1160
1294298618 2717296 59.881369 10.784266 79833 1010
1294298619 2718336 59.881395 10.784255 44995 1040
1294298620 2719337 59.88142 10.784244 73060 1001
1294298621 2720356 59.881446 10.784234 45823 1019
1294298622 2721366 59.88146 10.784219 90873 1010
1294298623 2722386 59.881481 10.784208 107482 1020
1294298624 2723396 59.881481 10.784208 125477 1010
1294298625 2724486 59.88152 10.784169 93372 1090
1294298626 2725496 59.88152 10.784169 103727 1010
1294298627 2726506 59.881534 10.784155 71869 1010
1294298629 2727586 59.881573 10.784116 81463 1080
1294298630 2728596 59.881573 10.784116 102047 1010
1294298631 2729626 59.881587 10.784102 90882 1030
1294298632 2730636 59.881638 10.784066 46342 1010
1294298633 2731696 59.881638 10.784066 57456 1060
1294298634 2732708 59.881665 10.784037 56416 1012
1294298635 2733786 59.881718 10.783984 89518 1078
1294298636 2734806 59.881718 10.783984 73500 1020
1294298637 2735926 59.881779 10.783948 80419 1120
1294298638 2736946 59.881814 10.783923 72489 1020
1294298639 2738215 59.881814 10.783923 67326 1269
1294298640 2739236 59.881882 10.783838 96464 1020
1294298641 2740245 59.881916 10.783813 100834 1009
1294298642 2741255 59.881916 10.783813 104330 1010
1294298643 2742466 59.882036 10.783706 104441 1211
1294298644 2743526 59.882036 10.783706 73676 1060
1294298646 2744546 59.882036 10.783706 35568 1020
1294298647 2745556 59.882071 10.783681 27360 1010
1294298648 2746565 59.882133 10.783627 57194 1009
1294298649 2747646 59.882167 10.783602 96705 1081
1294298650 2748656 59.882169 10.783584 142865 1010
1294298651 2749675 59.882169 10.783584 62247 1019
1294298652 2750685 59.882182 10.78357 49899 1010
1294298653 2751776 59.882182 10.78357 41600 1091
1294298654 2752786 59.882182 10.78357 87400 1010
1294298655 2753896 59.882187 10.78357 125442 1110
1294298656 2754906 59.882187 10.78357 114203 1010
1294298657 2755916 59.882187 10.78357 119122 1010
1294298658 2756925 59.882191 10.78357 122510 1009
1294298659 2757926 59.882199 10.783574 124659 1001
1294298660 2758936 59.882199 10.783574 139435 1010
1294298661 2759956 59.882199 10.783574 108708 1019
1294298662 2761016 59.882207 10.783577 134711 1060
1294298663 2762065 59.882208 10.783559 125611 1048
1294298664 2763066 59.882204 10.783559 123109 1001
1294298665 2764115 59.882211 10.783563 68181 1049
1294298666 2765116 59.882211 10.783563 104794 1001
1294298667 2766126 59.882208 10.783545 93723 1010
1294298668 2767135 59.882216 10.783549 103480 1009
1294298669 2768265 59.882216 10.783549 103191 1130
1294298670 2769275 59.882211 10.783549 143188 1010
1294298671 2770335 59.882219 10.783552 121758 1060
1294298672 2771345 59.882215 10.783552 96645 1010
1294298673 2772355 59.882215 10.783552 100463 1010
1294298674 2773365 59.882211 10.783534 78897 1010
1294298675 2774495 59.882215 10.783538 77165 1130
1294298676 2775496 59.882208 10.783503 93121 1001
1294298677 2776515 59.882208 10.783503 62418 1019
1294298678 2777525 59.882208 10.783503 59161 1010
1294298680 2778546 59.882203 10.783506 70279 1021
1294298681 2779655 59.8822 10.783488 88932 1109
1294298682 2780681 59.882203 10.783492 92483 1026
1294298683 2781875 59.882225 10.783449 60525 1194
1294298684 2783015 59.882248 10.783421 79126 1140
1294298685 2784025 59.882283 10.783396 99453 1010
1294298686 2785035 59.882331 10.783356 92446 1010
1294298687 2786045 59.882381 10.7833 80783 1010
1294298688 2787055 59.882443 10.783246 127758 1010
1294298689 2788056 59.882505 10.783193 84795 1001
1294298690 2789145 59.882581 10.783125 94511 1089
1294298691 2790155 59.882658 10.78304 116625 1010
1294298692 2791165 59.882735 10.782955 97673 1010
1294298693 2792175 59.882812 10.782869 105918 1010
1294298694 2793185 59.88289 10.782767 142762 1010
1294298695 2794195 59.882976 10.782667 96608 1010
1294298696 2795205 59.882976 10.782667 143047 1010
1294298697 2796206 59.88315 10.782451 122600 1001
1294298698 2797305 59.883249 10.782337 136136 1099
1294298699 2798315 59.883337 10.78222 115491 1010
1294298700 2799475 59.88353 10.781972 105933 1160
1294298702 2800655 59.88353 10.781972 132217 1180
1294298703 2801836 59.883717 10.781742 128467 1181
1294298704 2802857 59.883805 10.781625 130769 1021
1294298705 2803865 59.883805 10.781625 107894 1008
1294298706 2804885 59.88399 10.781373 119191 1020
1294298707 2805895 59.88407 10.781253 140704 1010
1294298708 2806905 59.88407 10.781253 183140 1010
1294298709 2807915 59.884236 10.780995 132811 1010
1294298710 2808925 59.884314 10.780854 139105 1010
1294298711 2809955 59.884394 10.780733 121340 1030
1294298712 2811125 59.884461 10.780571 160130 1170
1294298713 2812126 59.884535 10.78043 141780 1001
1294298714 2813135 59.884603 10.780268 143050 1009
1294298715 2814136 59.884672 10.780127 162020 1001
1294298716 2815156 59.884738 10.779982 171939 1020
1294298717 2816204 59.884807 10.779841 122085 1048
1294298718 2817205 59.884881 10.7797 125597 1001
1294298719 2818215 59.884958 10.779562 135919 1010
1294298720 2819225 59.885035 10.779424 126573 1010
1294298721 2820235 59.885099 10.779283 136291 1010
1294298722 2821244 59.885166 10.779124 156892 1009
1294298723 2822245 59.885232 10.778965 143157 1001
1294298724 2823255 59.885284 10.778821 125440 1010
1294298725 2824375 59.885331 10.778694 140879 1120
1294298726 2825525 59.885433 10.77844 118419 1150
1294298728 2826536 59.885484 10.778313 135556 1011
1294298729 2827614 59.885484 10.778313 95507 1078
1294298730 2828775 59.885582 10.778073 135651 1161
1294298731 2829885 59.885626 10.777943 139462 1110
1294298732 2831015 59.885669 10.777813 146088 1130
1294298733 2832016 59.885696 10.777693 137197 1001
1294298734 2833055 59.885727 10.777559 138010 1039
1294298735 2834057 59.885746 10.777437 145824 1002
1294298736 2835064 59.885761 10.777314 132152 1007
1294298737 2836075 59.885759 10.777202 143086 1011
1294298738 2837094 59.885758 10.777072 130914 1019
1294298739 2838225 59.885752 10.77696 134233 1131
1294298740 2839235 59.885742 10.776845 171348 1010
1294298741 2840236 59.885743 10.776751 152567 1001
1294298742 2841245 59.885743 10.776621 199797 1009
1294298743 2842354 59.885748 10.776474 162375 1109
1294298744 2843465 59.885754 10.77618 242243 1111
1294298745 2844525 59.885761 10.776054 146366 1060
1294298747 2845554 59.885761 10.776054 68400 1029
1294298748 2846574 59.885761 10.776054 73629 1020
1294298749 2847584 59.885787 10.775805 47898 1010
1294298750 2848604 59.885807 10.775682 32697 1020
1294298751 2849775 59.885827 10.77558 48316 1171
1294298752 2850785 59.885874 10.775415 113818 1010
1294298753 2851795 59.885874 10.775415 128109 1010
1294298754 2852824 59.885907 10.775278 107442 1029
1294298755 2853835 59.885919 10.775229 65664 1011
1294298756 2854844 59.885919 10.775229 62183 1009
1294298757 2855854 59.885947 10.77513 42910 1010
1294298758 2857034 59.885956 10.775116 50872 1180
1294298759 2858035 59.885965 10.775102 135525 1001
1294298760 2859114 59.885961 10.775102 155742 1079
1294298761 2860144 59.88597 10.775087 112802 1030
1294298762 2861194 59.885959 10.775066 137450 1050
1294298763 2862195 59.885956 10.775049 156404 1001
1294298764 2863214 59.885961 10.775035 137538 1019
1294298765 2864224 59.885956 10.775035 127261 1010
1294298766 2865234 59.885961 10.775021 156763 1010
1294298767 2866244 59.885968 10.775024 100951 1010
1294298768 2867374 59.885973 10.77501 145947 1130
1294298769 2868454 59.88599 10.774999 153560 1080
1294298770 2869456 59.88599 10.774999 143402 1002
1294298771 2870464 59.885987 10.774981 156149 1008
1294298773 2871664 59.885991 10.774967 100205 1200
1294298774 2872665 59.885991 10.774967 156969 1001
1294298775 2873674 59.885996 10.774953 176525 1009
1294298776 2874794 59.885996 10.774953 154896 1120
1294298777 2875804 59.885996 10.774953 148292 1010
1294298778 2876834 59.886002 10.774921 57206 1030
1294298779 2877844 59.886012 10.774889 99058 1010
1294298780 2878974 59.88602 10.77484 130243 1130
1294298781 2879984 59.886026 10.77477 161595 1010
1294298782 2880985 59.886039 10.774703 99185 1001
1294298783 2882004 59.886039 10.774703 85957 1019
1294298784 2883044 59.886063 10.774604 51984 1040
1294298785 2884074 59.886135 10.774375 25620 1030
1294298786 2885104 59.886135 10.774375 25992 1030
1294298787 2886114 59.886175 10.774228 27360 1010
1294298788 2887164 59.886273 10.773935 26062 1050
1294298789 2888184 59.886273 10.773935 35568 1020
1294298790 2889204 59.88633 10.773791 41040 1020
1294298791 2890214 59.886461 10.773491 38464 1010
1294298792 2891284 59.886461 10.773491 30096 1070
1294298793 2892304 59.88653 10.773349 35568 1020
1294298794 2893324 59.886691 10.773077 36444 1020
1294298795 2894363 59.886691 10.773077 40820 1039
1294298796 2895375 59.886856 10.772822 30846 1012
1294298797 2896414 59.886942 10.772723 34200 1039
1294298798 2897424 59.887029 10.772606 30579 1010
1294298799 2898444 59.887117 10.772489 39672 1020
1294298800 2899474 59.887203 10.772389 43776 1030
1294298801 2900484 59.887203 10.772389 43691 1010
1294298803 2901674 59.887366 10.772205 56156 1190
1294298804 2902683 59.887443 10.772119 56088 1009
1294298805 2903694 59.887443 10.772119 45144 1011
1294298806 2904735 59.887592 10.771949 25138 1041
1294298807 2905744 59.887656 10.771878 39672 1009
1294298808 2906974 59.887719 10.771807 51269 1230
1294298809 2908004 59.887775 10.771732 41040 1030
1294298810 2909044 59.887826 10.771658 36936 1040
1294298811 2910053 59.887881 10.771601 16375 1009
1294298812 2911084 59.887923 10.771541 43776 1031
1294298813 2912094 59.887973 10.771484 58407 1010
1294298814 2913103 59.888056 10.771381 105074 1009
1294298815 2914114 59.888099 10.771304 69840 1011
1294298816 2915213 59.888141 10.771244 139116 1099
1294298817 2916214 59.888179 10.771183 155728 1001
1294298818 2917216 59.88822 10.771141 149924 1002
1294298819 2918223 59.888256 10.771098 138809 1007
1294298820 2919354 59.888282 10.771087 190636 1131
1294298821 2920383 59.888295 10.771073 111380 1029
1294298823 2921583 59.888315 10.771041 92282 1200
1294298824 2922603 59.888315 10.771041 114674 1020
1294298825 2923764 59.888315 10.771041 154483 1161
1294298826 2924774 59.888316 10.771024 184968 1009
1294298827 2925783 59.888318 10.771006 153896 1009
1294298828 2926784 59.888318 10.771006 164562 1001
1294298829 2927793 59.888328 10.770974 175448 1009
1294298830 2928964 59.888324 10.770974 161321 1171
1294298831 2930014 59.888325 10.770957 220170 1050
1294298832 2931024 59.888321 10.770957 167077 1010
1294298833 2932104 59.888328 10.77096 200097 1080
1294298834 2933254 59.888324 10.77096 174576 1150
1294298835 2934293 59.888333 10.770946 213289 1039
1294298836 2935303 59.888333 10.770946 228519 1010
1294298837 2936454 59.888334 10.770928 194114 1151
1294298838 2937504 59.888342 10.770932 196656 1050
1294298840 2938635 59.888342 10.770932 205728 1131
1294298841 2939636 59.888348 10.770914 169653 1001
1294298842 2940643 59.888349 10.770897 157979 1007
1294298843 2941716 59.888349 10.770897 136711 1073
1294298844 2942895 59.888351 10.770879 155289 1179
1294298845 2944063 59.888359 10.770883 151758 1168
1294298846 2945114 59.88836 10.770865 188549 1051
1294298847 2946224 59.88836 10.770865 155813 1110
1294298848 2947234 59.888369 10.770851 145764 1010
1294298849 2948253 59.88838 10.770819 102027 1019
1294298850 2949273 59.88839 10.770787 56945 1020
1294298851 2950344 59.88841 10.770755 107767 1071
1294298852 2951354 59.888434 10.77071 169609 1010
1294298853 2952363 59.88847 10.770667 145819 1008
1294298854 2953364 59.888517 10.770607 121129 1001
1294298855 2954373 59.888576 10.770536 148333 1009
1294298856 2955374 59.888708 10.770362 141393 1001
1294298857 2956383 59.888708 10.770362 131917 1009
1294298858 2957413 59.888781 10.770277 87633 1030
1294298859 2958434 59.888924 10.770071 139824 1021
1294298861 2959563 59.888924 10.770071 144640 1129
1294298862 2960564 59.889099 10.769823 149764 1001
1294298863 2961573 59.889199 10.769695 182873 1009
1294298864 2962613 59.889199 10.769695 147082 1040
1294298865 2963693 59.8894 10.769436 173296 1080
1294298866 2964694 59.889503 10.769287 186006 1001
1294298867 2965703 59.889503 10.769287 169442 1009
1294298868 2966784 59.8897 10.76901 164089 1081
1294298869 2967854 59.889798 10.768862 161628 1070
1294298870 2968863 59.889798 10.768862 151712 1008
1294298871 2969873 59.889987 10.768599 158214 1010
1294298872 2971043 59.890085 10.76845 158769 1170
1294298873 2972153 59.890171 10.768298 192968 1110
1294298874 2973154 59.890263 10.768129 184029 1001
1294298875 2974303 59.890353 10.767977 209438 1149
1294298876 2975313 59.890432 10.767821 171155 1010
1294298877 2976314 59.890522 10.767669 166040 1001
1294298878 2977453 59.8906 10.767514 145006 1139
1294298880 2978613 59.890769 10.767206 164873 1160
1294298881 2979615 59.890853 10.767033 168656 1002
1294298882 2980633 59.890853 10.767033 143699 1018
1294298883 2981643 59.891031 10.766659 200015 1010
1294298884 2982653 59.89112 10.766471 195256 1010
1294298885 2983654 59.89112 10.766471 164943 1001
1294298886 2984656 59.891288 10.766058 242257 1002
1294298887 2985753 59.891369 10.765868 202477 1097
1294298888 2986754 59.891369 10.765868 182492 1001
1294298889 2987824 59.89151 10.765445 182452 1070
1294298890 2988825 59.891575 10.765251 207299 1001
1294298891 2989833 59.891575 10.765251 166415 1008
1294298892 2990835 59.891716 10.764867 173598 1002
1294298893 2991843 59.891788 10.764676 182974 1008
1294298894 2992844 59.891788 10.764676 188962 1001
1294298895 2993993 59.891945 10.764351 164239 1149
1294298896 2994994 59.892032 10.764181 172457 1001
1294298897 2996003 59.892132 10.764015 176913 1009
1294298898 2997013 59.892237 10.763869 151778 1010
1294298899 2998173 59.892358 10.763731 164326 1160
1294298900 2999183 59.892476 10.763589 177826 1009
1294298901 3000194 59.892603 10.763432 139418 1011
1294298902 3001274 59.892716 10.76329 144282 1080
1294298903 3002403 59.892927 10.762999 160454 1129
1294298904 3003412 59.893024 10.762868 161282 1009
1294298905 3004413 59.893024 10.762868 144545 1001
1294298906 3005423 59.893127 10.762758 177578 1010
1294298907 3006432 59.893354 10.762526 127594 1009
1294298908 3007433 59.893354 10.762526 149060 1001
1294298909 3008434 59.893467 10.762436 159115 1001
1294298910 3009442 59.893703 10.762243 133469 1008
1294298911 3010472 59.893703 10.762243 100846 1030
1294298912 3011483 59.893819 10.762171 127247 1011
1294298913 3012493 59.894057 10.762013 119861 1010
1294298914 3013503 59.894057 10.762013 115723 1010
1294298916 3014572 59.894172 10.761959 100008 1069
1294298917 3015642 59.894407 10.761888 70090 1070
1294298918 3016692 59.894407 10.761888 65948 1050
1294298919 3017742 59.894407 10.761888 39672 1050
1294298920 3018782 59.894527 10.761873 20520 1040
1294298921 3019812 59.894778 10.761791 20836 1030
1294298922 3020843 59.894778 10.761791 36936 1031
1294298923 3021952 59.895028 10.761728 21533 1109
1294298924 3022962 59.895145 10.761694 23256 1010
1294298925 3023973 59.895145 10.761694 33930 1011
1294298926 3024993 59.895377 10.761645 58583 1020
1294298927 3026012 59.895486 10.761608 47274 1019
1294298928 3027132 59.895679 10.761545 46630 1120
1294298929 3028142 59.895776 10.761505 71136 1010
1294298930 3029143 59.895776 10.761505 66084 1001
1294298931 3030162 59.895954 10.761418 49229 1019
1294298932 3031192 59.896053 10.76136 40299 1030
1294298933 3032222 59.896053 10.76136 42408 1030
1294298934 3033242 59.896268 10.76123 38586 1020
1294298935 3034262 59.896375 10.761158 50265 1020
1294298936 3035272 59.896375 10.761158 46270 1010
1294298937 3036282 59.896555 10.761054 71122 1010
1294298938 3037292 59.896646 10.760993 65822 1010
1294298939 3038312 59.896646 10.760993 46135 1020
1294298940 3039372 59.896802 10.760881 20288 1060
1294298941 3040382 59.896858 10.760846 17784 1010
1294298942 3041442 59.896858 10.760846 10944 1060
1294298944 3042748 59.896962 10.760756 17236 1306
1294298945 3043772 59.897027 10.760706 28728 1024
1294298946 3044822 59.897083 10.76067 27612 1050
1294298947 3045862 59.897139 10.760634 25992 1040
1294298948 3047092 59.897203 10.760601 25417 1230
1294298949 3048122 59.897259 10.760565 17784 1030
1294298950 3049132 59.897319 10.760529 13680 1010
1294298951 3050162 59.897362 10.760508 12312 1030
1294298952 3051232 59.897362 10.760508 13680 1070
1294298953 3052262 59.897451 10.760464 15498 1030
1294298955 3054282 59.897482 10.760439 15048 2020
1294298956 3055292 59.897523 10.760435 36163 1010
1294298957 3056328 59.897563 10.76043 42277 1036
1294298958 3057342 59.897615 10.760447 50375 1014
1294298959 3058372 59.897688 10.760415 56363 1030
1294298960 3059391 59.897732 10.760375 67063 1019
1294298961 3060392 59.897792 10.760248 63682 1001
1294298962 3061402 59.897811 10.760164 76278 1010
1294298964 3062592 59.89783 10.760079 72595 1190
1294298965 3063604 59.897868 10.759928 74972 1012
1294298966 3064613 59.897868 10.759928 84297 1009
1294298967 3065622 59.897883 10.759844 65147 1009
1294298968 3066632 59.897896 10.759777 46512 1010
1294298969 3067652 59.897911 10.759692 23487 1020
1294298970 3068752 59.897911 10.759692 15048 1100
1294298972 3071042 59.897926 10.759608 2736 2290
1294298973 3072061 59.897942 10.759506 51984 1019
1294298974 3073082 59.897957 10.759421 15048 1021
1294298975 3074202 59.897972 10.759337 11558 1120
1294298976 3075233 59.897997 10.759273 16416 1031
1294298977 3076282 59.898032 10.759196 16416 1049
1294298978 3077342 59.898032 10.759196 12312 1060
1294298980 3079511 59.898065 10.759136 5472 2169
1294298981 3080522 59.898151 10.759036 16569 1011
1294298982 3081531 59.898151 10.759036 34200 1009
1294298984 3082551 59.898195 10.758997 21888 1020
1294298985 3083591 59.89828 10.759006 16372 1040
1294298986 3084641 59.89828 10.759006 19152 1050
1294298987 3085751 59.898344 10.759026 12312 1110
1294298988 3086791 59.898396 10.759043 13680 1040
1294298989 3087941 59.898461 10.759045 21935 1150
1294298990 3088983 59.898526 10.759047 28728 1042
1294298991 3090001 59.898599 10.759053 27360 1018
1294298992 3091012 59.898667 10.759021 19285 1011
1294298993 3092031 59.898726 10.759002 30096 1019
1294298994 3093213 59.898837 10.758948 36398 1182
1294298995 3094242 59.898837 10.758948 32832 1029
1294298996 3095257 59.898961 10.758879 38776 1015
1294298997 3096312 59.89902 10.758861 67175 1055
1294298998 3097321 59.899165 10.758834 111165 1008
1294298999 3098331 59.899279 10.75885 83569 1010
1294299000 3099351 59.899395 10.758939 76178 1020
1294299001 3100352 59.899477 10.759036 82832 1001
1294299002 3101378 59.899637 10.759268 90615 1025
1294299003 3102441 59.899805 10.759504 76228 1063
1294299004 3103452 59.899884 10.759621 118309 1011
1294299005 3104461 59.899962 10.759757 135749 1009
1294299006 3105462 59.90009 10.760059 131419 1001
1294299008 3106622 59.90009 10.760059 170691 1160
1294299009 3107631 59.90019 10.760404 109462 1009
1294299010 3108642 59.900239 10.760586 121715 1011
1294299011 3109652 59.900239 10.760586 131472 1010
1294299012 3110742 59.900355 10.760937 137925 1090
1294299013 3111743 59.900415 10.761087 162496 1001
1294299014 3112762 59.900415 10.761087 137145 1019
1294299015 3113764 59.900496 10.761355 248155 1002
1294299016 3115101 59.90053 10.761477 184724 1337
1294299017 3116141 59.900557 10.761596 158474 1040
1294299018 3117142 59.90059 10.761718 159497 1001
1294299019 3118143 59.900624 10.76184 184152 1001
1294299020 3119302 59.900657 10.761979 196622 1159
1294299021 3120312 59.900692 10.762137 187772 1010
1294299022 3121361 59.900729 10.762276 133682 1049
1294299023 3122372 59.900751 10.762447 150554 1010
1294299025 3123551 59.900792 10.762787 183995 1179
1294299026 3124562 59.900792 10.762787 180998 1011
1294299027 3125563 59.90083 10.763108 156570 1001
1294299028 3126587 59.900846 10.763259 151212 1024
1294299029 3127722 59.900846 10.763259 203307 1135
1294299030 3128731 59.900903 10.763549 155923 1008
1294299031 3129733 59.900925 10.763682 109315 1002
1294299032 3130761 59.900925 10.763682 84974 1028
1294299033 3131781 59.900954 10.763818 57456 1020
1294299034 3133187 59.900989 10.763937 16384 1406
1294299035 3134191 59.901023 10.764073 104607 1004
1294299036 3135292 59.901088 10.764328 67211 1101
1294299037 3136431 59.901131 10.76445 115584 1139
1294299038 3137432 59.901166 10.764568 122426 1001
1294299039 3138471 59.901263 10.764781 89057 1039
1294299040 3139481 59.901263 10.764781 131273 1010
1294299042 3140631 59.901359 10.765046 100995 1150
1294299043 3141652 59.901408 10.765189 100150 1021
1294299044 3142661 59.901408 10.765189 95078 1009
1294299045 3143671 59.901462 10.76537 74060 1010
1294299046 3144773 59.901588 10.765666 86089 1102
1294299047 3145784 59.901588 10.765666 108986 1011
1294299048 3146931 59.901715 10.765905 101558 1147
1294299049 3147941 59.901768 10.765996 99556 1010
1294299050 3148942 59.901768 10.765996 89822 1001
1294299051 3149951 59.901848 10.766166 82363 1009
1294299052 3151091 59.901881 10.76625 87190 1140
1294299053 3152101 59.901905 10.766312 105717 1010
1294299054 3153111 59.90192 10.766372 96028 1010
1294299055 3154121 59.901935 10.766431 80598 1010
1294299056 3155140 59.901935 10.766431 102749 1019
1294299057 3156151 59.901951 10.766529 88794 1011
1294299058 3157172 59.901959 10.766585 85881 1021
1294299059 3158180 59.901959 10.766585 63048 1008
1294299060 3159231 59.901971 10.766679 88713 1051
1294299061 3160241 59.901975 10.766735 68400 1010
1294299062 3161251 59.901975 10.766735 54256 1010
1294299063 3162252 59.901984 10.766865 103312 1001
1294299064 3163253 59.901991 10.766924 104427 1001
1294299065 3164261 59.902005 10.766987 118383 1008
1294299066 3165271 59.902025 10.767032 140385 1010
1294299067 3166272 59.90204 10.767077 172355 1001
1294299068 3167312 59.902062 10.767143 136386 1040
1294299069 3168441 59.902091 10.767237 183083 1129
1294299071 3169571 59.902091 10.767237 169933 1130
1294299072 3170581 59.902147 10.767319 157958 1010
1294299073 3171603 59.902179 10.767354 113132 1022
1294299074 3172611 59.902179 10.767354 116804 1007
1294299075 3173620 59.902225 10.767359 96944 1009
1294299076 3174791 59.902255 10.767373 122138 1171
1294299077 3175961 59.902281 10.767386 123766 1170
1294299078 3176962 59.902312 10.7674 134987 1001
1294299079 3177971 59.902348 10.767395 141372 1009
1294299080 3178980 59.902348 10.767395 61446 1009
1294299081 3180090 59.902429 10.767429 88193 1110
1294299082 3181104 59.902464 10.767442 122328 1014
1294299083 3182121 59.902499 10.767455 107894 1017
1294299084 3183130 59.902526 10.767465 157217 1009
1294299085 3184201 59.902545 10.76749 166906 1071
1294299086 3185301 59.902551 10.767511 194090 1100
1294299087 3186311 59.902557 10.767531 223243 1010
1294299088 3187391 59.902565 10.767535 197223 1080
1294299089 3188441 59.902591 10.767562 185361 1050
1294299091 3189552 59.902598 10.767566 233369 1111
1294299092 3190721 59.902598 10.767566 227038 1169
1294299093 3191821 59.902604 10.767587 222715 1100
1294299094 3192822 59.902612 10.76759 226940 1001
1294299095 3193823 59.902612 10.76759 215206 1001
1294299096 3194831 59.902644 10.7676 199789 1008
1294299097 3195852 59.902676 10.76761 193366 1021
1294299098 3196931 59.902708 10.76762 247595 1079
1294299099 3197941 59.90274 10.76763 236768 1009
1294299100 3199050 59.902771 10.76764 224656 1109
1294299101 3200200 59.902797 10.767629 305655 1150
1294299102 3201270 59.902829 10.767639 227282 1070
1294299103 3202380 59.902853 10.767646 185212 1110
1294299104 3203510 59.902864 10.767628 223795 1130
1294299105 3204511 59.902889 10.767617 207760 1001
1294299107 3205581 59.902889 10.767617 172761 1070
1294299108 3206800 59.902939 10.767613 196315 1219
1294299109 3207801 59.902968 10.76762 205352 1001
1294299110 3208930 59.902986 10.767606 154412 1129
1294299111 3209931 59.902998 10.767609 183105 1001
1294299112 3210940 59.903007 10.767609 167952 1009
1294299113 3212001 59.903026 10.767595 134090 1061
1294299114 3213010 59.903038 10.767598 169516 1008
1294299115 3214130 59.903054 10.767601 150102 1120
1294299116 3215132 59.903063 10.767601 144494 1002
1294299117 3216161 59.903081 10.767587 121669 1029
1294299118 3217172 59.903093 10.767591 213626 1010
1294299119 3218181 59.903098 10.767591 160105 1009
1294299120 3219201 59.903102 10.767591 165813 1020
1294299121 3220211 59.903102 10.767591 191176 1010
1294299122 3221212 59.903102 10.767591 208755 1001
1294299123 3222230 59.903116 10.767576 171566 1018
1294299124 3223240 59.90313 10.767562 186401 1010
1294299125 3224280 59.903136 10.767545 138390 1040
1294299126 3225320 59.903149 10.76753 157539 1040
1294299127 3226331 59.90317 10.76752 86387 1011
1294299128 3227332 59.90319 10.767526 139091 1001
1294299129 3228340 59.903214 10.767519 192317 1008
1294299130 3229500 59.903255 10.767514 140273 1160
1294299131 3230520 59.9033 10.767514 127740 1020
1294299132 3231530 59.90342 10.767536 77960 1010
1294299134 3232543 59.90342 10.767536 74032 1013
1294299135 3233560 59.903473 10.767535 94214 1017
1294299136 3234572 59.903585 10.767502 81504 1012
1294299137 3235580 59.903585 10.767502 106011 1008
1294299138 3236586 59.903636 10.767466 96876 1006
1294299139 3237590 59.903753 10.767341 117109 1004
1294299140 3238600 59.903753 10.767341 103068 1010
1294299141 3239650 59.90386 10.767231 109790 1050
1294299142 3240651 59.903911 10.767156 134959 1001
1294299143 3241750 59.903911 10.767156 153289 1099
1294299144 3242760 59.904017 10.767063 85504 1010
1294299145 3243800 59.904073 10.767028 69692 1040
1294299146 3244820 59.904073 10.767028 58824 1020
1294299147 3245990 59.904214 10.767001 30599 1170
1294299148 3247000 59.90429 10.767024 78974 1010
1294299149 3248001 59.90429 10.767024 47880 1001
1294299150 3249100 59.90445 10.767113 90698 1099
1294299151 3250130 59.904533 10.767139 100697 1030
1294299152 3251280 59.904609 10.767201 117537 1150
1294299153 3252460 59.904774 10.76729 125849 1180
1294299154 3253469 59.904774 10.76729 136162 1009
1294299155 3254490 59.904843 10.767331 118655 1021
1294299156 3255494 59.904961 10.767388 67316 1004
1294299157 3256520 59.904961 10.767388 56088 1026
1294299159 3257540 59.904961 10.767388 33375 1020
1294299160 3258631 59.905087 10.767432 31106 1091
1294299161 3259640 59.905137 10.767466 36936 1009
1294299162 3260653 59.905202 10.767507 26039 1013
1294299163 3261720 59.905262 10.767527 17784 1067
1294299164 3263241 59.905315 10.767564 16416 1521
1294299166 3264920 59.905315 10.767564 1368 1679
1294299167 3265970 59.905427 10.767584 44297 1050
1294299168 3267011 59.905479 10.7676 38980 1041
1294299169 3268320 59.905534 10.76762 8208 1309
1294299170 3269346 59.905662 10.767699 66268 1026
1294299171 3270360 59.905739 10.767743 70750 1014
1294299172 3271479 59.905862 10.767783 103155 1119
1294299174 3272610 59.905953 10.767813 132171 1131
1294299175 3273650 59.905981 10.767823 96868 1040
1294299176 3274710 59.905981 10.767823 127083 1060
1294299177 3275731 59.90602 10.767837 98397 1021
1294299178 3276740 59.906034 10.767822 92687 1009
1294299179 3277820 59.906034 10.767822 79519 1080
1294299180 3278840 59.906043 10.767808 98029 1020
1294299181 3279860 59.906051 10.767811 109058 1020
1294299182 3280990 59.906051 10.767811 126036 1130
1294299183 3282000 59.906057 10.767832 107450 1010
1294299184 3283009 59.906069 10.767836 113745 1009
1294299185 3284029 59.906069 10.767836 113575 1020
1294299186 3285039 59.906078 10.767821 103899 1010
1294299187 3286050 59.906081 10.767786 106938 1011
1294299188 3287060 59.906081 10.767786 124822 1010
1294299189 3288070 59.906099 10.767758 102247 1009
1294299190 3289090 59.906116 10.767747 98357 1020
1294299191 3290091 59.906116 10.767747 97427 1001
1294299192 3291150 59.906128 10.767736 76847 1059
1294299193 3292330 59.906137 10.767722 115768 1180
1294299194 3293339 59.906137 10.767722 81757 1009
1294299195 3294459 59.906155 10.767693 91495 1120
1294299196 3295470 59.906155 10.767693 148834 1011
1294299198 3296619 59.906158 10.767697 194666 1149
1294299199 3297739 59.906167 10.767683 186719 1120
1294299200 3298780 59.906167 10.767683 137954 1041
1294299201 3299790 59.906183 10.767689 123054 1010
1294299202 3300799 59.90619 10.767693 147021 1009
1294299203 3301830 59.90619 10.767693 91668 1031
1294299204 3302879 59.906207 10.767682 117117 1049
1294299205 3304051 59.906215 10.767685 107152 1172
1294299206 3305070 59.906222 10.767688 136099 1019
1294299207 3306150 59.906242 10.767695 127998 1080
1294299208 3307239 59.906274 10.767705 131757 1089
1294299209 3308249 59.906313 10.767718 112268 1010
1294299210 3309479 59.906401 10.767745 95026 1230
1294299211 3310519 59.906401 10.767745 79330 1040
1294299213 3311539 59.906401 10.767745 80712 1020
1294299214 3312639 59.906544 10.767806 95005 1100
1294299215 3313899 59.906544 10.767806 126505 1260
1294299216 3314959 59.906629 10.76783 161905 1060
1294299217 3316129 59.906679 10.767825 192605 1170
1294299218 3317139 59.906717 10.767818 177875 1010
1294299219 3318209 59.906759 10.76781 169132 1070
1294299220 3319219 59.906814 10.767806 91419 1010
1294299221 3320239 59.906862 10.767819 51247 1020
1294299222 3321469 59.906917 10.767854 28728 1230
1294299224 3322673 59.906972 10.767888 16384 1204
1294299225 3323679 59.906972 10.767888 99554 1006
1294299226 3324683 59.907116 10.767984 87763 1004
1294299227 3325910 59.907116 10.767984 85894 1227
1294299228 3326919 59.907224 10.768017 117709 1009
1294299229 3327929 59.90729 10.768002 79120 1010
1294299230 3328939 59.90729 10.768002 56136 1010
1294299231 3329979 59.907348 10.768001 36936 1040
1294299232 3330999 59.907475 10.767989 35152 1020
1294299233 3332039 59.907475 10.767989 50616 1040
1294299234 3333059 59.907609 10.767959 47482 1020
1294299235 3334079 59.907675 10.767944 56927 1020
1294299236 3335229 59.907736 10.767946 52526 1150
1294299237 3336249 59.907789 10.767945 36936 1020
1294299238 3337280 59.907841 10.767962 32832 1031
1294299240 3339449 59.907841 10.767962 2366 2169
1294299241 3340459 59.907882 10.767958 57456 1009
1294299242 3341469 59.9079574 10.7679826 105749 1010
1294299243 3342470 59.9080328 10.7680072 143299 1001
1294299244 3343479 59.9081082 10.7680318 156318 1009
1294299245 3344489 59.9081836 10.7680564 138124 1010
1294299246 3345499 59.908259 10.768081 141796 1010
1294299247 3346509 59.908259 10.768081 183339 1010
1294299249 3347679 59.908353 10.768076 143069 1170
1294299250 3348689 59.908391 10.768107 127511 1010
1294299251 3349691 59.908391 10.768107 160569 1002
1294299252 3350709 59.9084215 10.7681626666667 137222 1018
1294299253 3351729 59.908452 10.7682183333333 148790 1020
1294299254 3352731 59.9084825 10.768274 210590 1002
1294299255 3353739 59.908513 10.7683296666667 165400 1008
1294299256 3354749 59.9085435 10.7683853333333 175567 1010
1294299257 3355929 59.908574 10.768441 181275 1180
1294299258 3356930 59.908554 10.768395 187971 1001
1294299259 3358069 59.908525 10.76835 158047 1139
1294299260 3359149 59.908475 10.768278 152538 1080
1294299261 3360291 59.9084345 10.7682085 181535 1142
1294299262 3361292 59.908394 10.768139 161663 1001
1294299263 3362448 59.908361 10.768101 157498 1156
1294299264 3363449 59.908328 10.768063 95533 1001
1294299265 3364452 59.908295 10.768025 156217 1003
1294299267 3365599 59.908229 10.767949 154381 1147
1294299268 3366769 59.908211 10.767925 181653 1170
1294299269 3367771 59.908211 10.767925 171594 1002
1294299270 3368779 59.908206 10.767886 158212 1008
1294299271 3369789 59.9082063333333 10.7678803333333 165456 1010
1294299272 3370799 59.9082066666667 10.7678746666667 132545 1010
1294299273 3371800 59.908207 10.767869 170085 1001
1294299274 3372809 59.908212 10.767869 139577 1009
1294299275 3373819 59.908212 10.767869 129259 1010
1294299276 3374820 59.908241 10.767914 175364 1001
1294299277 3375939 59.908259 10.767938 108272 1119
1294299278 3376959 59.908259 10.767938 141000 1020
1294299279 3377979 59.908325 10.768032 109993 1020
1294299280 3379019 59.908363 10.768063 133293 1040
1294299281 3380029 59.908363 10.768063 191585 1010
1294299282 3381178 59.908389 10.76809 153984 1149
1294299283 3382179 59.908392 10.768108 171485 1001
1294299284 3383189 59.908396 10.768108 165841 1010
1294299285 3384199 59.908396 10.768108 162958 1010
1294299286 3385309 59.908389 10.768105 149228 1110
1294299287 3386479 59.908376 10.768115 196546 1170
1294299289 3387639 59.908354 10.768105 179367 1160
1294299290 3388649 59.908354 10.768105 162058 1010
1294299291 3389650 59.908323 10.768092 150218 1001
1294299292 3390658 59.908315 10.768089 150066 1008
1294299293 3391659 59.908315 10.768089 153266 1001
1294299294 3392711 59.908277 10.768111 149395 1052
1294299295 3393788 59.908262 10.768104 153707 1077
1294299296 3394958 59.908235 10.768094 149292 1170
1294299297 3396018 59.908227 10.76809 142894 1060
1294299298 3397059 59.908215 10.768087 162613 1041
1294299299 3398068 59.908215 10.768087 158408 1009
1294299300 3399209 59.908206 10.768101 163044 1141
1294299301 3400218 59.908206 10.768101 142426 1009
1294299302 3401228 59.908206 10.768101 95687 1010
1294299303 3402368 59.908194 10.768112 130676 1140
1294299304 3403371 59.908194 10.768112 173218 1003
1294299305 3404379 59.908197 10.76813 130732 1008
1294299306 3405388 59.9082 10.768147 146805 1009
1294299307 3406398 59.9082 10.768147 118029 1010
1294299308 3407408 59.908198 10.768165 134007 1010
1294299309 3408499 59.908224 10.768192 115240 1091
1294299310 3409508 59.908224 10.768192 131224 1009
1294299311 3410509 59.908265 10.768188 131793 1001
1294299313 3411629 59.908273 10.768192 146621 1120
1294299314 3412630 59.908273 10.768192 132405 1001
1294299315 3413638 59.908282 10.768177 97346 1008
1294299316 3414668 59.90832 10.768156 65618 1030
1294299317 3415708 59.90832 10.768156 57456 1040
1294299318 3416711 59.908349 10.768134 41987 1003
1294299319 3417728 59.908366 10.768123 47880 1017
1294299320 3419034 59.908366 10.768123 16384 1306
1294299321 3420489 59.908407 10.768105 18732 1455
1294299322 3421498 59.908431 10.768097 100372 1009
1294299324 3422668 59.908478 10.7681 160893 1169
1294299325 3423669 59.908507 10.768092 136136 1001
1294299326 3424770 59.908507 10.768092 130264 1101
1294299327 3425808 59.908574 10.768101 144155 1037
1294299328 3426809 59.908601 10.768111 174539 1001
1294299329 3427828 59.908601 10.768111 131850 1019
1294299330 3428829 59.908614 10.7681 135513 1001
1294299331 3429849 59.908621 10.768051 131703 1020
1294299332 3430938 59.908621 10.768051 64140 1089
1294299333 3431939 59.908634 10.767931 173848 1001
1294299334 3432949 59.908668 10.767871 161319 1010
1294299335 3433958 59.908668 10.767871 174399 1009
1294299336 3434968 59.908735 10.767695 122082 1010
1294299337 3435971 59.908764 10.767596 116534 1003
1294299338 3436978 59.908764 10.767596 104846 1007
1294299339 3437988 59.90883 10.767437 129028 1010
1294299340 3439050 59.908858 10.767377 113498 1062
1294299341 3440058 59.908884 10.767313 195318 1008
1294299342 3441098 59.908917 10.767253 156661 1040
1294299343 3442168 59.908941 10.767207 226523 1070
1294299344 3443170 59.908965 10.767161 218730 1002
1294299345 3444189 59.90899 10.767115 247697 1019
1294299346 3445190 59.909014 10.767069 245148 1001
1294299347 3446198 59.909026 10.76702 156144 1008
1294299348 3447209 59.909054 10.766974 148058 1011
1294299349 3448228 59.909072 10.766907 88727 1019
1294299350 3449238 59.909072 10.766907 61432 1010
1294299352 3450688 59.909135 10.766797 6662 1450
1294299353 3451738 59.909165 10.766734 66661 1050
1294299354 3452798 59.909225 10.766568 126588 1060
1294299355 3453799 59.90926 10.766505 161027 1001
1294299356 3454848 59.90926 10.766505 111771 1049
1294299357 3455868 59.909347 10.766364 158835 1020
1294299358 3457058 59.909375 10.766279 152246 1190
1294299359 3458068 59.909402 10.766174 115314 1010
1294299360 3459078 59.909427 10.766033 134617 1010
1294299361 3460128 59.909455 10.76591 93534 1050
1294299362 3461129 59.909488 10.765773 77203 1001
1294299363 3462158 59.909519 10.765615 39672 1029
1294299364 3463177 59.909544 10.765475 42017 1019
1294299365 3464187 59.909544 10.765475 42408 1010
1294299366 3465198 59.909613 10.76518 51063 1011
1294299368 3467348 59.909638 10.765039 35806 2150
1294299369 3468518 59.909765 10.764582 117263 1169
1294299370 3469519 59.909765 10.764582 103036 1001
1294299371 3470668 59.909807 10.7644118 78287 1149
1294299372 3471929 59.909849 10.7642416 5472 1261
1294299373 3472947 59.909891 10.7640714 21888 1018
1294299375 3473948 59.909975 10.763731 37153 1001
1294299376 3474958 59.910015 10.763597 110397 1010
1294299377 3476148 59.910058 10.763466 133586 1190
1294299378 3477208 59.910094 10.763333 170667 1060
1294299379 3478418 59.910144 10.763223 153029 1210
1294299380 3479508 59.910239 10.763004 129337 1090
1294299381 3480509 59.910279 10.762909 139202 1001
1294299383 3481697 59.910279 10.762909 130770 1188
1294299384 3482698 59.91035 10.762735 103392 1001
1294299385 3483708 59.91037 10.762689 102324 1010
1294299386 3484717 59.91037 10.762689 104187 1009
1294299387 3485728 59.91041 10.762594 106524 1011
1294299388 3486738 59.910433 10.762566 120963 1010
1294299389 3487748 59.910433 10.762566 93010 1010
1294299390 3488758 59.910457 10.762481 98825 1010
1294299391 3489838 59.910478 10.76247 97013 1080
1294299392 3490848 59.910478 10.76247 140058 1010
1294299393 3491857 59.910511 10.762372 114148 1009
1294299394 3492858 59.910541 10.762308 139176 1001
1294299395 3493868 59.910541 10.762308 108352 1010
1294299396 3494969 59.910622 10.762117 100367 1101
1294299397 3496158 59.910664 10.762005 158089 1189
1294299398 3497218 59.910697 10.761906 147635 1060
1294299399 3498348 59.910715 10.761786 151475 1130
1294299401 3499537 59.910722 10.761698 166874 1189
1294299402 3500547 59.910729 10.761505 140811 1010
1294299403 3501558 59.910735 10.761435 141972 1011
1294299404 3502608 59.910735 10.761435 141848 1049
1294299405 3503618 59.910748 10.761316 143282 1009
1294299406 3504628 59.910762 10.761249 148959 1010
1294299407 3505629 59.910762 10.761249 128207 1001
1294299408 3506637 59.910774 10.761147 130161 1008
1294299409 3507638 59.910793 10.761101 148680 1001
1294299410 3508639 59.910793 10.761101 181610 1001
1294299411 3509658 59.910808 10.761055 209259 1019
1294299412 3510768 59.910828 10.761009 226145 1110
1294299413 3511928 59.910845 10.760998 212000 1160
1294299414 3512938 59.910858 10.760984 202584 1010
1294299415 3514017 59.91087 10.760987 173856 1079
1294299416 3515018 59.910884 10.760973 210004 1001
1294299417 3516019 59.910901 10.760976 221279 1001
1294299418 3517027 59.910917 10.760979 153087 1008
1294299419 3518158 59.910938 10.760983 174437 1131
1294299420 3519167 59.910947 10.760983 181925 1008
1294299421 3520337 59.910956 10.760983 148095 1170
1294299422 3521338 59.910967 10.760965 173325 1001
1294299423 3522477 59.910998 10.760951 155084 1139
1294299424 3523478 59.910998 10.760951 184328 1001
1294299426 3524687 59.911032 10.760958 153648 1209
1294299427 3525689 59.911053 10.760961 170214 1002
1294299428 3526691 59.911053 10.760961 117009 1002
1294299429 3527787 59.911074 10.760964 168459 1096
1294299430 3528817 59.911091 10.760968 139141 1030
1294299431 3529818 59.911091 10.760968 144334 1001
1294299432 3530828 59.911104 10.760968 156325 1010
1294299433 3532027 59.911113 10.760968 151277 1199
1294299434 3533028 59.911118 10.760968 160977 1001
1294299435 3534029 59.911123 10.76095 168893 1001
1294299436 3535177 59.911128 10.76095 127511 1148
1294299437 3536178 59.911129 10.760932 137731 1001
1294299438 3537188 59.911144 10.760901 145246 1010
1294299439 3538197 59.911159 10.760869 143774 1009
1294299440 3539317 59.911175 10.760837 110286 1120
1294299441 3540328 59.91119 10.760805 136194 1011
1294299442 3541329 59.911218 10.760759 142137 1001
1294299443 3542527 59.911238 10.760675 132406 1198
1294299444 3543528 59.911255 10.760608 111578 1001
1294299445 3544530 59.911255 10.760608 139982 1002
1294299447 3545537 59.911269 10.760503 137774 1007
1294299448 3546538 59.911278 10.76045 139200 1001
1294299449 3547547 59.911278 10.76045 146175 1009
1294299450 3548548 59.911283 10.76038 126838 1001
1294299451 3549557 59.911298 10.760257 151905 1009
1294299452 3550569 59.911298 10.760257 121372 1012
1294299453 3551570 59.9113 10.760145 124921 1001
1294299454 3552577 59.911302 10.760089 121442 1007
1294299455 3553599 59.911302 10.760089 129070 1022
1294299456 3554777 59.911311 10.759942 131422 1178
1294299457 3555877 59.911317 10.759886 147806 1100
1294299458 3557007 59.911311 10.759788 168777 1130
1294299459 3558157 59.91131 10.759711 158040 1150
1294299460 3559168 59.9113 10.759595 173634 1010
1294299461 3560169 59.911294 10.759498 190497 1001
1294299462 3561208 59.911284 10.759382 101735 1039
1294299463 3562217 59.911286 10.759282 99026 1009
1294299464 3563227 59.911288 10.759182 116400 1010
1294299465 3564257 59.91129 10.759082 106988 1030
1294299466 3565259 59.911292 10.758982 145231 1002
1294299467 3566437 59.911294 10.758882 146336 1178
1294299468 3567447 59.9114 10.758603 146318 1010
1294299469 3568448 59.9114 10.758603 129866 1001
1294299471 3569547 59.911473 10.758346 151564 1099
1294299472 3570728 59.911503 10.758206 161721 1181
1294299473 3571827 59.911503 10.758206 158420 1099
1294299474 3572828 59.911568 10.757946 150097 1001
1294299475 3573848 59.911598 10.757805 139890 1020
1294299476 3574937 59.911629 10.757686 159109 1089
1294299477 3575938 59.911653 10.757563 153015 1001
1294299478 3576947 59.911685 10.757426 146635 1009
1294299479 3577957 59.911711 10.757324 124638 1010
1294299480 3578967 59.911727 10.757236 152064 1010
1294299481 3580107 59.911751 10.757151 161119 1140
1294299482 3581117 59.911751 10.757151 91874 1010
1294299483 3582187 59.91178 10.756944 142249 1070
1294299484 3583217 59.911801 10.756842 132318 1030
1294299485 3584227 59.911816 10.756719 134143 1010
1294299486 3585237 59.911824 10.756575 140212 1010
1294299487 3586249 59.911839 10.756452 172531 1012
1294299488 3587257 59.911855 10.756312 146166 1008
1294299489 3588277 59.911873 10.756154 118917 1020
1294299490 3589317 59.911898 10.755999 129405 1040
1294299491 3590477 59.911945 10.755725 138474 1160
1294299492 3591497 59.911964 10.755588 134981 1020
1294299493 3592498 59.911964 10.755588 131150 1001
1294299494 3593499 59.911982 10.755324 133971 1001
1294299495 3594517 59.91199 10.755219 148087 1018
1294299496 3595527 59.91199 10.755219 157741 1010
1294299498 3596688 59.912006 10.755064 141510 1161
1294299499 3597827 59.912026 10.755018 143710 1139
1294299500 3599027 59.912046 10.754972 166486 1200
1294299501 3600067 59.912053 10.754923 129224 1040
1294299502 3601077 59.912065 10.754874 123743 1010
1294299503 3602087 59.912079 10.754807 114153 1010
1294299504 3603127 59.912087 10.75474 114618 1040
1294299505 3604137 59.912087 10.754649 149778 1010
1294299506 3605207 59.91209 10.754561 143765 1070
1294299507 3606347 59.912085 10.75447 146457 1140
1294299508 3607406 59.912076 10.754379 128028 1059
1294299509 3608417 59.912073 10.7542 118093 1011
1294299510 3609437 59.912058 10.75414 128783 1020
1294299512 3610597 59.912058 10.75414 153086 1160
1294299513 3611598 59.912056 10.754014 127530 1001
1294299514 3612608 59.912051 10.753976 157985 1010
1294299515 3613626 59.912051 10.753976 131878 1018
1294299516 3614767 59.912045 10.753878 94310 1141
1294299517 3615777 59.91204 10.753839 92795 1010
1294299518 3616787 59.91204 10.753839 89417 1010
1294299519 3617857 59.912032 10.753798 92768 1070
1294299520 3618866 59.912024 10.753794 158156 1009
1294299521 3619877 59.912024 10.753794 125377 1011
1294299522 3620897 59.911997 10.753784 152013 1020
1294299523 3621898 59.911997 10.753784 140981 1001
1294299524 3622907 59.911997 10.753784 142530 1009
1294299525 3623917 59.911994 10.753781 147240 1010
1294299526 3624957 59.911998 10.753781 158873 1040
1294299527 3625967 59.911998 10.753781 143539 1010
1294299528 3626968 59.912001 10.75376 113921 1001
1294299529 3627977 59.912 10.753778 141316 1009
1294299530 3628987 59.912 10.753778 153926 1010
1294299531 3629997 59.911994 10.753771 132000 1010
1294299532 3631007 59.911995 10.753768 129047 1010
1294299533 3632008 59.911995 10.753768 129450 1001
1294299534 3633017 59.912001 10.753817 136261 1009
1294299535 3634037 59.911999 10.753849 71636 1020
1294299536 3635137 59.912018 10.753887 130454 1100
1294299537 3636146 59.912025 10.753905 152160 1009
1294299538 3637167 59.912037 10.753922 87304 1021
1294299539 3638317 59.912052 10.753943 122297 1150
1294299540 3639507 59.912072 10.753964 153925 1190
1294299542 3640577 59.912072 10.753964 175325 1070
1294299543 3641597 59.912077 10.753964 177020 1020
1294299544 3642607 59.912086 10.753964 107735 1010
1294299545 3643608 59.912086 10.753964 137860 1001
1294299546 3644757 59.91209 10.753964 97256 1149
1294299547 3645776 59.912107 10.753967 63326 1019
1294299548 3646786 59.912107 10.753967 69967 1010
1294299549 3647796 59.91214 10.753974 82027 1010
1294299550 3648816 59.912152 10.753977 75512 1020
1294299551 3649966 59.9121685 10.7539805 79178 1150
1294299552 3650967 59.912185 10.753984 129876 1001
1294299553 3651968 59.91219 10.753984 130777 1001
1294299554 3653096 59.912206 10.753987 152216 1128
1294299555 3654097 59.912211 10.753987 160710 1001
1294299556 3655106 59.91222 10.753987 156391 1009
1294299557 3656108 59.912232 10.753991 138565 1002
1294299558 3657117 59.912237 10.753991 131854 1009
1294299559 3658206 59.912249 10.753994 155797 1089
1294299560 3659357 59.912253 10.753994 150671 1151
1294299561 3660358 59.912261 10.753997 158925 1001
1294299562 3661368 59.912261 10.753997 143982 1010
1294299563 3662376 59.912261 10.753997 155584 1008
1294299564 3663377 59.912259 10.754015 153470 1001
1294299565 3664378 59.912259 10.754015 139923 1001
1294299566 3665396 59.912264 10.754015 135498 1018
1294299567 3666397 59.912264 10.754015 103947 1001
1294299568 3667416 59.912264 10.754015 89903 1019
1294299569 3668427 59.91227 10.754036 135985 1011
1294299570 3669437 59.91227 10.754036 155491 1010
1294299571 3670447 59.91227 10.754036 120097 1010
1294299572 3671449 59.91227 10.754036 167995 1002
1294299574 3672576 59.912266 10.754036 146807 1127
1294299575 3673577 59.912266 10.754036 142024 1001
1294299576 3674767 59.912267 10.754057 147998 1190
1294299577 3675776 59.912263 10.754057 123920 1009
1294299578 3676777 59.912263 10.754057 104375 1001
1294299579 3677786 59.912254 10.754057 126773 1009
1294299580 3678796 59.912242 10.754053 148856 1010
1294299581 3679797 59.912242 10.754053 131211 1001
1294299582 3680827 59.912233 10.754053 142489 1029
1294299583 3681997 59.912228 10.754053 167324 1170
1294299584 3683007 59.912228 10.754053 181092 1010
1294299585 3684086 59.912227 10.754057 137975 1079
1294299586 3685087 59.912224 10.754039 164464 1001
1294299587 3686097 59.912212 10.754036 112341 1010
1294299588 3687107 59.912207 10.754036 177434 1009
1294299589 3688116 59.912204 10.754018 160652 1009
1294299590 3689177 59.912204 10.754018 106735 1061
1294299591 3690187 59.912203 10.7540005 149448 1009
1294299592 3691356 59.912202 10.753983 154804 1169
1294299593 3692357 59.912212 10.753969 145667 1001
1294299594 3693367 59.912201 10.753948 150729 1010
1294299595 3694376 59.912201 10.753948 120078 1009
1294299596 3695377 59.912196 10.753948 126342 1001
1294299597 3696467 59.912181 10.753927 129062 1090
1294299599 3697556 59.912181 10.753927 126740 1089
1294299600 3698567 59.912178 10.75391 112211 1011
1294299601 3699576 59.912181 10.753875 90712 1009
1294299602 3700626 59.912181 10.753875 96688 1050
1294299603 3701636 59.912188 10.753839 134718 1010
1294299604 3702647 59.912203 10.753808 122141 1011
1294299605 3703796 59.912203 10.753808 123584 1149
1294299606 3704797 59.912191 10.753766 141332 1001
1294299607 3705806 59.912188 10.753763 99514 1009
1294299608 3706997 59.912182 10.753742 139845 1191
1294299609 3708116 59.912176 10.753721 143350 1118
1294299610 3709216 59.912177 10.753703 133568 1100
1294299611 3710358 59.912171 10.753682 143559 1142
1294299612 3711366 59.91216 10.753623 136737 1007
1294299614 3712546 59.91216 10.753623 132351 1180
1294299615 3713559 59.91215 10.753546 139953 1013
1294299616 3714566 59.912149 10.753525 134377 1007
1294299617 3715736 59.912149 10.753525 164328 1170
1294299618 3716846 59.912149 10.753487 196149 1110
1294299619 3717926 59.91215 10.753469 170183 1080
1294299620 3718927 59.91215 10.753469 199811 1001
1294299621 3719928 59.912144 10.753448 147990 1001
1294299622 3720936 59.912132 10.753445 146905 1008
1294299623 3722016 59.912133 10.753427 148402 1080
1294299624 3723036 59.912133 10.753427 155209 1020
1294299625 3724037 59.91213 10.75341 161034 1001
1294299626 3725116 59.912119 10.753389 134546 1079
1294299627 3726126 59.912121 10.753371 148379 1010
1294299628 3727136 59.912118 10.753354 132093 1010
1294299629 3728138 59.912118 10.753354 140017 1002
1294299630 3729146 59.912127 10.75334 184171 1008
1294299631 3730156 59.912127 10.75334 141632 1010
1294299632 3731166 59.912127 10.75334 95058 1010
1294299633 3732206 59.912142 10.753308 119585 1040
1294299634 3733216 59.912146 10.753308 140803 1010
1294299635 3734217 59.912148 10.75329 133564 1001
1294299636 3735226 59.912157 10.753276 126059 1009
1294299637 3736406 59.912155 10.753255 146860 1180
1294299639 3737597 59.912158 10.75322 143398 1191
1294299639 3738055 59.912158 10.75322 57480 458
