1291898074 5332894 59.853237 10.800896 121668 1056
1291898085 5343621 59.853237 10.800896 16384 10727
1291898086 5344662 59.853237 10.800896 381850 1041
1291898087 5345664 59.853237 10.800896 53330 1002
1291898088 5346682 59.853266 10.800942 136142 1018
1291898089 5347833 59.853295 10.800987 155447 1151
1291898090 5348844 59.853321 10.801014 107138 1011
1291898091 5349845 59.85334 10.801021 168404 1001
1291898092 5351053 59.853392 10.801038 157899 1208
1291898093 5352084 59.853421 10.80103 176181 1031
1291898094 5353285 59.853465 10.801029 145240 1201
1291898095 5354293 59.85351 10.800973 186824 1008
1291898096 5355304 59.853533 10.800944 170866 1011
1291898098 5356635 59.85355 10.800933 156274 1331
1291898099 5357642 59.853563 10.800919 171110 1007
1291898100 5358643 59.853599 10.800877 167762 1001
1291898101 5359773 59.853599 10.800877 134833 1130
1291898102 5360774 59.853628 10.800831 164028 1001
1291898103 5361775 59.853651 10.800802 161111 1001
1291898104 5362783 59.853651 10.800802 167180 1008
1291898105 5363993 59.853678 10.800774 156052 1210
1291898106 5365003 59.853693 10.800742 172407 1009
1291898107 5366233 59.853707 10.800728 165774 1230
1291898108 5367244 59.853722 10.800696 167271 1011
1291898109 5368252 59.853743 10.800686 174761 1008
1291898110 5369303 59.853756 10.800671 107448 1051
1291898111 5370312 59.853776 10.80064 172669 1009
1291898112 5371532 59.853797 10.800629 137310 1220
1291898113 5372533 59.853811 10.800615 170297 1001
1291898115 5373732 59.853855 10.800575 156732 1199
1291898116 5374733 59.853855 10.800575 175689 1001
1291898117 5375883 59.853903 10.800536 145036 1150
1291898118 5376884 59.853924 10.800525 168704 1001
1291898119 5377885 59.853924 10.800525 170519 1001
1291898120 5378893 59.853967 10.800504 163846 1008
1291898121 5379903 59.853991 10.80051 185263 1010
1291898122 5380924 59.853991 10.80051 168315 1021
1291898123 5381925 59.854041 10.800492 173781 1001
1291898124 5382943 59.854067 10.800481 139238 1018
1291898125 5383963 59.854067 10.800481 185322 1020
1291898126 5385043 59.854121 10.800463 119231 1080
1291898127 5386212 59.85415 10.800455 156149 1169
1291898128 5387223 59.854162 10.800459 170432 1011
1291898129 5388224 59.854183 10.800448 170502 1001
1291898130 5389232 59.854205 10.800437 175957 1008
1291898131 5390233 59.854217 10.80044 135397 1001
1291898133 5391613 59.854258 10.800436 175816 1380
1291898134 5392832 59.854258 10.800436 121143 1219
1291898135 5393833 59.854271 10.800422 50616 1001
1291898136 5394852 59.854317 10.800418 41807 1019
1291898137 5396012 59.854317 10.800418 137699 1160
1291898138 5397133 59.854367 10.8004 145473 1121
1291898139 5398142 59.8544 10.800392 142359 1009
1291898140 5399192 59.854433 10.800385 150913 1050
1291898141 5400212 59.854474 10.80038 165619 1020
1291898142 5401213 59.854529 10.800362 176490 1001
1291898143 5402302 59.854584 10.800344 199841 1089
1291898144 5403312 59.854643 10.800325 169600 1010
1291898145 5404322 59.854717 10.800314 153454 1010
1291898146 5405332 59.854793 10.800285 127334 1010
1291898147 5406342 59.854881 10.800259 106517 1010
1291898148 5407482 59.854976 10.800236 111837 1140
1291898149 5408502 59.855084 10.800217 111823 1020
1291898150 5409503 59.855305 10.800161 107382 1001
1291898151 5410512 59.855305 10.800161 118941 1009
1291898153 5411612 59.855426 10.800128 134031 1100
1291898154 5412772 59.855675 10.800082 140925 1160
1291898155 5413862 59.855675 10.800082 126767 1090
1291898156 5414883 59.855939 10.800096 155565 1021
1291898157 5415902 59.856076 10.800122 127661 1019
1291898158 5417092 59.856208 10.800148 148191 1190
1291898159 5418102 59.856344 10.800174 119343 1010
1291898160 5419112 59.856487 10.80022 62889 1010
1291898161 5420121 59.856487 10.80022 94944 1009
1291898162 5421122 59.856765 10.800311 99586 1001
1291898163 5422123 59.8569 10.800354 114777 1001
1291898164 5423141 59.8569 10.800354 99858 1018
1291898165 5424142 59.85718 10.800427 70862 1001
1291898166 5425143 59.85733 10.800439 93070 1001
1291898167 5426151 59.85733 10.800439 75967 1008
1291898168 5427162 59.857612 10.800438 87375 1011
1291898169 5428222 59.857753 10.800411 116694 1060
1291898170 5429292 59.857753 10.800411 71929 1070
1291898171 5430301 59.858033 10.800337 68875 1009
1291898172 5431311 59.85818 10.800293 79980 1010
1291898173 5432312 59.85818 10.800293 96883 1001
1291898174 5433321 59.858465 10.800166 81052 1009
1291898175 5434402 59.858601 10.800101 99099 1081
1291898176 5435411 59.858601 10.800101 133210 1009
1291898177 5436433 59.858886 10.799974 61110 1022
1291898179 5437651 59.859022 10.799909 123752 1218
1291898180 5438652 59.859157 10.799862 108528 1001
1291898181 5439821 59.859416 10.799746 99355 1169
1291898182 5440832 59.859416 10.799746 148438 1011
1291898183 5441852 59.859646 10.799637 103778 1020
1291898184 5442952 59.859749 10.79958 129954 1100
1291898185 5444091 59.859846 10.79954 123921 1139
1291898186 5445301 59.859919 10.799507 133334 1210
1291898187 5446321 59.859982 10.799475 103120 1020
1291898188 5447322 59.859982 10.799475 138587 1001
1291898189 5448324 59.860076 10.799431 108176 1002
1291898190 5449331 59.860097 10.799421 114507 1007
1291898191 5450332 59.860111 10.799406 121540 1001
1291898192 5451351 59.860123 10.79941 128638 1019
1291898194 5452901 59.860125 10.799392 50350 1550
1291898195 5453902 59.860146 10.799381 94620 1001
1291898196 5454911 59.860167 10.799371 108697 1009
1291898197 5455921 59.860167 10.799371 78709 1010
1291898198 5457101 59.860222 10.799352 109552 1180
1291898199 5458102 59.860256 10.799327 104635 1001
1291898200 5459422 59.860291 10.799302 101547 1320
1291898201 5460451 59.860332 10.799298 74394 1029
1291898202 5461461 59.860367 10.799273 141096 1010
1291898203 5462511 59.860402 10.799248 113861 1050
1291898205 5463721 59.860459 10.799195 120333 1210
1291898206 5464722 59.860459 10.799195 144365 1001
1291898207 5465851 59.860517 10.799141 131987 1129
1291898208 5466852 59.860545 10.799134 154954 1001
1291898209 5467931 59.860545 10.799134 130258 1079
1291898210 5469161 59.860623 10.799087 157637 1230
1291898211 5470162 59.860657 10.799062 127096 1001
1291898212 5471179 59.860691 10.799054 132209 1017
1291898213 5472181 59.860726 10.799029 121725 1002
1291898214 5473182 59.860767 10.799025 146678 1001
1291898215 5474191 59.860767 10.799025 144274 1009
1291898216 5475192 59.860836 10.798975 132320 1001
1291898217 5476193 59.860882 10.798971 150122 1001
1291898218 5477203 59.860924 10.798949 130118 1010
1291898219 5478221 59.860971 10.798928 90128 1018
1291898220 5479391 59.861019 10.798888 150142 1170
1291898221 5480481 59.861062 10.798867 152269 1090
1291898222 5481482 59.861116 10.798848 124184 1001
1291898223 5482491 59.861151 10.798823 96298 1009
1291898225 5483711 59.861192 10.798819 106703 1220
1291898226 5484720 59.861269 10.798773 107453 1009
1291898227 5485721 59.861269 10.798773 103421 1001
1291898228 5486731 59.861337 10.79874 96764 1010
1291898229 5487861 59.861378 10.798736 101170 1130
1291898230 5488863 59.861378 10.798736 107031 1002
1291898231 5489881 59.861463 10.798692 118791 1018
1291898232 5490891 59.86151 10.798671 99681 1010
1291898233 5491901 59.86151 10.798671 100995 1010
1291898234 5492962 59.861606 10.798648 95862 1061
1291898235 5494190 59.861651 10.798644 127119 1228
1291898236 5495191 59.861651 10.798644 124737 1001
1291898237 5496290 59.861739 10.798618 90889 1099
1291898238 5497291 59.861772 10.798611 110943 1001
1291898239 5498292 59.861772 10.798611 89598 1001
1291898240 5499301 59.861819 10.798589 100796 1009
1291898241 5500421 59.861836 10.798578 126823 1120
1291898242 5501422 59.861841 10.798578 119141 1001
1291898243 5502431 59.861841 10.798578 120426 1009
1291898244 5503441 59.861841 10.798578 135026 1010
1291898245 5504451 59.861848 10.798582 93182 1010
1291898247 5505554 59.861847 10.798599 106915 1103
1291898248 5506560 59.861847 10.798599 124763 1006
1291898249 5507561 59.861842 10.798599 117516 1001
1291898250 5508591 59.861842 10.798599 120929 1030
1291898251 5509600 59.861842 10.798599 153258 1008
1291898252 5510601 59.861842 10.798599 103817 1001
1291898253 5511640 59.861842 10.798599 113630 1039
1291898254 5512741 59.861842 10.798599 142421 1101
1291898255 5513751 59.861842 10.798599 129681 1010
1291898256 5514870 59.861862 10.798606 64303 1119
1291898257 5515880 59.861862 10.798606 82670 1010
1291898258 5516881 59.861897 10.798581 73872 1001
1291898259 5517890 59.861973 10.798552 37192 1009
1291898260 5518900 59.861973 10.798552 64750 1010
1291898261 5519930 59.862027 10.798533 56088 1030
1291898262 5520940 59.862157 10.798447 52742 1010
1291898263 5521961 59.862157 10.798447 49233 1021
1291898264 5522970 59.862228 10.79838 32832 1009
1291898265 5524401 59.862396 10.798234 18388 1431
1291898266 5525530 59.862396 10.798234 13680 1129
1291898268 5526540 59.862587 10.798059 76334 1010
1291898269 5527555 59.86268 10.797963 67735 1015
1291898270 5529060 59.862777 10.797885 42037 1505
1291898271 5530161 59.862871 10.797789 56088 1101
1291898272 5531181 59.86306 10.797632 93514 1020
1291898273 5532361 59.863148 10.797554 118733 1180
1291898274 5533461 59.86324 10.797475 132299 1100
1291898275 5534470 59.86332 10.797393 122839 1009
1291898276 5535471 59.863414 10.797297 180005 1001
1291898277 5536481 59.863501 10.797181 138942 1010
1291898278 5537490 59.863584 10.797064 144521 1009
1291898279 5538491 59.86375 10.796792 129323 1001
1291898281 5539710 59.86375 10.796792 102522 1219
1291898282 5540711 59.863833 10.796636 95521 1001
1291898283 5541722 59.863983 10.796305 109814 1011
1291898284 5542729 59.863983 10.796305 161818 1007
1291898285 5543740 59.864132 10.795939 114101 1011
1291898286 5544741 59.864204 10.795762 160028 1001
1291898287 5545750 59.864204 10.795762 140256 1009
1291898288 5546761 59.864284 10.79559 134574 1011
1291898289 5547992 59.864439 10.795206 114746 1231
1291898290 5549030 59.864439 10.795206 137952 1038
1291898291 5550150 59.864585 10.794836 138403 1120
1291898292 5551160 59.864664 10.794663 137762 1010
1291898293 5552161 59.864749 10.79449 96090 1001
1291898294 5553260 59.864833 10.794317 120586 1099
1291898295 5554270 59.864934 10.794186 109773 1010
1291898296 5555280 59.865037 10.794038 62954 1010
1291898297 5556282 59.865144 10.793928 76123 1002
1291898298 5557300 59.865263 10.793821 63308 1018
1291898299 5558310 59.865263 10.793821 55552 1010
1291898300 5559319 59.865486 10.793656 63894 1009
1291898301 5560320 59.86559 10.793581 53133 1001
1291898302 5561330 59.86559 10.793581 98839 1010
1291898303 5562480 59.865787 10.793466 95894 1150
1291898305 5563650 59.86587 10.793402 84425 1170
1291898306 5564681 59.86587 10.793402 46512 1031
1291898307 5565700 59.865961 10.793341 32832 1019
1291898308 5566820 59.866108 10.793244 20480 1120
1291898309 5567836 59.866176 10.793212 112062 1016
1291898310 5568850 59.866307 10.793108 95879 1014
1291898311 5569881 59.866307 10.793108 68833 1031
1291898312 5570889 59.866438 10.793022 53480 1008
1291898313 5571930 59.866506 10.79299 45434 1041
1291898314 5573040 59.866506 10.79299 47377 1110
1291898315 5574060 59.866563 10.792936 45144 1020
1291898316 5575110 59.86668 10.792864 26469 1050
1291898317 5576300 59.866736 10.792828 55707 1190
1291898318 5577310 59.866783 10.792807 82608 1009
1291898319 5578319 59.866825 10.792785 130932 1009
1291898320 5579460 59.866851 10.792774 102959 1141
1291898321 5580469 59.866878 10.792746 121626 1008
1291898322 5581481 59.866898 10.792753 96743 1012
1291898324 5582681 59.866907 10.792738 95148 1200
1291898325 5583700 59.866911 10.792738 106592 1019
1291898326 5584710 59.866911 10.792738 124017 1010
1291898327 5585820 59.866911 10.792738 111091 1110
1291898328 5586829 59.866917 10.792721 113235 1008
1291898329 5587990 59.866917 10.792721 90393 1161
1291898330 5589001 59.866917 10.792721 116700 1011
1291898331 5590009 59.866917 10.792721 132225 1008
1291898332 5591010 59.866917 10.792721 149558 1001
1291898333 5592019 59.866925 10.792724 129848 1008
1291898334 5593021 59.866929 10.792724 134044 1002
1291898335 5594039 59.866929 10.792724 106846 1018
1291898336 5595129 59.866938 10.79271 54475 1090
1291898337 5596149 59.866952 10.792696 77541 1020
1291898338 5597159 59.866952 10.792696 75907 1010
1291898339 5598179 59.866985 10.792688 53352 1020
1291898340 5599189 59.867075 10.792645 23510 1010
1291898341 5600260 59.867131 10.792609 48093 1071
1291898342 5601329 59.867193 10.792594 32832 1069
1291898343 5602379 59.867261 10.792561 21888 1050
1291898345 5603579 59.867261 10.792561 9296 1200
1291898346 5604820 59.867337 10.792532 8208 1241
1291898347 5605839 59.867414 10.792485 10944 1019
1291898348 5607019 59.86749 10.792456 10944 1180
1291898349 5608159 59.86749 10.792456 15048 1140
1291898350 5609169 59.867571 10.79241 6840 1010
1291898351 5610360 59.867656 10.792366 4104 1191
1291898353 5611819 59.867732 10.792337 2622 1459
1291898355 5613859 59.867802 10.792287 4104 2040
1291898357 5615628 59.867946 10.792225 56701 1769
1291898358 5616919 59.868009 10.792193 65769 1291
1291898359 5618079 59.868076 10.792178 58824 1160
1291898360 5619089 59.868144 10.792145 66132 1010
1291898361 5620109 59.868285 10.792066 28597 1020
1291898362 5621126 59.868367 10.792019 66490 1017
1291898363 5622209 59.868545 10.791932 35557 1083
1291898364 5623248 59.86865 10.791895 42408 1039
1291898365 5624249 59.868753 10.791838 29972 1001
1291898366 5625269 59.868862 10.791801 36936 1020
1291898367 5626369 59.868972 10.791747 29011 1100
1291898368 5627439 59.869075 10.791689 30096 1070
1291898370 5628609 59.869186 10.791635 27328 1170
1291898371 5629629 59.869296 10.791581 60014 1020
1291898372 5630649 59.86953 10.791476 66386 1020
1291898373 5631679 59.869652 10.791425 52454 1030
1291898374 5632689 59.869892 10.791302 71620 1010
1291898375 5633819 59.870126 10.791179 73593 1130
1291898376 5634839 59.870238 10.791108 99864 1020
1291898377 5635889 59.870341 10.79105 37918 1050
1291898378 5636898 59.870441 10.790975 31464 1009
1291898379 5637929 59.870546 10.7909 16416 1031
1291898380 5638968 59.87063 10.790818 13511 1039
1291898381 5639989 59.870721 10.790757 43776 1021
1291898382 5640999 59.87086 10.790657 40866 1010
1291898383 5642038 59.87086 10.790657 50407 1039
1291898384 5643048 59.870958 10.790561 40843 1010
1291898385 5644068 59.871001 10.790539 45245 1019
1291898386 5645080 59.871001 10.790539 46021 1012
1291898387 5646088 59.871051 10.790482 31223 1008
1291898388 5647098 59.871064 10.790468 44345 1010
1291898389 5648369 59.871064 10.790468 46512 1271
1291898390 5649388 59.871072 10.790471 28302 1018
1291898391 5650399 59.871076 10.790471 38304 1011
1291898392 5651428 59.871076 10.790471 39672 1029
1291898393 5652448 59.871076 10.790471 28792 1020
1291898394 5653468 59.871076 10.790471 39672 1020
1291898395 5654478 59.871076 10.790471 41040 1010
1291898396 5655488 59.871084 10.790475 27591 1010
1291898398 5656679 59.871084 10.790475 30442 1191
1291898399 5657688 59.871084 10.790475 34200 1009
1291898400 5658719 59.871084 10.790475 26368 1031
1291898401 5659739 59.871084 10.790475 28728 1020
1291898402 5660818 59.871084 10.790475 21888 1079
1291898403 5662338 59.871081 10.790471 48447 1520
1291898404 5663348 59.871081 10.790471 38304 1010
1291898405 5664368 59.871081 10.790471 45084 1020
1291898406 5665418 59.871081 10.790471 30264 1050
1291898407 5666433 59.871081 10.790471 30096 1015
1291898408 5667468 59.871081 10.790471 38304 1035
1291898409 5668488 59.871088 10.790475 31464 1020
1291898410 5669518 59.871123 10.79045 16941 1030
1291898411 5670528 59.871123 10.79045 62928 1010
1291898412 5671538 59.871206 10.790385 59383 1010
1291898414 5672558 59.871256 10.790329 51966 1020
1291898415 5673608 59.871391 10.790228 67846 1050
1291898416 5674609 59.87147 10.790164 79460 1001
1291898417 5675628 59.871554 10.790082 101840 1019
1291898418 5676638 59.871739 10.789925 81315 1010
1291898419 5677759 59.871739 10.789925 130951 1121
1291898420 5678768 59.87195 10.78974 122197 1009
1291898421 5679828 59.872058 10.78963 111935 1060
1291898422 5680848 59.872058 10.78963 120861 1020
1291898423 5681918 59.872295 10.789434 59634 1070
1291898424 5682928 59.872422 10.78933 69785 1010
1291898425 5683948 59.872422 10.78933 65594 1020
1291898426 5684958 59.87267 10.789102 86100 1010
1291898427 5685978 59.872803 10.788981 53663 1020
1291898428 5687029 59.872803 10.788981 71439 1051
1291898429 5688048 59.87293 10.788878 49248 1019
1291898430 5689128 59.873172 10.788667 24336 1080
1291898431 5690138 59.873172 10.788667 68400 1010
1291898432 5691158 59.873406 10.788453 64020 1020
1291898433 5692168 59.873526 10.788346 43957 1010
1291898434 5693218 59.873526 10.788346 36936 1050
1291898435 5694248 59.873639 10.788257 35568 1030
1291898436 5695307 59.87386 10.788058 24148 1059
1291898443 5701687 59.87386 10.788058 17752 6380
1291898444 5702697 59.87407 10.78789 87270 1010
1291898445 5703718 59.874162 10.787811 25992 1021
1291898446 5704728 59.874162 10.787811 25992 1010
1291898447 5705918 59.874267 10.787736 17784 1190
1291898449 5707759 59.874436 10.787611 17098 1841
1291898450 5708938 59.874436 10.787611 36864 1179
1291898451 5709959 59.87458 10.787511 39291 1021
1291898452 5710968 59.874637 10.787457 67227 1009
1291898453 5712018 59.874715 10.78741 52502 1050
1291898454 5713279 59.874745 10.787385 87299 1261
1291898455 5714448 59.874771 10.787375 77876 1169
1291898457 5715768 59.874772 10.787357 75136 1320
1291898458 5716778 59.87478 10.78736 134743 1010
1291898459 5717788 59.87478 10.78736 105411 1010
1291898460 5718868 59.874775 10.78736 130336 1080
1291898461 5720000 59.874775 10.78736 138872 1132
1291898462 5721037 59.874775 10.78736 77085 1037
1291898463 5722057 59.874784 10.787346 65287 1020
1291898464 5723087 59.874784 10.787346 50616 1030
1291898465 5724103 59.874827 10.787324 37182 1016
1291898466 5725108 59.874871 10.787285 39672 1005
1291898467 5726117 59.874871 10.787285 16043 1009
1291898468 5727127 59.874918 10.787263 23256 1010
1291898469 5728227 59.874983 10.787213 24624 1100
1291898470 5729407 59.875051 10.787181 11938 1180
1291898471 5730467 59.875128 10.787134 20520 1060
1291898472 5731537 59.87521 10.787087 24624 1070
1291898474 5732557 59.875299 10.787044 16310 1020
1291898475 5733577 59.87539 10.786983 34200 1020
1291898476 5734597 59.875576 10.786899 25471 1020
1291898477 5735628 59.875576 10.786899 34200 1031
1291898478 5736647 59.875767 10.786816 26000 1019
1291898479 5737657 59.87587 10.786758 34200 1010
1291898480 5738667 59.87598 10.786704 23121 1010
1291898481 5739708 59.876082 10.786664 38304 1041
1291898482 5740747 59.876192 10.78661 24063 1038
1291898483 5741777 59.876192 10.78661 28728 1030
1291898484 5742787 59.876303 10.786555 30096 1010
1291898485 5743807 59.876536 10.78645 25258 1020
1291898486 5744827 59.876536 10.78645 36936 1020
1291898487 5745897 59.876775 10.786327 26327 1070
1291898488 5746927 59.876906 10.78628 35568 1030
1291898489 5747957 59.87703 10.786211 28397 1030
1291898490 5748967 59.877153 10.78616 32832 1010
1291898491 5749987 59.877289 10.786095 25796 1020
1291898492 5751007 59.877412 10.786044 39672 1020
1291898493 5752047 59.877654 10.785925 33095 1040
1291898494 5753066 59.877654 10.785925 30096 1019
1291898495 5754107 59.877777 10.785874 27360 1041
1291898496 5755277 59.878014 10.785769 11617 1170
1291898497 5756317 59.878014 10.785769 31464 1040
1291898498 5757357 59.878138 10.7857 30096 1040
1291898499 5758376 59.878369 10.785592 17372 1019
1291898500 5759427 59.878369 10.785592 30096 1051
1291898501 5760507 59.878478 10.785555 30096 1080
1291898503 5761847 59.878588 10.785501 5472 1340
1291898510 5768666 59.878703 10.785446 6799 6819
1291898511 5770328 59.878814 10.785392 1126 1662
1291898512 5771428 59.879026 10.785298 175285 1100
1291898513 5772429 59.879327 10.78516 162765 1001
1291898514 5773438 59.879492 10.785087 168274 1009
1291898515 5774448 59.879641 10.785025 163936 1009
1291898517 5775578 59.879841 10.784928 145619 1130
1291898518 5776587 59.879985 10.784866 176592 1008
1291898519 5777668 59.880133 10.784804 122977 1081
1291898520 5778678 59.880201 10.784771 84652 1010
1291898521 5779688 59.880201 10.784771 130484 1010
1291898522 5780689 59.880281 10.784742 106633 1001
1291898523 5781768 59.880425 10.78468 140754 1079
1291898524 5782818 59.880425 10.78468 159991 1050
1291898525 5783820 59.88054 10.784626 175769 1002
1291898526 5784838 59.880595 10.784608 174928 1018
1291898527 5786038 59.880595 10.784608 155334 1200
1291898528 5787039 59.880692 10.784568 150936 1001
1291898529 5788048 59.880748 10.784532 189248 1009
1291898530 5789049 59.880748 10.784532 127836 1001
1291898531 5790058 59.880849 10.784492 163242 1009
1291898532 5791098 59.880904 10.784473 75665 1040
1291898533 5792238 59.880964 10.784437 133055 1140
1291898534 5793347 59.881019 10.784419 145309 1109
1291898535 5794518 59.881061 10.784397 147785 1171
1291898536 5795528 59.881116 10.784379 154122 1010
1291898537 5796537 59.881205 10.784335 116144 1009
1291898539 5797550 59.881205 10.784335 116095 1013
1291898540 5798568 59.881252 10.784314 131019 1018
1291898541 5799569 59.881354 10.784274 134696 1001
1291898542 5800688 59.881354 10.784274 105767 1119
1291898543 5801718 59.881444 10.784213 111148 1030
1291898544 5802838 59.881493 10.784173 124355 1120
1291898545 5803999 59.881493 10.784173 128587 1161
1291898546 5805000 59.881579 10.784112 202085 1001
1291898547 5806008 59.881614 10.784087 146724 1008
1291898548 5807018 59.881614 10.784087 127716 1010
1291898549 5808249 59.881683 10.784037 139734 1231
1291898550 5809297 59.88172 10.783995 170056 1048
1291898551 5810298 59.881762 10.783973 148766 1001
1291898552 5811308 59.881806 10.783934 162324 1010
1291898553 5812317 59.881842 10.783891 159748 1009
1291898554 5813528 59.881934 10.783813 155737 1211
1291898555 5814529 59.881971 10.78377 143449 1001
1291898557 5815647 59.881971 10.78377 138641 1118
1291898558 5816737 59.882049 10.783706 147286 1090
1291898559 5817757 59.882087 10.783645 143217 1020
1291898560 5818928 59.882087 10.783645 151760 1171
1291898561 5820097 59.882167 10.783564 144851 1169
1291898562 5821107 59.882194 10.783535 125704 1010
1291898563 5822297 59.882208 10.783521 150725 1190
1291898564 5823298 59.882222 10.783507 131434 1001
1291898565 5824317 59.882222 10.783507 129350 1019
1291898566 5825318 59.882228 10.783489 142443 1001
1291898567 5826328 59.882228 10.783489 173635 1010
1291898569 5827550 59.882228 10.783489 156800 1222
1291898570 5828558 59.882228 10.783489 169413 1008
1291898571 5829728 59.882232 10.783489 147882 1170
1291898572 5830948 59.882232 10.783489 111675 1220
1291898573 5832238 59.882232 10.783489 149811 1289
1291898574 5833247 59.882232 10.783489 132791 1009
1291898575 5834327 59.882232 10.783489 171924 1080
1291898576 5835497 59.882246 10.783475 169638 1170
1291898577 5836499 59.882246 10.783475 167012 1002
1291898578 5837516 59.882255 10.783461 165483 1017
1291898580 5838669 59.882305 10.783404 137910 1153
1291898581 5839677 59.882305 10.783404 148592 1008
1291898582 5840829 59.882329 10.783358 108084 1152
1291898583 5841877 59.882425 10.783227 153008 1048
1291898584 5842977 59.882425 10.783227 152587 1100
1291898585 5843987 59.882544 10.783067 140774 1010
1291898586 5845077 59.882617 10.782982 121057 1090
1291898587 5846097 59.882617 10.782982 164991 1020
1291898588 5847117 59.882754 10.782808 131447 1020
1291898589 5848118 59.882827 10.782723 137366 1001
1291898590 5849287 59.882893 10.782617 122658 1169
1291898591 5850357 59.88297 10.782532 160012 1070
1291898592 5851377 59.883058 10.782415 160845 1020
1291898594 5852557 59.883145 10.782298 166376 1180
1291898595 5853747 59.883334 10.78205 162128 1190
1291898596 5855077 59.883334 10.78205 145240 1330
1291898597 5856087 59.883538 10.78177 140480 1010
1291898598 5857116 59.883639 10.781639 67921 1029
1291898599 5858117 59.883639 10.781639 100802 1001
1291898600 5859326 59.883842 10.781359 96874 1209
1291898601 5860426 59.883933 10.781207 72522 1100
1291898602 5861476 59.884037 10.781041 96932 1050
1291898603 5862477 59.884133 10.780871 78859 1001
1291898604 5863536 59.884224 10.780719 87733 1059
1291898606 5864626 59.884317 10.780532 93303 1090
1291898607 5865636 59.884413 10.780362 105336 1010
1291898608 5866807 59.884498 10.780189 68228 1171
1291898609 5867996 59.884681 10.77985 91771 1189
1291898610 5869178 59.884766 10.779677 145945 1182
1291898611 5870197 59.884766 10.779677 128072 1019
1291898612 5871206 59.884936 10.779352 87660 1009
1291898613 5872216 59.88502 10.779218 93946 1010
1291898614 5873247 59.88502 10.779218 98259 1031
1291898615 5874256 59.885168 10.778921 60457 1009
1291898616 5875417 59.885245 10.778783 73595 1161
1291898617 5876427 59.885245 10.778783 76295 1010
1291898618 5877446 59.885385 10.778522 53627 1019
1291898619 5878476 59.885461 10.778384 31464 1030
1291898620 5879486 59.885461 10.778384 13680 1010
1291898621 5880506 59.885531 10.778243 23256 1020
1291898622 5881526 59.885648 10.777919 42729 1020
1291898624 5882546 59.885694 10.777753 65235 1020
1291898625 5883656 59.885752 10.777409 151137 1110
1291898626 5884676 59.885752 10.777409 66708 1020
1291898627 5885696 59.885766 10.777234 108141 1020
1291898628 5886708 59.885765 10.776908 87921 1012
1291898629 5887726 59.885765 10.776908 121344 1018
1291898630 5888897 59.885763 10.776599 121624 1171
1291898631 5889916 59.885762 10.776456 107238 1019
1291898632 5891026 59.885762 10.776456 84388 1110
1291898633 5892066 59.885758 10.776127 68909 1040
1291898634 5893076 59.885759 10.775965 93400 1010
1291898635 5894096 59.885759 10.775965 114496 1020
1291898636 5895106 59.885784 10.775611 136028 1010
1291898637 5896107 59.885811 10.775439 114981 1001
1291898638 5897108 59.885838 10.775267 115731 1001
1291898639 5898116 59.885875 10.775116 144888 1008
1291898640 5899126 59.885897 10.774996 51237 1010
1291898641 5900315 59.885932 10.77488 105555 1189
1291898642 5901386 59.885953 10.774778 139462 1070
1291898643 5902396 59.885971 10.774711 144720 1010
1291898644 5903536 59.886002 10.77463 137197 1140
1291898646 5904546 59.886004 10.774613 143482 1010
1291898647 5905551 59.886004 10.774613 158136 1005
1291898648 5906556 59.886005 10.774595 99320 1005
1291898649 5907566 59.886005 10.774595 155398 1010
1291898650 5908708 59.886005 10.774595 135018 1142
1291898651 5909997 59.886006 10.774578 84209 1289
1291898652 5911006 59.886011 10.774578 131376 1009
1291898653 5912216 59.886011 10.774578 160635 1210
1291898654 5913226 59.886017 10.77456 178809 1010
1291898655 5914236 59.886014 10.774557 131961 1010
1291898656 5915237 59.886018 10.774557 144274 1001
1291898657 5916245 59.886024 10.774539 108338 1008
1291898658 5917246 59.88603 10.774522 109727 1001
1291898659 5918247 59.88603 10.774522 150361 1001
1291898660 5919286 59.886057 10.774402 154022 1039
1291898661 5920287 59.886081 10.774318 146677 1001
1291898664 5923226 59.886081 10.774318 53626 2939
1291898665 5924285 59.886141 10.7741 66639 1059
1291898666 5925295 59.886175 10.773984 19152 1010
1291898668 5926575 59.886223 10.773853 46422 1280
1291898669 5927595 59.88627 10.773741 23256 1020
1291898670 5928615 59.886318 10.77361 15048 1020
1291898671 5929625 59.886318 10.77361 16416 1010
1291898672 5930626 59.886429 10.773356 12642 1001
1291898673 5931676 59.886552 10.773106 151511 1050
1291898674 5932696 59.886695 10.772862 75742 1020
1291898675 5933837 59.886759 10.772738 70024 1141
1291898676 5934848 59.88692 10.772518 209397 1011
1291898677 5936046 59.88692 10.772518 167312 1198
1291898678 5937047 59.887089 10.772302 204482 1001
1291898679 5938056 59.887175 10.772202 195899 1009
1291898680 5939057 59.887175 10.772202 155162 1001
1291898681 5940066 59.887349 10.771986 169449 1009
1291898682 5941075 59.887435 10.771886 122839 1009
1291898683 5942188 59.887521 10.771787 141843 1113
1291898684 5943235 59.887607 10.771687 153560 1047
1291898685 5944276 59.887689 10.771588 136562 1041
1291898686 5945286 59.887761 10.771503 117845 1010
1291898687 5946376 59.887826 10.771414 146717 1090
1291898688 5947446 59.887897 10.771346 136449 1070
1291898689 5948455 59.887956 10.771275 145061 1009
1291898690 5949516 59.88808 10.771116 138354 1061
1291898691 5950517 59.88808 10.771116 144449 1001
1291898692 5951526 59.888139 10.771045 174719 1009
1291898694 5952746 59.888256 10.770903 184157 1220
1291898695 5953755 59.888256 10.770903 158859 1009
1291898696 5954756 59.888356 10.770789 164622 1001
1291898697 5955807 59.888415 10.770718 178906 1051
1291898698 5956815 59.888415 10.770718 180736 1008
1291898699 5957975 59.888539 10.770558 106742 1160
1291898700 5959047 59.888611 10.770473 157718 1072
1291898701 5960048 59.888611 10.770473 197817 1001
1291898702 5961056 59.888773 10.770253 172778 1008
1291898703 5962065 59.888856 10.770136 56047 1009
1291898704 5963226 59.888939 10.770019 152537 1161
1291898705 5964395 59.889026 10.769902 163712 1169
1291898706 5965466 59.889115 10.769768 165404 1070
1291898707 5966467 59.889212 10.769636 144217 1001
1291898709 5967615 59.889414 10.76936 146067 1148
1291898710 5968815 59.889414 10.76936 156178 1200
1291898711 5969955 59.889616 10.769083 144343 1140
1291898712 5971125 59.889726 10.768938 159258 1170
1291898713 5972325 59.889832 10.768792 163529 1200
1291898715 5973548 59.890043 10.768501 163131 1223
1291898716 5974555 59.890043 10.768501 156193 1007
1291898717 5975556 59.890149 10.768356 132008 1001
1291898718 5976565 59.890366 10.768048 138570 1009
1291898719 5977575 59.890366 10.768048 117992 1010
1291898720 5978586 59.890472 10.767902 215345 1011
1291898721 5979675 59.89067 10.767625 168885 1089
1291898722 5980676 59.89067 10.767625 156368 1001
1291898723 5981686 59.890766 10.767494 136562 1010
1291898724 5982695 59.890962 10.767197 135663 1009
1291898725 5983855 59.890962 10.767197 129985 1160
1291898726 5984856 59.891154 10.766861 157693 1001
1291898727 5985857 59.891234 10.766688 142733 1001
1291898728 5986894 59.891234 10.766688 171063 1037
1291898729 5987895 59.89139 10.766324 191901 1001
1291898730 5988985 59.891471 10.766134 165045 1090
1291898731 5990075 59.891543 10.765957 126821 1090
1291898732 5991305 59.891619 10.765784 219575 1229
1291898733 5992306 59.8917 10.765594 194578 1001
1291898734 5993315 59.891773 10.7654 150714 1009
1291898735 5994386 59.891854 10.765209 142996 1071
1291898737 5995635 59.891928 10.765015 150397 1249
1291898738 5996644 59.892009 10.764825 182649 1009
1291898739 5997709 59.892196 10.76445 114722 1065
1291898740 5998726 59.892196 10.76445 139884 1017
1291898741 5999735 59.892288 10.764281 133452 1009
1291898742 6000945 59.8925 10.763934 126140 1210
1291898743 6001985 59.8925 10.763934 113239 1040
1291898744 6003095 59.892714 10.763608 132673 1109
1291898745 6004105 59.892814 10.763441 137611 1010
1291898746 6005106 59.892814 10.763441 149857 1001
1291898747 6006115 59.893027 10.763133 145597 1009
1291898748 6007125 59.893134 10.76297 156441 1010
1291898749 6008215 59.893244 10.762824 144514 1090
1291898750 6009224 59.89335 10.762679 101028 1009
1291898751 6010225 59.893461 10.762554 145296 1001
1291898752 6011234 59.893578 10.76243 126856 1009
1291898753 6012264 59.893688 10.762323 137452 1030
1291898754 6013274 59.893809 10.762237 134993 1010
1291898755 6014275 59.893944 10.762136 130294 1001
1291898757 6015554 59.894195 10.762002 127450 1279
1291898758 6016635 59.894195 10.762002 113250 1081
1291898759 6017714 59.894448 10.761904 129918 1079
1291898760 6018834 59.894577 10.761873 142015 1120
1291898761 6019846 59.894577 10.761873 101299 1012
1291898762 6020994 59.894824 10.761792 83577 1148
1291898763 6021995 59.894933 10.761755 75040 1001
1291898764 6023034 59.894933 10.761755 48395 1039
1291898765 6024204 59.895161 10.761706 49263 1170
1291898766 6025234 59.89527 10.761669 38304 1030
1291898767 6026264 59.895387 10.761635 18826 1030
1291898769 6028054 59.895499 10.761602 30096 1790
1291898770 6029084 59.895616 10.761568 59607 1030
1291898771 6030094 59.895864 10.76147 59273 1010
1291898772 6031104 59.895982 10.761419 88416 1010
1291898773 6032114 59.895982 10.761419 99894 1010
1291898774 6033304 59.896215 10.761261 66982 1190
1291898775 6034314 59.896327 10.761189 63059 1010
1291898776 6035324 59.896327 10.761189 86184 1010
1291898777 6036325 59.896551 10.761045 74740 1001
1291898778 6037326 59.896651 10.760969 94972 1001
1291898779 6038444 59.896737 10.760908 110157 1118
1291898780 6039474 59.896836 10.760851 102246 1030
1291898781 6040484 59.896927 10.76079 86065 1010
1291898782 6041494 59.896927 10.76079 64903 1010
1291898783 6042514 59.89709 10.760682 51204 1020
1291898784 6043524 59.89716 10.760631 46512 1010
1291898786 6044554 59.897225 10.760581 35135 1030
1291898787 6045594 59.897288 10.760549 43776 1040
1291898788 6046683 59.897331 10.760527 29426 1089
1291898789 6047708 59.897331 10.760527 31464 1025
1291898790 6048754 59.897375 10.760487 30096 1045
1291898791 6049763 59.89745 10.760458 20334 1009
1291898792 6050784 59.89745 10.760458 27360 1021
1291898793 6051804 59.897481 10.760433 30096 1020
1291898794 6052844 59.897546 10.760383 24196 1040
1291898795 6053854 59.897546 10.760383 34200 1010
1291898796 6054864 59.897576 10.760358 36936 1010
1291898797 6055894 59.89763 10.760287 26418 1030
1291898798 6056974 59.897652 10.760276 59004 1080
1291898799 6058004 59.897661 10.760262 56088 1030
1291898800 6059014 59.897664 10.760265 60725 1010
1291898801 6060034 59.897672 10.760268 52331 1020
1291898802 6061043 59.897675 10.760272 67077 1009
1291898803 6062053 59.897675 10.760272 66492 1010
1291898804 6063064 59.897664 10.760289 56492 1011
1291898805 6064104 59.89766 10.760289 38499 1040
1291898806 6065133 59.89766 10.760289 56088 1029
1291898807 6066144 59.897654 10.760307 45220 1011
1291898808 6067183 59.897649 10.760307 42619 1039
1291898809 6068193 59.897649 10.760307 82080 1010
1291898810 6069254 59.897636 10.760321 78976 1061
1291898811 6070264 59.897631 10.760321 99043 1010
1291898812 6071283 59.897631 10.760321 108042 1019
1291898813 6072293 59.897646 10.760289 76874 1010
1291898814 6073313 59.897654 10.760254 57904 1020
1291898815 6074323 59.89767 10.760205 62601 1010
1291898816 6075454 59.897702 10.760124 97499 1131
1291898817 6076473 59.897724 10.760057 69768 1019
1291898818 6077493 59.897748 10.759972 63886 1020
1291898819 6078494 59.897791 10.759804 99916 1001
1291898820 6079513 59.897791 10.759804 82219 1019
1291898821 6080533 59.897807 10.759716 41449 1020
1291898823 6081543 59.897825 10.759649 34200 1010
1291898824 6082544 59.897845 10.759564 19152 1001
1291898826 6084713 59.897845 10.759564 20420 2169
1291898827 6085714 59.897869 10.75948 6840 1001
1291898828 6086724 59.897896 10.759399 24624 1010
1291898830 6088630 59.897927 10.759318 16384 1906
1291898831 6089813 59.897971 10.75924 15129 1183
1291898832 6090854 59.898001 10.759177 15048 1041
1291898833 6091913 59.898038 10.759116 19152 1059
1291898834 6092963 59.898038 10.759116 25992 1050
1291898835 6093993 59.898111 10.759031 19711 1030
1291898836 6095063 59.898146 10.759006 32832 1070
1291898837 6096363 59.898146 10.759006 13680 1300
1291898838 6097393 59.898237 10.758983 11891 1030
1291898839 6098413 59.898282 10.758979 28728 1020
1291898840 6099415 59.898282 10.758979 25992 1002
1291898841 6100453 59.89839 10.758998 23591 1038
1291898843 6101703 59.898443 10.758997 40489 1250
1291898844 6102733 59.898507 10.759017 43776 1030
1291898845 6103763 59.898633 10.759061 37938 1030
1291898846 6104903 59.898698 10.759063 40925 1140
1291898847 6105911 59.898764 10.759066 32832 1008
1291898848 6107053 59.898818 10.759047 34693 1142
1291898849 6108073 59.898885 10.759032 50616 1020
1291898850 6109103 59.899 10.758978 26235 1030
1291898861 6120049 59.899 10.758978 15048 10946
1291898862 6121109 59.899054 10.758959 5472 1060
1291898863 6122448 59.89911 10.758923 4104 1339
1291898868 6127051 59.899162 10.758902 2736 4603
1291898869 6128334 59.899162 10.758902 5472 1283
1291898871 6130374 59.899282 10.758886 19646 2040
1291898872 6131477 59.899335 10.758885 13680 1103
1291898874 6132654 59.899335 10.758885 16416 1177
1291898875 6133813 59.899399 10.758905 23256 1159
1291898876 6135090 59.899514 10.75898 12214 1277
1291898877 6136271 59.899514 10.75898 20520 1181
1291898878 6137333 59.899558 10.759032 23256 1062
1291898879 6138413 59.899613 10.759104 20520 1080
1291898880 6139469 59.899664 10.759177 13904 1056
1291898881 6140470 59.899711 10.759246 20520 1001
1291898882 6141490 59.899761 10.759319 20520 1020
1291898890 6148995 59.899815 10.759409 17320 7505
1291898891 6150065 59.899922 10.759628 78742 1070
1291898892 6151075 59.900022 10.759882 161544 1010
1291898893 6152235 59.900147 10.760272 202548 1160
1291898894 6153255 59.900205 10.760531 144384 1020
1291898895 6154446 59.900289 10.760925 173531 1191
1291898896 6155447 59.90036 10.761278 229921 1001
1291898898 6156626 59.900447 10.761637 264044 1179
1291898899 6157645 59.900534 10.761996 160549 1019
1291898900 6158654 59.9006 10.762258 90930 1009
1291898901 6159664 59.900626 10.762376 131945 1010
1291898902 6160665 59.900673 10.762631 70917 1001
1291898903 6161695 59.900686 10.762764 87132 1030
1291898904 6162708 59.900736 10.763166 137292 1013
1291898905 6163725 59.900771 10.763418 97473 1016
1291898906 6164765 59.900783 10.763551 67116 1040
1291898907 6165774 59.900801 10.763684 83448 1009
1291898908 6166825 59.900826 10.763911 63298 1051
1291898909 6167835 59.900886 10.764243 134012 1010
1291898910 6168845 59.900931 10.764347 152325 1010
1291898911 6169846 59.901015 10.764556 120876 1001
1291898912 6170995 59.901153 10.764855 161269 1149
1291898913 6172005 59.901282 10.765207 139633 1010
1291898914 6173025 59.901384 10.76544 126724 1020
1291898915 6174094 59.901481 10.765691 130022 1069
1291898916 6175095 59.901546 10.765931 117076 1001
1291898917 6176104 59.901546 10.765931 100470 1009
1291898918 6177110 59.901611 10.766172 112492 1006
1291898919 6178114 59.901631 10.76627 74374 1004
1291898920 6179224 59.901654 10.766371 147256 1110
1291898921 6180235 59.901676 10.766451 163193 1011
1291898922 6181246 59.901705 10.766535 194814 1011
1291898923 6182304 59.901716 10.766594 124390 1058
1291898924 6183305 59.901733 10.766674 153975 1001
1291898925 6184424 59.901754 10.766755 124985 1119
1291898926 6185434 59.901776 10.766835 156997 1009
1291898927 6186484 59.901807 10.766901 72407 1050
1291898929 6187586 59.901836 10.766984 125273 1102
1291898930 6188684 59.9019 10.767134 130478 1098
1291898931 6189825 59.901931 10.7672 135775 1141
1291898932 6191054 59.901931 10.7672 146708 1229
1291898933 6192189 59.902022 10.767321 239030 1135
1291898934 6193195 59.902068 10.767355 251848 1006
1291898935 6194196 59.902114 10.76739 175181 1001
1291898936 6195294 59.902164 10.767424 254496 1098
1291898937 6196476 59.902217 10.767461 264723 1182
1291898938 6197486 59.902275 10.767499 228047 1010
1291898939 6198525 59.9024 10.76756 124714 1039
1291898941 6199565 59.9024 10.76756 166610 1040
1291898942 6200585 59.902459 10.76758 169515 1020
1291898943 6202045 59.902553 10.767575 134171 1460
1291898944 6203046 59.902593 10.767588 186739 1001
1291898945 6204047 59.902634 10.767584 219018 1001
1291898946 6205145 59.902675 10.76758 189881 1098
1291898947 6206146 59.902714 10.767593 228214 1001
1291898948 6207194 59.90276 10.767589 142353 1048
1291898949 6208375 59.902801 10.767585 157106 1181
1291898950 6209394 59.902845 10.767598 159497 1019
1291898951 6210395 59.902886 10.767594 155424 1001
1291898952 6211484 59.902931 10.76759 225350 1089
1291898954 6212625 59.903012 10.767599 260681 1141
1291898955 6213794 59.903037 10.767588 258647 1169
1291898956 6214795 59.903037 10.767588 241838 1001
1291898957 6215804 59.903081 10.767601 199573 1009
1291898958 6216806 59.903081 10.767601 170364 1002
1291898959 6217814 59.903081 10.767601 215619 1008
1291898960 6218834 59.903086 10.767601 214622 1020
1291898961 6219844 59.90309 10.767601 312669 1010
1291898962 6220895 59.90309 10.767601 185531 1051
1291898963 6221898 59.903092 10.767598 230635 1002
1291898964 6222904 59.903096 10.767598 243212 1006
1291898965 6224084 59.903093 10.767595 249457 1180
1291898966 6225086 59.90309 10.767591 243029 1001
1291898967 6226254 59.903099 10.767591 265832 1168
1291898968 6227255 59.903096 10.767588 251731 1001
1291898969 6228395 59.903093 10.767585 228759 1140
1291898971 6229684 59.903097 10.767585 186987 1289
1291898972 6230685 59.903112 10.767567 198273 1001
1291898973 6231734 59.903135 10.767553 277043 1049
1291898974 6232836 59.903135 10.767553 257400 1101
1291898975 6233914 59.903198 10.767535 222785 1078
1291898976 6234945 59.903256 10.767534 157092 1031
1291898977 6235946 59.903256 10.767534 150251 1001
1291898978 6236964 59.903371 10.767532 168565 1018
1291898979 6237965 59.903424 10.767531 165534 1001
1291898980 6239094 59.90347 10.767527 170376 1129
1291898981 6240185 59.903518 10.767526 144824 1091
1291898982 6241187 59.903571 10.767525 139922 1002
1291898983 6242188 59.903621 10.767507 145654 1001
1291898984 6243374 59.903671 10.767488 157767 1186
1291898985 6244375 59.903715 10.767449 156782 1001
1291898986 6245430 59.903756 10.767392 148961 1055
1291898987 6246434 59.903797 10.767335 194078 1004
1291898988 6247444 59.903842 10.767278 210611 1010
1291898989 6248493 59.903888 10.767222 138977 1049
1291898990 6249494 59.903966 10.767105 194617 1001
1291898992 6250683 59.903966 10.767105 160315 1189
1291898993 6251883 59.904057 10.766991 130996 1200
1291898994 6252994 59.904101 10.766951 126297 1111
1291898995 6254003 59.904101 10.766951 128027 1009
1291898996 6255004 59.904207 10.766897 144080 1001
1291898997 6256013 59.904267 10.7669 159057 1009
1291898998 6257023 59.904267 10.7669 149219 1010
1291898999 6258204 59.904415 10.766985 159725 1181
1291899000 6259213 59.9045 10.767032 149393 1009
1291899001 6260214 59.904584 10.767098 171844 1001
1291899002 6261443 59.904666 10.767142 174166 1229
1291899004 6262544 59.904751 10.767189 187477 1101
1291899005 6263634 59.904913 10.767299 220726 1090
1291899006 6264644 59.904995 10.767343 200869 1010
1291899007 6265655 59.904995 10.767343 231437 1011
1291899008 6266814 59.905154 10.767432 278081 1159
1291899009 6267824 59.905203 10.767483 214341 1010
1291899010 6268826 59.905203 10.767483 193471 1002
1291899011 6269833 59.905294 10.767566 197629 1007
1291899012 6270844 59.905319 10.767573 110213 1011
1291899013 6271863 59.905319 10.767573 117366 1019
1291899014 6272873 59.90542 10.767585 167748 1010
1291899015 6273883 59.905483 10.767623 62560 1010
1291899016 6274903 59.905483 10.767623 24624 1020
1291899017 6275925 59.905622 10.767705 41232 1022
1291899018 6277133 59.905692 10.767746 27360 1208
1291899019 6278143 59.905692 10.767746 77382 1009
1291899020 6279153 59.905814 10.767803 51841 1010
1291899021 6280163 59.905872 10.767841 44906 1010
1291899022 6281183 59.905872 10.767841 53352 1020
1291899023 6282193 59.905978 10.767878 50260 1010
1291899024 6283223 59.906019 10.767873 58807 1030
1291899025 6284233 59.906019 10.767873 57152 1010
1291899026 6285243 59.906074 10.767893 138055 1010
1291899027 6286303 59.906082 10.767897 54985 1060
1291899028 6287313 59.906088 10.767918 101273 1010
1291899029 6288322 59.906083 10.767918 137872 1009
1291899031 6289683 59.906091 10.767921 140422 1361
1291899032 6290693 59.906091 10.767921 119947 1010
1291899033 6291694 59.906097 10.767942 148253 1001
1291899034 6292828 59.906097 10.767942 131212 1134
1291899035 6293833 59.9061 10.767945 155442 1005
1291899036 6295016 59.9061 10.767945 107690 1183
1291899037 6296023 59.9061 10.767945 131143 1007
1291899038 6297033 59.906099 10.767963 124945 1010
1291899039 6298043 59.906094 10.767963 116143 1010
1291899040 6299052 59.906094 10.767963 92936 1009
1291899041 6300073 59.906102 10.767966 103551 1021
1291899042 6301083 59.906102 10.767966 122182 1010
1291899043 6302172 59.906102 10.767966 81725 1089
1291899044 6303183 59.9061 10.767984 97548 1011
1291899045 6304185 59.906108 10.767987 99626 1002
1291899046 6305193 59.906108 10.767987 84414 1008
1291899047 6306203 59.906104 10.767987 77185 1010
1291899048 6307223 59.906104 10.767987 89874 1020
1291899049 6308233 59.906104 10.767987 68894 1010
1291899050 6309403 59.906111 10.76799 102333 1170
1291899051 6310404 59.906119 10.767994 82458 1001
1291899052 6311423 59.906139 10.768 69052 1019
1291899053 6312443 59.90617 10.76801 61372 1020
1291899054 6313462 59.906215 10.768024 61560 1019
1291899055 6314472 59.906215 10.768024 63523 1010
1291899057 6315708 59.9064 10.768049 81907 1236
1291899058 6316843 59.9064 10.768049 122675 1135
1291899059 6317852 59.906545 10.76806 108685 1009
1291899060 6318853 59.906626 10.768069 135616 1001
1291899061 6319854 59.906626 10.768069 137537 1001
1291899062 6320953 59.906787 10.768049 157820 1099
1291899063 6321966 59.906861 10.768038 103702 1013
1291899065 6324382 59.906861 10.768038 15474 2416
1291899066 6325392 59.906934 10.768043 46512 1010
1291899067 6326532 59.907067 10.768052 70092 1140
1291899069 6327548 59.907198 10.768004 59114 1016
1291899070 6328562 59.907264 10.767989 75915 1014
1291899071 6329564 59.907339 10.767977 92869 1002
1291899072 6330603 59.907468 10.767947 50519 1039
1291899073 6331632 59.907468 10.767947 10585 1029
1291899074 6332872 59.907534 10.767932 57276 1240
1291899075 6333874 59.907589 10.767914 53352 1002
1291899076 6334884 59.907651 10.767898 53567 1010
1291899077 6335912 59.907778 10.767886 41293 1028
1291899078 6336924 59.907833 10.767867 38267 1012
1291899079 6337942 59.907833 10.767867 49248 1018
1291899080 6338952 59.907893 10.767831 56475 1010
1291899081 6340103 59.907906 10.767835 95760 1151
1291899082 6341122 59.907906 10.767835 118296 1019
1291899083 6342132 59.907945 10.767848 107712 1010
1291899084 6343133 59.907965 10.767855 145435 1001
1291899085 6344152 59.907965 10.767855 141902 1019
1291899086 6345153 59.908001 10.767903 120794 1001
1291899087 6346184 59.908021 10.76791 134155 1031
1291899088 6347192 59.90804 10.767934 150708 1008
1291899089 6348193 59.908047 10.767938 122878 1001
1291899090 6349202 59.908059 10.767941 89927 1009
1291899091 6350203 59.908059 10.767941 165812 1001
1291899092 6351204 59.908076 10.767944 124673 1001
1291899093 6352212 59.908088 10.767948 105904 1008
1291899094 6353222 59.9081 10.767951 125768 1010
1291899095 6354223 59.908112 10.767954 120787 1001
1291899096 6355224 59.908127 10.767975 173972 1001
1291899097 6356232 59.90814 10.767978 150593 1008
1291899098 6357273 59.908152 10.767982 147504 1041
1291899099 6358274 59.908164 10.767985 195294 1001
1291899100 6359322 59.908164 10.767985 102301 1048
1291899101 6360432 59.908184 10.767992 171923 1110
1291899102 6361442 59.908196 10.767995 166517 1010
1291899103 6362453 59.908208 10.767999 143921 1011
1291899105 6363555 59.908228 10.768005 187298 1102
1291899106 6364641 59.908228 10.768005 185248 1086
1291899107 6365643 59.908252 10.768012 189052 1001
1291899108 6366651 59.908252 10.768012 174643 1008
1291899109 6367762 59.908252 10.768012 127462 1111
1291899110 6368782 59.908272 10.768019 123654 1020
1291899111 6369792 59.908282 10.768039 132535 1010
1291899112 6370803 59.908282 10.768039 162514 1011
1291899113 6371912 59.90829 10.768043 153626 1109
1291899114 6372932 59.908302 10.768046 114920 1020
1291899115 6373952 59.908302 10.768046 123783 1020
1291899116 6374992 59.90831 10.768049 85970 1040
1291899117 6376002 59.908308 10.768067 105270 1010
1291899118 6377012 59.908308 10.768067 112821 1010
1291899119 6378013 59.908324 10.768074 116544 1001
1291899120 6379042 59.908324 10.768074 93609 1029
1291899121 6380052 59.908324 10.768074 90191 1010
1291899122 6381061 59.908327 10.768077 74417 1009
1291899123 6382072 59.908327 10.768077 71310 1011
1291899124 6383082 59.908327 10.768077 100357 1010
1291899125 6384092 59.908346 10.768031 103374 1010
1291899126 6385102 59.908367 10.76802 100820 1010
1291899127 6386212 59.908393 10.768048 80277 1110
1291899128 6387241 59.908421 10.768058 66611 1029
1291899130 6388841 59.908454 10.768089 43776 1600
1291899131 6389852 59.908482 10.768099 68087 1010
1291899132 6390862 59.90855 10.768104 125842 1010
1291899133 6391863 59.90855 10.768104 99109 1001
1291899134 6392912 59.908636 10.768043 119665 1049
1291899135 6393913 59.908686 10.767987 147422 1001
1291899136 6394921 59.908686 10.767987 120688 1008
1291899137 6395922 59.908757 10.767866 126072 1001
1291899138 6396923 59.908775 10.767799 124523 1001
1291899139 6398212 59.908775 10.767799 83665 1289
1291899140 6399251 59.908804 10.767701 92988 1039
1291899141 6400331 59.908875 10.767471 81162 1080
1291899142 6401351 59.908875 10.767471 126487 1020
1291899143 6402371 59.908949 10.767263 102258 1020
1291899144 6403391 59.908991 10.76715 61958 1020
1291899145 6404431 59.909027 10.767055 67923 1040
1291899146 6405432 59.909069 10.766942 106704 1001
1291899147 6406482 59.909099 10.766826 96965 1050
1291899148 6407491 59.909099 10.766826 119064 1009
1291899149 6408501 59.90918 10.766635 50200 1010
1291899150 6409502 59.909222 10.766522 32832 1001
1291899151 6410511 59.909222 10.766522 80027 1009
1291899152 6411522 59.909311 10.766153 130260 1011
1291899153 6412523 59.909311 10.766153 126034 1001
1291899154 6413531 59.909346 10.766019 140111 1008
1291899155 6414532 59.909421 10.765769 133146 1001
1291899157 6415661 59.909421 10.765769 144686 1129
1291899158 6416761 59.909515 10.765487 131072 1100
1291899159 6417923 59.909556 10.765353 162491 1162
1291899160 6418931 59.909556 10.765353 165905 1008
1291899161 6419941 59.909652 10.765054 81751 1010
1291899162 6420951 59.909702 10.764889 71945 1010
1291899163 6422031 59.909702 10.764889 110464 1080
1291899164 6423042 59.9098 10.764572 117983 1010
1291899165 6424044 59.909851 10.764406 103192 1002
1291899166 6425451 59.909906 10.76424 89792 1407
1291899168 6426851 59.909957 10.764075 6840 1400
1291899169 6427861 59.910017 10.763895 94396 1010
1291899170 6428882 59.910117 10.763582 91574 1021
1291899171 6429883 59.91016 10.763413 80712 1001
1291899172 6430884 59.91016 10.763413 131584 1001
1291899173 6431941 59.910261 10.763099 128557 1057
1291899174 6433032 59.910312 10.762934 144679 1091
1291899175 6434061 59.910357 10.762786 133838 1029
1291899176 6435071 59.910397 10.762652 114639 1010
1291899177 6436082 59.91044 10.762521 92052 1011
1291899178 6437101 59.91044 10.762521 110693 1019
1291899179 6438241 59.910523 10.762275 101097 1140
1291899180 6439242 59.910556 10.762176 81443 1001
1291899181 6440282 59.910587 10.762095 81437 1040
1291899182 6441291 59.910619 10.762014 87552 1009
1291899183 6442301 59.910652 10.761915 70002 1010
1291899184 6443322 59.910685 10.761816 67271 1021
1291899185 6444331 59.910724 10.7617 69500 1009
1291899186 6445341 59.91077 10.761587 74070 1010
1291899187 6446361 59.91077 10.761587 93291 1020
1291899188 6447370 59.910851 10.76132 72258 1009
1291899189 6448381 59.910891 10.761186 68946 1011
1291899190 6449390 59.910891 10.761186 59911 1009
1291899191 6450391 59.91096 10.760915 60673 1001
1291899192 6451402 59.910988 10.760778 67964 1011
1291899193 6452421 59.910988 10.760778 69520 1019
1291899194 6453441 59.911048 10.760507 66788 1020
1291899195 6454450 59.91107 10.760387 67644 1009
1291899197 6455561 59.911092 10.760268 71252 1111
1291899198 6456562 59.911122 10.760113 95579 1001
1291899199 6457571 59.911122 10.760113 98089 1009
1291899200 6458581 59.911122 10.760113 77907 1010
1291899201 6459590 59.911143 10.760011 97518 1009
1291899202 6460601 59.911156 10.759997 93284 1011
1291899203 6461602 59.911158 10.759979 103095 1001
1291899204 6462610 59.911167 10.759979 118905 1008
1291899205 6463611 59.911167 10.759979 92954 1001
1291899206 6464621 59.911179 10.759983 103275 1010
1291899207 6465625 59.911197 10.759983 98037 1004
1291899208 6466630 59.911197 10.759983 84415 1005
1291899209 6467655 59.911206 10.759983 119435 1025
1291899210 6468681 59.91123 10.759965 74279 1026
1291899211 6469790 59.91123 10.759965 82925 1109
1291899212 6470970 59.911256 10.759968 102028 1180
1291899213 6471981 59.91127 10.759951 97297 1011
1291899214 6473002 59.91127 10.759951 107345 1021
1291899215 6474010 59.911288 10.759951 155035 1008
1291899216 6475011 59.911297 10.759951 135356 1001
1291899217 6476081 59.911302 10.759951 151082 1070
1291899218 6477091 59.911308 10.759933 180922 1010
1291899219 6478270 59.911312 10.759933 185110 1179
1291899220 6479271 59.911317 10.759933 154701 1001
1291899221 6480281 59.911325 10.759937 179771 1010
1291899222 6481282 59.911325 10.759937 195187 1001
1291899223 6482290 59.911325 10.759937 173092 1008
1291899224 6483291 59.911329 10.759937 158531 1001
1291899225 6484301 59.911329 10.759937 122218 1010
1291899226 6485490 59.911332 10.759901 127209 1189
1291899227 6486500 59.911353 10.759799 127168 1010
1291899228 6487501 59.911353 10.759799 127507 1001
1291899229 6488510 59.911372 10.759715 135553 1009
1291899230 6489530 59.911397 10.759469 112996 1020
1291899231 6490531 59.911397 10.759469 95490 1001
1291899233 6491540 59.911412 10.759346 100486 1009
1291899234 6492730 59.911451 10.759069 155773 1190
1291899235 6493800 59.911451 10.759069 129680 1070
1291899236 6494900 59.9115 10.758777 121834 1100
1291899237 6495910 59.911518 10.758619 72674 1010
1291899238 6496922 59.911518 10.758619 115307 1012
1291899239 6497930 59.911568 10.758309 99550 1008
1291899240 6498931 59.911592 10.758172 129799 1001
1291899241 6499940 59.911592 10.758172 120024 1009
1291899242 6500950 59.911624 10.757877 127436 1010
1291899243 6501961 59.911631 10.757737 125432 1011
1291899244 6503130 59.911651 10.757599 130103 1169
1291899245 6504160 59.911662 10.757459 72138 1030
1291899246 6505161 59.911672 10.757336 88837 1001
1291899247 6506322 59.911675 10.75721 111819 1161
1291899248 6507330 59.911688 10.757052 115623 1008
1291899249 6508340 59.911701 10.756894 94288 1010
1291899250 6509470 59.911715 10.756718 101697 1130
1291899251 6510490 59.911749 10.756367 91855 1020
1291899252 6511500 59.911749 10.756367 76654 1010
1291899253 6512520 59.911763 10.756191 136509 1020
1291899254 6513530 59.911785 10.755837 128764 1010
1291899255 6514531 59.911785 10.755837 154163 1001
1291899257 6515710 59.911792 10.755658 150536 1179
1291899258 6516721 59.911811 10.755282 144418 1011
1291899259 6517900 59.911811 10.755282 123883 1179
1291899260 6518901 59.911883 10.754924 115789 1001
1291899261 6519910 59.911914 10.754751 134897 1009
1291899262 6520920 59.911914 10.754751 154496 1010
1291899263 6521921 59.911982 10.754466 179730 1001
1291899264 6523020 59.912018 10.754332 158769 1099
1291899265 6524200 59.912034 10.754192 158907 1180
1291899266 6525280 59.91206 10.75409 149224 1080
1291899267 6526370 59.912079 10.753967 152889 1090
1291899268 6527371 59.912086 10.753893 150276 1001
1291899269 6528380 59.912093 10.75382 129261 1009
1291899270 6529390 59.912087 10.753761 127910 1010
1291899271 6530400 59.912094 10.753687 104128 1010
1291899272 6531410 59.912101 10.753613 100445 1010
1291899273 6532430 59.912114 10.753561 108722 1020
1291899274 6533440 59.912132 10.753508 111003 1010
1291899275 6534470 59.912149 10.753473 133758 1030
1291899276 6535480 59.912159 10.753455 159922 1010
1291899277 6536529 59.91218 10.753459 138656 1049
1291899279 6537560 59.912204 10.753441 146166 1031
1291899280 6538570 59.912204 10.753441 149062 1010
1291899281 6539580 59.912221 10.753444 165451 1010
1291899282 6540590 59.912239 10.753444 150546 1010
1291899283 6541610 59.912239 10.753444 165171 1020
1291899284 6542611 59.912248 10.753444 149726 1001
1291899285 6543720 59.912266 10.753444 146821 1109
1291899286 6544721 59.912266 10.753444 176359 1001
1291899287 6545800 59.912275 10.753444 137491 1079
1291899288 6546801 59.912281 10.753427 168996 1001
1291899289 6547802 59.912281 10.753427 133694 1001
1291899290 6548910 59.91229 10.753427 163497 1108
1291899291 6549911 59.912294 10.753427 182163 1001
1291899292 6550920 59.912294 10.753427 94949 1009
1291899293 6551929 59.912306 10.75343 130362 1009
1291899294 6552939 59.912306 10.75343 132701 1010
1291899295 6553940 59.912306 10.75343 157605 1001
1291899296 6554950 59.912314 10.753434 134120 1010
1291899297 6555951 59.912314 10.753434 126769 1001
1291899298 6556959 59.912314 10.753434 134808 1008
1291899299 6557961 59.912322 10.753437 131639 1002
1291899300 6558969 59.912323 10.753419 135238 1008
1291899301 6560080 59.912323 10.753419 122642 1111
1291899302 6561081 59.912326 10.753423 155337 1001
1291899303 6562089 59.912326 10.753423 119680 1008
1291899304 6563099 59.912326 10.753423 136832 1010
1291899305 6564100 59.912335 10.753408 127015 1001
1291899306 6565129 59.912329 10.753388 110803 1029
1291899307 6566229 59.912318 10.753367 138426 1100
1291899308 6567299 59.912321 10.753332 148881 1070
1291899309 6568389 59.912323 10.753314 108352 1090
1291899310 6569409 59.912304 10.75329 151562 1020
1291899312 6570559 59.912271 10.753206 120949 1150
1291899313 6571569 59.912271 10.753206 133025 1010
1291899314 6572579 59.912254 10.753164 121637 1010
1291899315 6573580 59.912232 10.753031 129882 1001
1291899316 6574689 59.912232 10.753031 129441 1109
1291899317 6575849 59.912212 10.752843 143915 1160
1291899318 6577039 59.912213 10.752734 174239 1189
1291899319 6578109 59.912206 10.752622 158089 1070
1291899320 6579209 59.912212 10.752513 147635 1100
1291899321 6580219 59.912222 10.752404 154211 1010
1291899322 6581229 59.912222 10.752404 145186 1010
1291899323 6582239 59.912226 10.752275 113203 1010
1291899324 6583240 59.912227 10.752219 116811 1001
1291899325 6584259 59.912236 10.752166 134537 1019
1291899326 6585439 59.912238 10.752093 148288 1180
1291899327 6586440 59.91224 10.752037 132850 1001
1291899328 6587459 59.912236 10.751981 98343 1019
1291899329 6588469 59.912239 10.751907 121367 1010
1291899330 6589470 59.912237 10.751833 153417 1001
1291899331 6590489 59.912223 10.751757 126792 1019
1291899332 6591519 59.912195 10.751588 133730 1030
1291899334 6592549 59.912195 10.751588 149067 1030
1291899335 6593555 59.912185 10.751501 201446 1006
1291899336 6594559 59.912146 10.751336 156027 1004
1291899337 6595569 59.912146 10.751336 117351 1010
1291899338 6596689 59.912107 10.751203 145333 1120
1291899339 6597729 59.912067 10.751137 139418 1040
1291899340 6598829 59.912067 10.751137 161714 1100
1291899341 6599840 59.912006 10.751015 130576 1011
1291899342 6600988 59.911974 10.750952 60276 1148
1291899343 6602019 59.911974 10.750952 71136 1031
1291899344 6603039 59.911878 10.750817 28216 1020
1291899345 6604068 59.911826 10.750748 83623 1029
1291899346 6605079 59.911826 10.750748 84816 1011
1291899347 6606108 59.911724 10.750591 33956 1029
1291899348 6607188 59.911669 10.750504 38741 1080
1291899349 6608458 59.911617 10.750435 51662 1270
1291899350 6609468 59.911572 10.750387 15048 1010
1291899351 6610524 59.911532 10.750321 42785 1056
1291899353 6611548 59.911532 10.750321 41040 1024
1291899354 6612580 59.911454 10.750209 21237 1032
1291899355 6613588 59.911433 10.750168 35568 1008
1291899355 6614085 59.911433 10.750168 13680 497
