1290523316 1897396 59.853352 10.800909 154500 1002
1290523317 1898405 59.853352 10.800909 236953 1005
1290523318 1899425 59.853388 10.800919 146211 1020
1290523319 1900434 59.853423 10.800894 160766 1009
1290523320 1901444 59.853453 10.800869 151086 1010
1290523322 1902595 59.853488 10.800844 118339 1151
1290523323 1903615 59.853511 10.800816 149252 1020
1290523324 1904634 59.853524 10.800801 122902 1019
1290523325 1905635 59.853546 10.800791 159932 1001
1290523326 1906814 59.853568 10.800762 152117 1179
1290523327 1907825 59.853583 10.800731 150413 1011
1290523328 1908854 59.853608 10.800723 179780 1029
1290523329 1909855 59.853629 10.800712 172000 1001
1290523330 1911034 59.853652 10.800684 151407 1179
1290523331 1912055 59.8537 10.80063 159680 1021
1290523332 1913056 59.8537 10.80063 167456 1001
1290523333 1914057 59.853733 10.800609 155270 1001
1290523334 1915214 59.853802 10.800562 143988 1157
1290523335 1916224 59.853802 10.800562 148555 1010
1290523336 1917255 59.853865 10.800515 163515 1031
1290523337 1918275 59.853903 10.800494 185708 1020
1290523338 1919424 59.853903 10.800494 131481 1149
1290523339 1920435 59.853968 10.800482 170897 1011
1290523340 1921436 59.853997 10.800475 170007 1001
1290523342 1922554 59.853997 10.800475 135236 1118
1290523343 1923555 59.854072 10.800449 170234 1001
1290523344 1924644 59.854113 10.800445 118279 1089
1290523345 1925955 59.854154 10.80044 190948 1172
1290523346 1926965 59.854208 10.800422 171037 1009
1290523347 1927974 59.85427 10.800407 155371 1009
1290523348 1928984 59.85434 10.800395 125073 1010
1290523349 1930224 59.85449 10.800355 131356 1240
1290523350 1931314 59.85449 10.800355 156392 1090
1290523351 1932404 59.854671 10.800303 156839 1090
1290523352 1933454 59.854771 10.80028 147430 1050
1290523353 1934464 59.854771 10.80028 167444 1010
1290523355 1935614 59.854989 10.800221 110830 1150
1290523356 1936814 59.855107 10.800185 97192 1200
1290523357 1937824 59.855107 10.800185 140354 1010
1290523358 1938844 59.855345 10.800132 105693 1020
1290523359 1939845 59.855474 10.800116 127164 1001
1290523360 1940964 59.855599 10.800083 115554 1119
1290523361 1941973 59.855722 10.800085 112753 1009
1290523362 1942974 59.855859 10.800072 106601 1001
1290523363 1943975 59.856 10.800098 102538 1001
1290523364 1945194 59.856288 10.800171 125288 1219
1290523365 1946233 59.856288 10.800171 103712 1039
1290523366 1947244 59.856288 10.800171 80712 1011
1290523367 1948253 59.856592 10.80025 85942 1009
1290523368 1949274 59.856739 10.800297 73357 1021
1290523369 1950275 59.85689 10.800347 103289 1001
1290523370 1951294 59.857187 10.800444 104612 1019
1290523371 1952314 59.857187 10.800444 103313 1020
1290523372 1953323 59.857327 10.800474 54719 1009
1290523373 1954324 59.857608 10.800476 47192 1001
1290523374 1955334 59.857608 10.800476 43776 1010
1290523376 1956543 59.857899 10.800409 77454 1209
1290523377 1957553 59.858037 10.800365 125461 1010
1290523378 1958573 59.858037 10.800365 108005 1020
1290523379 1959754 59.858332 10.800245 150615 1181
1290523380 1960834 59.858476 10.800183 129050 1080
1290523381 1962064 59.858619 10.800139 154479 1230
1290523382 1963074 59.858881 10.800026 137224 1010
1290523383 1964075 59.858881 10.800026 193063 1001
1290523384 1965084 59.858881 10.800026 122353 1009
1290523385 1966103 59.859134 10.799914 121264 1019
1290523386 1967104 59.859244 10.799859 65632 1001
1290523387 1968114 59.859349 10.799823 89987 1010
1290523388 1969244 59.85954 10.799739 68697 1130
1290523389 1970253 59.85954 10.799739 104320 1009
1290523390 1971254 59.8597 10.799667 109253 1001
1290523391 1972255 59.859764 10.799634 136461 1001
1290523392 1973263 59.859764 10.799634 151650 1008
1290523393 1974274 59.859828 10.799602 131785 1011
1290523394 1975283 59.859911 10.799576 132341 1009
1290523395 1976284 59.859911 10.799576 133446 1001
1290523396 1977294 59.859967 10.79954 124765 1010
1290523397 1978453 59.859984 10.799529 150311 1159
1290523399 1979613 59.860011 10.799539 179645 1160
1290523400 1980614 59.860035 10.799532 137856 1001
1290523401 1981623 59.860064 10.799524 88599 1009
1290523402 1982633 59.860064 10.799524 132696 1010
1290523403 1983634 59.860139 10.799498 118200 1001
1290523404 1984653 59.860189 10.79948 100954 1019
1290523405 1985873 59.860225 10.799476 99723 1220
1290523406 1986884 59.86026 10.799451 131054 1010
1290523407 1987954 59.860301 10.799447 148517 1070
1290523408 1989073 59.860343 10.799425 166271 1119
1290523409 1990213 59.860407 10.799392 146421 1140
1290523410 1991214 59.860407 10.799392 139763 1001
1290523411 1992223 59.860434 10.799364 129473 1009
1290523412 1993224 59.860496 10.799311 125487 1001
1290523413 1994233 59.860496 10.799311 134030 1009
1290523414 1995234 59.860525 10.799265 106746 1001
1290523415 1996243 59.860579 10.799208 129224 1009
1290523416 1997314 59.860579 10.799208 126254 1071
1290523417 1998323 59.86063 10.799186 135675 1009
1290523418 1999333 59.860665 10.799161 145783 1010
1290523419 2000334 59.860665 10.799161 114892 1001
1290523420 2001344 59.860736 10.799146 135271 1010
1290523421 2002354 59.860771 10.799121 140857 1010
1290523422 2003359 59.860771 10.799121 117496 1005
1290523423 2004434 59.860836 10.799085 162641 1074
1290523424 2005443 59.860879 10.799064 132514 1009
1290523425 2006523 59.860879 10.799064 106307 1080
1290523426 2007524 59.860947 10.799031 141098 1001
1290523427 2008533 59.860982 10.799006 153438 1009
1290523429 2009743 59.861015 10.798999 136285 1210
1290523430 2010753 59.861053 10.798991 130693 1010
1290523431 2011923 59.861094 10.798987 98059 1170
1290523432 2012924 59.861127 10.79898 116128 1001
1290523433 2014163 59.86118 10.798979 94707 1239
1290523434 2015173 59.86118 10.798979 111330 1010
1290523435 2016373 59.861229 10.798992 135015 1200
1290523436 2017383 59.861261 10.799002 125414 1010
1290523437 2018412 59.861261 10.799002 67385 1029
1290523438 2019413 59.861294 10.798995 89716 1001
1290523439 2020423 59.861353 10.798976 88445 1010
1290523440 2021433 59.861353 10.798976 102353 1010
1290523442 2022683 59.861418 10.798979 99772 1250
1290523443 2023822 59.861452 10.798971 96693 1139
1290523444 2024833 59.861494 10.79895 100597 1011
1290523445 2025842 59.861527 10.798942 107363 1009
1290523446 2026852 59.861573 10.798938 96786 1010
1290523447 2027853 59.861615 10.798916 64168 1001
1290523448 2028862 59.861641 10.798905 112077 1009
1290523449 2030354 59.861667 10.798895 48860 1492
1290523450 2031513 59.861706 10.79887 75213 1159
1290523451 2032533 59.861718 10.798873 25992 1020
1290523453 2033555 59.861718 10.798873 57207 1022
1290523454 2034562 59.86173 10.798876 53903 1007
1290523455 2035602 59.861733 10.798894 47697 1040
1290523456 2036622 59.861733 10.798894 65664 1020
1290523457 2037782 59.86173 10.79889 63745 1160
1290523458 2038783 59.861735 10.79889 129584 1001
1290523459 2039803 59.861735 10.79889 128900 1020
1290523460 2040914 59.861727 10.798901 83113 1111
1290523461 2041922 59.861727 10.798901 113371 1008
1290523462 2042932 59.861727 10.798901 114752 1010
1290523463 2043997 59.86173 10.79888 88582 1065
1290523464 2045003 59.86173 10.79888 121321 1006
1290523465 2046163 59.861728 10.79886 107252 1160
1290523466 2047176 59.861731 10.798824 105700 1012
1290523467 2048414 59.861731 10.798824 83342 1238
1290523468 2049422 59.861734 10.798789 93303 1008
1290523470 2050642 59.861723 10.798769 91308 1220
1290523471 2051662 59.861723 10.798769 100414 1020
1290523472 2052702 59.86172 10.798751 70772 1040
1290523473 2053722 59.86172 10.798751 86472 1020
1290523474 2054753 59.86172 10.798751 87202 1031
1290523475 2055762 59.861726 10.798719 83775 1009
1290523476 2056772 59.861735 10.798705 80487 1010
1290523477 2057822 59.861757 10.798694 62745 1050
1290523478 2058833 59.861769 10.798698 76491 1011
1290523479 2059844 59.861784 10.798666 66912 1011
1290523480 2060852 59.861784 10.798666 74059 1008
1290523481 2061892 59.861852 10.798633 75155 1040
1290523482 2062913 59.861894 10.798612 69905 1021
1290523483 2063922 59.861894 10.798612 59950 1009
1290523484 2064932 59.861979 10.798583 56337 1010
1290523485 2065953 59.862026 10.798561 74282 1021
1290523486 2066962 59.862026 10.798561 69959 1009
1290523487 2067992 59.862144 10.798472 72639 1030
1290523488 2069001 59.86222 10.798404 63606 1009
1290523489 2070011 59.862291 10.798336 43322 1010
1290523490 2071044 59.862366 10.798269 25992 1033
1290523491 2072062 59.862439 10.798184 108090 1017
1290523492 2073063 59.862529 10.798084 80311 1001
1290523493 2074142 59.862715 10.797924 101357 1079
1290523494 2075251 59.862715 10.797924 105378 1109
1290523495 2076292 59.862915 10.797764 117242 1041
1290523496 2077363 59.863014 10.797665 120542 1070
1290523497 2078422 59.863014 10.797665 120595 1059
1290523498 2079442 59.863238 10.797458 122027 1020
1290523499 2080453 59.863355 10.797331 120252 1011
1290523500 2081462 59.863355 10.797331 119561 1009
1290523502 2082572 59.863568 10.797051 161731 1110
1290523503 2083674 59.863671 10.796864 145508 1102
1290523504 2084742 59.863767 10.796695 138426 1068
1290523505 2085792 59.863851 10.796522 135582 1050
1290523506 2086793 59.863937 10.796332 145015 1001
1290523507 2088032 59.864017 10.796159 141750 1239
1290523508 2089131 59.864176 10.795775 159900 1099
1290523509 2090392 59.864176 10.795775 140125 1261
1290523510 2091492 59.864342 10.795412 142701 1099
1290523511 2092513 59.864429 10.795204 69397 1021
1290523512 2093522 59.864429 10.795204 126532 1009
1290523514 2094542 59.86459 10.794841 88879 1020
1290523515 2095544 59.864683 10.794654 119718 1002
1290523516 2096623 59.864783 10.794488 124888 1079
1290523517 2097632 59.864881 10.794339 138368 1009
1290523518 2098802 59.864979 10.794191 104713 1170
1290523519 2099862 59.865078 10.794063 116066 1060
1290523520 2100881 59.865175 10.793932 83568 1019
1290523521 2101901 59.865273 10.793822 60192 1020
1290523522 2102921 59.865273 10.793822 52745 1020
1290523523 2103952 59.865475 10.793654 50212 1031
1290523524 2104991 59.865574 10.793579 51751 1039
1290523525 2106011 59.865673 10.793521 74824 1020
1290523526 2107191 59.865842 10.793396 89019 1180
1290523527 2108201 59.865842 10.793396 81210 1010
1290523529 2109631 59.865926 10.79337 42284 1430
1290523530 2110632 59.866068 10.793273 100978 1001
1290523531 2111651 59.866068 10.793273 101795 1019
1290523532 2112661 59.866204 10.793194 88194 1010
1290523533 2113667 59.866273 10.793161 80686 1006
1290523534 2114671 59.866342 10.793111 67030 1004
1290523535 2115781 59.866419 10.793065 107424 1110
1290523536 2116801 59.866489 10.793015 95069 1020
1290523537 2117831 59.866489 10.793015 64129 1030
1290523538 2118832 59.866611 10.792925 46785 1001
1290523539 2119871 59.866667 10.792889 41068 1039
1290523540 2120891 59.866667 10.792889 38304 1020
1290523541 2121892 59.86677 10.792832 29629 1001
1290523542 2123052 59.86681 10.792807 117432 1160
1290523543 2124081 59.86681 10.792807 125476 1029
1290523544 2125172 59.866875 10.792771 94601 1091
1290523545 2126192 59.866875 10.792771 105064 1020
1290523546 2127201 59.866885 10.792753 85418 1009
1290523547 2128210 59.866886 10.79275 75425 1009
1290523548 2129371 59.866886 10.79275 61577 1161
1290523549 2130392 59.866879 10.792747 33165 1021
1290523550 2131401 59.866885 10.792743 38277 1009
1290523551 2132421 59.866885 10.792743 82133 1020
1290523552 2133462 59.866879 10.792737 76503 1041
1290523553 2134472 59.866875 10.792733 100696 1010
1290523555 2135559 59.866875 10.792733 73251 1087
1290523556 2136561 59.866868 10.792744 71479 1002
1290523557 2137571 59.866872 10.792744 70691 1010
1290523558 2138701 59.866869 10.792741 78555 1130
1290523559 2139712 59.866866 10.792737 71136 1011
1290523560 2140721 59.866858 10.792734 66641 1009
1290523561 2141731 59.866858 10.792734 80672 1010
1290523562 2142741 59.86686 10.792731 95646 1010
1290523563 2143912 59.866851 10.792745 99048 1171
1290523564 2144921 59.866855 10.792745 102728 1009
1290523565 2145931 59.866848 10.792742 95547 1010
1290523566 2147071 59.866844 10.792738 123216 1140
1290523567 2148281 59.866843 10.792732 158820 1210
1290523568 2149292 59.86684 10.792728 143886 1011
1290523569 2150400 59.86684 10.792728 88907 1108
1290523570 2151401 59.866838 10.792722 125471 1001
1290523571 2152451 59.866835 10.792718 112932 1050
1290523572 2153460 59.866835 10.792718 106592 1009
1290523573 2154461 59.866845 10.792715 92553 1001
1290523574 2155491 59.866846 10.792712 69641 1030
1290523576 2156632 59.866848 10.792708 72914 1141
1290523577 2157663 59.866858 10.792691 76299 1031
1290523584 2165184 59.866875 10.792694 16384 7521
1290523586 2166746 59.866901 10.792683 49136 1562
1290523587 2167906 59.866955 10.792626 61809 1160
1290523588 2168946 59.866993 10.792619 57876 1040
1290523589 2169956 59.86704 10.792597 58824 1010
1290523590 2170957 59.867096 10.792561 50003 1001
1290523592 2172785 59.867143 10.79254 15048 1828
1290523593 2173795 59.867261 10.792489 26134 1010
1290523594 2174796 59.867261 10.792489 57456 1001
1290523595 2175806 59.867375 10.792438 40963 1010
1290523596 2176838 59.867438 10.792405 42931 1032
1290523597 2177976 59.867582 10.792329 67358 1138
1290523598 2179136 59.867649 10.7923 77538 1160
1290523599 2180166 59.867728 10.792274 64296 1030
1290523600 2181176 59.867875 10.792202 46036 1010
1290523601 2182197 59.867955 10.792158 62016 1021
1290523602 2183218 59.868114 10.792089 63392 1021
1290523603 2184225 59.868199 10.792046 63974 1007
1290523604 2185236 59.868387 10.791969 62683 1011
1290523605 2186245 59.868487 10.791932 39237 1009
1290523606 2187255 59.868607 10.791864 50616 1010
1290523607 2188296 59.868721 10.791813 45811 1041
1290523608 2189326 59.868839 10.791762 42408 1030
1290523609 2190356 59.869089 10.791684 23510 1030
1290523610 2191365 59.869089 10.791684 38304 1009
1290523611 2192366 59.869327 10.791603 46725 1001
1290523612 2193376 59.869454 10.791538 64016 1010
1290523613 2194386 59.869704 10.791408 39558 1010
1290523614 2195405 59.869827 10.791343 41653 1019
1290523616 2196566 59.870065 10.791209 63033 1161
1290523617 2197576 59.87018 10.791141 81180 1010
1290523618 2198845 59.87018 10.791141 57325 1269
1290523619 2199855 59.870288 10.791069 61259 1010
1290523620 2200856 59.870456 10.790947 42167 1001
1290523621 2201865 59.870456 10.790947 20509 1009
1290523622 2202885 59.870528 10.7909 19152 1020
1290523625 2206255 59.870586 10.790847 15048 3370
1290523626 2207486 59.870642 10.790811 13680 1230
1290523628 2208566 59.870699 10.790758 25868 1080
1290523629 2209585 59.870784 10.790676 109723 1019
1290523630 2210595 59.870828 10.790637 79134 1010
1290523631 2211666 59.870896 10.790552 57280 1071
1290523632 2212685 59.870961 10.790501 60676 1019
1290523633 2213797 59.870984 10.790473 67591 1112
1290523634 2214815 59.871012 10.790466 49248 1018
1290523635 2215825 59.871038 10.790455 41570 1010
1290523636 2216826 59.871038 10.790455 61560 1001
1290523637 2217855 59.871037 10.790472 59806 1029
1290523638 2218965 59.871037 10.790472 25992 1110
1290523639 2219985 59.871037 10.790472 43607 1020
1290523640 2220996 59.871029 10.790469 49074 1011
1290523641 2222205 59.871028 10.790486 95354 1209
1290523642 2223215 59.87102 10.790483 58925 1010
1290523643 2224265 59.871023 10.790501 53988 1050
1290523644 2225285 59.871023 10.790501 28728 1020
1290523645 2226416 59.871014 10.790515 27929 1131
1290523646 2227435 59.871006 10.790511 42408 1018
1290523647 2228465 59.871005 10.790529 52926 1030
1290523648 2229477 59.870988 10.79054 76672 1012
1290523649 2230485 59.870988 10.79054 73872 1008
1290523650 2231496 59.870988 10.79054 31464 1011
1290523651 2232505 59.871009 10.790529 27591 1008
1290523653 2233550 59.871023 10.790515 26338 1045
1290523655 2236155 59.871023 10.790515 20520 2605
1290523656 2237215 59.871068 10.790458 48256 1060
1290523657 2238225 59.871106 10.790436 72504 1010
1290523658 2239236 59.871155 10.790397 85383 1011
1290523659 2240255 59.87126 10.790304 75348 1019
1290523660 2241295 59.87133 10.790254 83973 1040
1290523661 2242305 59.871483 10.79014 94951 1010
1290523662 2243315 59.871483 10.79014 117630 1010
1290523663 2244455 59.871651 10.789994 110370 1140
1290523664 2245456 59.87175 10.789919 127399 1001
1290523665 2246465 59.87175 10.789919 149057 1009
1290523666 2247496 59.871947 10.789765 106484 1031
1290523668 2248596 59.872044 10.789687 112233 1100
1290523669 2249605 59.872044 10.789687 77689 1009
1290523670 2250616 59.872268 10.789505 86661 1011
1290523671 2251685 59.872387 10.789398 71946 1069
1290523672 2252708 59.872387 10.789398 114929 1023
1290523673 2253715 59.872641 10.789191 80642 1007
1290523674 2254755 59.872782 10.789073 76835 1040
1290523675 2255756 59.872782 10.789073 51984 1001
1290523676 2256784 59.873062 10.788855 23559 1028
1290523677 2257814 59.873204 10.78872 27360 1030
1290523678 2258834 59.873204 10.78872 28728 1020
1290523679 2259835 59.873476 10.788484 22968 1001
1290523680 2260985 59.873612 10.788367 70860 1150
1290523681 2262104 59.873748 10.788249 79525 1119
1290523682 2263145 59.873883 10.788149 51984 1040
1290523683 2264345 59.874014 10.788045 55612 1200
1290523684 2265360 59.874014 10.788045 77976 1015
1290523685 2266374 59.874246 10.787852 66718 1012
1290523686 2267375 59.874334 10.787774 81394 1001
1290523687 2268385 59.874485 10.787624 67947 1010
1290523688 2269405 59.874545 10.787574 78171 1020
1290523689 2270415 59.874545 10.787574 82598 1010
1290523690 2271425 59.874626 10.787492 73619 1010
1290523691 2272435 59.87466 10.787467 64196 1010
1290523692 2273445 59.87466 10.787467 75136 1010
1290523693 2274455 59.874706 10.787449 58135 1010
1290523695 2275874 59.874723 10.787438 38304 1419
1290523696 2276931 59.874723 10.787438 42897 1057
1290523697 2277934 59.874732 10.787424 62928 1003
1290523698 2279165 59.874751 10.787416 40626 1231
1290523699 2280405 59.874761 10.787402 96136 1240
1290523700 2281415 59.874774 10.787374 77462 1010
1290523701 2282434 59.874774 10.787374 66882 1019
1290523702 2283444 59.87482 10.787317 68877 1010
1290523704 2284585 59.874854 10.787292 63919 1141
1290523705 2285604 59.874854 10.787292 70256 1019
1290523706 2286615 59.874944 10.787234 66790 1011
1290523707 2287795 59.874988 10.787195 70389 1180
1290523708 2288804 59.874988 10.787195 81974 1009
1290523709 2289805 59.875092 10.787106 78823 1001
1290523710 2290965 59.875148 10.78707 66905 1160
1290523711 2291974 59.875218 10.78702 108879 1009
1290523712 2292975 59.875281 10.786987 88186 1001
1290523713 2294055 59.875371 10.786944 75244 1080
1290523714 2295064 59.875452 10.786897 106508 1009
1290523715 2296175 59.875638 10.786775 106272 1111
1290523716 2297196 59.875638 10.786775 118604 1021
1290523717 2298204 59.875743 10.7867 92741 1008
1290523718 2299214 59.87597 10.786588 102911 1010
1290523719 2300254 59.87597 10.786588 85105 1040
1290523720 2301255 59.876097 10.786537 104890 1001
1290523721 2302415 59.876371 10.786403 101242 1160
1290523722 2303424 59.876371 10.786403 119471 1009
1290523723 2304430 59.876656 10.786291 92345 1006
1290523724 2305444 59.876798 10.786208 68027 1014
1290523725 2306475 59.876798 10.786208 83064 1031
1290523726 2307484 59.877091 10.786081 94123 1009
1290523728 2308554 59.877223 10.78603 94531 1070
1290523729 2309744 59.877364 10.785965 110915 1190
1290523730 2310784 59.877505 10.7859 58660 1040
1290523731 2311794 59.877645 10.785835 61150 1010
1290523732 2312814 59.877782 10.78577 67966 1020
1290523733 2313834 59.877923 10.785704 105236 1020
1290523734 2314854 59.878057 10.785657 93406 1020
1290523735 2315864 59.878057 10.785657 74979 1010
1290523736 2316884 59.878321 10.785541 73630 1020
1290523737 2317894 59.878456 10.785493 80032 1010
1290523738 2318934 59.878456 10.785493 48495 1040
1290523739 2319944 59.878721 10.785398 89725 1010
1290523740 2321035 59.878851 10.78535 106105 1091
1290523741 2322054 59.878975 10.785282 75523 1019
1290523742 2323063 59.879093 10.785231 42408 1009
1290523743 2324064 59.879204 10.785177 72487 1001
1290523744 2325065 59.879301 10.785136 82847 1001
1290523745 2326084 59.879483 10.785053 128148 1019
1290523746 2327094 59.879483 10.785053 92850 1010
1290523747 2328324 59.879564 10.785006 61730 1230
1290523748 2329383 59.879648 10.78498 47880 1059
1290523749 2330384 59.879725 10.784934 37934 1001
1290523750 2331394 59.879864 10.784872 63910 1010
1290523751 2332404 59.879931 10.784857 66366 1010
1290523752 2333494 59.879931 10.784857 83196 1090
1290523753 2334504 59.880058 10.784792 78871 1010
1290523754 2335514 59.880114 10.784756 82978 1010
1290523755 2336524 59.880114 10.784756 74482 1010
1290523757 2337551 59.880208 10.784698 85933 1027
1290523758 2338573 59.880252 10.784659 76909 1022
1290523759 2339584 59.880252 10.784659 97398 1011
1290523760 2340654 59.880293 10.784655 38304 1070
1290523761 2341657 59.880355 10.784639 53123 1003
1290523762 2342664 59.880355 10.784639 51522 1007
1290523763 2343684 59.880384 10.784632 69768 1020
1290523764 2344694 59.880445 10.784634 55235 1010
1290523765 2345703 59.880445 10.784634 71853 1009
1290523766 2346733 59.880489 10.784595 67598 1030
1290523767 2347753 59.880515 10.78457 56705 1020
1290523768 2348773 59.880515 10.78457 75755 1020
1290523769 2349804 59.880571 10.784534 58807 1031
1290523770 2350824 59.880596 10.784523 83382 1020
1290523771 2351914 59.88063 10.784516 75217 1090
1290523772 2352924 59.880652 10.784487 90633 1010
1290523773 2353973 59.880693 10.784483 71476 1049
1290523774 2354983 59.880736 10.784462 103156 1010
1290523775 2355984 59.880783 10.78444 87448 1001
1290523776 2356994 59.880837 10.784421 151258 1010
1290523777 2357996 59.88088 10.7844 122102 1002
1290523778 2359113 59.880983 10.784381 126843 1117
1290523779 2360234 59.880983 10.784381 86676 1121
1290523780 2361253 59.881025 10.784359 125770 1019
1290523781 2362254 59.881104 10.784347 78260 1001
1290523782 2363255 59.881104 10.784347 94986 1001
1290523783 2364423 59.881175 10.784332 130118 1168
1290523784 2365424 59.881204 10.784339 129286 1001
1290523785 2366434 59.881204 10.784339 93924 1010
1290523786 2367444 59.88126 10.784317 129667 1010
1290523787 2368463 59.881293 10.78431 91935 1019
1290523788 2369513 59.881293 10.78431 114403 1050
1290523790 2370684 59.88135 10.78427 121561 1171
1290523791 2371703 59.881385 10.784259 117425 1019
1290523792 2372753 59.881385 10.784259 82776 1050
1290523793 2373974 59.881441 10.784199 107614 1221
1290523794 2374983 59.881473 10.784171 119954 1009
1290523795 2376043 59.881504 10.784142 96360 1060
1290523796 2377044 59.881571 10.784089 85503 1001
1290523797 2378053 59.881571 10.784089 92307 1009
1290523798 2379063 59.881602 10.784061 94952 1010
1290523799 2380093 59.881666 10.78399 91504 1030
1290523800 2381103 59.881666 10.78399 76194 1010
1290523801 2382123 59.881694 10.783944 105995 1020
1290523802 2383153 59.881741 10.783869 83554 1030
1290523803 2384163 59.881741 10.783869 87249 1010
1290523804 2385183 59.881768 10.783841 73565 1020
1290523805 2386203 59.881835 10.783773 69691 1020
1290523806 2387213 59.881835 10.783773 61808 1010
1290523807 2388222 59.881865 10.783748 94156 1009
1290523808 2389303 59.881927 10.783681 79945 1081
1290523809 2390313 59.881927 10.783681 64296 1010
1290523810 2391373 59.881958 10.783656 24794 1060
1290523811 2392393 59.882006 10.783602 57668 1020
1290523812 2393394 59.882006 10.783602 104403 1001
1290523813 2394403 59.882041 10.783563 102355 1009
1290523814 2395404 59.882052 10.783569 103697 1001
1290523815 2396473 59.882052 10.783569 62969 1069
1290523816 2397483 59.882071 10.783562 88378 1009
1290523818 2398813 59.882084 10.783551 47566 1330
1290523819 2399823 59.882094 10.783558 73517 1010
1290523820 2400983 59.882105 10.783564 108167 1160
1290523821 2401994 59.882108 10.783568 116288 1011
1290523822 2403003 59.882113 10.783554 111724 1009
1290523823 2404013 59.882116 10.783557 118756 1010
1290523824 2405223 59.882119 10.78356 99647 1210
1290523825 2406233 59.882128 10.783546 107303 1010
1290523826 2407283 59.882133 10.78357 84771 1050
1290523827 2408293 59.882133 10.78357 109595 1010
1290523828 2409303 59.882133 10.783556 78931 1010
1290523829 2410523 59.882144 10.783563 110288 1220
1290523831 2411554 59.882144 10.783563 109796 1031
1290523832 2412763 59.882147 10.783552 109923 1209
1290523833 2413773 59.882158 10.783559 117981 1010
1290523834 2414974 59.882156 10.783562 111547 1201
1290523835 2415986 59.882169 10.783551 93814 1012
1290523836 2417263 59.882176 10.783554 104039 1277
1290523837 2418264 59.882179 10.783558 103650 1001
1290523838 2419313 59.882191 10.783547 84279 1049
1290523839 2420314 59.882191 10.783547 115114 1001
1290523840 2421323 59.882205 10.783533 78238 1009
1290523841 2422332 59.882249 10.783493 104189 1009
1290523842 2423363 59.882249 10.783493 76888 1031
1290523843 2424383 59.882272 10.783465 107330 1020
1290523844 2425392 59.882344 10.78338 104458 1009
1290523845 2426453 59.882344 10.78338 88400 1061
1290523846 2427474 59.88243 10.783242 114319 1021
1290523847 2428493 59.882493 10.783171 44508 1019
1290523848 2429502 59.882493 10.783171 84932 1009
1290523849 2430503 59.882619 10.783008 105673 1001
1290523850 2431514 59.882683 10.78292 116647 1011
1290523851 2432532 59.882683 10.78292 85048 1018
1290523853 2433543 59.882834 10.782732 118592 1011
1290523854 2434603 59.882908 10.782629 89809 1060
1290523855 2435613 59.882908 10.782629 114482 1010
1290523856 2436634 59.883071 10.782392 85930 1021
1290523857 2437643 59.883162 10.782278 120402 1009
1290523858 2438653 59.883249 10.782161 92343 1010
1290523859 2439682 59.883345 10.782047 118308 1029
1290523860 2440893 59.883446 10.781916 95560 1211
1290523861 2441902 59.883446 10.781916 114912 1009
1290523862 2442922 59.883636 10.781651 58652 1020
1290523863 2444193 59.883737 10.781519 26340 1271
1290523864 2445194 59.883839 10.781371 121519 1001
1290523865 2446362 59.884035 10.781088 118585 1168
1290523867 2447555 59.884035 10.781088 50096 1193
1290523868 2448612 59.88413 10.780935 69768 1057
1290523869 2449613 59.884314 10.78061 108180 1001
1290523870 2450622 59.884314 10.78061 94466 1009
1290523871 2451623 59.884499 10.780306 91164 1001
1290523872 2452635 59.884588 10.780133 129683 1012
1290523873 2453712 59.884671 10.779978 94354 1077
1290523874 2454722 59.884754 10.779823 91977 1010
1290523875 2456222 59.884837 10.779667 189012 1195
1290523876 2457412 59.884993 10.779371 118692 1190
1290523877 2458413 59.885076 10.779215 120366 1001
1290523878 2459434 59.885076 10.779215 112632 1021
1290523879 2460442 59.88522 10.778915 104928 1007
1290523880 2461493 59.885294 10.778774 101104 1051
1290523882 2462692 59.885371 10.778636 125755 1199
1290523883 2463872 59.88544 10.778495 133412 1180
1290523884 2464874 59.8855 10.778368 72880 1002
1290523885 2465962 59.885557 10.778224 124072 1088
1290523886 2467172 59.885653 10.777949 127820 1210
1290523887 2468273 59.885653 10.777949 125925 1101
1290523888 2469282 59.885722 10.777664 123939 1009
1290523889 2470293 59.885738 10.777523 118896 1011
1290523890 2471372 59.885738 10.777523 52605 1079
1290523891 2472374 59.885763 10.777187 76441 1002
1290523892 2473392 59.885765 10.777022 96146 1018
1290523893 2474393 59.885765 10.777022 117574 1001
1290523894 2475433 59.885748 10.77669 125568 1040
1290523896 2476552 59.885733 10.776539 137197 1119
1290523897 2477622 59.885726 10.776389 139378 1070
1290523898 2478693 59.885728 10.776224 140352 1071
1290523899 2479702 59.885728 10.776095 119840 1009
1290523900 2480713 59.885736 10.775951 140350 1011
1290523901 2481722 59.885745 10.775808 134528 1009
1290523902 2482732 59.885761 10.775667 99747 1010
1290523903 2483742 59.88578 10.775544 134112 1010
1290523904 2484782 59.885802 10.775425 102960 1040
1290523905 2485783 59.885828 10.775323 143707 1001
1290523906 2486793 59.885851 10.775239 139605 1010
1290523907 2487802 59.885872 10.775137 79661 1009
1290523908 2488881 59.885895 10.77507 56318 1079
1290523909 2489892 59.885922 10.774989 83852 1011
1290523910 2491052 59.885947 10.774887 164713 1160
1290523911 2492091 59.885947 10.774887 129514 1039
1290523912 2493092 59.885962 10.774855 19479 1001
1290523913 2494112 59.885968 10.774838 53352 1020
1290523914 2495132 59.885974 10.77482 74903 1020
1290523915 2496142 59.885986 10.774823 118791 1010
1290523916 2497143 59.885982 10.774823 143941 1001
1290523917 2498144 59.885982 10.774823 157353 1001
1290523918 2499302 59.885983 10.774806 145504 1158
1290523919 2500312 59.885991 10.774809 136557 1010
1290523920 2501461 59.885991 10.774809 191869 1149
1290523921 2502522 59.885985 10.774827 183102 1061
1290523922 2503533 59.885985 10.774827 175526 1011
1290523924 2504542 59.885985 10.774827 158626 1009
1290523925 2505553 59.885991 10.774848 163530 1011
1290523926 2506712 59.885994 10.774851 155989 1159
1290523927 2507802 59.885994 10.774851 178942 1090
1290523928 2508961 59.886002 10.774854 168806 1159
1290523929 2510192 59.886005 10.774858 155376 1231
1290523930 2511202 59.886017 10.774847 145118 1009
1290523931 2512233 59.886025 10.77485 120565 1031
1290523932 2513242 59.886025 10.77485 142767 1009
1290523933 2514281 59.886035 10.774857 131878 1039
1290523934 2515282 59.886035 10.774857 130686 1001
1290523935 2516331 59.886035 10.774857 74067 1049
1290523936 2517332 59.886031 10.774857 70994 1001
1290523937 2518402 59.886017 10.774818 75426 1070
1290523938 2519411 59.886017 10.774818 64296 1009
1290523939 2520521 59.886029 10.774769 70577 1110
1290523940 2521534 59.886046 10.77472 102465 1013
1290523942 2522541 59.886046 10.77472 59942 1007
1290523943 2523561 59.886089 10.774551 64858 1020
1290523944 2524631 59.886116 10.77447 70552 1070
1290523945 2525731 59.886141 10.774368 70635 1100
1290523946 2526811 59.886167 10.774266 73974 1080
1290523947 2528082 59.886192 10.774164 32832 1271
1290523948 2529121 59.886192 10.774164 72573 1039
1290523949 2530141 59.886268 10.773935 56777 1020
1290523950 2531161 59.886315 10.773822 65664 1020
1290523951 2532421 59.886315 10.773822 55861 1260
1290523952 2533451 59.886357 10.77371 55958 1030
1290523953 2534471 59.886476 10.773459 42166 1020
1290523954 2535511 59.88656 10.773324 46582 1040
1290523956 2536741 59.886639 10.773207 58824 1230
1290523957 2537742 59.886722 10.77309 109600 1001
1290523958 2538752 59.886903 10.772863 105992 1010
1290523959 2539761 59.88698 10.772764 138033 1009
1290523960 2540771 59.887066 10.772664 132679 1010
1290523961 2541831 59.887156 10.772568 100378 1060
1290523962 2542841 59.887237 10.772469 148397 1010
1290523963 2543861 59.887237 10.772469 51943 1020
1290523964 2544872 59.887323 10.772369 58824 1011
1290523965 2546061 59.887479 10.772167 41991 1189
1290523966 2547180 59.88756 10.772067 79082 1119
1290523967 2548421 59.887717 10.771848 91728 1240
1290523969 2549661 59.887717 10.771848 71984 1240
1290523970 2550721 59.887794 10.771762 65664 1060
1290523971 2552020 59.887925 10.771568 43876 1299
1290523972 2553071 59.887989 10.771497 75016 1050
1290523973 2554081 59.888111 10.771316 94764 1010
1290523974 2555161 59.888111 10.771316 123285 1080
1290523975 2556163 59.888239 10.771157 177191 1002
1290523976 2557251 59.888296 10.771065 132009 1088
1290523977 2558471 59.888296 10.771065 144656 1220
1290523979 2559601 59.888417 10.770902 173680 1130
1290523980 2560811 59.888474 10.77081 153115 1210
1290523981 2561812 59.888539 10.770721 138710 1001
1290523982 2562981 59.888596 10.770629 144066 1169
1290523983 2564021 59.888653 10.770537 160458 1040
1290523984 2565023 59.888718 10.770449 160400 1002
1290523985 2566032 59.888845 10.770254 229025 1009
1290523986 2567040 59.888845 10.770254 159309 1008
1290523987 2568051 59.888911 10.770148 157736 1011
1290523988 2569240 59.889065 10.769925 144342 1189
1290523989 2570251 59.889065 10.769925 173165 1011
1290523990 2571381 59.889223 10.769687 136272 1130
1290523991 2572390 59.889311 10.76957 168336 1009
1290523992 2573391 59.889311 10.76957 178457 1001
1290523993 2574392 59.889487 10.769319 179089 1001
1290523994 2575411 59.889576 10.769184 166128 1019
1290523995 2576421 59.889576 10.769184 99904 1010
1290523996 2577431 59.889768 10.768901 155549 1010
1290523997 2578432 59.889871 10.768752 100419 1001
1290523998 2579451 59.889871 10.768752 162813 1019
1290523999 2580471 59.890076 10.768455 138827 1020
1290524000 2581472 59.890169 10.76832 128608 1001
1290524002 2582700 59.890272 10.768171 126580 1228
1290524003 2583711 59.890374 10.768022 129672 1011
1290524004 2584880 59.890483 10.767895 143182 1169
1290524005 2585900 59.890585 10.767746 131625 1020
1290524006 2586940 59.890687 10.767615 92659 1040
1290524007 2587941 59.890781 10.767462 137475 1001
1290524008 2588950 59.890879 10.767314 157642 1009
1290524009 2590000 59.890974 10.767162 113162 1050
1290524010 2591010 59.891074 10.766995 158960 1010
1290524011 2592020 59.891176 10.766794 148851 1010
1290524012 2593032 59.891352 10.766399 147545 1012
1290524013 2594251 59.891352 10.766399 147664 1219
1290524014 2595252 59.891525 10.765986 149601 1001
1290524015 2596451 59.89162 10.765781 170506 1199
1290524017 2597671 59.89162 10.765781 103764 1220
1290524018 2598673 59.891802 10.765406 169920 1002
1290524019 2599971 59.891885 10.765198 164857 1298
1290524020 2600980 59.89197 10.765008 177978 1009
1290524021 2602210 59.892128 10.764641 159400 1230
1290524022 2603220 59.892128 10.764641 152074 1010
1290524023 2604401 59.892318 10.764284 148552 1181
1290524024 2605460 59.892423 10.764138 142241 1059
1290524026 2606750 59.892523 10.763972 131393 1290
1290524027 2607940 59.892613 10.76382 123249 1190
1290524028 2609090 59.892716 10.763671 117963 1150
1290524029 2610092 59.892814 10.763522 132385 1002
1290524030 2611100 59.893016 10.763246 139400 1008
1290524031 2612110 59.893016 10.763246 181470 1010
1290524032 2613111 59.893114 10.763097 109390 1001
1290524033 2614130 59.89332 10.762824 144639 1019
1290524034 2615131 59.89332 10.762824 159900 1001
1290524035 2616140 59.893531 10.762571 159787 1009
1290524036 2617150 59.893638 10.762446 110689 1010
1290524037 2618260 59.893638 10.762446 107899 1110
1290524038 2619261 59.893737 10.762336 148679 1001
1290524039 2620270 59.893976 10.762146 118160 1009
1290524040 2621320 59.893976 10.762146 132694 1050
1290524041 2622350 59.894227 10.761998 167609 1030
1290524042 2623380 59.894347 10.76193 120776 1030
1290524043 2624390 59.894347 10.76193 95220 1010
1290524044 2625400 59.894593 10.761852 97727 1010
1290524045 2626420 59.894714 10.761804 67108 1020
1290524046 2627509 59.894714 10.761804 72715 1089
1290524047 2628519 59.894834 10.761774 45144 1009
1290524048 2629520 59.894955 10.761726 24624 1001
1290524049 2630529 59.895069 10.761675 12312 1009
1290524051 2631570 59.895187 10.761624 15588 1040
1290524052 2632670 59.895311 10.761594 16416 1100
1290524053 2633690 59.895426 10.761578 25992 1020
1290524054 2634709 59.895551 10.761548 37396 1019
1290524055 2635719 59.895678 10.761535 71136 1010
1290524056 2636730 59.895934 10.76144 66181 1011
1290524057 2637759 59.896054 10.761371 98762 1029
1290524058 2638769 59.896174 10.761302 60640 1010
1290524059 2639770 59.896174 10.761302 53352 1001
1290524060 2640810 59.896396 10.761176 29769 1040
1290524061 2641812 59.896496 10.761101 67032 1002
1290524062 2642819 59.896496 10.761101 68771 1007
1290524063 2643829 59.896696 10.76095 104926 1010
1290524064 2644849 59.896779 10.760886 94444 1020
1290524065 2645871 59.896779 10.760886 91795 1022
1290524066 2646970 59.896921 10.760789 100173 1099
1290524067 2648009 59.896982 10.760753 72553 1039
1290524068 2649039 59.896982 10.760753 47880 1030
1290524069 2650050 59.897078 10.760674 19711 1011
1290524070 2651099 59.897127 10.760635 28728 1049
1290524071 2652129 59.897127 10.760635 35389 1030
1290524073 2653820 59.897192 10.760599 10702 1691
1290524075 2656210 59.89723 10.760591 36936 2390
1290524077 2657670 59.89723 10.760591 10944 1460
1290524078 2659050 59.89728 10.760587 35903 1380
1290524079 2660130 59.897298 10.760573 27360 1080
1290524080 2661179 59.897308 10.760555 11761 1049
1290524081 2662380 59.897326 10.760541 16416 1201
1290524082 2663429 59.897344 10.760527 17784 1049
1290524111 2691632 59.897344 10.760527 12312 28203
1290524112 2692693 59.897368 10.760495 10578 1061
1290524113 2693703 59.897388 10.760463 21888 1010
1290524114 2694708 59.897388 10.760463 8208 1005
1290524115 2695922 59.897406 10.760449 10944 1214
1290524116 2696923 59.89743 10.760417 25877 1001
1290524117 2697932 59.89743 10.760417 36936 1009
1290524118 2698963 59.89746 10.760368 38797 1031
1290524119 2700163 59.89747 10.76035 45387 1200
1290524120 2701172 59.897476 10.760333 28728 1009
1290524121 2702196 59.897487 10.760315 16416 1024
1290524122 2703217 59.897497 10.760298 34694 1021
1290524123 2704312 59.897503 10.76028 1368 1095
1290524124 2705322 59.897518 10.760263 60094 1009
1290524126 2706542 59.897518 10.760263 25992 1220
1290524127 2707582 59.897548 10.760213 38528 1040
1290524128 2709053 59.897568 10.760182 19152 1470
1290524129 2710062 59.897568 10.760182 38304 1009
1290524131 2711563 59.897598 10.760118 10480 1501
1290524133 2713595 59.897616 10.760104 17784 2032
1290524134 2714602 59.897616 10.760104 34200 1007
1290524135 2715622 59.897637 10.760055 33598 1020
1290524136 2716623 59.897652 10.760023 34200 1001
1290524137 2717672 59.897661 10.760009 26772 1049
1290524138 2718692 59.897664 10.759973 51984 1020
1290524140 2720537 59.897674 10.759942 32172 1845
1290524141 2721544 59.897703 10.759881 59299 1007
1290524142 2722576 59.897711 10.759832 58824 1032
1290524143 2723629 59.897721 10.7598 57720 1053
1290524144 2724642 59.897748 10.759719 32177 1013
1290524145 2725662 59.897748 10.759719 72504 1020
1290524146 2726832 59.897775 10.759638 26736 1170
1290524147 2727882 59.897786 10.759606 43776 1050
1290524148 2728892 59.897801 10.759575 19796 1010
1290524149 2729912 59.897817 10.759525 56088 1019
1290524150 2730952 59.897828 10.759494 44941 1040
1290524151 2731973 59.897846 10.759465 42408 1021
1290524152 2732992 59.897888 10.759391 30818 1019
1290524153 2734262 59.897911 10.759362 34776 1270
1290524154 2735295 59.89797 10.759291 138747 1033
1290524155 2736302 59.898032 10.759223 104923 1007
1290524156 2737312 59.898088 10.759173 140890 1010
1290524158 2738639 59.89815 10.759144 102604 1326
1290524159 2739644 59.898212 10.759115 84694 1005
1290524160 2740672 59.898244 10.75911 96480 1028
1290524161 2741682 59.898313 10.759102 91578 1010
1290524162 2742683 59.898395 10.759079 94790 1001
1290524163 2743852 59.898501 10.759063 132554 1169
1290524164 2744942 59.898685 10.759039 147281 1090
1290524165 2746033 59.898812 10.759012 146114 1091
1290524166 2747142 59.898938 10.758964 148114 1109
1290524167 2748172 59.899056 10.758899 131276 1030
1290524168 2749282 59.899244 10.758798 163219 1110
1290524169 2750302 59.899371 10.758785 145781 1020
1290524170 2751312 59.899473 10.758836 133678 1010
1290524171 2752313 59.899583 10.75889 135529 1001
1290524172 2753332 59.89968 10.759032 95163 1019
1290524173 2754442 59.899764 10.759189 95203 1110
1290524174 2755452 59.899852 10.759362 106052 1009
1290524175 2756453 59.899936 10.759571 102350 1001
1290524177 2757582 59.900016 10.75978 122352 1129
1290524178 2758593 59.900086 10.760003 125501 1011
1290524179 2759602 59.900148 10.760241 138419 1009
1290524180 2760642 59.900211 10.760475 99034 1040
1290524181 2761644 59.900257 10.760667 120365 1002
1290524182 2762792 59.900288 10.760891 161740 1148
1290524183 2763793 59.900338 10.761139 196759 1001
1290524184 2764843 59.900416 10.761432 154056 1050
1290524185 2765853 59.900439 10.761548 190622 1010
1290524186 2766921 59.900467 10.761663 150414 1068
1290524187 2768052 59.900489 10.761796 195528 1131
1290524188 2769092 59.900543 10.76203 210496 1040
1290524189 2770222 59.90056 10.762163 241096 1130
1290524190 2771342 59.90056 10.762163 214932 1120
1290524191 2772343 59.900581 10.762404 178803 1001
1290524192 2773442 59.900598 10.762537 166500 1099
1290524193 2774452 59.900598 10.762537 165649 1010
1290524194 2775533 59.900628 10.762817 166177 1081
1290524196 2776553 59.90065 10.76295 136420 1020
1290524197 2777554 59.90065 10.76295 184176 1001
1290524198 2778561 59.900701 10.763257 138489 1007
1290524199 2779592 59.90073 10.763394 158402 1031
1290524200 2780742 59.900758 10.763547 166779 1149
1290524201 2781921 59.900803 10.76369 161531 1178
1290524202 2782931 59.900846 10.763812 169196 1010
1290524203 2783932 59.900883 10.763952 122702 1001
1290524204 2784942 59.900924 10.764077 108387 1010
1290524205 2785951 59.900963 10.764199 112218 1009
1290524206 2786961 59.901003 10.764304 100919 1010
1290524207 2788101 59.901086 10.764516 142067 1140
1290524208 2789281 59.901086 10.764516 139394 1180
1290524209 2790441 59.901144 10.764722 145318 1160
1290524210 2791442 59.901175 10.764826 140566 1001
1290524211 2792451 59.901175 10.764826 118457 1009
1290524212 2793452 59.901237 10.765049 106176 1001
1290524213 2794461 59.901271 10.765171 158559 1009
1290524214 2795473 59.901271 10.765171 121511 1012
1290524215 2796481 59.901337 10.765394 127580 1008
1290524216 2797491 59.901377 10.765499 116685 1010
1290524217 2798501 59.901377 10.765499 119543 1010
1290524219 2799621 59.901457 10.765708 135000 1120
1290524220 2800661 59.901504 10.765815 136675 1040
1290524221 2801681 59.901504 10.765815 137995 1020
1290524222 2802691 59.90158 10.766024 93136 1010
1290524223 2803692 59.901601 10.766105 135165 1001
1290524224 2804711 59.901623 10.766185 96492 1019
1290524225 2805721 59.901632 10.766262 151967 1010
1290524226 2806731 59.901646 10.766339 96484 1010
1290524227 2807751 59.901656 10.766415 117619 1020
1290524228 2808752 59.901666 10.766475 142147 1001
1290524229 2809761 59.901671 10.766513 149270 1009
1290524230 2810781 59.901682 10.766573 117584 1020
1290524231 2811801 59.901701 10.766635 117754 1020
1290524232 2812821 59.90171 10.766712 112224 1020
1290524233 2813921 59.90172 10.766789 79708 1100
1290524234 2814941 59.90173 10.766848 100311 1020
1290524235 2815961 59.901741 10.766908 109385 1020
1290524236 2816991 59.901741 10.766908 69187 1030
1290524237 2818021 59.901772 10.767012 87896 1030
1290524238 2819071 59.901789 10.767054 19438 1050
1290524239 2820081 59.901801 10.767096 55406 1010
1290524240 2821091 59.90184 10.767165 101420 1010
1290524241 2822112 59.90184 10.767165 109345 1021
1290524242 2823121 59.901867 10.767213 197301 1009
1290524243 2824241 59.901927 10.767258 177997 1120
1290524244 2825251 59.901927 10.767258 188966 1010
1290524245 2826321 59.90199 10.767305 154972 1070
1290524246 2827391 59.902022 10.76734 194291 1070
1290524247 2828521 59.902022 10.76734 189723 1130
1290524249 2829621 59.902091 10.767408 180489 1100
1290524250 2830651 59.902135 10.767446 194504 1030
1290524251 2831691 59.902172 10.76748 224178 1040
1290524252 2832761 59.902213 10.7675 134913 1070
1290524253 2833801 59.902251 10.767517 165515 1040
1290524254 2834802 59.902285 10.767533 178794 1001
1290524255 2835803 59.902312 10.767529 185819 1001
1290524256 2836811 59.902344 10.767511 178141 1008
1290524257 2837971 59.902354 10.767521 201174 1160
1290524258 2838981 59.902377 10.767517 197603 1010
1290524259 2840001 59.9024 10.767512 197255 1020
1290524260 2841011 59.902421 10.767526 188409 1010
1290524261 2842072 59.902476 10.767517 183007 1061
1290524262 2843181 59.902476 10.767517 178348 1109
1290524263 2844351 59.902539 10.767526 230222 1170
1290524264 2845352 59.902561 10.767536 201035 1001
1290524265 2846353 59.902561 10.767536 172336 1001
1290524266 2847451 59.902616 10.767556 144842 1098
1290524267 2848511 59.902648 10.767566 148314 1060
1290524268 2849520 59.902648 10.767566 124177 1009
1290524269 2850530 59.902691 10.767545 76840 1010
1290524270 2851531 59.902712 10.767534 60996 1001
1290524272 2852661 59.902737 10.767523 71577 1130
1290524273 2853672 59.902751 10.767509 163595 1011
1290524274 2854710 59.902777 10.767498 190961 1038
1290524275 2855711 59.902789 10.767501 169739 1001
1290524276 2856720 59.902801 10.767505 186867 1009
1290524277 2857761 59.902793 10.767501 168763 1041
1290524278 2858770 59.902784 10.767515 197836 1008
1290524279 2859780 59.90278 10.767515 141174 1010
1290524280 2860800 59.902781 10.767498 83552 1020
1290524281 2861830 59.902784 10.767501 119133 1030
1290524282 2862831 59.902789 10.767487 192227 1001
1290524283 2863981 59.902792 10.76749 195168 1150
1290524284 2864991 59.902792 10.767476 241013 1009
1290524285 2866001 59.902789 10.767459 296958 1010
1290524286 2867141 59.902792 10.767462 211880 1140
1290524287 2868151 59.902792 10.767448 209887 1009
1290524288 2869181 59.9028 10.767451 195857 1030
1290524289 2870361 59.9028 10.767451 222511 1180
1290524290 2871362 59.902814 10.767475 217996 1001
1290524291 2872481 59.902824 10.767496 195079 1119
1290524292 2873482 59.902824 10.767496 226477 1001
1290524293 2874520 59.902847 10.76752 220096 1038
1290524295 2875650 59.902856 10.76752 183140 1130
1290524296 2876660 59.902867 10.767541 146169 1009
1290524297 2877661 59.902881 10.76758 159744 1001
1290524298 2878672 59.902896 10.767639 221642 1011
1290524299 2879800 59.902922 10.767719 169921 1128
1290524300 2880801 59.902956 10.767803 167925 1001
1290524301 2881810 59.902976 10.767862 169857 1009
1290524302 2882811 59.902993 10.767904 159281 1001
1290524303 2883890 59.903003 10.767925 165167 1079
1290524304 2884900 59.903014 10.767946 135015 1010
1290524305 2885901 59.903032 10.76797 182783 1001
1290524306 2886931 59.903042 10.768008 152634 1030
1290524307 2887940 59.903057 10.768029 141961 1009
1290524308 2888941 59.903072 10.76805 143712 1001
1290524309 2890020 59.903069 10.768047 117958 1079
1290524310 2891021 59.903079 10.768029 190447 1001
1290524311 2892030 59.90309 10.768012 159747 1009
1290524312 2893040 59.903109 10.767942 154411 1010
1290524313 2894050 59.903109 10.767942 118571 1010
1290524314 2895140 59.903157 10.767825 137597 1090
1290524315 2896240 59.903199 10.767765 162548 1100
1290524316 2897361 59.903199 10.767765 136929 1121
1290524317 2898480 59.903284 10.767697 151566 1118
1290524318 2899490 59.903332 10.767672 117896 1010
1290524320 2900620 59.903382 10.767668 111600 1130
1290524321 2901643 59.903424 10.767661 88227 1023
1290524322 2902650 59.903471 10.767653 75085 1007
1290524323 2903660 59.903513 10.767646 78888 1010
1290524324 2904671 59.903557 10.76762 79164 1011
1290524325 2905680 59.903601 10.767595 82295 1009
1290524326 2906690 59.903601 10.767595 87768 1010
1290524327 2907750 59.903678 10.767486 114826 1060
1290524328 2908760 59.903729 10.767426 138641 1010
1290524329 2909770 59.90378 10.767365 115880 1010
1290524330 2910780 59.903827 10.767305 107316 1010
1290524331 2911789 59.903875 10.767227 101735 1009
1290524332 2912900 59.903875 10.767227 30096 1111
1290524333 2913905 59.903926 10.767167 16384 1004
1290524334 2914919 59.904012 10.767082 68062 1014
1290524335 2916099 59.904048 10.767053 100274 1180
1290524336 2917109 59.904169 10.767034 115745 1009
1290524337 2918129 59.904169 10.767034 42408 1020
1290524338 2919352 59.904169 10.767034 23882 1223
1290524339 2920360 59.904387 10.767136 117876 1008
1290524340 2921361 59.904387 10.767136 118044 1001
1290524341 2922369 59.904545 10.767204 118017 1008
1290524342 2923371 59.904619 10.767245 169916 1002
1290524343 2924469 59.904619 10.767245 137032 1098
1290524344 2925479 59.904766 10.767291 135261 1010
1290524346 2926551 59.904832 10.767294 116498 1072
1290524347 2927680 59.904885 10.767293 125043 1129
1290524348 2928681 59.904929 10.767306 96230 1001
1290524349 2929699 59.90497 10.767302 76981 1018
1290524350 2930719 59.90497 10.767302 47963 1020
1290524351 2931739 59.905033 10.767322 17441 1020
1290524352 2932759 59.905059 10.76735 41040 1020
1290524353 2933779 59.905059 10.76735 26654 1020
1290524354 2934819 59.905093 10.767381 34200 1040
1290524355 2935839 59.905154 10.767422 25170 1020
1290524356 2936879 59.905154 10.767422 25992 1040
1290524357 2938319 59.905189 10.767435 8208 1440
1290524358 2939329 59.905275 10.767412 19072 1009
1290524359 2940339 59.905275 10.767412 68400 1010
1290524360 2941368 59.905394 10.7674 27023 1029
1290524361 2942409 59.905461 10.767423 6840 1041
1290524363 2943749 59.905461 10.767423 2736 1340
1290524364 2944767 59.905579 10.767502 35575 1018
1290524365 2945769 59.905644 10.76756 89088 1002
1290524366 2946789 59.905761 10.767656 109430 1020
1290524367 2947799 59.905814 10.767694 125017 1010
1290524368 2948809 59.905814 10.767694 66969 1010
1290524369 2949849 59.905883 10.767738 69389 1040
1290524370 2950909 59.905897 10.767762 115113 1060
1290524371 2952009 59.905912 10.767769 129991 1100
1290524372 2953019 59.905926 10.767793 83950 1010
1290524373 2954179 59.905933 10.767796 96791 1160
1290524374 2955249 59.905947 10.767821 127558 1070
1290524375 2956319 59.905953 10.767842 128239 1070
1290524376 2957379 59.905953 10.767842 113405 1060
1290524377 2958389 59.905964 10.767862 101531 1010
1290524379 2959609 59.905975 10.767883 86423 1220
1290524380 2960619 59.905975 10.767883 97127 1010
1290524381 2961771 59.905985 10.767904 137377 1152
1290524382 2962909 59.905985 10.767904 178726 1138
1290524383 2963919 59.905988 10.767922 155207 1010
1290524384 2964920 59.906 10.767925 144795 1001
1290524385 2966089 59.905999 10.767943 107375 1169
1290524386 2967099 59.906011 10.767946 100662 1010
1290524387 2968100 59.906011 10.767946 96116 1001
1290524388 2969101 59.906011 10.767946 65598 1001
1290524389 2970109 59.906017 10.767967 75885 1008
1290524390 2971119 59.906029 10.76797 100128 1010
1290524391 2972129 59.906029 10.76797 114660 1010
1290524392 2973190 59.906042 10.767974 91028 1061
1290524393 2974199 59.906081 10.767987 78521 1009
1290524394 2975209 59.906081 10.767987 68574 1010
1290524395 2976248 59.906081 10.767987 53352 1039
1290524396 2977259 59.906134 10.767986 19645 1011
1290524397 2978269 59.906162 10.767996 35568 1010
1290524398 2979288 59.906201 10.768009 32054 1019
1290524399 2980289 59.906238 10.768005 30096 1001
1290524400 2981361 59.906277 10.768019 26176 1072
1290524401 2982379 59.906277 10.768019 38304 1018
1290524402 2983449 59.906361 10.768031 25580 1070
1290524403 2984508 59.906396 10.768045 28728 1059
1290524404 2985509 59.906396 10.768045 27360 1001
1290524405 2986519 59.906481 10.768039 39145 1010
1290524407 2987556 59.906532 10.768056 41132 1037
1290524408 2988598 59.906622 10.768051 65243 1042
1290524409 2989599 59.906677 10.768033 109127 1001
1290524410 2990609 59.906677 10.768033 62914 1010
1290524411 2991618 59.906725 10.768032 41040 1009
1290524412 2992738 59.906834 10.768033 29076 1120
1290524413 2994362 59.906834 10.768033 4104 1624
1290524414 2995369 59.906884 10.768015 57456 1007
1290524415 2996378 59.907004 10.767985 86449 1009
1290524416 2997478 59.907101 10.767945 64945 1100
1290524418 2998599 59.907136 10.76792 59565 1121
1290524419 2999678 59.907136 10.76792 45449 1079
1290524420 3000728 59.907169 10.767912 25992 1050
1290524421 3001808 59.9072 10.767887 10944 1080
1290524422 3002919 59.907225 10.767876 12312 1111
1290524423 3003958 59.907247 10.767865 14483 1039
1290524424 3004959 59.907272 10.767854 54720 1001
1290524425 3006148 59.907319 10.767833 73637 1189
1290524426 3007149 59.907365 10.767828 62880 1001
1290524427 3008168 59.907365 10.767828 43776 1019
1290524428 3009178 59.907365 10.767828 59042 1010
1290524429 3010318 59.907413 10.767842 75713 1140
1290524430 3011361 59.907413 10.767842 45144 1043
1290524431 3012388 59.907415 10.767877 31025 1027
1290524432 3013408 59.90741 10.767891 46512 1020
1290524433 3014428 59.90741 10.767891 38304 1020
1290524434 3015458 59.90742 10.767929 51267 1030
1290524435 3016498 59.907427 10.767933 32595 1040
1290524436 3017508 59.907427 10.767933 69031 1010
1290524438 3018549 59.90746 10.767925 63954 1041
1290524439 3019568 59.907486 10.767914 31464 1019
1290524440 3020728 59.907507 10.767904 60590 1160
1290524441 3021768 59.907533 10.767893 64109 1040
1290524442 3022838 59.907542 10.767878 64006 1070
1290524443 3023848 59.907562 10.767885 67032 1010
1290524444 3024858 59.90756 10.76785 69829 1010
1290524445 3025869 59.907565 10.76785 69544 1011
1290524446 3026898 59.907574 10.767836 80760 1029
1290524447 3027909 59.907572 10.767815 66616 1011
1290524448 3028928 59.907574 10.767797 78946 1019
1290524449 3029938 59.907586 10.767801 69239 1010
1290524450 3030948 59.907586 10.767801 68942 1010
1290524451 3031958 59.907598 10.767804 62558 1010
1290524452 3033138 59.907609 10.767825 70316 1180
1290524453 3034148 59.907621 10.767828 72504 1010
1290524454 3035178 59.907637 10.767832 46377 1030
1290524455 3036198 59.907671 10.767824 34910 1020
1290524456 3037228 59.907695 10.767831 43776 1030
1290524457 3038248 59.907724 10.767823 31781 1020
1290524458 3039258 59.907724 10.767823 47880 1010
1290524459 3040268 59.907775 10.767801 46645 1010
1290524460 3041269 59.907796 10.767791 104201 1001
1290524461 3042278 59.9078305 10.767801 106660 1009
1290524462 3043288 59.907865 10.767811 105937 1010
1290524463 3044297 59.907865 10.767811 59115 1009
1290524464 3045298 59.90791 10.767806 58232 1001
1290524465 3046308 59.908001 10.767798 123497 1010
1290524466 3047318 59.908001 10.767798 87112 1010
1290524467 3048388 59.908077 10.767821 88472 1070
1290524469 3049569 59.908117 10.767835 121408 1181
1290524470 3050718 59.908143 10.767862 159615 1149
1290524471 3051788 59.90817 10.767872 152720 1070
1290524472 3052818 59.908184 10.767897 184602 1030
1290524473 3053819 59.908184 10.767897 210928 1001
1290524474 3054838 59.908199 10.767903 160021 1019
1290524475 3055858 59.908207 10.767907 188909 1020
1290524476 3056868 59.908204 10.767889 187831 1010
1290524477 3057918 59.908204 10.767889 152129 1050
1290524478 3058938 59.908199 10.767889 146241 1020
1290524479 3059949 59.908199 10.767889 161754 1011
1290524480 3060998 59.908207 10.767892 99856 1049
1290524481 3062098 59.90822 10.767917 121991 1100
1290524482 3063109 59.908243 10.767927 143570 1011
1290524483 3064118 59.908259 10.767933 132717 1009
1290524484 3065248 59.908259 10.767933 130225 1130
1290524485 3066408 59.908289 10.767947 132741 1160
1290524486 3067457 59.908295 10.767967 125364 1049
1290524487 3068458 59.908295 10.767967 107316 1001
1290524488 3069488 59.908291 10.768006 119132 1030
1290524489 3070498 59.908284 10.768041 125268 1010
1290524490 3071517 59.908284 10.768041 131649 1019
1290524492 3072537 59.908278 10.768059 84354 1020
1290524493 3073554 59.908273 10.768059 110162 1017
1290524494 3074557 59.908273 10.768059 72999 1003
1290524495 3075568 59.908284 10.768065 105225 1011
1290524496 3076580 59.90829575 10.76806575 95690 1012
1290524497 3077587 59.9083075 10.7680665 138843 1007
1290524498 3078608 59.90831925 10.76806725 70435 1021
1290524499 3079639 59.908331 10.768068 88761 1031
1290524500 3080647 59.908331 10.768068 68819 1008
1290524501 3081668 59.9083765 10.76803025 53829 1021
1290524502 3082677 59.908422 10.7679925 64226 1009
1290524503 3083697 59.9084675 10.76795475 73665 1020
1290524504 3084767 59.908513 10.767917 61656 1070
1290524505 3085777 59.908527 10.767941 47880 1010
1290524506 3086798 59.908527 10.767941 37320 1021
1290524507 3087807 59.908527 10.76798 51280 1009
1290524508 3088879 59.908521 10.767997 55569 1072
1290524509 3089897 59.908521 10.767997 84113 1018
1290524510 3090898 59.908529 10.768053 82531 1001
1290524511 3091907 59.908532 10.768071 76178 1009
1290524512 3093300 59.908532 10.768071 23256 1393
1290524513 3094307 59.908561 10.76813 57810 1006
1290524514 3095318 59.908574 10.768169 113958 1011
1290524515 3096319 59.908603 10.768228 190637 1001
1290524516 3097417 59.908594 10.768204 174032 1098
1290524517 3098427 59.908594 10.768204 171215 1010
1290524518 3099437 59.908621 10.76819 138252 1010
1290524520 3100638 59.908627 10.768172 169186 1201
1290524521 3101640 59.908627 10.768172 167469 1002
1290524522 3102837 59.908646 10.768063 141124 1197
1290524523 3104017 59.908656 10.767993 174842 1180
1290524524 3105187 59.908673 10.767905 148698 1170
1290524525 3106197 59.908716 10.767698 89026 1010
1290524526 3107387 59.908716 10.767698 147702 1190
1290524527 3108397 59.908765 10.767512 113813 1010
1290524528 3109417 59.908789 10.767427 105457 1020
1290524529 3110428 59.908789 10.767427 78346 1011
1290524530 3111437 59.908862 10.767247 70218 1009
1290524531 3112447 59.908895 10.767149 57186 1010
1290524532 3113457 59.908895 10.767149 48800 1010
1290524533 3114468 59.908965 10.767007 48950 1011
1290524534 3115497 59.90899 10.766944 82080 1029
1290524536 3116598 59.90899 10.766944 63230 1101
1290524537 3117608 59.909029 10.766866 62428 1009
1290524538 3118696 59.909049 10.76682 25465 1088
1290524539 3119697 59.909049 10.76682 56088 1001
1290524540 3120726 59.909079 10.766757 61325 1029
1290524541 3121816 59.909093 10.766742 64898 1090
1290524542 3122817 59.909093 10.766742 112327 1001
1290524543 3123836 59.909112 10.766696 51011 1019
1290524544 3124877 59.909123 10.766665 40799 1041
1290524545 3125897 59.909123 10.766665 49248 1020
1290524546 3126997 59.909154 10.766569 19079 1100
1290524547 3128207 59.909166 10.76652 13680 1210
1290524548 3129226 59.909186 10.766474 44259 1019
1290524549 3130417 59.909211 10.766358 106937 1191
1290524550 3131457 59.909211 10.766358 148594 1040
1290524552 3132547 59.909243 10.76621 137572 1090
1290524553 3133557 59.909273 10.766093 126889 1010
1290524554 3134558 59.909273 10.766093 117791 1001
1290524555 3135567 59.909336 10.765864 122671 1009
1290524556 3136577 59.909382 10.765737 137811 1010
1290524557 3137766 59.90942 10.765624 152455 1189
1290524558 3138787 59.909466 10.765497 116995 1021
1290524559 3139888 59.909504 10.765384 80661 1101
1290524560 3140896 59.909504 10.765384 72504 1008
1290524561 3141916 59.909579 10.76512 65710 1020
1290524562 3142936 59.909622 10.76499 105045 1020
1290524563 3143947 59.909666 10.764859 115084 1011
1290524564 3145037 59.909769 10.764602 92603 1090
1290524565 3146268 59.909769 10.764602 110356 1230
1290524566 3147376 59.909817 10.764471 103108 1108
1290524567 3148386 59.909852 10.764355 104987 1010
1290524568 3149396 59.909895 10.764225 55906 1010
1290524569 3150407 59.909982 10.763978 86433 1010
1290524570 3151416 59.910018 10.763844 56543 1009
1290524571 3152427 59.910018 10.763844 55082 1011
1290524572 3153459 59.9101 10.763597 47027 1032
1290524573 3154486 59.910141 10.763464 25419 1027
1290524575 3155556 59.910141 10.763464 35568 1070
1290524577 3157562 59.91018 10.763333 16384 2006
1290524578 3158756 59.910258 10.763086 88099 1194
1290524579 3159766 59.910328 10.762822 167699 1010
1290524580 3160780 59.910372 10.762692 137322 1014
1290524581 3161786 59.910418 10.762579 142353 1006
1290524582 3162796 59.910466 10.762448 130335 1010
1290524583 3163856 59.910502 10.762315 92966 1060
1290524584 3164876 59.910539 10.762163 98510 1020
1290524585 3165896 59.910571 10.762044 86132 1020
1290524586 3166916 59.910597 10.761924 98221 1020
1290524587 3167926 59.910597 10.761924 68622 1010
1290524588 3169086 59.910696 10.761604 70431 1160
1290524589 3170096 59.910696 10.761604 70716 1010
1290524590 3171226 59.910755 10.761414 108758 1130
1290524591 3172229 59.910778 10.761309 119334 1003
1290524592 3173256 59.910778 10.761309 66542 1027
1290524593 3174266 59.910807 10.761207 80257 1010
1290524594 3175286 59.910864 10.760985 96410 1020
1290524595 3176446 59.910864 10.760985 98691 1160
1290524596 3177466 59.910931 10.76077 103734 1020
1290524598 3178566 59.910964 10.760672 98748 1100
1290524599 3179586 59.910964 10.760672 106246 1020
1290524600 3180796 59.91101 10.760522 123608 1210
1290524601 3181816 59.911056 10.760372 106840 1020
1290524602 3183005 59.911075 10.760288 99939 1189
1290524603 3184116 59.911112 10.760136 96657 1111
1290524604 3185126 59.911112 10.760136 116180 1010
1290524605 3186156 59.91113 10.760069 92123 1030
1290524606 3187166 59.911148 10.760003 111798 1010
1290524607 3188376 59.911148 10.760003 132339 1210
1290524608 3189456 59.911148 10.760003 120998 1080
1290524610 3190556 59.911139 10.760017 130171 1100
1290524611 3191756 59.911131 10.760013 130274 1199
1290524612 3192846 59.911131 10.760013 126903 1090
1290524613 3194035 59.911127 10.760013 121203 1189
1290524614 3195036 59.911126 10.760031 115780 1001
1290524615 3196056 59.911122 10.760028 102485 1020
1290524616 3197066 59.911122 10.760028 107681 1010
1290524617 3198246 59.911113 10.760042 73440 1180
1290524618 3199255 59.911104 10.760056 87321 1009
1290524619 3200256 59.911104 10.760056 97506 1001
1290524620 3201266 59.911104 10.760056 95360 1010
1290524621 3202268 59.9111 10.760056 94807 1002
1290524622 3203475 59.9111 10.760056 116250 1207
1290524624 3204616 59.911101 10.760077 163302 1141
1290524625 3205617 59.911101 10.760077 188988 1001
1290524626 3206796 59.911101 10.760077 147736 1179
1290524627 3207806 59.911109 10.76008 137544 1010
1290524628 3209036 59.911108 10.760098 166056 1230
1290524629 3210038 59.911108 10.760098 159511 1002
1290524630 3211046 59.9111106666667 10.760105 141928 1008
1290524631 3212055 59.9111133333333 10.760112 135099 1009
1290524632 3213125 59.911116 10.760119 142085 1070
1290524633 3214136 59.9111186666667 10.760126 156697 1011
1290524634 3215137 59.9111213333333 10.760133 141938 1001
1290524635 3216147 59.911124 10.76014 151290 1010
1290524636 3217155 59.911149 10.760108 144156 1008
1290524637 3218156 59.911149 10.760108 124707 1001
1290524638 3219165 59.911159 10.76009 118836 1009
1290524639 3220175 59.911206 10.760083 89499 1010
1290524640 3221206 59.911206 10.760083 68386 1031
1290524641 3222215 59.9112238571429 10.7600657142857 86190 1009
1290524642 3223216 59.9112417142857 10.7600484285714 68723 1001
1290524643 3224285 59.9112595714286 10.7600311428571 75125 1069
1290524644 3225295 59.9112774285714 10.7600138571429 90810 1010
1290524645 3226296 59.9112952857143 10.7599965714286 86952 1001
1290524646 3227307 59.9113131428571 10.7599792857143 105059 1011
1290524647 3228327 59.911331 10.759962 87305 1020
1290524648 3229336 59.91137 10.759699 135712 1009
1290524649 3230345 59.91137 10.759699 142775 1009
1290524650 3231347 59.911426 10.759334 117049 1002
1290524651 3232455 59.911462 10.759161 142163 1108
1290524652 3233466 59.911462 10.759161 138848 1011
1290524653 3234467 59.911511 10.758793 133189 1001
1290524654 3235476 59.911534 10.758617 110608 1009
1290524656 3236995 59.911534 10.758617 49107 1519
1290524657 3238006 59.9115681666667 10.7583835 101763 1010
1290524658 3239026 59.9116023333333 10.75815 84033 1020
1290524659 3240035 59.9116365 10.7579165 110696 1009
1290524660 3241036 59.9116706666667 10.757683 99040 1001
1290524661 3242045 59.9117048333333 10.7574495 132845 1009
1290524662 3243065 59.911739 10.757216 121378 1020
1290524663 3244155 59.911755 10.757037 135139 1090
1290524664 3245256 59.911755 10.757037 142514 1101
1290524665 3246386 59.911777 10.756679 150067 1130
1290524666 3247405 59.911799 10.756521 136733 1019
1290524667 3248406 59.911799 10.756521 166658 1001
1290524668 3249426 59.911825 10.756219 161774 1020
1290524669 3250435 59.911843 10.756061 104043 1009
1290524670 3251436 59.911843 10.756061 135135 1001
1290524671 3252525 59.91186 10.755759 133021 1089
1290524672 3253535 59.91187 10.755636 132748 1010
1290524674 3254536 59.91187 10.755636 116920 1001
1290524675 3255548 59.911895 10.75539 129440 1012
1290524676 3256555 59.9119066666667 10.7552846666667 127924 1007
1290524677 3257565 59.9119183333333 10.7551793333333 165016 1010
1290524678 3258575 59.91193 10.755074 106635 1010
1290524679 3259585 59.9119363333333 10.7550026666667 86602 1010
1290524680 3260604 59.9119426666667 10.7549313333333 55785 1019
1290524681 3261745 59.911949 10.75486 79070 1141
1290524682 3262755 59.911953 10.754807 77583 1010
1290524683 3263785 59.911951 10.75476 108053 1030
1290524684 3264845 59.911949 10.754713 137793 1060
1290524685 3265846 59.911937 10.754671 141224 1001
1290524686 3266855 59.911925 10.754629 142095 1009
1290524687 3267865 59.9119085 10.754586 134736 1010
1290524688 3268875 59.911892 10.754543 137816 1010
1290524689 3269885 59.9118715714286 10.7544857142857 170951 1010
1290524690 3271015 59.9118511428571 10.7544284285714 126919 1130
1290524691 3272025 59.9118307142857 10.7543711428571 129127 1010
1290524692 3273035 59.9118102857143 10.7543138571429 137770 1010
1290524693 3274195 59.9117898571429 10.7542565714286 134624 1160
1290524694 3275196 59.9117694285714 10.7541992857143 134492 1001
1290524695 3276205 59.911749 10.754142 142897 1009
1290524696 3277215 59.911778 10.754096 143851 1010
1290524697 3278355 59.911778 10.754096 170879 1140
1290524698 3279365 59.911863 10.754 138084 1010
1290524699 3280375 59.911888 10.753975 147373 1010
1290524700 3281389 59.911888 10.753975 134173 1014
1290524701 3282395 59.911943 10.753889 147307 1006
1290524703 3283575 59.911975 10.753833 137202 1180
1290524704 3284595 59.911975 10.753833 132425 1020
1290524705 3285605 59.912009 10.753741 132415 1010
1290524706 3286615 59.912026 10.753677 106098 1010
1290524707 3287684 59.912035 10.75361 112041 1069
1290524708 3288788 59.912039 10.753543 16384 1104
1290524709 3289914 59.912042 10.753455 133806 1126
1290524710 3291025 59.912052 10.753371 111578 1111
1290524711 3292084 59.912091 10.753188 126302 1059
1290524712 3293214 59.912091 10.753188 130934 1130
1290524713 3294215 59.912132 10.752987 117312 1001
1290524714 3295335 59.912139 10.752899 139335 1120
1290524715 3296365 59.912139 10.752899 137782 1030
1290524716 3297374 59.912138 10.752755 142329 1008
1290524717 3298395 59.912144 10.752685 144628 1021
1290524718 3299414 59.912144 10.752685 150913 1019
1290524719 3300415 59.91216 10.75253 139226 1001
1290524720 3301465 59.912166 10.75246 118888 1050
1290524721 3302475 59.912166 10.75246 171700 1009
1290524722 3303484 59.912184 10.752341 157382 1009
1290524723 3304485 59.912196 10.752291 168777 1001
1290524724 3305495 59.912196 10.752291 141624 1010
1290524725 3306505 59.912212 10.752204 107970 1010
1290524726 3307514 59.912213 10.752148 152313 1009
1290524727 3308529 59.912213 10.752148 113547 1015
1290524729 3309654 59.912219 10.752091 126766 1125
1290524730 3310655 59.912226 10.752056 138288 1001
1290524731 3311665 59.912228 10.752 120668 1010
1290524732 3312685 59.912223 10.751962 165732 1020
1290524733 3313694 59.91222 10.751906 106393 1009
1290524734 3314714 59.91222 10.751906 116344 1020
1290524735 3315715 59.912199 10.751808 97395 1001
1290524736 3316914 59.912196 10.751752 140947 1199
1290524737 3317915 59.912196 10.751752 156209 1001
1290524738 3318924 59.912202 10.751591 102120 1009
1290524739 3319934 59.912206 10.751538 128187 1010
1290524740 3320944 59.91221 10.751485 102878 1009
1290524741 3321964 59.912207 10.751429 117124 1020
1290524742 3322965 59.912205 10.751394 124842 1001
1290524743 3323984 59.912202 10.751338 115333 1019
1290524744 3325154 NOFIX NOFIX 139335 1170
1290524744 3325266 NOFIX NOFIX 17784 112
