1291895080 2338732 59.853314 10.800874 162708 1062
1291895081 2339733 59.853333 10.800898 311114 1001
1291895082 2340741 59.853369 10.800947 78890 1008
1291895083 2341841 59.853441 10.80097 187877 1100
1291895084 2343001 59.853507 10.800955 172770 1160
1291895085 2344011 59.853542 10.80093 173527 1010
1291895086 2345220 59.853578 10.800887 153123 1209
1291895087 2346462 59.853616 10.800827 183818 1242
1291895088 2347472 59.853648 10.800785 177479 1010
1291895089 2348481 59.853684 10.800742 190085 1009
1291895091 2349581 59.853756 10.800657 153150 1100
1291895092 2350582 59.853756 10.800657 176183 1001
1291895093 2351590 59.853794 10.800597 164278 1008
1291895094 2352661 59.853867 10.800512 136901 1071
1291895095 2353662 59.853867 10.800512 178975 1001
1291895096 2354841 59.853968 10.800472 159558 1179
1291895097 2355842 59.854023 10.800454 161111 1001
1291895098 2356851 59.854023 10.800454 176756 1009
1291895099 2358110 59.854145 10.800403 157420 1259
1291895100 2359111 59.854208 10.800388 173775 1001
1291895101 2360211 59.854274 10.800373 96204 1100
1291895102 2361221 59.854342 10.80034 183853 1010
1291895103 2362351 59.854417 10.800329 152509 1130
1291895104 2363361 59.854492 10.800299 179284 1010
1291895105 2364441 59.854571 10.800288 126825 1080
1291895106 2365442 59.854647 10.800259 176742 1001
1291895108 2366580 59.854802 10.800218 134969 1138
1291895109 2367591 59.854877 10.800189 153699 1011
1291895110 2368600 59.854877 10.800189 116196 1009
1291895111 2369770 59.855044 10.800151 129352 1170
1291895112 2370961 59.85512 10.800122 120618 1191
1291895113 2371980 59.85512 10.800122 144861 1018
1291895114 2372981 59.855288 10.800067 120552 1001
1291895115 2374000 59.855367 10.800055 131244 1019
1291895116 2375160 59.855453 10.800047 148000 1160
1291895117 2376170 59.855534 10.800018 149147 1010
1291895118 2377180 59.85562 10.80001 129947 1010
1291895119 2378190 59.855706 10.800001 103482 1010
1291895120 2379291 59.855793 10.799993 156309 1101
1291895121 2380430 59.855878 10.800002 151240 1139
1291895123 2381560 59.85606 10.800024 138295 1130
1291895124 2382561 59.856156 10.800054 123030 1001
1291895125 2383570 59.856156 10.800054 134502 1009
1291895126 2384572 59.856253 10.800067 110447 1002
1291895127 2385710 59.85645 10.800148 134728 1138
1291895128 2386727 59.85645 10.800148 140662 1017
1291895129 2387820 59.856669 10.800218 99349 1093
1291895130 2388821 59.856777 10.800251 134753 1001
1291895131 2389880 59.856777 10.800251 125845 1059
1291895132 2390890 59.856995 10.800322 93023 1010
1291895133 2392220 59.857103 10.800355 111567 1330
1291895134 2393230 59.857103 10.800355 91055 1010
1291895135 2394231 59.857316 10.800404 117253 1001
1291895136 2395370 59.857425 10.80042 94325 1139
1291895137 2396380 59.857425 10.80042 61560 1010
1291895138 2397460 59.857645 10.800435 89055 1080
1291895139 2398461 59.857757 10.800415 160514 1001
1291895140 2399462 59.857862 10.800393 140799 1001
1291895141 2400520 59.858075 10.800334 119440 1058
1291895142 2401521 59.858075 10.800334 128767 1001
1291895143 2402530 59.858183 10.800315 148345 1009
1291895144 2403531 59.858392 10.800217 166408 1001
1291895146 2404540 59.858392 10.800217 92992 1009
1291895147 2405553 59.858501 10.80018 78856 1013
1291895148 2406620 59.858705 10.800083 114380 1067
1291895149 2407670 59.858705 10.800083 25992 1050
1291895156 2414787 59.858705 10.800083 16384 7117
1291895157 2416154 59.858914 10.799985 23349 1367
1291895158 2417164 59.859011 10.799945 113296 1010
1291895159 2418324 59.859305 10.799804 98157 1160
1291895160 2419333 59.859394 10.799761 109087 1008
1291895161 2420343 59.859565 10.799671 78654 1010
1291895162 2421374 59.859735 10.799598 120318 1031
1291895163 2422403 59.859893 10.799522 89933 1029
1291895164 2423413 59.860036 10.799461 134377 1010
1291895166 2424994 59.860174 10.799378 79365 1580
1291895167 2426144 59.860297 10.799327 128135 1150
1291895168 2427145 59.860353 10.799291 155565 1001
1291895169 2428153 59.860409 10.799255 131765 1008
1291895170 2429164 59.860465 10.79922 145455 1011
1291895171 2430165 59.860506 10.799177 156038 1001
1291895172 2431184 59.86055 10.799138 152602 1019
1291895173 2432194 59.86055 10.799138 169219 1010
1291895174 2433203 59.860648 10.79908 172088 1009
1291895175 2434204 59.860696 10.799041 153989 1001
1291895176 2435324 59.860751 10.799023 158063 1120
1291895177 2436333 59.860798 10.799001 147789 1008
1291895178 2437453 59.860845 10.798979 138153 1120
1291895179 2438456 59.860896 10.798943 150575 1002
1291895180 2439474 59.860943 10.798922 170235 1018
1291895181 2440493 59.86099 10.7989 154889 1019
1291895182 2441504 59.86104 10.798882 101292 1011
1291895183 2442506 59.861139 10.798824 169051 1002
1291895185 2443593 59.861139 10.798824 121937 1087
1291895186 2444663 59.861236 10.798784 189962 1070
1291895187 2445674 59.861283 10.798762 179202 1011
1291895188 2446823 59.861283 10.798762 138911 1149
1291895189 2447824 59.861381 10.798705 164008 1001
1291895190 2448833 59.861423 10.798683 165377 1009
1291895191 2449844 59.861423 10.798683 165346 1011
1291895192 2450974 59.861511 10.798657 127463 1129
1291895193 2451984 59.861554 10.798636 153262 1010
1291895194 2453173 59.861608 10.798617 153178 1189
1291895195 2454174 59.861649 10.798613 146054 1001
1291895196 2455373 59.861702 10.798612 153640 1199
1291895197 2456374 59.861743 10.798608 145450 1001
1291895198 2457393 59.861798 10.79859 74412 1019
1291895200 2458613 59.861839 10.798586 144354 1220
1291895201 2459623 59.861881 10.798564 147135 1010
1291895202 2460624 59.861977 10.798542 125767 1001
1291895203 2461633 59.861977 10.798542 145329 1009
1291895204 2462713 59.862068 10.798481 149771 1080
1291895205 2463723 59.862114 10.798459 153586 1010
1291895206 2464833 59.862114 10.798459 131626 1110
1291895207 2465843 59.862158 10.79842 95051 1010
1291895208 2466853 59.862263 10.798345 109098 1010
1291895209 2467873 59.862263 10.798345 69640 1020
1291895210 2468883 59.862367 10.79827 91557 1010
1291895211 2469893 59.862425 10.798216 74852 1010
1291895212 2470903 59.862425 10.798216 60649 1010
1291895213 2471913 59.862534 10.798127 40556 1010
1291895214 2472923 59.862591 10.798073 28479 1010
1291895215 2473932 59.862591 10.798073 71687 1009
1291895216 2474933 59.862714 10.79797 103785 1001
1291895217 2475943 59.862777 10.797899 123937 1010
1291895218 2476946 59.862777 10.797899 53093 1003
1291895219 2477963 59.862907 10.797799 42291 1017
1291895220 2478973 59.862971 10.797728 102908 1010
1291895221 2480123 59.863036 10.797678 99529 1150
1291895222 2481163 59.863093 10.797625 69595 1040
1291895223 2482173 59.863157 10.797554 81920 1010
1291895224 2483182 59.863214 10.7975 79121 1009
1291895225 2484193 59.863285 10.797433 102485 1011
1291895226 2485203 59.863347 10.797379 107641 1010
1291895227 2486253 59.863415 10.797294 101780 1050
1291895228 2487433 59.863478 10.797223 131866 1180
1291895230 2488582 59.863551 10.797138 120383 1149
1291895231 2489592 59.863611 10.79705 118397 1010
1291895232 2490742 59.86373 10.796852 66485 1150
1291895233 2491813 59.86373 10.796852 109076 1071
1291895234 2492823 59.863852 10.796619 116218 1010
1291895235 2493973 59.863912 10.796492 143742 1150
1291895236 2495093 59.863968 10.796365 140721 1120
1291895237 2496103 59.864024 10.796238 126987 1010
1291895238 2497104 59.864081 10.796094 135534 1001
1291895239 2498112 59.864081 10.796094 168159 1008
1291895240 2499343 59.864198 10.795822 149962 1231
1291895241 2500353 59.864255 10.795678 140349 1010
1291895242 2501362 59.864312 10.795534 165092 1009
1291895243 2502363 59.864374 10.795389 129559 1001
1291895244 2503422 59.86443 10.795262 102725 1059
1291895245 2504433 59.864487 10.795118 132738 1011
1291895246 2505443 59.864547 10.794991 96722 1010
1291895247 2506452 59.864604 10.794847 115070 1008
1291895248 2507533 59.864661 10.794702 119227 1080
1291895250 2508543 59.864798 10.794438 109715 1010
1291895251 2509593 59.864798 10.794438 122988 1050
1291895252 2510722 59.864949 10.794197 129137 1129
1291895253 2511723 59.865027 10.794095 154626 1001
1291895254 2512742 59.865027 10.794095 86033 1019
1291895255 2513743 59.865113 10.793995 107620 1001
1291895256 2514752 59.865292 10.793817 88090 1009
1291895257 2515762 59.865292 10.793817 74960 1010
1291895258 2516763 59.865292 10.793817 68792 1001
1291895259 2517832 59.865582 10.79362 67035 1069
1291895260 2518842 59.865582 10.79362 73634 1010
1291895261 2519844 59.865777 10.793484 92246 1002
1291895262 2520852 59.865868 10.793424 122008 1008
1291895263 2521882 59.865868 10.793424 67486 1030
1291895264 2522902 59.866041 10.793316 51374 1020
1291895265 2523932 59.866119 10.793252 43761 1030
1291895266 2524942 59.866119 10.793252 47880 1010
1291895267 2525972 59.86628 10.793141 37540 1030
1291895268 2526994 59.866349 10.793091 83174 1022
1291895269 2528002 59.866349 10.793091 96463 1008
1291895270 2529012 59.866489 10.79299 29725 1010
1291895271 2530142 59.866557 10.792958 52660 1130
1291895272 2531152 59.866557 10.792958 41040 1010
1291895273 2532164 59.866675 10.792869 55902 1012
1291895274 2533172 59.866735 10.792833 103685 1008
1291895275 2534182 59.866735 10.792833 114674 1010
1291895276 2535192 59.866835 10.792757 85216 1010
1291895277 2536193 59.866874 10.792732 127752 1001
1291895278 2537253 59.866917 10.792711 111225 1060
1291895279 2538272 59.866952 10.792686 113330 1019
1291895280 2539283 59.866985 10.792678 97248 1011
1291895281 2540302 59.866985 10.792678 93785 1019
1291895282 2541332 59.867053 10.792646 77572 1030
1291895283 2542341 59.867088 10.792621 62695 1009
1291895284 2543342 59.867088 10.792621 64460 1001
1291895285 2544487 59.867177 10.792577 67919 1145
1291895286 2545502 59.867232 10.792559 62058 1015
1291895287 2546511 59.867288 10.792523 65540 1009
1291895289 2547542 59.867342 10.792505 45144 1031
1291895290 2548543 59.867405 10.79249 12058 1001
1291895291 2549602 59.867405 10.79249 17784 1059
1291895292 2550612 59.867459 10.792471 25992 1010
1291895293 2551632 59.867591 10.792406 19800 1020
1291895294 2552702 59.867659 10.792374 53267 1070
1291895295 2553862 59.867779 10.792305 56928 1160
1291895296 2554952 59.867779 10.792305 55890 1090
1291895297 2555982 59.867847 10.792273 54720 1030
1291895298 2556991 59.867973 10.792225 32806 1009
1291895299 2558041 59.867973 10.792225 60190 1050
1291895300 2559052 59.868092 10.792157 66972 1010
1291895301 2560062 59.868156 10.792124 56868 1010
1291895302 2561142 59.868156 10.792124 40349 1080
1291895303 2562391 59.86828 10.792056 64129 1249
1291895304 2563441 59.868344 10.792023 61833 1050
1291895305 2564442 59.868419 10.791994 62956 1001
1291895306 2565451 59.868495 10.791965 50149 1009
1291895307 2566461 59.868571 10.791935 63448 1010
1291895308 2567481 59.868571 10.791935 62928 1020
1291895309 2568491 59.868724 10.79186 58088 1010
1291895310 2569511 59.868813 10.791816 84436 1020
1291895311 2570521 59.868813 10.791816 32079 1010
1291895313 2571561 59.86889 10.791769 41040 1040
1291895314 2572581 59.869056 10.791697 39266 1020
1291895315 2573611 59.869056 10.791697 47880 1030
1291895316 2574641 59.869213 10.791621 31192 1030
1291895317 2575672 59.869289 10.791592 35568 1031
1291895318 2576681 59.869366 10.791545 21122 1009
1291895319 2577691 59.86953 10.79149 53537 1010
1291895320 2578708 59.86953 10.79149 60209 1017
1291895321 2579791 59.869611 10.791443 57789 1083
1291895322 2580822 59.869757 10.791364 60165 1031
1291895323 2581832 59.869757 10.791364 65717 1010
1291895324 2582861 59.869837 10.791335 63811 1029
1291895325 2583871 59.86999 10.791259 53732 1010
1291895326 2584912 59.86999 10.791259 62392 1041
1291895327 2585931 59.870135 10.791179 55686 1019
1291895328 2586942 59.870203 10.791147 79125 1011
1291895329 2587962 59.870203 10.791147 94735 1020
1291895330 2589201 59.870343 10.791047 84950 1239
1291895331 2590221 59.870406 10.791014 85793 1020
1291895332 2591401 59.870462 10.790978 97088 1180
1291895333 2592452 59.870524 10.790925 41040 1051
1291895334 2593512 59.870573 10.790885 32832 1060
1291895336 2594593 59.870573 10.790885 13566 1081
1291895337 2595601 59.870629 10.79085 45144 1008
1291895338 2596641 59.870742 10.79076 24743 1040
1291895339 2597801 59.870803 10.790724 72937 1160
1291895340 2598811 59.87086 10.790671 67032 1010
1291895341 2599831 59.87093 10.790621 32960 1020
1291895342 2601021 59.870999 10.790571 34490 1190
1291895344 2603072 59.871057 10.790517 12312 2051
1291895347 2606521 59.871128 10.79045 9576 3449
1291895349 2607731 59.871185 10.790396 37801 1209
1291895350 2609041 59.871338 10.790282 59301 1310
1291895351 2610231 59.871418 10.7902 68019 1190
1291895353 2611555 59.871581 10.790054 77136 1324
1291895354 2612762 59.871752 10.789911 159906 1206
1291895355 2613781 59.871845 10.789833 147857 1019
1291895356 2614792 59.872102 10.789591 122609 1011
1291895357 2615801 59.872194 10.789512 116951 1009
1291895358 2616811 59.872378 10.789355 82053 1010
1291895359 2617814 59.872378 10.789355 82977 1003
1291895360 2618821 59.872471 10.789277 99737 1007
1291895361 2619842 59.872657 10.789102 120794 1021
1291895362 2621021 59.872657 10.789102 103515 1179
1291895363 2622031 59.872841 10.788945 90537 1010
1291895364 2623301 59.872942 10.788852 91463 1270
1291895365 2624311 59.873039 10.788774 82222 1010
1291895366 2625320 59.873133 10.788678 61560 1009
1291895373 2632140 59.873233 10.788603 16384 6819
1291895375 2633715 59.873325 10.788524 1323 1575
1291895376 2634755 59.873419 10.788428 27348 1040
1291895377 2635765 59.873515 10.78835 31464 1010
1291895378 2636785 59.873609 10.788254 14215 1020
1291895379 2637795 59.873709 10.788179 15048 1010
1291895380 2638825 59.873801 10.7881 16416 1030
1291895381 2639835 59.873801 10.7881 10944 1010
1291895382 2640885 59.873895 10.788004 16416 1050
1291895383 2641954 59.874078 10.787865 9902 1069
1291895384 2642985 59.874078 10.787865 13680 1031
1291895385 2644085 59.87417 10.787786 15048 1100
1291895386 2645395 59.874253 10.787722 13680 1310
1291895388 2647135 59.87434 10.787661 28290 1739
1291895389 2648145 59.874423 10.787597 62928 1010
1291895390 2649155 59.874562 10.787496 61084 1010
1291895391 2650175 59.874626 10.787464 45600 1020
1291895392 2651195 59.874721 10.787403 82544 1020
1291895393 2652406 59.874769 10.787364 77409 1211
1291895394 2653414 59.874769 10.787364 77541 1008
1291895395 2654425 59.874774 10.787364 90955 1011
1291895397 2656184 59.874783 10.787349 44030 1759
1291895398 2657195 59.874783 10.787349 85029 1010
1291895399 2658415 59.874783 10.787349 103574 1220
1291895400 2659425 59.874787 10.787349 108685 1010
1291895401 2660435 59.874787 10.787349 79449 1010
1291895402 2661466 59.874787 10.787349 64764 1031
1291895403 2662475 59.874787 10.787349 27229 1009
1291895404 2663486 59.874792 10.787349 88378 1011
1291895405 2664495 59.874804 10.787353 73861 1009
1291895406 2665524 59.87486 10.787317 47756 1029
1291895408 2666834 59.874904 10.787278 39955 1310
1291895410 2668995 59.874951 10.787256 1368 2161
1291895411 2670204 59.87502 10.787206 49248 1209
1291895412 2671234 59.875089 10.787173 23046 1030
1291895413 2672244 59.875166 10.787127 36936 1010
1291895414 2673274 59.875261 10.787066 25346 1030
1291895415 2674414 59.875469 10.786971 41510 1140
1291895416 2675424 59.875579 10.786917 38304 1010
1291895417 2676435 59.875694 10.786863 23740 1011
1291895418 2677444 59.875818 10.786794 20520 1008
1291895419 2678454 59.875949 10.786747 27360 1010
1291895420 2679464 59.876077 10.786678 22447 1010
1291895421 2680474 59.876209 10.786613 25992 1010
1291895422 2681484 59.876339 10.786565 25992 1010
1291895423 2682494 59.876476 10.7865 29258 1010
1291895424 2683504 59.876607 10.786435 46512 1010
1291895426 2684644 59.876736 10.786367 38160 1140
1291895427 2685734 59.876866 10.786319 3862 1090
1291895428 2686754 59.876991 10.786251 16416 1020
1291895429 2687814 59.877121 10.786203 15048 1060
1291895430 2688974 59.877121 10.786203 15048 1160
1291895431 2690044 59.877244 10.786152 14940 1070
1291895432 2691105 59.87738 10.786087 20436 1061
1291895433 2692184 59.877503 10.786036 10967 1079
1291895434 2693214 59.877615 10.785964 27360 1030
1291895435 2694525 59.87786 10.785862 23082 1311
1291895437 2695674 59.87786 10.785862 13680 1149
1291895438 2696694 59.87797 10.785808 12312 1020
1291895439 2697754 59.878093 10.785757 16416 1060
1291895440 2698914 59.878204 10.785703 10735 1160
1291895441 2700044 59.878326 10.785652 28696 1130
1291895442 2701204 59.878549 10.785526 28563 1160
1291895443 2702206 59.878549 10.785526 35568 1002
1291895444 2703224 59.878884 10.78538 99233 1018
1291895445 2704444 59.879099 10.785289 116423 1220
1291895446 2705446 59.879202 10.785232 98560 1002
1291895448 2706674 59.879503 10.785094 151057 1228
1291895449 2707684 59.879503 10.785094 145384 1010
1291895450 2708764 59.879592 10.78505 126531 1080
1291895451 2709774 59.879762 10.784978 151005 1010
1291895452 2710804 59.879762 10.784978 125029 1030
1291895453 2711934 59.879895 10.784895 160986 1130
1291895454 2712945 59.879962 10.78488 120559 1010
1291895455 2714004 59.879962 10.78488 129905 1059
1291895456 2715024 59.880085 10.784829 132476 1020
1291895457 2716025 59.880141 10.784793 116337 1001
1291895458 2717104 59.880207 10.784778 117838 1079
1291895459 2718205 59.880263 10.784742 114354 1100
1291895460 2719334 59.88033 10.784727 134011 1129
1291895461 2720474 59.880391 10.784691 138395 1140
1291895463 2721604 59.880513 10.78464 147759 1130
1291895464 2722774 59.880513 10.78464 157225 1170
1291895471 2729891 59.880513 10.78464 16384 7117
1291895472 2731300 59.880615 10.7846 91212 1409
1291895473 2732302 59.880674 10.784582 133750 1002
1291895474 2733501 59.880831 10.784506 186472 1199
1291895475 2734511 59.881018 10.784422 172633 1010
1291895476 2735521 59.881133 10.784368 174900 1010
1291895477 2736531 59.881255 10.784317 177640 1010
1291895479 2737720 59.881358 10.784259 161386 1189
1291895480 2738731 59.881464 10.784205 173072 1011
1291895481 2739961 59.881511 10.784183 176818 1230
1291895482 2740971 59.881511 10.784183 182565 1010
1291895483 2742011 59.881603 10.784105 115661 1040
1291895484 2743021 59.88165 10.784083 175776 1010
1291895485 2744201 59.881694 10.784044 160694 1180
1291895486 2745202 59.881743 10.784005 175171 1001
1291895487 2746211 59.881785 10.783983 175365 1009
1291895488 2747231 59.881785 10.783983 169660 1020
1291895489 2748380 59.881883 10.783887 151691 1149
1291895490 2749400 59.881932 10.783848 146386 1020
1291895491 2750480 59.881975 10.783808 162568 1080
1291895493 2751590 59.882062 10.783709 133872 1110
1291895494 2752600 59.882062 10.783709 152382 1010
1291895495 2753720 59.882098 10.783666 102739 1120
1291895496 2754740 59.882142 10.783627 97742 1020
1291895497 2755870 59.882142 10.783627 67729 1130
1291895498 2756871 59.882161 10.783595 119974 1001
1291895499 2757881 59.882161 10.783595 119850 1010
1291895500 2758891 59.882161 10.783595 131710 1010
1291895501 2759901 59.882161 10.783595 149297 1009
1291895502 2760902 59.882167 10.783578 165580 1001
1291895503 2761910 59.882167 10.783578 173137 1008
1291895504 2763071 59.882167 10.783578 152209 1161
1291895505 2764081 59.882167 10.783578 163020 1010
1291895506 2765082 59.882167 10.783578 184918 1001
1291895507 2766211 59.882172 10.783578 145378 1129
1291895508 2767220 59.882172 10.783578 170082 1009
1291895509 2768450 59.882172 10.783578 170667 1230
1291895510 2769451 59.882172 10.783578 196875 1001
1291895512 2770680 59.882179 10.783581 164368 1229
1291895513 2771700 59.882185 10.783564 173789 1020
1291895514 2772710 59.882185 10.783564 175019 1010
1291895515 2773820 59.882185 10.783564 142580 1110
1291895516 2774830 59.88219 10.783564 155325 1010
1291895517 2775910 59.88219 10.783564 109762 1080
1291895518 2776911 59.88219 10.783564 164500 1001
1291895519 2778110 59.882184 10.783543 134516 1199
1291895520 2779111 59.882188 10.783543 174135 1001
1291895521 2780170 59.882188 10.783543 187764 1059
1291895522 2781183 59.882188 10.783543 164652 1013
1291895523 2782370 59.882188 10.783543 154782 1187
1291895524 2783371 59.882193 10.783543 196048 1001
1291895525 2784380 59.882193 10.783543 161078 1009
1291895527 2785590 59.882193 10.783543 177079 1210
1291895528 2786591 59.882193 10.783543 153495 1001
1291895529 2787599 59.882197 10.783543 163340 1008
1291895530 2788770 59.882197 10.783543 150377 1171
1291895531 2789780 59.882199 10.783525 150980 1010
1291895532 2790790 59.882199 10.783525 182620 1010
1291895533 2791791 59.882199 10.783525 156552 1001
1291895534 2792810 59.882203 10.783525 168234 1019
1291895535 2793820 59.882203 10.783525 144048 1010
1291895536 2794980 59.882203 10.783525 139781 1160
1291895537 2795990 59.88223 10.783497 173842 1009
1291895538 2797000 59.882253 10.783468 141662 1010
1291895539 2798190 59.882288 10.783443 144943 1190
1291895540 2799210 59.882324 10.783401 162025 1020
1291895541 2800211 59.88236 10.783358 148126 1001
1291895542 2801220 59.88241 10.783301 116061 1009
1291895543 2802221 59.882461 10.783227 113160 1001
1291895544 2803250 59.882525 10.783156 104531 1029
1291895545 2804251 59.882525 10.783156 134890 1001
1291895546 2805340 59.882671 10.782968 134275 1089
1291895547 2806439 59.88274 10.782879 148335 1099
1291895548 2807440 59.882813 10.782794 171916 1001
1291895549 2808450 59.882891 10.782692 127230 1010
1291895550 2809451 59.882965 10.782589 177956 1001
1291895552 2810640 59.88314 10.782355 141014 1189
1291895553 2811660 59.883228 10.782238 144595 1020
1291895554 2812670 59.883228 10.782238 137648 1010
1291895555 2813680 59.88332 10.782121 138180 1010
1291895556 2814700 59.883512 10.781876 137960 1020
1291895557 2815799 59.883512 10.781876 121123 1099
1291895558 2816809 59.883613 10.781745 131439 1010
1291895559 2818039 59.883824 10.781468 66414 1230
1291895561 2819790 59.883824 10.781468 50616 1751
1291895567 2826006 59.883922 10.78132 12236 6215
1291895568 2827335 59.884124 10.781005 1126 1329
1291895569 2828365 59.884124 10.781005 28728 1030
1291895570 2829535 59.884314 10.780648 37547 1170
1291895572 2830545 59.884406 10.780479 86404 1010
1291895573 2831548 59.884674 10.779966 94511 1003
1291895574 2832556 59.88485 10.779624 133262 1008
1291895575 2833565 59.885032 10.779302 137080 1009
1291895576 2834586 59.885195 10.778974 115538 1021
1291895577 2835595 59.885349 10.778698 91612 1009
1291895578 2836605 59.885425 10.77856 132710 1010
1291895579 2837615 59.885495 10.778419 112315 1010
1291895580 2838626 59.885616 10.778133 151964 1011
1291895581 2839636 59.885616 10.778133 108776 1010
1291895582 2840735 59.885715 10.777823 120616 1099
1291895583 2841745 59.885747 10.777651 119960 1010
1291895584 2842746 59.885747 10.777651 122641 1001
1291895585 2843915 59.885794 10.777286 163476 1169
1291895586 2845125 59.885801 10.777107 147566 1210
1291895587 2846135 59.885801 10.777107 121267 1010
1291895588 2847155 59.885804 10.776729 67213 1020
1291895589 2848175 59.885803 10.776547 160335 1020
1291895590 2849305 59.885805 10.776368 132872 1130
1291895591 2850455 59.885805 10.776186 135975 1150
1291895593 2851655 59.885807 10.776007 152857 1199
1291895594 2852665 59.885821 10.775832 128700 1010
1291895595 2853885 59.885854 10.775498 119090 1220
1291895596 2854886 59.885854 10.775498 112787 1001
1291895597 2855935 59.885905 10.775172 72492 1049
1291895598 2856956 59.885937 10.775038 68329 1021
1291895599 2858025 59.885937 10.775038 97161 1069
1291895600 2859065 59.885967 10.774922 31464 1040
1291895601 2860355 59.886017 10.774704 50937 1290
1291895602 2861395 59.886044 10.774623 91227 1040
1291895603 2862405 59.886071 10.774542 142929 1010
1291895604 2863425 59.886091 10.774457 110484 1020
1291895605 2864436 59.886091 10.774457 71205 1011
1291895606 2865445 59.886143 10.774274 68072 1009
1291895608 2866685 59.886176 10.774176 68887 1240
1291895609 2867775 59.886239 10.773961 129309 1090
1291895610 2868786 59.886272 10.773863 126181 1011
1291895611 2869975 59.886272 10.773863 131434 1189
1291895612 2870995 59.886353 10.773634 105845 1020
1291895613 2872005 59.8864 10.773521 68776 1010
1291895614 2873035 59.8864 10.773521 70630 1030
1291895615 2874065 59.886505 10.773284 49338 1030
1291895616 2875075 59.886564 10.773175 54347 1010
1291895617 2876086 59.886564 10.773175 93993 1011
1291895618 2877105 59.886684 10.772959 63675 1019
1291895619 2878125 59.88675 10.772853 48570 1020
1291895620 2879158 59.88675 10.772853 37017 1033
1291895621 2880175 59.886877 10.772658 44514 1017
1291895622 2881185 59.886942 10.77257 106090 1010
1291895623 2882535 59.887014 10.772485 65411 1350
1291895625 2883548 59.887088 10.772382 50616 1013
1291895626 2884565 59.887158 10.772293 42241 1017
1291895627 2885584 59.88723 10.772208 48266 1019
1291895628 2886595 59.887372 10.772034 91566 1011
1291895629 2887625 59.887372 10.772034 82096 1030
1291895630 2888825 59.887508 10.771878 106416 1200
1291895631 2889835 59.887573 10.771789 145405 1010
1291895632 2890855 59.887573 10.771789 123736 1020
1291895633 2892005 59.88771 10.771615 76854 1150
1291895634 2893015 59.887773 10.771544 106500 1010
1291895635 2894075 59.887773 10.771544 82904 1060
1291895636 2895095 59.887897 10.771385 93645 1020
1291895637 2896325 59.887961 10.771314 68676 1230
1291895638 2897344 59.887961 10.771314 51984 1019
1291895639 2898504 59.888071 10.771168 77479 1160
1291895640 2899515 59.888121 10.771112 142441 1011
1291895641 2900516 59.88817 10.771055 157668 1001
1291895643 2901655 59.888266 10.770941 136151 1139
1291895644 2902845 59.888266 10.770941 223370 1190
1291895645 2903885 59.888361 10.770827 160690 1040
1291895646 2904886 59.888406 10.770771 186601 1001
1291895647 2905895 59.888406 10.770771 192769 1009
1291895648 2906904 59.888494 10.770654 141692 1009
1291895649 2907915 59.888537 10.770614 95643 1011
1291895650 2908945 59.888537 10.770614 104404 1030
1291895651 2909946 59.888625 10.770497 92905 1001
1291895652 2910985 59.888676 10.770423 120624 1039
1291895653 2912005 59.888676 10.770423 133104 1019
1291895654 2913006 59.888773 10.770292 92781 1001
1291895655 2914205 59.888824 10.770217 179557 1199
1291895656 2915215 59.888824 10.770217 165606 1010
1291895657 2916225 59.888943 10.770058 128930 1010
1291895658 2917294 59.888996 10.769966 137450 1069
1291895659 2918305 59.888996 10.769966 135884 1010
1291895660 2919315 59.889118 10.769809 106074 1010
1291895661 2920325 59.889179 10.769721 171037 1010
1291895662 2921395 59.889244 10.769632 169366 1070
1291895663 2922404 59.889312 10.769547 172910 1009
1291895664 2923405 59.889373 10.769441 178632 1001
1291895665 2924424 59.889441 10.769356 164270 1019
1291895667 2925594 59.889583 10.769168 129186 1170
1291895668 2926665 59.889583 10.769168 152189 1071
1291895669 2927685 59.889721 10.768979 137817 1018
1291895670 2928714 59.889795 10.768877 143693 1029
1291895671 2929715 59.889795 10.768877 173922 1001
1291895672 2930834 59.889932 10.768689 160730 1119
1291895673 2931835 59.890002 10.768586 182256 1001
1291895674 2932854 59.890002 10.768586 131611 1019
1291895675 2934045 59.890153 10.768384 139707 1191
1291895676 2935054 59.890226 10.768281 164849 1009
1291895677 2936114 59.890304 10.768181 102001 1060
1291895678 2937264 59.890377 10.768078 88990 1150
1291895679 2938275 59.89046 10.767961 123280 1011
1291895680 2939276 59.890538 10.767862 151136 1001
1291895681 2940284 59.890611 10.767759 118881 1008
1291895682 2941374 59.890681 10.767656 143623 1090
1291895683 2942385 59.890681 10.767656 211186 1010
1291895685 2943874 59.8909 10.76733 93636 1488
1291895686 2944875 59.8909 10.76733 104919 1001
1291895687 2945954 59.891032 10.767104 150290 1079
1291895688 2947105 59.891096 10.76698 170580 1151
1291895689 2948304 59.891151 10.766853 164308 1199
1291895690 2949314 59.891214 10.766729 155024 1010
1291895691 2950364 59.891271 10.766585 108713 1050
1291895692 2951414 59.891327 10.766458 152631 1050
1291895693 2952474 59.89138 10.766313 143913 1060
1291895695 2953634 59.891443 10.76619 168945 1160
1291895696 2954814 59.891553 10.7659 156009 1180
1291895697 2956064 59.891617 10.765759 168355 1250
1291895698 2957224 59.89167 10.765615 167322 1160
1291895699 2958234 59.891735 10.765473 205602 1010
1291895700 2959445 59.891787 10.765329 202009 1211
1291895701 2960456 59.891787 10.765329 238728 1011
1291895703 2961614 59.891975 10.764922 190493 1158
1291895704 2962714 59.891975 10.764922 175806 1100
1291895705 2963715 59.89204 10.764781 186845 1001
1291895706 2964824 59.892162 10.764534 122592 1109
1291895707 2965825 59.892162 10.764534 136872 1001
1291895708 2966964 59.892301 10.76429 182561 1139
1291895709 2968214 59.892376 10.764169 177721 1250
1291895710 2969274 59.892459 10.764052 138768 1060
1291895711 2970344 59.89253 10.763932 136840 1070
1291895712 2971345 59.892605 10.763812 129557 1001
1291895713 2972364 59.892688 10.763695 135987 1019
1291895714 2973367 59.892758 10.763592 197013 1003
1291895715 2974534 59.892841 10.763475 165050 1167
1291895717 2975544 59.892916 10.763354 153788 1010
1291895718 2976604 59.893082 10.76312 103781 1060
1291895719 2977824 59.893082 10.76312 153126 1220
1291895720 2978825 59.89324 10.762883 136742 1001
1291895721 2980004 59.89333 10.762787 155410 1179
1291895722 2981014 59.89333 10.762787 167571 1010
1291895723 2982154 59.893509 10.762591 129694 1140
1291895724 2983184 59.893597 10.762512 109646 1029
1291895725 2984194 59.893597 10.762512 116626 1010
1291895726 2985203 59.893782 10.762355 86161 1009
1291895727 2986204 59.893874 10.762277 136243 1001
1291895728 2987214 59.893965 10.762216 134809 1010
1291895729 2988273 59.894055 10.762154 129181 1059
1291895730 2989284 59.894152 10.762114 129081 1010
1291895731 2990287 59.894243 10.762053 140125 1003
1291895732 2991313 59.894327 10.762027 119097 1026
1291895733 2992323 59.894436 10.76199 89050 1009
1291895734 2993324 59.894436 10.76199 93182 1001
1291895735 2994333 59.894628 10.761928 109546 1009
1291895736 2995344 59.894724 10.761905 72030 1011
1291895737 2996353 59.894821 10.761865 100516 1009
1291895738 2997434 59.894928 10.761846 113105 1081
1291895739 2998483 59.895025 10.761805 71717 1048
1291895740 2999503 59.895025 10.761805 49248 1020
1291895742 3000583 59.89523 10.761746 23009 1080
1291895743 3001624 59.895331 10.761706 32832 1041
1291895744 3002673 59.895427 10.761683 27732 1049
1291895745 3003693 59.895536 10.761646 35568 1020
1291895746 3004723 59.895631 10.761624 40894 1030
1291895747 3005733 59.895736 10.761587 69195 1010
1291895748 3006734 59.895936 10.761489 74151 1001
1291895749 3007743 59.895936 10.761489 86142 1009
1291895750 3008744 59.896036 10.761414 128337 1001
1291895751 3009794 59.896226 10.761277 65729 1050
1291895752 3010813 59.896226 10.761277 68111 1019
1291895753 3011823 59.896325 10.761219 61978 1010
1291895754 3012834 59.896523 10.761086 53152 1011
1291895755 3013841 59.896523 10.761086 57971 1007
1291895756 3014843 59.896609 10.761025 97143 1002
1291895757 3015844 59.896786 10.760903 79801 1001
1291895758 3016853 59.896786 10.760903 81161 1009
1291895759 3017954 59.896954 10.760795 81576 1101
1291895760 3018963 59.897039 10.760752 72534 1008
1291895761 3020333 59.897109 10.760702 49247 1370
1291895766 3025173 59.897186 10.760655 19152 4840
1291895767 3026214 59.897251 10.760605 16416 1041
1291895768 3027244 59.897307 10.760569 21839 1030
1291895824 3082652 59.897363 10.760533 25932 55408
1291895825 3083653 59.897412 10.760493 61751 1001
1291895826 3084672 59.897505 10.760436 76108 1019
1291895827 3085682 59.89754 10.76041 149692 1010
1291895828 3086683 59.897658 10.760268 123837 1001
1291895829 3087692 59.897721 10.760145 130855 1009
1291895830 3088764 59.897769 10.760014 157147 1070
1291895831 3089772 59.897812 10.759845 191785 1008
1291895832 3090782 59.897877 10.759574 174490 1010
1291895833 3091783 59.897923 10.759409 120990 1001
1291895834 3092812 59.897972 10.759261 141784 1029
1291895835 3093842 59.898042 10.75912 118521 1030
1291895836 3094852 59.898193 10.75897 155183 1010
1291895837 3095862 59.898309 10.758936 190439 1010
1291895838 3096993 59.898477 10.758976 187595 1131
1291895839 3098012 59.898588 10.759012 183548 1019
1291895840 3099013 59.898708 10.759035 177961 1001
1291895841 3100181 59.89888 10.759004 239413 1168
1291895842 3101202 59.899047 10.758952 151028 1021
1291895843 3102222 59.899172 10.758922 192837 1020
1291895844 3103382 59.899348 10.758908 153689 1160
1291895845 3104392 59.899469 10.758966 126307 1010
1291895846 3105412 59.89959 10.759079 165906 1020
1291895847 3106432 59.899748 10.759315 148481 1020
1291895848 3107433 59.899892 10.759582 169294 1001
1291895849 3108442 59.899973 10.759773 173914 1009
1291895850 3109493 59.900081 10.760083 166975 1051
1291895851 3110502 59.900147 10.760307 182033 1009
1291895852 3111512 59.900189 10.760523 181017 1010
1291895854 3112632 59.900256 10.760876 150989 1120
1291895855 3113633 59.900334 10.761249 232147 1001
1291895856 3114782 59.900423 10.761626 136175 1149
1291895857 3115832 59.900527 10.762027 176317 1050
1291895858 3116843 59.900553 10.762146 128514 1011
1291895859 3117863 59.900622 10.762425 133094 1020
1291895860 3118872 59.900666 10.762715 96708 1009
1291895861 3119902 59.90071 10.763005 85308 1030
1291895862 3120912 59.90074 10.763271 101923 1010
1291895863 3121923 59.90076 10.763407 87206 1011
1291895864 3122942 59.900792 10.763655 94476 1019
1291895865 3123952 59.900838 10.76391 100234 1010
1291895866 3125092 59.900883 10.764144 117596 1140
1291895867 3126112 59.900951 10.76435 116757 1020
1291895868 3127201 59.901032 10.764541 112668 1089
1291895869 3128202 59.901118 10.764732 157627 1001
1291895870 3129212 59.90121 10.764945 143201 1010
1291895871 3130222 59.901337 10.765275 145853 1010
1291895872 3131232 59.901426 10.765523 155395 1010
1291895873 3132332 59.901542 10.765889 141370 1100
1291895874 3133343 59.901568 10.766007 156552 1011
1291895875 3134352 59.901599 10.766126 168402 1009
1291895876 3135481 59.901625 10.766245 87428 1129
1291895877 3136491 59.901648 10.766346 90708 1010
1291895878 3137501 59.901667 10.766461 113525 1010
1291895879 3138502 59.901692 10.766545 98037 1001
1291895881 3139701 59.901712 10.766643 122513 1199
1291895882 3140721 59.901741 10.766726 112334 1020
1291895883 3141722 59.901778 10.766904 78735 1001
1291895884 3142723 59.901778 10.766904 84268 1001
1291895885 3143732 59.901801 10.766967 70813 1009
1291895886 3144792 59.901841 10.76711 103645 1060
1291895887 3145801 59.901841 10.76711 144911 1009
1291895888 3146811 59.901909 10.767224 99281 1010
1291895889 3147931 59.901945 10.767273 127742 1120
1291895890 3148935 59.901945 10.767273 163135 1004
1291895891 3149941 59.902028 10.767355 175436 1006
1291895892 3151112 59.902064 10.767404 182942 1171
1291895893 3152122 59.902064 10.767404 205203 1010
1291895894 3153132 59.902149 10.767451 165595 1010
1291895895 3154202 59.902195 10.767486 181205 1070
1291895896 3155351 59.902241 10.76752 268769 1149
1291895897 3156361 59.902286 10.767554 250625 1010
1291895898 3157523 59.902338 10.767571 193412 1162
1291895899 3158532 59.902385 10.767588 222698 1009
1291895901 3159652 59.90247 10.767597 167427 1120
1291895902 3160672 59.90247 10.767597 197819 1020
1291895903 3161802 59.902542 10.76762 150237 1130
1291895904 3162803 59.902571 10.767613 211584 1001
1291895905 3163922 59.902571 10.767613 232825 1119
1291895906 3164972 59.902628 10.767612 218157 1049
1291895907 3165973 59.902656 10.767622 231164 1001
1291895908 3167082 59.90268 10.767628 273881 1109
1291895909 3168122 59.902701 10.767618 263654 1040
1291895910 3169329 59.902721 10.767624 257945 1207
1291895911 3170511 59.902733 10.767628 261383 1182
1291895913 3171691 59.902757 10.767634 276633 1180
1291895914 3172692 59.902757 10.767634 263977 1001
1291895915 3173693 59.902765 10.767638 268540 1001
1291895916 3174694 59.902765 10.767638 205631 1001
1291895917 3175702 59.902765 10.767638 154617 1008
1291895918 3176711 59.902768 10.767655 229760 1009
1291895919 3177713 59.902768 10.767655 197146 1002
1291895920 3178716 59.902768 10.767655 197803 1003
1291895921 3179741 59.902768 10.767655 188492 1025
1291895922 3180751 59.902768 10.767655 176076 1010
1291895923 3181841 59.902768 10.767655 176565 1090
1291895924 3182861 59.902766 10.767673 210981 1020
1291895925 3184002 59.902766 10.767673 226160 1141
1291895926 3185011 59.902766 10.767673 227107 1009
1291895927 3186061 59.902771 10.767673 183466 1050
1291895928 3187141 59.902771 10.767673 198383 1080
1291895929 3188201 59.902771 10.767673 173801 1060
1291895930 3189202 59.902771 10.767673 187865 1001
1291895931 3190341 59.902778 10.767676 293290 1139
1291895932 3191342 59.902783 10.767676 259323 1001
1291895933 3192482 59.902783 10.767676 222635 1140
1291895935 3193641 59.902783 10.767676 241417 1159
1291895936 3194782 59.902783 10.767676 220309 1140
1291895937 3195791 59.902783 10.767676 224706 1009
1291895938 3196802 59.902783 10.767676 214276 1011
1291895939 3197952 59.902787 10.767676 246325 1150
1291895940 3199052 59.902787 10.767676 243066 1100
1291895941 3200141 59.902787 10.767676 254779 1089
1291895942 3201142 59.902787 10.767676 315287 1001
1291895943 3202241 59.902787 10.767676 231387 1099
1291895944 3203422 59.902789 10.767658 291250 1181
1291895946 3204551 59.902792 10.767676 255925 1129
1291895947 3205671 59.902792 10.767676 270739 1120
1291895948 3206672 59.902792 10.767676 305540 1001
1291895949 3207712 59.902792 10.767676 230766 1040
1291895950 3208802 59.902792 10.767676 207788 1090
1291895951 3210002 59.902792 10.767676 222046 1200
1291895952 3211091 59.902792 10.767676 184741 1089
1291895953 3212171 59.902792 10.767676 219358 1080
1291895954 3213172 59.902792 10.767676 281795 1001
1291895955 3214201 59.902792 10.767676 320245 1029
1291895956 3215220 59.902792 10.767676 313112 1019
1291895957 3216221 59.902792 10.767676 303243 1001
1291895958 3217401 59.902796 10.767676 269401 1180
1291895959 3218402 59.902796 10.767676 266767 1001
1291895961 3219561 59.902796 10.767676 276921 1159
1291895962 3220562 59.902796 10.767676 264715 1001
1291895963 3221641 59.902796 10.767676 231385 1079
1291895964 3222742 59.902796 10.767676 247879 1101
1291895965 3223841 59.902796 10.767676 240534 1099
1291895966 3224891 59.902796 10.767676 218021 1050
1291895967 3225961 59.902792 10.767676 212106 1070
1291895968 3227020 59.902792 10.767676 212367 1059
1291895969 3228201 59.902792 10.767676 232682 1181
1291895970 3229321 59.902792 10.767676 240789 1120
1291895971 3230470 59.902792 10.767676 285739 1149
1291895973 3231641 59.902792 10.767676 273361 1171
1291895974 3232781 59.902792 10.767676 267365 1140
1291895975 3233951 59.902792 10.767676 293435 1170
1291895976 3234952 59.902792 10.767676 255574 1001
1291895977 3236081 59.902792 10.767676 239953 1129
1291895978 3237082 59.902792 10.767676 269609 1001
1291895979 3238350 59.902792 10.767676 190636 1268
1291895980 3239361 59.902792 10.767676 170442 1011
1291895981 3240381 59.902792 10.767676 170544 1019
1291895982 3241400 59.9028 10.767679 146664 1019
1291895983 3242401 59.9028 10.767679 188661 1001
1291895984 3243430 59.9028 10.767679 203905 1029
1291895985 3244431 59.9028 10.767679 244619 1001
1291895986 3245432 59.9028 10.767679 307840 1001
1291895987 3246471 59.9028 10.767679 187735 1039
1291895988 3247472 59.9028 10.767679 285309 1001
1291895990 3248640 59.9028 10.767679 278220 1168
1291895991 3249781 59.902801 10.767662 251759 1141
1291895992 3250841 59.902801 10.767662 257214 1060
1291895993 3251951 59.902795 10.767679 223951 1110
1291895994 3253131 59.902795 10.767679 269235 1180
1291895995 3254261 59.902795 10.767679 265848 1130
1291895996 3255300 59.902797 10.767662 243326 1039
1291895997 3256451 59.902795 10.767679 254410 1151
1291895998 3257530 59.902797 10.767662 247220 1079
1291896000 3258601 59.902797 10.767662 234691 1071
1291896001 3259740 59.902797 10.767662 248722 1139
1291896002 3260900 59.902803 10.767683 294707 1160
1291896003 3261941 59.902803 10.767683 320530 1040
1291896004 3262942 59.902803 10.767683 321929 1001
1291896005 3264051 59.902803 10.767683 267351 1109
1291896006 3265241 59.902803 10.767683 291475 1190
1291896007 3266371 59.902803 10.767683 262143 1130
1291896008 3267530 59.902803 10.767683 272431 1159
1291896009 3268531 59.902803 10.767683 276935 1001
1291896011 3269690 59.902803 10.767683 209631 1159
1291896012 3270693 59.902803 10.767683 179512 1002
1291896013 3271730 59.902803 10.767683 150914 1035
1291896014 3272760 59.902803 10.767683 212074 1030
1291896015 3273761 59.902803 10.767683 232237 1001
1291896016 3274762 59.902803 10.767683 224221 1001
1291896017 3275881 59.902803 10.767683 234843 1119
1291896018 3277050 59.902803 10.767683 285985 1169
1291896019 3278051 59.902803 10.767683 285264 1001
1291896020 3279140 59.902803 10.767683 234953 1089
1291896021 3280300 59.902803 10.767683 283966 1160
1291896022 3281303 59.902803 10.767683 285988 1003
1291896023 3282410 59.902798 10.767683 242094 1107
1291896024 3283480 59.902798 10.767683 269233 1070
1291896026 3284621 59.902798 10.767683 289442 1141
1291896027 3285721 59.902798 10.767683 350429 1100
1291896028 3286730 59.902798 10.767683 235421 1009
1291896029 3287750 59.90281 10.767686 221491 1020
1291896030 3288760 59.902818 10.767689 165129 1010
1291896031 3289770 59.902818 10.767689 164608 1010
1291896032 3290780 59.902844 10.767678 219839 1009
1291896033 3291790 59.902863 10.767685 169603 1010
1291896034 3292821 59.902863 10.767685 167115 1031
1291896035 3293830 59.902924 10.767688 194521 1009
1291896036 3294831 59.902958 10.76768 154381 1001
1291896037 3295976 59.902958 10.76768 233044 1145
1291896038 3296980 59.903023 10.767683 249687 1003
1291896039 3298011 59.903056 10.767675 192170 1031
1291896040 3299181 59.903056 10.767675 179592 1169
1291896041 3300189 59.903111 10.767657 195554 1008
1291896042 3301190 59.903144 10.767649 195598 1001
1291896043 3302360 59.903177 10.767642 226387 1170
1291896044 3303370 59.903209 10.767652 173625 1010
1291896045 3304380 59.903243 10.767644 105016 1010
1291896046 3305381 59.903288 10.76764 145154 1001
1291896047 3306531 59.903373 10.767649 213783 1150
1291896049 3307630 59.903373 10.767649 212642 1099
1291896050 3308760 59.903472 10.767644 223594 1130
1291896051 3309769 59.903513 10.76764 209470 1009
1291896052 3310970 59.903513 10.76764 146492 1201
1291896053 3311980 59.903613 10.767617 185244 1009
1291896054 3312981 59.903659 10.767595 169195 1001
1291896055 3314079 59.903703 10.767556 150700 1098
1291896056 3315080 59.903744 10.767513 207674 1001
1291896057 3316209 59.903782 10.767453 183004 1129
1291896058 3317219 59.903823 10.767411 221574 1010
1291896059 3318250 59.903868 10.767354 178600 1031
1291896060 3319259 59.903904 10.767311 197172 1009
1291896061 3320260 59.903904 10.767311 168886 1001
1291896062 3321369 59.903976 10.767187 157963 1109
1291896063 3322379 59.904013 10.767145 133588 1010
1291896064 3323401 59.904049 10.767102 128218 1022
1291896065 3324409 59.904091 10.767042 153370 1008
1291896066 3325489 59.904135 10.767002 140670 1080
1291896067 3326490 59.904174 10.766977 155592 1001
1291896069 3327619 59.90428 10.766976 194379 1129
1291896070 3328630 59.90428 10.766976 144069 1011
1291896071 3329659 59.904332 10.766992 186429 1029
1291896072 3330709 59.904454 10.76705 51901 1050
1291896073 3331710 59.904454 10.76705 121395 1001
1291896074 3332719 59.904581 10.767128 107141 1009
1291896075 3333729 59.904638 10.767184 107589 1010
1291896076 3334739 59.904638 10.767184 135381 1010
1291896077 3335799 59.904767 10.767245 166651 1060
1291896078 3336800 59.904826 10.767265 156170 1001
1291896079 3337809 59.904826 10.767265 154117 1009
1291896080 3338810 59.90487 10.767278 169180 1001
1291896081 3339819 59.904963 10.76729 120892 1009
1291896082 3340821 59.904963 10.76729 102069 1002
1291896083 3341979 59.905015 10.767307 115978 1158
1291896084 3342980 59.905034 10.767314 166838 1001
1291896085 3344119 59.905051 10.767317 181894 1139
1291896086 3345120 59.905074 10.767341 194778 1001
1291896087 3346129 59.905094 10.767348 182025 1009
1291896088 3347139 59.905094 10.767348 180795 1010
1291896089 3348149 59.905121 10.767372 120496 1010
1291896090 3349150 59.905119 10.76739 173409 1001
1291896091 3350209 59.905132 10.767393 145893 1059
1291896092 3351210 59.905132 10.767393 145319 1001
1291896093 3352219 59.905132 10.767393 109713 1009
1291896094 3353229 59.905136 10.767393 148622 1010
1291896095 3354239 59.905144 10.767396 124683 1010
1291896096 3355409 59.905156 10.7674 176433 1170
1291896098 3356601 59.905186 10.767427 211834 1192
1291896099 3357609 59.905206 10.767434 200216 1008
1291896100 3358619 59.905206 10.767434 151638 1010
1291896101 3359639 59.905218 10.767437 142222 1020
1291896102 3360640 59.905258 10.767451 92947 1001
1291896103 3361649 59.905258 10.767451 165972 1009
1291896104 3362659 59.905291 10.767443 122429 1010
1291896105 3363839 59.905373 10.767487 90877 1180
1291896106 3364843 59.905373 10.767487 43776 1004
1291896107 3365849 59.905431 10.767525 36917 1006
1291896108 3366883 59.90555 10.767604 61503 1034
1291896109 3367898 59.90555 10.767604 32832 1015
1291896110 3369129 59.905641 10.767672 22156 1230
1291896111 3370139 59.905679 10.767703 75474 1010
1291896112 3371189 59.905714 10.767716 121639 1050
1291896113 3372198 59.905745 10.767744 68272 1009
1291896114 3373209 59.905764 10.767751 140355 1011
1291896115 3374210 59.905764 10.767751 141636 1001
1291896116 3375219 59.905783 10.767775 133694 1009
1291896117 3376229 59.90579 10.767778 162371 1010
1291896118 3377239 59.905798 10.767781 143860 1010
1291896119 3378299 59.905809 10.767802 155883 1060
1291896120 3379300 59.905809 10.767802 199698 1001
1291896121 3380308 59.905809 10.767802 130470 1008
1291896122 3381309 59.905828 10.767809 38899 1001
1291896123 3382318 59.905839 10.76783 98105 1009
1291896124 3383319 59.905859 10.767837 155269 1001
1291896125 3384329 59.905891 10.767847 80327 1010
1291896126 3385338 59.905921 10.767874 63364 1009
1291896127 3386339 59.905961 10.767888 81127 1001
1291896128 3387358 59.905999 10.767918 80825 1019
1291896129 3388359 59.90605 10.767935 87141 1001
1291896130 3389399 59.90611 10.767955 58690 1040
1291896131 3390408 59.906167 10.767993 50268 1009
1291896132 3391419 59.906221 10.767992 72508 1011
1291896133 3392439 59.90628 10.768012 58209 1020
1291896134 3393458 59.906344 10.768032 38304 1019
1291896135 3394459 59.906404 10.768034 28728 1001
1291896136 3395475 59.906464 10.768055 122416 1016
1291896137 3396479 59.906536 10.76806 145040 1004
1291896139 3397629 59.906597 10.768063 151658 1150
1291896140 3398639 59.90667 10.768069 158664 1010
1291896141 3399659 59.906825 10.768066 80970 1020
1291896142 3400728 59.906825 10.768066 27360 1069
1291896143 3401758 59.906825 10.768066 9576 1030
1291896144 3402768 59.90696 10.768057 69492 1009
1291896145 3403939 59.907034 10.768045 86403 1171
1291896146 3404948 59.907103 10.768051 53352 1009
1291896147 3405959 59.907236 10.768059 80818 1011
1291896148 3407118 59.907291 10.768041 78269 1159
1291896149 3408128 59.907353 10.768026 108551 1009
1291896150 3409139 59.907415 10.768011 102113 1011
1291896151 3410328 59.907476 10.768013 70096 1189
1291896152 3411339 59.90753 10.767995 77856 1011
1291896153 3412359 59.907573 10.767973 83970 1020
1291896154 3413379 59.90762 10.767951 77376 1020
1291896155 3414388 59.907661 10.767947 47716 1009
1291896156 3415418 59.907702 10.767943 63941 1030
1291896157 3416450 59.907702 10.767943 43776 1032
1291896158 3417468 59.907789 10.767917 32827 1018
1291896159 3418478 59.907811 10.767906 51984 1010
1291896160 3419498 59.907811 10.767906 57736 1020
1291896161 3420518 59.907853 10.767884 62573 1020
1291896162 3421528 59.907862 10.76787 87042 1010
1291896163 3422538 59.907864 10.767852 72719 1010
1291896165 3423588 59.907886 10.767824 66218 1050
1291896166 3424598 59.907886 10.767824 101305 1010
1291896167 3425608 59.907898 10.767827 77775 1010
1291896168 3426618 59.907901 10.767845 69099 1010
1291896169 3427778 59.907901 10.767845 137293 1160
1291896170 3428780 59.907927 10.767834 155611 1002
1291896171 3429788 59.907932 10.767834 142803 1008
1291896172 3430798 59.907932 10.767834 152321 1010
1291896173 3431808 59.907936 10.767834 161968 1010
1291896174 3432828 59.907942 10.767816 156101 1020
1291896175 3433958 59.907942 10.767816 139003 1130
1291896176 3434968 59.90795 10.767781 164361 1010
1291896177 3435978 59.907963 10.767767 162360 1010
1291896178 3436998 59.907963 10.767767 165194 1020
1291896179 3438008 59.907992 10.767774 142227 1010
1291896180 3439018 59.908018 10.767801 179558 1010
1291896181 3440028 59.908018 10.767801 106779 1010
1291896182 3441188 59.908083 10.767842 113247 1160
1291896183 3442198 59.908109 10.76787 108329 1010
1291896184 3443208 59.908109 10.76787 110876 1010
1291896185 3444222 59.908161 10.767886 78028 1014
1291896186 3445228 59.908199 10.767917 54550 1006
1291896187 3446238 59.908199 10.767917 69210 1010
1291896188 3447248 59.908267 10.767976 61040 1010
1291896190 3448598 59.908287 10.767983 2736 1350
1291896191 3449608 59.908331 10.767996 145624 1010
1291896192 3450628 59.908428 10.768008 141844 1020
1291896193 3451648 59.908428 10.768008 157495 1020
1291896194 3452658 59.908471 10.767987 113737 1010
1291896195 3453828 59.908554 10.767922 125260 1170
1291896196 3454838 59.908554 10.767922 144370 1010
1291896197 3455848 59.908623 10.767834 135655 1010
1291896198 3456855 59.908647 10.767749 124842 1007
1291896199 3457918 59.908647 10.767749 118605 1063
1291896200 3458968 59.908699 10.76758 133973 1050
1291896201 3460128 59.908723 10.767496 142060 1160
1291896202 3461278 59.908753 10.767394 112102 1150
1291896203 3462299 59.908791 10.767295 120860 1020
1291896204 3463318 59.908824 10.767196 94255 1019
1291896205 3464368 59.908824 10.767196 103240 1050
1291896206 3465388 59.908891 10.766982 55815 1020
1291896207 3466398 59.908924 10.766883 95954 1009
1291896209 3467578 59.909005 10.766692 128787 1180
1291896210 3468579 59.909046 10.766597 122893 1001
1291896211 3469587 59.909046 10.766597 71564 1008
1291896212 3470738 59.909091 10.766487 61658 1151
1291896213 3471998 59.909128 10.766375 27360 1260
1291896214 3473007 59.90917 10.766262 62087 1009
1291896215 3474207 59.909239 10.766015 119227 1200
1291896216 3475218 59.909283 10.765885 129024 1011
1291896217 3476228 59.90932 10.765772 147297 1010
1291896218 3477238 59.909362 10.765659 156581 1010
1291896219 3478428 59.909403 10.765563 152135 1190
1291896220 3479454 59.909445 10.765451 163723 1026
1291896221 3480468 59.909483 10.765338 139774 1014
1291896223 3481608 59.909523 10.765242 125749 1140
1291896224 3482618 59.909558 10.765126 115999 1009
1291896225 3483797 59.90964 10.764918 126618 1179
1291896226 3484798 59.90964 10.764918 125721 1001
1291896227 3486008 59.909715 10.764706 150190 1210
1291896228 3487127 59.909757 10.764593 110210 1119
1291896229 3488297 59.909801 10.764463 126302 1170
1291896230 3489347 59.909843 10.76435 130934 1050
1291896231 3490348 59.909873 10.764234 129624 1001
1291896232 3491507 59.909915 10.764121 127023 1159
1291896233 3492518 59.909994 10.763895 156934 1011
1291896234 3493527 59.909994 10.763895 121809 1009
1291896235 3494528 59.910024 10.763779 132316 1001
1291896237 3495552 59.910081 10.763582 133129 1024
1291896238 3496567 59.910081 10.763582 94557 1015
1291896239 3497568 59.910101 10.763497 96958 1001
1291896240 3499147 59.910161 10.763317 42581 1579
1291896241 3500157 59.910161 10.763317 151995 1010
1291896242 3501179 59.910225 10.763085 122208 1022
1291896243 3502247 59.910261 10.762951 130628 1068
1291896244 3503357 59.910295 10.762835 173767 1110
1291896245 3504358 59.910337 10.762722 135519 1001
1291896246 3505418 59.910376 10.762606 77874 1060
1291896247 3506427 59.910376 10.762606 111273 1009
1291896248 3507437 59.91046 10.762433 120264 1010
1291896249 3508447 59.910492 10.762351 122255 1010
1291896250 3509458 59.910516 10.762267 138818 1011
1291896251 3510459 59.910541 10.762203 127788 1001
1291896252 3511507 59.910562 10.762154 121695 1048
1291896253 3512518 59.910579 10.762105 129630 1011
1291896254 3513527 59.91061 10.762024 106994 1009
1291896255 3514538 59.91061 10.762024 83222 1011
1291896257 3515553 59.910631 10.761974 115179 1015
1291896258 3516557 59.910681 10.761826 120427 1004
1291896259 3517657 59.910681 10.761826 150495 1100
1291896260 3518698 59.910736 10.761661 160781 1041
1291896261 3519709 59.91076 10.761576 157598 1010
1291896262 3520717 59.91076 10.761576 148380 1008
1291896263 3521727 59.910815 10.761411 142302 1010
1291896264 3523077 59.910841 10.761309 147738 1350
1291896265 3524158 59.910872 10.761228 146425 1081
1291896266 3525247 59.910896 10.761143 141801 1088
1291896267 3526277 59.910921 10.761041 145932 1030
1291896268 3527387 59.910951 10.760939 151854 1110
1291896270 3528557 59.911008 10.760718 166316 1170
1291896271 3529627 59.911008 10.760718 153193 1070
1291896272 3530787 59.911069 10.760496 132318 1160
1291896273 3531938 59.9111 10.760376 131407 1151
1291896274 3533067 59.91113 10.760274 144316 1129
1291896275 3534138 59.91116 10.760172 142435 1071
1291896276 3535187 59.911182 10.760067 137958 1049
1291896277 3536197 59.911204 10.759962 140805 1010
1291896278 3537297 59.911217 10.759856 143085 1100
1291896279 3538397 59.911234 10.759768 138474 1100
1291896281 3539557 59.911259 10.759666 134981 1160
1291896282 3540637 59.911291 10.759438 125678 1080
1291896283 3541646 59.911291 10.759438 124395 1009
1291896284 3542747 59.911337 10.759196 135775 1101
1291896285 3543757 59.911356 10.759073 152510 1010
1291896286 3544767 59.911356 10.759073 114802 1010
1291896287 3545778 59.911383 10.758953 88008 1011
1291896288 3546957 59.911405 10.758704 66786 1179
1291896289 3547966 59.911405 10.758704 134470 1009
1291896290 3548967 59.911421 10.758472 114431 1001
1291896291 3549978 59.911441 10.758332 121016 1011
1291896292 3550986 59.911441 10.758332 114167 1008
1291896293 3551997 59.911495 10.75804 116889 1011
1291896294 3553007 59.911515 10.7579 140610 1010
1291896295 3554057 59.911515 10.7579 106002 1050
1291896296 3555058 59.91157 10.757643 99786 1001
1291896297 3556287 59.911609 10.757527 118503 1229
1291896298 3557356 59.911655 10.757375 136939 1069
1291896299 3558366 59.911696 10.757242 76702 1010
1291896300 3559377 59.911718 10.757084 113989 1011
1291896301 3560396 59.911738 10.756943 124679 1019
1291896303 3561556 59.911798 10.756648 146246 1160
1291896304 3562887 59.911798 10.756648 126162 1331
1291896305 3563896 59.911837 10.756384 164825 1009
1291896306 3565046 59.911854 10.756244 148367 1150
1291896307 3566066 59.911868 10.756121 139152 1020
1291896308 3567086 59.911889 10.755981 130471 1020
1291896309 3568156 59.911896 10.755854 151606 1070
1291896310 3569307 59.91191 10.755731 140325 1151
1291896311 3570337 59.911925 10.755609 133314 1030
1291896312 3571346 59.911949 10.755471 136343 1009
1291896313 3572347 59.911971 10.755352 140163 1001
1291896314 3573369 59.911989 10.755232 138828 1022
1291896316 3574577 59.912016 10.755098 178014 1208
1291896317 3575607 59.912059 10.754877 143394 1030
1291896318 3576617 59.912083 10.75474 145609 1010
1291896319 3577626 59.912083 10.75474 162834 1009
1291896320 3578746 59.912126 10.754518 141372 1120
1291896321 3579756 59.91214 10.754395 126164 1010
1291896322 3580766 59.91214 10.754395 88579 1010
1291896323 3581777 59.91216 10.754311 117440 1011
1291896324 3582957 59.912186 10.754153 133991 1180
1291896325 3583966 59.912186 10.754153 141055 1009
1291896326 3584967 59.912201 10.753991 142920 1001
1291896327 3585977 59.912208 10.753918 136331 1010
1291896328 3586986 59.912208 10.753918 166648 1009
1291896329 3587987 59.912237 10.753777 135977 1001
1291896330 3588988 59.912258 10.753689 132037 1001
1291896331 3590036 59.912258 10.753689 141125 1048
1291896332 3591037 59.9123 10.7535 155132 1001
1291896333 3592046 59.91231 10.753429 136463 1009
1291896334 3593056 59.91231 10.753429 129652 1010
1291896335 3594057 59.912316 10.753321 128720 1001
1291896336 3595066 59.912323 10.753286 129189 1009
1291896337 3596076 59.912323 10.753286 124707 1010
1291896338 3597086 59.91233 10.75325 146210 1010
1291896339 3598096 59.91233 10.75325 126162 1010
1291896340 3599097 59.91233 10.75325 156481 1001
1291896341 3600256 59.912329 10.75323 143630 1159
1291896342 3601286 59.912335 10.753212 95322 1030
1291896343 3602297 59.912335 10.753212 150919 1011
1291896344 3603306 59.912331 10.753209 144037 1009
1291896345 3604307 59.912337 10.753191 155110 1001
1291896346 3605316 59.912334 10.753188 148957 1009
1291896347 3606326 59.912339 10.753188 160247 1010
1291896348 3607336 59.912343 10.753188 154821 1010
1291896349 3608337 59.912348 10.753188 135774 1001
1291896350 3609345 59.912345 10.753184 107704 1008
1291896351 3610346 59.912355 10.753167 86059 1001
1291896352 3611366 59.912355 10.753167 89299 1020
1291896353 3612376 59.912364 10.753167 77078 1010
1291896354 3613386 59.912369 10.753167 87356 1010
1291896355 3614395 59.912378 10.753167 82259 1009
1291896356 3615405 59.912382 10.753167 105315 1010
1291896357 3616406 59.912387 10.753167 93434 1001
1291896358 3617516 59.912391 10.753167 90566 1110
1291896359 3618525 59.912397 10.753111 82928 1009
1291896360 3619536 59.912397 10.753111 74779 1011
1291896362 3620546 59.912397 10.753072 81963 1010
1291896363 3621549 59.912391 10.752957 83278 1003
1291896364 3622566 59.912391 10.752957 83669 1017
1291896365 3623746 59.912393 10.752901 96638 1180
1291896366 3624756 59.912389 10.752768 87175 1010
1291896367 3625766 59.912389 10.752768 136240 1010
1291896368 3626776 59.91239 10.752712 111928 1010
1291896369 3627786 59.912394 10.752582 132950 1010
1291896370 3628795 59.912394 10.752582 139125 1009
1291896371 3629796 59.912413 10.752421 140919 1001
1291896372 3630797 59.912425 10.752333 135543 1001
1291896373 3631806 59.912425 10.752333 125317 1009
1291896374 3632825 59.912442 10.752175 138064 1019
1291896375 3633826 59.912443 10.752105 127384 1001
1291896376 3634835 59.912443 10.752105 131756 1009
1291896377 3635846 59.912441 10.751979 167412 1011
1291896378 3636856 59.912446 10.751926 113702 1010
1291896379 3637866 59.912446 10.751926 148301 1010
1291896380 3638867 59.912444 10.751838 154387 1001
1291896381 3639876 59.912447 10.751803 139109 1009
1291896382 3641076 59.912438 10.751765 165903 1200
1291896383 3642236 59.912442 10.751751 190641 1159
1291896384 3643385 59.912435 10.751733 165038 1149
1291896385 3644396 59.91243 10.751733 194135 1011
1291896386 3645417 59.912435 10.751719 178089 1021
1291896387 3646425 59.91243 10.751719 185417 1008
1291896388 3647436 59.912433 10.751722 146297 1011
1291896390 3648615 59.912424 10.751722 185556 1179
1291896391 3649625 59.912424 10.751722 164619 1009
1291896392 3650626 59.912423 10.751725 171928 1001
1291896393 3651627 59.912414 10.751725 192958 1001
1291896394 3652697 59.912414 10.751725 154653 1070
1291896395 3653715 59.91241 10.751725 210858 1018
1291896396 3654767 59.912405 10.751725 164361 1052
1291896397 3655825 59.912405 10.751725 148822 1058
1291896398 3656846 59.912404 10.751729 156824 1021
1291896399 3657855 59.912399 10.751729 177759 1009
1291896400 3658995 59.912399 10.751729 150718 1140
1291896401 3659996 59.912395 10.751729 160128 1001
1291896402 3661036 59.91239 10.751729 168276 1040
1291896403 3662056 59.91239 10.751729 228624 1020
1291896404 3663057 59.912386 10.751729 163317 1001
1291896405 3664066 59.912389 10.751732 205751 1009
1291896406 3665076 59.912389 10.751732 152615 1010
1291896407 3666085 59.912384 10.751732 209797 1009
1291896408 3667096 59.912384 10.751732 199111 1011
1291896409 3668225 59.91238 10.751732 161554 1129
1291896410 3669226 59.91238 10.751732 166506 1001
1291896411 3670296 59.91238 10.751732 140018 1070
1291896412 3671305 59.912375 10.751732 159323 1009
1291896413 3672485 59.912375 10.751732 165806 1180
1291896415 3673686 59.912374 10.75175 176931 1201
1291896416 3674694 59.912366 10.751746 210032 1008
1291896417 3675696 59.912366 10.751746 185367 1002
1291896418 3676816 59.912366 10.751746 181023 1120
1291896419 3677955 59.912366 10.751746 188919 1139
1291896420 3679045 59.912366 10.751746 185275 1090
1291896421 3680095 59.912357 10.751761 148003 1050
1291896422 3681206 59.912357 10.751761 176612 1111
1291896423 3682215 59.912357 10.751761 194464 1009
1291896424 3683386 59.912357 10.751761 178112 1171
1291896425 3684395 59.912362 10.751761 191553 1009
1291896426 3685505 59.912362 10.751761 162086 1110
1291896428 3686685 59.912354 10.751757 172079 1180
1291896429 3687696 59.912354 10.751757 161875 1011
1291896430 3688697 59.912354 10.751757 132547 1001
1291896431 3689776 59.912351 10.751754 167060 1079
1291896432 3690785 59.912351 10.751754 159233 1008
1291896433 3691786 59.912351 10.751754 149398 1001
1291896434 3692795 59.912337 10.75173 138982 1009
1291896435 3693805 59.912337 10.751691 123404 1010
1291896436 3694815 59.912337 10.751691 141640 1010
1291896437 3695825 59.912338 10.751674 120034 1010
1291896438 3696845 59.912333 10.751597 141709 1020
1291896439 3697855 59.912333 10.751597 120903 1010
1291896440 3699015 59.912341 10.751523 120840 1160
1291896441 3700175 59.912336 10.751485 102430 1160
1291896442 3701335 59.912337 10.751429 115328 1159
1291896443 3702405 59.912347 10.751358 144364 1069
1291896445 3703585 59.91235 10.751285 151093 1180
1291896446 3704645 59.912361 10.751159 164315 1060
1291896447 3705735 59.912363 10.751103 154697 1090
1291896448 3706795 59.912363 10.751103 152076 1060
1291896449 3707924 59.912341 10.750984 141779 1129
1291896450 3709036 59.912318 10.750921 127792 1112
1291896451 3710195 59.912286 10.750873 130166 1159
1291896452 3711204 59.912261 10.750828 102734 1008
1291896453 3712264 59.912237 10.750783 64730 1060
1291896454 3713525 59.912237 10.750783 35428 1261
1291896456 3715355 59.912206 10.750755 25992 1830
1291896457 3716484 59.912122 10.750637 83026 1129
1291896458 3717485 59.912081 10.750589 47880 1001
1291896459 3718505 59.911967 10.750482 37477 1020
1291896461 3719555 59.911905 10.750444 58314 1050
1291896462 3720584 59.911844 10.750389 47880 1029
1291896463 3721645 59.911788 10.750334 32832 1061
1291896464 3722708 59.911725 10.750296 25085 1063
1291896465 3723754 59.91167 10.750224 62928 1046
1291896466 3724764 59.911623 10.750154 17520 1010
1291896467 3725784 59.911623 10.750154 51984 1020
1291896467 3726030 59.911591 10.750053 10383 246
