1285078968 2079915 59.871022 10.657713 351576 1001
1285078969 2080924 59.87104 10.657737 320680 1009
1285078970 2081934 59.87104 10.657737 304264 1010
1285078971 2082935 59.871051 10.657758 317944 1001
1285078972 2084014 59.871057 10.657779 345304 1079
1285078973 2085015 59.871075 10.657803 354312 1001
1285078974 2086024 59.871075 10.657803 309736 1009
1285078975 2087025 59.871087 10.657807 320680 1001
1285078976 2088026 59.871106 10.657831 317944 1001
1285078977 2089114 59.87112 10.657855 334360 1088
1285078978 2090115 59.87112 10.657855 342000 1001
1285078979 2091116 59.87113 10.657876 286480 1001
1285078980 2092125 59.871149 10.6579 297424 1009
1285078981 2093163 59.871167 10.657924 302896 1038
1285078982 2094164 59.871167 10.657924 328320 1001
1285078983 2095165 59.871185 10.657948 323416 1001
1285078984 2096174 59.871204 10.657972 331624 1009
1285078985 2097176 59.871223 10.657979 353493 1002
1285078986 2098253 59.871223 10.657979 301547 1077
1285078987 2099254 59.871242 10.658003 332424 1001
1285078988 2100255 59.87126 10.658027 371296 1001
1285078989 2101263 59.871278 10.658051 361720 1008
1285078990 2102265 59.871278 10.658051 300160 1002
1285078991 2103274 59.871309 10.658079 354880 1009
1285078992 2104275 59.871327 10.658103 361720 1001
1285078993 2105334 59.871346 10.658127 376768 1059
1285078994 2106335 59.871346 10.658127 406296 1001
1285078995 2107336 59.871376 10.658155 360352 1001
1285078996 2108344 59.871394 10.658179 361720 1008
1285078997 2109345 59.87142 10.658206 365824 1001
1285078998 2110353 59.87142 10.658206 364456 1008
1285078999 2111354 59.871443 10.65823 348040 1001
1285079000 2112355 59.871469 10.658258 358984 1001
1285079001 2113363 59.871492 10.658282 322048 1008
1285079002 2114453 59.871492 10.658282 387712 1090
1285079003 2115454 59.871516 10.658327 402192 1001
1285079004 2116455 59.871547 10.658354 360352 1001
1285079005 2117463 59.871573 10.658382 360352 1008
1285079006 2118464 59.871573 10.658382 332992 1001
1285079007 2119466 59.871603 10.658409 327520 1002
1285079008 2120473 59.871629 10.658437 337096 1007
1285079010 2121553 59.87166 10.658464 337096 1080
1285079011 2122554 59.87166 10.658464 365256 1001
1285079012 2123555 59.871686 10.658492 264592 1001
1285079013 2124556 59.871716 10.658519 282376 1001
1285079014 2125563 59.871754 10.65855 348040 1007
1285079015 2126564 59.871754 10.65855 377107 1001
1285079016 2127565 59.871779 10.658595 332085 1001
1285079017 2128574 59.871809 10.658622 326152 1009
1285079018 2129575 59.871847 10.658653 319312 1001
1285079019 2130583 59.871847 10.658653 301528 1008
1285079020 2131593 59.871873 10.65868 333792 1010
1285079021 2132603 59.871911 10.658711 290584 1010
1285079022 2133604 59.87194 10.658756 291952 1001
1285079023 2134614 59.87194 10.658756 287848 1009
1285079024 2135736 59.871978 10.658787 250344 1122
1285079025 2136743 59.872009 10.658814 215344 1007
1285079026 2137753 59.872043 10.658845 326952 1010
1285079027 2138754 59.872043 10.658845 291952 1001
1285079028 2139773 59.872079 10.658893 290584 1019
1285079029 2140774 59.872117 10.658924 281008 1001
1285079030 2141783 59.872155 10.658955 285912 1009
1285079031 2142785 59.872155 10.658955 268696 1002
1285079032 2143793 59.872186 10.658982 289216 1008
1285079033 2144794 59.872222 10.659031 292752 1001
1285079034 2145803 59.872261 10.659061 182512 1009
1285079035 2146813 59.872261 10.659061 187416 1010
1285079036 2147824 59.872299 10.659092 163360 1011
1285079037 2148858 59.872335 10.65914 143640 1034
1285079038 2149863 59.872373 10.659171 140904 1005
1285079039 2150865 59.872373 10.659171 172936 1002
1285079040 2151873 59.87241 10.659219 217512 1008
1285079041 2152874 59.872448 10.65925 211240 1001
1285079042 2153883 59.872485 10.659299 244872 1009
1285079043 2154893 59.872485 10.659299 233128 1010
1285079044 2155894 59.872523 10.659329 239968 1001
1285079045 2156903 59.872561 10.65936 255816 1009
1285079046 2157904 59.872605 10.659412 181144 1001
1285079047 2158923 59.872605 10.659412 225720 1019
1285079048 2159933 59.872643 10.659442 178408 1010
1285079049 2160943 59.87268 10.659491 225720 1010
1285079050 2161952 59.872723 10.659521 142840 1009
1285079051 2162973 59.872723 10.659521 218880 1021
1285079052 2163974 59.872759 10.65957 207136 1001
1285079053 2164983 59.872805 10.659604 210672 1009
1285079054 2165992 59.872842 10.659652 216711 1009
1285079055 2166993 59.872842 10.659652 270864 1001
1285079056 2167994 59.872878 10.6597 194824 1001
1285079057 2169003 59.872921 10.659731 262656 1009
1285079058 2170004 59.872958 10.659779 227656 1001
1285079059 2171005 59.872958 10.659779 249544 1001
1285079060 2172013 59.873003 10.659813 269496 1008
1285079061 2173023 59.87304 10.659862 208504 1010
1285079062 2174032 59.873083 10.659893 207936 1009
1285079063 2175042 59.873083 10.659893 171568 1010
1285079066 2177602 59.873119 10.659941 101200 2560
1285079067 2178823 59.873163 10.659992 238632 1221
1285079068 2179832 59.873202 10.660023 160056 1009
1285079069 2180833 59.873202 10.660023 210672 1001
1285079070 2181834 59.873243 10.660072 209872 1001
1285079071 2182843 59.873287 10.660123 228456 1009
1285079072 2183853 59.873324 10.660171 170200 1010
1285079073 2184855 59.873324 10.660171 188784 1001
1285079074 2185862 59.873362 10.660202 205768 1007
1285079075 2186864 59.873411 10.660254 238032 1002
1285079076 2187872 59.873447 10.660302 223552 1008
1285079077 2188882 59.873447 10.660302 215344 1010
1285079078 2189903 59.873484 10.66035 262656 1021
1285079079 2190904 59.873534 10.660384 233128 1001
1285079080 2191922 59.873571 10.660433 268128 1018
1285079081 2192932 59.873571 10.660433 256384 1010
1285079082 2193942 59.873607 10.660481 216712 1010
1285079083 2194952 59.873652 10.660533 228456 1010
1285079084 2195953 59.873693 10.660581 196192 1001
1285079085 2196972 59.873693 10.660581 229824 1019
1285079086 2197973 59.873737 10.660633 219448 1001
1285079087 2198982 59.873774 10.660681 224352 1009
1285079088 2199992 59.873824 10.660715 155152 1010
1285079089 2201012 59.873824 10.660715 175104 1020
1285079096 2208330 59.873861 10.660763 16384 7318
1285079129 2241483 59.873897 10.660811 182544 33153
1285079130 2242512 59.873946 10.660863 36936 1029
1285079132 2243553 59.873946 10.660863 34200 1041
1285079133 2244623 59.873983 10.660911 23256 1070
1285079134 2245672 59.874028 10.660945 13680 1049
1285079135 2246752 59.87407 10.660994 8208 1080
1285079144 2256313 59.87407 10.660994 2736 9561
1285079145 2257323 59.874114 10.661045 65664 1010
1285079146 2258393 59.874151 10.661094 87552 1070
1285079147 2259413 59.874199 10.661145 101232 1020
1285079148 2260423 59.874199 10.661145 77176 1010
1285079149 2261434 59.874236 10.661194 69768 1011
1285079150 2262443 59.87428 10.661245 93024 1009
1285079151 2263463 59.874321 10.661293 114912 1020
1285079152 2264513 59.874321 10.661293 90856 1050
1285079153 2265523 59.874366 10.661345 90288 1010
1285079154 2266533 59.874402 10.661393 116280 1010
1285079156 2267543 59.874451 10.661445 121752 1010
1285079157 2268551 59.874451 10.661445 108640 1008
1285079158 2269553 59.874488 10.661493 145008 1002
1285079159 2270563 59.874532 10.661545 125856 1010
1285079160 2271573 59.874581 10.661596 125056 1010
1285079161 2272603 59.874581 10.661596 101232 1030
1285079162 2273613 59.874618 10.661645 110808 1010
1285079163 2274623 59.874662 10.661696 121752 1010
1285079164 2275653 59.874703 10.661745 110008 1030
1285079165 2276673 59.874703 10.661745 119016 1020
1285079166 2277683 59.874749 10.661779 112176 1010
1285079167 2278693 59.874798 10.66183 105336 1010
1285079168 2279703 59.874834 10.661879 88120 1010
1285079169 2280713 59.874834 10.661879 109440 1010
1285079170 2281732 59.874878 10.66193 102600 1019
1285079171 2283337 59.87492 10.661979 16384 1604
1285079172 2284344 59.874964 10.66203 207168 1007
1285079173 2285353 59.874964 10.66203 109440 1009
1285079174 2286472 59.875014 10.662064 82080 1119
1285079175 2287473 59.875051 10.662113 86184 1001
1285079176 2288483 59.8751 10.662164 126424 1010
1285079177 2289493 59.8751 10.662164 146376 1010
1285079178 2290494 59.875144 10.662216 158688 1001
1285079179 2291506 59.875181 10.662264 118216 1012
1285079180 2292508 59.875229 10.662316 123120 1002
1285079181 2293513 59.875229 10.662316 149112 1005
1285079182 2294523 59.875267 10.662346 99064 1010
1285079183 2295533 59.875316 10.662398 98496 1010
1285079185 2296551 59.87536 10.66245 97128 1018
1285079186 2297553 59.87536 10.66245 112176 1002
1285079187 2298554 59.875397 10.662498 84016 1001
1285079188 2299565 59.875446 10.66255 121752 1011
1285079189 2300583 59.87549 10.662601 117648 1018
1285079190 2301593 59.87549 10.662601 112176 1010
1285079191 2302603 59.875531 10.662649 100432 1010
1285079192 2303613 59.875577 10.662684 129960 1010
1285079193 2304624 59.875618 10.662732 69768 1011
1285079194 2305643 59.875618 10.662732 108072 1019
1285079195 2306652 59.875663 10.662783 89488 1009
1285079196 2307662 59.875711 10.662835 86184 1010
1285079197 2308683 59.875756 10.662887 60192 1021
1285079198 2309692 59.875756 10.662887 57456 1009
1285079199 2310703 59.875798 10.662917 57456 1011
1285079200 2311722 59.875842 10.662969 64296 1019
1285079201 2312723 59.875891 10.663021 12880 1001
1285079202 2313802 59.875891 10.663021 25992 1079
1285079203 2314803 59.875928 10.663069 145008 1001
1285079204 2315804 59.875977 10.663121 147744 1001
1285079205 2316812 59.876022 10.663155 92224 1008
1285079206 2317833 59.876022 10.663155 131328 1021
1285079207 2318843 59.876064 10.663203 109440 1010
1285079208 2319852 59.876108 10.663255 121752 1009
1285079209 2320858 59.876157 10.663306 78544 1006
1285079210 2321872 59.876157 10.663306 150480 1014
1285079211 2322882 59.876193 10.663354 140904 1010
1285079212 2323883 59.876244 10.663389 107272 1001
1285079213 2324893 59.876288 10.66344 154584 1010
1285079214 2325902 59.876288 10.66344 168264 1009
1285079215 2326903 59.876324 10.663488 107272 1001
1285079216 2327932 59.876373 10.66354 121752 1029
1285079217 2328952 59.876418 10.663592 110808 1020
1285079218 2330092 59.876418 10.663592 134632 1140
1285079219 2331093 59.876459 10.66364 161424 1001
1285079220 2332103 59.876503 10.663692 169632 1010
1285079221 2333123 59.876552 10.663743 107272 1020
1285079222 2334133 59.876552 10.663743 175104 1010
1285079223 2335143 59.87659 10.663774 191520 1010
1285079224 2336152 59.876639 10.663826 145576 1009
1285079225 2337162 59.876675 10.663874 165528 1010
1285079226 2338172 59.876675 10.663874 138736 1010
1285079227 2339183 59.87672 10.663926 136800 1011
1285079228 2340184 59.876768 10.663977 129960 1001
1285079229 2341192 59.876805 10.664025 83448 1008
1285079230 2342194 59.876805 10.664025 66232 1002
1285079231 2343202 59.876854 10.664077 88920 1008
1285079232 2344212 59.876898 10.664129 110808 1010
1285079234 2345715 59.876939 10.664177 16384 1503
1285079235 2346722 59.876939 10.664177 252313 1007
1285079236 2347732 59.876984 10.664229 110808 1010
1285079237 2348742 59.877028 10.66428 127224 1010
1285079238 2349762 59.87707 10.664311 97696 1020
1285079239 2350784 59.87707 10.664311 138168 1022
1285079240 2351792 59.877115 10.664363 138168 1008
1285079241 2352992 59.877163 10.664414 115480 1200
1285079242 2354002 59.8772 10.664462 127224 1010
1285079243 2355023 59.8772 10.664462 143640 1021
1285079244 2356032 59.877249 10.664514 120384 1009
1285079249 2360972 59.877293 10.664566 30661 4940
1285079252 2364152 59.877336 10.664596 8208 3180
1285079253 2365182 59.877336 10.664596 69768 1030
1285079254 2366192 59.87738 10.664648 124488 1010
1285079255 2367202 59.877429 10.6647 117648 1010
1285079256 2368222 59.877466 10.664748 81283 1020
1285079257 2369232 59.877466 10.664748 124488 1010
1285079258 2370233 59.877514 10.6648 132696 1001
1285079259 2371242 59.877559 10.664851 138168 1009
1285079260 2372262 59.8776 10.6649 123688 1020
1285079261 2373263 59.8776 10.6649 164160 1001
1285079262 2374264 59.877645 10.664934 156520 1001
1285079263 2375272 59.87769 10.664985 162792 1008
1285079264 2376293 59.877731 10.665034 157320 1021
1285079265 2377312 59.877731 10.665034 134632 1019
1285079266 2378322 59.877775 10.665085 143640 1010
1285079267 2379332 59.877824 10.665137 143640 1010
1285079268 2380352 59.877861 10.665185 123688 1020
1285079269 2381362 59.877861 10.665185 155952 1010
1285079270 2382370 59.877909 10.665237 168264 1008
1285079271 2383382 59.877946 10.665285 144208 1012
1285079272 2384392 59.87799 10.665337 154584 1010
1285079273 2385412 59.87799 10.665337 64296 1020
1285079274 2386421 59.878039 10.665388 92224 1009
1285079275 2387441 59.878076 10.665437 83448 1020
1285079276 2388462 59.878125 10.665488 50616 1021
1285079277 2389502 59.878125 10.665488 23256 1040
1285079278 2390521 59.878169 10.66554 25992 1019
1285079280 2391591 59.878206 10.665588 17784 1070
1285079281 2392611 59.878254 10.66564 16416 1020
1285079283 2395065 59.878254 10.66564 10944 2454
1285079284 2396102 59.878299 10.665691 77976 1037
1285079285 2397121 59.87834 10.66574 35568 1019
1285079287 2398691 59.878384 10.665791 36136 1570
1285079288 2399751 59.878384 10.665791 27360 1060
1285079289 2400771 59.878428 10.665843 25992 1020
1285079290 2401801 59.878469 10.665891 25992 1030
1285079291 2402862 59.878514 10.665943 28728 1061
1285079292 2403891 59.878514 10.665943 20520 1029
1285079293 2404911 59.878563 10.665994 21888 1020
1285079294 2405921 59.878601 10.666025 23088 1010
1285079295 2406951 59.878649 10.666077 23424 1030
1285079296 2407982 59.878649 10.666077 39672 1031
1285079297 2409021 59.878694 10.666128 25992 1039
1285079298 2410051 59.87873 10.666177 32832 1030
1285079299 2411071 59.878779 10.666228 25992 1020
1285079300 2412081 59.878779 10.666228 33880 1010
1285079301 2413151 59.878823 10.66628 37256 1070
1285079302 2414311 59.878865 10.666328 16984 1160
1285079303 2415421 59.878909 10.66638 10944 1110
1285079320 2431673 59.878909 10.66638 4104 16252
1285079321 2432703 59.878958 10.666432 80712 1030
1285079322 2433713 59.878994 10.66648 67032 1010
1285079323 2434723 59.879039 10.666531 24624 1010
1285079324 2435733 59.879039 10.666531 93024 1010
1285079325 2436823 59.879087 10.666583 129160 1090
1285079326 2437833 59.879124 10.666631 157320 1010
1285079327 2438843 59.879173 10.666683 120384 1010
1285079328 2439933 59.879173 10.666683 60192 1090
1285079329 2440953 59.879217 10.666735 34200 1020
1285079330 2441983 59.87926 10.666765 48445 1030
1285079331 2443013 59.879304 10.666817 97128 1030
1285079332 2444023 59.879304 10.666817 86184 1010
1285079333 2445043 59.879348 10.666869 79344 1020
1285079334 2446054 59.879389 10.666917 71136 1011
1285079335 2447063 59.879434 10.666969 49248 1009
1285079336 2448153 59.879434 10.666969 16987 1090
1285079337 2449273 59.879483 10.66702 13680 1120
1285079338 2450293 59.879519 10.667069 38304 1020
1285079342 2454154 59.879568 10.66712 28728 3861
1285079343 2455174 59.879568 10.66712 302328 1019
1285079344 2456393 59.879612 10.667172 58024 1219
1285079345 2457394 59.879657 10.667223 220248 1001
1285079346 2458395 59.879698 10.667272 227656 1001
1285079347 2459403 59.879698 10.667272 294120 1008
1285079348 2460404 59.879742 10.667323 230392 1001
1285079350 2461594 59.879791 10.667375 223549 1190
1285079351 2462654 59.879827 10.667423 87552 1060
1285079352 2463694 59.879827 10.667423 35568 1040
1285079353 2464723 59.879872 10.667475 27360 1029
1285079354 2465733 59.879913 10.667523 49248 1010
1285079355 2466734 59.879957 10.667575 116280 1001
1285079356 2467743 59.879957 10.667575 99067 1009
1285079357 2468753 59.880006 10.667626 65664 1010
1285079358 2469763 59.880041 10.667692 41040 1010
1285079359 2470773 59.88009 10.667744 61472 1010
1285079360 2471774 59.88009 10.667744 52072 1001
1285079361 2472793 59.880125 10.66781 69768 1019
1285079362 2473803 59.880162 10.667858 72504 1010
1285079363 2474823 59.880209 10.667927 47079 1020
1285079364 2475854 59.880209 10.667927 32832 1031
1285079365 2476863 59.880246 10.667976 24624 1009
1285079366 2477882 59.880289 10.668045 21888 1019
1285079367 2478883 59.88033 10.668093 13680 1001
1285079368 2479942 59.88033 10.668093 54720 1059
1285079369 2481002 59.880373 10.668162 5472 1060
1285079370 2482073 59.880408 10.668228 5472 1071
1285079375 2487432 59.880443 10.668294 12312 5359
1285079376 2488433 59.880443 10.668294 186048 1001
1285079378 2489692 59.880492 10.668346 43776 1259
1285079379 2490713 59.880527 10.668412 42976 1021
1285079380 2491723 59.880562 10.668477 65664 1010
1285079381 2492732 59.880562 10.668477 56088 1009
1285079382 2493733 59.880607 10.668529 53352 1001
1285079383 2494762 59.880646 10.668595 38304 1029
1285079384 2495773 59.880681 10.668661 30096 1011
1285079385 2496802 59.880681 10.668661 36936 1029
1285079386 2497822 59.880724 10.66873 25992 1020
1285079387 2498853 59.880761 10.668778 39672 1031
1285079388 2499883 59.880801 10.668844 29296 1030
1285079389 2500922 59.880801 10.668844 32832 1039
1285079390 2501953 59.880844 10.668913 32832 1031
1285079391 2502973 59.88088 10.668962 49248 1020
1285079392 2504002 59.880915 10.669027 65664 1029
1285079393 2505012 59.880915 10.669027 38304 1010
1285079394 2506052 59.880958 10.669097 43776 1040
1285079395 2507053 59.880999 10.669145 54784 1001
1285079396 2508072 59.881042 10.669214 61496 1019
1285079397 2509073 59.881042 10.669214 45712 1001
1285079398 2510082 59.881077 10.66928 68400 1009
1285079399 2511102 59.881119 10.669328 69600 1020
1285079400 2512113 59.881161 10.669398 68568 1011
1285079401 2513132 59.881161 10.669398 71048 1019
1285079402 2514162 59.881198 10.669446 65752 1030
1285079403 2515163 59.881245 10.669515 52552 1001
1285079404 2516172 59.881282 10.669563 51984 1009
1285079405 2517212 59.881282 10.669563 49248 1040
1285079406 2518242 59.881317 10.669629 39672 1030
1285079407 2519252 59.88136 10.669698 50616 1010
1285079412 2523561 59.881401 10.669747 16384 4309
1285079413 2524592 59.881401 10.669747 165560 1031
1285079414 2525642 59.881444 10.669816 29296 1050
1285079415 2526682 59.881481 10.669864 27360 1040
1285079416 2527703 59.881521 10.66993 28728 1021
1285079417 2528712 59.881521 10.66993 30096 1009
1285079418 2529722 59.881565 10.669982 39672 1010
1285079419 2530742 59.8816 10.670048 60192 1020
1285079420 2531762 59.881649 10.670099 51984 1020
1285079421 2532782 59.881649 10.670099 67032 1020
1285079422 2533783 59.881684 10.670165 64296 1001
1285079423 2534802 59.881727 10.670234 59392 1019
1285079424 2535833 59.881768 10.670283 67032 1031
1285079425 2536852 59.881768 10.670283 68400 1019
1285079426 2537862 59.881803 10.670348 71136 1010
1285079427 2538882 59.881848 10.6704 67032 1020
1285079428 2539892 59.881887 10.670466 68400 1010
1285079429 2541072 59.881887 10.670466 48448 1180
1285079430 2542092 59.881932 10.670518 62928 1020
1285079431 2543112 59.881967 10.670583 60192 1020
1285079432 2544122 59.882002 10.670649 65664 1010
1285079433 2545162 59.882002 10.670649 58856 1040
1285079434 2546182 59.882051 10.670701 43744 1020
1285079435 2547202 59.882086 10.670767 34232 1020
1285079436 2548362 59.882129 10.670836 19120 1160
1285079439 2551352 59.882129 10.670836 9576 2990
1285079441 2552633 59.88217 10.670884 55288 1281
1285079442 2553692 59.882205 10.67095 8208 1059
1285079443 2554773 59.882249 10.671002 16384 1081
1285079444 2555850 59.882249 10.671002 26024 1077
1285079445 2556872 59.882289 10.671068 28728 1022
1285079446 2557902 59.882332 10.671137 38304 1030
1285079447 2558932 59.882369 10.671185 34200 1030
1285079448 2560042 59.882369 10.671185 20520 1110
1285079449 2561053 59.882408 10.671251 10944 1011
1285079450 2562062 59.882453 10.671303 16416 1009
1285079451 2563122 59.882488 10.671369 30096 1060
1285079452 2564432 59.882488 10.671369 35568 1310
1285079453 2565452 59.882537 10.67142 27360 1020
1285079455 2566892 59.882572 10.671486 19152 1440
1285079456 2567914 59.882607 10.671552 108640 1022
1285079457 2568933 59.882607 10.671552 132696 1019
1285079458 2569942 59.882651 10.671604 145008 1009
1285079459 2570972 59.882691 10.671669 120952 1030
1285079460 2571982 59.882735 10.671721 129960 1010
1285079461 2572993 59.882735 10.671721 106704 1011
1285079462 2574002 59.882771 10.671787 116280 1009
1285079463 2575003 59.882819 10.671839 134632 1001
1285079464 2576012 59.882855 10.671904 171000 1009
1285079465 2577022 59.882855 10.671904 110808 1010
1285079466 2578052 59.88289 10.67197 59392 1030
1285079467 2579072 59.882934 10.672022 49248 1020
1285079468 2580082 59.882974 10.672088 87552 1010
1285079469 2581093 59.882974 10.672088 155952 1011
1285079470 2582094 59.883018 10.672139 98496 1001
1285079471 2583102 59.883053 10.672205 44344 1008
1285079472 2584182 59.88309 10.672254 24624 1080
1285079474 2585772 59.88309 10.672254 19120 1590
1285079475 2587477 59.883137 10.672323 16384 1705
1285079476 2588502 59.883174 10.672371 93088 1025
1285079478 2589542 59.883217 10.67244 32832 1040
1285079479 2590546 59.883217 10.67244 20520 1004
1285079480 2591552 59.883252 10.672506 80712 1006
1285079481 2592553 59.883301 10.672558 99064 1001
1285079482 2593562 59.883336 10.672624 169632 1009
1285079483 2594563 59.883336 10.672624 142272 1001
1285079484 2595572 59.883373 10.672672 133264 1009
1285079485 2596583 59.883415 10.672741 181944 1011
1285079486 2597702 59.883455 10.672807 179776 1119
1285079487 2598703 59.883455 10.672807 181944 1001
1285079488 2599708 59.883499 10.672859 176472 1005
1285079489 2600713 59.883535 10.672925 118216 1005
1285079490 2601722 59.883576 10.672973 134064 1009
1285079491 2602733 59.883576 10.672973 134064 1011
1285079492 2603743 59.883619 10.673042 92224 1010
1285079493 2604753 59.883654 10.673108 112176 1010
1285079494 2605762 59.883703 10.67316 120384 1009
1285079495 2606773 59.883703 10.67316 110808 1011
1285079496 2607792 59.883738 10.673226 63496 1019
1285079497 2608832 59.883773 10.673291 34200 1040
1285079498 2609842 59.883822 10.673343 24624 1010
1285079499 2610862 59.883822 10.673343 21888 1020
1285079500 2612032 59.883857 10.673409 13680 1170
1285079538 2649547 59.883901 10.673461 1368 37515
1285079539 2650567 59.883937 10.673526 80712 1019
1285079540 2651648 59.883937 10.673526 73872 1081
1285079541 2652678 59.883985 10.673578 31464 1030
1285079542 2653698 59.884021 10.673644 32832 1020
1285079543 2654788 59.884057 10.673692 25992 1090
1285079545 2656638 59.884057 10.673692 2736 1850
1285079546 2657888 59.884105 10.673762 13680 1250
1285079547 2658917 59.88414 10.673827 17784 1029
1285079548 2660028 59.884184 10.673879 19720 1111
1285079549 2661048 59.884184 10.673879 27360 1020
1285079550 2662058 59.884219 10.673945 25992 1010
1285079551 2663077 59.884264 10.673997 21888 1019
1285079552 2664107 59.884303 10.674062 15048 1030
1285079573 2684985 59.884303 10.674062 2736 20878
1285079574 2686204 59.884348 10.674114 12312 1219
1285079575 2687254 59.884383 10.67418 8208 1050
1285079576 2688265 59.884427 10.674232 93024 1011
1285079577 2689285 59.884427 10.674232 110808 1020
1285079578 2690445 59.884468 10.67428 92224 1160
1285079583 2694576 59.884511 10.674349 58824 4130
1285079584 2695590 59.884548 10.674397 60192 1014
1285079586 2697804 59.884548 10.674397 101232 2214
1285079587 2698805 59.884591 10.674467 93024 1001
1285079601 2712910 59.88463 10.674533 116848 14105
1285079602 2713930 59.884667 10.674581 62928 1020
1285079603 2714931 59.884667 10.674581 83448 1001
1285079604 2715951 59.88471 10.67465 108072 1020
1285079605 2716961 59.884746 10.674698 156520 1010
1285079606 2718031 59.884794 10.674768 142272 1070
1285079607 2719042 59.884794 10.674768 98496 1010
1285079608 2720341 59.88483 10.674816 146944 1299
1285079609 2721351 59.884873 10.674885 175104 1010
1285079610 2722352 59.884914 10.674933 181944 1001
1285079611 2723361 59.884914 10.674933 168832 1009
1285079612 2724370 59.88495 10.674999 203832 1009
1285079613 2725371 59.884992 10.675068 187984 1001
1285079614 2726381 59.885034 10.675117 239400 1010
1285079615 2727382 59.885034 10.675117 222184 1001
1285079616 2728400 59.885076 10.675186 233928 1018
1285079617 2729401 59.885113 10.675234 172936 1001
1285079618 2730402 59.88516 10.675304 213408 1001
1285079619 2731431 59.88516 10.675304 185248 1029
1285079620 2732432 59.885196 10.675369 225720 1001
1285079621 2733441 59.88524 10.675421 197560 1009
1285079622 2734451 59.885275 10.675487 213408 1010
1285079623 2735471 59.885275 10.675487 140104 1020
1285079624 2736490 59.885316 10.675535 68400 1019
1285079625 2737500 59.885359 10.675604 45144 1010
1285079626 2738502 59.885394 10.67567 83448 1002
1285079627 2739521 59.885394 10.67567 79344 1019
1285079629 2740570 59.885443 10.675722 133264 1049
1285079630 2741571 59.885478 10.675788 109440 1001
1285079631 2742580 59.885515 10.675836 205768 1009
1285079632 2743581 59.885515 10.675836 236664 1001
1285079633 2744582 59.885558 10.675905 209872 1001
1285079634 2745591 59.885599 10.675954 187416 1009
1285079635 2746601 59.885642 10.676023 196192 1010
1285079636 2747621 59.885642 10.676023 258552 1020
1285079637 2748622 59.885678 10.676071 216712 1001
1285079638 2749631 59.885721 10.67614 259920 1009
1285079639 2750641 59.885762 10.676189 190720 1010
1285079640 2751711 59.885762 10.676189 187416 1070
1285079641 2752721 59.885805 10.676258 178408 1010
1285079642 2753730 59.885841 10.676324 186048 1009
1285079643 2754731 59.885877 10.676372 159256 1001
1285079644 2755741 59.885877 10.676372 202464 1010
1285079645 2756860 59.885925 10.676441 197560 1119
1285079646 2757879 59.885961 10.67649 203832 1019
1285079647 2758891 59.886004 10.676559 201096 1012
1285079648 2759911 59.886004 10.676559 118216 1020
1285079649 2760920 59.886041 10.676607 158688 1009
1285079650 2762040 59.886088 10.676676 137369 1120
1285079651 2763050 59.886125 10.676725 102600 1010
1285079652 2764061 59.886125 10.676725 84816 1011
1285079653 2765081 59.88616 10.676791 132696 1020
1285079654 2766091 59.886209 10.676842 172936 1010
1285079655 2767101 59.886244 10.676908 175104 1010
1285079656 2768221 59.886244 10.676908 151048 1120
1285079657 2769231 59.886288 10.67696 172368 1010
1285079658 2770240 59.886328 10.677026 125856 1009
1285079659 2771270 59.886371 10.677095 45144 1030
1285079660 2772421 59.886371 10.677095 66232 1151
1285079662 2773542 59.886407 10.677143 88920 1121
1285079663 2774552 59.88645 10.677213 53352 1010
1285079664 2775561 59.886491 10.677261 116280 1009
1285079665 2776570 59.886491 10.677261 88920 1009
1285079666 2778102 59.886527 10.677327 62128 1532
1285079667 2779110 59.886569 10.677396 27360 1008
1285079668 2780160 59.886611 10.677444 25992 1050
1285079669 2781170 59.886611 10.677444 25992 1010
1285079670 2782180 59.886653 10.677513 34200 1010
1285079671 2783190 59.886689 10.677579 24624 1010
1285079672 2784210 59.886725 10.677628 39504 1020
1285079673 2785220 59.886725 10.677628 30264 1010
1285079674 2786250 59.886768 10.677697 38304 1030
1285079675 2787330 59.886808 10.677763 21888 1080
1285079676 2788331 59.886852 10.677814 8208 1001
1285079677 2789340 59.886852 10.677814 61560 1009
1285079678 2790350 59.886887 10.67788 28728 1010
1285079679 2791361 59.886922 10.677946 48448 1011
1285079680 2792371 59.886965 10.678015 99864 1010
1285079681 2793390 59.886965 10.678015 79344 1019
1285079683 2794710 59.887006 10.678064 45144 1320
1285079684 2795750 59.887042 10.67813 51984 1040
1285079685 2796790 59.887085 10.678199 15048 1040
1285079686 2797791 59.887085 10.678199 51984 1001
1285079687 2799371 59.88712 10.678265 38304 1580
1285079689 2800860 59.887155 10.678331 2736 1488
1285079690 2801881 59.887199 10.678382 32032 1021
1285079691 2802970 59.887199 10.678382 4104 1089
1285079692 2804090 59.887239 10.678448 19152 1120
1285079693 2805170 59.887274 10.678514 24624 1080
1285079694 2806200 59.887317 10.678583 10944 1030
1285079695 2807230 59.887317 10.678583 27360 1030
1285079696 2808240 59.887354 10.678632 23256 1010
1285079697 2809300 59.887396 10.678701 23256 1060
1285079699 2810883 59.887432 10.678767 4104 1583
1285079700 2811942 59.887432 10.678767 47880 1059
1285079703 2814771 59.887467 10.678833 16416 2829
1285079704 2815811 59.887511 10.678884 75240 1040
1285079705 2816820 59.887551 10.67895 41040 1009
1285079706 2817850 59.887551 10.67895 23256 1030
1285079707 2818920 59.887586 10.679016 25992 1070
1285079708 2820123 59.887629 10.679085 16384 1203
1285079709 2821130 59.887666 10.679134 34800 1006
1285079710 2822140 59.887666 10.679134 31464 1010
1285079711 2823180 59.887701 10.679199 20520 1040
1285079758 2870029 59.887744 10.679269 17784 46849
1285079759 2871030 59.88778 10.679317 116280 1001
1285079760 2872040 59.88778 10.679317 172368 1010
1285079761 2873050 59.88782 10.679383 115480 1010
1285079762 2874059 59.887863 10.679452 94392 1009
1285079763 2875079 59.887898 10.679518 34200 1020
1285079764 2876089 59.887898 10.679518 106704 1009
1285079765 2877250 59.887933 10.679584 89488 1161
1285079766 2878251 59.887978 10.679636 121752 1001
1285079767 2879259 59.888013 10.679701 187416 1008
1285079768 2880260 59.888013 10.679701 155152 1001
1285079769 2881270 59.888048 10.679767 147744 1010
1285079771 2883139 59.888095 10.679837 34200 1869
1285079777 2889078 59.888132 10.679885 4104 5939
1285079778 2890088 59.888132 10.679885 43776 1010
1285079779 2891098 59.888167 10.679951 124027 1010
1285079780 2892119 59.88821 10.68002 50277 1021
1285079781 2893152 59.888247 10.680068 73872 1033
1285079782 2894462 59.888247 10.680068 120352 1310
1285079783 2895468 59.888282 10.680134 124904 1006
1285079784 2896469 59.888325 10.680203 90472 1001
1285079785 2897470 59.888364 10.680269 298224 1001
1285079786 2898479 59.888364 10.680269 208504 1009
1285079787 2899529 59.888401 10.680318 264592 1050
1285079788 2900530 59.888444 10.680387 247608 1001
1285079790 2901588 59.888479 10.680453 160624 1058
1285079791 2902605 59.888479 10.680453 51984 1017
1285079793 2905512 59.888516 10.680501 16384 2907
1285079794 2906520 59.888559 10.68057 374064 1008
1285079795 2907529 59.888594 10.680636 277704 1009
1285079796 2908538 59.888594 10.680636 161992 1009
1285079797 2909539 59.888635 10.680685 160056 1001
1285079799 2910553 59.888678 10.680754 208504 1014
1285079800 2911558 59.888713 10.68082 325584 1005
1285079801 2912559 59.888713 10.68082 291952 1001
1285079802 2913560 59.88875 10.680868 270055 1001
1285079803 2914569 59.888785 10.680934 302328 1009
1285079804 2915571 59.888828 10.681003 257761 1002
1285079805 2916589 59.888828 10.681003 276904 1018
1285079806 2917590 59.888864 10.681051 296856 1001
1285079807 2918599 59.8889 10.681117 259120 1009
1285079808 2919609 59.888947 10.681187 230392 1010
1285079809 2920610 59.888947 10.681187 331056 1001
1285079810 2921618 59.888984 10.681235 286480 1008
1285079811 2922619 59.889019 10.681301 276904 1001
1285079812 2923629 59.889062 10.68137 236664 1010
1285079813 2924633 59.889062 10.68137 197560 1004
1285079814 2925639 59.889098 10.681418 221616 1006
1285079815 2926648 59.889133 10.681484 168832 1009
1285079816 2927659 59.889169 10.68155 246240 1011
1285079817 2928660 59.889169 10.68155 260488 1001
1285079818 2929679 59.889211 10.681619 259120 1019
1285079819 2930779 59.889253 10.681668 307000 1100
1285079820 2931780 59.889288 10.681734 284544 1001
1285079821 2932788 59.889288 10.681734 219448 1008
1285079822 2933808 59.889323 10.681799 140904 1020
1285079823 2934818 59.889366 10.681869 94392 1010
1285079824 2935828 59.889403 10.681917 107272 1010
1285079825 2936848 59.889403 10.681917 94392 1020
1285079826 2937849 59.889438 10.681983 99864 1001
1285079827 2938850 59.889473 10.682049 190720 1001
1285079828 2939858 59.889516 10.682118 183312 1008
1285079829 2941279 59.889516 10.682118 69768 1421
1285079830 2942288 59.889552 10.682166 45144 1009
1285079831 2943298 59.889588 10.682232 79344 1010
1285079832 2944308 59.889627 10.682298 85384 1010
1285079833 2945309 59.889627 10.682298 132696 1001
1285079834 2946329 59.88967 10.682367 128592 1020
1285079835 2947339 59.889705 10.682433 140104 1010
1285079836 2948348 59.889742 10.682482 222984 1009
1285079837 2949359 59.889742 10.682482 178408 1011
1285079838 2950368 59.889777 10.682548 99864 1009
1285079839 2951378 59.88982 10.682617 109440 1010
1285079840 2952418 59.88986 10.682683 57456 1040
1285079841 2953438 59.88986 10.682683 51984 1020
1285079842 2954439 59.889896 10.682731 73072 1001
1285079843 2955458 59.889939 10.6828 82080 1019
1285079844 2956460 59.889974 10.682866 76608 1002
1285079845 2957488 59.889974 10.682866 73872 1028
1285079846 2958499 59.890016 10.682914 86184 1011
1285079847 2959508 59.890058 10.682984 153784 1009
1285079848 2960509 59.890094 10.68305 236664 1001
1285079849 2961528 59.890094 10.68305 207136 1019
1285079850 2962529 59.89013 10.683098 236664 1001
1285079851 2963538 59.89017 10.683164 183880 1009
1285079853 2964540 59.890213 10.683233 232560 1002
1285079854 2965548 59.890213 10.683233 152415 1008
1285079855 2966552 59.890248 10.683299 212040 1004
1285079856 2967558 59.890285 10.683347 166096 1006
1285079857 2968559 59.890328 10.683416 164160 1001
1285079858 2969608 59.890328 10.683416 171568 1049
1285079859 2970618 59.890367 10.683482 186048 1010
1285079860 2971619 59.890404 10.683531 84816 1001
1285079861 2972778 59.890439 10.683597 138736 1159
1285079862 2973792 59.890439 10.683597 39672 1014
1285079863 2974818 59.890482 10.683666 99864 1026
1285079864 2976322 59.890517 10.683732 16384 1504
1285079865 2977329 59.890558 10.68378 484872 1007
1285079866 2978339 59.890558 10.68378 198928 1010
1285079867 2979348 59.890594 10.683846 160056 1009
1285079868 2980359 59.890636 10.683915 177840 1011
1285079869 2981360 59.890673 10.683964 155152 1001
1285079870 2982379 59.890673 10.683964 124488 1019
1285079871 2983388 59.890713 10.684029 143640 1009
1285079872 2984398 59.890748 10.684095 116848 1010
1285079873 2985418 59.890792 10.684147 114912 1020
1285079874 2986428 59.890792 10.684147 103968 1010
1285079875 2987448 59.890832 10.684213 112744 1020
1285079876 2988449 59.890867 10.684279 146376 1001
1285079877 2989478 59.890911 10.684331 196992 1029
1285079878 2990479 59.890911 10.684331 152416 1001
1285079879 2991488 59.890951 10.684396 145008 1009
1285079880 2992503 59.890986 10.684462 134064 1015
1285079881 2993508 59.891031 10.684514 110008 1005
1285079882 2994509 59.891031 10.684514 147744 1001
1285079883 2995518 59.891066 10.68458 179208 1009
1285079884 2996528 59.891106 10.684646 148312 1010
1285079886 2997568 59.89115 10.684697 188784 1040
1285079887 2998598 59.89115 10.684697 88120 1030
1285079888 2999599 59.891185 10.684763 169632 1001
1285079889 3000608 59.89122 10.684829 225720 1009
1285079890 3001609 59.891257 10.684878 134632 1001
1285079891 3002618 59.891257 10.684878 216144 1009
1285079892 3003619 59.8913 10.684947 152416 1001
1285079893 3004678 59.891335 10.685013 56088 1059
1285079894 3005688 59.891376 10.685061 138168 1010
1285079895 3006719 59.891376 10.685061 137368 1031
1285079896 3007748 59.891411 10.685127 201096 1028
1285079897 3008758 59.891454 10.685196 90288 1010
1285079898 3009909 59.891491 10.685245 118216 1151
1285079899 3010938 59.891491 10.685245 109440 1029
1285079900 3012528 59.891526 10.68531 19152 1590
1285079901 3013529 59.89157 10.685362 224352 1001
1285079902 3014539 59.891605 10.685428 164728 1010
1285079904 3015548 59.891605 10.685428 243504 1009
1285079905 3016558 59.891645 10.685494 203032 1010
1285079906 3017578 59.891682 10.685542 151848 1020
1285079907 3018588 59.891725 10.685612 136000 1010
1285079908 3019599 59.891725 10.685612 242136 1011
1285079909 3020608 59.89176 10.685677 189352 1009
1285079910 3021628 59.891796 10.685726 102600 1020
1285079911 3022638 59.891844 10.685795 119016 1010
1285079912 3023718 59.891844 10.685795 141472 1080
1285079913 3024728 59.891879 10.685861 164160 1010
1285079914 3025730 59.891914 10.685927 192888 1002
1285079915 3026740 59.891958 10.685979 149680 1010
1285079916 3027868 59.891958 10.685979 131328 1128
1285079917 3028898 59.891994 10.686044 142272 1030
1285079918 3029918 59.892033 10.68611 48448 1020
1285079919 3030928 59.892069 10.686176 132696 1010
1285079920 3031938 59.892069 10.686176 149112 1010
1285079921 3032948 59.892111 10.686245 118216 1010
1285079922 3033958 59.892147 10.686311 161424 1010
1285079923 3034968 59.892182 10.686377 154584 1010
1285079924 3035978 59.892182 10.686377 148312 1010
1285079925 3036988 59.892217 10.686443 151848 1010
1285079926 3038058 59.89226 10.686512 203032 1070
1285079927 3039068 59.892295 10.686578 321480 1010
1285079928 3040080 59.892295 10.686578 201664 1012
1285079929 3041168 59.892335 10.686644 296056 1088
1285079930 3042178 59.89237 10.68671 225720 1010
1285079931 3043179 59.892405 10.686776 291952 1001
1285079932 3044188 59.892405 10.686776 337096 1009
1285079933 3045189 59.892448 10.686845 273600 1001
1285079934 3046190 59.892483 10.686911 223552 1001
1285079935 3047198 59.892517 10.686995 250344 1008
1285079936 3048218 59.892517 10.686995 196192 1020
1285079937 3049228 59.892552 10.687061 179208 1010
1285079938 3050229 59.892587 10.687126 203032 1001
1285079939 3051248 59.89263 10.687196 269496 1019
1285079940 3052258 59.89263 10.687196 279640 1010
1285079941 3053268 59.892665 10.687262 216712 1010
1285079942 3054269 59.892701 10.687327 296856 1001
1285079943 3055270 59.892736 10.687393 263224 1001
1285079944 3056279 59.892736 10.687393 244072 1009
1285079945 3057289 59.892771 10.687459 318744 1010
1285079946 3058298 59.892805 10.687543 238600 1009
1285079947 3059308 59.892836 10.687609 218080 1010
1285079948 3060309 59.892836 10.687609 243504 1001
1285079949 3061310 59.892871 10.687675 259120 1001
1285079950 3062311 59.892906 10.687741 341200 1001
1285079951 3063328 59.89294 10.687824 233928 1017
1285079952 3064329 59.89294 10.687824 255017 1001
1285079953 3065338 59.892975 10.68789 285112 1009
1285079954 3066339 59.893009 10.687973 350208 1001
1285079955 3067348 59.893044 10.688039 285112 1009
1285079956 3068349 59.893044 10.688039 369928 1001
1285079957 3069358 59.893079 10.688105 313840 1009
1285079958 3070368 59.893108 10.688189 320680 1010
1285079959 3071378 59.893144 10.688255 279072 1010
1285079960 3072379 59.893144 10.688255 133264 1001
1285079961 3073380 59.893177 10.688338 233928 1001
1285079962 3074381 59.893213 10.688404 293320 1001
1285079963 3075388 59.893234 10.688484 313840 1007
1285079964 3076389 59.893234 10.688484 347472 1001
1285079965 3077398 59.893268 10.688568 241336 1009
1285079966 3078399 59.893303 10.688633 235864 1001
1285079967 3079400 59.893337 10.688717 276336 1001
1285079968 3080408 59.893337 10.688717 264592 1008
1285079969 3081410 59.893359 10.688797 371296 1002
1285079970 3082418 59.893394 10.688863 342568 1008
1285079971 3083419 59.893428 10.688946 379504 1001
1285079972 3084420 59.893428 10.688946 423277 1001
1285079973 3085428 59.893449 10.689027 426019 1008
1285079974 3086430 59.893483 10.68911 404128 1002
1285079975 3087538 59.893505 10.68919 357616 1108
1285079977 3088540 59.893505 10.68919 384408 1002
1285079978 3089548 59.893538 10.689274 331624 1008
1285079979 3090555 59.893566 10.689336 293320 1007
1285079980 3091559 59.893595 10.68942 338463 1004
1285079981 3092560 59.893595 10.68942 316576 1001
1285079982 3093738 59.893629 10.689503 383608 1178
1285079983 3094740 59.893651 10.689583 354312 1002
1285079984 3095741 59.893677 10.689664 363088 1001
1285079985 3096748 59.893677 10.689664 389080 1007
1285079986 3097749 59.893706 10.689747 302896 1001
1285079987 3098751 59.893732 10.689827 380853 1002
1285079988 3099778 59.893764 10.689928 257771 1027
1285079989 3100779 59.893764 10.689928 231192 1001
1285079990 3101788 59.893786 10.690008 371296 1009
1285079991 3102789 59.893808 10.690089 452008 1001
1285079992 3103790 59.893834 10.690169 409600 1001
1285079993 3104798 59.893834 10.690169 378136 1008
1285079994 3105799 59.893868 10.690252 324784 1001
1285079995 3106808 59.893888 10.69035 307000 1009
1285079996 3107809 59.893909 10.69043 340632 1001
1285079997 3108810 59.893909 10.69043 322048 1001
1285079998 3109819 59.893936 10.69051 334360 1009
1285079999 3110820 59.893957 10.69059 338464 1001
1285080000 3111828 59.893982 10.690688 298792 1008
1285080001 3112838 59.893982 10.690688 303696 1010
1285080002 3113839 59.894003 10.690768 140104 1001
1285080003 3114848 59.89403 10.690848 199728 1009
1285080004 3115849 59.894057 10.690949 231760 1001
1285080005 3116850 59.894057 10.690949 310536 1001
1285080006 3117851 59.894084 10.69103 296056 1001
1285080007 3118858 59.894104 10.691127 286480 1007
1285080008 3119868 59.89413 10.691207 345304 1010
1285080009 3120888 59.89413 10.691207 348040 1020
1285080010 3121889 59.894152 10.691288 471160 1001
1285080011 3122890 59.894172 10.691385 441064 1001
1285080012 3123898 59.894198 10.691465 311104 1008
1285080013 3124899 59.894198 10.691465 343368 1001
1285080014 3125900 59.894219 10.691546 307000 1001
1285080015 3126908 59.894244 10.691643 261856 1008
1285080016 3127909 59.894266 10.691723 266760 1001
1285080017 3128910 59.894266 10.691723 285112 1001
1285080018 3129918 59.894292 10.691804 305632 1008
1285080019 3130919 59.894312 10.691901 354880 1001
1285080020 3131947 59.894338 10.691981 322048 1028
1285080021 3133039 59.894338 10.691981 410968 1092
1285080022 3134041 59.894358 10.692079 346104 1002
1285080023 3135043 59.894392 10.692163 394552 1002
1285080024 3136128 59.894414 10.692243 486776 1085
1285080025 3137129 59.894414 10.692243 398088 1001
1285080026 3138130 59.894434 10.692341 244072 1001
1285080027 3139131 59.89446 10.692421 387712 1001
1285080028 3140132 59.894482 10.692501 406864 1001
1285080029 3141138 59.894482 10.692501 259120 1006
1285080030 3142148 59.894506 10.692599 279072 1010
1285080031 3143158 59.894528 10.692679 312472 1010
1285080032 3144159 59.89455 10.692759 339832 1001
1285080033 3145268 59.89455 10.692759 239968 1109
1285080034 3146269 59.894574 10.692857 277704 1001
1285080035 3147278 59.894604 10.69294 275536 1009
1285080036 3148439 59.894625 10.69302 265960 1161
1285080037 3149448 59.894625 10.69302 303696 1009
1285080038 3150449 59.89465 10.693118 237232 1001
1285080039 3151468 59.894672 10.693198 278272 1019
1285080040 3152469 59.894693 10.693278 324216 1001
1285080041 3153470 59.894693 10.693278 311104 1001
1285080042 3154478 59.894718 10.693376 349408 1008
1285080043 3155479 59.89474 10.693456 287848 1001
1285080044 3156488 59.894769 10.69354 378136 1009
1285080045 3157489 59.894769 10.69354 377568 1001
1285080046 3158498 59.894795 10.69362 287848 1009
1285080047 3159499 59.894815 10.693718 267328 1001
1285080049 3160588 59.894841 10.693798 283744 1089
1285080050 3161598 59.894841 10.693798 221616 1010
1285080051 3162608 59.894863 10.693878 208504 1010
1285080052 3163609 59.894891 10.693979 243504 1001
1285080053 3164618 59.894917 10.694059 256384 1009
1285080054 3165688 59.894917 10.694059 298792 1070
1285080055 3166698 59.894938 10.694139 303696 1010
1285080056 3167708 59.89496 10.694219 290584 1010
1285080057 3168709 59.894985 10.694317 294688 1001
1285080058 3169818 59.894985 10.694317 339832 1109
1285080059 3170828 59.895014 10.694401 377568 1010
1285080060 3171840 59.895036 10.694481 317944 1012
1285080061 3172848 59.89506 10.694578 357616 1008
1285080062 3173849 59.89506 10.694578 415073 1001
1285080063 3174859 59.895082 10.694659 398656 1010
1285080064 3175860 59.895104 10.694739 341200 1001
1285080065 3176868 59.895133 10.694822 316576 1008
1285080066 3177878 59.895133 10.694822 326952 1010
1285080067 3178888 59.895158 10.69492 255016 1010
1285080068 3179889 59.895179 10.695 290584 1001
1285080069 3180928 59.895201 10.69508 289216 1039
1285080070 3181929 59.895201 10.69508 369360 1001
1285080071 3182939 59.895226 10.695178 358984 1010
1285080072 3183940 59.895247 10.695258 394552 1001
1285080073 3184948 59.895269 10.695338 461584 1008
1285080074 3185949 59.895269 10.695338 384976 1001
1285080075 3186950 59.895301 10.695439 349408 1001
1285080076 3187951 59.895323 10.69552 320680 1001
1285080077 3188958 59.895344 10.6956 357616 1007
1285080078 3190058 59.895344 10.6956 281008 1100
1285080079 3191059 59.895369 10.695697 324216 1001
1285080080 3192068 59.895391 10.695778 328888 1009
1285080081 3193079 59.89542 10.695861 363088 1011
1285080082 3194080 59.89542 10.695861 361720 1001
1285080083 3195088 59.895445 10.695959 337096 1008
1285080084 3196168 59.895466 10.696039 331624 1080
1285080085 3197258 59.895488 10.696119 409600 1090
1285080086 3198308 59.895488 10.696119 410968 1050
1285080087 3199310 59.895514 10.696199 435592 1001
1285080088 3200311 59.895542 10.6963 488944 1001
1285080089 3201318 59.895563 10.69638 393184 1007
1285080090 3202319 59.895563 10.69638 449272 1001
1285080091 3203320 59.89559 10.696461 361720 1001
1285080092 3204328 59.89561 10.696558 473896 1008
1285080093 3205329 59.895631 10.696638 442432 1001
1285080094 3206330 59.895631 10.696638 406864 1001
1285080095 3207338 59.895665 10.696722 345304 1008
1285080096 3208348 59.895685 10.69682 264024 1010
1285080097 3209349 59.895707 10.6969 230392 1001
1285080098 3210360 59.895707 10.6969 357616 1011
1285080099 3211368 59.895733 10.69698 435592 1008
1285080100 3212369 59.895753 10.697078 378136 1001
1285080101 3213370 59.895775 10.697158 383608 1001
1285080102 3214378 59.895775 10.697158 297424 1008
1285080103 3215379 59.8958 10.697256 335160 1001
1285080104 3216381 59.895829 10.697339 324784 1002
1285080105 3217382 59.89585 10.697419 428752 1001
1285080106 3218388 59.89585 10.697419 498520 1006
1285080107 3219479 59.895875 10.697517 460784 1091
1285080108 3220480 59.895897 10.697597 465687 1001
1285080109 3221488 59.895923 10.697677 352144 1008
1285080110 3222498 59.895923 10.697677 409581 1010
1285080112 3223678 59.895943 10.697775 409619 1180
1285080113 3224679 59.895965 10.697855 385776 1001
1285080114 3225681 59.895997 10.697956 415072 1002
1285080115 3226688 59.895997 10.697956 393184 1007
1285080116 3227758 59.896019 10.698036 445736 1070
1285080117 3228769 59.89604 10.698117 502624 1011
1285080118 3229770 59.896065 10.698214 523144 1001
1285080119 3230788 59.896065 10.698214 525880 1018
1285080120 3231798 59.896087 10.698294 491680 1010
1285080121 3232808 59.896108 10.698375 412904 1010
1285080122 3233809 59.896141 10.698476 469792 1001
1285080123 3234818 59.896141 10.698476 502624 1009
1285080124 3235819 59.896162 10.698556 337096 1001
1285080125 3236820 59.896184 10.698636 408232 1001
1285080126 3237877 59.896209 10.698734 330256 1057
1285080127 3238968 59.896209 10.698734 409600 1091
1285080128 3239970 59.89623 10.698814 517672 1001
1285080129 3240971 59.896264 10.698897 461585 1001
1285080130 3241979 59.896284 10.698995 517672 1008
1285080131 3242988 59.896284 10.698995 467056 1009
1285080132 3243989 59.896306 10.699075 478000 1001
1285080133 3245017 59.896332 10.699155 425216 1028
1285080134 3246018 59.89636 10.699256 358416 1001
1285080135 3247020 59.89636 10.699256 196192 1002
1285080136 3248028 59.896386 10.699337 248976 1008
1285080137 3249029 59.896407 10.699417 286480 1001
1285080138 3250038 59.896428 10.699515 235864 1009
1285080139 3251040 59.896428 10.699515 298224 1002
1285080140 3252048 59.896454 10.699595 394552 1008
1285080141 3253158 59.896483 10.699678 440264 1110
1285080142 3254159 59.896503 10.699776 462952 1001
1285080143 3255168 59.896503 10.699776 361720 1009
1285080144 3256169 59.896529 10.699856 461584 1001
1285080145 3257170 59.896549 10.699954 420544 1001
1285080146 3258177 59.896571 10.700034 421912 1007
1285080147 3259178 59.896571 10.700034 398656 1001
1285080148 3260179 59.896605 10.700117 467056 1001
1285080149 3261188 59.896625 10.700215 452008 1009
1285080150 3262190 59.896651 10.700295 461584 1002
1285080151 3263198 59.896651 10.700295 456112 1008
1285080152 3264208 59.896671 10.700393 421912 1010
1285080153 3265218 59.896693 10.700473 264592 1010
1285080154 3266317 59.896719 10.700553 272800 1099
1285080155 3267318 59.896719 10.700553 416440 1001
1285080156 3268319 59.896739 10.700651 402760 1001
1285080157 3269388 59.896769 10.700735 409600 1069
1285080158 3270389 59.896793 10.700832 446536 1001
1285080159 3271398 59.896793 10.700832 423280 1009
1285080160 3272399 59.896815 10.700913 401392 1001
1285080161 3273400 59.896836 10.700993 454744 1001
1285080162 3274408 59.896861 10.70109 445168 1008
1285080163 3275409 59.896861 10.70109 467056 1001
1285080164 3276410 59.89689 10.701174 551872 1001
1285080165 3277508 59.896911 10.701272 496352 1098
1285080166 3278518 59.896937 10.701352 527248 1010
1285080167 3279519 59.896937 10.701352 469792 1001
1285080168 3280520 59.896958 10.701432 502624 1001
1285080170 3281628 59.896979 10.70153 549704 1108
1285080171 3282629 59.897012 10.701613 473895 1001
1285080172 3283630 59.897012 10.701613 424648 1001
1285080173 3284631 59.897034 10.701693 456112 1001
1285080174 3285638 59.897059 10.701791 494416 1007
1285080175 3286639 59.89708 10.701871 457480 1001
1285080176 3287648 59.89708 10.701871 486208 1009
1285080177 3288658 59.897109 10.701955 431488 1010
1285080178 3289797 59.897134 10.702053 460784 1139
1285080179 3290857 59.897156 10.702133 409600 1060
1285080180 3291868 59.897156 10.702133 410968 1011
1285080181 3292878 59.897177 10.702213 439696 1009
1285080182 3293879 59.897211 10.702296 397288 1001
1285080183 3294919 59.897231 10.702394 391816 1040
1285080184 3295920 59.897231 10.702394 468424 1001
1285080185 3296928 59.897257 10.702474 457480 1008
1285080186 3297930 59.897287 10.702558 312469 1002
1285080187 3298932 59.897307 10.702655 413707 1002
1285080188 3299938 59.897307 10.702655 484840 1006
1285080189 3300948 59.897333 10.702736 410968 1010
1285080190 3301958 59.897355 10.702816 383608 1010
1285080191 3302967 59.897387 10.702917 384977 1009
1285080192 3303968 59.897387 10.702917 355680 1001
1285080193 3304970 59.897409 10.702997 294688 1002
1285080194 3305978 59.89743 10.703077 375400 1008
1285080195 3306979 59.897463 10.703178 350776 1001
1285080196 3307980 59.897463 10.703178 345304 1001
1285080197 3308988 59.897484 10.703258 375400 1008
1285080198 3309989 59.897506 10.703339 395920 1001
1285080199 3310997 59.89753 10.703436 368560 1008
1285080200 3311998 59.89753 10.703436 326952 1001
1285080201 3312999 59.89756 10.70352 203032 1001
1285080202 3314000 59.89758 10.703618 309736 1001
1285080203 3315098 59.897602 10.703698 354880 1098
1285080204 3316107 59.897602 10.703698 400824 1009
1285080205 3317108 59.897628 10.703778 395920 1001
1285080206 3318109 59.897648 10.703876 429659 1001
1285080207 3319188 59.897669 10.703956 411997 1079
1285080208 3320189 59.897669 10.703956 439696 1001
1285080209 3321190 59.897697 10.704057 393184 1001
1285080210 3322197 59.897723 10.704137 400024 1007
1285080211 3323238 59.897745 10.704217 404128 1041
1285080212 3324328 59.897745 10.704217 410949 1090
1285080213 3325338 59.897765 10.704315 387144 1009
1285080214 3326339 59.897787 10.704395 215363 1001
1285080215 3327340 59.897811 10.704493 460216 1001
1285080216 3328342 59.897811 10.704493 505360 1002
1285080217 3329348 59.897833 10.704573 361720 1006
1285080218 3330358 59.897862 10.704657 291952 1010
1285080219 3331367 59.897883 10.704754 267328 1009
1285080220 3332468 59.897883 10.704754 378136 1101
1285080222 3333588 59.897904 10.704834 409600 1120
1285080223 3334698 59.897929 10.704932 409600 1109
1285080224 3335700 59.89795 10.705012 410968 1002
1285080225 3336708 59.89795 10.705012 402192 1008
1285080226 3337709 59.897971 10.70511 448472 1001
1285080227 3338710 59.898 10.705194 442432 1001
1285080228 3339718 59.898026 10.705274 348040 1008
1285080229 3340767 59.898026 10.705274 404128 1049
1285080230 3341769 59.898046 10.705371 465688 1002
1285080231 3342770 59.898068 10.705452 423280 1001
1285080232 3343778 59.898088 10.705549 443800 1008
1285080233 3344787 59.898088 10.705549 509464 1009
1285080234 3345789 59.898114 10.70563 342568 1002
1285080235 3346840 59.898143 10.705713 272800 1051
1285080236 3347847 59.898164 10.705811 173736 1007
1285080237 3348937 59.898164 10.705811 235864 1090
1285080238 3349938 59.89819 10.705891 384408 1001
1285080239 3350939 59.89821 10.705989 363088 1001
1285080240 3351947 59.898231 10.706069 345304 1008
1285080241 3352948 59.898231 10.706069 383608 1001
1285080242 3353949 59.898261 10.706152 445168 1001
1285080243 3354957 59.898285 10.70625 380872 1008
1285080244 3355958 59.898307 10.70633 307000 1001
1285080245 3356959 59.898307 10.70633 330253 1001
1285080246 3357967 59.898329 10.70641 357619 1008
1285080247 3358969 59.898361 10.706511 377568 1002
1285080248 3359970 59.898383 10.706592 372664 1001
1285080249 3360978 59.898383 10.706592 427384 1008
1285080250 3361987 59.898407 10.706689 296056 1009
1285080251 3362997 59.898429 10.70677 265960 1010
1285080252 3364007 59.898451 10.70685 287847 1010
1285080253 3365119 59.898451 10.70685 410968 1111
1285080254 3366120 59.898483 10.706951 428752 1001
1285080255 3367121 59.898504 10.707031 494416 1001
1285080256 3368122 59.898525 10.707129 562816 1001
1285080257 3369128 59.898525 10.707129 434224 1006
1285080258 3370129 59.898551 10.707209 390448 1001
1285080259 3371130 59.898572 10.707289 438328 1001
1285080260 3372138 59.898593 10.707387 345304 1008
1285080261 3373139 59.898593 10.707387 297424 1001
1285080262 3374147 59.898619 10.707467 343936 1008
1285080263 3375148 59.898646 10.707568 290016 1001
1285080264 3376167 59.898668 10.707648 170200 1019
1285080265 3377177 59.898668 10.707648 184680 1010
1285080266 3378180 59.898693 10.707746 16384 1003
1285080267 3379187 59.898714 10.707826 216744 1007
1285080268 3380197 59.898736 10.707906 113544 1010
1285080269 3381217 59.898736 10.707906 103968 1020
1285080270 3382235 59.898768 10.708007 153784 1018
1285080271 3383237 59.89879 10.708088 243504 1002
1285080272 3384248 59.898816 10.708168 257752 1011
1285080273 3385249 59.898816 10.708168 276904 1001
1285080274 3386257 59.898836 10.708265 265392 1008
