1296538193 1968193 59.870943 10.657534 378203 1001
1296538194 1969252 59.870943 10.657534 295430 1059
1296538195 1970253 59.870943 10.657534 199166 1001
1296538196 1971332 59.870943 10.657534 167587 1079
1296538197 1972334 59.870935 10.657531 333911 1001
1296538198 1973343 59.870931 10.657531 290031 1009
1296538199 1974344 59.870923 10.657528 278862 1001
1296538200 1975345 59.870923 10.657528 421804 1001
1296538201 1976403 59.870924 10.65751 447291 1058
1296538202 1977422 59.870923 10.657528 413687 1019
1296538203 1978423 59.870924 10.65751 406422 1001
1296538204 1979426 59.870924 10.65751 394029 1003
1296538205 1980427 59.870924 10.65751 551534 1001
1296538206 1981432 59.870924 10.65751 405847 1005
1296538207 1982433 59.870924 10.65751 394166 1001
1296538208 1983482 59.870924 10.65751 443722 1049
1296538209 1984493 59.870924 10.65751 533082 1011
1296538210 1985503 59.870924 10.65751 427208 1010
1296538211 1986543 59.870924 10.65751 434064 1040
1296538212 1987563 59.870924 10.65751 531703 1020
1296538213 1988564 59.870924 10.65751 421162 1001
1296538214 1989566 59.870917 10.657507 407492 1002
1296538215 1990582 59.870917 10.657507 420079 1016
1296538216 1991592 59.870917 10.657507 456822 1010
1296538218 1992772 59.870917 10.657507 490577 1180
1296538219 1993842 59.870917 10.657507 511851 1070
1296538220 1995181 59.870917 10.657507 259215 1339
1296538221 1996182 59.870917 10.657507 349801 1001
1296538222 1997212 59.870915 10.657524 358400 1030
1296538223 1998391 59.870915 10.657524 456817 1179
1296538224 1999402 59.870915 10.657524 480809 1011
1296538225 2000403 59.870915 10.657524 345680 1001
1296538226 2001501 59.870915 10.657524 431967 1097
1296538227 2002507 59.870923 10.657528 478660 1006
1296538228 2003508 59.870923 10.657528 346258 1001
1296538229 2004542 59.870922 10.657545 411101 1034
1296538230 2005543 59.870922 10.657545 565240 1001
1296538231 2006552 59.870929 10.657549 371122 1008
1296538232 2007564 59.870928 10.657566 466422 1012
1296538233 2008582 59.870932 10.657566 368049 1018
1296538234 2009592 59.87094 10.657569 464207 1010
1296538235 2010593 59.870943 10.657587 519277 1001
1296538237 2011662 59.870951 10.65759 475688 1068
1296538238 2012741 59.870949 10.657608 455007 1079
1296538239 2013921 59.870957 10.657611 519445 1180
1296538240 2014922 59.870955 10.657629 531321 1001
1296538241 2015923 59.870954 10.657646 398023 1001
1296538242 2017102 59.870961 10.657649 385308 1179
1296538243 2018104 59.87096 10.657667 408531 1002
1296538244 2019231 59.870966 10.657688 494221 1127
1296538245 2020232 59.870974 10.657691 520567 1001
1296538246 2021243 59.870977 10.657709 330569 1011
1296538247 2022252 59.870983 10.65773 294234 1009
1296538248 2023253 59.870991 10.657733 449949 1001
1296538249 2024262 59.871001 10.657754 458152 1009
1296538250 2025511 59.871008 10.657775 377027 1249
1296538251 2026512 59.871026 10.657799 284347 1001
1296538252 2027581 59.871037 10.65782 407859 1069
1296538253 2028582 59.871049 10.657823 455307 1001
1296538254 2029583 59.871055 10.657844 478388 1001
1296538255 2030584 59.871075 10.65785 385087 1001
1296538257 2031691 59.871085 10.657871 445961 1107
1296538258 2032861 59.871093 10.657874 494979 1170
1296538259 2033872 59.871111 10.657899 435182 1011
1296538260 2034981 59.871125 10.657923 537876 1109
1296538261 2035993 59.871144 10.657947 541168 1012
1296538262 2036995 59.871162 10.657971 544981 1001
1296538263 2038062 59.871176 10.657995 455011 1067
1296538264 2039071 59.871194 10.658019 422135 1009
1296538265 2040222 59.871212 10.658043 508950 1151
1296538266 2041223 59.871226 10.658068 489561 1001
1296538267 2042224 59.871245 10.658092 404250 1001
1296538268 2043262 59.871263 10.658116 425230 1038
1296538269 2044421 59.871283 10.658123 515475 1159
1296538270 2045423 59.871315 10.658171 579562 1002
1296538271 2046431 59.871315 10.658171 395087 1008
1296538272 2047592 59.871351 10.658219 591536 1161
1296538273 2048593 59.871371 10.658226 515692 1001
1296538274 2049594 59.87139 10.65825 388625 1001
1296538275 2050602 59.871408 10.658274 522307 1008
1296538276 2051603 59.871434 10.658301 410733 1001
1296538278 2053000 59.871452 10.658326 522964 1397
1296538279 2054001 59.87147 10.65835 399613 1001
1296538280 2055002 59.871489 10.658374 399096 1001
1296538281 2056003 59.871519 10.658401 535200 1001
1296538282 2057021 59.871538 10.658426 495975 1018
1296538283 2058022 59.871564 10.658453 469273 1001
1296538284 2059030 59.871582 10.658477 361290 1008
1296538285 2060032 59.871608 10.658505 444889 1002
1296538286 2061034 59.871631 10.658529 563616 1001
1296538287 2062051 59.871657 10.658556 406682 1017
1296538288 2063052 59.871681 10.658601 398859 1001
1296538289 2064060 59.871704 10.658625 357830 1008
1296538290 2065062 59.87173 10.658653 328113 1002
1296538291 2066080 59.871756 10.65868 327598 1018
1296538292 2067170 59.871777 10.658722 353025 1090
1296538293 2068431 59.871803 10.658749 383280 1261
1296538294 2069440 59.871858 10.658822 406309 1008
1296538295 2070441 59.871889 10.658849 480791 1001
1296538296 2071601 59.871913 10.658894 502400 1160
1296538297 2072602 59.871939 10.658922 510059 1001
1296538299 2073661 59.871968 10.658967 382950 1059
1296538300 2074662 59.871994 10.658994 364297 1001
1296538301 2075663 59.872031 10.659042 569612 1001
1296538302 2076671 59.872061 10.65907 366042 1008
1296538303 2077672 59.872086 10.659115 477965 1001
1296538304 2078673 59.872124 10.659146 452161 1001
1296538305 2080581 59.872148 10.659191 260708 1717
1296538306 2081610 59.872216 10.659266 796499 1029
1296538307 2082620 59.872241 10.659294 305064 1010
1296538308 2083623 59.872278 10.659342 309452 1003
1296538310 2084643 59.872315 10.65939 306126 1020
1296538311 2085650 59.872341 10.659418 370750 1007
1296538312 2086661 59.872377 10.659466 417587 1011
1296538313 2087781 59.872416 10.659497 469827 1120
1296538314 2088782 59.872445 10.659542 501769 1001
1296538315 2089783 59.872477 10.65959 528494 1001
1296538316 2090791 59.872513 10.659638 543339 1008
1296538317 2091801 59.872551 10.659669 474057 1010
1296538318 2092811 59.87258 10.659714 439985 1010
1296538319 2093821 59.872617 10.659763 342284 1010
1296538320 2094822 59.872654 10.659811 345390 1001
1296538321 2095823 59.872692 10.659842 433657 1001
1296538322 2096830 59.872729 10.65989 462961 1007
1296538323 2097991 59.872761 10.659938 454925 1161
1296538324 2099002 59.872797 10.659986 388540 1011
1296538325 2100011 59.872826 10.660031 435213 1009
1296538326 2101021 59.872863 10.66008 426430 1010
1296538327 2102130 59.872901 10.660111 404804 1109
1296538328 2103131 59.872942 10.660159 447880 1001
1296538329 2104132 59.872979 10.660207 467719 1001
1296538330 2105140 59.873016 10.660255 463700 1008
1296538331 2106150 59.873052 10.660304 177334 1010
1296538332 2107151 59.873089 10.660352 336528 1001
1296538333 2108160 59.873127 10.660383 307580 1009
1296538334 2109162 59.873164 10.660431 333538 1002
1296538335 2110281 59.873205 10.660479 361976 1119
1296538336 2111282 59.873241 10.660528 464397 1001
1296538337 2112470 59.87328 10.660558 550376 1188
1296538338 2113473 59.873365 10.660658 559474 1001
1296538339 2114481 59.873402 10.660707 531155 1008
1296538341 2115650 59.873402 10.660707 527208 1169
1296538342 2116651 59.873476 10.660786 501936 1001
1296538343 2117652 59.873518 10.660834 534743 1001
1296538344 2118660 59.873562 10.660886 494490 1008
1296538345 2119700 59.873598 10.660934 439843 1040
1296538346 2120701 59.873637 10.660965 502681 1001
1296538347 2121710 59.873685 10.661016 426432 1009
1296538348 2122850 59.873722 10.661065 509996 1140
1296538349 2123900 59.873759 10.661113 462086 1050
1296538350 2124990 59.873797 10.661144 531972 1089
1296538351 2126010 59.873846 10.661195 327858 1020
1296538352 2127011 59.873882 10.661244 623808 1001
1296538353 2128020 59.873926 10.661295 541655 1009
1296538354 2129221 59.873968 10.661343 537299 1201
1296538355 2130223 59.874004 10.661392 531357 1002
1296538356 2131224 59.87405 10.661426 536984 1001
1296538357 2132229 59.874091 10.661474 549488 1005
1296538358 2133349 59.874135 10.661526 502170 1120
1296538359 2134350 59.874172 10.661574 557827 1001
1296538360 2135351 59.874213 10.661622 576676 1001
1296538361 2136352 59.874258 10.661674 548697 1001
1296538362 2137370 59.874294 10.661722 456262 1018
1296538363 2138371 59.874344 10.661756 471075 1001
1296538364 2139379 59.874381 10.661805 389869 1008
1296538365 2140380 59.874462 10.661904 515997 1001
1296538366 2141381 59.874511 10.661956 368786 1001
1296538367 2142389 59.874511 10.661956 324068 1008
1296538368 2143511 59.874547 10.662004 300214 1121
1296538369 2144519 59.874633 10.662104 297393 1008
1296538370 2145520 59.874677 10.662156 356445 1001
1296538371 2146521 59.874714 10.662204 414957 1001
1296538373 2147660 59.874763 10.662256 399468 1139
1296538374 2148670 59.874799 10.662304 387128 1010
1296538375 2149680 59.874844 10.662356 325584 1009
1296538380 2155194 59.874885 10.662404 16384 5514
1296538381 2156497 59.875053 10.662586 114627 1303
1296538382 2157507 59.875182 10.662738 233715 1010
1296538383 2158527 59.875231 10.662789 180460 1020
1296538384 2159528 59.875275 10.662841 254448 1001
1296538385 2160537 59.875312 10.662889 250175 1009
1296538386 2161538 59.875361 10.662941 258724 1001
1296538387 2162557 59.875405 10.662993 262125 1019
1296538388 2163560 59.875446 10.663041 277124 1003
1296538389 2164577 59.875491 10.663092 328748 1017
1296538390 2165578 59.875539 10.663144 367992 1001
1296538391 2166579 59.875584 10.663196 328415 1001
1296538392 2167586 59.875628 10.663247 340627 1007
1296538394 2168657 59.875669 10.663296 312504 1071
1296538395 2169737 59.875713 10.663347 339158 1080
1296538396 2170847 59.875762 10.663399 439190 1110
1296538397 2171848 59.875806 10.66345 452808 1001
1296538398 2172857 59.875848 10.663499 368363 1009
1296538399 2173858 59.875892 10.66355 348395 1001
1296538400 2174867 59.875941 10.663602 308010 1009
1296538401 2175987 59.875986 10.663636 234786 1120
1296538402 2177127 59.876023 10.663684 256804 1140
1296538403 2178346 59.876072 10.663736 257683 1219
1296538404 2179356 59.876145 10.663833 302393 1010
1296538405 2180357 59.876145 10.663833 332513 1001
1296538406 2181358 59.876194 10.663884 372053 1001
1296538407 2182359 59.876231 10.663932 195746 1001
1296538408 2183360 59.876279 10.663984 310626 1001
1296538409 2184367 59.87638 10.664105 315384 1007
1296538410 2185377 59.87638 10.664105 246561 1010
1296538411 2186436 59.876421 10.664153 250010 1059
1296538412 2187446 59.876519 10.664256 296260 1009
1296538413 2188466 59.876519 10.664256 181944 1020
1296538414 2189467 59.876612 10.66436 132275 1001
1296538415 2190476 59.876653 10.664408 248228 1009
1296538416 2191477 59.876702 10.66446 338801 1001
1296538417 2192486 59.876749 10.664529 275892 1008
1296538418 2193487 59.87679 10.664577 346104 1001
1296538419 2194488 59.876839 10.664629 285004 1001
1296538420 2195497 59.876883 10.66468 294372 1009
1296538421 2196498 59.876924 10.664729 414504 1001
1296538422 2197506 59.876973 10.66478 328087 1007
1296538423 2198507 59.877018 10.664832 338909 1001
1296538424 2199516 59.877066 10.664883 271579 1009
1296538425 2200517 59.877107 10.664932 280440 1001
1296538426 2201526 59.877152 10.664983 207557 1009
1296538427 2202596 59.877201 10.665035 239995 1070
1296538429 2203826 59.877201 10.665035 97128 1230
1296538430 2204866 59.877292 10.665156 333275 1040
1296538431 2205876 59.877333 10.665204 231192 1010
1296538432 2206886 59.877382 10.665256 209937 1010
1296538433 2207896 59.877426 10.665307 123120 1010
1296538434 2208926 59.877475 10.665359 114366 1030
1296538435 2209927 59.877519 10.66541 231192 1001
1296538436 2210937 59.877568 10.665462 184129 1010
1296538437 2211938 59.877605 10.66551 234164 1001
1296538438 2212946 59.877654 10.665562 298224 1008
1296538439 2214086 59.877702 10.665614 232718 1139
1296538440 2215096 59.877747 10.665665 240768 1010
1296538441 2216097 59.877796 10.665717 320112 1001
1296538442 2217121 59.877837 10.665765 230732 1024
1296538443 2218126 59.877886 10.665817 231608 1005
1296538444 2219156 59.877927 10.665865 236719 1029
1296538445 2220166 59.877971 10.665917 321480 1009
1296538446 2221167 59.878014 10.665947 291678 1001
1296538447 2222175 59.878062 10.665999 267644 1008
1296538448 2223176 59.87811 10.666068 279377 1001
1296538449 2224182 59.878158 10.66612 325584 1005
1296538450 2225185 59.878195 10.666168 62084 1003
1296538451 2226186 59.878244 10.66622 154584 1001
1296538452 2227201 59.878285 10.666268 183195 1015
1296538453 2228216 59.878329 10.66632 248976 1014
1296538454 2229225 59.878378 10.666371 115016 1008
1296538455 2230236 59.878422 10.666423 123120 1011
1296538456 2231245 59.878464 10.666471 138168 1009
1296538457 2232256 59.878512 10.666523 101291 1011
1296538458 2233265 59.878557 10.666575 146376 1009
1296538459 2234465 59.878604 10.666644 160817 1200
1296538460 2235475 59.878689 10.666744 194256 1010
1296538461 2236555 59.878734 10.666795 153626 1080
1296538462 2237557 59.878782 10.666847 161424 1001
1296538463 2238565 59.878819 10.666895 135432 1008
1296538464 2239575 59.878866 10.666964 108170 1009
1296538466 2240777 59.878911 10.667016 199211 1202
1296538467 2241785 59.87896 10.667068 206568 1008
1296538468 2242795 59.878996 10.667116 143509 1010
1296538469 2243816 59.879045 10.667168 188784 1021
1296538470 2244825 59.879089 10.667219 168264 1009
1296538471 2245826 59.87913 10.667267 140667 1001
1296538472 2246835 59.879175 10.667319 142272 1009
1296538473 2247836 59.879222 10.667388 129960 1001
1296538475 2250041 59.879259 10.667437 16384 2205
1296538476 2251045 59.879352 10.66754 334706 1004
1296538477 2252055 59.879388 10.667588 146376 1010
1296538478 2253057 59.879433 10.66764 101232 1002
1296538479 2254076 59.879482 10.667691 117648 1019
1296538480 2255085 59.879518 10.66774 108072 1009
1296538481 2256095 59.879562 10.667791 76608 1009
1296538482 2257115 59.879611 10.667843 67414 1020
1296538483 2258125 59.879648 10.667891 110808 1010
1296538484 2259135 59.879692 10.667943 84816 1010
1296538485 2260155 59.879741 10.667994 103968 1020
1296538486 2261165 59.879785 10.668046 168689 1009
1296538487 2262175 59.879826 10.668094 210672 1010
1296538488 2263185 59.879871 10.668146 139819 1010
1296538489 2264195 59.879919 10.668198 218880 1010
1296538490 2265196 59.879955 10.668264 260958 1001
1296538491 2266205 59.879999 10.668315 249042 1004
1296538492 2267215 59.880048 10.668367 250344 1010
1296538493 2268217 59.880084 10.668415 215772 1002
1296538494 2269225 59.880133 10.668467 264496 1008
1296538495 2270345 59.880177 10.668518 193731 1120
1296538496 2271355 59.880219 10.668567 145008 1009
1296538497 2272497 59.880263 10.668618 165590 1142
1296538498 2273505 59.880348 10.668718 201096 1007
1296538499 2274515 59.880391 10.668787 82080 1010
1296538500 2275525 59.880432 10.668836 93290 1010
1296538501 2276545 59.880477 10.668887 113544 1020
1296538502 2277555 59.880525 10.668939 81161 1010
1296538503 2278556 59.88057 10.668991 155952 1001
1296538505 2279685 59.880611 10.669039 146511 1129
1296538506 2280695 59.880655 10.669091 123120 1010
1296538507 2281715 59.880704 10.669142 106704 1020
1296538508 2282716 59.880748 10.669194 126098 1001
1296538509 2283735 59.880797 10.669245 138168 1019
1296538510 2284745 59.880834 10.669294 131026 1010
1296538511 2285755 59.880878 10.669345 195624 1010
1296538512 2286756 59.880927 10.669397 216144 1001
1296538513 2287765 59.880972 10.669431 232409 1008
1296538514 2288775 59.881014 10.669479 253080 1010
1296538515 2289776 59.881058 10.669531 111353 1001
1296538516 2290784 59.881107 10.669583 80712 1008
1296538517 2291815 59.881151 10.669634 60192 1031
1296538518 2292844 59.881189 10.669665 50616 1029
1296538519 2293845 59.881238 10.669717 109440 1001
1296538520 2294855 59.881282 10.669768 108072 1010
1296538521 2295856 59.881331 10.66982 89882 1001
1296538522 2296875 59.881368 10.669868 134064 1019
1296538523 2297894 59.88141 10.669899 80712 1018
1296538524 2298895 59.881459 10.669951 52031 1001
1296538525 2299905 59.881496 10.669999 75240 1010
1296538526 2300924 59.881544 10.670051 50616 1019
1296538527 2301934 59.881585 10.670099 60192 1010
1296538528 2302965 59.88163 10.670151 38945 1012
1296538529 2304004 59.881679 10.670202 34200 1039
1296538530 2305005 59.881715 10.670251 30096 1001
1296538531 2306045 59.881764 10.670302 38304 1040
1296538532 2307085 59.881808 10.670354 46512 1040
1296538533 2308145 59.881843 10.67042 31464 1060
1296538534 2309174 59.881888 10.670471 24624 1029
1296538535 2310214 59.881927 10.670537 31464 1040
1296538536 2311417 59.881972 10.670589 16384 1203
1296538537 2312445 59.882051 10.670706 36395 1027
1296538538 2313474 59.882091 10.670772 30096 1029
1296538539 2314484 59.882134 10.670841 50616 1010
1296538540 2315494 59.882169 10.670907 36936 1010
1296538541 2316514 59.882213 10.670959 32832 1020
1296538542 2317551 59.882253 10.671025 39672 1037
1296538552 2327120 59.882253 10.671025 2736 9569
1296538553 2328540 59.882343 10.671163 4104 1420
1296538555 2329900 59.882427 10.671281 4104 1360
1296538556 2331340 59.882507 10.671398 4104 1440
1296538558 2332720 59.882592 10.671536 4104 1380
1296538559 2333889 59.882672 10.671654 2736 1169
1296538560 2335130 59.882764 10.671775 5472 1241
1296538561 2336409 59.882878 10.671958 5472 1279
1296538563 2337729 59.882965 10.672079 4104 1319
1296538564 2338849 59.883002 10.672127 2736 1120
1296538565 2339969 59.883094 10.672248 2736 1120
1296538566 2341089 59.883138 10.6723 2736 1120
1296538567 2342169 59.883222 10.672417 4104 1080
1296538568 2343449 59.883306 10.672535 5472 1280
1296538570 2344889 59.883393 10.672656 4104 1440
1296538571 2346009 59.883442 10.672707 2736 1120
1296538572 2347189 59.883478 10.672756 2736 1180
1296538573 2348329 59.883526 10.672825 2736 1140
1296538574 2349509 59.88357 10.672876 2736 1180
1296538585 2360188 59.883613 10.672946 1368 10679
1296538586 2361450 59.883697 10.673063 4104 1262
1296538588 2362631 59.883917 10.673353 12312 1181
1296538589 2364370 59.884172 10.673709 12341 1739
1296538590 2365409 59.884253 10.673809 12312 1039
1296538592 2366713 59.884288 10.673875 9576 1304
1296538593 2367851 59.88438 10.673996 16416 1138
1296538594 2368871 59.884416 10.674044 12312 1020
1296538595 2369951 59.884459 10.674113 10944 1080
1296538596 2370989 59.884508 10.674165 16416 1038
1296538597 2372068 59.884543 10.674231 15048 1079
1296538598 2373295 59.884587 10.674282 16416 1227
1296538602 2377007 59.884635 10.674351 16384 3712
1296538603 2378092 59.884798 10.674586 53384 1084
1296538604 2379210 59.884843 10.674638 15048 1118
1296538605 2380555 59.884879 10.674686 15048 1345
1296538606 2381572 59.884922 10.674756 13680 1017
1296538607 2382611 59.885006 10.674873 13680 1039
1296538609 2383854 59.88505 10.674925 12312 1243
1296538610 2384952 59.885099 10.674976 19152 1098
1296538611 2385953 59.885134 10.675042 10944 1001
1296538612 2387070 59.885183 10.675094 16416 1117
1296538613 2388091 59.885227 10.675146 16416 1021
1296538614 2389331 59.885263 10.675211 9848 1240
1296538615 2390392 59.885311 10.675263 12312 1061
1296538616 2391532 59.885356 10.675315 6840 1140
1296538617 2392571 59.88544 10.675432 12312 1039
1296538619 2393669 59.88544 10.675432 5472 1098
1296538620 2394749 59.885519 10.67555 9576 1080
1296538621 2395871 59.885519 10.67555 5472 1122
1296538622 2397251 59.885611 10.675671 2736 1380
1296538623 2398390 59.885647 10.675719 6840 1139
1296538653 2428125 59.885692 10.675771 2736 29735
1296538654 2429469 59.885727 10.675837 1368 1344
1296538656 2430749 59.88589 10.676072 39672 1280
1296538657 2431786 59.885971 10.676172 28728 1037
1296538658 2433010 59.886091 10.676355 6840 1224
1296538673 2447696 59.88617 10.676472 4104 14686
1296538674 2448708 59.88688 10.677468 53352 1011
1296538675 2449727 59.887514 10.67831 47581 1019
1296538676 2450736 59.887855 10.678766 101232 1009
1296538677 2451757 59.887891 10.678815 98496 1021
1296538678 2452758 59.887939 10.678884 106632 1001
1296538679 2453759 59.887983 10.678935 134064 1001
1296538680 2454760 59.88802 10.678984 219597 1001
1296538681 2455927 59.888067 10.679053 294120 1167
1296538682 2456928 59.888111 10.679105 280440 1001
1296538683 2457937 59.888146 10.679171 193167 1009
1296538684 2458938 59.888191 10.679222 280440 1001
1296538685 2459977 59.888232 10.679271 194256 1039
1296538686 2461126 59.888275 10.67934 208475 1149
1296538687 2462136 59.88831 10.679406 181944 1010
1296538688 2463146 59.888359 10.679457 192888 1009
1296538689 2464157 59.888394 10.679523 233928 1011
1296538690 2465167 59.888437 10.679592 229824 1010
1296538691 2466177 59.888473 10.679641 183366 1010
1296538692 2467178 59.888521 10.67971 242136 1001
1296538693 2468197 59.888556 10.679776 268128 1019
1296538694 2469207 59.8886 10.679827 239400 1010
1296538700 2475387 59.888643 10.679897 146407 6180
1296538701 2476397 59.888924 10.680333 664848 1010
1296538702 2477417 59.888924 10.680333 90288 1020
1296538703 2478418 59.888967 10.680402 184680 1001
1296538704 2479436 59.889004 10.68045 145558 1018
1296538706 2481236 59.889051 10.68052 17784 1800
1296538707 2482237 59.889131 10.680637 69768 1001
1296538708 2483246 59.889166 10.680703 139536 1009
1296538709 2484266 59.889209 10.680772 116280 1020
1296538710 2485276 59.88925 10.680821 84816 1010
1296538711 2486286 59.889285 10.680886 76608 1010
1296538712 2487466 59.889328 10.680956 172237 1180
1296538713 2488467 59.889407 10.681073 291384 1001
1296538714 2489484 59.889448 10.681122 207936 1017
1296538715 2490487 59.889491 10.681191 221713 1003
1296538716 2491488 59.889527 10.681257 313272 1001
1296538718 2492687 59.889575 10.681308 287883 1199
1296538719 2493696 59.88961 10.681374 231192 1009
1296538720 2494708 59.889655 10.681426 192888 1012
1296538721 2495716 59.889694 10.681492 194256 1008
1296538722 2496717 59.889739 10.681543 195176 1001
1296538723 2497718 59.889775 10.681592 272232 1001
1296538724 2498728 59.889823 10.681661 176472 1010
1296538725 2499736 59.889858 10.681727 133068 1008
1296538726 2500747 59.889902 10.681779 168264 1010
1296538727 2501749 59.889942 10.681844 232560 1002
1296538731 2506596 59.889942 10.681844 52437 4847
1296538733 2507636 59.890185 10.682197 584885 1040
1296538734 2508648 59.890228 10.682266 86184 1011
1296538735 2509715 59.890263 10.682332 82080 1067
1296538736 2510856 59.890263 10.682332 1368 1141
1296538737 2511866 59.890346 10.682467 145008 1009
1296538738 2512869 59.890382 10.682516 71136 1003
1296538739 2513915 59.890417 10.682582 67032 1046
1296538740 2515237 59.89046 10.682651 68400 1322
1296538743 2517938 59.890495 10.682717 42488 2701
1296538744 2518940 59.890613 10.682918 87552 1002
1296538745 2519953 59.890656 10.682987 192888 1013
1296538746 2521201 59.890691 10.683053 84816 1248
1296538747 2522210 59.890726 10.683119 77976 1009
1296538748 2523561 59.890771 10.68317 43776 1351
1296538750 2524865 59.890806 10.683236 16384 1304
1296538751 2525970 59.890888 10.683371 96601 1104
1296538752 2527091 59.890924 10.683437 24624 1121
1296538753 2528140 59.890963 10.683503 113544 1049
1296538754 2529150 59.891006 10.683572 71136 1010
1296538755 2530152 59.891043 10.683621 180576 1002
1296538756 2531300 59.891083 10.683687 208241 1148
1296538757 2532310 59.891125 10.683756 166896 1010
1296538758 2533320 59.891161 10.683822 121752 1010
1296538759 2534340 59.891203 10.683891 136800 1020
1296538763 2537936 59.891239 10.683957 12312 3595
1296538764 2538956 59.891395 10.684227 54720 1020
1296538765 2539976 59.89143 10.684293 95760 1020
1296538766 2540986 59.891465 10.684359 67813 1010
1296538767 2542016 59.8915 10.684425 87552 1030
1296538768 2543036 59.891546 10.684512 121752 1020
1296538769 2544066 59.891581 10.684578 43776 1030
1296538770 2545067 59.891617 10.684643 103968 1001
1296538771 2546166 59.89166 10.684713 27360 1099
1296538772 2547186 59.891695 10.684779 38304 1020
1296538773 2548196 59.89173 10.684845 79344 1010
1296538774 2549206 59.891765 10.68491 109440 1010
1296538775 2550276 59.891812 10.68498 39433 1070
1296538776 2551287 59.891848 10.685046 142029 1011
1296538777 2552291 59.891881 10.685129 367992 1004
1296538778 2553296 59.891917 10.685195 307800 1005
1296538779 2554297 59.891959 10.685264 199751 1001
1296538780 2555306 59.891999 10.68533 310536 1009
1296538781 2556326 59.892034 10.685396 238032 1020
1296538782 2557346 59.892111 10.685549 113544 1020
1296538783 2558416 59.892111 10.685549 96984 1070
1296538784 2559436 59.892188 10.685701 102600 1019
1296538785 2560446 59.892223 10.685767 128592 1010
1296538786 2561467 59.892257 10.685851 95760 1021
1296538787 2562487 59.892299 10.68592 51984 1020
1296538797 2572340 59.892299 10.68592 9576 9853
1296538798 2573349 59.892656 10.68667 251712 1009
1296538799 2574350 59.89269 10.686754 281808 1001
1296538801 2575969 59.892725 10.686819 157625 1619
1296538802 2576979 59.892793 10.686986 97128 1010
1296538803 2577999 59.892827 10.68707 97128 1020
1296538804 2579019 59.89285 10.687132 145008 1020
1296538805 2580029 59.892891 10.687219 227088 1010
1296538806 2581059 59.892925 10.687303 142272 1030
1296538807 2582069 59.892959 10.687386 90288 1010
1296538808 2583087 59.892994 10.687452 72504 1018
1296538809 2584091 59.893023 10.687536 108072 1004
1296538810 2585119 59.893049 10.687616 60192 1028
1296538811 2586129 59.893083 10.687699 54720 1010
1296538812 2587139 59.893112 10.687783 68400 1010
1296538813 2588149 59.893146 10.687866 49248 1010
1296538814 2589249 59.89318 10.68795 16416 1100
1296538815 2590260 59.893208 10.688051 67032 1011
1296538816 2591270 59.893234 10.688131 99864 1010
1296538821 2595851 59.893263 10.688214 23224 4581
1296538822 2596869 59.893406 10.688642 302410 1018
1296538823 2597898 59.893435 10.688726 36936 1029
1296538829 2603859 59.893435 10.688726 2736 5961
1296538830 2604878 59.893625 10.689332 307800 1019
1296538831 2605909 59.893645 10.68943 97794 1031
1296538832 2606939 59.893671 10.68951 35568 1030
1296538833 2607948 59.8937 10.689593 35568 1009
1296538834 2608959 59.893722 10.689674 62928 1011
1296538835 2609967 59.893754 10.689775 97128 1008
1296538836 2610979 59.893776 10.689855 97128 1012
1296538837 2611989 59.893802 10.689935 91656 1010
1296538838 2612998 59.89383 10.690036 70671 1009
1296538839 2613999 59.893856 10.690116 110808 1001
1296538840 2615008 59.893878 10.690196 114912 1009
1296538841 2616019 59.89391 10.690297 105336 1011
1296538842 2617026 59.893932 10.690377 77315 1007
1296538843 2618028 59.893965 10.690461 91656 1001
1296538844 2619038 59.893986 10.690559 64296 1010
1296538845 2620048 59.894012 10.690639 83448 1010
1296538846 2621058 59.894041 10.690722 59942 1010
1296538847 2622068 59.894066 10.69082 31464 1010
1296538848 2623118 59.894087 10.6909 23256 1050
1296538849 2624159 59.894121 10.690984 23256 1041
1296538860 2635067 59.894141 10.691081 10944 10908
1296538861 2636077 59.894423 10.692043 87552 1010
1296538862 2637267 59.894457 10.692127 146411 1190
1296538863 2638287 59.894479 10.692207 177840 1020
1296538864 2639297 59.894499 10.692304 132460 1010
1296538865 2640317 59.894533 10.692388 102600 1020
1296538866 2641397 59.894579 10.692566 34200 1079
1296538877 2651926 59.894579 10.692566 6840 10529
1296538878 2653106 59.894633 10.692747 4104 1180
1296538879 2654385 59.894739 10.693089 8208 1279
1296538881 2655646 59.894793 10.69327 4104 1261
1296538883 2658562 59.894815 10.69335 8208 2916
1296538890 2665354 59.89484 10.693448 1368 6792
1296538892 2667136 59.894869 10.693531 1368 1782
1296538893 2668252 59.89492 10.693709 5472 1116
1296538894 2669536 59.894974 10.69389 2736 1284
1296538896 2670798 59.895041 10.694148 15048 1262
1296538897 2671852 59.895095 10.694329 5472 1054
1296538898 2673077 59.895142 10.694507 4104 1225
1296538903 2678596 59.895196 10.694688 17752 5519
1296538905 2679694 59.895276 10.69495 9608 1098
1296538906 2680834 59.895351 10.695211 6840 1140
1296538907 2681974 59.895427 10.695473 6840 1140
1296538908 2683073 59.895527 10.695832 10944 1098
1296538909 2684134 59.895663 10.696257 10944 1061
1296538910 2685155 59.89569 10.696358 5482 1021
1296538911 2686535 59.895712 10.696438 3861 1380
1296538912 2687537 59.895766 10.696619 13680 1002
1296538914 2688642 59.895792 10.696699 9576 1105
1296538915 2689696 59.895814 10.696779 10944 1054
1296538916 2690716 59.895846 10.69688 8208 1020
1296538917 2691856 59.895868 10.696961 9576 1140
1296538918 2693056 59.895902 10.697044 8208 1200
1296538919 2694195 59.895922 10.697142 6840 1139
1296538920 2695536 59.895948 10.697222 6840 1341
1296538922 2696673 59.896002 10.697403 10944 1137
1296538923 2697735 59.896023 10.697483 6840 1062
1296538924 2698876 59.896057 10.697567 9576 1141
1296538925 2699915 59.896077 10.697664 10944 1039
1296538926 2700952 59.896103 10.697745 9576 1037
1296538927 2701972 59.896125 10.697825 9576 1020
1296538928 2703035 59.896157 10.697926 8208 1063
1296538929 2704255 59.896179 10.698006 15048 1220
1296538940 2715554 59.896207 10.698107 9576 11299
1296538942 2716653 59.896255 10.698267 4104 1098
1296538943 2717733 59.896335 10.698529 5472 1080
1296538944 2718753 59.896438 10.698891 9576 1020
1296538945 2720192 59.896484 10.699069 3261 1439
1296538951 2726072 59.896538 10.69925 2736 5880
1296538952 2727225 59.896917 10.700472 4104 1153
1296538953 2728405 59.896972 10.70055 10944 1180
1296538954 2729506 59.897042 10.700805 5472 1101
1296538956 2730905 59.897091 10.700962 4104 1399
1296538957 2731925 59.897109 10.701039 2736 1020
1296538958 2733325 59.897165 10.701217 4104 1400
1296538959 2734625 59.897191 10.701297 4104 1300
1296538962 2736931 59.89722 10.701394 13680 2306
1296538963 2738065 59.897297 10.701652 9576 1134
1296538964 2739225 59.897323 10.701733 6840 1160
1296538965 2740245 59.897349 10.701813 2736 1020
1296538966 2741525 59.897374 10.701911 4104 1280
1296538967 2742585 59.8974 10.701991 3264 1060
1296538969 2743665 59.897426 10.702071 8208 1080
1296538970 2744676 59.897463 10.702148 73476 1011
1296538971 2745757 59.897487 10.702245 157679 1081
1296538972 2746758 59.897516 10.702329 222473 1001
1296538973 2747786 59.897543 10.702409 157964 1028
1296538974 2748787 59.89757 10.70251 171770 1001
1296538975 2749935 59.897597 10.70259 177941 1148
1296538976 2750936 59.897618 10.702671 136905 1001
1296538977 2751945 59.89765 10.702772 128398 1009
1296538978 2752956 59.897672 10.702852 189823 1011
1296538979 2753967 59.897706 10.702935 207883 1010
1296538980 2754976 59.897726 10.703033 152147 1009
1296538981 2755978 59.897748 10.703113 236450 1002
1296538982 2757015 59.897781 10.703197 144128 1037
1296538983 2758114 59.897802 10.703294 68400 1099
1296538984 2759256 59.897828 10.703375 118316 1142
1296538985 2760265 59.897882 10.703556 143140 1009
1296538986 2761465 59.897882 10.703556 175193 1200
1296538987 2762476 59.897936 10.703737 138168 1010
1296538988 2763495 59.897957 10.703817 105602 1019
1296538990 2764645 59.897983 10.703897 152291 1150
1296538991 2765855 59.898004 10.703995 192461 1210
1296538992 2766865 59.898037 10.704079 175826 1010
1296538993 2767935 59.898059 10.704159 163724 1070
1296538994 2768945 59.898084 10.704256 145008 1010
1296538995 2769955 59.898113 10.70434 44229 1010
1296538996 2771096 59.898139 10.70442 129593 1141
1296538997 2772105 59.898164 10.704518 191667 1009
1296538998 2773115 59.898193 10.704601 183312 1010
1296538999 2774125 59.898219 10.704682 140936 1010
1296539000 2775136 59.898239 10.704779 99234 1011
1296539001 2776145 59.898273 10.704863 139536 1009
1296539002 2777165 59.898295 10.704943 94218 1020
1296539003 2778175 59.898319 10.705041 164160 1009
1296539004 2779216 59.898349 10.705124 66555 1041
1296539005 2780375 59.898375 10.705204 168264 1159
1296539006 2781385 59.898395 10.705302 88105 1010
1296539007 2782395 59.898429 10.705386 157320 1010
1296539008 2783405 59.89845 10.705466 117434 1010
1296539009 2784406 59.898475 10.705564 217512 1001
1296539010 2785425 59.898504 10.705647 122132 1019
1296539011 2786435 59.89853 10.705727 150480 1010
1296539012 2787445 59.89855 10.705825 138759 1010
1296539013 2788465 59.898577 10.705905 149829 1019
1296539014 2789485 59.898606 10.705989 150299 1020
1296539015 2790505 59.89863 10.706086 231192 1020
1296539016 2791515 59.898652 10.706167 191293 1010
1296539017 2792525 59.898684 10.706268 162224 1010
1296539018 2793539 59.898706 10.706348 184680 1013
1296539019 2794545 59.898732 10.706428 119654 1006
1296539020 2795555 59.898752 10.706526 93024 1010
1296539021 2796564 59.898786 10.706609 53352 1009
1296539022 2797575 59.898808 10.706689 46512 1011
1296539024 2798715 59.898828 10.706787 44154 1139
1296539025 2799716 59.898854 10.706867 138168 1001
1296539026 2800724 59.898882 10.706968 113126 1008
1296539027 2801745 59.898908 10.707048 160056 1021
1296539028 2802746 59.89893 10.707129 116036 1001
1296539029 2803755 59.898962 10.70723 137252 1009
1296539030 2804825 59.898962 10.70723 166027 1070
1296539031 2805834 59.898983 10.70731 132696 1009
1296539032 2806835 59.899005 10.70739 66327 1001
1296539033 2807845 59.89903 10.707488 102600 1010
1296539034 2808995 59.899059 10.707571 123315 1149
1296539035 2810005 59.899085 10.707651 114912 1010
1296539036 2811025 59.899105 10.707749 150480 1020
1296539037 2812035 59.899139 10.707833 148090 1010
1296539038 2813045 59.899161 10.707913 145008 1010
1296539039 2814054 59.899185 10.708011 113899 1008
1296539040 2815074 59.899215 10.708094 82080 1020
1296539041 2816078 59.899241 10.708174 109440 1004
1296539042 2817085 59.899261 10.708272 106704 1007
1296539043 2818104 59.89929 10.708356 100667 1019
1296539044 2819355 59.899316 10.708436 95371 1250
1296539045 2820364 59.899336 10.708533 53352 1009
1296539046 2821395 59.89937 10.708617 50616 1031
1296539047 2822404 59.899392 10.708697 36936 1009
1296539048 2823414 59.899418 10.708777 27360 1010
1296539049 2824434 59.899446 10.708878 31464 1020
1296539060 2834724 59.899472 10.708959 34104 10290
1296539062 2837254 59.899681 10.709663 210672 2530
1296539086 2861305 59.899779 10.710004 219008 24051
1296539087 2862306 59.900024 10.710865 45144 1001
1296539088 2863307 59.900376 10.712198 68508 1001
1296539089 2864377 59.900396 10.712296 199444 1070
1296539090 2865406 59.90043 10.712379 236208 1029
1296539091 2866407 59.90045 10.712477 187259 1001
1296539092 2867408 59.900471 10.712557 210729 1001
1296539093 2868426 59.900496 10.712655 198130 1018
1296539094 2869547 59.900518 10.712735 203768 1121
1296539095 2870557 59.900538 10.712833 243661 1010
1296539097 2871708 59.900559 10.712913 270784 1151
1296539098 2872756 59.900593 10.712996 302220 1047
1296539099 2873757 59.900613 10.713094 264284 1001
1296539100 2874916 59.900635 10.713174 245094 1159
1296539101 2875917 59.90066 10.713272 292508 1001
1296539102 2877006 59.900681 10.713352 213916 1088
1296539103 2878007 59.900701 10.71345 253944 1001
1296539104 2879116 59.900728 10.71353 185055 1109
1296539105 2880117 59.900757 10.713614 236602 1001
1296539106 2881137 59.900777 10.713711 211848 1020
1296539107 2882316 59.900799 10.713792 253321 1178
1296539108 2883376 59.900819 10.713889 248208 1060
1296539109 2884526 59.900845 10.71397 206132 1150
1296539110 2885536 59.900867 10.71405 214552 1010
1296539111 2886537 59.900894 10.714151 162035 1001
1296539113 2887816 59.90092 10.714231 174974 1279
1296539114 2889016 59.900962 10.714409 222517 1200
1296539115 2890017 59.900988 10.714489 244367 1001
1296539116 2891018 59.901016 10.71459 259090 1001
1296539117 2892146 59.901038 10.71467 244325 1128
1296539118 2893317 59.901064 10.714751 269161 1171
1296539119 2894506 59.901084 10.714848 285464 1189
1296539120 2895507 59.901113 10.714932 253026 1001
1296539121 2896606 59.901139 10.715012 171173 1099
1296539122 2897607 59.90116 10.71511 182303 1001
1296539124 2898716 59.901181 10.71519 164731 1109
1296539125 2899726 59.901215 10.715273 222293 1010
1296539126 2900727 59.901235 10.715371 183742 1001
1296539127 2901729 59.901261 10.715451 184988 1002
1296539128 2902730 59.901281 10.715549 188375 1001
1296539129 2903735 59.901303 10.715629 160649 1005
1296539130 2904925 59.901335 10.71573 126942 1190
1296539131 2906136 59.901357 10.715811 127219 1211
1296539132 2907137 59.901377 10.715908 88920 1001
1296539133 2908160 59.901399 10.715989 123470 1022
1296539134 2909175 59.901419 10.716086 144627 1015
1296539135 2910185 59.901441 10.716166 70260 1010
1296539136 2911325 59.901465 10.716264 127975 1140
1296539137 2912326 59.901487 10.716344 121199 1001
1296539138 2913365 59.901507 10.716442 55314 1038
1296539139 2914405 59.901527 10.71654 124646 1040
1296539140 2915406 59.901549 10.71662 177070 1001
1296539141 2916416 59.901569 10.716718 173071 1010
1296539142 2917425 59.901591 10.716798 150759 1009
1296539143 2918427 59.901615 10.716896 130266 1001
1296539144 2919466 59.901637 10.716976 211507 1039
1296539146 2920663 59.901657 10.717074 220728 1197
1296539147 2921786 59.901699 10.717252 220167 1123
1296539148 2922795 59.901719 10.717349 214619 1009
1296539149 2923825 59.901753 10.717433 70984 1030
1296539150 2924836 59.901773 10.717531 99450 1011
1296539151 2925846 59.901795 10.717611 166293 1010
1296539152 2926905 59.901815 10.717709 196305 1059
1296539153 2927985 59.901841 10.717789 199875 1080
1296539154 2928996 59.901861 10.717887 183948 1010
1296539155 2930086 59.901887 10.717967 150473 1090
1296539156 2931095 59.901915 10.718068 178824 1009
1296539157 2932115 59.901941 10.718148 123141 1020
1296539158 2933266 59.901961 10.718246 212251 1151
1296539159 2934285 59.901983 10.718326 242275 1019
1296539160 2935305 59.902007 10.718424 262179 1020
1296539161 2936306 59.902029 10.718504 239954 1001
1296539162 2937308 59.902055 10.718584 191840 1002
1296539163 2938316 59.902075 10.718682 178466 1008
1296539164 2939325 59.902097 10.718762 177288 1008
1296539165 2940335 59.902122 10.71886 184032 1010
1296539166 2941485 59.902143 10.71894 101121 1150
1296539168 2942666 59.902163 10.719038 196908 1181
1296539169 2943735 59.90219 10.719118 176811 1069
1296539170 2944736 59.90221 10.719216 214298 1001
1296539171 2945765 59.902231 10.719296 177544 1029
1296539172 2946767 59.902256 10.719394 231447 1002
1296539173 2947985 59.902278 10.719474 258369 1218
1296539174 2949004 59.902298 10.719572 154162 1019
1296539175 2950005 59.902324 10.719652 164757 1001
1296539176 2951175 59.902344 10.71975 174195 1170
1296539177 2952185 59.902366 10.71983 180322 1010
1296539178 2953375 59.90239 10.719928 170337 1190
1296539179 2954385 59.902412 10.720008 122175 1010
1296539180 2955405 59.902432 10.720105 136837 1020
1296539181 2956415 59.902454 10.720186 158864 1010
1296539182 2957609 59.90248 10.720266 208640 1194
1296539183 2958615 59.902534 10.720447 225308 1006
1296539185 2959635 59.902554 10.720545 130034 1016
1296539186 2960643 59.902554 10.720545 139044 1008
1296539187 2961646 59.902576 10.720625 138946 1003
1296539188 2962647 59.902596 10.720723 170228 1001
1296539189 2963656 59.902617 10.720803 182172 1009
1296539190 2964716 59.902643 10.720883 99540 1059
1296539191 2965726 59.902664 10.720981 83517 1010
1296539192 2966734 59.902685 10.721061 116649 1008
1296539193 2967785 59.902705 10.721159 92616 1051
1296539194 2968889 59.902727 10.721239 16384 1104
1296539195 2970115 59.902773 10.721417 175542 1226
1296539196 2971135 59.902803 10.721501 62293 1020
1296539197 2972137 59.902823 10.721598 190868 1002
1296539198 2973145 59.902849 10.721679 161384 1008
1296539199 2974147 59.90287 10.721759 183287 1002
1296539200 2975165 59.902892 10.721839 202605 1018
1296539201 2976166 59.902918 10.721919 150981 1001
1296539202 2977224 59.902938 10.722017 191649 1058
1296539203 2978226 59.902972 10.7221 207217 1002
1296539204 2979305 59.902994 10.722181 145852 1079
1296539205 2980325 59.903015 10.722261 159898 1020
1296539206 2981344 59.903049 10.722344 154032 1019
1296539207 2982455 59.903072 10.722407 145085 1111
1296539208 2983575 59.903106 10.722491 167553 1120
1296539209 2984585 59.903127 10.722571 172251 1010
1296539210 2985596 59.903154 10.722651 151845 1011
1296539212 2986735 59.903184 10.722717 115542 1139
1296539213 2987774 59.90321 10.722797 128193 1039
1296539214 2988775 59.903241 10.722863 164793 1001
1296539215 2989785 59.903267 10.722943 171634 1010
1296539216 2990794 59.903296 10.723027 164713 1009
1296539217 2991795 59.903324 10.723089 153097 1001
1296539218 2992804 59.903359 10.723155 158108 1009
1296539219 2993814 59.903385 10.723236 128475 1010
1296539220 2994815 59.903416 10.723302 164870 1001
1296539221 2995964 59.903451 10.723368 142119 1149
1296539222 2996966 59.903479 10.72343 199391 1002
1296539223 2997984 59.903514 10.723496 205958 1018
1296539224 2999155 59.903537 10.723559 185931 1171
1296539225 3000164 59.903572 10.723625 194678 1009
1296539226 3001184 59.9036 10.723687 138106 1020
1296539227 3002194 59.903635 10.723753 166266 1010
1296539228 3003204 59.903664 10.723799 177877 1010
1296539229 3004205 59.903699 10.723865 185782 1001
1296539230 3005374 59.903722 10.723927 211039 1169
1296539231 3006375 59.903757 10.723993 208280 1001
1296539232 3007376 59.903817 10.724104 144554 1001
1296539233 3008564 59.903845 10.724167 200482 1188
1296539234 3009574 59.903872 10.724229 174753 1010
1296539236 3010715 59.903904 10.724278 176662 1141
1296539237 3011724 59.903932 10.724341 180751 1009
1296539238 3012774 59.903956 10.724386 152146 1050
1296539239 3013775 59.903991 10.724452 201074 1001
1296539240 3014784 59.90402 10.724497 158289 1009
1296539241 3015785 59.904048 10.724559 171758 1001
1296539242 3016944 59.904073 10.724604 210143 1159
1296539243 3017945 59.904109 10.724653 206236 1001
1296539244 3019016 59.904134 10.724698 141917 1071
1296539245 3020044 59.904161 10.724761 190135 1028
1296539246 3021045 59.90419 10.724806 257002 1001
1296539247 3022154 59.904215 10.724851 230453 1109
1296539248 3023254 59.904244 10.724896 240420 1100
1296539249 3024304 59.904268 10.724941 223337 1050
1296539250 3025305 59.904296 10.725004 180267 1001
1296539251 3026474 59.904349 10.725094 181176 1169
1296539252 3027624 59.904374 10.725139 194973 1150
1296539254 3028642 59.904403 10.725184 172312 1018
1296539255 3029783 59.904435 10.725232 154483 1141
1296539256 3030784 59.904459 10.725277 129134 1001
1296539257 3031833 59.904487 10.72534 152274 1049
1296539258 3032834 59.904511 10.725385 205602 1001
1296539259 3033984 59.904536 10.72543 199273 1150
1296539260 3034986 59.904565 10.725475 287976 1002
1296539261 3035993 59.904589 10.72552 165869 1007
1296539262 3036994 59.904614 10.725566 168966 1001
1296539263 3038024 59.904635 10.725607 177241 1030
1296539264 3039025 59.904661 10.725635 219168 1001
1296539265 3040194 59.90469 10.72568 217413 1169
1296539266 3041353 59.904715 10.725725 243140 1159
1296539267 3042514 59.904768 10.725815 208821 1161
1296539269 3043684 59.904797 10.72586 189436 1170
1296539270 3044884 59.904823 10.725888 233449 1200
1296539271 3046004 59.904845 10.72593 203354 1120
1296539272 3047005 59.904874 10.725975 161755 1001
1296539273 3048023 59.904898 10.72602 146266 1018
1296539274 3049054 59.904929 10.726047 171910 1031
1296539275 3050074 59.904953 10.726092 173546 1020
1296539276 3051075 59.904982 10.726138 180005 1001
1296539277 3052163 59.905 10.726162 167998 1088
1296539278 3053343 59.905029 10.726207 233038 1180
1296539279 3054344 59.905055 10.726234 221110 1001
1296539280 3055346 59.905103 10.726304 215750 1002
1296539281 3056358 59.905132 10.726349 206049 1012
1296539282 3057364 59.905132 10.726349 207461 1006
1296539283 3058365 59.905158 10.726376 194321 1001
1296539284 3059377 59.905187 10.726421 235993 1012
1296539285 3060383 59.905235 10.726473 202980 1006
1296539286 3061385 59.90526 10.726518 197698 1002
1296539287 3062395 59.90529 10.726546 167824 1009
1296539288 3063434 59.90529 10.726546 170703 1039
1296539289 3064443 59.905347 10.726601 183377 1009
1296539290 3065444 59.905365 10.726625 161353 1001
1296539291 3066464 59.905365 10.726625 134268 1020
1296539292 3067466 59.90542 10.726698 188648 1001
1296539293 3068474 59.90545 10.726725 196517 1008
1296539294 3069513 59.905476 10.726753 182894 1039
1296539296 3070703 59.905507 10.72678 269425 1190
1296539297 3071708 59.905525 10.726804 229958 1005
1296539298 3072713 59.905557 10.726814 230677 1005
1296539299 3073743 59.905583 10.726842 239212 1030
1296539300 3074745 59.905609 10.72687 247300 1002
1296539301 3075754 59.905639 10.726897 169541 1009
1296539302 3076755 59.905665 10.726925 233042 1001
1296539303 3077793 59.905691 10.726952 228635 1038
1296539304 3078794 59.905722 10.72698 260604 1001
1296539305 3079924 59.905748 10.727007 260922 1130
1296539306 3080925 59.905778 10.727035 235896 1001
1296539307 3081926 59.905804 10.727062 239908 1001
1296539308 3082928 59.905834 10.72709 207299 1002
1296539309 3084023 59.905862 10.7271 208191 1095
1296539310 3085024 59.905888 10.727127 253700 1001
1296539311 3086153 59.905918 10.727155 224774 1129
1296539312 3087154 59.905938 10.727162 246324 1001
1296539313 3088155 59.905968 10.727189 274785 1001
1296539314 3089334 59.905999 10.727217 227907 1179
1296539315 3090393 59.906025 10.727244 241399 1059
1296539316 3091403 59.906083 10.727282 173618 1009
1296539317 3092404 59.906083 10.727282 224243 1001
1296539318 3093514 59.906141 10.727319 274821 1110
1296539319 3094515 59.906163 10.727343 295917 1001
1296539320 3095603 59.906189 10.727371 206886 1088
1296539321 3096604 59.906221 10.727381 247209 1001
1296539322 3097605 59.906247 10.727408 211885 1001
1296539324 3098644 59.906278 10.727436 171868 1039
1296539325 3099713 59.906297 10.727443 201236 1069
1296539326 3100823 59.906328 10.72747 136569 1110
1296539327 3101833 59.906358 10.727498 197237 1010
1296539328 3102843 59.906378 10.727504 217881 1010
1296539329 3103963 59.906408 10.727532 222644 1120
1296539330 3105003 59.906436 10.727542 202139 1040
1296539331 3106014 59.906466 10.727569 178757 1011
1296539332 3107015 59.906494 10.727579 185177 1001
1296539333 3108016 59.906524 10.727607 185353 1001
1296539334 3109193 59.906548 10.727614 208666 1177
1296539335 3110283 59.906574 10.727641 199551 1090
1296539336 3111364 59.906606 10.727651 226283 1081
1296539337 3112434 59.906632 10.727679 233283 1070
1296539338 3113503 59.906682 10.727713 211682 1068
1296539339 3114534 59.906707 10.727719 204804 1031
1296539341 3115642 59.906733 10.727747 267203 1108
1296539342 3116644 59.906764 10.727757 190099 1002
1296539343 3117652 59.906783 10.727781 197970 1008
1296539344 3118653 59.906815 10.727791 187507 1001
1296539345 3119654 59.906833 10.727815 217203 1001
1296539346 3120662 59.90686 10.727825 153201 1008
1296539347 3121823 59.906891 10.727853 234763 1161
1296539348 3123023 59.906918 10.727863 244850 1200
1296539349 3124024 59.906942 10.72787 183201 1001
1296539350 3125033 59.906968 10.727897 224110 1009
1296539351 3126062 59.906993 10.727904 217717 1029
1296539352 3127152 59.907019 10.727931 219351 1090
1296539353 3128363 59.907038 10.727938 237375 1211
1296539354 3129542 59.907089 10.727972 241357 1179
1296539355 3130544 59.907107 10.727996 224283 1002
1296539357 3131742 59.907139 10.728006 221711 1198
1296539358 3132743 59.907159 10.728013 228158 1001
1296539359 3133782 59.907189 10.728041 202309 1038
1296539360 3134784 59.907209 10.728047 170364 1002
1296539361 3135802 59.907235 10.728075 220631 1018
1296539362 3136803 59.907259 10.728081 193319 1001
1296539363 3137902 59.907286 10.728091 286552 1099
1296539364 3138962 59.907305 10.728116 181379 1059
1296539365 3140172 59.907329 10.728122 201508 1210
1296539366 3141272 59.907356 10.728132 232371 1100
1296539367 3142273 59.907375 10.728156 240716 1001
1296539368 3143274 59.907399 10.728163 238125 1001
1296539369 3144294 59.907426 10.728173 154456 1020
1296539370 3145354 59.907445 10.728197 223861 1060
1296539371 3146423 59.907469 10.728204 228475 1068
1296539372 3147433 59.907515 10.728238 209458 1009
1296539373 3148493 59.907539 10.728245 172391 1060
1296539374 3149495 59.907559 10.728251 203897 1002
1296539376 3150662 59.907589 10.728279 226881 1167
1296539377 3151663 59.907609 10.728286 277530 1001
1296539378 3152664 59.907629 10.728292 193659 1001
1296539379 3153665 59.907655 10.72832 187039 1001
1296539380 3154842 59.907679 10.728326 226887 1177
1296539381 3155843 59.907697 10.728351 174037 1001
1296539382 3156844 59.907717 10.728357 206574 1001
1296539383 3158053 59.907744 10.728367 200411 1209
1296539384 3159072 59.907767 10.728391 197255 1019
1296539385 3160122 59.907787 10.728398 187041 1050
1296539386 3161333 59.907814 10.728408 244434 1211
1296539387 3162335 59.90786 10.728442 228305 1002
1296539388 3163382 59.90786 10.728442 232279 1047
1296539389 3164423 59.907878 10.728467 212050 1041
1296539390 3165621 59.907918 10.72848 264483 1198
1296539391 3166624 59.907942 10.728486 222850 1003
1296539393 3167742 59.907942 10.728486 127223 1118
1296539394 3168743 59.90798 10.728517 194937 1001
1296539395 3169812 59.908 10.728524 221038 1069
1296539396 3170813 59.908018 10.728548 142453 1001
1296539397 3171862 59.908038 10.728555 163556 1049
1296539398 3173063 59.90807 10.728565 218011 1201
1296539399 3174222 59.908088 10.728589 205055 1159
1296539400 3175362 59.908108 10.728596 217507 1140
1296539401 3176383 59.90814 10.728606 248976 1021
1296539402 3177392 59.90816 10.728612 243406 1009
1296539403 3178443 59.90816 10.728612 199071 1051
1296539404 3179444 59.908198 10.728643 336630 1001
1296539405 3180445 59.908222 10.72865 250184 1001
1296539406 3181446 59.908242 10.728657 260835 1001
1296539407 3182583 59.908261 10.728663 230661 1137
1296539408 3183584 59.90828 10.728687 252523 1001
1296539410 3184662 59.908299 10.728694 209902 1078
1296539411 3185664 59.908319 10.728701 209935 1002
1296539412 3186702 59.908331 10.728704 225286 1038
1296539413 3187712 59.90835 10.728728 201402 1010
1296539414 3188722 59.908369 10.728735 186996 1010
1296539415 3189732 59.908389 10.728742 173424 1010
1296539416 3190742 59.908409 10.728748 184706 1010
1296539417 3191832 59.908429 10.728755 159940 1090
1296539418 3192972 59.908448 10.728762 161046 1140
1296539419 3193973 59.908468 10.728768 153217 1001
1296539420 3194982 59.908488 10.728775 215901 1009
1296539421 3196122 59.908499 10.728796 184455 1140
1296539422 3197123 59.908518 10.728802 203845 1001
1296539423 3198201 59.908534 10.728809 191585 1078
1296539424 3199281 59.908553 10.728816 210123 1080
1296539425 3200351 59.908566 10.728819 201662 1070
1296539426 3201361 59.908585 10.728826 202575 1010
1296539427 3202462 59.908625 10.728839 211731 1101
1296539428 3203612 59.908645 10.728831 196952 1150
1296539429 3204613 59.908663 10.728856 216363 1001
1296539430 3205622 59.908675 10.728859 231929 1008
1296539432 3206642 59.908695 10.728866 168764 1020
1296539433 3207772 59.908707 10.728869 165510 1130
1296539434 3208861 59.908727 10.728876 171099 1089
1296539435 3209972 59.908738 10.728896 175861 1111
1296539436 3211157 59.908757 10.728903 175392 1185
1296539437 3212221 59.908769 10.728906 196869 1063
1296539438 3213351 59.908789 10.728913 290777 1130
1296539439 3214352 59.908801 10.728916 264081 1001
1296539440 3215362 59.908832 10.728944 257059 1010
1296539441 3216371 59.908851 10.728951 196478 1009
1296539442 3217381 59.908851 10.728951 195021 1010
1296539443 3218452 59.908864 10.728954 265861 1071
1296539444 3219561 59.908891 10.728964 243984 1109
1296539446 3220721 59.908911 10.728971 255087 1160
1296539447 3221851 59.908923 10.728974 226495 1130
1296539448 3223031 59.908943 10.728981 264160 1180
1296539449 3224121 59.90895 10.728984 194414 1090
1296539450 3225142 59.90897 10.728991 197458 1021
1296539451 3226143 59.908981 10.729011 137090 1001
1296539452 3227152 59.909001 10.729018 191083 1009
1296539453 3228213 59.909013 10.729021 165693 1061
1296539454 3229311 59.909028 10.729028 190898 1098
1296539455 3230312 59.90904 10.729031 186512 1001
1296539456 3231341 59.909052 10.729035 179746 1029
1296539457 3232352 59.909072 10.729041 181109 1011
1296539458 3233461 59.909084 10.729045 230753 1109
1296539459 3234462 59.909111 10.729055 252122 1001
1296539460 3235551 59.909111 10.729055 156623 1089
1296539461 3236561 59.909143 10.729065 209090 1009
1296539462 3237611 59.909155 10.729068 215619 1050
1296539464 3238653 59.909175 10.729075 219368 1042
1296539465 3239742 59.909187 10.729078 218724 1089
1296539466 3240753 59.909203 10.729085 204194 1011
1296539467 3241754 59.909215 10.729088 207061 1001
1296539468 3242791 59.909227 10.729091 132388 1037
1296539469 3243971 59.909247 10.729098 249213 1180
1296539470 3244972 59.909259 10.729101 171703 1001
1296539471 3246061 59.909271 10.729105 178408 1089
1296539472 3247162 59.909291 10.729111 177827 1101
1296539473 3248171 59.909303 10.729115 180793 1009
1296539474 3249301 59.909323 10.729121 188461 1130
1296539475 3250451 59.909347 10.729128 228325 1150
1296539476 3251622 59.909359 10.729131 198131 1171
1296539478 3252751 59.909379 10.729138 210080 1129
1296539479 3253861 59.909386 10.729141 214391 1110
1296539480 3254874 59.909406 10.729148 184858 1012
1296539481 3255921 59.909414 10.729151 185572 1047
1296539482 3257091 59.909426 10.729154 231003 1170
1296539483 3258092 59.909438 10.729158 214811 1001
1296539484 3259261 59.909453 10.729164 259265 1169
1296539485 3260291 59.909465 10.729168 185078 1030
1296539486 3261292 59.909473 10.729171 197505 1001
1296539487 3262373 59.909484 10.729192 177936 1080
1296539488 3263381 59.909491 10.729195 258474 1008
1296539489 3264391 59.909511 10.729202 218752 1010
1296539490 3265561 59.909523 10.729205 199748 1170
1296539492 3266701 59.909531 10.729209 195125 1140
1296539493 3267702 59.909555 10.729201 197388 1001
1296539494 3268750 59.909563 10.729204 161174 1048
1296539495 3269752 59.909573 10.729225 227176 1002
1296539496 3270753 59.909581 10.729229 163265 1001
1296539497 3271761 59.909593 10.729232 199925 1008
1296539498 3272861 59.909601 10.729235 199747 1100
1296539499 3273950 59.909605 10.729235 196789 1089
1296539500 3274952 59.909618 10.729239 209013 1002
1296539501 3275953 59.909625 10.729242 194443 1001
1296539502 3277040 59.90963 10.729242 210531 1087
1296539503 3278110 59.909636 10.729263 190001 1070
1296539504 3279130 59.909648 10.729266 207755 1020
1296539505 3280291 59.909652 10.729266 210646 1161
1296539506 3281293 59.90966 10.729269 153476 1002
1296539507 3282300 59.909672 10.729273 130367 1007
1296539508 3283361 59.90968 10.729276 128481 1061
1296539509 3284471 59.909696 10.729279 146929 1109
1296539510 3285472 59.909704 10.729283 166125 1001
1296539511 3286571 59.909716 10.729286 168683 1099
1296539512 3287580 59.909716 10.729286 205614 1009
1296539514 3288730 59.909728 10.729289 163326 1150
1296539515 3289731 59.909736 10.729293 191767 1001
1296539516 3290852 59.909748 10.729296 160356 1121
1296539517 3291860 59.909753 10.729296 234491 1008
1296539518 3292871 59.909765 10.729299 208867 1009
1296539519 3293960 59.909765 10.729299 134284 1089
1296539520 3294961 59.909777 10.729303 184418 1001
1296539521 3296151 59.909781 10.729303 210364 1190
1296539522 3297340 59.909789 10.729306 242363 1188
1296539523 3298341 59.909806 10.729309 224843 1001
1296539524 3299461 59.909806 10.729309 151580 1120
1296539526 3300651 59.909825 10.729316 160060 1190
1296539527 3301672 59.90983 10.729316 107591 1021
1296539528 3302951 59.90983 10.729316 35022 1279
1296539529 3303952 59.90985 10.729323 136324 1001
1296539530 3305091 59.90985 10.729323 181965 1139
1296539531 3306200 59.909862 10.729326 176641 1109
1296539532 3307201 59.909869 10.729329 189017 1001
1296539533 3308230 59.909869 10.729329 153559 1029
1296539534 3309390 59.909882 10.729333 201436 1160
1296539535 3310591 59.909894 10.729336 200026 1201
1296539536 3311592 59.909894 10.729336 185691 1001
1296539537 3312620 59.909901 10.729339 138775 1028
1296539539 3313820 59.909906 10.729339 196288 1200
1296539540 3314821 59.909913 10.729343 200851 1001
1296539541 3315830 59.909913 10.729343 220420 1009
1296539542 3316840 59.909926 10.729346 167391 1010
1296539543 3317891 59.909926 10.729346 183230 1051
1296539544 3319061 59.909926 10.729346 163555 1170
1296539545 3320120 59.909933 10.729349 157624 1059
1296539546 3321140 59.909938 10.729349 144155 1020
1296539547 3322240 59.909945 10.729353 180911 1100
1296539548 3323241 59.909945 10.729353 214852 1001
1296539549 3324250 59.909957 10.729356 196994 1009
1296539550 3325270 59.909957 10.729356 155889 1020
1296539551 3326271 59.909965 10.729359 135399 1001
1296539552 3327430 59.90997 10.729359 145897 1159
1296539553 3328440 59.909977 10.729363 170301 1010
1296539554 3329450 59.909977 10.729363 133700 1010
1296539555 3330561 59.909995 10.729348 176895 1111
1296539556 3331580 59.910003 10.729352 163141 1019
1296539557 3332610 59.910015 10.729355 193078 1030
1296539558 3333611 59.910023 10.729358 211906 1001
1296539560 3334721 59.910027 10.729358 174360 1110
1296539561 3335790 59.910035 10.729362 181548 1069
1296539562 3336940 59.910042 10.729365 241135 1150
1296539563 3337941 59.910047 10.729365 238709 1001
1296539564 3338950 59.910055 10.729368 172938 1009
1296539565 3339951 59.910062 10.729372 182389 1001
1296539566 3340970 59.910061 10.729389 159815 1019
1296539567 3342150 59.910068 10.729393 186367 1180
1296539568 3343151 59.910068 10.729393 166781 1001
1296539569 3344329 59.910076 10.729396 167441 1178
1296539570 3345450 59.910087 10.729417 191751 1121
1296539572 3346630 59.910087 10.729417 173667 1180
1296539573 3347640 59.910087 10.729417 173706 1009
1296539574 3348642 59.910094 10.72942 168774 1002
1296539575 3349650 59.910094 10.72942 150684 1008
1296539576 3350730 59.910106 10.729423 134056 1080
1296539577 3351731 59.910106 10.729423 179952 1001
1296539578 3352740 59.910106 10.729423 141432 1009
1296539579 3353840 59.910114 10.729427 176947 1100
1296539580 3354841 59.910114 10.729427 210061 1001
1296539581 3355971 59.910114 10.729427 172463 1130
1296539582 3356980 59.910122 10.72943 166273 1009
1296539583 3358139 59.910122 10.72943 68066 1159
1296539584 3359250 59.910122 10.72943 34200 1111
1296539585 3360359 59.910129 10.729433 130770 1109
1296539586 3361360 59.910129 10.729433 189300 1001
1296539587 3362409 59.910142 10.729437 134389 1049
1296539588 3363450 59.910142 10.729437 157613 1041
1296539589 3364611 59.910151 10.729423 162784 1160
1296539591 3365739 59.910151 10.729423 182152 1128
1296539592 3366740 59.910158 10.729426 192810 1001
1296539593 3367820 59.910158 10.729426 160881 1080
1296539594 3368989 59.910163 10.729426 155896 1169
1296539595 3369991 59.91017 10.729429 185753 1002
1296539596 3371000 59.91017 10.729429 189411 1009
1296539597 3372179 59.91017 10.729429 174549 1179
1296539598 3373180 59.910172 10.729412 213386 1001
1296539599 3374249 59.910179 10.729415 145398 1069
1296539600 3375250 59.910179 10.729415 217985 1001
1296539601 3376260 59.910184 10.729415 155282 1010
1296539602 3377440 59.910184 10.729415 199349 1180
1296539603 3378449 59.910192 10.729418 183019 1008
1296539604 3379540 59.910192 10.729418 169535 1091
1296539605 3380560 59.910192 10.729418 192554 1020
1296539606 3381579 59.910199 10.729422 222939 1019
1296539607 3382580 59.910199 10.729422 151677 1001
1296539608 3383581 59.910204 10.729422 168735 1001
1296539609 3384590 59.910204 10.729422 168349 1009
1296539610 3385600 59.910211 10.729425 169582 1010
1296539611 3386611 59.910211 10.729425 180866 1011
1296539612 3387619 59.910211 10.729425 189484 1008
1296539613 3388623 59.910211 10.729425 221279 1004
1296539615 3389629 59.910211 10.729425 146247 1006
1296539616 3390729 59.910211 10.729425 158021 1100
1296539617 3391929 59.910211 10.729425 198338 1200
1296539618 3393040 59.910211 10.729425 199676 1111
1296539618 3393210 59.910211 10.729425 58824 170
