1285736546 98434 59.872909 10.65959 209304 1001
1285736547 99443 59.87295 10.659638 233128 1009
1285736548 100444 59.87295 10.659638 357048 1001
1285736549 101453 59.872986 10.659686 287848 1009
1285736550 102454 59.872986 10.659686 245440 1001
1285736551 103463 59.873028 10.659734 300960 1009
1285736552 104464 59.873069 10.659783 309736 1001
1285736553 105483 59.873069 10.659783 253648 1019
1285736554 106484 59.873105 10.659831 298792 1001
1285736555 107485 59.873147 10.659879 299592 1001
1285736556 108493 59.873188 10.659928 285112 1008
1285736557 109495 59.873188 10.659928 294688 1002
1285736558 110502 59.873224 10.659976 311104 1007
1285736559 111503 59.873266 10.660024 177840 1001
1285736560 112513 59.873302 10.660073 279640 1010
1285736561 113514 59.873302 10.660073 343368 1001
1285736562 114523 59.873343 10.660121 279640 1009
1285736563 115533 59.87338 10.660169 192088 1010
1285736565 116543 59.873421 10.660217 287280 1010
1285736566 117544 59.873421 10.660217 259120 1001
1285736567 118553 59.873459 10.660248 298792 1009
1285736568 119560 59.873496 10.660296 277704 1007
1285736569 120563 59.873533 10.660345 293320 1003
1285736570 121564 59.873533 10.660345 281008 1001
1285736571 122574 59.873574 10.660393 323416 1010
1285736572 123583 59.873618 10.660445 331056 1009
1285736573 124593 59.873655 10.660493 309736 1010
1285736574 125603 59.873655 10.660493 253648 1010
1285736575 126604 59.873691 10.660541 309168 1001
1285736576 127613 59.873733 10.66059 253648 1009
1285736577 128623 59.873769 10.660638 256384 1010
1285736578 129624 59.873769 10.660638 283176 1001
1285736579 130643 59.873806 10.660686 268693 1019
1285736580 131644 59.87385 10.660738 305635 1001
1285736581 132653 59.873891 10.660786 287848 1009
1285736582 133664 59.873891 10.660786 320112 1011
1285736583 134683 59.873928 10.660834 304264 1019
1285736584 135693 59.873965 10.660883 298792 1010
1285736585 136694 59.874009 10.660934 308368 1001
1285736586 137702 59.874009 10.660934 311904 1008
1285736587 138703 59.874046 10.660983 265960 1001
1285736588 139708 59.874082 10.661031 298792 1005
1285736589 140723 59.874131 10.661083 325584 1015
1285736590 141734 59.874131 10.661083 293320 1011
1285736591 142743 59.874168 10.661131 326152 1009
1285736592 143744 59.874204 10.661179 259120 1001
1285736593 144753 59.874241 10.661227 292752 1009
1285736594 145755 59.874241 10.661227 326152 1002
1285736595 146773 59.874287 10.661261 326152 1018
1285736596 147774 59.874323 10.66131 290584 1001
1285736597 148782 59.87436 10.661358 292752 1008
1285736598 149783 59.87436 10.661358 227656 1001
1285736599 150793 59.874404 10.66141 271432 1010
1285736600 151794 59.874445 10.661458 300960 1001
1285736601 152803 59.87449 10.66151 272800 1009
1285736602 153812 59.87449 10.66151 245440 1009
1285736603 154813 59.874526 10.661558 240768 1001
1285736604 155823 59.874563 10.661606 168832 1010
1285736605 156833 59.874607 10.661658 206568 1010
1285736606 157842 59.874607 10.661658 197560 1009
1285736607 158843 59.874648 10.661706 257184 1001
1285736608 159844 59.874685 10.661754 224920 1001
1285736609 160852 59.874729 10.661806 292752 1008
1285736610 161863 59.874729 10.661806 319312 1011
1285736611 162873 59.874766 10.661854 335728 1010
1285736612 163893 59.874815 10.661906 328888 1020
1285736613 164903 59.874852 10.661954 334360 1010
1285736614 165912 59.874852 10.661954 345644 1009
1285736615 166913 59.874888 10.662003 293780 1001
1285736616 167914 59.874937 10.662054 312472 1001
1285736617 168922 59.874974 10.662102 312472 1008
1285736618 169923 59.874974 10.662102 312472 1001
1285736619 170932 59.875018 10.662154 317376 1008
1285736620 171933 59.875059 10.662202 281008 1001
1285736621 172942 59.875096 10.662251 282376 1009
1285736622 173943 59.875096 10.662251 302328 1001
1285736623 174953 59.875141 10.662285 294688 1010
1285736624 175962 59.875178 10.662333 331624 1009
1285736625 176963 59.875222 10.662385 331624 1001
1285736626 177964 59.875222 10.662385 319312 1001
1285736627 178973 59.875264 10.662433 313272 1009
1285736628 179982 59.875308 10.662485 287848 1009
1285736629 180983 59.875344 10.662533 291952 1001
1285736630 181992 59.875344 10.662533 298224 1009
1285736631 182993 59.875386 10.662581 278272 1001
1285736632 184002 59.87543 10.662633 271433 1009
1285736633 185003 59.875467 10.662681 266760 1001
1285736634 186012 59.875467 10.662681 259120 1009
1285736635 187022 59.875515 10.662733 211240 1010
1285736636 188032 59.875552 10.662781 235296 1010
1285736637 189033 59.875593 10.662829 242704 1001
1285736638 190034 59.875593 10.662829 261288 1001
1285736639 191042 59.875637 10.662881 263224 1008
1285736640 192052 59.875674 10.662929 313840 1010
1285736641 193053 59.875714 10.662995 307000 1001
1285736642 194062 59.875714 10.662995 310536 1009
1285736643 195072 59.875758 10.663047 285112 1010
1285736644 196082 59.875795 10.663095 248176 1010
1285736645 197092 59.875839 10.663147 283176 1010
1285736646 198102 59.875839 10.663147 186616 1010
1285736647 199103 59.87588 10.663195 270864 1001
1285736648 200112 59.875924 10.663246 260488 1009
1285736649 201122 59.875961 10.663295 287848 1010
1285736650 202123 59.875961 10.663295 274968 1001
1285736651 203132 59.876005 10.663346 248176 1009
1285736652 204142 59.876042 10.663395 226288 1010
1285736653 205143 59.876086 10.663446 270864 1001
1285736654 206152 59.876086 10.663446 279640 1009
1285736655 207203 59.876123 10.663495 246808 1051
1285736656 208212 59.876166 10.663564 261288 1009
1285736657 209213 59.876203 10.663612 238600 1001
1285736658 210222 59.876203 10.663612 262656 1009
1285736659 211232 59.876247 10.663664 234496 1010
1285736660 212242 59.876283 10.663712 257752 1010
1285736661 213252 59.876332 10.663764 279072 1010
1285736662 214262 59.876332 10.663764 161992 1010
1285736663 215272 59.876369 10.663812 153216 1010
1285736664 216282 59.876413 10.663864 158688 1010
1285736665 217292 59.87645 10.663912 116848 1010
1285736666 218302 59.87645 10.663912 217512 1010
1285736667 219312 59.876494 10.663963 183879 1010
1285736668 220323 59.876531 10.664012 318744 1011
1285736669 221332 59.876575 10.664063 257752 1009
1285736670 222334 59.876575 10.664063 259120 1002
1285736671 223342 59.876612 10.664112 287280 1008
1285736672 224362 59.876656 10.664163 248176 1020
1285736673 225372 59.876697 10.664212 256384 1010
1285736674 226382 59.876697 10.664212 254448 1010
1285736675 227392 59.87674 10.664281 260488 1010
1285736676 228393 59.876777 10.664329 271432 1001
1285736677 229401 59.876821 10.664381 280440 1008
1285736678 230402 59.876821 10.664381 231760 1001
1285736679 231412 59.876865 10.664432 255816 1010
1285736680 232422 59.876906 10.664481 244072 1010
1285736681 233432 59.876951 10.664532 244072 1010
1285736682 234442 59.876951 10.664532 264024 1010
1285736683 235462 59.876987 10.664581 245440 1020
1285736684 236501 59.877036 10.664632 255016 1039
1285736685 237512 59.877073 10.66468 254448 1011
1285736686 238513 59.877073 10.66468 200296 1001
1285736687 239521 59.877117 10.664732 205200 1008
1285736688 240531 59.877158 10.66478 168832 1010
1285736689 241532 59.877201 10.66485 195624 1001
1285736691 242541 59.877201 10.66485 207136 1009
1285736692 243542 59.877238 10.664898 210672 1001
1285736693 244543 59.877282 10.664949 215344 1001
1285736694 245557 59.877319 10.664998 236664 1014
1285736695 246562 59.877319 10.664998 216712 1005
1285736696 247572 59.877358 10.665064 253080 1010
1285736697 248582 59.877403 10.665115 224920 1010
1285736698 249583 59.877439 10.665164 229824 1001
1285736699 250592 59.877439 10.665164 215344 1009
1285736700 251611 59.877482 10.665233 238032 1018
1285736701 252622 59.877523 10.665281 196173 1011
1285736702 253633 59.87756 10.665329 203832 1011
1285736703 254641 59.87756 10.665329 107291 1008
1285736704 255662 59.877603 10.665399 151848 1021
1285736705 256671 59.877644 10.665447 134096 1009
1285736706 257672 59.877679 10.665513 85353 1001
1285736707 258681 59.877679 10.665513 135432 1009
1285736708 259692 59.877723 10.665564 121752 1011
1285736709 260811 59.877763 10.66563 97696 1119
1285736710 261971 59.877798 10.665696 199728 1003
1285736711 262981 59.877798 10.665696 154584 1010
1285736712 263991 59.877835 10.665744 114112 1010
1285736713 265001 59.877875 10.66581 129960 1010
1285736714 266021 59.877918 10.665879 150480 1020
1285736715 267031 59.877918 10.665879 133264 1010
1285736716 268051 59.877954 10.665928 136800 1020
1285736717 269061 59.877994 10.665994 102600 1010
1285736718 270151 59.878029 10.666059 107272 1090
1285736719 271161 59.878029 10.666059 105336 1010
1285736720 272171 59.878072 10.666129 125856 1010
1285736721 273173 59.878107 10.666194 117648 1002
1285736722 274181 59.878147 10.66626 78544 1008
1285736723 275191 59.878147 10.66626 86184 1010
1285736724 276201 59.878184 10.666309 90288 1010
1285736725 277221 59.878219 10.666374 108072 1020
1285736726 278241 59.878262 10.666444 95760 1020
1285736727 279242 59.878262 10.666444 60760 1001
1285736728 280251 59.878297 10.666509 61560 1009
1285736729 281261 59.878337 10.666575 41040 1010
1285736730 282271 59.878372 10.666641 49248 1010
1285736735 286984 59.878372 10.666641 16384 4713
1285736736 287991 59.878407 10.666707 265992 1007
1285736737 289001 59.878442 10.666773 209304 1010
1285736738 290002 59.878476 10.666856 227656 1001
1285736739 291011 59.878476 10.666856 244872 1009
1285736740 292021 59.878519 10.666925 201664 1010
1285736741 293031 59.878554 10.666991 222984 1010
1285736742 294041 59.878589 10.667057 197560 1010
1285736743 295051 59.878589 10.667057 257184 1010
1285736744 296061 59.878625 10.667123 212608 1010
1285736745 297062 59.878667 10.667192 211240 1001
1285736746 298081 59.878703 10.667258 212040 1019
1285736747 299091 59.878703 10.667258 193456 1010
1285736748 300101 59.878738 10.667324 198360 1010
1285736749 301221 59.878773 10.66739 205768 1120
1285736750 302231 59.878808 10.667456 233928 1010
1285736751 303232 59.878808 10.667456 208504 1001
1285736752 304241 59.87885 10.667542 214776 1009
1285736753 305260 59.878885 10.667608 160624 1019
1285736754 306281 59.87892 10.667674 150480 1021
1285736755 307290 59.87892 10.667674 142272 1009
1285736756 308301 59.878955 10.66774 116848 1011
1285736757 309311 59.878991 10.667806 91656 1010
1285736758 310333 59.879033 10.667875 76608 1022
1285736759 311351 59.879033 10.667875 64296 1018
1285736760 312371 59.879069 10.667941 49248 1020
1285736761 313420 59.879104 10.668007 45144 1049
1285736762 314460 59.879138 10.66809 49248 1040
1285736763 315491 59.879138 10.66809 33400 1031
1285736764 316493 59.879173 10.668156 53352 1002
1285736765 317500 59.879208 10.668222 42408 1007
1285736767 318540 59.879243 10.668288 47880 1040
1285736768 319544 59.879243 10.668288 60192 1004
1285736769 320550 59.879278 10.668354 65664 1006
1285736770 321580 59.879312 10.668437 77976 1030
1285736771 322600 59.879355 10.668506 54720 1020
1285736772 323621 59.879355 10.668506 74440 1021
1285736773 324640 59.87939 10.668572 77976 1019
1285736774 325670 59.879425 10.668638 54720 1030
1285736775 326690 59.879461 10.668704 61560 1020
1285736776 327720 59.879461 10.668704 50616 1030
1285736777 328730 59.879494 10.668787 58824 1010
1285736778 329740 59.87953 10.668853 42976 1010
1285736779 330750 59.879565 10.668919 56088 1010
1285736780 331790 59.879565 10.668919 53352 1040
1285736781 332800 59.879599 10.669002 57456 1010
1285736782 333830 59.879622 10.669065 65664 1030
1285736783 334850 59.879657 10.669131 53352 1020
1285736784 335870 59.879657 10.669131 57456 1020
1285736785 336890 59.879692 10.669197 54720 1020
1285736786 337900 59.879726 10.66928 68967 1010
1285736787 338920 59.879761 10.669346 73872 1020
1285736788 339940 59.879761 10.669346 90288 1020
1285736789 340950 59.879796 10.669412 71136 1010
1285736790 341970 59.879832 10.669478 86184 1020
1285736791 342980 59.879867 10.669543 73072 1010
1285736792 344000 59.879867 10.669543 67032 1020
1285736793 345010 59.879901 10.669627 61560 1010
1285736794 346020 59.879936 10.669693 62928 1010
1285736795 347040 59.879979 10.669762 57456 1020
1285736796 348060 59.879979 10.669762 50616 1020
1285736797 349160 59.880014 10.669828 63496 1100
1285736798 350180 59.880049 10.669894 80712 1020
1285736799 351200 59.880083 10.669977 76608 1020
1285736800 352250 59.880083 10.669977 87552 1050
1285736801 353260 59.880118 10.670043 73872 1010
1285736802 354280 59.880153 10.670109 45144 1020
1285736803 355290 59.880189 10.670175 51184 1010
1285736804 356291 59.880189 10.670175 120384 1001
1285736805 357300 59.880224 10.670241 165528 1009
1285736806 358301 59.880259 10.670306 181144 1001
1285736807 359310 59.880294 10.670372 259920 1009
1285736808 360320 59.880294 10.670372 219448 1010
1285736809 361321 59.880328 10.670456 254448 1001
1285736810 362340 59.880363 10.670522 181144 1019
1285736811 363350 59.880398 10.670587 191520 1010
1285736812 364360 59.880398 10.670587 140104 1010
1285736813 365370 59.880434 10.670653 135432 1010
1285736814 366391 59.880469 10.670719 129960 1021
1285736815 367410 59.880504 10.670785 74440 1019
1285736816 368450 59.880504 10.670785 45144 1040
1285736831 383489 59.880539 10.670851 30096 15039
1285736832 384499 59.880581 10.670938 50616 1010
1285736833 385509 59.880616 10.671004 76608 1010
1285736834 386519 59.880616 10.671004 97128 1010
1285736836 387769 59.880647 10.671069 99064 1250
1285736837 388779 59.880682 10.671135 79344 1010
1285736838 389789 59.880717 10.671201 103968 1010
1285736839 390819 59.880717 10.671201 106704 1030
1285736840 391829 59.880752 10.671267 113544 1010
1285736841 392849 59.880787 10.671333 140104 1020
1285736842 393869 59.880821 10.671416 117648 1020
1285736843 394889 59.880821 10.671416 157888 1020
1285736844 395899 59.880856 10.671482 168264 1010
1285736845 396909 59.880892 10.671548 177840 1010
1285736846 397910 59.880927 10.671614 152416 1001
1285736847 398919 59.880927 10.671614 175104 1009
1285736848 399920 59.88097 10.671683 177040 1001
1285736849 400929 59.881003 10.671767 168264 1009
1285736850 401949 59.881039 10.671832 219448 1020
1285736851 402959 59.881039 10.671832 183312 1010
1285736852 403979 59.881074 10.671898 140904 1020
1285736853 404987 59.881109 10.671964 110005 1008
1285736854 405999 59.881143 10.672048 87552 1012
1285736855 407009 59.881143 10.672048 106704 1010
1285736856 408019 59.881178 10.672113 75240 1010
1285736857 409039 59.881213 10.672179 75240 1020
1285736858 410049 59.881248 10.672245 40243 1010
1285736859 411089 59.881248 10.672245 41040 1040
1285736860 412179 59.881282 10.672329 20520 1090
1285736861 413198 59.881313 10.672394 12312 1019
1285736862 414248 59.881348 10.67246 16416 1050
1285736863 415279 59.881348 10.67246 36936 1031
1285736864 416289 59.881383 10.672526 50616 1010
1285736865 417379 59.881417 10.67261 39672 1090
1285736867 418688 59.881452 10.672675 4104 1309
1285736868 419708 59.881452 10.672675 91656 1019
1285736869 420829 59.881488 10.672741 86752 1121
1285736870 421839 59.881523 10.672807 138168 1010
1285736871 422858 59.881557 10.672891 108072 1019
1285736872 423868 59.881557 10.672891 94392 1010
1285736873 424888 59.881592 10.672957 86752 1020
1285736874 425889 59.881627 10.673022 157320 1001
1285736875 426909 59.881662 10.673088 131328 1020
1285736876 427949 59.881662 10.673088 103168 1040
1285736877 428950 59.881696 10.673172 113544 1001
1285736878 429968 59.881731 10.673238 67032 1018
1285736879 430999 59.881766 10.673303 42408 1031
1285736880 432008 59.881766 10.673303 31464 1009
1285736881 433028 59.881802 10.673369 30096 1020
1285736882 434050 59.881844 10.673439 25992 1022
1285736883 435118 59.881878 10.673522 20520 1068
1285736884 436138 59.881878 10.673522 19152 1020
1285736885 437228 59.881909 10.673588 13680 1090
1285736886 438298 59.881944 10.673654 17784 1070
1285736927 478598 59.881979 10.67372 12312 40300
1285736932 484413 59.881979 10.67372 14588 5815
1285736936 488289 59.882015 10.673785 1028 3876
1285736937 489298 59.882048 10.673869 113544 1008
1285736938 490308 59.882084 10.673935 150480 1010
1285736939 491378 59.882084 10.673935 145577 1070
1285736940 492388 59.882119 10.674001 179208 1010
1285736941 493398 59.882154 10.674066 135432 1010
1285736942 494408 59.882189 10.674132 163360 1010
1285736943 495425 59.882189 10.674132 196992 1017
1285736944 496428 59.882223 10.674216 167464 1003
1285736945 497438 59.882258 10.674282 210672 1010
1285736946 498508 59.882293 10.674348 175672 1070
1285736947 499518 59.882293 10.674348 196992 1010
1285736948 500519 59.882327 10.674431 176472 1001
1285736949 501528 59.882362 10.674497 152416 1009
1285736950 502538 59.882398 10.674563 142272 1010
1285736952 503563 59.882398 10.674563 135432 1025
1285736953 504568 59.882433 10.674629 115480 1005
1285736954 505578 59.882467 10.674712 117648 1010
1285736955 506587 59.882502 10.674778 131328 1009
1285736956 507590 59.882502 10.674778 127792 1003
1285736957 508608 59.882537 10.674844 117648 1018
1285736958 509618 59.882566 10.674927 116280 1010
1285736959 510627 59.882594 10.67499 137368 1009
1285736960 511638 59.882594 10.67499 177840 1011
1285736961 512649 59.882629 10.675056 191520 1011
1285736962 513650 59.882663 10.675139 140104 1001
1285736963 514657 59.882698 10.675205 154584 1007
1285736964 515658 59.882698 10.675205 155152 1001
1285736965 516659 59.882733 10.675271 187416 1001
1285736966 517668 59.882767 10.675354 172368 1009
1285736967 518677 59.882802 10.67542 111376 1009
1285736968 519687 59.882802 10.67542 147744 1010
1285736969 520698 59.882837 10.675486 147744 1011
1285736970 521708 59.882865 10.675549 141472 1010
1285736971 522717 59.882899 10.675632 201096 1009
1285736972 523737 59.882899 10.675632 88920 1020
1285736973 524757 59.882934 10.675698 66232 1020
1285736974 525767 59.882969 10.675764 90288 1010
1285736975 526768 59.883003 10.675847 139536 1001
1285736976 527777 59.883003 10.675847 126424 1009
1285736977 528787 59.883038 10.675913 164160 1010
1285736978 529808 59.883073 10.675979 154584 1021
1285736979 530817 59.883109 10.676045 142840 1009
1285736980 531828 59.883109 10.676045 134064 1011
1285736981 532837 59.883142 10.676128 87552 1009
1285736982 533847 59.883178 10.676194 91656 1010
1285736983 534848 59.883213 10.67626 99064 1001
1285736984 535857 59.883213 10.67626 155952 1009
1285736985 536867 59.883248 10.676326 158688 1010
1285736986 537877 59.883282 10.676409 148312 1010
1285736987 538887 59.883317 10.676475 231192 1010
1285736988 539898 59.883317 10.676475 177040 1011
1285736989 540907 59.883352 10.676541 199728 1009
1285736990 541917 59.883386 10.676625 152416 1010
1285736991 542937 59.883421 10.67669 143640 1020
1285736992 543947 59.883421 10.67669 134064 1010
1285736993 544948 59.883456 10.676756 90856 1001
1285736994 545957 59.883492 10.676822 94392 1009
1285736995 546990 59.883525 10.676906 58824 1033
1285736996 548017 59.883525 10.676906 47880 1027
1285736997 549057 59.883561 10.676971 61560 1040
1285737001 553267 59.883603 10.677041 16384 4210
1285737002 554277 59.883637 10.677124 130560 1009
1285737003 555287 59.883637 10.677124 45144 1010
1285737004 556307 59.883672 10.67719 47880 1020
1285737005 557327 59.883708 10.677256 69768 1020
1285737006 558357 59.883743 10.677322 50616 1030
1285737007 559387 59.883743 10.677322 43776 1030
1285737008 560407 59.883777 10.677405 47880 1020
1285737009 561467 59.883812 10.677471 46512 1060
1285737010 562476 59.883847 10.677537 37843 1009
1285737011 563516 59.883847 10.677537 14708 1040
1285737012 564517 59.883882 10.677603 30096 1001
1285737013 565537 59.883917 10.677669 46512 1020
1285737015 566567 59.883951 10.677752 54720 1030
1285737016 567607 59.883951 10.677752 53352 1040
1285737017 568637 59.883994 10.677821 54720 1030
1285737018 569652 59.884029 10.677887 54720 1015
1285737019 570666 59.884065 10.677953 51984 1014
1285737020 571688 59.884065 10.677953 43776 1022
1285737021 572708 59.8841 10.678019 22456 1020
1285737022 573737 59.884138 10.678102 46512 1029
1285737023 574746 59.884173 10.678168 53352 1009
1285737024 575756 59.884173 10.678168 54720 1010
1285737025 576766 59.884208 10.678234 51984 1010
1285737026 577776 59.884244 10.6783 53352 1010
1285737027 578786 59.884286 10.678369 52032 1010
1285737028 579796 59.884286 10.678369 39624 1010
1285737029 580806 59.88432 10.678453 31464 1010
1285737030 581826 59.884355 10.678519 22456 1020
1285737031 582836 59.884391 10.678584 32832 1010
1285737032 583897 59.884391 10.678584 28728 1061
1285737033 585009 59.884426 10.67865 17784 1112
1285737034 586036 59.884461 10.678716 13680 1027
1285737035 587087 59.884495 10.6788 15048 1051
1285737036 588137 59.884495 10.6788 13680 1050
1285737037 589154 59.88453 10.678866 10944 1017
1285737038 590166 59.884565 10.678931 12312 1012
1285737039 591246 59.8846 10.678997 19152 1080
1285737040 592296 59.8846 10.678997 23256 1050
1285737041 593306 59.884634 10.679081 19152 1010
1285737042 594316 59.884669 10.679147 16416 1010
1285737043 595346 59.884705 10.679213 8208 1030
1285737044 596366 59.884705 10.679213 9576 1020
1285737045 597436 59.88474 10.679278 27360 1070
1285737046 598496 59.884774 10.679362 21888 1060
1285737047 599536 59.884809 10.679428 27360 1040
1285737049 600547 59.884809 10.679428 19152 1011
1285737050 601586 59.884844 10.679494 17784 1039
1285737051 602606 59.884879 10.67956 30096 1020
1285737052 603627 59.884913 10.679643 23824 1021
1285737053 604656 59.884913 10.679643 34200 1029
1285737054 605676 59.884948 10.679709 31464 1020
1285737055 606716 59.884983 10.679775 28728 1040
1285737056 607746 59.885017 10.679858 24624 1030
1285737057 608767 59.885017 10.679858 27360 1021
1285737058 609776 59.885052 10.679924 41040 1009
1285737059 610796 59.885088 10.67999 42408 1020
1285737060 611816 59.885123 10.680056 39672 1020
1285737061 612846 59.885123 10.680056 38416 1030
1285737062 613856 59.885158 10.680122 40928 1010
1285737063 614876 59.885199 10.680208 36936 1020
1285737064 615916 59.885235 10.680274 21088 1040
1285737065 616996 59.885235 10.680274 30096 1080
1285737066 618036 59.88527 10.68034 10944 1040
1285737067 619096 59.885305 10.680406 13680 1060
1285737068 620106 59.88534 10.680472 24624 1010
1285737069 621166 59.88534 10.680472 28728 1060
1285737070 622196 59.88537 10.680555 28728 1030
1285737072 624316 59.885405 10.680621 12312 2120
1285737073 625336 59.88544 10.680687 8208 1020
1285737082 634057 59.88544 10.680687 16384 8721
1285737083 635366 59.885475 10.680753 12344 1308
1285737087 638776 59.88551 10.680819 1368 3410
1285737088 640246 59.885553 10.680888 82080 1470
1285737089 641296 59.885553 10.680888 32832 1050
1285737090 642309 59.885587 10.680972 23256 1013
1285737091 643346 59.885622 10.681038 24624 1037
1285737092 644396 59.885657 10.681103 20520 1050
1285737093 645397 59.885657 10.681103 16416 1001
1285737094 646516 59.885693 10.681169 14248 1119
1285737095 647526 59.885723 10.681235 68400 1010
1285737096 648536 59.885759 10.681301 68400 1010
1285737098 649546 59.885759 10.681301 99864 1010
1285737099 650556 59.885794 10.681367 113544 1010
1285737100 651557 59.885828 10.68145 77176 1001
1285737101 652566 59.885863 10.681516 112176 1009
1285737102 653568 59.885863 10.681516 136800 1002
1285737103 654586 59.885898 10.681582 109440 1018
1285737104 655596 59.885941 10.681651 90856 1010
1285737105 656606 59.885976 10.681717 191520 1010
1285737106 657616 59.885976 10.681717 186616 1010
1285737107 658626 59.886011 10.681783 180576 1010
1285737108 659627 59.886046 10.681849 181944 1001
1285737109 660646 59.886077 10.681915 161992 1019
1285737110 661648 59.886077 10.681915 164160 1002
1285737111 662656 59.886111 10.681998 137368 1008
1285737112 663667 59.886146 10.682064 124488 1011
1285737113 664669 59.886181 10.68213 158688 1002
1285737114 665675 59.886181 10.68213 181144 1006
1285737115 666676 59.886217 10.682196 222984 1001
1285737116 667686 59.886252 10.682262 181144 1010
1285737117 668695 59.886287 10.682328 203832 1009
1285737118 669696 59.886287 10.682328 163360 1001
1285737119 670708 59.886322 10.682394 176472 1012
1285737120 671716 59.886365 10.682463 187416 1008
1285737121 672725 59.8864 10.682529 127792 1009
1285737122 673747 59.8864 10.682529 113544 1022
1285737123 674765 59.886431 10.682595 46512 1018
1285737124 675786 59.886466 10.682661 34200 1021
1285737125 676816 59.886501 10.682727 67032 1030
1285737126 677845 59.886501 10.682727 41608 1029
1285737127 678865 59.886537 10.682792 60192 1020
1285737128 679885 59.886572 10.682858 46512 1020
1285737129 680895 59.886607 10.682924 34200 1010
1285737130 681925 59.886607 10.682924 50616 1030
1285737131 682945 59.886644 10.682973 73872 1020
1285737132 683955 59.886679 10.683038 84848 1010
1285737133 684975 59.886722 10.683108 89456 1020
1285737134 685997 59.886722 10.683108 116280 1022
1285737135 687006 59.886757 10.683174 120384 1009
1285737136 688015 59.886798 10.683222 121752 1009
1285737137 689025 59.886833 10.683288 85384 1010
1285737138 690035 59.886833 10.683288 91656 1010
1285737139 691036 59.886868 10.683354 87552 1001
1285737140 692055 59.886913 10.683405 68400 1019
1285737152 703683 59.886948 10.683471 41040 11628
1285737153 704731 59.886948 10.683471 41608 1048
1285737154 705732 59.886985 10.68352 30096 1001
1285737155 706742 59.887027 10.683589 147744 1010
1285737156 707752 59.887064 10.683637 138168 1010
1285737157 708772 59.887064 10.683637 103168 1020
1285737158 710076 59.887104 10.683703 16384 1304
1285737159 711082 59.887139 10.683769 257216 1006
1285737160 712091 59.887183 10.683821 93024 1009
1285737161 713102 59.887183 10.683821 74440 1011
1285737162 714112 59.887218 10.683887 145008 1010
1285737163 715121 59.887255 10.683935 171000 1009
1285737164 716122 59.887298 10.684004 115481 1001
1285737165 717131 59.887298 10.684004 135432 1009
1285737166 718444 59.887339 10.684052 134064 1313
1285737167 719472 59.887374 10.684118 172936 1028
1285737168 720482 59.887411 10.684167 172368 1010
1285737170 721562 59.887411 10.684167 141472 1080
1285737171 722572 59.887454 10.684236 164160 1010
1285737172 723582 59.88749 10.684284 146376 1010
1285737173 724602 59.887526 10.68435 168832 1020
1285737174 725611 59.887526 10.68435 221616 1009
1285737175 726621 59.88757 10.684402 187984 1010
1285737176 727622 59.88761 10.684468 236664 1001
1285737177 728631 59.887646 10.684516 197560 1009
1285737178 729632 59.887646 10.684516 188784 1001
1285737179 730641 59.887689 10.684585 151048 1009
1285737180 731642 59.887726 10.684634 253080 1001
1285737181 732651 59.887761 10.684699 237232 1009
1285737182 733674 59.887761 10.684699 251712 1023
1285737183 734681 59.887805 10.684751 212608 1007
1285737184 735751 59.887842 10.684799 249544 1070
1285737185 736752 59.887882 10.684865 270864 1001
1285737186 737761 59.887882 10.684865 261856 1009
1285737187 738762 59.887918 10.684914 228456 1001
1285737188 739782 59.887961 10.684983 237232 1020
1285737189 740791 59.887998 10.685031 253648 1009
1285737190 741792 59.887998 10.685031 257184 1001
1285737191 742802 59.888033 10.685097 161992 1010
1285737192 743811 59.888077 10.685149 114912 1009
1285737193 744821 59.888112 10.685215 209304 1010
1285737194 745831 59.888112 10.685215 178408 1010
1285737195 746841 59.888152 10.685281 124488 1010
1285737196 747871 59.888189 10.685329 113544 1030
1285737197 748901 59.888232 10.685398 45712 1030
1285737198 749912 59.888232 10.685398 177840 1011
1285737199 750951 59.888268 10.685447 231760 1039
1285737200 751961 59.888303 10.685512 276336 1010
1285737201 752962 59.888352 10.685564 216712 1001
1285737202 753971 59.888352 10.685564 248976 1009
1285737203 754972 59.888387 10.68563 238600 1001
1285737204 755981 59.888424 10.685678 242136 1009
1285737205 756982 59.888459 10.685744 213976 1001
1285737206 757991 59.888459 10.685744 215344 1009
1285737207 758992 59.888504 10.685796 232560 1001
1285737208 760001 59.888539 10.685862 220816 1009
1285737209 761011 59.888575 10.68591 284544 1010
1285737210 762021 59.888575 10.68591 263224 1010
1285737211 763022 59.888615 10.685976 259120 1001
1285737212 764031 59.88865 10.686042 268128 1009
1285737213 765041 59.888695 10.686094 252280 1010
1285737214 766071 59.888695 10.686094 253648 1030
1285737215 767082 59.88873 10.68616 279072 1011
1285737216 768091 59.888766 10.686208 215344 1009
1285737217 769101 59.888802 10.686274 255816 1010
1285737218 770111 59.888802 10.686274 197560 1010
1285737219 771112 59.888846 10.686325 199728 1001
1285737220 772131 59.888883 10.686374 151048 1019
1285737221 773142 59.888918 10.68644 143640 1011
1285737222 774151 59.888918 10.68644 143640 1009
1285737223 775161 59.888962 10.686491 118216 1010
1285737224 776181 59.888997 10.686557 135432 1020
1285737225 777191 59.889034 10.686606 143640 1010
1285737226 778231 59.889034 10.686606 148312 1040
1285737227 779241 59.889078 10.686657 117648 1010
1285737228 780242 59.889113 10.686723 119016 1001
1285737229 781251 59.889158 10.686775 93592 1009
1285737230 782261 59.889158 10.686775 103968 1010
1285737231 783271 59.88919 10.686823 129960 1010
1285737232 784381 59.889225 10.686889 171568 1110
1285737233 785382 59.889269 10.686941 202464 1001
1285737234 786501 59.889269 10.686941 207136 1119
1285737235 787511 59.889306 10.686989 246240 1010
1285737236 788521 59.88935 10.687041 233128 1010
1285737238 789542 59.889385 10.687107 139536 1021
1285737239 790551 59.889385 10.687107 146376 1009
1285737240 791560 59.889422 10.687155 174304 1009
1285737241 792561 59.889466 10.687207 235296 1001
1285737242 793571 59.889507 10.687255 129160 1010
1285737243 794580 59.889507 10.687255 103968 1009
1285737244 795581 59.88955 10.687324 123120 1001
1285737245 796591 59.889587 10.687373 123688 1010
1285737246 797601 59.889631 10.687424 147744 1010
1285737247 798611 59.889631 10.687424 171000 1010
1285737248 799621 59.889668 10.687473 151048 1010
1285737249 800631 59.889712 10.687524 166896 1010
1285737250 801640 59.889749 10.687573 149112 1009
1285737251 802661 59.889749 10.687573 75808 1021
1285737252 803670 59.889796 10.687642 53352 1009
1285737253 804702 59.889833 10.68769 47880 1032
1285737254 805720 59.889877 10.687742 68400 1018
1285737255 806721 59.889877 10.687742 132696 1001
1285737256 807780 59.889914 10.68779 52552 1059
1285737257 808790 59.889957 10.687859 127224 1010
1285737258 809800 59.889993 10.687908 161272 1010
1285737259 810844 59.889993 10.687908 117000 1044
1285737260 811861 59.890037 10.68796 106704 1017
1285737261 812881 59.890073 10.688025 106704 1020
1285737262 813891 59.890109 10.688074 82080 1010
1285737263 814926 59.890109 10.688074 106704 1035
1285737264 815930 59.890154 10.688125 51184 1004
1285737265 816950 59.890195 10.688174 93024 1020
1285737266 817980 59.89023 10.68824 80712 1030
1285737267 818990 59.89023 10.68824 64296 1010
1285737268 820020 59.890274 10.688291 65664 1030
1285737269 821030 59.890311 10.68834 68968 1010
1285737270 822040 59.890354 10.688409 91656 1010
1285737271 823060 59.890354 10.688409 73872 1020
1285737272 824070 59.89039 10.688457 62928 1010
1285737273 825100 59.890427 10.688506 46512 1030
1285737274 826110 59.890476 10.688557 28728 1010
1285737275 827125 59.890476 10.688557 58824 1015
1285737276 828130 59.890511 10.688623 79912 1005
1285737277 829150 59.890548 10.688672 82080 1020
1285737278 830210 59.890592 10.688723 43792 1060
1285737279 831220 59.890592 10.688723 36936 1010
1285737280 832230 59.890628 10.688772 19152 1010
1285737281 833300 59.890668 10.688838 16416 1070
1285737284 835710 59.890712 10.688889 5472 2410
1285737291 843027 59.890712 10.688889 10944 7317
1285737303 854708 59.890749 10.688938 1368 11680
1285737304 855768 59.890786 10.688986 155136 1060
1285737305 856769 59.890825 10.689052 270864 1001
1285737306 857778 59.890825 10.689052 256384 1009
1285737307 858848 59.89087 10.689103 291952 1070
1285737308 859968 59.890906 10.689152 288648 1120
1285737309 860978 59.890942 10.689218 94392 1010
1285737310 861988 59.890942 10.689218 131896 1010
1285737311 863048 59.890986 10.689269 77976 1060
1285737312 864058 59.891026 10.689335 248176 1010
1285737313 865068 59.891062 10.689384 269496 1010
1285737314 866069 59.891062 10.689384 239968 1001
1285737315 867189 59.891099 10.689432 287848 1120
1285737316 868208 59.891142 10.689501 321480 1019
1285737317 869210 59.891178 10.68955 309736 1002
1285737318 870218 59.891178 10.68955 311104 1008
1285737319 871219 59.891214 10.689616 294688 1001
1285737320 872220 59.891249 10.689681 302328 1001
1285737321 873228 59.891293 10.689733 313840 1008
1285737322 874229 59.891293 10.689733 334360 1001
1285737323 875238 59.891328 10.689799 309736 1009
1285737324 876248 59.891365 10.689847 309168 1010
1285737325 877258 59.8914 10.689913 315208 1010
1285737326 878260 59.8914 10.689913 229024 1002
1285737327 879328 59.891443 10.689983 334360 1068
1285737328 880338 59.891478 10.690048 342000 1010
1285737329 881339 59.891513 10.690114 319312 1001
1285737330 882348 59.891513 10.690114 294688 1009
1285737331 883438 59.891549 10.69018 272799 1090
1285737332 884439 59.891584 10.690246 305064 1001
1285737333 885448 59.891619 10.690312 261856 1009
1285737334 886449 59.891619 10.690312 263224 1001
1285737335 887450 59.891654 10.690378 318744 1001
1285737336 888458 59.891689 10.690444 327520 1008
1285737337 889459 59.891725 10.69051 331624 1001
1285737338 890519 59.891725 10.69051 257720 1060
1285737339 891528 59.89176 10.690576 337928 1009
1285737340 892538 59.891795 10.690642 261856 1010
1285737342 893573 59.891829 10.690725 300160 1035
1285737343 894578 59.891829 10.690725 349408 1005
1285737344 895579 59.891859 10.690791 365256 1001
1285737345 896589 59.891893 10.690874 278272 1010
1285737346 897609 59.891928 10.69094 323416 1020
1285737347 898610 59.891928 10.69094 283744 1001
1285737348 899618 59.89195 10.691021 337896 1008
1285737349 900629 59.891985 10.691086 316576 1011
1285737350 901640 59.892019 10.69117 334360 1011
1285737351 902648 59.892019 10.69117 313840 1008
1285737352 903658 59.892041 10.69125 309736 1010
1285737353 904667 59.892074 10.691334 303696 1009
1285737354 905670 59.892104 10.691417 235864 1003
1285737355 906678 59.892104 10.691417 263224 1008
1285737356 907689 59.89213 10.691497 253080 1011
1285737357 908698 59.892159 10.691581 194824 1009
1285737358 909708 59.892185 10.691661 326952 1010
1285737359 910717 59.892185 10.691661 289216 1009
1285737360 911718 59.892207 10.691741 289216 1001
1285737361 912719 59.892241 10.691824 283744 1001
1285737362 913737 59.892262 10.691905 298224 1018
1285737363 914748 59.892262 10.691905 140104 1011
1285737364 915761 59.892284 10.691985 207936 1013
1285737365 916767 59.892305 10.692065 274168 1006
1285737366 917777 59.89233 10.692163 217512 1010
1285737367 918778 59.89233 10.692163 177040 1001
1285737368 919802 59.892352 10.692243 216144 1024
1285737369 920807 59.892373 10.692323 123688 1005
1285737370 921827 59.892394 10.692421 102600 1020
1285737371 922828 59.892394 10.692421 168264 1001
1285737372 923829 59.892415 10.692501 205768 1001
1285737373 924837 59.89244 10.692598 285912 1008
1285737374 925847 59.892462 10.692679 289216 1010
1285737375 926848 59.892462 10.692679 213976 1001
1285737376 927849 59.892483 10.692759 265392 1001
1285737377 928857 59.892511 10.69286 234496 1008
1285737378 929888 59.892533 10.69294 250912 1031
1285737379 930889 59.892533 10.69294 292752 1001
1285737380 931897 59.892559 10.69302 161992 1008
1285737381 932907 59.892579 10.693118 121752 1010
1285737382 933910 59.892601 10.693198 203832 1003
1285737383 934917 59.892601 10.693198 168832 1007
1285737384 935927 59.892621 10.693296 120384 1010
1285737385 936937 59.892642 10.693376 106704 1010
1285737386 937938 59.892669 10.693456 197560 1001
1285737387 938947 59.892669 10.693456 198360 1009
1285737388 939957 59.892689 10.693554 146944 1010
1285737389 940977 59.89271 10.693634 218880 1020
1285737390 941978 59.892732 10.693714 230392 1001
1285737391 942997 59.892732 10.693714 297424 1019
1285737392 943998 59.892757 10.693812 346104 1001
1285737393 944999 59.892778 10.693892 320680 1001
1285737394 946007 59.8928 10.693972 335728 1008
1285737395 947017 59.8928 10.693972 276904 1010
1285737396 948047 59.892832 10.694073 109440 1030
1285737397 949137 59.892854 10.694153 58824 1090
1285737398 950359 59.892875 10.694233 51984 1222
1285737399 951367 59.892875 10.694233 301528 1008
1285737400 952368 59.892902 10.694314 263224 1001
1285737401 953377 59.892922 10.694411 216144 1009
1285737402 954390 59.892951 10.694495 197561 1013
1285737403 955397 59.892951 10.694495 235296 1007
1285737404 956398 59.892977 10.694575 218080 1001
1285737405 957407 59.892999 10.694655 288648 1009
1285737406 958417 59.89302 10.694735 265960 1010
1285737407 959419 59.89302 10.694735 265957 1002
1285737408 960427 59.893053 10.694836 231192 1008
1285737409 961437 59.893074 10.694916 196195 1010
1285737410 962438 59.893101 10.694996 147744 1001
1285737411 963447 59.893101 10.694996 149112 1009
1285737412 964517 59.893122 10.695077 78544 1070
1285737413 965527 59.89315 10.695178 120384 1010
1285737414 966537 59.893176 10.695258 117648 1010
1285737416 967560 59.893176 10.695258 91656 1023
1285737417 968566 59.893198 10.695338 82648 1006
1285737418 969597 59.893219 10.695418 106704 1031
1285737419 970627 59.893252 10.695519 94392 1030
1285737420 971636 59.893252 10.695519 124488 1009
1285737421 972677 59.893273 10.695599 64864 1041
1285737422 973696 59.893299 10.695679 177840 1019
1285737424 975807 59.893321 10.69576 65664 2111
1285737425 976808 59.893321 10.69576 145576 1001
1285737426 977817 59.893343 10.69584 171000 1009
1285737427 978837 59.893375 10.695941 210672 1020
1285737428 979847 59.893397 10.696021 103168 1010
1285737429 980956 59.893397 10.696021 105336 1109
1285737430 981967 59.893418 10.696101 135432 1011
1285737431 982968 59.893452 10.696185 170200 1001
1285737432 983977 59.893474 10.696265 190152 1009
1285737433 984999 59.893474 10.696265 80712 1022
1285737434 986276 59.893498 10.696363 40240 1277
1285737435 987290 59.89352 10.696443 67032 1014
1285737436 988298 59.893549 10.696526 121752 1008
1285737437 989320 59.893549 10.696526 116280 1022
1285737438 990327 59.893575 10.696606 108640 1007
1285737439 991336 59.893597 10.696686 95760 1009
1285737440 992347 59.893631 10.69677 84816 1011
1285737441 993356 59.893631 10.69677 99864 1009
1285737442 994366 59.893651 10.696868 138736 1010
1285737443 995367 59.893677 10.696948 177840 1001
1285737444 996387 59.893706 10.697031 83448 1020
1285737445 997388 59.893706 10.697031 103968 1001
1285737446 998407 59.893732 10.697111 97693 1019
1285737447 999416 59.893754 10.697192 140904 1009
1285737448 1000417 59.893788 10.697275 175104 1001
1285737449 1001426 59.893788 10.697275 215347 1009
1285737450 1002427 59.893814 10.697355 249544 1001
1285737451 1003436 59.893843 10.697439 250344 1009
1285737452 1004437 59.893869 10.697519 227656 1001
1285737453 1005438 59.893869 10.697519 276336 1001
1285737454 1006446 59.893899 10.697602 248176 1008
1285737456 1007694 59.893925 10.697683 213941 1248
1285737457 1008696 59.893951 10.697763 305096 1002
1285737458 1009697 59.893951 10.697763 250915 1001
1285737459 1010716 59.89398 10.697846 253647 1019
1285737460 1011717 59.894006 10.697926 291384 1001
1285737461 1012736 59.89404 10.69801 294688 1019
1285737462 1013737 59.89404 10.69801 263224 1001
1285737463 1014746 59.894062 10.69809 299592 1009
1285737464 1015747 59.894095 10.698173 227656 1001
1285737465 1016756 59.894117 10.698254 256384 1009
1285737466 1017757 59.894117 10.698254 276336 1001
1285737467 1018766 59.894151 10.698337 211240 1009
1285737468 1019776 59.894177 10.698417 287280 1010
1285737469 1020777 59.894206 10.698501 261856 1001
1285737470 1021786 59.894206 10.698501 241336 1009
1285737471 1022787 59.894232 10.698581 296856 1001
1285737472 1023796 59.894254 10.698661 252280 1009
1285737473 1024806 59.894288 10.698745 260488 1010
1285737474 1025807 59.894288 10.698745 329688 1001
1285737475 1026808 59.894314 10.698825 312472 1001
1285737476 1027816 59.894343 10.698908 287848 1008
1285737477 1028817 59.894369 10.698988 305632 1001
1285737478 1029826 59.894369 10.698988 292752 1009
1285737479 1030827 59.894398 10.699072 249544 1001
1285737480 1031878 59.894425 10.699152 229024 1051
1285737481 1032886 59.894454 10.699235 165528 1008
1285737482 1033906 59.894454 10.699235 190152 1020
1285737483 1034907 59.89448 10.699316 216712 1001
1285737484 1035916 59.894502 10.699396 220248 1009
1285737485 1036917 59.894535 10.699479 238600 1001
1285737486 1037926 59.894535 10.699479 230392 1009
1285737487 1038927 59.894557 10.699559 225720 1001
1285737488 1039936 59.894591 10.699643 291952 1009
1285737489 1041046 59.894612 10.699723 268677 1110
1285737490 1042065 59.894612 10.699723 314640 1019
1285737491 1043067 59.894638 10.699803 170219 1002
1285737492 1044078 59.894668 10.699887 239400 1011
1285737493 1045096 59.894694 10.699967 290584 1018
1285737494 1046097 59.894694 10.699967 367192 1001
1285737495 1047106 59.894715 10.700047 293320 1009
1285737496 1048107 59.894749 10.700131 217512 1001
1285737497 1049126 59.894771 10.700211 178408 1019
1285737498 1050136 59.894771 10.700211 224352 1010
1285737499 1051137 59.894797 10.700291 283744 1001
1285737500 1052146 59.894819 10.700371 327520 1009
1285737501 1053155 59.894843 10.700469 274968 1009
1285737502 1054156 59.894843 10.700469 211240 1001
1285737503 1055175 59.894865 10.700549 169632 1019
1285737504 1056196 59.894891 10.700629 123688 1021
1285737505 1057197 59.894913 10.700709 147744 1001
1285737506 1058286 59.894913 10.700709 31464 1089
1285737508 1059577 59.894939 10.700789 4104 1170
1285737509 1060586 59.89496 10.70087 294688 1009
1285737510 1061596 59.894987 10.70095 262656 1010
1285737511 1062598 59.894987 10.70095 257752 1002
1285737512 1063896 59.895014 10.701051 231760 1298
1285737513 1064906 59.89504 10.701131 274968 1010
1285737514 1065926 59.895062 10.701211 245440 1020
1285737515 1066956 59.895062 10.701211 300160 1030
1285737516 1067966 59.895088 10.701291 336528 1010
1285737517 1068968 59.895122 10.701375 267328 1002
1285737518 1069976 59.895144 10.701455 315208 1008
1285737519 1070986 59.895144 10.701455 375400 1010
1285737520 1071987 59.89517 10.701535 424648 1001
1285737521 1072996 59.895199 10.701619 361720 1009
1285737522 1073997 59.895225 10.701699 336528 1001
1285737523 1075006 59.895225 10.701699 298792 1009
1285737524 1076016 59.895254 10.701782 272800 1010
1285737525 1077026 59.895281 10.701862 284084 1010
1285737526 1078027 59.89531 10.701946 319772 1001
1285737527 1079035 59.89531 10.701946 319313 1008
1285737528 1080036 59.895336 10.702026 260488 1001
1285737529 1081045 59.89537 10.70211 262656 1009
1285737530 1082046 59.895391 10.70219 279640 1001
1285737531 1083055 59.895391 10.70219 263224 1009
1285737532 1084056 59.895417 10.70227 337896 1001
1285737533 1085186 59.895447 10.702353 415640 1130
1285737534 1086187 59.89548 10.702437 423280 1001
1285737535 1087195 59.89548 10.702437 329688 1008
1285737536 1088196 59.895503 10.702499 319312 1001
1285737537 1089197 59.895537 10.702583 453376 1001
1285737538 1090206 59.895559 10.702663 371296 1009
1285737539 1091207 59.895559 10.702663 473896 1001
1285737540 1092225 59.895593 10.702747 496352 1018
1285737541 1093226 59.895619 10.702827 575128 1001
1285737542 1094235 59.895648 10.70291 456112 1009
1285737543 1095236 59.895648 10.70291 291952 1001
1285737544 1096246 59.895674 10.70299 423280 1010
1285737545 1097247 59.895696 10.703071 543664 1001
1285737546 1098248 59.895729 10.703154 547768 1001
1285737547 1099255 59.895729 10.703154 302896 1007
1285737548 1100257 59.895751 10.703234 397279 1002
1285737549 1101258 59.895785 10.703318 446545 1001
1285737550 1102265 59.895806 10.703398 537392 1007
1285737551 1103276 59.895806 10.703398 510832 1011
1285737552 1104285 59.895833 10.703478 494416 1009
1285737553 1105286 59.895859 10.703558 408232 1001
1285737554 1106376 59.895888 10.703642 619472 1090
1285737555 1107377 59.895888 10.703642 529984 1001
1285737556 1108378 59.895914 10.703722 606592 1001
1285737557 1109379 59.895936 10.703802 548336 1001
1285737558 1110380 59.895968 10.703903 502624 1001
1285737559 1111385 59.895968 10.703903 380872 1005
1285737560 1112435 59.89599 10.703983 297424 1050
1285737561 1113445 59.896016 10.704063 369360 1010
1285737568 1119660 59.896037 10.704144 16384 6215
1285737571 1122610 59.896037 10.704144 23856 2949
1285737572 1123611 59.896071 10.704227 311904 1001
1285737573 1124612 59.896093 10.704307 436960 1001
1285737574 1125631 59.896119 10.704387 479936 1018
1285737575 1126632 59.896119 10.704387 539560 1001
1285737576 1127633 59.896153 10.704471 646264 1001
1285737577 1128641 59.896174 10.704551 596215 1008
1285737578 1129642 59.8962 10.704631 551872 1001
1285737579 1130643 59.8962 10.704631 551072 1001
1285737580 1131644 59.89623 10.704715 590176 1001
1285737581 1132731 59.896256 10.704795 622208 1087
1285737582 1133741 59.896277 10.704875 566920 1010
1285737583 1134742 59.896277 10.704875 586072 1001
1285737584 1135801 59.896311 10.704959 485408 1059
1285737585 1136812 59.896333 10.705039 560080 1011
1285737586 1137813 59.896367 10.705122 643528 1001
1285737587 1138821 59.896367 10.705122 470360 1008
1285737588 1139826 59.896388 10.705202 528616 1005
1285737589 1140831 59.896422 10.705286 534088 1005
1285737590 1141833 59.896444 10.705366 541496 1002
1285737591 1142834 59.896444 10.705366 643528 1001
1285737592 1143835 59.89647 10.705446 611264 1001
1285737593 1144841 59.896503 10.70553 657208 1006
1285737594 1145842 59.896533 10.705613 626312 1001
1285737595 1146843 59.896533 10.705613 725608 1001
1285737596 1147844 59.896559 10.705693 615368 1001
1285737597 1148845 59.896588 10.705777 618904 1001
1285737598 1149871 59.896614 10.705857 415640 1026
1285737599 1150873 59.896614 10.705857 599752 1002
1285737600 1151952 59.896643 10.705941 630416 1079
1285737601 1152953 59.89667 10.706021 629848 1001
1285737602 1153954 59.896699 10.706104 638624 1001
1285737603 1154961 59.896699 10.706104 542296 1007
1285737604 1155962 59.896733 10.706188 389080 1001
1285737605 1156963 59.896759 10.706268 629848 1001
1285737606 1157964 59.896789 10.706334 631785 1001
1285737607 1158980 59.896789 10.706334 631784 1016
1285737608 1159982 59.896816 10.706414 478000 1002
1285737609 1160991 59.896845 10.706498 598384 1009
1285737610 1162010 59.896879 10.706581 563384 1019
1285737611 1163021 59.896879 10.706581 586072 1011
1285737612 1164022 59.8969 10.706661 609328 1001
1285737613 1165023 59.896934 10.706745 582536 1001
1285737614 1166024 59.89696 10.706825 646264 1001
1285737615 1167031 59.89696 10.706825 475832 1007
1285737616 1168032 59.896989 10.706908 633952 1001
1285737617 1169041 59.897015 10.706989 607160 1009
1285737618 1170042 59.897045 10.707072 536824 1001
1285737619 1171090 59.897045 10.707072 646832 1048
1285737620 1172091 59.897078 10.707156 665416 1001
1285737621 1173092 59.8971 10.707236 517671 1001
1285737622 1174093 59.897135 10.707302 492248 1001
1285737623 1175094 59.897135 10.707302 657208 1001
1285737624 1176100 59.897161 10.707382 563384 1006
1285737625 1177101 59.897191 10.707465 620272 1001
1285737626 1178102 59.897217 10.707546 589376 1001
1285737627 1179111 59.897217 10.707546 549136 1009
1285737628 1180112 59.897246 10.707629 469792 1001
1285737629 1181119 59.89728 10.707713 460216 1007
1285737630 1182131 59.897301 10.707793 535456 1012
1285737631 1183318 59.897301 10.707793 431028 1187
1285737632 1184320 59.897335 10.707876 444828 1002
1285737633 1185321 59.897361 10.707956 614800 1001
1285737634 1186337 59.89739 10.70804 467056 1016
1285737635 1187340 59.89739 10.70804 369928 1003
1285737636 1188341 59.897426 10.708106 438328 1001
1285737637 1189360 59.897447 10.708186 548336 1019
1285737638 1190361 59.897481 10.708269 664048 1001
1285737639 1191371 59.897481 10.708269 607160 1010
1285737640 1192380 59.897515 10.708353 661312 1009
1285737641 1193390 59.897536 10.708433 544232 1010
1285737642 1194391 59.897572 10.708499 398656 1001
1285737643 1195398 59.897572 10.708499 412336 1007
1285737644 1196400 59.897605 10.708583 680464 1002
1285737645 1197500 59.897627 10.708663 522344 1100
1285737646 1198501 59.897661 10.708746 479368 1001
1285737647 1199502 59.897661 10.708746 683200 1001
1285737648 1200503 59.897694 10.70883 648200 1001
1285737649 1201509 59.897718 10.708892 642160 1006
