1285228899 115956 59.87159 10.657651 212040 1009
1285228900 116957 59.871608 10.657675 211240 1001
1285228901 117958 59.871608 10.657675 370728 1001
1285228902 118967 59.871628 10.657682 335728 1009
1285228903 119968 59.871628 10.657682 320680 1001
1285228904 120976 59.87166 10.657692 345304 1008
1285228905 121986 59.87166 10.657692 327520 1010
1285228906 122987 59.871678 10.657716 335728 1001
1285228907 123997 59.871678 10.657716 369360 1010
1285228908 124998 59.871698 10.657723 352144 1001
1285228909 126007 59.871698 10.657723 316576 1009
1285228910 127026 59.871725 10.657733 241336 1019
1285228911 128027 59.871725 10.657733 242136 1001
1285228912 129036 59.871748 10.657757 238600 1009
1285228913 130066 59.871775 10.657767 286480 1030
1285228914 131067 59.871775 10.657767 280440 1001
1285228915 132076 59.871795 10.657773 301528 1009
1285228916 133077 59.871826 10.657801 296056 1001
1285228917 134087 59.871845 10.657807 272232 1010
1285228918 135097 59.871845 10.657807 237232 1010
1285228919 136106 59.871871 10.657835 276904 1009
1285228920 137107 59.871896 10.657841 332424 1001
1285228921 138116 59.871921 10.657869 289216 1009
1285228922 139117 59.871921 10.657869 239968 1001
1285228923 140126 59.871953 10.657879 279072 1009
1285228924 141136 59.871972 10.657903 224920 1010
1285228925 142146 59.872004 10.657913 186048 1010
1285228926 143147 59.872004 10.657913 209872 1001
1285228927 144157 59.87203 10.65794 323416 1010
1285228928 145158 59.872061 10.65795 356248 1001
1285228929 146176 59.872087 10.657978 374832 1018
1285228930 147178 59.872087 10.657978 331621 1002
1285228931 148196 59.872113 10.658005 319315 1018
1285228932 149217 59.872136 10.658029 317944 1021
1285228933 150226 59.872168 10.658039 301528 1009
1285228934 151227 59.872168 10.658039 358416 1001
1285228935 152236 59.872194 10.658067 346672 1009
1285228936 153246 59.872225 10.658094 326152 1010
1285228937 154247 59.87225 10.658121 342568 1001
1285228938 155256 59.87225 10.658121 328888 1009
1285228939 156306 59.872289 10.658152 328888 1050
1285228940 157307 59.872315 10.65818 354312 1001
1285228941 158308 59.872345 10.658207 268696 1001
1285228942 159316 59.872345 10.658207 268696 1008
1285228943 160317 59.872371 10.658235 318744 1001
1285228944 161318 59.872401 10.658262 319312 1001
1285228945 162326 59.872432 10.658289 327520 1008
1285228946 163327 59.872432 10.658289 319312 1001
1285228947 164336 59.872465 10.65832 289216 1009
1285228948 165346 59.872494 10.658365 322848 1010
1285228949 166356 59.872525 10.658393 300160 1010
1285228950 167357 59.872525 10.658393 316576 1001
1285228951 168376 59.872559 10.658423 281008 1019
1285228952 169386 59.872589 10.658451 316008 1010
1285228953 170387 59.872619 10.658478 296056 1001
1285228954 171396 59.872619 10.658478 256384 1009
1285228955 172397 59.872656 10.658527 285912 1001
1285228956 173406 59.872682 10.658554 260488 1009
1285228957 174407 59.87272 10.658585 276904 1001
1285228958 175416 59.87272 10.658585 309168 1009
1285228959 176417 59.872749 10.65863 278272 1001
1285228960 177418 59.872787 10.658661 278272 1001
1285228961 178426 59.872825 10.658691 311104 1008
1285228962 179436 59.872825 10.658691 300960 1010
1285228963 180437 59.872856 10.658719 242704 1001
1285228964 181446 59.872892 10.658767 250344 1009
1285228965 182447 59.872926 10.658798 230392 1001
1285228966 183455 59.872926 10.658798 255016 1008
1285228967 184456 59.872955 10.658843 299592 1001
1285228968 185466 59.872993 10.658874 287848 1010
1285228969 186467 59.873031 10.658904 302896 1001
1285228970 187476 59.873031 10.658904 309736 1009
1285228971 188477 59.873068 10.658953 325584 1001
1285228972 189486 59.873098 10.65898 293320 1009
1285228973 190487 59.873135 10.659028 307000 1001
1285228974 191496 59.873135 10.659028 357616 1009
1285228975 192506 59.873173 10.659059 368560 1010
1285228977 193556 59.87321 10.659107 374032 1050
1285228978 194606 59.873248 10.659138 409600 1050
1285228979 195676 59.873248 10.659138 408232 1070
1285228980 196686 59.873285 10.659186 403560 1010
1285228981 197687 59.873323 10.659217 334361 1001
1285228982 198696 59.873364 10.659265 339832 1009
1285228983 199708 59.873364 10.659265 312472 1012
1285228984 200775 59.873402 10.659296 249544 1067
1285228985 201776 59.873439 10.659345 346104 1001
1285228986 202777 59.873477 10.659375 341200 1001
1285228987 203795 59.873477 10.659375 334360 1018
1285228988 204796 59.873513 10.659424 349408 1001
1285228989 205806 59.873551 10.659454 357616 1010
1285228990 206816 59.873588 10.659503 367192 1010
1285228991 207896 59.873588 10.659503 361720 1080
1285228992 208897 59.873638 10.659537 351576 1001
1285228993 209905 59.873675 10.659585 316576 1008
1285228994 210906 59.873712 10.659633 322048 1001
1285228995 211907 59.873712 10.659633 315208 1001
1285228996 212996 59.87375 10.659664 332992 1089
1285228997 213997 59.873786 10.659712 306432 1001
1285228998 215005 59.873832 10.659746 282376 1008
1285228999 216006 59.873832 10.659746 293320 1001
1285229000 217015 59.873873 10.659795 339264 1009
1285229001 218016 59.87391 10.659843 326152 1001
1285229002 219025 59.873947 10.659891 350776 1009
1285229003 220026 59.873947 10.659891 349408 1001
1285229004 221027 59.873991 10.659943 350776 1001
1285229005 222035 59.874029 10.659974 291952 1008
1285229006 223037 59.874066 10.660022 347472 1002
1285229007 224045 59.874066 10.660022 313839 1008
1285229008 225046 59.874102 10.66007 305632 1001
1285229009 226055 59.874151 10.660122 239968 1009
1285229010 227056 59.874188 10.66017 305064 1001
1285229011 228065 59.874188 10.66017 264592 1009
1285229012 229075 59.874224 10.660218 289216 1010
1285229013 230076 59.874261 10.660267 318744 1001
1285229014 231095 59.874305 10.660318 298792 1019
1285229015 232105 59.874305 10.660318 297424 1010
1285229016 233115 59.874342 10.660367 287848 1010
1285229017 234116 59.874379 10.660415 306432 1001
1285229018 235125 59.874423 10.660467 272800 1009
1285229019 236135 59.874423 10.660467 305632 1010
1285229020 237136 59.874464 10.660515 339832 1001
1285229021 238246 59.874499 10.660581 400024 1110
1285229022 239247 59.874544 10.660632 383040 1001
1285229023 240255 59.874544 10.660632 350776 1008
1285229024 241256 59.87458 10.660681 323416 1001
1285229025 242265 59.874617 10.660729 313840 1009
1285229026 243275 59.874666 10.660781 307000 1010
1285229027 244276 59.874666 10.660781 343368 1001
1285229028 245285 59.874702 10.660829 290584 1009
1285229029 246286 59.874747 10.66088 311104 1001
1285229030 247295 59.874783 10.660929 309736 1009
1285229031 248296 59.874783 10.660929 299592 1001
1285229032 249305 59.874832 10.66098 276885 1009
1285229033 250315 59.874869 10.661029 200315 1010
1285229034 251316 59.874911 10.661098 296856 1001
1285229035 252335 59.874911 10.661098 281009 1019
1285229036 253336 59.874953 10.661146 261856 1001
1285229037 254345 59.874997 10.661198 229824 1009
1285229038 255354 59.875034 10.661246 151048 1009
1285229039 256355 59.875034 10.661246 217512 1001
1285229040 257356 59.875082 10.661298 272800 1001
1285229041 258365 59.875127 10.661349 313840 1009
1285229042 259366 59.875168 10.661398 352944 1001
1285229043 260385 59.875168 10.661398 290584 1019
1285229044 261395 59.875214 10.661432 286480 1010
1285229045 262415 59.875255 10.66148 236664 1020
1285229046 263424 59.875299 10.661531 156520 1009
1285229047 264425 59.875299 10.661531 105336 1001
1285229049 266130 59.875343 10.661583 16384 1705
1285229050 267134 59.875392 10.661635 341232 1004
1285229051 268135 59.875429 10.661683 243504 1001
1285229052 269145 59.875429 10.661683 213976 1010
1285229053 270185 59.875478 10.661735 212608 1040
1285229054 271194 59.875522 10.661786 235296 1009
1285229055 272195 59.875563 10.661835 212608 1001
1285229056 273196 59.875563 10.661835 277704 1001
1285229057 274205 59.875607 10.661886 241336 1009
1285229058 275215 59.875656 10.661938 258552 1010
1285229059 276225 59.8757 10.661989 219448 1010
1285229060 277245 59.8757 10.661989 205768 1020
1285229061 278265 59.875741 10.662038 210672 1020
1285229062 279365 59.875786 10.662089 185248 1100
1285229063 280384 59.875835 10.662141 184680 1019
1285229064 281394 59.875835 10.662141 209304 1010
1285229065 282395 59.875879 10.662192 159256 1001
1285229066 283404 59.875915 10.662241 153216 1009
1285229067 284416 59.875964 10.662292 93024 1012
1285229068 285424 59.875964 10.662292 82648 1008
1285229069 286425 59.876009 10.662344 128592 1001
1285229070 287434 59.876057 10.662396 149112 1009
1285229071 288444 59.876094 10.662444 129160 1010
1285229072 289454 59.876094 10.662444 153216 1010
1285229073 290455 59.876143 10.662496 195163 1001
1285229074 291465 59.876187 10.662547 195285 1010
1285229075 292474 59.876231 10.662599 218080 1009
1285229076 293494 59.876231 10.662599 222984 1020
1285229077 294504 59.876279 10.662668 189351 1010
1285229078 295524 59.876315 10.662716 207936 1020
1285229080 296554 59.876364 10.662768 196192 1030
1285229081 297575 59.876364 10.662768 207936 1021
1285229082 298584 59.876408 10.662819 184680 1009
1285229083 299594 59.876457 10.662871 146944 1010
1285229084 300595 59.876502 10.662923 150480 1001
1285229085 301724 59.876502 10.662923 129160 1129
1285229086 302744 59.876543 10.662971 160056 1020
1285229087 303754 59.876587 10.663023 158688 1010
1285229088 304764 59.876636 10.663074 144208 1010
1285229089 305774 59.876636 10.663074 169632 1010
1285229090 306777 59.876685 10.663126 160056 1003
1285229091 307784 59.876729 10.663177 111376 1007
1285229092 308795 59.876778 10.663229 108072 1011
1285229093 309804 59.876778 10.663229 112176 1009
1285229094 310814 59.876814 10.663277 86184 1010
1285229095 311834 59.876863 10.663329 74440 1020
1285229096 312854 59.876907 10.663381 95760 1020
1285229097 313864 59.876907 10.663381 108072 1010
1285229098 314874 59.876952 10.663432 135432 1010
1285229099 315884 59.877 10.663484 141472 1010
1285229100 316904 59.877037 10.663532 172368 1020
1285229101 317914 59.877037 10.663532 148312 1010
1285229102 318924 59.877086 10.663584 143640 1010
1285229103 319934 59.87713 10.663635 112176 1010
1285229104 320955 59.877174 10.663687 86184 1021
1285229105 321964 59.877174 10.663687 79912 1009
1285229106 322975 59.877222 10.663756 93024 1011
1285229107 323995 59.877258 10.663804 64296 1020
1285229108 325004 59.877303 10.663856 91656 1009
1285229109 326034 59.877303 10.663856 110008 1030
1285229110 327054 59.877351 10.663908 112176 1020
1285229111 328084 59.877396 10.663959 108072 1030
1285229112 329094 59.877431 10.664025 106704 1010
1285229113 330114 59.877431 10.664025 104536 1020
1285229114 331124 59.87748 10.664077 121752 1010
1285229115 332144 59.877524 10.664128 129960 1020
1285229116 333154 59.877568 10.66418 112176 1010
1285229117 334164 59.877568 10.66418 73072 1010
1285229118 335174 59.877608 10.664246 72504 1010
1285229119 336183 59.877652 10.664297 94392 1009
1285229120 337184 59.877701 10.664349 87552 1001
1285229121 338204 59.877701 10.664349 83448 1020
1285229122 339207 59.877745 10.664401 16384 1003
1285229123 340223 59.87779 10.664452 21120 1016
1285229124 341234 59.877831 10.664501 101232 1011
1285229125 342235 59.877831 10.664501 91656 1001
1285229126 343263 59.877874 10.66457 103968 1028
1285229127 344274 59.877922 10.664621 137368 1011
1285229128 345284 59.877967 10.664673 190152 1010
1285229129 346293 59.877967 10.664673 175104 1009
1285229130 347304 59.878016 10.664725 159253 1011
1285229131 348314 59.878064 10.664776 155952 1010
1285229132 349323 59.878109 10.664828 131899 1009
1285229133 350325 59.878109 10.664828 155952 1002
1285229134 351333 59.87815 10.664876 162792 1008
1285229135 352334 59.878194 10.664928 131896 1001
1285229136 353343 59.878243 10.664979 177840 1009
1285229137 354363 59.878243 10.664979 157888 1020
1285229138 355364 59.878287 10.665031 188784 1001
1285229139 356373 59.878336 10.665083 194256 1009
1285229140 357374 59.87838 10.665134 178408 1001
1285229141 358383 59.87838 10.665134 217512 1009
1285229142 359393 59.878429 10.665186 185248 1010
1285229143 360404 59.878473 10.665237 203832 1011
1285229144 361413 59.878514 10.665286 144209 1009
1285229145 362423 59.878514 10.665286 162792 1010
1285229146 363424 59.878559 10.665337 139536 1001
1285229147 364433 59.878608 10.665389 108640 1009
1285229148 365453 59.87865 10.665458 95760 1020
1285229149 366493 59.87865 10.665458 86184 1040
1285229150 367525 59.878699 10.66551 71136 1032
1285229152 368533 59.878743 10.665561 70675 1008
1285229153 369545 59.878792 10.665613 65325 1012
1285229154 370573 59.878792 10.665613 87552 1028
1285229155 371603 59.878836 10.665665 91656 1030
1285229156 372623 59.878878 10.665713 62928 1020
1285229157 373643 59.878922 10.665765 54720 1020
1285229158 374674 59.878922 10.665765 48448 1031
1285229159 375683 59.878971 10.665816 57456 1009
1285229160 376693 59.87902 10.665868 71136 1010
1285229161 377723 59.879062 10.665937 47880 1030
1285229162 378743 59.879062 10.665937 50616 1020
1285229178 395530 59.879111 10.665989 38304 16787
1285229180 396540 59.879155 10.66604 79344 1010
1285229181 397545 59.879197 10.666088 74440 1005
1285229182 398550 59.879197 10.666088 164160 1005
1285229183 399551 59.879241 10.66614 196992 1001
1285229184 400560 59.87929 10.666192 193456 1009
1285229185 401620 59.879334 10.666243 255016 1060
1285229186 402631 59.879334 10.666243 285912 1011
1285229187 403640 59.879378 10.666295 281008 1009
1285229188 404651 59.879426 10.666364 259120 1011
1285229189 405661 59.879462 10.666412 279072 1010
1285229190 406671 59.879462 10.666412 190720 1010
1285229191 407680 59.879511 10.666464 180576 1009
1285229192 409084 59.879555 10.666516 16384 1404
1285229193 410090 59.879598 10.666585 216744 1006
1285229194 411100 59.879598 10.666585 93024 1010
1285229195 412140 59.879639 10.666633 32832 1040
1285229196 413160 59.879684 10.666685 21888 1020
1285229197 414190 59.879726 10.666754 32832 1030
1285229198 415220 59.879726 10.666754 39672 1030
1285229201 417670 59.879768 10.666802 15048 2450
1285229202 418700 59.87981 10.666871 30096 1030
1285229203 419710 59.879855 10.666923 36936 1010
1285229204 421250 59.879855 10.666923 17784 1540
1285229205 422460 59.879902 10.666992 8208 1210
1285229207 424010 59.879939 10.667041 10144 1550
1285229208 425050 59.879982 10.66711 36936 1040
1285229209 426060 59.879982 10.66711 38304 1010
1285229210 427080 59.88003 10.667161 35568 1020
1285229211 428120 59.880075 10.667213 25992 1040
1285229212 429130 59.88011 10.667279 30096 1010
1285229213 430150 59.88011 10.667279 42408 1020
1285229214 431170 59.880159 10.66733 46512 1020
1285229215 432209 59.880201 10.6674 56088 1039
1285229216 433210 59.880246 10.667451 39672 1001
1285229217 434230 59.880246 10.667451 36936 1020
1285229218 435250 59.880285 10.667517 41608 1020
1285229219 436270 59.88033 10.667569 86184 1020
1285229220 437280 59.880373 10.667638 75152 1010
1285229221 438290 59.880373 10.667638 115000 1010
1285229222 439300 59.880421 10.66769 91656 1010
1285229223 440310 59.880458 10.667738 136000 1010
1285229224 441330 59.880505 10.667807 128592 1020
1285229225 442340 59.880505 10.667807 128592 1010
1285229226 443369 59.88055 10.667859 84016 1029
1285229227 444370 59.880594 10.66791 53352 1001
1285229228 445379 59.880641 10.667979 61560 1009
1285229229 446389 59.880641 10.667979 103968 1010
1285229230 447410 59.880678 10.668028 73872 1021
1285229231 448419 59.880727 10.668079 61560 1009
1285229232 449449 59.88077 10.668149 56656 1030
1285229233 450470 59.88077 10.668149 113544 1021
1285229234 451471 59.880818 10.6682 196992 1001
1285229235 452480 59.880863 10.668252 190720 1009
1285229236 453490 59.880898 10.668318 235296 1010
1285229237 454500 59.880898 10.668318 209872 1010
1285229238 455518 59.880947 10.668369 237232 1018
1285229239 456520 59.880991 10.668421 250344 1002
1285229240 457529 59.881038 10.66849 220816 1009
1285229242 458560 59.881038 10.66849 221616 1031
1285229243 459570 59.881083 10.668542 178408 1010
1285229244 460579 59.881131 10.668593 206568 1009
1285229245 461580 59.881167 10.668659 179775 1001
1285229246 462589 59.881167 10.668659 201096 1009
1285229247 463590 59.881211 10.668711 185248 1001
1285229248 464599 59.88126 10.668762 221616 1009
1285229249 465610 59.881302 10.668832 176472 1011
1285229250 466619 59.881302 10.668832 116848 1009
1285229251 467639 59.881351 10.668883 149112 1020
1285229252 468649 59.881388 10.668932 119016 1010
1285229253 469659 59.881435 10.669001 111376 1010
1285229254 470679 59.881435 10.669001 110808 1020
1285229255 471699 59.88148 10.669052 53352 1020
1285229265 482025 59.881528 10.669104 16384 10326
1285229266 483032 59.881564 10.66917 19184 1007
1285229267 484072 59.881564 10.66917 19152 1040
1285229268 485102 59.881612 10.669222 19152 1030
1285229269 486122 59.881657 10.669273 17784 1020
1285229270 487162 59.881704 10.669342 17784 1040
1285229272 488612 59.881704 10.669342 15048 1450
1285229273 489630 59.881741 10.669391 8208 1018
1285229274 490662 59.881789 10.669442 13680 1032
1285229275 491672 59.881834 10.669494 12312 1010
1285229276 492702 59.881834 10.669494 32032 1030
1285229277 493712 59.881881 10.669563 93024 1010
1285229278 494722 59.881918 10.669611 95760 1010
1285229294 511052 59.881966 10.669663 42408 16330
1285229295 512062 59.881966 10.669663 24624 1010
1285229296 513222 59.882009 10.669732 125056 1160
1285229297 514224 59.882058 10.669784 119016 1002
1285229298 515284 59.882102 10.669835 36768 1060
1285229303 519777 59.882102 10.669835 34280 4493
1285229304 520778 59.882142 10.669901 184768 1001
1285229305 521787 59.882186 10.669953 166096 1009
1285229306 522788 59.882235 10.670005 218880 1001
1285229307 523797 59.882235 10.670005 227656 1009
1285229308 524798 59.882278 10.670074 260488 1001
1285229309 525807 59.882327 10.670125 309168 1009
1285229310 526808 59.882363 10.670174 265960 1001
1285229311 527817 59.882363 10.670174 214776 1009
1285229312 528827 59.882411 10.670243 216712 1010
1285229313 529837 59.882455 10.670295 222184 1010
1285229314 530847 59.882504 10.670346 227088 1010
1285229315 531857 59.882504 10.670346 226288 1010
1285229316 532867 59.882547 10.670415 218880 1010
1285229317 533877 59.882588 10.670464 152416 1010
1285229318 534878 59.882631 10.670533 206568 1001
1285229319 535887 59.882631 10.670533 207136 1009
1285229320 536888 59.882675 10.670584 287280 1001
1285229321 537897 59.882716 10.670633 255016 1009
1285229322 538907 59.882759 10.670702 213408 1010
1285229323 539917 59.882759 10.670702 196192 1010
1285229324 540918 59.882808 10.670754 176472 1001
1285229325 541937 59.882843 10.670819 233128 1019
1285229326 542938 59.882892 10.670871 302896 1001
1285229327 544017 59.882892 10.670871 356248 1079
1285229328 545018 59.882936 10.670923 288648 1001
1285229329 546027 59.882971 10.670989 261856 1009
1285229330 547097 59.88302 10.67104 268697 1070
1285229331 548107 59.88302 10.67104 244872 1010
1285229332 549117 59.883064 10.671092 249544 1010
1285229333 550119 59.883104 10.671158 240768 1002
1285229334 551127 59.883148 10.671209 201664 1008
1285229335 552137 59.883148 10.671209 218880 1010
1285229336 553147 59.883196 10.671279 182512 1010
1285229337 554167 59.883232 10.671327 297763 1020
1285229338 555168 59.883281 10.671379 244533 1001
1285229339 556177 59.883281 10.671379 230392 1009
1285229340 557187 59.883324 10.671448 259920 1010
1285229341 558188 59.883368 10.671499 315208 1001
1285229342 559197 59.883408 10.671565 255016 1009
1285229343 560198 59.883408 10.671565 338464 1001
1285229344 561207 59.883452 10.671617 387144 1009
1285229345 562217 59.883492 10.671683 365824 1010
1285229346 563218 59.883536 10.671734 360352 1001
1285229347 564219 59.883536 10.671734 326152 1001
1285229348 565227 59.883585 10.671786 300160 1008
1285229349 566236 59.88362 10.671852 307000 1009
1285229350 567237 59.883669 10.671904 285912 1001
1285229356 572952 59.883669 10.671904 16384 5715
1285229359 575602 59.883712 10.671973 104568 2650
1285229360 576603 59.883748 10.672021 139536 1001
1285229361 577604 59.883796 10.67209 302896 1001
1285229362 578612 59.883796 10.67209 352944 1008
1285229363 579613 59.88384 10.672142 341200 1001
1285229364 580614 59.883889 10.672193 332992 1001
1285229365 581616 59.883924 10.672259 363088 1002
1285229366 582622 59.883924 10.672259 374032 1006
1285229367 583623 59.883973 10.672311 363088 1001
1285229368 584624 59.884017 10.672363 319312 1001
1285229369 585632 59.884057 10.672428 378936 1008
1285229370 586633 59.884057 10.672428 350776 1001
1285229371 587642 59.884101 10.67248 343936 1009
1285229372 588643 59.88415 10.672532 334360 1001
1285229373 589652 59.884185 10.672598 307000 1009
1285229374 590682 59.884185 10.672598 311104 1030
1285229375 591683 59.884234 10.672649 393984 1001
1285229376 592691 59.884278 10.672701 322048 1008
1285229377 593692 59.884326 10.67277 241336 1001
1285229378 594703 59.884326 10.67277 199728 1011
1285229379 595711 59.884362 10.672818 187984 1008
1285229380 596712 59.884411 10.67287 210672 1001
1285229381 597721 59.884454 10.672939 223552 1009
1285229382 598731 59.884454 10.672939 262656 1010
1285229383 599732 59.884495 10.672988 259120 1001
1285229384 600733 59.884539 10.673039 307000 1001
1285229385 601742 59.884587 10.673108 330256 1009
1285229386 602842 59.884587 10.673108 339832 1100
1285229387 603844 59.884631 10.67316 276336 1001
1285229388 604852 59.884671 10.673226 281008 1008
1285229389 605853 59.884715 10.673278 308368 1001
1285229390 606855 59.884715 10.673278 348840 1002
1285229391 607861 59.884764 10.673329 342568 1006
1285229392 608862 59.884807 10.673398 363088 1001
1285229393 609872 59.884855 10.67345 349408 1010
1285229394 610873 59.884855 10.67345 332992 1001
1285229395 611881 59.884892 10.673498 293320 1008
1285229396 612882 59.884939 10.673568 311904 1001
1285229397 613891 59.884984 10.673619 271432 1009
1285229398 614892 59.884984 10.673619 304264 1001
1285229399 615893 59.885031 10.673688 274968 1001
1285229400 616901 59.885068 10.673737 193456 1008
1285229401 617911 59.885116 10.673788 162792 1010
1285229402 619352 59.885116 10.673788 46512 1441
1285229403 620361 59.885159 10.673858 44344 1009
1285229404 621362 59.885208 10.673909 99864 1001
1285229405 622371 59.885243 10.673975 202464 1009
1285229406 623372 59.885243 10.673975 233128 1001
1285229407 624381 59.885292 10.674027 282376 1009
1285229408 625391 59.885336 10.674078 259920 1010
1285229409 626410 59.885384 10.674148 189352 1019
1285229410 627411 59.885384 10.674148 270864 1001
1285229411 628412 59.88542 10.674196 300160 1001
1285229412 629421 59.885469 10.674248 213976 1009
1285229413 630431 59.885512 10.674317 258552 1010
1285229414 631451 59.885512 10.674317 189352 1020
1285229415 632452 59.885561 10.674368 251712 1001
1285229416 633461 59.885597 10.674417 219448 1009
1285229418 634601 59.885646 10.674468 304264 1140
1285229419 635611 59.885646 10.674468 254448 1010
1285229420 636621 59.885689 10.674538 203032 1010
1285229430 646789 59.885738 10.674589 149112 10168
1285229431 647809 59.885773 10.674655 41040 1020
1285229432 648890 59.885773 10.674655 46512 1081
1285229433 649929 59.885822 10.674707 31464 1039
1285229434 650930 59.885865 10.674776 57424 1001
1285229435 651959 59.885906 10.674824 70368 1028
1285229436 652969 59.885906 10.674824 119016 1010
1285229446 663273 59.885949 10.674893 116280 10304
1285229447 664274 59.885997 10.674945 47880 1001
1285229448 665283 59.886033 10.675011 54720 1009
1285229449 666293 59.886033 10.675011 62128 1010
1285229450 667313 59.88608 10.67508 158688 1020
1285229451 668343 59.886117 10.675128 184680 1030
1285229452 669363 59.886159 10.675198 116848 1020
1285229453 670383 59.886159 10.675198 165528 1020
1285229454 671393 59.886199 10.675264 147744 1010
1285229456 673232 59.886243 10.675315 63496 1839
1285229457 674233 59.886283 10.675381 127224 1001
1285229458 675243 59.886283 10.675381 120384 1010
1285229459 676253 59.886326 10.67545 134632 1010
1285229460 677263 59.886363 10.675499 147744 1010
1285229461 678272 59.88641 10.675568 102600 1009
1285229462 679273 59.88641 10.675568 99864 1001
1285229463 680283 59.886454 10.675619 94960 1010
1285229464 681303 59.886489 10.675685 136800 1020
1285229465 682304 59.886537 10.675754 108072 1001
1285229466 683313 59.886537 10.675754 140104 1009
1285229467 684314 59.886573 10.675803 119016 1001
1285229473 689701 59.886616 10.675872 57456 5387
1285229474 690881 59.886656 10.675938 8208 1180
1285229475 692021 59.886656 10.675938 5472 1140
1285229476 693220 59.8867 10.67599 4104 1199
1285229477 694500 59.886743 10.676059 5472 1280
1285229478 695511 59.886783 10.676125 4104 1011
1285229480 696780 59.886783 10.676125 5472 1269
1285229481 697781 59.886827 10.676176 4104 1001
1285229482 699067 59.886862 10.676242 5472 1286
1285229483 700080 59.886911 10.676294 4104 1013
1285229484 701106 59.886911 10.676294 4104 1025
1285229485 702381 59.886954 10.676363 5472 1275
1285229487 703551 59.886989 10.676429 4104 1170
1285229488 704820 59.887038 10.676481 5472 1269
1285229489 706100 59.887038 10.676481 5472 1280
1285229490 707120 59.887073 10.676546 4104 1020
1285229491 708140 59.887117 10.676598 4104 1020
1285229492 709420 59.887165 10.676667 5472 1280
1285229493 710500 59.887165 10.676667 4104 1080
1285229495 711700 59.8872 10.676733 5472 1200
1285229496 713020 59.887244 10.676785 5472 1320
1285229497 714300 59.887284 10.676851 5472 1280
1285229499 715580 59.887284 10.676851 5472 1280
1285229500 716860 59.887327 10.67692 5472 1279
1285229501 717868 59.887371 10.676972 4104 1008
1285229502 719140 59.887411 10.677037 5472 1272
1285229503 720420 59.887411 10.677037 5472 1280
1285229505 721720 59.887454 10.677107 5472 1300
1285229506 722820 59.887498 10.677158 4104 1100
1285229507 724100 59.887538 10.677224 5472 1280
1285229508 725460 59.887538 10.677224 5472 1360
1285229509 726511 59.887582 10.677276 4104 1051
1285229511 727620 59.887622 10.677342 4104 1109
1285229512 728660 59.887666 10.677393 4104 1040
1285229513 729780 59.887666 10.677393 4104 1120
1285229514 731060 59.887709 10.677463 5472 1280
1285229515 732341 59.887748 10.677528 5472 1183
1285229517 733620 59.887793 10.67758 5472 1279
1285229518 734900 59.887793 10.67758 5472 1280
1285229519 736180 59.887836 10.677649 5472 1280
1285229520 737200 59.887877 10.677698 10483 1019
1285229521 738220 59.88792 10.677767 1029 1020
1285229522 739420 59.88792 10.677767 5472 1200
1285229532 748924 59.887968 10.677818 1368 9504
1285229533 749926 59.888004 10.677884 90288 1002
1285229534 750934 59.888046 10.677954 135432 1008
1285229535 751944 59.888046 10.677954 113544 1010
1285229536 752954 59.888095 10.678005 89487 1010
1285229537 753964 59.88813 10.678071 158688 1010
1285229538 754984 59.888179 10.678123 108072 1020
1285229539 756245 59.888179 10.678123 118216 1261
1285229540 757254 59.888214 10.678189 205200 1009
1285229541 758274 59.888262 10.678258 203032 1020
1285229542 759284 59.888305 10.678327 227088 1010
1285229543 760294 59.888305 10.678327 186616 1010
1285229544 761304 59.888346 10.678375 142272 1010
1285229545 762314 59.888389 10.678445 121752 1010
1285229546 763324 59.888428 10.678511 80712 1010
1285229547 764344 59.888428 10.678511 43776 1020
1285229548 765354 59.888471 10.67858 56656 1010
1285229549 766394 59.888518 10.678649 88920 1040
1285229550 767424 59.888554 10.678715 58824 1030
1285229551 768435 59.888554 10.678715 42408 1011
1285229553 769944 59.888598 10.678766 10944 1509
1285229556 772755 59.888638 10.678832 43776 2811
1285229557 774004 59.888681 10.678902 125056 1249
1285229558 775015 59.888681 10.678902 103968 1011
1285229559 776024 59.88872 10.678967 164160 1009
1285229560 777025 59.888763 10.679037 203032 1001
1285229561 778034 59.88881 10.679106 224352 1009
1285229562 779044 59.88881 10.679106 187984 1010
1285229563 780045 59.888847 10.679154 187416 1001
1285229564 781054 59.888894 10.679223 142272 1009
1285229565 782064 59.88893 10.679289 119584 1010
1285229566 783073 59.88893 10.679289 124488 1009
1285229567 784093 59.888977 10.679359 129960 1020
1285229568 785094 59.889021 10.67941 157888 1001
1285229569 786113 59.889056 10.679476 143640 1019
1285229570 787114 59.889056 10.679476 135432 1001
1285229571 788124 59.889104 10.679545 129160 1010
1285229572 789143 59.889148 10.679597 146376 1019
1285229573 790145 59.889188 10.679663 128592 1001
1285229574 791153 59.889188 10.679663 123688 1008
1285229575 792154 59.889232 10.679714 134064 1001
1285229576 793164 59.889279 10.679784 138168 1010
1285229577 794173 59.889315 10.67985 96328 1009
1285229578 795184 59.889315 10.67985 157320 1011
1285229579 796203 59.889363 10.679901 183312 1019
1285229580 797213 59.889406 10.67997 85384 1010
1285229581 798223 59.889446 10.680036 50616 1010
1285229582 799224 59.889446 10.680036 60192 1001
1285229584 801129 59.88949 10.680088 16384 1905
1285229585 802134 59.889533 10.680157 361752 1004
1285229586 803143 59.88958 10.680226 153216 1009
1285229587 804153 59.88958 10.680226 119584 1010
1285229588 805165 59.889616 10.680292 180576 1012
1285229589 806384 59.88966 10.680344 190120 1219
1285229590 807395 59.889707 10.680413 141504 1010
1285229591 808396 59.889707 10.680413 146376 1001
1285229592 809417 59.889742 10.680479 148312 1021
1285229593 810423 59.88979 10.680548 196992 1006
1285229594 811433 59.889825 10.680614 173736 1010
1285229595 812463 59.889825 10.680614 134632 1030
1285229596 813483 59.889874 10.680666 87552 1020
1285229597 814493 59.889917 10.680735 87552 1010
1285229598 815514 59.889952 10.680801 67032 1021
1285229600 816584 59.889952 10.680801 71704 1070
1285229601 817594 59.889999 10.68087 125856 1010
1285229602 818595 59.890034 10.680936 155952 1001
1285229603 819604 59.890076 10.681023 152416 1009
1285229604 820605 59.890076 10.681023 238032 1001
1285229605 821613 59.890111 10.681089 224920 1008
1285229606 822614 59.890158 10.681158 261288 1001
1285229607 823615 59.890194 10.681224 256384 1001
1285229608 824623 59.890194 10.681224 296056 1008
1285229609 825624 59.890236 10.681293 309168 1001
1285229610 826644 59.890272 10.681359 263224 1020
1285229611 827653 59.890319 10.681428 282376 1009
1285229612 828654 59.890319 10.681428 272232 1001
1285229613 829663 59.890354 10.681494 163360 1009
1285229614 830664 59.890388 10.681577 196992 1001
1285229615 831665 59.890431 10.681647 185248 1001
1285229616 832673 59.890431 10.681647 272232 1008
1285229617 833674 59.890466 10.681713 219448 1001
1285229618 834683 59.890513 10.681782 220816 1009
1285229619 835684 59.890547 10.681865 232560 1001
1285229620 836693 59.890547 10.681865 182512 1009
1285229621 837696 59.890582 10.681931 214776 1003
1285229622 838764 59.890625 10.682 28728 1068
1285229623 839823 59.89066 10.682066 80712 1059
1285229625 841714 59.89066 10.682066 31464 1891
1285229626 842733 59.890706 10.682153 38304 1019
1285229627 843763 59.890741 10.682219 22456 1030
1285229628 844773 59.890777 10.682285 62928 1010
1285229629 845783 59.890777 10.682285 86184 1010
1285229630 846793 59.890819 10.682354 86184 1010
1285229631 847795 59.890853 10.682438 98496 1002
1285229632 848806 59.890893 10.682503 73072 1011
1285229633 849814 59.890893 10.682503 80712 1008
1285229634 850833 59.890936 10.682573 60192 1019
1285229635 851854 59.89097 10.682656 71136 1021
1285229636 852882 59.891012 10.682725 64296 1028
1285229637 853902 59.891012 10.682725 46512 1020
1285229638 854914 59.891048 10.682791 65664 1012
1285229639 855923 59.891087 10.682857 71704 1009
1285229640 856962 59.891129 10.682944 58824 1039
1285229641 857963 59.891129 10.682944 54552 1001
1285229642 858983 59.891164 10.68301 30264 1020
1285229643 859993 59.891207 10.683079 80712 1010
1285229644 860994 59.891246 10.683145 159256 1001
1285229645 862014 59.891246 10.683145 209304 1020
1285229646 863023 59.891282 10.683211 205768 1009
1285229647 864024 59.891323 10.683298 302328 1001
1285229648 865033 59.891358 10.683363 209872 1009
1285229649 866043 59.891358 10.683363 153216 1010
1285229650 867052 59.891401 10.683433 102600 1009
1285229651 868053 59.891441 10.683499 111376 1001
1285229652 869073 59.891484 10.683568 142272 1020
1285229653 870153 59.891484 10.683568 167464 1080
1285229654 871173 59.891519 10.683634 72504 1020
1285229655 872182 59.891562 10.683703 58824 1009
1285229659 876292 59.8916 10.683786 16384 4110
1285229660 877322 59.8916 10.683786 286512 1030
1285229662 878602 59.891643 10.683856 5472 1280
1285229663 879632 59.891678 10.683921 31464 1030
1285229665 882272 59.891721 10.683991 34200 2640
1285229666 883382 59.891721 10.683991 76720 1109
1285229667 884402 59.891756 10.684057 28616 1020
1285229668 885403 59.891803 10.684126 34312 1001
1285229669 886453 59.891839 10.684192 45032 1050
1285229670 887462 59.891839 10.684192 15048 1009
1285229671 888482 59.89188 10.684279 47880 1020
1285229673 889702 59.891915 10.684344 66232 1220
1285229674 890727 59.891963 10.684414 46512 1025
1285229675 891742 59.891963 10.684414 64296 1015
1285229676 892774 59.891998 10.68448 87552 1032
1285229677 893793 59.892032 10.684563 80712 1019
1285229678 894832 59.892074 10.684632 50616 1039
1285229679 895842 59.892074 10.684632 60192 1010
1285229680 896852 59.89211 10.684698 53920 1010
1285229681 897862 59.892155 10.684785 67032 1010
1285229682 898902 59.892191 10.684851 42408 1040
1285229683 899925 59.892191 10.684851 39672 1023
1285229684 900953 59.892224 10.684934 51984 1028
1285229685 901982 59.892267 10.685003 71136 1029
1285229686 902993 59.892302 10.685069 61560 1011
1285229687 904302 59.892302 10.685069 41609 1309
1285229688 905382 59.892344 10.685156 79344 1080
1285229689 906402 59.892379 10.685222 45144 1020
1285229690 907417 59.892414 10.685288 53184 1015
1285229691 908432 59.892414 10.685288 112344 1015
1285229692 909442 59.892456 10.685375 125056 1010
1285229693 910462 59.892495 10.685441 84816 1020
1285229694 911472 59.892538 10.68551 135432 1010
1285229695 912482 59.892538 10.68551 73872 1010
1285229696 913518 59.892573 10.685576 72504 1036
1285229698 914672 59.892615 10.685663 42976 1154
1285229699 915673 59.89265 10.685728 119016 1001
1285229700 916682 59.89265 10.685728 273600 1009
1285229701 917683 59.892697 10.685798 293317 1001
1285229702 918692 59.892733 10.685864 227659 1009
1285229703 919752 59.892774 10.68595 309736 1060
1285229704 920753 59.892774 10.68595 331056 1001
1285229705 921772 59.892809 10.686016 272800 1019
1285229706 922773 59.892852 10.686086 287848 1001
1285229707 923782 59.892886 10.686169 261288 1009
1285229708 924802 59.892886 10.686169 220816 1020
1285229709 925812 59.892933 10.686238 171000 1010
1285229710 926822 59.892967 10.686322 104536 1010
1285229711 927832 59.893002 10.686388 150480 1010
1285229712 928841 59.893002 10.686388 202464 1009
1285229713 929842 59.893036 10.686471 149680 1001
1285229714 930912 59.89307 10.686554 305632 1070
1285229715 931913 59.893111 10.686641 318744 1001
1285229716 932922 59.893111 10.686641 296056 1009
1285229717 933932 59.89314 10.686725 317944 1010
1285229718 934933 59.893174 10.686808 297421 1001
1285229719 935942 59.8932 10.686888 313272 1009
1285229720 936952 59.8932 10.686888 246811 1010
1285229721 937982 59.893229 10.686972 259120 1030
1285229722 938992 59.893263 10.687055 283176 1010
1285229723 940001 59.893283 10.687153 265960 1009
1285229724 941002 59.893283 10.687153 268696 1001
1285229725 942012 59.893317 10.687236 239400 1010
1285229726 943022 59.893337 10.687334 223549 1010
1285229727 944023 59.893359 10.687414 243504 1001
1285229728 945042 59.893359 10.687414 268699 1019
1285229729 946101 59.893384 10.687512 253647 1059
1285229730 947121 59.893413 10.687595 242136 1020
1285229731 948292 59.893433 10.687693 168832 1171
1285229732 949293 59.893433 10.687693 165528 1001
1285229733 950301 59.893453 10.687791 207936 1008
1285229734 951312 59.893475 10.687871 92224 1011
1285229735 952331 59.8935 10.687969 68400 1019
1285229736 953371 59.8935 10.687969 47880 1040
1285229737 954392 59.893521 10.688049 114912 1021
1285229738 955401 59.893541 10.688147 181144 1009
1285229739 956402 59.893562 10.688244 165528 1001
1285229740 957442 59.893562 10.688244 185248 1040
1285229741 958482 59.893588 10.688324 203832 1040
1285229742 959494 59.893608 10.688422 93024 1012
1285229743 960501 59.89363 10.688502 131896 1007
1285229744 961511 59.89363 10.688502 82080 1010
1285229745 962531 59.893654 10.6886 77976 1020
1285229747 963546 59.893682 10.688701 76608 1015
1285229748 964631 59.893704 10.688781 152416 1085
1285229749 965632 59.893704 10.688781 242136 1001
1285229750 966633 59.893728 10.688879 224920 1001
1285229751 967634 59.89375 10.688959 239400 1001
1285229752 968641 59.893778 10.68906 134632 1007
1285229753 969651 59.893778 10.68906 138168 1010
1285229754 970661 59.893804 10.68914 173736 1010
1285229755 971751 59.893824 10.689238 47880 1090
1285229756 972771 59.893858 10.689321 55288 1020
1285229757 973791 59.893858 10.689321 97128 1020
1285229758 974801 59.89388 10.689402 68400 1010
1285229759 975804 59.893907 10.689503 82080 1003
1285229760 976811 59.893934 10.689583 79344 1007
1285229761 978051 59.893934 10.689583 55288 1240
1285229762 979052 59.893961 10.689684 186048 1001
1285229763 980061 59.893988 10.689764 246808 1009
1285229764 981062 59.894015 10.689865 274968 1001
1285229765 982081 59.894015 10.689865 226288 1019
1285229766 983091 59.894042 10.689945 250344 1010
1285229767 984101 59.894071 10.690029 177040 1010
1285229768 985102 59.894095 10.690126 175104 1001
1285229769 986103 59.894095 10.690126 207136 1001
1285229770 987111 59.894125 10.69021 279072 1008
1285229771 988121 59.894149 10.690308 190720 1010
1285229772 989131 59.894179 10.690391 138168 1010
1285229773 990261 59.894179 10.690391 105904 1130
1285229774 991271 59.894205 10.690471 171000 1010
1285229775 992281 59.894233 10.690572 227088 1010
1285229776 993282 59.894259 10.690652 183880 1001
1285229777 994294 59.894259 10.690652 203832 1012
1285229778 995301 59.894287 10.690753 181144 1007
1285229779 996311 59.89432 10.690837 232560 1010
1285229780 997321 59.894342 10.690917 203032 1010
1285229781 998331 59.894342 10.690917 220248 1010
1285229782 999341 59.894374 10.691018 187984 1010
1285229783 1000351 59.894396 10.691098 155952 1010
1285229784 1001352 59.894416 10.691196 123688 1001
1285229785 1002361 59.894416 10.691196 168264 1009
1285229786 1003362 59.89445 10.691279 191520 1001
1285229787 1004371 59.89447 10.691377 192088 1009
1285229788 1005381 59.894504 10.691461 199728 1010
1285229789 1006391 59.894504 10.691461 142840 1010
1285229790 1007392 59.894524 10.691558 132696 1001
1285229791 1008411 59.894553 10.691642 132696 1019
1285229792 1009421 59.894578 10.691739 123688 1010
1285229793 1010440 59.894578 10.691739 146376 1019
1285229794 1011451 59.894607 10.691823 84816 1011
1285229797 1013556 59.894632 10.691921 16384 2105
1285229798 1014580 59.894661 10.692004 110040 1024
1285229799 1015620 59.894661 10.692004 51984 1040
1285229800 1016640 59.894686 10.692102 110808 1020
1285229801 1017660 59.894715 10.692185 54720 1020
1285229802 1018672 59.894743 10.692286 73872 1012
1285229803 1019870 59.894743 10.692286 73072 1198
1285229804 1020880 59.894769 10.692366 84816 1010
1285229805 1021890 59.894797 10.692467 64296 1010
1285229806 1022901 59.894823 10.692548 67032 1011
1285229807 1023910 59.894823 10.692548 153216 1009
1285229808 1024936 59.894851 10.692649 70336 1026
1285229809 1026010 59.894877 10.692729 47880 1074
1285229810 1027020 59.894905 10.69283 98496 1010
1285229811 1028021 59.894905 10.69283 125856 1001
1285229812 1029030 59.894931 10.69291 116848 1009
1285229813 1030060 59.894965 10.692994 34200 1030
1285229814 1031090 59.894993 10.693095 71136 1030
1285229815 1032100 59.894993 10.693095 75240 1010
1285229816 1033102 59.895019 10.693175 76608 1002
1285229817 1034111 59.895046 10.693276 131328 1009
1285229818 1035132 59.895073 10.693356 88120 1021
1285229819 1036141 59.895073 10.693356 112176 1008
1285229820 1037142 59.8951 10.693457 187416 1001
1285229821 1038150 59.895127 10.693537 233128 1008
1285229822 1039240 59.895159 10.693638 209872 1090
1285229823 1040251 59.895159 10.693638 218880 1011
1285229824 1041260 59.895188 10.693722 265960 1009
1285229825 1042261 59.895214 10.693802 288648 1001
1285229826 1043262 59.895242 10.693903 220816 1001
1285229827 1044310 59.895242 10.693903 234496 1048
1285229828 1045311 59.895268 10.693983 232560 1001
1285229829 1046320 59.895301 10.694084 197560 1009
1285229830 1047321 59.895322 10.694164 303696 1001
1285229831 1048322 59.895322 10.694164 270064 1001
1285229832 1049330 59.895354 10.694265 259120 1008
1285229833 1050331 59.895376 10.694345 313272 1001
1285229834 1051332 59.89541 10.694429 305632 1001
1285229835 1052340 59.89541 10.694429 317944 1008
1285229836 1053350 59.895435 10.694527 285112 1010
1285229837 1054360 59.895464 10.69461 250344 1010
1285229838 1055370 59.895496 10.694711 229024 1010
1285229839 1056371 59.895496 10.694711 300960 1001
1285229840 1057380 59.895518 10.694791 270065 1009
1285229841 1058390 59.89555 10.694892 200296 1010
1285229842 1059420 59.895576 10.694972 187416 1030
1285229843 1060440 59.895576 10.694972 91656 1020
1285229845 1061560 59.895605 10.695056 81280 1120
1285229846 1062561 59.89563 10.695154 233928 1001
1285229847 1063570 59.895659 10.695237 250912 1009
1285229848 1064580 59.895659 10.695237 261288 1010
1285229849 1065581 59.895684 10.695335 272800 1001
1285229850 1066590 59.895713 10.695418 227656 1009
1285229851 1067610 59.895738 10.695516 248976 1020
1285229852 1068630 59.895738 10.695516 192088 1020
1285229853 1069631 59.895767 10.695599 254448 1001
1285229854 1070640 59.895793 10.69568 223552 1009
1285229855 1071650 59.895814 10.695777 220248 1010
1285229856 1072669 59.895814 10.695777 86752 1019
1285229857 1073680 59.895847 10.695861 77976 1011
1285229858 1074700 59.895868 10.695959 181944 1020
1285229859 1075701 59.8959 10.69606 175672 1001
1285229860 1076710 59.8959 10.69606 258552 1009
1285229861 1077711 59.895922 10.69614 307000 1001
1285229862 1078720 59.895954 10.696241 227656 1009
1285229863 1079721 59.895975 10.696321 318744 1001
1285229864 1080729 59.895975 10.696321 185248 1008
1285229865 1081820 59.896008 10.696422 300160 1091
1285229866 1082830 59.896029 10.696502 313272 1010
1285229867 1083832 59.896054 10.6966 235864 1002
1285229868 1084840 59.896054 10.6966 289216 1008
1285229869 1085842 59.896083 10.696683 283176 1002
1285229870 1086850 59.896108 10.696781 307000 1008
1285229871 1087851 59.896137 10.696865 335728 1001
1285229872 1088870 59.896137 10.696865 222984 1019
1285229873 1089871 59.896162 10.696962 304264 1001
1285229874 1090879 59.896191 10.697046 196192 1008
1285229875 1091880 59.896216 10.697143 274968 1001
1285229876 1092881 59.896216 10.697143 339823 1001
1285229877 1093882 59.896245 10.697227 491689 1001
1285229878 1094891 59.896265 10.697325 352144 1009
1285229879 1095892 59.896298 10.697426 397288 1001
1285229880 1096900 59.896298 10.697426 380872 1008
1285229881 1097901 59.896319 10.697506 390448 1001
1285229882 1098902 59.896347 10.697607 387712 1001
1285229883 1099909 59.896381 10.69769 406864 1007
1285229884 1100910 59.896381 10.69769 290584 1001
1285229885 1101920 59.896401 10.697788 351576 1010
1285229886 1102921 59.896429 10.697889 365824 1001
1285229887 1103922 59.896455 10.697969 439696 1001
1285229888 1104930 59.896455 10.697969 348040 1008
1285229889 1105931 59.896483 10.69807 323416 1001
1285229890 1106940 59.896517 10.698154 365824 1009
1285229891 1107941 59.896537 10.698252 439696 1001
1285229892 1108942 59.896537 10.698252 417808 1001
1285229893 1109951 59.896566 10.698335 369928 1009
1285229894 1110960 59.896591 10.698433 326152 1009
1285229895 1111969 59.89662 10.698516 291952 1009
1285229896 1112970 59.89662 10.698516 342000 1001
1285229897 1113971 59.896652 10.698617 431488 1001
1285229898 1114980 59.896674 10.698697 421912 1009
1285229899 1115990 59.896702 10.698799 334360 1010
1285229900 1116992 59.896702 10.698799 313839 1002
1285229901 1118010 59.896728 10.698879 260488 1018
1285229902 1119119 59.896756 10.69898 354880 1109
1285229903 1120129 59.896789 10.699063 393984 1010
1285229904 1121131 59.896789 10.699063 301528 1002
1285229905 1122140 59.89681 10.699161 330256 1009
1285229906 1123142 59.896843 10.699244 315208 1001
1285229907 1124149 59.896864 10.699342 357616 1007
1285229908 1125150 59.896864 10.699342 436960 1001
1285229909 1126159 59.896897 10.699426 420544 1009
1285229910 1127169 59.896918 10.699523 309736 1010
1285229911 1128170 59.896951 10.699607 340632 1001
1285229912 1129171 59.896951 10.699607 323416 1001
1285229913 1130172 59.896984 10.699708 453376 1001
1285229914 1131209 59.897005 10.699788 520976 1037
1285229915 1132210 59.897038 10.699889 430120 1001
1285229916 1133239 59.897038 10.699889 402760 1029
1285229917 1134299 59.897059 10.699969 395920 1060
1285229918 1135300 59.897091 10.70007 385776 1001
1285229919 1136319 59.897113 10.70015 372664 1019
1285229920 1137320 59.897113 10.70015 298792 1001
1285229921 1138321 59.897145 10.700252 356248 1001
1285229922 1139329 59.897167 10.700332 427384 1008
1285229923 1140330 59.897192 10.700429 406864 1001
1285229924 1141339 59.897192 10.700429 375400 1009
1285229925 1142350 59.897221 10.700513 268696 1011
1285229926 1143359 59.897246 10.700611 321480 1009
1285229927 1144360 59.897275 10.700694 290584 1001
1285229928 1145369 59.897275 10.700694 259120 1009
1285229929 1146370 59.8973 10.700792 295488 1001
1285229930 1147390 59.897321 10.700872 253648 1020
1285229931 1148499 59.897354 10.700973 194824 1109
1285229932 1149500 59.897354 10.700973 190152 1001
1285229933 1150509 59.897375 10.701053 190152 1009
1285229934 1151529 59.897407 10.701154 177040 1020
1285229936 1152538 59.897429 10.701234 209304 1009
1285229937 1153544 59.897429 10.701234 289216 1006
1285229938 1154549 59.897461 10.701336 345304 1005
1285229939 1155550 59.897483 10.701416 257752 1001
1285229940 1156559 59.897511 10.701517 274968 1009
1285229941 1157568 59.897511 10.701517 229024 1009
1285229942 1158579 59.897531 10.701614 242136 1011
1285229943 1159590 59.897565 10.701698 252280 1011
1285229944 1160591 59.897585 10.701796 382240 1001
1285229945 1161598 59.897585 10.701796 286480 1007
1285229946 1162599 59.897613 10.701897 305064 1001
1285229947 1163618 59.897634 10.701977 160624 1019
1285229948 1164638 59.897667 10.702078 166896 1020
1285229949 1165648 59.897667 10.702078 151048 1010
1285229950 1166658 59.897688 10.702158 154584 1010
1285229951 1167668 59.897716 10.702259 162792 1010
1285229952 1168698 59.897742 10.702339 175672 1030
1285229953 1169700 59.897742 10.702339 173736 1002
1285229954 1170709 59.89777 10.70244 181144 1009
1285229955 1171729 59.897795 10.702538 287280 1020
1285229956 1172738 59.897824 10.702622 189352 1009
1285229957 1173739 59.897824 10.702622 164160 1001
1285229958 1174748 59.897844 10.702719 172936 1009
1285229959 1175749 59.897878 10.702803 343368 1001
1285229960 1176750 59.897898 10.702901 380873 1001
1285229961 1177759 59.897898 10.702901 330256 1009
1285229962 1178760 59.897924 10.702981 341200 1001
1285229963 1179769 59.897952 10.703082 361701 1009
1285229964 1180809 59.897978 10.703162 264611 1040
1285229965 1181839 59.897978 10.703162 398656 1029
1285229966 1182868 59.898006 10.703263 408232 1029
1285229967 1183879 59.898028 10.703343 392616 1011
1285229968 1184890 59.898052 10.703441 322048 1011
1285229969 1185909 59.898052 10.703441 302896 1019
1285229970 1186910 59.898082 10.703524 312472 1001
1285229971 1187911 59.898106 10.703622 327520 1001
1285229972 1188912 59.898128 10.703702 402760 1001
1285229973 1189919 59.898128 10.703702 351576 1007
1285229974 1190920 59.89816 10.703803 320680 1001
1285229975 1191929 59.898182 10.703884 343936 1009
1285229976 1192930 59.898214 10.703985 424648 1001
1285229977 1193931 59.898214 10.703985 523141 1001
1285229978 1194949 59.898236 10.704065 481307 1018
1285229979 1195950 59.898268 10.704166 538192 1001
1285229980 1196951 59.89829 10.704246 464320 1001
1285229981 1197952 59.89829 10.704246 520408 1001
1285229982 1199079 59.898314 10.704344 527815 1127
1285229983 1200081 59.898344 10.704427 517672 1001
1285229984 1201090 59.898368 10.704525 521776 1009
1285229985 1202098 59.898368 10.704525 443800 1008
1285229986 1203099 59.898398 10.704608 302896 1001
1285229987 1204100 59.898422 10.704706 335728 1001
1285229988 1205101 59.898452 10.70479 343936 1001
1285229989 1206112 59.898452 10.70479 396720 1011
1285229990 1207128 59.898476 10.704887 400024 1016
1285229991 1208148 59.898502 10.704968 421112 1020
1285229992 1209149 59.898532 10.705051 545032 1001
1285229993 1210150 59.898532 10.705051 493048 1001
1285229994 1211151 59.898556 10.705149 439696 1001
1285229995 1212158 59.898586 10.705232 338464 1007
1285229996 1213169 59.89861 10.70533 382240 1011
1285229997 1214178 59.89861 10.70533 348040 1009
1285229998 1215179 59.898632 10.70541 473896 1001
1285229999 1216190 59.898664 10.705511 571024 1011
1285230000 1217198 59.898686 10.705591 505928 1008
1285230001 1218199 59.898686 10.705591 564184 1001
1285230002 1219200 59.89871 10.705689 587440 1001
1285230003 1220201 59.89874 10.705773 538760 1001
1285230004 1221210 59.898764 10.70587 562816 1009
1285230005 1222278 59.898764 10.70587 612632 1068
1285230006 1223279 59.898794 10.705954 594280 1001
1285230007 1224280 59.898818 10.706052 614800 1001
1285230008 1225289 59.89884 10.706132 566120 1009
1285230009 1226290 59.89884 10.706132 628480 1001
1285230010 1227292 59.898868 10.706233 541496 1002
1285230011 1228294 59.898894 10.706313 590176 1002
1285230012 1229299 59.898914 10.706411 505360 1005
1285230013 1230309 59.898914 10.706411 537392 1010
1285230014 1231312 59.898948 10.706494 613432 1003
1285230015 1232358 59.898968 10.706592 542864 1046
1285230016 1233359 59.898994 10.706672 613432 1001
1285230017 1234418 59.898994 10.706672 615368 1059
1285230018 1235419 59.899022 10.706773 605224 1001
1285230019 1236420 59.899048 10.706853 598384 1001
1285230020 1237421 59.899076 10.706955 525080 1001
1285230021 1238438 59.899076 10.706955 599752 1017
1285230022 1239488 59.899097 10.707035 540128 1050
1285230023 1240489 59.899122 10.707132 616168 1001
1285230024 1241498 59.899151 10.707216 591544 1009
1285230025 1242499 59.899151 10.707216 492248 1001
1285230026 1243500 59.899176 10.707314 531352 1001
1285230027 1244508 59.899204 10.707415 479368 1008
1285230028 1245509 59.89923 10.707495 419176 1001
1285230029 1246510 59.89923 10.707495 353512 1001
1285230030 1247511 59.89925 10.707593 421912 1001
1285230031 1248512 59.899284 10.707676 442432 1001
1285230032 1249518 59.899304 10.707774 456112 1006
1285230033 1250519 59.899304 10.707774 390449 1001
1285230034 1251528 59.899333 10.707857 423280 1009
1285230035 1252529 59.899358 10.707955 383608 1001
1285230036 1253530 59.89938 10.708035 402760 1001
1285230038 1254538 59.89938 10.708035 384976 1008
1285230039 1255548 59.899412 10.708136 476632 1010
1285230040 1256549 59.899434 10.708217 498520 1001
