1296542403 6177898 59.870967 10.657193 467123 1001
1296542408 6183413 59.870972 10.657193 16384 5515
1296542410 6184962 59.870972 10.657193 117112 1549
1296542411 6186024 59.870979 10.657197 47880 1062
1296542412 6187062 59.870979 10.657197 75750 1038
1296542413 6188063 59.870979 10.657197 92975 1001
1296542414 6189262 59.870979 10.657197 170034 1199
1296542415 6190342 59.870984 10.657197 175020 1080
1296542416 6191373 59.870984 10.657197 211251 1031
1296542417 6192452 59.87099 10.657218 289373 1079
1296542418 6193453 59.87099 10.657218 327957 1001
1296542419 6194454 59.87099 10.657218 369687 1001
1296542420 6195587 59.87099 10.657218 328871 1133
1296542422 6196732 59.871002 10.657221 335286 1145
1296542423 6197823 59.870996 10.657238 387126 1091
1296542424 6198932 59.871004 10.657242 473490 1109
1296542425 6199933 59.871012 10.657245 376576 1001
1296542426 6201072 59.87101 10.657263 441850 1139
1296542427 6202073 59.871018 10.657266 502488 1001
1296542428 6203082 59.87103 10.657269 381203 1009
1296542429 6204092 59.871038 10.657272 297279 1010
1296542430 6205093 59.87105 10.657276 287324 1001
1296542431 6206113 59.871062 10.657279 310900 1020
1296542432 6207114 59.871074 10.657282 349759 1001
1296542433 6208292 59.871086 10.657286 392434 1178
1296542434 6209294 59.871094 10.657289 353589 1002
1296542435 6210311 59.871124 10.657316 293303 1016
1296542436 6211312 59.871136 10.65732 209866 1001
1296542437 6212313 59.871136 10.65732 405079 1001
1296542438 6213314 59.871148 10.657323 485166 1001
1296542439 6214322 59.871162 10.657347 469641 1008
1296542440 6215324 59.871185 10.657371 376438 1001
1296542441 6216332 59.871203 10.657395 475824 1008
1296542442 6217334 59.871216 10.657399 449243 1002
1296542443 6218335 59.871216 10.657399 481877 1001
1296542444 6219341 59.871234 10.657423 325679 1006
1296542445 6220343 59.871272 10.657454 262370 1001
1296542446 6221352 59.871284 10.657457 269496 1009
1296542447 6222353 59.871302 10.657481 183426 1001
1296542448 6223371 59.871302 10.657481 226687 1018
1296542449 6224373 59.871322 10.657488 299592 1001
1296542450 6225381 59.871359 10.657536 326518 1007
1296542451 6226382 59.871383 10.657543 434440 1001
1296542452 6227442 59.871401 10.657567 424981 1060
1296542453 6228443 59.87142 10.657591 452364 1001
1296542454 6229444 59.871438 10.657615 485146 1001
1296542456 6230822 59.871456 10.657639 640943 1087
1296542457 6231832 59.871475 10.657663 406292 1010
1296542458 6232962 59.871498 10.657687 321394 1130
1296542459 6233963 59.871516 10.657712 381979 1001
1296542460 6234964 59.871542 10.657739 441187 1001
1296542461 6235972 59.87156 10.657763 413964 1008
1296542462 6236982 59.871583 10.657787 376678 1010
1296542463 6237983 59.871609 10.657815 375216 1001
1296542464 6239121 59.871627 10.657839 390351 1138
1296542465 6240211 59.871658 10.657866 356652 1090
1296542466 6241212 59.871684 10.657894 406096 1001
1296542467 6242213 59.871702 10.657918 400351 1001
1296542468 6243261 59.871733 10.657945 487846 1048
1296542469 6244272 59.871749 10.657987 397163 1011
1296542470 6245431 59.871806 10.658042 460433 1159
1296542471 6246432 59.871835 10.658087 403626 1001
1296542472 6247433 59.871853 10.658111 436271 1001
1296542473 6248441 59.871884 10.658139 277196 1008
1296542474 6249443 59.871908 10.658184 274216 1002
1296542475 6250461 59.871939 10.658211 353498 1018
1296542476 6251462 59.871965 10.658238 463752 1001
1296542477 6252463 59.871994 10.658283 265965 1001
1296542478 6253471 59.872024 10.658311 376382 1008
1296542479 6254491 59.87205 10.658338 305315 1020
1296542480 6255492 59.872079 10.658383 392491 1001
1296542482 6256951 59.872117 10.658414 559669 1170
1296542483 6257952 59.872143 10.658442 433950 1001
1296542484 6258953 59.872172 10.658487 450468 1001
1296542485 6259961 59.872203 10.658514 509659 1008
1296542486 6260962 59.872239 10.658562 508294 1001
1296542487 6262051 59.87227 10.65859 407372 1089
1296542488 6263052 59.872294 10.658635 417026 1001
1296542489 6264062 59.872332 10.658666 340632 1010
1296542490 6265063 59.872361 10.65871 259791 1001
1296542491 6266211 59.87239 10.658755 312758 1148
1296542492 6267212 59.872424 10.658786 430920 1001
1296542493 6268221 59.872453 10.658831 185284 1009
1296542494 6269351 59.872491 10.658862 276681 1130
1296542495 6270361 59.872558 10.658938 332424 1010
1296542496 6271362 59.872595 10.658986 251147 1001
1296542498 6272721 59.872633 10.659017 347942 1002
1296542499 6273731 59.872662 10.659062 285912 1010
1296542500 6274811 59.8727 10.659093 109401 1080
1296542501 6275812 59.872737 10.659141 258552 1001
1296542502 6276816 59.872773 10.659189 250251 1004
1296542503 6277820 59.872804 10.659217 212040 1004
1296542504 6278821 59.872841 10.659265 198360 1001
1296542505 6279831 59.872877 10.659313 221947 1010
1296542506 6280841 59.872914 10.659361 278131 1010
1296542507 6281851 59.872952 10.659392 233685 1010
1296542508 6282852 59.872989 10.659441 249487 1001
1296542509 6283853 59.873018 10.659486 257038 1001
1296542510 6284860 59.873054 10.659534 234296 1007
1296542511 6285862 59.873091 10.659582 294120 1002
1296542512 6286871 59.873128 10.65963 251766 1009
1296542513 6287881 59.873164 10.659679 291014 1009
1296542514 6288882 59.873201 10.659727 296287 1001
1296542515 6289883 59.873238 10.659775 298815 1001
1296542516 6290891 59.873274 10.659824 317007 1008
1296542517 6291898 59.873315 10.659872 402192 1007
1296542518 6292901 59.873352 10.65992 362401 1002
1296542519 6294071 59.873389 10.659969 472777 1170
1296542520 6295081 59.873425 10.660017 343368 1010
1296542521 6296240 59.873461 10.660083 344986 1159
1296542522 6297481 59.873497 10.660131 336152 1241
1296542523 6298482 59.87357 10.660228 325584 1001
1296542525 6299630 59.873607 10.660276 375753 1148
1296542526 6300641 59.873648 10.660324 444331 1010
1296542527 6301645 59.873693 10.660376 446994 1004
1296542528 6302646 59.873728 10.660442 446110 1001
1296542529 6303661 59.873764 10.66049 370683 1015
1296542530 6304830 59.873801 10.660538 248925 1169
1296542531 6305831 59.873838 10.660586 316008 1001
1296542532 6306832 59.873882 10.660638 326046 1001
1296542533 6307840 59.873923 10.660686 197365 1008
1296542534 6308841 59.873958 10.660752 406252 1001
1296542535 6309851 59.873995 10.660801 468141 1010
1296542536 6310852 59.874039 10.660852 475521 1001
1296542537 6311861 59.874076 10.6609 404735 1009
1296542538 6312863 59.874113 10.660949 402387 1001
1296542539 6313890 59.874161 10.661 423488 1027
1296542540 6314891 59.874198 10.661049 441971 1001
1296542541 6315900 59.874233 10.661115 432903 1009
1296542542 6316910 59.874278 10.661166 348203 1010
1296542543 6317911 59.874319 10.661214 440576 1001
1296542544 6318912 59.874355 10.661263 453563 1001
1296542545 6319914 59.8744 10.661314 588240 1002
1296542546 6321621 59.874436 10.661363 346192 1707
1296542548 6322630 59.874522 10.661463 835457 1009
1296542549 6323631 59.874558 10.661511 299592 1001
1296542550 6324640 59.874601 10.66158 288648 1009
1296542551 6325641 59.874643 10.661628 307291 1001
1296542552 6326642 59.874679 10.661677 426816 1001
1296542553 6327645 59.874723 10.661728 414471 1003
1296542554 6328650 59.87476 10.661776 509421 1005
1296542555 6329651 59.874809 10.661828 461329 1001
1296542556 6330652 59.874846 10.661876 487241 1001
1296542557 6331660 59.874885 10.661942 417240 1008
1296542558 6332661 59.87493 10.661994 301800 1001
1296542559 6333663 59.874966 10.662042 502056 1002
1296542560 6334740 59.875015 10.662094 499926 1009
1296542561 6335741 59.87505 10.66216 443232 1001
1296542562 6336944 59.875087 10.662208 16384 1203
1296542563 6337959 59.875136 10.66226 838721 1014
1296542564 6338965 59.875172 10.662308 305064 1006
1296542565 6339971 59.875215 10.662377 327001 1006
1296542566 6340972 59.875256 10.662425 376338 1001
1296542567 6341980 59.875301 10.662477 357048 1008
1296542568 6342981 59.875336 10.662543 267049 1001
1296542569 6343989 59.875377 10.662591 269496 1008
1296542570 6344999 59.875421 10.662643 257184 1010
1296542571 6346000 59.875462 10.662691 217898 1001
1296542572 6347002 59.875505 10.66276 419379 1002
1296542573 6348010 59.875542 10.662808 413918 1008
1296542574 6349060 59.875591 10.66286 356841 1050
1296542575 6350200 59.875626 10.662926 360430 1140
1296542576 6351210 59.87567 10.662977 380385 1010
1296542577 6352270 59.875711 10.663026 354552 1060
1296542578 6353340 59.875754 10.663095 372109 1070
1296542579 6354430 59.875795 10.663143 372719 1090
1296542580 6355489 59.875881 10.663243 333636 1059
1296542581 6356490 59.875924 10.663312 330188 1001
1296542582 6357520 59.87596 10.663361 344531 1030
1296542583 6358529 59.876009 10.663412 330983 1009
1296542584 6359530 59.876046 10.663461 387127 1001
1296542585 6360619 59.876095 10.663512 386709 1089
1296542587 6361645 59.87613 10.663578 433007 1026
1296542588 6362650 59.876171 10.663626 348907 1005
1296542589 6363651 59.876215 10.663678 406829 1001
1296542590 6364652 59.876264 10.66373 480889 1001
1296542591 6365654 59.876301 10.663778 457700 1002
1296542592 6366860 59.876348 10.663847 558467 1206
1296542593 6368061 59.876348 10.663847 25992 1201
1296542596 6371579 59.876429 10.663947 811597 3518
1296542597 6372580 59.876598 10.664164 248976 1001
1296542598 6373581 59.876635 10.664213 312966 1001
1296542599 6374591 59.876682 10.664282 331078 1009
1296542600 6375592 59.876719 10.66433 347819 1001
1296542601 6376599 59.876763 10.664382 326847 1007
1296542602 6377609 59.876804 10.66443 253788 1010
1296542603 6378610 59.876847 10.664499 324216 1001
1296542604 6379620 59.876884 10.664547 241849 1009
1296542605 6380622 59.876933 10.664599 299592 1002
1296542607 6381629 59.876976 10.664668 233006 1007
1296542608 6382630 59.877012 10.664717 283176 1001
1296542609 6383644 59.877055 10.664786 147987 1014
1296542610 6384649 59.877096 10.664834 272232 1004
1296542611 6385650 59.877141 10.664886 307161 1001
1296542612 6386669 59.877176 10.664952 378425 1019
1296542613 6387809 59.87722 10.665003 344209 1140
1296542614 6388869 59.877257 10.665051 280537 1060
1296542615 6389989 59.877304 10.665121 291385 1120
1296542616 6391010 59.877348 10.665172 330265 1021
1296542617 6392012 59.877384 10.665238 470588 1002
1296542618 6393030 59.877432 10.66529 442617 1018
1296542619 6394031 59.877468 10.665356 426844 1001
1296542620 6395032 59.877512 10.665407 388701 1001
1296542621 6396139 59.877548 10.665455 315290 1107
1296542622 6397229 59.877596 10.665525 350416 1090
1296542623 6398239 59.87764 10.665576 302328 1010
1296542624 6399249 59.877675 10.665642 219424 1010
1296542625 6400259 59.87772 10.665694 216007 1010
1296542626 6401268 59.877759 10.66576 238032 1009
1296542627 6402279 59.877804 10.665811 184628 1011
1296542628 6403280 59.877888 10.665929 302328 1001
1296542629 6404289 59.877888 10.665929 128086 1009
1296542630 6405290 59.877924 10.665977 331056 1001
1296542631 6406299 59.877969 10.666029 291164 1009
1296542632 6407300 59.878016 10.666098 317122 1001
1296542633 6408301 59.878097 10.666198 303696 1001
1296542634 6409309 59.878137 10.666264 253904 1008
1296542635 6410319 59.878137 10.666264 271509 1010
1296542636 6411419 59.878181 10.666315 262431 1100
1296542637 6412428 59.878265 10.666433 192888 1009
1296542638 6413429 59.878309 10.666484 170297 1001
1296542639 6414430 59.87835 10.666533 222984 1001
1296542640 6415449 59.878395 10.666584 201058 1019
1296542641 6416458 59.878437 10.666653 205200 1009
1296542642 6417461 59.878479 10.666702 187416 1003
1296542643 6418468 59.878523 10.666753 180947 1007
1296542644 6419469 59.878567 10.666805 276336 1001
1296542645 6420470 59.878608 10.666853 291912 1001
1296542646 6421489 59.878651 10.666922 295488 1019
1296542648 6422698 59.878692 10.666971 240648 1002
1296542649 6423699 59.878737 10.667022 325584 1001
1296542650 6424708 59.878781 10.667074 314495 1009
1296542651 6425719 59.878821 10.66714 290658 1011
1296542652 6426729 59.878865 10.667191 417240 1010
1296542653 6427939 59.878914 10.667243 351548 1210
1296542654 6428952 59.87895 10.667291 293983 1013
1296542655 6430159 59.878993 10.667361 271985 1207
1296542656 6431169 59.879042 10.667412 294195 1010
1296542657 6432188 59.879079 10.66746 228456 1019
1296542658 6433198 59.879121 10.66753 65321 1010
1296542659 6434199 59.879163 10.667578 146376 1001
1296542660 6435208 59.879207 10.66763 205033 1009
1296542661 6436209 59.879242 10.667695 170869 1001
1296542662 6437239 59.879291 10.667747 201531 1030
1296542663 6438280 59.879335 10.667799 162792 1041
1296542664 6439288 59.87937 10.667865 237417 1008
1296542665 6440378 59.879419 10.667916 195162 1090
1296542666 6441388 59.879499 10.668034 240768 1010
1296542667 6442389 59.879499 10.668034 221616 1001
1296542668 6443398 59.879583 10.668151 246167 1008
1296542669 6444399 59.879627 10.668203 273600 1001
1296542670 6445408 59.879667 10.668269 227088 1009
1296542671 6446409 59.879711 10.66832 197077 1001
1296542672 6447418 59.879748 10.668369 259920 1009
1296542673 6448419 59.879795 10.668438 206158 1001
1296542674 6449428 59.879839 10.668489 203037 1009
1296542675 6450429 59.879874 10.668555 287280 1001
1296542676 6451449 59.879919 10.668607 200456 1020
1296542677 6452458 59.87996 10.668655 264024 1009
1296542678 6453459 59.880003 10.668724 169184 1001
1296542679 6454468 59.880039 10.668773 284544 1009
1296542680 6455469 59.880087 10.668842 216086 1001
1296542681 6456478 59.880131 10.668893 247608 1009
1296542682 6457488 59.880168 10.668942 206740 1010
1296542683 6458498 59.880215 10.669011 259920 1010
1296542684 6459508 59.880252 10.669059 185731 1010
1296542685 6460518 59.880296 10.669111 154584 1010
1296542686 6461538 59.880343 10.66918 113544 1020
1296542687 6462558 59.88038 10.669228 99244 1020
1296542688 6463573 59.880424 10.66928 134064 1015
1296542689 6464578 59.880465 10.669328 116280 1005
1296542690 6465598 59.880508 10.669398 117648 1020
1296542691 6466608 59.880557 10.669449 69897 1010
1296542692 6467618 59.880594 10.669497 105336 1010
1296542694 6468647 59.880642 10.669549 125856 1029
1296542695 6469678 59.880678 10.669615 62011 1031
1296542696 6470688 59.880726 10.669667 32832 1010
1296542697 6471698 59.880763 10.669715 73872 1010
1296542698 6472708 59.880812 10.669767 53352 1010
1296542699 6473718 59.880855 10.669836 75240 1010
1296542700 6474727 59.880891 10.669884 47378 1009
1296542701 6475728 59.88094 10.669936 47880 1001
1296542702 6476747 59.880977 10.669984 79344 1019
1296542703 6477748 59.88102 10.670053 81579 1001
1296542704 6478827 59.881068 10.670105 58824 1079
1296542705 6479857 59.881105 10.670153 34200 1030
1296542706 6480867 59.881148 10.670222 30096 1010
1296542707 6481907 59.881189 10.670271 30096 1040
1296542708 6482917 59.881233 10.670322 29160 1010
1296542709 6483938 59.881276 10.670391 50616 1021
1296542710 6484950 59.881313 10.67044 56512 1012
1296542711 6485967 59.88136 10.670509 54720 1017
1296542712 6487007 59.881397 10.670557 24624 1040
1296542713 6488288 59.881441 10.670609 17670 1281
1296542714 6489368 59.881484 10.670678 8208 1080
1296542732 6507523 59.881525 10.670726 2736 18155
1296542733 6508553 59.881768 10.671079 13680 1030
1296542734 6509575 59.88198 10.671365 13680 1022
1296542735 6510613 59.882236 10.671721 13680 1038
1296542737 6511753 59.882445 10.67199 10325 1140
1296542738 6512793 59.882492 10.67206 60463 1040
1296542739 6513823 59.882529 10.672108 70318 1030
1296542740 6514833 59.882573 10.67216 76223 1010
1296542741 6515852 59.88262 10.672229 49269 1019
1296542742 6516853 59.882657 10.672277 75528 1001
1296542743 6517854 59.882701 10.672329 66682 1001
1296542744 6518863 59.882749 10.672398 75567 1009
1296542745 6519873 59.882785 10.672446 72279 1010
1296542746 6520874 59.882834 10.672498 68749 1001
1296542747 6521893 59.882869 10.672564 70487 1019
1296542748 6522903 59.882914 10.672615 109320 1010
1296542749 6524003 59.882962 10.672667 73974 1100
1296542750 6525023 59.882998 10.672733 77933 1019
1296542751 6526033 59.883042 10.672784 76546 1010
1296542752 6527044 59.883091 10.672836 89169 1011
1296542753 6528063 59.883127 10.672884 123721 1019
1296542754 6529071 59.88317 10.672954 97262 1008
1296542755 6530113 59.883219 10.673005 65534 1041
1296542756 6531153 59.883256 10.673054 42408 1040
1296542759 6534261 59.883298 10.673123 16384 3108
1296542760 6535263 59.883427 10.673292 167282 1002
1296542761 6536282 59.883475 10.673344 56106 1019
1296542762 6537402 59.883512 10.673392 24033 1120
1296542763 6538403 59.883604 10.673513 38304 1001
1296542764 6539422 59.883639 10.673579 16416 1019
1296542766 6540723 59.883688 10.67363 9766 1301
1296542767 6541834 59.883732 10.673682 10944 1111
1296542768 6542903 59.883767 10.673748 12312 1069
1296542769 6543972 59.883816 10.673799 12312 1069
1296542770 6545333 59.883851 10.673865 21881 1361
1296542771 6546342 59.883943 10.673986 45144 1009
1296542772 6547343 59.883943 10.673986 31596 1001
1296542773 6548362 59.88398 10.674034 52624 1019
1296542774 6549363 59.884059 10.674152 74642 1001
1296542775 6550382 59.884106 10.674221 64781 1019
1296542776 6551393 59.884143 10.674269 55197 1011
1296542777 6552413 59.884186 10.674339 58165 1019
1296542778 6553433 59.884227 10.674387 41857 1020
1296542779 6554462 59.88427 10.674456 37909 1029
1296542780 6555473 59.884305 10.674522 27360 1011
1296542781 6556622 59.884349 10.674574 27966 1149
1296542783 6557693 59.884389 10.67464 55166 1070
1296542784 6558703 59.884432 10.674709 57285 1010
1296542785 6560043 59.884469 10.674757 56841 1340
1296542786 6561123 59.884511 10.674826 62043 1080
1296542787 6562142 59.884553 10.674875 63889 1019
1296542788 6563192 59.884595 10.674944 66616 1050
1296542789 6564193 59.884631 10.67501 67032 1001
1296542790 6565202 59.884675 10.675061 36978 1009
1296542791 6566242 59.884715 10.675127 57721 1040
1296542792 6567252 59.884759 10.675179 56088 1010
1296542793 6568253 59.884794 10.675245 29680 1001
1296542794 6569322 59.884878 10.675362 35568 1069
1296542795 6570372 59.884921 10.675431 20520 1050
1296542796 6571392 59.884958 10.67548 15964 1020
1296542797 6572402 59.885005 10.675549 45144 1010
1296542798 6573414 59.885042 10.675597 25162 1012
1296542799 6574422 59.885084 10.675666 36936 1008
1296542800 6575442 59.885129 10.675718 24344 1020
1296542801 6576462 59.885168 10.675784 47880 1020
1296542802 6577482 59.885213 10.675836 22317 1020
1296542804 6578702 59.885249 10.675884 59913 1220
1296542805 6579722 59.885292 10.675953 65909 1020
1296542806 6580922 59.885333 10.676002 61322 1200
1296542807 6581972 59.885376 10.676071 34200 1050
1296542819 6593869 59.885376 10.676071 6840 11897
1296542820 6594873 59.88542 10.676122 5472 1004
1296542821 6595889 59.885584 10.676357 8208 1016
1296542822 6597269 59.885668 10.676475 5472 1380
1296542823 6598369 59.885752 10.676592 3568 1099
1296542824 6599389 59.885831 10.67671 1126 1020
1296542825 6600520 59.88596 10.676879 6840 1131
1296542826 6601590 59.886207 10.677232 21888 1070
1296542828 6602820 59.886242 10.677298 162134 1230
1296542829 6603830 59.886279 10.677346 125246 1010
1296542830 6604840 59.886322 10.677415 118237 1010
1296542831 6605841 59.886363 10.677464 145456 1001
1296542832 6607009 59.886406 10.677533 156052 1168
1296542833 6608010 59.886442 10.677581 166613 1001
1296542834 6609019 59.886485 10.67765 158396 1009
1296542835 6610170 59.886521 10.677716 196805 1151
1296542836 6611180 59.886569 10.677768 191160 1010
1296542837 6612339 59.886605 10.677834 155483 1159
1296542838 6613340 59.886684 10.677951 188784 1001
1296542839 6614350 59.886731 10.67802 163532 1010
1296542840 6615359 59.886768 10.678069 221616 1009
1296542841 6616360 59.886768 10.678069 163005 1001
1296542842 6617560 59.886847 10.678186 198113 1200
1296542843 6618570 59.886895 10.678255 216144 1010
1296542844 6619572 59.886931 10.678304 181278 1002
1296542845 6620580 59.886974 10.678373 196824 1007
1296542846 6621590 59.887011 10.678421 220495 1010
1296542847 6622591 59.887058 10.678491 204674 1001
1296542848 6623599 59.887095 10.678539 147453 1008
1296542849 6624619 59.88713 10.678605 114912 1020
1296542851 6625629 59.887174 10.678656 77164 1009
1296542852 6626719 59.887214 10.678722 87552 1090
1296542853 6627720 59.887258 10.678774 73915 1001
1296542854 6628729 59.887294 10.67884 168687 1009
1296542855 6629739 59.887338 10.678892 186048 1010
1296542856 6630740 59.887378 10.678957 157302 1001
1296542857 6631749 59.887422 10.679009 150072 1009
1296542858 6632759 59.887457 10.679075 136288 1010
1296542859 6633770 59.887506 10.679127 142272 1011
1296542860 6634779 59.887541 10.679193 115812 1009
1296542861 6636142 59.887585 10.679244 179208 1362
1296542862 6637149 59.887627 10.679293 153216 1007
1296542863 6638179 59.887669 10.679362 53880 1030
1296542864 6639199 59.887706 10.67941 82080 1020
1296542865 6640209 59.887753 10.679479 78288 1010
1296542866 6641219 59.88779 10.679528 103697 1010
1296542867 6642229 59.887833 10.679597 67032 1010
1296542868 6643239 59.887874 10.679645 111745 1010
1296542869 6644240 59.887917 10.679714 173374 1001
1296542870 6645250 59.887954 10.679763 230854 1010
1296542871 6646314 59.887996 10.679832 141360 1064
1296542872 6647329 59.88808 10.679949 132696 1015
1296542873 6648339 59.888117 10.679998 77442 1010
1296542874 6649349 59.888117 10.679998 93024 1010
1296542875 6650351 59.88816 10.680067 121044 1002
1296542876 6651359 59.888244 10.680185 219143 1008
1296542877 6652369 59.888287 10.680254 152093 1010
1296542878 6653379 59.888323 10.680302 187416 1010
1296542889 6663629 59.888323 10.680302 8208 10250
1296542890 6664631 59.888777 10.680983 99864 1002
1296542891 6665662 59.888813 10.681049 74168 1031
1296542892 6666811 59.888857 10.681101 100194 1149
1296542893 6667841 59.888892 10.681167 68585 1030
1296542894 6668941 59.888941 10.681218 53369 1100
1296542895 6669971 59.888976 10.681284 2736 1030
1296542896 6671041 59.88902 10.681336 116586 1070
1296542897 6672051 59.889056 10.681402 106272 1010
1296542898 6673061 59.889104 10.681453 100244 1010
1296542899 6674081 59.88914 10.681519 71566 1020
1296542900 6675091 59.889184 10.681571 49248 1010
1296542901 6676161 59.889227 10.68164 21669 1069
1296542902 6677191 59.889263 10.681689 55063 1030
1296542903 6678210 59.889311 10.681758 51984 1019
1296542904 6679211 59.889347 10.681806 62483 1001
1296542905 6680226 59.88939 10.681875 49827 1015
1296542906 6681241 59.889427 10.681924 78953 1015
1296542907 6682311 59.889474 10.681993 62928 1070
1296542908 6683450 59.889511 10.682041 31424 1139
1296542910 6684981 59.88959 10.682159 35568 1531
1296542911 6686001 59.889638 10.682228 46398 1020
1296542912 6687011 59.889674 10.682276 98615 1010
1296542913 6688230 59.889711 10.682325 119577 1219
1296542914 6689240 59.889754 10.682394 93314 1009
1296542915 6690261 59.88979 10.682442 50113 1021
1296542916 6691291 59.889838 10.682511 57933 1030
1296542917 6692300 59.889874 10.68256 72123 1009
1296542918 6693350 59.889958 10.682677 57984 1050
1296542919 6694420 59.890001 10.682747 50616 1070
1296542920 6695430 59.890038 10.682795 68004 1010
1296542921 6696440 59.890081 10.682864 54966 1010
1296542922 6697450 59.890117 10.682912 58824 1010
1296542923 6698560 59.890166 10.682964 22001 1110
1296542936 6711119 59.890166 10.682964 2736 12559
1296542937 6712160 59.890698 10.683718 41040 1040
1296542938 6713220 59.890742 10.68377 57330 1060
1296542939 6714260 59.890782 10.683835 106319 1040
1296542940 6715261 59.890826 10.683887 151236 1001
1296542941 6716389 59.890866 10.683953 174394 1128
1296542942 6717430 59.890902 10.684001 182045 1041
1296542943 6718440 59.890986 10.684119 165631 1010
1296542944 6719561 59.891026 10.684185 175541 1121
1296542945 6720569 59.891063 10.684233 158359 1008
1296542946 6721570 59.891098 10.684299 168211 1001
1296542947 6722571 59.891147 10.684351 191148 1001
1296542948 6723572 59.891182 10.684417 260665 1001
1296542950 6724660 59.891217 10.684483 251522 1088
1296542951 6725661 59.891254 10.684531 311280 1001
1296542952 6726669 59.891289 10.684597 295456 1008
1296542954 6728730 59.891332 10.684666 210373 2061
1296542955 6729879 59.891408 10.68478 87515 1149
1296542969 6743923 59.891443 10.684846 57456 14044
1296542970 6744924 59.891838 10.685483 34200 1001
1296542971 6745934 59.892026 10.685816 80712 1010
1296542972 6747094 59.892061 10.685882 85538 1159
1296542973 6748095 59.892096 10.685948 130627 1001
1296542974 6749104 59.892144 10.686017 118115 1009
1296542975 6750114 59.892179 10.686083 139142 1010
1296542976 6751124 59.892214 10.686149 142990 1010
1296542977 6752334 59.892249 10.686215 128386 1210
1296542978 6753343 59.892283 10.686298 212935 1009
1296542979 6754403 59.892326 10.686368 140055 1060
1296542980 6755404 59.892361 10.686434 137549 1001
1296542981 6756424 59.892432 10.686565 129960 1020
1296542982 6757434 59.892465 10.686649 66229 1009
1296542983 6758443 59.8925 10.686715 127332 1009
1296542984 6759444 59.892543 10.686784 180911 1001
1296542985 6760504 59.892543 10.686784 171020 1060
1296542986 6761513 59.892612 10.686933 102600 1009
1296543003 6778308 59.892612 10.686933 34200 16794
1296543004 6779451 59.892681 10.687083 5472 1142
1296543005 6780528 59.892785 10.687298 8208 1077
1296543007 6781748 59.892881 10.687528 5472 1220
1296543008 6782928 59.892948 10.687694 5472 1180
1296543009 6784108 59.893072 10.688007 8208 1180
1296543010 6785167 59.89316 10.688234 7311 1059
1296543011 6786248 59.893215 10.688397 2493 1081
1296543012 6787428 59.893309 10.688644 5472 1180
1296543013 6788588 59.893397 10.688909 8208 1160
1296543015 6789998 59.893474 10.689153 8208 1410
1296543016 6790999 59.893506 10.689254 87166 1001
1296543017 6792008 59.893528 10.689334 143297 1009
1296543018 6793028 59.893554 10.689414 45144 1020
1296543019 6794059 59.893583 10.689498 53143 1031
1296543020 6795278 59.893608 10.689595 115452 1219
1296543021 6796298 59.893629 10.689675 145151 1020
1296543025 6800327 59.893662 10.689777 49248 4029
1296543026 6801336 59.893759 10.690118 61624 1009
1296543027 6802346 59.893785 10.690198 140113 1010
1296543028 6803356 59.893835 10.690379 199303 1010
1296543029 6804357 59.893859 10.690477 197624 1001
1296543030 6805416 59.893888 10.690561 250939 1059
1296543031 6806427 59.893915 10.690641 285364 1010
1296543032 6807476 59.893935 10.690738 277780 1049
1296543033 6808487 59.893964 10.690822 325059 1011
1296543035 6809667 59.893984 10.69092 261342 1180
1296543036 6810668 59.89401 10.691 233548 1001
1296543037 6811676 59.89404 10.691083 217463 1007
1296543038 6812677 59.89406 10.691181 182430 1001
1296543039 6813686 59.894086 10.691261 156589 1009
1296543040 6814776 59.894106 10.691359 177387 1090
1296543041 6815937 59.894135 10.691442 200020 1161
1296543042 6816966 59.894156 10.69154 186954 1029
1296543043 6817967 59.894182 10.69162 134064 1001
1296543044 6818987 59.894202 10.691718 128812 1020
1296543045 6820006 59.894231 10.691801 161424 1019
1296543046 6821016 59.894257 10.691881 73601 1010
1296543047 6822036 59.894278 10.691979 151848 1020
1296543048 6823046 59.894299 10.692059 96717 1010
1296543049 6824047 59.894324 10.692157 134064 1001
1296543050 6825056 59.894353 10.692241 142420 1009
1296543051 6826067 59.894373 10.692338 124488 1011
1296543052 6827087 59.894399 10.692418 105336 1020
1296543053 6828096 59.89442 10.692516 79858 1009
1296543054 6829106 59.894453 10.6926 158688 1010
1296543055 6830107 59.894475 10.69268 137243 1001
1296543056 6831116 59.894495 10.692777 205200 1009
1296543057 6832117 59.894521 10.692858 139346 1001
1296543058 6833246 59.894549 10.692959 75240 1129
1296543059 6834247 59.894575 10.693039 87552 1001
1296543060 6835256 59.894597 10.693119 89525 1009
1296543061 6836266 59.894617 10.693217 131328 1010
1296543062 6837476 59.894671 10.693398 116280 1210
1296543063 6838487 59.894697 10.693478 172368 1011
1296543064 6839496 59.894726 10.693561 102102 1009
1296543065 6840506 59.894747 10.693659 73872 1010
1296543066 6841516 59.894773 10.693739 117648 1010
1296543068 6842756 59.894773 10.693739 17784 1240
1296543078 6853281 59.894801 10.69384 4104 10525
1296543079 6854417 59.894902 10.694182 8208 1135
1296543080 6855477 59.894978 10.694443 6840 1060
1296543081 6856620 59.895007 10.694527 2736 1143
1296543083 6857908 59.895087 10.694788 5472 1288
1296543084 6859077 59.895129 10.694966 5472 1169
1296543085 6860477 59.895209 10.695227 5472 1400
1296543086 6861498 59.895283 10.695506 6840 1021
1296543088 6862657 59.895305 10.695586 8208 1159
1296543089 6863757 59.895337 10.695687 5472 1100
1296543090 6864937 59.895359 10.695768 5472 1180
1296543091 6866140 59.895385 10.695848 5472 1203
1296543092 6867337 59.895405 10.695945 5472 1197
1296543093 6868577 59.895459 10.696127 5472 1240
1296543095 6869697 59.895481 10.696207 4104 1120
1296543096 6870837 59.895505 10.696305 6840 1140
1296543097 6871997 59.895527 10.696385 9576 1160
1296543098 6873257 59.895555 10.696486 6840 1260
1296543099 6874557 59.895581 10.696566 5472 1300
1296543101 6875642 59.895627 10.696744 8208 1085
1296543102 6876808 59.895649 10.696824 6840 1166
1296543103 6877847 59.895649 10.696824 2778 1039
1296543104 6878867 59.895703 10.697005 36936 1020
1296543105 6879897 59.895723 10.697103 46512 1030
1296543106 6880937 59.895749 10.697183 34882 1040
1296543107 6882207 59.895769 10.697281 37851 1270
1296543108 6883208 59.895799 10.697364 38304 1001
1296543109 6884237 59.895823 10.697462 28923 1029
1296543110 6885267 59.895845 10.697542 39672 1030
1296543111 6886327 59.895867 10.697622 30614 1060
1296543112 6887337 59.89592 10.697804 38304 1010
1296543113 6888347 59.895945 10.697901 45144 1010
1296543114 6889357 59.895945 10.697901 35315 1010
1296543115 6890617 59.895996 10.698065 46412 1260
1296543116 6891628 59.896021 10.698163 45144 1011
1296543118 6892657 59.89605 10.698246 35464 1029
1296543119 6893767 59.896075 10.698344 45144 1109
1296543120 6894787 59.896096 10.698424 28039 1020
1296543121 6895797 59.896126 10.698507 54720 1010
1296543122 6896827 59.89615 10.698605 34689 1030
1296543123 6897837 59.896172 10.698685 39672 1010
1296543124 6899057 59.896198 10.698766 32418 1220
1296543125 6900100 59.896226 10.698867 35568 1043
1296543126 6901298 59.896252 10.698947 31145 1198
1296543127 6902327 59.896301 10.699128 35568 1029
1296543128 6903377 59.896328 10.699208 15048 1050
1296543130 6904697 59.896328 10.699208 18479 1320
1296543131 6906108 59.896374 10.699386 35568 1411
1296543132 6907486 59.896402 10.699487 26846 1378
1296543134 6908688 59.896428 10.699567 6840 1202
1296543135 6909717 59.896474 10.699745 42408 1029
1296543136 6910860 59.896496 10.699825 23106 1143
1296543137 6911897 59.896528 10.699926 41040 1037
1296543138 6912987 59.89655 10.700006 27837 1090
1296543139 6914016 59.89657 10.700104 46512 1029
1296543140 6915127 59.896596 10.700184 28351 1111
1296543141 6916156 59.896616 10.700282 51984 1029
1296543142 6917197 59.896642 10.700362 30342 1041
1296543143 6918237 59.896662 10.70046 39672 1040
1296543144 6919276 59.896692 10.700543 31091 1039
1296543145 6920286 59.896738 10.700721 38304 1010
1296543146 6921306 59.896758 10.700819 32458 1020
1296543147 6922317 59.896758 10.700819 34094 1011
1296543148 6923337 59.896784 10.700899 46512 1020
1296543149 6924347 59.896805 10.700997 35047 1010
1296543150 6925447 59.896854 10.701178 31472 1100
1296543151 6926466 59.896879 10.701276 54720 1019
1296543152 6927496 59.8969 10.701356 35433 1030
1296543154 6928656 59.89692 10.701454 40479 1160
1296543155 6929847 59.896954 10.701537 42408 1191
1296543156 6930866 59.896974 10.701635 47146 1019
1296543157 6931876 59.896996 10.701715 45720 1010
1296543158 6932896 59.897016 10.701813 35327 1020
1296543159 6934027 59.897042 10.701893 29765 1131
1296543160 6935056 59.89707 10.701994 57456 1029
1296543161 6936086 59.897092 10.702074 35372 1030
1296543162 6937126 59.897116 10.702172 39672 1040
1296543163 6938136 59.897138 10.702252 42671 1010
1296543164 6939216 59.897167 10.702336 36241 1080
1296543165 6940226 59.897192 10.702433 46512 1010
1296543166 6941256 59.897214 10.702514 36524 1030
1296543167 6942427 59.897234 10.702611 41040 1171
1296543168 6943456 59.897289 10.702775 47597 1029
1296543169 6944476 59.897314 10.702873 46512 1020
1296543170 6945496 59.897343 10.702956 30407 1020
1296543172 6946687 59.897365 10.703036 43776 1191
1296543173 6947696 59.897389 10.703134 43646 1009
1296543174 6948807 59.897419 10.703218 46512 1111
1296543175 6949826 59.897439 10.703315 35987 1019
1296543176 6950966 59.897465 10.703396 40594 1140
1296543178 6952676 59.897494 10.703479 41040 1710
1296543179 6953687 59.897541 10.703657 20269 1011
1296543195 6969765 59.897541 10.703657 4104 16078
1296543197 6972171 59.89757 10.70374 1368 2406
1296543199 6974006 59.897616 10.703918 2736 1835
1296543200 6975243 59.897636 10.704016 2736 1237
1296543201 6976428 59.897692 10.70418 2736 1185
1296543202 6977546 59.897712 10.704277 2736 1118
1296543204 6978746 59.897787 10.704539 5472 1200
1296543205 6979784 59.897841 10.70472 4104 1038
1296543206 6981184 59.897888 10.704898 4104 1400
1296543207 6982605 59.897929 10.705076 5472 1421
1296543209 6983703 59.897983 10.705257 2736 1098
1296543210 6985184 59.898005 10.705337 2736 1481
1296543211 6986463 59.898051 10.705515 4104 1278
1296543212 6987543 59.898105 10.705696 2736 1080
1296543214 6988683 59.898152 10.705874 4104 1140
1296543215 6990182 59.898201 10.706056 4104 1499
1296543216 6991323 59.898247 10.706233 4104 1140
1296543217 6992384 59.898303 10.706397 4104 1061
1296543218 6993483 59.898344 10.706575 4104 1099
1296543219 6994484 59.898398 10.706756 4104 1001
1296543221 6995763 59.898445 10.706934 4104 1279
1296543222 6996963 59.898491 10.707112 4104 1200
1296543223 6997982 59.898546 10.707276 3239 1019
1296543224 6999303 59.898571 10.707374 1126 1321
1296543225 7000503 59.898668 10.707715 9576 1200
1296543226 7001504 59.898722 10.707896 16416 1001
1296543227 7002527 59.898722 10.707896 9576 1023
1296543228 7003604 59.89877 10.708057 19152 1077
1296543230 7004745 59.898802 10.708158 8208 1141
1296543231 7005764 59.898824 10.708238 10944 1019
1296543232 7007006 59.898845 10.708318 7295 1242
1296543233 7008104 59.898878 10.708419 13680 1098
1296543234 7009105 59.898899 10.708499 15048 1001
1296543235 7010163 59.898929 10.708583 15048 1058
1296543236 7011406 59.898949 10.708681 13680 1242
1296543237 7012526 59.899004 10.708844 16416 1120
1296543239 7013865 59.899024 10.708942 10265 1339
1296543240 7015023 59.899046 10.709022 13680 1158
1296543241 7016246 59.899075 10.709106 5472 1223
1296543243 7017945 59.899075 10.709106 2736 1699
1296543245 7019883 59.899117 10.709284 5472 1938
1296543246 7021005 59.899193 10.709545 5472 1122
1296543251 7025804 59.899193 10.709545 2736 4799
1296543252 7027245 59.899262 10.709824 6840 1441
1296543254 7029404 59.899318 10.709988 6840 2159
1296543256 7031624 59.899338 10.710085 1368 2220
1296543258 7032985 59.899367 10.710169 2736 1361
1296543259 7034282 59.899413 10.710347 2736 1297
1296543260 7035362 59.899455 10.710525 4104 1080
1296543261 7036502 59.899509 10.710706 4104 1140
1296543262 7037623 59.899555 10.710884 3972 1121
1296543263 7038625 59.899577 10.710964 1127 1002
1296543265 7039708 59.899652 10.711226 12312 1083
1296543266 7040784 59.899673 10.711323 15048 1076
1296543267 7041884 59.899694 10.711404 15048 1100
1296543268 7042907 59.899728 10.711487 15048 1023
1296543269 7044062 59.899728 10.711487 2917 1155
1296543275 7050369 59.89977 10.711665 4104 6307
1296543276 7051398 59.899938 10.712282 71939 1029
1296543277 7052609 59.899958 10.71238 117768 1211
1296543278 7053619 59.89998 10.71246 120748 1010
1296543280 7054669 59.900012 10.712561 165815 1050
1296543281 7055769 59.900034 10.712641 204695 1100
1296543282 7056859 59.900055 10.712722 226258 1090
1296543283 7057860 59.90008 10.712819 284583 1001
1296543284 7058999 59.900102 10.7129 318599 1139
1296543285 7060009 59.900122 10.712997 296242 1010
1296543286 7061010 59.900148 10.713077 249559 1001
1296543287 7062129 59.900168 10.713175 280531 1119
1296543288 7063130 59.900202 10.713259 355880 1001
1296543289 7064139 59.900223 10.713339 211723 1009
1296543290 7065149 59.900244 10.713437 313524 1010
1296543291 7066151 59.90027 10.713517 386359 1002
1296543292 7067299 59.90029 10.713615 392075 1148
1296543293 7068310 59.900319 10.713698 453258 1011
1296543294 7069319 59.900341 10.713778 491661 1009
1296543295 7070509 59.900395 10.71396 426530 1190
1296543296 7071511 59.900416 10.71404 430395 1001
1296543297 7072588 59.900441 10.714137 414731 1077
1296543298 7073590 59.900462 10.714218 492727 1002
1296543299 7074591 59.900492 10.714301 437771 1001
1296543300 7075592 59.900516 10.714399 419546 1001
1296543301 7076599 59.900538 10.714479 406402 1007
1296543302 7077619 59.900558 10.714577 403507 1020
1296543303 7078620 59.900592 10.71466 391743 1001
1296543304 7079621 59.900614 10.714741 439360 1001
1296543306 7080638 59.900634 10.714838 364591 1017
1296543307 7081644 59.900667 10.714922 323241 1006
1296543308 7082678 59.900689 10.715002 270249 1034
1296543309 7083679 59.900714 10.7151 246240 1001
1296543310 7084680 59.900735 10.71518 254625 1001
1296543311 7085688 59.900765 10.715263 265800 1008
1296543312 7086689 59.900789 10.715361 238475 1001
1296543313 7087699 59.900811 10.715441 258720 1010
1296543314 7088709 59.900837 10.715522 209071 1010
1296543315 7089710 59.900857 10.715619 85493 1001
1296543316 7090711 59.900879 10.7157 273893 1001
1296543317 7091718 59.900911 10.715801 364396 1007
1296543318 7092719 59.900933 10.715881 364980 1001
1296543319 7093728 59.900954 10.715961 346133 1009
1296543320 7094738 59.900979 10.716059 317663 1009
1296543321 7095749 59.901001 10.716139 193844 1011
1296543322 7096989 59.901001 10.716139 86184 1240
1296543323 7098027 59.901047 10.716317 73872 1038
1296543324 7099028 59.901076 10.7164 151848 1001
1296543325 7100050 59.901096 10.716498 193514 1022
1296543330 7105555 59.901122 10.716578 32832 5505
1296543331 7106578 59.901264 10.717115 616495 1023
1296543332 7107593 59.901286 10.717196 173736 1015
1296543333 7108598 59.901308 10.717276 186548 1005
1296543334 7109628 59.901332 10.717374 265157 1030
1296543336 7110629 59.901362 10.717457 171000 1001
1296543337 7111643 59.901383 10.717537 159305 1013
1296543338 7112648 59.901408 10.717635 275017 1005
1296543339 7113650 59.90143 10.717715 243102 1002
1296543340 7114658 59.901454 10.717813 295262 1008
1296543341 7115668 59.901476 10.717893 222683 1010
1296543342 7116678 59.901502 10.717973 211558 1009
1296543343 7117838 59.90153 10.718074 240007 1160
1296543344 7118847 59.901551 10.718155 222984 1009
1296543345 7119848 59.901577 10.718235 145610 1001
1296543346 7120849 59.901598 10.718333 322694 1001
1296543347 7121858 59.901624 10.718413 340269 1009
1296543348 7122859 59.901644 10.718511 318501 1001
1296543349 7123868 59.90167 10.718591 271088 1009
1296543350 7124878 59.901692 10.718671 325584 1010
1296543351 7125889 59.901719 10.718772 186842 1011
1296543352 7126917 59.901746 10.718852 171000 1027
1296543353 7127918 59.901766 10.71895 91656 1001
1296543354 7128957 59.901787 10.71903 90288 1039
1296543355 7129977 59.901813 10.71911 73872 1020
1296543356 7130987 59.901834 10.719208 31179 1010
1296543357 7131997 59.901855 10.719288 172368 1010
1296543358 7133006 59.901888 10.719389 127224 1009
1296543359 7134008 59.901909 10.71947 86184 1002
1296543360 7135017 59.901931 10.71955 96290 1009
1296543361 7136018 59.901955 10.719647 210672 1001
1296543362 7137037 59.901977 10.719728 139171 1019
1296543363 7138097 59.902006 10.719811 174299 1060
1296543364 7139118 59.902031 10.719909 119016 1021
1296543365 7140128 59.902053 10.719989 82080 1010
1296543366 7141137 59.902086 10.720073 154414 1009
1296543367 7142138 59.902108 10.720153 186048 1001
1296543368 7143147 59.902134 10.720233 93721 1009
1296543370 7144917 59.902162 10.720334 28728 1770
1296543371 7145927 59.90221 10.720495 60192 1009
1296543372 7146938 59.902243 10.720578 139536 1011
1296543373 7147947 59.902265 10.720658 109390 1009
1296543374 7148957 59.902299 10.720742 119016 1010
1296543375 7149968 59.90232 10.720822 102891 1011
1296543376 7150997 59.902346 10.720902 112176 1029
1296543377 7152187 59.902376 10.720986 96905 1190
1296543378 7153188 59.902402 10.721066 132696 1001
1296543379 7154387 59.902436 10.721149 93725 1199
1296543380 7155403 59.902491 10.721313 88920 1016
1296543381 7156404 59.902512 10.721393 76608 1001
1296543382 7157447 59.902537 10.721491 42934 1043
1296543384 7158737 59.902537 10.721491 13680 1290
1296543385 7159757 59.902592 10.721655 158688 1020
1296543386 7160767 59.902622 10.721738 71112 1010
1296543387 7161777 59.902648 10.721819 134374 1010
1296543388 7162797 59.902682 10.721902 32589 1020
1296543389 7163807 59.902703 10.721982 122696 1010
1296543390 7164808 59.902729 10.722062 136497 1001
1296543391 7165817 59.902759 10.722146 140423 1009
1296543392 7166827 59.902785 10.722226 169753 1010
1296543393 7167837 59.902818 10.72231 177732 1010
1296543394 7168838 59.90284 10.72239 159249 1001
1296543395 7169857 59.902874 10.722473 180926 1019
1296543396 7170868 59.9029 10.722554 143926 1011
1296543397 7171876 59.902931 10.72262 136834 1008
1296543398 7172897 59.902964 10.722703 163765 1021
1296543399 7173917 59.90299 10.722783 188410 1018
1296543400 7174987 59.90302 10.722867 194250 1070
1296543401 7176128 59.903046 10.722947 250099 1141
1296543402 7177397 59.903075 10.723031 267375 1269
1296543403 7178507 59.903135 10.723194 252867 1110
1296543404 7179508 59.903156 10.723274 274875 1001
1296543405 7180517 59.90319 10.723358 240857 1009
1296543406 7181527 59.903212 10.723438 186804 1010
1296543407 7182627 59.903246 10.723522 213400 1100
1296543409 7183788 59.903267 10.723602 258632 1161
1296543410 7184789 59.903301 10.723685 210735 1001
1296543411 7186296 59.903327 10.723766 144574 1507
1296543412 7187297 59.903356 10.723849 222113 1001
1296543413 7188467 59.903412 10.724013 316723 1170
1296543414 7189468 59.903445 10.724096 258044 1001
1296543415 7190469 59.903472 10.724177 273422 1001
1296543416 7191477 59.903501 10.72426 273600 1008
1296543417 7192487 59.903536 10.724326 237122 1010
1296543418 7193488 59.903562 10.724406 309168 1001
1296543419 7194497 59.903597 10.724472 184295 1009
1296543420 7195507 59.903631 10.724556 281808 1010
1296543421 7196508 59.903665 10.724639 245753 1001
1296543422 7197517 59.903688 10.724702 290016 1009
1296543424 7198666 59.903722 10.724786 247500 1149
1296543425 7199668 59.903757 10.724852 265392 1001
1296543426 7200676 59.90379 10.724935 227133 1008
1296543427 7201677 59.903826 10.725001 303696 1001
1296543428 7202678 59.903861 10.725067 290783 1001
1296543429 7203679 59.903895 10.725151 259600 1001
1296543430 7204687 59.90393 10.725217 247437 1007
1296543431 7205697 59.903957 10.725279 285912 1010
1296543432 7206816 59.903991 10.725363 113995 1119
1296543433 7207827 59.904031 10.725429 179208 1011
1296543434 7208828 59.904066 10.725495 185617 1001
1296543435 7209836 59.904101 10.725561 165544 1008
1296543436 7210856 59.904136 10.725627 121752 1020
1296543437 7211867 59.904171 10.725693 142093 1011
1296543438 7212876 59.904207 10.725759 318115 1009
1296543439 7213877 59.904242 10.725825 228488 1001
1296543440 7214886 59.904278 10.725873 235296 1008
1296543441 7215888 59.904326 10.725942 179018 1002
1296543442 7216906 59.904361 10.726008 228456 1018
1296543443 7217907 59.904396 10.726074 186474 1001
1296543444 7218916 59.904433 10.726123 261288 1009
1296543445 7219918 59.904468 10.726189 193377 1001
1296543446 7220928 59.904512 10.72624 277704 1010
1296543447 7221936 59.904547 10.726306 206577 1008
1296543448 7223106 59.904589 10.726355 285288 1170
1296543449 7224117 59.904624 10.726421 331056 1011
1296543450 7225118 59.904668 10.726472 300569 1001
1296543451 7226126 59.904705 10.726521 282575 1008
1296543452 7227127 59.904753 10.726573 302990 1001
1296543453 7228256 59.90479 10.726621 259820 1129
1296543454 7229257 59.904827 10.726669 296856 1001
1296543455 7230266 59.904871 10.726721 240252 1008
1296543456 7231267 59.904912 10.72677 220973 1001
1296543457 7232268 59.904956 10.726821 301715 1001
1296543458 7233276 59.904993 10.72687 218439 1008
1296543459 7234277 59.90508 10.726952 272232 1001
1296543460 7235286 59.90508 10.726952 173369 1008
1296543461 7236406 59.905167 10.727035 295528 1120
1296543462 7237407 59.905212 10.727069 385776 1001
1296543463 7238408 59.905253 10.727118 374136 1001
1296543464 7239409 59.905299 10.727152 267097 1001
1296543465 7240410 59.905342 10.727183 477254 1001
1296543466 7241427 59.905378 10.727231 403843 1017
1296543467 7242428 59.905424 10.727265 321536 1001
1296543468 7243429 59.905467 10.727296 444153 1001
1296543469 7244430 59.905512 10.72733 450318 1001
1296543470 7245436 59.905553 10.727379 549409 1005
1296543471 7246437 59.905593 10.727392 448461 1001
1296543472 7247438 59.905639 10.727426 428286 1001
1296543473 7248446 59.905681 10.727457 294066 1008
1296543474 7249456 59.905719 10.727488 412145 1010
1296543475 7250466 59.905767 10.727505 378634 1010
1296543476 7251476 59.905806 10.727518 329688 1010
1296543477 7252477 59.905849 10.727549 307553 1001
1296543478 7253486 59.905888 10.727562 323441 1009
1296543479 7254487 59.905928 10.727575 392873 1001
1296543480 7255488 59.90597 10.727606 403669 1001
1296543481 7256556 59.90601 10.72762 375065 1068
1296543482 7257558 59.906049 10.727633 468721 1001
1296543483 7258567 59.906087 10.727664 387122 1009
1296543484 7259576 59.906127 10.727677 423973 1009
1296543485 7260586 59.906171 10.72769 309996 1010
1296543486 7261587 59.90621 10.727704 285855 1001
1296543487 7262596 59.906242 10.727714 446623 1009
1296543490 7264935 59.90628 10.727744 289999 2339
1296543491 7265936 59.906352 10.727768 784109 1001
1296543492 7266956 59.906391 10.727781 253376 1020
1296543493 7268085 59.906423 10.727791 337985 1128
1296543494 7269195 59.906463 10.727804 396213 1110
1296543495 7270296 59.906495 10.727814 417663 1101
1296543496 7271297 59.906534 10.727828 506160 1001
1296543497 7272307 59.906566 10.727838 247996 1008
1296543498 7273316 59.906636 10.727878 258284 1009
1296543499 7274318 59.906668 10.727888 316008 1002
1296543500 7275325 59.906668 10.727888 264194 1007
1296543501 7276327 59.9067 10.727898 253606 1002
1296543502 7277336 59.906732 10.727908 310807 1009
1296543503 7278337 59.906794 10.727946 313722 1001
1296543504 7279338 59.906826 10.727956 285737 1001
1296543505 7280347 59.906852 10.727983 348840 1009
1296543506 7281356 59.906852 10.727983 293486 1009
1296543507 7282365 59.906884 10.727993 264776 1009
1296543508 7283366 59.906948 10.728013 305064 1001
1296543509 7284376 59.906978 10.728041 252197 1010
1296543510 7285386 59.907005 10.728051 290016 1010
1296543511 7286505 59.907037 10.728061 258508 1119
1296543512 7287506 59.907065 10.728071 316008 1001
1296543513 7288515 59.907097 10.728081 284270 1009
1296543514 7289516 59.907122 10.728108 288084 1001
1296543515 7290517 59.907147 10.728115 269050 1001
1296543516 7291625 59.907179 10.728125 253589 1108
1296543518 7292776 59.907206 10.728135 288097 1151
1296543519 7293778 59.907233 10.728145 338355 1002
1296543520 7294785 59.907265 10.728155 417576 1007
1296543521 7295786 59.907284 10.728179 345358 1001
1296543522 7296926 59.907316 10.728189 391956 1140
1296543523 7297985 59.907343 10.728199 386584 1059
1296543524 7299145 59.907367 10.728206 372755 1160
1296543525 7300146 59.907395 10.728216 333556 1001
1296543526 7301295 59.907421 10.728243 350965 1149
1296543527 7302306 59.907472 10.72826 371902 1009
1296543528 7303316 59.9075 10.72827 470808 1010
1296543529 7304317 59.9075 10.72827 392262 1001
1296543530 7305326 59.90753 10.728297 266202 1009
1296543531 7306375 59.90755 10.728304 201281 1049
1296543532 7307385 59.907605 10.728324 273055 1010
1296543533 7308386 59.907629 10.728331 317376 1001
1296543534 7309387 59.907655 10.728358 303239 1001
1296543535 7310396 59.907682 10.728368 278180 1009
1296543536 7311406 59.907702 10.728375 378224 1010
1296543537 7312585 59.907734 10.728385 333027 1179
1296543538 7313586 59.90776 10.728412 351520 1001
1296543539 7314587 59.90778 10.728419 379305 1001
1296543540 7315595 59.907811 10.728429 402641 1008
1296543541 7316596 59.907839 10.728439 418857 1001
1296543542 7317598 59.907857 10.728463 488264 1002
1296543543 7318606 59.907889 10.728473 433364 1008
1296543544 7319615 59.907909 10.72848 290471 1009
1296543545 7320616 59.907929 10.728486 307051 1001
1296543546 7321626 59.90796 10.728496 303990 1010
1296543548 7322665 59.90798 10.728503 285976 1039
1296543549 7323755 59.908008 10.728513 348577 1090
1296543550 7324757 59.908027 10.72852 374853 1002
1296543551 7325856 59.908059 10.72853 356528 1099
1296543552 7326865 59.908079 10.728536 406432 1009
1296543553 7327866 59.908099 10.728543 431416 1001
1296543554 7329055 59.908129 10.728571 331511 1189
1296543555 7330056 59.908149 10.728577 385004 1001
1296543556 7331225 59.908169 10.728584 400146 1169
1296543557 7332344 59.908201 10.728594 359756 1119
1296543558 7333405 59.90822 10.728601 379200 1060
1296543559 7334435 59.90824 10.728607 347561 1030
1296543560 7335436 59.908292 10.728624 346407 1001
1296543561 7336445 59.908312 10.72863 430742 1009
1296543562 7337455 59.908336 10.728637 372711 1010
1296543563 7338475 59.908363 10.728647 273031 1020
1296543564 7339477 59.908381 10.728671 233816 1002
1296543565 7340479 59.908406 10.728678 239947 1002
1296543567 7341685 59.908426 10.728685 356596 1206
1296543568 7342875 59.908445 10.728691 437507 1190
1296543569 7343885 59.90847 10.728698 351576 1010
1296543570 7344895 59.908489 10.728705 249553 1010
1296543571 7345905 59.908509 10.728711 399009 1010
1296543572 7346906 59.908541 10.728721 391248 1001
1296543573 7347907 59.908561 10.728728 343833 1001
1296543574 7348914 59.908579 10.728752 372060 1007
1296543575 7349935 59.908599 10.728759 280242 1021
1296543576 7351025 59.908619 10.728765 388474 1089
1296543577 7352034 59.908643 10.728772 314640 1008
1296543578 7353035 59.908663 10.728779 207503 1001
1296543579 7354124 59.908682 10.728785 256374 1089
1296543580 7355125 59.90871 10.728795 362520 1001
1296543581 7356126 59.908729 10.728802 284041 1001
1296543582 7357135 59.908754 10.728809 284476 1009
1296543583 7358145 59.908774 10.728815 378420 1010
1296543584 7359155 59.908793 10.728822 272312 1010
1296543585 7360156 59.908821 10.728832 374832 1001
1296543586 7361164 59.90884 10.728839 218130 1008
1296543587 7362165 59.908865 10.728845 256401 1001
1296543588 7363364 59.908884 10.728852 265052 1199
1296543589 7364365 59.908923 10.728883 270864 1001
1296543590 7365374 59.908942 10.728889 257822 1009
1296543591 7366386 59.908967 10.728896 312638 1012
1296543592 7367394 59.908986 10.728903 337083 1008
1296543593 7368465 59.908998 10.728906 429601 1071
1296543594 7369466 59.909023 10.728913 445968 1001
1296543597 7371754 59.909042 10.728919 258713 2288
1296543598 7372756 59.909082 10.728933 753019 1002
1296543599 7373854 59.909102 10.728939 293822 1098
1296543600 7374855 59.909121 10.728946 326952 1001
1296543601 7375865 59.909141 10.728953 231506 1010
1296543602 7377073 59.909153 10.728956 296824 1208
1296543603 7378105 59.909176 10.72898 180474 1032
1296543604 7379114 59.909196 10.728987 314640 1009
1296543605 7380115 59.909216 10.728993 226076 1001
1296543606 7381116 59.909235 10.729 455544 1001
1296543607 7382117 59.909255 10.729007 357174 1001
1296543608 7383124 59.909275 10.729013 275048 1007
1296543609 7384184 59.909287 10.729017 325110 1060
1296543610 7385185 59.909307 10.729023 422712 1001
1296543611 7386186 59.909327 10.72903 294549 1001
1296543612 7387206 59.909346 10.729037 305392 1019
1296543613 7388214 59.909366 10.729043 384408 1008
1296543614 7389224 59.909377 10.729064 208653 1010
1296543615 7390234 59.909397 10.729071 272232 1010
1296543616 7391244 59.909416 10.729078 234701 1009
1296543617 7392246 59.909429 10.729081 306432 1001
1296543618 7393254 59.909448 10.729088 286883 1008
1296543619 7394255 59.909468 10.729094 290016 1001
1296543620 7395264 59.909474 10.729115 238810 1009
1296543621 7396265 59.909494 10.729122 288822 1001
1296543622 7397274 59.909526 10.729132 387144 1008
1296543623 7398275 59.909526 10.729132 250952 1001
1296543624 7399284 59.909538 10.729135 276722 1009
1296543625 7400285 59.909549 10.729156 313272 1001
1296543626 7401294 59.909561 10.729159 252201 1009
1296543627 7402295 59.90959 10.729166 290048 1001
1296543628 7403304 59.909602 10.729169 341447 1009
1296543629 7404305 59.909602 10.729169 328329 1001
1296543630 7405306 59.909612 10.72919 285204 1001
1296543631 7406314 59.909625 10.729193 232405 1008
1296543632 7407403 59.909649 10.7292 283241 1088
1296543633 7408554 59.909661 10.729203 335041 1151
1296543634 7409557 59.909673 10.729207 363888 1002
1296543635 7410564 59.909681 10.72921 315063 1007
1296543636 7411565 59.909691 10.729231 331223 1001
1296543637 7412574 59.909703 10.729234 276934 1008
1296543639 7413694 59.909716 10.729238 384570 1120
1296543640 7414708 59.909728 10.729241 422712 1014
1296543641 7415714 59.909735 10.729244 403660 1005
1296543642 7416725 59.909748 10.729248 360959 1011
1296543643 7417734 59.909758 10.729269 303021 1009
1296543644 7418735 59.909766 10.729272 319027 1001
1296543645 7419954 59.90977 10.729272 400660 1219
1296543646 7421164 59.909782 10.729275 424231 1210
1296543647 7422165 59.90979 10.729279 432163 1001
1296543648 7423166 59.909802 10.729282 407664 1001
1296543649 7424174 59.90981 10.729285 310690 1008
1296543650 7425175 59.909817 10.729288 297981 1001
1296543651 7426176 59.909822 10.729288 342000 1001
1296543652 7427184 59.90983 10.729292 298963 1008
1296543653 7428186 59.909842 10.729295 371704 1002
1296543654 7429194 59.909849 10.729298 481536 1008
1296543655 7430204 59.909849 10.729298 416114 1010
1296543656 7431205 59.909858 10.729284 436561 1001
1296543657 7432206 59.909866 10.729288 379420 1001
1296543658 7433214 59.909878 10.729291 272407 1008
1296543659 7434314 59.909886 10.729294 228796 1100
1296543660 7435324 59.909898 10.729298 284098 1010
1296543661 7436325 59.909906 10.729301 304169 1001
1296543662 7437335 59.909913 10.729304 429552 1010
1296543663 7438344 59.909913 10.729304 396607 1009
1296543664 7439373 59.909913 10.729304 371307 1029
1296543665 7440374 59.909934 10.729293 376200 1001
1296543666 7441375 59.909942 10.729297 342000 1001
1296543667 7442394 59.909947 10.729297 259110 1018
1296543668 7443403 59.909954 10.7293 351576 1008
1296543669 7444404 59.909962 10.729303 297951 1001
1296543670 7445405 59.909966 10.729303 470592 1001
1296543671 7446406 59.909974 10.729307 370518 1001
1296543672 7447414 59.909986 10.72931 383040 1008
1296543673 7448415 59.909986 10.72931 232560 1001
1296543674 7449423 59.909994 10.729313 298560 1008
1296543675 7450563 59.909994 10.729313 296524 1140
1296543676 7451564 59.910007 10.729299 410400 1001
1296543677 7452565 59.910007 10.729299 412626 1001
1296543678 7453566 59.910015 10.729302 400057 1001
1296543680 7454753 59.910015 10.729302 378297 1187
1296543681 7455754 59.910023 10.729306 340518 1001
1296543682 7456763 59.910023 10.729306 303658 1009
1296543683 7457773 59.910035 10.729309 269185 1010
1296543684 7458783 59.910035 10.729309 295506 1010
1296543685 7459883 59.910035 10.729309 251423 1100
1296543686 7460884 59.910042 10.729312 338606 1001
1296543687 7461885 59.910047 10.729312 265030 1001
1296543688 7462886 59.910047 10.729312 255473 1001
1296543689 7463893 59.910045 10.72933 252063 1007
1296543690 7464903 59.91005 10.72933 263171 1010
1296543691 7465904 59.910057 10.729333 308445 1001
1296543692 7466905 59.910057 10.729333 244491 1001
1296543693 7467912 59.910062 10.729333 239327 1007
1296543694 7468923 59.910062 10.729333 233618 1011
1296543695 7469925 59.910062 10.729333 261617 1002
1296543696 7470933 59.910066 10.729333 269962 1008
1296543697 7471944 59.910065 10.729351 268216 1011
1296543698 7472953 59.910073 10.729354 214148 1009
1296543699 7473964 59.910073 10.729354 246983 1011
1296543700 7474973 59.910074 10.729337 198068 1009
1296543701 7476024 59.910082 10.72934 193823 1051
1296543702 7477025 59.910086 10.72934 232560 1001
1296543703 7478033 59.910086 10.72934 220056 1008
1296543704 7479034 59.910094 10.729343 309168 1001
1296543705 7480043 59.910094 10.729343 269332 1008
1296543706 7481044 59.910094 10.729343 219192 1001
1296543707 7482045 59.910098 10.729343 335160 1001
1296543708 7483052 59.910106 10.729347 260507 1007
1296543709 7484053 59.910106 10.729347 272843 1001
1296543710 7485063 59.910106 10.729347 321480 1009
1296543711 7486064 59.910106 10.729347 269511 1001
1296543712 7487072 59.910111 10.729347 332424 1008
1296543713 7488073 59.910111 10.729347 269496 1001
1296543715 7490612 59.910118 10.72935 106844 2539
1296543717 7492044 59.910118 10.72935 790084 1432
1296543718 7493053 59.910118 10.72935 202464 1009
1296543719 7494063 59.910123 10.72935 236945 1010
1296543720 7495064 59.910123 10.72935 266602 1001
1296543721 7496073 59.910123 10.72935 267126 1009
1296543722 7497074 59.910123 10.72935 238438 1001
1296543723 7498083 59.910123 10.72935 295488 1009
1296543724 7499093 59.910123 10.72935 244241 1010
1296543725 7500103 59.910123 10.72935 228211 1010
1296543726 7501104 59.910127 10.72935 236664 1001
1296543727 7502113 59.910127 10.72935 203337 1008
1296543728 7503122 59.910127 10.72935 171417 1009
1296543729 7504123 59.910127 10.72935 240768 1001
1296543730 7505124 59.910127 10.72935 244750 1001
1296543731 7506132 59.910139 10.729353 247129 1008
1296543732 7507152 59.910139 10.729353 233963 1019
1296543733 7508153 59.910139 10.729353 210672 1001
1296543734 7509452 59.910139 10.729353 17784 1299
1296543736 7510892 59.910139 10.729353 3353 1440
1296543737 7512522 59.910141 10.729336 2736 1630
1296543738 7513550 59.910148 10.729339 117648 1027
1296543739 7514552 59.910148 10.729339 279072 1002
1296543741 7515743 59.910153 10.729339 305619 1191
1296543742 7516745 59.910153 10.729339 309168 1002
1296543743 7517753 59.910153 10.729339 276504 1008
1296543744 7518852 59.910154 10.729321 269430 1099
1296543745 7519972 59.910162 10.729325 297686 1120
1296543746 7521072 59.910162 10.729325 277343 1100
1296543747 7522162 59.910162 10.729325 255739 1090
1296543748 7523312 59.910162 10.729325 256753 1150
1296543749 7524483 59.910171 10.729311 258909 1171
1296543750 7525492 59.910171 10.729311 276575 1009
1296543751 7526493 59.910171 10.729311 236041 1001
1296543752 7527515 59.910171 10.729311 277394 1022
1296543753 7528522 59.910167 10.729311 355680 1006
1296543754 7529526 59.910174 10.729314 293160 1004
1296543755 7530532 59.910174 10.729314 279466 1006
1296543756 7531533 59.910176 10.729296 339264 1001
1296543757 7532292 59.910171 10.729296 180945 759
