1.0 1.75051348651
2.32 1.8379969651
3.55 0.43962276423
4.56 0.50034059406
5.74 1.09752542373
6.84 0.91345454545
7.85 1.21702970297
8.86 0.84628910891
9.86 1.22276123876
10.98 1.01095978552
11.99 1.74883168317
13.0 1.30823762376
14.02 1.90209411765
15.02 1.82539060939
16.15 1.46188839681
17.15 1.80036763237
18.16 1.94413465347
19.17 1.89107631318
20.18 1.91207121662
21.19 1.61129831516
22.36 1.39046153846
23.38 1.62163921569
24.39 1.70883960396
25.4 1.6674975272
26.44 1.0944
27.46 0.8832
28.49 1.54066019417
29.49 1.221002997
30.65 1.36187381158
31.66 1.71033827893
32.67 1.43365544554
33.68 1.55138156591
34.72 1.72858461538
35.91 1.86389915966
37.01 1.98706074343
38.17 1.87691882556
39.34 1.94231650984
40.34 1.87395804196
41.37 1.82886990291
42.37 1.99821157685
43.38 1.90549206349
44.39 1.67333069307
45.47 1.97509545876
46.47 1.76983016983
47.48 1.9415024777
48.48 1.64897502498
49.48 2.28501098901
50.49 1.11170634921
51.67 0.19460118544
52.81 1.92408077261
53.81 1.07144055944
54.82 2.17871683168
56.01 2.41882590412
57.01 2.82411155378
58.02 3.03983316783
59.03 2.99803564356
60.2 2.22222222222
61.29 2.83179449541
62.34 2.77891809524
63.35 3.09547722772
64.36 3.59708225966
65.36 3.1937982018
66.37 4.26699702676
67.53 3.6096744186
68.54 3.85992079208
69.54 3.25264335664
70.54 3.374001998
71.55 3.12754806739
72.55 2.59420579421
73.56 2.432
74.56 2.20131068931
75.57 1.90582358771
76.58 1.88381782178
77.58 2.40527472527
78.59 1.57982160555
79.6 1.83122376238
80.61 1.28944158416
81.62 0.87348910891
82.64 1.4592
84.02 0.23756874096
85.04 1.45336997056
86.04 2.17568031968
87.06 1.79075049116
88.07 1.55001980198
89.07 2.35060939061
90.08 1.49584142716
91.08 1.46503096903
92.09 1.29497131553
93.22 1.50819858156
94.23 1.87271216617
95.23 1.54599000999
96.24 1.70457142857
97.25 1.91790891089
98.27 1.19545882353
99.42 1.18131478261
100.43 1.44114059406
101.43 0.99611588412
102.44 1.67034291378
103.45 1.80855390702
104.46 1.87357623762
105.61 1.5246718886
106.62 1.43971513353
107.63 1.33322772277
108.64 0.856864222
109.65 0.74765940594
110.66 0.72598811881
111.67 0.53327524752
112.69 0.72888540646
113.7 0.74840039643
114.73 0.58631456311
115.75 0.91110675808
116.76 0.86771060456
117.91 0.84177932233
118.92 1.59441823588
119.92 1.30807592408
121.02 1.50775317604
122.03 1.60685714286
123.04 1.2705980198
124.05 0.95256237624
125.05 1.66182617383
126.07 0.91189008832
127.08 0.92194251734
128.08 0.96210989011
129.11 0.23398250729
130.12 1.15069436202
131.65 1.52575163399
132.65 1.42166633367
133.67 1.42650441609
134.92 0.6156352
135.92 1.69462537463
136.94 2.08168007851
138.23 0.57542325581
139.24 0.78016633663
140.24 0.5788742515
141.26 0.9997956778
142.26 1.13374625375
143.27 1.76796035679
144.28 1.16003165183
145.29 1.26902675917
146.3 0.90207715134
147.33 1.16045092323
148.36 1.53793986421
149.36 1.9412987013
150.37 2.15258730159
151.49 1.41894285714
152.49 1.3557002997
153.5 1.49277942631
154.51 1.88640634291
155.52 1.48881665015
156.54 0.63303529412
157.55 0.7584950495
158.57 0.56865882353
159.59 1.03636078431
160.59 1.58529470529
161.59 1.56342857143
162.6 1.25267460317
163.62 1.41108661417
164.62 1.29714741036
165.62 0.58044355644
166.63 0.85601584158
167.64 1.10112190287
168.65 1.32401978239
169.71 1.28177945335
170.71 1.37756643357
171.71 2.43793006993
172.88 1.91232904884
173.88 2.17341058941
174.92 2.0509412897
175.92 2.28723276723
176.93 2.46457142857
177.94 1.59421562809
179.11 1.56312745937
180.11 1.93515284715
181.11 1.99010778443
182.12 2.128
183.13 1.89193663366
184.14 2.57888316832
185.15 2.06807920792
186.15 1.4868971029
187.16 1.6844047619
188.33 1.87447309991
189.34 1.99375841584
190.36 1.5780627451
191.37 1.66868910891
192.37 1.60114285714
193.37 2.38340859141
194.38 1.56923015873
195.55 1.69359316239
196.56 1.97208712871
197.69 1.69052743363
198.7 2.21047128713
199.7 1.93353846154
200.71 2.62482457879
201.71 1.56681954138
202.72 2.32641916168
203.72 1.82536915423
204.72 2.28479041916
205.73 1.74842857143
206.74 1.64042772277
207.9 1.76870344828
208.91 2.26464950495
209.91 2.29301898102
210.91 2.44635364635
211.92 1.76796035679
212.96 0.55825986526
213.96 1.65089310689
215.09 0.87028520815
216.09 2.00075124875
217.65 0.5974566474
218.82 0.57878942882
219.82 2.30687712288
220.82 1.99486913087
221.83 1.85287611497
222.83 2.66766833167
223.84 1.99466666667
224.84 2.065998002
225.85 2.07226957384
226.85 2.41743056943
227.85 2.10377622378
228.86 2.25680952381
229.86 2.3527992008
230.87 1.75153221011
231.88 1.75537425743
232.89 1.13184158416
233.9 1.10633102081
234.91 0.96218397626
235.93 0.99685798237
236.94 0.80342857143
237.94 1.20663336663
238.95 1.65497821782
239.95 1.28095104895
240.96 1.16939544103
242.11 1.31627826087
243.13 1.89314509804
244.14 2.28782574257
245.15 2.25199603568
246.15 2.06682634731
247.16 2.13105252725
251.19 0.28569272772
252.34 5.43145786273
253.35 1.50615445545
254.35 2.39661138861
255.36 2.82567920792
256.4 2.85466794995
257.4 2.8891028971
258.41 2.55638019802
259.42 3.27686991063
260.42 3.74400798403
261.42 3.75360639361
262.46 3.89915688162
263.46 3.7996003996
264.46 4.6206033966
265.47 3.10873339941
266.47 3.84538123752
267.48 4.19871457086
268.48 3.72814385614
269.53 2.92086445498
270.54 4.78611275964
271.54 4.24686513487
272.55 3.9677775571
273.55 5.49384431138
274.99 0.3956580959
276.0 6.18735714286
277.01 2.59285291214
278.02 2.15660774578
279.02 3.11592407592
280.02 3.24919080919
281.02 5.13341317365
282.03 0.66152626363
283.04 2.67085714286
284.04 2.89726273726
285.04 2.55358241758
286.05 3.28971428571
287.06 3.81792475248
288.06 5.25880519481
289.06 3.13915684316
290.06 4.27038561439
291.07 3.73856603774
292.07 3.39251148851
293.07 4.15478921079
294.07 4.31856143856
295.08 3.06738522954
296.45 0.50070588235
297.81 5.55785882353
298.81 1.65089310689
299.85 2.30288803089
300.87 2.65828795299
301.87 2.01255544456
302.88 3.45999603568
303.89 3.73331485149
304.89 4.06304191617
305.9 3.47062698413
306.9 3.95777022977
307.93 3.09687937743
308.93 3.10499100899
309.93 3.19245554446
310.93 2.58626173826
311.94 2.08664150943
312.94 1.97225174825
313.95 1.98292277228
314.96 1.64296531219
315.97 1.38696237624
316.99 0.8325083089
319.21 0.13322272317
320.22 2.26748860258
321.22 1.61809390609
322.24 1.28862930187
323.24 1.47462937063
324.24 1.52805588822
325.29 1.5398739255
326.29 1.90235364635
327.29 2.0177022977
328.3 2.06799603568
329.31 2.47297522299
330.31 1.98923476523
331.32 2.58143904856
332.35 2.16400775194
333.36 2.57059266601
334.36 1.84441158841
335.36 1.8304015984
336.37 1.79142857143
337.38 1.25310604559
338.39 1.5494970297
339.44 1.59128380952
340.45 1.91980971259
341.45 1.73789410589
342.46 2.21047128713
343.48 2.02920784314
344.48 2.56927072927
345.5 1.88774092247
346.51 2.33126627219
347.52 1.82269582505
348.53 1.97310891089
349.54 1.52933994054
350.54 1.39943256743
351.55 1.12175841584
352.55 2.36154245754
353.56 1.58897619048
354.57 1.27734124629
355.59 1.04201568627
356.6 1.87456633663
357.61 1.14721584158
358.62 1.57272547076
359.63 0.78145994065
360.65 0.87981176471
361.72 0.69076894294
362.73 1.19074183976
363.75 0.93723921569
364.85 0.99651319381
365.86 1.1474421365
366.88 0.6522739726
367.95 1.28586516854
368.96 1.33278415842
369.97 0.92380574827
370.98 0.97645103858
372.22 1.05088387097
373.23 1.36529108911
374.24 1.11001980198
375.49 1.0915008
376.49 1.46503096903
377.5 1.06850346878
378.53 0.9838368932
379.54 1.10523564356
380.55 0.80704950495
381.61 0.84018867925
382.62 1.12690693069
383.64 0.94691764706
384.65 1.32194851485
385.65 1.12361238761
386.66 1.24524083251
387.76 0.65604359673
388.79 1.07360776699
389.79 1.15890509491
390.94 0.9583510917
391.95 1.23996059113
392.96 1.34628571429
393.96 0.81791008991
394.97 0.50927524752
395.99 0.40811776251
397.52 0.08583529412
399.31 0.08216312849
412.48 0.00664733126
413.92 0.0152
421.04 0.00307458913
422.05 0.34639762611
423.07 0.23697637795
424.8 0.39645008656
