1.0 1.89264335664
2.0 2.66443956044
3.04 0.79713294798
4.05 1.52592680514
5.05 1.00905494505
6.25 1.13126271893
7.25 1.50702097902
8.26 1.47557142857
9.26 1.36887112887
10.32 1.53706515581
11.32 1.91633166833
12.32 2.01125274725
13.41 1.50691911765
14.42 1.93219762846
15.43 2.05249108911
16.52 1.58624587156
17.53 2.50551437066
18.53 1.36792807193
19.54 2.02924083251
20.54 1.89294705295
21.56 1.9667740668
22.56 1.84815184815
23.57 1.84365578635
24.58 1.98141526264
25.6 1.8970029383
26.6 2.08066333666
27.6 2.02296903097
28.61 1.95911817279
29.65 2.10116153846
30.8 1.90419461338
31.88 2.00419647822
32.98 2.08215803815
33.98 2.00515484515
34.99 2.20535714286
35.99 2.02207392607
37.0 2.01206739346
38.0 1.97128471528
39.01 2.3404990099
40.01 1.90573426573
41.02 1.82072547076
42.16 1.82391571554
43.17 2.28632079208
44.18 1.90050693069
45.18 1.97888511489
48.83 0.25493011784
49.83 0.90926147705
50.84 2.51755555556
51.89 2.14698666667
52.89 3.1406033966
53.89 2.53548902196
54.9 2.97671499503
55.94 2.7468
56.94 3.40597802198
57.95 2.48269306931
58.95 2.77862674651
60.08 2.39852351375
61.16 2.58336296296
62.2 2.85411538462
63.2 3.11051348651
64.25 3.40740514776
65.25 3.31653946054
66.25 3.07526073926
67.26 3.21426362735
68.27 2.30799207921
69.27 2.12878321678
70.29 2.01753876349
71.5 1.80579834711
72.5 2.36154245754
73.51 1.87407936508
74.51 2.12101498501
75.52 1.59634851485
76.53 1.46281188119
77.54 1.36664420218
78.55 1.13200395648
79.55 1.13703896104
80.56 1.24785728444
81.72 1.60302758621
82.91 2.67280672269
83.94 2.50171650485
84.95 2.90834059406
85.96 3.1315009901
86.96 2.55198401598
87.97 1.27173015873
88.97 2.05662337662
90.03 2.22052830189
91.17 2.15912280702
92.28 2.22896576577
93.39 2.41597117117
94.4 2.44885544554
95.4 2.39669130869
96.41 2.95335579782
97.42 2.84498217822
98.42 2.40046353646
99.42 3.14015584416
100.43 2.30217782218
101.57 2.09761813426
102.58 2.47052673267
103.77 1.37862857143
104.78 2.34668774704
105.79 1.43314285714
106.8 0.72191683168
107.82 0.67595294118
108.83 1.05105742574
109.85 1.28752941176
111.03 0.91300338983
112.04 1.00771485149
113.21 1.22771282051
114.3 1.21488440367
115.31 1.41946930693
116.32 1.13214638971
117.4 1.22550509731
118.42 1.49138823529
119.44 1.23202352941
120.45 1.56806324111
121.67 0.96769786535
122.67 0.96210989011
123.69 0.93437487733
124.84 0.54399304348
125.89 2.26307897241
126.9 2.5259009901
128.08 2.29496271186
129.13 2.25624404194
130.14 1.72518019802
131.43 0.7290348567
132.44 1.74521549156
133.46 0.94141935484
134.47 1.06294549058
135.47 0.99963236763
136.47 1.3557002997
137.48 1.20800793651
138.48 1.99875449102
139.49 1.16812698413
140.52 0.70126601942
141.55 0.48876116505
142.56 1.14113207547
143.56 1.74818326693
144.64 2.32145185185
145.84 1.82874
146.84 1.15138461538
147.85 1.80338553023
148.87 1.75948235294
149.89 1.90983529412
150.9 1.32382953419
151.9 1.3433046953
152.91 1.17024950495
153.92 1.22217821782
154.93 1.58971881188
155.94 1.713728444
156.94 1.32512287712
157.95 1.414140455
158.97 1.32101275761
159.98 1.10852277228
160.99 0.92102970297
162.0 0.81815445545
163.02 1.44847058824
164.03 1.8093253493
165.03 2.23105555556
166.04 1.93215049505
167.06 1.86691764706
168.06 1.97310689311
169.07 2.36535976214
170.08 2.5388502994
171.08 3.06904295704
172.08 2.48682423039
173.09 1.4969740519
174.09 1.78057142857
175.1 1.32792871287
176.12 2.03659157689
177.13 1.85312983152
178.14 2.12378613861
179.15 1.83768712871
180.15 2.37247552448
181.16 2.12573253493
182.16 2.14303078451
183.16 2.14331268731
184.17 2.25805940594
185.18 2.22235528942
186.18 1.87724329692
187.18 2.19754645355
188.19 1.9980979021
189.19 2.34281863231
190.28 2.26899540863
191.29 2.64128189911
192.3 2.16966501487
193.5 2.16236
194.51 3.02015430267
196.99 0.83055806452
198.0 5.76248959366
199.0 1.96795204795
200.1 1.83791082803
201.1 2.19754645355
202.11 1.61341058941
203.11 1.75885714286
204.12 1.6870504451
205.13 1.92302574257
206.14 2.27548514851
207.15 1.10587722772
208.2 0.59466920877
209.21 0.16237388724
210.22 1.65116167665
211.22 1.49828571429
212.24 1.94091034483
213.36 2.19323022222
214.37 2.40527472527
215.37 2.0704222002
216.38 2.01568031968
217.38 1.85698301698
218.38 2.25770634921
219.4 2.03294071146
220.4 2.19861876248
221.4 2.25606361829
222.58 2.70377627119
223.59 2.49327472527
224.59 2.43381565907
225.6 2.67127920792
226.61 2.0371009901
227.62 1.84205940594
228.64 1.05625321464
229.64 1.41036563437
230.64 0.95637735849
231.65 1.43971513353
232.66 2.20012787213
233.78 2.50516312057
234.79 2.18663501484
235.8 1.03882656095
236.82 0.81543529412
237.85 0.38250873786
238.85 1.65089310689
239.86 2.0501407334
240.87 2.33010484669
241.88 2.4591008991
242.88 2.60047619048
243.88 1.74929070929
244.89 1.37385346535
246.03 2.67917966696
247.04 3.18152247752
248.05 1.15143362832
249.06 1.35493519442
250.28 1.37357457213
251.39 0.46822682268
252.43 2.76098366955
253.44 4.16776823177
254.44 3.34406380857
255.44 3.21242587065
256.44 3.36106293706
257.45 3.42201798202
258.47 2.7740155642
259.51 3.17194995188
260.51 3.21123676324
261.51 3.92231768232
262.61 2.75392174704
263.61 3.0054985015
264.62 3.33416983017
265.94 2.16595629239
266.94 2.45748502994
267.95 3.42029170829
268.95 3.12170858283
269.95 3.36303696304
270.95 2.12404790419
271.95 3.3882310757
272.96 4.24734465534
273.96 4.12146253746
274.96 3.53433766234
275.96 5.69568095713
276.96 3.90397602398
278.15 3.48463758389
279.6 1.06403310345
280.64 6.16915495669
281.65 2.54134387352
282.66 2.9472950495
283.67 2.66710802775
284.67 4.1654985015
285.68 3.08918281718
286.68 3.63407792208
287.68 4.25030952381
288.69 3.96584554455
289.7 3.08247752248
290.7 2.85613492063
291.7 3.62977822178
292.71 2.68242714571
293.71 2.68365441907
294.71 2.87992807193
295.72 3.61884515485
296.72 2.86163436563
297.72 2.74318253968
298.74 4.25301668302
299.74 3.5213026973
300.92 0.46372881356
301.94 6.9781206726
302.94 2.82073126873
303.94 4.22762264151
304.95 3.44380613254
305.96 2.56804752475
306.97 2.62482457879
307.98 2.01630891089
308.98 2.32874325674
309.99 2.076995005
311.0 1.84205940594
312.0 0.91777777778
313.01 1.09221556886
314.02 1.17180353635
315.24 0.43342574257
316.29 0.57926654064
317.3 0.224
318.32 0.82616470588
319.32 1.76022377622
320.37 0.83338666667
321.38 2.02949551346
322.51 1.7063943662
323.51 1.97888511489
324.52 1.57949306931
325.54 2.294884273
326.54 1.95827948464
327.55 2.56927072927
328.55 2.00760356789
329.56 2.09395404595
330.56 2.27774033697
331.57 1.77501698302
332.57 2.1692765114
333.58 1.36656633663
334.59 1.69877014925
335.59 1.47960995025
336.6 1.72493465347
337.61 1.84719207921
338.62 2.09243564356
339.68 2.13149809886
340.86 2.26115824916
341.93 2.08030654206
343.15 1.83055986788
344.15 2.06081268583
345.16 1.42305742574
346.25 1.08435229358
347.26 1.60716083916
348.26 1.11728047572
349.28 0.98506824926
350.28 1.04228571429
351.29 0.79021958457
352.3 0.75425374625
353.3 1.45341526264
354.31 0.95677922078
355.32 1.14418217822
356.32 0.84038850347
357.34 0.93345882353
358.37 0.26563106796
359.45 0.07476296296
360.64 0.2483092437
361.66 0.43990588235
362.68 0.43299703264
363.68 0.47724083251
364.7 0.39971764706
365.71 0.37924752475
366.72 0.43342574257
367.76 0.36309230769
368.77 0.52011089109
369.79 0.49221176471
370.8 0.78718081918
371.8 0.73355004955
372.81 0.8985014985
373.81 1.10131219029
374.82 1.062001998
375.82 1.24120515362
376.83 1.15838415842
377.85 1.05281107814
378.85 0.99161149653
379.86 0.95480519481
380.88 0.74448979592
381.89 0.75756243756
382.9 0.71175662414
383.93 0.69672869736
384.93 0.63357442557
385.94 0.59472745292
386.97 0.8075184466
387.97 0.67683647175
388.98 0.82187412587
390.16 0.55051976451
391.66 0.37434205231
392.68 0.40771764706
393.69 0.12958415842
394.81 0.01954285714
411.29 0.00464685187
412.46 0.47704615385
415.1 0.00414545455
416.13 0.18525048544
416.86 0.59803278689
