1.01 2.01664158416
2.03 2.46459607843
3.06 0.81394951456
4.09 1.34902524272
5.29 0.93369808173
6.29 1.23376623377
7.5 1.54571900826
8.53 1.50015533981
9.7 1.50082735043
10.92 1.57760524161
12.1 1.71167430025
13.1 2.63223952096
14.11 1.97557142857
15.16 1.3800152381
16.16 1.86596603397
17.17 1.94413465347
18.36 1.61984861228
19.56 2.15739333333
20.56 2.04160639361
21.56 1.95630769231
22.58 2.10909233792
23.58 1.67218381618
24.58 1.78255344655
25.59 2.07508424182
26.59 2.05191608392
27.6 2.07346825397
28.61 2.14668249258
29.63 1.93353483808
30.72 1.98062385321
31.83 1.99823423423
32.93 1.99067029973
34.01 2.00419647822
35.11 2.07221798365
36.11 2.03795404595
37.11 2.05678321678
38.12 1.87774603175
39.12 2.14841158841
40.13 2.06411892963
41.14 2.38384158416
42.15 2.07501288404
43.16 1.73791115499
44.17 1.52150943396
45.18 0.87578613861
46.18 1.86955444555
47.18 2.73757442557
48.19 2.96376610505
49.2 2.67715643564
50.2 3.82428771229
51.2 3.58695704296
52.2 3.43727744511
53.25 3.0966800382
54.25 3.71769030969
55.26 3.12270634921
56.26 2.57665534466
57.28 2.93886555447
58.28 3.58738861139
59.28 4.42136263736
60.47 3.35899074853
61.47 3.81809390609
62.48 3.47632111001
63.57 2.1466446281
64.57 3.48053546454
65.57 4.43096103896
66.65 4.00049721707
67.65 4.18576623377
68.66 4.29375272008
69.67 3.01707249255
70.67 2.09175624376
71.67 2.50367232767
72.69 1.55271442591
73.78 1.44629724771
74.78 1.97888511489
75.79 1.47561111111
76.8 1.74281305638
77.81 1.40460990099
78.82 1.64701782178
79.83 1.59771881188
80.84 1.10523564356
81.84 1.59905788423
83.04 3.02758597663
84.04 2.93151648352
85.04 2.9422017982
86.05 2.76936507937
87.06 2.80266666667
88.15 2.72209174312
89.28 2.27037023915
90.28 3.00659340659
91.28 2.57243556444
92.29 2.09940138751
93.31 3.03170196078
94.31 3.20575424575
95.31 2.81603196803
96.32 2.67180933466
97.36 2.92442307692
98.36 3.00359281437
99.37 2.19992063492
100.37 2.53647152847
101.39 0.93911678116
102.39 1.44316483516
103.44 1.42149094376
104.44 1.5524955045
105.62 1.08221204411
106.63 0.81267326733
107.64 1.31111287129
108.65 1.03310891089
109.66 1.28944158416
110.68 1.43492759295
111.69 1.24826190476
112.69 1.59622777223
113.7 1.54796439169
114.71 1.06326190476
115.72 1.34229080119
116.73 1.35579781962
117.75 1.26742409403
118.75 1.71649150849
119.79 1.39314065511
120.8 1.47364752475
121.81 1.4180652819
122.82 1.2068039604
123.83 0.89899702676
124.83 1.04852694611
125.83 1.76636963037
126.95 2.14249462366
127.95 2.57655888224
128.97 2.4132627451
129.98 2.75238773492
130.99 2.95662239841
131.99 2.38754045954
133.0 1.43314285714
134.06 0.80455419416
135.06 2.14173253493
136.09 1.75364980545
137.1 1.52782574257
138.3 1.04996666667
139.39 1.04324106324
140.4 1.60208902077
141.42 1.00565815324
142.45 1.16877669903
143.47 0.43990588235
144.68 0.36000661157
145.69 1.62695738355
146.69 1.78266533467
147.69 2.31634765235
148.7 2.47706187625
149.7 1.67053028798
150.71 1.56253465347
151.71 2.10611788212
152.72 1.7495579782
153.77 1.19862857143
154.78 0.60144158416
155.78 1.49783016983
156.78 1.10048351648
157.8 1.56803140334
158.81 1.51263073852
159.81 1.66620854022
160.82 1.90707326733
161.83 1.13201584158
162.84 1.26777029703
163.84 0.83023376623
164.85 0.97617443013
166.05 0.64722666667
167.05 1.10423976024
168.06 1.6121308226
169.11 1.29588582303
170.11 2.52553846154
171.12 2.72018381618
172.12 2.65756504469
173.14 2.2764225074
174.14 1.9956305859
175.16 1.3613006856
176.17 1.49884638256
177.62 1.20707925569
178.66 1.79477189605
179.66 2.10431168831
181.1 1.83589174185
182.11 2.82883832335
183.11 2.4317775571
184.11 2.60206993007
185.12 1.88488404361
186.13 2.51209580838
187.14 2.25166141732
188.22 2.02581313599
189.22 2.60206993007
190.29 2.1705046729
192.0 0.1534502924
193.01 5.49698217822
194.02 2.12378613861
195.2 1.72102372881
196.21 2.31549700599
197.21 2.26449206349
198.22 1.91626930693
199.23 2.36451139742
200.23 2.08244555445
201.23 1.82646953047
202.29 2.13067422096
203.3 1.71477844311
204.3 1.69381746032
205.48 2.13737627119
206.48 2.04448351648
207.5 1.8460451423
208.52 1.42020392157
209.99 0.03742818057
210.99 2.01942857143
211.99 1.56179020979
213.0 1.67894653465
214.01 1.95688311688
215.01 2.10953174603
216.02 2.1583066271
217.03 2.66766833167
218.03 1.91656349206
219.03 2.03408591409
220.04 1.87381418581
221.05 2.11866138614
222.05 3.07219180819
223.05 2.35373187686
224.05 2.53647152847
225.06 2.5247049505
226.07 2.11266333666
227.07 2.25448151848
228.07 2.06490566038
229.07 1.34232167832
230.08 1.36529108911
231.09 0.90762037962
232.09 1.57428571429
233.1 1.22717623762
234.1 2.06634965035
235.11 1.6803567889
236.11 1.83148051948
237.12 1.74453861386
238.13 1.19082656095
239.13 0.52478721279
240.14 1.1917042957
241.32 1.96353238015
242.33 2.45994005994
243.33 2.13885714286
244.33 1.88242957043
245.34 1.77374033697
246.34 1.78208991009
247.35 1.18762037962
248.53 1.69917288136
249.55 1.44784435798
250.78 0.53703980504
251.92 1.96868070175
252.93 3.60792007992
254.11 3.54677288136
255.11 3.59612289395
256.12 2.39456543457
257.15 2.89808662175
258.16 3.33909780439
259.19 3.80886403086
260.19 2.97814185814
261.21 4.11913833992
262.21 3.5933015873
263.25 1.29044615385
264.26 2.08044356436
265.26 2.29418581419
266.27 2.66766833167
267.27 2.95112698413
268.27 3.5816983017
269.28 3.33794205794
270.28 3.74442357642
271.29 4.62241257367
272.3 4.48552247752
273.3 4.47733333333
274.3 4.54815584416
275.31 3.75594805195
276.31 4.52449850449
277.31 3.65888955224
278.43 3.14540714286
279.58 0.18160349345
280.6 6.95669073171
281.6 4.0999000999
282.61 3.37168431568
283.61 3.36922155689
284.61 3.34153293413
285.61 4.3608685259
286.63 4.70133333333
287.63 4.4118243513
288.63 4.27747410359
289.63 3.25522477522
290.64 4.11083316683
291.64 3.41971797418
293.39 1.4309543379
294.52 8.9515177305
295.52 4.15456543457
296.53 4.64389317507
297.54 4.4376531219
298.54 3.82746053946
299.55 4.22016383616
300.55 3.4373916501
301.55 3.79685114885
302.55 3.99056943057
303.55 3.68986213786
304.56 3.876
305.92 2.24183529412
306.92 3.52785628743
307.93 3.496
310.36 0.48983703704
311.46 6.03221838035
312.46 1.56342857143
313.47 1.90707326733
314.49 1.31971764706
315.51 1.28752941176
316.75 0.79432258065
317.89 0.2688
318.9 1.50180594059
319.91 1.5820039604
320.92 1.51651038576
321.93 1.98292277228
322.94 1.67603567889
323.94 2.28501098901
324.95 1.66332606541
326.1 1.99785230235
327.14 2.03019130435
328.14 1.0668685259
329.24 1.71158583106
330.24 2.00075124875
331.25 1.764
332.26 1.57232475248
333.27 1.70002376238
334.28 1.89623762376
335.29 1.32687524752
336.3 1.57116831683
337.3 1.34905894106
338.3 1.70073926074
339.36 1.59640831758
340.53 1.92688547009
341.53 2.38102994012
342.54 1.94618981019
343.54 1.94523138034
344.55 2.0371009901
345.55 1.64835964036
346.55 2.03184815185
347.57 2.01819823356
348.58 2.04862636274
349.58 1.71786613387
350.59 1.74281305638
351.6 0.97292857143
352.61 1.05001780415
353.62 0.99786719524
354.62 1.05481836327
355.63 1.78208991009
356.63 1.25321151936
357.65 1.53410463968
358.66 1.06609242871
359.68 0.83689411765
360.85 0.38318018787
362.01 0.27383606557
363.04 0.363375
364.04 0.45690656064
365.07 0.38250873786
366.08 0.32301782178
367.11 0.43563495146
368.13 0.47209411765
369.14 0.33040553907
370.15 0.55316551041
371.16 0.6061958457
372.17 0.51629732408
373.17 0.55654745255
374.18 0.84601783944
375.2 0.59230558276
376.22 0.75179587831
377.27 0.48386285714
378.29 0.58237806072
379.3 0.66162933598
380.3 0.5407952048
381.32 0.59299607843
382.48 0.61627610009
383.65 0.49533048676
384.66 0.43768483647
385.74 0.46244588344
386.75 0.65078295342
387.77 0.45529411765
388.78 0.58512475248
389.78 0.40245354645
390.79 0.56401189296
391.8 0.45375494071
392.84 0.37919538017
393.88 0.34162848893
394.9 0.30012928501
395.93 0.2868815534
397.5 0.02091210191
416.47 0.00461723447
418.43 0.00851626016
420.25 0.08418461538
421.34 0.25100917431
422.35 0.21046884273
423.42 0.23880261927
424.44 0.34334117647
424.81 0.23547540984
