1.0 1.57752647353
2.25 1.9400128
3.31 0.75550188679
4.32 1.65264158416
5.4 0.96905925926
6.54 1.11675087719
7.54 1.95800999001
8.55 1.43535381566
9.55 1.55581218781
10.56 1.47732804757
11.75 1.67134789916
12.75 2.00082317682
13.87 2.01432707775
14.88 1.51699009901
15.89 1.06404752475
16.89 1.86085114885
17.93 1.47561886429
18.94 1.4976379822
19.94 1.99677122877
20.97 2.10316731518
21.97 1.97600799201
22.98 1.9516432111
23.99 2.06078415842
24.99 2.06577422577
26.0 1.99421782178
27.01 1.97550891089
28.02 1.21012277228
29.12 2.06918545455
30.21 2.06327272727
31.31 1.93863033606
32.41 1.97256727273
33.42 2.18740931615
34.5 2.02937777778
35.57 2.02105420561
36.66 2.09121173236
37.67 1.88079286422
38.67 1.94745254745
39.68 1.94987722772
40.68 1.99335728543
41.77 2.11736522539
42.77 2.52553846154
43.79 1.93461176471
44.8 1.86781330685
45.84 1.88686481304
46.85 2.45969108911
47.87 1.89260392157
48.87 1.62902697303
49.88 1.28130693069
50.88 3.01828571429
51.89 2.508
52.89 1.68140659341
53.9 1.95325272547
54.9 2.5114005994
56.01 2.51329846709
57.01 3.12218981019
58.07 2.80101227573
59.18 2.62870630631
60.21 3.00349514563
61.33 2.9963
62.33 3.2593966034
63.34 3.01966303271
64.34 3.00356087824
65.35 3.04233565045
66.46 2.32694869487
67.46 3.06678121878
68.46 2.95192807193
69.47 3.18771428571
70.66 2.8107697479
71.66 3.30178621379
72.83 2.59374508127
73.88 2.67460323501
74.89 2.93936967294
75.89 2.19376623377
76.89 2.86022777223
77.9 3.032
78.9 3.66518962076
79.91 2.42653004926
80.91 2.64483516484
82.03 2.57833065237
83.03 2.33967632368
84.04 1.67522695738
85.22 1.26331798806
86.22 1.86928301887
87.23 2.24297821782
88.23 1.55707492507
89.24 2.13818037661
90.24 1.54276923077
91.26 1.77209028459
92.27 1.07352079208
93.27 1.43223176823
94.28 1.22465014866
95.29 1.82117131474
96.29 2.48079522863
97.3 2.65443323442
98.33 3.33525291829
99.34 3.72612648221
100.35 2.79939381854
101.4 2.91718672986
102.4 2.66296903097
103.4 2.99395004995
104.41 2.67085714286
105.41 2.26211388611
106.47 2.32946415094
107.47 2.8097982018
108.62 1.64104347826
109.64 1.77383104126
110.64 2.41896503497
111.65 2.32518811881
112.66 1.9107960396
113.66 3.40018381618
114.67 3.18083333333
115.67 3.04958241758
116.77 2.39018909091
117.77 3.14872327672
118.78 1.87974603175
119.78 1.69870929071
120.78 1.76022377622
121.8 1.79242394504
122.81 1.33702279485
123.82 0.66097425743
124.83 0.86685148515
125.84 1.02938613861
126.84 0.89694305694
127.85 1.37749058474
128.85 1.37460939061
129.86 1.36078415842
130.88 1.81683300589
131.88 1.49013173653
132.91 1.19118367347
133.91 1.04957442557
134.92 0.92802373887
135.93 1.26697005988
136.93 1.06611530815
137.93 1.92326873127
138.93 3.22203592814
139.94 2.36095712861
140.94 3.00650348259
141.95 1.82601980198
142.95 1.67617182817
143.95 1.63193606394
144.96 0.72728571429
145.97 0.83434455446
147.09 0.84085714286
148.1 1.13774257426
149.12 0.89983529412
150.13 1.28944158416
151.14 1.02713663366
152.38 0.97966451613
153.39 1.22130693069
154.4 1.37612673267
155.42 1.0536627451
156.54 1.1104
157.55 1.37476557864
158.56 1.06623587711
159.56 1.37756643357
160.57 0.93920634921
161.57 1.89142057942
162.57 1.42847552448
163.58 1.28520911794
164.59 1.37612673267
165.6 1.2169980198
166.61 1.77704554455
167.62 1.56544158416
168.63 1.05105742574
169.63 0.60063936064
170.65 0.82697546614
171.79 0.87329122807
173.0 1.66089256198
174.0 2.38832367632
175.08 2.24969045412
176.28 1.50354704413
177.29 1.94996407186
178.29 2.25514285714
179.34 1.65004952381
180.36 1.43915210991
181.36 1.15890509491
182.37 1.55300598802
183.4 1.1812716763
184.6 0.51984
185.61 1.20440039643
186.61 0.85004595405
187.62 1.0944
188.63 0.9434925669
189.63 0.71064935065
190.64 1.12690693069
191.64 0.73500899101
192.65 1.32325867195
193.79 1.67572631579
194.8 2.02626534653
195.81 1.41337029703
196.81 2.15886513487
197.82 2.66
198.83 1.26466468843
199.83 3.12378821179
200.84 2.74378592666
201.85 1.91790891089
202.86 1.39315643564
203.86 1.73835764236
204.87 1.87883316683
205.87 2.27426984127
206.91 2.0421
207.92 2.89311683168
208.92 2.2103976024
209.93 1.53073326673
210.93 2.50208730159
211.94 2.26240949555
212.95 2.36327452924
213.95 2.07034565435
214.96 1.80065873016
215.97 1.72228910891
217.09 1.64147857143
218.21 2.13309285714
219.33 1.9678
220.34 2.43321236291
221.34 1.87499503476
222.34 2.04501898102
223.35 1.51849355798
224.35 1.1412987013
225.41 1.47291406988
226.41 1.4868971029
227.42 1.67034291378
228.43 1.54337487636
229.43 2.21941258741
230.44 2.18012289395
231.45 1.79043960396
232.46 1.38833696729
233.49 1.92350727449
234.5 2.27774033697
235.51 2.00018991098
236.55 1.8645466795
237.56 0.4550970297
238.56 0.63411788212
239.56 1.2245034965
240.57 1.1318968254
241.61 1.33643076923
242.72 0.0396881233
243.72 1.76712784936
244.72 1.88605794206
245.73 1.95513492063
246.74 2.13469061876
247.74 2.23879245283
248.74 1.79275924076
249.74 1.85450549451
250.75 1.82371456888
251.75 1.86852347652
252.76 1.66652673267
253.77 2.08155844156
254.77 2.45829365079
255.77 2.18661338661
256.79 1.58947988224
257.9 1.35617297297
258.91 1.36529108911
259.91 1.31219180819
260.92 1.20874029851
261.92 1.59145816733
262.92 2.13345854146
263.92 2.47872127872
264.93 1.90822222222
265.93 1.93681518482
266.94 2.24951437066
268.4 1.85823013699
269.4 2.66766833167
270.41 2.12940518962
271.47 1.50395501406
272.49 1.77035294118
273.5 1.77354698318
274.6 1.78088727273
275.61 1.69002180377
276.61 2.31781018981
277.61 1.76680919081
278.62 1.45485714286
279.62 0.62318481518
280.63 0.98128840436
281.82 2.02923929471
282.83 2.93379583746
283.83 2.33967632368
284.84 2.58113776016
285.84 3.14075524476
286.85 4.05253069307
288.05 3.34976
289.06 3.87801188119
290.13 3.81985794393
291.14 3.22137561943
292.15 2.72271414441
293.15 2.8464975025
294.16 3.99346825397
295.28 2.22398572703
296.28 3.31138461538
297.29 2.84218762475
298.29 3.18754045954
299.29 2.51091308691
300.29 4.11024975025
301.43 4.50638461538
302.44 4.76205988024
303.83 0.9243776824
304.85 5.94381176471
305.85 2.26314485514
306.87 2.20168792934
307.92 2.32501617507
308.93 2.63211892963
309.97 2.96421133525
311.08 3.57036396396
312.25 2.89064157399
313.26 4.05845544554
314.26 4.57105294705
315.27 3.91039048563
316.28 3.62652130823
317.28 3.27027372627
318.29 3.41186534653
319.3 3.54152380952
320.38 2.92678116343
321.4 3.04538053097
322.41 3.33785587364
323.42 3.81123676324
324.42 3.99352342971
325.42 3.30127761194
326.42 3.27299100899
327.44 4.22549259625
328.44 3.45504095904
329.53 3.91668738574
330.53 4.67935264735
332.11 0.36278987342
333.11 6.15983216783
334.12 3.19968285431
335.25 2.46076173605
336.25 2.68953446553
337.25 2.48767232767
338.27 1.90391355599
339.27 2.21941258741
340.28 2.14452225519
341.29 2.04114285714
342.3 1.07409108911
343.31 1.22442772277
344.34 0.83526990291
345.41 0.43980560748
346.44 0.32938252427
347.83 0.10202298851
348.84 2.58675724276
349.84 1.88355114201
350.84 2.19535329341
351.85 1.9658968254
352.86 2.10211485149
353.92 1.72415849057
354.92 1.96795204795
355.93 1.71848562934
356.93 1.83590809191
358.1 1.92132185886
359.1 1.91134920635
360.1 2.03355044955
361.11 2.0933518335
362.11 1.69759040959
363.12 1.96319524281
364.13 1.32925940594
365.14 1.4102970297
366.15 1.7337029703
367.15 1.61401798202
368.16 1.69158841159
369.16 1.80445589693
370.18 1.67594111874
371.18 1.9795964036
372.19 1.98454707631
373.21 2.00735686275
374.22 2.05877227723
375.23 1.61522376238
376.44 1.37970247934
377.44 2.24127872128
378.45 1.31495738355
379.52 1.2350953271
380.52 1.54156243756
381.53 1.29684043608
382.54 1.01855049505
383.55 0.89602376238
384.56 1.13661721068
385.57 0.7484035964
386.57 1.064
387.58 0.76704158416
388.59 1.14857821782
389.67 0.5497037037
390.69 1.37340711462
391.69 1.07849206349
392.76 0.74944840525
393.79 0.70913733075
394.81 0.8751372549
395.82 1.34361980198
396.83 1.18108514851
397.83 0.85743856144
398.85 1.06325417076
399.86 0.88465742574
400.88 1.01929411765
401.9 0.87688627451
402.91 1.17024950495
403.93 0.95464031621
405.02 0.81731147541
406.08 0.57890566038
407.1 0.912
408.11 0.73666534653
409.12 1.04022178218
410.13 0.78597227723
411.3 0.77360137457
412.31 0.92636220472
413.32 0.73436993076
414.33 0.95448166501
415.34 0.68556831683
416.35 0.9427009901
417.45 0.52730181818
418.46 0.66185714286
419.48 0.75032321254
420.49 0.84601783944
421.5 0.70573293769
422.51 0.62971428571
423.53 0.30736470588
425.71 0.14551856946
426.72 0.13015659068
427.99 0.0861054288
440.86 0.0042507574
441.87 0.62318481518
442.95 0.31937037037
443.96 0.99949306931
444.96 1.03303865213
445.97 1.05349050949
447.07 0.98290181818
448.08 1.07828458498
449.09 1.03585714286
450.09 1.28122277722
451.1 0.90824182359
452.14 1.20538712776
452.91 1.368
