1285777435 260950 59.850263 10.781921 314640 1040
1285777436 261973 59.850263 10.781921 394552 1023
1285777437 262980 59.850263 10.781921 307000 1007
1285777438 263991 59.850271 10.781924 535456 1011
1285777439 265000 59.850271 10.781924 450640 1009
1285777440 266001 59.850271 10.781924 470360 1001
1285777441 267002 59.850271 10.781924 483472 1001
1285777442 268003 59.850271 10.781924 480736 1001
1285777443 269011 59.850271 10.781924 536824 1008
1285777444 270060 59.850266 10.781924 531920 1049
1285777445 271062 59.850266 10.781924 581968 1002
1285777446 272070 59.850274 10.781928 512200 1008
1285777447 273071 59.850272 10.781945 524512 1001
1285777448 274072 59.850272 10.781945 504560 1001
1285777449 275073 59.850272 10.781945 520408 1001
1285777450 276074 59.850272 10.781945 527248 1001
1285777451 277130 59.85028 10.781949 515504 1056
1285777452 278140 59.85028 10.781949 505360 1010
1285777453 279141 59.85028 10.781949 535453 1001
1285777454 280142 59.85028 10.781949 564187 1001
1285777455 281150 59.850275 10.781949 504560 1008
1285777456 282160 59.850275 10.781949 523144 1010
1285777457 283225 59.850283 10.781952 384976 1065
1285777458 284231 59.850283 10.781952 353512 1005
1285777459 285232 59.850282 10.781969 491680 1001
1285777460 286239 59.850282 10.781969 465688 1007
1285777461 287240 59.850282 10.781969 454744 1001
1285777462 288250 59.850282 10.781969 416440 1010
1285777463 289251 59.850289 10.781973 441064 1001
1285777464 290320 59.850289 10.781973 504560 1069
1285777465 291330 59.850289 10.781973 491680 1010
1285777466 292331 59.850289 10.781973 509464 1001
1285777467 293332 59.850288 10.78199 391816 1001
1285777468 294350 59.850288 10.78199 404128 1018
1285777469 295351 59.850288 10.78199 456112 1001
1285777470 296359 59.850288 10.78199 475264 1008
1285777471 297360 59.8503 10.781994 389080 1001
1285777472 298361 59.8503 10.781994 378136 1001
1285777473 299362 59.8503 10.781994 352144 1001
1285777474 300363 59.8503 10.781994 401392 1001
1285777475 301369 59.8503 10.781994 428752 1006
1285777476 302370 59.8503 10.781994 423280 1001
1285777477 303371 59.8503 10.781994 424648 1001
1285777478 304389 59.8503 10.781994 275536 1018
1285777479 305390 59.8503 10.781994 343936 1001
1285777480 306391 59.8503 10.781994 365256 1001
1285777481 307400 59.8503 10.781994 300160 1009
1285777482 308401 59.8503 10.781994 348040 1001
1285777483 309420 59.8503 10.781994 390448 1019
1285777484 310429 59.8503 10.781994 298792 1009
1285777485 311439 59.8503 10.781994 337896 1010
1285777486 312440 59.850308 10.781997 338464 1001
1285777487 313459 59.850308 10.781997 311104 1019
1285777488 314469 59.850308 10.781997 278272 1010
1285777489 315529 59.850308 10.781997 305632 1060
1285777490 316530 59.850306 10.782015 265392 1001
1285777491 317531 59.850306 10.782015 223552 1001
1285777492 318532 59.850306 10.782015 243504 1001
1285777494 319540 59.850311 10.782015 326153 1008
1285777495 320541 59.850311 10.782015 358984 1001
1285777496 321549 59.850311 10.782015 296056 1008
1285777497 322553 59.850311 10.782015 303696 1004
1285777498 323559 59.850311 10.782015 342568 1006
1285777499 324560 59.850311 10.782015 349408 1001
1285777500 325579 59.850311 10.782015 338464 1019
1285777501 326580 59.850311 10.782015 339832 1001
1285777502 327629 59.850311 10.782015 298792 1049
1285777503 328630 59.850311 10.782015 310536 1001
1285777504 329639 59.850318 10.782018 218080 1009
1285777505 330640 59.850318 10.782018 269496 1001
1285777506 331649 59.850323 10.782018 223552 1009
1285777507 332789 59.850321 10.782035 207136 1140
1285777508 333790 59.850321 10.782035 239400 1001
1285777509 334894 59.850321 10.782035 16384 1103
1285777510 335898 59.850321 10.782035 317976 1004
1285777511 336899 59.850321 10.782035 240768 1001
1285777512 337909 59.850321 10.782035 198928 1010
1285777513 338919 59.850321 10.782035 207936 1010
1285777514 339920 59.850321 10.782035 161992 1001
1285777515 340929 59.850321 10.782035 222984 1009
1285777516 341939 59.850321 10.782035 249544 1010
1285777517 342969 59.850321 10.782035 105336 1030
1285777518 343978 59.850321 10.782035 122320 1009
1285777519 344998 59.850321 10.782035 108072 1020
1285777520 346008 59.850321 10.782035 109440 1010
1285777521 347019 59.850321 10.782035 155491 1011
1285777522 348029 59.850321 10.782035 120045 1010
1285777523 349032 59.850321 10.782035 155952 1003
1285777524 350038 59.850321 10.782035 166096 1006
1285777525 351049 59.850321 10.782035 192888 1011
1285777526 352058 59.850329 10.782039 194824 1009
1285777527 353069 59.850329 10.782039 143640 1011
1285777528 354078 59.850329 10.782039 124488 1009
1285777529 355148 59.850329 10.782039 131896 1070
1285777530 356149 59.850329 10.782039 143640 1001
1285777531 357158 59.850329 10.782039 134064 1009
1285777532 358169 59.850329 10.782039 101232 1011
1285777533 359170 59.850329 10.782039 107272 1001
1285777534 360179 59.850329 10.782039 164160 1009
1285777535 361192 59.850329 10.782039 168831 1013
1285777536 362198 59.850329 10.782039 132696 1006
1285777537 363199 59.850329 10.782039 121752 1001
1285777538 364208 59.850329 10.782039 143640 1009
1285777539 365219 59.850329 10.782039 141472 1011
1285777540 366228 59.850329 10.782039 120384 1009
1285777541 367231 59.850329 10.782039 120384 1003
1285777542 368239 59.850329 10.782039 107272 1008
1285777543 369248 59.850329 10.782039 110808 1009
1285777544 370249 59.850329 10.782039 132696 1001
1285777545 371270 59.850329 10.782039 110008 1021
1285777546 372278 59.850329 10.782039 143640 1008
1285777547 373288 59.850333 10.782039 135432 1010
1285777548 374298 59.850333 10.782039 120952 1010
1285777549 375308 59.850333 10.782039 142272 1010
1285777550 376329 59.850333 10.782039 171000 1021
1285777551 377339 59.850333 10.782039 144208 1010
1285777552 378348 59.850341 10.782042 164160 1009
1285777553 379358 59.850341 10.782042 157320 1010
1285777554 380368 59.850341 10.782042 140104 1010
1285777555 381388 59.850341 10.782042 134064 1020
1285777556 382391 59.850341 10.782042 149112 1003
1285777557 383408 59.850341 10.782042 123688 1017
1285777558 384418 59.850342 10.782025 136800 1010
1285777559 385478 59.850342 10.782025 172936 1060
1285777560 386488 59.850342 10.782025 161424 1010
1285777561 387509 59.850342 10.782025 209304 1021
1285777562 388528 59.850342 10.782025 138736 1019
1285777564 389538 59.850338 10.782025 155952 1010
1285777565 390578 59.850337 10.782042 153784 1040
1285777566 391588 59.850337 10.782042 192888 1010
1285777567 392608 59.850337 10.782042 161424 1020
1285777568 393618 59.850338 10.782025 160624 1010
1285777569 394628 59.850338 10.782025 164160 1010
1285777570 395678 59.850338 10.782025 140104 1050
1285777571 396688 59.850338 10.782025 150480 1010
1285777572 397698 59.850338 10.782025 150480 1010
1285777573 398708 59.850337 10.782042 175672 1010
1285777574 399718 59.850337 10.782042 157320 1010
1285777575 400719 59.850337 10.782042 241336 1001
1285777576 401728 59.850337 10.782042 173736 1009
1285777577 402818 59.85034 10.782045 179776 1090
1285777578 403828 59.85034 10.782045 149112 1010
1285777579 404837 59.85034 10.782045 121752 1009
1285777580 405848 59.85034 10.782045 93024 1011
1285777581 406858 59.85034 10.782045 73072 1010
1285777582 407868 59.85034 10.782045 98496 1010
1285777583 408888 59.85034 10.782045 114912 1020
1285777584 409908 59.85034 10.782045 128592 1020
1285777585 410918 59.85034 10.782045 140104 1010
1285777586 411928 59.85034 10.782045 201096 1010
1285777587 412938 59.85034 10.782045 163360 1010
1285777588 413939 59.85034 10.782045 149112 1001
1285777589 414947 59.85034 10.782045 149112 1008
1285777590 415948 59.85034 10.782045 163341 1001
1285777591 416958 59.85034 10.782045 151848 1010
1285777592 417967 59.85034 10.782045 140904 1009
1285777593 418978 59.85034 10.782045 93611 1011
1285777594 419988 59.85034 10.782045 157320 1010
1285777595 420997 59.85034 10.782045 142272 1009
1285777596 422008 59.850341 10.782028 123689 1011
1285777597 423017 59.850341 10.782028 146376 1009
1285777598 424038 59.850341 10.782028 154584 1021
1285777599 425048 59.850341 10.782028 222184 1010
1285777600 426058 59.850341 10.782028 164160 1010
1285777601 427067 59.850341 10.782028 114112 1009
1285777602 428077 59.850341 10.782028 134064 1010
1285777603 429097 59.85034 10.782045 119016 1020
1285777604 430117 59.85034 10.782045 112744 1020
1285777605 431127 59.85034 10.782045 87552 1010
1285777606 432137 59.85034 10.782045 87552 1010
1285777607 433147 59.85034 10.782045 90288 1010
1285777608 434157 59.85034 10.782045 91656 1010
1285777609 435158 59.85034 10.782045 84016 1001
1285777610 436167 59.85034 10.782045 121752 1009
1285777611 437177 59.85034 10.782045 93024 1010
1285777612 438187 59.85034 10.782045 91656 1010
1285777613 439197 59.850337 10.782042 93592 1010
1285777614 440217 59.850337 10.782042 84816 1020
1285777615 441227 59.850337 10.782042 90288 1010
1285777616 442247 59.850338 10.782025 71136 1020
1285777617 443257 59.850338 10.782025 93024 1010
1285777618 444267 59.850338 10.782025 59392 1010
1285777619 445287 59.850338 10.782025 62928 1020
1285777620 446307 59.850338 10.782025 64296 1020
1285777621 447317 59.850342 10.782025 60192 1010
1285777622 448367 59.850342 10.782025 61560 1050
1285777623 449388 59.850342 10.782025 56088 1021
1285777624 450397 59.850342 10.782025 50616 1009
1285777625 451427 59.850342 10.782025 30664 1030
1285777626 452477 59.850342 10.782025 34200 1050
1285777627 453497 59.850342 10.782025 24624 1020
1285777628 454507 59.850342 10.782025 45144 1010
1285777629 455527 59.850342 10.782025 42408 1020
1285777631 456557 59.850342 10.782025 45144 1030
1285777632 457567 59.850341 10.782042 32832 1010
1285777633 458587 59.850341 10.782042 35568 1020
1285777634 459617 59.850337 10.782042 20520 1030
1285777635 460667 59.850337 10.782042 19152 1050
1285777636 461697 59.850337 10.782042 17784 1030
1285777637 462727 59.850337 10.782042 23256 1030
1285777638 463817 59.850332 10.782042 20616 1090
1285777639 464847 59.850332 10.782042 9480 1030
1285777640 466177 59.850332 10.782042 9576 1330
1285777642 467582 59.850332 10.782042 5011 1404
1285777648 474380 59.850327 10.782042 1029 6798
1285777649 475390 59.850327 10.782042 210672 1010
1285777650 476391 59.850327 10.782042 211240 1001
1285777652 477600 59.850327 10.782042 228456 1209
1285777653 478610 59.850327 10.782042 218080 1010
1285777654 479611 59.850327 10.782042 224256 1001
1285777655 480620 59.850331 10.782045 233224 1009
1285777656 481670 59.850331 10.782045 313840 1050
1285777657 482671 59.850331 10.782045 331056 1001
1285777658 483680 59.850331 10.782045 289216 1009
1285777659 484681 59.850331 10.782045 300160 1001
1285777660 485770 59.850331 10.782045 308368 1089
1285777661 486780 59.85034 10.782031 333792 1010
1285777662 487781 59.85034 10.782031 302896 1001
1285777663 488790 59.850328 10.782028 296056 1009
1285777664 489791 59.850328 10.782028 307000 1001
1285777665 490800 59.850335 10.782031 328320 1009
1285777666 491810 59.850335 10.782031 290584 1010
1285777667 492820 59.850329 10.78201 289216 1010
1285777668 493890 59.850329 10.78201 308367 1070
1285777669 494899 59.850329 10.78201 317376 1009
1285777670 495900 59.850329 10.78201 264592 1001
1285777671 496901 59.850329 10.78201 289216 1001
1285777672 497910 59.850323 10.78199 299592 1009
1285777673 498911 59.850323 10.78199 285112 1001
1285777674 499919 59.850323 10.78199 285112 1008
1285777675 500980 59.850323 10.78199 308368 1061
1285777676 501981 59.850323 10.78199 328320 1001
1285777677 502990 59.85032 10.781986 298792 1009
1285777678 504000 59.85032 10.781986 286480 1010
1285777679 505049 59.85032 10.781986 313840 1049
1285777680 506060 59.850324 10.781986 316008 1011
1285777681 507061 59.850338 10.781972 302896 1001
1285777682 508070 59.850338 10.781972 293320 1009
1285777683 509139 59.85035 10.781975 316576 1069
1285777684 510140 59.850388 10.781968 325584 1001
1285777685 511141 59.850432 10.781981 298792 1001
1285777686 512142 59.850432 10.781981 294688 1001
1285777687 513189 59.850486 10.781963 309736 1047
1285777688 514190 59.850552 10.781965 329688 1001
1285777689 515192 59.850623 10.78195 265957 1002
1285777690 516199 59.850623 10.78195 297427 1007
1285777691 517200 59.850697 10.781939 331056 1001
1285777692 518201 59.850785 10.781913 296056 1001
1285777693 519210 59.850873 10.781887 300160 1009
1285777694 520219 59.850873 10.781887 293320 1009
1285777695 521220 59.850971 10.781882 324216 1001
1285777696 522221 59.851067 10.781859 271432 1001
1285777697 523229 59.851168 10.781819 271433 1008
1285777698 524289 59.851168 10.781819 296056 1060
1285777699 525290 59.851272 10.7818 316008 1001
1285777700 526299 59.851378 10.781798 275536 1009
1285777701 527310 59.851492 10.7818 283744 1011
1285777702 528319 59.851492 10.7818 285912 1009
1285777703 529321 59.851615 10.78184 275536 1002
1285777704 530322 59.851726 10.781877 264592 1001
1285777705 531331 59.851846 10.781952 269496 1009
1285777711 536944 59.851846 10.781952 16384 5613
1285777714 540060 59.851968 10.782048 60792 3116
1285777715 541072 59.852086 10.78214 246240 1012
1285777716 542151 59.852213 10.782236 572960 1079
1285777717 543152 59.852213 10.782236 568288 1001
1285777718 544162 59.852331 10.782329 647632 1010
1285777719 545171 59.852452 10.782443 553808 1009
1285777720 546172 59.85257 10.782535 473896 1001
1285777721 547173 59.85257 10.782535 467056 1001
1285777722 548174 59.85268 10.782642 550504 1001
1285777723 549181 59.852794 10.782735 481304 1007
1285777724 550183 59.852913 10.782827 554608 1002
1285777725 551261 59.852913 10.782827 618104 1078
1285777726 552298 59.853018 10.782934 425983 1037
1285777727 553301 59.853124 10.783023 770784 1002
1285777728 554302 59.853237 10.783134 552440 1001
1285777729 555303 59.853237 10.783134 551872 1001
1285777730 556311 59.853344 10.783223 567488 1008
1285777731 557312 59.853449 10.78333 658576 1001
1285777732 558321 59.853563 10.783422 572960 1009
1285777733 559322 59.853563 10.783422 588808 1001
1285777734 560323 59.853676 10.783533 516304 1001
1285777735 561324 59.853794 10.783625 537392 1001
1285777736 562332 59.853915 10.783739 512200 1008
1285777737 563342 59.853915 10.783739 513568 1010
1285777738 564352 59.85404 10.783852 490312 1010
1285777739 565353 59.854166 10.783948 490312 1001
1285777740 566380 59.854291 10.784062 443000 1027
1285777741 567390 59.854291 10.784062 449272 1010
1285777742 568391 59.854413 10.784158 375401 1001
1285777743 569421 59.854533 10.784233 405496 1030
1285777744 570470 59.854659 10.784329 408232 1049
1285777745 571471 59.854659 10.784329 410968 1001
1285777746 572473 59.854779 10.784404 430120 1001
1285777747 573481 59.854896 10.784461 478000 1008
1285777748 574482 59.855014 10.784519 536824 1001
1285777749 575491 59.855014 10.784519 434224 1009
1285777750 576492 59.855127 10.784573 424648 1001
1285777751 577501 59.855241 10.784628 438328 1009
1285777752 578502 59.855352 10.784664 472528 1001
1285777753 579510 59.855352 10.784664 390448 1008
1285777754 580511 59.855469 10.784683 252280 1001
1285777755 581520 59.855585 10.78472 282376 1009
1285777756 582521 59.855712 10.78476 427384 1001
1285777757 583522 59.855712 10.78476 531352 1001
1285777758 584523 59.855829 10.784779 434224 1001
1285777760 585541 59.855966 10.784805 467056 1018
1285777761 586554 59.856093 10.784845 488944 1013
1285777762 587621 59.856093 10.784845 473096 1067
1285777763 588623 59.85623 10.784871 565552 1002
1285777764 589624 59.856359 10.784894 525880 1001
1285777765 590700 59.856496 10.78492 548336 1076
1285777766 591710 59.856496 10.78492 123120 1010
1285777767 592750 59.856631 10.784963 173736 1040
1285777768 593770 59.856769 10.784971 190720 1020
1285777769 594840 59.856899 10.784976 330256 1070
1285777770 595850 59.856899 10.784976 305064 1010
1285777771 596851 59.857036 10.78495 324784 1001
1285777772 597860 59.857169 10.78492 363088 1009
1285777773 598861 59.857313 10.784858 265960 1001
1285777774 599880 59.857313 10.784858 379504 1019
1285777775 600881 59.857445 10.784793 483472 1001
1285777776 601890 59.857583 10.78471 550504 1009
1285777777 602901 59.857714 10.784645 510832 1011
1285777778 603911 59.857714 10.784645 504560 1010
1285777779 604971 59.857848 10.784562 409600 1060
1285777780 605980 59.85799 10.784518 528616 1009
1285777781 606981 59.858119 10.784488 497152 1001
1285777782 607982 59.858119 10.784488 555976 1001
1285777783 608990 59.858254 10.784479 540128 1008
1285777784 609991 59.858386 10.784505 557344 1001
1285777785 610992 59.858515 10.784566 529984 1001
1285777786 611993 59.858515 10.784566 540128 1001
1285777787 612994 59.858643 10.784644 573760 1001
1285777788 614000 59.858762 10.784737 569656 1006
1285777789 615001 59.858872 10.784882 460784 1001
1285777790 616002 59.858872 10.784882 590176 1001
1285777791 617010 59.858981 10.785027 546400 1008
1285777792 618011 59.859084 10.785169 393184 1001
1285777793 619020 59.859178 10.785308 305632 1009
1285777794 620021 59.859178 10.785308 331624 1001
1285777795 621030 59.85928 10.78545 312472 1009
1285777796 622031 59.859381 10.785557 435592 1001
1285777797 623040 59.85948 10.785643 417808 1009
1285777798 624130 59.85948 10.785643 324784 1090
1285777799 625131 59.859574 10.785729 449272 1001
1285777800 626170 59.859676 10.78578 368560 1039
1285777801 627171 59.859778 10.785831 434224 1001
1285777802 628172 59.859778 10.785831 490312 1001
1285777803 629173 59.859883 10.785846 591543 1001
1285777804 630180 59.859997 10.785848 491661 1007
1285777805 631181 59.86011 10.785811 275555 1001
1285777806 632190 59.86011 10.785811 461584 1009
1285777807 633200 59.860233 10.78576 445168 1010
1285777808 634201 59.860356 10.78571 348040 1001
1285777809 635202 59.86048 10.785641 443800 1001
1285777810 636210 59.86048 10.785641 519040 1008
1285777811 637211 59.860611 10.785576 447104 1001
1285777812 638212 59.860748 10.785511 458848 1001
1285777813 639220 59.860887 10.785449 415072 1008
1285777814 640239 59.860887 10.785449 322048 1019
1285777815 641240 59.86103 10.785405 195624 1001
1285777817 643045 59.861175 10.785326 16384 1805
1285777818 644051 59.861319 10.785264 274200 1006
1285777819 645069 59.861319 10.785264 109440 1018
1285777820 646079 59.86147 10.785205 146376 1010
1285777821 647080 59.861619 10.785144 274168 1001
1285777822 648089 59.861764 10.785064 322048 1009
1285777823 649090 59.861764 10.785064 315208 1001
1285777824 650099 59.86192 10.785006 328320 1009
1285777825 651100 59.86207 10.784926 289216 1001
1285777826 652109 59.86222 10.784847 246808 1009
1285777827 653124 59.86222 10.784847 161424 1015
1285777828 654129 59.862376 10.784789 121752 1005
1285777829 655139 59.862533 10.784713 190720 1010
1285777830 656169 59.862683 10.784633 285112 1030
1285777831 657170 59.862683 10.784633 318744 1001
1285777832 658190 59.862841 10.784558 353512 1020
1285777833 659191 59.862998 10.784482 352144 1001
1285777834 660199 59.86316 10.784406 402760 1008
1285777835 661210 59.86316 10.784406 577864 1011
1285777836 662211 59.863318 10.78433 419176 1001
1285777837 663212 59.863474 10.784271 447104 1001
1285777838 664289 59.863631 10.784195 405496 1077
1285777839 665291 59.863631 10.784195 460216 1001
1285777840 666370 59.863787 10.784137 358984 1079
1285777841 667379 59.863949 10.784099 218880 1009
1285777842 668429 59.864104 10.784058 190720 1050
1285777843 669439 59.864104 10.784058 217512 1010
1285777844 670448 59.864256 10.784052 184680 1009
1285777845 671449 59.864409 10.784029 153784 1001
1285777846 672450 59.864556 10.784023 210672 1001
1285777847 673459 59.864556 10.784023 134632 1009
1285777848 674460 59.864694 10.784032 192888 1001
1285777849 675499 59.86482 10.784037 134632 1039
1285777850 676521 59.864937 10.784056 87552 1022
1285777852 677578 59.864937 10.784056 72504 1057
1285777853 678598 59.865054 10.784075 38304 1020
1285777854 679619 59.865158 10.784091 108072 1021
1285777855 680629 59.865259 10.784107 126424 1010
1285777856 681648 59.865259 10.784107 68400 1019
1285777857 682650 59.86535 10.784098 102600 1002
1285777858 683659 59.865435 10.784108 87552 1009
1285777859 685138 59.865517 10.784099 23256 1479
1285777861 686551 59.865517 10.784099 104536 1413
1285777862 687559 59.865583 10.784084 166896 1008
1285777863 688568 59.865642 10.784066 173736 1009
1285777864 689578 59.865704 10.784051 88120 1010
1285777865 690588 59.865704 10.784051 83448 1010
1285777866 691589 59.865765 10.784015 221616 1001
1285777867 692590 59.865825 10.783979 315208 1001
1285777868 693599 59.865903 10.783932 294688 1009
1285777869 694669 59.865903 10.783932 296056 1070
1285777870 695670 59.865971 10.7839 331056 1001
1285777871 696679 59.866062 10.783839 354880 1009
1285777872 697680 59.866152 10.783778 402761 1001
1285777873 698689 59.866152 10.783778 335728 1009
1285777874 699698 59.866243 10.783717 331624 1009
1285777875 700709 59.866348 10.783642 346669 1011
1285777876 701749 59.866449 10.783549 353515 1040
1285777877 702751 59.866449 10.783549 367992 1002
1285777878 703752 59.866553 10.783474 309736 1001
1285777879 704759 59.86667 10.783402 316576 1007
1285777880 705769 59.86678 10.783348 322048 1010
1285777881 706770 59.86678 10.783348 318744 1001
1285777882 707779 59.8669 10.783332 290584 1009
1285777883 708789 59.867014 10.783333 426016 1010
1285777884 709799 59.867138 10.783356 431488 1010
1285777885 710809 59.867138 10.783356 447904 1010
1285777886 711819 59.867257 10.783396 361720 1010
1285777887 712820 59.867374 10.783415 300160 1001
1285777888 713828 59.867498 10.783438 285109 1008
1285777889 714868 59.867498 10.783438 327523 1040
1285777890 715870 59.867624 10.783443 321480 1001
1285777891 716878 59.86775 10.783448 289216 1008
1285777892 717879 59.867885 10.783439 276904 1001
1285777893 718888 59.867885 10.783439 305064 1009
1285777894 719889 59.868007 10.783405 313840 1001
1285777895 720891 59.868135 10.783375 281005 1002
1285777896 721898 59.868266 10.783328 352147 1007
1285777897 722899 59.868266 10.783328 453375 1001
1285777898 723919 59.868392 10.78328 364456 1020
1285777899 724921 59.868516 10.783212 408232 1002
1285777900 725922 59.868638 10.783108 531352 1001
1285777901 726929 59.868638 10.783108 587440 1007
1285777902 727930 59.868759 10.783022 452576 1001
1285777903 728931 59.868882 10.782918 406864 1001
1285777904 729933 59.869006 10.782797 432856 1002
1285777905 730938 59.869006 10.782797 428752 1005
1285777906 731950 59.869122 10.782673 421912 1012
1285777907 732988 59.869239 10.782549 335728 1038
1285777908 733989 59.869352 10.782407 469792 1001
1285777909 734991 59.869352 10.782407 454744 1002
1285777910 735992 59.869468 10.782282 358984 1001
1285777911 736998 59.869592 10.782161 386344 1006
1285777912 737999 59.869713 10.782037 377108 1001
1285777913 739000 59.869713 10.782037 296516 1001
1285777914 740001 59.869831 10.781895 374032 1001
1285777915 741009 59.869955 10.781774 523144 1008
1285777916 742048 59.870071 10.781649 445736 1039
1285777917 743078 59.870071 10.781649 410968 1030
1285777918 744109 59.870188 10.781525 408232 1030
1285777919 745110 59.870295 10.781414 452008 1001
1285777920 746111 59.870411 10.78129 505360 1001
1285777921 747119 59.870411 10.78129 631216 1008
1285777922 748120 59.870526 10.781183 427384 1001
1285777923 749128 59.870643 10.781059 405496 1008
1285777924 750129 59.870757 10.780952 447104 1001
1285777925 751130 59.870757 10.780952 510832 1001
1285777926 752148 59.870883 10.780866 478000 1018
1285777927 753158 59.871004 10.78078 371296 1010
1285777928 754160 59.871137 10.780697 386344 1002
1285777929 755168 59.871137 10.780697 398656 1008
1285777930 756169 59.871271 10.780614 353512 1001
1285777931 757170 59.871407 10.780549 427384 1001
1285777932 758172 59.871539 10.780484 483472 1002
1285777933 759178 59.871539 10.780484 464320 1006
1285777934 760179 59.871663 10.780416 560080 1001
1285777935 761188 59.871795 10.78035 379504 1009
1285777936 762190 59.871931 10.780285 301528 1002
1285777937 763197 59.871931 10.780285 309737 1007
1285777938 764198 59.872055 10.780217 277704 1001
1285777939 765199 59.872179 10.780148 374032 1001
1285777940 766209 59.872315 10.780083 398656 1010
1285777941 767210 59.872315 10.780083 398656 1001
1285777942 768212 59.872441 10.779997 428752 1002
1285777943 769218 59.87257 10.779929 423280 1006
1285777944 770278 59.872694 10.77986 464888 1060
1285777945 771279 59.872694 10.77986 284544 1001
1285777946 772298 59.872818 10.779792 237232 1019
1285777947 773299 59.872941 10.779741 247608 1001
1285777948 774307 59.873065 10.779672 196192 1008
1285777949 775317 59.873065 10.779672 238032 1010
1285777950 776328 59.87319 10.779586 248176 1011
1285777951 777338 59.873302 10.779514 249544 1010
1285777952 778347 59.873428 10.779428 222984 1009
1285777953 779357 59.873428 10.779428 227656 1010
1285777954 780358 59.873544 10.779356 217512 1001
1285777955 781368 59.87367 10.77927 190720 1010
1285777956 782369 59.873803 10.779188 280440 1001
1285777957 783370 59.873803 10.779188 296056 1001
1285777958 784372 59.873933 10.779102 413704 1002
1285777959 785378 59.874072 10.779001 398656 1006
1285777960 786379 59.874212 10.778901 354880 1001
1285777961 787390 59.874212 10.778901 342568 1011
1285777962 788397 59.87436 10.778787 400024 1007
1285777963 789398 59.874499 10.778687 361711 1001
1285777964 790407 59.874641 10.778551 330265 1009
1285777965 791411 59.874641 10.778551 421912 1004
1285777966 792458 59.874789 10.778437 394552 1047
1285777968 793537 59.87493 10.778319 408232 1079
1285777969 794597 59.875068 10.778184 409600 1060
1285777970 795598 59.875068 10.778184 400824 1001
1285777971 796599 59.875216 10.778069 335728 1001
1285777972 797607 59.875358 10.777934 322048 1008
1285777973 798627 59.875494 10.777816 281008 1020
1285777974 799667 59.875494 10.777816 298792 1040
1285777975 800668 59.875632 10.777681 333792 1001
1285777976 801669 59.875774 10.777545 349408 1001
1285777977 802677 59.875916 10.77741 276885 1008
1285777978 803727 59.875916 10.77741 268715 1050
1285777979 804737 59.876052 10.777292 279072 1010
1285777980 805738 59.876192 10.777175 323416 1001
1285777981 806739 59.876327 10.777036 308368 1001
1285777982 807747 59.876327 10.777036 309168 1008
1285777983 808748 59.876457 10.776897 298792 1001
1285777984 809757 59.87659 10.776776 264592 1009
1285777985 810758 59.87672 10.776637 338464 1001
1285777986 811759 59.87672 10.776637 341200 1001
1285777987 812760 59.876842 10.776495 351576 1001
1285777988 813767 59.876974 10.776392 322048 1007
1285777989 814768 59.877107 10.776309 453376 1001
1285777990 815777 59.877107 10.776309 502624 1009
1285777991 816787 59.877245 10.776226 411875 1010
1285777992 817788 59.877381 10.776161 288308 1001
1285777993 818797 59.877525 10.776099 286480 1009
1285777994 819807 59.877525 10.776099 246808 1010
1285777995 820810 59.877655 10.776052 406296 1002
1285777996 821817 59.877791 10.775986 246808 1007
1285777997 822818 59.877934 10.775942 350776 1001
1285777998 823827 59.877934 10.775942 398656 1009
1285777999 824829 59.87807 10.775877 587440 1002
1285778000 825830 59.878205 10.775829 525080 1001
1285778001 826831 59.87834 10.775782 643528 1001
1285778002 827838 59.87834 10.775782 615368 1007
1285778003 828847 59.878474 10.775734 595648 1009
1285778004 829947 59.878603 10.775666 545600 1100
1285778005 830949 59.878732 10.775597 609328 1001
1285778006 831950 59.878732 10.775597 512200 1001
1285778007 832997 59.878854 10.775546 515504 1047
1285778008 833999 59.878984 10.77546 415072 1002
1285778009 835001 59.879107 10.775371 523144 1002
1285778010 836007 59.879107 10.775371 565552 1006
1285778011 837008 59.879231 10.775302 491680 1001
1285778012 838009 59.87935 10.775195 447904 1001
1285778013 839011 59.879468 10.775106 477200 1002
1285778014 840013 59.879468 10.775106 513568 1002
1285778015 841016 59.879574 10.775013 513568 1003
1285778016 842027 59.879688 10.774924 529984 1011
1285778017 843028 59.879794 10.774831 419176 1001
1285778018 844037 59.879794 10.774831 380872 1009
1285778019 845046 59.879893 10.774717 364456 1009
1285778020 846047 59.879995 10.774624 298792 1001
1285778021 847048 59.880096 10.774532 287848 1001
1285778022 848066 59.880096 10.774532 192888 1018
1285778023 849076 59.880191 10.774418 106704 1010
1285778024 850077 59.880285 10.774322 160624 1001
1285778025 851086 59.880378 10.774226 301528 1009
1285778026 852088 59.880378 10.774226 344736 1002
1285778027 853107 59.880451 10.774141 287848 1019
1285778028 854108 59.880519 10.774055 330256 1001
1285778029 855116 59.88059 10.773988 289216 1008
1285778030 856117 59.88059 10.773988 262656 1001
1285778031 857127 59.880644 10.773917 207136 1010
1285778032 858156 59.8807 10.773881 176472 1029
1285778033 859176 59.880737 10.773838 112176 1020
1285778034 860187 59.880737 10.773838 136000 1011
1285778035 861196 59.880773 10.773796 173736 1009
1285778036 862206 59.880794 10.773785 304265 1010
1285778037 863226 59.880805 10.773753 245440 1020
1285778038 864227 59.880805 10.773753 261288 1001
1285778039 865236 59.880809 10.773753 260488 1009
1285778040 866237 59.880817 10.773756 311104 1001
1285778041 867316 59.880818 10.773739 365824 1079
1285778042 868317 59.880818 10.773739 385776 1001
1285778043 869326 59.880818 10.773739 322048 1009
1285778044 870336 59.880818 10.773739 274168 1010
1285778045 871337 59.880818 10.773739 350776 1001
1285778046 872408 59.880818 10.773739 308368 1070
1285778047 873416 59.880815 10.773735 298224 1008
1285778048 874426 59.880823 10.773739 238600 1010
1285778049 875427 59.880823 10.773739 301528 1001
1285778050 876428 59.880823 10.773739 417808 1001
1285778051 877506 59.880829 10.773721 380872 1078
1285778053 878538 59.880842 10.773707 374832 1032
1285778054 879546 59.880865 10.773679 416440 1008
1285778055 880576 59.880865 10.773679 436157 1030
1285778056 881577 59.880893 10.773633 476635 1001
1285778057 882586 59.880923 10.773569 352144 1009
1285778058 883596 59.880969 10.773512 294120 1010
1285778059 884597 59.880969 10.773512 419176 1001
1285778060 885607 59.88102 10.773438 457480 1010
1285778061 886616 59.881083 10.773367 458047 1009
1285778062 887617 59.881144 10.773278 456112 1001
1285778063 888618 59.881144 10.773278 471160 1001
1285778064 889636 59.88123 10.773179 572392 1018
1285778065 890637 59.881317 10.773062 338464 1001
1285778066 891639 59.881414 10.772931 400024 1002
1285778067 892646 59.881414 10.772931 256384 1007
1285778068 893647 59.881523 10.772803 336528 1001
1285778069 894655 59.881633 10.772658 244072 1008
1285778070 895676 59.881752 10.772498 203032 1021
1285778071 896726 59.881752 10.772498 408232 1049
1285778072 897766 59.881882 10.772359 410968 1040
1285778073 898816 59.882006 10.7722 409600 1050
1285778074 899826 59.882133 10.772043 409600 1010
1285778075 900827 59.882133 10.772043 441064 1001
1285778076 901896 59.882269 10.771887 378136 1069
1285778077 902905 59.882409 10.771717 403560 1008
1285778078 903906 59.882541 10.77156 256384 1001
1285778079 904907 59.882541 10.77156 253648 1001
1285778080 905916 59.882673 10.771387 277704 1009
1285778081 906918 59.882814 10.771216 367192 1002
1285778082 907935 59.882947 10.771042 234496 1017
1285778083 908936 59.882947 10.771042 205200 1001
1285778084 909955 59.88309 10.770889 175672 1019
1285778085 911036 59.883229 10.770737 282376 1081
1285778086 912055 59.883361 10.77058 254448 1019
1285778087 913057 59.883361 10.77058 168832 1002
1285778088 914075 59.883493 10.770406 198360 1018
1285778089 915076 59.883617 10.770247 192888 1001
1285778090 916077 59.883747 10.770108 200296 1001
1285778091 917085 59.883747 10.770108 218080 1008
1285778092 918086 59.883869 10.769966 303696 1001
1285778093 919087 59.88399 10.769841 255016 1001
1285778094 920095 59.884119 10.76972 322048 1008
1285778095 921096 59.884119 10.76972 430120 1001
1285778096 922105 59.88424 10.769596 343917 1009
1285778097 923106 59.884368 10.769475 227088 1001
1285778098 924245 59.884492 10.769368 162011 1139
1285778099 925267 59.884492 10.769368 139536 1022
1285778100 926276 59.884628 10.76925 147744 1009
1285778101 927277 59.88476 10.769146 148312 1001
1285778102 928285 59.8849 10.769028 198360 1008
1285778103 929295 59.8849 10.769028 183312 1010
1285778104 930296 59.885041 10.76891 131896 1001
1285778105 931305 59.885186 10.768793 125856 1009
1285778106 932306 59.885327 10.768675 146376 1001
1285778107 933335 59.885327 10.768675 136000 1029
1285778108 934345 59.885479 10.76856 160056 1010
1285778109 935347 59.885632 10.768446 145576 1002
1285778110 936360 59.885785 10.768331 110808 1013
1285778111 937375 59.885785 10.768331 58824 1015
1285778112 938376 59.885938 10.768217 91656 1001
1285778113 939385 59.886098 10.768105 182512 1009
1285778114 940395 59.886252 10.767973 196992 1010
1285778115 941455 59.886252 10.767973 155152 1060
1285778116 942456 59.886412 10.767824 168264 1001
1285778117 943465 59.886576 10.767677 184680 1009
1285778118 944466 59.886731 10.767528 168832 1001
1285778119 945485 59.886731 10.767528 218880 1019
1285778120 946495 59.886882 10.76734 197560 1010
1285778121 947505 59.887039 10.767173 229824 1010
1285778122 948515 59.88719 10.766984 194824 1010
1285778123 949525 59.88719 10.766984 244872 1010
1285778124 950526 59.887341 10.766796 216712 1001
1285778126 951535 59.887487 10.766608 209304 1009
1285778127 952536 59.887638 10.76642 156520 1001
1285778128 953545 59.887638 10.76642 165528 1009
1285778129 954574 59.887783 10.76625 111376 1029
1285778130 955577 59.887927 10.766058 134064 1002
1285778131 956585 59.888072 10.765888 195624 1008
1285778132 957595 59.888072 10.765888 215344 1010
1285778133 958605 59.888217 10.765717 206568 1010
1285778134 959606 59.88836 10.765564 114112 1001
1285778135 960615 59.888502 10.765429 106704 1009
1285778136 961644 59.888502 10.765429 83448 1029
1285778137 962645 59.888646 10.765276 116280 1001
1285778138 963646 59.888788 10.765141 179776 1001
1285778139 964655 59.88893 10.765005 227088 1009
1285778140 965656 59.88893 10.765005 156520 1001
1285778141 966666 59.889072 10.76487 166896 1010
1285778142 967824 59.889209 10.764734 134632 1158
1285778143 969004 59.889344 10.764595 72504 1179
1285778144 970014 59.889344 10.764595 71136 1010
1285778145 971015 59.889477 10.764422 161424 1001
1285778146 972025 59.889594 10.764241 222184 1010
1285778147 973035 59.889709 10.764043 261288 1010
1285778148 974045 59.889709 10.764043 293320 1010
1285778149 975054 59.889816 10.763842 246808 1009
1285778150 976074 59.889918 10.76364 147744 1020
1285778151 977075 59.890034 10.763424 116280 1001
1285778152 978105 59.890034 10.763424 155152 1030
1285778153 979106 59.890142 10.763205 168264 1001
1285778154 980195 59.890263 10.76299 133264 1088
1285778155 981196 59.890377 10.762792 343368 1001
1285778156 982197 59.890377 10.762792 297424 1001
1285778157 983204 59.890504 10.762597 480736 1007
1285778158 984205 59.890623 10.762399 276904 1001
1285778159 985215 59.890757 10.762207 198360 1010
1285778160 986234 59.890757 10.762207 74440 1019
1285778161 987264 59.890882 10.76203 45144 1030
1285778162 988267 59.891014 10.761874 35568 1003
1285778163 989274 59.891139 10.761697 116280 1007
1285778164 990375 59.891139 10.761697 179776 1101
1285778165 991444 59.891276 10.761523 408232 1069
1285778166 992475 59.891402 10.761346 410968 1031
1285778167 993476 59.891534 10.761172 370728 1001
1285778168 994485 59.891534 10.761172 270064 1009
1285778169 995486 59.891666 10.761015 328888 1001
1285778170 996514 59.89179 10.760856 257752 1028
1285778171 997515 59.891925 10.760699 212040 1001
1285778172 998524 59.891925 10.760699 180576 1009
1285778174 999534 59.892063 10.760564 157888 1010
1285778175 1000551 59.892199 10.760407 124488 1017
1285778176 1001654 59.892329 10.760269 144208 1103
1285778177 1002665 59.892329 10.760269 134064 1011
1285778178 1003674 59.892463 10.76013 183312 1009
1285778179 1004694 59.892593 10.759991 108641 1020
1285778180 1005714 59.892715 10.759849 113544 1020
1285778181 1006725 59.892715 10.759849 86184 1011
1285778182 1007734 59.892832 10.759724 135432 1009
1285778183 1008744 59.892947 10.759617 122320 1010
1285778184 1009745 59.893058 10.759507 157320 1001
1285778185 1010894 59.893058 10.759507 187984 1149
1285778186 1011904 59.893173 10.7594 161424 1010
1285778187 1012907 59.893291 10.75931 227088 1003
1285778188 1013924 59.893411 10.759242 249544 1017
1285778189 1014934 59.893411 10.759242 230392 1010
1285778190 1015935 59.893534 10.759191 277704 1001
1285778191 1016944 59.893656 10.75914 255016 1009
1285778192 1017945 59.893785 10.759109 227088 1001
1285778193 1018954 59.893785 10.759109 96328 1009
1285778194 1019955 59.893913 10.759097 164160 1001
1285778195 1020964 59.894041 10.759067 230392 1009
1285778196 1021966 59.894169 10.759054 316008 1002
1285778197 1022994 59.894169 10.759054 201664 1028
1285778198 1024004 59.894298 10.759024 195624 1010
1285778199 1025144 59.894419 10.75899 123688 1140
1285778200 1026145 59.894542 10.758939 225720 1001
1285778201 1027147 59.894542 10.758939 253648 1002
1285778202 1028466 59.894667 10.758853 50616 1319
1285778203 1029474 59.894781 10.758764 230392 1008
1285778204 1030475 59.8949 10.758656 227088 1001
1285778205 1031484 59.8949 10.758656 216712 1009
1285778206 1032485 59.895009 10.758529 299592 1001
1285778207 1033487 59.895117 10.758401 245440 1002
1285778208 1034494 59.895209 10.758231 211240 1007
1285778209 1035504 59.895209 10.758231 243504 1009
1285778210 1036505 59.8953 10.758079 238600 1001
1285778211 1037513 59.895398 10.75793 225720 1008
1285778212 1038525 59.895488 10.757778 192088 1012
1285778214 1039534 59.895488 10.757778 206568 1009
1285778215 1040552 59.895578 10.757626 193456 1018
1285778216 1041554 59.895664 10.757473 217512 1002
1285778217 1042563 59.895755 10.757321 201664 1009
1285778218 1043564 59.895755 10.757321 262656 1001
1285778219 1044565 59.895844 10.757187 224920 1001
1285778220 1045567 59.895934 10.757034 243504 1002
1285778221 1046574 59.896023 10.7569 223552 1007
1285778222 1047584 59.896023 10.7569 207136 1010
