1285838040 1112376 59.850527 10.781987 279072 1001
1285838041 1113377 59.850507 10.78198 447904 1001
1285838042 1114395 59.850507 10.78198 450640 1018
1285838043 1115403 59.850495 10.781977 468992 1008
1285838044 1116405 59.850485 10.781956 592912 1002
1285838045 1117474 59.850477 10.781953 627680 1069
1285838046 1118475 59.850477 10.781953 588808 1001
1285838047 1119476 59.850473 10.781953 638964 1001
1285838048 1120477 59.850465 10.781949 547428 1001
1285838049 1121478 59.850454 10.781929 629848 1001
1285838050 1122484 59.850454 10.781929 462152 1006
1285838051 1123485 59.850442 10.781925 579232 1001
1285838052 1124486 59.85043 10.781922 581968 1001
1285838053 1125505 59.850424 10.781901 575696 1019
1285838054 1126506 59.850424 10.781901 599752 1001
1285838055 1127525 59.850412 10.781898 531920 1019
1285838056 1128526 59.850406 10.781915 581965 1001
1285838057 1129527 59.850399 10.781894 625747 1001
1285838058 1130529 59.850399 10.781894 489512 1002
1285838059 1131532 59.850399 10.781894 503992 1003
1285838060 1132534 59.850392 10.781891 635320 1002
1285838061 1133535 59.850392 10.781891 562016 1001
1285838062 1134536 59.850392 10.781891 658576 1001
1285838063 1135537 59.850392 10.781891 546968 1001
1285838064 1136538 59.850384 10.781888 690040 1001
1285838065 1137539 59.850384 10.781888 557912 1001
1285838067 1138542 59.850384 10.781888 672256 1003
1285838068 1139545 59.850384 10.781888 468992 1003
1285838069 1140557 59.850383 10.781867 700984 1012
1285838070 1141559 59.850378 10.781867 618104 1002
1285838071 1142560 59.850378 10.781867 684568 1001
1285838072 1143564 59.850378 10.781867 633152 1004
1285838073 1144603 59.850383 10.781867 608528 1039
1285838074 1145604 59.850383 10.781867 633952 1001
1285838075 1146606 59.850383 10.781867 627680 1002
1285838076 1147607 59.850375 10.781864 650368 1001
1285838077 1148608 59.850375 10.781864 563384 1001
1285838078 1149609 59.850378 10.781881 560080 1001
1285838079 1150612 59.850378 10.781881 601120 1003
1285838080 1151614 59.850378 10.781881 642728 1002
1285838081 1152615 59.850383 10.781881 645464 1001
1285838082 1153617 59.850381 10.781899 669520 1002
1285838083 1154618 59.850381 10.781899 548676 1001
1285838084 1155624 59.850386 10.781899 570685 1006
1285838085 1156625 59.850386 10.781899 618904 1001
1285838086 1157626 59.850373 10.781895 496352 1001
1285838087 1158628 59.850373 10.781895 579232 1002
1285838088 1159634 59.850381 10.781899 603056 1006
1285838089 1160635 59.850381 10.781899 657208 1001
1285838090 1161637 59.850381 10.781899 679664 1002
1285838091 1162638 59.850381 10.781899 680464 1001
1285838092 1163639 59.850377 10.781899 560648 1001
1285838093 1164640 59.850378 10.781881 577864 1001
1285838094 1165645 59.850374 10.781881 491680 1005
1285838095 1166654 59.850374 10.781881 531920 1009
1285838096 1167655 59.850363 10.78186 597016 1001
1285838097 1168674 59.85036 10.781843 548335 1019
1285838098 1169675 59.850355 10.781843 614800 1001
1285838099 1170676 59.850355 10.781843 616736 1001
1285838100 1171677 59.850352 10.781825 650368 1001
1285838101 1172723 59.850345 10.781808 575696 1046
1285838102 1173724 59.850336 10.781808 646264 1001
1285838103 1174725 59.850336 10.781808 376768 1001
1285838104 1175726 59.850336 10.781793 634520 1001
1285838105 1176727 59.850331 10.781793 635320 1001
1285838106 1177754 59.850331 10.781779 574328 1027
1285838107 1178755 59.850331 10.781779 639424 1001
1285838108 1179756 59.850322 10.781779 547768 1001
1285838109 1180757 59.850319 10.781762 598952 1001
1285838110 1181765 59.850318 10.781765 632584 1008
1285838111 1182814 59.850318 10.781765 452576 1049
1285838112 1183825 59.850313 10.781765 458849 1011
1285838113 1184835 59.850312 10.781768 690040 1010
1285838114 1185837 59.850303 10.781768 583904 1002
1285838115 1186838 59.850303 10.781768 632584 1001
1285838116 1187873 59.850298 10.781768 497720 1035
1285838117 1188874 59.850295 10.781751 607960 1001
1285838118 1189875 59.850294 10.781754 622208 1001
1285838119 1190876 59.850294 10.781754 553240 1001
1285838120 1191877 59.850286 10.781737 553240 1001
1285838121 1192884 59.850283 10.781719 567488 1007
1285838122 1193885 59.850279 10.781719 644896 1001
1285838123 1194954 59.850279 10.781719 546968 1069
1285838124 1195956 59.850276 10.781702 680464 1001
1285838125 1196957 59.850279 10.781705 566120 1001
1285838126 1197958 59.85028 10.781687 432856 1001
1285838127 1198964 59.85028 10.781687 569655 1006
1285838128 1200046 59.85028 10.781687 618104 1082
1285838129 1201047 59.85028 10.781687 657208 1001
1285838130 1202048 59.850277 10.78167 627680 1001
1285838131 1203054 59.850277 10.78167 633952 1006
1285838132 1204055 59.850277 10.78167 567488 1001
1285838133 1205065 59.850279 10.781652 638056 1010
1285838134 1206075 59.850274 10.781652 598952 1010
1285838135 1207076 59.850274 10.781652 633952 1001
1285838136 1208077 59.85027 10.781652 568856 1001
1285838137 1209084 59.85027 10.781652 586069 1007
1285838138 1210094 59.850268 10.78167 607963 1010
1285838139 1211114 59.850268 10.78167 445736 1020
1285838140 1212238 59.850268 10.78167 497152 1124
1285838141 1213294 59.850273 10.78167 720705 1056
1285838142 1214295 59.850273 10.78167 651736 1001
1285838143 1215296 59.850273 10.78167 529984 1001
1285838144 1216303 59.850273 10.78167 603056 1007
1285838145 1217304 59.850273 10.78167 612064 1001
1285838146 1218305 59.850277 10.78167 598952 1001
1285838147 1219306 59.850277 10.78167 591544 1001
1285838148 1220353 59.850277 10.78167 507296 1047
1285838149 1221354 59.850277 10.78167 609328 1001
1285838150 1222355 59.850277 10.78167 566920 1001
1285838151 1223356 59.850277 10.78167 527816 1001
1285838152 1224358 59.850277 10.78167 609328 1002
1285838153 1225359 59.850276 10.781687 593480 1001
1285838154 1226364 59.850276 10.781687 565552 1005
1285838155 1227373 59.850276 10.781687 587440 1009
1285838156 1228375 59.85028 10.781687 459415 1002
1285838157 1229378 59.850283 10.781705 732448 1003
1285838158 1230379 59.850288 10.781705 574328 1001
1285838159 1231381 59.850288 10.781705 597016 1002
1285838160 1232383 59.850292 10.781705 549704 1002
1285838161 1233405 59.850301 10.781705 609328 1022
1285838162 1234413 59.850306 10.781705 634520 1008
1285838163 1235414 59.850306 10.781705 614800 1001
1285838164 1236423 59.850316 10.781687 590744 1009
1285838165 1237424 59.850322 10.78167 696880 1001
1285838166 1238425 59.850327 10.78167 601688 1001
1285838167 1239427 59.850327 10.78167 688672 1002
1285838168 1240429 59.850333 10.781652 624944 1002
1285838170 1241593 59.85033 10.781649 663248 1164
1285838171 1242644 59.85033 10.781649 520409 1051
1285838172 1243673 59.85033 10.781649 709760 1029
1285838173 1244675 59.850334 10.781649 640792 1002
1285838174 1245677 59.85034 10.781631 590744 1002
1285838175 1246680 59.85034 10.781631 603856 1003
1285838176 1247681 59.85034 10.781631 619811 1001
1285838177 1248683 59.85034 10.781631 561109 1002
1285838178 1249684 59.85034 10.781631 554608 1001
1285838179 1250694 59.85034 10.781631 583904 1010
1285838180 1251708 59.85034 10.781631 633952 1014
1285838181 1252723 59.850345 10.781631 534637 1015
1285838182 1253724 59.850345 10.781631 416459 1001
1285838183 1254733 59.850345 10.781631 532720 1009
1285838184 1255734 59.850345 10.781631 684568 1001
1285838185 1256735 59.850346 10.781614 634520 1001
1285838186 1257813 59.850348 10.781596 598952 1078
1285838187 1258823 59.850349 10.781579 661312 1010
1285838188 1259833 59.850349 10.781579 567488 1010
1285838189 1260835 59.85035 10.781561 683200 1001
1285838190 1261836 59.850346 10.781561 596216 1001
1285838191 1262837 59.850346 10.781561 631216 1001
1285838192 1263854 59.850346 10.781561 570224 1017
1285838193 1264864 59.850341 10.781561 635320 1010
1285838194 1265874 59.850341 10.781561 614000 1010
1285838195 1266875 59.850335 10.781579 598384 1001
1285838196 1267914 59.850335 10.781579 588008 1039
1285838197 1268915 59.850335 10.781579 661312 1001
1285838198 1269923 59.850331 10.781579 561448 1008
1285838199 1270924 59.850339 10.781582 568856 1001
1285838200 1271926 59.850339 10.781582 649000 1002
1285838201 1272933 59.850337 10.7816 586640 1007
1285838202 1273934 59.850337 10.7816 623008 1001
1285838203 1274935 59.850331 10.781617 537392 1001
1285838204 1275944 59.850331 10.781617 653104 1009
1285838205 1276945 59.850331 10.781617 555176 1001
1285838206 1277946 59.850327 10.781617 539560 1001
1285838207 1278947 59.850325 10.781635 525880 1001
1285838208 1279982 59.850325 10.781635 500456 1035
1285838209 1280993 59.850321 10.781635 665416 1011
1285838210 1281994 59.850316 10.781635 582536 1001
1285838211 1283003 59.850316 10.781635 569656 1009
1285838212 1284013 59.850316 10.781635 580600 1010
1285838213 1285014 59.850312 10.781635 471728 1001
1285838214 1286015 59.850306 10.781652 687304 1001
1285838215 1287023 59.850303 10.781635 607159 1008
1285838216 1288024 59.850303 10.781635 684568 1001
1285838217 1289025 59.850298 10.781635 577064 1001
1285838218 1290027 59.850294 10.781635 677728 1002
1285838219 1291029 59.850289 10.781635 603056 1002
1285838220 1292073 59.850289 10.781635 665984 1044
1285838221 1293083 59.850292 10.781638 654472 1010
1285838222 1294084 59.850288 10.781638 578432 1001
1285838223 1295085 59.850285 10.781621 617536 1001
1285838224 1296132 59.850285 10.781621 607160 1047
1285838225 1297133 59.85028 10.781621 698248 1001
1285838226 1298134 59.850276 10.781621 633152 1001
1285838227 1299135 59.850271 10.781621 650368 1001
1285838228 1300143 59.850271 10.781621 581168 1008
1285838229 1301144 59.850271 10.781621 635320 1001
1285838230 1302145 59.850268 10.781603 533288 1001
1285838231 1303146 59.850267 10.781606 545032 1001
1285838232 1304223 59.850267 10.781606 639992 1077
1285838233 1305234 59.850262 10.781606 647632 1011
1285838234 1306243 59.850264 10.781589 596216 1009
1285838235 1307253 59.850259 10.781589 595648 1010
1285838236 1308303 59.850259 10.781589 618104 1050
1285838237 1309304 59.850255 10.781589 639424 1001
1285838238 1310312 59.850252 10.781571 619472 1008
1285838239 1311313 59.850255 10.781575 664048 1001
1285838240 1312315 59.850255 10.781575 574328 1002
1285838241 1313316 59.850255 10.781575 534088 1001
1285838242 1314317 59.85025 10.781575 579232 1001
1285838243 1315318 59.850246 10.781575 473897 1001
1285838244 1316322 59.850246 10.781575 604424 1004
1285838245 1317332 59.850246 10.781575 523141 1010
1285838246 1318352 59.850249 10.781578 552443 1020
1285838247 1319353 59.850246 10.781561 621640 1001
1285838248 1320354 59.850246 10.781561 565552 1001
1285838249 1321356 59.850246 10.781561 567488 1002
1285838250 1322472 59.850241 10.781561 671437 1116
1285838251 1323482 59.850237 10.781561 415091 1010
1285838252 1324484 59.850237 10.781561 464320 1002
1285838253 1325493 59.850238 10.781543 659941 1009
1285838254 1326494 59.850234 10.781543 604427 1001
1285838255 1327496 59.850235 10.781526 540928 1002
1285838256 1328498 59.850235 10.781526 581968 1002
1285838257 1329500 59.850231 10.781526 567488 1002
1285838258 1330501 59.850226 10.781526 639423 1001
1285838259 1331513 59.850234 10.781529 526448 1012
1285838260 1332514 59.850234 10.781529 627112 1001
1285838262 1333583 59.850234 10.781529 518240 1069
1285838263 1334584 59.850234 10.781529 614800 1001
1285838264 1335652 59.850234 10.781529 612632 1068
1285838265 1336653 59.850234 10.781529 643528 1001
1285838266 1337671 59.850234 10.781529 585272 1018
1285838267 1338702 59.850235 10.781511 633952 1031
1285838268 1339733 59.850235 10.781511 546400 1031
1285838269 1340734 59.850235 10.781511 566120 1001
1285838270 1341735 59.850231 10.781511 605224 1001
1285838271 1342736 59.850231 10.781511 555176 1001
1285838272 1343739 59.850228 10.781494 621640 1003
1285838273 1344740 59.850228 10.781494 538192 1001
1285838274 1345753 59.850223 10.781494 609896 1013
1285838275 1346833 59.850225 10.781476 649568 1080
1285838276 1347834 59.850222 10.781459 627112 1001
1285838277 1348835 59.850222 10.781459 584704 1001
1285838278 1349836 59.850223 10.781441 585272 1001
1285838279 1350851 59.850218 10.781441 649000 1015
1285838280 1351852 59.85022 10.781424 478568 1001
1285838281 1353037 59.85022 10.781424 603856 1185
1285838282 1354052 59.85022 10.781424 674192 1015
1285838283 1355053 59.850217 10.781406 597016 1001
1285838284 1356071 59.850212 10.781406 523712 1018
1285838285 1357073 59.850212 10.781406 486208 1001
1285838286 1358074 59.850214 10.781389 643528 1001
1285838287 1359092 59.850211 10.781371 510032 1018
1285838288 1360093 59.850211 10.781371 635321 1001
1285838289 1361151 59.850211 10.781371 593480 1058
1285838290 1362152 59.850206 10.781371 276336 1001
1285838291 1363191 59.850208 10.781354 541496 1039
1285838292 1364202 59.850203 10.781354 610696 1011
1285838293 1365263 59.850203 10.781354 619472 1061
1285838294 1366264 59.850203 10.781354 673624 1001
1285838295 1367265 59.850203 10.781354 619472 1001
1285838296 1368272 59.850208 10.781354 644896 1007
1285838297 1369293 59.850208 10.781354 592112 1020
1285838298 1370294 59.850208 10.781354 650368 1001
1285838299 1371295 59.850206 10.781371 614000 1001
1285838300 1372299 59.850214 10.781374 621640 1004
1285838301 1373301 59.850214 10.781374 578432 1002
1285838302 1374311 59.850215 10.781357 648991 1010
1285838303 1375312 59.850215 10.781357 601697 1001
1285838304 1376313 59.850215 10.781357 664048 1001
1285838305 1377321 59.850215 10.781357 553808 1008
1285838306 1378322 59.850208 10.781354 636688 1001
1285838307 1379332 59.850208 10.781354 577064 1010
1285838308 1380333 59.850208 10.781354 659944 1001
1285838309 1381342 59.850208 10.781354 581168 1009
1285838310 1382362 59.850206 10.781371 673624 1020
1285838311 1383372 59.850206 10.781371 627680 1010
1285838312 1384374 59.850212 10.781392 599752 1002
1285838313 1385375 59.850212 10.781392 575696 1001
1285838314 1386376 59.850212 10.781392 633952 1001
1285838315 1387378 59.850206 10.781409 566120 1002
1285838316 1388379 59.850205 10.781427 646264 1001
1285838317 1389381 59.850205 10.781427 419175 1002
1285838318 1390382 59.8502 10.781427 504560 1001
1285838319 1391393 59.850195 10.781445 617536 1011
1285838320 1392482 59.85019 10.781445 601688 1089
1285838321 1393483 59.85019 10.781445 625744 1001
1285838323 1394850 59.850186 10.781445 601688 1367
1285838324 1395852 59.850181 10.781445 435592 1002
1285838325 1396853 59.850176 10.781445 625744 1001
1285838326 1397862 59.850176 10.781445 579800 1009
1285838327 1398882 59.850176 10.781445 476632 1020
1285838328 1399883 59.850172 10.781445 635320 1001
1285838329 1400884 59.850172 10.781445 542864 1001
1285838330 1401891 59.850172 10.781445 609328 1007
1285838331 1402892 59.850167 10.781445 598384 1001
1285838332 1403893 59.850167 10.781445 504560 1001
1285838333 1404901 59.85016 10.781441 510832 1008
1285838334 1405902 59.85016 10.781441 549136 1001
1285838335 1406953 59.85016 10.781441 559280 1051
1285838336 1407954 59.85016 10.781441 666784 1001
1285838337 1408962 59.85016 10.781441 564752 1008
1285838338 1409971 59.85016 10.781441 461584 1009
1285838339 1410972 59.850161 10.781424 661312 1001
1285838340 1411974 59.850157 10.781424 608528 1002
1285838341 1413000 59.850157 10.781424 649568 1026
1285838342 1414001 59.850157 10.781424 658576 1001
1285838343 1415002 59.850158 10.781406 607160 1001
1285838344 1416003 59.850158 10.781406 640792 1001
1285838345 1417010 59.850158 10.781406 570224 1007
1285838346 1418012 59.850158 10.781406 688672 1002
1285838347 1419013 59.850158 10.781406 462952 1001
1285838348 1420015 59.850154 10.781406 545601 1002
1285838349 1421031 59.850149 10.781406 717400 1016
1285838350 1422032 59.850149 10.781406 638624 1001
1285838351 1423041 59.850149 10.781406 645464 1009
1285838352 1424042 59.850152 10.781409 720136 1001
1285838353 1425051 59.850152 10.781409 611264 1009
1285838354 1426052 59.850152 10.781409 683200 1001
1285838355 1427053 59.850152 10.781409 571592 1001
1285838356 1428121 59.850149 10.781392 660512 1068
1285838357 1429122 59.850149 10.781392 695509 1001
1285838358 1430131 59.850149 10.781392 616739 1009
1285838359 1431132 59.850149 10.781392 664048 1001
1285838360 1432141 59.850149 10.781392 598952 1009
1285838361 1433150 59.850152 10.781409 691407 1009
1285838362 1434151 59.850152 10.781409 644096 1001
1285838363 1435152 59.850152 10.781409 644096 1001
1285838364 1436161 59.850157 10.781409 683200 1009
1285838365 1437171 59.850149 10.781406 589376 1010
1285838366 1438172 59.850149 10.781406 657208 1001
1285838367 1439180 59.850149 10.781406 432856 1008
1285838368 1440181 59.850149 10.781406 479936 1001
1285838369 1441190 59.850151 10.781389 550504 1009
1285838370 1442191 59.850151 10.781389 495784 1001
1285838371 1443192 59.850146 10.781389 514936 1001
1285838372 1444200 59.850146 10.781389 490880 1008
1285838373 1445201 59.850146 10.781389 520408 1001
1285838374 1446202 59.850146 10.781389 523144 1001
1285838375 1447220 59.850142 10.781389 442432 1018
1285838376 1448231 59.850142 10.781389 517672 1011
1285838377 1449232 59.850142 10.781389 530552 1001
1285838378 1450233 59.850142 10.781389 514936 1001
1285838379 1451261 59.850145 10.781392 549136 1028
1285838380 1452281 59.85014 10.781392 607160 1020
1285838381 1453282 59.850136 10.781392 651736 1001
1285838382 1454284 59.850136 10.781392 568856 1002
1285838383 1455286 59.850133 10.781374 661312 1002
1285838384 1456311 59.850128 10.781374 551072 1025
1285838385 1457312 59.850125 10.781357 644896 1001
1285838386 1458313 59.850125 10.781357 589376 1001
1285838387 1459314 59.850121 10.781357 603856 1001
1285838388 1460341 59.850118 10.781339 505928 1027
1285838389 1461361 59.85011 10.781322 650368 1020
1285838390 1462381 59.85011 10.781322 578432 1020
1285838391 1463382 59.850111 10.781304 680464 1001
1285838392 1464383 59.850102 10.781304 560648 1001
1285838393 1465525 59.850102 10.781304 605205 1142
1285838394 1466526 59.850102 10.781304 346691 1001
1285838396 1467541 59.850099 10.781287 642160 1015
1285838397 1468542 59.850099 10.781287 449840 1001
1285838398 1469544 59.850095 10.781287 658576 1002
1285838399 1470630 59.850095 10.781287 560648 1086
1285838400 1471631 59.850095 10.781287 642160 1001
1285838401 1472632 59.850093 10.781304 597584 1001
1285838402 1473640 59.850087 10.781283 670888 1008
1285838403 1474652 59.850087 10.781283 546968 1012
1285838404 1475654 59.850087 10.781283 642160 1002
1285838405 1476702 59.850087 10.781283 588008 1048
1285838406 1477721 59.850087 10.781283 683200 1019
1285838407 1478722 59.850087 10.781283 549705 1001
1285838408 1479724 59.850092 10.781283 642160 1002
1285838409 1480730 59.85009 10.781301 583904 1006
1285838410 1481731 59.850086 10.781301 658576 1001
1285838411 1482759 59.850086 10.781301 567488 1028
1285838412 1483760 59.850081 10.781301 627112 1001
1285838413 1484799 59.850077 10.781301 601688 1039
1285838414 1485801 59.850074 10.781283 662680 1002
1285838415 1486813 59.850074 10.781283 603056 1012
1285838416 1487820 59.850062 10.78128 684568 1007
1285838417 1488821 59.850057 10.78128 588008 1001
1285838418 1489823 59.850053 10.78128 575128 1002
1285838419 1490830 59.850053 10.78128 572960 1007
1285838420 1491831 59.850048 10.78128 655840 1001
1285838421 1492839 59.850045 10.781263 572960 1008
1285838422 1493840 59.850041 10.781263 598384 1001
1285838423 1494880 59.850041 10.781263 631784 1040
1285838424 1495881 59.850042 10.781245 644896 1001
1285838425 1496882 59.850039 10.781228 614000 1001
1285838426 1497890 59.850034 10.781228 662680 1008
1285838427 1498892 59.850034 10.781228 639992 1002
1285838428 1499893 59.850036 10.78121 638056 1001
1285838429 1500894 59.850019 10.781207 534656 1001
1285838430 1501899 59.850016 10.781189 597016 1005
1285838431 1503019 59.850016 10.781189 582536 1120
1285838432 1504021 59.850012 10.781189 661312 1001
1285838433 1505022 59.850012 10.781175 517672 1001
1285838434 1506023 59.850009 10.781157 598952 1001
1285838435 1507024 59.850009 10.781157 620271 1001
1285838436 1508049 59.850001 10.78114 468992 1025
1285838437 1509060 59.849992 10.78114 562816 1011
1285838438 1510061 59.84998 10.781122 553240 1001
1285838439 1511063 59.84998 10.781122 629048 1002
1285838440 1512067 59.849979 10.781126 607960 1004
1285838441 1513069 59.849976 10.781108 581168 1002
1285838442 1514070 59.849967 10.781108 616168 1001
1285838443 1515149 59.849967 10.781108 545600 1079
1285838444 1516150 59.849959 10.781091 625744 1001
1285838445 1517160 59.849951 10.781073 516304 1010
1285838446 1518180 59.849947 10.781073 496352 1020
1285838447 1519181 59.849947 10.781073 688672 1001
1285838448 1520182 59.849942 10.781073 593480 1001
1285838449 1521190 59.849938 10.781073 650368 1008
1285838450 1522199 59.849933 10.781073 525081 1009
1285838451 1523200 59.849933 10.781073 677728 1001
1285838452 1524201 59.849932 10.781091 633152 1001
1285838453 1525202 59.849927 10.781091 602488 1001
1285838454 1526203 59.849915 10.781087 633152 1001
1285838455 1527209 59.849915 10.781087 546400 1006
1285838456 1528290 59.849915 10.781087 594848 1081
1285838457 1529291 59.849909 10.781105 598384 1001
1285838458 1530299 59.849909 10.781105 520408 1008
1285838459 1531300 59.849909 10.781105 571592 1001
1285838460 1532301 59.849911 10.781087 635320 1001
1285838461 1533302 59.849915 10.781087 641360 1001
1285838462 1534303 59.849915 10.781087 674992 1001
1285838463 1535309 59.849915 10.781087 446536 1006
1285838464 1536489 59.849915 10.781087 415640 1180
1285838466 1537560 59.84992 10.781087 409600 1071
1285838467 1538561 59.849924 10.781087 681832 1001
1285838468 1539569 59.849924 10.781087 546968 1008
1285838469 1540570 59.849929 10.781087 577864 1001
1285838470 1541600 59.849933 10.781087 560080 1030
1285838471 1542610 59.84993 10.781084 487576 1010
1285838472 1543611 59.84993 10.781084 564752 1001
1285838473 1544612 59.849935 10.781084 657208 1001
1285838474 1545619 59.849939 10.781084 578432 1007
1285838475 1546620 59.849939 10.781084 580600 1001
1285838476 1547621 59.849939 10.781084 511400 1001
1285838477 1548622 59.849944 10.781084 562816 1001
1285838478 1549709 59.849944 10.781084 653672 1087
1285838479 1550710 59.849936 10.781081 602488 1001
1285838480 1551718 59.849936 10.781081 571024 1008
1285838481 1552729 59.849938 10.781063 394551 1011
1285838482 1553819 59.849938 10.781063 479936 1090
1285838483 1554820 59.849938 10.781063 486208 1001
1285838484 1555829 59.849938 10.781063 516304 1009
1285838485 1556830 59.849941 10.781066 484840 1001
1285838486 1557831 59.849941 10.781066 495784 1001
1285838487 1558833 59.849936 10.781066 607160 1002
1285838488 1559835 59.849936 10.781066 670888 1002
1285838489 1560840 59.849933 10.781049 596216 1005
1285838490 1561841 59.849929 10.781049 554608 1001
1285838491 1562850 59.84992 10.781049 475264 1009
1285838492 1563851 59.84992 10.781049 470360 1001
1285838493 1564853 59.849917 10.781031 499885 1002
1285838494 1565891 59.849912 10.781031 408235 1038
1285838495 1566892 59.849904 10.781014 592912 1001
1285838496 1567898 59.849904 10.781014 423280 1006
1285838497 1568899 59.8499 10.781014 443800 1001
1285838498 1569918 59.8499 10.781 461585 1019
1285838499 1570919 59.849897 10.780982 432056 1001
1285838500 1571920 59.849897 10.780982 579232 1001
1285838501 1572929 59.849894 10.780965 601120 1009
1285838502 1573930 59.849891 10.780947 484040 1001
1285838503 1574931 59.849882 10.780947 495784 1001
1285838504 1575939 59.849882 10.780947 417808 1008
1285838505 1576940 59.849879 10.78093 502624 1001
1285838506 1577941 59.849886 10.780933 523144 1001
1285838507 1578949 59.84988 10.78095 474464 1008
1285838508 1579950 59.84988 10.78095 680464 1001
1285838509 1580951 59.84988 10.78095 623576 1001
1285838510 1581952 59.849873 10.780947 674992 1001
1285838511 1583011 59.849873 10.780947 485408 1059
1285838512 1584012 59.849873 10.780947 659944 1001
1285838513 1585013 59.849873 10.780947 575696 1001
1285838514 1586016 59.849873 10.780947 647632 1003
1285838515 1587018 59.849874 10.78093 578432 1002
1285838516 1588019 59.849874 10.78093 669520 1001
1285838517 1589020 59.849874 10.78093 589376 1001
1285838518 1590022 59.849874 10.78093 666784 1002
1285838519 1591028 59.849874 10.78093 520976 1006
1285838520 1592029 59.849874 10.78093 657208 1001
1285838521 1593030 59.849874 10.78093 638624 1001
1285838522 1594031 59.849868 10.780947 717400 1001
1285838523 1595048 59.849868 10.780947 635888 1017
1285838524 1596118 59.849868 10.780947 627680 1070
1285838525 1597119 59.849871 10.78095 591544 1001
1285838526 1598208 59.849868 10.780933 631216 1089
1285838527 1599218 59.849875 10.780954 479936 1010
1285838528 1600219 59.849875 10.780954 581968 1001
1285838529 1601265 59.849875 10.780954 582536 1046
1285838530 1602266 59.84987 10.780954 679096 1001
1285838531 1603268 59.84987 10.780954 603053 1002
1285838532 1604283 59.84987 10.780954 603859 1015
1285838533 1605286 59.849875 10.780954 612632 1003
1285838534 1606299 59.849875 10.780954 670888 1013
1285838535 1607302 59.849879 10.780954 589375 1003
1285838536 1608308 59.849879 10.780954 692776 1006
1285838537 1609309 59.849879 10.780954 615368 1001
1285838538 1610320 59.849879 10.780954 650349 1011
1285838539 1611321 59.849885 10.780936 315227 1001
1285838540 1612322 59.849885 10.780936 568856 1001
1285838541 1613342 59.849877 10.780933 632584 1020
1285838542 1614428 59.849876 10.78095 555176 1086
1285838543 1615429 59.84988 10.78095 554608 1001
1285838544 1616438 59.84988 10.78095 658576 1009
1285838545 1617439 59.84988 10.78095 493616 1001
1285838546 1618448 59.849883 10.780968 680464 1009
1285838547 1619449 59.849892 10.780968 508664 1001
1285838548 1620450 59.849892 10.780968 564184 1001
1285838549 1621452 59.8499 10.780986 503992 1002
1285838550 1622454 59.849908 10.781003 581169 1002
1285838551 1623458 59.849909 10.781 623008 1004
1285838552 1624468 59.849909 10.781 560648 1010
1285838553 1625470 59.849917 10.781017 639424 1001
1285838554 1626472 59.849917 10.781031 613997 1002
1285838555 1627474 59.849926 10.781031 696883 1002
1285838556 1628476 59.849926 10.781031 607160 1002
1285838557 1629489 59.84993 10.781046 617536 1013
1285838558 1630491 59.849942 10.781063 605792 1001
1285838559 1631492 59.849956 10.781063 603856 1001
1285838560 1632518 59.849956 10.781063 529184 1026
1285838561 1633520 59.84996 10.781077 617536 1001
1285838562 1634522 59.849972 10.781095 427384 1002
1285838563 1635523 59.849984 10.781112 633152 1001
1285838564 1636524 59.849984 10.781112 581968 1001
1285838565 1637539 59.84999 10.781109 608527 1015
1285838566 1638540 59.850002 10.781127 565552 1001
1285838568 1639548 59.85001 10.781144 644896 1008
1285838569 1640557 59.85001 10.781144 588008 1009
1285838570 1641567 59.850014 10.781158 655840 1010
1285838571 1642569 59.850014 10.781172 589376 1002
1285838572 1643570 59.850014 10.781187 624376 1001
1285838573 1644571 59.850014 10.781187 552440 1001
1285838574 1645572 59.850022 10.781204 650368 1001
1285838575 1646574 59.850022 10.781218 582536 1002
1285838576 1647648 59.850031 10.781218 689240 1074
1285838577 1648649 59.850031 10.781218 673624 1001
1285838578 1649650 59.850038 10.781236 597584 1001
1285838579 1650651 59.850046 10.781253 706456 1001
1285838580 1651652 59.850058 10.781271 593480 1001
1285838581 1652654 59.850058 10.781271 664048 1002
1285838582 1653655 59.850055 10.781268 633152 1001
1285838583 1654668 59.850062 10.781285 638624 1013
1285838584 1655669 59.850068 10.78132 668152 1001
1285838585 1656688 59.850068 10.78132 563384 1019
1285838586 1657698 59.850076 10.781338 681832 1010
1285838587 1658699 59.850076 10.781352 611264 1001
1285838588 1659700 59.85007 10.781345 692776 1001
1285838589 1660708 59.85007 10.781345 620840 1008
1285838590 1661769 59.850075 10.781342 667352 1061
1285838591 1662770 59.850075 10.781356 650368 1001
1285838592 1663778 59.850072 10.781353 624944 1008
1285838593 1664779 59.850072 10.781353 706457 1001
1285838594 1665780 59.850081 10.781353 637256 1001
1285838595 1666818 59.850078 10.781349 657776 1038
1285838596 1667819 59.850086 10.781367 683200 1001
1285838597 1668821 59.850086 10.781367 600320 1002
1285838598 1669822 59.850083 10.781364 669520 1001
1285838599 1670828 59.850092 10.781364 616736 1006
1285838600 1671830 59.850087 10.781378 638056 1002
1285838601 1672838 59.850087 10.781378 577064 1008
1285838602 1673839 59.85009 10.781395 592912 1001
1285838603 1674840 59.850086 10.78141 581168 1001
1285838604 1675841 59.850089 10.781427 666784 1001
1285838605 1676857 59.850089 10.781427 516872 1016
1285838606 1677859 59.850086 10.781424 644896 1002
1285838607 1678867 59.850085 10.781438 560061 1008
1285838608 1679869 59.850073 10.781449 343955 1002
1285838609 1680871 59.850073 10.781449 639992 1002
1285838610 1681873 59.850081 10.781466 672256 1002
1285838611 1682878 59.850081 10.78148 624944 1005
1285838612 1683888 59.850084 10.781498 611264 1010
1285838613 1684889 59.850084 10.781498 703720 1001
1285838614 1685890 59.850097 10.781498 624944 1001
1285838615 1686891 59.850097 10.781512 698248 1001
1285838616 1687892 59.850099 10.781509 572960 1001
1285838617 1688893 59.850099 10.781509 670888 1001
1285838618 1689897 59.850091 10.78152 638624 1004
1285838619 1690898 59.850095 10.781534 645464 1001
1285838620 1691899 59.850095 10.781548 681832 1001
1285838621 1692900 59.850095 10.781548 612631 1001
1285838622 1693901 59.850097 10.781545 679096 1001
1285838623 1694907 59.850085 10.781556 624944 1006
1285838624 1695927 59.850081 10.781552 627680 1020
1285838625 1696928 59.850081 10.781552 661312 1001
1285838626 1697938 59.850078 10.781549 652304 1010
1285838627 1698939 59.850071 10.781546 685936 1001
1285838628 1699941 59.850074 10.781563 607160 1002
1285838629 1700944 59.850074 10.781563 639424 1003
1285838630 1701946 59.85008 10.781546 589376 1002
1285838631 1702996 59.850087 10.781549 670088 1050
1285838632 1703997 59.850096 10.781535 621640 1001
1285838633 1704998 59.850096 10.781535 603856 1001
1285838634 1705999 59.850106 10.781521 484040 1001
1285838635 1707000 59.850118 10.781524 580600 1001
1285838636 1708048 59.850125 10.781527 578432 1048
1285838637 1709050 59.850125 10.781527 586072 1002
1285838638 1710057 59.850137 10.781531 275536 1007
1285838639 1711058 59.850157 10.781537 616168 1001
1285838640 1712087 59.850177 10.781544 570224 1029
1285838641 1713089 59.850177 10.781544 636688 1002
1285838642 1714167 59.850201 10.781551 592112 1078
1285838643 1715168 59.850233 10.781561 661312 1001
1285838644 1716169 59.850257 10.781567 570224 1001
1285838645 1717177 59.850257 10.781567 670888 1008
1285838646 1718178 59.85028 10.781591 566120 1001
1285838647 1719187 59.850292 10.781595 636688 1009
1285838648 1720206 59.850309 10.781598 579800 1019
1285838649 1721208 59.850309 10.781598 602488 1002
1285838650 1722267 59.850312 10.781616 627680 1059
1285838651 1723268 59.850324 10.781619 662680 1001
1285838652 1724306 59.850332 10.781637 564752 1038
1285838653 1725307 59.850332 10.781637 647632 1001
1285838654 1726309 59.850341 10.781637 547768 1002
1285838655 1727310 59.850345 10.781637 577064 1001
1285838656 1728317 59.85035 10.781637 591544 1007
1285838657 1729318 59.85035 10.781637 555176 1001
1285838658 1730319 59.850347 10.781633 659944 1001
1285838659 1731327 59.850347 10.781633 544232 1008
1285838660 1732328 59.850351 10.781633 676360 1001
1285838661 1733367 59.850351 10.781633 525080 1039
1285838662 1734368 59.85035 10.781651 657208 1001
1285838663 1735369 59.850354 10.781651 575697 1001
1285838664 1736371 59.850359 10.781651 654472 1002
1285838665 1737376 59.850359 10.781651 575696 1005
1285838666 1738387 59.850371 10.781654 612064 1011
1285838667 1739388 59.850366 10.781668 584704 1001
1285838668 1740390 59.850359 10.781665 556544 1002
1285838669 1741391 59.850359 10.781665 550504 1001
1285838670 1742446 59.850342 10.781676 570224 1055
1285838671 1743447 59.850339 10.781672 581968 1001
1285838672 1744448 59.850337 10.78169 553240 1001
1285838673 1745450 59.850337 10.78169 549704 1002
1285838674 1746451 59.85035 10.781693 632584 1001
1285838675 1747456 59.850357 10.781711 549685 1005
1285838676 1748496 59.850366 10.781749 401411 1040
1285838677 1749497 59.850366 10.781749 476632 1001
1285838678 1750507 59.850371 10.781749 653104 1010
1285838679 1751517 59.850363 10.781746 570224 1010
1285838680 1752518 59.850368 10.781746 631216 1001
1285838681 1753519 59.850368 10.781746 603056 1001
1285838682 1754520 59.850371 10.781763 632584 1001
1285838683 1755522 59.850368 10.78176 594848 1002
1285838684 1756526 59.850369 10.781757 685936 1004
1285838685 1757527 59.850369 10.781757 604424 1001
1285838686 1758537 59.850366 10.781753 506728 1010
1285838688 1759616 59.850373 10.781771 592112 1079
1285838689 1760617 59.850375 10.781768 602488 1001
1285838690 1761647 59.850375 10.781768 626312 1030
1285838691 1762648 59.850375 10.781782 605224 1001
1285838692 1763650 59.850375 10.781796 540928 1002
1285838693 1764796 59.850382 10.781813 516872 1146
1285838694 1765797 59.850382 10.781813 573760 1001
1285838695 1766798 59.850372 10.781807 641360 1001
1285838696 1767807 59.850373 10.781803 624376 1009
1285838697 1768855 59.850362 10.781797 592112 1048
1285838698 1769856 59.850362 10.781797 623008 1001
1285838699 1770886 59.850359 10.781793 605792 1030
1285838700 1771887 59.850355 10.781808 583336 1001
1285838701 1772956 59.850351 10.781804 645464 1069
1285838702 1773957 59.850351 10.781804 654472 1001
1285838703 1775007 59.850344 10.781801 575696 1050
1285838704 1776009 59.850329 10.781794 505360 1001
1285838705 1777010 59.850313 10.781788 650368 1001
1285838706 1778016 59.850313 10.781788 579800 1006
1285838707 1779017 59.850298 10.781781 581968 1001
1285838708 1780018 59.850271 10.781771 668719 1001
1285838709 1781020 59.850252 10.781747 673624 1002
1285838710 1782027 59.850252 10.781747 612632 1007
1285838711 1783075 59.850237 10.78174 641360 1048
1285838712 1784076 59.85021 10.78173 586072 1001
1285838713 1785077 59.850198 10.781727 602488 1001
1285838714 1786107 59.850198 10.781727 451208 1030
1285838715 1787108 59.850178 10.78172 653095 1001
1285838716 1788166 59.850166 10.781717 574337 1058
1285838717 1789208 59.85016 10.781696 523144 1042
1285838718 1790246 59.85016 10.781696 707024 1038
1285838719 1791247 59.850147 10.781692 635320 1001
1285838720 1792305 59.850143 10.781692 592112 1058
1285838721 1793307 59.850131 10.781689 612064 1002
1285838722 1794316 59.850131 10.781689 581968 1009
1285838723 1795317 59.850114 10.781686 597584 1001
1285838724 1796318 59.850102 10.781682 644896 1001
1285838725 1797326 59.850085 10.781679 501824 1008
1285838726 1798327 59.850085 10.781679 655840 1001
1285838727 1799347 59.850073 10.781676 529184 1020
1285838728 1800376 59.850064 10.781676 617536 1029
1285838729 1801385 59.850061 10.781658 583904 1009
1285838730 1802386 59.850061 10.781658 640792 1001
1285838731 1803387 59.850051 10.781676 534088 1001
1285838732 1804388 59.850048 10.781658 623576 1001
1285838733 1805389 59.850055 10.781662 631216 1001
1285838734 1806392 59.850055 10.781662 582536 1003
1285838735 1807393 59.850063 10.781665 653104 1001
1285838736 1808395 59.850058 10.781665 557912 1002
1285838737 1809396 59.850054 10.781665 624376 1001
1285838738 1810406 59.850054 10.781665 601688 1010
1285838739 1811427 59.850054 10.781665 623008 1021
1285838740 1812435 59.850051 10.781647 579801 1008
1285838741 1813436 59.850046 10.781647 598384 1001
1285838742 1814475 59.850046 10.781647 574328 1039
1285838743 1815486 59.850046 10.781633 647632 1011
1285838745 1816586 59.850042 10.781633 540128 1100
1285838746 1817587 59.850034 10.781616 695509 1001
1285838747 1818695 59.850034 10.781616 533291 1108
1285838748 1819736 59.85003 10.781616 408232 1041
1285838749 1820737 59.850022 10.781598 664048 1001
1285838750 1821739 59.85001 10.781595 623576 1002
1285838751 1822755 59.85001 10.781595 601120 1016
1285838752 1823757 59.850006 10.781595 615368 1002
1285838753 1824758 59.850015 10.781581 683200 1001
1285838754 1825759 59.85001 10.781581 609896 1001
1285838755 1826760 59.85001 10.781581 635320 1001
1285838756 1827761 59.850007 10.781563 575696 1001
1285838757 1828763 59.849995 10.78156 502624 1002
1285838758 1829764 59.84998 10.781539 597016 1001
1285838759 1830766 59.84998 10.781539 519608 1002
1285838760 1831767 59.849963 10.781536 639424 1001
1285838761 1832776 59.849959 10.781536 582536 1009
1285838762 1833777 59.849956 10.781518 659944 1001
1285838763 1834786 59.849956 10.781518 556544 1009
1285838764 1835787 59.849947 10.781518 629848 1001
1285838765 1836789 59.849936 10.781497 487576 1002
1285838766 1837790 59.849921 10.781476 608528 1001
1285838767 1838792 59.849921 10.781476 618904 1002
1285838768 1840025 59.849905 10.781455 465688 1233
1285838769 1841026 59.849898 10.781438 497720 1001
1285838770 1842027 59.849883 10.781417 591544 1001
1285838771 1843028 59.849883 10.781417 566120 1001
1285838772 1844036 59.849873 10.781379 623008 1008
1285838773 1845037 59.849857 10.781375 615368 1001
1285838774 1846038 59.849851 10.781354 628480 1001
1285838775 1847085 59.849851 10.781354 575696 1047
1285838776 1848096 59.849846 10.781354 531352 1011
1285838777 1849154 59.849854 10.781358 697448 1058
1285838778 1850155 59.849858 10.781358 620272 1001
1285838779 1851196 59.849858 10.781358 609896 1041
1285838780 1852206 59.849866 10.781361 599752 1010
1285838781 1853275 59.84987 10.781361 629047 1069
1285838782 1854276 59.84987 10.781361 633952 1001
1285838783 1855277 59.84987 10.781361 572392 1001
1285838784 1856279 59.849869 10.781379 582536 1002
1285838785 1857280 59.849863 10.781358 658576 1001
1285838786 1858281 59.849855 10.781354 600320 1001
1285838787 1859315 59.849855 10.781354 637256 1034
1285838788 1860316 59.849855 10.781354 677728 1001
1285838789 1861318 59.849848 10.781351 650936 1002
1285838790 1862319 59.849835 10.781348 647632 1001
1285838791 1863325 59.849835 10.781348 536024 1006
1285838792 1864326 59.849835 10.781348 591544 1001
1285838793 1865377 59.849828 10.781344 582536 1051
1285838794 1866380 59.849831 10.781362 576496 1003
1285838795 1867475 59.849831 10.781362 653672 1095
1285838796 1868476 59.849831 10.781362 579232 1001
1285838797 1869477 59.849834 10.78138 629848 1001
1285838798 1870478 59.849838 10.78138 563384 1001
1285838799 1871485 59.849838 10.78138 564184 1007
1285838800 1872525 59.849841 10.781397 530552 1040
1285838801 1873526 59.849846 10.781397 528616 1001
1285838802 1874527 59.849849 10.781415 610696 1001
1285838803 1875528 59.849849 10.781415 503192 1001
1285838804 1876529 59.849852 10.781432 639424 1001
1285838805 1877535 59.849857 10.781432 605792 1006
1285838807 1878565 59.84986 10.78145 535456 1030
1285838808 1879604 59.84986 10.78145 671456 1039
1285838809 1880605 59.849876 10.781453 669520 1001
1285838810 1881655 59.849879 10.78147 560648 1050
1285838811 1882665 59.849887 10.781488 668153 1010
1285838812 1883666 59.849887 10.781488 601688 1001
1285838813 1884667 59.849891 10.781488 631216 1001
1285838814 1885668 59.849907 10.781509 612632 1001
1285838815 1886695 59.849922 10.78153 653104 1027
1285838816 1887696 59.849922 10.78153 638624 1001
1285838817 1888697 59.849925 10.781547 646245 1001
1285838818 1889698 59.849929 10.781547 345323 1001
1285838819 1890699 59.849945 10.781568 568856 1001
1285838820 1891702 59.849945 10.781568 679096 1003
1285838821 1892708 59.849949 10.781568 622208 1006
1285838822 1893715 59.849954 10.781568 650368 1007
1285838823 1894716 59.84995 10.781565 564752 1001
1285838824 1895717 59.84995 10.781565 647632 1001
1285838825 1896718 59.849943 10.781561 540127 1001
1285838826 1897858 59.849935 10.781558 650368 1140
1285838827 1898861 59.849932 10.781555 648200 1003
1285838828 1899865 59.849932 10.781555 632584 1004
1285838829 1900868 59.849932 10.781555 605792 1002
1285838830 1901874 59.849937 10.781555 653104 1006
1285838831 1902875 59.849944 10.781558 523712 1001
1285838832 1903878 59.849944 10.781558 644896 1003
1285838833 1904880 59.849952 10.781561 572960 1002
1285838834 1905882 59.849958 10.781582 476632 1002
1285838835 1906885 59.849963 10.781582 614800 1003
1285838836 1907894 59.849963 10.781582 570224 1009
1285838837 1908904 59.84997 10.781586 542296 1010
1285838838 1909914 59.849976 10.781568 539560 1010
1285838839 1910925 59.849984 10.781571 552440 1011
1285838840 1911926 59.849984 10.781571 591545 1001
1285838841 1912928 59.849994 10.781592 549704 1002
1285838842 1913929 59.849999 10.781592 577864 1001
1285838843 1914944 59.850016 10.781596 633952 1015
1285838844 1915945 59.850016 10.781596 522344 1001
1285838845 1916946 59.850028 10.781599 598384 1001
1285838846 1917954 59.850028 10.781599 560648 1008
1285838847 1918955 59.850032 10.781599 580600 1001
1285838848 1919956 59.850032 10.781599 538192 1001
1285838849 1920958 59.850038 10.781581 427384 1002
1285838850 1921965 59.850046 10.781585 551072 1007
1285838851 1922966 59.850047 10.781567 625744 1001
1285838852 1923973 59.850047 10.781567 519608 1007
1285838853 1924974 59.850061 10.781553 606592 1001
1285838854 1926054 59.850073 10.781556 622208 1080
1285838855 1927055 59.850073 10.781556 497152 1001
1285838856 1928056 59.850073 10.781556 495784 1001
1285838857 1929058 59.850085 10.78156 590176 1002
1285838858 1930064 59.850105 10.781566 504560 1006
1285838859 1931074 59.850117 10.78157 592912 1010
1285838860 1932075 59.850117 10.78157 430120 1001
1285838861 1933076 59.850125 10.781573 517672 1001
1285838862 1934104 59.850137 10.781576 468992 1028
1285838863 1935106 59.850137 10.781576 491680 1001
1285838864 1936114 59.850137 10.781576 488944 1008
1285838865 1937115 59.850137 10.781576 536824 1001
1285838866 1938124 59.850146 10.781562 514936 1009
1285838867 1939144 59.85015 10.781562 423848 1020
1285838868 1940145 59.85015 10.781562 506728 1001
1285838869 1941146 59.850155 10.781562 553240 1001
1285838870 1942148 59.850162 10.781566 501256 1002
1285838871 1943154 59.850175 10.781569 555176 1006
1285838872 1944156 59.850175 10.781569 487575 1002
1285838873 1945157 59.850187 10.781572 506728 1001
1285838874 1946164 59.850197 10.781593 435592 1007
1285838875 1947165 59.850214 10.781596 421912 1001
1285838876 1948166 59.850214 10.781596 488944 1001
1285838877 1949167 59.85022 10.781617 479936 1001
1285838878 1950174 59.850232 10.781621 450640 1007
1285838879 1951175 59.850235 10.781638 599752 1001
1285838880 1952176 59.850235 10.781638 467056 1001
1285838881 1953183 59.850248 10.781642 438328 1007
1285838882 1954193 59.850254 10.781662 352144 1010
1285838883 1955203 59.850261 10.78168 350776 1010
1285838884 1956204 59.850261 10.78168 341200 1001
1285838885 1957213 59.850273 10.781683 331624 1009
1285838886 1958223 59.850284 10.781704 334360 1010
1285838887 1959224 59.850299 10.781725 331056 1001
1285838888 1960225 59.850299 10.781725 281008 1001
1285838889 1961233 59.850314 10.781746 283741 1008
1285838890 1962234 59.850331 10.781749 320112 1001
1285838891 1963243 59.850342 10.78177 271435 1009
1285838892 1964244 59.850342 10.78177 257752 1001
1285838893 1965253 59.850349 10.781788 338464 1009
1285838894 1966263 59.850361 10.781791 314640 1010
1285838895 1967273 59.850365 10.781808 331624 1010
1285838896 1968274 59.850365 10.781808 343933 1001
1285838897 1969275 59.850377 10.781812 317947 1001
1285838898 1970363 59.850381 10.781812 294688 1088
1285838899 1971375 59.850387 10.781833 343368 1012
1285838900 1972383 59.850387 10.781833 276904 1008
1285838901 1973443 59.850392 10.781833 197541 1060
1285838902 1974463 59.850404 10.781836 210672 1020
1285838904 1975712 59.850409 10.781836 198947 1249
1285838905 1976713 59.850409 10.781836 222984 1001
1285838906 1977723 59.850416 10.781839 196192 1010
1285838907 1978724 59.850416 10.781839 348840 1001
1285838908 1979733 59.850416 10.781839 293320 1009
1285838909 1980734 59.850416 10.781839 222184 1001
1285838910 1981742 59.850428 10.781843 165528 1008
1285838911 1982812 59.850427 10.78186 189352 1070
1285838912 1983813 59.850427 10.78186 191520 1001
1285838913 1984822 59.850427 10.78186 183312 1009
1285838914 1985823 59.850436 10.781846 235864 1001
1285838915 1986833 59.850436 10.781846 442432 1010
1285838916 1987844 59.850444 10.781849 379504 1011
1285838917 1988853 59.850444 10.781849 391816 1009
1285838918 1989854 59.850444 10.781849 397288 1001
1285838919 1990855 59.850444 10.781849 475264 1001
1285838920 1991863 59.850445 10.781832 372664 1008
1285838921 1992864 59.850445 10.781832 222184 1001
1285838922 1993882 59.85044 10.781832 186048 1018
1285838923 1994893 59.85044 10.781832 239968 1011
1285838924 1995894 59.850448 10.781835 350208 1001
1285838925 1996902 59.850448 10.781835 233128 1008
1285838926 1997913 59.850453 10.781835 324784 1011
1285838927 1998922 59.85046 10.781838 289216 1009
1285838928 1999923 59.850465 10.781838 387144 1001
1285838929 2000924 59.850465 10.781838 354880 1001
1285838930 2001932 59.850471 10.781859 287848 1008
1285838931 2002942 59.850475 10.781859 252280 1010
1285838932 2003943 59.850475 10.781859 342000 1001
1285838933 2004962 59.850475 10.781859 281008 1019
1285838934 2005973 59.850475 10.781859 238600 1011
1285838935 2006974 59.850475 10.781859 299592 1001
1285838936 2007992 59.850483 10.781863 189352 1018
1285838937 2008993 59.850483 10.781863 282376 1001
1285838938 2010002 59.850482 10.78188 296856 1009
1285838939 2011004 59.850486 10.78188 246808 1002
1285838940 2012012 59.850492 10.781901 294688 1008
1285838941 2013013 59.850492 10.781901 296856 1001
1285838942 2014022 59.850492 10.781901 312472 1009
1285838943 2015023 59.850495 10.781919 334360 1001
1285838944 2016025 59.850497 10.781901 296056 1002
1285838945 2017033 59.850497 10.781901 329688 1008
1285838946 2018043 59.850497 10.781901 281008 1010
1285838947 2019052 59.850501 10.781901 294688 1009
1285838948 2020053 59.850503 10.781884 291952 1001
1285838949 2021072 59.850503 10.781884 317376 1019
1285838950 2022073 59.850507 10.781884 317944 1001
1285838951 2023074 59.850509 10.781866 291952 1001
1285838952 2024082 59.850515 10.781848 304264 1008
1285838953 2025092 59.850515 10.781848 325584 1010
1285838954 2026102 59.850519 10.781848 261856 1010
1285838955 2027104 59.850519 10.781848 270065 1002
1285838956 2028112 59.850522 10.781866 321019 1008
1285838957 2029113 59.850522 10.781866 340293 1001
1285838958 2030122 59.850527 10.781866 348040 1009
1285838959 2031132 59.850537 10.781887 323416 1010
1285838960 2032142 59.850542 10.781887 322048 1010
1285838961 2033143 59.850542 10.781887 374032 1001
1285838962 2034144 59.850546 10.781887 421912 1001
1285838963 2035152 59.850551 10.781887 365824 1008
1285838964 2036212 59.850551 10.781887 372664 1060
1285838965 2037213 59.850551 10.781887 378936 1001
1285838966 2038222 59.850555 10.781887 330256 1009
1285838967 2039223 59.850555 10.781887 332992 1001
1285838968 2040232 59.85056 10.781887 304264 1009
1285838969 2041233 59.85056 10.781887 307000 1001
1285838970 2042234 59.85056 10.781887 265392 1001
1285838971 2043242 59.850564 10.781887 289216 1008
1285838972 2044252 59.850564 10.781887 268696 1010
1285838973 2045262 59.850564 10.781887 346104 1010
1285838974 2046272 59.850569 10.781887 250912 1010
1285838975 2047273 59.850564 10.781887 261856 1001
1285838976 2048282 59.850557 10.781884 292752 1009
1285838977 2049283 59.850557 10.781884 246808 1001
1285838978 2050284 59.850557 10.781884 304264 1001
1285838979 2051285 59.850557 10.781884 334360 1001
1285838980 2052292 59.850552 10.781884 351576 1007
1285838981 2053293 59.850552 10.781884 324784 1001
1285838982 2054402 59.850552 10.781884 544231 1109
1285838983 2055403 59.850548 10.781884 640792 1001
1285838984 2056404 59.850539 10.781884 586072 1001
1285838985 2057405 59.850539 10.781884 459416 1001
1285838986 2058406 59.850534 10.781884 486208 1001
1285838987 2059411 59.850527 10.781866 406864 1005
1285838988 2060412 59.850518 10.781866 313840 1001
1285838989 2061423 59.850518 10.781866 325584 1011
1285838990 2062431 59.850509 10.781866 230392 1008
1285838991 2063442 59.850498 10.781845 405496 1011
1285838992 2064443 59.850489 10.781845 298792 1001
1285838993 2065461 59.850489 10.781845 276336 1018
1285838994 2066462 59.850477 10.781828 212608 1001
1285838996 2067552 59.850472 10.781828 272800 1090
1285838997 2068554 59.850463 10.781828 272232 1002
1285838998 2069571 59.850463 10.781828 265960 1017
1285838999 2070582 59.850463 10.781813 301528 1011
1285839000 2071592 59.850454 10.781813 300960 1010
1285839001 2072593 59.850451 10.781796 275536 1001
1285839002 2073602 59.850451 10.781796 364456 1009
1285839003 2074611 59.85045 10.781799 365824 1009
1285839004 2075681 59.850453 10.781803 311104 1070
1285839005 2076682 59.850449 10.781803 342000 1001
1285839006 2077683 59.850449 10.781803 248176 1001
1285839007 2078692 59.850446 10.781785 239969 1009
1285839008 2079702 59.850446 10.781785 248976 1010
1285839009 2080721 59.850441 10.781785 227656 1019
1285839010 2081722 59.850441 10.781785 269496 1001
1285839011 2082723 59.850441 10.781785 222184 1001
1285839012 2083761 59.850447 10.781768 249544 1038
1285839013 2084762 59.850447 10.781768 213408 1001
1285839014 2085812 59.850447 10.781768 198928 1050
1285839015 2086813 59.850452 10.781768 195624 1001
1285839016 2087821 59.850465 10.781753 206568 1008
1285839017 2088822 59.85047 10.781753 168832 1001
1285839018 2089841 59.85047 10.781753 158688 1019
1285839019 2090851 59.850477 10.781771 97696 1010
1285839020 2091871 59.850482 10.781771 155952 1020
1285839021 2092891 59.850489 10.781788 177840 1020
1285839022 2093901 59.850489 10.781788 86752 1010
1285839023 2094921 59.850494 10.781788 84816 1020
1285839024 2095941 59.850489 10.781803 82080 1020
1285839025 2096951 59.85051 10.781806 71136 1010
1285839026 2097981 59.85051 10.781806 64296 1030
1285839027 2099011 59.850518 10.781823 80712 1030
1285839028 2100021 59.850538 10.781844 38872 1010
1285839029 2101022 59.850559 10.781848 41040 1001
1285839030 2102031 59.850559 10.781848 31464 1009
1285839031 2103051 59.850588 10.781854 32832 1020
1285839032 2104091 59.850612 10.781875 31464 1040
1285839034 2105721 59.850633 10.781879 15048 1630
1285839068 2139669 59.850633 10.781879 19152 33948
1285839069 2140670 59.850645 10.781896 172368 1001
1285839070 2141671 59.85066 10.781879 141472 1001
1285839071 2142679 59.850681 10.781882 298224 1008
1285839072 2143680 59.850681 10.781882 263224 1001
1285839073 2144681 59.850695 10.781882 223552 1001
1285839074 2145689 59.850704 10.781882 329688 1008
1285839075 2146690 59.85072 10.781885 290584 1001
1285839076 2147691 59.85072 10.781885 300160 1001
1285839077 2148692 59.850729 10.781885 290584 1001
1285839078 2149700 59.850738 10.781885 335160 1008
1285839079 2150701 59.850747 10.781885 301528 1001
1285839080 2151710 59.850747 10.781885 302896 1009
1285839081 2152721 59.850758 10.781868 301528 1011
1285839082 2153799 59.850762 10.781868 341200 1078
1285839083 2154810 59.850773 10.78185 325584 1010
1285839084 2155819 59.850773 10.78185 307000 1009
1285839085 2156820 59.85078 10.781815 270064 1001
1285839086 2157920 59.850791 10.781798 326152 1100
1285839087 2158921 59.850798 10.781763 328320 1001
1285839088 2159922 59.850798 10.781763 304264 1001
1285839089 2160929 59.850803 10.781763 293320 1007
1285839090 2162019 59.850807 10.781763 301528 1090
1285839092 2164188 59.850801 10.781742 172368 2169
1285839093 2165269 59.850801 10.781742 304264 1081
1285839094 2166279 59.850805 10.781742 210672 1010
1285839095 2167289 59.850802 10.781738 339832 1010
1285839096 2168299 59.850807 10.781738 452008 1010
1285839097 2169309 59.850807 10.781738 454744 1010
1285839098 2170318 59.850814 10.781756 293320 1009
1285839099 2171459 59.850819 10.781756 231760 1141
1285839100 2172460 59.850817 10.781773 291384 1001
1285839101 2173469 59.850817 10.781773 278272 1009
1285839102 2174470 59.85081 10.78177 272800 1001
1285839103 2175478 59.850813 10.781788 216144 1008
1285839104 2176479 59.850811 10.781805 196192 1001
1285839105 2177488 59.850811 10.781805 192888 1009
1285839106 2178499 59.850811 10.781805 190720 1011
1285839107 2179509 59.85081 10.781823 235296 1010
1285839108 2180511 59.850808 10.78184 208504 1002
1285839109 2181518 59.850808 10.78184 216144 1007
1285839110 2182528 59.850796 10.781837 207136 1010
1285839111 2183530 59.850784 10.781833 281808 1002
1285839112 2184538 59.850768 10.78183 305632 1008
1285839113 2185539 59.850768 10.78183 323416 1001
1285839115 2186559 59.850768 10.78183 268696 1020
1285839116 2187568 59.850754 10.781844 276336 1009
1285839117 2188569 59.850749 10.781844 268696 1001
1285839118 2189570 59.850749 10.781844 320680 1001
1285839119 2190579 59.850736 10.781859 287280 1009
1285839120 2191588 59.850725 10.781876 253647 1009
1285839121 2192598 59.850721 10.781876 234496 1010
1285839122 2193608 59.850721 10.781876 290016 1010
1285839123 2194609 59.850704 10.781873 219448 1001
1285839124 2195619 59.850698 10.78189 292752 1010
1285839125 2196628 59.850682 10.781887 233128 1009
1285839126 2197638 59.850682 10.781887 250912 1010
1285839127 2198648 59.850676 10.781904 231192 1010
1285839128 2199658 59.850667 10.781904 204400 1010
1285839129 2200659 59.85065 10.781901 277704 1001
1285839130 2201660 59.85065 10.781901 237232 1001
1285839131 2202668 59.850646 10.781901 287848 1008
1285839132 2203669 59.850637 10.781901 276336 1001
1285839133 2204678 59.850628 10.781901 272800 1009
1285839134 2205679 59.850628 10.781901 235864 1001
1285839135 2206680 59.850618 10.781901 344736 1001
1285839136 2207688 59.850611 10.781884 334360 1008
1285839137 2208689 59.850602 10.781884 317944 1001
1285839138 2209699 59.850602 10.781884 350776 1010
1285839139 2210708 59.850594 10.781866 317944 1009
1285839140 2211718 59.85059 10.781866 298224 1010
1285839141 2212738 59.850573 10.781863 281008 1020
1285839142 2213739 59.850573 10.781863 278272 1001
1285839143 2214748 59.850569 10.781863 332992 1009
1285839144 2215828 59.850573 10.781848 384976 1080
1285839145 2216948 59.850569 10.781848 409600 1120
1285839146 2217958 59.850569 10.781848 331056 1010
1285839147 2218968 59.850572 10.781852 223552 1010
1285839148 2219970 59.850567 10.781852 335728 1002
1285839149 2220978 59.850563 10.781852 318744 1008
1285839150 2221979 59.850563 10.781852 250913 1001
1285839151 2222988 59.850558 10.781852 267328 1009
1285839152 2223990 59.850554 10.781852 368560 1002
1285839153 2225038 59.850555 10.781834 361720 1048
1285839154 2226040 59.850555 10.781834 326952 1002
1285839155 2227058 59.850551 10.781834 300160 1018
1285839156 2228059 59.850551 10.781834 301528 1001
1285839157 2229158 59.850558 10.781838 301528 1099
1285839158 2230159 59.850558 10.781838 393984 1001
1285839159 2231160 59.850557 10.781855 305632 1001
1285839160 2232169 59.850565 10.781859 334357 1009
1285839161 2233170 59.850565 10.781859 338467 1001
1285839162 2234178 59.850565 10.781859 287848 1008
1285839163 2235188 59.850572 10.781862 408232 1010
1285839164 2236189 59.850574 10.781844 318744 1001
1285839165 2237190 59.850574 10.781844 338464 1001
1285839166 2238192 59.850574 10.781844 339832 1002
1285839167 2239197 59.850574 10.781844 311104 1005
1285839168 2240198 59.850574 10.781844 276336 1001
1285839169 2241208 59.850574 10.781844 250912 1010
1285839170 2242218 59.850574 10.781844 246808 1010
1285839171 2243237 59.850569 10.781844 225720 1019
1285839172 2244248 59.850562 10.781841 164728 1011
1285839173 2245267 59.850563 10.781823 206568 1019
1285839174 2246277 59.850563 10.781823 162792 1010
1285839175 2247287 59.850558 10.781823 89488 1010
1285839176 2248297 59.850554 10.781823 220248 1010
1285839177 2249305 59.850549 10.781823 116848 1008
1285839178 2250308 59.850549 10.781823 266760 1003
1285839179 2251318 59.850551 10.781806 233128 1010
1285839180 2252407 59.850546 10.781806 305631 1089
1285839181 2253408 59.850555 10.781792 335160 1001
1285839182 2254417 59.850555 10.781792 223552 1009
1285839183 2255429 59.850557 10.781774 246240 1012
1285839184 2256437 59.850557 10.781774 123688 1008
1285839185 2257447 59.850554 10.781757 131328 1010
1285839186 2258448 59.850554 10.781757 200296 1001
1285839187 2259458 59.850556 10.781778 325584 1010
1285839188 2260460 59.850563 10.781781 253648 1002
1285839189 2261467 59.850559 10.781781 260488 1007
1285839190 2262468 59.850559 10.781781 329688 1001
1285839191 2263469 59.850557 10.781784 293320 1001
1285839192 2264477 59.850553 10.781784 345304 1008
1285839193 2265478 59.850551 10.781788 265960 1001
1285839194 2266487 59.850551 10.781788 305064 1009
1285839195 2267489 59.850554 10.781791 307000 1002
1285839196 2268497 59.850558 10.781794 322048 1008
1285839197 2269499 59.850567 10.781818 250912 1002
1285839198 2270500 59.850567 10.781818 343368 1001
1285839199 2271507 59.850582 10.781825 324784 1007
1285839200 2272517 59.850593 10.781832 317944 1010
1285839201 2273518 59.8506 10.781835 279640 1001
1285839202 2274527 59.8506 10.781835 186048 1009
1285839203 2275537 59.850614 10.781807 169632 1010
1285839204 2276538 59.850631 10.781782 137368 1001
1285839206 2277547 59.850664 10.78176 194256 1009
1285839207 2278554 59.850664 10.78176 186616 1007
1285839208 2279557 59.850717 10.781745 131328 1003
1285839209 2280587 59.850792 10.781719 35568 1030
1285839210 2281617 59.850886 10.7817 28728 1030
1285839211 2282668 59.850886 10.7817 57456 1051
1285839212 2283676 59.850985 10.781681 35568 1008
1285839213 2284687 59.851092 10.781647 18352 1011
1285839214 2285717 59.851203 10.781631 35568 1030
1285839215 2286746 59.851203 10.781631 25992 1029
1285839216 2287757 59.851318 10.781601 62928 1011
1285839217 2288777 59.851438 10.781571 88920 1020
1285839218 2289787 59.851555 10.781576 153216 1010
1285839219 2290807 59.851555 10.781576 64864 1020
1285839220 2291847 59.851681 10.78162 68400 1040
1285839221 2292877 59.851814 10.781684 86184 1030
1285839222 2293887 59.851931 10.78178 97128 1010
1285839223 2294909 59.851931 10.78178 151048 1022
1285839224 2295917 59.852045 10.781873 270864 1008
1285839225 2296919 59.852162 10.781969 267328 1002
1285839226 2297948 59.852284 10.782065 263225 1029
1285839227 2298988 59.852284 10.782065 217512 1040
1285839228 2299989 59.852391 10.782154 300160 1001
1285839229 2300997 59.852499 10.782264 214776 1008
1285839230 2301998 59.852606 10.782353 138736 1001
1285839233 2305397 59.852606 10.782353 47880 3399
1285839235 2306567 59.852712 10.782443 313840 1170
1285839236 2307576 59.852822 10.782535 42408 1009
1285839237 2308836 59.852928 10.782624 1368 1260
1285839238 2309837 59.852928 10.782624 157320 1001
1285839239 2310846 59.85304 10.782714 241336 1009
1285839240 2311847 59.853145 10.782821 279072 1001
1285839241 2312878 59.853259 10.782913 326152 1031
1285839242 2313887 59.853259 10.782913 320680 1009
1285839243 2314889 59.85337 10.783003 301528 1002
1285839244 2315957 59.853483 10.783113 328320 1068
1285839245 2316977 59.853609 10.783209 298792 1020
1285839246 2317978 59.853609 10.783209 237232 1001
1285839247 2318986 59.853726 10.783319 224352 1008
1285839248 2319987 59.853852 10.783415 233128 1001
1285839249 2321066 59.853977 10.783528 281008 1079
1285839250 2322076 59.853977 10.783528 285912 1010
1285839251 2323086 59.854107 10.783642 218080 1010
1285839252 2324097 59.854241 10.783741 257184 1011
1285839253 2325098 59.854378 10.783858 308368 1001
1285839254 2326100 59.854378 10.783858 331624 1002
1285839255 2327107 59.85451 10.783936 356248 1007
1285839256 2328108 59.854648 10.784036 464320 1001
1285839257 2329109 59.85479 10.7841 391816 1001
1285839258 2330110 59.85479 10.7841 421912 1001
1285839259 2331117 59.854922 10.784179 387712 1007
1285839260 2332118 59.855062 10.78426 412336 1001
1285839261 2333127 59.855191 10.784321 332992 1009
1285839262 2334146 59.855191 10.784321 246240 1019
1285839263 2335148 59.855334 10.784368 239968 1002
1285839264 2336156 59.855477 10.784415 312472 1008
1285839265 2337157 59.855613 10.784441 384976 1001
1285839266 2338159 59.855613 10.784441 394552 1002
1285839267 2339176 59.855752 10.784487 352944 1017
1285839268 2340177 59.855896 10.784517 379504 1001
1285839269 2341178 59.856045 10.784546 421912 1001
1285839270 2342196 59.856045 10.784546 413704 1018
1285839271 2343197 59.856195 10.784596 408232 1001
1285839272 2344206 59.856338 10.784643 419176 1009
1285839273 2345209 59.856482 10.784672 304264 1003
1285839274 2346216 59.856482 10.784672 327520 1007
1285839275 2347217 59.856634 10.784704 328888 1001
1285839276 2348246 59.856778 10.784734 319312 1029
1285839277 2349326 59.856926 10.784728 408232 1080
1285839278 2350327 59.856926 10.784728 560080 1001
1285839279 2351328 59.85708 10.784725 609328 1001
1285839280 2352329 59.85723 10.784684 546968 1001
1285839281 2353336 59.857374 10.784623 599752 1007
1285839282 2354337 59.857374 10.784623 471160 1001
1285839283 2355338 59.85752 10.784543 397287 1001
1285839284 2356347 59.857665 10.784464 345304 1009
1285839285 2357356 59.85781 10.784385 290584 1009
1285839286 2358396 59.85781 10.784385 276904 1040
1285839287 2359397 59.857956 10.784305 372096 1001
1285839288 2360406 59.858098 10.784261 241336 1009
1285839289 2361407 59.858251 10.784238 335728 1001
1285839290 2362409 59.858251 10.784238 334360 1002
1285839291 2363411 59.8584 10.784267 333792 1002
1285839292 2364416 59.85854 10.78431 357616 1005
1285839293 2365417 59.85868 10.784392 327520 1001
1285839294 2366418 59.85868 10.784392 298792 1001
1285839295 2367426 59.858814 10.784506 356248 1008
1285839296 2368428 59.858932 10.784651 391816 1002
1285839297 2369429 59.859051 10.784796 376768 1001
1285839298 2370515 59.859051 10.784796 368560 1086
1285839299 2371526 59.859169 10.784959 391248 1010
1285839300 2372527 59.859268 10.785098 334360 1001
1285839301 2373528 59.859376 10.785222 281008 1001
1285839302 2374536 59.859376 10.785222 378136 1008
1285839304 2375586 59.859466 10.785322 253648 1050
1285839305 2376595 59.859556 10.785422 303696 1008
1285839306 2377596 59.859656 10.785491 218080 1001
1285839307 2378606 59.859656 10.785491 236664 1010
1285839308 2379609 59.859744 10.785556 230392 1003
1285839309 2380616 59.859834 10.785603 308368 1007
1285839310 2381656 59.859937 10.785637 341201 1040
1285839311 2382657 59.859937 10.785637 318744 1001
1285839312 2383658 59.860036 10.785632 300160 1001
1285839313 2384666 59.860139 10.785613 242704 1008
1285839314 2385667 59.860256 10.785579 254448 1001
1285839315 2386668 59.860256 10.785579 181144 1001
1285839316 2387685 59.860366 10.785525 220248 1017
1285839317 2388686 59.860489 10.785474 218080 1001
1285839318 2389805 59.860615 10.785427 312472 1119
1285839319 2390806 59.860615 10.785427 399456 1001
1285839320 2391825 59.860746 10.785361 285112 1019
1285839321 2392826 59.860878 10.785296 361720 1001
1285839322 2393827 59.86101 10.785231 300160 1001
1285839323 2394843 59.86101 10.785231 382240 1016
1285839324 2395846 59.861142 10.785166 357616 1003
1285839325 2396906 59.861266 10.785098 371296 1060
1285839326 2397916 59.861398 10.785033 427384 1010
1285839327 2398925 59.861398 10.785033 290016 1009
1285839328 2399926 59.861529 10.784967 248176 1001
1285839329 2400928 59.86166 10.78492 319312 1002
1285839330 2401946 59.861804 10.784858 173736 1018
1285839331 2402966 59.861804 10.784858 151848 1020
1285839332 2403976 59.861935 10.784793 52552 1010
1285839333 2404977 59.862072 10.784728 363888 1001
1285839334 2405978 59.862208 10.784663 368560 1001
1285839335 2406987 59.862208 10.784663 323416 1009
1285839336 2407988 59.862353 10.784583 308368 1001
1285839337 2408996 59.86249 10.784518 274168 1008
1285839338 2409997 59.862626 10.784453 365256 1001
1285839339 2411107 59.862626 10.784453 429320 1110
1285839340 2412187 59.86277 10.784391 410968 1080
1285839341 2413245 59.862906 10.784326 408232 1058
1285839342 2414255 59.86305 10.784264 391248 1010
1285839343 2415256 59.86305 10.784264 372664 1001
1285839344 2416326 59.863186 10.784199 464888 1070
1285839345 2417328 59.863332 10.78412 475264 1002
1285839346 2418330 59.863475 10.784058 320112 1002
1285839347 2419335 59.863475 10.784058 328888 1005
1285839348 2420336 59.863616 10.783993 307000 1001
1285839349 2421346 59.86376 10.783931 296056 1010
1285839350 2422347 59.863903 10.783887 220248 1001
1285839351 2423357 59.863903 10.783887 193456 1010
1285839352 2424365 59.864044 10.78386 292752 1008
1285839353 2425366 59.864197 10.783837 320680 1001
1285839354 2426375 59.864338 10.78381 311085 1009
1285839355 2427415 59.864338 10.78381 212627 1040
1285839356 2428425 59.86447 10.783798 191416 1010
1285839357 2429435 59.864609 10.783789 131432 1010
1285839358 2430455 59.864736 10.783776 129160 1020
1285839359 2431465 59.864736 10.783776 231192 1010
1285839360 2432475 59.864859 10.783778 171568 1010
1285839361 2433485 59.864976 10.783797 207936 1010
1285839362 2434495 59.865092 10.783834 193456 1010
1285839363 2435515 59.865092 10.783834 214776 1020
1285839364 2436535 59.865208 10.783853 175672 1020
1285839366 2437555 59.865304 10.783883 140904 1020
1285839367 2438564 59.865385 10.783892 121752 1009
1285839368 2439565 59.865385 10.783892 124488 1001
1285839369 2440573 59.865448 10.783912 186616 1008
1285839370 2441715 59.865497 10.783911 237232 1142
1285839371 2442716 59.86553 10.783904 261288 1001
1285839372 2443765 59.86553 10.783904 123120 1049
1285839373 2444766 59.865552 10.783893 153784 1001
1285839374 2445785 59.86558 10.783885 128592 1019
1285839375 2446806 59.865602 10.783875 128592 1021
1285839376 2447814 59.865602 10.783875 67599 1008
1285839377 2448835 59.865611 10.78386 84816 1021
1285839378 2449855 59.865618 10.783864 79344 1020
1285839379 2450865 59.865627 10.78385 84816 1010
1285839380 2451874 59.865627 10.78385 65664 1009
1285839381 2452885 59.865631 10.783853 59392 1011
1285839382 2453914 59.865647 10.783842 51984 1029
1285839383 2454954 59.865668 10.783831 28728 1040
1285839384 2455955 59.865668 10.783831 113544 1001
1285839385 2456964 59.865706 10.783809 153216 1009
1285839386 2457985 59.865756 10.783791 105904 1021
1285839387 2459004 59.865821 10.783741 60192 1019
1285839388 2460025 59.865821 10.783741 101232 1021
1285839391 2462796 59.865891 10.783691 105336 2771
1285839392 2463845 59.865968 10.783644 142840 1049
1285839393 2464855 59.866045 10.783597 158688 1010
1285839394 2465874 59.866045 10.783597 124488 1019
1285839395 2466895 59.866121 10.783516 53352 1021
1285839396 2467925 59.866213 10.783437 38872 1030
1285839397 2468935 59.866318 10.783362 56088 1010
1285839398 2469964 59.866318 10.783362 103968 1029
1285839401 2472565 59.86641 10.783283 9576 2601
1285839402 2473575 59.866522 10.783212 239968 1010
1285839405 2477284 59.866633 10.783157 94392 3709
1285839406 2478285 59.866633 10.783157 175104 1001
1285839407 2479296 59.866757 10.783127 51984 1011
1285839408 2480405 59.866878 10.783094 68968 1109
1285839409 2481424 59.867016 10.783102 83448 1019
1285839410 2482434 59.867016 10.783102 80712 1010
1285839411 2483444 59.867145 10.783125 179208 1010
1285839412 2484445 59.867277 10.783151 115480 1001
1285839414 2485734 59.867414 10.783177 158688 1289
1285839415 2486744 59.867414 10.783177 47880 1010
1285839416 2487784 59.867564 10.783188 38304 1040
1285839417 2488785 59.867711 10.783182 112176 1001
1285839418 2489804 59.867864 10.783159 52552 1019
1285839419 2490805 59.867864 10.783159 124488 1001
1285839420 2491814 59.868018 10.783136 228456 1009
1285839421 2492826 59.868172 10.783095 200296 1012
1285839422 2493834 59.868325 10.783019 210672 1008
1285839423 2494844 59.868325 10.783019 203032 1010
1285839424 2495884 59.868471 10.782939 212608 1040
1285839425 2496887 59.868622 10.782842 242136 1003
1285839426 2498076 59.86877 10.782728 212608 1189
1285839427 2499094 59.86877 10.782728 113544 1018
1285839428 2500104 59.868908 10.782593 38304 1010
1285839429 2501114 59.869051 10.78244 56088 1010
1285839430 2502195 59.86919 10.782287 157888 1081
1285839431 2503196 59.86919 10.782287 311904 1001
1285839432 2504204 59.869334 10.782134 327520 1008
1285839433 2505206 59.86948 10.781985 190720 1002
1285839434 2506214 59.869621 10.781815 361152 1008
1285839435 2507215 59.869621 10.781815 278272 1001
1285839436 2508224 59.869764 10.781662 185245 1009
1285839437 2509234 59.869911 10.781512 283176 1010
1285839438 2510254 59.870055 10.781359 239971 1020
1285839439 2511264 59.870055 10.781359 258552 1010
1285839440 2512265 59.870207 10.781192 276904 1001
1285839441 2513274 59.870358 10.781043 339832 1009
1285839442 2514276 59.870509 10.780893 256384 1002
1285839443 2515284 59.870509 10.780893 316008 1008
1285839444 2516285 59.870667 10.780765 274168 1001
1285839445 2517294 59.870829 10.780636 317944 1009
1285839446 2518295 59.870985 10.780525 350776 1001
1285839447 2519304 59.870985 10.780525 380872 1009
1285839448 2520305 59.871153 10.780417 438328 1001
1285839449 2521306 59.871324 10.780327 356248 1001
1285839450 2522315 59.87149 10.780237 405496 1009
1285839451 2523404 59.87149 10.780237 402760 1089
1285839452 2524406 59.871657 10.780147 354312 1002
1285839453 2525407 59.871823 10.780056 307000 1001
1285839454 2526413 59.871987 10.779963 255016 1006
1285839455 2527423 59.871987 10.779963 225720 1010
1285839456 2528433 59.872153 10.779873 159256 1010
1285839457 2529434 59.872311 10.779797 187416 1001
1285839459 2530639 59.872465 10.779703 16384 1205
1285839460 2531653 59.872465 10.779703 233160 1014
1285839461 2532693 59.872624 10.77961 16416 1040
1285839462 2533694 59.872769 10.77953 68400 1001
1285839463 2534713 59.872916 10.779433 125856 1019
1285839464 2535954 59.872916 10.779433 53352 1241
1285839465 2537353 59.873062 10.779354 45712 1399
1285839466 2538363 59.873208 10.779257 46512 1010
1285839467 2539364 59.873355 10.77916 36936 1001
1285839468 2540373 59.873355 10.77916 71136 1009
1285839469 2541384 59.873502 10.779063 91688 1011
1285839470 2542393 59.873662 10.778952 77944 1009
1285839471 2543418 59.873809 10.778855 68400 1025
1285839472 2544423 59.873809 10.778855 63496 1005
1285839473 2545433 59.87397 10.778744 86184 1010
1285839474 2546434 59.87413 10.778633 112176 1001
1285839475 2547454 59.874287 10.778504 161424 1020
1285839476 2548464 59.874287 10.778504 134632 1010
1285839477 2549483 59.874452 10.778393 46512 1019
1285839478 2550499 59.874614 10.778265 60192 1016
1285839479 2551503 59.874776 10.778136 102600 1004
1285839480 2552513 59.874776 10.778136 68968 1010
1285839481 2553533 59.874939 10.77799 80712 1020
1285839483 2554554 59.875093 10.777858 80712 1021
1285839484 2555564 59.875257 10.777712 83448 1010
1285839485 2556573 59.875257 10.777712 82080 1009
1285839486 2557673 59.875411 10.77758 49248 1100
1285839487 2558684 59.875566 10.77743 103168 1011
1285839488 2559693 59.875728 10.777302 177920 1009
1285839489 2560824 59.875728 10.777302 161912 1131
1285839490 2561833 59.875884 10.777152 157320 1009
1285839491 2562844 59.87604 10.777003 142272 1011
1285839492 2563853 59.876194 10.776871 75240 1009
1285839493 2565103 59.876194 10.776871 40240 1250
