1296322055 10584705 59.851528 10.781786 311171 1001
1296322056 10585755 59.851643 10.781823 362462 1050
1296322057 10586756 59.851643 10.781823 210110 1001
1296322058 10587757 59.851766 10.781863 192211 1001
1296322059 10588766 59.851883 10.78192 224491 1009
1296322060 10589767 59.852017 10.782019 259010 1001
1296322061 10590885 59.852017 10.782019 228609 1118
1296322062 10591886 59.852142 10.782133 273614 1001
1296322063 10592895 59.852264 10.782229 261453 1009
1296322064 10593906 59.852378 10.782322 255825 1011
1296322065 10594915 59.852378 10.782322 150426 1009
1296322066 10595925 59.852495 10.782432 150480 1010
1296322067 10596936 59.85261 10.782524 46512 1011
1296322068 10597946 59.852718 10.782635 48152 1010
1296322069 10598966 59.852718 10.782635 110808 1020
1296322070 10599967 59.852824 10.782724 50895 1001
1296322071 10600976 59.852929 10.782831 49248 1009
1296322072 10602056 59.853032 10.78292 34200 1080
1296322073 10603196 59.853032 10.78292 50167 1140
1296322074 10604207 59.853126 10.783006 197567 1011
1296322075 10605216 59.853227 10.783113 156432 1009
1296322076 10606217 59.853339 10.783223 187416 1001
1296322077 10607227 59.853339 10.783223 173238 1010
1296322078 10608237 59.853444 10.78333 181337 1010
1296322079 10609238 59.853554 10.783422 207337 1001
1296322080 10610247 59.853667 10.783533 235418 1009
1296322082 10611327 59.853667 10.783533 106895 1080
1296322083 10612348 59.85378 10.783643 174701 1021
1296322084 10613357 59.8539 10.783756 132490 1009
1296322085 10614358 59.854025 10.78387 142272 1001
1296322086 10615368 59.854025 10.78387 118005 1010
1296322087 10616378 59.854151 10.783966 127789 1010
1296322088 10617569 59.854271 10.784079 205933 1191
1296322089 10618579 59.854398 10.784175 201096 1010
1296322090 10619588 59.854398 10.784175 139959 1009
1296322091 10620598 59.854521 10.784254 186048 1010
1296322092 10621599 59.854629 10.784325 191564 1001
1296322093 10622600 59.854737 10.784397 235660 1001
1296322094 10623601 59.854737 10.784397 311455 1001
1296322095 10624609 59.854834 10.784448 223350 1008
1296322096 10625610 59.854907 10.784492 242956 1001
1296322097 10626619 59.854971 10.784551 230469 1009
1296322098 10627629 59.854971 10.784551 183863 1010
1296322099 10628640 59.855025 10.784588 162792 1011
1296322100 10629720 59.855063 10.784619 223087 1080
1296322101 10630730 59.855096 10.78465 238724 1010
1296322102 10631740 59.855096 10.78465 198360 1010
1296322103 10632741 59.855116 10.784657 188002 1001
1296322104 10633750 59.855119 10.78466 181944 1009
1296322105 10634753 59.855125 10.784681 143271 1003
1296322106 10635790 59.855125 10.784681 163994 1001
1296322107 10636800 59.855121 10.784681 156171 1010
1296322108 10637806 59.855124 10.784684 229824 1006
1296322109 10638811 59.855124 10.784684 161264 1005
1296322110 10639831 59.855124 10.784684 94392 1020
1296322111 10640851 59.855123 10.784702 37516 1020
1296322112 10641892 59.855118 10.784702 67032 1041
1296322113 10642901 59.85513 10.784705 80712 1009
1296322114 10643912 59.85513 10.784705 79180 1011
1296322115 10644922 59.85513 10.784705 119016 1010
1296322116 10645962 59.85513 10.784705 105336 1040
1296322117 10646981 59.855132 10.784688 32674 1019
1296322118 10647982 59.855132 10.784688 68400 1001
1296322119 10648992 59.855132 10.784688 157462 1010
1296322120 10650013 59.855132 10.784688 87552 1021
1296322121 10651063 59.855132 10.784688 71502 1050
1296322122 10652072 59.855132 10.784688 145008 1009
1296322123 10653083 59.855132 10.784688 153614 1011
1296322124 10654084 59.855139 10.784691 212943 1001
1296322125 10655093 59.855139 10.784691 122389 1009
1296322126 10656094 59.855139 10.784691 131299 1001
1296322127 10657103 59.855147 10.784694 198136 1009
1296322128 10658123 59.855159 10.784698 173581 1020
1296322129 10659124 59.855192 10.78469 212040 1001
1296322130 10660133 59.855192 10.78469 151708 1009
1296322131 10661134 59.85523 10.784683 172813 1001
1296322132 10662135 59.855274 10.784696 255525 1001
1296322133 10663144 59.85533 10.784713 232077 1009
1296322134 10664154 59.85533 10.784713 177840 1010
1296322135 10665155 59.855396 10.784715 103784 1001
1296322136 10666175 59.855472 10.784739 141160 1020
1296322137 10667185 59.855547 10.784762 222984 1010
1296322138 10668195 59.855547 10.784762 162795 1010
1296322139 10669196 59.855632 10.784771 347863 1001
1296322140 10670205 59.855728 10.784801 380238 1009
1296322141 10671216 59.855824 10.784831 191443 1011
1296322143 10672315 59.855824 10.784831 239004 1099
1296322144 10673415 59.855923 10.784865 351376 1100
1296322145 10674416 59.856032 10.78488 247608 1001
1296322146 10675417 59.856144 10.7849 260815 1001
1296322147 10676425 59.856144 10.7849 290016 1008
1296322148 10677426 59.85626 10.784936 181414 1001
1296322149 10678436 59.856383 10.784976 216144 1010
1296322150 10679446 59.856507 10.784999 157763 1010
1296322151 10680456 59.856507 10.784999 160056 1010
1296322152 10681466 59.856638 10.785004 139536 1010
1296322153 10682476 59.856776 10.785012 146036 1010
1296322154 10683477 59.856909 10.784982 169389 1001
1296322155 10684478 59.856909 10.784982 225786 1001
1296322156 10685497 59.857052 10.784938 220248 1019
1296322157 10686507 59.857186 10.784891 177719 1010
1296322158 10687707 59.857324 10.784808 248468 1200
1296322159 10688717 59.857324 10.784808 190152 1010
1296322160 10689718 59.857466 10.784725 182560 1001
1296322161 10690737 59.857603 10.78466 206568 1019
1296322162 10691738 59.857748 10.784581 148298 1001
1296322163 10692747 59.857748 10.784581 231192 1009
1296322164 10693748 59.857883 10.784533 158688 1001
1296322165 10694828 59.858016 10.784503 141477 1080
1296322166 10695838 59.858148 10.784491 174179 1010
1296322167 10696848 59.858148 10.784491 216995 1010
1296322168 10697859 59.858277 10.784513 165659 1011
1296322169 10698898 59.858411 10.784574 132614 1039
1296322170 10699899 59.858531 10.784649 209738 1001
1296322171 10700909 59.858531 10.784649 249409 1010
1296322172 10701919 59.85865 10.784742 254573 1010
1296322173 10702920 59.858765 10.78487 276584 1001
1296322174 10703921 59.858869 10.784994 296856 1001
1296322175 10704929 59.858869 10.784994 252475 1008
1296322176 10705930 59.858964 10.785133 275734 1001
1296322177 10706939 59.85906 10.785254 334088 1009
1296322178 10707940 59.859144 10.785371 277116 1001
1296322179 10708941 59.859144 10.785371 325370 1001
1296322180 10709961 59.859221 10.785468 439128 1020
1296322181 10710971 59.859296 10.785548 298095 1010
1296322182 10711980 59.859375 10.785627 262142 1009
1296322183 10712981 59.859375 10.785627 328320 1001
1296322184 10714280 59.85945 10.785706 255052 1299
1296322186 10715316 59.85953 10.785768 177840 1036
1296322187 10716320 59.859608 10.785812 114912 1004
1296322188 10717330 59.859608 10.785812 93369 1010
1296322189 10718350 59.859698 10.78586 142272 1020
1296322190 10719422 59.859781 10.785886 196427 1072
1296322191 10720431 59.859875 10.785881 274968 1009
1296322192 10721441 59.859875 10.785881 242606 1010
1296322193 10722461 59.859971 10.785859 306393 1020
1296322194 10723462 59.86006 10.785816 287280 1001
1296322195 10724621 59.860169 10.785779 273507 1159
1296322196 10725622 59.860169 10.785779 295488 1001
1296322197 10726632 59.86028 10.785725 235627 1010
1296322198 10727642 59.86039 10.78567 296856 1010
1296322199 10728643 59.860505 10.785616 253264 1001
1296322200 10729644 59.860505 10.785616 316519 1001
1296322201 10730653 59.860625 10.785548 307654 1009
1296322202 10731662 59.860752 10.785497 279440 1009
1296322203 10732843 59.860884 10.785432 318798 1181
1296322204 10733943 59.860884 10.785432 299222 1100
1296322205 10735133 59.86102 10.785366 300391 1190
1296322206 10736134 59.861164 10.785305 287280 1001
1296322207 10737135 59.861305 10.78524 227679 1001
1296322208 10738153 59.861305 10.78524 270495 1018
1296322209 10739163 59.86145 10.78516 300960 1010
1296322210 10740173 59.861606 10.785102 250225 1010
1296322211 10741183 59.861752 10.785022 250344 1010
1296322212 10742194 59.861752 10.785022 183312 1011
1296322213 10743204 59.861908 10.784964 172368 1010
1296322214 10744213 59.86207 10.784888 121201 1009
1296322215 10745224 59.862227 10.784812 105336 1011
1296322216 10746234 59.862227 10.784812 90288 1010
1296322217 10747254 59.862386 10.784719 46512 1020
1296322218 10748264 59.862556 10.784646 58824 1010
1296322219 10749284 59.862725 10.784573 43776 1020
1296322221 10750324 59.862725 10.784573 41040 1040
1296322222 10751334 59.862892 10.784483 27360 1010
1296322223 10752354 59.863062 10.784411 28728 1020
1296322224 10753355 59.863224 10.784335 28728 1001
1296322225 10754395 59.863224 10.784335 28728 1040
1296322226 10755405 59.863389 10.784262 36936 1010
1296322227 10756425 59.863558 10.784189 27360 1020
1296322233 10763227 59.863719 10.784131 13680 6802
1296322234 10764279 59.863719 10.784131 10944 1052
1296322236 10765360 59.863875 10.784072 12312 1081
1296322237 10766430 59.864042 10.784035 12312 1070
1296322238 10767690 59.864225 10.784001 11196 1260
1296322239 10768881 59.864225 10.784001 98372 1191
1296322240 10769891 59.864375 10.783974 161721 1010
1296322241 10770892 59.864531 10.783968 133109 1001
1296322242 10771901 59.864687 10.783962 158791 1009
1296322243 10772902 59.864687 10.783962 179303 1001
1296322244 10774101 59.864837 10.783974 211190 1199
1296322245 10775102 59.864985 10.783982 234429 1001
1296322246 10776103 59.865129 10.784011 234924 1001
1296322247 10777254 59.865129 10.784011 247894 1151
1296322248 10778261 59.865264 10.784017 275394 1007
1296322249 10779262 59.865394 10.784022 244334 1001
1296322250 10780263 59.865522 10.784009 161380 1001
1296322251 10781272 59.865522 10.784009 175970 1009
1296322253 10782302 59.86564 10.783972 166896 1030
1296322254 10783303 59.865755 10.783918 137415 1001
1296322255 10784312 59.865878 10.783867 147744 1009
1296322256 10785352 59.865878 10.783867 146107 1040
1296322257 10786353 59.865994 10.783795 250344 1001
1296322258 10787354 59.866118 10.783727 231921 1001
1296322259 10788363 59.866242 10.78362 218484 1009
1296322260 10789473 59.866242 10.78362 269921 1110
1296322261 10790543 59.866369 10.783516 255779 1070
1296322262 10791544 59.866511 10.78342 250444 1001
1296322263 10792545 59.86663 10.783369 247665 1001
1296322264 10793554 59.86663 10.783369 259198 1009
1296322265 10794555 59.866766 10.783303 249978 1001
1296322266 10795584 59.866901 10.783294 332424 1029
1296322267 10796594 59.867039 10.783303 230860 1010
1296322268 10797595 59.867039 10.783303 329688 1001
1296322269 10798596 59.867179 10.783332 250043 1001
1296322270 10799604 59.867323 10.783361 261288 1008
1296322271 10800614 59.867455 10.783387 240817 1010
1296322272 10801615 59.867455 10.783387 316008 1001
1296322273 10802616 59.867608 10.783402 257322 1001
1296322274 10803635 59.867756 10.783396 313272 1019
1296322275 10804636 59.867912 10.783376 246529 1001
1296322276 10805645 59.867912 10.783376 311904 1009
1296322277 10806666 59.86806 10.783353 253466 1021
1296322279 10808426 59.868212 10.783294 6840 1760
1296322280 10809545 59.868364 10.783236 656964 1119
1296322281 10810586 59.868364 10.783236 146421 1041
1296322282 10811587 59.868518 10.783142 172353 1001
1296322283 10812727 59.868672 10.783049 135527 1140
1296322284 10813946 59.868822 10.782917 183937 1219
1296322285 10814956 59.868822 10.782917 166938 1010
1296322286 10816066 59.868975 10.78275 148376 1110
1296322287 10817106 59.869126 10.7826 143587 1040
1296322288 10818107 59.86928 10.782416 171101 1001
1296322289 10819117 59.86928 10.782416 168244 1010
1296322291 10820308 59.869445 10.782252 166746 1191
1296322292 10821309 59.869605 10.782088 174374 1001
1296322293 10822310 59.869758 10.781921 193827 1001
1296322294 10823467 59.869758 10.781921 142888 1157
1296322295 10824478 59.869915 10.781754 137771 1011
1296322296 10825479 59.870067 10.781587 146570 1001
1296322297 10826687 59.870205 10.781452 137358 1208
1296322298 10827697 59.870205 10.781452 156469 1010
1296322299 10828828 59.870348 10.781299 137096 1131
1296322300 10829838 59.870474 10.781161 155800 1010
1296322301 10830888 59.870595 10.781036 113859 1050
1296322302 10831908 59.870595 10.781036 148266 1020
1296322303 10832918 59.870717 10.780933 61752 1010
1296322304 10833988 59.870832 10.780826 36327 1070
1296322305 10835108 59.870953 10.78074 147655 1120
1296322306 10836109 59.870953 10.78074 149433 1001
1296322307 10837149 59.871079 10.780654 183971 1040
1296322308 10838150 59.871204 10.780568 224287 1001
1296322309 10839289 59.871338 10.780485 218562 1139
1296322311 10840360 59.871338 10.780485 174858 1071
1296322312 10841419 59.871462 10.780416 91287 1059
1296322313 10842649 59.871586 10.780348 143364 1230
1296322314 10843690 59.871718 10.780283 123488 1041
1296322315 10844760 59.871718 10.780283 187974 1070
1296322316 10845950 59.871842 10.780214 208829 1190
1296322317 10846951 59.871974 10.780149 209462 1001
1296322318 10848030 59.872098 10.780081 185550 1079
1296322319 10849190 59.872098 10.780081 225837 1160
1296322320 10850250 59.872223 10.779995 189042 1060
1296322322 10851370 59.872347 10.779926 185979 1120
1296322323 10852401 59.872472 10.779858 172554 1031
1296322324 10853531 59.872472 10.779858 179473 1130
1296322325 10854532 59.872596 10.779789 214900 1001
1296322326 10855551 59.872712 10.779717 123719 1019
1296322327 10856721 59.872836 10.779649 180635 1170
1296322328 10857722 59.872836 10.779649 199915 1001
1296322329 10859062 59.872962 10.779563 147112 1340
1296322330 10860071 59.873086 10.779494 178064 1009
1296322331 10861072 59.873204 10.779405 155379 1001
1296322332 10862073 59.873204 10.779405 127407 1001
1296322333 10863282 59.873325 10.779319 116454 1209
1296322334 10864291 59.873451 10.779233 130922 1009
1296322336 10865302 59.873576 10.779147 153374 1011
1296322337 10866412 59.873576 10.779147 129249 1110
1296322338 10867432 59.873709 10.779064 146958 1020
1296322339 10868433 59.873835 10.778978 132772 1001
1296322340 10869442 59.87397 10.778878 158314 1009
1296322341 10870452 59.87397 10.778878 128441 1010
1296322342 10871463 59.874103 10.778795 150566 1011
1296322343 10872473 59.874238 10.778695 126005 1010
1296322344 10873483 59.874363 10.778609 158654 1010
1296322345 10874484 59.874363 10.778609 130312 1001
1296322346 10875653 59.87449 10.778505 202564 1169
1296322347 10876663 59.874613 10.778402 162013 1010
1296322348 10877873 59.87474 10.778298 120832 1210
1296322349 10878883 59.87474 10.778298 130938 1010
1296322350 10879954 59.874867 10.778195 134699 1071
1296322351 10880955 59.874994 10.778091 179910 1001
1296322352 10881984 59.87511 10.777966 143200 1029
1296322353 10883014 59.87511 10.777966 183729 1030
1296322354 10884084 59.87523 10.77786 195530 1070
1296322355 10885085 59.875357 10.777756 189141 1001
1296322356 10886125 59.875478 10.777632 126894 1040
1296322357 10887126 59.875478 10.777632 116060 1001
1296322358 10888265 59.875597 10.777525 134184 1139
1296322359 10889275 59.875719 10.777421 170195 1010
1296322361 10890385 59.875839 10.777314 127840 1110
1296322362 10891395 59.875839 10.777314 179145 1010
1296322363 10892396 59.875958 10.777207 188664 1001
1296322364 10893397 59.876087 10.777086 222743 1001
1296322365 10894405 59.876206 10.776979 233877 1008
1296322366 10895406 59.876206 10.776979 229290 1001
1296322367 10896606 59.876326 10.776872 232115 1200
1296322368 10897627 59.87645 10.776751 235541 1021
1296322369 10898786 59.876569 10.776644 319039 1159
1296322370 10899976 59.876569 10.776644 355405 1190
1296322371 10900986 59.87669 10.77652 250981 1010
1296322372 10902007 59.876815 10.776434 243885 1021
1296322373 10903027 59.876941 10.776348 300811 1020
1296322374 10904038 59.876941 10.776348 289536 1011
1296322375 10905047 59.877067 10.776261 243924 1009
1296322376 10906059 59.877197 10.776214 265809 1012
1296322377 10907067 59.877321 10.776145 217215 1008
1296322378 10908069 59.877321 10.776145 246357 1002
1296322379 10909137 59.877451 10.776098 244285 1068
1296322380 10910138 59.877586 10.77605 269496 1001
1296322381 10911139 59.877717 10.776002 215739 1001
1296322382 10912158 59.877717 10.776002 193986 1019
1296322383 10913198 59.877839 10.775951 252724 1040
1296322384 10914199 59.87797 10.775904 344736 1001
1296322385 10915200 59.8781 10.775856 314295 1001
1296322386 10916208 59.8781 10.775856 304147 1008
1296322387 10917209 59.878227 10.775805 344736 1001
1296322388 10918210 59.878357 10.775757 247342 1001
1296322389 10919219 59.878485 10.775707 340632 1009
1296322390 10920229 59.878485 10.775707 347472 1010
1296322391 10921230 59.878613 10.775638 226275 1001
1296322393 10922339 59.878737 10.775569 302994 1109
1296322394 10923349 59.878854 10.775498 280440 1010
1296322395 10924369 59.878854 10.775498 195159 1020
1296322396 10925379 59.878982 10.775429 220248 1010
1296322397 10926380 59.879109 10.775325 193595 1001
1296322398 10927390 59.879241 10.775222 179208 1010
1296322399 10928399 59.879241 10.775222 93024 1009
1296322400 10929400 59.879368 10.775118 66782 1001
1296322401 10930421 59.879493 10.774994 42408 1021
1296322402 10931443 59.879613 10.774887 2736 1022
1296322403 10932460 59.879613 10.774887 109440 1017
1296322404 10933510 59.879737 10.774766 60192 1050
1296322405 10934520 59.879856 10.774659 143675 1010
1296322406 10935531 59.879973 10.774534 272022 1011
1296322407 10936741 59.879973 10.774534 324684 1210
1296322408 10937971 59.880084 10.774424 294917 1230
1296322409 10938981 59.880189 10.774296 254448 1010
1296322410 10940001 59.880284 10.774182 79115 1020
1296322411 10941011 59.880284 10.774182 84816 1010
1296322412 10942031 59.88037 10.774083 112176 1020
1296322413 10943051 59.88045 10.774001 128584 1020
1296322414 10944061 59.880513 10.77393 168264 1010
1296322415 10945072 59.880513 10.77393 127587 1011
1296322416 10946082 59.880578 10.77388 153216 1010
1296322417 10947092 59.880627 10.773841 120476 1010
1296322418 10948112 59.880672 10.773784 165528 1020
1296322419 10949113 59.880672 10.773784 136727 1001
1296322420 10950114 59.880695 10.773756 265392 1001
1296322421 10951122 59.880711 10.773745 225575 1008
1296322422 10952202 59.880713 10.773727 199334 1080
1296322423 10953203 59.880713 10.773727 233928 1001
1296322424 10954213 59.880713 10.773727 200102 1010
1296322425 10955233 59.880713 10.773727 206642 1020
1296322426 10956234 59.880721 10.77373 272232 1001
1296322427 10957243 59.880721 10.77373 157724 1009
1296322428 10958253 59.880722 10.773713 168264 1010
1296322429 10959265 59.880723 10.773695 177840 1012
1296322430 10960284 59.880738 10.773664 116612 1019
1296322431 10961294 59.880738 10.773664 139536 1010
1296322433 10962545 59.880763 10.773618 95229 1251
1296322434 10964014 59.880802 10.77354 56088 1469
1296322436 10965854 59.880853 10.773466 16416 1840
1296322437 10966914 59.880853 10.773466 28728 1060
1296322438 10967974 59.880904 10.773391 21888 1060
1296322451 10980565 59.880972 10.773306 1368 12591
1296322463 10992680 59.881052 10.773186 4104 12115
1296322464 10993780 59.881052 10.773186 36933 1100
1296322465 10994781 59.88114 10.773069 357048 1001
1296322466 10995783 59.881248 10.772941 507200 1002
1296322467 10996785 59.881359 10.772796 536785 1002
1296322468 10997787 59.881359 10.772796 555408 1002
1296322469 10998790 59.881469 10.77265 523375 1003
1296322470 10999791 59.881587 10.772508 526509 1001
1296322471 11000941 59.881722 10.772352 624483 1150
1296322472 11001942 59.881722 10.772352 685368 1001
1296322473 11002943 59.881855 10.772178 513999 1001
1296322474 11003944 59.881987 10.772022 622819 1001
1296322475 11004952 59.882121 10.77183 572822 1008
1296322476 11006033 59.882121 10.77183 612000 1081
1296322477 11007102 59.882266 10.77166 637451 1069
1296322478 11008152 59.882412 10.771472 598629 1050
1296322479 11009173 59.882565 10.771305 283176 1021
1296322481 11010363 59.882565 10.771305 375316 1190
1296322482 11011364 59.882711 10.771117 389880 1001
1296322483 11012365 59.882868 10.77095 340522 1001
1296322484 11013367 59.883021 10.770783 599184 1002
1296322485 11014368 59.883021 10.770783 595806 1001
1296322486 11015373 59.883175 10.770598 589104 1005
1296322487 11016384 59.883331 10.770396 584226 1011
1296322488 11017385 59.883485 10.770211 593686 1001
1296322489 11018391 59.883485 10.770211 536990 1006
1296322490 11019392 59.883658 10.769966 600581 1001
1296322491 11020393 59.883819 10.769817 622440 1001
1296322492 11021409 59.883976 10.769649 472667 1016
1296322493 11023174 59.883976 10.769649 477783 1765
1296322496 11025874 59.884128 10.769496 825870 2700
1296322497 11026875 59.884293 10.769347 424080 1001
1296322498 11027885 59.884448 10.769197 342404 1010
1296322499 11029015 59.884448 10.769197 271535 1130
1296322500 11030085 59.884604 10.769062 248283 1070
1296322501 11031104 59.884761 10.768947 298863 1019
1296322502 11032106 59.88492 10.768815 190483 1002
1296322503 11033275 59.88492 10.768815 326022 1169
1296322505 11034465 59.885086 10.768687 318773 1190
1296322506 11035466 59.885244 10.768572 310234 1001
1296322507 11036566 59.885402 10.768478 247345 1100
1296322508 11037696 59.885402 10.768478 261013 1130
1296322509 11038776 59.885563 10.768367 236911 1080
1296322510 11039856 59.885728 10.768256 246997 1080
1296322511 11041006 59.885896 10.768148 286154 1150
1296322512 11042007 59.885896 10.768148 326381 1001
1296322513 11043156 59.886058 10.768019 258662 1149
1296322515 11044347 59.886224 10.767891 317437 1191
1296322516 11045348 59.886383 10.767759 296242 1001
1296322517 11046357 59.886383 10.767759 222696 1009
1296322518 11047358 59.886537 10.767626 264370 1001
1296322519 11048367 59.886685 10.767474 196986 1009
1296322520 11049437 59.886837 10.767306 243431 1070
1296322521 11050447 59.886837 10.767306 166919 1010
1296322522 11051507 59.886987 10.767136 175844 1060
1296322523 11052509 59.887133 10.766948 216817 1002
1296322524 11053510 59.887281 10.766756 189384 1001
1296322525 11054518 59.887281 10.766756 228020 1008
1296322526 11055527 59.887418 10.766583 263427 1009
1296322527 11056638 59.887557 10.766391 195360 1111
1296322528 11057718 59.887696 10.7662 229517 1080
1296322529 11058828 59.887696 10.7662 263109 1110
1296322530 11059829 59.887842 10.766012 293290 1001
1296322531 11060988 59.887986 10.76582 248429 1159
1296322532 11062099 59.888132 10.765632 270529 1111
1296322533 11063100 59.888132 10.765632 275718 1001
1296322534 11064140 59.888289 10.765465 220364 1040
1296322535 11065149 59.888434 10.765295 225893 1009
1296322536 11066150 59.88859 10.765145 239893 1001
1296322538 11067320 59.88859 10.765145 240514 1170
1296322539 11068609 59.888741 10.764995 234358 1289
1296322540 11069789 59.888892 10.764846 186356 1180
1296322541 11070959 59.889043 10.764696 161815 1170
1296322542 11071960 59.889043 10.764696 211833 1001
1296322543 11073124 59.889187 10.764543 189087 1164
1296322544 11074181 59.889321 10.764352 277464 1057
1296322546 11075350 59.889455 10.76416 279097 1169
1296322547 11076351 59.889455 10.76416 248486 1001
1296322548 11077352 59.889579 10.763948 218364 1001
1296322549 11078354 59.889704 10.763718 242743 1002
1296322550 11079361 59.889823 10.76352 188399 1007
1296322551 11080362 59.889823 10.76352 191484 1001
1296322552 11081363 59.889951 10.763308 208213 1001
1296322553 11082401 59.890075 10.763109 199043 1038
1296322554 11083471 59.890207 10.762897 162704 1070
1296322555 11084481 59.890207 10.762897 162635 1010
1296322556 11085482 59.890331 10.762685 162828 1001
1296322557 11086511 59.890463 10.762458 144457 1029
1296322558 11087512 59.89059 10.762225 193299 1001
1296322559 11088537 59.89059 10.762225 132312 1025
1296322560 11089541 59.890724 10.762034 134076 1004
1296322561 11090542 59.890863 10.761842 116881 1001
1296322562 11091552 59.890996 10.761668 113926 1010
1296322563 11092553 59.890996 10.761668 111957 1001
1296322564 11093562 59.891136 10.761498 83857 1009
1296322565 11094592 59.891274 10.761324 75815 1030
1296322566 11095593 59.891409 10.761129 101795 1001
1296322567 11096594 59.891409 10.761129 163063 1001
1296322568 11097603 59.891543 10.760952 161405 1009
1296322569 11098604 59.891684 10.760781 200652 1001
1296322570 11099613 59.891815 10.760625 212046 1009
1296322571 11100623 59.891815 10.760625 116396 1010
1296322572 11101733 59.891945 10.760486 162902 1110
1296322573 11102734 59.892089 10.760333 151435 1001
1296322574 11103755 59.892231 10.760198 143120 1021
1296322575 11104763 59.892231 10.760198 135444 1008
1296322576 11105874 59.892374 10.760045 176046 1111
1296322577 11107044 59.892518 10.759892 207395 1170
1296322578 11108057 59.89266 10.759756 178513 1013
1296322579 11109064 59.89266 10.759756 73113 1007
1296322580 11110084 59.892803 10.759603 64460 1020
1296322581 11111094 59.892945 10.759468 75663 1010
1296322582 11112144 59.893095 10.759336 120936 1050
1296322583 11113145 59.893095 10.759336 184309 1001
1296322584 11114195 59.893236 10.759218 115483 1050
1296322585 11115265 59.89337 10.759117 139489 1070
1296322586 11116266 59.893516 10.759038 196404 1001
1296322587 11117275 59.893516 10.759038 416803 1009
1296322589 11118406 59.893666 10.758997 290527 1131
1296322590 11119407 59.893814 10.758973 331962 1001
1296322591 11120415 59.893955 10.758946 176472 1008
1296322592 11121416 59.893955 10.758946 171168 1001
1296322593 11122436 59.894096 10.758958 192888 1020
1296322594 11123437 59.894237 10.758931 250082 1001
1296322595 11124438 59.894374 10.758904 353734 1001
1296322596 11125439 59.894374 10.758904 375221 1001
1296322597 11126446 59.894504 10.758857 326650 1007
1296322598 11127586 59.894642 10.758774 280193 1140
1296322599 11128587 59.894777 10.758673 212040 1001
1296322600 11129588 59.894777 10.758673 242729 1001
1296322601 11130597 59.894897 10.758549 247608 1009
1296322602 11131607 59.89502 10.758407 123377 1010
1296322603 11132617 59.895127 10.758244 142272 1010
1296322604 11133625 59.895127 10.758244 117757 1008
1296322605 11134627 59.895219 10.758074 171000 1002
1296322606 11135817 59.895314 10.757907 118706 1190
1296322607 11136818 59.895413 10.757741 171000 1001
1296322608 11137819 59.895413 10.757741 205743 1001
1296322609 11138899 59.895504 10.757589 225315 1080
1296322610 11139908 59.895595 10.757419 171000 1009
1296322611 11140918 59.895681 10.757267 110571 1010
1296322612 11141939 59.895681 10.757267 238032 1021
1296322613 11142948 59.895779 10.757118 84901 1009
1296322614 11144098 59.895861 10.756966 61560 1150
1296322615 11145108 59.895957 10.756835 62928 1010
1296322616 11146109 59.895957 10.756835 132365 1001
1296322617 11147110 59.896058 10.756703 241115 1001
1296322618 11148111 59.896159 10.756572 151288 1001
1296322619 11149119 59.896265 10.756427 138168 1008
1296322620 11150122 59.896265 10.756427 54720 1003
1296322621 11151129 59.896391 10.75634 88247 1007
1296322623 11152360 59.896518 10.756237 82080 1231
1296322624 11153362 59.896639 10.756151 231192 1002
1296322625 11154370 59.896639 10.756151 223875 1008
1296322626 11155371 59.896771 10.756085 236548 1001
1296322627 11156380 59.896895 10.756017 198723 1009
1296322628 11157390 59.897025 10.755969 229824 1010
1296322629 11158391 59.897025 10.755969 189653 1001
1296322630 11159401 59.897154 10.755939 161248 1010
1296322631 11160410 59.897281 10.755926 160056 1009
1296322632 11161423 59.897416 10.755917 146328 1013
1296322633 11162430 59.897416 10.755917 184680 1007
1296322634 11163431 59.897541 10.755939 149606 1001
1296322635 11164441 59.897668 10.755965 262656 1010
1296322636 11165443 59.897798 10.756026 206575 1002
1296322637 11166461 59.897798 10.756026 226704 1018
1296322638 11167462 59.897936 10.756073 206755 1001
1296322639 11168611 59.898071 10.756154 257834 1149
1296322640 11169622 59.898214 10.756239 238032 1011
1296322641 11170631 59.898214 10.756239 158801 1009
1296322642 11171632 59.898347 10.756356 203832 1001
1296322643 11172703 59.898479 10.756473 185432 1071
1296322644 11173712 59.89863 10.756614 239400 1009
1296322645 11174722 59.89863 10.756614 164496 1010
1296322646 11175723 59.898769 10.756752 233928 1001
1296322647 11176724 59.898912 10.75689 187416 1001
1296322648 11177742 59.899062 10.757049 161380 1018
1296322649 11178743 59.899062 10.757049 238032 1001
1296322650 11179744 59.899203 10.757204 247608 1001
1296322651 11180745 59.899345 10.757359 224078 1001
1296322652 11181753 59.899473 10.757529 218297 1008
1296322653 11182754 59.899473 10.757529 150053 1001
1296322654 11183764 59.899608 10.757719 199728 1010
1296322655 11184765 59.899736 10.757889 219389 1001
1296322656 11185774 59.899855 10.758073 232009 1009
1296322657 11186914 59.899855 10.758073 223443 1140
1296322658 11187925 59.899983 10.758242 264024 1011
1296322659 11188934 59.900099 10.758408 141240 1009
1296322660 11189944 59.900206 10.758589 210672 1010
1296322661 11190945 59.900206 10.758589 189406 1001
1296322662 11191954 59.900304 10.758783 244872 1009
1296322663 11192966 59.900393 10.758978 188124 1012
1296322664 11193967 59.900469 10.759184 254448 1001
1296322665 11194995 59.900469 10.759184 147184 1028
1296322666 11196086 59.900531 10.759368 47880 1091
1296322668 11197735 59.900589 10.75955 31464 1649
1296322669 11198736 59.900636 10.759728 124488 1001
1296322670 11199815 59.900636 10.759728 105995 1079
1296322671 11200816 59.900676 10.759885 154584 1001
1296322672 11201826 59.900717 10.760024 135348 1010
1296322673 11202835 59.900746 10.760161 158688 1009
1296322674 11203855 59.900746 10.760161 110912 1020
1296322675 11205150 59.900771 10.760258 129558 1295
1296322676 11206156 59.900791 10.760318 213408 1006
1296322677 11207166 59.900791 10.76037 153510 1010
1296322678 11208167 59.900791 10.76037 182526 1001
1296322679 11209169 59.900802 10.760391 169102 1002
1296322680 11210176 59.900799 10.760388 177007 1007
1296322682 11211416 59.900803 10.760388 204713 1240
1296322683 11212417 59.900803 10.760388 91656 1001
1296322684 11213436 59.900803 10.760388 113544 1019
1296322685 11214437 59.9008 10.760385 87164 1001
1296322686 11215457 59.900803 10.760402 128592 1020
1296322687 11216458 59.900803 10.760402 133320 1001
1296322688 11217468 59.900802 10.76042 126622 1010
1296322689 11218518 59.900799 10.760455 194682 1050
1296322690 11219527 59.900803 10.760455 196961 1009
1296322691 11220608 59.900803 10.760455 179172 1081
1296322692 11221748 59.900802 10.760472 167984 1140
1296322693 11222749 59.900793 10.760487 240768 1001
1296322694 11223758 59.900793 10.760487 265642 1009
1296322695 11224759 59.900793 10.760487 267936 1001
1296322696 11225768 59.900793 10.760487 206295 1009
1296322697 11226769 59.900797 10.760487 191274 1001
1296322698 11227930 59.90079 10.760483 192988 1161
1296322699 11228939 59.90079 10.760483 244872 1009
1296322700 11229940 59.900788 10.760501 188297 1001
1296322701 11230959 59.900787 10.760518 176324 1019
1296322702 11231960 59.900779 10.760553 199969 1001
1296322703 11232980 59.900779 10.760553 203199 1020
1296322704 11233999 59.900775 10.760606 202464 1019
1296322705 11235009 59.900766 10.760659 54430 1010
1296322706 11236020 59.900756 10.760729 129960 1011
1296322707 11237030 59.900756 10.760729 142394 1010
1296322708 11238190 59.900753 10.760803 165899 1160
1296322709 11239200 59.900763 10.760879 172368 1010
1296322710 11240220 59.900786 10.760942 86540 1020
1296322711 11241230 59.900786 10.760942 105336 1010
1296322712 11242250 59.900816 10.761008 68576 1020
1296322713 11243251 59.900851 10.761074 108072 1001
1296322714 11244260 59.900887 10.761179 46787 1009
1296322715 11245261 59.900887 10.761179 42408 1001
1296322716 11246271 59.900933 10.761304 80712 1010
1296322717 11247272 59.900965 10.761443 116395 1001
1296322718 11248301 59.901001 10.761601 46882 1029
1296322720 11249302 59.901001 10.761601 61560 1001
1296322721 11250331 59.901031 10.761775 34200 1029
1296322722 11251341 59.901054 10.761929 35568 1010
1296322723 11252432 59.901053 10.762076 11540 1091
1296322724 11253453 59.901053 10.762076 42408 1021
1296322725 11254462 59.901058 10.762206 35568 1009
1296322726 11255472 59.901069 10.762318 59149 1010
1296322727 11256482 59.901089 10.762415 69768 1010
1296322728 11257492 59.901089 10.762415 46783 1010
1296322729 11258502 59.901116 10.762496 91656 1010
1296322730 11259513 59.90116 10.762547 47068 1011
1296322731 11260522 59.901205 10.762582 106605 1009
1296322732 11261563 59.901205 10.762582 104107 1041
1296322733 11262593 59.901256 10.762616 68400 1030
1296322734 11263613 59.901313 10.762615 21888 1020
1296322735 11264633 59.90136 10.762593 45961 1020
1296322736 11265653 59.90136 10.762593 96848 1020
1296322737 11266673 59.90141 10.762536 76858 1020
1296322738 11267683 59.901442 10.762455 102600 1010
1296322739 11268703 59.901473 10.762374 93565 1020
1296322740 11269723 59.901473 10.762374 54173 1020
1296322741 11270724 59.901492 10.762251 65664 1001
1296322742 11271725 59.901519 10.762132 72504 1001
1296322743 11272735 59.901549 10.761977 38442 1010
1296322744 11273834 59.901549 10.761977 30096 1099
1296322745 11274837 59.901592 10.761808 161277 1003
1296322746 11275838 59.901635 10.761639 261122 1001
1296322747 11276865 59.901691 10.761474 220853 1027
1296322748 11277881 59.901691 10.761474 101232 1016
1296322749 11279125 59.901754 10.761312 37693 1244
1296322750 11280135 59.901812 10.761149 93024 1010
1296322751 11281165 59.901887 10.760991 61560 1030
1296322752 11282175 59.901887 10.760991 72643 1010
1296322754 11283375 59.901964 10.760853 116777 1200
1296322755 11284376 59.902053 10.760718 87552 1001
1296322756 11285416 59.902154 10.760587 54720 1040
1296322757 11286496 59.902154 10.760587 5472 1080
1296322758 11287497 59.902254 10.760473 153491 1001
1296322758 11287949 59.90236 10.76038 68400 451
