1296390228 17653362 59.858368 10.784285 171153 1001
1296390229 17654371 59.858505 10.784311 209304 1009
1296390230 17655562 59.858631 10.784407 220162 1191
1296390231 17656651 59.858751 10.784521 213869 1089
1296390232 17657672 59.858861 10.784666 174138 1021
1296390233 17658741 59.85897 10.784829 173652 1069
1296390234 17659882 59.859186 10.785154 252397 1141
1296390235 17660901 59.859186 10.785154 219496 1019
1296390236 17661961 59.8594 10.785424 240782 1060
1296390237 17663162 59.859517 10.785534 253626 1201
1296390238 17664171 59.859517 10.785534 309168 1009
1296390239 17665172 59.859745 10.785681 265338 1001
1296390241 17666331 59.85987 10.785704 183863 1159
1296390242 17667332 59.859982 10.785723 245791 1001
1296390243 17668481 59.860102 10.785707 265079 1149
1296390244 17669492 59.860225 10.785656 208806 1011
1296390245 17670493 59.860359 10.785608 270864 1001
1296390246 17671632 59.860491 10.785543 205362 1139
1296390247 17672633 59.860626 10.785496 299714 1001
1296390248 17673642 59.860758 10.785431 260174 1009
1296390249 17674801 59.86103 10.7853 258538 1159
1296390250 17675911 59.86103 10.7853 306864 1110
1296390251 17676972 59.861312 10.785156 285474 1061
1296390252 17677973 59.86146 10.785094 292721 1001
1296390253 17679161 59.86146 10.785094 276759 1188
1296390254 17680251 59.861746 10.78495 266804 1090
1296390256 17681391 59.86189 10.784888 269860 1140
1296390257 17682392 59.862043 10.784812 203832 1001
1296390258 17683393 59.862193 10.784733 141823 1001
1296390259 17684402 59.862337 10.784671 247974 1009
1296390260 17685403 59.86249 10.784595 240220 1001
1296390261 17686472 59.862638 10.784533 274245 1069
1296390262 17687481 59.862796 10.784457 270047 1009
1296390263 17688482 59.862947 10.784399 257355 1001
1296390264 17689491 59.863097 10.78432 298156 1009
1296390265 17690501 59.863246 10.784258 335852 1010
1296390266 17691502 59.863394 10.784196 326001 1001
1296390267 17692511 59.863542 10.784134 298647 1009
1296390268 17693522 59.863686 10.784072 336343 1011
1296390269 17694523 59.863842 10.784014 339024 1001
1296390270 17695531 59.863989 10.78397 350747 1008
1296390271 17696541 59.86413 10.783943 339264 1010
1296390272 17697544 59.864279 10.78392 284885 1003
1296390273 17698551 59.86442 10.783893 232655 1007
1296390274 17699553 59.864559 10.783884 274968 1002
1296390275 17700561 59.864699 10.783875 239114 1008
1296390276 17701576 59.864833 10.783883 240882 1015
1296390277 17702711 59.864965 10.783909 254047 1135
1296390278 17703712 59.865101 10.783935 329688 1001
1296390279 17704721 59.865233 10.783961 245806 1009
1296390280 17705731 59.865372 10.783969 264808 1010
1296390281 17706951 59.865635 10.78393 280496 1220
1296390282 17707961 59.865767 10.783865 306432 1010
1296390283 17708971 59.865767 10.783865 238877 1010
1296390284 17709981 59.866014 10.783745 226644 1010
1296390285 17710982 59.866141 10.783642 273600 1001
1296390286 17711991 59.866141 10.783642 210178 1009
1296390287 17713001 59.866392 10.78347 261288 1010
1296390288 17714011 59.866506 10.78338 232728 1010
1296390289 17715021 59.866506 10.78338 283727 1010
1296390290 17716031 59.866728 10.783254 309164 1010
1296390291 17717032 59.866816 10.783228 363802 1001
1296390292 17718041 59.866816 10.783228 295488 1009
1296390293 17719042 59.866963 10.783184 184987 1001
1296390294 17720051 59.867012 10.783183 231883 1009
1296390295 17721061 59.867012 10.783183 298224 1010
1296390296 17722071 59.867075 10.783203 186876 1010
1296390297 17723081 59.867088 10.783207 228456 1010
1296390298 17724082 59.867088 10.783207 189262 1001
1296390299 17725084 59.867103 10.783213 227088 1002
1296390300 17726090 59.867101 10.783231 204216 1006
1296390301 17727232 59.867101 10.783231 149112 1142
1296390302 17728241 59.867103 10.783252 224823 1009
1296390303 17729242 59.867103 10.783252 407268 1001
1296390304 17730251 59.867099 10.783252 311704 1009
1296390305 17731270 59.867106 10.783255 325111 1019
1296390306 17732271 59.867126 10.783262 403560 1001
1296390307 17733272 59.867158 10.783272 297694 1001
1296390308 17734281 59.86721 10.783288 267203 1009
1296390309 17735283 59.867261 10.783305 302328 1002
1296390310 17736291 59.867333 10.783328 267545 1008
1296390311 17737301 59.867418 10.783338 247674 1010
1296390313 17738351 59.867503 10.783347 244751 1050
1296390314 17739361 59.867607 10.783363 295488 1010
1296390315 17740371 59.867712 10.783379 232052 1010
1296390316 17741372 59.867827 10.783363 264640 1001
1296390317 17742571 59.867947 10.783347 294674 1199
1296390318 17743578 59.868074 10.783334 358416 1007
1296390319 17744581 59.868217 10.78329 218085 1003
1296390320 17745671 59.868353 10.783225 266942 1090
1296390321 17746680 59.868499 10.783146 149112 1009
1296390322 17747681 59.868633 10.783045 146527 1001
1296390323 17748691 59.868772 10.782945 165528 1010
1296390324 17749701 59.868901 10.782824 125956 1010
1296390325 17750711 59.869031 10.782685 110808 1010
1296390326 17751730 59.869161 10.782547 71136 1019
1296390327 17752800 59.869421 10.78227 120259 1070
1296390328 17753830 59.869421 10.78227 94392 1030
1296390329 17754860 59.869676 10.781992 99864 1030
1296390330 17755870 59.869806 10.781854 64296 1010
1296390331 17756900 59.869806 10.781854 61661 1030
1296390332 17757910 59.870051 10.781556 77976 1010
1296390333 17758930 59.870176 10.781417 72504 1020
1296390334 17759941 59.870176 10.781417 61993 1011
1296390335 17760960 59.870438 10.781161 82080 1019
1296390336 17761970 59.870569 10.781043 71136 1010
1296390337 17762990 59.870569 10.781043 27485 1020
1296390338 17764010 59.870843 10.780828 23256 1020
1296390339 17765030 59.870975 10.78071 21888 1020
1296390340 17766050 59.870975 10.78071 20520 1020
1296390342 17767411 59.87111 10.78061 2736 1361
1296390396 17821495 59.871397 10.780434 1368 54084
1296390397 17822506 59.878775 10.775672 109440 1011
1296390398 17823546 59.878921 10.775631 71735 1040
1296390399 17824555 59.879068 10.775573 165272 1009
1296390400 17825576 59.879209 10.775493 138909 1021
1296390401 17826586 59.879351 10.775396 157879 1010
1296390402 17827597 59.879493 10.775299 172376 1011
1296390403 17828736 59.879636 10.775203 163530 1139
1296390404 17829737 59.879766 10.775102 253374 1001
1296390405 17830916 59.880011 10.774895 232837 1179
1296390406 17831926 59.880011 10.774895 265870 1010
1296390407 17832935 59.880242 10.774664 215398 1009
1296390408 17834126 59.880343 10.774532 171218 1191
1296390409 17835265 59.880343 10.774532 98496 1139
1296390410 17836275 59.880511 10.774295 122454 1010
1296390411 17837276 59.880586 10.774189 219649 1001
1296390412 17838295 59.880643 10.774097 245550 1019
1296390414 17839525 59.88069 10.773999 231759 1230
1296390415 17840536 59.880726 10.773918 332657 1011
1296390416 17841556 59.880753 10.773851 281718 1020
1296390417 17842565 59.880763 10.773795 256624 1009
1296390418 17843575 59.880767 10.773756 340632 1010
1296390419 17844576 59.880758 10.773732 189301 1001
1296390420 17845816 59.880736 10.773719 354436 1240
1296390421 17847147 59.880736 10.773719 370071 1331
1296390422 17848156 59.880722 10.773709 349631 1009
1296390423 17849266 59.880719 10.773705 413190 1110
1296390424 17850267 59.880712 10.773702 423897 1001
1296390426 17851385 59.880709 10.773699 360474 1118
1296390427 17852386 59.88071 10.773681 401102 1001
1296390428 17853395 59.880715 10.773681 301832 1009
1296390429 17854555 59.88072 10.773664 348579 1160
1296390430 17855645 59.880735 10.773632 333322 1090
1296390431 17856646 59.880751 10.7736 396720 1001
1296390432 17857647 59.880779 10.773554 363695 1001
1296390433 17858656 59.880809 10.773491 262851 1009
1296390434 17859826 59.880915 10.77336 344144 1170
1296390435 17860956 59.880984 10.773271 421451 1130
1296390436 17861966 59.880984 10.773271 411768 1010
1296390437 17862967 59.881132 10.77308 331671 1001
1296390438 17863975 59.881224 10.772963 238763 1008
1296390439 17864976 59.881224 10.772963 209384 1001
1296390440 17865977 59.88144 10.772648 329688 1001
1296390441 17866985 59.881556 10.772485 268883 1008
1296390442 17867986 59.881556 10.772485 313272 1001
1296390443 17868995 59.881805 10.772162 198158 1009
1296390444 17870005 59.881934 10.771985 231192 1010
1296390445 17871016 59.881934 10.771985 196440 1011
1296390446 17872017 59.882212 10.771655 281808 1001
1296390447 17873035 59.882354 10.771481 259408 1018
1296390448 17874045 59.882354 10.771481 228714 1010
1296390449 17875055 59.882625 10.771092 229878 1010
1296390450 17876065 59.882759 10.770915 227624 1010
1296390451 17877066 59.882759 10.770915 322126 1001
1296390452 17878075 59.883026 10.770525 317010 1009
1296390453 17879076 59.883154 10.770327 328320 1001
1296390454 17880085 59.883154 10.770327 237700 1009
1296390455 17881086 59.883415 10.769955 283176 1001
1296390456 17882235 59.883539 10.769796 271931 1149
1296390457 17883236 59.883673 10.769657 277704 1001
1296390458 17884237 59.8838 10.769515 221665 1001
1296390459 17885245 59.88393 10.769376 231192 1008
1296390460 17886265 59.884063 10.769255 203970 1020
1296390462 17888185 59.884201 10.76912 27328 1920
1296390463 17889186 59.884485 10.768849 669273 1001
1296390464 17890205 59.884622 10.768714 265392 1019
1296390465 17891215 59.884778 10.768602 231192 1010
1296390466 17892225 59.884934 10.768491 128978 1010
1296390467 17893245 59.885096 10.768401 285912 1020
1296390468 17894246 59.885266 10.768314 294891 1001
1296390470 17895315 59.885266 10.768314 381086 1069
1296390471 17896321 59.885598 10.768137 292752 1006
1296390472 17897325 59.885767 10.76805 199521 1004
1296390473 17898335 59.885931 10.767942 237310 1010
1296390474 17899345 59.886094 10.767834 287280 1010
1296390475 17900356 59.88625 10.767723 231273 1011
1296390476 17901358 59.886403 10.767594 353184 1002
1296390477 17902365 59.88656 10.767465 298237 1007
1296390478 17903516 59.886716 10.767316 308423 1151
1296390479 17904615 59.886861 10.767145 333636 1099
1296390480 17905675 59.887006 10.766975 311036 1060
1296390481 17906764 59.887143 10.766801 318539 1089
1296390482 17907837 59.887425 10.766418 311831 1073
1296390483 17908845 59.887563 10.766244 288631 1008
1296390484 17909873 59.887563 10.766244 274009 1028
1296390485 17910875 59.887843 10.765879 225720 1002
1296390486 17911885 59.887994 10.765691 168788 1010
1296390487 17912888 59.887994 10.765691 157320 1003
1296390488 17913894 59.888281 10.765346 151848 1006
1296390489 17914895 59.88843 10.765176 134783 1001
1296390490 17915906 59.88843 10.765176 225787 1011
1296390491 17916915 59.888731 10.764856 260453 1009
1296390492 17917917 59.888887 10.764706 319465 1002
1296390493 17918925 59.888887 10.764706 415872 1008
1296390494 17919926 59.889181 10.764403 252500 1001
1296390495 17920935 59.889314 10.76423 398088 1009
1296390496 17921942 59.889314 10.76423 365579 1007
1296390497 17922945 59.889572 10.76384 353228 1003
1296390498 17924045 59.889694 10.763645 344430 1100
1296390499 17925046 59.889694 10.763645 372096 1001
1296390500 17926047 59.889938 10.763203 321502 1001
1296390501 17927055 59.890062 10.762991 282155 1008
1296390502 17928056 59.890062 10.762991 296751 1001
1296390503 17929075 59.890311 10.762587 374172 1019
1296390504 17930076 59.890443 10.762413 400537 1001
1296390505 17931077 59.890443 10.762413 404006 1001
1296390506 17932276 59.890698 10.762045 495459 1199
1296390508 17933305 59.89083 10.761888 396081 1029
1296390509 17934306 59.890955 10.761711 379793 1001
1296390510 17935314 59.891085 10.761534 373748 1008
1296390511 17936321 59.891202 10.761353 218069 1007
1296390512 17937325 59.891326 10.761194 238032 1004
1296390513 17938334 59.891451 10.761016 156049 1009
1296390514 17939444 59.891579 10.760857 142273 1110
1296390515 17940455 59.891703 10.760697 146376 1011
1296390516 17941614 59.891831 10.760537 182521 1159
1296390517 17942615 59.891963 10.760381 240768 1001
1296390518 17943625 59.892097 10.760242 188780 1010
1296390519 17944705 59.892227 10.760103 308534 1080
1296390520 17946054 59.892365 10.759968 332471 1349
1296390521 17947055 59.892643 10.759714 168264 1001
1296390522 17948224 59.892788 10.759582 243693 1169
1296390523 17949225 59.892927 10.759468 231192 1001
1296390525 17950455 59.893071 10.759353 102214 1230
1296390526 17951456 59.893256 10.759283 153216 1001
1296390527 17952465 59.893402 10.759189 147412 1009
1296390528 17953546 59.893556 10.759134 279280 1081
1296390529 17954815 59.893708 10.759114 357592 1269
1296390530 17956124 59.893975 10.759106 355543 1309
1296390532 17957304 59.894124 10.759082 392583 1180
1296390533 17958305 59.894275 10.759076 441339 1001
1296390534 17959324 59.894416 10.75905 391028 1019
1296390535 17960325 59.894548 10.758984 402192 1001
1296390536 17961335 59.894686 10.75894 479914 1010
1296390537 17962344 59.894825 10.758864 278528 1009
1296390538 17963345 59.894934 10.758712 281085 1001
1296390539 17964354 59.89505 10.758587 281583 1009
1296390540 17965355 59.89516 10.758441 294785 1001
1296390541 17966356 59.895261 10.758258 389880 1001
1296390542 17967357 59.895351 10.758067 276298 1001
1296390543 17968364 59.895454 10.75788 292752 1007
1296390544 17969365 59.89555 10.75771 235667 1001
1296390545 17970405 59.895651 10.757502 176472 1040
1296390546 17971415 59.895741 10.757311 208464 1010
1296390548 17973546 59.895834 10.757138 127224 2131
1296390549 17974574 59.896069 10.756815 75240 1028
1296390550 17975614 59.896213 10.756648 82080 1040
1296390551 17976624 59.89634 10.756506 91656 1010
1296390552 17977634 59.896459 10.75636 109320 1010
1296390553 17978644 59.896589 10.756236 212040 1010
1296390554 17979754 59.896733 10.756121 131516 1110
1296390555 17980774 59.897025 10.755983 43776 1020
1296390556 17981794 59.897025 10.755983 50616 1020
1296390557 17982814 59.897322 10.755922 88920 1020
1296390558 17983824 59.897469 10.755916 105336 1010
1296390559 17984834 59.897469 10.755916 193585 1010
1296390560 17985844 59.897761 10.75603 315922 1010
1296390561 17986845 59.897901 10.756112 226482 1001
1296390562 17987850 59.897901 10.756112 207388 1005
1296390563 17988854 59.898169 10.756272 206149 1004
1296390564 17989863 59.898306 10.756389 179310 1009
1296390565 17990864 59.898306 10.756389 205645 1001
1296390566 17991874 59.898572 10.756619 239399 1010
1296390567 17992884 59.898708 10.756754 243002 1010
1296390568 17993894 59.898708 10.756754 201726 1010
1296390569 17994895 59.898968 10.757002 201264 1001
1296390570 17995984 59.899099 10.757136 313842 1089
1296390571 17996994 59.899099 10.757136 305064 1010
1296390573 17998394 59.899349 10.757416 365341 1400
1296390574 17999444 59.899471 10.757565 264024 1050
1296390575 18000445 59.89958 10.757728 247198 1001
1296390576 18001454 59.8997 10.757894 328893 1009
1296390577 18002455 59.899815 10.758039 285272 1001
1296390578 18003456 59.899924 10.758185 357048 1001
1296390579 18004465 59.900037 10.758347 334712 1009
1296390580 18005474 59.900147 10.758493 321422 1009
1296390581 18006655 59.900247 10.75867 365428 1181
1296390582 18007664 59.900337 10.758861 354312 1009
1296390583 18008665 59.900421 10.75907 263707 1001
1296390584 18009674 59.900493 10.759276 315388 1009
1296390585 18010684 59.900556 10.759495 402192 1010
1296390586 18011695 59.900609 10.759694 350337 1011
1296390587 18012705 59.900654 10.75989 454894 1010
1296390588 18013706 59.900688 10.760065 499803 1001
1296390589 18014707 59.900709 10.760197 366613 1001
1296390590 18015715 59.900725 10.760348 365517 1008
1296390591 18016724 59.900736 10.76046 337176 1009
1296390592 18017734 59.900737 10.760551 297002 1010
1296390593 18018735 59.900734 10.760639 267980 1001
1296390594 18019736 59.900713 10.760832 383662 1001
1296390595 18020824 59.900713 10.760832 400758 1088
1296390596 18021834 59.900714 10.761014 375285 1010
1296390597 18022835 59.900724 10.761091 377567 1001
1296390598 18023836 59.900724 10.761091 421357 1001
1296390599 18024837 59.900784 10.76124 484256 1001
1296390600 18025844 59.900823 10.761345 311374 1007
1296390601 18026845 59.900823 10.761345 422596 1001
1296390602 18027884 59.900891 10.761589 389883 1039
1296390603 18028904 59.900918 10.761708 403029 1020
1296390604 18029905 59.900918 10.761708 401612 1001
1296390605 18030906 59.900967 10.76198 388940 1001
1296390606 18031915 59.90098 10.762113 448797 1009
1296390608 18033760 59.90098 10.762113 377568 1845
1296390609 18034764 59.901027 10.762459 721792 1004
1296390610 18035774 59.901027 10.762459 248208 1010
1296390611 18036775 59.901102 10.762615 350102 1001
1296390612 18037864 59.90116 10.762653 395414 1089
1296390613 18038865 59.90116 10.762653 370728 1001
1296390614 18039874 59.90128 10.762675 341003 1009
1296390615 18040884 59.901335 10.762657 348840 1010
1296390616 18041894 59.901335 10.762657 262211 1010
1296390617 18042904 59.901418 10.76254 224562 1010
1296390618 18043906 59.901451 10.762441 275826 1002
1296390619 18044915 59.901451 10.762441 373084 1009
1296390620 18045916 59.901503 10.762167 372660 1001
1296390621 18046923 59.90154 10.762016 389969 1007
1296390622 18047934 59.90154 10.762016 309247 1011
1296390623 18048955 59.901626 10.761678 365346 1021
1296390624 18049964 59.901683 10.761495 315384 1009
1296390625 18050965 59.901683 10.761495 372417 1001
1296390626 18051966 59.901841 10.761128 475730 1001
1296390627 18052984 59.901925 10.760955 309519 1018
1296390628 18053985 59.901925 10.760955 349460 1001
1296390629 18054994 59.902138 10.76066 353849 1009
1296390630 18055995 59.902247 10.760532 394908 1001
1296390631 18057004 59.902247 10.760532 286372 1009
1296390632 18058023 59.902487 10.760339 261288 1019
1296390633 18059114 59.902611 10.76027 153468 1091
1296390634 18060133 59.902611 10.76027 246240 1019
1296390635 18061134 59.902858 10.760189 395352 1001
1296390636 18062135 59.902987 10.760159 370495 1001
1296390637 18063293 59.903109 10.760164 382032 1158
1296390638 18064294 59.90323 10.760169 348461 1001
1296390640 18065304 59.903352 10.760174 393211 1010
1296390641 18066305 59.90347 10.760214 356531 1001
1296390642 18067344 59.903596 10.760257 344001 1039
1296390643 18068354 59.903719 10.760297 387966 1010
1296390644 18069363 59.903844 10.760358 320910 1009
1296390645 18070374 59.903967 10.760437 265392 1011
1296390646 18071375 59.904095 10.760515 79599 1001
1296390647 18072383 59.904217 10.760611 251712 1008
1296390648 18073394 59.904349 10.76069 196992 1011
1296390649 18074474 59.904485 10.760771 239558 1080
1296390650 18075495 59.904611 10.760867 351576 1021
1296390651 18076583 59.904739 10.760946 369316 1088
1296390652 18077594 59.90487 10.761042 227088 1011
1296390653 18078603 59.90499 10.761117 136800 1009
1296390654 18079633 59.905118 10.761196 140959 1030
1296390655 18080634 59.905239 10.761253 172368 1001
1296390656 18081650 59.905362 10.761293 119310 1016
1296390657 18082654 59.905485 10.761333 175104 1004
1296390658 18083656 59.905616 10.761338 119016 1002
1296390659 18084673 59.905733 10.761357 108956 1017
1296390660 18085683 59.905845 10.761377 134064 1010
1296390661 18086693 59.905957 10.761357 154584 1010
1296390662 18087694 59.906063 10.761355 148068 1001
1296390663 18088703 59.906151 10.761329 138168 1009
1296390664 18089713 59.906239 10.761304 61560 1010
1296390665 18090714 59.906316 10.761309 79849 1001
1296390666 18092213 59.906464 10.761356 211609 1499
1296390667 18093263 59.90654 10.761379 165528 1050
1296390669 18094493 59.906613 10.761385 69288 1230
1296390670 18095513 59.906684 10.76137 71136 1020
1296390671 18096533 59.906755 10.761302 60192 1020
1296390672 18098023 59.90682 10.761214 4104 1490
1296390673 18099218 59.906874 10.761104 115731 1195
1296390674 18100243 59.906997 10.760853 50616 1025
1296390675 18101273 59.907054 10.760709 84816 1030
1296390676 18102293 59.907113 10.760546 55798 1020
1296390677 18103294 59.907165 10.760363 67032 1001
1296390679 18104464 59.90721 10.760177 218582 1170
1296390680 18105465 59.907264 10.759976 251989 1001
1296390681 18106473 59.907311 10.759793 300795 1008
1296390682 18107494 59.907358 10.759589 160056 1021
1296390683 18108714 59.907407 10.759388 78863 1220
1296390684 18109730 59.907453 10.759184 41040 1016
1296390685 18110733 59.907502 10.758984 138168 1003
1296390686 18111743 59.907544 10.75878 116280 1010
1296390687 18112744 59.907647 10.758378 94392 1001
1296390688 18113754 59.907647 10.758378 160531 1010
1296390689 18114763 59.907701 10.758178 194469 1009
1296390690 18115774 59.90781 10.757797 178883 1011
1296390691 18116793 59.90781 10.757797 172446 1019
1296390692 18118013 59.907933 10.757402 188118 1220
1296390693 18119023 59.907987 10.757202 164160 1010
1296390694 18120033 59.907987 10.757202 138000 1010
1296390695 18121073 59.90811 10.75686 108319 1040
1296390696 18122233 59.90817 10.75668 230666 1160
1296390697 18123234 59.908239 10.756539 276045 1001
1296390699 18124493 59.908296 10.756394 319343 1259
1296390700 18125495 59.908351 10.756267 341055 1002
1296390701 18126684 59.908407 10.75614 300534 1189
1296390702 18127693 59.908455 10.756009 327817 1009
1296390703 18129023 59.908494 10.755893 341177 1330
1296390704 18130063 59.908561 10.755625 259920 1040
1296390705 18131123 59.9086 10.755457 277298 1060
1296390706 18132124 59.9086 10.755457 291431 1001
1296390707 18133125 59.908694 10.755122 438401 1001
1296390708 18134242 59.908745 10.754956 360608 1117
1296390709 18135253 59.908745 10.754956 317648 1011
1296390710 18136263 59.908822 10.754619 325285 1010
1296390711 18137273 59.908854 10.754446 313200 1010
1296390712 18138274 59.908897 10.754277 324933 1001
1296390713 18139275 59.908934 10.754126 444480 1001
1296390714 18140283 59.908971 10.753975 435969 1008
1296390715 18141292 59.909009 10.753823 344001 1009
1296390716 18142293 59.909043 10.753669 311904 1001
1296390718 18143303 59.909065 10.753511 224003 1010
1296390719 18144315 59.909102 10.753359 222984 1012
1296390720 18145322 59.909144 10.753208 174987 1007
1296390721 18146342 59.909174 10.753053 180576 1020
1296390722 18147352 59.909211 10.752902 147744 1010
1296390723 18148362 59.909247 10.752768 124929 1010
1296390724 18149372 59.909274 10.752649 201096 1010
1296390725 18150382 59.909302 10.75255 114005 1010
1296390726 18151393 59.909327 10.752448 101232 1011
1296390727 18152402 59.909345 10.752343 140904 1009
1296390728 18153416 59.909366 10.752241 117341 1014
1296390729 18154443 59.909382 10.752153 108072 1027
1296390730 18155473 59.9094 10.752086 57456 1030
1296390731 18156483 59.909409 10.752033 78822 1010
1296390732 18157650 59.909424 10.752001 60192 1167
1296390733 18158652 59.909424 10.752001 80712 1002
1296390734 18159662 59.909424 10.752001 40129 1010
1296390735 18160673 59.909432 10.752005 82080 1011
1296390736 18161712 59.909432 10.752005 72201 1039
1296390737 18162732 59.909432 10.752005 97128 1020
1296390738 18163733 59.909432 10.752005 63841 1001
1296390739 18164742 59.909432 10.752005 103968 1009
1296390740 18165753 59.909439 10.752008 71789 1011
1296390741 18166993 59.909438 10.752026 74414 1240
1296390742 18168013 59.909438 10.752026 123120 1020
1296390743 18169022 59.909438 10.752026 75108 1009
1296390744 18170193 59.909438 10.752026 98531 1171
1296390745 18171233 59.909438 10.752026 103968 1040
1296390746 18172242 59.909445 10.752029 84399 1009
1296390747 18173252 59.909445 10.752029 106704 1010
1296390748 18174262 59.909445 10.752029 95760 1010
1296390749 18175292 59.909445 10.752029 55719 1030
1296390750 18176302 59.90945 10.752029 64296 1010
1296390752 18177313 59.90945 10.752029 60192 1011
1296390753 18178337 59.90945 10.752029 53352 1024
1296390754 18179342 59.909451 10.752011 65899 1005
1296390755 18180352 59.909448 10.751994 134064 1010
1296390756 18181362 59.909444 10.751955 90690 1010
1296390757 18182382 59.909448 10.751903 116280 1020
1296390758 18183442 59.909446 10.751829 29131 1060
1296390759 18184712 59.909446 10.751738 24624 1270
1296390760 18185732 59.909453 10.75165 50616 1020
1296390761 18186742 59.909486 10.751552 68008 1010
1296390762 18187753 59.90954 10.751351 136800 1011
1296390763 18188953 59.90954 10.751351 167477 1200
1296390764 18189972 59.909589 10.751112 147382 1019
1296390765 18190992 59.909612 10.750975 129209 1020
1296390766 18192009 59.909612 10.750975 109843 1017
1296390767 18193012 59.909655 10.750715 125984 1003
1296390768 18194112 59.909687 10.750581 131852 1100
1296390769 18195122 59.909687 10.750581 177840 1010
1296390770 18196132 59.909766 10.750316 89556 1010
1296390771 18197152 59.909788 10.750197 86184 1020
1296390772 18198182 59.909788 10.750197 51984 1030
1296390773 18199202 59.909834 10.749993 53352 1020
1296390774 18200232 59.90984 10.749923 85179 1030
1296390775 18201242 59.909858 10.749856 80137 1010
1296390776 18202292 59.909853 10.749817 38304 1050
1296390777 18203302 59.909849 10.749779 94392 1010
1296390779 18204318 59.909842 10.749758 78757 1016
1296390780 18205362 59.909842 10.749758 85567 1044
1296390781 18206382 59.909841 10.749737 113544 1020
1296390782 18207392 59.909842 10.749719 93946 1010
1296390783 18208593 59.909839 10.749702 108072 1201
1296390784 18209602 59.909838 10.749681 94313 1009
1296390785 18210612 59.909847 10.749667 103507 1010
1296390786 18211613 59.90984 10.749646 112252 1001
1296390787 18212622 59.909843 10.749611 168487 1009
1296390788 18213632 59.909849 10.749593 98496 1010
1296390789 18214653 59.909864 10.749561 79385 1021
1296390790 18215832 59.909879 10.74953 60192 1179
1296390791 18216842 59.909915 10.749396 60192 1010
1296390792 18217852 59.909939 10.749311 61560 1010
1296390793 18218892 59.909939 10.749311 148847 1040
1296390794 18219893 59.909987 10.74909 207719 1001
1296390795 18220902 59.910007 10.748949 192569 1009
1296390796 18221912 59.910007 10.748949 164015 1010
1296390797 18222913 59.910056 10.748672 176821 1001
1296390798 18223932 59.91008 10.748535 180218 1019
1296390799 18224933 59.91008 10.748535 177100 1001
1296390800 18225942 59.910139 10.748264 212643 1009
1296390801 18226943 59.910189 10.748116 247751 1001
1296390802 18227952 59.910189 10.748116 262274 1009
1296390803 18228953 59.910261 10.747886 251178 1001
1296390804 18230072 59.9103 10.747809 217101 1119
1296390805 18231114 59.9103 10.747809 235117 1042
1296390806 18232122 59.910349 10.747699 258520 1008
1296390807 18233133 59.910363 10.747685 349909 1011
1296390808 18234134 59.910363 10.747685 366587 1001
1296390809 18235135 59.910383 10.747691 292086 1001
1296390810 18236252 59.910383 10.747691 104932 1117
1296390811 18237253 59.910395 10.747695 269496 1001
1296390812 18238262 59.910403 10.747698 268933 1009
1296390813 18239263 59.910403 10.747698 287150 1001
1296390814 18240272 59.910403 10.747698 265332 1009
1296390815 18241321 59.910405 10.747705 214420 1049
1296390817 18242332 59.910409 10.747719 195624 1011
1296390818 18243541 59.910409 10.747719 146286 1209
1296390819 18244542 59.910416 10.747722 195624 1001
1296390820 18245579 59.91043 10.747708 215567 1037
1296390821 18246581 59.910431 10.747691 262656 1002
1296390822 18247582 59.91044 10.747676 215216 1001
1296390823 18248592 59.910457 10.747627 270864 1010
1296390824 18249612 59.910484 10.747546 175803 1020
1296390825 18250621 59.910523 10.747468 142272 1009
1296390826 18251692 59.910562 10.747352 70349 1071
1296390827 18252702 59.910605 10.747221 112176 1010
1296390828 18253711 59.910661 10.747094 188487 1009
1296390829 18254712 59.910701 10.74696 236664 1001
1296390830 18255722 59.910751 10.746812 200281 1010
1296390831 18256723 59.910789 10.746658 177626 1001
1296390832 18257741 59.910825 10.746485 220628 1018
1296390833 18258751 59.910868 10.746316 269496 1010
1296390834 18259761 59.910945 10.745954 141612 1010
1296390835 18260902 59.910945 10.745954 97128 1141
1296390836 18262112 59.91102 10.745627 151637 1210
1296390837 18263131 59.911048 10.745452 125856 1019
1296390838 18264132 59.911048 10.745452 146195 1001
1296390839 18265151 59.91111 10.745122 206341 1019
1296390840 18266152 59.911141 10.744949 230624 1001
1296390841 18267241 59.911141 10.744949 345374 1089
1296390842 18268252 59.911212 10.744643 294498 1011
1296390844 18269361 59.91125 10.744492 335315 1109
1296390845 18270362 59.911286 10.744358 313697 1001
1296390846 18271452 59.911309 10.744221 344176 1090
1296390847 18272501 59.911344 10.744105 273748 1049
1296390848 18273502 59.91137 10.743985 266760 1001
1296390849 18274521 59.911393 10.743865 239906 1019
1296390850 18275522 59.911414 10.743763 192825 1001
1296390851 18276531 59.911424 10.743693 239400 1009
1296390852 18277534 59.911437 10.743626 154584 1003
1296390853 18278541 59.91144 10.743591 101705 1007
1296390854 18279542 59.911446 10.743559 171000 1001
1296390855 18280551 59.911443 10.743542 205479 1009
1296390856 18281552 59.911446 10.743545 248976 1001
1296390857 18282562 59.911457 10.743513 221616 1010
1296390858 18283574 59.911475 10.743485 169967 1012
1296390859 18284651 59.911488 10.743418 153514 1077
1296390860 18285661 59.911515 10.743337 166896 1010
1296390861 18286701 59.911538 10.743217 82080 1040
1296390862 18287781 59.911558 10.743115 57002 1080
1296390863 18288792 59.911616 10.742876 132696 1011
1296390864 18289961 59.911645 10.742739 324344 1169
1296390865 18290971 59.911645 10.742739 309168 1010
1296390866 18291972 59.911713 10.742468 269736 1001
1296390867 18292991 59.911741 10.742331 313272 1019
1296390868 18293598 59.911741 10.742331 175104 607
