1285837104 175641 59.909491 10.749136 253080 1010
1285837105 176642 59.909491 10.749136 259120 1001
1285837106 177650 59.909491 10.749136 307000 1008
1285837107 178651 59.909491 10.749136 332424 1001
1285837108 179652 59.909491 10.749136 326152 1001
1285837109 180661 59.909491 10.749136 338464 1009
1285837110 181672 59.909491 10.749136 341200 1011
1285837111 182680 59.909491 10.749136 371296 1008
1285837112 183701 59.909486 10.749136 357616 1021
1285837113 184702 59.909486 10.749136 333792 1001
1285837114 185710 59.909486 10.749136 300160 1008
1285837115 186720 59.909486 10.749136 311104 1010
1285837116 187721 59.909486 10.749136 289216 1001
1285837117 188722 59.909486 10.749136 348840 1001
1285837118 189731 59.909486 10.749136 339832 1009
1285837119 190740 59.909486 10.749136 328888 1009
1285837120 191741 59.909486 10.749136 352144 1001
1285837121 192750 59.909486 10.749136 335728 1009
1285837122 193780 59.909486 10.749136 317944 1030
1285837123 194781 59.909486 10.749136 354312 1001
1285837124 195782 59.909486 10.749136 315208 1001
1285837125 196790 59.909486 10.749136 337096 1008
1285837126 197800 59.909486 10.749136 346672 1010
1285837127 198801 59.909491 10.749136 368560 1001
1285837128 199810 59.909491 10.749136 332992 1009
1285837129 200820 59.909491 10.749136 373464 1010
1285837130 201821 59.90949 10.749154 334360 1001
1285837131 202830 59.909482 10.74915 323413 1009
1285837132 203831 59.909486 10.74915 275539 1001
1285837133 204840 59.909486 10.74915 283176 1009
1285837134 205860 59.909486 10.74915 141472 1020
1285837135 207080 59.909486 10.74915 71136 1220
1285837136 208090 59.909485 10.749168 252280 1010
1285837137 209091 59.909485 10.749168 325584 1001
1285837138 210100 59.909489 10.749168 322048 1009
1285837139 211110 59.909489 10.749168 256384 1010
1285837140 212120 59.909497 10.749171 257184 1010
1285837141 213130 59.909497 10.749171 146944 1010
1285837142 214140 59.909496 10.749189 265392 1010
1285837143 215141 59.9095 10.749189 231760 1001
1285837144 216150 59.9095 10.749189 241336 1009
1285837145 217151 59.9095 10.749189 302328 1001
1285837146 218159 59.9095 10.749189 309736 1008
1285837147 219170 59.909499 10.749206 327520 1011
1285837148 220171 59.909499 10.749206 300160 1001
1285837149 221172 59.909499 10.749206 361152 1001
1285837150 222180 59.909503 10.749206 301528 1008
1285837151 223190 59.909503 10.749206 285112 1010
1285837152 224191 59.909503 10.749206 304264 1001
1285837153 225192 59.909503 10.749206 325584 1001
1285837154 226200 59.909503 10.749206 297424 1008
1285837155 227201 59.909502 10.749224 302896 1001
1285837156 228210 59.909502 10.749224 283744 1009
1285837157 229220 59.909502 10.749224 216144 1010
1285837158 230229 59.909502 10.749224 213976 1009
1285837159 231250 59.909502 10.749224 232560 1021
1285837160 232260 59.909509 10.749227 190720 1010
1285837161 233269 59.909509 10.749227 202464 1009
1285837162 234280 59.909509 10.749227 166096 1011
1285837163 235289 59.909512 10.749245 269496 1009
1285837164 236300 59.909512 10.749245 219448 1011
1285837165 237301 59.909512 10.749245 253080 1001
1285837166 238310 59.909512 10.749245 222184 1009
1285837167 239350 59.909512 10.749245 245440 1040
1285837168 240351 59.909512 10.749245 265392 1001
1285837169 241360 59.909512 10.749245 250912 1009
1285837170 242370 59.909512 10.749245 261288 1010
1285837171 243380 59.909511 10.749262 241336 1010
1285837172 244390 59.909515 10.749262 274168 1010
1285837173 245410 59.909515 10.749262 253080 1020
1285837174 246420 59.909515 10.749262 237232 1010
1285837175 247440 59.909523 10.749266 267328 1020
1285837176 248450 59.909523 10.749266 284544 1010
1285837177 249451 59.909523 10.749266 215344 1001
1285837178 250460 59.909523 10.749266 259920 1009
1285837179 251469 59.909523 10.749266 223552 1009
1285837181 252551 59.909522 10.749283 241336 1082
1285837182 253559 59.909522 10.749283 269496 1008
1285837183 254560 59.909522 10.749283 249544 1001
1285837184 255610 59.909522 10.749283 301528 1050
1285837185 256620 59.909529 10.749287 316008 1009
1285837186 257621 59.909529 10.749287 265960 1001
1285837187 258630 59.909529 10.749287 349408 1009
1285837188 259631 59.909529 10.749287 298792 1001
1285837189 260639 59.909529 10.749287 346104 1008
1285837190 261640 59.909529 10.749287 309736 1001
1285837191 262641 59.909529 10.749287 312473 1001
1285837192 263650 59.909529 10.749287 341200 1009
1285837193 264659 59.909537 10.74929 330256 1009
1285837194 265752 59.909537 10.74929 217512 1093
1285837195 266800 59.909537 10.74929 212608 1048
1285837196 267809 59.909537 10.74929 243504 1008
1285837197 268820 59.909537 10.74929 224920 1011
1285837198 269821 59.909537 10.74929 255816 1001
1285837199 270832 59.909537 10.74929 272800 1011
1285837200 271835 59.909537 10.74929 293320 1003
1285837201 272889 59.909545 10.749293 324784 1054
1285837202 273890 59.909545 10.749293 227088 1001
1285837203 274891 59.909545 10.749293 308368 1001
1285837204 275901 59.909545 10.749293 327520 1010
1285837205 276902 59.909545 10.749293 288648 1001
1285837206 277909 59.909545 10.749293 242704 1007
1285837207 278910 59.909545 10.749293 245440 1001
1285837208 279919 59.909545 10.749293 306432 1009
1285837209 280929 59.909545 10.749293 311104 1010
1285837210 281930 59.909545 10.749293 312472 1001
1285837211 282940 59.909552 10.749297 323416 1010
1285837212 283941 59.909552 10.749297 351576 1001
1285837213 284942 59.909552 10.749297 291952 1001
1285837214 285949 59.909552 10.749297 260488 1007
1285837215 286950 59.909552 10.749297 266760 1001
1285837216 287959 59.909557 10.749297 317944 1009
1285837217 288969 59.909557 10.749297 302896 1010
1285837218 289970 59.909557 10.749297 304264 1001
1285837219 291029 59.909557 10.749297 335728 1059
1285837220 292030 59.909557 10.749297 339264 1001
1285837221 293031 59.909557 10.749297 289215 1001
1285837222 294040 59.909557 10.749297 268696 1009
1285837223 295168 59.909557 10.749297 330256 1128
1285837224 296169 59.909557 10.749297 351576 1001
1285837225 297180 59.909557 10.749297 297424 1011
1285837226 298199 59.909557 10.749297 301528 1019
1285837227 299200 59.909557 10.749297 300160 1001
1285837228 300209 59.909564 10.7493 346104 1009
1285837229 301210 59.909564 10.7493 312472 1001
1285837230 302211 59.909564 10.7493 249544 1001
1285837231 303220 59.909564 10.7493 308368 1009
1285837232 304221 59.909564 10.7493 340632 1001
1285837233 305230 59.909564 10.7493 328888 1009
1285837234 306231 59.909564 10.7493 357616 1001
1285837235 307240 59.909564 10.7493 375400 1009
1285837236 308249 59.909564 10.7493 353512 1009
1285837237 309250 59.909564 10.7493 354880 1001
1285837238 310259 59.909564 10.7493 368560 1009
1285837239 311339 59.909569 10.7493 379504 1080
1285837240 312340 59.909569 10.7493 392616 1001
1285837241 313348 59.909569 10.7493 265960 1008
1285837242 314352 59.909569 10.7493 252280 1004
1285837243 315359 59.909569 10.7493 285912 1007
1285837244 316369 59.909569 10.7493 213976 1010
1285837245 317380 59.909569 10.7493 252261 1011
1285837246 318381 59.909569 10.7493 272232 1001
1285837254 325856 59.909569 10.7493 111395 7475
1285837255 326867 59.909569 10.7493 188616 1011
1285837256 327876 59.909576 10.749303 248345 1009
1285837257 328877 59.909576 10.749303 274968 1001
1285837258 329887 59.909576 10.749303 256384 1010
1285837259 330896 59.909576 10.749303 190152 1009
1285837260 331907 59.909576 10.749303 153784 1011
1285837261 332916 59.909576 10.749303 136800 1009
1285837262 333917 59.909576 10.749303 139536 1001
1285837263 334926 59.909576 10.749303 138736 1009
1285837264 335936 59.909576 10.749303 196992 1010
1285837265 336956 59.909576 10.749303 79344 1020
1285837266 337966 59.909576 10.749303 68968 1010
1285837267 339176 59.909576 10.749303 93024 1210
1285837268 340177 59.909576 10.749303 280440 1001
1285837269 341178 59.909576 10.749303 300160 1001
1285837270 342186 59.909576 10.749303 300160 1008
1285837271 343187 59.909576 10.749303 253648 1001
1285837272 344196 59.909576 10.749303 285912 1009
1285837273 345197 59.909576 10.749303 271432 1001
1285837274 346206 59.909576 10.749303 282376 1009
1285837275 347216 59.909576 10.749303 279072 1010
1285837276 348217 59.909576 10.749303 234496 1001
1285837277 349218 59.909576 10.749303 271432 1001
1285837278 350226 59.909575 10.749321 222984 1008
1285837279 351246 59.909575 10.749321 95760 1020
1285837280 352256 59.909575 10.749321 137368 1010
1285837281 353276 59.909575 10.749321 274968 1020
1285837282 354436 59.909575 10.749321 78544 1160
1285837283 355441 59.909575 10.749321 253080 1005
1285837284 356446 59.909575 10.749321 183880 1005
1285837285 357456 59.909575 10.749321 205200 1010
1285837286 358457 59.909575 10.749321 194824 1001
1285837287 359476 59.909575 10.749321 255816 1019
1285837288 360486 59.909575 10.749321 256384 1010
1285837289 361487 59.909575 10.749321 265392 1001
1285837290 362496 59.909575 10.749321 156520 1009
1285837291 363497 59.909575 10.749321 238032 1001
1285837292 364506 59.909575 10.749321 219448 1009
1285837293 365516 59.909575 10.749321 242704 1010
1285837294 366517 59.909575 10.749321 269496 1001
1285837295 367526 59.909575 10.749321 239968 1009
1285837296 368536 59.90957 10.749321 262656 1010
1285837298 369546 59.90957 10.749321 179775 1010
1285837299 370554 59.90957 10.749321 235296 1008
1285837300 371556 59.90957 10.749321 178408 1002
1285837301 372586 59.90957 10.749321 140904 1030
1285837302 373596 59.90957 10.749321 87552 1010
1285837303 374606 59.90957 10.749321 107272 1010
1285837304 375646 59.90957 10.749321 124488 1040
1285837305 376666 59.90957 10.749321 38304 1020
1285837306 377696 59.90957 10.749321 58824 1030
1285837307 378708 59.90957 10.749321 115480 1012
1285837308 379716 59.90957 10.749321 91656 1008
1285837309 380746 59.90957 10.749321 41040 1030
1285837310 381755 59.90957 10.749321 36936 1009
1285837311 382765 59.90957 10.749321 75240 1010
1285837312 383776 59.90957 10.749321 91656 1011
1285837313 384796 59.90957 10.749321 73072 1020
1285837314 385806 59.90957 10.749321 120384 1010
1285837315 386816 59.909563 10.749318 109440 1010
1285837316 387845 59.909563 10.749318 101248 1029
1285837317 389186 59.909563 10.749318 77160 1341
1285837318 390436 59.909563 10.749318 106704 1250
1285837319 391446 59.909563 10.749318 138168 1010
1285837320 392455 59.909561 10.749335 119016 1009
1285837321 393466 59.909561 10.749335 148312 1011
1285837322 394476 59.909561 10.749335 145008 1010
1285837323 395486 59.909561 10.749335 136800 1010
1285837324 396495 59.909558 10.749332 116848 1009
1285837325 397496 59.909558 10.749332 114912 1001
1285837327 398595 59.909558 10.749332 120384 1099
1285837328 399606 59.909558 10.749332 156520 1011
1285837329 400615 59.909557 10.749349 203832 1009
1285837330 401636 59.909557 10.749349 129160 1021
1285837331 402646 59.909557 10.749349 190152 1010
1285837332 403647 59.909557 10.749349 234496 1001
1285837333 404656 59.909557 10.749349 322848 1009
1285837334 405658 59.909557 10.749349 357616 1002
1285837335 406666 59.909557 10.749349 434224 1008
1285837336 407667 59.909557 10.749349 356248 1001
1285837337 408676 59.909557 10.749349 319312 1009
1285837338 409686 59.909552 10.749349 309733 1010
1285837339 410695 59.909552 10.749349 296856 1009
1285837340 411697 59.909552 10.749349 267331 1002
1285837341 412708 59.909552 10.749349 342568 1011
1285837342 413715 59.909552 10.749349 271432 1007
1285837343 414716 59.909552 10.749349 387144 1001
1285837344 415717 59.909545 10.749346 389080 1001
1285837345 416725 59.909545 10.749346 428752 1008
1285837346 417726 59.909545 10.749346 367193 1001
1285837347 418736 59.909545 10.749346 343936 1010
1285837348 419745 59.909545 10.749346 293320 1009
1285837349 420746 59.909545 10.749346 259120 1001
1285837350 421765 59.909545 10.749346 250344 1019
1285837351 422795 59.909545 10.749346 131896 1030
1285837352 423796 59.909543 10.749364 212040 1001
1285837353 425015 59.909543 10.749364 197560 1219
1285837354 426016 59.909543 10.749364 240768 1001
1285837355 427025 59.909543 10.749364 215344 1009
1285837356 428035 59.909539 10.749364 225720 1010
1285837357 429045 59.909539 10.749364 145576 1010
1285837358 430056 59.909539 10.749364 186048 1011
1285837359 431057 59.909539 10.749364 343936 1001
1285837360 432066 59.909539 10.749364 317944 1009
1285837361 433068 59.909539 10.749364 321480 1002
1285837362 434076 59.909539 10.749364 264592 1008
1285837363 435085 59.909539 10.749364 252280 1009
1285837364 436086 59.909539 10.749364 253080 1001
1285837365 437087 59.909539 10.749364 183880 1001
1285837366 438095 59.909534 10.749364 155952 1008
1285837367 439105 59.909534 10.749364 105336 1010
1285837368 440208 59.909534 10.749364 16384 1103
1285837369 441215 59.909534 10.749364 240000 1006
1285837370 442216 59.909536 10.749346 245440 1001
1285837371 443225 59.909536 10.749346 177840 1009
1285837372 444227 59.909531 10.749346 187416 1002
1285837373 445235 59.909531 10.749346 187984 1008
1285837374 446245 59.909531 10.749346 196992 1010
1285837375 447246 59.909531 10.749346 172936 1001
1285837376 448247 59.909531 10.749346 281008 1001
1285837377 449255 59.909527 10.749346 281808 1008
1285837378 450256 59.909527 10.749346 253648 1001
1285837379 451257 59.909527 10.749346 290584 1001
1285837380 452258 59.909527 10.749346 331056 1001
1285837381 453265 59.909522 10.749346 369928 1007
1285837382 454275 59.909522 10.749346 260487 1010
1285837383 455276 59.909522 10.749346 246240 1001
1285837384 456295 59.909522 10.749346 211240 1019
1285837385 457296 59.909524 10.749328 231760 1001
1285837386 458305 59.909531 10.749332 292752 1009
1285837387 459306 59.909531 10.749332 293320 1001
1285837388 460307 59.909547 10.749338 244072 1001
1285837389 461315 59.909547 10.749338 250344 1008
1285837390 462325 59.909551 10.749324 224920 1010
1285837391 463335 59.909551 10.749324 277704 1010
1285837392 464345 59.909551 10.749324 300160 1010
1285837393 465355 59.909548 10.749307 249544 1010
1285837394 466365 59.90956 10.74931 236664 1010
1285837396 467630 59.90956 10.74931 67600 1265
1285837397 468635 59.909568 10.749313 354312 1005
1285837398 469645 59.909578 10.749334 335728 1010
1285837399 470654 59.909595 10.749338 237232 1009
1285837400 471674 59.909595 10.749338 195624 1020
1285837401 472685 59.9096 10.749338 98496 1011
1285837402 473694 59.909612 10.749341 86752 1009
1285837403 474966 59.909616 10.749341 64296 1272
1285837404 475974 59.909616 10.749341 125856 1008
1285837405 476975 59.909616 10.749341 124488 1001
1285837406 477984 59.909621 10.749341 71704 1009
1285837407 478985 59.909625 10.749341 124488 1001
1285837408 479995 59.909625 10.749341 128592 1010
1285837409 481094 59.90963 10.749341 99064 1099
1285837410 482105 59.909634 10.749341 186048 1011
1285837411 483115 59.909639 10.749341 264592 1010
1285837412 484116 59.909639 10.749341 320112 1001
1285837413 485124 59.909643 10.749341 255016 1008
1285837414 486125 59.909655 10.749344 276904 1001
1285837415 487126 59.90966 10.749344 333792 1001
1285837416 488127 59.90966 10.749344 300160 1001
1285837417 489135 59.90966 10.749344 256384 1008
1285837418 490184 59.909664 10.749344 264592 1049
1285837419 491185 59.909669 10.749344 307800 1001
1285837420 492186 59.909669 10.749344 328888 1001
1285837421 493187 59.909675 10.749327 305633 1001
1285837422 494214 59.909679 10.749327 286480 1027
1285837423 495215 59.909684 10.749327 264024 1001
1285837424 496216 59.909684 10.749327 271432 1001
1285837425 497235 59.909688 10.749327 285112 1019
1285837426 498236 59.909688 10.749327 320112 1001
1285837427 499237 59.909693 10.749327 409600 1001
1285837428 500244 59.909693 10.749327 431488 1007
1285837429 501245 59.909694 10.749309 409600 1001
1285837430 502246 59.909706 10.749312 432856 1001
1285837431 503247 59.909706 10.749312 466256 1001
1285837432 504335 59.909706 10.749312 397288 1088
1285837433 505336 59.909711 10.749312 399456 1001
1285837434 506339 59.909711 10.749312 353512 1003
1285837435 507344 59.909715 10.749312 339832 1005
1285837436 508346 59.909715 10.749312 315208 1002
1285837437 509384 59.90972 10.749312 218880 1038
1285837438 510444 59.909721 10.749295 26560 1060
1285837439 511454 59.909733 10.749298 265392 1010
1285837440 512455 59.909733 10.749298 349408 1001
1285837441 513456 59.909738 10.749298 356248 1001
1285837442 514464 59.909742 10.749298 400024 1008
1285837443 515474 59.909747 10.749298 348040 1010
1285837444 516475 59.909747 10.749298 339832 1001
1285837445 517485 59.909751 10.749298 460216 1010
1285837446 518487 59.909751 10.749298 426016 1002
1285837447 519494 59.909756 10.749298 431488 1007
1285837448 520495 59.909756 10.749298 332992 1001
1285837449 521515 59.90976 10.749298 344736 1020
1285837450 522516 59.90976 10.749298 298792 1001
1285837451 523535 59.909765 10.749298 331624 1019
1285837453 524555 59.909765 10.749298 326152 1020
1285837454 525564 59.909765 10.749298 350776 1009
1285837455 526634 59.909769 10.749298 356248 1070
1285837456 527635 59.909769 10.749298 406296 1001
1285837457 528684 59.909769 10.749298 412904 1049
1285837458 529685 59.909769 10.749298 472528 1001
1285837459 530686 59.909769 10.749298 369928 1001
1285837460 531694 59.909769 10.749298 343368 1008
1285837461 532695 59.909769 10.749298 304264 1001
1285837462 533697 59.909769 10.749298 293320 1002
1285837463 534708 59.909769 10.749298 320680 1011
1285837464 535714 59.909769 10.749298 340632 1006
1285837465 536724 59.909769 10.749298 305632 1010
1285837466 537725 59.909769 10.749298 305632 1001
1285837467 538734 59.909782 10.749302 294688 1009
1285837468 539735 59.909782 10.749302 295488 1001
1285837469 540736 59.909782 10.749302 249544 1001
1285837470 541744 59.909782 10.749302 261856 1008
1285837471 542745 59.909782 10.749302 303696 1001
1285837472 543746 59.909783 10.749284 259101 1001
1285837473 544754 59.909783 10.749284 200315 1008
1285837474 545774 59.909788 10.749284 276336 1020
1285837475 546775 59.909788 10.749284 271432 1001
1285837476 547784 59.9098 10.749287 279640 1009
1285837477 548785 59.9098 10.749287 300960 1001
1285837478 549794 59.909801 10.74927 244072 1009
1285837479 550804 59.909801 10.74927 260488 1010
1285837480 551814 59.909801 10.74927 254448 1010
1285837481 552825 59.909801 10.74927 189352 1011
1285837482 553844 59.909798 10.749266 194256 1019
1285837483 554864 59.909798 10.749266 83448 1020
1285837484 555873 59.909798 10.749266 112744 1009
1285837485 556883 59.909798 10.749266 157320 1010
1285837486 557884 59.909812 10.749252 150480 1001
1285837487 558905 59.909812 10.749252 82080 1021
1285837488 559924 59.909818 10.749273 45712 1019
1285837489 560943 59.909818 10.749273 76608 1019
1285837490 562304 59.90983 10.749276 62928 1361
1285837491 563307 59.909842 10.74928 16384 1003
1285837492 564312 59.909842 10.74928 583368 1004
1285837493 565327 59.909842 10.74928 201664 1015
1285837494 566343 59.909854 10.749283 125856 1016
1285837495 567353 59.909854 10.749283 99864 1010
1285837497 568844 59.909856 10.749266 64864 1491
1285837498 569853 59.909856 10.749266 83448 1009
1285837499 570879 59.909856 10.749266 31464 1026
1285837500 571943 59.909856 10.749266 15048 1064
1285837501 572953 59.909863 10.749269 79344 1010
1285837503 575354 59.909863 10.749269 4104 2401
1285837504 576373 59.909874 10.74929 75240 1019
1285837505 577423 59.909874 10.74929 77176 1050
1285837506 578425 59.909882 10.749293 106704 1002
1285837507 579433 59.909882 10.749293 134064 1008
1285837508 580463 59.909889 10.749296 168832 1030
1285837509 581464 59.909888 10.749314 119016 1001
1285837510 582473 59.909907 10.749321 120384 1009
1285837511 583493 59.909907 10.749321 161424 1020
1285837512 584504 59.909914 10.749342 145576 1011
1285837513 585513 59.909932 10.749366 146376 1009
1285837514 586523 59.909944 10.749408 113544 1010
1285837515 587533 59.909944 10.749408 81280 1010
1285837517 588553 59.909937 10.749443 135432 1020
1285837518 589583 59.909924 10.749495 146376 1030
1285837519 590593 59.909904 10.749527 122320 1010
1285837520 591613 59.909904 10.749527 135432 1020
1285837521 592624 59.909883 10.749577 157320 1011
1285837522 593638 59.909853 10.74964 123688 1014
1285837523 594643 59.909831 10.749707 123120 1005
1285837524 595653 59.909831 10.749707 140904 1010
1285837525 596654 59.909796 10.749771 137368 1001
1285837526 597673 59.909766 10.749834 171000 1019
1285837527 598693 59.909744 10.749901 99864 1020
1285837528 599708 59.909744 10.749901 76147 1015
1285837529 600713 59.909714 10.749965 106365 1005
1285837530 601744 59.909696 10.750031 105336 1031
1285837531 602753 59.909672 10.750116 131328 1009
1285837532 603754 59.909672 10.750116 159256 1001
1285837533 604763 59.909648 10.7502 128592 1009
1285837534 605783 59.909624 10.750285 114912 1020
1285837535 606793 59.909592 10.750366 79912 1010
1285837536 607803 59.909592 10.750366 87552 1010
1285837537 608833 59.909569 10.75045 90288 1030
1285837538 609843 59.909543 10.750552 84816 1010
1285837539 610853 59.909524 10.750637 86184 1010
1285837540 611863 59.909524 10.750637 77175 1010
1285837541 612883 59.909488 10.750718 98496 1020
1285837542 613893 59.909463 10.75082 131328 1010
1285837543 614903 59.909448 10.750943 127224 1010
1285837544 615913 59.909448 10.750943 140104 1010
1285837545 616923 59.909421 10.751063 119016 1010
1285837546 617924 59.909407 10.751185 132696 1001
1285837547 618943 59.909377 10.75134 138736 1019
1285837548 619952 59.909377 10.75134 164160 1009
1285837549 620963 59.90934 10.751492 159256 1011
1285837550 621983 59.909299 10.751678 147744 1020
1285837551 622993 59.909236 10.75184 143640 1010
1285837552 624003 59.909236 10.75184 133264 1010
1285837553 625013 59.909167 10.75202 143640 1010
1285837554 626032 59.909083 10.752193 165528 1019
1285837555 627042 59.9090171818182 10.752311 122320 1010
1285837556 628052 59.9089513636364 10.752429 138168 1010
1285837557 629053 59.9088855454545 10.752547 154584 1001
1285837558 630063 59.9088197272727 10.752665 136000 1010
1285837559 631064 59.9087539090909 10.752783 149112 1001
1285837560 632072 59.9086880909091 10.752901 128592 1008
1285837561 633073 59.9086222727273 10.753019 115480 1001
1285837562 634082 59.9085564545455 10.753137 151848 1009
1285837563 635083 59.9084906363636 10.753255 153216 1001
1285837564 636092 59.9084248181818 10.753373 125056 1009
1285837565 637093 59.908359 10.753491 150480 1001
1285837566 638112 59.908164 10.753719 136800 1019
1285837567 639122 59.907977 10.75395 123688 1010
1285837568 640132 59.907977 10.75395 160056 1010
1285837569 641133 59.907845 10.754162 165528 1001
1285837570 642153 59.907732 10.754381 101800 1020
1285837571 643172 59.907642 10.754625 132696 1019
1285837572 644173 59.907642 10.754625 151848 1001
1285837573 645183 59.907568 10.754857 159256 1010
1285837574 646212 59.907515 10.755111 145008 1029
1285837575 647223 59.907457 10.755364 101232 1011
1285837576 648232 59.907457 10.755364 115480 1009
1285837577 649244 59.907411 10.755621 95760 1012
1285837578 650252 59.907365 10.755877 101232 1008
1285837579 651262 59.907325 10.756155 116280 1010
1285837580 652263 59.907325 10.756155 100432 1001
1285837581 653272 59.907274 10.756412 109440 1009
1285837582 654282 59.907236 10.756672 109440 1010
1285837583 655292 59.90719 10.756928 119584 1010
1285837584 656312 59.90719 10.756928 110808 1020
1285837585 657322 59.907152 10.757188 128592 1010
1285837586 658332 59.907112 10.757466 146376 1010
1285837587 659333 59.907061 10.757723 172936 1001
1285837588 660342 59.907061 10.757723 216144 1009
1285837589 661343 59.907023 10.757983 181144 1001
1285837590 662344 59.906971 10.758257 179208 1001
1285837591 663352 59.906933 10.758517 141472 1008
1285837592 664362 59.906933 10.758517 155952 1010
1285837593 665372 59.906888 10.758756 147744 1010
1285837594 666383 59.906839 10.758995 156520 1011
1285837595 667392 59.906787 10.759231 158688 1009
1285837596 668412 59.906787 10.759231 149680 1020
1285837597 669417 59.906719 10.759446 164160 1005
1285837598 670422 59.906658 10.759643 142272 1005
1285837599 671423 59.906583 10.759855 149680 1001
1285837600 672442 59.906583 10.759855 124488 1019
1285837601 673452 59.906499 10.760028 135432 1010
1285837602 674462 59.906421 10.760183 131896 1010
1285837603 675464 59.906319 10.760315 158688 1002
1285837604 676472 59.906319 10.760315 166896 1008
1285837605 677481 59.906224 10.760428 144208 1009
1285837606 678482 59.90612 10.760504 142272 1001
1285837607 679492 59.906005 10.760558 121752 1010
1285837608 680493 59.906005 10.760558 125056 1001
1285837609 681502 59.905896 10.760595 117648 1009
1285837610 682512 59.905784 10.760614 129960 1010
1285837611 683522 59.905677 10.760616 125056 1010
1285837612 684524 59.905677 10.760616 160056 1002
1285837613 685531 59.905564 10.760614 140904 1007
1285837615 686542 59.90546 10.760581 120952 1011
1285837616 687552 59.905359 10.76053 120384 1010
1285837617 688572 59.905359 10.76053 121752 1020
1285837618 689582 59.905249 10.760476 82080 1010
1285837619 690592 59.90514 10.760422 86752 1010
1285837620 691602 59.905039 10.760353 86184 1010
1285837621 692622 59.905039 10.760353 91656 1020
1285837622 693632 59.904931 10.760281 84816 1010
1285837623 694652 59.904835 10.760213 87552 1020
1285837624 695661 59.904727 10.760141 96328 1009
1285837625 696672 59.904727 10.760141 91656 1011
1285837626 697681 59.904618 10.760087 98496 1009
1285837627 698682 59.904502 10.76005 98496 1001
1285837628 699691 59.904393 10.759996 81280 1009
1285837629 700701 59.904393 10.759996 93024 1010
1285837630 701702 59.904283 10.759942 102600 1001
1285837631 702711 59.904171 10.75987 120384 1009
1285837632 703721 59.904054 10.759812 101800 1010
1285837633 704722 59.904054 10.759812 134064 1001
1285837634 705731 59.903941 10.75974 121752 1009
1285837635 706822 59.903824 10.759683 103168 1091
1285837636 707831 59.903702 10.759625 112176 1009
1285837637 708832 59.903702 10.759625 117648 1001
1285837638 709842 59.903592 10.759588 103968 1010
1285837639 710851 59.903475 10.759569 89488 1009
1285837640 711861 59.90335 10.759547 90288 1010
1285837641 712871 59.90335 10.759547 86184 1010
1285837642 713881 59.903229 10.759542 106704 1010
1285837643 714882 59.903109 10.759558 108072 1001
1285837644 715891 59.902982 10.759571 64864 1009
1285837645 716911 59.902982 10.759571 77976 1020
1285837646 717921 59.902853 10.759601 65664 1010
1285837647 718931 59.90273 10.759652 91656 1010
1285837648 719941 59.9026 10.7597 88920 1010
1285837649 720951 59.9026 10.7597 68968 1010
1285837650 721961 59.90248 10.759768 98496 1010
1285837651 722971 59.90236 10.759837 86184 1010
1285837652 723991 59.902233 10.759902 77976 1020
1285837653 725001 59.902233 10.759902 87552 1010
1285837654 726011 59.902114 10.759971 53920 1010
1285837655 727051 59.901994 10.760039 50616 1040
1285837656 728061 59.901874 10.760108 57456 1010
1285837657 729081 59.901874 10.760108 42408 1020
1285837658 730091 59.901767 10.76018 38304 1010
1285837659 731121 59.901659 10.760252 38304 1030
1285837660 732162 59.901552 10.760324 38304 1041
1285837661 733182 59.901552 10.760324 32832 1020
1285837662 734222 59.901453 10.760382 28728 1040
1285837663 735271 59.90136 10.760439 20520 1049
1285837664 736281 59.901273 10.7605 17784 1010
1285837665 737331 59.901273 10.7605 14248 1050
1285837666 738351 59.901196 10.760547 17784 1020
1285837667 739382 59.901131 10.760598 21888 1031
1285837668 740431 59.901076 10.760616 24624 1049
1285837669 741451 59.901076 10.760616 31464 1020
1285837670 742511 59.901019 10.760631 27360 1060
1285837671 743521 59.900972 10.760614 25992 1010
1285837673 744555 59.900935 10.760566 31464 1034
1285837674 745571 59.900935 10.760566 32832 1016
1285837675 746601 59.900898 10.760517 34200 1030
1285837676 747641 59.900884 10.760441 35568 1040
1285837677 748681 59.900875 10.760364 31464 1040
1285837678 749701 59.900875 10.760364 25992 1020
1285837679 750742 59.900856 10.760248 21888 1041
1285837680 751791 59.90085 10.760136 23256 1049
1285837681 752831 59.900828 10.760003 15616 1040
1285837682 753841 59.900828 10.760003 27360 1010
1285837683 754881 59.900799 10.759867 32832 1040
1285837684 755901 59.900771 10.759713 31464 1020
1285837685 756920 59.900737 10.759539 31464 1019
1285837686 757921 59.900737 10.759539 30096 1001
1285837687 758961 59.900698 10.759364 34200 1040
1285837688 759981 59.900665 10.759172 32832 1020
1285837689 761001 59.900619 10.758994 34200 1020
1285837690 762010 59.900619 10.758994 34200 1009
1285837691 763031 59.900573 10.758816 42408 1021
1285837692 764050 59.900516 10.758617 50616 1019
1285837693 765051 59.900456 10.758453 40240 1001
1285837694 766061 59.900456 10.758453 46512 1010
1285837695 767062 59.90039 10.758269 39672 1001
1285837696 768102 59.900311 10.758098 41040 1040
1285837697 769110 59.900222 10.757942 39672 1008
1285837698 770171 59.900222 10.757942 34200 1061
1285837699 771181 59.900135 10.757768 31464 1010
1285837700 772240 59.900034 10.757609 27360 1059
1285837701 773251 59.899933 10.757449 25992 1011
1285837702 774310 59.899933 10.757449 28728 1059
1285837703 775341 59.899823 10.757304 36936 1031
1285837704 776390 59.899722 10.757144 47080 1049
1285837705 777401 59.899608 10.756999 57456 1011
1285837706 778410 59.899608 10.756999 64296 1009
1285837707 779430 59.899485 10.756868 71136 1020
1285837708 780450 59.899375 10.756722 76608 1020
1285837709 781481 59.89925 10.756609 65664 1031
1285837710 782510 59.89925 10.756609 61560 1029
1285837711 783521 59.899127 10.756478 53920 1011
1285837713 784541 59.899002 10.756364 76608 1020
1285837714 785550 59.898872 10.756251 68400 1009
1285837715 786553 59.898872 10.756251 46512 1003
1285837716 787561 59.89874 10.756134 53352 1008
1285837717 788590 59.898609 10.756038 41040 1029
1285837718 789611 59.898475 10.755938 41040 1021
1285837719 791082 59.898475 10.755938 40240 1471
1285837720 792121 59.898335 10.755857 41040 1039
1285837721 793130 59.898194 10.755792 32832 1009
1285837722 794160 59.89806 10.755731 41040 1030
1285837723 795200 59.89806 10.755731 51984 1040
1285837724 796210 59.897916 10.755702 47880 1010
1285837725 797220 59.89777 10.755691 45144 1010
1285837726 798240 59.897632 10.755683 51984 1020
1285837727 799280 59.897632 10.755683 43776 1040
1285837728 800310 59.897492 10.755692 43776 1030
1285837729 801320 59.897351 10.755719 32032 1010
1285837730 802370 59.897204 10.755763 28728 1050
1285837731 803380 59.897204 10.755763 17784 1010
1285837732 804390 59.89705 10.755804 21888 1010
1285837733 805411 59.896915 10.755852 27360 1021
1285837734 806450 59.896779 10.755917 12312 1039
1285837735 807460 59.896779 10.755917 15048 1010
1285837736 808470 59.896641 10.756 25824 1010
1285837738 810375 59.896515 10.756086 16384 1905
1285837739 811410 59.896388 10.75619 98696 1035
1285837740 812420 59.896388 10.75619 24624 1010
1285837741 813440 59.896275 10.75628 20520 1020
1285837742 814530 59.89616 10.756387 16192 1090
1285837744 815640 59.896051 10.756515 18008 1110
1285837745 816660 59.896051 10.756515 13680 1020
1285837746 817690 59.895938 10.756657 17784 1030
1285837747 818820 59.895836 10.756806 10944 1130
1285837748 819900 59.89573 10.756951 8777 1080
1285837781 853142 59.89573 10.756951 4104 33242
1285837782 854152 59.895623 10.757114 73872 1010
1285837783 855162 59.895523 10.757281 157320 1010
1285837784 856163 59.895419 10.757447 307000 1001
1285837785 857165 59.895419 10.757447 462952 1002
1285837786 858167 59.895318 10.757631 527245 1002
1285837787 859303 59.895219 10.757797 508667 1136
1285837788 860304 59.895113 10.757981 502624 1001
1285837789 861305 59.895113 10.757981 598384 1001
1285837790 862322 59.895008 10.758127 537392 1017
1285837791 863323 59.894905 10.758275 498520 1001
1285837792 864333 59.894789 10.7584 527248 1010
1285837793 865387 59.894789 10.7584 529984 1054
1285837794 866393 59.894674 10.758507 421912 1006
1285837795 867394 59.894547 10.758611 493616 1001
1285837796 868413 59.894427 10.758679 561448 1019
1285837797 869422 59.894427 10.758679 558712 1009
1285837798 870423 59.894297 10.758727 497152 1001
1285837799 871424 59.894167 10.758775 422480 1001
1285837800 872443 59.894039 10.758788 505359 1019
1285837801 873444 59.894039 10.758788 534088 1001
1285837802 874445 59.893911 10.758818 538192 1001
1285837803 875446 59.89377 10.758845 537392 1001
1285837804 876447 59.893641 10.758875 553240 1001
1285837805 877452 59.893641 10.758875 482104 1005
1285837806 878454 59.893503 10.758919 521776 1002
1285837807 879462 59.893365 10.759002 526448 1008
1285837808 880473 59.893232 10.759085 579232 1011
1285837809 881482 59.893232 10.759085 542864 1009
1285837810 882483 59.893105 10.759189 539560 1001
1285837811 883484 59.892978 10.759292 546400 1001
1285837812 884486 59.892849 10.759414 528616 1002
1285837813 885492 59.892849 10.759414 490880 1006
1285837814 886494 59.892721 10.759535 464320 1002
1285837815 887495 59.892597 10.759656 462952 1001
1285837816 888502 59.892468 10.759777 449272 1007
1285837817 889503 59.892468 10.759777 441064 1001
1285837818 890504 59.892338 10.759916 493048 1001
1285837819 891505 59.892201 10.760052 471160 1001
1285837821 892612 59.892072 10.760173 437528 1107
1285837822 893614 59.892072 10.760173 487576 1001
1285837823 894622 59.891935 10.760308 501256 1008
1285837824 895623 59.891808 10.760465 499888 1001
1285837825 896681 59.891677 10.760621 557912 1058
1285837826 897682 59.891677 10.760621 468424 1001
1285837827 898683 59.891545 10.760777 427384 1001
1285837828 899692 59.891414 10.760934 517672 1009
1285837829 900693 59.891289 10.761111 536824 1001
1285837830 901721 59.891289 10.761111 507296 1028
1285837831 902722 59.891153 10.761267 560080 1001
1285837832 903723 59.891028 10.761444 534088 1001
1285837833 904752 59.890902 10.761622 545600 1029
1285837834 905754 59.890902 10.761622 490312 1001
1285837835 906755 59.890779 10.761781 457481 1001
1285837836 907756 59.890653 10.761959 443800 1001
1285837837 908757 59.890528 10.762136 384976 1001
1285837838 909761 59.890528 10.762136 461584 1004
1285837839 910772 59.890403 10.762313 524512 1011
1285837840 911773 59.89029 10.762494 456112 1001
1285837841 912775 59.890163 10.762688 401392 1002
1285837842 913781 59.890163 10.762688 391816 1006
1285837843 914782 59.890056 10.76289 390448 1001
1285837844 915783 59.889945 10.763105 510371 1001
1285837845 916784 59.889838 10.763307 416101 1001
1285837846 917786 59.889838 10.763307 512200 1002
1285837847 918790 59.88973 10.763526 512200 1004
1285837848 919792 59.889627 10.763727 577864 1002
1285837849 920793 59.889521 10.763929 475832 1001
1285837850 921794 59.889521 10.763929 607960 1001
1285837851 922795 59.889407 10.764109 473896 1001
1285837852 923801 59.889282 10.764286 394552 1006
1285837853 924811 59.889164 10.764429 280999 1010
1285837854 925812 59.889164 10.764429 298801 1001
1285837855 926821 59.889033 10.764585 316008 1009
1285837856 927833 59.888897 10.764703 257752 1012
1285837857 928841 59.888755 10.764838 261856 1008
1285837858 929852 59.888755 10.764838 350776 1011
1285837859 930861 59.888625 10.764977 305064 1009
1285837860 931871 59.888483 10.765112 144208 1010
1285837861 932872 59.888345 10.765248 250344 1001
1285837862 933881 59.888345 10.765248 244072 1009
1285837863 934892 59.888209 10.765404 191520 1011
1285837864 935893 59.888067 10.76554 163360 1001
1285837865 936901 59.887936 10.765696 196992 1008
1285837866 937902 59.887936 10.765696 211240 1001
1285837867 938911 59.8878 10.765852 217512 1009
1285837868 939921 59.887669 10.766008 186616 1010
1285837869 940922 59.887546 10.766151 270864 1001
1285837870 941931 59.887546 10.766151 264592 1009
1285837871 942932 59.887418 10.76631 239968 1001
1285837872 943933 59.887294 10.76647 228456 1001
1285837873 944941 59.887174 10.766594 207136 1008
1285837874 945952 59.887174 10.766594 253080 1011
1285837875 946953 59.887063 10.76674 245440 1001
1285837876 947961 59.886958 10.766871 266760 1008
1285837877 948962 59.886849 10.766999 256384 1001
1285837878 949973 59.886849 10.766999 261856 1011
1285837879 951040 59.88674 10.767127 308368 1067
1285837880 952042 59.886627 10.767255 325584 1001
1285837881 953061 59.886506 10.767379 259101 1019
1285837882 954071 59.886506 10.767379 234515 1010
1285837883 955072 59.886393 10.767507 320112 1001
1285837884 956073 59.886262 10.767611 293320 1001
1285837885 957081 59.886141 10.767735 349408 1008
1285837886 958082 59.886141 10.767735 368560 1001
1285837887 959101 59.886009 10.767839 441063 1019
1285837888 960111 59.88589 10.767946 356248 1010
1285837889 961112 59.88576 10.768032 439696 1001
1285837890 962121 59.88576 10.768032 410968 1009
1285837891 963122 59.885628 10.768136 376768 1001
1285837892 964151 59.885492 10.768201 331624 1029
1285837893 965161 59.885366 10.768287 342000 1009
1285837894 966162 59.885366 10.768287 361720 1001
1285837895 967171 59.885236 10.768373 297424 1009
1285837896 968181 59.885099 10.768456 274168 1010
1285837897 969241 59.884968 10.768542 363088 1060
1285837898 970242 59.884968 10.768542 355680 1001
1285837899 971251 59.884837 10.768646 349408 1009
1285837900 972252 59.884707 10.768732 230392 1001
1285837901 973253 59.884572 10.768832 290924 1001
1285837902 974260 59.884572 10.768832 306092 1007
1285837903 975261 59.884448 10.768939 267328 1001
1285837904 976262 59.884321 10.769043 300160 1001
1285837905 977263 59.884194 10.769146 299592 1001
1285837906 978270 59.884194 10.769146 282376 1007
1285837907 979271 59.884069 10.769271 279640 1001
1285837908 980471 59.883949 10.769378 315208 1200
1285837909 981480 59.883836 10.769506 317376 1009
1285837910 982481 59.883836 10.769506 265960 1001
1285837911 983491 59.883729 10.769616 289216 1010
1285837912 984500 59.88362 10.769744 336528 1009
1285837913 985501 59.883516 10.769858 274168 1001
1285837914 986510 59.883516 10.769858 265960 1009
1285837915 987511 59.883413 10.769968 364456 1001
1285837916 988512 59.883312 10.770099 410968 1001
1285837918 989552 59.883219 10.770234 343936 1040
1285837919 990740 59.883219 10.770234 406864 1188
1285837920 991742 59.883124 10.770347 523144 1001
1285837921 992743 59.883036 10.770464 525880 1001
1285837922 993744 59.882947 10.770599 488944 1001
1285837923 994745 59.882947 10.770599 515504 1001
1285837924 995750 59.88286 10.770716 557344 1005
1285837925 996753 59.882772 10.770833 505360 1003
1285837926 997755 59.882692 10.770953 408232 1002
1285837927 998761 59.882692 10.770953 413704 1006
1285837928 999771 59.882606 10.771053 415072 1010
1285837929 1000772 59.882534 10.771138 419176 1001
1285837930 1001780 59.882469 10.771226 446536 1008
1285837931 1002781 59.882469 10.771226 442432 1001
1285837932 1003810 59.882392 10.771312 482672 1029
1285837933 1004812 59.882328 10.771383 491680 1002
1285837934 1005821 59.882263 10.771471 417809 1009
1285837935 1006822 59.882263 10.771471 460216 1001
1285837936 1007831 59.882192 10.771539 428752 1009
1285837937 1008832 59.882115 10.771624 461584 1001
1285837938 1009833 59.882034 10.771724 482104 1001
1285837939 1010840 59.882034 10.771724 435592 1007
1285837940 1011851 59.881948 10.771823 339832 1011
1285837941 1012852 59.881856 10.77194 404128 1001
1285837942 1013853 59.881761 10.772054 382240 1001
1285837943 1014860 59.881761 10.772054 368560 1007
1285837944 1015870 59.881664 10.772185 376768 1010
1285837945 1016871 59.881563 10.772316 316576 1001
1285837946 1017880 59.88146 10.772465 352944 1009
1285837947 1018881 59.88146 10.772465 346672 1001
1285837948 1019882 59.881356 10.772593 487115 1001
1285837949 1020883 59.881247 10.77272 418834 1001
1285837950 1021940 59.881142 10.772866 402763 1057
1285837951 1023011 59.881142 10.772866 409600 1071
1285837952 1024030 59.881038 10.772994 408232 1019
1285837953 1025072 59.880927 10.773139 410968 1042
1285837954 1026073 59.880823 10.773267 514936 1001
1285837955 1027080 59.880823 10.773267 542295 1007
1285837956 1028082 59.880713 10.773412 447904 1002
1285837957 1029090 59.880601 10.773537 423280 1008
1285837958 1030091 59.880495 10.773682 426016 1001
1285837959 1031101 59.880495 10.773682 438328 1010
1285837960 1032110 59.880391 10.77381 420544 1009
1285837961 1033130 59.880279 10.773934 473096 1020
1285837962 1034131 59.880163 10.774059 446536 1001
1285837963 1035132 59.880163 10.774059 545032 1001
1285837964 1036151 59.880051 10.774183 646832 1019
1285837965 1037161 59.879935 10.774308 595648 1010
1285837966 1038170 59.879818 10.774432 631784 1009
1285837967 1039171 59.879818 10.774432 609328 1001
1285837968 1040179 59.879702 10.774557 619472 1008
1285837969 1041180 59.879578 10.774678 613432 1001
1285837970 1042181 59.879462 10.774803 495784 1001
1285837971 1043182 59.879462 10.774803 361720 1001
1285837972 1044190 59.879327 10.774903 330256 1008
1285837973 1045191 59.879199 10.775024 286480 1001
1285837974 1046200 59.879072 10.775128 337896 1009
1285837975 1047209 59.879072 10.775128 302896 1009
1285837976 1048210 59.878946 10.775214 313840 1001
1285837977 1049211 59.87882 10.7753 350776 1001
1285837978 1050240 59.878683 10.775382 294688 1029
1285837979 1051249 59.878683 10.775382 350208 1009
1285837980 1052260 59.878554 10.775451 456112 1011
1285837981 1053261 59.878424 10.775499 364456 1001
1285837982 1054269 59.878287 10.775564 326152 1008
1285837983 1055280 59.878287 10.775564 327520 1011
1285837984 1056300 59.878151 10.775629 304264 1020
1285837985 1057390 59.878016 10.775677 330256 1090
1285837986 1058460 59.87788 10.775742 408213 1069
1285837987 1059461 59.87788 10.775742 335160 1001
1285837988 1060470 59.877744 10.775807 197579 1009
1285837989 1061471 59.877617 10.775858 393184 1001
1285837990 1062472 59.877487 10.775944 339832 1001
1285837991 1063480 59.877487 10.775944 352944 1008
1285837992 1064489 59.87735 10.776009 256384 1009
1285837993 1065490 59.877206 10.776071 279640 1001
1285837994 1066499 59.877069 10.776154 294120 1009
1285837995 1067509 59.877069 10.776154 260488 1010
